100 Users
34 Files
2000 Transactions
2 Maximum Connections
1 Cycle Length per Upload-Download
0 Warm-up Transactions
0.400000 Zipf constant
5 Pre-Trusted Users
80 Well-Behaved (Good) Users
20 Purely Malicious Users
0 Feedback Skewing Users
0 Malignant Providing Users
0 Disguised Malicous Users
0 Sybil Attack Users
true Intelligent Trans. Generation
1561006550732 Trace Generation Seed

(0.019277,0.000000,1,false)
(0.054445,0.000000,1,false)
(0.097316,0.000000,1,false)
(0.014652,0.000000,1,false)
(0.029227,0.000000,1,false)
(0.062528,0.000000,1,false)
(0.021134,0.000000,1,false)
(0.017062,0.000000,1,false)
(0.089464,0.000000,1,false)
(0.078597,0.000000,1,false)
(0.039579,0.000000,1,false)
(0.075029,0.000000,1,false)
(0.023467,0.000000,1,false)
(0.040181,0.000000,1,false)
(0.001951,0.000000,1,false)
(0.072239,0.000000,1,false)
(0.029119,0.000000,1,false)
(0.049599,0.000000,1,false)
(0.098742,0.000000,1,false)
(0.064972,0.000000,1,false)
(0.978889,1.000000,0,true)
(0.924679,1.000000,0,true)
(0.987874,1.000000,0,true)
(0.981418,1.000000,0,true)
(0.920550,1.000000,0,true)
(0.929341,1.000000,0,false)
(0.960582,1.000000,0,false)
(0.925765,1.000000,0,false)
(0.973914,1.000000,0,false)
(0.929767,1.000000,0,false)
(0.905227,1.000000,0,false)
(0.927186,1.000000,0,false)
(0.962235,1.000000,0,false)
(0.991644,1.000000,0,false)
(0.967940,1.000000,0,false)
(0.939364,1.000000,0,false)
(0.982653,1.000000,0,false)
(0.959693,1.000000,0,false)
(0.952498,1.000000,0,false)
(0.997457,1.000000,0,false)
(0.911894,1.000000,0,false)
(0.962616,1.000000,0,false)
(0.985434,1.000000,0,false)
(0.968107,1.000000,0,false)
(0.954027,1.000000,0,false)
(0.930297,1.000000,0,false)
(0.924460,1.000000,0,false)
(0.925863,1.000000,0,false)
(0.996820,1.000000,0,false)
(0.913078,1.000000,0,false)
(0.935660,1.000000,0,false)
(0.909102,1.000000,0,false)
(0.916559,1.000000,0,false)
(0.943669,1.000000,0,false)
(0.936698,1.000000,0,false)
(0.995134,1.000000,0,false)
(0.916396,1.000000,0,false)
(0.979736,1.000000,0,false)
(0.996925,1.000000,0,false)
(0.917687,1.000000,0,false)
(0.900415,1.000000,0,false)
(0.909715,1.000000,0,false)
(0.900803,1.000000,0,false)
(0.930325,1.000000,0,false)
(0.974531,1.000000,0,false)
(0.995659,1.000000,0,false)
(0.918475,1.000000,0,false)
(0.996622,1.000000,0,false)
(0.926220,1.000000,0,false)
(0.965131,1.000000,0,false)
(0.986566,1.000000,0,false)
(0.961999,1.000000,0,false)
(0.967745,1.000000,0,false)
(0.949215,1.000000,0,false)
(0.983475,1.000000,0,false)
(0.933170,1.000000,0,false)
(0.932168,1.000000,0,false)
(0.995639,1.000000,0,false)
(0.986427,1.000000,0,false)
(0.958982,1.000000,0,false)
(0.987904,1.000000,0,false)
(0.964824,1.000000,0,false)
(0.922471,1.000000,0,false)
(0.971185,1.000000,0,false)
(0.985874,1.000000,0,false)
(0.942350,1.000000,0,false)
(0.972382,1.000000,0,false)
(0.905311,1.000000,0,false)
(0.973580,1.000000,0,false)
(0.973894,1.000000,0,false)
(0.955064,1.000000,0,false)
(0.980309,1.000000,0,false)
(0.902480,1.000000,0,false)
(0.948115,1.000000,0,false)
(0.910610,1.000000,0,false)
(0.970967,1.000000,0,false)
(0.919016,1.000000,0,false)
(0.919296,1.000000,0,false)
(0.912539,1.000000,0,false)
(0.959401,1.000000,0,false)

(0,0,false)
(1,0,false)
(3,0,false)
(5,0,false)
(7,0,false)
(8,0,false)
(9,0,false)
(10,0,false)
(11,0,false)
(12,0,false)
(13,0,false)
(15,0,false)
(17,0,false)
(18,0,false)
(19,0,false)
(21,0,true)
(22,0,true)
(23,0,true)
(24,0,true)
(25,0,true)
(26,0,true)
(27,0,true)
(29,0,true)
(31,0,true)
(33,0,true)
(34,0,false)
(35,0,true)
(36,0,true)
(37,0,true)
(40,0,true)
(41,0,true)
(42,0,true)
(43,0,true)
(44,0,true)
(45,0,true)
(46,0,true)
(49,0,true)
(51,0,true)
(52,0,false)
(53,0,true)
(54,0,true)
(55,0,true)
(56,0,true)
(57,0,true)
(59,0,true)
(61,0,false)
(62,0,true)
(63,0,true)
(64,0,false)
(65,0,true)
(66,0,false)
(69,0,true)
(70,0,true)
(71,0,true)
(72,0,true)
(73,0,true)
(75,0,true)
(76,0,true)
(77,0,true)
(78,0,true)
(79,0,true)
(80,0,true)
(81,0,true)
(83,0,true)
(86,0,true)
(87,0,true)
(88,0,true)
(89,0,true)
(90,0,true)
(91,0,true)
(92,0,true)
(93,0,false)
(94,0,true)
(95,0,true)
(96,0,true)
(97,0,true)
(98,0,true)
(0,1,false)
(2,1,false)
(3,1,false)
(4,1,false)
(6,1,false)
(8,1,false)
(9,1,false)
(12,1,false)
(13,1,false)
(14,1,false)
(15,1,false)
(16,1,false)
(17,1,false)
(18,1,false)
(19,1,false)
(20,1,true)
(21,1,true)
(22,1,true)
(24,1,true)
(27,1,true)
(29,1,true)
(33,1,true)
(34,1,true)
(36,1,true)
(37,1,true)
(39,1,true)
(40,1,true)
(41,1,true)
(43,1,true)
(44,1,false)
(46,1,true)
(47,1,true)
(48,1,true)
(51,1,true)
(53,1,true)
(54,1,true)
(57,1,true)
(58,1,true)
(59,1,true)
(60,1,false)
(62,1,true)
(63,1,true)
(64,1,true)
(65,1,true)
(66,1,true)
(67,1,true)
(68,1,true)
(75,1,true)
(77,1,true)
(80,1,true)
(81,1,true)
(82,1,true)
(83,1,true)
(84,1,true)
(85,1,true)
(87,1,true)
(88,1,true)
(90,1,true)
(93,1,true)
(94,1,true)
(95,1,true)
(96,1,true)
(97,1,true)
(98,1,true)
(99,1,false)
(1,2,false)
(3,2,false)
(4,2,false)
(5,2,false)
(7,2,false)
(8,2,false)
(11,2,false)
(13,2,false)
(15,2,false)
(17,2,false)
(18,2,false)
(20,2,true)
(22,2,true)
(23,2,true)
(25,2,true)
(29,2,true)
(32,2,true)
(33,2,false)
(34,2,false)
(36,2,true)
(37,2,true)
(38,2,true)
(39,2,true)
(41,2,true)
(47,2,true)
(48,2,true)
(49,2,true)
(50,2,true)
(51,2,true)
(52,2,true)
(53,2,true)
(54,2,true)
(55,2,true)
(56,2,true)
(57,2,true)
(58,2,true)
(59,2,true)
(60,2,true)
(61,2,true)
(62,2,true)
(64,2,true)
(67,2,true)
(69,2,true)
(71,2,true)
(72,2,false)
(78,2,true)
(79,2,true)
(80,2,true)
(81,2,true)
(82,2,true)
(83,2,true)
(85,2,true)
(86,2,true)
(87,2,true)
(90,2,true)
(91,2,true)
(92,2,true)
(93,2,true)
(94,2,true)
(95,2,true)
(96,2,true)
(97,2,true)
(99,2,true)
(1,3,false)
(3,3,false)
(6,3,false)
(7,3,false)
(10,3,false)
(11,3,false)
(13,3,false)
(14,3,false)
(18,3,false)
(22,3,true)
(24,3,true)
(25,3,true)
(27,3,false)
(28,3,true)
(33,3,true)
(34,3,true)
(36,3,true)
(37,3,true)
(38,3,true)
(40,3,true)
(42,3,true)
(46,3,true)
(48,3,true)
(49,3,true)
(50,3,true)
(54,3,true)
(56,3,true)
(61,3,true)
(63,3,false)
(64,3,true)
(67,3,true)
(68,3,false)
(69,3,true)
(70,3,true)
(71,3,true)
(72,3,true)
(75,3,false)
(76,3,true)
(77,3,true)
(78,3,true)
(79,3,true)
(80,3,true)
(81,3,true)
(82,3,true)
(83,3,true)
(84,3,true)
(87,3,true)
(89,3,true)
(90,3,true)
(93,3,true)
(94,3,true)
(95,3,true)
(97,3,true)
(99,3,true)
(0,4,false)
(2,4,false)
(5,4,false)
(7,4,false)
(11,4,false)
(14,4,false)
(16,4,false)
(17,4,false)
(18,4,false)
(20,4,true)
(22,4,true)
(23,4,true)
(27,4,true)
(28,4,true)
(29,4,true)
(30,4,true)
(31,4,true)
(32,4,true)
(36,4,true)
(38,4,true)
(39,4,true)
(40,4,true)
(42,4,true)
(43,4,true)
(45,4,true)
(46,4,false)
(47,4,true)
(48,4,true)
(52,4,true)
(55,4,true)
(56,4,true)
(59,4,true)
(60,4,true)
(64,4,true)
(67,4,true)
(71,4,true)
(72,4,true)
(73,4,true)
(74,4,true)
(75,4,true)
(78,4,true)
(79,4,true)
(80,4,true)
(82,4,true)
(86,4,true)
(89,4,true)
(96,4,true)
(98,4,true)
(2,5,false)
(4,5,false)
(7,5,false)
(10,5,false)
(12,5,false)
(18,5,false)
(19,5,false)
(20,5,true)
(21,5,true)
(22,5,true)
(24,5,true)
(25,5,true)
(29,5,false)
(32,5,true)
(36,5,true)
(37,5,true)
(39,5,true)
(41,5,true)
(42,5,true)
(43,5,true)
(45,5,true)
(46,5,true)
(50,5,true)
(56,5,true)
(57,5,true)
(58,5,true)
(59,5,true)
(61,5,true)
(65,5,true)
(66,5,true)
(67,5,true)
(71,5,true)
(73,5,false)
(74,5,false)
(76,5,true)
(78,5,true)
(79,5,true)
(83,5,true)
(84,5,true)
(85,5,true)
(87,5,true)
(88,5,true)
(92,5,true)
(95,5,true)
(96,5,true)
(97,5,true)
(0,6,false)
(1,6,false)
(3,6,false)
(4,6,false)
(6,6,false)
(7,6,false)
(9,6,false)
(12,6,false)
(13,6,false)
(14,6,false)
(17,6,false)
(18,6,false)
(22,6,true)
(26,6,true)
(27,6,true)
(29,6,true)
(36,6,true)
(41,6,true)
(45,6,true)
(46,6,true)
(47,6,true)
(50,6,true)
(51,6,true)
(60,6,true)
(61,6,true)
(63,6,true)
(66,6,true)
(69,6,true)
(76,6,true)
(81,6,true)
(82,6,true)
(84,6,true)
(89,6,true)
(91,6,true)
(93,6,true)
(95,6,true)
(96,6,true)
(99,6,true)
(4,7,false)
(6,7,false)
(9,7,false)
(11,7,false)
(12,7,false)
(15,7,false)
(16,7,false)
(18,7,false)
(20,7,true)
(22,7,true)
(24,7,true)
(27,7,true)
(28,7,true)
(31,7,true)
(34,7,true)
(35,7,true)
(38,7,true)
(42,7,true)
(43,7,true)
(44,7,true)
(45,7,true)
(51,7,true)
(52,7,true)
(53,7,true)
(54,7,false)
(55,7,true)
(57,7,true)
(60,7,true)
(62,7,true)
(64,7,true)
(68,7,false)
(69,7,true)
(73,7,true)
(75,7,true)
(76,7,true)
(81,7,true)
(86,7,true)
(88,7,true)
(89,7,true)
(90,7,true)
(92,7,true)
(98,7,true)
(6,8,false)
(7,8,false)
(8,8,false)
(13,8,false)
(18,8,false)
(20,8,true)
(22,8,true)
(24,8,false)
(25,8,true)
(26,8,true)
(27,8,true)
(28,8,true)
(30,8,true)
(32,8,true)
(34,8,true)
(37,8,true)
(38,8,true)
(40,8,true)
(41,8,true)
(42,8,true)
(45,8,true)
(46,8,true)
(47,8,false)
(48,8,true)
(51,8,true)
(52,8,true)
(54,8,true)
(57,8,true)
(62,8,true)
(64,8,true)
(66,8,false)
(69,8,true)
(70,8,true)
(72,8,true)
(74,8,true)
(75,8,true)
(77,8,true)
(79,8,true)
(82,8,true)
(90,8,true)
(91,8,true)
(94,8,true)
(95,8,false)
(99,8,true)
(3,9,false)
(5,9,false)
(8,9,false)
(9,9,false)
(11,9,false)
(12,9,false)
(14,9,false)
(22,9,false)
(24,9,true)
(25,9,true)
(26,9,true)
(28,9,true)
(29,9,true)
(32,9,false)
(34,9,true)
(35,9,true)
(38,9,true)
(41,9,true)
(42,9,true)
(44,9,true)
(48,9,true)
(51,9,true)
(57,9,true)
(63,9,true)
(67,9,true)
(68,9,true)
(69,9,true)
(73,9,true)
(74,9,true)
(75,9,true)
(77,9,true)
(82,9,true)
(84,9,true)
(90,9,false)
(92,9,false)
(93,9,false)
(95,9,true)
(99,9,true)
(0,10,false)
(2,10,false)
(3,10,false)
(5,10,false)
(6,10,false)
(8,10,false)
(9,10,false)
(11,10,false)
(12,10,false)
(15,10,false)
(17,10,false)
(20,10,true)
(23,10,true)
(28,10,true)
(33,10,true)
(34,10,true)
(39,10,true)
(41,10,true)
(49,10,true)
(52,10,false)
(55,10,true)
(56,10,true)
(60,10,true)
(64,10,true)
(66,10,true)
(68,10,true)
(72,10,true)
(75,10,true)
(78,10,true)
(80,10,true)
(81,10,true)
(82,10,true)
(87,10,true)
(88,10,true)
(89,10,true)
(91,10,true)
(94,10,true)
(95,10,true)
(96,10,true)
(97,10,true)
(98,10,true)
(99,10,true)
(0,11,false)
(5,11,false)
(7,11,false)
(8,11,false)
(15,11,false)
(17,11,false)
(19,11,false)
(21,11,true)
(23,11,true)
(24,11,true)
(25,11,true)
(27,11,true)
(29,11,true)
(30,11,true)
(31,11,true)
(36,11,true)
(37,11,true)
(38,11,true)
(39,11,true)
(40,11,true)
(41,11,true)
(42,11,true)
(43,11,true)
(44,11,true)
(45,11,true)
(50,11,true)
(51,11,true)
(55,11,true)
(66,11,true)
(75,11,true)
(76,11,true)
(80,11,true)
(82,11,true)
(85,11,true)
(86,11,true)
(87,11,true)
(88,11,true)
(96,11,true)
(98,11,false)
(2,12,false)
(6,12,false)
(7,12,false)
(9,12,false)
(10,12,false)
(11,12,false)
(14,12,false)
(15,12,false)
(16,12,false)
(17,12,false)
(19,12,false)
(21,12,true)
(23,12,true)
(25,12,true)
(36,12,true)
(37,12,true)
(49,12,true)
(54,12,true)
(55,12,true)
(56,12,false)
(60,12,true)
(66,12,true)
(67,12,true)
(71,12,true)
(72,12,true)
(74,12,true)
(77,12,true)
(78,12,true)
(79,12,true)
(80,12,true)
(82,12,true)
(83,12,true)
(85,12,true)
(86,12,true)
(89,12,true)
(90,12,true)
(94,12,true)
(98,12,true)
(99,12,false)
(3,13,false)
(4,13,false)
(14,13,false)
(18,13,false)
(22,13,true)
(25,13,true)
(27,13,true)
(29,13,true)
(33,13,true)
(40,13,false)
(41,13,true)
(44,13,true)
(50,13,true)
(51,13,true)
(59,13,false)
(61,13,true)
(66,13,true)
(69,13,true)
(74,13,true)
(84,13,true)
(89,13,true)
(92,13,true)
(93,13,true)
(95,13,true)
(99,13,true)
(0,14,false)
(1,14,false)
(3,14,false)
(9,14,false)
(10,14,false)
(14,14,false)
(19,14,false)
(21,14,true)
(24,14,true)
(30,14,true)
(31,14,true)
(34,14,true)
(39,14,true)
(42,14,true)
(44,14,true)
(45,14,true)
(47,14,true)
(48,14,true)
(51,14,true)
(55,14,true)
(62,14,true)
(66,14,true)
(68,14,true)
(69,14,true)
(70,14,true)
(72,14,true)
(74,14,true)
(86,14,true)
(93,14,true)
(94,14,true)
(98,14,true)
(3,15,false)
(9,15,false)
(11,15,false)
(12,15,false)
(16,15,true)
(21,15,true)
(22,15,true)
(23,15,true)
(25,15,true)
(26,15,true)
(31,15,true)
(33,15,true)
(34,15,true)
(35,15,false)
(37,15,true)
(44,15,true)
(45,15,true)
(47,15,true)
(55,15,true)
(64,15,true)
(67,15,true)
(71,15,true)
(74,15,true)
(75,15,true)
(79,15,true)
(80,15,true)
(85,15,true)
(87,15,true)
(91,15,true)
(92,15,true)
(93,15,true)
(99,15,false)
(0,16,false)
(4,16,true)
(5,16,false)
(7,16,true)
(11,16,false)
(21,16,true)
(22,16,true)
(26,16,true)
(29,16,true)
(32,16,true)
(40,16,false)
(45,16,true)
(50,16,true)
(51,16,true)
(58,16,true)
(63,16,true)
(65,16,true)
(67,16,true)
(68,16,true)
(75,16,true)
(76,16,false)
(82,16,true)
(91,16,true)
(93,16,true)
(12,17,false)
(14,17,false)
(18,17,false)
(21,17,true)
(23,17,true)
(28,17,true)
(36,17,true)
(38,17,true)
(42,17,true)
(43,17,true)
(44,17,true)
(46,17,true)
(47,17,true)
(48,17,true)
(51,17,true)
(54,17,true)
(55,17,true)
(60,17,true)
(71,17,true)
(77,17,true)
(78,17,true)
(80,17,true)
(81,17,true)
(82,17,true)
(90,17,true)
(91,17,true)
(99,17,true)
(0,18,false)
(2,18,true)
(4,18,false)
(9,18,false)
(10,18,false)
(18,18,false)
(20,18,true)
(29,18,true)
(35,18,true)
(37,18,true)
(38,18,true)
(39,18,true)
(40,18,false)
(42,18,true)
(51,18,true)
(52,18,true)
(53,18,true)
(56,18,true)
(57,18,true)
(59,18,true)
(61,18,true)
(62,18,false)
(66,18,true)
(68,18,true)
(81,18,true)
(86,18,true)
(88,18,true)
(91,18,true)
(94,18,true)
(98,18,true)
(2,19,false)
(4,19,false)
(6,19,false)
(10,19,false)
(11,19,true)
(12,19,false)
(16,19,false)
(21,19,true)
(26,19,true)
(28,19,true)
(31,19,true)
(34,19,true)
(36,19,true)
(39,19,true)
(43,19,true)
(51,19,true)
(55,19,true)
(57,19,true)
(60,19,true)
(65,19,true)
(66,19,true)
(67,19,true)
(71,19,true)
(72,19,true)
(73,19,true)
(81,19,true)
(87,19,true)
(88,19,true)
(91,19,true)
(94,19,true)
(97,19,true)
(99,19,true)
(6,20,false)
(7,20,false)
(13,20,false)
(20,20,true)
(25,20,true)
(27,20,true)
(34,20,true)
(39,20,true)
(40,20,true)
(41,20,false)
(42,20,true)
(43,20,true)
(47,20,true)
(49,20,true)
(51,20,true)
(55,20,true)
(56,20,true)
(58,20,true)
(69,20,false)
(70,20,true)
(76,20,true)
(79,20,true)
(84,20,true)
(85,20,true)
(86,20,true)
(88,20,true)
(89,20,true)
(95,20,true)
(99,20,true)
(0,21,false)
(4,21,false)
(15,21,false)
(18,21,false)
(20,21,true)
(21,21,true)
(23,21,false)
(24,21,true)
(26,21,true)
(45,21,true)
(58,21,true)
(60,21,true)
(61,21,true)
(67,21,true)
(70,21,true)
(74,21,true)
(75,21,false)
(76,21,true)
(77,21,true)
(87,21,true)
(89,21,true)
(90,21,true)
(91,21,true)
(93,21,true)
(95,21,false)
(99,21,true)
(0,22,false)
(2,22,false)
(20,22,true)
(24,22,true)
(28,22,true)
(36,22,true)
(37,22,true)
(43,22,true)
(45,22,true)
(49,22,true)
(50,22,true)
(51,22,true)
(55,22,true)
(58,22,true)
(59,22,true)
(65,22,true)
(66,22,true)
(67,22,true)
(68,22,false)
(71,22,true)
(72,22,true)
(75,22,true)
(80,22,true)
(82,22,true)
(88,22,false)
(89,22,true)
(95,22,true)
(97,22,true)
(99,22,true)
(2,23,false)
(3,23,false)
(7,23,false)
(10,23,false)
(12,23,false)
(16,23,false)
(17,23,false)
(22,23,true)
(27,23,true)
(30,23,true)
(31,23,true)
(36,23,true)
(37,23,true)
(39,23,true)
(43,23,true)
(44,23,true)
(47,23,true)
(52,23,true)
(53,23,true)
(56,23,false)
(57,23,true)
(61,23,true)
(63,23,true)
(64,23,false)
(65,23,true)
(69,23,true)
(74,23,true)
(89,23,true)
(92,23,true)
(97,23,false)
(1,24,false)
(3,24,false)
(8,24,false)
(11,24,false)
(15,24,false)
(18,24,false)
(19,24,false)
(20,24,true)
(22,24,true)
(25,24,true)
(26,24,true)
(29,24,true)
(36,24,true)
(38,24,true)
(40,24,true)
(43,24,true)
(44,24,true)
(46,24,true)
(51,24,true)
(54,24,true)
(56,24,true)
(57,24,true)
(60,24,true)
(66,24,true)
(70,24,true)
(72,24,true)
(73,24,true)
(74,24,true)
(77,24,true)
(81,24,true)
(82,24,true)
(83,24,true)
(85,24,true)
(88,24,true)
(89,24,true)
(92,24,true)
(93,24,true)
(98,24,true)
(7,25,true)
(9,25,false)
(10,25,false)
(13,25,false)
(15,25,false)
(17,25,false)
(20,25,true)
(23,25,false)
(27,25,false)
(28,25,true)
(33,25,true)
(35,25,true)
(42,25,true)
(52,25,true)
(53,25,true)
(56,25,true)
(58,25,true)
(87,25,true)
(89,25,true)
(95,25,true)
(98,25,true)
(99,25,true)
(1,26,false)
(3,26,false)
(21,26,true)
(22,26,true)
(24,26,false)
(25,26,true)
(29,26,true)
(30,26,true)
(39,26,true)
(44,26,true)
(45,26,true)
(55,26,true)
(56,26,true)
(67,26,true)
(68,26,true)
(69,26,true)
(75,26,true)
(79,26,true)
(81,26,true)
(82,26,false)
(85,26,true)
(86,26,true)
(89,26,true)
(91,26,true)
(92,26,true)
(93,26,true)
(94,26,true)
(99,26,true)
(2,27,true)
(3,27,false)
(5,27,false)
(8,27,false)
(9,27,false)
(10,27,false)
(11,27,false)
(14,27,false)
(19,27,false)
(20,27,true)
(23,27,true)
(28,27,true)
(29,27,true)
(32,27,false)
(35,27,true)
(37,27,true)
(44,27,true)
(45,27,true)
(46,27,true)
(49,27,true)
(52,27,true)
(55,27,true)
(56,27,true)
(57,27,true)
(64,27,true)
(69,27,true)
(74,27,true)
(75,27,true)
(76,27,true)
(77,27,true)
(79,27,true)
(81,27,true)
(84,27,true)
(87,27,true)
(90,27,true)
(92,27,true)
(0,28,false)
(1,28,false)
(5,28,false)
(9,28,false)
(10,28,false)
(15,28,false)
(20,28,true)
(21,28,true)
(27,28,true)
(32,28,true)
(38,28,true)
(39,28,true)
(41,28,true)
(42,28,true)
(55,28,true)
(60,28,true)
(68,28,true)
(72,28,false)
(76,28,false)
(82,28,true)
(84,28,true)
(86,28,true)
(96,28,true)
(98,28,true)
(99,28,true)
(2,29,false)
(3,29,false)
(10,29,false)
(11,29,false)
(14,29,false)
(15,29,false)
(18,29,true)
(26,29,true)
(29,29,false)
(36,29,true)
(37,29,false)
(41,29,true)
(45,29,true)
(51,29,true)
(54,29,true)
(55,29,true)
(57,29,true)
(58,29,true)
(62,29,true)
(68,29,true)
(71,29,true)
(75,29,true)
(78,29,true)
(82,29,true)
(93,29,true)
(3,30,false)
(7,30,false)
(8,30,false)
(9,30,false)
(12,30,false)
(14,30,false)
(15,30,false)
(16,30,false)
(25,30,true)
(29,30,true)
(34,30,true)
(37,30,true)
(40,30,true)
(41,30,true)
(43,30,false)
(44,30,true)
(52,30,true)
(53,30,true)
(73,30,true)
(75,30,true)
(79,30,true)
(85,30,true)
(91,30,true)
(98,30,true)
(99,30,true)
(0,31,false)
(6,31,false)
(8,31,false)
(9,31,false)
(16,31,false)
(17,31,false)
(20,31,true)
(21,31,true)
(26,31,true)
(27,31,true)
(29,31,true)
(33,31,true)
(34,31,true)
(35,31,true)
(39,31,true)
(42,31,true)
(45,31,true)
(46,31,true)
(47,31,true)
(61,31,true)
(66,31,true)
(68,31,true)
(69,31,true)
(72,31,true)
(75,31,true)
(76,31,true)
(84,31,true)
(85,31,true)
(92,31,true)
(95,31,true)
(98,31,true)
(0,32,false)
(2,32,false)
(4,32,false)
(11,32,false)
(14,32,false)
(21,32,true)
(26,32,true)
(31,32,true)
(35,32,true)
(41,32,true)
(44,32,true)
(46,32,true)
(53,32,true)
(58,32,true)
(65,32,true)
(73,32,true)
(84,32,true)
(1,33,false)
(5,33,false)
(16,33,false)
(19,33,false)
(22,33,true)
(24,33,true)
(30,33,true)
(40,33,true)
(45,33,true)
(46,33,true)
(48,33,true)
(49,33,true)
(50,33,true)
(52,33,true)
(57,33,false)
(58,33,true)
(59,33,true)
(61,33,true)
(65,33,true)
(71,33,true)
(73,33,false)
(74,33,true)
(78,33,true)
(80,33,true)
(83,33,true)
(90,33,true)
(93,33,true)
(97,33,true)

(12,12)
(1,19)
(34,13)
(39,7)
(97,12)
(79,13)
(4,14)
(93,32)
(91,7)
(36,9)
(23,31)
(27,2)
(8,5)
(38,31)
(85,21)
(42,1)
(12,28)
(83,27)
(50,19)
(14,8)
(54,18)
(88,14)
(8,15)
(94,21)
(73,28)
(33,11)
(75,19)
(29,14)
(17,5)
(94,33)
(9,19)
(13,33)
(44,28)
(86,31)
(10,20)
(83,22)
(58,30)
(42,23)
(24,4)
(15,14)
(16,5)
(18,12)
(89,9)
(71,6)
(39,0)
(96,26)
(50,0)
(57,21)
(57,15)
(71,30)
(18,23)
(9,16)
(28,23)
(91,22)
(18,16)
(17,27)
(85,3)
(71,25)
(8,19)
(60,0)
(57,14)
(74,29)
(93,11)
(71,10)
(12,2)
(95,15)
(78,13)
(48,13)
(42,2)
(70,2)
(86,23)
(20,13)
(82,18)
(1,11)
(32,14)
(64,26)
(54,15)
(0,20)
(51,31)
(21,23)
(76,1)
(82,25)
(83,18)
(45,32)
(47,9)
(90,10)
(25,27)
(30,0)
(80,19)
(54,28)
(18,10)
(40,22)
(19,20)
(40,2)
(45,13)
(59,30)
(68,11)
(3,28)
(72,13)
(50,10)
(1,1)
(4,3)
(11,23)
(29,3)
(74,2)
(38,20)
(81,33)
(8,20)
(0,2)
(8,29)
(6,4)
(21,3)
(80,24)
(70,25)
(58,15)
(34,33)
(58,4)
(0,19)
(78,21)
(91,24)
(70,5)
(50,14)
(98,13)
(75,14)
(34,32)
(91,9)
(31,27)
(97,8)
(5,25)
(30,16)
(79,32)
(37,7)
(79,1)
(94,23)
(11,6)
(23,16)
(65,4)
(13,9)
(77,14)
(43,29)
(29,32)
(48,12)
(8,3)
(33,5)
(64,33)
(90,11)
(58,3)
(59,14)
(34,6)
(3,12)
(62,10)
(11,26)
(53,24)
(29,15)
(74,31)
(54,11)
(1,31)
(43,25)
(80,9)
(25,1)
(35,10)
(69,16)
(29,8)
(71,23)
(29,7)
(56,11)
(48,21)
(71,9)
(18,9)
(60,11)
(48,22)
(34,5)
(63,13)
(70,13)
(50,4)
(27,10)
(40,6)
(74,22)
(58,19)
(58,0)
(45,2)
(8,17)
(55,5)
(28,12)
(17,22)
(20,15)
(60,15)
(95,12)
(65,30)
(45,3)
(85,4)
(81,12)
(24,18)
(60,3)
(34,18)
(59,29)
(55,9)
(11,13)
(20,0)
(66,9)
(92,14)
(16,14)
(3,4)
(81,14)
(53,26)
(70,7)
(8,26)
(4,8)
(9,21)
(7,28)
(47,5)
(18,33)
(40,32)
(32,7)
(86,27)
(83,16)
(7,32)
(84,33)
(94,7)
(81,16)
(30,2)
(32,23)
(54,33)
(92,16)
(37,4)
(83,9)
(43,6)
(31,13)
(76,26)
(55,24)
(51,5)
(40,25)
(26,4)
(0,12)
(96,13)
(8,13)
(65,11)
(37,6)
(22,27)
(33,33)
(57,22)
(59,12)
(41,19)
(85,0)
(96,27)
(18,20)
(20,23)
(74,1)
(61,24)
(88,4)
(16,29)
(26,22)
(71,8)
(7,10)
(83,17)
(70,9)
(96,15)
(34,16)
(63,2)
(42,27)
(72,30)
(66,4)
(70,23)
(11,8)
(81,11)
(68,6)
(24,13)
(7,22)
(2,24)
(68,12)
(27,12)
(59,7)
(41,21)
(18,27)
(24,16)
(76,8)
(69,29)
(49,4)
(71,14)
(38,13)
(35,21)
(81,29)
(71,1)
(34,24)
(3,7)
(80,5)
(61,28)
(6,2)
(74,17)
(13,22)
(8,7)
(58,9)
(22,10)
(81,32)
(92,4)
(46,14)
(34,4)
(87,30)
(23,9)
(81,22)
(71,32)
(26,27)
(68,19)
(31,33)
(69,19)
(93,20)
(79,6)
(49,21)
(21,22)
(60,18)
(30,24)
(52,15)
(77,32)
(21,6)
(22,29)
(87,13)
(6,16)
(97,24)
(68,2)
(72,15)
(56,31)
(17,30)
(21,9)
(81,21)
(59,17)
(45,9)
(79,23)
(50,25)
(98,17)
(41,22)
(73,12)
(49,11)
(21,27)
(34,17)
(55,6)
(34,26)
(98,20)
(22,25)
(95,7)
(64,31)
(17,29)
(65,26)
(55,13)
(64,17)
(27,21)
(37,24)
(80,20)
(5,19)
(36,32)
(5,29)
(7,31)
(53,12)
(43,2)
(94,31)
(19,8)
(90,6)
(84,2)
(50,23)
(78,9)
(73,15)
(21,10)
(60,20)
(82,31)
(21,20)
(68,25)
(99,18)
(0,33)
(97,31)
(69,25)
(75,24)
(81,4)
(75,13)
(39,9)
(55,3)
(2,3)
(14,2)
(78,16)
(30,5)
(71,28)
(74,18)
(9,2)
(90,19)
(72,33)
(8,21)
(40,29)
(83,25)
(82,20)
(75,25)
(23,24)
(21,29)
(10,6)
(84,11)
(40,15)
(29,25)
(48,29)
(74,11)
(79,17)
(41,24)
(42,12)
(1,18)
(23,7)
(28,18)
(37,32)
(28,24)
(84,17)
(87,4)
(61,15)
(71,27)
(29,28)
(77,4)
(96,31)
(61,10)
(23,23)
(51,32)
(7,29)
(88,13)
(12,32)
(12,3)
(74,20)
(64,22)
(11,1)
(22,19)
(54,9)
(82,13)
(22,14)
(5,1)
(11,18)
(22,20)
(27,5)
(82,0)
(1,17)
(19,25)
(24,2)
(45,19)
(50,20)
(4,12)
(4,4)
(92,10)
(91,33)
(56,9)
(74,19)
(34,11)
(79,24)
(60,32)
(77,20)
(78,14)
(8,4)
(88,25)
(42,13)
(96,30)
(41,27)
(54,26)
(68,4)
(50,26)
(54,10)
(31,6)
(97,6)
(59,6)
(69,18)
(18,15)
(6,0)
(76,10)
(94,22)
(30,25)
(20,32)
(86,3)
(55,23)
(2,31)
(31,18)
(49,7)
(1,21)
(50,9)
(33,12)
(67,30)
(30,10)
(48,0)
(91,4)
(89,8)
(52,12)
(47,11)
(16,11)
(6,22)
(94,11)
(16,3)
(30,15)
(32,19)
(46,21)
(82,32)
(7,9)
(56,13)
(70,1)
(27,19)
(48,15)
(50,27)
(3,18)
(3,32)
(53,6)
(68,5)
(25,32)
(50,31)
(22,28)
(26,26)
(3,11)
(4,22)
(88,16)
(13,18)
(11,28)
(76,17)
(52,1)
(39,12)
(6,5)
(6,21)
(57,26)
(14,7)
(17,3)
(44,2)
(61,7)
(2,0)
(32,30)
(69,12)
(83,7)
(48,31)
(21,7)
(89,18)
(38,29)
(83,31)
(57,16)
(84,8)
(45,18)
(37,20)
(90,25)
(51,26)
(25,19)
(37,13)
(89,16)
(99,11)
(3,5)
(3,20)
(78,11)
(28,2)
(87,9)
(91,1)
(17,14)
(87,28)
(83,23)
(11,11)
(27,26)
(52,20)
(52,5)
(95,14)
(73,6)
(87,18)
(78,18)
(4,0)
(66,3)
(68,15)
(76,4)
(21,8)
(73,16)
(75,6)
(32,20)
(40,5)
(13,30)
(5,14)
(32,29)
(94,29)
(4,15)
(94,16)
(4,24)
(88,28)
(67,13)
(65,7)
(80,32)
(3,8)
(80,27)
(61,17)
(53,14)
(57,4)
(35,22)
(54,19)
(76,2)
(5,22)
(89,28)
(28,30)
(78,22)
(92,25)
(46,23)
(38,1)
(6,17)
(49,9)
(96,33)
(19,4)
(1,10)
(3,22)
(15,3)
(82,5)
(84,4)
(12,14)
(0,17)
(15,23)
(32,17)
(99,7)
(84,7)
(15,33)
(88,32)
(59,24)
(38,23)
(31,24)
(56,28)
(48,16)
(89,29)
(90,24)
(30,1)
(12,4)
(46,12)
(73,3)
(95,28)
(63,30)
(79,28)
(41,4)
(0,13)
(11,33)
(13,21)
(64,16)
(43,31)
(26,2)
(50,32)
(50,21)
(3,25)
(0,3)
(94,4)
(89,1)
(20,6)
(82,30)
(29,21)
(99,0)
(73,26)
(75,17)
(54,21)
(25,16)
(60,26)
(13,12)
(60,16)
(61,22)
(2,25)
(62,26)
(43,10)
(27,33)
(9,20)
(11,17)
(15,19)
(98,29)
(28,0)
(33,26)
(60,9)
(99,16)
(76,14)
(34,12)
(23,32)
(74,7)
(48,30)
(24,6)
(85,19)
(87,32)
(94,25)
(85,8)
(83,21)
(74,0)
(65,31)
(85,33)
(45,1)
(59,11)
(83,10)
(94,6)
(45,17)
(6,25)
(25,7)
(59,23)
(54,22)
(46,10)
(68,23)
(57,11)
(88,12)
(79,14)
(89,15)
(2,15)
(45,10)
(47,33)
(19,30)
(91,27)
(68,33)
(41,14)
(6,13)
(73,2)
(5,6)
(57,3)
(91,13)
(63,12)
(39,17)
(5,17)
(5,3)
(68,20)
(47,16)
(94,5)
(6,18)
(86,1)
(59,20)
(64,32)
(63,7)
(57,25)
(15,27)
(64,6)
(35,3)
(56,29)
(45,30)
(67,0)
(48,7)
(99,24)
(8,6)
(14,5)
(47,30)
(23,33)
(25,4)
(58,17)
(62,16)
(93,8)
(43,15)
(7,13)
(7,15)
(38,33)
(8,33)
(11,22)
(95,19)
(97,18)
(22,31)
(18,25)
(75,12)
(15,26)
(63,24)
(24,30)
(92,1)
(5,12)
(95,29)
(37,28)
(72,11)
(88,29)
(51,15)
(60,22)
(78,7)
(74,10)
(46,29)
(67,31)
(34,21)
(74,3)
(91,20)
(61,27)
(46,9)
(58,10)
(31,16)
(83,29)
(22,18)
(42,24)
(4,33)
(19,26)
(83,15)
(28,1)
(53,4)
(90,22)
(14,11)
(32,18)
(35,19)
(24,10)
(14,10)
(35,1)
(26,33)
(19,13)
(44,6)
(12,25)
(1,13)
(55,1)
(29,10)
(72,9)
(40,19)
(80,14)
(6,24)
(1,4)
(45,23)
(42,33)
(19,16)
(58,12)
(42,10)
(92,19)
(97,13)
(17,20)
(80,7)
(91,14)
(20,3)
(73,13)
(2,2)
(15,6)
(76,19)
(60,13)
(68,8)
(43,8)
(77,2)
(62,12)
(17,19)
(41,7)
(2,6)
(95,17)
(83,13)
(16,25)
(61,29)
(18,11)
(80,28)
(92,33)
(75,33)
(22,32)
(26,3)
(31,9)
(0,9)
(65,6)
(12,8)
(38,19)
(10,17)
(96,24)
(70,4)
(19,28)
(95,27)
(12,13)
(61,9)
(87,6)
(78,25)
(90,31)
(5,23)
(93,19)
(81,28)
(49,17)
(27,22)
(42,21)
(81,20)
(44,25)
(90,20)
(7,1)
(57,32)
(77,7)
(59,25)
(95,33)
(1,5)
(28,14)
(35,8)
(16,32)
(21,18)
(28,20)
(26,5)
(26,17)
(22,21)
(56,22)
(98,6)
(66,27)
(92,20)
(64,25)
(97,7)
(81,5)
(85,27)
(1,27)
(47,25)
(40,28)
(98,32)
(37,9)
(54,5)
(26,30)
(83,11)
(79,18)
(48,10)
(4,29)
(41,3)
(84,29)
(28,21)
(41,12)
(37,25)
(8,18)
(59,9)
(88,30)
(51,21)
(55,8)
(57,10)
(25,6)
(38,5)
(65,10)
(75,2)
(4,23)
(52,24)
(44,33)
(80,26)
(44,29)
(76,22)
(28,29)
(73,11)
(41,17)
(20,9)
(5,8)
(56,17)
(9,24)
(23,3)
(3,16)
(37,21)
(77,15)
(73,1)
(9,32)
(32,26)
(74,32)
(24,12)
(57,13)
(46,22)
(16,9)
(78,31)
(44,12)
(16,13)
(90,32)
(69,10)
(73,20)
(42,16)
(10,2)
(84,0)
(18,22)
(26,10)
(39,22)
(28,33)
(87,26)
(31,10)
(91,23)
(32,13)
(10,4)
(98,19)
(7,24)
(98,3)
(85,7)
(68,32)
(84,19)
(96,3)
(40,7)
(90,30)
(16,18)
(0,15)
(82,23)
(17,13)
(52,6)
(59,8)
(91,25)
(16,10)
(67,20)
(14,21)
(6,29)
(89,17)
(65,3)
(19,7)
(76,30)
(0,7)
(49,1)
(84,22)
(86,22)
(79,10)
(2,7)
(87,20)
(19,6)
(16,2)
(64,11)
(87,17)
(30,28)
(86,13)
(44,16)
(69,15)
(26,23)
(62,4)
(2,9)
(48,11)
(3,17)
(9,11)
(19,21)
(66,21)
(77,25)
(23,5)
(54,4)
(38,10)
(44,8)
(19,23)
(69,21)
(89,5)
(81,31)
(40,21)
(51,30)
(72,26)
(58,28)
(16,27)
(99,5)
(15,15)
(68,0)
(65,21)
(77,22)
(98,27)
(69,17)
(36,14)
(32,11)
(9,3)
(86,8)
(65,8)
(63,25)
(48,28)
(66,2)
(69,4)
(99,27)
(47,22)
(99,23)
(6,23)
(45,20)
(74,30)
(44,3)
(72,17)
(82,15)
(9,29)
(44,4)
(41,33)
(58,13)
(34,27)
(42,30)
(92,11)
(31,3)
(10,24)
(28,32)
(55,16)
(33,8)
(99,14)
(25,31)
(55,18)
(85,9)
(45,25)
(5,31)
(6,11)
(30,17)
(14,26)
(58,11)
(35,16)
(40,12)
(92,21)
(87,24)
(17,33)
(89,11)
(72,1)
(16,0)
(94,30)
(38,25)
(44,19)
(2,17)
(87,16)
(73,21)
(52,3)
(5,21)
(32,6)
(63,10)
(94,20)
(94,13)
(32,3)
(79,31)
(11,25)
(94,27)
(6,9)
(27,15)
(37,26)
(81,8)
(38,16)
(58,6)
(27,17)
(41,15)
(4,10)
(9,26)
(50,24)
(98,15)
(75,18)
(18,28)
(38,0)
(57,20)
(29,23)
(4,27)
(86,25)
(68,27)
(64,30)
(33,17)
(62,33)
(71,20)
(37,17)
(4,25)
(37,16)
(50,29)
(27,30)
(73,8)
(44,22)
(73,31)
(60,8)
(20,26)
(24,17)
(88,26)
(30,31)
(90,13)
(27,14)
(97,9)
(77,16)
(37,10)
(62,27)
(8,23)
(11,31)
(1,15)
(50,1)
(74,28)
(80,8)
(12,24)
(71,16)
(74,25)
(31,22)
(38,14)
(6,27)
(99,31)
(83,4)
(80,6)
(18,14)
(91,28)
(24,25)
(60,5)
(16,17)
(94,15)
(57,12)
(13,31)
(86,33)
(82,27)
(57,30)
(20,16)
(7,14)
(3,31)
(50,30)
(80,21)
(92,18)
(72,29)
(86,17)
(48,19)
(2,16)
(60,14)
(22,17)
(4,28)
(62,30)
(28,13)
(33,22)
(63,26)
(60,33)
(61,14)
(70,31)
(44,31)
(38,12)
(7,18)
(51,23)
(99,33)
(9,5)
(94,28)
(60,30)
(60,23)
(92,29)
(31,25)
(50,7)
(79,19)
(34,29)
(38,6)
(62,13)
(9,17)
(18,31)
(30,30)
(74,16)
(9,23)
(84,26)
(19,19)
(88,17)
(3,21)
(34,28)
(3,19)
(90,4)
(96,14)
(75,20)
(43,3)
(84,15)
(67,25)
(55,31)
(73,18)
(9,4)
(80,18)
(70,27)
(25,29)
(97,20)
(65,18)
(35,12)
(55,25)
(81,25)
(43,18)
(28,28)
(19,29)
(15,9)
(84,10)
(32,10)
(23,18)
(90,18)
(92,12)
(43,14)
(2,21)
(34,22)
(20,19)
(12,18)
(69,22)
(80,25)
(75,32)
(55,33)
(92,3)
(82,33)
(75,5)
(8,14)
(20,11)
(52,19)
(8,12)
(94,32)
(35,5)
(74,26)
(77,23)
(9,8)
(82,19)
(60,31)
(2,28)
(75,28)
(1,16)
(89,2)
(0,24)
(85,23)
(68,30)
(67,18)
(16,22)
(93,28)
(61,16)
(18,32)
(84,14)
(40,17)
(55,32)
(11,14)
(91,3)
(89,30)
(40,26)
(14,20)
(92,6)
(64,29)
(90,23)
(94,17)
(1,12)
(38,32)
(22,11)
(66,7)
(64,9)
(20,30)
(12,16)
(65,15)
(10,13)
(40,14)
(57,6)
(19,2)
(10,26)
(33,28)
(33,7)
(76,25)
(67,24)
(77,13)
(95,4)
(44,5)
(30,32)
(17,7)
(9,13)
(34,23)
(94,9)
(91,12)
(7,33)
(91,31)
(30,7)
(4,11)
(36,26)
(60,25)
(47,3)
(24,29)
(78,15)
(66,15)
(83,8)
(94,24)
(8,16)
(93,5)
(54,25)
(50,8)
(44,20)
(60,29)
(33,14)
(52,29)
(31,21)
(34,25)
(47,28)
(48,26)
(95,11)
(78,30)
(58,23)
(88,33)
(46,13)
(98,16)
(57,31)
(32,1)
(43,16)
(41,16)
(88,2)
(40,23)
(10,9)
(99,4)
(40,10)
(26,20)
(30,6)
(42,22)
(96,9)
(16,6)
(26,13)
(57,17)
(76,13)
(81,23)
(21,2)
(95,30)
(93,4)
(26,11)
(59,3)
(64,13)
(38,15)
(76,15)
(71,11)
(5,15)
(59,21)
(53,3)
(62,3)
(70,12)
(32,0)
(98,2)
(51,4)
(95,32)
(35,13)
(80,16)
(73,10)
(32,15)
(91,5)
(87,12)
(43,26)
(31,1)
(39,16)
(37,33)
(56,8)
(95,24)
(76,33)
(63,8)
(64,14)
(5,5)
(40,31)
(16,26)
(84,25)
(64,5)
(38,26)
(19,10)
(98,8)
(9,33)
(44,10)
(71,26)
(36,7)
(85,14)
(90,15)
(67,27)
(32,32)
(66,33)
(20,17)
(46,25)
(10,32)
(10,7)
(90,16)
(59,10)
(7,19)
(39,3)
(4,9)
(97,28)
(43,13)
(78,8)
(65,13)
(96,21)
(71,7)
(78,19)
(66,28)
(99,29)
(68,13)
(9,22)
(6,30)
(56,1)
(87,22)
(82,14)
(88,15)
(89,33)
(63,28)
(77,29)
(86,9)
(41,26)
(90,5)
(95,16)
(36,30)
(63,11)
(11,20)
(64,20)
(42,6)
(23,14)
(53,10)
(20,14)
(39,29)
(11,5)
(26,12)
(18,19)
(93,7)
(2,30)
(99,32)
(62,5)
(60,27)
(89,32)
(25,22)
(28,31)
(22,12)
(31,28)
(98,5)
(56,6)
(48,6)
(6,14)
(74,6)
(81,9)
(65,29)
(72,32)
(64,12)
(64,19)
(65,27)
(98,9)
(46,19)
(7,27)
(72,18)
(86,6)
(44,18)
(62,21)
(56,14)
(0,5)
(5,30)
(38,27)
(78,24)
(29,20)
(82,7)
(97,4)
(72,7)
(55,21)
(59,26)
(83,6)
(62,23)
(14,23)
(81,13)
(62,15)
(46,20)
(52,14)
(68,17)
(31,29)
(29,12)
(88,31)
(72,6)
(21,30)
(36,15)
(55,30)
(40,9)
(67,28)
(85,6)
(51,27)
(26,14)
(95,18)
(15,16)
(18,30)
(35,20)
(90,26)
(1,25)
(72,27)
(79,22)
(58,27)
(13,14)
(41,23)
(30,22)
(32,24)
(66,16)
(26,25)
(58,8)
(32,12)
(4,30)
(85,28)
(54,6)
(41,31)
(86,15)
(38,22)
(50,17)
(64,21)
(90,14)
(32,21)
(18,26)
(6,28)
(31,2)
(26,7)
(31,8)
(87,7)
(43,28)
(58,7)
(0,30)
(17,15)
(64,28)
(3,33)
(50,15)
(58,14)
(16,8)
(95,23)
(51,3)
(48,18)
(73,27)
(90,28)
(33,9)
(91,11)
(42,15)
(4,31)
(68,24)
(59,19)
(71,24)
(32,33)
(63,21)
(88,3)
(17,28)
(1,8)
(96,19)
(81,30)
(98,22)
(57,28)
(78,6)
(31,5)
(53,31)
(91,29)
(82,21)
(28,11)
(46,16)
(39,8)
(17,21)
(63,29)
(22,30)
(14,16)
(90,29)
(62,17)
(62,9)
(50,12)
(7,21)
(8,32)
(16,20)
(69,28)
(69,1)
(29,22)
(68,21)
(50,28)
(11,30)
(51,33)
(96,8)
(58,26)
(43,9)
(10,15)
(11,21)
(81,15)
(33,21)
(15,20)
(96,29)
(91,32)
(36,10)
(78,1)
(61,25)
(30,12)
(87,33)
(65,24)
(2,8)
(52,11)
(62,25)
(7,26)
(72,16)
(35,26)
(85,22)
(38,21)
(38,30)
(15,8)
(63,18)
(29,33)
(23,26)
(73,23)
(53,33)
(36,18)
(80,29)
(1,23)
(92,32)
(41,25)
(64,24)
(26,28)
(73,17)
(76,18)
(47,0)
(25,21)
(48,32)
(16,16)
(24,23)
(75,23)
(77,19)
(4,17)
(36,16)
(48,27)
(1,30)
(31,20)
(70,6)
(49,30)
(31,17)
(5,32)
(64,18)
(25,28)
(49,13)
(15,5)
(31,26)
(35,2)
(46,30)
(26,1)
(48,20)
(85,16)
(15,4)
(49,14)
(30,18)
(86,29)
(92,17)
(14,19)
(22,22)
(21,33)
(47,26)
(5,7)
(59,15)
(71,13)
(46,28)
(28,15)
(32,25)
(32,22)
(32,31)
(10,8)
(13,5)
(76,12)
(30,19)
(84,12)
(13,19)
(12,26)
(17,9)
(79,25)
(96,18)
(92,8)
(21,25)
(88,27)
(49,26)
(26,18)
(49,19)
(43,12)
(33,18)
(31,31)
(29,17)
(67,7)
(24,19)
(2,20)
(58,18)
(61,12)
(20,33)
(80,23)
(29,19)
(93,10)
(33,32)
(54,14)
(97,32)
(45,12)
(51,28)
(86,32)
(41,18)
(1,32)
(92,30)
(25,25)
(51,12)
(88,6)
(73,29)
(98,21)
(21,13)
(5,18)
(58,31)
(44,21)
(62,28)
(69,32)
(78,20)
(24,15)
(42,19)
(33,19)
(1,22)
(21,24)
(33,4)
(15,13)
(51,10)
(76,32)
(58,24)
(15,31)
(21,4)
(35,4)
(19,17)
(8,25)
(65,9)
(46,7)
(24,32)
(83,19)
(43,21)
(46,2)
(73,14)
(33,6)
(10,1)
(43,27)
(2,26)
(28,6)
(88,8)
(56,7)
(77,5)
(87,14)
(72,5)
(48,24)
(16,28)
(43,33)
(1,29)
(65,25)
(67,29)
(73,22)
(66,29)
(71,18)
(42,26)
(51,25)
(37,19)
(52,31)
(4,20)
(65,2)
(24,31)
(84,21)
(43,32)
(93,22)
(42,32)
(47,19)
(14,31)
(31,30)
(63,17)
(36,27)
(0,8)
(66,20)
(28,5)
(8,28)
(42,29)
(24,24)
(95,26)
(45,28)
(23,8)
(39,32)
(47,32)
(49,6)
(73,25)
(7,7)
(56,33)
(96,7)
(10,22)
(47,27)
(83,20)
(7,17)
(2,14)
(27,16)
(66,32)
(70,26)
(79,9)
(37,14)
(50,18)
(0,29)
(20,12)
(87,29)
(63,33)
(17,8)
(2,33)
(35,11)
(65,17)
(6,32)
(98,33)
(5,13)
(12,31)
(87,31)
(10,30)
(12,33)
(62,20)
(88,21)
(97,15)
(76,29)
(0,23)
(84,24)
(2,13)
(25,18)
(2,11)
(80,13)
(53,29)
(61,1)
(37,31)
(78,26)
(16,24)
(96,17)
(39,6)
(20,29)
(17,26)
(27,18)
(88,23)
(65,12)
(79,33)
(15,18)
(30,21)
(17,24)
(84,18)
(63,5)
(28,16)
(13,17)
(45,24)
(89,19)
(84,16)
(28,26)
(33,30)
(59,28)
(92,22)
(76,9)
(79,21)
(72,20)
(78,32)
(62,19)
(16,21)
(83,30)
(12,20)
(83,32)
(80,31)
(40,27)
(98,23)
(67,14)
(71,31)
(61,19)
(98,26)
(27,27)
(30,13)
(30,9)
(85,17)
(69,33)
(78,27)
(92,28)
(4,26)
(62,11)
(24,27)
(87,8)
(46,18)
(15,17)
(39,15)
(14,28)
(13,13)
(1,9)
(72,25)
(89,14)
(77,6)
(62,24)
(70,30)
(88,9)
(66,17)
(96,16)
(47,7)
(53,16)
(31,12)
(53,21)
(93,23)
(25,10)
(19,3)
(70,22)
(77,18)
(84,23)
(80,30)
(65,28)
(77,26)
(8,22)
(12,21)
(1,7)
(63,15)
(0,27)
(13,28)
(67,17)
(89,27)
(83,26)
(13,27)
(62,32)
(47,10)
(59,27)
(87,23)
(69,5)
(78,28)
(70,28)
(1,20)
(85,29)
(17,16)
(78,23)
(93,27)
(24,28)
(6,15)
(85,10)
(35,24)
(23,13)
(35,30)
(67,11)
(71,21)
(56,15)
(10,11)
(19,9)
(52,13)
(53,17)
(15,32)
(35,29)
(27,29)
(52,22)
(36,8)
(77,30)
(56,16)
(65,14)
(70,17)
(52,32)
(39,13)
(96,23)
(17,32)
(59,31)
(56,19)
(76,23)
(61,11)
(61,8)
(6,33)
(79,11)
(59,32)
(65,20)
(86,30)
(61,20)
(69,11)
(46,11)
(14,22)
(93,31)
(86,16)
(63,19)
(89,31)
(19,31)
(33,23)
(14,0)
(13,7)
(72,23)
(19,15)
(66,23)
(97,11)
(14,33)
(35,17)
(54,20)
(72,21)
(0,26)
(5,24)
(14,24)
(10,16)
(10,10)
(15,22)
(25,14)
(47,21)
(47,12)
(0,25)
(66,30)
(33,24)
(67,33)
(23,20)
(62,31)
(79,16)
(23,22)
(59,16)
(69,30)
(19,32)
(61,32)
(27,24)
(48,23)
(76,24)
(66,25)
(23,30)
(27,32)
(53,20)
