300 Users
41 Files
2500 Transactions
2 Maximum Connections
1 Cycle Length per Upload-Download
0 Warm-up Transactions
0.400000 Zipf constant
5 Pre-Trusted Users
120 Well-Behaved (Good) Users
180 Purely Malicious Users
0 Feedback Skewing Users
0 Malignant Providing Users
0 Disguised Malicous Users
0 Sybil Attack Users
true Intelligent Trans. Generation
1561014889009 Trace Generation Seed

(0.047713,0.000000,1,false)
(0.018546,0.000000,1,false)
(0.061610,0.000000,1,false)
(0.003923,0.000000,1,false)
(0.019148,0.000000,1,false)
(0.001460,0.000000,1,false)
(0.052445,0.000000,1,false)
(0.043747,0.000000,1,false)
(0.084766,0.000000,1,false)
(0.075851,0.000000,1,false)
(0.068965,0.000000,1,false)
(0.033787,0.000000,1,false)
(0.035760,0.000000,1,false)
(0.038289,0.000000,1,false)
(0.048507,0.000000,1,false)
(0.080682,0.000000,1,false)
(0.027220,0.000000,1,false)
(0.085136,0.000000,1,false)
(0.032970,0.000000,1,false)
(0.032301,0.000000,1,false)
(0.095694,0.000000,1,false)
(0.006547,0.000000,1,false)
(0.020524,0.000000,1,false)
(0.073814,0.000000,1,false)
(0.036845,0.000000,1,false)
(0.033454,0.000000,1,false)
(0.022596,0.000000,1,false)
(0.097050,0.000000,1,false)
(0.076467,0.000000,1,false)
(0.094654,0.000000,1,false)
(0.050277,0.000000,1,false)
(0.066506,0.000000,1,false)
(0.041280,0.000000,1,false)
(0.071300,0.000000,1,false)
(0.072739,0.000000,1,false)
(0.093394,0.000000,1,false)
(0.024675,0.000000,1,false)
(0.006886,0.000000,1,false)
(0.074338,0.000000,1,false)
(0.007688,0.000000,1,false)
(0.046991,0.000000,1,false)
(0.042253,0.000000,1,false)
(0.086786,0.000000,1,false)
(0.087407,0.000000,1,false)
(0.029924,0.000000,1,false)
(0.097185,0.000000,1,false)
(0.088101,0.000000,1,false)
(0.064202,0.000000,1,false)
(0.040294,0.000000,1,false)
(0.012848,0.000000,1,false)
(0.041019,0.000000,1,false)
(0.074833,0.000000,1,false)
(0.009689,0.000000,1,false)
(0.002612,0.000000,1,false)
(0.090106,0.000000,1,false)
(0.069209,0.000000,1,false)
(0.003399,0.000000,1,false)
(0.032749,0.000000,1,false)
(0.049049,0.000000,1,false)
(0.017411,0.000000,1,false)
(0.094534,0.000000,1,false)
(0.069011,0.000000,1,false)
(0.087395,0.000000,1,false)
(0.080500,0.000000,1,false)
(0.097432,0.000000,1,false)
(0.080307,0.000000,1,false)
(0.069511,0.000000,1,false)
(0.022868,0.000000,1,false)
(0.028163,0.000000,1,false)
(0.086475,0.000000,1,false)
(0.007580,0.000000,1,false)
(0.047521,0.000000,1,false)
(0.089379,0.000000,1,false)
(0.073575,0.000000,1,false)
(0.065185,0.000000,1,false)
(0.029934,0.000000,1,false)
(0.021754,0.000000,1,false)
(0.077186,0.000000,1,false)
(0.088336,0.000000,1,false)
(0.010947,0.000000,1,false)
(0.024913,0.000000,1,false)
(0.051862,0.000000,1,false)
(0.046784,0.000000,1,false)
(0.084693,0.000000,1,false)
(0.027015,0.000000,1,false)
(0.003202,0.000000,1,false)
(0.040021,0.000000,1,false)
(0.083642,0.000000,1,false)
(0.074051,0.000000,1,false)
(0.057908,0.000000,1,false)
(0.059586,0.000000,1,false)
(0.019595,0.000000,1,false)
(0.017432,0.000000,1,false)
(0.086782,0.000000,1,false)
(0.002127,0.000000,1,false)
(0.086816,0.000000,1,false)
(0.001603,0.000000,1,false)
(0.075747,0.000000,1,false)
(0.096122,0.000000,1,false)
(0.071477,0.000000,1,false)
(0.092155,0.000000,1,false)
(0.060817,0.000000,1,false)
(0.039255,0.000000,1,false)
(0.040225,0.000000,1,false)
(0.039355,0.000000,1,false)
(0.004346,0.000000,1,false)
(0.043126,0.000000,1,false)
(0.099890,0.000000,1,false)
(0.041968,0.000000,1,false)
(0.091940,0.000000,1,false)
(0.047340,0.000000,1,false)
(0.030227,0.000000,1,false)
(0.061949,0.000000,1,false)
(0.072094,0.000000,1,false)
(0.095946,0.000000,1,false)
(0.092093,0.000000,1,false)
(0.041813,0.000000,1,false)
(0.043915,0.000000,1,false)
(0.065801,0.000000,1,false)
(0.004532,0.000000,1,false)
(0.093404,0.000000,1,false)
(0.022222,0.000000,1,false)
(0.098621,0.000000,1,false)
(0.066021,0.000000,1,false)
(0.059301,0.000000,1,false)
(0.073859,0.000000,1,false)
(0.016341,0.000000,1,false)
(0.067469,0.000000,1,false)
(0.096239,0.000000,1,false)
(0.024230,0.000000,1,false)
(0.092824,0.000000,1,false)
(0.007554,0.000000,1,false)
(0.093687,0.000000,1,false)
(0.078886,0.000000,1,false)
(0.014087,0.000000,1,false)
(0.074601,0.000000,1,false)
(0.020150,0.000000,1,false)
(0.091391,0.000000,1,false)
(0.083877,0.000000,1,false)
(0.003436,0.000000,1,false)
(0.084731,0.000000,1,false)
(0.035756,0.000000,1,false)
(0.021785,0.000000,1,false)
(0.050519,0.000000,1,false)
(0.012187,0.000000,1,false)
(0.009432,0.000000,1,false)
(0.057045,0.000000,1,false)
(0.056146,0.000000,1,false)
(0.055932,0.000000,1,false)
(0.001094,0.000000,1,false)
(0.042736,0.000000,1,false)
(0.078627,0.000000,1,false)
(0.015392,0.000000,1,false)
(0.006447,0.000000,1,false)
(0.002304,0.000000,1,false)
(0.092067,0.000000,1,false)
(0.081562,0.000000,1,false)
(0.064770,0.000000,1,false)
(0.073196,0.000000,1,false)
(0.036775,0.000000,1,false)
(0.007849,0.000000,1,false)
(0.019132,0.000000,1,false)
(0.030788,0.000000,1,false)
(0.099274,0.000000,1,false)
(0.091966,0.000000,1,false)
(0.074007,0.000000,1,false)
(0.059931,0.000000,1,false)
(0.077537,0.000000,1,false)
(0.059101,0.000000,1,false)
(0.035417,0.000000,1,false)
(0.091122,0.000000,1,false)
(0.056271,0.000000,1,false)
(0.056578,0.000000,1,false)
(0.070813,0.000000,1,false)
(0.033625,0.000000,1,false)
(0.076984,0.000000,1,false)
(0.005872,0.000000,1,false)
(0.018574,0.000000,1,false)
(0.018849,0.000000,1,false)
(0.038002,0.000000,1,false)
(0.990893,1.000000,0,true)
(0.989717,1.000000,0,true)
(0.986136,1.000000,0,true)
(0.999228,1.000000,0,true)
(0.925920,1.000000,0,true)
(0.957115,1.000000,0,false)
(0.922867,1.000000,0,false)
(0.989526,1.000000,0,false)
(0.995656,1.000000,0,false)
(0.947610,1.000000,0,false)
(0.993622,1.000000,0,false)
(0.938627,1.000000,0,false)
(0.900943,1.000000,0,false)
(0.904071,1.000000,0,false)
(0.928033,1.000000,0,false)
(0.949699,1.000000,0,false)
(0.978955,1.000000,0,false)
(0.955194,1.000000,0,false)
(0.961743,1.000000,0,false)
(0.934724,1.000000,0,false)
(0.979048,1.000000,0,false)
(0.972409,1.000000,0,false)
(0.949924,1.000000,0,false)
(0.949478,1.000000,0,false)
(0.949661,1.000000,0,false)
(0.960641,1.000000,0,false)
(0.998165,1.000000,0,false)
(0.926009,1.000000,0,false)
(0.942734,1.000000,0,false)
(0.949144,1.000000,0,false)
(0.987287,1.000000,0,false)
(0.901002,1.000000,0,false)
(0.965871,1.000000,0,false)
(0.990320,1.000000,0,false)
(0.997039,1.000000,0,false)
(0.972321,1.000000,0,false)
(0.920532,1.000000,0,false)
(0.975534,1.000000,0,false)
(0.996435,1.000000,0,false)
(0.959269,1.000000,0,false)
(0.957088,1.000000,0,false)
(0.937353,1.000000,0,false)
(0.965664,1.000000,0,false)
(0.994758,1.000000,0,false)
(0.954353,1.000000,0,false)
(0.927475,1.000000,0,false)
(0.946038,1.000000,0,false)
(0.939570,1.000000,0,false)
(0.992501,1.000000,0,false)
(0.938830,1.000000,0,false)
(0.980359,1.000000,0,false)
(0.980308,1.000000,0,false)
(0.933844,1.000000,0,false)
(0.978873,1.000000,0,false)
(0.906405,1.000000,0,false)
(0.953358,1.000000,0,false)
(0.955931,1.000000,0,false)
(0.999075,1.000000,0,false)
(0.900851,1.000000,0,false)
(0.927365,1.000000,0,false)
(0.995807,1.000000,0,false)
(0.942916,1.000000,0,false)
(0.940053,1.000000,0,false)
(0.976201,1.000000,0,false)
(0.962974,1.000000,0,false)
(0.991400,1.000000,0,false)
(0.947474,1.000000,0,false)
(0.983302,1.000000,0,false)
(0.961713,1.000000,0,false)
(0.961171,1.000000,0,false)
(0.935365,1.000000,0,false)
(0.936523,1.000000,0,false)
(0.930910,1.000000,0,false)
(0.945772,1.000000,0,false)
(0.920479,1.000000,0,false)
(0.900278,1.000000,0,false)
(0.961377,1.000000,0,false)
(0.985414,1.000000,0,false)
(0.900118,1.000000,0,false)
(0.988768,1.000000,0,false)
(0.986899,1.000000,0,false)
(0.904797,1.000000,0,false)
(0.915748,1.000000,0,false)
(0.910448,1.000000,0,false)
(0.965825,1.000000,0,false)
(0.972137,1.000000,0,false)
(0.906707,1.000000,0,false)
(0.909697,1.000000,0,false)
(0.975031,1.000000,0,false)
(0.905468,1.000000,0,false)
(0.966204,1.000000,0,false)
(0.996746,1.000000,0,false)
(0.927405,1.000000,0,false)
(0.984633,1.000000,0,false)
(0.955826,1.000000,0,false)
(0.931456,1.000000,0,false)
(0.997765,1.000000,0,false)
(0.919074,1.000000,0,false)
(0.913229,1.000000,0,false)
(0.910418,1.000000,0,false)
(0.900196,1.000000,0,false)
(0.972591,1.000000,0,false)
(0.900436,1.000000,0,false)
(0.900108,1.000000,0,false)
(0.902312,1.000000,0,false)
(0.956714,1.000000,0,false)
(0.987374,1.000000,0,false)
(0.961470,1.000000,0,false)
(0.988750,1.000000,0,false)
(0.974126,1.000000,0,false)
(0.946794,1.000000,0,false)
(0.923298,1.000000,0,false)
(0.997502,1.000000,0,false)
(0.922816,1.000000,0,false)
(0.952657,1.000000,0,false)
(0.983209,1.000000,0,false)
(0.948220,1.000000,0,false)
(0.960155,1.000000,0,false)
(0.924348,1.000000,0,false)
(0.945710,1.000000,0,false)

(0,0,false)
(1,0,false)
(2,0,false)
(5,0,false)
(6,0,false)
(9,0,false)
(10,0,false)
(14,0,false)
(15,0,false)
(16,0,false)
(18,0,false)
(20,0,false)
(21,0,false)
(23,0,false)
(24,0,false)
(25,0,false)
(26,0,false)
(27,0,false)
(28,0,false)
(31,0,false)
(32,0,false)
(33,0,false)
(34,0,false)
(35,0,false)
(36,0,false)
(38,0,false)
(39,0,false)
(40,0,false)
(41,0,false)
(42,0,false)
(43,0,false)
(44,0,false)
(45,0,false)
(46,0,false)
(47,0,false)
(49,0,false)
(52,0,false)
(53,0,false)
(55,0,false)
(56,0,false)
(57,0,false)
(59,0,false)
(60,0,false)
(62,0,false)
(63,0,false)
(65,0,false)
(66,0,true)
(67,0,false)
(68,0,false)
(70,0,false)
(71,0,false)
(73,0,false)
(74,0,false)
(75,0,false)
(78,0,false)
(79,0,false)
(80,0,false)
(81,0,false)
(82,0,false)
(83,0,false)
(85,0,false)
(86,0,false)
(87,0,false)
(88,0,false)
(90,0,false)
(91,0,false)
(92,0,false)
(93,0,false)
(94,0,false)
(95,0,false)
(96,0,false)
(97,0,false)
(98,0,false)
(99,0,false)
(100,0,false)
(101,0,false)
(103,0,false)
(104,0,false)
(105,0,false)
(107,0,false)
(108,0,false)
(109,0,false)
(110,0,false)
(111,0,true)
(112,0,false)
(113,0,true)
(114,0,true)
(116,0,false)
(117,0,false)
(118,0,false)
(121,0,false)
(123,0,false)
(124,0,false)
(125,0,false)
(126,0,false)
(128,0,false)
(130,0,false)
(131,0,false)
(132,0,false)
(133,0,false)
(134,0,false)
(135,0,false)
(136,0,false)
(137,0,false)
(138,0,false)
(141,0,false)
(142,0,false)
(144,0,false)
(146,0,false)
(147,0,false)
(148,0,false)
(149,0,false)
(150,0,false)
(151,0,false)
(152,0,false)
(153,0,false)
(154,0,false)
(155,0,false)
(156,0,false)
(157,0,false)
(158,0,false)
(159,0,false)
(160,0,false)
(161,0,false)
(163,0,true)
(164,0,false)
(165,0,false)
(167,0,false)
(168,0,false)
(169,0,false)
(170,0,false)
(172,0,false)
(173,0,false)
(174,0,false)
(178,0,false)
(179,0,false)
(180,0,true)
(181,0,true)
(182,0,true)
(183,0,true)
(184,0,true)
(186,0,true)
(188,0,true)
(189,0,true)
(191,0,true)
(192,0,true)
(193,0,true)
(194,0,true)
(195,0,true)
(197,0,true)
(198,0,true)
(199,0,true)
(200,0,true)
(201,0,true)
(202,0,true)
(203,0,true)
(204,0,true)
(208,0,true)
(209,0,true)
(212,0,true)
(213,0,true)
(214,0,true)
(218,0,true)
(219,0,true)
(220,0,true)
(222,0,false)
(223,0,true)
(224,0,true)
(225,0,true)
(226,0,true)
(227,0,true)
(228,0,true)
(229,0,true)
(231,0,true)
(232,0,false)
(234,0,false)
(235,0,true)
(236,0,true)
(237,0,true)
(239,0,true)
(241,0,true)
(242,0,true)
(244,0,true)
(245,0,true)
(246,0,false)
(247,0,true)
(248,0,true)
(249,0,true)
(250,0,true)
(251,0,true)
(252,0,true)
(254,0,true)
(255,0,true)
(257,0,true)
(258,0,true)
(259,0,true)
(264,0,true)
(266,0,true)
(267,0,true)
(269,0,true)
(274,0,true)
(275,0,true)
(276,0,true)
(277,0,true)
(278,0,true)
(279,0,true)
(281,0,true)
(282,0,true)
(283,0,true)
(284,0,true)
(285,0,true)
(286,0,true)
(287,0,true)
(288,0,true)
(289,0,true)
(290,0,true)
(291,0,true)
(292,0,true)
(293,0,true)
(294,0,true)
(295,0,true)
(296,0,false)
(297,0,true)
(299,0,true)
(0,1,false)
(2,1,false)
(3,1,false)
(4,1,false)
(5,1,false)
(6,1,false)
(9,1,false)
(10,1,false)
(11,1,false)
(12,1,false)
(13,1,false)
(14,1,false)
(15,1,false)
(16,1,false)
(18,1,false)
(19,1,false)
(20,1,false)
(21,1,false)
(22,1,false)
(24,1,false)
(27,1,false)
(28,1,false)
(29,1,false)
(32,1,false)
(35,1,false)
(36,1,false)
(37,1,false)
(38,1,true)
(42,1,true)
(44,1,false)
(47,1,true)
(48,1,false)
(51,1,true)
(52,1,false)
(53,1,false)
(54,1,false)
(55,1,false)
(56,1,false)
(58,1,false)
(59,1,false)
(61,1,false)
(62,1,false)
(64,1,false)
(65,1,false)
(67,1,false)
(68,1,false)
(69,1,true)
(70,1,false)
(71,1,false)
(72,1,false)
(73,1,false)
(74,1,false)
(76,1,false)
(77,1,true)
(80,1,false)
(81,1,false)
(82,1,false)
(84,1,false)
(85,1,false)
(86,1,false)
(89,1,false)
(90,1,false)
(91,1,false)
(93,1,false)
(94,1,false)
(96,1,false)
(99,1,true)
(101,1,false)
(102,1,false)
(103,1,false)
(104,1,false)
(107,1,false)
(108,1,false)
(109,1,false)
(110,1,false)
(111,1,false)
(113,1,false)
(114,1,false)
(118,1,false)
(119,1,false)
(122,1,false)
(123,1,false)
(124,1,false)
(125,1,false)
(126,1,false)
(129,1,false)
(130,1,false)
(131,1,false)
(132,1,false)
(133,1,false)
(134,1,false)
(136,1,false)
(138,1,false)
(139,1,false)
(142,1,false)
(143,1,false)
(144,1,false)
(145,1,false)
(146,1,false)
(147,1,false)
(148,1,false)
(150,1,false)
(153,1,false)
(155,1,false)
(156,1,false)
(157,1,false)
(161,1,false)
(162,1,false)
(163,1,false)
(164,1,false)
(166,1,false)
(168,1,false)
(169,1,false)
(171,1,false)
(172,1,false)
(174,1,false)
(175,1,false)
(176,1,false)
(179,1,false)
(180,1,true)
(181,1,true)
(183,1,true)
(184,1,true)
(186,1,true)
(187,1,true)
(188,1,true)
(189,1,true)
(190,1,true)
(191,1,true)
(192,1,true)
(194,1,true)
(196,1,true)
(197,1,true)
(198,1,true)
(199,1,true)
(201,1,true)
(204,1,true)
(206,1,true)
(209,1,true)
(211,1,true)
(216,1,true)
(218,1,true)
(220,1,true)
(223,1,true)
(224,1,true)
(225,1,true)
(228,1,true)
(229,1,true)
(230,1,true)
(231,1,true)
(232,1,true)
(233,1,true)
(235,1,true)
(236,1,true)
(237,1,true)
(238,1,true)
(239,1,true)
(240,1,true)
(241,1,true)
(243,1,true)
(247,1,true)
(248,1,true)
(251,1,true)
(253,1,true)
(256,1,true)
(257,1,true)
(261,1,true)
(264,1,true)
(269,1,true)
(270,1,true)
(271,1,true)
(272,1,false)
(273,1,true)
(274,1,true)
(275,1,true)
(276,1,true)
(277,1,true)
(279,1,true)
(280,1,true)
(282,1,true)
(284,1,true)
(285,1,true)
(286,1,true)
(287,1,true)
(288,1,true)
(290,1,true)
(291,1,true)
(292,1,true)
(297,1,true)
(298,1,true)
(299,1,true)
(2,2,false)
(7,2,false)
(8,2,false)
(10,2,false)
(11,2,true)
(13,2,false)
(20,2,false)
(21,2,false)
(22,2,false)
(23,2,false)
(24,2,false)
(25,2,false)
(26,2,false)
(28,2,false)
(33,2,false)
(34,2,false)
(36,2,true)
(40,2,false)
(44,2,false)
(45,2,false)
(47,2,false)
(48,2,false)
(49,2,false)
(50,2,false)
(54,2,true)
(56,2,false)
(57,2,false)
(61,2,false)
(63,2,true)
(64,2,false)
(67,2,false)
(70,2,false)
(71,2,false)
(77,2,false)
(79,2,false)
(81,2,false)
(82,2,false)
(83,2,false)
(84,2,false)
(85,2,false)
(86,2,false)
(89,2,false)
(90,2,false)
(91,2,false)
(94,2,false)
(96,2,false)
(97,2,false)
(98,2,false)
(100,2,false)
(103,2,false)
(104,2,false)
(105,2,false)
(106,2,false)
(109,2,false)
(110,2,false)
(111,2,false)
(115,2,false)
(118,2,false)
(119,2,false)
(121,2,false)
(122,2,false)
(124,2,false)
(125,2,false)
(126,2,false)
(127,2,false)
(128,2,false)
(129,2,false)
(131,2,false)
(132,2,false)
(134,2,false)
(138,2,false)
(139,2,false)
(140,2,true)
(143,2,false)
(145,2,false)
(147,2,false)
(148,2,false)
(151,2,false)
(157,2,false)
(158,2,false)
(159,2,false)
(161,2,false)
(163,2,false)
(164,2,false)
(165,2,false)
(167,2,false)
(168,2,false)
(169,2,false)
(171,2,false)
(177,2,false)
(178,2,false)
(180,2,true)
(181,2,true)
(184,2,true)
(186,2,true)
(188,2,true)
(190,2,true)
(191,2,true)
(194,2,true)
(200,2,true)
(204,2,true)
(205,2,true)
(206,2,true)
(207,2,true)
(208,2,true)
(209,2,true)
(212,2,true)
(213,2,true)
(214,2,true)
(217,2,true)
(218,2,true)
(219,2,true)
(220,2,true)
(222,2,true)
(223,2,true)
(225,2,true)
(226,2,true)
(227,2,true)
(228,2,true)
(229,2,true)
(233,2,true)
(236,2,true)
(237,2,true)
(238,2,true)
(239,2,true)
(244,2,true)
(245,2,true)
(246,2,true)
(247,2,true)
(248,2,true)
(249,2,true)
(250,2,true)
(252,2,true)
(254,2,false)
(255,2,true)
(256,2,true)
(257,2,true)
(259,2,true)
(260,2,true)
(261,2,false)
(263,2,false)
(265,2,true)
(271,2,true)
(273,2,true)
(274,2,true)
(276,2,true)
(277,2,true)
(279,2,true)
(280,2,true)
(281,2,true)
(283,2,true)
(284,2,true)
(285,2,true)
(287,2,true)
(288,2,true)
(290,2,true)
(293,2,true)
(294,2,true)
(295,2,true)
(298,2,true)
(1,3,false)
(2,3,false)
(5,3,false)
(6,3,false)
(7,3,true)
(9,3,false)
(11,3,false)
(13,3,false)
(15,3,false)
(16,3,false)
(20,3,false)
(21,3,false)
(22,3,false)
(26,3,false)
(33,3,false)
(35,3,false)
(42,3,false)
(44,3,false)
(45,3,false)
(48,3,false)
(52,3,false)
(53,3,false)
(54,3,false)
(55,3,false)
(56,3,false)
(59,3,false)
(62,3,false)
(63,3,true)
(66,3,false)
(67,3,false)
(68,3,false)
(69,3,true)
(70,3,false)
(74,3,false)
(75,3,false)
(76,3,false)
(78,3,false)
(81,3,false)
(84,3,false)
(86,3,false)
(88,3,false)
(90,3,false)
(91,3,false)
(92,3,false)
(94,3,false)
(96,3,false)
(97,3,false)
(98,3,false)
(99,3,false)
(100,3,false)
(103,3,false)
(105,3,false)
(106,3,false)
(111,3,false)
(112,3,true)
(114,3,false)
(115,3,false)
(116,3,false)
(117,3,false)
(120,3,false)
(122,3,false)
(125,3,false)
(126,3,false)
(128,3,true)
(131,3,false)
(134,3,false)
(136,3,false)
(137,3,false)
(138,3,false)
(141,3,false)
(142,3,false)
(145,3,false)
(151,3,false)
(152,3,false)
(153,3,false)
(154,3,false)
(155,3,false)
(159,3,false)
(161,3,false)
(165,3,false)
(166,3,true)
(168,3,false)
(170,3,false)
(171,3,false)
(172,3,false)
(175,3,false)
(177,3,false)
(178,3,false)
(179,3,false)
(180,3,true)
(181,3,true)
(184,3,true)
(186,3,true)
(187,3,true)
(188,3,true)
(189,3,true)
(194,3,true)
(197,3,true)
(199,3,true)
(201,3,true)
(202,3,true)
(207,3,true)
(209,3,true)
(210,3,true)
(211,3,true)
(213,3,true)
(215,3,true)
(216,3,true)
(218,3,true)
(219,3,false)
(220,3,true)
(223,3,true)
(224,3,true)
(229,3,true)
(231,3,true)
(235,3,false)
(240,3,true)
(241,3,true)
(242,3,true)
(243,3,true)
(245,3,true)
(246,3,true)
(247,3,true)
(248,3,true)
(249,3,true)
(251,3,true)
(254,3,true)
(256,3,true)
(257,3,true)
(258,3,true)
(260,3,true)
(261,3,true)
(263,3,true)
(267,3,true)
(268,3,true)
(270,3,false)
(271,3,true)
(277,3,true)
(278,3,true)
(279,3,true)
(285,3,true)
(290,3,true)
(291,3,true)
(299,3,true)
(0,4,false)
(2,4,false)
(4,4,false)
(5,4,false)
(10,4,false)
(11,4,false)
(12,4,false)
(18,4,false)
(20,4,false)
(21,4,false)
(22,4,false)
(23,4,false)
(25,4,false)
(27,4,false)
(28,4,false)
(29,4,false)
(30,4,false)
(31,4,false)
(32,4,false)
(36,4,false)
(37,4,false)
(38,4,false)
(39,4,false)
(40,4,false)
(41,4,false)
(42,4,false)
(43,4,false)
(44,4,false)
(46,4,false)
(47,4,false)
(49,4,false)
(50,4,false)
(51,4,false)
(52,4,false)
(53,4,false)
(57,4,false)
(58,4,false)
(59,4,false)
(62,4,false)
(63,4,true)
(69,4,false)
(70,4,false)
(71,4,false)
(72,4,false)
(73,4,false)
(74,4,false)
(80,4,false)
(84,4,false)
(86,4,false)
(88,4,false)
(90,4,false)
(94,4,false)
(95,4,false)
(96,4,false)
(101,4,false)
(102,4,false)
(105,4,false)
(109,4,false)
(111,4,false)
(112,4,false)
(113,4,false)
(115,4,false)
(118,4,false)
(121,4,false)
(122,4,false)
(124,4,false)
(127,4,false)
(130,4,false)
(132,4,false)
(133,4,false)
(135,4,false)
(138,4,true)
(139,4,false)
(141,4,false)
(144,4,false)
(145,4,false)
(146,4,false)
(148,4,false)
(149,4,false)
(150,4,false)
(152,4,false)
(153,4,false)
(156,4,false)
(161,4,false)
(162,4,false)
(165,4,false)
(169,4,false)
(170,4,false)
(172,4,false)
(174,4,false)
(177,4,false)
(179,4,false)
(181,4,true)
(183,4,true)
(185,4,true)
(186,4,true)
(191,4,false)
(192,4,false)
(193,4,true)
(194,4,true)
(197,4,true)
(201,4,true)
(204,4,true)
(208,4,true)
(211,4,true)
(213,4,true)
(214,4,true)
(215,4,true)
(219,4,true)
(220,4,true)
(222,4,true)
(223,4,true)
(228,4,true)
(229,4,true)
(231,4,true)
(232,4,true)
(235,4,true)
(237,4,true)
(238,4,true)
(239,4,true)
(241,4,true)
(242,4,false)
(243,4,true)
(245,4,true)
(246,4,true)
(248,4,true)
(250,4,true)
(251,4,true)
(255,4,true)
(256,4,true)
(259,4,true)
(260,4,true)
(261,4,true)
(265,4,true)
(269,4,true)
(272,4,true)
(273,4,true)
(274,4,true)
(275,4,true)
(278,4,true)
(281,4,true)
(284,4,true)
(285,4,true)
(288,4,true)
(289,4,true)
(291,4,true)
(292,4,true)
(293,4,true)
(295,4,true)
(296,4,true)
(0,5,false)
(1,5,false)
(4,5,false)
(5,5,false)
(6,5,false)
(8,5,false)
(10,5,false)
(11,5,false)
(13,5,false)
(14,5,false)
(18,5,false)
(19,5,true)
(20,5,false)
(24,5,false)
(26,5,false)
(28,5,false)
(29,5,false)
(31,5,false)
(33,5,false)
(34,5,false)
(36,5,false)
(38,5,false)
(39,5,false)
(40,5,false)
(44,5,false)
(47,5,false)
(48,5,false)
(49,5,false)
(50,5,false)
(55,5,false)
(56,5,false)
(59,5,false)
(60,5,false)
(61,5,false)
(62,5,false)
(65,5,false)
(71,5,true)
(72,5,false)
(77,5,false)
(78,5,false)
(79,5,false)
(81,5,false)
(83,5,false)
(85,5,false)
(87,5,true)
(88,5,false)
(90,5,false)
(91,5,true)
(92,5,false)
(93,5,false)
(97,5,false)
(99,5,false)
(100,5,false)
(101,5,false)
(102,5,false)
(103,5,false)
(105,5,false)
(106,5,false)
(109,5,false)
(110,5,false)
(113,5,false)
(115,5,false)
(116,5,false)
(118,5,false)
(124,5,false)
(126,5,false)
(128,5,false)
(133,5,false)
(135,5,false)
(140,5,false)
(142,5,false)
(143,5,false)
(145,5,false)
(149,5,false)
(150,5,false)
(152,5,false)
(153,5,false)
(154,5,false)
(155,5,false)
(157,5,true)
(160,5,false)
(161,5,false)
(163,5,false)
(164,5,true)
(165,5,false)
(167,5,false)
(168,5,true)
(169,5,false)
(170,5,false)
(171,5,false)
(175,5,false)
(178,5,false)
(179,5,false)
(182,5,true)
(183,5,true)
(184,5,true)
(185,5,true)
(188,5,true)
(189,5,true)
(190,5,true)
(192,5,true)
(193,5,true)
(196,5,true)
(200,5,true)
(206,5,true)
(207,5,true)
(209,5,true)
(212,5,true)
(214,5,true)
(215,5,true)
(220,5,true)
(221,5,true)
(222,5,true)
(225,5,true)
(226,5,true)
(230,5,true)
(233,5,true)
(234,5,true)
(236,5,true)
(237,5,true)
(238,5,true)
(239,5,true)
(241,5,true)
(242,5,true)
(246,5,true)
(248,5,true)
(251,5,true)
(252,5,true)
(253,5,true)
(258,5,true)
(261,5,true)
(263,5,true)
(265,5,true)
(266,5,true)
(268,5,true)
(269,5,true)
(272,5,true)
(274,5,true)
(278,5,true)
(289,5,true)
(291,5,true)
(292,5,true)
(296,5,true)
(298,5,true)
(299,5,false)
(1,6,false)
(4,6,false)
(6,6,false)
(9,6,true)
(10,6,false)
(11,6,false)
(14,6,false)
(17,6,false)
(18,6,false)
(19,6,false)
(26,6,false)
(28,6,false)
(31,6,false)
(34,6,false)
(35,6,false)
(37,6,false)
(40,6,false)
(43,6,false)
(45,6,false)
(46,6,false)
(47,6,false)
(54,6,false)
(55,6,false)
(57,6,true)
(58,6,false)
(61,6,false)
(62,6,false)
(63,6,false)
(64,6,false)
(68,6,false)
(70,6,false)
(71,6,false)
(72,6,false)
(74,6,false)
(78,6,false)
(81,6,false)
(83,6,false)
(84,6,false)
(88,6,false)
(90,6,false)
(91,6,false)
(97,6,false)
(98,6,false)
(102,6,false)
(104,6,false)
(109,6,false)
(110,6,false)
(112,6,false)
(113,6,false)
(114,6,false)
(115,6,true)
(117,6,false)
(119,6,false)
(121,6,false)
(122,6,false)
(124,6,false)
(125,6,false)
(129,6,false)
(133,6,false)
(134,6,false)
(135,6,false)
(138,6,false)
(139,6,false)
(143,6,false)
(148,6,false)
(149,6,false)
(151,6,false)
(154,6,false)
(157,6,false)
(159,6,false)
(164,6,false)
(165,6,false)
(167,6,false)
(170,6,false)
(171,6,false)
(174,6,false)
(176,6,false)
(177,6,false)
(185,6,true)
(186,6,true)
(187,6,true)
(189,6,true)
(191,6,true)
(194,6,true)
(202,6,true)
(203,6,true)
(222,6,true)
(225,6,true)
(227,6,true)
(231,6,true)
(232,6,true)
(233,6,true)
(236,6,true)
(240,6,true)
(242,6,true)
(244,6,true)
(245,6,true)
(250,6,true)
(251,6,true)
(252,6,true)
(254,6,true)
(257,6,true)
(259,6,true)
(260,6,true)
(261,6,true)
(262,6,true)
(264,6,true)
(266,6,true)
(267,6,true)
(271,6,true)
(274,6,true)
(279,6,true)
(282,6,true)
(285,6,true)
(287,6,true)
(288,6,true)
(289,6,true)
(290,6,true)
(291,6,true)
(292,6,true)
(294,6,true)
(295,6,true)
(296,6,true)
(0,7,false)
(2,7,false)
(3,7,false)
(12,7,false)
(14,7,false)
(15,7,false)
(16,7,false)
(17,7,false)
(18,7,false)
(24,7,false)
(25,7,false)
(26,7,false)
(36,7,false)
(38,7,true)
(39,7,false)
(41,7,false)
(45,7,false)
(47,7,false)
(48,7,false)
(49,7,false)
(50,7,false)
(51,7,false)
(52,7,false)
(53,7,false)
(54,7,false)
(56,7,false)
(57,7,false)
(58,7,false)
(61,7,false)
(66,7,false)
(70,7,false)
(72,7,false)
(73,7,false)
(76,7,false)
(78,7,false)
(80,7,false)
(88,7,false)
(89,7,false)
(91,7,false)
(92,7,false)
(96,7,false)
(115,7,false)
(120,7,false)
(125,7,false)
(126,7,true)
(129,7,false)
(131,7,false)
(132,7,false)
(133,7,false)
(134,7,false)
(135,7,false)
(136,7,true)
(137,7,false)
(138,7,false)
(139,7,false)
(141,7,false)
(145,7,false)
(153,7,false)
(160,7,false)
(164,7,false)
(170,7,false)
(171,7,false)
(173,7,false)
(176,7,false)
(180,7,true)
(184,7,true)
(187,7,true)
(189,7,true)
(190,7,true)
(191,7,true)
(192,7,true)
(193,7,true)
(198,7,true)
(201,7,true)
(203,7,true)
(206,7,true)
(210,7,true)
(212,7,true)
(214,7,true)
(215,7,true)
(218,7,true)
(219,7,true)
(221,7,true)
(222,7,true)
(223,7,true)
(224,7,true)
(236,7,true)
(237,7,true)
(239,7,true)
(241,7,true)
(242,7,true)
(243,7,true)
(244,7,true)
(249,7,true)
(250,7,true)
(251,7,true)
(255,7,false)
(256,7,true)
(257,7,true)
(258,7,false)
(259,7,true)
(261,7,true)
(262,7,true)
(264,7,true)
(267,7,true)
(272,7,true)
(276,7,true)
(280,7,true)
(284,7,true)
(285,7,true)
(287,7,true)
(289,7,true)
(290,7,true)
(293,7,true)
(296,7,true)
(297,7,true)
(298,7,true)
(3,8,false)
(8,8,true)
(9,8,false)
(15,8,false)
(17,8,false)
(18,8,false)
(19,8,false)
(21,8,false)
(32,8,false)
(33,8,false)
(34,8,true)
(39,8,false)
(40,8,false)
(42,8,false)
(43,8,false)
(44,8,false)
(49,8,false)
(50,8,false)
(52,8,false)
(53,8,false)
(61,8,false)
(64,8,false)
(65,8,false)
(67,8,true)
(70,8,false)
(77,8,false)
(78,8,false)
(80,8,false)
(81,8,false)
(82,8,false)
(86,8,false)
(87,8,false)
(88,8,false)
(89,8,false)
(90,8,false)
(93,8,false)
(101,8,false)
(103,8,false)
(104,8,false)
(107,8,false)
(110,8,false)
(111,8,false)
(112,8,false)
(113,8,false)
(116,8,false)
(117,8,false)
(120,8,false)
(122,8,false)
(130,8,false)
(137,8,false)
(138,8,false)
(139,8,false)
(140,8,false)
(143,8,false)
(144,8,false)
(148,8,false)
(150,8,false)
(152,8,false)
(154,8,false)
(155,8,false)
(156,8,false)
(157,8,false)
(161,8,false)
(163,8,false)
(165,8,false)
(167,8,false)
(173,8,false)
(175,8,false)
(177,8,false)
(180,8,true)
(181,8,true)
(183,8,true)
(184,8,true)
(186,8,true)
(190,8,true)
(191,8,true)
(193,8,true)
(195,8,true)
(198,8,true)
(204,8,true)
(210,8,true)
(211,8,true)
(212,8,true)
(213,8,true)
(214,8,true)
(217,8,true)
(219,8,true)
(220,8,true)
(221,8,true)
(222,8,true)
(223,8,true)
(225,8,true)
(226,8,true)
(228,8,true)
(229,8,true)
(232,8,true)
(234,8,true)
(236,8,true)
(238,8,true)
(239,8,true)
(240,8,true)
(242,8,true)
(244,8,true)
(246,8,true)
(248,8,true)
(250,8,true)
(251,8,true)
(254,8,true)
(256,8,true)
(259,8,true)
(260,8,true)
(262,8,true)
(263,8,false)
(264,8,true)
(265,8,true)
(267,8,false)
(269,8,true)
(270,8,true)
(274,8,true)
(276,8,true)
(277,8,true)
(278,8,true)
(279,8,true)
(280,8,true)
(282,8,false)
(285,8,true)
(290,8,true)
(291,8,true)
(292,8,true)
(293,8,true)
(295,8,true)
(298,8,true)
(299,8,true)
(2,9,false)
(5,9,false)
(6,9,false)
(9,9,false)
(12,9,false)
(13,9,false)
(16,9,false)
(17,9,false)
(20,9,false)
(25,9,false)
(26,9,false)
(27,9,false)
(33,9,false)
(34,9,false)
(36,9,false)
(38,9,false)
(39,9,false)
(41,9,false)
(43,9,false)
(46,9,false)
(48,9,false)
(59,9,false)
(63,9,false)
(67,9,false)
(69,9,false)
(73,9,false)
(75,9,true)
(76,9,false)
(77,9,false)
(78,9,false)
(82,9,false)
(85,9,false)
(87,9,false)
(89,9,false)
(90,9,false)
(91,9,false)
(92,9,false)
(95,9,false)
(96,9,false)
(97,9,false)
(101,9,false)
(103,9,false)
(105,9,false)
(106,9,false)
(112,9,false)
(116,9,false)
(118,9,false)
(121,9,false)
(124,9,false)
(125,9,false)
(127,9,false)
(130,9,false)
(132,9,false)
(133,9,false)
(138,9,false)
(141,9,false)
(144,9,false)
(145,9,false)
(153,9,false)
(154,9,false)
(159,9,false)
(160,9,false)
(161,9,false)
(163,9,false)
(167,9,false)
(172,9,false)
(173,9,false)
(175,9,true)
(178,9,false)
(180,9,true)
(184,9,true)
(186,9,true)
(190,9,true)
(193,9,true)
(194,9,true)
(196,9,true)
(198,9,true)
(201,9,true)
(205,9,true)
(206,9,true)
(209,9,true)
(210,9,false)
(211,9,true)
(216,9,true)
(219,9,true)
(220,9,true)
(221,9,true)
(225,9,true)
(232,9,true)
(236,9,true)
(239,9,true)
(245,9,true)
(259,9,true)
(260,9,true)
(263,9,true)
(264,9,true)
(265,9,true)
(267,9,true)
(269,9,true)
(274,9,true)
(276,9,true)
(277,9,true)
(278,9,true)
(279,9,true)
(282,9,true)
(284,9,true)
(285,9,true)
(287,9,true)
(290,9,true)
(291,9,true)
(292,9,true)
(294,9,true)
(0,10,false)
(1,10,false)
(10,10,false)
(11,10,false)
(12,10,false)
(15,10,false)
(21,10,false)
(23,10,false)
(25,10,false)
(27,10,false)
(36,10,false)
(37,10,false)
(41,10,false)
(43,10,false)
(46,10,true)
(53,10,false)
(54,10,false)
(58,10,false)
(61,10,false)
(69,10,false)
(70,10,false)
(75,10,false)
(79,10,false)
(84,10,false)
(88,10,true)
(91,10,false)
(95,10,false)
(110,10,false)
(112,10,false)
(113,10,false)
(114,10,false)
(118,10,false)
(119,10,false)
(120,10,false)
(122,10,true)
(126,10,false)
(129,10,false)
(131,10,false)
(132,10,false)
(135,10,false)
(136,10,false)
(140,10,false)
(146,10,false)
(149,10,false)
(153,10,false)
(154,10,false)
(156,10,false)
(158,10,false)
(161,10,false)
(164,10,false)
(167,10,false)
(168,10,false)
(175,10,false)
(180,10,true)
(183,10,true)
(185,10,true)
(187,10,true)
(189,10,true)
(190,10,true)
(191,10,true)
(192,10,true)
(193,10,true)
(200,10,true)
(201,10,true)
(205,10,true)
(206,10,true)
(208,10,true)
(210,10,true)
(224,10,true)
(227,10,true)
(229,10,true)
(231,10,true)
(237,10,true)
(238,10,true)
(241,10,true)
(244,10,true)
(245,10,true)
(246,10,true)
(250,10,true)
(255,10,true)
(257,10,true)
(259,10,true)
(260,10,true)
(262,10,true)
(268,10,true)
(273,10,true)
(274,10,true)
(277,10,true)
(279,10,true)
(281,10,true)
(282,10,true)
(283,10,true)
(287,10,true)
(288,10,true)
(290,10,true)
(291,10,true)
(292,10,true)
(294,10,true)
(296,10,true)
(297,10,true)
(298,10,true)
(4,11,false)
(6,11,false)
(10,11,false)
(13,11,false)
(17,11,false)
(21,11,false)
(22,11,false)
(25,11,false)
(28,11,true)
(29,11,false)
(30,11,false)
(31,11,false)
(38,11,false)
(40,11,false)
(41,11,false)
(47,11,false)
(55,11,false)
(59,11,false)
(60,11,false)
(62,11,false)
(65,11,false)
(70,11,false)
(74,11,false)
(76,11,false)
(78,11,false)
(80,11,false)
(81,11,false)
(84,11,false)
(85,11,false)
(86,11,false)
(88,11,false)
(89,11,false)
(93,11,false)
(98,11,false)
(99,11,false)
(106,11,false)
(111,11,false)
(117,11,false)
(121,11,false)
(127,11,false)
(128,11,false)
(130,11,false)
(131,11,false)
(132,11,false)
(133,11,false)
(136,11,false)
(137,11,false)
(138,11,true)
(139,11,false)
(140,11,false)
(152,11,false)
(160,11,false)
(165,11,false)
(174,11,false)
(175,11,false)
(176,11,false)
(177,11,false)
(179,11,false)
(180,11,true)
(184,11,true)
(187,11,true)
(192,11,true)
(193,11,true)
(194,11,true)
(196,11,true)
(197,11,true)
(198,11,true)
(199,11,true)
(200,11,true)
(204,11,true)
(205,11,true)
(209,11,true)
(212,11,true)
(214,11,true)
(216,11,true)
(224,11,true)
(229,11,true)
(231,11,true)
(244,11,true)
(254,11,true)
(259,11,true)
(262,11,true)
(271,11,true)
(275,11,true)
(277,11,true)
(278,11,true)
(281,11,true)
(283,11,true)
(284,11,true)
(286,11,true)
(287,11,true)
(293,11,true)
(295,11,true)
(299,11,true)
(0,12,false)
(3,12,false)
(6,12,false)
(9,12,false)
(16,12,false)
(18,12,false)
(20,12,false)
(23,12,false)
(27,12,false)
(31,12,false)
(32,12,false)
(33,12,false)
(35,12,false)
(38,12,false)
(44,12,false)
(50,12,false)
(51,12,true)
(53,12,false)
(54,12,false)
(55,12,false)
(56,12,false)
(57,12,false)
(58,12,false)
(59,12,false)
(63,12,true)
(67,12,false)
(72,12,false)
(74,12,false)
(75,12,false)
(77,12,false)
(87,12,false)
(89,12,true)
(90,12,false)
(99,12,false)
(100,12,false)
(109,12,false)
(110,12,false)
(114,12,true)
(121,12,false)
(123,12,false)
(124,12,false)
(128,12,false)
(129,12,false)
(132,12,false)
(134,12,false)
(138,12,false)
(140,12,false)
(141,12,false)
(143,12,false)
(144,12,false)
(146,12,false)
(147,12,false)
(152,12,false)
(154,12,false)
(157,12,false)
(160,12,false)
(164,12,false)
(165,12,false)
(166,12,false)
(168,12,false)
(169,12,false)
(170,12,false)
(175,12,false)
(183,12,true)
(184,12,true)
(185,12,true)
(187,12,false)
(189,12,true)
(191,12,true)
(194,12,true)
(195,12,true)
(197,12,true)
(198,12,true)
(204,12,true)
(205,12,true)
(206,12,true)
(207,12,true)
(208,12,true)
(210,12,true)
(212,12,true)
(218,12,true)
(221,12,true)
(222,12,true)
(226,12,true)
(228,12,true)
(229,12,true)
(230,12,true)
(231,12,true)
(232,12,true)
(233,12,true)
(237,12,true)
(241,12,true)
(242,12,true)
(245,12,true)
(253,12,true)
(261,12,true)
(262,12,true)
(263,12,true)
(274,12,true)
(276,12,true)
(277,12,true)
(282,12,true)
(284,12,true)
(286,12,true)
(287,12,true)
(288,12,true)
(291,12,true)
(293,12,true)
(294,12,true)
(297,12,true)
(298,12,true)
(6,13,false)
(8,13,false)
(11,13,false)
(15,13,false)
(16,13,false)
(17,13,false)
(26,13,false)
(28,13,false)
(33,13,false)
(34,13,false)
(37,13,false)
(43,13,false)
(45,13,false)
(48,13,false)
(57,13,false)
(60,13,false)
(62,13,false)
(72,13,false)
(76,13,false)
(77,13,false)
(80,13,false)
(99,13,true)
(100,13,false)
(101,13,false)
(103,13,false)
(107,13,false)
(108,13,false)
(109,13,false)
(110,13,false)
(119,13,false)
(120,13,false)
(122,13,false)
(123,13,false)
(125,13,false)
(131,13,false)
(133,13,true)
(142,13,false)
(145,13,false)
(147,13,true)
(150,13,false)
(151,13,false)
(152,13,false)
(153,13,false)
(155,13,true)
(159,13,false)
(161,13,false)
(163,13,false)
(166,13,false)
(167,13,false)
(171,13,false)
(172,13,false)
(173,13,false)
(176,13,false)
(177,13,false)
(178,13,false)
(179,13,false)
(184,13,true)
(187,13,true)
(189,13,true)
(190,13,true)
(194,13,true)
(196,13,true)
(198,13,true)
(204,13,true)
(206,13,true)
(209,13,true)
(212,13,true)
(216,13,true)
(225,13,true)
(229,13,true)
(230,13,true)
(231,13,true)
(233,13,true)
(234,13,true)
(235,13,true)
(236,13,true)
(237,13,true)
(251,13,true)
(263,13,true)
(264,13,true)
(268,13,true)
(274,13,true)
(275,13,true)
(278,13,true)
(280,13,true)
(283,13,true)
(286,13,true)
(296,13,true)
(4,14,false)
(5,14,false)
(6,14,false)
(7,14,false)
(23,14,false)
(27,14,false)
(28,14,false)
(29,14,false)
(31,14,false)
(36,14,true)
(37,14,false)
(39,14,false)
(44,14,false)
(47,14,true)
(50,14,false)
(52,14,false)
(53,14,false)
(57,14,false)
(59,14,false)
(60,14,false)
(67,14,true)
(72,14,false)
(74,14,false)
(75,14,false)
(77,14,false)
(81,14,false)
(82,14,false)
(84,14,false)
(85,14,false)
(86,14,false)
(87,14,false)
(88,14,false)
(90,14,false)
(94,14,false)
(96,14,false)
(98,14,false)
(109,14,false)
(110,14,false)
(113,14,false)
(115,14,false)
(117,14,false)
(118,14,false)
(119,14,false)
(120,14,false)
(121,14,false)
(123,14,false)
(124,14,false)
(128,14,false)
(130,14,false)
(132,14,false)
(133,14,false)
(136,14,false)
(137,14,true)
(138,14,false)
(140,14,false)
(144,14,false)
(146,14,false)
(148,14,false)
(150,14,false)
(154,14,false)
(155,14,false)
(157,14,false)
(158,14,false)
(160,14,false)
(162,14,false)
(168,14,false)
(169,14,false)
(170,14,false)
(171,14,false)
(180,14,true)
(185,14,true)
(187,14,true)
(190,14,true)
(191,14,false)
(194,14,true)
(197,14,true)
(198,14,true)
(199,14,true)
(201,14,true)
(205,14,true)
(207,14,true)
(210,14,true)
(212,14,true)
(217,14,true)
(219,14,true)
(223,14,true)
(227,14,true)
(228,14,true)
(230,14,true)
(231,14,true)
(238,14,true)
(239,14,true)
(240,14,true)
(241,14,true)
(242,14,false)
(249,14,true)
(250,14,true)
(256,14,true)
(261,14,true)
(265,14,true)
(266,14,true)
(267,14,true)
(270,14,true)
(274,14,true)
(279,14,true)
(283,14,true)
(285,14,true)
(286,14,true)
(287,14,true)
(288,14,true)
(292,14,true)
(295,14,true)
(296,14,false)
(299,14,true)
(1,15,false)
(6,15,false)
(10,15,false)
(15,15,false)
(17,15,false)
(18,15,false)
(22,15,false)
(23,15,false)
(32,15,false)
(35,15,false)
(38,15,false)
(41,15,false)
(42,15,false)
(43,15,false)
(47,15,false)
(48,15,false)
(53,15,false)
(54,15,false)
(57,15,false)
(61,15,false)
(66,15,false)
(71,15,false)
(75,15,false)
(79,15,false)
(81,15,false)
(83,15,false)
(88,15,false)
(91,15,false)
(94,15,false)
(97,15,false)
(102,15,false)
(112,15,true)
(114,15,false)
(116,15,false)
(118,15,false)
(121,15,false)
(126,15,false)
(127,15,false)
(128,15,false)
(133,15,false)
(136,15,false)
(149,15,false)
(151,15,false)
(154,15,false)
(160,15,false)
(162,15,false)
(165,15,false)
(168,15,false)
(175,15,false)
(179,15,false)
(180,15,true)
(184,15,true)
(187,15,true)
(194,15,true)
(202,15,true)
(208,15,false)
(210,15,true)
(212,15,true)
(217,15,true)
(218,15,true)
(221,15,true)
(223,15,true)
(232,15,true)
(234,15,false)
(235,15,true)
(240,15,true)
(243,15,true)
(247,15,true)
(248,15,true)
(252,15,false)
(253,15,true)
(256,15,true)
(260,15,true)
(261,15,true)
(266,15,true)
(267,15,true)
(268,15,true)
(272,15,true)
(280,15,true)
(282,15,true)
(285,15,true)
(286,15,true)
(287,15,true)
(288,15,true)
(294,15,true)
(296,15,true)
(299,15,true)
(1,16,false)
(7,16,false)
(8,16,false)
(14,16,false)
(15,16,false)
(16,16,false)
(20,16,false)
(28,16,false)
(34,16,false)
(39,16,false)
(41,16,false)
(42,16,true)
(43,16,false)
(44,16,true)
(49,16,false)
(50,16,false)
(54,16,false)
(61,16,false)
(62,16,false)
(69,16,false)
(78,16,false)
(80,16,false)
(81,16,false)
(82,16,false)
(83,16,false)
(90,16,false)
(91,16,false)
(92,16,false)
(98,16,true)
(100,16,false)
(104,16,false)
(107,16,false)
(109,16,false)
(110,16,false)
(114,16,false)
(115,16,false)
(117,16,false)
(125,16,false)
(127,16,false)
(129,16,false)
(132,16,false)
(136,16,false)
(142,16,false)
(152,16,false)
(155,16,false)
(156,16,false)
(157,16,false)
(161,16,false)
(163,16,false)
(164,16,true)
(170,16,false)
(177,16,false)
(179,16,true)
(181,16,true)
(185,16,true)
(189,16,true)
(190,16,true)
(196,16,true)
(197,16,true)
(198,16,true)
(200,16,true)
(203,16,true)
(204,16,true)
(208,16,true)
(211,16,true)
(212,16,true)
(216,16,true)
(217,16,true)
(222,16,false)
(223,16,true)
(226,16,true)
(227,16,true)
(229,16,true)
(240,16,true)
(242,16,true)
(243,16,true)
(249,16,true)
(252,16,true)
(253,16,true)
(258,16,true)
(259,16,true)
(260,16,true)
(261,16,false)
(263,16,true)
(264,16,false)
(266,16,true)
(269,16,true)
(271,16,true)
(272,16,true)
(275,16,true)
(276,16,true)
(290,16,true)
(293,16,false)
(295,16,true)
(296,16,true)
(6,17,false)
(8,17,false)
(9,17,false)
(14,17,true)
(18,17,false)
(30,17,false)
(31,17,false)
(34,17,false)
(41,17,false)
(42,17,false)
(45,17,false)
(51,17,false)
(55,17,false)
(56,17,false)
(60,17,true)
(62,17,false)
(66,17,false)
(68,17,false)
(74,17,false)
(76,17,false)
(77,17,false)
(79,17,false)
(81,17,false)
(84,17,false)
(93,17,false)
(95,17,false)
(96,17,false)
(109,17,false)
(114,17,false)
(120,17,false)
(124,17,false)
(131,17,false)
(132,17,false)
(134,17,false)
(135,17,false)
(140,17,false)
(147,17,false)
(148,17,false)
(149,17,false)
(154,17,false)
(155,17,false)
(161,17,false)
(162,17,false)
(168,17,false)
(172,17,false)
(175,17,false)
(177,17,false)
(181,17,true)
(182,17,true)
(185,17,true)
(190,17,true)
(191,17,true)
(198,17,true)
(202,17,true)
(203,17,true)
(209,17,true)
(210,17,true)
(211,17,false)
(215,17,true)
(216,17,true)
(217,17,true)
(219,17,true)
(221,17,true)
(225,17,false)
(227,17,true)
(229,17,true)
(230,17,true)
(231,17,true)
(233,17,true)
(236,17,true)
(242,17,true)
(246,17,true)
(255,17,true)
(257,17,true)
(258,17,true)
(260,17,true)
(263,17,true)
(270,17,true)
(272,17,true)
(274,17,true)
(277,17,true)
(278,17,true)
(279,17,true)
(287,17,true)
(289,17,true)
(290,17,true)
(297,17,true)
(298,17,true)
(9,18,false)
(10,18,false)
(13,18,false)
(25,18,false)
(31,18,false)
(32,18,false)
(34,18,false)
(48,18,false)
(49,18,false)
(61,18,false)
(66,18,false)
(72,18,false)
(76,18,false)
(79,18,false)
(84,18,false)
(99,18,false)
(105,18,false)
(107,18,false)
(108,18,false)
(109,18,false)
(110,18,false)
(114,18,false)
(118,18,false)
(119,18,false)
(124,18,false)
(129,18,false)
(130,18,false)
(137,18,false)
(143,18,false)
(151,18,false)
(152,18,false)
(153,18,false)
(156,18,false)
(157,18,false)
(158,18,false)
(163,18,false)
(168,18,false)
(169,18,false)
(176,18,false)
(178,18,false)
(180,18,true)
(184,18,true)
(193,18,true)
(198,18,true)
(202,18,true)
(204,18,true)
(214,18,true)
(215,18,true)
(217,18,false)
(220,18,true)
(222,18,true)
(223,18,true)
(227,18,true)
(228,18,true)
(229,18,true)
(230,18,true)
(235,18,true)
(236,18,true)
(242,18,true)
(245,18,true)
(247,18,true)
(248,18,true)
(250,18,true)
(253,18,true)
(254,18,false)
(255,18,true)
(260,18,true)
(261,18,true)
(276,18,true)
(281,18,true)
(283,18,true)
(284,18,true)
(288,18,true)
(289,18,true)
(290,18,true)
(292,18,true)
(293,18,true)
(295,18,true)
(299,18,true)
(0,19,false)
(7,19,false)
(8,19,false)
(9,19,true)
(19,19,false)
(23,19,false)
(27,19,false)
(29,19,false)
(31,19,false)
(32,19,false)
(38,19,false)
(39,19,false)
(41,19,false)
(54,19,false)
(55,19,false)
(60,19,false)
(63,19,false)
(70,19,false)
(74,19,false)
(76,19,false)
(81,19,false)
(82,19,false)
(84,19,false)
(85,19,false)
(90,19,false)
(91,19,false)
(92,19,false)
(97,19,false)
(99,19,false)
(103,19,false)
(104,19,false)
(109,19,false)
(111,19,false)
(112,19,false)
(116,19,false)
(119,19,false)
(120,19,false)
(121,19,false)
(126,19,false)
(127,19,false)
(128,19,false)
(130,19,false)
(137,19,false)
(139,19,false)
(142,19,false)
(143,19,false)
(145,19,false)
(148,19,false)
(153,19,false)
(154,19,false)
(162,19,false)
(164,19,false)
(171,19,true)
(174,19,false)
(175,19,false)
(178,19,false)
(190,19,true)
(191,19,true)
(194,19,true)
(195,19,true)
(198,19,true)
(201,19,true)
(203,19,true)
(207,19,true)
(209,19,true)
(210,19,true)
(212,19,true)
(215,19,true)
(216,19,true)
(217,19,true)
(223,19,true)
(230,19,false)
(232,19,true)
(236,19,true)
(237,19,true)
(238,19,true)
(243,19,true)
(249,19,true)
(251,19,false)
(258,19,true)
(260,19,true)
(264,19,true)
(278,19,false)
(287,19,true)
(290,19,true)
(293,19,true)
(294,19,true)
(295,19,false)
(296,19,true)
(1,20,false)
(4,20,false)
(7,20,false)
(11,20,false)
(12,20,false)
(17,20,false)
(19,20,false)
(24,20,false)
(25,20,false)
(28,20,false)
(31,20,false)
(38,20,false)
(39,20,false)
(40,20,true)
(42,20,false)
(43,20,false)
(45,20,true)
(48,20,false)
(52,20,false)
(57,20,false)
(58,20,false)
(60,20,false)
(68,20,false)
(71,20,false)
(72,20,false)
(74,20,false)
(77,20,false)
(78,20,true)
(81,20,false)
(82,20,false)
(84,20,false)
(91,20,false)
(92,20,false)
(95,20,false)
(99,20,false)
(116,20,false)
(128,20,false)
(132,20,false)
(134,20,false)
(136,20,false)
(137,20,true)
(138,20,true)
(139,20,false)
(146,20,false)
(151,20,false)
(160,20,false)
(162,20,false)
(168,20,false)
(170,20,false)
(175,20,false)
(176,20,false)
(178,20,false)
(179,20,false)
(181,20,true)
(190,20,true)
(191,20,true)
(192,20,true)
(195,20,true)
(211,20,true)
(213,20,true)
(224,20,true)
(226,20,true)
(232,20,true)
(235,20,true)
(239,20,true)
(242,20,true)
(244,20,true)
(245,20,true)
(247,20,true)
(250,20,true)
(253,20,true)
(261,20,true)
(262,20,true)
(264,20,true)
(268,20,true)
(272,20,true)
(274,20,true)
(276,20,true)
(285,20,true)
(288,20,true)
(292,20,true)
(3,21,false)
(8,21,false)
(16,21,false)
(21,21,false)
(23,21,false)
(27,21,true)
(30,21,false)
(34,21,false)
(35,21,false)
(37,21,false)
(41,21,false)
(47,21,false)
(53,21,false)
(59,21,false)
(63,21,false)
(64,21,false)
(65,21,false)
(66,21,false)
(69,21,false)
(75,21,false)
(76,21,false)
(79,21,false)
(80,21,false)
(81,21,false)
(82,21,false)
(83,21,false)
(84,21,false)
(87,21,false)
(88,21,false)
(90,21,false)
(91,21,false)
(93,21,false)
(94,21,false)
(98,21,true)
(99,21,false)
(102,21,false)
(108,21,false)
(109,21,false)
(112,21,false)
(113,21,false)
(114,21,false)
(115,21,false)
(121,21,false)
(123,21,false)
(124,21,false)
(125,21,false)
(133,21,false)
(134,21,false)
(136,21,false)
(137,21,false)
(144,21,false)
(151,21,false)
(154,21,false)
(158,21,false)
(159,21,true)
(183,21,true)
(185,21,true)
(187,21,true)
(190,21,true)
(199,21,true)
(201,21,true)
(203,21,true)
(204,21,true)
(208,21,true)
(211,21,true)
(213,21,true)
(215,21,true)
(217,21,true)
(223,21,true)
(227,21,true)
(231,21,true)
(233,21,true)
(236,21,true)
(237,21,true)
(238,21,true)
(239,21,true)
(240,21,true)
(241,21,true)
(242,21,false)
(247,21,true)
(248,21,true)
(252,21,true)
(255,21,false)
(266,21,true)
(270,21,true)
(273,21,true)
(274,21,true)
(276,21,true)
(278,21,true)
(282,21,true)
(285,21,true)
(292,21,true)
(293,21,true)
(295,21,true)
(1,22,false)
(5,22,false)
(7,22,false)
(8,22,false)
(11,22,false)
(15,22,false)
(20,22,false)
(25,22,false)
(27,22,false)
(31,22,true)
(32,22,false)
(33,22,false)
(35,22,false)
(36,22,false)
(46,22,false)
(50,22,false)
(51,22,false)
(54,22,false)
(59,22,false)
(61,22,false)
(62,22,false)
(65,22,false)
(66,22,false)
(74,22,false)
(79,22,false)
(80,22,false)
(81,22,false)
(87,22,false)
(88,22,false)
(89,22,false)
(93,22,false)
(101,22,false)
(102,22,false)
(114,22,false)
(115,22,false)
(121,22,false)
(124,22,false)
(135,22,false)
(141,22,false)
(143,22,false)
(148,22,false)
(149,22,false)
(150,22,true)
(151,22,false)
(158,22,true)
(161,22,false)
(170,22,false)
(176,22,false)
(178,22,false)
(182,22,true)
(184,22,true)
(187,22,true)
(191,22,true)
(204,22,true)
(211,22,true)
(214,22,true)
(220,22,true)
(226,22,true)
(232,22,true)
(235,22,true)
(238,22,true)
(239,22,true)
(242,22,true)
(244,22,true)
(246,22,true)
(247,22,true)
(265,22,true)
(268,22,true)
(274,22,true)
(275,22,true)
(276,22,true)
(278,22,false)
(280,22,true)
(282,22,true)
(283,22,false)
(284,22,false)
(290,22,true)
(294,22,true)
(297,22,true)
(0,23,false)
(6,23,false)
(8,23,false)
(12,23,false)
(16,23,false)
(20,23,false)
(25,23,false)
(30,23,false)
(31,23,false)
(34,23,false)
(42,23,true)
(44,23,false)
(45,23,false)
(50,23,false)
(56,23,false)
(64,23,false)
(69,23,false)
(70,23,false)
(71,23,false)
(75,23,false)
(86,23,false)
(87,23,false)
(88,23,false)
(100,23,false)
(102,23,false)
(103,23,false)
(105,23,false)
(114,23,false)
(118,23,false)
(119,23,false)
(120,23,false)
(122,23,false)
(123,23,true)
(126,23,false)
(129,23,false)
(130,23,false)
(134,23,false)
(139,23,false)
(144,23,false)
(147,23,false)
(155,23,true)
(157,23,false)
(159,23,false)
(161,23,false)
(162,23,false)
(165,23,false)
(172,23,false)
(173,23,false)
(175,23,false)
(177,23,false)
(178,23,false)
(181,23,true)
(184,23,true)
(189,23,true)
(191,23,true)
(194,23,true)
(200,23,true)
(204,23,true)
(208,23,true)
(212,23,true)
(215,23,true)
(220,23,false)
(221,23,true)
(222,23,true)
(236,23,true)
(240,23,true)
(241,23,true)
(243,23,true)
(245,23,true)
(252,23,false)
(253,23,true)
(262,23,true)
(263,23,true)
(264,23,true)
(266,23,true)
(267,23,true)
(270,23,true)
(271,23,true)
(276,23,true)
(277,23,false)
(278,23,true)
(279,23,true)
(280,23,true)
(296,23,false)
(298,23,true)
(5,24,false)
(12,24,false)
(15,24,false)
(17,24,false)
(20,24,false)
(23,24,false)
(30,24,false)
(43,24,false)
(44,24,false)
(45,24,false)
(51,24,false)
(55,24,false)
(61,24,false)
(63,24,true)
(64,24,false)
(67,24,false)
(78,24,false)
(80,24,false)
(84,24,false)
(87,24,true)
(92,24,false)
(95,24,false)
(97,24,false)
(103,24,false)
(112,24,false)
(114,24,false)
(118,24,false)
(122,24,false)
(128,24,false)
(129,24,true)
(135,24,false)
(138,24,false)
(139,24,false)
(140,24,false)
(146,24,false)
(158,24,false)
(159,24,false)
(162,24,false)
(164,24,false)
(170,24,false)
(171,24,false)
(175,24,false)
(178,24,false)
(182,24,true)
(184,24,true)
(190,24,true)
(194,24,true)
(196,24,true)
(199,24,true)
(206,24,true)
(209,24,true)
(215,24,true)
(239,24,true)
(244,24,true)
(245,24,true)
(247,24,true)
(248,24,true)
(249,24,true)
(250,24,true)
(253,24,true)
(257,24,true)
(261,24,true)
(262,24,true)
(272,24,true)
(274,24,true)
(275,24,true)
(291,24,true)
(295,24,true)
(6,25,false)
(19,25,false)
(22,25,false)
(26,25,false)
(28,25,false)
(32,25,false)
(35,25,false)
(41,25,false)
(42,25,false)
(43,25,false)
(44,25,false)
(49,25,false)
(50,25,false)
(55,25,false)
(56,25,false)
(57,25,false)
(62,25,false)
(65,25,false)
(67,25,false)
(75,25,false)
(77,25,false)
(79,25,false)
(82,25,false)
(87,25,false)
(88,25,false)
(96,25,false)
(103,25,false)
(109,25,false)
(110,25,false)
(111,25,false)
(117,25,false)
(120,25,false)
(123,25,false)
(125,25,false)
(129,25,false)
(130,25,false)
(137,25,false)
(141,25,false)
(143,25,false)
(145,25,false)
(146,25,false)
(147,25,false)
(152,25,false)
(156,25,false)
(162,25,false)
(164,25,false)
(167,25,false)
(170,25,true)
(173,25,true)
(175,25,false)
(192,25,true)
(194,25,true)
(197,25,true)
(198,25,true)
(199,25,true)
(201,25,true)
(203,25,true)
(206,25,true)
(211,25,false)
(213,25,true)
(215,25,true)
(229,25,true)
(233,25,true)
(236,25,true)
(244,25,true)
(252,25,true)
(253,25,true)
(257,25,true)
(264,25,true)
(270,25,true)
(273,25,true)
(288,25,true)
(296,25,true)
(299,25,true)
(12,26,false)
(19,26,false)
(20,26,false)
(21,26,false)
(22,26,false)
(26,26,false)
(34,26,false)
(36,26,false)
(44,26,false)
(49,26,false)
(51,26,false)
(55,26,false)
(60,26,false)
(63,26,false)
(64,26,false)
(68,26,false)
(70,26,false)
(71,26,false)
(85,26,false)
(86,26,false)
(89,26,false)
(92,26,false)
(94,26,false)
(100,26,false)
(105,26,false)
(107,26,false)
(108,26,false)
(109,26,false)
(113,26,false)
(117,26,false)
(120,26,true)
(131,26,false)
(133,26,false)
(137,26,false)
(143,26,false)
(147,26,false)
(149,26,false)
(150,26,false)
(151,26,false)
(153,26,false)
(154,26,false)
(157,26,false)
(158,26,false)
(166,26,false)
(169,26,false)
(172,26,false)
(175,26,false)
(177,26,false)
(182,26,true)
(187,26,true)
(189,26,true)
(190,26,true)
(193,26,true)
(201,26,true)
(203,26,true)
(207,26,true)
(211,26,true)
(213,26,true)
(219,26,true)
(223,26,true)
(224,26,true)
(225,26,true)
(232,26,true)
(236,26,true)
(237,26,true)
(238,26,false)
(242,26,true)
(244,26,true)
(248,26,true)
(251,26,true)
(263,26,false)
(264,26,true)
(281,26,true)
(282,26,false)
(284,26,true)
(295,26,true)
(2,27,false)
(4,27,false)
(8,27,false)
(12,27,false)
(15,27,false)
(20,27,true)
(24,27,false)
(28,27,true)
(31,27,false)
(38,27,false)
(39,27,false)
(41,27,false)
(42,27,false)
(43,27,false)
(46,27,false)
(47,27,false)
(56,27,false)
(58,27,false)
(62,27,false)
(70,27,false)
(79,27,false)
(85,27,false)
(86,27,false)
(87,27,true)
(91,27,false)
(93,27,false)
(101,27,false)
(110,27,false)
(115,27,false)
(118,27,false)
(122,27,true)
(128,27,true)
(132,27,false)
(136,27,false)
(138,27,false)
(139,27,false)
(151,27,false)
(156,27,false)
(159,27,false)
(163,27,false)
(168,27,false)
(170,27,false)
(174,27,false)
(175,27,false)
(182,27,true)
(183,27,true)
(186,27,true)
(187,27,true)
(191,27,true)
(192,27,true)
(195,27,true)
(202,27,true)
(207,27,true)
(220,27,true)
(226,27,true)
(229,27,true)
(233,27,true)
(239,27,true)
(241,27,true)
(249,27,true)
(251,27,true)
(263,27,true)
(267,27,true)
(270,27,false)
(273,27,true)
(274,27,true)
(287,27,true)
(290,27,true)
(292,27,true)
(294,27,true)
(295,27,true)
(296,27,true)
(297,27,true)
(1,28,false)
(12,28,false)
(13,28,false)
(15,28,false)
(18,28,false)
(25,28,false)
(29,28,false)
(32,28,false)
(34,28,false)
(36,28,false)
(38,28,false)
(40,28,false)
(45,28,true)
(53,28,false)
(58,28,false)
(73,28,false)
(80,28,false)
(81,28,false)
(83,28,false)
(84,28,false)
(88,28,false)
(89,28,false)
(90,28,false)
(91,28,false)
(93,28,false)
(102,28,false)
(103,28,true)
(104,28,false)
(109,28,true)
(112,28,true)
(114,28,false)
(122,28,false)
(128,28,false)
(137,28,false)
(138,28,false)
(141,28,false)
(142,28,false)
(145,28,false)
(147,28,false)
(148,28,false)
(152,28,false)
(156,28,false)
(157,28,false)
(158,28,false)
(163,28,false)
(165,28,false)
(167,28,false)
(169,28,false)
(182,28,true)
(184,28,true)
(189,28,true)
(192,28,true)
(196,28,true)
(202,28,true)
(206,28,true)
(208,28,true)
(214,28,true)
(215,28,true)
(218,28,true)
(219,28,true)
(221,28,true)
(230,28,true)
(232,28,true)
(234,28,true)
(244,28,true)
(252,28,true)
(258,28,true)
(261,28,false)
(263,28,true)
(269,28,true)
(272,28,true)
(276,28,true)
(279,28,true)
(283,28,true)
(288,28,true)
(289,28,true)
(14,29,false)
(22,29,false)
(31,29,false)
(35,29,false)
(42,29,false)
(44,29,false)
(46,29,false)
(47,29,false)
(52,29,false)
(56,29,false)
(62,29,false)
(66,29,false)
(68,29,false)
(76,29,false)
(78,29,false)
(82,29,true)
(86,29,false)
(95,29,false)
(96,29,false)
(97,29,false)
(103,29,false)
(113,29,false)
(114,29,true)
(115,29,false)
(117,29,false)
(119,29,false)
(135,29,false)
(139,29,false)
(151,29,true)
(152,29,false)
(153,29,false)
(157,29,false)
(161,29,false)
(162,29,false)
(165,29,false)
(174,29,false)
(179,29,false)
(181,29,true)
(188,29,true)
(191,29,true)
(193,29,true)
(194,29,true)
(199,29,false)
(204,29,true)
(212,29,true)
(216,29,true)
(218,29,true)
(231,29,true)
(233,29,true)
(234,29,true)
(239,29,true)
(240,29,true)
(244,29,true)
(247,29,true)
(250,29,true)
(255,29,true)
(258,29,true)
(261,29,true)
(262,29,true)
(264,29,true)
(268,29,true)
(272,29,true)
(275,29,true)
(279,29,true)
(280,29,true)
(282,29,false)
(286,29,true)
(295,29,true)
(297,29,true)
(299,29,false)
(5,30,false)
(10,30,false)
(11,30,false)
(14,30,false)
(19,30,false)
(20,30,false)
(29,30,false)
(34,30,false)
(39,30,false)
(45,30,false)
(51,30,false)
(59,30,false)
(63,30,false)
(67,30,false)
(68,30,false)
(72,30,false)
(74,30,false)
(80,30,false)
(92,30,false)
(93,30,false)
(96,30,false)
(97,30,false)
(98,30,false)
(106,30,false)
(112,30,false)
(115,30,false)
(119,30,false)
(120,30,true)
(123,30,false)
(124,30,false)
(134,30,false)
(136,30,false)
(148,30,false)
(150,30,false)
(151,30,false)
(155,30,false)
(157,30,false)
(160,30,false)
(175,30,false)
(176,30,false)
(183,30,true)
(188,30,true)
(193,30,true)
(194,30,true)
(202,30,true)
(214,30,true)
(221,30,true)
(227,30,true)
(228,30,true)
(230,30,true)
(242,30,true)
(248,30,true)
(252,30,true)
(254,30,true)
(261,30,true)
(269,30,false)
(270,30,true)
(273,30,true)
(276,30,true)
(285,30,true)
(286,30,true)
(288,30,true)
(294,30,true)
(296,30,true)
(297,30,true)
(299,30,true)
(1,31,false)
(3,31,false)
(6,31,false)
(12,31,false)
(16,31,false)
(19,31,false)
(22,31,false)
(25,31,false)
(31,31,false)
(33,31,false)
(37,31,false)
(40,31,false)
(44,31,false)
(46,31,true)
(50,31,true)
(55,31,false)
(57,31,false)
(62,31,false)
(64,31,false)
(65,31,false)
(68,31,false)
(74,31,false)
(76,31,false)
(85,31,false)
(87,31,false)
(91,31,true)
(97,31,false)
(102,31,false)
(105,31,false)
(110,31,false)
(116,31,false)
(126,31,false)
(128,31,false)
(134,31,false)
(139,31,false)
(144,31,false)
(147,31,true)
(153,31,false)
(156,31,false)
(157,31,false)
(159,31,false)
(162,31,false)
(170,31,false)
(172,31,false)
(173,31,false)
(174,31,false)
(175,31,false)
(176,31,false)
(194,31,true)
(201,31,true)
(202,31,true)
(203,31,true)
(204,31,true)
(206,31,true)
(210,31,true)
(214,31,true)
(217,31,true)
(221,31,true)
(222,31,true)
(229,31,true)
(230,31,true)
(232,31,true)
(237,31,true)
(239,31,true)
(242,31,true)
(243,31,true)
(256,31,true)
(260,31,true)
(266,31,false)
(271,31,true)
(272,31,true)
(284,31,true)
(291,31,true)
(296,31,true)
(298,31,true)
(15,32,false)
(17,32,false)
(23,32,false)
(26,32,false)
(34,32,false)
(40,32,false)
(45,32,false)
(49,32,false)
(50,32,false)
(51,32,false)
(55,32,false)
(65,32,true)
(70,32,false)
(71,32,false)
(72,32,false)
(73,32,false)
(75,32,false)
(76,32,false)
(78,32,false)
(81,32,false)
(83,32,true)
(84,32,false)
(90,32,false)
(91,32,false)
(98,32,false)
(111,32,false)
(124,32,false)
(127,32,false)
(131,32,false)
(144,32,false)
(147,32,true)
(152,32,false)
(159,32,false)
(164,32,false)
(165,32,false)
(166,32,false)
(168,32,false)
(171,32,true)
(174,32,false)
(175,32,false)
(176,32,false)
(183,32,true)
(185,32,false)
(194,32,true)
(201,32,true)
(211,32,true)
(215,32,true)
(218,32,true)
(220,32,true)
(222,32,true)
(224,32,false)
(230,32,true)
(233,32,true)
(234,32,false)
(236,32,true)
(240,32,true)
(241,32,true)
(242,32,true)
(244,32,true)
(249,32,true)
(255,32,true)
(256,32,true)
(261,32,true)
(262,32,true)
(274,32,true)
(278,32,true)
(282,32,true)
(288,32,true)
(289,32,true)
(296,32,true)
(2,33,false)
(5,33,false)
(8,33,false)
(12,33,false)
(19,33,false)
(21,33,false)
(22,33,false)
(23,33,false)
(26,33,false)
(32,33,false)
(34,33,false)
(44,33,false)
(46,33,false)
(57,33,false)
(61,33,false)
(63,33,false)
(79,33,false)
(84,33,false)
(100,33,false)
(105,33,false)
(108,33,false)
(125,33,false)
(126,33,false)
(129,33,false)
(130,33,false)
(136,33,false)
(147,33,false)
(157,33,false)
(166,33,false)
(167,33,true)
(174,33,false)
(175,33,false)
(187,33,true)
(189,33,true)
(195,33,true)
(201,33,true)
(204,33,true)
(205,33,true)
(206,33,true)
(210,33,true)
(220,33,true)
(221,33,true)
(227,33,true)
(231,33,true)
(236,33,true)
(241,33,true)
(249,33,true)
(250,33,true)
(253,33,true)
(254,33,true)
(258,33,true)
(263,33,true)
(264,33,true)
(268,33,true)
(273,33,true)
(275,33,true)
(280,33,true)
(283,33,true)
(292,33,true)
(294,33,true)
(298,33,true)
(2,34,false)
(4,34,false)
(14,34,true)
(18,34,false)
(22,34,false)
(23,34,false)
(24,34,false)
(25,34,true)
(29,34,false)
(31,34,false)
(34,34,false)
(39,34,false)
(43,34,false)
(45,34,false)
(58,34,false)
(61,34,false)
(70,34,false)
(72,34,false)
(74,34,false)
(87,34,false)
(88,34,false)
(101,34,false)
(106,34,false)
(109,34,false)
(115,34,true)
(119,34,false)
(120,34,false)
(121,34,false)
(125,34,false)
(126,34,false)
(130,34,false)
(132,34,false)
(133,34,false)
(134,34,false)
(146,34,false)
(153,34,false)
(171,34,false)
(174,34,false)
(175,34,false)
(176,34,false)
(177,34,false)
(188,34,true)
(190,34,true)
(192,34,true)
(200,34,true)
(209,34,true)
(210,34,true)
(211,34,true)
(213,34,true)
(222,34,true)
(226,34,true)
(233,34,true)
(236,34,true)
(241,34,true)
(247,34,true)
(251,34,true)
(262,34,true)
(264,34,true)
(271,34,true)
(279,34,true)
(283,34,true)
(284,34,true)
(293,34,true)
(297,34,true)
(6,35,false)
(13,35,false)
(15,35,false)
(17,35,true)
(20,35,false)
(28,35,false)
(31,35,false)
(32,35,false)
(44,35,false)
(48,35,true)
(51,35,false)
(54,35,false)
(56,35,false)
(62,35,false)
(65,35,false)
(72,35,false)
(73,35,false)
(74,35,false)
(75,35,false)
(77,35,false)
(90,35,false)
(98,35,false)
(107,35,false)
(108,35,false)
(111,35,false)
(113,35,false)
(127,35,false)
(139,35,false)
(150,35,false)
(151,35,false)
(173,35,false)
(182,35,true)
(185,35,true)
(187,35,true)
(192,35,true)
(193,35,true)
(198,35,true)
(204,35,true)
(208,35,true)
(209,35,true)
(215,35,true)
(220,35,true)
(221,35,true)
(226,35,true)
(230,35,true)
(236,35,true)
(242,35,true)
(244,35,true)
(247,35,true)
(256,35,true)
(261,35,true)
(268,35,true)
(269,35,true)
(271,35,true)
(279,35,true)
(281,35,true)
(285,35,true)
(295,35,true)
(299,35,true)
(7,36,false)
(9,36,false)
(12,36,false)
(18,36,false)
(29,36,false)
(32,36,false)
(35,36,false)
(36,36,false)
(44,36,false)
(45,36,true)
(47,36,false)
(57,36,false)
(64,36,true)
(67,36,false)
(68,36,false)
(69,36,false)
(81,36,false)
(84,36,false)
(85,36,false)
(88,36,false)
(90,36,false)
(91,36,false)
(92,36,false)
(94,36,false)
(99,36,false)
(101,36,false)
(102,36,false)
(108,36,false)
(109,36,false)
(119,36,false)
(122,36,false)
(126,36,false)
(127,36,false)
(128,36,false)
(133,36,false)
(136,36,false)
(138,36,false)
(139,36,false)
(150,36,false)
(151,36,true)
(152,36,false)
(154,36,false)
(158,36,false)
(159,36,false)
(161,36,false)
(163,36,false)
(176,36,false)
(196,36,true)
(199,36,true)
(203,36,true)
(206,36,true)
(208,36,true)
(214,36,true)
(215,36,true)
(218,36,true)
(223,36,true)
(226,36,true)
(227,36,true)
(228,36,true)
(229,36,true)
(233,36,true)
(236,36,true)
(241,36,true)
(242,36,true)
(243,36,true)
(246,36,true)
(247,36,true)
(249,36,true)
(250,36,false)
(251,36,true)
(254,36,true)
(256,36,true)
(258,36,true)
(259,36,true)
(262,36,true)
(263,36,true)
(264,36,true)
(266,36,true)
(269,36,true)
(271,36,true)
(276,36,true)
(277,36,true)
(278,36,true)
(282,36,true)
(283,36,true)
(289,36,true)
(295,36,true)
(296,36,false)
(7,37,false)
(8,37,false)
(14,37,false)
(23,37,false)
(25,37,false)
(26,37,false)
(30,37,false)
(34,37,false)
(37,37,false)
(41,37,false)
(48,37,false)
(52,37,false)
(75,37,false)
(85,37,false)
(87,37,false)
(101,37,false)
(102,37,false)
(104,37,false)
(107,37,false)
(108,37,false)
(113,37,true)
(118,37,false)
(121,37,false)
(125,37,false)
(132,37,false)
(133,37,false)
(138,37,false)
(144,37,false)
(147,37,false)
(150,37,false)
(152,37,false)
(156,37,false)
(158,37,false)
(164,37,false)
(165,37,false)
(166,37,false)
(171,37,false)
(173,37,false)
(182,37,true)
(183,37,true)
(186,37,true)
(187,37,true)
(188,37,true)
(190,37,true)
(197,37,true)
(200,37,true)
(204,37,true)
(208,37,true)
(221,37,true)
(225,37,true)
(235,37,true)
(236,37,true)
(244,37,true)
(257,37,true)
(266,37,true)
(268,37,true)
(270,37,true)
(273,37,true)
(276,37,true)
(278,37,false)
(283,37,true)
(288,37,true)
(290,37,true)
(2,38,false)
(3,38,false)
(4,38,false)
(9,38,false)
(12,38,false)
(17,38,false)
(30,38,false)
(33,38,false)
(37,38,false)
(46,38,false)
(48,38,false)
(57,38,false)
(59,38,false)
(61,38,false)
(62,38,false)
(64,38,false)
(68,38,false)
(73,38,false)
(77,38,false)
(80,38,false)
(81,38,false)
(85,38,false)
(88,38,false)
(89,38,false)
(91,38,false)
(94,38,false)
(97,38,false)
(98,38,false)
(101,38,false)
(105,38,false)
(121,38,false)
(122,38,false)
(127,38,false)
(135,38,false)
(141,38,false)
(142,38,false)
(149,38,false)
(151,38,false)
(158,38,false)
(165,38,false)
(166,38,false)
(167,38,false)
(169,38,false)
(174,38,false)
(181,38,true)
(186,38,true)
(188,38,true)
(191,38,true)
(193,38,false)
(201,38,true)
(206,38,true)
(216,38,true)
(219,38,true)
(226,38,true)
(230,38,true)
(233,38,true)
(236,38,true)
(237,38,true)
(238,38,true)
(245,38,true)
(247,38,true)
(249,38,true)
(257,38,true)
(260,38,true)
(265,38,true)
(268,38,true)
(281,38,true)
(286,38,true)
(290,38,true)
(295,38,true)
(6,39,false)
(8,39,false)
(12,39,false)
(15,39,true)
(17,39,true)
(27,39,false)
(28,39,true)
(40,39,false)
(41,39,false)
(45,39,false)
(61,39,false)
(63,39,false)
(66,39,false)
(71,39,false)
(74,39,false)
(77,39,false)
(81,39,false)
(85,39,false)
(97,39,false)
(99,39,false)
(110,39,false)
(119,39,false)
(120,39,false)
(132,39,false)
(134,39,false)
(140,39,true)
(142,39,false)
(143,39,false)
(146,39,false)
(148,39,false)
(149,39,false)
(152,39,false)
(153,39,false)
(155,39,false)
(157,39,false)
(185,39,true)
(186,39,true)
(191,39,false)
(199,39,false)
(212,39,true)
(213,39,true)
(215,39,true)
(225,39,true)
(238,39,true)
(241,39,true)
(247,39,true)
(253,39,true)
(260,39,true)
(263,39,true)
(265,39,true)
(267,39,true)
(294,39,false)
(296,39,true)
(9,40,false)
(13,40,true)
(25,40,false)
(30,40,false)
(34,40,false)
(37,40,false)
(44,40,false)
(48,40,false)
(49,40,false)
(51,40,true)
(52,40,false)
(53,40,false)
(58,40,false)
(59,40,false)
(67,40,false)
(70,40,false)
(72,40,false)
(81,40,false)
(84,40,false)
(88,40,false)
(90,40,false)
(93,40,false)
(103,40,false)
(109,40,false)
(118,40,false)
(119,40,false)
(122,40,false)
(142,40,false)
(143,40,false)
(144,40,false)
(148,40,false)
(158,40,false)
(161,40,false)
(179,40,false)
(180,40,true)
(199,40,true)
(202,40,true)
(206,40,true)
(207,40,true)
(210,40,true)
(219,40,false)
(221,40,true)
(223,40,true)
(227,40,true)
(233,40,true)
(236,40,true)
(237,40,true)
(239,40,true)
(245,40,true)
(247,40,true)
(248,40,true)
(249,40,true)
(252,40,true)
(255,40,true)
(257,40,true)
(260,40,true)
(265,40,true)
(269,40,true)
(272,40,true)
(274,40,true)
(285,40,true)
(288,40,true)
(295,40,true)
(296,40,true)
(297,40,true)

(88,29)
(127,37)
(249,5)
(113,39)
(203,4)
(98,24)
(182,34)
(251,16)
(127,34)
(44,27)
(247,14)
(275,30)
(271,0)
(123,37)
(238,0)
(10,33)
(115,1)
(216,25)
(74,37)
(265,36)
(298,3)
(176,4)
(270,2)
(117,10)
(272,3)
(271,30)
(70,28)
(135,35)
(69,12)
(25,14)
(66,28)
(173,38)
(40,34)
(67,32)
(187,40)
(78,17)
(40,40)
(259,19)
(192,36)
(34,39)
(125,19)
(99,4)
(213,18)
(142,32)
(121,31)
(1,39)
(107,32)
(10,3)
(129,20)
(24,9)
(177,33)
(17,12)
(159,20)
(172,10)
(158,30)
(209,8)
(210,6)
(65,10)
(192,14)
(50,17)
(200,35)
(190,30)
(283,4)
(74,5)
(291,13)
(245,5)
(35,10)
(75,13)
(82,34)
(79,19)
(214,9)
(27,38)
(126,20)
(157,17)
(70,18)
(50,29)
(44,34)
(205,7)
(35,18)
(107,4)
(119,7)
(277,14)
(160,3)
(226,29)
(135,13)
(233,4)
(36,38)
(137,1)
(219,30)
(83,10)
(175,18)
(277,21)
(179,8)
(114,2)
(84,8)
(298,6)
(277,4)
(77,6)
(286,22)
(198,29)
(122,39)
(45,16)
(297,4)
(207,7)
(227,8)
(66,40)
(164,31)
(133,16)
(141,10)
(212,3)
(6,16)
(66,26)
(225,21)
(284,15)
(175,39)
(207,28)
(44,7)
(201,8)
(7,1)
(120,2)
(131,40)
(174,21)
(169,10)
(236,22)
(182,15)
(249,37)
(152,17)
(114,27)
(272,32)
(69,20)
(100,27)
(276,26)
(194,35)
(274,30)
(256,28)
(78,1)
(298,30)
(108,11)
(96,24)
(138,13)
(102,2)
(220,16)
(272,27)
(198,3)
(112,5)
(13,30)
(297,31)
(192,9)
(231,32)
(221,14)
(126,28)
(57,5)
(33,11)
(293,13)
(271,22)
(26,36)
(79,24)
(220,6)
(120,27)
(292,2)
(63,38)
(23,7)
(107,25)
(274,28)
(152,1)
(176,14)
(238,15)
(252,14)
(194,33)
(92,29)
(57,19)
(103,17)
(99,15)
(147,15)
(28,3)
(206,19)
(145,6)
(195,21)
(248,33)
(236,24)
(157,25)
(187,4)
(111,26)
(117,40)
(12,22)
(290,32)
(138,34)
(241,37)
(282,3)
(224,21)
(245,15)
(46,2)
(79,30)
(68,27)
(145,0)
(9,31)
(28,40)
(218,33)
(128,18)
(59,13)
(49,23)
(165,26)
(210,21)
(278,7)
(123,3)
(219,12)
(249,30)
(87,6)
(136,12)
(136,31)
(53,11)
(293,36)
(208,5)
(122,11)
(172,11)
(172,18)
(132,8)
(100,15)
(18,13)
(7,35)
(162,7)
(91,40)
(94,10)
(74,9)
(59,7)
(122,37)
(65,4)
(235,23)
(170,26)
(70,35)
(219,20)
(40,9)
(149,3)
(39,15)
(260,1)
(218,9)
(130,20)
(278,25)
(154,31)
(256,40)
(91,4)
(41,18)
(52,31)
(282,20)
(38,36)
(117,15)
(77,32)
(171,20)
(82,3)
(58,31)
(159,22)
(184,30)
(159,4)
(105,29)
(101,6)
(232,14)
(209,14)
(22,27)
(3,2)
(22,13)
(126,8)
(269,12)
(217,9)
(212,32)
(124,27)
(242,15)
(191,36)
(20,20)
(197,23)
(70,14)
(210,11)
(276,19)
(160,28)
(74,2)
(61,30)
(127,3)
(232,21)
(121,40)
(38,39)
(291,22)
(118,38)
(175,16)
(104,36)
(107,40)
(190,6)
(83,40)
(213,1)
(283,6)
(78,37)
(122,21)
(110,17)
(225,15)
(140,36)
(131,34)
(279,19)
(229,34)
(244,13)
(157,37)
(26,4)
(136,29)
(247,25)
(240,31)
(157,38)
(47,18)
(147,30)
(261,31)
(53,35)
(44,28)
(156,11)
(255,31)
(120,1)
(121,30)
(53,26)
(191,5)
(221,26)
(140,37)
(209,7)
(250,26)
(189,30)
(157,9)
(18,2)
(132,5)
(25,24)
(66,10)
(142,29)
(182,29)
(241,22)
(189,36)
(278,27)
(63,18)
(247,6)
(113,3)
(48,26)
(44,10)
(97,12)
(203,13)
(107,11)
(164,9)
(236,12)
(103,18)
(169,6)
(128,34)
(175,21)
(12,8)
(293,9)
(140,35)
(71,33)
(23,27)
(250,17)
(56,13)
(161,6)
(204,7)
(238,37)
(284,3)
(8,0)
(252,4)
(120,16)
(133,3)
(191,15)
(161,19)
(157,7)
(124,24)
(3,17)
(28,32)
(171,0)
(103,7)
(60,4)
(183,9)
(262,38)
(215,14)
(47,9)
(152,2)
(285,27)
(29,0)
(238,9)
(33,4)
(102,16)
(214,23)
(28,19)
(68,12)
(295,7)
(181,32)
(121,23)
(112,1)
(258,24)
(18,40)
(229,6)
(200,6)
(139,37)
(52,32)
(150,28)
(12,11)
(296,18)
(19,2)
(157,13)
(9,2)
(179,7)
(61,29)
(82,30)
(93,37)
(210,16)
(165,17)
(81,4)
(290,12)
(167,22)
(245,35)
(79,28)
(257,18)
(286,23)
(233,26)
(70,33)
(272,21)
(35,9)
(292,35)
(16,29)
(0,25)
(29,2)
(25,12)
(122,19)
(187,30)
(62,23)
(220,28)
(195,4)
(227,28)
(260,30)
(202,26)
(109,7)
(51,33)
(116,33)
(54,9)
(213,37)
(252,1)
(81,23)
(210,4)
(269,17)
(160,6)
(249,1)
(245,16)
(12,35)
(272,0)
(159,7)
(156,2)
(50,0)
(136,17)
(66,2)
(274,15)
(226,6)
(99,17)
(266,3)
(46,19)
(112,26)
(152,7)
(6,37)
(231,36)
(47,22)
(37,0)
(121,1)
(226,23)
(96,26)
(104,21)
(176,24)
(226,9)
(126,24)
(275,21)
(293,35)
(92,10)
(276,3)
(185,22)
(58,19)
(106,23)
(45,15)
(40,10)
(95,3)
(136,4)
(257,36)
(134,15)
(18,27)
(30,16)
(278,33)
(279,20)
(39,37)
(218,18)
(292,7)
(8,12)
(232,17)
(153,33)
(192,16)
(197,10)
(196,32)
(267,16)
(84,9)
(290,21)
(160,32)
(200,30)
(153,38)
(291,36)
(160,26)
(10,40)
(278,1)
(134,8)
(158,15)
(137,16)
(125,24)
(39,1)
(117,30)
(30,3)
(119,3)
(26,1)
(297,2)
(5,15)
(160,13)
(264,24)
(94,12)
(147,20)
(186,12)
(210,20)
(80,9)
(175,4)
(107,23)
(225,16)
(16,27)
(38,13)
(85,8)
(271,33)
(215,22)
(33,20)
(206,3)
(269,20)
(239,15)
(292,31)
(71,21)
(50,13)
(290,31)
(180,28)
(52,30)
(108,15)
(2,26)
(93,2)
(10,16)
(12,6)
(275,31)
(174,3)
(44,18)
(133,2)
(268,8)
(262,18)
(121,26)
(166,31)
(58,9)
(232,37)
(268,12)
(268,24)
(31,7)
(187,0)
(90,26)
(241,18)
(242,1)
(255,16)
(163,33)
(107,29)
(34,4)
(85,16)
(86,16)
(282,33)
(197,15)
(151,4)
(27,5)
(12,12)
(221,36)
(108,7)
(181,15)
(195,15)
(96,23)
(260,29)
(168,22)
(125,30)
(96,27)
(42,11)
(202,5)
(289,20)
(287,39)
(283,8)
(178,40)
(12,40)
(201,35)
(139,26)
(75,28)
(130,21)
(7,8)
(180,32)
(127,28)
(125,31)
(156,6)
(6,32)
(211,5)
(72,10)
(94,31)
(129,27)
(221,18)
(168,38)
(171,4)
(49,30)
(100,21)
(295,33)
(120,12)
(191,34)
(194,39)
(115,12)
(188,32)
(230,10)
(44,21)
(260,7)
(210,29)
(166,16)
(295,23)
(143,0)
(169,31)
(156,35)
(255,5)
(32,17)
(228,20)
(191,9)
(192,19)
(234,10)
(106,37)
(284,39)
(105,40)
(50,9)
(22,0)
(63,20)
(197,22)
(249,28)
(21,9)
(209,25)
(160,2)
(168,26)
(127,39)
(235,7)
(104,23)
(270,19)
(157,32)
(128,8)
(150,2)
(116,4)
(31,13)
(208,40)
(68,21)
(206,26)
(49,20)
(136,9)
(50,38)
(264,18)
(103,35)
(55,33)
(188,4)
(186,5)
(262,0)
(23,11)
(45,35)
(198,36)
(34,25)
(191,25)
(186,28)
(110,19)
(274,11)
(201,17)
(32,11)
(158,19)
(60,32)
(210,27)
(186,40)
(161,11)
(21,18)
(293,6)
(196,2)
(229,39)
(14,40)
(275,7)
(30,14)
(268,16)
(175,14)
(237,11)
(20,18)
(226,3)
(299,39)
(79,38)
(145,8)
(134,33)
(266,32)
(151,5)
(66,9)
(121,20)
(153,2)
(1,8)
(237,16)
(208,11)
(56,10)
(203,35)
(197,35)
(121,39)
(36,6)
(212,9)
(208,19)
(169,27)
(157,36)
(162,13)
(57,1)
(297,39)
(231,35)
(276,38)
(5,35)
(280,26)
(215,11)
(69,34)
(106,1)
(188,40)
(11,21)
(70,30)
(87,26)
(10,24)
(125,26)
(237,23)
(194,20)
(35,7)
(13,15)
(194,7)
(62,34)
(198,26)
(152,23)
(218,13)
(291,21)
(80,10)
(174,5)
(93,3)
(107,17)
(216,20)
(141,13)
(120,0)
(233,24)
(135,16)
(159,34)
(122,29)
(61,4)
(281,19)
(12,2)
(155,9)
(128,1)
(252,3)
(207,9)
(177,38)
(98,22)
(29,32)
(279,12)
(84,27)
(187,18)
(122,5)
(86,7)
(47,3)
(73,16)
(99,9)
(141,29)
(217,3)
(96,32)
(5,26)
(89,34)
(139,15)
(287,36)
(68,15)
(189,15)
(269,18)
(177,1)
(53,27)
(17,1)
(286,6)
(122,34)
(242,24)
(150,7)
(144,28)
(170,13)
(135,12)
(51,18)
(207,6)
(292,19)
(200,28)
(27,35)
(180,13)
(225,3)
(70,12)
(170,39)
(171,33)
(34,3)
(93,23)
(201,2)
(299,19)
(243,13)
(246,15)
(111,12)
(104,24)
(224,28)
(179,30)
(256,27)
(111,28)
(248,16)
(285,12)
(150,16)
(29,22)
(149,18)
(295,5)
(177,31)
(34,27)
(215,20)
(176,21)
(112,40)
(15,2)
(95,1)
(8,31)
(6,7)
(216,22)
(110,24)
(42,7)
(16,32)
(187,34)
(65,2)
(289,19)
(126,13)
(267,36)
(15,19)
(137,15)
(41,20)
(32,2)
(277,20)
(50,1)
(282,4)
(32,39)
(146,22)
(165,31)
(78,14)
(237,8)
(225,40)
(84,29)
(276,11)
(111,29)
(199,38)
(79,8)
(239,11)
(38,23)
(149,32)
(6,2)
(19,18)
(167,20)
(178,1)
(174,9)
(182,30)
(64,15)
(264,5)
(17,18)
(224,25)
(136,40)
(31,26)
(210,1)
(47,31)
(223,37)
(135,40)
(26,34)
(175,0)
(171,22)
(257,19)
(93,20)
(35,4)
(151,39)
(86,25)
(119,17)
(59,17)
(129,11)
(197,27)
(132,40)
(96,13)
(155,21)
(54,28)
(262,1)
(262,25)
(238,3)
(186,18)
(199,18)
(40,27)
(78,27)
(29,10)
(159,1)
(68,2)
(86,12)
(225,38)
(53,39)
(153,8)
(217,29)
(197,9)
(129,8)
(271,9)
(68,14)
(29,13)
(4,2)
(169,39)
(208,14)
(61,17)
(292,23)
(90,7)
(81,24)
(74,7)
(86,21)
(283,16)
(137,2)
(246,18)
(180,6)
(285,26)
(58,16)
(125,29)
(191,18)
(7,38)
(230,16)
(77,34)
(273,6)
(173,5)
(51,11)
(201,24)
(162,6)
(288,24)
(256,29)
(100,17)
(26,22)
(276,40)
(203,8)
(191,26)
(278,15)
(162,11)
(180,37)
(130,6)
(223,5)
(125,4)
(150,33)
(289,21)
(131,27)
(187,8)
(89,39)
(83,35)
(124,10)
(203,10)
(145,30)
(152,31)
(144,26)
(224,16)
(216,8)
(278,35)
(156,39)
(195,16)
(165,9)
(202,20)
(102,26)
(81,10)
(199,22)
(226,37)
(188,27)
(140,13)
(258,8)
(177,40)
(260,27)
(57,3)
(262,27)
(220,26)
(203,28)
(6,18)
(62,20)
(202,29)
(286,27)
(129,13)
(227,4)
(77,3)
(276,6)
(96,19)
(271,5)
(292,34)
(194,37)
(187,32)
(152,14)
(261,21)
(299,12)
(73,29)
(174,20)
(275,3)
(118,13)
(102,17)
(262,2)
(166,5)
(111,5)
(79,23)
(29,6)
(172,6)
(115,35)
(193,32)
(279,15)
(217,25)
(259,13)
(139,14)
(129,35)
(53,29)
(160,10)
(122,31)
(271,7)
(289,16)
(131,35)
(281,5)
(225,12)
(160,23)
(100,29)
(38,26)
(295,17)
(294,14)
(93,4)
(218,24)
(34,11)
(47,13)
(46,11)
(8,7)
(64,13)
(202,11)
(122,9)
(288,33)
(1,1)
(206,18)
(13,36)
(197,33)
(265,16)
(98,13)
(136,2)
(64,34)
(139,17)
(238,11)
(247,31)
(107,38)
(60,2)
(122,33)
(181,18)
(21,14)
(164,29)
(28,38)
(201,30)
(225,32)
(154,22)
(220,36)
(265,1)
(119,8)
(80,15)
(195,13)
(233,30)
(156,40)
(52,24)
(15,12)
(127,40)
(179,31)
(175,36)
(151,37)
(171,8)
(34,10)
(249,29)
(90,25)
(14,31)
(266,2)
(50,30)
(32,7)
(163,20)
(162,2)
(273,9)
(28,10)
(286,25)
(100,32)
(251,32)
(289,25)
(87,36)
(258,14)
(109,29)
(224,33)
(167,30)
(234,36)
(37,36)
(290,13)
(198,5)
(117,39)
(282,28)
(122,35)
(126,9)
(216,26)
(110,33)
(273,5)
(151,34)
(282,24)
(132,28)
(11,7)
(26,11)
(227,3)
(110,7)
(163,21)
(26,10)
(90,13)
(228,10)
(145,11)
(122,16)
(254,26)
(23,22)
(282,37)
(243,14)
(27,27)
(233,31)
(216,2)
(130,16)
(161,38)
(246,20)
(4,3)
(46,5)
(204,19)
(132,13)
(64,14)
(171,40)
(265,27)
(61,35)
(44,38)
(39,6)
(94,20)
(35,37)
(237,30)
(114,8)
(53,36)
(22,35)
(240,9)
(114,31)
(46,23)
(126,17)
(4,33)
(157,24)
(95,13)
(246,40)
(210,30)
(215,6)
(66,23)
(217,5)
(26,14)
(226,11)
(114,4)
(110,4)
(245,33)
(169,17)
(172,2)
(192,2)
(213,28)
(168,37)
(123,6)
(266,1)
(74,27)
(234,3)
(166,2)
(156,38)
(57,30)
(277,26)
(99,6)
(227,23)
(216,4)
(126,35)
(131,12)
(62,7)
(53,38)
(38,25)
(216,0)
(7,15)
(113,32)
(250,13)
(18,32)
(263,34)
(119,22)
(141,32)
(20,14)
(57,28)
(54,18)
(119,32)
(265,33)
(194,10)
(59,23)
(162,3)
(34,31)
(110,3)
(22,5)
(267,31)
(32,13)
(74,36)
(196,39)
(188,14)
(200,25)
(251,18)
(27,23)
(31,28)
(90,17)
(171,36)
(269,33)
(48,0)
(230,33)
(289,30)
(110,30)
(28,24)
(134,24)
(115,26)
(5,20)
(293,25)
(245,14)
(174,10)
(130,27)
(33,32)
(75,11)
(124,7)
(163,34)
(0,2)
(133,25)
(243,32)
(196,22)
(148,15)
(27,13)
(258,18)
(71,17)
(182,38)
(221,3)
(295,1)
(103,34)
(163,15)
(133,39)
(293,15)
(53,5)
(284,36)
(231,5)
(50,24)
(193,21)
(31,3)
(209,38)
(253,28)
(143,9)
(259,37)
(99,16)
(160,19)
(296,1)
(55,36)
(130,3)
(207,13)
(159,10)
(237,22)
(26,38)
(35,40)
(212,33)
(112,39)
(253,10)
(206,4)
(251,11)
(224,22)
(115,31)
(291,15)
(51,2)
(200,12)
(267,35)
(76,10)
(250,16)
(5,2)
(132,31)
(98,10)
(257,22)
(207,0)
(149,30)
(270,0)
(275,2)
(151,28)
(205,3)
(284,13)
(54,0)
(160,39)
(102,30)
(100,9)
(280,0)
(148,11)
(83,13)
(266,29)
(7,24)
(134,9)
(212,10)
(174,15)
(80,12)
(118,33)
(144,35)
(86,10)
(280,12)
(102,40)
(1,37)
(143,3)
(152,35)
(261,9)
(124,29)
(31,24)
(142,10)
(275,17)
(132,3)
(142,9)
(281,3)
(106,0)
(275,15)
(9,26)
(158,33)
(23,28)
(284,16)
(138,21)
(157,21)
(25,21)
(50,35)
(134,22)
(268,9)
(257,11)
(34,20)
(54,13)
(18,14)
(39,35)
(89,0)
(49,34)
(137,4)
(7,29)
(62,37)
(259,15)
(74,10)
(244,21)
(247,9)
(251,38)
(161,14)
(142,27)
(296,34)
(60,30)
(222,33)
(258,32)
(26,24)
(207,24)
(106,18)
(97,20)
(257,15)
(182,3)
(146,33)
(102,13)
(297,15)
(175,6)
(10,37)
(6,36)
(108,6)
(47,24)
(88,30)
(271,15)
(5,11)
(137,5)
(214,37)
(23,29)
(226,7)
(231,9)
(29,38)
(45,5)
(182,6)
(57,34)
(78,19)
(244,5)
(94,35)
(295,32)
(205,1)
(286,33)
(12,15)
(293,32)
(191,13)
(126,21)
(226,28)
(213,17)
(68,37)
(249,12)
(286,31)
(261,10)
(48,6)
(110,35)
(202,7)
(100,4)
(298,4)
(186,22)
(106,8)
(243,34)
(236,30)
(181,25)
(24,16)
(111,13)
(42,5)
(96,22)
(293,1)
(220,30)
(48,8)
(206,30)
(232,10)
(172,12)
(227,1)
(269,6)
(266,18)
(269,27)
(38,33)
(208,38)
(26,23)
(238,24)
(114,9)
(96,39)
(90,33)
(76,27)
(158,8)
(250,1)
(156,19)
(69,28)
(72,21)
(122,15)
(94,28)
(148,35)
(75,27)
(210,18)
(126,30)
(236,11)
(23,40)
(243,11)
(2,8)
(263,38)
(139,5)
(276,10)
(24,11)
(18,3)
(216,30)
(134,38)
(47,34)
(197,39)
(38,32)
(101,3)
(261,36)
(79,37)
(206,20)
(297,8)
(259,26)
(101,11)
(245,37)
(202,32)
(97,21)
(9,4)
(162,39)
(294,20)
(218,8)
(5,17)
(160,22)
(89,17)
(122,0)
(3,16)
(174,25)
(225,10)
(256,39)
(153,17)
(0,20)
(149,11)
(15,25)
(100,10)
(182,11)
(0,11)
(60,6)
(255,22)
(68,39)
(164,38)
(23,36)
(244,9)
(36,8)
(88,39)
(219,5)
(236,10)
(289,27)
(187,19)
(169,9)
(76,22)
(147,6)
(261,8)
(131,6)
(260,13)
(252,34)
(17,2)
(174,39)
(293,28)
(288,9)
(287,24)
(100,35)
(230,11)
(44,9)
(262,14)
(257,13)
(33,10)
(156,5)
(11,14)
(159,26)
(122,30)
(195,14)
(98,18)
(176,8)
(220,21)
(231,2)
(287,37)
(53,30)
(241,24)
(76,37)
(264,4)
(139,13)
(273,16)
(165,18)
(26,8)
(25,38)
(116,2)
(66,5)
(167,16)
(167,26)
(3,27)
(267,25)
(269,32)
(192,17)
(1,35)
(197,5)
(129,9)
(35,5)
(268,11)
(105,10)
(285,24)
(141,37)
(153,32)
(215,15)
(226,1)
(177,30)
(48,22)
(160,29)
(252,7)
(79,9)
(52,21)
(162,34)
(290,14)
(133,33)
(236,27)
(42,12)
(136,24)
(89,18)
(262,4)
(71,11)
(45,11)
(155,31)
(94,8)
(120,6)
(72,33)
(68,23)
(279,18)
(55,16)
(231,38)
(166,6)
(55,30)
(123,4)
(88,1)
(196,15)
(15,37)
(26,27)
(241,40)
(233,8)
(173,6)
(280,6)
(287,34)
(254,9)
(277,7)
(49,1)
(7,4)
(215,30)
(279,16)
(119,15)
(85,24)
(266,24)
(176,40)
(87,15)
(98,1)
(185,20)
(105,13)
(104,11)
(49,22)
(155,12)
(297,9)
(228,40)
(203,39)
(96,21)
(53,33)
(117,18)
(286,5)
(250,39)
(98,12)
(161,32)
(189,17)
(91,22)
(184,17)
(19,15)
(21,16)
(203,1)
(61,0)
(214,35)
(259,5)
(41,26)
(112,2)
(98,5)
(252,8)
(4,25)
(39,22)
(138,40)
(212,27)
(249,11)
(173,16)
(268,6)
(8,6)
(291,30)
(13,4)
(101,26)
(284,33)
(27,6)
(293,31)
(152,20)
(79,14)
(114,35)
(99,23)
(21,24)
(145,18)
(277,39)
(238,29)
(80,5)
(229,15)
(164,15)
(70,39)
(249,9)
(84,25)
(29,24)
(85,20)
(269,7)
(219,6)
(88,17)
(139,22)
(195,36)
(90,20)
(174,30)
(120,18)
(3,11)
(121,25)
(228,5)
(203,37)
(58,25)
(185,18)
(204,3)
(200,8)
(76,14)
(38,3)
(297,5)
(124,23)
(230,9)
(116,21)
(8,30)
(150,21)
(277,22)
(217,33)
(94,23)
(90,34)
(45,29)
(242,25)
(288,27)
(230,23)
(31,38)
(72,28)
(286,4)
(60,40)
(85,13)
(220,11)
(292,11)
(254,29)
(47,20)
(181,14)
(78,28)
(95,37)
(32,3)
(252,31)
(256,19)
(2,15)
(263,19)
(209,20)
(241,8)
(68,40)
(118,3)
(209,4)
(41,14)
(132,21)
(50,6)
(53,20)
(235,33)
(189,14)
(182,1)
(242,39)
(209,15)
(168,31)
(270,12)
(155,2)
(37,20)
(252,27)
(67,33)
(251,12)
(275,25)
(291,26)
(183,7)
(13,6)
(200,13)
(277,19)
(162,12)
(66,1)
(54,26)
(124,11)
(209,36)
(12,34)
(99,2)
(174,35)
(44,32)
(131,33)
(101,14)
(170,9)
(265,21)
(25,25)
(119,9)
(215,1)
(44,6)
(73,36)
(23,39)
(55,28)
(119,27)
(160,35)
(289,9)
(16,2)
(56,26)
(168,13)
(253,36)
(282,27)
(270,7)
(103,39)
(13,22)
(286,7)
(273,8)
(251,30)
(209,21)
(109,22)
(150,12)
(292,15)
(165,36)
(97,27)
(45,4)
(230,3)
(124,25)
(199,16)
(203,11)
(127,22)
(56,11)
(45,19)
(250,3)
(90,38)
(11,18)
(189,2)
(30,1)
(35,31)
(144,34)
(115,17)
(298,32)
(120,21)
(225,18)
(86,36)
(85,32)
(209,18)
(142,24)
(46,25)
(139,21)
(180,12)
(21,27)
(227,31)
(254,35)
(251,15)
(133,17)
(42,9)
(42,21)
(85,40)
(236,15)
(51,6)
(49,12)
(235,35)
(212,30)
(163,24)
(246,39)
(63,25)
(111,16)
(162,35)
(121,27)
(64,9)
(260,0)
(232,23)
(31,21)
(36,15)
(116,6)
(227,22)
(155,29)
(290,20)
(58,18)
(267,26)
(123,15)
(242,13)
(96,6)
(166,14)
(263,7)
(234,27)
(92,17)
(118,26)
(237,27)
(265,37)
(151,32)
(0,17)
(245,11)
(92,25)
(36,32)
(205,4)
(74,23)
(155,15)
(274,33)
(253,0)
(45,37)
(162,21)
(214,39)
(67,18)
(136,32)
(19,7)
(175,2)
(63,29)
(189,18)
(200,9)
(254,16)
(170,2)
(144,27)
(85,12)
(138,15)
(257,8)
(52,12)
(182,9)
(96,12)
(99,28)
(186,7)
(91,8)
(121,8)
(78,35)
(154,4)
(219,19)
(111,21)
(40,7)
(137,17)
(197,8)
(135,19)
(101,2)
(89,5)
(156,9)
(183,34)
(295,22)
(101,17)
(66,4)
(235,5)
(144,15)
(24,13)
(282,34)
(146,3)
(193,1)
(172,16)
(202,21)
(24,39)
(233,9)
(295,13)
(283,7)
(86,17)
(170,23)
(293,39)
(28,12)
(96,18)
(151,33)
(145,10)
(14,38)
(60,16)
(246,14)
(39,11)
(69,7)
(124,33)
(148,3)
(93,19)
(36,12)
(227,5)
(135,32)
(296,2)
(222,29)
(176,2)
(15,11)
(204,14)
(251,23)
(66,8)
(205,40)
(80,6)
(5,12)
(276,33)
(54,33)
(186,16)
(70,9)
(35,33)
(178,8)
(250,9)
(102,11)
(266,26)
(294,5)
(274,19)
(134,18)
(160,16)
(109,39)
(264,39)
(147,19)
(213,10)
(48,33)
(261,22)
(242,23)
(164,17)
(85,33)
(216,31)
(181,5)
(92,33)
(60,12)
(190,3)
(295,25)
(229,5)
(232,25)
(87,19)
(240,37)
(136,6)
(83,9)
(63,36)
(99,7)
(160,18)
(187,9)
(61,19)
(160,24)
(282,23)
(4,19)
(243,26)
(223,32)
(255,1)
(176,9)
(192,39)
(53,18)
(99,32)
(280,18)
(151,10)
(157,19)
(115,23)
(60,1)
(213,11)
(229,32)
(146,13)
(52,19)
(179,24)
(163,3)
(273,29)
(171,21)
(131,8)
(241,11)
(59,39)
(162,30)
(143,37)
(45,22)
(77,27)
(272,38)
(245,31)
(14,28)
(202,33)
(58,30)
(247,33)
(151,40)
(96,5)
(249,15)
(128,32)
(29,23)
(119,4)
(249,23)
(234,4)
(131,19)
(32,10)
(117,31)
(156,29)
(291,23)
(275,20)
(12,13)
(283,27)
(184,6)
(50,21)
(116,13)
(220,34)
(54,37)
(45,9)
(67,4)
(186,11)
(263,40)
(65,40)
(0,13)
(98,19)
(241,6)
(209,6)
(290,25)
(87,2)
(25,19)
(228,33)
(242,9)
(80,2)
(122,20)
(92,21)
(297,19)
(29,7)
(42,31)
(90,27)
(180,30)
(28,21)
(115,37)
(256,5)
(42,2)
(123,26)
(192,33)
(158,3)
(9,37)
(94,37)
(20,33)
(130,12)
(148,5)
(214,6)
(23,1)
(262,21)
(276,27)
(62,2)
(171,29)
(158,32)
(170,1)
(294,31)
(284,14)
(199,34)
(271,13)
(202,37)
(290,11)
(199,13)
(272,11)
(54,17)
(170,10)
(69,40)
(15,4)
(192,8)
(131,14)
(108,5)
(126,27)
(106,20)
(43,3)
(289,3)
(105,32)
(35,11)
(285,23)
(171,23)
(245,25)
(116,37)
(193,20)
(180,38)
(113,30)
(155,19)
(205,34)
(75,1)
(103,4)
(292,38)
(138,23)
(144,2)
(210,0)
(258,25)
(232,18)
(232,34)
(226,26)
(39,21)
(113,19)
(88,16)
(70,24)
(89,29)
(169,3)
(183,17)
(234,11)
(266,30)
(38,24)
(27,2)
(196,12)
(1,9)
(197,13)
(152,10)
(62,26)
(164,30)
(182,33)
(95,11)
(213,9)
(203,12)
(77,37)
(162,40)
(119,35)
(160,36)
(19,0)
(149,35)
(23,8)
(206,39)
(154,29)
(172,27)
(165,1)
(253,27)
(245,28)
(295,9)
(68,13)
(47,35)
(238,32)
(93,18)
(288,8)
(118,16)
(191,33)
(227,12)
(244,4)
(251,2)
(69,13)
(126,16)
(231,25)
(278,30)
(240,19)
(21,39)
(261,17)
(66,38)
(13,17)
(197,17)
(61,40)
(285,13)
(157,27)
(244,3)
(215,0)
(19,35)
(250,31)
(208,25)
(104,32)
(61,25)
(55,8)
(292,22)
(188,15)
(172,28)
(270,6)
(136,34)
(112,36)
(53,23)
(119,33)
(229,20)
(27,15)
(210,26)
(250,38)
(119,31)
(274,34)
(124,3)
(100,7)
(62,8)
(198,34)
(179,22)
(211,12)
(138,32)
(218,10)
(24,23)
(159,5)
(120,9)
(271,19)
(287,23)
(8,40)
(195,7)
(196,0)
(115,24)
(74,16)
(295,3)
(62,18)
(84,35)
(103,31)
(126,14)
(136,22)
(161,31)
(155,36)
(131,39)
(64,3)
(130,7)
(260,5)
(105,22)
(285,11)
(184,39)
(55,7)
(128,10)
(1,36)
(40,3)
(231,15)
(8,28)
(140,16)
(283,29)
(134,13)
(136,23)
(298,37)
(114,7)
(95,8)
(139,12)
(101,12)
(153,6)
(171,38)
(5,10)
(167,1)
(285,39)
(40,38)
(161,28)
(254,1)
(244,36)
(220,25)
(168,33)
(233,15)
(139,40)
(42,24)
(193,22)
(267,2)
(28,23)
(38,21)
(184,32)
(260,33)
(253,32)
(177,10)
(13,25)
(215,2)
(91,35)
(1,2)
(95,19)
(150,27)
(35,16)
(38,16)
(243,0)
(58,29)
(93,15)
(2,11)
(200,39)
(159,40)
(50,18)
(228,3)
(285,29)
(236,31)
(73,21)
(21,35)
(221,38)
(299,36)
(202,39)
(65,3)
(53,9)
(171,9)
(117,22)
(223,29)
(103,6)
(221,0)
(20,7)
(115,10)
(98,29)
(111,18)
(15,18)
(31,33)
(272,22)
(34,7)
(244,1)
(214,13)
(9,13)
(105,1)
(135,3)
(231,30)
(31,1)
(18,33)
(33,16)
(252,29)
(169,22)
(8,34)
(202,36)
(190,33)
(98,28)
(65,18)
(183,19)
(269,19)
(292,30)
(153,14)
(31,36)
(30,35)
(227,35)
(161,24)
(149,27)
(14,33)
(158,12)
(46,17)
(23,20)
(175,7)
(166,4)
(242,28)
(174,40)
(84,26)
(147,10)
(25,1)
(162,10)
(247,5)
(48,14)
(119,0)
(127,14)
(294,17)
(56,22)
(267,11)
(75,31)
(265,28)
(293,5)
(14,26)
(44,30)
(173,28)
(139,18)
(289,11)
(80,3)
(85,29)
(188,26)
(259,1)
(71,18)
(130,31)
(299,22)
(297,32)
(162,22)
(103,38)
(236,14)
(189,9)
(279,25)
(179,9)
(52,13)
(183,39)
(185,1)
(152,33)
(189,8)
(281,33)
(159,12)
(244,38)
(18,11)
(297,14)
(36,23)
(219,35)
(285,16)
(140,0)
(67,13)
(118,17)
(84,23)
(4,7)
(54,25)
(203,40)
(115,13)
(237,3)
(195,38)
(42,18)
(269,2)
(269,22)
(167,35)
(77,21)
(13,33)
(39,25)
(72,8)
(221,1)
(42,36)
(236,4)
(212,6)
(47,38)
(79,4)
(112,37)
(241,16)
(298,15)
(164,4)
(200,7)
(215,9)
(99,14)
(225,36)
(176,17)
(86,32)
(239,3)
(16,35)
(218,5)
(130,29)
(244,17)
(46,14)
(170,8)
(264,32)
(233,7)
(281,16)
(70,25)
(94,6)
(289,1)
(284,40)
(296,29)
(48,4)
(220,15)
(72,25)
(22,6)
(118,25)
(282,35)
(87,30)
(191,3)
(77,11)
(225,23)
(56,8)
(180,17)
(9,10)
(232,3)
(90,29)
(8,1)
(253,4)
(144,30)
(16,22)
(277,16)
(266,9)
(63,16)
(102,7)
(149,24)
(194,27)
(175,13)
(15,30)
(251,17)
(51,0)
(175,40)
(176,5)
(114,32)
(237,39)
(263,37)
(115,40)
(130,28)
(254,20)
(117,37)
(211,6)
(101,15)
(135,11)
(133,40)
(215,8)
(95,25)
(226,10)
(185,13)
(206,15)
(81,31)
(116,1)
(7,30)
(270,4)
(162,0)
(217,6)
(49,15)
(205,20)
(284,20)
(43,5)
(263,4)
(5,19)
(4,17)
(118,32)
(112,16)
(269,37)
(159,28)
(139,3)
(130,13)
(216,40)
(0,27)
(117,9)
(148,34)
(223,12)
(275,32)
(216,6)
(34,35)
(267,4)
(124,38)
(202,14)
(99,27)
(282,19)
(83,31)
(137,12)
(214,25)
(124,13)
(255,26)
(92,11)
(164,11)
(192,6)
(38,18)
(278,18)
(46,13)
(173,12)
(138,16)
(290,35)
(286,37)
(44,13)
(186,15)
(298,0)
(206,14)
