100 Users
55 Files
3500 Transactions
2 Maximum Connections
1 Cycle Length per Upload-Download
0 Warm-up Transactions
0.400000 Zipf constant
5 Pre-Trusted Users
40 Well-Behaved (Good) Users
60 Purely Malicious Users
0 Feedback Skewing Users
0 Malignant Providing Users
0 Disguised Malicous Users
0 Sybil Attack Users
true Intelligent Trans. Generation
1561007051659 Trace Generation Seed

(0.086654,0.000000,1,false)
(0.034123,0.000000,1,false)
(0.051595,0.000000,1,false)
(0.061119,0.000000,1,false)
(0.032679,0.000000,1,false)
(0.042102,0.000000,1,false)
(0.039240,0.000000,1,false)
(0.002589,0.000000,1,false)
(0.079931,0.000000,1,false)
(0.071199,0.000000,1,false)
(0.087621,0.000000,1,false)
(0.081414,0.000000,1,false)
(0.090212,0.000000,1,false)
(0.064117,0.000000,1,false)
(0.032777,0.000000,1,false)
(0.027695,0.000000,1,false)
(0.011045,0.000000,1,false)
(0.088476,0.000000,1,false)
(0.009675,0.000000,1,false)
(0.026171,0.000000,1,false)
(0.002971,0.000000,1,false)
(0.012227,0.000000,1,false)
(0.030505,0.000000,1,false)
(0.029177,0.000000,1,false)
(0.098310,0.000000,1,false)
(0.047162,0.000000,1,false)
(0.028326,0.000000,1,false)
(0.001089,0.000000,1,false)
(0.017846,0.000000,1,false)
(0.064922,0.000000,1,false)
(0.018132,0.000000,1,false)
(0.015283,0.000000,1,false)
(0.070822,0.000000,1,false)
(0.027132,0.000000,1,false)
(0.084188,0.000000,1,false)
(0.032206,0.000000,1,false)
(0.003177,0.000000,1,false)
(0.074088,0.000000,1,false)
(0.049802,0.000000,1,false)
(0.010272,0.000000,1,false)
(0.039128,0.000000,1,false)
(0.084937,0.000000,1,false)
(0.023747,0.000000,1,false)
(0.040091,0.000000,1,false)
(0.082006,0.000000,1,false)
(0.056299,0.000000,1,false)
(0.046094,0.000000,1,false)
(0.046904,0.000000,1,false)
(0.001686,0.000000,1,false)
(0.046062,0.000000,1,false)
(0.075510,0.000000,1,false)
(0.076137,0.000000,1,false)
(0.037997,0.000000,1,false)
(0.094346,0.000000,1,false)
(0.069901,0.000000,1,false)
(0.062637,0.000000,1,false)
(0.092161,0.000000,1,false)
(0.064648,0.000000,1,false)
(0.012802,0.000000,1,false)
(0.085389,0.000000,1,false)
(0.938362,1.000000,0,true)
(0.955294,1.000000,0,true)
(0.971013,1.000000,0,true)
(0.973541,1.000000,0,true)
(0.902343,1.000000,0,true)
(0.991116,1.000000,0,false)
(0.985447,1.000000,0,false)
(0.914627,1.000000,0,false)
(0.970728,1.000000,0,false)
(0.928346,1.000000,0,false)
(0.920931,1.000000,0,false)
(0.951674,1.000000,0,false)
(0.997042,1.000000,0,false)
(0.944737,1.000000,0,false)
(0.939624,1.000000,0,false)
(0.924624,1.000000,0,false)
(0.967439,1.000000,0,false)
(0.946288,1.000000,0,false)
(0.973757,1.000000,0,false)
(0.951852,1.000000,0,false)
(0.959153,1.000000,0,false)
(0.900092,1.000000,0,false)
(0.978698,1.000000,0,false)
(0.984368,1.000000,0,false)
(0.999062,1.000000,0,false)
(0.966840,1.000000,0,false)
(0.947411,1.000000,0,false)
(0.913723,1.000000,0,false)
(0.946403,1.000000,0,false)
(0.979821,1.000000,0,false)
(0.967543,1.000000,0,false)
(0.959146,1.000000,0,false)
(0.915354,1.000000,0,false)
(0.995716,1.000000,0,false)
(0.986225,1.000000,0,false)
(0.917535,1.000000,0,false)
(0.904307,1.000000,0,false)
(0.955247,1.000000,0,false)
(0.940947,1.000000,0,false)
(0.902408,1.000000,0,false)

(1,0,false)
(2,0,false)
(3,0,false)
(4,0,false)
(5,0,false)
(6,0,false)
(8,0,false)
(9,0,false)
(10,0,false)
(11,0,false)
(12,0,false)
(13,0,false)
(14,0,false)
(15,0,false)
(16,0,false)
(18,0,false)
(19,0,false)
(20,0,false)
(22,0,false)
(23,0,false)
(24,0,false)
(26,0,false)
(27,0,false)
(29,0,false)
(32,0,false)
(33,0,false)
(34,0,false)
(35,0,false)
(36,0,false)
(37,0,false)
(38,0,false)
(39,0,false)
(40,0,false)
(43,0,false)
(44,0,false)
(45,0,false)
(46,0,false)
(47,0,false)
(48,0,false)
(49,0,false)
(50,0,false)
(52,0,false)
(54,0,false)
(56,0,false)
(57,0,false)
(58,0,false)
(59,0,false)
(60,0,true)
(61,0,true)
(62,0,true)
(63,0,true)
(65,0,true)
(66,0,true)
(67,0,true)
(68,0,true)
(69,0,true)
(70,0,true)
(71,0,true)
(73,0,false)
(74,0,true)
(76,0,true)
(77,0,true)
(78,0,true)
(79,0,true)
(80,0,true)
(81,0,true)
(84,0,true)
(85,0,true)
(86,0,true)
(89,0,true)
(90,0,true)
(91,0,true)
(94,0,true)
(95,0,true)
(96,0,true)
(97,0,true)
(98,0,true)
(99,0,true)
(0,1,false)
(1,1,false)
(5,1,false)
(6,1,false)
(7,1,false)
(8,1,false)
(9,1,false)
(10,1,false)
(11,1,false)
(13,1,true)
(17,1,true)
(19,1,false)
(20,1,false)
(21,1,false)
(23,1,false)
(24,1,false)
(25,1,false)
(26,1,false)
(27,1,false)
(29,1,false)
(30,1,false)
(32,1,false)
(35,1,false)
(36,1,false)
(38,1,false)
(40,1,false)
(42,1,false)
(43,1,false)
(44,1,false)
(47,1,false)
(48,1,false)
(49,1,false)
(52,1,false)
(54,1,false)
(55,1,false)
(58,1,false)
(59,1,false)
(61,1,true)
(62,1,true)
(63,1,true)
(64,1,true)
(65,1,true)
(66,1,true)
(67,1,true)
(68,1,true)
(69,1,false)
(70,1,true)
(71,1,true)
(72,1,true)
(73,1,true)
(76,1,true)
(77,1,true)
(78,1,true)
(79,1,true)
(80,1,true)
(81,1,true)
(83,1,true)
(84,1,true)
(85,1,true)
(86,1,true)
(87,1,true)
(88,1,true)
(89,1,true)
(90,1,true)
(91,1,true)
(92,1,true)
(95,1,false)
(96,1,true)
(2,2,true)
(3,2,false)
(4,2,false)
(6,2,false)
(7,2,false)
(9,2,false)
(10,2,false)
(13,2,false)
(14,2,false)
(15,2,false)
(16,2,false)
(19,2,false)
(20,2,false)
(21,2,false)
(24,2,true)
(27,2,false)
(29,2,false)
(31,2,false)
(34,2,false)
(35,2,false)
(36,2,false)
(37,2,false)
(39,2,false)
(42,2,false)
(44,2,false)
(45,2,false)
(46,2,false)
(48,2,false)
(49,2,false)
(50,2,false)
(51,2,false)
(52,2,false)
(54,2,false)
(57,2,false)
(59,2,false)
(64,2,true)
(66,2,true)
(68,2,true)
(69,2,true)
(72,2,true)
(73,2,true)
(74,2,true)
(75,2,true)
(76,2,true)
(79,2,true)
(83,2,true)
(84,2,true)
(87,2,true)
(90,2,true)
(94,2,true)
(95,2,true)
(98,2,true)
(0,3,false)
(1,3,false)
(3,3,false)
(4,3,false)
(5,3,false)
(6,3,false)
(7,3,false)
(9,3,false)
(12,3,false)
(14,3,false)
(15,3,false)
(17,3,false)
(18,3,false)
(19,3,false)
(20,3,false)
(22,3,false)
(25,3,false)
(26,3,false)
(29,3,false)
(31,3,false)
(32,3,false)
(34,3,false)
(35,3,false)
(37,3,false)
(38,3,false)
(40,3,false)
(41,3,false)
(42,3,false)
(43,3,false)
(44,3,false)
(45,3,false)
(46,3,true)
(47,3,false)
(48,3,false)
(50,3,false)
(51,3,true)
(52,3,false)
(54,3,true)
(55,3,false)
(58,3,false)
(59,3,false)
(60,3,true)
(61,3,true)
(64,3,true)
(65,3,true)
(66,3,true)
(67,3,true)
(68,3,true)
(71,3,true)
(72,3,true)
(73,3,true)
(76,3,true)
(78,3,true)
(80,3,true)
(82,3,true)
(83,3,true)
(85,3,true)
(86,3,true)
(87,3,true)
(88,3,true)
(89,3,true)
(93,3,true)
(95,3,true)
(97,3,false)
(98,3,true)
(2,4,false)
(6,4,false)
(11,4,false)
(12,4,false)
(15,4,false)
(16,4,false)
(18,4,false)
(22,4,false)
(23,4,false)
(24,4,false)
(25,4,false)
(27,4,false)
(28,4,false)
(29,4,false)
(30,4,false)
(31,4,false)
(38,4,false)
(40,4,false)
(41,4,false)
(42,4,false)
(43,4,false)
(44,4,false)
(45,4,false)
(46,4,false)
(49,4,false)
(51,4,false)
(53,4,false)
(54,4,false)
(55,4,false)
(61,4,true)
(64,4,true)
(72,4,true)
(82,4,true)
(83,4,true)
(84,4,true)
(86,4,true)
(89,4,true)
(90,4,true)
(91,4,true)
(93,4,true)
(94,4,true)
(97,4,true)
(0,5,false)
(2,5,false)
(6,5,false)
(7,5,false)
(9,5,false)
(10,5,false)
(11,5,false)
(12,5,true)
(16,5,false)
(17,5,false)
(18,5,false)
(19,5,false)
(21,5,false)
(22,5,false)
(23,5,false)
(25,5,false)
(30,5,false)
(33,5,false)
(37,5,false)
(40,5,false)
(42,5,false)
(43,5,false)
(44,5,false)
(45,5,false)
(46,5,false)
(47,5,false)
(56,5,false)
(61,5,true)
(62,5,true)
(65,5,true)
(67,5,true)
(68,5,true)
(69,5,true)
(70,5,true)
(71,5,true)
(75,5,true)
(77,5,true)
(79,5,true)
(81,5,true)
(82,5,true)
(86,5,false)
(87,5,false)
(92,5,true)
(93,5,true)
(97,5,true)
(99,5,true)
(1,6,false)
(2,6,false)
(8,6,false)
(10,6,false)
(11,6,false)
(13,6,false)
(14,6,false)
(17,6,false)
(20,6,false)
(21,6,false)
(24,6,false)
(26,6,false)
(27,6,false)
(29,6,false)
(30,6,false)
(31,6,false)
(36,6,false)
(38,6,true)
(42,6,false)
(45,6,false)
(46,6,false)
(47,6,false)
(49,6,false)
(51,6,false)
(52,6,false)
(55,6,false)
(59,6,false)
(60,6,true)
(61,6,true)
(63,6,true)
(65,6,true)
(66,6,true)
(68,6,true)
(69,6,true)
(74,6,true)
(75,6,true)
(78,6,true)
(82,6,true)
(84,6,true)
(86,6,true)
(90,6,true)
(94,6,true)
(95,6,true)
(96,6,true)
(98,6,true)
(99,6,true)
(0,7,false)
(1,7,false)
(3,7,false)
(6,7,false)
(9,7,false)
(13,7,false)
(15,7,false)
(16,7,false)
(18,7,false)
(20,7,false)
(23,7,false)
(26,7,false)
(29,7,false)
(32,7,false)
(36,7,false)
(41,7,false)
(42,7,false)
(43,7,false)
(46,7,true)
(50,7,false)
(57,7,false)
(64,7,true)
(65,7,true)
(71,7,true)
(72,7,true)
(77,7,true)
(81,7,false)
(82,7,true)
(83,7,true)
(87,7,true)
(91,7,true)
(92,7,true)
(93,7,true)
(94,7,true)
(0,8,false)
(3,8,false)
(4,8,false)
(6,8,false)
(7,8,false)
(9,8,false)
(12,8,false)
(13,8,false)
(16,8,false)
(21,8,false)
(23,8,false)
(24,8,false)
(32,8,false)
(36,8,false)
(38,8,false)
(41,8,false)
(44,8,false)
(48,8,false)
(49,8,false)
(52,8,false)
(56,8,false)
(60,8,true)
(63,8,true)
(67,8,true)
(68,8,true)
(70,8,true)
(76,8,true)
(79,8,true)
(81,8,true)
(86,8,true)
(91,8,true)
(93,8,true)
(95,8,true)
(96,8,true)
(97,8,true)
(0,9,false)
(2,9,false)
(4,9,false)
(5,9,false)
(7,9,false)
(8,9,false)
(9,9,false)
(10,9,false)
(11,9,false)
(14,9,false)
(17,9,false)
(20,9,false)
(23,9,false)
(25,9,false)
(27,9,false)
(28,9,false)
(31,9,false)
(32,9,false)
(34,9,false)
(35,9,false)
(36,9,false)
(38,9,false)
(40,9,false)
(42,9,false)
(44,9,false)
(50,9,false)
(54,9,false)
(59,9,false)
(60,9,true)
(63,9,true)
(64,9,true)
(68,9,true)
(76,9,true)
(77,9,true)
(78,9,true)
(87,9,true)
(91,9,true)
(92,9,true)
(93,9,true)
(95,9,true)
(2,10,false)
(5,10,false)
(8,10,false)
(9,10,false)
(11,10,false)
(12,10,false)
(13,10,false)
(14,10,false)
(15,10,false)
(20,10,false)
(21,10,false)
(23,10,false)
(25,10,false)
(27,10,false)
(28,10,false)
(34,10,false)
(36,10,false)
(40,10,false)
(43,10,false)
(44,10,false)
(46,10,false)
(52,10,false)
(56,10,false)
(59,10,false)
(60,10,true)
(61,10,true)
(62,10,true)
(63,10,true)
(64,10,true)
(65,10,true)
(74,10,true)
(75,10,true)
(80,10,true)
(87,10,true)
(90,10,true)
(92,10,true)
(93,10,true)
(95,10,true)
(96,10,true)
(97,10,true)
(1,11,false)
(2,11,false)
(3,11,false)
(5,11,false)
(9,11,false)
(10,11,false)
(14,11,false)
(20,11,false)
(22,11,false)
(23,11,false)
(26,11,false)
(31,11,false)
(34,11,false)
(36,11,false)
(38,11,false)
(39,11,false)
(43,11,false)
(49,11,false)
(50,11,false)
(52,11,false)
(54,11,false)
(61,11,true)
(63,11,true)
(64,11,true)
(67,11,true)
(74,11,true)
(75,11,true)
(77,11,true)
(79,11,true)
(81,11,true)
(84,11,true)
(86,11,true)
(87,11,true)
(93,11,true)
(95,11,true)
(97,11,true)
(98,11,true)
(0,12,false)
(3,12,false)
(4,12,false)
(7,12,false)
(10,12,false)
(12,12,false)
(14,12,false)
(21,12,false)
(22,12,false)
(29,12,false)
(32,12,false)
(34,12,false)
(36,12,false)
(38,12,false)
(42,12,false)
(44,12,false)
(47,12,true)
(50,12,false)
(53,12,true)
(57,12,false)
(62,12,true)
(69,12,true)
(73,12,true)
(74,12,true)
(77,12,true)
(80,12,true)
(82,12,true)
(83,12,true)
(85,12,true)
(88,12,true)
(94,12,true)
(2,13,false)
(9,13,false)
(10,13,false)
(11,13,false)
(16,13,false)
(18,13,false)
(28,13,false)
(29,13,false)
(30,13,false)
(35,13,false)
(37,13,false)
(40,13,false)
(47,13,false)
(51,13,false)
(53,13,false)
(57,13,false)
(58,13,false)
(60,13,true)
(65,13,true)
(66,13,true)
(67,13,true)
(69,13,true)
(74,13,true)
(75,13,true)
(77,13,true)
(84,13,true)
(87,13,true)
(88,13,true)
(89,13,true)
(91,13,true)
(92,13,true)
(93,13,true)
(94,13,true)
(95,13,true)
(97,13,true)
(0,14,false)
(3,14,false)
(7,14,false)
(8,14,false)
(12,14,false)
(13,14,false)
(25,14,false)
(32,14,false)
(37,14,false)
(39,14,false)
(40,14,false)
(44,14,false)
(50,14,false)
(51,14,false)
(52,14,false)
(53,14,false)
(54,14,false)
(55,14,false)
(56,14,false)
(61,14,true)
(65,14,true)
(70,14,true)
(71,14,true)
(77,14,true)
(78,14,true)
(83,14,true)
(86,14,false)
(88,14,true)
(89,14,true)
(90,14,true)
(94,14,true)
(98,14,true)
(2,15,false)
(5,15,false)
(7,15,false)
(9,15,false)
(13,15,true)
(14,15,false)
(15,15,false)
(16,15,false)
(18,15,false)
(21,15,false)
(22,15,false)
(23,15,false)
(24,15,false)
(25,15,false)
(27,15,false)
(28,15,false)
(30,15,true)
(31,15,false)
(33,15,false)
(51,15,false)
(53,15,false)
(54,15,false)
(56,15,false)
(58,15,false)
(60,15,true)
(63,15,true)
(70,15,false)
(71,15,true)
(72,15,true)
(73,15,true)
(76,15,true)
(77,15,false)
(83,15,true)
(85,15,true)
(96,15,true)
(98,15,true)
(4,16,false)
(6,16,false)
(7,16,false)
(8,16,false)
(14,16,false)
(15,16,false)
(16,16,false)
(18,16,false)
(27,16,false)
(29,16,false)
(33,16,false)
(34,16,false)
(36,16,false)
(39,16,false)
(41,16,false)
(43,16,false)
(44,16,false)
(46,16,false)
(51,16,false)
(53,16,false)
(54,16,false)
(58,16,false)
(59,16,false)
(61,16,true)
(65,16,true)
(67,16,true)
(68,16,true)
(69,16,true)
(70,16,true)
(79,16,true)
(80,16,true)
(84,16,true)
(85,16,true)
(88,16,true)
(92,16,true)
(93,16,true)
(95,16,false)
(97,16,true)
(0,17,false)
(3,17,false)
(4,17,false)
(10,17,false)
(14,17,false)
(16,17,false)
(18,17,false)
(19,17,false)
(35,17,false)
(37,17,false)
(39,17,false)
(40,17,false)
(43,17,false)
(44,17,false)
(46,17,false)
(50,17,false)
(60,17,true)
(61,17,true)
(62,17,true)
(64,17,true)
(67,17,true)
(71,17,true)
(73,17,true)
(75,17,true)
(76,17,true)
(78,17,true)
(79,17,true)
(80,17,true)
(81,17,true)
(91,17,true)
(93,17,true)
(2,18,false)
(3,18,false)
(6,18,false)
(7,18,false)
(8,18,false)
(14,18,false)
(17,18,false)
(20,18,false)
(22,18,false)
(23,18,false)
(27,18,false)
(31,18,false)
(32,18,false)
(33,18,false)
(36,18,false)
(41,18,false)
(42,18,false)
(47,18,false)
(52,18,false)
(53,18,true)
(54,18,false)
(59,18,false)
(60,18,true)
(61,18,true)
(67,18,true)
(72,18,true)
(75,18,true)
(77,18,true)
(85,18,true)
(90,18,true)
(91,18,true)
(94,18,true)
(95,18,false)
(98,18,true)
(0,19,true)
(4,19,true)
(6,19,false)
(7,19,false)
(12,19,false)
(15,19,false)
(18,19,false)
(27,19,false)
(29,19,false)
(30,19,false)
(32,19,false)
(33,19,false)
(37,19,false)
(40,19,false)
(41,19,false)
(43,19,false)
(44,19,false)
(50,19,false)
(51,19,false)
(56,19,false)
(61,19,true)
(67,19,false)
(70,19,true)
(80,19,true)
(82,19,true)
(83,19,true)
(93,19,true)
(94,19,true)
(96,19,true)
(4,20,false)
(11,20,true)
(13,20,false)
(16,20,false)
(24,20,false)
(25,20,false)
(26,20,false)
(27,20,false)
(34,20,false)
(37,20,false)
(41,20,false)
(45,20,false)
(48,20,false)
(50,20,false)
(53,20,false)
(56,20,false)
(62,20,true)
(63,20,true)
(75,20,true)
(77,20,true)
(78,20,true)
(80,20,true)
(83,20,true)
(84,20,true)
(7,21,false)
(9,21,true)
(11,21,false)
(13,21,false)
(14,21,false)
(22,21,false)
(26,21,false)
(31,21,false)
(33,21,false)
(34,21,false)
(43,21,false)
(44,21,false)
(50,21,false)
(53,21,false)
(57,21,false)
(60,21,true)
(65,21,true)
(66,21,true)
(68,21,true)
(70,21,true)
(73,21,true)
(74,21,true)
(75,21,true)
(77,21,true)
(81,21,true)
(85,21,true)
(87,21,true)
(90,21,true)
(96,21,false)
(99,21,true)
(0,22,false)
(1,22,false)
(2,22,false)
(4,22,false)
(5,22,false)
(6,22,false)
(7,22,false)
(10,22,false)
(14,22,false)
(15,22,false)
(20,22,false)
(22,22,false)
(26,22,false)
(29,22,false)
(31,22,false)
(37,22,false)
(38,22,false)
(41,22,false)
(44,22,false)
(49,22,false)
(50,22,false)
(51,22,false)
(58,22,false)
(60,22,true)
(65,22,true)
(66,22,true)
(68,22,true)
(70,22,true)
(74,22,true)
(76,22,true)
(78,22,true)
(87,22,true)
(89,22,true)
(91,22,false)
(92,22,true)
(96,22,true)
(97,22,true)
(1,23,false)
(5,23,false)
(15,23,false)
(17,23,false)
(23,23,false)
(26,23,false)
(27,23,false)
(28,23,false)
(31,23,false)
(34,23,true)
(36,23,false)
(50,23,false)
(53,23,false)
(57,23,false)
(65,23,true)
(73,23,true)
(78,23,true)
(85,23,true)
(87,23,true)
(90,23,true)
(92,23,true)
(98,23,true)
(0,24,false)
(6,24,false)
(9,24,false)
(13,24,false)
(16,24,false)
(18,24,false)
(23,24,false)
(25,24,false)
(34,24,false)
(54,24,false)
(56,24,false)
(57,24,true)
(62,24,true)
(66,24,true)
(71,24,true)
(72,24,true)
(74,24,false)
(76,24,true)
(80,24,true)
(86,24,true)
(87,24,true)
(91,24,true)
(95,24,true)
(97,24,true)
(98,24,true)
(0,25,false)
(6,25,false)
(14,25,true)
(15,25,false)
(23,25,false)
(34,25,false)
(44,25,false)
(49,25,false)
(56,25,false)
(57,25,false)
(65,25,true)
(67,25,true)
(70,25,true)
(77,25,true)
(82,25,true)
(85,25,true)
(91,25,true)
(92,25,false)
(95,25,true)
(97,25,true)
(99,25,false)
(0,26,false)
(1,26,false)
(3,26,false)
(14,26,false)
(16,26,false)
(18,26,false)
(39,26,false)
(44,26,false)
(46,26,false)
(47,26,false)
(50,26,false)
(53,26,false)
(54,26,false)
(56,26,false)
(57,26,false)
(59,26,true)
(62,26,true)
(65,26,true)
(68,26,true)
(69,26,true)
(70,26,true)
(71,26,true)
(73,26,true)
(83,26,true)
(85,26,true)
(86,26,true)
(88,26,true)
(93,26,true)
(97,26,true)
(98,26,true)
(0,27,false)
(3,27,false)
(8,27,false)
(11,27,false)
(16,27,false)
(20,27,false)
(21,27,false)
(22,27,false)
(26,27,false)
(30,27,true)
(32,27,false)
(34,27,false)
(36,27,false)
(43,27,false)
(47,27,false)
(49,27,false)
(57,27,false)
(65,27,true)
(74,27,true)
(75,27,true)
(77,27,true)
(81,27,true)
(84,27,true)
(87,27,true)
(89,27,true)
(98,27,true)
(99,27,false)
(7,28,false)
(15,28,false)
(32,28,false)
(33,28,false)
(34,28,true)
(35,28,false)
(36,28,false)
(38,28,false)
(42,28,false)
(43,28,false)
(44,28,false)
(46,28,false)
(47,28,false)
(53,28,true)
(59,28,false)
(63,28,true)
(68,28,true)
(74,28,true)
(82,28,true)
(84,28,true)
(88,28,true)
(91,28,true)
(93,28,true)
(98,28,true)
(3,29,false)
(6,29,false)
(7,29,false)
(8,29,false)
(11,29,false)
(18,29,true)
(22,29,false)
(24,29,false)
(28,29,false)
(29,29,false)
(30,29,false)
(35,29,false)
(37,29,false)
(46,29,false)
(47,29,false)
(49,29,true)
(54,29,false)
(61,29,true)
(64,29,true)
(72,29,true)
(74,29,true)
(76,29,true)
(84,29,true)
(86,29,true)
(87,29,true)
(88,29,true)
(89,29,true)
(91,29,true)
(92,29,true)
(0,30,false)
(2,30,false)
(11,30,false)
(13,30,false)
(20,30,false)
(21,30,false)
(23,30,false)
(27,30,false)
(28,30,false)
(30,30,false)
(31,30,false)
(32,30,false)
(33,30,false)
(38,30,false)
(40,30,true)
(42,30,false)
(47,30,false)
(56,30,false)
(64,30,true)
(68,30,true)
(70,30,true)
(86,30,true)
(90,30,true)
(91,30,true)
(95,30,true)
(98,30,false)
(9,31,false)
(11,31,true)
(12,31,false)
(18,31,false)
(21,31,false)
(26,31,false)
(34,31,false)
(36,31,false)
(42,31,false)
(52,31,false)
(53,31,false)
(62,31,true)
(64,31,true)
(66,31,true)
(71,31,true)
(74,31,true)
(79,31,true)
(83,31,true)
(89,31,true)
(90,31,true)
(93,31,true)
(94,31,false)
(95,31,true)
(1,32,false)
(5,32,false)
(13,32,true)
(14,32,false)
(15,32,false)
(20,32,false)
(21,32,false)
(29,32,false)
(31,32,false)
(46,32,false)
(49,32,true)
(56,32,true)
(58,32,false)
(59,32,false)
(61,32,true)
(67,32,true)
(69,32,true)
(79,32,true)
(85,32,true)
(86,32,true)
(89,32,true)
(93,32,true)
(94,32,true)
(97,32,true)
(1,33,false)
(2,33,false)
(4,33,false)
(10,33,true)
(11,33,false)
(16,33,false)
(22,33,false)
(26,33,false)
(28,33,false)
(39,33,false)
(42,33,false)
(43,33,false)
(44,33,false)
(48,33,false)
(53,33,false)
(56,33,false)
(61,33,true)
(63,33,true)
(68,33,true)
(69,33,true)
(71,33,true)
(73,33,true)
(75,33,true)
(78,33,true)
(79,33,true)
(81,33,true)
(82,33,true)
(83,33,true)
(84,33,true)
(85,33,true)
(86,33,true)
(87,33,true)
(94,33,true)
(99,33,true)
(9,34,false)
(13,34,false)
(15,34,false)
(17,34,false)
(20,34,false)
(24,34,false)
(27,34,false)
(32,34,false)
(33,34,false)
(34,34,false)
(35,34,false)
(38,34,false)
(39,34,false)
(42,34,false)
(43,34,false)
(54,34,false)
(59,34,false)
(63,34,true)
(67,34,true)
(69,34,true)
(71,34,true)
(80,34,true)
(86,34,true)
(1,35,false)
(6,35,false)
(10,35,false)
(15,35,false)
(18,35,false)
(22,35,false)
(23,35,false)
(24,35,false)
(28,35,false)
(36,35,false)
(39,35,false)
(41,35,false)
(49,35,false)
(51,35,false)
(53,35,false)
(54,35,false)
(55,35,true)
(57,35,false)
(61,35,true)
(66,35,true)
(68,35,true)
(69,35,false)
(70,35,true)
(78,35,true)
(80,35,true)
(85,35,true)
(86,35,false)
(87,35,true)
(98,35,true)
(99,35,false)
(0,36,false)
(21,36,false)
(23,36,false)
(24,36,false)
(26,36,false)
(27,36,false)
(32,36,false)
(33,36,false)
(35,36,false)
(36,36,false)
(43,36,false)
(44,36,false)
(51,36,false)
(52,36,false)
(54,36,false)
(55,36,false)
(61,36,true)
(63,36,true)
(66,36,true)
(69,36,true)
(75,36,true)
(76,36,true)
(88,36,true)
(90,36,true)
(91,36,true)
(2,37,false)
(5,37,false)
(12,37,false)
(18,37,false)
(19,37,false)
(23,37,false)
(25,37,false)
(27,37,false)
(30,37,false)
(32,37,false)
(37,37,false)
(38,37,false)
(39,37,false)
(40,37,false)
(44,37,false)
(48,37,false)
(50,37,false)
(54,37,false)
(55,37,false)
(56,37,false)
(57,37,false)
(59,37,false)
(60,37,true)
(61,37,true)
(65,37,true)
(66,37,true)
(67,37,true)
(86,37,true)
(97,37,false)
(0,38,false)
(6,38,true)
(9,38,false)
(14,38,false)
(22,38,false)
(28,38,false)
(30,38,false)
(32,38,false)
(39,38,false)
(40,38,false)
(46,38,false)
(47,38,false)
(49,38,false)
(50,38,false)
(52,38,false)
(56,38,false)
(61,38,true)
(62,38,true)
(64,38,true)
(68,38,false)
(71,38,true)
(74,38,true)
(83,38,true)
(84,38,true)
(86,38,true)
(87,38,true)
(98,38,true)
(1,39,false)
(4,39,false)
(6,39,false)
(10,39,false)
(11,39,false)
(19,39,false)
(24,39,false)
(27,39,false)
(28,39,false)
(30,39,false)
(33,39,false)
(35,39,false)
(38,39,false)
(39,39,false)
(41,39,false)
(45,39,false)
(52,39,false)
(54,39,false)
(56,39,true)
(58,39,false)
(63,39,true)
(66,39,true)
(71,39,true)
(73,39,true)
(78,39,true)
(82,39,true)
(87,39,true)
(88,39,true)
(92,39,true)
(97,39,true)
(99,39,true)
(7,40,false)
(17,40,false)
(27,40,false)
(31,40,false)
(34,40,false)
(37,40,false)
(39,40,false)
(43,40,false)
(50,40,true)
(51,40,false)
(57,40,false)
(58,40,false)
(66,40,true)
(67,40,true)
(78,40,true)
(83,40,true)
(92,40,true)
(99,40,true)
(14,41,false)
(16,41,false)
(19,41,true)
(23,41,false)
(32,41,true)
(33,41,false)
(36,41,false)
(38,41,false)
(44,41,false)
(67,41,true)
(68,41,true)
(69,41,true)
(71,41,true)
(81,41,true)
(84,41,true)
(90,41,true)
(92,41,false)
(95,41,true)
(97,41,true)
(2,42,false)
(3,42,false)
(4,42,false)
(6,42,false)
(13,42,false)
(19,42,false)
(20,42,false)
(21,42,false)
(31,42,false)
(36,42,false)
(38,42,true)
(42,42,false)
(44,42,false)
(48,42,false)
(58,42,false)
(62,42,true)
(63,42,true)
(67,42,false)
(78,42,true)
(79,42,true)
(84,42,true)
(85,42,true)
(87,42,true)
(89,42,true)
(90,42,true)
(93,42,true)
(95,42,true)
(96,42,true)
(4,43,false)
(5,43,false)
(12,43,false)
(15,43,false)
(16,43,false)
(20,43,false)
(22,43,false)
(28,43,false)
(29,43,false)
(31,43,false)
(33,43,false)
(53,43,false)
(58,43,false)
(61,43,true)
(68,43,true)
(76,43,true)
(84,43,true)
(95,43,true)
(96,43,false)
(98,43,true)
(99,43,true)
(6,44,false)
(7,44,false)
(15,44,false)
(19,44,false)
(20,44,false)
(28,44,false)
(35,44,false)
(36,44,false)
(39,44,false)
(40,44,false)
(43,44,true)
(50,44,true)
(51,44,false)
(63,44,true)
(70,44,true)
(71,44,true)
(78,44,true)
(80,44,true)
(82,44,true)
(84,44,true)
(86,44,true)
(89,44,true)
(92,44,true)
(93,44,true)
(96,44,true)
(1,45,false)
(9,45,false)
(16,45,false)
(18,45,false)
(25,45,false)
(26,45,false)
(28,45,false)
(30,45,false)
(34,45,true)
(40,45,false)
(52,45,false)
(59,45,false)
(62,45,true)
(75,45,true)
(87,45,true)
(93,45,true)
(94,45,true)
(0,46,false)
(6,46,false)
(16,46,false)
(18,46,false)
(21,46,false)
(22,46,false)
(27,46,false)
(29,46,false)
(30,46,false)
(33,46,false)
(42,46,false)
(46,46,false)
(48,46,false)
(49,46,false)
(52,46,false)
(53,46,false)
(56,46,true)
(60,46,true)
(61,46,true)
(62,46,true)
(69,46,true)
(74,46,true)
(76,46,true)
(83,46,true)
(96,46,true)
(6,47,false)
(8,47,false)
(11,47,false)
(27,47,false)
(29,47,true)
(34,47,false)
(42,47,false)
(50,47,false)
(51,47,false)
(62,47,true)
(71,47,true)
(73,47,true)
(88,47,true)
(95,47,true)
(99,47,true)
(28,48,false)
(33,48,false)
(49,48,false)
(57,48,false)
(61,48,true)
(66,48,true)
(85,48,true)
(3,49,false)
(4,49,false)
(16,49,false)
(24,49,false)
(31,49,false)
(40,49,false)
(43,49,false)
(46,49,false)
(48,49,false)
(49,49,false)
(53,49,false)
(58,49,false)
(59,49,false)
(62,49,false)
(66,49,true)
(68,49,true)
(69,49,true)
(70,49,true)
(72,49,true)
(97,49,true)
(3,50,false)
(24,50,false)
(30,50,false)
(37,50,false)
(41,50,false)
(47,50,false)
(59,50,false)
(75,50,true)
(76,50,true)
(80,50,true)
(86,50,true)
(89,50,true)
(92,50,false)
(9,51,false)
(32,51,true)
(34,51,false)
(37,51,false)
(41,51,false)
(42,51,false)
(45,51,false)
(57,51,false)
(58,51,false)
(69,51,true)
(83,51,true)
(84,51,true)
(87,51,false)
(88,51,true)
(90,51,true)
(92,51,true)
(94,51,true)
(95,51,true)
(98,51,true)
(99,51,true)
(0,52,false)
(10,52,true)
(33,52,false)
(42,52,false)
(43,52,false)
(55,52,false)
(61,52,false)
(72,52,true)
(76,52,true)
(78,52,true)
(84,52,true)
(91,52,true)
(93,52,true)
(97,52,true)
(99,52,true)
(0,53,false)
(3,53,false)
(11,53,false)
(17,53,true)
(20,53,false)
(26,53,false)
(30,53,false)
(46,53,false)
(47,53,false)
(48,53,false)
(50,53,false)
(51,53,false)
(61,53,true)
(64,53,true)
(69,53,true)
(76,53,true)
(81,53,true)
(84,53,true)
(86,53,true)
(87,53,true)
(90,53,true)
(99,53,true)
(0,54,false)
(1,54,false)
(2,54,false)
(4,54,true)
(11,54,false)
(17,54,false)
(30,54,false)
(32,54,false)
(38,54,false)
(45,54,false)
(51,54,false)
(60,54,true)
(83,54,true)
(84,54,true)
(85,54,true)
(96,54,true)
(97,54,true)

(26,2)
(98,8)
(54,10)
(30,2)
(63,41)
(22,31)
(81,32)
(60,2)
(40,18)
(34,54)
(33,20)
(53,38)
(69,37)
(88,34)
(21,44)
(27,8)
(77,31)
(29,42)
(93,0)
(60,48)
(95,37)
(25,6)
(28,54)
(63,7)
(1,16)
(39,31)
(36,14)
(49,39)
(66,32)
(37,42)
(76,18)
(21,17)
(83,29)
(47,23)
(84,9)
(24,11)
(8,4)
(51,8)
(15,1)
(38,13)
(83,27)
(11,8)
(15,29)
(16,50)
(74,50)
(17,4)
(19,4)
(81,35)
(53,17)
(67,52)
(13,3)
(31,17)
(62,34)
(10,42)
(53,53)
(57,9)
(23,26)
(95,4)
(66,5)
(90,9)
(54,32)
(37,25)
(39,50)
(92,33)
(40,33)
(81,19)
(75,42)
(83,39)
(73,29)
(33,13)
(34,13)
(46,18)
(20,21)
(66,16)
(99,54)
(8,31)
(95,40)
(89,48)
(25,16)
(36,37)
(44,11)
(45,12)
(35,41)
(74,5)
(44,39)
(39,15)
(8,46)
(49,21)
(46,36)
(77,46)
(10,3)
(47,10)
(15,12)
(74,9)
(13,19)
(76,5)
(98,5)
(58,5)
(3,1)
(71,50)
(6,23)
(32,25)
(63,2)
(36,49)
(36,40)
(26,26)
(22,7)
(11,38)
(17,50)
(28,18)
(25,42)
(70,37)
(8,12)
(59,13)
(50,33)
(98,29)
(58,7)
(21,20)
(50,51)
(8,21)
(20,41)
(2,24)
(81,28)
(61,21)
(62,15)
(58,10)
(87,12)
(27,49)
(8,42)
(63,14)
(29,48)
(24,16)
(9,27)
(23,21)
(29,40)
(20,15)
(39,51)
(76,16)
(3,52)
(28,3)
(46,43)
(58,37)
(21,19)
(36,3)
(90,26)
(68,31)
(30,42)
(82,47)
(73,25)
(72,0)
(38,17)
(5,44)
(8,36)
(76,11)
(96,29)
(86,15)
(51,51)
(44,31)
(45,23)
(64,22)
(63,30)
(8,38)
(63,22)
(51,48)
(27,13)
(78,7)
(17,0)
(95,5)
(81,24)
(61,54)
(90,12)
(3,19)
(80,21)
(44,47)
(0,39)
(95,53)
(32,29)
(70,3)
(71,28)
(95,22)
(63,52)
(78,15)
(69,22)
(0,16)
(67,28)
(50,1)
(89,34)
(84,5)
(93,21)
(27,27)
(97,51)
(25,8)
(91,53)
(87,14)
(45,24)
(54,6)
(99,26)
(51,1)
(22,44)
(91,40)
(9,33)
(61,51)
(78,16)
(6,14)
(57,1)
(69,10)
(6,54)
(56,36)
(96,50)
(81,36)
(8,35)
(51,30)
(2,43)
(32,26)
(41,27)
(42,8)
(8,41)
(97,6)
(36,25)
(27,41)
(15,40)
(49,7)
(35,38)
(72,22)
(60,24)
(61,40)
(58,29)
(78,10)
(65,53)
(89,37)
(30,0)
(68,25)
(5,21)
(83,6)
(96,47)
(96,38)
(71,43)
(8,44)
(72,45)
(17,27)
(11,24)
(27,5)
(14,36)
(22,49)
(72,43)
(32,4)
(17,13)
(3,48)
(26,41)
(16,18)
(96,40)
(8,15)
(34,44)
(96,4)
(98,54)
(16,36)
(47,47)
(21,21)
(74,3)
(90,28)
(40,24)
(15,26)
(85,45)
(14,52)
(54,12)
(97,7)
(26,52)
(0,43)
(7,11)
(94,47)
(64,50)
(1,36)
(74,51)
(37,32)
(55,33)
(42,20)
(45,25)
(54,42)
(45,30)
(15,49)
(19,13)
(11,25)
(11,17)
(38,2)
(53,40)
(71,11)
(20,12)
(46,33)
(83,17)
(60,14)
(10,54)
(2,35)
(62,6)
(80,4)
(1,53)
(30,25)
(13,29)
(51,20)
(14,48)
(45,18)
(55,34)
(2,20)
(57,33)
(68,54)
(96,37)
(26,43)
(85,30)
(14,51)
(19,40)
(45,13)
(52,15)
(4,21)
(49,20)
(15,48)
(22,45)
(84,17)
(94,8)
(28,11)
(45,44)
(30,17)
(56,43)
(29,9)
(54,25)
(43,39)
(55,53)
(87,40)
(53,45)
(65,4)
(86,40)
(20,23)
(57,28)
(30,49)
(69,25)
(62,21)
(1,29)
(57,11)
(86,10)
(11,48)
(57,49)
(9,4)
(32,13)
(12,2)
(92,2)
(69,20)
(42,40)
(67,2)
(42,48)
(9,37)
(97,29)
(69,48)
(23,51)
(32,48)
(22,26)
(53,0)
(28,22)
(39,30)
(87,30)
(3,32)
(92,37)
(76,19)
(77,34)
(34,53)
(45,21)
(36,43)
(43,13)
(89,19)
(81,51)
(97,2)
(76,13)
(69,7)
(6,40)
(75,54)
(87,31)
(58,23)
(97,46)
(24,46)
(81,54)
(82,41)
(36,4)
(81,20)
(72,14)
(95,38)
(64,51)
(19,7)
(6,34)
(67,45)
(72,11)
(2,21)
(99,1)
(43,14)
(39,28)
(56,29)
(87,4)
(78,31)
(31,45)
(51,23)
(80,9)
(46,1)
(65,18)
(18,27)
(74,30)
(75,22)
(17,29)
(58,26)
(25,23)
(95,36)
(14,29)
(97,14)
(98,4)
(95,32)
(23,48)
(91,5)
(56,44)
(44,46)
(60,1)
(92,4)
(10,19)
(52,26)
(13,16)
(28,27)
(57,17)
(21,25)
(40,2)
(39,25)
(10,28)
(89,17)
(59,30)
(11,50)
(18,25)
(8,7)
(28,0)
(42,45)
(3,5)
(28,53)
(64,15)
(2,50)
(78,2)
(47,8)
(91,2)
(16,38)
(33,8)
(34,37)
(57,41)
(82,34)
(33,31)
(38,40)
(57,50)
(27,3)
(44,27)
(86,20)
(98,21)
(92,0)
(78,21)
(12,36)
(44,49)
(27,7)
(21,28)
(77,32)
(64,25)
(70,2)
(50,27)
(48,35)
(99,34)
(71,23)
(84,45)
(84,50)
(74,49)
(96,24)
(72,37)
(70,29)
(78,5)
(11,14)
(90,19)
(21,23)
(8,30)
(35,27)
(68,42)
(49,34)
(45,26)
(70,43)
(15,9)
(83,49)
(47,46)
(14,42)
(78,34)
(97,50)
(7,24)
(67,29)
(99,3)
(38,7)
(1,48)
(68,23)
(4,34)
(47,36)
(20,39)
(74,40)
(10,30)
(74,17)
(71,37)
(89,2)
(10,49)
(59,43)
(95,21)
(7,47)
(0,33)
(83,37)
(78,27)
(80,6)
(83,30)
(81,3)
(1,12)
(84,48)
(81,16)
(7,10)
(22,1)
(51,37)
(44,6)
(40,22)
(25,17)
(8,13)
(74,19)
(0,41)
(99,4)
(29,18)
(13,22)
(88,46)
(29,17)
(20,51)
(27,35)
(88,49)
(91,23)
(39,12)
(52,40)
(0,4)
(76,31)
(56,4)
(35,25)
(64,20)
(89,11)
(3,28)
(77,35)
(1,34)
(71,19)
(85,37)
(6,27)
(4,38)
(18,12)
(52,30)
(67,35)
(14,1)
(79,3)
(87,17)
(86,17)
(3,33)
(95,35)
(57,45)
(4,26)
(88,27)
(76,10)
(21,29)
(8,34)
(67,46)
(98,22)
(84,34)
(51,21)
(43,24)
(36,5)
(14,46)
(64,5)
(70,47)
(73,34)
(55,47)
(36,24)
(29,5)
(45,1)
(48,21)
(95,15)
(36,34)
(96,16)
(91,12)
(78,26)
(24,30)
(71,18)
(81,6)
(39,7)
(45,7)
(23,45)
(87,41)
(96,3)
(31,25)
(31,10)
(82,51)
(81,38)
(30,11)
(33,2)
(56,9)
(89,23)
(24,17)
(84,21)
(14,5)
(59,21)
(73,11)
(15,47)
(69,17)
(77,10)
(62,25)
(58,11)
(19,19)
(92,18)
(28,14)
(61,47)
(6,20)
(71,40)
(40,31)
(21,53)
(57,3)
(90,25)
(20,37)
(99,50)
(90,5)
(7,4)
(2,40)
(90,52)
(44,54)
(39,10)
(7,39)
(5,2)
(96,48)
(46,42)
(89,35)
(91,47)
(37,6)
(16,34)
(8,45)
(96,35)
(29,26)
(18,2)
(91,3)
(29,20)
(38,35)
(78,41)
(29,34)
(76,26)
(55,13)
(2,19)
(63,43)
(8,17)
(60,35)
(6,12)
(59,27)
(94,9)
(18,33)
(93,29)
(92,31)
(84,23)
(54,17)
(14,19)
(71,13)
(51,5)
(24,7)
(78,24)
(17,24)
(44,50)
(43,18)
(9,29)
(30,26)
(29,10)
(78,18)
(8,5)
(8,43)
(59,35)
(6,28)
(80,49)
(23,2)
(56,11)
(55,0)
(12,39)
(84,12)
(49,24)
(37,28)
(91,27)
(11,7)
(49,43)
(45,31)
(10,31)
(9,41)
(9,22)
(26,24)
(85,50)
(76,38)
(87,20)
(87,44)
(11,19)
(25,43)
(94,54)
(31,37)
(82,40)
(63,21)
(65,8)
(60,23)
(6,15)
(70,31)
(53,7)
(27,17)
(1,15)
(98,7)
(3,24)
(60,49)
(43,45)
(47,39)
(74,4)
(98,17)
(10,53)
(73,10)
(34,29)
(13,46)
(24,14)
(34,38)
(27,51)
(69,18)
(0,2)
(47,24)
(58,34)
(65,42)
(57,46)
(72,33)
(10,24)
(41,0)
(69,39)
(71,10)
(30,23)
(53,8)
(90,27)
(37,1)
(29,15)
(63,31)
(60,51)
(74,20)
(85,8)
(22,6)
(68,48)
(30,22)
(4,13)
(23,32)
(76,48)
(42,53)
(40,34)
(88,0)
(65,41)
(83,32)
(30,32)
(52,5)
(56,3)
(12,27)
(38,20)
(55,12)
(83,23)
(42,25)
(59,48)
(28,42)
(89,25)
(41,26)
(89,8)
(51,11)
(14,20)
(33,1)
(23,46)
(25,19)
(2,26)
(2,38)
(84,37)
(25,54)
(33,7)
(10,46)
(74,39)
(22,28)
(88,35)
(68,51)
(84,40)
(60,26)
(27,33)
(12,38)
(30,14)
(79,37)
(88,19)
(55,38)
(21,50)
(3,4)
(27,26)
(36,39)
(0,0)
(92,3)
(21,48)
(72,23)
(27,31)
(73,43)
(3,10)
(19,47)
(35,8)
(87,8)
(17,43)
(69,8)
(31,27)
(64,13)
(86,13)
(70,20)
(73,18)
(0,29)
(70,10)
(32,2)
(91,21)
(3,25)
(43,30)
(49,10)
(31,1)
(21,22)
(91,49)
(38,14)
(62,48)
(59,7)
(31,35)
(57,44)
(4,25)
(24,31)
(89,6)
(33,17)
(69,11)
(87,0)
(16,21)
(29,14)
(89,7)
(93,36)
(75,3)
(46,14)
(21,24)
(60,34)
(18,11)
(79,41)
(89,26)
(65,32)
(24,33)
(45,15)
(67,9)
(47,17)
(5,33)
(65,47)
(0,23)
(39,8)
(20,29)
(96,20)
(59,44)
(96,30)
(70,18)
(84,26)
(63,17)
(99,19)
(40,6)
(68,4)
(46,47)
(82,50)
(95,33)
(11,11)
(41,1)
(45,45)
(75,16)
(49,40)
(71,8)
(18,50)
(11,16)
(45,49)
(67,50)
(82,38)
(40,12)
(43,2)
(18,6)
(15,8)
(28,1)
(0,6)
(39,3)
(32,46)
(67,43)
(26,51)
(9,6)
(69,38)
(17,28)
(65,9)
(6,9)
(14,14)
(5,13)
(20,4)
(60,4)
(92,15)
(58,2)
(8,28)
(63,23)
(55,20)
(65,46)
(97,40)
(34,14)
(95,39)
(18,20)
(17,2)
(90,35)
(9,53)
(35,10)
(84,14)
(57,53)
(9,32)
(75,4)
(15,14)
(39,27)
(71,16)
(10,16)
(0,45)
(45,22)
(86,52)
(10,25)
(20,5)
(94,10)
(72,20)
(83,8)
(53,9)
(20,40)
(72,21)
(8,20)
(87,28)
(1,27)
(69,14)
(11,42)
(7,0)
(91,45)
(58,20)
(88,18)
(70,17)
(86,12)
(80,8)
(33,24)
(63,54)
(89,18)
(21,38)
(67,31)
(67,44)
(37,24)
(97,9)
(25,11)
(6,41)
(76,21)
(15,42)
(78,11)
(22,8)
(38,49)
(83,43)
(18,42)
(22,24)
(48,26)
(75,14)
(26,38)
(67,6)
(34,7)
(27,28)
(64,0)
(21,49)
(38,10)
(91,19)
(73,20)
(89,49)
(41,31)
(31,44)
(29,36)
(2,7)
(8,2)
(40,50)
(58,53)
(34,1)
(21,0)
(41,52)
(37,34)
(8,52)
(21,11)
(20,33)
(60,41)
(92,24)
(36,13)
(89,30)
(4,11)
(61,8)
(79,49)
(62,4)
(14,44)
(27,14)
(7,45)
(81,30)
(52,4)
(69,24)
(66,33)
(21,7)
(28,47)
(81,25)
(34,6)
(52,17)
(62,3)
(40,29)
(52,23)
(67,12)
(40,20)
(5,16)
(94,1)
(14,37)
(95,14)
(37,7)
(91,43)
(32,50)
(6,11)
(4,7)
(53,19)
(87,15)
(70,51)
(92,26)
(80,25)
(55,2)
(47,20)
(5,4)
(70,54)
(40,16)
(74,18)
(72,44)
(46,51)
(14,39)
(56,2)
(83,47)
(16,14)
(92,49)
(22,17)
(10,7)
(34,46)
(83,48)
(46,15)
(69,9)
(12,53)
(64,19)
(89,24)
(96,5)
(68,12)
(46,23)
(29,51)
(41,41)
(88,2)
(48,24)
(16,35)
(51,39)
(70,24)
(83,0)
(92,45)
(39,5)
(61,39)
(76,49)
(12,7)
(31,26)
(84,19)
(96,52)
(23,52)
(34,26)
(4,4)
(64,39)
(37,8)
(55,44)
(18,53)
(99,41)
(64,8)
(74,33)
(79,44)
(64,6)
(95,34)
(42,15)
(12,16)
(15,46)
(16,53)
(1,28)
(85,14)
(14,30)
(27,12)
(82,2)
(77,40)
(82,26)
(19,6)
(64,14)
(35,42)
(56,13)
(16,1)
(9,17)
(67,38)
(8,3)
(45,33)
(50,34)
(2,34)
(40,25)
(44,48)
(84,35)
(67,27)
(22,25)
(20,26)
(62,29)
(4,30)
(61,9)
(64,33)
(42,39)
(6,26)
(36,29)
(40,7)
(96,18)
(62,2)
(26,17)
(67,26)
(40,39)
(42,23)
(84,30)
(19,22)
(25,28)
(99,36)
(51,26)
(71,2)
(59,5)
(14,43)
(60,28)
(63,24)
(54,20)
(67,7)
(9,12)
(23,14)
(65,11)
(41,53)
(25,0)
(52,50)
(6,17)
(99,16)
(72,36)
(73,27)
(61,44)
(48,19)
(55,50)
(48,15)
(51,10)
(66,43)
(78,46)
(99,2)
(7,25)
(15,51)
(2,51)
(2,49)
(80,13)
(23,17)
(72,40)
(12,32)
(78,13)
(44,13)
(5,52)
(99,48)
(23,40)
(74,1)
(8,32)
(40,43)
(51,25)
(46,24)
(87,48)
(26,19)
(93,12)
(67,10)
(56,1)
(71,48)
(88,6)
(95,49)
(46,22)
(66,8)
(13,4)
(64,48)
(98,1)
(46,41)
(89,12)
(46,13)
(14,35)
(46,19)
(48,7)
(96,28)
(37,16)
(45,19)
(35,45)
(56,53)
(57,22)
(71,30)
(76,39)
(34,50)
(36,19)
(51,43)
(8,24)
(8,26)
(18,21)
(62,54)
(84,18)
(48,5)
(25,12)
(69,19)
(41,15)
(22,42)
(1,4)
(51,24)
(73,7)
(81,4)
(17,47)
(24,19)
(31,41)
(28,46)
(19,50)
(11,12)
(29,24)
(10,45)
(51,52)
(51,17)
(14,40)
(79,7)
(89,28)
(57,16)
(76,25)
(96,9)
(60,40)
(77,3)
(88,53)
(72,47)
(53,3)
(40,40)
(52,43)
(51,33)
(68,29)
(25,47)
(57,29)
(26,12)
(77,39)
(1,50)
(75,9)
(9,23)
(49,15)
(51,31)
(25,50)
(86,46)
(97,23)
(25,7)
(19,9)
(80,33)
(30,8)
(53,48)
(39,19)
(31,36)
(82,23)
(24,28)
(70,45)
(57,18)
(53,2)
(55,9)
(6,6)
(47,49)
(74,8)
(25,2)
(66,44)
(44,20)
(0,20)
(8,37)
(71,46)
(55,39)
(86,51)
(42,14)
(37,12)
(62,50)
(55,17)
(67,53)
(8,53)
(49,3)
(80,52)
(56,17)
(94,29)
(96,2)
(74,52)
(22,32)
(27,45)
(85,44)
(31,0)
(11,52)
(77,45)
(3,15)
(18,38)
(4,40)
(10,40)
(77,4)
(83,22)
(17,14)
(80,23)
(31,48)
(67,48)
(96,49)
(52,42)
(35,11)
(81,12)
(26,15)
(90,8)
(30,33)
(12,47)
(30,52)
(83,10)
(59,46)
(15,52)
(39,21)
(75,8)
(28,2)
(23,38)
(33,12)
(32,10)
(12,6)
(14,4)
(66,47)
(49,16)
(31,31)
(70,40)
(39,52)
(16,30)
(71,25)
(72,53)
(39,13)
(28,28)
(73,28)
(56,18)
(60,30)
(87,32)
(89,53)
(54,7)
(8,25)
(58,12)
(22,19)
(18,41)
(63,4)
(82,21)
(68,15)
(52,44)
(80,27)
(92,17)
(29,35)
(70,7)
(16,3)
(42,35)
(83,24)
(98,40)
(38,18)
(20,46)
(25,34)
(76,28)
(5,6)
(30,16)
(25,38)
(17,39)
(55,32)
(34,5)
(69,42)
(97,36)
(2,3)
(8,8)
(61,12)
(88,50)
(37,38)
(75,12)
(10,43)
(73,13)
(8,50)
(53,39)
(96,13)
(60,47)
(14,7)
(53,44)
(32,21)
(34,4)
(60,19)
(96,45)
(35,16)
(14,13)
(77,16)
(92,20)
(34,48)
(12,51)
(21,39)
(92,42)
(22,51)
(52,29)
(94,52)
(71,9)
(95,17)
(14,49)
(5,48)
(58,30)
(3,40)
(52,20)
(0,11)
(91,37)
(85,13)
(68,7)
(10,27)
(27,32)
(73,37)
(88,30)
(64,21)
(65,12)
(23,29)
(50,31)
(96,34)
(24,18)
(94,44)
(35,50)
(31,28)
(79,40)
(54,31)
(96,39)
(2,12)
(75,53)
(17,11)
(55,54)
(62,36)
(84,46)
(9,42)
(60,53)
(8,49)
(22,10)
(6,21)
(61,2)
(44,53)
(58,44)
(14,50)
(37,52)
(2,36)
(38,36)
(58,8)
(47,41)
(62,39)
(97,34)
(57,39)
(94,23)
(91,54)
(44,18)
(77,47)
(88,54)
(25,32)
(8,51)
(19,16)
(23,39)
(51,7)
(99,12)
(68,39)
(4,23)
(5,51)
(68,27)
(24,32)
(43,12)
(40,28)
(58,35)
(21,33)
(57,34)
(3,51)
(74,26)
(21,3)
(39,1)
(70,33)
(40,27)
(37,41)
(18,23)
(54,27)
(47,16)
(91,11)
(62,18)
(74,48)
(0,51)
(61,31)
(85,6)
(26,25)
(89,20)
(1,2)
(52,33)
(25,46)
(48,45)
(46,12)
(87,16)
(58,14)
(2,31)
(62,16)
(75,1)
(23,43)
(44,38)
(78,30)
(3,22)
(39,4)
(2,29)
(25,13)
(66,7)
(35,51)
(91,39)
(77,48)
(65,43)
(21,37)
(19,8)
(80,18)
(29,52)
(20,25)
(45,16)
(60,39)
(26,50)
(22,37)
(95,54)
(99,28)
(39,6)
(64,42)
(70,13)
(44,23)
(62,28)
(88,11)
(19,29)
(19,52)
(69,3)
(0,13)
(0,21)
(49,37)
(89,15)
(76,44)
(10,21)
(42,13)
(67,47)
(84,32)
(47,14)
(96,27)
(36,50)
(44,15)
(45,35)
(70,42)
(35,43)
(58,24)
(70,11)
(95,27)
(1,37)
(84,49)
(3,34)
(90,46)
(81,2)
(57,52)
(65,34)
(92,35)
(11,34)
(32,53)
(31,33)
(15,13)
(10,41)
(46,9)
(4,52)
(59,17)
(75,38)
(10,8)
(64,49)
(19,35)
(34,43)
(31,29)
(76,42)
(22,48)
(2,16)
(31,7)
(19,31)
(90,3)
(50,8)
(72,8)
(46,44)
(75,25)
(26,48)
(41,36)
(5,45)
(0,47)
(53,29)
(90,7)
(11,18)
(31,50)
(17,20)
(73,42)
(17,10)
(28,7)
(24,41)
(97,33)
(33,54)
(75,47)
(3,46)
(43,15)
(42,29)
(54,40)
(37,15)
(1,17)
(97,1)
(73,49)
(73,8)
(50,6)
(5,27)
(3,9)
(78,32)
(27,50)
(0,31)
(57,5)
(13,45)
(30,31)
(43,8)
(35,47)
(86,2)
(16,47)
(42,49)
(36,32)
(5,38)
(47,52)
(68,17)
(42,16)
(3,31)
(76,45)
(25,36)
(1,47)
(50,25)
(28,8)
(83,36)
(44,29)
(8,23)
(42,11)
(77,49)
(47,44)
(20,20)
(32,16)
(53,27)
(40,41)
(32,17)
(9,19)
(92,36)
(82,11)
(0,15)
(71,6)
(11,15)
(16,32)
(55,11)
(47,33)
(28,31)
(15,11)
(38,48)
(9,50)
(1,19)
(24,27)
(15,30)
(78,43)
(6,13)
(12,1)
(80,40)
(13,43)
(12,11)
(68,50)
(55,40)
(65,54)
(76,6)
(91,14)
(96,53)
(10,47)
(10,37)
(85,27)
(22,9)
(11,37)
(17,38)
(74,25)
(8,11)
(12,50)
(42,22)
(66,18)
(86,7)
(16,23)
(84,47)
(73,19)
(17,51)
(53,10)
(95,7)
(4,28)
(84,8)
(83,16)
(86,39)
(41,47)
(0,10)
(30,36)
(11,22)
(51,42)
(60,52)
(75,15)
(62,30)
(45,46)
(26,9)
(78,28)
(62,23)
(60,16)
(97,19)
(40,21)
(22,16)
(95,29)
(71,52)
(98,44)
(52,28)
(47,19)
(89,40)
(31,8)
(15,6)
(76,4)
(87,52)
(33,45)
(54,41)
(37,35)
(5,12)
(39,24)
(42,27)
(59,15)
(28,6)
(27,21)
(92,8)
(67,21)
(83,9)
(6,49)
(4,32)
(45,29)
(64,32)
(73,6)
(46,37)
(73,32)
(83,18)
(21,4)
(29,30)
(58,21)
(55,42)
(50,32)
(25,40)
(83,13)
(72,25)
(23,33)
(1,10)
(44,40)
(81,43)
(87,26)
(3,30)
(35,52)
(19,14)
(58,18)
(37,44)
(92,27)
(78,19)
(53,50)
(37,45)
(77,22)
(66,19)
(19,49)
(37,11)
(23,28)
(66,20)
(90,44)
(43,35)
(43,46)
(56,41)
(39,45)
(64,26)
(24,26)
(19,28)
(85,31)
(52,25)
(24,43)
(40,35)
(31,16)
(72,5)
(50,18)
(10,32)
(83,21)
(25,25)
(10,20)
(71,27)
(19,21)
(5,35)
(56,49)
(45,43)
(94,34)
(7,6)
(93,30)
(34,19)
(44,30)
(15,31)
(31,14)
(50,35)
(67,15)
(35,48)
(88,43)
(46,27)
(55,51)
(29,23)
(51,41)
(43,54)
(72,17)
(12,25)
(49,12)
(62,8)
(30,41)
(7,20)
(43,42)
(77,6)
(22,13)
(33,49)
(19,18)
(58,9)
(31,19)
(53,6)
(63,18)
(8,22)
(61,26)
(28,16)
(4,10)
(78,50)
(87,34)
(63,12)
(35,14)
(58,17)
(51,0)
(96,7)
(3,21)
(64,28)
(20,36)
(42,24)
(7,52)
(49,23)
(7,51)
(9,36)
(29,44)
(66,12)
(55,8)
(20,8)
(97,28)
(42,50)
(1,9)
(51,34)
(92,38)
(74,37)
(68,32)
(81,45)
(14,28)
(62,33)
(8,48)
(46,30)
(64,43)
(53,5)
(65,15)
(65,35)
(40,46)
(82,49)
(72,39)
(51,29)
(78,29)
(20,50)
(32,15)
(71,20)
(75,26)
(42,26)
(4,46)
(40,32)
(13,38)
(98,46)
(31,24)
(39,46)
(54,28)
(3,20)
(57,14)
(67,39)
(48,34)
(24,53)
(13,28)
(22,41)
(6,31)
(95,23)
(38,5)
(5,31)
(74,7)
(6,10)
(41,10)
(84,10)
(34,18)
(38,53)
(40,26)
(6,32)
(75,43)
(16,51)
(77,53)
(79,52)
(71,22)
(1,30)
(51,12)
(66,52)
(59,25)
(4,24)
(3,54)
(84,3)
(22,20)
(43,20)
(41,34)
(66,34)
(90,13)
(10,36)
(80,38)
(70,41)
(96,12)
(12,18)
(52,49)
(4,31)
(71,21)
(9,16)
(12,34)
(1,46)
(63,37)
(3,47)
(54,47)
(37,43)
(19,20)
(42,38)
(59,51)
(42,37)
(86,47)
(44,34)
(18,14)
(99,49)
(10,18)
(72,32)
(7,46)
(39,9)
(19,34)
(4,53)
(28,41)
(39,42)
(22,14)
(77,51)
(15,37)
(87,46)
(41,11)
(15,5)
(85,22)
(99,23)
(57,31)
(75,51)
(76,41)
(24,3)
(44,51)
(34,39)
(26,13)
(66,11)
(88,42)
(48,16)
(16,11)
(45,41)
(45,10)
(75,7)
(62,32)
(74,15)
(42,43)
(47,22)
(37,9)
(15,41)
(51,27)
(86,25)
(78,8)
(2,8)
(52,22)
(90,39)
(16,10)
(43,6)
(63,16)
(90,43)
(63,13)
(37,18)
(74,23)
(37,36)
(45,27)
(95,45)
(69,50)
(91,15)
(5,40)
(47,45)
(42,54)
(2,23)
(17,37)
(97,43)
(20,49)
(98,9)
(80,29)
(0,18)
(30,40)
(63,48)
(38,21)
(58,28)
(14,23)
(59,53)
(73,44)
(90,37)
(39,23)
(31,39)
(76,27)
(76,23)
(95,19)
(33,14)
(69,54)
(45,48)
(85,41)
(73,54)
(84,7)
(5,18)
(50,39)
(7,38)
(79,23)
(48,40)
(74,14)
(83,11)
(71,51)
(66,17)
(26,4)
(16,6)
(0,42)
(25,31)
(7,43)
(86,21)
(56,47)
(35,5)
(31,54)
(74,16)
(68,24)
(68,45)
(31,38)
(24,12)
(56,31)
(81,37)
(85,9)
(60,42)
(75,31)
(24,24)
(50,15)
(40,11)
(79,9)
(95,12)
(87,47)
(76,14)
(5,5)
(40,47)
(95,48)
(94,27)
(81,34)
(14,27)
(12,45)
(80,5)
(31,12)
(2,25)
(2,45)
(43,25)
(85,51)
(92,46)
(92,47)
(14,47)
(78,4)
(95,50)
(73,50)
(96,14)
(20,35)
(32,23)
(36,21)
(61,15)
(11,51)
(54,5)
(57,32)
(95,28)
(46,45)
(40,23)
(32,22)
(45,28)
(82,32)
(44,52)
(52,16)
(17,41)
(0,44)
(90,38)
(13,9)
(59,47)
(5,34)
(92,34)
(36,51)
(88,52)
(72,54)
(51,32)
(74,41)
(80,26)
(3,16)
(12,40)
(21,54)
(85,24)
(15,54)
(43,23)
(90,16)
(69,40)
(5,7)
(52,41)
(0,28)
(36,17)
(36,47)
(25,26)
(55,19)
(81,15)
(65,2)
(9,46)
(33,37)
(40,36)
(10,34)
(72,10)
(75,37)
(26,5)
(89,10)
(58,6)
(29,33)
(45,52)
(15,18)
(27,54)
(16,40)
(30,12)
(10,44)
(2,28)
(94,3)
(87,49)
(30,3)
(3,6)
(40,51)
(29,38)
(11,28)
(50,30)
(95,26)
(8,39)
(90,11)
(36,52)
(34,30)
(97,17)
(41,21)
(23,50)
(88,20)
(68,19)
(7,30)
(80,2)
(62,40)
(25,49)
(18,8)
(20,38)
(91,50)
(8,19)
(10,51)
(49,30)
(32,24)
(33,47)
(98,12)
(87,6)
(73,5)
(85,39)
(65,30)
(34,32)
(50,36)
(68,36)
(55,43)
(9,49)
(83,28)
(84,24)
(33,3)
(18,44)
(45,32)
(2,17)
(21,40)
(73,4)
(64,18)
(90,48)
(20,28)
(58,19)
(21,14)
(50,43)
(67,49)
(8,54)
(99,45)
(81,18)
(84,22)
(68,46)
(61,49)
(99,17)
(77,50)
(97,45)
(81,29)
(45,9)
(36,22)
(44,24)
(85,4)
(64,12)
(48,6)
(49,9)
(30,47)
(26,37)
(51,18)
(18,18)
(42,17)
(76,54)
(29,37)
(58,27)
(4,1)
(98,45)
(6,36)
(25,22)
(40,8)
(1,25)
(37,31)
(67,54)
(47,2)
(14,54)
(27,52)
(98,34)
(29,39)
(75,24)
(93,24)
(65,40)
(94,17)
(50,46)
(82,14)
(32,43)
(17,15)
(87,50)
(77,41)
(43,9)
(30,10)
(38,24)
(59,4)
(18,43)
(69,47)
(72,6)
(14,33)
(32,5)
(66,53)
(81,14)
(34,22)
(6,48)
(73,35)
(84,25)
(34,36)
(32,49)
(44,7)
(73,9)
(62,37)
(98,25)
(30,7)
(89,5)
(96,11)
(18,9)
(30,34)
(34,33)
(97,15)
(98,19)
(49,18)
(42,32)
(81,48)
(89,33)
(55,28)
(58,47)
(17,32)
(15,21)
(51,28)
(17,46)
(13,11)
(45,50)
(1,13)
(58,41)
(41,45)
(4,48)
(20,16)
(31,13)
(74,36)
(91,16)
(13,12)
(90,17)
(43,50)
(52,52)
(56,34)
(44,44)
(77,17)
(2,1)
(28,12)
(25,44)
(53,1)
(42,36)
(35,23)
(80,43)
(98,13)
(45,8)
(41,13)
(33,23)
(81,23)
(64,27)
(3,39)
(22,47)
(78,37)
(34,35)
(53,25)
(61,13)
(29,41)
(89,16)
(90,24)
(19,36)
(86,54)
(6,52)
(56,52)
(9,25)
(37,10)
(75,39)
(9,52)
(13,50)
(74,53)
(8,40)
(98,32)
(36,15)
(28,5)
(97,21)
(19,30)
(49,51)
(26,14)
(48,17)
(44,43)
(35,7)
(75,19)
(77,54)
(63,25)
(94,22)
(84,36)
(34,17)
(62,27)
(67,20)
(4,5)
(28,26)
(53,30)
(93,6)
(40,48)
(79,47)
(45,53)
(12,20)
(23,42)
(43,53)
(90,32)
(20,52)
(7,50)
(88,44)
(6,43)
(9,43)
(49,33)
(53,37)
(66,15)
(98,48)
(87,18)
(25,27)
(62,53)
(72,35)
(67,23)
(10,15)
(50,4)
(89,9)
(26,8)
(98,41)
(44,32)
(96,33)
(19,43)
(89,52)
(79,24)
(78,49)
(23,6)
(71,35)
(36,20)
(27,38)
(36,33)
(2,53)
(76,30)
(9,48)
(56,21)
(31,34)
(91,6)
(12,22)
(2,41)
(39,36)
(30,43)
(34,15)
(57,8)
(15,17)
(10,23)
(82,9)
(87,19)
(12,13)
(54,13)
(96,26)
(59,54)
(17,17)
(43,29)
(7,7)
(39,22)
(67,24)
(46,20)
(62,7)
(26,28)
(45,47)
(47,32)
(29,25)
(91,48)
(89,51)
(90,34)
(57,19)
(61,7)
(24,48)
(74,35)
(69,27)
(38,23)
(46,21)
(97,44)
(9,30)
(60,5)
(66,50)
(18,30)
(10,4)
(90,20)
(41,12)
(88,5)
(66,38)
(51,50)
(57,4)
(64,23)
(87,54)
(7,23)
(26,10)
(52,48)
(72,42)
(17,49)
(93,22)
(14,53)
(22,53)
(8,33)
(5,19)
(99,20)
(84,39)
(70,12)
(58,38)
(27,29)
(69,23)
(24,44)
(31,5)
(18,34)
(81,10)
(77,2)
(66,4)
(16,9)
(98,10)
(63,27)
(38,51)
(95,46)
(81,46)
(33,6)
(56,48)
(31,53)
(82,31)
(88,45)
(86,16)
(0,49)
(21,16)
(10,10)
(50,49)
(99,9)
(41,2)
(92,54)
(88,7)
(91,20)
(32,40)
(58,36)
(85,11)
(36,38)
(75,29)
(81,50)
(37,48)
(7,48)
(63,50)
(81,9)
(32,44)
(72,27)
(50,50)
(67,22)
(38,15)
(24,13)
(7,37)
(7,42)
(93,48)
(23,12)
(1,42)
(39,48)
(18,39)
(30,24)
(82,43)
(47,25)
(92,6)
(59,42)
(19,10)
(1,5)
(77,29)
(86,36)
(18,22)
(36,48)
(45,14)
(12,52)
(56,42)
(23,47)
(86,23)
(12,46)
(53,36)
(17,16)
(40,53)
(71,54)
(22,36)
(52,24)
(62,13)
(69,21)
(74,34)
(88,48)
(32,6)
(43,48)
(87,43)
(56,22)
(61,41)
(13,13)
(5,26)
(83,44)
(32,11)
(28,52)
(28,37)
(47,35)
(57,30)
(29,54)
(95,52)
(88,15)
(12,17)
(77,24)
(43,43)
(4,51)
(68,13)
(19,11)
(91,31)
(71,4)
(79,38)
(56,23)
(25,51)
(61,22)
(60,43)
(46,11)
(55,18)
(69,31)
(95,44)
(53,32)
(34,41)
(20,24)
(47,37)
(48,44)
(55,5)
(14,34)
(73,22)
(34,8)
(16,42)
(0,40)
(76,37)
(54,45)
(17,7)
(83,50)
(71,49)
(11,46)
(89,21)
(17,8)
(67,4)
(95,20)
(88,8)
(2,44)
(3,38)
(87,25)
(86,41)
(45,11)
(59,14)
(82,8)
(45,17)
(28,25)
(76,12)
(69,29)
(11,49)
(65,29)
(21,34)
(48,12)
(45,36)
(48,32)
(38,44)
(39,47)
(54,8)
(67,33)
(0,50)
(58,52)
(72,38)
(77,37)
(29,27)
(15,36)
(50,52)
(17,36)
(99,15)
(38,27)
(97,35)
(30,9)
(89,46)
(24,38)
(45,38)
(98,47)
(70,53)
(63,32)
(26,49)
(48,4)
(85,53)
(71,12)
(37,4)
(19,12)
(67,51)
(63,40)
(13,49)
(19,26)
(42,41)
(25,30)
(5,29)
(23,27)
(78,51)
(44,45)
(67,30)
(64,47)
(14,8)
(52,27)
(60,20)
(14,24)
(19,24)
(31,47)
(56,27)
(11,40)
(10,48)
(33,53)
(84,15)
(76,47)
(90,15)
(83,25)
(4,15)
(57,42)
(13,27)
(82,17)
(58,33)
(93,35)
(44,35)
(40,15)
(11,23)
(91,44)
(29,21)
(47,34)
(2,32)
(46,50)
(41,9)
(27,22)
(51,38)
(76,40)
(3,35)
(45,34)
(39,29)
(43,47)
(93,33)
(46,48)
(61,20)
(49,28)
(29,49)
(65,36)
(22,52)
(63,29)
(38,26)
(98,36)
(4,27)
(6,30)
(73,53)
(79,6)
(21,41)
(27,43)
(39,53)
(0,32)
(25,48)
(90,47)
(82,0)
(42,0)
(45,40)
(38,50)
(28,17)
(1,43)
(12,21)
(86,19)
(96,51)
(66,10)
(53,34)
(46,31)
(13,33)
(72,30)
(84,31)
(15,24)
(92,11)
(67,14)
(74,42)
(55,41)
(93,25)
(62,35)
(47,48)
(37,49)
(90,54)
(67,36)
(78,25)
(9,18)
(9,14)
(12,33)
(57,10)
(51,46)
(39,32)
(62,14)
(91,35)
(37,53)
(43,32)
(63,45)
(33,9)
(65,24)
(52,54)
(23,22)
(57,20)
(41,17)
(41,38)
(97,38)
(93,54)
(99,10)
(14,31)
(63,46)
(61,34)
(19,46)
(92,14)
(14,45)
(75,35)
(94,15)
(37,30)
(72,26)
(94,24)
(35,22)
(27,42)
(21,26)
(39,18)
(1,52)
(82,10)
(5,30)
(31,20)
(34,52)
(65,49)
(15,27)
(68,44)
(22,39)
(46,8)
(42,10)
(6,51)
(81,40)
(19,48)
(40,54)
(94,21)
(94,26)
(31,52)
(35,35)
(62,11)
(85,46)
(81,13)
(15,38)
(43,41)
(85,7)
(52,53)
(63,5)
(59,19)
(91,32)
(49,42)
(3,41)
(61,28)
(85,52)
(2,48)
(2,14)
(28,34)
(91,34)
(76,33)
(33,35)
(10,26)
(77,36)
(25,18)
(69,15)
(34,49)
(10,29)
(47,42)
(77,42)
(62,41)
(43,37)
(70,9)
(62,19)
(33,25)
(55,10)
(66,51)
(35,18)
(77,23)
(91,26)
(98,20)
(20,19)
(86,49)
(86,27)
(11,3)
(62,43)
(52,7)
(58,54)
(62,9)
(19,27)
(76,7)
(21,18)
(45,37)
(83,34)
(26,44)
(24,10)
(30,20)
(79,28)
(88,23)
(96,32)
(46,25)
(72,16)
(47,54)
(65,17)
(3,36)
(80,46)
(85,47)
(77,43)
(97,31)
(55,23)
(19,32)
(28,21)
(37,46)
(23,44)
(63,3)
(33,4)
(59,29)
(48,27)
(39,20)
(26,54)
(27,11)
(97,18)
(34,42)
(10,50)
(52,32)
(9,20)
(42,21)
(40,42)
(98,50)
(91,46)
(94,41)
(73,52)
(57,15)
(12,26)
(15,20)
(6,45)
(89,38)
(69,30)
(88,24)
(96,23)
(17,12)
(39,41)
(5,28)
(99,8)
(23,16)
(70,52)
(36,26)
(74,47)
(61,24)
(47,4)
(83,41)
(96,41)
(31,51)
(27,44)
(35,40)
(79,27)
(26,16)
(33,26)
(21,51)
(35,15)
(23,34)
(18,28)
(23,19)
(53,24)
(2,27)
(75,0)
(69,28)
(93,18)
(61,27)
(47,9)
(17,33)
(65,52)
(63,49)
(53,22)
(50,28)
(16,25)
(86,18)
(92,30)
(25,41)
(40,52)
(26,35)
(6,53)
(65,19)
(31,46)
(50,41)
(37,47)
(77,44)
(18,10)
(35,54)
(28,49)
(88,9)
(82,18)
(99,38)
(80,36)
(49,5)
(98,33)
(68,53)
(89,47)
(48,52)
(12,23)
(53,52)
(24,52)
(92,32)
(17,45)
(16,37)
(65,48)
(47,15)
(6,33)
(71,45)
(7,41)
(73,38)
(24,42)
(75,52)
(96,36)
(32,32)
(27,24)
(57,47)
(36,46)
(30,28)
(54,48)
(77,30)
(89,54)
(56,6)
(11,45)
(78,45)
(65,20)
(20,14)
(4,37)
(32,35)
(68,47)
(63,38)
(68,11)
(69,45)
(12,42)
(87,36)
(66,41)
(65,31)
(22,23)
(52,19)
(6,50)
(27,48)
(20,47)
(76,34)
(53,41)
(76,51)
(93,53)
(1,40)
(60,45)
(19,25)
(85,10)
(58,50)
(77,33)
(61,30)
(0,35)
(91,51)
(79,29)
(52,35)
(49,41)
(32,39)
(85,19)
(64,46)
(59,8)
(50,24)
(62,52)
(24,23)
(32,31)
(22,54)
(9,39)
(43,26)
(58,25)
(13,40)
(33,32)
(58,31)
(26,32)
(81,39)
(71,53)
(29,8)
(94,53)
(6,37)
(58,46)
(70,50)
(22,34)
(15,33)
(71,42)
(99,7)
(73,46)
(21,45)
(33,50)
(24,22)
(70,46)
(99,18)
(32,42)
(88,22)
(24,21)
(49,52)
(86,31)
(23,53)
(37,23)
(80,42)
(99,14)
(62,44)
(86,9)
(47,51)
(19,45)
(89,45)
(59,39)
(94,46)
(77,52)
(83,45)
(27,53)
(15,39)
(2,47)
(63,51)
(77,19)
(25,21)
(98,53)
(35,26)
(63,47)
(47,7)
(94,39)
(46,39)
(60,25)
(29,11)
(85,29)
(64,35)
(62,22)
(3,13)
(4,36)
(71,32)
(12,30)
(15,45)
(58,45)
(72,13)
(27,25)
(20,13)
(26,40)
(25,53)
(53,47)
(28,19)
(97,12)
(79,22)
(18,40)
(11,2)
(43,22)
(5,42)
(92,28)
(9,35)
(13,47)
(32,33)
(52,13)
(69,4)
(94,5)
(80,32)
(42,44)
(9,44)
(32,47)
(65,39)
(43,38)
(20,31)
(64,16)
(96,17)
(69,52)
(49,54)
(45,42)
(22,2)
(17,21)
(22,50)
(22,30)
(94,36)
(10,38)
(20,17)
(97,20)
(2,52)
(21,47)
(92,43)
(93,46)
(37,39)
(55,26)
(56,7)
(9,28)
(65,50)
(96,25)
(86,45)
(50,5)
(0,37)
(46,35)
(15,53)
(33,40)
(20,54)
(75,32)
(13,54)
(9,47)
(42,19)
(99,31)
(50,13)
(85,17)
(2,39)
(17,19)
(12,29)
(77,38)
(49,26)
(94,11)
(15,50)
(37,33)
(39,49)
(79,46)
(39,43)
(21,43)
(47,11)
(35,24)
(85,38)
(56,54)
(91,10)
(98,39)
(63,35)
(53,42)
(73,51)
(58,4)
(4,35)
(69,44)
(80,15)
(81,22)
(73,48)
(63,26)
(55,21)
(90,29)
(10,14)
(51,45)
(78,12)
(53,11)
(63,19)
(39,54)
(17,42)
(92,19)
(86,22)
(9,40)
(23,49)
(76,35)
(85,49)
(78,48)
(26,29)
(80,39)
(91,42)
(87,37)
(80,45)
(83,5)
(0,48)
(56,45)
(90,22)
(49,44)
(80,7)
(83,52)
(7,17)
(26,34)
(25,35)
(65,38)
(66,28)
(43,31)
(18,1)
(70,48)
(99,11)
(71,36)
(28,40)
(83,53)
(51,49)
(52,9)
(38,31)
(78,36)
(5,17)
(24,5)
(68,14)
(22,40)
(58,48)
(29,50)
(75,30)
(0,34)
(66,14)
(35,33)
(79,54)
(50,10)
(97,30)
(29,31)
(47,43)
(81,52)
(92,52)
(74,32)
(80,14)
(2,46)
(38,32)
(56,35)
(76,20)
(47,40)
(98,49)
(99,13)
(88,4)
(35,21)
(98,42)
(78,47)
(66,45)
(11,26)
(50,45)
(52,21)
(30,48)
(29,53)
(26,30)
(88,17)
(89,36)
(7,31)
(35,20)
(86,43)
(77,28)
(13,53)
(82,16)
(76,32)
(88,38)
(89,41)
(13,5)
(98,52)
(17,31)
(77,8)
(89,39)
(73,31)
(55,31)
(3,23)
(81,42)
(41,43)
(9,54)
(83,35)
(28,32)
(71,29)
(91,33)
(7,34)
(53,51)
(54,49)
(89,43)
(55,16)
(62,51)
(99,30)
(19,54)
(85,2)
(60,27)
(93,39)
(98,16)
(11,36)
(9,26)
(96,31)
(91,41)
(73,36)
(91,38)
(55,45)
(70,28)
(63,53)
(79,36)
(46,34)
(93,1)
(68,37)
(24,45)
(7,53)
(38,33)
(19,51)
(90,49)
(16,48)
(99,22)
(29,45)
(79,19)
(24,25)
(73,40)
(74,43)
(57,36)
(59,36)
(69,43)
(99,37)
(73,41)
(49,45)
(29,28)
(99,24)
(25,33)
(43,51)
(33,44)
(21,9)
(53,54)
(50,16)
(80,53)
(93,14)
(90,40)
(5,46)
(56,51)
(61,50)
(50,48)
(57,6)
(57,43)
(48,41)
(82,53)
(64,24)
(98,37)
(90,33)
(97,48)
(61,45)
(70,6)
(3,43)
(3,44)
(88,25)
(46,54)
(78,54)
(30,44)
(38,25)
(52,37)
(20,48)
(94,42)
(78,38)
(92,12)
(13,48)
(51,9)
(50,42)
(48,36)
(61,42)
(36,53)
(86,42)
(21,13)
(60,33)
(78,53)
(20,45)
(16,12)
(48,39)
(23,13)
(48,47)
(50,29)
(47,21)
(75,44)
(98,31)
(30,21)
(82,35)
(17,25)
(52,12)
(73,24)
(65,51)
(30,18)
(52,34)
(17,52)
(86,28)
(86,48)
(72,12)
(47,31)
(3,37)
(66,26)
(49,36)
(65,28)
(36,54)
(75,28)
(25,39)
(83,42)
(92,53)
(32,52)
(90,45)
(88,33)
(23,20)
(16,19)
(23,3)
(64,36)
(56,12)
(17,26)
(57,38)
(26,42)
(88,10)
(32,20)
(33,29)
(30,51)
(26,47)
(5,41)
(1,41)
(82,46)
(57,54)
(37,27)
(66,25)
(17,22)
(75,49)
(64,34)
(28,36)
(48,31)
(74,54)
(48,22)
(54,38)
(59,11)
(18,47)
(82,42)
(56,28)
(18,48)
(12,44)
(73,16)
(52,47)
(48,23)
(94,40)
(79,4)
(5,47)
(5,36)
(1,21)
(17,44)
(41,44)
(52,51)
(49,17)
(11,32)
(13,17)
(37,26)
(97,27)
(90,50)
(37,54)
(88,21)
(56,16)
(81,26)
(56,50)
(50,54)
(70,39)
(25,52)
(94,38)
(99,32)
(49,14)
(64,37)
(19,53)
(24,9)
(11,35)
(60,38)
(48,28)
(41,42)
(35,4)
(75,23)
(59,33)
(3,45)
(64,40)
(32,45)
(72,28)
(93,40)
(25,29)
(36,45)
(46,52)
(74,44)
(13,35)
(28,50)
(11,44)
(7,27)
(54,46)
(7,49)
(80,11)
(18,32)
(36,30)
(46,40)
(93,50)
(35,31)
(85,34)
(65,45)
(99,29)
(64,54)
(12,24)
(72,19)
(79,14)
(49,19)
(60,11)
(16,28)
(80,22)
(49,31)
(48,11)
(93,47)
(93,34)
(19,23)
(13,52)
(41,14)
(97,42)
(16,44)
