300 Users
27 Files
1500 Transactions
2 Maximum Connections
1 Cycle Length per Upload-Download
0 Warm-up Transactions
0.400000 Zipf constant
5 Pre-Trusted Users
240 Well-Behaved (Good) Users
60 Purely Malicious Users
0 Feedback Skewing Users
0 Malignant Providing Users
0 Disguised Malicous Users
0 Sybil Attack Users
true Intelligent Trans. Generation
1561013044744 Trace Generation Seed

(0.045338,0.000000,1,false)
(0.063847,0.000000,1,false)
(0.060788,0.000000,1,false)
(0.074333,0.000000,1,false)
(0.087482,0.000000,1,false)
(0.009608,0.000000,1,false)
(0.071767,0.000000,1,false)
(0.089387,0.000000,1,false)
(0.005362,0.000000,1,false)
(0.076739,0.000000,1,false)
(0.015647,0.000000,1,false)
(0.018592,0.000000,1,false)
(0.060263,0.000000,1,false)
(0.072331,0.000000,1,false)
(0.044852,0.000000,1,false)
(0.049776,0.000000,1,false)
(0.092323,0.000000,1,false)
(0.015732,0.000000,1,false)
(0.014045,0.000000,1,false)
(0.052691,0.000000,1,false)
(0.039690,0.000000,1,false)
(0.053358,0.000000,1,false)
(0.051749,0.000000,1,false)
(0.024513,0.000000,1,false)
(0.093030,0.000000,1,false)
(0.089732,0.000000,1,false)
(0.097403,0.000000,1,false)
(0.013833,0.000000,1,false)
(0.063929,0.000000,1,false)
(0.052089,0.000000,1,false)
(0.007050,0.000000,1,false)
(0.054607,0.000000,1,false)
(0.077083,0.000000,1,false)
(0.047404,0.000000,1,false)
(0.038780,0.000000,1,false)
(0.022073,0.000000,1,false)
(0.005643,0.000000,1,false)
(0.015296,0.000000,1,false)
(0.065050,0.000000,1,false)
(0.056341,0.000000,1,false)
(0.056662,0.000000,1,false)
(0.028039,0.000000,1,false)
(0.023218,0.000000,1,false)
(0.086175,0.000000,1,false)
(0.079350,0.000000,1,false)
(0.039787,0.000000,1,false)
(0.007856,0.000000,1,false)
(0.025446,0.000000,1,false)
(0.012640,0.000000,1,false)
(0.041104,0.000000,1,false)
(0.028867,0.000000,1,false)
(0.007763,0.000000,1,false)
(0.010601,0.000000,1,false)
(0.032055,0.000000,1,false)
(0.007917,0.000000,1,false)
(0.071024,0.000000,1,false)
(0.084268,0.000000,1,false)
(0.087334,0.000000,1,false)
(0.062415,0.000000,1,false)
(0.002916,0.000000,1,false)
(0.923258,1.000000,0,true)
(0.949699,1.000000,0,true)
(0.969019,1.000000,0,true)
(0.989157,1.000000,0,true)
(0.955289,1.000000,0,true)
(0.940705,1.000000,0,false)
(0.972663,1.000000,0,false)
(0.914666,1.000000,0,false)
(0.945958,1.000000,0,false)
(0.920764,1.000000,0,false)
(0.929487,1.000000,0,false)
(0.915338,1.000000,0,false)
(0.990304,1.000000,0,false)
(0.915737,1.000000,0,false)
(0.971520,1.000000,0,false)
(0.919770,1.000000,0,false)
(0.969078,1.000000,0,false)
(0.986964,1.000000,0,false)
(0.970426,1.000000,0,false)
(0.932778,1.000000,0,false)
(0.948463,1.000000,0,false)
(0.902645,1.000000,0,false)
(0.958507,1.000000,0,false)
(0.936924,1.000000,0,false)
(0.927909,1.000000,0,false)
(0.953151,1.000000,0,false)
(0.908812,1.000000,0,false)
(0.912464,1.000000,0,false)
(0.984205,1.000000,0,false)
(0.942234,1.000000,0,false)
(0.999373,1.000000,0,false)
(0.957648,1.000000,0,false)
(0.956690,1.000000,0,false)
(0.997749,1.000000,0,false)
(0.956802,1.000000,0,false)
(0.913869,1.000000,0,false)
(0.937140,1.000000,0,false)
(0.953971,1.000000,0,false)
(0.916586,1.000000,0,false)
(0.969566,1.000000,0,false)
(0.968409,1.000000,0,false)
(0.962980,1.000000,0,false)
(0.951352,1.000000,0,false)
(0.933131,1.000000,0,false)
(0.918303,1.000000,0,false)
(0.994833,1.000000,0,false)
(0.904256,1.000000,0,false)
(0.928230,1.000000,0,false)
(0.979434,1.000000,0,false)
(0.985350,1.000000,0,false)
(0.922315,1.000000,0,false)
(0.974997,1.000000,0,false)
(0.951966,1.000000,0,false)
(0.986350,1.000000,0,false)
(0.914147,1.000000,0,false)
(0.977534,1.000000,0,false)
(0.994188,1.000000,0,false)
(0.966036,1.000000,0,false)
(0.957989,1.000000,0,false)
(0.941906,1.000000,0,false)
(0.975741,1.000000,0,false)
(0.996976,1.000000,0,false)
(0.959261,1.000000,0,false)
(0.999553,1.000000,0,false)
(0.940121,1.000000,0,false)
(0.955760,1.000000,0,false)
(0.902106,1.000000,0,false)
(0.908560,1.000000,0,false)
(0.976719,1.000000,0,false)
(0.941877,1.000000,0,false)
(0.956476,1.000000,0,false)
(0.949687,1.000000,0,false)
(0.918193,1.000000,0,false)
(0.903773,1.000000,0,false)
(0.991245,1.000000,0,false)
(0.925351,1.000000,0,false)
(0.916365,1.000000,0,false)
(0.937254,1.000000,0,false)
(0.904729,1.000000,0,false)
(0.907955,1.000000,0,false)
(0.909119,1.000000,0,false)
(0.995549,1.000000,0,false)
(0.916650,1.000000,0,false)
(0.968992,1.000000,0,false)
(0.971918,1.000000,0,false)
(0.921321,1.000000,0,false)
(0.970219,1.000000,0,false)
(0.952311,1.000000,0,false)
(0.950601,1.000000,0,false)
(0.978810,1.000000,0,false)
(0.969445,1.000000,0,false)
(0.933725,1.000000,0,false)
(0.997013,1.000000,0,false)
(0.929020,1.000000,0,false)
(0.925127,1.000000,0,false)
(0.934828,1.000000,0,false)
(0.975786,1.000000,0,false)
(0.952476,1.000000,0,false)
(0.903221,1.000000,0,false)
(0.931453,1.000000,0,false)
(0.979283,1.000000,0,false)
(0.982613,1.000000,0,false)
(0.961318,1.000000,0,false)
(0.916620,1.000000,0,false)
(0.978183,1.000000,0,false)
(0.968164,1.000000,0,false)
(0.922987,1.000000,0,false)
(0.944162,1.000000,0,false)
(0.947652,1.000000,0,false)
(0.935239,1.000000,0,false)
(0.975534,1.000000,0,false)
(0.992357,1.000000,0,false)
(0.943269,1.000000,0,false)
(0.968834,1.000000,0,false)
(0.984468,1.000000,0,false)
(0.946998,1.000000,0,false)
(0.957064,1.000000,0,false)
(0.979558,1.000000,0,false)
(0.997544,1.000000,0,false)
(0.910233,1.000000,0,false)
(0.962030,1.000000,0,false)
(0.964206,1.000000,0,false)
(0.962726,1.000000,0,false)
(0.995338,1.000000,0,false)
(0.953389,1.000000,0,false)
(0.908578,1.000000,0,false)
(0.907737,1.000000,0,false)
(0.968245,1.000000,0,false)
(0.916657,1.000000,0,false)
(0.917533,1.000000,0,false)
(0.924103,1.000000,0,false)
(0.944240,1.000000,0,false)
(0.996221,1.000000,0,false)
(0.990792,1.000000,0,false)
(0.965655,1.000000,0,false)
(0.942642,1.000000,0,false)
(0.903641,1.000000,0,false)
(0.993367,1.000000,0,false)
(0.910458,1.000000,0,false)
(0.943615,1.000000,0,false)
(0.992329,1.000000,0,false)
(0.996719,1.000000,0,false)
(0.945934,1.000000,0,false)
(0.979416,1.000000,0,false)
(0.934500,1.000000,0,false)
(0.990910,1.000000,0,false)
(0.919691,1.000000,0,false)
(0.927484,1.000000,0,false)
(0.967467,1.000000,0,false)
(0.988966,1.000000,0,false)
(0.953151,1.000000,0,false)
(0.954662,1.000000,0,false)
(0.929366,1.000000,0,false)
(0.962565,1.000000,0,false)
(0.941528,1.000000,0,false)
(0.990681,1.000000,0,false)
(0.979301,1.000000,0,false)
(0.962917,1.000000,0,false)
(0.962052,1.000000,0,false)
(0.984714,1.000000,0,false)
(0.993681,1.000000,0,false)
(0.992289,1.000000,0,false)
(0.982561,1.000000,0,false)
(0.921360,1.000000,0,false)
(0.949172,1.000000,0,false)
(0.900165,1.000000,0,false)
(0.904646,1.000000,0,false)
(0.941865,1.000000,0,false)
(0.943212,1.000000,0,false)
(0.983376,1.000000,0,false)
(0.989529,1.000000,0,false)
(0.932666,1.000000,0,false)
(0.965438,1.000000,0,false)
(0.971786,1.000000,0,false)
(0.900665,1.000000,0,false)
(0.906576,1.000000,0,false)
(0.917652,1.000000,0,false)
(0.980254,1.000000,0,false)
(0.954810,1.000000,0,false)
(0.911929,1.000000,0,false)
(0.986123,1.000000,0,false)
(0.903569,1.000000,0,false)
(0.902843,1.000000,0,false)
(0.961998,1.000000,0,false)
(0.998007,1.000000,0,false)
(0.923931,1.000000,0,false)
(0.963128,1.000000,0,false)
(0.980742,1.000000,0,false)
(0.943617,1.000000,0,false)
(0.990321,1.000000,0,false)
(0.903534,1.000000,0,false)
(0.911692,1.000000,0,false)
(0.918029,1.000000,0,false)
(0.915675,1.000000,0,false)
(0.913437,1.000000,0,false)
(0.934279,1.000000,0,false)
(0.929147,1.000000,0,false)
(0.921335,1.000000,0,false)
(0.924125,1.000000,0,false)
(0.976388,1.000000,0,false)
(0.934921,1.000000,0,false)
(0.938557,1.000000,0,false)
(0.924992,1.000000,0,false)
(0.903213,1.000000,0,false)
(0.909765,1.000000,0,false)
(0.954155,1.000000,0,false)
(0.983745,1.000000,0,false)
(0.900654,1.000000,0,false)
(0.999540,1.000000,0,false)
(0.961456,1.000000,0,false)
(0.911566,1.000000,0,false)
(0.956601,1.000000,0,false)
(0.905588,1.000000,0,false)
(0.948727,1.000000,0,false)
(0.918750,1.000000,0,false)
(0.975329,1.000000,0,false)
(0.941352,1.000000,0,false)
(0.925140,1.000000,0,false)
(0.982821,1.000000,0,false)
(0.939083,1.000000,0,false)
(0.930012,1.000000,0,false)
(0.949053,1.000000,0,false)
(0.999462,1.000000,0,false)
(0.956582,1.000000,0,false)
(0.958344,1.000000,0,false)
(0.985026,1.000000,0,false)
(0.906793,1.000000,0,false)
(0.910759,1.000000,0,false)
(0.970650,1.000000,0,false)
(0.974470,1.000000,0,false)
(0.965658,1.000000,0,false)
(0.937453,1.000000,0,false)
(0.977166,1.000000,0,false)
(0.960236,1.000000,0,false)
(0.942500,1.000000,0,false)
(0.933115,1.000000,0,false)
(0.963716,1.000000,0,false)
(0.957633,1.000000,0,false)
(0.977286,1.000000,0,false)
(0.902741,1.000000,0,false)

(1,0,false)
(2,0,false)
(3,0,false)
(5,0,false)
(7,0,false)
(8,0,false)
(14,0,false)
(16,0,true)
(17,0,false)
(18,0,false)
(19,0,false)
(20,0,false)
(21,0,false)
(22,0,false)
(23,0,false)
(24,0,false)
(25,0,false)
(26,0,false)
(28,0,false)
(29,0,false)
(31,0,false)
(32,0,false)
(34,0,false)
(35,0,false)
(36,0,false)
(37,0,false)
(38,0,false)
(39,0,false)
(41,0,false)
(43,0,false)
(44,0,false)
(45,0,false)
(46,0,false)
(48,0,false)
(49,0,false)
(50,0,false)
(51,0,false)
(52,0,false)
(53,0,true)
(57,0,false)
(58,0,false)
(60,0,true)
(61,0,true)
(62,0,true)
(63,0,true)
(64,0,true)
(65,0,true)
(66,0,true)
(67,0,true)
(68,0,true)
(69,0,true)
(72,0,true)
(73,0,true)
(74,0,true)
(76,0,true)
(77,0,true)
(79,0,true)
(80,0,true)
(83,0,true)
(84,0,true)
(85,0,true)
(86,0,true)
(87,0,true)
(88,0,true)
(90,0,true)
(91,0,true)
(92,0,true)
(93,0,true)
(95,0,false)
(96,0,true)
(97,0,true)
(99,0,true)
(100,0,true)
(101,0,true)
(103,0,true)
(104,0,false)
(105,0,true)
(106,0,true)
(109,0,true)
(110,0,false)
(111,0,true)
(112,0,true)
(114,0,true)
(116,0,true)
(117,0,true)
(118,0,true)
(119,0,true)
(121,0,true)
(122,0,true)
(123,0,true)
(124,0,true)
(126,0,false)
(127,0,true)
(130,0,true)
(131,0,true)
(134,0,true)
(135,0,true)
(136,0,true)
(137,0,true)
(138,0,true)
(140,0,true)
(141,0,true)
(143,0,true)
(144,0,true)
(145,0,true)
(146,0,true)
(147,0,true)
(148,0,true)
(152,0,true)
(154,0,true)
(155,0,true)
(156,0,true)
(157,0,true)
(158,0,true)
(159,0,true)
(160,0,true)
(161,0,true)
(162,0,true)
(163,0,true)
(164,0,true)
(165,0,false)
(166,0,true)
(167,0,false)
(168,0,true)
(169,0,true)
(170,0,true)
(171,0,true)
(173,0,true)
(174,0,true)
(176,0,true)
(178,0,true)
(179,0,true)
(180,0,true)
(181,0,true)
(182,0,true)
(184,0,true)
(185,0,true)
(186,0,true)
(187,0,true)
(188,0,true)
(189,0,true)
(190,0,false)
(192,0,true)
(193,0,true)
(194,0,true)
(195,0,true)
(197,0,true)
(199,0,true)
(201,0,true)
(202,0,true)
(203,0,true)
(204,0,false)
(205,0,true)
(206,0,true)
(207,0,true)
(208,0,true)
(210,0,true)
(211,0,false)
(212,0,true)
(213,0,true)
(215,0,true)
(216,0,true)
(217,0,true)
(218,0,true)
(219,0,true)
(220,0,true)
(221,0,true)
(222,0,true)
(223,0,true)
(224,0,true)
(225,0,true)
(226,0,true)
(227,0,true)
(228,0,true)
(229,0,true)
(231,0,true)
(232,0,true)
(233,0,true)
(235,0,true)
(236,0,true)
(238,0,true)
(240,0,true)
(242,0,true)
(243,0,true)
(244,0,true)
(245,0,true)
(247,0,true)
(248,0,true)
(249,0,true)
(250,0,true)
(251,0,true)
(252,0,true)
(253,0,true)
(254,0,true)
(255,0,true)
(256,0,true)
(257,0,true)
(258,0,true)
(259,0,true)
(260,0,true)
(261,0,true)
(262,0,true)
(264,0,true)
(266,0,true)
(267,0,true)
(268,0,true)
(269,0,true)
(270,0,true)
(271,0,true)
(273,0,true)
(274,0,false)
(275,0,true)
(277,0,true)
(278,0,true)
(280,0,true)
(281,0,true)
(282,0,true)
(284,0,true)
(285,0,true)
(286,0,true)
(287,0,true)
(289,0,true)
(290,0,true)
(295,0,true)
(296,0,true)
(297,0,true)
(2,1,false)
(3,1,true)
(5,1,false)
(6,1,true)
(8,1,false)
(9,1,false)
(10,1,false)
(11,1,false)
(13,1,false)
(17,1,false)
(19,1,true)
(20,1,false)
(21,1,true)
(22,1,false)
(25,1,false)
(26,1,false)
(29,1,false)
(32,1,false)
(33,1,false)
(34,1,false)
(35,1,false)
(36,1,false)
(37,1,false)
(39,1,false)
(42,1,false)
(46,1,false)
(50,1,false)
(52,1,false)
(53,1,false)
(54,1,false)
(55,1,false)
(57,1,true)
(59,1,false)
(60,1,true)
(61,1,true)
(63,1,true)
(64,1,true)
(65,1,true)
(66,1,true)
(68,1,true)
(69,1,true)
(71,1,true)
(72,1,true)
(74,1,true)
(75,1,true)
(76,1,true)
(77,1,true)
(78,1,true)
(81,1,true)
(83,1,true)
(86,1,true)
(87,1,true)
(88,1,false)
(89,1,true)
(90,1,true)
(91,1,true)
(93,1,true)
(94,1,true)
(95,1,true)
(97,1,true)
(101,1,false)
(102,1,true)
(103,1,true)
(104,1,true)
(107,1,true)
(108,1,true)
(113,1,true)
(114,1,true)
(115,1,true)
(117,1,true)
(118,1,true)
(120,1,true)
(121,1,true)
(122,1,true)
(125,1,true)
(126,1,true)
(128,1,true)
(130,1,true)
(131,1,true)
(132,1,true)
(133,1,true)
(134,1,true)
(135,1,true)
(139,1,true)
(140,1,true)
(142,1,true)
(143,1,true)
(144,1,true)
(145,1,true)
(147,1,true)
(148,1,true)
(150,1,true)
(152,1,true)
(154,1,true)
(155,1,true)
(157,1,true)
(160,1,true)
(161,1,true)
(162,1,true)
(164,1,true)
(165,1,true)
(166,1,true)
(167,1,true)
(168,1,true)
(169,1,true)
(170,1,true)
(172,1,true)
(174,1,true)
(175,1,true)
(176,1,true)
(177,1,true)
(179,1,true)
(181,1,true)
(182,1,true)
(183,1,true)
(184,1,true)
(185,1,true)
(188,1,true)
(189,1,false)
(190,1,true)
(191,1,true)
(192,1,true)
(193,1,true)
(197,1,true)
(198,1,true)
(199,1,true)
(201,1,true)
(202,1,true)
(203,1,true)
(205,1,true)
(206,1,true)
(207,1,true)
(208,1,true)
(209,1,true)
(210,1,true)
(213,1,true)
(214,1,true)
(215,1,true)
(217,1,true)
(218,1,true)
(221,1,true)
(223,1,true)
(224,1,true)
(226,1,true)
(229,1,true)
(230,1,true)
(232,1,true)
(235,1,true)
(236,1,true)
(238,1,true)
(240,1,true)
(241,1,true)
(242,1,true)
(243,1,true)
(244,1,true)
(245,1,true)
(249,1,true)
(250,1,true)
(253,1,true)
(254,1,true)
(257,1,true)
(258,1,true)
(259,1,true)
(260,1,true)
(262,1,true)
(263,1,true)
(264,1,true)
(265,1,true)
(268,1,true)
(269,1,true)
(271,1,true)
(272,1,true)
(273,1,true)
(274,1,true)
(275,1,true)
(276,1,true)
(277,1,false)
(278,1,true)
(279,1,true)
(281,1,true)
(284,1,true)
(285,1,true)
(286,1,true)
(289,1,true)
(290,1,true)
(292,1,true)
(294,1,true)
(295,1,true)
(296,1,true)
(298,1,true)
(299,1,false)
(2,2,false)
(3,2,false)
(4,2,false)
(5,2,false)
(6,2,false)
(8,2,false)
(9,2,false)
(10,2,false)
(11,2,false)
(14,2,false)
(15,2,false)
(18,2,false)
(21,2,false)
(23,2,false)
(24,2,false)
(26,2,false)
(30,2,false)
(31,2,false)
(32,2,false)
(33,2,false)
(34,2,false)
(35,2,false)
(37,2,false)
(39,2,false)
(44,2,false)
(46,2,false)
(47,2,false)
(48,2,false)
(52,2,false)
(54,2,false)
(55,2,false)
(56,2,true)
(59,2,false)
(60,2,true)
(61,2,true)
(62,2,true)
(63,2,true)
(64,2,true)
(65,2,true)
(66,2,false)
(67,2,false)
(69,2,true)
(70,2,true)
(71,2,true)
(73,2,true)
(75,2,true)
(78,2,true)
(79,2,true)
(80,2,true)
(82,2,true)
(83,2,true)
(84,2,true)
(85,2,true)
(86,2,true)
(90,2,true)
(91,2,true)
(92,2,false)
(95,2,true)
(96,2,true)
(98,2,true)
(100,2,true)
(101,2,true)
(102,2,true)
(103,2,true)
(104,2,true)
(107,2,true)
(108,2,true)
(110,2,true)
(112,2,true)
(114,2,true)
(119,2,true)
(121,2,true)
(123,2,true)
(126,2,false)
(130,2,true)
(132,2,true)
(134,2,true)
(135,2,true)
(136,2,true)
(138,2,true)
(140,2,true)
(141,2,true)
(143,2,true)
(144,2,true)
(145,2,true)
(146,2,true)
(148,2,true)
(150,2,false)
(152,2,true)
(156,2,true)
(157,2,false)
(158,2,true)
(160,2,true)
(165,2,true)
(169,2,true)
(171,2,true)
(172,2,true)
(174,2,true)
(175,2,true)
(176,2,true)
(178,2,true)
(179,2,true)
(180,2,true)
(181,2,true)
(182,2,true)
(183,2,true)
(184,2,true)
(185,2,true)
(187,2,true)
(189,2,true)
(190,2,true)
(191,2,true)
(193,2,true)
(194,2,true)
(197,2,true)
(198,2,true)
(199,2,true)
(202,2,true)
(204,2,true)
(205,2,true)
(207,2,false)
(208,2,true)
(212,2,true)
(215,2,true)
(216,2,true)
(218,2,true)
(219,2,true)
(220,2,true)
(222,2,true)
(224,2,true)
(225,2,true)
(226,2,false)
(229,2,true)
(232,2,true)
(236,2,true)
(237,2,true)
(238,2,true)
(240,2,true)
(242,2,true)
(243,2,true)
(245,2,true)
(246,2,true)
(247,2,true)
(249,2,true)
(252,2,true)
(253,2,false)
(257,2,true)
(258,2,true)
(259,2,true)
(260,2,true)
(263,2,true)
(264,2,false)
(269,2,true)
(270,2,true)
(271,2,true)
(273,2,true)
(275,2,true)
(276,2,true)
(277,2,true)
(278,2,true)
(279,2,true)
(280,2,true)
(282,2,true)
(283,2,true)
(285,2,true)
(286,2,true)
(288,2,true)
(290,2,true)
(293,2,true)
(295,2,true)
(298,2,true)
(299,2,true)
(2,3,false)
(5,3,false)
(7,3,false)
(13,3,false)
(15,3,false)
(19,3,false)
(20,3,false)
(22,3,false)
(23,3,false)
(24,3,false)
(28,3,true)
(29,3,false)
(30,3,false)
(32,3,false)
(33,3,false)
(35,3,false)
(40,3,false)
(44,3,false)
(46,3,false)
(50,3,false)
(52,3,false)
(53,3,false)
(55,3,true)
(57,3,false)
(59,3,false)
(60,3,true)
(61,3,true)
(62,3,false)
(64,3,false)
(65,3,true)
(66,3,true)
(67,3,true)
(69,3,true)
(71,3,false)
(77,3,true)
(80,3,true)
(81,3,true)
(84,3,true)
(85,3,true)
(88,3,true)
(89,3,true)
(90,3,true)
(91,3,true)
(94,3,true)
(97,3,true)
(98,3,true)
(100,3,true)
(102,3,true)
(103,3,true)
(105,3,true)
(106,3,true)
(110,3,true)
(113,3,true)
(116,3,true)
(118,3,true)
(121,3,true)
(122,3,true)
(123,3,true)
(126,3,true)
(130,3,true)
(131,3,true)
(132,3,false)
(133,3,true)
(134,3,true)
(141,3,true)
(143,3,true)
(145,3,true)
(148,3,true)
(150,3,true)
(153,3,true)
(154,3,true)
(156,3,true)
(158,3,true)
(160,3,false)
(162,3,false)
(163,3,true)
(167,3,true)
(168,3,true)
(169,3,true)
(170,3,true)
(171,3,true)
(174,3,true)
(175,3,true)
(179,3,false)
(180,3,true)
(181,3,true)
(184,3,true)
(185,3,true)
(187,3,true)
(191,3,true)
(194,3,true)
(195,3,true)
(198,3,true)
(201,3,true)
(202,3,true)
(203,3,true)
(213,3,true)
(215,3,true)
(216,3,true)
(217,3,true)
(220,3,true)
(223,3,true)
(228,3,true)
(229,3,true)
(230,3,true)
(231,3,true)
(233,3,true)
(234,3,true)
(236,3,true)
(238,3,true)
(239,3,true)
(240,3,true)
(242,3,true)
(243,3,true)
(246,3,true)
(249,3,true)
(252,3,true)
(253,3,true)
(255,3,true)
(256,3,true)
(259,3,true)
(260,3,true)
(262,3,true)
(264,3,true)
(265,3,true)
(268,3,true)
(270,3,true)
(274,3,true)
(278,3,true)
(282,3,true)
(283,3,true)
(284,3,true)
(286,3,true)
(288,3,true)
(294,3,true)
(295,3,true)
(296,3,true)
(298,3,true)
(0,4,false)
(2,4,false)
(3,4,true)
(4,4,false)
(6,4,false)
(8,4,false)
(9,4,true)
(12,4,false)
(13,4,false)
(14,4,false)
(15,4,false)
(16,4,false)
(22,4,false)
(23,4,false)
(24,4,false)
(25,4,false)
(26,4,false)
(29,4,false)
(30,4,false)
(31,4,false)
(32,4,false)
(34,4,false)
(36,4,false)
(38,4,false)
(39,4,false)
(40,4,false)
(42,4,false)
(44,4,false)
(48,4,false)
(49,4,false)
(55,4,false)
(57,4,false)
(58,4,false)
(64,4,true)
(65,4,true)
(66,4,true)
(67,4,true)
(68,4,true)
(70,4,true)
(71,4,true)
(72,4,true)
(74,4,true)
(77,4,true)
(79,4,true)
(84,4,true)
(87,4,true)
(92,4,true)
(93,4,true)
(96,4,false)
(98,4,true)
(101,4,true)
(102,4,true)
(103,4,true)
(104,4,true)
(105,4,true)
(106,4,true)
(109,4,true)
(111,4,true)
(113,4,true)
(114,4,true)
(115,4,true)
(116,4,true)
(117,4,true)
(119,4,true)
(120,4,true)
(123,4,true)
(129,4,true)
(130,4,true)
(131,4,true)
(133,4,true)
(134,4,true)
(139,4,true)
(140,4,true)
(141,4,true)
(142,4,true)
(145,4,true)
(146,4,true)
(148,4,true)
(149,4,true)
(151,4,true)
(153,4,true)
(154,4,true)
(156,4,true)
(157,4,true)
(158,4,true)
(160,4,true)
(164,4,true)
(166,4,true)
(167,4,true)
(168,4,true)
(169,4,true)
(171,4,true)
(174,4,true)
(177,4,true)
(178,4,true)
(181,4,true)
(182,4,true)
(185,4,true)
(186,4,true)
(187,4,true)
(189,4,true)
(190,4,true)
(192,4,true)
(194,4,true)
(196,4,true)
(197,4,true)
(201,4,true)
(203,4,true)
(204,4,true)
(208,4,true)
(209,4,true)
(213,4,true)
(219,4,true)
(221,4,true)
(222,4,true)
(224,4,true)
(225,4,true)
(230,4,true)
(232,4,true)
(235,4,true)
(237,4,true)
(238,4,true)
(240,4,true)
(241,4,true)
(242,4,true)
(243,4,true)
(247,4,true)
(251,4,true)
(253,4,true)
(256,4,true)
(257,4,true)
(261,4,true)
(264,4,true)
(265,4,true)
(266,4,true)
(267,4,true)
(269,4,true)
(271,4,true)
(272,4,true)
(273,4,true)
(274,4,true)
(277,4,true)
(279,4,true)
(280,4,true)
(281,4,true)
(282,4,true)
(284,4,true)
(285,4,true)
(288,4,true)
(289,4,true)
(292,4,true)
(293,4,true)
(297,4,true)
(298,4,true)
(299,4,true)
(2,5,false)
(5,5,false)
(6,5,false)
(7,5,false)
(8,5,false)
(9,5,false)
(10,5,false)
(13,5,false)
(16,5,false)
(20,5,false)
(22,5,false)
(23,5,false)
(24,5,false)
(25,5,false)
(26,5,false)
(28,5,false)
(30,5,false)
(31,5,false)
(34,5,false)
(36,5,false)
(38,5,false)
(39,5,false)
(40,5,false)
(44,5,false)
(45,5,false)
(47,5,false)
(48,5,false)
(49,5,false)
(50,5,false)
(51,5,false)
(53,5,false)
(54,5,false)
(57,5,false)
(59,5,false)
(64,5,true)
(66,5,true)
(67,5,true)
(71,5,true)
(74,5,true)
(78,5,true)
(81,5,true)
(82,5,true)
(83,5,true)
(84,5,true)
(85,5,true)
(86,5,true)
(87,5,true)
(88,5,true)
(89,5,true)
(91,5,true)
(92,5,true)
(93,5,true)
(97,5,true)
(99,5,true)
(101,5,true)
(106,5,true)
(107,5,true)
(109,5,true)
(113,5,true)
(117,5,true)
(121,5,true)
(125,5,true)
(128,5,true)
(129,5,true)
(130,5,true)
(131,5,true)
(132,5,true)
(133,5,true)
(134,5,true)
(136,5,true)
(140,5,true)
(142,5,true)
(145,5,true)
(146,5,true)
(148,5,true)
(149,5,true)
(151,5,true)
(153,5,true)
(155,5,true)
(157,5,true)
(162,5,true)
(165,5,true)
(166,5,true)
(167,5,true)
(174,5,true)
(176,5,true)
(177,5,true)
(181,5,true)
(183,5,true)
(185,5,true)
(190,5,false)
(193,5,true)
(194,5,true)
(196,5,true)
(197,5,true)
(200,5,true)
(201,5,true)
(203,5,true)
(204,5,true)
(206,5,true)
(207,5,true)
(208,5,true)
(211,5,true)
(212,5,true)
(215,5,true)
(218,5,true)
(226,5,true)
(227,5,true)
(228,5,true)
(229,5,true)
(230,5,true)
(232,5,true)
(234,5,true)
(238,5,false)
(239,5,true)
(240,5,true)
(241,5,true)
(243,5,true)
(245,5,true)
(248,5,true)
(250,5,false)
(257,5,true)
(259,5,true)
(260,5,true)
(261,5,true)
(262,5,true)
(263,5,true)
(264,5,true)
(268,5,true)
(270,5,true)
(271,5,true)
(274,5,true)
(283,5,true)
(284,5,true)
(287,5,true)
(288,5,true)
(290,5,true)
(294,5,true)
(295,5,true)
(297,5,true)
(298,5,true)
(0,6,false)
(1,6,false)
(2,6,false)
(3,6,true)
(5,6,false)
(6,6,false)
(15,6,false)
(17,6,false)
(19,6,false)
(20,6,false)
(21,6,true)
(24,6,false)
(25,6,true)
(26,6,false)
(27,6,false)
(28,6,true)
(29,6,true)
(31,6,false)
(34,6,false)
(35,6,false)
(37,6,false)
(43,6,false)
(45,6,false)
(48,6,false)
(51,6,false)
(52,6,false)
(59,6,false)
(60,6,true)
(62,6,true)
(63,6,true)
(65,6,true)
(66,6,true)
(68,6,true)
(69,6,true)
(70,6,true)
(71,6,true)
(72,6,true)
(73,6,true)
(76,6,true)
(78,6,true)
(79,6,true)
(80,6,true)
(83,6,true)
(84,6,true)
(85,6,true)
(87,6,true)
(89,6,true)
(91,6,true)
(97,6,true)
(98,6,true)
(107,6,true)
(110,6,true)
(111,6,true)
(118,6,true)
(123,6,true)
(126,6,true)
(127,6,true)
(131,6,true)
(135,6,true)
(136,6,true)
(139,6,true)
(141,6,true)
(142,6,false)
(143,6,true)
(144,6,true)
(148,6,true)
(150,6,true)
(151,6,true)
(152,6,true)
(156,6,true)
(162,6,true)
(163,6,false)
(164,6,true)
(165,6,true)
(166,6,true)
(167,6,true)
(171,6,true)
(172,6,true)
(175,6,true)
(176,6,true)
(177,6,false)
(179,6,true)
(181,6,true)
(183,6,true)
(185,6,true)
(187,6,true)
(188,6,true)
(190,6,true)
(191,6,true)
(196,6,true)
(198,6,true)
(201,6,true)
(202,6,false)
(203,6,true)
(205,6,true)
(206,6,true)
(207,6,true)
(210,6,true)
(211,6,true)
(212,6,false)
(213,6,true)
(217,6,true)
(220,6,true)
(223,6,false)
(224,6,true)
(225,6,true)
(227,6,true)
(228,6,true)
(231,6,true)
(237,6,true)
(240,6,true)
(245,6,true)
(249,6,true)
(258,6,true)
(259,6,true)
(260,6,true)
(268,6,true)
(270,6,true)
(272,6,true)
(277,6,false)
(281,6,true)
(282,6,true)
(284,6,true)
(285,6,true)
(287,6,true)
(288,6,true)
(291,6,true)
(295,6,true)
(298,6,true)
(0,7,false)
(2,7,false)
(5,7,false)
(7,7,false)
(15,7,false)
(19,7,false)
(20,7,false)
(24,7,false)
(25,7,false)
(26,7,false)
(27,7,false)
(29,7,false)
(32,7,false)
(34,7,true)
(38,7,false)
(39,7,false)
(40,7,false)
(45,7,false)
(46,7,false)
(49,7,false)
(52,7,false)
(54,7,false)
(55,7,false)
(57,7,false)
(62,7,true)
(64,7,true)
(65,7,true)
(66,7,true)
(67,7,true)
(71,7,true)
(73,7,true)
(75,7,false)
(76,7,true)
(78,7,true)
(79,7,true)
(81,7,false)
(84,7,false)
(87,7,true)
(89,7,true)
(92,7,true)
(94,7,true)
(97,7,true)
(98,7,true)
(100,7,true)
(103,7,true)
(110,7,true)
(112,7,true)
(113,7,true)
(114,7,true)
(115,7,true)
(116,7,true)
(117,7,true)
(118,7,true)
(119,7,true)
(121,7,true)
(122,7,true)
(125,7,true)
(127,7,true)
(129,7,true)
(130,7,true)
(131,7,true)
(134,7,true)
(139,7,true)
(140,7,true)
(141,7,true)
(150,7,true)
(154,7,true)
(155,7,true)
(156,7,false)
(160,7,true)
(162,7,true)
(163,7,true)
(164,7,false)
(169,7,true)
(171,7,true)
(173,7,true)
(174,7,true)
(176,7,true)
(178,7,true)
(180,7,true)
(182,7,true)
(183,7,true)
(185,7,true)
(186,7,true)
(189,7,true)
(191,7,true)
(195,7,true)
(196,7,false)
(201,7,true)
(205,7,true)
(206,7,true)
(209,7,true)
(211,7,true)
(213,7,true)
(214,7,true)
(216,7,true)
(218,7,true)
(221,7,true)
(222,7,true)
(224,7,true)
(226,7,true)
(231,7,true)
(237,7,true)
(238,7,true)
(239,7,true)
(240,7,true)
(242,7,true)
(249,7,true)
(253,7,true)
(257,7,true)
(259,7,true)
(260,7,true)
(261,7,true)
(262,7,true)
(264,7,true)
(265,7,true)
(266,7,true)
(267,7,true)
(268,7,true)
(270,7,true)
(271,7,true)
(272,7,true)
(277,7,true)
(280,7,true)
(281,7,true)
(283,7,true)
(287,7,true)
(288,7,true)
(289,7,true)
(291,7,true)
(295,7,true)
(298,7,true)
(1,8,false)
(4,8,false)
(5,8,false)
(8,8,false)
(9,8,false)
(11,8,false)
(12,8,false)
(17,8,false)
(18,8,false)
(19,8,false)
(21,8,false)
(22,8,false)
(25,8,false)
(30,8,false)
(31,8,false)
(33,8,false)
(36,8,false)
(46,8,false)
(50,8,false)
(51,8,false)
(53,8,false)
(56,8,false)
(58,8,false)
(59,8,false)
(60,8,true)
(63,8,true)
(67,8,true)
(70,8,true)
(71,8,false)
(72,8,true)
(73,8,true)
(75,8,false)
(76,8,true)
(80,8,true)
(81,8,true)
(88,8,true)
(89,8,true)
(93,8,true)
(98,8,true)
(99,8,true)
(101,8,true)
(102,8,true)
(103,8,true)
(107,8,true)
(108,8,true)
(111,8,true)
(116,8,true)
(117,8,true)
(118,8,true)
(125,8,true)
(126,8,true)
(129,8,true)
(130,8,true)
(131,8,true)
(132,8,true)
(133,8,true)
(134,8,true)
(136,8,true)
(138,8,true)
(141,8,true)
(145,8,true)
(148,8,true)
(150,8,true)
(151,8,true)
(152,8,true)
(155,8,true)
(159,8,true)
(161,8,true)
(162,8,true)
(163,8,true)
(164,8,true)
(165,8,true)
(166,8,true)
(167,8,true)
(168,8,true)
(170,8,true)
(172,8,true)
(175,8,true)
(176,8,true)
(177,8,true)
(183,8,true)
(185,8,true)
(186,8,true)
(189,8,true)
(190,8,true)
(192,8,true)
(194,8,true)
(195,8,true)
(197,8,true)
(202,8,true)
(203,8,true)
(204,8,true)
(205,8,true)
(211,8,true)
(213,8,true)
(215,8,true)
(216,8,true)
(219,8,true)
(221,8,true)
(226,8,true)
(230,8,true)
(231,8,true)
(236,8,true)
(238,8,true)
(240,8,true)
(241,8,true)
(242,8,true)
(243,8,true)
(244,8,true)
(248,8,true)
(249,8,true)
(251,8,true)
(252,8,true)
(256,8,true)
(257,8,true)
(261,8,true)
(263,8,false)
(265,8,true)
(266,8,true)
(267,8,false)
(269,8,true)
(271,8,true)
(273,8,true)
(275,8,true)
(277,8,false)
(281,8,true)
(283,8,true)
(285,8,true)
(287,8,true)
(289,8,true)
(293,8,true)
(295,8,true)
(296,8,true)
(297,8,true)
(298,8,true)
(0,9,false)
(7,9,false)
(10,9,false)
(12,9,false)
(17,9,false)
(18,9,false)
(19,9,false)
(24,9,false)
(25,9,false)
(27,9,false)
(28,9,false)
(29,9,false)
(34,9,false)
(35,9,false)
(36,9,false)
(37,9,false)
(38,9,false)
(39,9,false)
(41,9,false)
(43,9,false)
(44,9,false)
(46,9,false)
(47,9,false)
(51,9,false)
(53,9,false)
(54,9,false)
(62,9,true)
(66,9,true)
(74,9,true)
(76,9,true)
(77,9,true)
(78,9,true)
(82,9,true)
(83,9,false)
(84,9,true)
(88,9,true)
(89,9,true)
(90,9,true)
(92,9,true)
(95,9,true)
(96,9,true)
(97,9,true)
(98,9,true)
(99,9,true)
(100,9,true)
(101,9,true)
(110,9,true)
(111,9,true)
(116,9,true)
(117,9,true)
(118,9,true)
(122,9,true)
(127,9,true)
(129,9,true)
(131,9,true)
(135,9,true)
(137,9,true)
(139,9,true)
(144,9,true)
(149,9,false)
(152,9,true)
(153,9,true)
(154,9,true)
(156,9,true)
(158,9,true)
(160,9,true)
(161,9,true)
(166,9,true)
(169,9,true)
(173,9,true)
(178,9,true)
(180,9,true)
(182,9,true)
(189,9,true)
(190,9,true)
(192,9,true)
(193,9,true)
(194,9,true)
(196,9,true)
(197,9,true)
(207,9,true)
(209,9,true)
(210,9,true)
(213,9,true)
(214,9,true)
(216,9,true)
(225,9,false)
(226,9,false)
(227,9,true)
(229,9,true)
(234,9,true)
(238,9,false)
(240,9,true)
(245,9,true)
(249,9,true)
(251,9,true)
(252,9,true)
(253,9,false)
(254,9,true)
(255,9,false)
(256,9,true)
(259,9,true)
(260,9,true)
(262,9,true)
(263,9,true)
(268,9,true)
(269,9,true)
(270,9,true)
(274,9,true)
(277,9,true)
(278,9,true)
(280,9,true)
(282,9,true)
(283,9,true)
(292,9,true)
(296,9,true)
(297,9,true)
(1,10,false)
(3,10,false)
(4,10,false)
(7,10,false)
(10,10,false)
(11,10,false)
(13,10,false)
(15,10,false)
(16,10,false)
(17,10,false)
(18,10,false)
(21,10,false)
(26,10,false)
(27,10,false)
(29,10,false)
(34,10,false)
(35,10,false)
(40,10,false)
(43,10,false)
(54,10,false)
(55,10,false)
(56,10,false)
(60,10,false)
(62,10,true)
(66,10,true)
(69,10,true)
(73,10,true)
(75,10,true)
(76,10,true)
(77,10,true)
(81,10,true)
(83,10,false)
(84,10,true)
(96,10,true)
(99,10,true)
(100,10,true)
(104,10,true)
(110,10,true)
(116,10,true)
(117,10,true)
(123,10,true)
(126,10,true)
(127,10,false)
(128,10,true)
(129,10,true)
(130,10,true)
(136,10,true)
(137,10,true)
(139,10,true)
(147,10,true)
(149,10,true)
(153,10,true)
(154,10,true)
(157,10,true)
(160,10,true)
(162,10,true)
(164,10,true)
(165,10,true)
(166,10,true)
(170,10,true)
(172,10,true)
(174,10,true)
(175,10,true)
(177,10,true)
(181,10,true)
(183,10,true)
(185,10,true)
(189,10,false)
(191,10,false)
(192,10,true)
(197,10,true)
(199,10,true)
(202,10,true)
(204,10,true)
(215,10,true)
(218,10,true)
(221,10,true)
(222,10,true)
(226,10,true)
(230,10,true)
(231,10,true)
(236,10,true)
(238,10,true)
(242,10,false)
(246,10,true)
(247,10,true)
(248,10,true)
(250,10,true)
(252,10,true)
(253,10,true)
(254,10,false)
(257,10,true)
(261,10,true)
(263,10,true)
(265,10,true)
(268,10,true)
(269,10,true)
(272,10,true)
(273,10,true)
(278,10,true)
(281,10,true)
(283,10,true)
(284,10,true)
(285,10,true)
(291,10,true)
(296,10,true)
(2,11,false)
(3,11,false)
(6,11,false)
(11,11,false)
(13,11,false)
(14,11,false)
(22,11,false)
(29,11,false)
(30,11,false)
(32,11,false)
(34,11,false)
(35,11,false)
(37,11,false)
(39,11,false)
(48,11,false)
(49,11,false)
(52,11,false)
(53,11,false)
(54,11,false)
(62,11,true)
(64,11,true)
(65,11,true)
(66,11,true)
(68,11,true)
(71,11,true)
(74,11,true)
(75,11,true)
(79,11,true)
(80,11,true)
(81,11,true)
(86,11,true)
(88,11,true)
(91,11,true)
(92,11,true)
(93,11,true)
(95,11,true)
(96,11,true)
(98,11,true)
(101,11,false)
(102,11,false)
(103,11,true)
(107,11,true)
(108,11,true)
(109,11,true)
(110,11,true)
(113,11,true)
(114,11,true)
(119,11,false)
(123,11,true)
(127,11,true)
(128,11,true)
(129,11,true)
(137,11,true)
(139,11,true)
(140,11,true)
(141,11,true)
(142,11,true)
(149,11,true)
(152,11,true)
(160,11,true)
(161,11,true)
(163,11,true)
(168,11,true)
(172,11,true)
(173,11,true)
(174,11,true)
(175,11,true)
(179,11,true)
(180,11,true)
(181,11,true)
(185,11,true)
(186,11,true)
(187,11,true)
(188,11,true)
(189,11,true)
(190,11,true)
(192,11,true)
(195,11,true)
(197,11,true)
(200,11,true)
(210,11,true)
(214,11,true)
(217,11,true)
(222,11,true)
(227,11,true)
(229,11,true)
(230,11,true)
(234,11,false)
(235,11,true)
(236,11,true)
(238,11,true)
(239,11,true)
(240,11,true)
(242,11,true)
(250,11,true)
(252,11,true)
(257,11,true)
(258,11,true)
(262,11,true)
(263,11,true)
(264,11,true)
(266,11,true)
(269,11,true)
(270,11,true)
(272,11,true)
(280,11,true)
(281,11,true)
(283,11,true)
(287,11,true)
(290,11,true)
(292,11,true)
(294,11,true)
(295,11,true)
(297,11,true)
(298,11,true)
(299,11,true)
(0,12,false)
(4,12,false)
(7,12,false)
(10,12,false)
(12,12,false)
(13,12,false)
(15,12,false)
(20,12,false)
(22,12,false)
(26,12,false)
(30,12,false)
(31,12,false)
(34,12,false)
(38,12,true)
(39,12,false)
(40,12,false)
(41,12,false)
(43,12,false)
(52,12,false)
(58,12,false)
(66,12,true)
(70,12,false)
(71,12,true)
(73,12,true)
(74,12,true)
(77,12,true)
(80,12,true)
(86,12,true)
(87,12,true)
(92,12,true)
(97,12,true)
(98,12,true)
(104,12,true)
(106,12,true)
(107,12,true)
(108,12,true)
(110,12,true)
(111,12,true)
(113,12,true)
(116,12,true)
(117,12,true)
(119,12,true)
(122,12,true)
(123,12,true)
(131,12,false)
(132,12,true)
(138,12,true)
(140,12,true)
(142,12,true)
(146,12,true)
(147,12,true)
(149,12,true)
(154,12,true)
(161,12,true)
(164,12,true)
(165,12,false)
(169,12,true)
(170,12,true)
(173,12,true)
(174,12,true)
(175,12,true)
(182,12,true)
(184,12,true)
(185,12,true)
(188,12,true)
(192,12,true)
(193,12,true)
(194,12,true)
(198,12,true)
(200,12,true)
(202,12,true)
(209,12,true)
(216,12,true)
(217,12,true)
(227,12,false)
(228,12,true)
(231,12,true)
(232,12,true)
(233,12,true)
(237,12,true)
(239,12,true)
(244,12,true)
(247,12,true)
(254,12,true)
(255,12,true)
(256,12,true)
(258,12,true)
(260,12,true)
(276,12,true)
(277,12,true)
(278,12,false)
(280,12,true)
(281,12,true)
(283,12,true)
(286,12,true)
(287,12,true)
(288,12,true)
(291,12,true)
(293,12,true)
(296,12,true)
(1,13,false)
(4,13,false)
(6,13,false)
(15,13,false)
(17,13,false)
(22,13,true)
(23,13,false)
(25,13,false)
(26,13,false)
(33,13,false)
(37,13,false)
(38,13,false)
(43,13,false)
(44,13,false)
(50,13,false)
(53,13,false)
(54,13,false)
(59,13,false)
(62,13,true)
(66,13,true)
(68,13,true)
(69,13,true)
(73,13,true)
(75,13,true)
(79,13,true)
(85,13,false)
(87,13,true)
(89,13,true)
(92,13,true)
(94,13,true)
(100,13,true)
(105,13,true)
(111,13,true)
(114,13,true)
(116,13,true)
(119,13,true)
(121,13,true)
(129,13,true)
(133,13,true)
(136,13,true)
(137,13,true)
(138,13,true)
(139,13,false)
(140,13,false)
(141,13,true)
(143,13,true)
(145,13,true)
(147,13,true)
(151,13,true)
(155,13,true)
(164,13,true)
(174,13,true)
(177,13,true)
(181,13,true)
(182,13,true)
(184,13,true)
(186,13,true)
(188,13,true)
(189,13,true)
(190,13,true)
(192,13,false)
(198,13,true)
(201,13,true)
(205,13,true)
(207,13,true)
(213,13,true)
(214,13,true)
(215,13,true)
(216,13,true)
(218,13,true)
(219,13,true)
(225,13,true)
(229,13,true)
(236,13,true)
(241,13,true)
(243,13,true)
(244,13,true)
(254,13,true)
(260,13,true)
(261,13,true)
(262,13,true)
(263,13,true)
(266,13,true)
(268,13,true)
(269,13,true)
(272,13,true)
(277,13,true)
(278,13,true)
(280,13,true)
(285,13,true)
(286,13,true)
(287,13,true)
(289,13,true)
(290,13,true)
(295,13,true)
(296,13,true)
(297,13,true)
(0,14,false)
(8,14,false)
(9,14,false)
(10,14,false)
(15,14,false)
(19,14,false)
(25,14,false)
(30,14,false)
(31,14,false)
(35,14,false)
(40,14,false)
(41,14,false)
(42,14,false)
(43,14,false)
(44,14,false)
(45,14,false)
(47,14,false)
(50,14,false)
(51,14,false)
(53,14,false)
(54,14,false)
(57,14,true)
(61,14,true)
(63,14,true)
(65,14,true)
(69,14,true)
(74,14,true)
(76,14,true)
(78,14,true)
(80,14,true)
(84,14,true)
(87,14,true)
(88,14,true)
(90,14,true)
(92,14,true)
(93,14,true)
(97,14,true)
(99,14,true)
(101,14,true)
(102,14,true)
(103,14,true)
(110,14,true)
(111,14,true)
(113,14,true)
(116,14,true)
(119,14,true)
(120,14,true)
(122,14,true)
(123,14,true)
(124,14,true)
(130,14,true)
(132,14,false)
(133,14,true)
(137,14,true)
(139,14,true)
(141,14,true)
(146,14,true)
(151,14,true)
(153,14,true)
(154,14,true)
(156,14,true)
(157,14,true)
(158,14,true)
(160,14,true)
(161,14,true)
(162,14,true)
(166,14,true)
(167,14,true)
(168,14,true)
(170,14,true)
(171,14,true)
(176,14,true)
(179,14,true)
(182,14,true)
(184,14,true)
(186,14,false)
(189,14,true)
(194,14,true)
(203,14,true)
(207,14,true)
(208,14,true)
(209,14,true)
(212,14,true)
(213,14,false)
(214,14,true)
(216,14,true)
(220,14,true)
(224,14,true)
(225,14,true)
(226,14,true)
(227,14,true)
(229,14,true)
(232,14,true)
(236,14,true)
(239,14,true)
(241,14,true)
(246,14,true)
(248,14,true)
(250,14,false)
(251,14,true)
(254,14,true)
(255,14,true)
(257,14,true)
(259,14,true)
(261,14,true)
(264,14,true)
(272,14,true)
(279,14,true)
(280,14,true)
(281,14,true)
(282,14,true)
(283,14,true)
(290,14,true)
(296,14,true)
(299,14,true)
(0,15,false)
(7,15,false)
(9,15,false)
(10,15,false)
(20,15,false)
(22,15,false)
(23,15,true)
(24,15,false)
(31,15,false)
(33,15,false)
(35,15,false)
(38,15,false)
(41,15,false)
(46,15,false)
(51,15,false)
(59,15,false)
(68,15,true)
(69,15,true)
(74,15,true)
(79,15,true)
(80,15,true)
(85,15,true)
(89,15,true)
(90,15,true)
(99,15,false)
(100,15,true)
(101,15,true)
(107,15,false)
(108,15,true)
(110,15,true)
(112,15,true)
(115,15,true)
(118,15,true)
(119,15,true)
(120,15,true)
(122,15,true)
(125,15,true)
(128,15,true)
(131,15,true)
(132,15,true)
(137,15,true)
(144,15,true)
(147,15,true)
(154,15,true)
(157,15,true)
(164,15,true)
(168,15,true)
(170,15,true)
(178,15,true)
(181,15,true)
(182,15,true)
(183,15,true)
(184,15,true)
(185,15,true)
(186,15,true)
(191,15,true)
(193,15,true)
(196,15,true)
(200,15,true)
(201,15,true)
(202,15,false)
(203,15,true)
(204,15,true)
(205,15,true)
(209,15,true)
(210,15,true)
(212,15,true)
(213,15,true)
(214,15,true)
(215,15,true)
(216,15,true)
(217,15,true)
(219,15,true)
(222,15,true)
(223,15,true)
(227,15,false)
(234,15,true)
(238,15,true)
(243,15,true)
(245,15,true)
(247,15,true)
(249,15,true)
(252,15,true)
(255,15,true)
(261,15,true)
(262,15,true)
(263,15,true)
(274,15,true)
(277,15,true)
(280,15,true)
(282,15,true)
(283,15,true)
(288,15,true)
(289,15,true)
(292,15,true)
(293,15,true)
(294,15,true)
(297,15,true)
(298,15,true)
(299,15,true)
(4,16,false)
(9,16,false)
(11,16,false)
(15,16,false)
(17,16,false)
(18,16,false)
(20,16,false)
(22,16,true)
(23,16,false)
(26,16,false)
(27,16,false)
(33,16,false)
(35,16,false)
(37,16,false)
(39,16,false)
(44,16,false)
(48,16,false)
(53,16,false)
(55,16,false)
(56,16,false)
(58,16,false)
(60,16,true)
(63,16,true)
(71,16,true)
(72,16,true)
(75,16,true)
(85,16,true)
(87,16,true)
(90,16,true)
(93,16,true)
(94,16,true)
(98,16,true)
(106,16,true)
(110,16,true)
(113,16,true)
(117,16,true)
(118,16,true)
(121,16,false)
(125,16,true)
(129,16,true)
(132,16,true)
(133,16,true)
(135,16,true)
(136,16,true)
(139,16,true)
(140,16,true)
(144,16,true)
(149,16,true)
(152,16,true)
(156,16,true)
(158,16,true)
(161,16,true)
(165,16,true)
(169,16,true)
(178,16,true)
(188,16,true)
(189,16,true)
(192,16,true)
(202,16,true)
(209,16,true)
(213,16,true)
(215,16,true)
(221,16,true)
(223,16,true)
(224,16,true)
(228,16,true)
(229,16,true)
(230,16,true)
(233,16,true)
(237,16,true)
(244,16,true)
(245,16,true)
(246,16,true)
(252,16,true)
(253,16,false)
(254,16,true)
(256,16,true)
(261,16,false)
(263,16,true)
(270,16,true)
(273,16,true)
(275,16,true)
(279,16,true)
(281,16,true)
(284,16,true)
(285,16,true)
(290,16,true)
(293,16,true)
(295,16,true)
(297,16,true)
(0,17,false)
(3,17,false)
(4,17,false)
(11,17,false)
(13,17,false)
(17,17,false)
(20,17,false)
(23,17,false)
(30,17,false)
(33,17,false)
(34,17,true)
(36,17,false)
(37,17,false)
(41,17,false)
(42,17,false)
(49,17,false)
(50,17,false)
(52,17,false)
(53,17,false)
(55,17,false)
(56,17,false)
(59,17,false)
(60,17,true)
(61,17,true)
(62,17,true)
(66,17,true)
(68,17,true)
(69,17,true)
(70,17,true)
(71,17,true)
(72,17,true)
(74,17,true)
(78,17,true)
(80,17,true)
(81,17,true)
(87,17,true)
(97,17,true)
(100,17,true)
(103,17,true)
(104,17,true)
(105,17,true)
(106,17,true)
(107,17,true)
(108,17,true)
(115,17,true)
(119,17,true)
(122,17,true)
(125,17,true)
(131,17,true)
(136,17,true)
(137,17,true)
(138,17,true)
(144,17,true)
(145,17,true)
(147,17,true)
(149,17,true)
(154,17,true)
(159,17,true)
(161,17,true)
(162,17,true)
(165,17,true)
(167,17,true)
(174,17,true)
(177,17,true)
(178,17,true)
(181,17,true)
(183,17,true)
(185,17,true)
(186,17,true)
(192,17,true)
(197,17,true)
(207,17,true)
(210,17,true)
(219,17,true)
(222,17,true)
(233,17,true)
(236,17,true)
(238,17,true)
(241,17,true)
(242,17,true)
(246,17,true)
(248,17,true)
(250,17,true)
(251,17,true)
(259,17,true)
(260,17,true)
(264,17,true)
(265,17,true)
(269,17,true)
(272,17,true)
(281,17,true)
(289,17,true)
(293,17,true)
(299,17,true)
(2,18,false)
(6,18,false)
(7,18,false)
(14,18,false)
(15,18,false)
(21,18,false)
(23,18,false)
(26,18,false)
(27,18,false)
(30,18,false)
(38,18,false)
(46,18,false)
(53,18,false)
(54,18,false)
(56,18,false)
(58,18,false)
(61,18,true)
(62,18,false)
(64,18,true)
(65,18,true)
(66,18,true)
(69,18,true)
(75,18,true)
(79,18,true)
(84,18,true)
(86,18,true)
(89,18,true)
(92,18,true)
(97,18,true)
(99,18,true)
(100,18,true)
(103,18,true)
(106,18,true)
(110,18,false)
(112,18,true)
(121,18,true)
(122,18,true)
(132,18,false)
(133,18,true)
(138,18,true)
(139,18,true)
(141,18,true)
(146,18,true)
(155,18,true)
(157,18,true)
(160,18,true)
(168,18,true)
(169,18,true)
(170,18,true)
(176,18,true)
(179,18,false)
(180,18,true)
(182,18,true)
(190,18,true)
(191,18,true)
(194,18,true)
(195,18,true)
(197,18,true)
(200,18,true)
(202,18,false)
(204,18,true)
(205,18,true)
(207,18,true)
(208,18,true)
(210,18,true)
(212,18,true)
(214,18,true)
(222,18,true)
(223,18,true)
(232,18,true)
(236,18,true)
(237,18,true)
(241,18,true)
(242,18,true)
(245,18,true)
(249,18,true)
(255,18,true)
(260,18,true)
(261,18,false)
(265,18,true)
(267,18,true)
(270,18,true)
(271,18,true)
(272,18,false)
(275,18,true)
(279,18,true)
(284,18,true)
(285,18,true)
(288,18,true)
(291,18,true)
(298,18,true)
(4,19,false)
(7,19,false)
(9,19,true)
(14,19,false)
(15,19,false)
(16,19,true)
(20,19,false)
(22,19,false)
(33,19,false)
(36,19,false)
(38,19,false)
(40,19,false)
(43,19,false)
(49,19,false)
(53,19,false)
(57,19,false)
(64,19,true)
(69,19,true)
(70,19,true)
(71,19,true)
(73,19,true)
(78,19,true)
(80,19,true)
(82,19,true)
(84,19,true)
(86,19,true)
(87,19,true)
(90,19,true)
(94,19,true)
(95,19,true)
(97,19,true)
(99,19,true)
(109,19,true)
(117,19,true)
(119,19,true)
(124,19,true)
(126,19,true)
(128,19,true)
(130,19,true)
(133,19,true)
(139,19,true)
(142,19,false)
(143,19,true)
(149,19,true)
(154,19,true)
(159,19,true)
(163,19,true)
(168,19,true)
(178,19,true)
(200,19,true)
(203,19,true)
(209,19,true)
(216,19,true)
(220,19,true)
(221,19,true)
(222,19,true)
(225,19,true)
(227,19,true)
(228,19,true)
(230,19,true)
(236,19,true)
(239,19,true)
(243,19,true)
(244,19,true)
(245,19,true)
(247,19,true)
(248,19,true)
(251,19,true)
(254,19,true)
(257,19,true)
(258,19,true)
(263,19,false)
(266,19,true)
(273,19,true)
(275,19,true)
(276,19,true)
(277,19,true)
(283,19,true)
(288,19,true)
(290,19,true)
(297,19,true)
(298,19,true)
(7,20,false)
(9,20,false)
(11,20,false)
(14,20,false)
(15,20,false)
(16,20,true)
(23,20,false)
(26,20,false)
(27,20,false)
(29,20,false)
(34,20,false)
(36,20,false)
(42,20,false)
(43,20,false)
(48,20,false)
(50,20,false)
(57,20,false)
(59,20,false)
(62,20,true)
(63,20,true)
(65,20,true)
(68,20,true)
(69,20,true)
(71,20,true)
(72,20,true)
(76,20,true)
(82,20,true)
(85,20,true)
(86,20,true)
(95,20,true)
(103,20,true)
(105,20,true)
(106,20,false)
(107,20,true)
(114,20,true)
(118,20,true)
(121,20,true)
(124,20,true)
(125,20,true)
(127,20,true)
(130,20,true)
(136,20,true)
(138,20,true)
(143,20,true)
(145,20,false)
(154,20,true)
(157,20,true)
(162,20,true)
(164,20,true)
(169,20,true)
(175,20,true)
(179,20,true)
(181,20,true)
(183,20,true)
(186,20,true)
(190,20,true)
(191,20,true)
(200,20,true)
(201,20,true)
(203,20,true)
(206,20,true)
(208,20,true)
(209,20,true)
(210,20,true)
(214,20,true)
(216,20,true)
(219,20,true)
(221,20,true)
(224,20,true)
(232,20,true)
(235,20,false)
(236,20,true)
(239,20,true)
(249,20,true)
(253,20,true)
(254,20,true)
(256,20,true)
(262,20,true)
(263,20,true)
(264,20,true)
(266,20,true)
(268,20,true)
(270,20,true)
(271,20,true)
(274,20,true)
(278,20,true)
(280,20,true)
(281,20,true)
(291,20,true)
(295,20,true)
(297,20,true)
(3,21,true)
(4,21,false)
(9,21,false)
(11,21,false)
(15,21,false)
(19,21,false)
(20,21,false)
(21,21,false)
(23,21,false)
(25,21,false)
(29,21,false)
(32,21,false)
(35,21,false)
(39,21,false)
(40,21,false)
(42,21,false)
(45,21,false)
(46,21,false)
(47,21,false)
(56,21,false)
(62,21,true)
(64,21,true)
(67,21,true)
(70,21,true)
(71,21,true)
(74,21,true)
(77,21,true)
(79,21,true)
(81,21,true)
(86,21,true)
(89,21,true)
(91,21,true)
(96,21,true)
(98,21,true)
(99,21,true)
(102,21,true)
(106,21,true)
(110,21,true)
(117,21,true)
(121,21,true)
(125,21,true)
(128,21,true)
(133,21,true)
(140,21,true)
(141,21,true)
(143,21,true)
(146,21,true)
(147,21,true)
(152,21,true)
(156,21,true)
(161,21,true)
(164,21,true)
(166,21,true)
(168,21,true)
(173,21,true)
(177,21,true)
(182,21,true)
(183,21,true)
(189,21,true)
(190,21,true)
(197,21,true)
(201,21,true)
(207,21,true)
(212,21,true)
(215,21,true)
(217,21,true)
(221,21,true)
(222,21,true)
(228,21,true)
(229,21,true)
(232,21,true)
(240,21,true)
(241,21,true)
(250,21,true)
(251,21,true)
(259,21,true)
(265,21,true)
(267,21,true)
(273,21,true)
(274,21,true)
(275,21,true)
(283,21,true)
(285,21,true)
(286,21,true)
(287,21,true)
(288,21,true)
(292,21,true)
(294,21,true)
(299,21,true)
(3,22,false)
(10,22,false)
(21,22,false)
(28,22,false)
(30,22,false)
(31,22,false)
(33,22,false)
(35,22,false)
(46,22,false)
(47,22,false)
(48,22,true)
(49,22,false)
(54,22,false)
(55,22,false)
(57,22,false)
(60,22,true)
(61,22,true)
(63,22,true)
(65,22,true)
(66,22,true)
(69,22,true)
(72,22,true)
(73,22,true)
(76,22,true)
(80,22,true)
(82,22,true)
(84,22,true)
(86,22,false)
(90,22,true)
(94,22,true)
(96,22,true)
(103,22,true)
(111,22,true)
(113,22,true)
(120,22,true)
(128,22,true)
(131,22,true)
(133,22,true)
(140,22,true)
(142,22,true)
(145,22,true)
(149,22,true)
(150,22,true)
(152,22,true)
(162,22,true)
(164,22,true)
(167,22,true)
(170,22,true)
(174,22,true)
(175,22,true)
(176,22,true)
(180,22,true)
(182,22,true)
(189,22,true)
(190,22,true)
(196,22,true)
(198,22,true)
(204,22,true)
(217,22,true)
(218,22,true)
(224,22,true)
(225,22,true)
(226,22,true)
(227,22,true)
(228,22,true)
(230,22,true)
(233,22,true)
(237,22,true)
(242,22,true)
(243,22,true)
(250,22,false)
(258,22,true)
(264,22,true)
(266,22,true)
(276,22,true)
(277,22,true)
(280,22,true)
(284,22,true)
(285,22,true)
(287,22,false)
(288,22,true)
(289,22,true)
(290,22,true)
(292,22,true)
(294,22,true)
(297,22,true)
(6,23,false)
(9,23,false)
(13,23,false)
(15,23,false)
(18,23,false)
(26,23,false)
(28,23,false)
(36,23,false)
(41,23,false)
(46,23,false)
(51,23,false)
(53,23,false)
(55,23,false)
(58,23,false)
(60,23,true)
(61,23,true)
(67,23,true)
(75,23,true)
(76,23,true)
(79,23,true)
(80,23,true)
(86,23,true)
(92,23,true)
(96,23,true)
(98,23,true)
(100,23,true)
(101,23,true)
(106,23,false)
(108,23,true)
(109,23,true)
(112,23,true)
(113,23,true)
(120,23,true)
(121,23,true)
(135,23,true)
(138,23,true)
(143,23,true)
(146,23,true)
(147,23,true)
(150,23,true)
(152,23,true)
(155,23,true)
(160,23,true)
(162,23,true)
(166,23,true)
(173,23,true)
(180,23,true)
(186,23,true)
(189,23,true)
(190,23,false)
(194,23,true)
(196,23,true)
(201,23,true)
(204,23,true)
(206,23,true)
(208,23,true)
(209,23,true)
(210,23,true)
(214,23,true)
(221,23,true)
(225,23,true)
(229,23,true)
(232,23,true)
(237,23,true)
(239,23,true)
(240,23,true)
(241,23,true)
(245,23,true)
(250,23,true)
(251,23,true)
(252,23,true)
(254,23,true)
(256,23,true)
(268,23,true)
(276,23,true)
(277,23,true)
(283,23,true)
(286,23,true)
(291,23,true)
(297,23,true)
(299,23,true)
(6,24,false)
(17,24,false)
(18,24,false)
(20,24,false)
(32,24,false)
(33,24,false)
(35,24,false)
(42,24,false)
(44,24,false)
(47,24,false)
(48,24,true)
(49,24,false)
(51,24,false)
(52,24,false)
(57,24,false)
(58,24,false)
(65,24,true)
(66,24,true)
(70,24,true)
(71,24,true)
(72,24,true)
(75,24,true)
(76,24,true)
(77,24,true)
(78,24,true)
(79,24,true)
(81,24,true)
(89,24,true)
(90,24,true)
(96,24,true)
(98,24,true)
(105,24,true)
(109,24,true)
(115,24,true)
(124,24,true)
(126,24,true)
(134,24,true)
(141,24,true)
(142,24,true)
(145,24,true)
(151,24,true)
(153,24,true)
(157,24,true)
(161,24,true)
(164,24,true)
(166,24,true)
(168,24,true)
(169,24,true)
(170,24,true)
(171,24,true)
(174,24,true)
(178,24,true)
(181,24,true)
(182,24,true)
(186,24,false)
(187,24,true)
(188,24,true)
(189,24,true)
(192,24,true)
(201,24,true)
(202,24,true)
(206,24,true)
(209,24,true)
(210,24,true)
(211,24,true)
(212,24,true)
(215,24,true)
(218,24,true)
(220,24,true)
(222,24,true)
(224,24,true)
(226,24,true)
(230,24,true)
(235,24,false)
(236,24,false)
(238,24,true)
(239,24,true)
(243,24,true)
(244,24,true)
(250,24,false)
(263,24,true)
(267,24,true)
(270,24,false)
(272,24,true)
(275,24,true)
(277,24,true)
(282,24,true)
(284,24,true)
(291,24,true)
(0,25,false)
(2,25,false)
(9,25,false)
(10,25,false)
(12,25,false)
(14,25,false)
(25,25,false)
(30,25,false)
(35,25,false)
(36,25,false)
(44,25,false)
(45,25,false)
(46,25,false)
(48,25,true)
(53,25,false)
(54,25,false)
(56,25,false)
(63,25,true)
(66,25,true)
(68,25,true)
(71,25,true)
(72,25,true)
(80,25,true)
(82,25,true)
(86,25,true)
(89,25,true)
(91,25,true)
(97,25,true)
(104,25,true)
(105,25,true)
(106,25,true)
(107,25,true)
(109,25,true)
(119,25,true)
(121,25,true)
(127,25,true)
(132,25,true)
(134,25,true)
(135,25,true)
(136,25,true)
(139,25,true)
(140,25,true)
(141,25,true)
(153,25,true)
(154,25,true)
(155,25,true)
(158,25,true)
(159,25,true)
(160,25,true)
(162,25,true)
(168,25,true)
(171,25,true)
(177,25,true)
(179,25,true)
(180,25,true)
(184,25,true)
(195,25,true)
(202,25,true)
(205,25,true)
(207,25,true)
(210,25,true)
(212,25,true)
(213,25,true)
(215,25,true)
(216,25,true)
(217,25,true)
(218,25,true)
(219,25,true)
(220,25,true)
(236,25,true)
(253,25,true)
(256,25,true)
(261,25,true)
(267,25,true)
(274,25,true)
(277,25,true)
(282,25,true)
(284,25,true)
(285,25,true)
(287,25,true)
(288,25,true)
(289,25,true)
(294,25,true)
(296,25,false)
(0,26,false)
(5,26,false)
(6,26,false)
(8,26,false)
(9,26,false)
(12,26,false)
(13,26,false)
(17,26,false)
(22,26,false)
(26,26,false)
(29,26,false)
(35,26,false)
(37,26,false)
(43,26,false)
(46,26,false)
(56,26,false)
(57,26,true)
(69,26,true)
(71,26,true)
(82,26,true)
(89,26,true)
(95,26,true)
(97,26,true)
(98,26,false)
(102,26,true)
(104,26,true)
(113,26,true)
(116,26,true)
(120,26,true)
(121,26,true)
(126,26,true)
(127,26,true)
(128,26,true)
(129,26,true)
(131,26,true)
(133,26,true)
(134,26,true)
(145,26,true)
(147,26,true)
(149,26,true)
(153,26,true)
(156,26,true)
(159,26,true)
(160,26,true)
(162,26,true)
(164,26,true)
(167,26,false)
(171,26,true)
(181,26,true)
(183,26,true)
(188,26,true)
(194,26,true)
(195,26,true)
(196,26,true)
(197,26,true)
(203,26,true)
(204,26,true)
(209,26,true)
(212,26,false)
(221,26,true)
(224,26,true)
(227,26,false)
(228,26,true)
(230,26,true)
(234,26,true)
(242,26,true)
(249,26,true)
(251,26,true)
(257,26,true)
(258,26,true)
(259,26,true)
(260,26,true)
(266,26,true)
(273,26,true)
(277,26,true)
(279,26,true)
(280,26,true)
(286,26,true)
(287,26,false)
(288,26,true)
(290,26,true)
(295,26,true)
(299,26,true)

(47,1)
(215,18)
(54,4)
(48,21)
(187,23)
(276,9)
(267,10)
(82,0)
(170,25)
(138,25)
(23,6)
(14,23)
(222,5)
(283,6)
(269,19)
(65,15)
(201,8)
(251,13)
(42,15)
(176,15)
(219,19)
(183,25)
(170,2)
(137,3)
(160,5)
(219,16)
(238,20)
(263,4)
(295,22)
(140,6)
(4,9)
(112,13)
(111,2)
(144,21)
(24,16)
(290,4)
(199,8)
(84,8)
(53,10)
(211,2)
(168,20)
(67,18)
(274,24)
(235,5)
(73,15)
(188,21)
(25,19)
(138,19)
(108,0)
(106,8)
(153,12)
(199,11)
(79,25)
(195,20)
(278,6)
(86,16)
(196,13)
(163,2)
(30,24)
(7,26)
(55,6)
(69,7)
(129,2)
(89,2)
(33,4)
(246,7)
(100,14)
(58,3)
(253,12)
(114,14)
(158,26)
(153,16)
(226,17)
(70,3)
(283,20)
(240,24)
(115,5)
(236,12)
(269,7)
(272,2)
(11,7)
(93,13)
(159,12)
(22,14)
(242,14)
(134,16)
(247,8)
(11,12)
(142,9)
(251,3)
(252,19)
(147,7)
(86,8)
(45,2)
(71,9)
(92,22)
(292,10)
(23,9)
(259,15)
(163,18)
(234,1)
(8,17)
(189,17)
(13,2)
(135,17)
(177,7)
(0,19)
(53,26)
(0,16)
(279,21)
(286,17)
(197,15)
(11,18)
(40,22)
(152,4)
(37,22)
(167,23)
(275,9)
(107,26)
(10,0)
(102,23)
(153,23)
(61,9)
(159,2)
(166,13)
(58,7)
(109,16)
(19,4)
(178,22)
(117,18)
(221,17)
(12,1)
(88,13)
(45,4)
(58,10)
(167,19)
(122,2)
(221,25)
(27,0)
(201,9)
(193,21)
(210,10)
(109,3)
(60,20)
(79,9)
(14,8)
(6,7)
(19,13)
(86,26)
(289,26)
(261,11)
(276,7)
(33,25)
(101,12)
(201,17)
(260,16)
(222,3)
(50,6)
(244,23)
(167,10)
(225,8)
(2,13)
(25,2)
(233,23)
(279,12)
(222,8)
(186,21)
(108,3)
(295,9)
(270,15)
(161,6)
(264,10)
(137,8)
(281,5)
(23,14)
(118,5)
(110,25)
(64,20)
(17,21)
(5,16)
(201,19)
(293,23)
(43,8)
(112,19)
(10,18)
(241,16)
(41,22)
(64,12)
(221,14)
(180,6)
(86,6)
(115,2)
(145,21)
(68,3)
(177,2)
(37,3)
(281,3)
(10,7)
(59,10)
(197,25)
(98,15)
(231,11)
(136,23)
(113,17)
(60,15)
(159,9)
(95,12)
(228,4)
(244,11)
(205,19)
(93,19)
(218,6)
(99,6)
(250,18)
(125,14)
(112,5)
(64,14)
(82,11)
(96,18)
(260,10)
(251,15)
(7,1)
(141,17)
(138,11)
(124,4)
(137,1)
(108,6)
(166,15)
(126,16)
(250,13)
(27,2)
(143,8)
(105,8)
(250,19)
(149,1)
(122,24)
(65,10)
(149,7)
(31,21)
(270,25)
(80,16)
(18,3)
(250,20)
(82,23)
(118,24)
(1,23)
(195,17)
(274,17)
(198,23)
(176,21)
(192,6)
(254,18)
(92,1)
(67,14)
(247,5)
(32,14)
(167,16)
(36,18)
(234,2)
(109,9)
(122,5)
(182,17)
(163,15)
(15,26)
(133,6)
(181,21)
(194,21)
(187,1)
(81,19)
(212,11)
(46,10)
(119,26)
(163,24)
(147,9)
(101,7)
(23,10)
(107,10)
(159,20)
(95,15)
(170,16)
(195,10)
(185,20)
(104,23)
(233,18)
(161,7)
(196,1)
(125,4)
(123,15)
(201,22)
(6,8)
(278,22)
(142,25)
(139,23)
(250,7)
(288,10)
(131,25)
(197,6)
(115,6)
(230,17)
(102,0)
(273,15)
(235,13)
(91,24)
(234,0)
(71,14)
(11,0)
(42,0)
(235,19)
(51,20)
(58,5)
(44,1)
(264,15)
(241,9)
(115,12)
(167,11)
(7,24)
(111,3)
(97,13)
(97,21)
(73,5)
(243,7)
(7,11)
(47,6)
(160,19)
(238,21)
(271,16)
(203,13)
(131,23)
(233,14)
(124,26)
(221,13)
(67,24)
(193,4)
(4,7)
(64,25)
(185,16)
(271,6)
(220,21)
(22,6)
(199,9)
(294,16)
(126,18)
(288,16)
(154,5)
(91,15)
(77,6)
(190,12)
(128,0)
(46,17)
(243,12)
(270,22)
(64,23)
(235,17)
(96,14)
(197,19)
(141,22)
(196,18)
(100,24)
(77,14)
(238,26)
(155,19)
(272,3)
(156,8)
(285,11)
(111,1)
(294,7)
(266,2)
(67,16)
(94,6)
(208,17)
(56,20)
(173,17)
(120,9)
(199,24)
(181,23)
(14,22)
(1,3)
(268,4)
(81,4)
(245,17)
(228,11)
(126,22)
(164,3)
(266,3)
(246,24)
(22,23)
(192,19)
(192,23)
(203,12)
(74,2)
(202,4)
(160,15)
(263,17)
(276,3)
(197,16)
(151,3)
(138,5)
(217,9)
(144,11)
(31,10)
(109,21)
(83,4)
(198,8)
(23,8)
(11,23)
(129,25)
(138,14)
(279,19)
(290,7)
(194,24)
(49,13)
(28,7)
(287,19)
(139,20)
(79,14)
(286,6)
(13,15)
(147,4)
(16,13)
(149,3)
(263,12)
(211,3)
(100,19)
(114,15)
(265,16)
(148,25)
(186,26)
(44,23)
(94,2)
(269,22)
(256,26)
(278,21)
(195,13)
(252,6)
(84,26)
(24,20)
(230,2)
(43,7)
(240,14)
(0,22)
(219,22)
(43,4)
(206,14)
(94,23)
(38,6)
(149,21)
(150,14)
(87,15)
(99,13)
(236,23)
(220,22)
(150,20)
(148,24)
(90,4)
(19,11)
(24,12)
(33,10)
(255,6)
(115,8)
(160,12)
(23,7)
(138,10)
(182,5)
(45,17)
(198,14)
(113,15)
(284,15)
(131,20)
(195,2)
(227,20)
(90,13)
(2,12)
(38,17)
(273,17)
(283,0)
(237,9)
(194,15)
(212,16)
(232,9)
(200,4)
(248,24)
(278,7)
(122,4)
(15,8)
(240,25)
(213,11)
(0,21)
(144,10)
(139,8)
(13,13)
(133,10)
(209,0)
(136,1)
(246,15)
(269,3)
(31,20)
(9,24)
(284,23)
(265,0)
(157,12)
(274,14)
(95,18)
(201,14)
(29,23)
(99,7)
(253,19)
(79,19)
(235,16)
(285,12)
(137,16)
(299,6)
(287,2)
(284,2)
(35,5)
(277,3)
(280,3)
(77,17)
(139,22)
(278,19)
(31,17)
(47,25)
(151,26)
(154,13)
(10,19)
(239,9)
(65,26)
(21,14)
(87,11)
(1,11)
(297,6)
(158,6)
(186,9)
(109,15)
(155,22)
(254,5)
(148,16)
(35,19)
(9,0)
(92,16)
(213,23)
(53,7)
(167,9)
(188,14)
(161,20)
(60,25)
(97,4)
(141,1)
(298,26)
(123,7)
(288,9)
(99,4)
(54,0)
(172,26)
(66,14)
(45,26)
(24,25)
(62,16)
(18,21)
(115,22)
(121,8)
(11,9)
(83,16)
(188,22)
(239,22)
(222,16)
(140,19)
(236,9)
(154,24)
(66,23)
(3,8)
(91,20)
(290,20)
(94,15)
(158,13)
(96,17)
(150,21)
(110,1)
(293,0)
(88,6)
(152,7)
(97,24)
(268,17)
(2,19)
(170,23)
(193,17)
(94,4)
(113,8)
(186,18)
(288,8)
(234,14)
(93,7)
(230,25)
(85,24)
(237,17)
(68,14)
(193,3)
(25,3)
(283,24)
(62,25)
(158,11)
(166,11)
(191,19)
(145,9)
(170,11)
(37,19)
(0,0)
(180,13)
(35,17)
(241,24)
(262,16)
(244,25)
(259,10)
(39,6)
(291,13)
(138,1)
(84,1)
(40,13)
(228,7)
(26,15)
(169,15)
(269,15)
(212,9)
(204,1)
(234,24)
(118,2)
(210,21)
(222,6)
(100,16)
(87,21)
(195,5)
(61,7)
(223,7)
(226,19)
(162,4)
(83,22)
(199,25)
(237,1)
(148,13)
(269,26)
(5,25)
(110,26)
(90,6)
(152,12)
(71,10)
(294,13)
(144,3)
(163,16)
(229,20)
(264,26)
(290,12)
(255,10)
(292,0)
(248,18)
(244,15)
(262,4)
(120,16)
(260,24)
(182,6)
(42,11)
(217,19)
(223,4)
(83,3)
(201,18)
(3,19)
(206,9)
(140,26)
(88,17)
(269,21)
(205,16)
(291,4)
(15,17)
(32,26)
(164,2)
(235,18)
(76,21)
(2,20)
(265,9)
(68,12)
(85,17)
(141,12)
(223,5)
(57,11)
(113,0)
(188,2)
(162,9)
(56,3)
(169,23)
(168,2)
(233,24)
(212,3)
(137,23)
(260,11)
(104,5)
(0,5)
(89,0)
(33,26)
(36,3)
(129,20)
(74,7)
(96,3)
(6,21)
(87,18)
(210,3)
(208,6)
(77,5)
(14,3)
(27,21)
(4,14)
(27,5)
(91,22)
(72,10)
(213,17)
(295,21)
(64,6)
(299,19)
(214,4)
(132,22)
(227,17)
(116,5)
(60,19)
(65,23)
(246,1)
(172,15)
(242,12)
(280,24)
(146,6)
(214,17)
(12,6)
(248,13)
(144,19)
(248,22)
(84,24)
(116,25)
(171,15)
(286,20)
(79,10)
(278,14)
(143,7)
(150,19)
(101,20)
(70,20)
(202,13)
(291,19)
(36,10)
(0,1)
(191,14)
(110,4)
(14,21)
(180,5)
(61,21)
(116,16)
(170,7)
(131,10)
(9,13)
(67,12)
(58,15)
(216,18)
(19,16)
(69,9)
(104,24)
(122,13)
(225,12)
(127,2)
(186,16)
(71,18)
(19,22)
(133,20)
(29,25)
(265,11)
(78,25)
(136,11)
(54,3)
(217,20)
(127,18)
(66,20)
(131,16)
(121,14)
(236,4)
(131,24)
(51,10)
(212,12)
(279,5)
(119,24)
(73,23)
(236,7)
(159,7)
(159,1)
(43,25)
(20,20)
(211,12)
(0,20)
(192,22)
(296,5)
(34,8)
(70,5)
(11,13)
(56,6)
(1,2)
(152,3)
(174,25)
(238,19)
(86,24)
(100,20)
(171,8)
(86,15)
(42,18)
(93,21)
(103,9)
(211,15)
(227,8)
(139,0)
(133,11)
(96,26)
(155,15)
(129,0)
(232,11)
(189,19)
(52,16)
(123,19)
(285,5)
(264,9)
(34,21)
(50,9)
(230,0)
(277,18)
(93,6)
(175,5)
(89,4)
(99,17)
(277,10)
(254,22)
(110,17)
(102,16)
(225,20)
(16,1)
(188,20)
(59,23)
(200,3)
(100,5)
(128,12)
(12,17)
(106,14)
(32,9)
(236,21)
(274,18)
(55,26)
(195,9)
(78,18)
(295,10)
(213,24)
(147,8)
(288,1)
(181,8)
(29,19)
(135,11)
(152,10)
(77,25)
(224,19)
(211,21)
(213,5)
(77,11)
(172,16)
(9,7)
(121,22)
(200,9)
(128,25)
(191,9)
(35,4)
(53,15)
(77,16)
(280,21)
(24,23)
(299,0)
(25,12)
(200,25)
(133,2)
(260,19)
(276,8)
(162,2)
(170,13)
(163,9)
(119,20)
(220,11)
(284,21)
(46,16)
(157,7)
(131,18)
(234,6)
(227,18)
(188,18)
(78,10)
(240,18)
(234,17)
(178,10)
(281,23)
(99,2)
(294,10)
(198,9)
(196,21)
(261,12)
(214,6)
(85,21)
(18,1)
(204,7)
(112,4)
(290,6)
(38,22)
(294,2)
(62,5)
(84,16)
(161,3)
(118,14)
(288,14)
(145,18)
(145,7)
(47,4)
(155,9)
(25,15)
(220,1)
(104,8)
(81,6)
(48,12)
(278,4)
(128,9)
(141,16)
(291,14)
(87,24)
(35,18)
(120,6)
(99,12)
(112,1)
(151,11)
(157,13)
(69,12)
(213,10)
(40,20)
(68,2)
(169,22)
(158,8)
(182,8)
(26,17)
(231,14)
(226,13)
(132,19)
(281,2)
(35,20)
(53,21)
(37,15)
(239,13)
(143,25)
(174,8)
(176,24)
(261,2)
(12,7)
(118,17)
(171,21)
(18,5)
(286,19)
(191,8)
(20,18)
(26,8)
(114,8)
(262,23)
(258,25)
(157,26)
(296,22)
(6,10)
(278,15)
(181,16)
(120,0)
(213,19)
(96,19)
(27,11)
(294,23)
(210,22)
(269,23)
(140,18)
(120,12)
(136,4)
(256,14)
(52,13)
(11,14)
(129,3)
(0,10)
(47,10)
(106,15)
(41,18)
(180,20)
(258,21)
(39,25)
(125,2)
(264,6)
(62,4)
(14,5)
(49,1)
(67,1)
(234,16)
(26,3)
(210,13)
(26,22)
(19,19)
(27,24)
(128,2)
(294,0)
(140,9)
(150,15)
(22,9)
(257,6)
(292,5)
(155,12)
(37,20)
(175,9)
(65,21)
(168,10)
(50,4)
(20,23)
(184,23)
(84,17)
(193,11)
(39,26)
(226,25)
(235,2)
(136,9)
(16,22)
(33,11)
(95,25)
(110,23)
(157,25)
(282,5)
(283,18)
(265,14)
(37,5)
(92,24)
(167,15)
(243,14)
(33,0)
(242,16)
(24,1)
(228,9)
(240,15)
(189,5)
(108,26)
(60,9)
(176,10)
(65,13)
(35,8)
(34,3)
(254,2)
(134,23)
(195,15)
(247,11)
(169,26)
(244,18)
(215,14)
(253,6)
(65,8)
(249,16)
(232,13)
(105,19)
(181,14)
(93,2)
(173,3)
(76,11)
(140,10)
(113,13)
(271,11)
(179,10)
(204,9)
(121,12)
(224,10)
(204,12)
(114,3)
(64,13)
(102,15)
(70,18)
(229,24)
(24,8)
(274,8)
(67,11)
(84,11)
(68,18)
(220,23)
(236,15)
(1,22)
(73,16)
(99,11)
(214,24)
(102,5)
(169,6)
(282,26)
(119,23)
(85,1)
(9,3)
(37,10)
(212,10)
(147,2)
(218,11)
(190,26)
(24,19)
(101,3)
(260,25)
(68,7)
(47,0)
(125,24)
(112,16)
(45,22)
(138,7)
(32,8)
(181,12)
(189,3)
(96,15)
(231,22)
(238,18)
(280,10)
(160,6)
(280,16)
(102,9)
(208,12)
(182,3)
(130,16)
(76,19)
(215,19)
(122,11)
(37,4)
(285,14)
(246,20)
(264,8)
(241,3)
(214,22)
(6,9)
(140,14)
(180,8)
(68,21)
(144,12)
(68,5)
(277,17)
(6,12)
(269,6)
(181,22)
(249,12)
(188,15)
(142,2)
(177,20)
(55,9)
(170,4)
(242,20)
(196,10)
(278,26)
(215,17)
(181,25)
(174,26)
(9,11)
(278,17)
(14,17)
(178,25)
(28,4)
(97,15)
(288,13)
(109,7)
(88,20)
(129,18)
(262,8)
(223,8)
(150,10)
(7,8)
(182,25)
(285,23)
(41,25)
(49,3)
(246,22)
(74,16)
(299,9)
(7,16)
(22,7)
(99,22)
(75,12)
(75,25)
(233,6)
(35,23)
(206,8)
(264,12)
(160,17)
(123,20)
(159,18)
(32,25)
(254,15)
(252,26)
(225,17)
(245,22)
(273,7)
(158,1)
(188,3)
(29,18)
(186,25)
(220,4)
(13,6)
(110,19)
(280,25)
(102,12)
(46,11)
(79,5)
(12,3)
(228,8)
(50,22)
(91,7)
(75,3)
(296,16)
(54,19)
(159,23)
(232,8)
(212,7)
(276,21)
(28,12)
(58,20)
(168,6)
(110,24)
(34,24)
(186,19)
(84,20)
(274,11)
(123,8)
(74,24)
(255,20)
(96,5)
(113,9)
(12,24)
(120,19)
(180,19)
(240,17)
(218,3)
(145,12)
(22,24)
(233,11)
(261,3)
(221,6)
(16,18)
(189,18)
(272,20)
(99,25)
(280,1)
(202,19)
(195,23)
(277,21)
(44,21)
(185,13)
(22,17)
(120,20)
(52,4)
(252,21)
(260,22)
(267,16)
(48,7)
(15,5)
(43,2)
(214,5)
(68,16)
(53,6)
(105,11)
(129,14)
(110,22)
(56,12)
(279,22)
(30,23)
(237,5)
(200,0)
(286,9)
(212,13)
(214,3)
(250,2)
(123,16)
(273,20)
(106,9)
(150,13)
(225,3)
(258,16)
(213,2)
(171,5)
(60,12)
(85,12)
(107,0)
(272,25)
(282,18)
(214,26)
(39,22)
(89,11)
(271,19)
(60,13)
(29,13)
(188,7)
(117,3)
(205,11)
(141,15)
(93,24)
(202,7)
(100,22)
(197,12)
(91,23)
(71,0)
(19,23)
(197,13)
(258,15)
(76,15)
(294,20)
(174,21)
(41,1)
(256,1)
(297,21)
(36,24)
(52,23)
(45,8)
(8,11)
(243,18)
(175,17)
(84,21)
(18,14)
(217,16)
(178,3)
(272,0)
(41,2)
(54,20)
(215,4)
(139,12)
(15,15)
(61,16)
(284,20)
(110,20)
(69,25)
(206,3)
(143,12)
(33,7)
(119,1)
(227,10)
(184,24)
(179,8)
(52,19)
(165,9)
(124,11)
(7,25)
(93,23)
(192,21)
(54,16)
(76,2)
(52,5)
(201,10)
(263,6)
(220,7)
(265,6)
(94,0)
(49,18)
(188,5)
(219,5)
(198,5)
(89,10)
(73,4)
(76,3)
(90,12)
(251,2)
(277,11)
(38,2)
(110,13)
(122,21)
(203,16)
(114,9)
(239,0)
(200,1)
(280,6)
(9,17)
(44,6)
(239,4)
(121,9)
(20,10)
(184,26)
(265,5)
(55,11)
(202,17)
(246,12)
(12,21)
(20,11)
(72,14)
(175,21)
(86,3)
(176,16)
(15,11)
(182,20)
(136,7)
(172,12)
(249,17)
(234,12)
(44,20)
(176,23)
(154,2)
(299,7)
(142,0)
(10,13)
(267,2)
(51,21)
(281,9)
(293,21)
(151,1)
(219,21)
(185,26)
(267,1)
(73,9)
(7,6)
(264,23)
(191,21)
(224,8)
(4,23)
(137,2)
(25,24)
(74,18)
(253,24)
(134,6)
(140,15)
(281,13)
(147,14)
(144,23)
(108,9)
(279,3)
(11,22)
(107,14)
(142,18)
(299,10)
(107,19)
(179,7)
(246,19)
(25,16)
(66,16)
(219,1)
(25,20)
(211,18)
(256,11)
(82,7)
(1,1)
(138,21)
(20,8)
(31,9)
(292,2)
(195,4)
(101,10)
(178,5)
(231,21)
(14,13)
(166,16)
(262,22)
(253,11)
(3,20)
(71,23)
(61,12)
(3,5)
(108,25)
(110,8)
(263,21)
(21,4)
(144,26)
(11,19)
(164,11)
(45,23)
(59,4)
(38,1)
(23,26)
(157,11)
(114,6)
(107,7)
(271,9)
(100,4)
(55,13)
(169,5)
(227,4)
(97,16)
(62,1)
(194,20)
(189,15)
(292,23)
(9,6)
(131,13)
(210,2)
(17,4)
(100,6)
(74,10)
(272,21)
(210,26)
(25,22)
(249,21)
(200,21)
(203,11)
(137,20)
(252,1)
(81,14)
(289,12)
(265,2)
(270,8)
(29,8)
(280,8)
(139,5)
(225,1)
(200,2)
(162,13)
(17,3)
(144,13)
