100 Users
48 Files
3000 Transactions
2 Maximum Connections
1 Cycle Length per Upload-Download
0 Warm-up Transactions
0.400000 Zipf constant
5 Pre-Trusted Users
40 Well-Behaved (Good) Users
60 Purely Malicious Users
0 Feedback Skewing Users
0 Malignant Providing Users
0 Disguised Malicous Users
0 Sybil Attack Users
true Intelligent Trans. Generation
1561006916526 Trace Generation Seed

(0.072129,0.000000,1,false)
(0.015981,0.000000,1,false)
(0.034372,0.000000,1,false)
(0.018240,0.000000,1,false)
(0.092643,0.000000,1,false)
(0.059688,0.000000,1,false)
(0.064065,0.000000,1,false)
(0.056880,0.000000,1,false)
(0.019621,0.000000,1,false)
(0.004373,0.000000,1,false)
(0.076593,0.000000,1,false)
(0.070513,0.000000,1,false)
(0.022477,0.000000,1,false)
(0.006847,0.000000,1,false)
(0.051022,0.000000,1,false)
(0.069088,0.000000,1,false)
(0.051420,0.000000,1,false)
(0.009899,0.000000,1,false)
(0.099734,0.000000,1,false)
(0.016381,0.000000,1,false)
(0.056750,0.000000,1,false)
(0.006314,0.000000,1,false)
(0.041947,0.000000,1,false)
(0.071647,0.000000,1,false)
(0.081647,0.000000,1,false)
(0.021841,0.000000,1,false)
(0.087077,0.000000,1,false)
(0.066358,0.000000,1,false)
(0.010755,0.000000,1,false)
(0.019296,0.000000,1,false)
(0.026721,0.000000,1,false)
(0.070950,0.000000,1,false)
(0.040594,0.000000,1,false)
(0.063555,0.000000,1,false)
(0.031813,0.000000,1,false)
(0.020725,0.000000,1,false)
(0.074632,0.000000,1,false)
(0.002965,0.000000,1,false)
(0.052353,0.000000,1,false)
(0.012307,0.000000,1,false)
(0.035788,0.000000,1,false)
(0.016477,0.000000,1,false)
(0.021127,0.000000,1,false)
(0.052455,0.000000,1,false)
(0.032217,0.000000,1,false)
(0.047851,0.000000,1,false)
(0.069986,0.000000,1,false)
(0.039596,0.000000,1,false)
(0.008411,0.000000,1,false)
(0.098335,0.000000,1,false)
(0.077459,0.000000,1,false)
(0.085080,0.000000,1,false)
(0.062954,0.000000,1,false)
(0.077444,0.000000,1,false)
(0.079903,0.000000,1,false)
(0.035962,0.000000,1,false)
(0.016743,0.000000,1,false)
(0.017842,0.000000,1,false)
(0.094855,0.000000,1,false)
(0.043995,0.000000,1,false)
(0.928986,1.000000,0,true)
(0.955224,1.000000,0,true)
(0.975075,1.000000,0,true)
(0.963393,1.000000,0,true)
(0.996760,1.000000,0,true)
(0.946890,1.000000,0,false)
(0.966734,1.000000,0,false)
(0.915276,1.000000,0,false)
(0.989246,1.000000,0,false)
(0.914249,1.000000,0,false)
(0.992401,1.000000,0,false)
(0.970339,1.000000,0,false)
(0.973089,1.000000,0,false)
(0.973923,1.000000,0,false)
(0.941284,1.000000,0,false)
(0.973345,1.000000,0,false)
(0.997336,1.000000,0,false)
(0.986020,1.000000,0,false)
(0.968439,1.000000,0,false)
(0.913831,1.000000,0,false)
(0.932382,1.000000,0,false)
(0.929798,1.000000,0,false)
(0.957792,1.000000,0,false)
(0.954222,1.000000,0,false)
(0.941061,1.000000,0,false)
(0.933103,1.000000,0,false)
(0.907540,1.000000,0,false)
(0.914808,1.000000,0,false)
(0.966048,1.000000,0,false)
(0.986317,1.000000,0,false)
(0.944728,1.000000,0,false)
(0.995086,1.000000,0,false)
(0.937189,1.000000,0,false)
(0.962092,1.000000,0,false)
(0.931149,1.000000,0,false)
(0.974946,1.000000,0,false)
(0.968683,1.000000,0,false)
(0.974511,1.000000,0,false)
(0.974963,1.000000,0,false)
(0.975024,1.000000,0,false)

(0,0,false)
(1,0,false)
(3,0,false)
(5,0,false)
(6,0,true)
(7,0,false)
(8,0,false)
(10,0,false)
(11,0,false)
(12,0,false)
(14,0,true)
(15,0,false)
(16,0,false)
(18,0,false)
(19,0,false)
(22,0,false)
(23,0,true)
(24,0,false)
(25,0,false)
(26,0,false)
(27,0,false)
(28,0,false)
(29,0,false)
(30,0,false)
(31,0,false)
(32,0,false)
(35,0,false)
(37,0,false)
(38,0,false)
(39,0,false)
(40,0,false)
(41,0,false)
(43,0,false)
(45,0,false)
(46,0,false)
(48,0,false)
(49,0,false)
(50,0,false)
(51,0,false)
(53,0,false)
(54,0,false)
(55,0,false)
(56,0,false)
(57,0,false)
(58,0,false)
(59,0,false)
(60,0,true)
(61,0,true)
(62,0,true)
(63,0,true)
(64,0,true)
(65,0,true)
(66,0,true)
(67,0,false)
(68,0,true)
(71,0,true)
(72,0,true)
(73,0,true)
(74,0,true)
(75,0,true)
(76,0,true)
(77,0,true)
(78,0,true)
(79,0,true)
(80,0,true)
(81,0,false)
(82,0,true)
(84,0,true)
(85,0,true)
(87,0,true)
(88,0,true)
(89,0,true)
(90,0,true)
(92,0,true)
(93,0,true)
(94,0,true)
(95,0,true)
(96,0,true)
(97,0,true)
(98,0,true)
(1,1,false)
(4,1,false)
(5,1,false)
(6,1,false)
(7,1,false)
(8,1,false)
(9,1,false)
(12,1,false)
(13,1,false)
(14,1,false)
(15,1,false)
(16,1,false)
(17,1,false)
(19,1,false)
(20,1,false)
(22,1,false)
(23,1,false)
(24,1,false)
(26,1,false)
(28,1,false)
(29,1,false)
(30,1,true)
(31,1,false)
(33,1,false)
(34,1,false)
(35,1,false)
(36,1,false)
(38,1,false)
(39,1,false)
(40,1,false)
(41,1,false)
(45,1,false)
(46,1,false)
(47,1,false)
(49,1,false)
(50,1,false)
(54,1,false)
(57,1,false)
(58,1,false)
(59,1,false)
(61,1,true)
(62,1,true)
(63,1,false)
(64,1,true)
(65,1,true)
(66,1,true)
(67,1,true)
(69,1,true)
(70,1,true)
(71,1,true)
(73,1,true)
(74,1,true)
(77,1,true)
(78,1,true)
(79,1,true)
(80,1,false)
(81,1,true)
(83,1,true)
(84,1,true)
(86,1,true)
(87,1,true)
(88,1,true)
(90,1,true)
(91,1,true)
(92,1,true)
(93,1,true)
(94,1,true)
(95,1,true)
(97,1,true)
(98,1,true)
(0,2,false)
(2,2,false)
(3,2,false)
(5,2,false)
(8,2,false)
(10,2,false)
(12,2,false)
(13,2,false)
(15,2,false)
(19,2,false)
(22,2,false)
(23,2,false)
(24,2,true)
(26,2,true)
(27,2,false)
(28,2,false)
(29,2,false)
(30,2,false)
(31,2,false)
(33,2,false)
(39,2,false)
(43,2,false)
(44,2,false)
(46,2,false)
(48,2,false)
(49,2,true)
(50,2,false)
(51,2,false)
(53,2,false)
(55,2,false)
(57,2,false)
(58,2,false)
(60,2,true)
(64,2,true)
(66,2,true)
(68,2,true)
(71,2,true)
(78,2,true)
(85,2,true)
(91,2,true)
(95,2,true)
(97,2,true)
(98,2,true)
(1,3,false)
(2,3,false)
(4,3,false)
(6,3,false)
(7,3,false)
(9,3,false)
(12,3,false)
(16,3,true)
(17,3,false)
(18,3,false)
(23,3,false)
(24,3,false)
(26,3,false)
(27,3,false)
(29,3,false)
(34,3,false)
(35,3,false)
(36,3,false)
(37,3,false)
(40,3,false)
(41,3,false)
(42,3,false)
(45,3,false)
(46,3,false)
(47,3,true)
(50,3,false)
(51,3,true)
(52,3,false)
(53,3,false)
(54,3,false)
(56,3,false)
(57,3,false)
(59,3,false)
(60,3,true)
(63,3,true)
(64,3,true)
(65,3,true)
(67,3,true)
(68,3,true)
(69,3,false)
(70,3,true)
(71,3,true)
(72,3,true)
(74,3,true)
(76,3,true)
(78,3,true)
(80,3,true)
(83,3,true)
(88,3,true)
(93,3,true)
(96,3,true)
(97,3,true)
(98,3,true)
(0,4,false)
(3,4,false)
(6,4,false)
(7,4,false)
(13,4,false)
(14,4,false)
(15,4,false)
(19,4,false)
(20,4,false)
(22,4,false)
(25,4,true)
(27,4,false)
(29,4,false)
(30,4,false)
(34,4,false)
(35,4,false)
(36,4,false)
(38,4,false)
(39,4,false)
(40,4,false)
(42,4,false)
(43,4,false)
(44,4,false)
(47,4,false)
(48,4,false)
(51,4,false)
(52,4,false)
(53,4,false)
(54,4,true)
(55,4,true)
(61,4,true)
(64,4,true)
(65,4,true)
(66,4,true)
(70,4,true)
(72,4,true)
(73,4,true)
(76,4,true)
(79,4,true)
(81,4,true)
(82,4,true)
(83,4,true)
(84,4,true)
(86,4,true)
(89,4,true)
(92,4,true)
(97,4,true)
(98,4,true)
(0,5,false)
(7,5,false)
(9,5,false)
(10,5,false)
(12,5,false)
(13,5,false)
(14,5,false)
(17,5,false)
(18,5,false)
(20,5,false)
(30,5,false)
(31,5,false)
(33,5,false)
(34,5,false)
(37,5,false)
(38,5,false)
(40,5,false)
(41,5,false)
(44,5,false)
(45,5,false)
(46,5,true)
(48,5,false)
(49,5,false)
(50,5,false)
(51,5,true)
(52,5,false)
(54,5,true)
(55,5,false)
(57,5,false)
(59,5,false)
(61,5,false)
(63,5,true)
(65,5,true)
(66,5,false)
(70,5,true)
(72,5,true)
(74,5,true)
(75,5,true)
(76,5,true)
(78,5,true)
(80,5,true)
(84,5,true)
(93,5,true)
(95,5,true)
(96,5,true)
(97,5,true)
(99,5,true)
(2,6,false)
(4,6,false)
(7,6,true)
(10,6,true)
(16,6,false)
(19,6,false)
(20,6,true)
(21,6,false)
(23,6,false)
(24,6,false)
(26,6,false)
(27,6,false)
(29,6,false)
(30,6,false)
(33,6,false)
(34,6,false)
(36,6,false)
(38,6,false)
(40,6,false)
(45,6,true)
(49,6,false)
(52,6,false)
(56,6,false)
(60,6,true)
(64,6,true)
(66,6,true)
(70,6,true)
(71,6,true)
(72,6,true)
(78,6,true)
(80,6,true)
(84,6,true)
(86,6,true)
(88,6,true)
(89,6,true)
(90,6,true)
(91,6,true)
(94,6,true)
(96,6,true)
(0,7,false)
(3,7,false)
(4,7,true)
(5,7,false)
(7,7,false)
(10,7,false)
(13,7,false)
(18,7,false)
(20,7,false)
(22,7,false)
(23,7,true)
(24,7,false)
(25,7,false)
(30,7,false)
(31,7,false)
(32,7,false)
(37,7,false)
(38,7,false)
(42,7,false)
(47,7,false)
(53,7,false)
(56,7,false)
(57,7,false)
(58,7,true)
(59,7,false)
(61,7,true)
(64,7,true)
(65,7,true)
(66,7,true)
(67,7,true)
(68,7,true)
(73,7,true)
(76,7,true)
(79,7,false)
(82,7,true)
(83,7,true)
(86,7,true)
(89,7,true)
(92,7,true)
(94,7,true)
(96,7,true)
(99,7,true)
(1,8,false)
(3,8,false)
(5,8,false)
(6,8,false)
(8,8,false)
(9,8,false)
(10,8,false)
(11,8,false)
(12,8,false)
(15,8,false)
(16,8,false)
(19,8,false)
(20,8,false)
(25,8,false)
(29,8,false)
(35,8,false)
(36,8,true)
(41,8,false)
(47,8,false)
(48,8,false)
(51,8,false)
(53,8,false)
(54,8,false)
(55,8,true)
(56,8,false)
(58,8,false)
(59,8,false)
(60,8,false)
(62,8,true)
(63,8,true)
(64,8,true)
(70,8,true)
(71,8,true)
(72,8,true)
(79,8,true)
(81,8,true)
(83,8,true)
(86,8,true)
(87,8,true)
(89,8,true)
(92,8,true)
(93,8,true)
(95,8,true)
(96,8,true)
(7,9,false)
(8,9,false)
(12,9,false)
(14,9,false)
(25,9,false)
(26,9,true)
(28,9,false)
(30,9,false)
(33,9,false)
(34,9,false)
(35,9,false)
(36,9,false)
(37,9,false)
(40,9,false)
(41,9,false)
(42,9,false)
(44,9,false)
(45,9,true)
(46,9,false)
(48,9,false)
(49,9,false)
(51,9,true)
(52,9,false)
(54,9,false)
(57,9,false)
(62,9,true)
(64,9,true)
(67,9,true)
(68,9,true)
(69,9,true)
(70,9,true)
(75,9,true)
(81,9,false)
(85,9,true)
(87,9,true)
(89,9,true)
(90,9,true)
(91,9,true)
(94,9,true)
(95,9,true)
(97,9,true)
(99,9,true)
(1,10,false)
(2,10,false)
(4,10,false)
(6,10,false)
(12,10,false)
(13,10,false)
(14,10,true)
(15,10,false)
(16,10,false)
(17,10,false)
(19,10,false)
(20,10,false)
(21,10,false)
(27,10,false)
(28,10,false)
(29,10,false)
(31,10,false)
(34,10,false)
(38,10,false)
(39,10,false)
(41,10,false)
(42,10,false)
(43,10,false)
(47,10,false)
(52,10,false)
(57,10,false)
(59,10,false)
(60,10,true)
(61,10,true)
(62,10,true)
(65,10,true)
(69,10,true)
(72,10,true)
(73,10,true)
(75,10,true)
(76,10,true)
(79,10,true)
(87,10,true)
(90,10,false)
(93,10,true)
(94,10,true)
(96,10,true)
(98,10,true)
(99,10,true)
(1,11,false)
(2,11,false)
(4,11,false)
(5,11,false)
(8,11,false)
(9,11,false)
(12,11,false)
(17,11,false)
(20,11,false)
(22,11,false)
(27,11,false)
(33,11,false)
(34,11,false)
(44,11,false)
(46,11,false)
(48,11,false)
(51,11,false)
(53,11,false)
(54,11,false)
(57,11,false)
(60,11,true)
(61,11,true)
(64,11,true)
(66,11,true)
(69,11,true)
(72,11,true)
(73,11,true)
(77,11,true)
(78,11,true)
(79,11,true)
(91,11,true)
(96,11,true)
(98,11,true)
(99,11,true)
(4,12,false)
(6,12,false)
(7,12,true)
(10,12,true)
(11,12,false)
(12,12,false)
(13,12,false)
(17,12,false)
(20,12,false)
(21,12,false)
(22,12,false)
(25,12,false)
(26,12,false)
(27,12,false)
(29,12,false)
(32,12,false)
(33,12,false)
(34,12,false)
(42,12,false)
(43,12,false)
(46,12,false)
(47,12,false)
(51,12,false)
(52,12,false)
(54,12,false)
(57,12,false)
(61,12,true)
(64,12,true)
(65,12,true)
(66,12,true)
(68,12,true)
(72,12,true)
(74,12,true)
(78,12,true)
(79,12,true)
(82,12,true)
(84,12,true)
(85,12,true)
(89,12,true)
(91,12,true)
(12,13,false)
(15,13,false)
(18,13,false)
(21,13,false)
(22,13,false)
(24,13,false)
(26,13,false)
(31,13,false)
(33,13,false)
(35,13,true)
(52,13,false)
(54,13,false)
(55,13,false)
(57,13,false)
(64,13,true)
(75,13,true)
(76,13,true)
(77,13,true)
(78,13,true)
(79,13,true)
(85,13,true)
(86,13,true)
(87,13,true)
(88,13,true)
(93,13,true)
(95,13,true)
(99,13,true)
(0,14,false)
(3,14,false)
(9,14,false)
(11,14,false)
(12,14,false)
(14,14,false)
(21,14,false)
(22,14,false)
(24,14,false)
(28,14,false)
(29,14,false)
(30,14,false)
(34,14,false)
(36,14,false)
(37,14,false)
(40,14,false)
(41,14,false)
(44,14,false)
(45,14,false)
(47,14,false)
(49,14,false)
(54,14,false)
(55,14,false)
(59,14,false)
(61,14,true)
(64,14,true)
(72,14,true)
(74,14,true)
(75,14,false)
(76,14,true)
(77,14,true)
(81,14,true)
(98,14,true)
(0,15,false)
(1,15,false)
(2,15,false)
(7,15,false)
(9,15,false)
(10,15,false)
(13,15,false)
(25,15,false)
(27,15,false)
(28,15,false)
(32,15,false)
(33,15,false)
(35,15,false)
(36,15,false)
(37,15,false)
(38,15,false)
(40,15,false)
(42,15,false)
(45,15,false)
(46,15,false)
(47,15,false)
(48,15,false)
(54,15,false)
(62,15,true)
(63,15,true)
(67,15,true)
(80,15,true)
(81,15,true)
(85,15,true)
(86,15,true)
(95,15,true)
(96,15,true)
(97,15,true)
(99,15,true)
(0,16,false)
(6,16,false)
(11,16,false)
(15,16,false)
(16,16,false)
(17,16,false)
(19,16,false)
(22,16,false)
(25,16,false)
(28,16,false)
(30,16,false)
(32,16,true)
(33,16,false)
(46,16,false)
(56,16,false)
(58,16,false)
(64,16,true)
(69,16,true)
(71,16,true)
(75,16,true)
(82,16,true)
(86,16,true)
(87,16,false)
(88,16,true)
(94,16,true)
(95,16,true)
(98,16,true)
(4,17,false)
(5,17,false)
(12,17,false)
(18,17,false)
(22,17,false)
(24,17,false)
(27,17,false)
(29,17,false)
(31,17,false)
(33,17,false)
(39,17,false)
(46,17,false)
(47,17,false)
(52,17,false)
(54,17,false)
(58,17,false)
(59,17,false)
(64,17,true)
(73,17,true)
(75,17,true)
(80,17,true)
(82,17,true)
(85,17,true)
(86,17,true)
(90,17,true)
(96,17,true)
(97,17,true)
(98,17,true)
(99,17,true)
(3,18,false)
(13,18,false)
(18,18,false)
(21,18,false)
(22,18,false)
(27,18,false)
(28,18,false)
(30,18,false)
(31,18,false)
(38,18,false)
(41,18,false)
(44,18,false)
(46,18,false)
(49,18,false)
(50,18,false)
(52,18,false)
(55,18,false)
(57,18,false)
(58,18,false)
(63,18,true)
(64,18,true)
(68,18,true)
(72,18,true)
(73,18,true)
(77,18,true)
(79,18,true)
(81,18,true)
(83,18,true)
(84,18,true)
(95,18,true)
(96,18,true)
(3,19,false)
(12,19,false)
(13,19,false)
(19,19,false)
(20,19,false)
(28,19,false)
(35,19,false)
(36,19,false)
(37,19,false)
(38,19,false)
(44,19,false)
(49,19,true)
(50,19,false)
(51,19,false)
(55,19,false)
(59,19,false)
(64,19,true)
(66,19,true)
(68,19,true)
(71,19,true)
(72,19,true)
(74,19,true)
(80,19,true)
(83,19,true)
(84,19,true)
(85,19,true)
(86,19,true)
(90,19,true)
(93,19,true)
(95,19,true)
(97,19,true)
(98,19,true)
(0,20,false)
(1,20,false)
(4,20,false)
(7,20,false)
(9,20,false)
(12,20,false)
(13,20,false)
(17,20,false)
(22,20,false)
(26,20,false)
(28,20,false)
(32,20,false)
(39,20,false)
(40,20,false)
(48,20,false)
(55,20,false)
(68,20,true)
(69,20,true)
(76,20,true)
(78,20,true)
(84,20,true)
(85,20,false)
(87,20,true)
(90,20,true)
(91,20,true)
(95,20,true)
(0,21,false)
(4,21,false)
(5,21,false)
(7,21,false)
(8,21,false)
(11,21,false)
(17,21,false)
(19,21,false)
(26,21,false)
(28,21,false)
(34,21,false)
(37,21,false)
(42,21,false)
(45,21,false)
(47,21,false)
(49,21,false)
(50,21,false)
(53,21,false)
(59,21,false)
(60,21,true)
(61,21,true)
(68,21,true)
(73,21,true)
(77,21,true)
(79,21,true)
(83,21,true)
(86,21,true)
(87,21,true)
(91,21,true)
(92,21,true)
(94,21,true)
(96,21,true)
(97,21,true)
(98,21,true)
(99,21,true)
(0,22,false)
(2,22,false)
(3,22,false)
(6,22,false)
(7,22,false)
(8,22,false)
(11,22,false)
(13,22,false)
(15,22,false)
(19,22,false)
(24,22,false)
(32,22,false)
(35,22,false)
(38,22,false)
(39,22,false)
(40,22,false)
(41,22,false)
(49,22,false)
(54,22,false)
(55,22,false)
(58,22,false)
(61,22,true)
(68,22,true)
(74,22,true)
(76,22,true)
(82,22,true)
(86,22,true)
(95,22,true)
(99,22,true)
(4,23,false)
(9,23,false)
(11,23,false)
(12,23,false)
(21,23,false)
(30,23,false)
(31,23,false)
(35,23,false)
(43,23,false)
(48,23,false)
(49,23,false)
(51,23,false)
(59,23,false)
(60,23,true)
(62,23,true)
(65,23,true)
(69,23,true)
(71,23,true)
(74,23,true)
(83,23,true)
(99,23,true)
(2,24,false)
(5,24,false)
(7,24,true)
(8,24,false)
(18,24,false)
(19,24,false)
(21,24,false)
(23,24,false)
(26,24,false)
(37,24,false)
(39,24,false)
(44,24,false)
(47,24,false)
(52,24,false)
(59,24,false)
(61,24,true)
(80,24,false)
(81,24,true)
(83,24,true)
(88,24,true)
(89,24,true)
(94,24,true)
(95,24,true)
(1,25,false)
(2,25,false)
(5,25,false)
(7,25,false)
(8,25,false)
(9,25,false)
(23,25,false)
(24,25,false)
(29,25,false)
(33,25,false)
(38,25,false)
(39,25,false)
(41,25,false)
(43,25,false)
(44,25,false)
(45,25,false)
(49,25,false)
(52,25,false)
(65,25,true)
(75,25,true)
(79,25,true)
(82,25,true)
(84,25,true)
(85,25,true)
(86,25,true)
(88,25,true)
(94,25,true)
(4,26,false)
(10,26,false)
(11,26,false)
(18,26,false)
(24,26,false)
(29,26,false)
(30,26,false)
(31,26,false)
(36,26,false)
(37,26,false)
(38,26,false)
(39,26,false)
(42,26,false)
(43,26,false)
(47,26,false)
(49,26,false)
(51,26,false)
(56,26,false)
(57,26,false)
(61,26,true)
(64,26,true)
(66,26,true)
(69,26,true)
(70,26,true)
(73,26,true)
(78,26,true)
(79,26,true)
(84,26,true)
(91,26,true)
(93,26,true)
(95,26,true)
(98,26,true)
(99,26,true)
(10,27,false)
(14,27,false)
(16,27,false)
(20,27,false)
(36,27,false)
(40,27,false)
(42,27,false)
(44,27,false)
(45,27,false)
(47,27,false)
(50,27,false)
(51,27,false)
(60,27,true)
(65,27,true)
(66,27,true)
(68,27,true)
(77,27,true)
(78,27,true)
(81,27,true)
(84,27,true)
(87,27,true)
(89,27,true)
(3,28,false)
(9,28,false)
(12,28,false)
(22,28,false)
(28,28,false)
(29,28,false)
(33,28,false)
(34,28,false)
(35,28,false)
(36,28,false)
(42,28,false)
(60,28,true)
(61,28,true)
(62,28,true)
(64,28,true)
(67,28,true)
(80,28,true)
(81,28,true)
(83,28,true)
(85,28,false)
(86,28,false)
(89,28,true)
(91,28,true)
(97,28,true)
(99,28,true)
(3,29,false)
(11,29,false)
(12,29,false)
(13,29,false)
(14,29,false)
(17,29,false)
(23,29,false)
(31,29,false)
(36,29,true)
(38,29,false)
(42,29,false)
(44,29,false)
(52,29,false)
(62,29,true)
(66,29,true)
(68,29,true)
(72,29,true)
(74,29,true)
(76,29,true)
(77,29,true)
(82,29,true)
(85,29,true)
(88,29,true)
(2,30,false)
(8,30,false)
(9,30,false)
(12,30,false)
(14,30,false)
(15,30,false)
(29,30,false)
(47,30,false)
(49,30,false)
(52,30,false)
(54,30,false)
(57,30,false)
(61,30,true)
(63,30,true)
(64,30,true)
(73,30,true)
(76,30,true)
(80,30,true)
(81,30,true)
(82,30,true)
(83,30,true)
(85,30,true)
(87,30,true)
(91,30,true)
(93,30,true)
(94,30,true)
(98,30,true)
(99,30,true)
(1,31,false)
(8,31,false)
(14,31,false)
(16,31,false)
(38,31,false)
(41,31,false)
(44,31,false)
(52,31,false)
(55,31,false)
(59,31,false)
(62,31,true)
(64,31,true)
(71,31,true)
(72,31,true)
(76,31,true)
(79,31,true)
(81,31,true)
(82,31,true)
(93,31,true)
(94,31,false)
(9,32,false)
(11,32,false)
(14,32,false)
(17,32,false)
(23,32,false)
(26,32,false)
(27,32,false)
(28,32,false)
(33,32,false)
(35,32,false)
(43,32,false)
(44,32,false)
(50,32,false)
(51,32,false)
(60,32,true)
(63,32,true)
(66,32,true)
(67,32,true)
(69,32,true)
(70,32,true)
(72,32,true)
(84,32,true)
(89,32,true)
(91,32,true)
(92,32,true)
(97,32,true)
(98,32,true)
(2,33,false)
(3,33,false)
(4,33,false)
(5,33,false)
(6,33,false)
(11,33,false)
(12,33,false)
(14,33,false)
(23,33,false)
(33,33,false)
(36,33,false)
(37,33,false)
(42,33,false)
(45,33,false)
(53,33,false)
(55,33,false)
(63,33,true)
(68,33,true)
(74,33,true)
(79,33,true)
(81,33,true)
(86,33,true)
(87,33,true)
(95,33,true)
(96,33,true)
(97,33,true)
(3,34,false)
(6,34,true)
(8,34,false)
(12,34,false)
(13,34,false)
(15,34,false)
(16,34,false)
(23,34,true)
(25,34,false)
(26,34,false)
(32,34,false)
(37,34,false)
(41,34,false)
(42,34,false)
(43,34,false)
(47,34,false)
(48,34,false)
(55,34,false)
(58,34,false)
(59,34,false)
(72,34,true)
(74,34,true)
(78,34,true)
(82,34,true)
(83,34,true)
(88,34,false)
(90,34,true)
(95,34,true)
(1,35,false)
(2,35,true)
(10,35,false)
(18,35,false)
(21,35,false)
(22,35,false)
(40,35,false)
(46,35,false)
(49,35,false)
(54,35,false)
(61,35,true)
(73,35,true)
(75,35,true)
(90,35,true)
(91,35,true)
(98,35,true)
(2,36,false)
(5,36,false)
(8,36,false)
(9,36,false)
(12,36,false)
(14,36,false)
(15,36,false)
(18,36,false)
(20,36,false)
(22,36,false)
(27,36,false)
(28,36,false)
(32,36,false)
(33,36,false)
(35,36,false)
(39,36,false)
(44,36,false)
(50,36,false)
(51,36,false)
(58,36,false)
(59,36,false)
(61,36,true)
(62,36,true)
(70,36,true)
(71,36,true)
(72,36,true)
(75,36,true)
(76,36,true)
(80,36,true)
(93,36,true)
(8,37,false)
(12,37,false)
(15,37,false)
(22,37,true)
(23,37,false)
(25,37,false)
(28,37,false)
(30,37,false)
(35,37,false)
(41,37,false)
(45,37,false)
(53,37,false)
(58,37,false)
(60,37,true)
(83,37,true)
(84,37,true)
(93,37,false)
(94,37,true)
(96,37,true)
(98,37,true)
(5,38,false)
(10,38,false)
(12,38,true)
(18,38,true)
(20,38,false)
(28,38,false)
(31,38,false)
(33,38,false)
(38,38,false)
(39,38,false)
(41,38,false)
(46,38,true)
(52,38,false)
(59,38,false)
(61,38,true)
(64,38,true)
(65,38,true)
(68,38,true)
(70,38,true)
(72,38,true)
(75,38,true)
(82,38,true)
(87,38,true)
(6,39,false)
(9,39,false)
(11,39,false)
(20,39,false)
(23,39,false)
(32,39,false)
(37,39,false)
(48,39,false)
(49,39,false)
(53,39,false)
(56,39,false)
(67,39,true)
(69,39,true)
(70,39,true)
(73,39,true)
(75,39,true)
(81,39,true)
(86,39,true)
(2,40,false)
(6,40,false)
(20,40,false)
(21,40,false)
(22,40,false)
(26,40,false)
(28,40,false)
(29,40,false)
(44,40,false)
(45,40,false)
(49,40,false)
(51,40,false)
(52,40,false)
(56,40,false)
(58,40,false)
(68,40,true)
(73,40,true)
(74,40,true)
(76,40,true)
(77,40,true)
(81,40,true)
(87,40,true)
(99,40,true)
(2,41,false)
(3,41,false)
(6,41,false)
(9,41,false)
(10,41,true)
(16,41,false)
(23,41,false)
(28,41,false)
(29,41,false)
(32,41,false)
(39,41,false)
(41,41,false)
(61,41,true)
(67,41,false)
(73,41,true)
(77,41,true)
(79,41,true)
(86,41,true)
(89,41,true)
(94,41,true)
(96,41,true)
(99,41,true)
(1,42,false)
(2,42,false)
(10,42,false)
(13,42,false)
(14,42,false)
(15,42,false)
(21,42,false)
(27,42,false)
(28,42,false)
(31,42,false)
(42,42,false)
(44,42,false)
(50,42,false)
(59,42,false)
(60,42,true)
(68,42,true)
(74,42,true)
(83,42,true)
(95,42,true)
(97,42,true)
(14,43,true)
(20,43,false)
(22,43,true)
(30,43,false)
(39,43,false)
(44,43,false)
(53,43,false)
(55,43,false)
(56,43,false)
(68,43,true)
(69,43,true)
(76,43,true)
(85,43,true)
(86,43,true)
(95,43,true)
(2,44,false)
(6,44,false)
(12,44,false)
(16,44,false)
(26,44,true)
(32,44,false)
(34,44,false)
(35,44,false)
(39,44,false)
(43,44,false)
(46,44,false)
(47,44,false)
(54,44,false)
(59,44,false)
(69,44,true)
(70,44,true)
(72,44,true)
(75,44,true)
(76,44,true)
(84,44,true)
(86,44,true)
(88,44,true)
(93,44,true)
(95,44,true)
(0,45,false)
(1,45,false)
(14,45,false)
(27,45,false)
(32,45,false)
(42,45,false)
(43,45,false)
(46,45,false)
(49,45,false)
(50,45,false)
(55,45,false)
(69,45,true)
(78,45,true)
(81,45,true)
(82,45,true)
(93,45,true)
(94,45,true)
(98,45,true)
(99,45,true)
(3,46,false)
(10,46,false)
(11,46,false)
(17,46,false)
(19,46,false)
(22,46,false)
(27,46,false)
(29,46,false)
(34,46,false)
(45,46,false)
(46,46,false)
(48,46,false)
(52,46,true)
(55,46,false)
(56,46,false)
(59,46,false)
(63,46,true)
(65,46,true)
(69,46,true)
(70,46,true)
(72,46,true)
(76,46,true)
(81,46,true)
(87,46,true)
(99,46,true)
(2,47,false)
(15,47,true)
(20,47,false)
(41,47,false)
(44,47,false)
(45,47,false)
(50,47,false)
(61,47,true)
(63,47,true)
(67,47,false)
(78,47,true)
(84,47,true)
(89,47,true)
(90,47,true)
(97,47,true)

(75,8)
(57,6)
(74,18)
(52,32)
(86,10)
(76,17)
(6,31)
(9,12)
(43,6)
(72,27)
(44,22)
(27,1)
(10,23)
(54,36)
(92,6)
(54,7)
(84,28)
(12,26)
(45,13)
(82,6)
(98,46)
(4,13)
(77,17)
(99,14)
(5,19)
(59,2)
(78,33)
(73,36)
(36,20)
(8,12)
(34,29)
(38,43)
(39,31)
(78,31)
(21,34)
(88,9)
(86,9)
(45,23)
(42,25)
(66,18)
(68,34)
(30,36)
(19,29)
(73,38)
(54,10)
(5,42)
(3,30)
(18,1)
(62,4)
(24,5)
(28,3)
(43,33)
(57,38)
(1,28)
(59,4)
(65,41)
(28,13)
(8,16)
(55,6)
(91,5)
(76,27)
(31,37)
(47,47)
(49,7)
(74,21)
(58,38)
(55,40)
(65,17)
(66,22)
(3,3)
(28,5)
(61,8)
(66,38)
(66,14)
(78,42)
(5,16)
(98,31)
(80,35)
(38,3)
(83,0)
(47,0)
(7,23)
(31,8)
(9,10)
(92,14)
(7,10)
(58,5)
(40,10)
(68,28)
(57,29)
(67,44)
(74,27)
(26,43)
(86,0)
(45,42)
(19,32)
(98,44)
(46,7)
(69,0)
(41,4)
(70,25)
(80,20)
(13,0)
(71,42)
(82,5)
(29,47)
(74,32)
(91,0)
(98,15)
(24,47)
(43,17)
(82,13)
(85,34)
(16,32)
(28,33)
(86,38)
(52,7)
(3,10)
(27,9)
(77,8)
(1,2)
(43,30)
(31,25)
(17,6)
(31,35)
(77,22)
(81,22)
(4,18)
(30,20)
(48,21)
(52,15)
(41,46)
(22,26)
(79,47)
(32,2)
(87,3)
(36,16)
(6,37)
(16,43)
(23,12)
(36,21)
(85,45)
(85,24)
(30,11)
(81,32)
(57,45)
(30,40)
(10,22)
(95,11)
(34,16)
(28,35)
(33,21)
(26,16)
(21,7)
(34,0)
(97,14)
(90,21)
(53,15)
(23,8)
(29,33)
(79,9)
(10,24)
(1,9)
(27,41)
(54,34)
(76,24)
(8,19)
(61,19)
(48,3)
(36,17)
(0,3)
(93,20)
(90,12)
(33,8)
(89,13)
(99,37)
(44,0)
(61,27)
(40,33)
(90,27)
(36,18)
(80,29)
(13,32)
(91,10)
(22,45)
(29,37)
(45,39)
(93,2)
(60,1)
(30,39)
(36,2)
(69,18)
(99,0)
(97,16)
(86,3)
(94,46)
(17,38)
(77,6)
(89,15)
(53,17)
(56,15)
(35,29)
(90,32)
(2,43)
(80,46)
(61,40)
(71,46)
(16,5)
(16,26)
(48,16)
(27,13)
(2,23)
(15,41)
(68,15)
(40,32)
(42,23)
(33,0)
(21,29)
(63,17)
(21,11)
(70,37)
(41,42)
(69,15)
(76,45)
(40,23)
(26,14)
(86,37)
(91,24)
(75,37)
(37,1)
(85,40)
(90,44)
(87,17)
(53,31)
(16,21)
(6,21)
(54,39)
(46,21)
(70,31)
(92,16)
(30,3)
(40,46)
(93,14)
(62,32)
(24,10)
(3,45)
(62,25)
(90,2)
(60,19)
(2,37)
(58,26)
(99,18)
(8,47)
(58,41)
(88,10)
(58,29)
(0,43)
(73,3)
(30,10)
(29,15)
(72,2)
(91,37)
(93,12)
(28,12)
(2,0)
(41,19)
(84,10)
(14,3)
(42,46)
(13,26)
(61,2)
(14,16)
(59,28)
(81,36)
(27,7)
(2,5)
(31,15)
(88,22)
(27,20)
(35,21)
(79,43)
(80,8)
(77,38)
(59,15)
(18,41)
(43,31)
(6,18)
(39,13)
(71,35)
(44,6)
(29,5)
(47,35)
(50,25)
(35,2)
(13,44)
(67,36)
(1,13)
(99,3)
(79,38)
(18,21)
(79,6)
(2,32)
(50,7)
(66,3)
(20,16)
(44,15)
(79,20)
(8,6)
(86,46)
(92,40)
(90,31)
(12,4)
(66,8)
(79,39)
(57,25)
(87,43)
(93,38)
(32,4)
(43,22)
(94,4)
(34,2)
(21,45)
(42,36)
(95,29)
(68,11)
(10,33)
(82,1)
(62,41)
(41,23)
(48,26)
(92,18)
(48,32)
(16,14)
(90,45)
(53,20)
(7,39)
(20,37)
(94,34)
(89,22)
(52,11)
(2,1)
(60,5)
(91,40)
(81,20)
(80,37)
(37,45)
(78,17)
(64,15)
(69,13)
(91,13)
(67,22)
(47,9)
(93,43)
(23,42)
(68,5)
(61,20)
(80,10)
(24,19)
(61,16)
(32,28)
(45,17)
(35,34)
(15,33)
(59,25)
(21,15)
(65,11)
(89,19)
(85,1)
(26,22)
(53,14)
(59,18)
(75,28)
(59,16)
(1,4)
(82,2)
(22,24)
(26,15)
(12,47)
(2,31)
(61,3)
(64,10)
(58,3)
(83,2)
(0,31)
(98,28)
(13,43)
(81,5)
(99,20)
(36,7)
(79,27)
(27,37)
(37,2)
(50,17)
(34,45)
(63,19)
(35,10)
(20,34)
(5,22)
(46,37)
(72,9)
(83,36)
(56,5)
(6,42)
(47,11)
(61,31)
(13,8)
(49,11)
(48,7)
(31,22)
(98,25)
(2,13)
(9,40)
(30,28)
(27,16)
(58,45)
(42,16)
(67,38)
(16,30)
(50,41)
(8,39)
(88,19)
(82,23)
(96,20)
(42,47)
(30,47)
(16,45)
(0,13)
(61,9)
(35,40)
(12,27)
(19,39)
(35,45)
(47,36)
(65,9)
(42,20)
(90,28)
(56,2)
(33,10)
(38,13)
(49,16)
(25,39)
(30,22)
(24,23)
(14,15)
(88,20)
(5,37)
(46,27)
(66,46)
(40,17)
(28,24)
(91,18)
(80,13)
(42,37)
(96,26)
(71,15)
(40,37)
(9,29)
(42,18)
(65,43)
(52,1)
(39,28)
(20,32)
(73,6)
(60,4)
(17,7)
(51,18)
(42,44)
(32,10)
(74,6)
(49,20)
(54,6)
(15,27)
(75,47)
(12,31)
(58,35)
(3,13)
(18,29)
(95,17)
(1,7)
(79,34)
(79,5)
(93,16)
(71,38)
(67,5)
(83,13)
(32,5)
(87,19)
(21,0)
(70,2)
(45,19)
(65,20)
(15,25)
(74,46)
(55,10)
(36,22)
(23,23)
(29,23)
(16,35)
(64,5)
(1,46)
(55,29)
(83,6)
(63,24)
(51,39)
(16,7)
(17,40)
(72,1)
(70,23)
(39,15)
(15,3)
(46,34)
(83,41)
(11,17)
(68,8)
(20,2)
(23,4)
(71,27)
(42,14)
(53,38)
(18,14)
(53,41)
(17,25)
(77,39)
(81,29)
(79,30)
(42,2)
(23,35)
(8,4)
(11,2)
(75,30)
(74,16)
(53,10)
(98,43)
(56,27)
(34,18)
(40,2)
(49,12)
(86,34)
(90,40)
(90,38)
(67,19)
(38,20)
(99,1)
(29,16)
(61,45)
(4,36)
(34,23)
(99,12)
(96,13)
(87,6)
(8,15)
(30,21)
(33,34)
(67,11)
(13,31)
(93,6)
(2,27)
(23,10)
(2,26)
(38,36)
(76,33)
(77,2)
(30,41)
(29,29)
(88,11)
(21,3)
(18,30)
(35,43)
(78,19)
(5,31)
(35,39)
(25,35)
(22,8)
(8,10)
(43,11)
(23,38)
(5,29)
(38,17)
(98,22)
(37,38)
(89,11)
(70,0)
(71,47)
(56,24)
(2,12)
(15,11)
(83,11)
(71,5)
(80,7)
(39,29)
(14,19)
(71,39)
(29,22)
(63,10)
(28,25)
(35,7)
(84,33)
(62,2)
(76,8)
(94,47)
(46,6)
(1,6)
(52,0)
(48,14)
(35,25)
(30,45)
(61,15)
(31,9)
(58,33)
(99,44)
(8,20)
(64,20)
(31,30)
(97,40)
(33,18)
(59,39)
(30,38)
(35,35)
(9,22)
(82,18)
(1,5)
(83,10)
(94,17)
(97,31)
(2,17)
(98,23)
(68,4)
(56,14)
(68,25)
(3,43)
(76,9)
(37,17)
(73,43)
(0,44)
(42,40)
(80,18)
(34,20)
(47,39)
(6,9)
(68,23)
(65,34)
(61,43)
(94,20)
(24,20)
(68,10)
(20,41)
(1,40)
(40,39)
(38,8)
(15,31)
(76,47)
(69,35)
(67,21)
(72,16)
(89,21)
(35,5)
(77,3)
(86,24)
(70,10)
(62,14)
(45,10)
(22,15)
(77,12)
(96,46)
(81,35)
(73,28)
(96,22)
(82,11)
(81,10)
(55,1)
(90,5)
(75,40)
(47,23)
(21,1)
(65,30)
(64,41)
(30,42)
(19,40)
(47,43)
(62,40)
(34,8)
(19,44)
(58,20)
(59,37)
(3,6)
(16,38)
(69,47)
(12,32)
(96,30)
(27,24)
(45,24)
(63,4)
(35,16)
(6,7)
(88,18)
(97,11)
(29,38)
(39,8)
(34,13)
(6,20)
(39,39)
(81,23)
(84,38)
(8,7)
(72,35)
(69,22)
(55,37)
(76,12)
(46,24)
(34,41)
(29,19)
(90,26)
(95,4)
(45,30)
(98,29)
(17,9)
(70,45)
(35,17)
(11,38)
(68,41)
(75,31)
(44,38)
(32,35)
(52,41)
(22,32)
(54,24)
(1,12)
(5,6)
(25,6)
(68,13)
(82,24)
(9,35)
(90,7)
(65,45)
(53,6)
(63,11)
(97,27)
(96,24)
(7,46)
(67,14)
(50,6)
(87,7)
(18,8)
(0,25)
(96,44)
(36,40)
(3,16)
(80,9)
(48,28)
(5,35)
(20,17)
(46,31)
(19,37)
(22,44)
(32,24)
(65,22)
(93,28)
(91,22)
(78,16)
(38,42)
(25,41)
(58,23)
(78,28)
(98,42)
(47,13)
(93,15)
(8,43)
(90,23)
(62,11)
(37,12)
(3,17)
(63,16)
(39,33)
(19,34)
(66,30)
(69,6)
(56,1)
(7,30)
(5,40)
(20,9)
(4,4)
(34,30)
(20,24)
(79,40)
(92,19)
(26,37)
(26,26)
(88,8)
(83,27)
(39,3)
(82,46)
(45,8)
(95,36)
(49,47)
(88,36)
(59,13)
(75,11)
(78,7)
(2,28)
(91,4)
(36,44)
(22,21)
(39,19)
(93,32)
(0,6)
(90,22)
(9,9)
(51,10)
(64,34)
(44,34)
(42,8)
(68,14)
(61,34)
(60,14)
(34,42)
(84,46)
(18,22)
(47,42)
(88,35)
(17,8)
(31,16)
(73,24)
(11,3)
(99,29)
(17,36)
(54,20)
(60,13)
(94,13)
(2,34)
(81,44)
(47,28)
(60,26)
(93,24)
(8,14)
(79,16)
(35,6)
(85,16)
(58,30)
(67,18)
(39,35)
(66,36)
(56,38)
(85,22)
(88,23)
(97,8)
(25,25)
(20,31)
(48,10)
(41,17)
(49,32)
(63,2)
(55,3)
(25,3)
(95,38)
(72,17)
(83,20)
(67,33)
(53,47)
(10,10)
(36,13)
(84,39)
(94,2)
(92,41)
(52,28)
(5,3)
(65,24)
(39,27)
(85,3)
(46,4)
(62,3)
(65,26)
(75,42)
(28,31)
(33,39)
(11,6)
(84,15)
(89,25)
(68,1)
(60,12)
(59,26)
(1,39)
(14,38)
(42,38)
(37,41)
(82,32)
(87,39)
(58,10)
(34,31)
(62,19)
(98,6)
(41,15)
(35,12)
(82,20)
(59,9)
(57,36)
(64,40)
(89,1)
(48,31)
(49,34)
(53,12)
(70,16)
(8,40)
(79,17)
(72,15)
(45,43)
(4,9)
(73,42)
(59,30)
(13,36)
(79,15)
(24,4)
(91,29)
(99,2)
(3,40)
(87,25)
(24,12)
(53,42)
(95,7)
(70,12)
(70,17)
(30,8)
(34,27)
(36,5)
(99,19)
(64,39)
(84,7)
(23,31)
(14,44)
(9,33)
(51,24)
(74,7)
(13,30)
(33,3)
(17,37)
(94,14)
(55,16)
(78,9)
(7,18)
(10,47)
(84,2)
(43,5)
(15,32)
(33,4)
(13,17)
(29,7)
(41,30)
(26,27)
(12,42)
(2,45)
(29,44)
(1,23)
(25,19)
(73,46)
(52,36)
(76,2)
(86,30)
(78,36)
(89,3)
(8,23)
(66,45)
(37,37)
(2,21)
(88,32)
(1,29)
(68,30)
(46,22)
(17,22)
(12,35)
(47,2)
(10,44)
(55,7)
(84,8)
(41,43)
(0,1)
(52,19)
(22,22)
(81,16)
(85,33)
(93,11)
(48,35)
(3,11)
(67,2)
(96,27)
(50,33)
(41,21)
(7,19)
(31,19)
(83,12)
(19,5)
(62,37)
(79,46)
(7,40)
(92,38)
(80,2)
(53,32)
(35,24)
(24,27)
(20,44)
(49,4)
(96,29)
(63,7)
(94,18)
(97,44)
(65,15)
(11,40)
(70,40)
(86,29)
(8,13)
(50,23)
(38,9)
(5,12)
(20,45)
(87,14)
(24,39)
(51,20)
(60,18)
(10,28)
(33,14)
(1,14)
(52,42)
(59,43)
(51,7)
(99,27)
(30,46)
(42,1)
(38,2)
(47,38)
(40,7)
(85,23)
(21,32)
(86,32)
(2,19)
(65,8)
(34,34)
(44,23)
(96,12)
(62,5)
(57,22)
(86,47)
(86,23)
(57,17)
(32,14)
(15,17)
(36,11)
(87,36)
(28,47)
(9,7)
(29,32)
(84,31)
(93,9)
(25,26)
(43,13)
(86,5)
(52,43)
(49,24)
(21,21)
(95,35)
(59,6)
(3,21)
(87,34)
(75,26)
(1,30)
(36,24)
(98,39)
(7,33)
(44,12)
(33,22)
(31,24)
(59,41)
(3,37)
(4,37)
(89,17)
(14,2)
(15,19)
(23,19)
(0,35)
(18,37)
(11,10)
(27,39)
(36,41)
(94,3)
(86,11)
(5,41)
(60,35)
(48,33)
(49,42)
(25,10)
(24,16)
(55,28)
(20,46)
(80,25)
(53,5)
(34,35)
(53,28)
(37,43)
(27,14)
(28,17)
(49,43)
(85,11)
(89,29)
(17,42)
(36,46)
(85,10)
(96,36)
(38,11)
(59,32)
(23,43)
(87,31)
(98,7)
(8,3)
(36,35)
(18,46)
(62,6)
(94,35)
(58,27)
(28,43)
(84,21)
(69,5)
(13,24)
(75,19)
(26,8)
(49,8)
(34,39)
(63,27)
(27,21)
(42,31)
(16,9)
(81,41)
(51,29)
(34,32)
(39,16)
(59,12)
(89,23)
(47,40)
(79,3)
(52,34)
(56,29)
(75,34)
(86,20)
(55,15)
(92,15)
(54,16)
(54,31)
(61,37)
(47,33)
(65,2)
(76,1)
(27,38)
(59,47)
(48,47)
(69,40)
(10,11)
(53,25)
(78,39)
(71,13)
(43,18)
(93,42)
(36,30)
(53,16)
(95,14)
(49,37)
(83,5)
(90,14)
(28,45)
(60,25)
(96,35)
(81,12)
(4,27)
(86,31)
(13,3)
(91,45)
(22,27)
(20,28)
(53,44)
(45,11)
(21,4)
(65,39)
(53,1)
(93,17)
(99,25)
(78,14)
(55,26)
(24,28)
(13,38)
(74,30)
(66,28)
(29,13)
(42,11)
(25,20)
(7,11)
(1,27)
(73,27)
(82,10)
(79,14)
(32,1)
(12,16)
(33,19)
(25,29)
(14,17)
(1,18)
(24,29)
(78,10)
(34,17)
(26,41)
(7,2)
(32,11)
(10,1)
(15,21)
(46,47)
(19,13)
(41,7)
(60,7)
(42,13)
(26,4)
(13,47)
(82,44)
(73,5)
(9,4)
(33,40)
(68,26)
(69,7)
(11,35)
(94,11)
(50,26)
(21,43)
(91,19)
(59,35)
(24,44)
(71,12)
(96,1)
(72,21)
(71,30)
(77,33)
(39,21)
(67,13)
(20,30)
(18,16)
(89,46)
(4,40)
(18,39)
(95,12)
(41,2)
(91,27)
(88,37)
(20,0)
(28,7)
(78,29)
(35,20)
(54,29)
(95,40)
(14,47)
(88,33)
(75,6)
(26,46)
(49,15)
(58,12)
(74,4)
(83,9)
(6,5)
(61,17)
(32,18)
(1,24)
(60,39)
(75,7)
(19,14)
(95,30)
(6,45)
(36,37)
(34,22)
(95,6)
(83,46)
(46,32)
(33,41)
(35,14)
(3,1)
(14,35)
(20,22)
(52,16)
(61,32)
(31,3)
(98,41)
(52,8)
(95,10)
(9,26)
(59,11)
(5,26)
(37,47)
(30,12)
(99,36)
(6,11)
(88,21)
(36,36)
(19,12)
(4,43)
(80,4)
(83,14)
(32,31)
(56,45)
(19,7)
(34,37)
(98,27)
(53,13)
(22,30)
(92,20)
(22,5)
(52,27)
(69,25)
(14,18)
(80,14)
(11,36)
(35,31)
(76,18)
(42,17)
(84,13)
(46,14)
(81,47)
(85,46)
(15,5)
(49,10)
(35,11)
(57,47)
(32,21)
(92,33)
(95,3)
(92,2)
(2,8)
(36,32)
(68,16)
(73,19)
(9,19)
(49,29)
(56,4)
(64,43)
(13,6)
(80,34)
(13,35)
(1,21)
(21,9)
(42,41)
(16,24)
(16,2)
(98,12)
(75,15)
(36,0)
(35,38)
(20,25)
(40,13)
(63,31)
(10,31)
(46,19)
(71,18)
(88,30)
(22,34)
(16,4)
(77,36)
(15,45)
(78,22)
(45,38)
(29,34)
(67,12)
(42,19)
(65,6)
(19,17)
(61,18)
(35,47)
(55,36)
(64,27)
(17,39)
(6,46)
(70,29)
(19,31)
(71,45)
(86,18)
(27,27)
(40,25)
(51,15)
(24,42)
(7,44)
(45,36)
(94,44)
(3,5)
(81,11)
(35,26)
(93,33)
(91,15)
(14,24)
(1,41)
(29,20)
(53,35)
(67,6)
(50,35)
(94,5)
(36,23)
(31,28)
(64,21)
(9,16)
(38,23)
(71,29)
(50,9)
(35,41)
(64,22)
(54,2)
(43,28)
(25,27)
(2,9)
(29,31)
(4,14)
(62,44)
(63,35)
(78,21)
(80,44)
(1,36)
(75,45)
(76,26)
(41,44)
(57,15)
(81,6)
(82,42)
(37,10)
(45,16)
(64,47)
(99,8)
(24,15)
(19,9)
(91,31)
(17,41)
(48,17)
(6,6)
(46,26)
(5,34)
(32,42)
(66,15)
(32,47)
(38,34)
(25,31)
(2,38)
(82,21)
(79,2)
(61,29)
(60,17)
(70,21)
(58,42)
(90,24)
(68,39)
(68,32)
(23,27)
(91,46)
(95,45)
(29,24)
(96,9)
(59,20)
(21,5)
(5,5)
(40,26)
(0,12)
(34,15)
(0,18)
(9,17)
(95,46)
(74,39)
(87,12)
(62,27)
(18,33)
(45,32)
(9,0)
(4,0)
(61,13)
(36,43)
(43,24)
(0,30)
(13,41)
(86,12)
(23,5)
(27,8)
(94,43)
(19,27)
(89,14)
(64,45)
(55,44)
(84,29)
(59,22)
(61,39)
(42,32)
(1,38)
(4,22)
(22,39)
(57,20)
(41,40)
(30,19)
(96,34)
(4,35)
(96,2)
(87,22)
(30,25)
(98,24)
(35,46)
(61,25)
(40,16)
(90,16)
(17,33)
(92,23)
(78,15)
(65,35)
(63,41)
(3,38)
(35,30)
(12,7)
(34,40)
(95,41)
(54,26)
(72,25)
(53,19)
(90,46)
(57,28)
(80,27)
(47,32)
(65,16)
(27,26)
(15,39)
(55,12)
(74,9)
(94,8)
(76,34)
(37,8)
(93,40)
(15,7)
(13,39)
(25,38)
(50,4)
(73,2)
(21,28)
(24,9)
(29,43)
(63,12)
(85,36)
(32,32)
(22,41)
(89,31)
(96,14)
(35,33)
(6,2)
(31,47)
(34,36)
(22,3)
(12,39)
(82,35)
(98,9)
(73,20)
(88,5)
(72,37)
(47,6)
(91,42)
(60,44)
(55,39)
(66,24)
(90,15)
(74,17)
(76,42)
(40,11)
(28,22)
(34,7)
(16,40)
(11,11)
(16,19)
(51,34)
(74,44)
(72,43)
(61,46)
(76,39)
(49,27)
(95,31)
(46,25)
(90,33)
(53,29)
(18,11)
(82,39)
(7,38)
(13,40)
(38,28)
(79,23)
(77,23)
(8,38)
(93,39)
(9,18)
(0,33)
(56,23)
(7,13)
(6,23)
(96,16)
(87,28)
(1,43)
(35,42)
(5,47)
(74,28)
(27,44)
(80,38)
(8,26)
(79,42)
(58,13)
(52,39)
(74,38)
(6,19)
(10,17)
(44,7)
(37,42)
(85,7)
(84,30)
(46,23)
(28,11)
(65,37)
(88,46)
(24,41)
(75,32)
(19,47)
(9,43)
(38,32)
(47,19)
(80,26)
(5,15)
(6,36)
(35,27)
(65,31)
(34,19)
(86,27)
(53,27)
(85,39)
(85,27)
(72,33)
(57,32)
(51,35)
(80,42)
(81,7)
(32,13)
(23,14)
(66,31)
(76,41)
(3,12)
(53,30)
(5,45)
(40,47)
(40,34)
(35,18)
(30,30)
(77,46)
(16,11)
(13,14)
(71,7)
(1,32)
(82,26)
(15,24)
(25,13)
(83,16)
(46,29)
(44,13)
(83,22)
(10,16)
(76,16)
(70,43)
(27,33)
(40,28)
(71,11)
(32,40)
(33,37)
(5,27)
(37,31)
(61,6)
(87,37)
(12,40)
(30,32)
(77,9)
(50,12)
(67,4)
(69,38)
(73,29)
(22,23)
(2,20)
(57,8)
(31,4)
(16,28)
(75,46)
(88,7)
(2,29)
(4,39)
(20,3)
(68,24)
(18,28)
(87,41)
(50,16)
(26,25)
(25,46)
(82,40)
(30,29)
(75,22)
(26,45)
(95,28)
(52,45)
(93,7)
(93,21)
(16,39)
(80,47)
(0,11)
(41,45)
(32,37)
(91,3)
(21,2)
(76,21)
(87,47)
(46,33)
(6,29)
(70,24)
(44,1)
(99,24)
(7,28)
(22,29)
(2,14)
(9,44)
(23,36)
(74,20)
(84,40)
(97,23)
(41,35)
(79,29)
(67,23)
(94,26)
(98,8)
(19,23)
(36,31)
(45,34)
(7,17)
(16,18)
(94,38)
(89,35)
(58,32)
(26,33)
(57,44)
(11,20)
(58,21)
(18,25)
(3,47)
(44,3)
(0,38)
(32,8)
(16,42)
(8,45)
(90,8)
(15,20)
(84,11)
(96,19)
(40,21)
(59,33)
(92,24)
(15,40)
(17,0)
(44,20)
(9,34)
(83,32)
(70,7)
(30,34)
(9,27)
(29,27)
(43,3)
(39,23)
(89,5)
(42,0)
(36,45)
(62,30)
(93,4)
(72,20)
(71,22)
(33,45)
(40,18)
(78,46)
(50,11)
(41,26)
(73,45)
(70,30)
(55,25)
(14,22)
(57,23)
(90,41)
(81,19)
(62,47)
(41,27)
(86,36)
(34,33)
(77,32)
(71,21)
(61,42)
(14,20)
(61,23)
(6,28)
(31,33)
(2,46)
(71,28)
(94,22)
(20,14)
(29,35)
(32,9)
(41,12)
(43,16)
(3,39)
(21,25)
(38,39)
(77,42)
(9,38)
(53,40)
(40,38)
(93,35)
(1,19)
(84,23)
(27,28)
(44,35)
(82,9)
(95,27)
(41,6)
(75,24)
(48,12)
(31,11)
(30,13)
(66,10)
(77,16)
(10,43)
(38,16)
(2,4)
(84,3)
(32,27)
(57,19)
(40,45)
(48,6)
(55,27)
(5,14)
(6,35)
(91,8)
(28,29)
(84,36)
(0,26)
(68,46)
(57,31)
(54,43)
(43,47)
(16,37)
(89,37)
(65,28)
(22,9)
(9,31)
(87,2)
(82,8)
(77,4)
(69,41)
(10,13)
(17,18)
(34,38)
(18,10)
(10,18)
(63,34)
(86,26)
(71,32)
(1,22)
(52,26)
(68,37)
(55,35)
(4,42)
(74,8)
(44,10)
(79,35)
(61,33)
(28,27)
(61,44)
(80,21)
(82,28)
(4,16)
(44,28)
(28,8)
(81,34)
(66,13)
(73,16)
(4,46)
(16,20)
(93,41)
(18,27)
(40,19)
(81,3)
(17,27)
(56,31)
(26,11)
(5,44)
(42,24)
(94,36)
(46,40)
(45,22)
(4,19)
(65,19)
(69,12)
(48,13)
(89,44)
(67,16)
(40,43)
(57,40)
(0,19)
(74,31)
(42,6)
(72,7)
(72,42)
(58,4)
(54,47)
(86,35)
(10,36)
(63,43)
(57,35)
(13,27)
(12,25)
(28,34)
(77,37)
(70,13)
(22,38)
(91,7)
(16,47)
(33,7)
(23,47)
(24,18)
(39,7)
(25,14)
(51,41)
(93,47)
(92,10)
(41,16)
(57,34)
(7,8)
(42,30)
(93,25)
(31,43)
(7,26)
(25,5)
(37,36)
(4,41)
(22,33)
(77,24)
(38,44)
(4,31)
(36,25)
(92,9)
(13,28)
(29,45)
(50,44)
(40,31)
(23,22)
(17,23)
(47,22)
(3,36)
(94,12)
(30,27)
(23,18)
(65,47)
(3,23)
(63,13)
(17,14)
(99,16)
(33,24)
(63,26)
(85,5)
(21,27)
(86,42)
(48,41)
(48,18)
(21,31)
(73,34)
(4,38)
(64,46)
(97,45)
(82,27)
(3,15)
(93,18)
(77,30)
(74,10)
(62,39)
(41,11)
(30,31)
(73,31)
(22,10)
(19,3)
(97,35)
(76,15)
(22,6)
(3,31)
(34,26)
(11,42)
(34,43)
(49,17)
(25,18)
(27,34)
(30,15)
(56,18)
(37,29)
(22,31)
(29,36)
(13,9)
(78,35)
(76,35)
(6,25)
(65,29)
(54,28)
(22,25)
(68,45)
(10,3)
(67,42)
(81,17)
(16,13)
(71,37)
(38,47)
(27,5)
(34,47)
(66,39)
(37,11)
(77,35)
(50,29)
(73,33)
(8,41)
(34,24)
(89,16)
(83,33)
(40,30)
(88,14)
(43,20)
(96,39)
(18,12)
(30,44)
(16,46)
(84,34)
(38,24)
(42,39)
(36,10)
(78,32)
(37,6)
(65,44)
(11,13)
(9,42)
(1,26)
(12,6)
(68,17)
(29,9)
(49,33)
(20,15)
(4,8)
(4,44)
(21,19)
(29,21)
(9,6)
(10,4)
(77,15)
(7,47)
(56,13)
(34,25)
(3,25)
(94,23)
(97,13)
(59,45)
(17,4)
(88,17)
(11,15)
(42,22)
(86,2)
(96,4)
(43,29)
(55,42)
(13,37)
(58,11)
(33,26)
(15,29)
(40,8)
(90,4)
(74,11)
(99,38)
(62,22)
(38,27)
(45,4)
(7,29)
(12,41)
(98,38)
(54,42)
(96,40)
(9,2)
(51,1)
(78,41)
(38,14)
(98,18)
(27,40)
(85,6)
(80,41)
(88,40)
(21,33)
(60,40)
(27,25)
(62,34)
(24,21)
(65,21)
(83,26)
(60,38)
(15,14)
(59,29)
(5,46)
(48,24)
(81,25)
(48,29)
(86,40)
(23,15)
(21,37)
(49,13)
(17,26)
(66,40)
(64,29)
(82,33)
(89,26)
(79,22)
(24,38)
(36,47)
(66,17)
(91,34)
(22,19)
(89,39)
(31,20)
(92,5)
(95,47)
(99,43)
(53,23)
(47,29)
(70,33)
(29,42)
(74,2)
(85,4)
(71,44)
(30,17)
(89,20)
(67,8)
(36,42)
(36,12)
(16,15)
(81,21)
(68,6)
(7,36)
(24,40)
(13,25)
(24,31)
(10,30)
(74,36)
(19,42)
(7,37)
(43,7)
(74,47)
(92,37)
(91,23)
(23,28)
(50,34)
(97,41)
(74,35)
(16,17)
(13,16)
(14,11)
(81,2)
(47,31)
(54,19)
(93,29)
(39,30)
(63,9)
(81,43)
(80,33)
(46,13)
(37,32)
(24,11)
(10,20)
(60,24)
(29,18)
(3,26)
(6,30)
(99,6)
(69,21)
(85,31)
(17,13)
(53,24)
(32,3)
(43,9)
(22,42)
(17,15)
(79,36)
(41,20)
(32,29)
(15,9)
(67,20)
(89,30)
(80,39)
(97,43)
(57,21)
(93,34)
(17,35)
(38,12)
(6,14)
(21,30)
(95,21)
(73,32)
(73,37)
(19,26)
(97,26)
(29,11)
(86,14)
(72,23)
(36,38)
(50,22)
(4,5)
(17,44)
(64,44)
(48,43)
(30,35)
(56,20)
(32,6)
(90,3)
(51,28)
(44,33)
(84,9)
(48,1)
(36,39)
(30,33)
(44,30)
(24,46)
(25,42)
(43,1)
(4,45)
(80,22)
(82,3)
(22,47)
(62,21)
(5,9)
(54,45)
(63,22)
(69,2)
(38,30)
(40,29)
(83,47)
(66,37)
(94,15)
(85,21)
(29,39)
(77,43)
(33,44)
(48,19)
(44,17)
(88,31)
(72,30)
(9,24)
(58,19)
(43,40)
(84,41)
(80,16)
(99,4)
(8,5)
(30,24)
(1,17)
(76,32)
(99,31)
(20,26)
(45,44)
(92,36)
(8,35)
(74,43)
(2,16)
(89,36)
(82,43)
(36,34)
(71,20)
(37,18)
(44,8)
(9,46)
(68,44)
(66,9)
(7,41)
(77,47)
(72,41)
(9,37)
(83,31)
(63,36)
(57,33)
(10,39)
(37,27)
(52,14)
(9,45)
(69,28)
(25,1)
(27,22)
(24,43)
(95,39)
(80,32)
(96,25)
(68,47)
(39,34)
(94,19)
(72,26)
(62,46)
(66,23)
(8,18)
(21,39)
(7,42)
(80,23)
(74,26)
(63,28)
(63,29)
(55,21)
(44,46)
(96,38)
(32,25)
(20,13)
(15,38)
(60,22)
(11,5)
(51,25)
(88,45)
(67,35)
(42,35)
(55,30)
(94,39)
(18,42)
(14,21)
(70,14)
(62,43)
(79,44)
(6,38)
(28,4)
(43,21)
(10,14)
(69,4)
(0,46)
(54,18)
(53,22)
(14,26)
(91,44)
(83,43)
(99,35)
(43,27)
(24,45)
(71,9)
(60,33)
(57,39)
(50,13)
(49,3)
(20,20)
(43,37)
(27,29)
(55,38)
(24,36)
(10,32)
(80,31)
(37,13)
(80,11)
(75,27)
(95,32)
(50,28)
(10,19)
(2,39)
(39,18)
(38,35)
(71,33)
(15,44)
(45,45)
(39,45)
(0,41)
(46,20)
(86,45)
(80,12)
(76,28)
(8,42)
(45,2)
(1,47)
(74,25)
(19,33)
(40,44)
(8,33)
(20,18)
(5,20)
(85,14)
(17,24)
(93,22)
(95,25)
(8,29)
(18,2)
(55,17)
(84,17)
(77,45)
(52,22)
(83,17)
(7,34)
(92,13)
(96,28)
(32,43)
(59,40)
(68,31)
(52,37)
(99,42)
(24,8)
(98,34)
(19,15)
(87,29)
(82,41)
(12,18)
(57,24)
(50,15)
(26,10)
(0,29)
(47,25)
(94,27)
(9,13)
(56,21)
(92,29)
(55,11)
(15,26)
(88,39)
(4,47)
(67,10)
(73,22)
(16,33)
(33,29)
(19,20)
(45,41)
(43,43)
(64,24)
(6,13)
(78,4)
(8,44)
(88,26)
(71,17)
(1,34)
(15,18)
(32,26)
(2,7)
(98,47)
(99,33)
(38,46)
(67,34)
(80,40)
(68,36)
(90,30)
(6,17)
(90,18)
(67,46)
(6,32)
(45,26)
(94,33)
(47,37)
(13,11)
(4,30)
(87,26)
(74,13)
(39,32)
(10,21)
(69,14)
(65,36)
(50,20)
(96,32)
(4,2)
(90,36)
(44,21)
(71,41)
(75,2)
(59,27)
(96,23)
(21,8)
(25,22)
(90,13)
(52,35)
(87,24)
(31,45)
(48,30)
(55,32)
(12,22)
(17,30)
(65,32)
(33,47)
(15,6)
(40,36)
(10,40)
(92,11)
(27,43)
(21,41)
(19,43)
(67,27)
(63,6)
(47,18)
(58,39)
(49,36)
(6,26)
(96,47)
(97,12)
(46,42)
(13,23)
(50,8)
(9,21)
(57,46)
(68,35)
(16,25)
(47,20)
(80,45)
(81,13)
(46,39)
(83,15)
(92,46)
(37,40)
(31,46)
(97,46)
(56,28)
(57,4)
(32,19)
(51,16)
(71,26)
(87,23)
(44,37)
(4,15)
(11,28)
(52,2)
(58,24)
(17,2)
(74,15)
(26,28)
(94,29)
(12,15)
(13,33)
(27,30)
(23,30)
(54,25)
(45,29)
(95,37)
(65,13)
(38,21)
(51,21)
(11,1)
(78,30)
(60,36)
(39,6)
(40,41)
(5,18)
(65,40)
(20,29)
(17,43)
(62,35)
(21,47)
(71,34)
(93,46)
(20,21)
(82,14)
(97,30)
(37,28)
(47,46)
(42,43)
(78,24)
(11,19)
(94,42)
(3,35)
(18,4)
(60,41)
(26,18)
(54,41)
(58,28)
(81,26)
(26,39)
(72,39)
(23,26)
(23,13)
(90,25)
(4,24)
(48,37)
(23,9)
(26,5)
(1,16)
(7,16)
(82,19)
(11,34)
(67,31)
(91,25)
(26,23)
(15,23)
(84,35)
(78,8)
(52,33)
(62,13)
(55,24)
(25,23)
(41,36)
(45,7)
(64,32)
(21,44)
(24,33)
(87,44)
(51,31)
(21,22)
(85,32)
(14,6)
(93,23)
(26,19)
(79,45)
(48,45)
(46,10)
(7,32)
(71,43)
(41,32)
(2,18)
(57,41)
(43,8)
(66,35)
(9,47)
(3,42)
(79,37)
(74,24)
(85,41)
(69,37)
(11,7)
(24,34)
(58,15)
(66,41)
(11,45)
(76,23)
(60,16)
(85,35)
(44,16)
(55,23)
(58,9)
(6,15)
(58,14)
(53,18)
(0,24)
(55,9)
(57,37)
(33,20)
(94,28)
(20,23)
(93,27)
(65,14)
(11,25)
(23,21)
(71,4)
(4,29)
(42,5)
(79,28)
(20,35)
(39,40)
(43,15)
(90,39)
(90,42)
(70,18)
(47,45)
(72,13)
(88,38)
(45,12)
(20,42)
(20,33)
(58,47)
(16,22)
(16,36)
(82,15)
(82,47)
(99,47)
(72,22)
(89,34)
(33,23)
(73,9)
(66,33)
(46,43)
(7,43)
(94,32)
(19,45)
(48,42)
(13,45)
(84,14)
(75,12)
(26,38)
(44,45)
(99,34)
(88,42)
(65,42)
(90,43)
(58,43)
(4,28)
(73,14)
(24,35)
(13,46)
(71,40)
(18,19)
(72,28)
(96,43)
(98,5)
(6,27)
(79,19)
(7,14)
(51,46)
(12,46)
(76,6)
(66,21)
(24,32)
(44,44)
(12,43)
(44,26)
(28,6)
(82,37)
(19,30)
(44,41)
(84,16)
(56,36)
(5,39)
(53,26)
(49,44)
(51,17)
(97,25)
(94,40)
(48,25)
(44,39)
(56,33)
(81,37)
(66,34)
(45,31)
(27,35)
(83,29)
(46,30)
(98,13)
(82,36)
(19,41)
(90,37)
(90,11)
(25,28)
(77,28)
(31,32)
(47,5)
(95,23)
(79,32)
(41,33)
(48,22)
(37,30)
(62,18)
(28,23)
(33,27)
(58,6)
(70,19)
(76,38)
(40,40)
(38,45)
(51,30)
(92,22)
(73,15)
(16,29)
(65,33)
(0,8)
(28,39)
(65,18)
(88,41)
(54,37)
(1,44)
(19,25)
(17,31)
(91,47)
(10,9)
(16,23)
(11,24)
(10,45)
(37,44)
(90,29)
(77,26)
(25,24)
(55,47)
(4,25)
(83,25)
(76,11)
(14,34)
(75,20)
(26,42)
(18,15)
(4,32)
(91,41)
(77,19)
(14,28)
(99,39)
(48,38)
(54,46)
(28,44)
(55,41)
(19,11)
(12,21)
(47,41)
(21,20)
(46,41)
(47,16)
(5,30)
(89,40)
(60,20)
(28,46)
(43,39)
(48,27)
(96,45)
(56,19)
(8,17)
(58,25)
(43,41)
(76,25)
(70,41)
(23,44)
(13,13)
(26,7)
(21,36)
(64,37)
(40,12)
(75,29)
(48,36)
(88,15)
(77,7)
(75,41)
(84,45)
(79,24)
(74,41)
(18,44)
(77,5)
(75,3)
(31,31)
(73,13)
(51,42)
(72,47)
(46,8)
(67,37)
(18,34)
(73,44)
(76,37)
(10,37)
(13,21)
(98,40)
(27,31)
(6,24)
(26,17)
(75,43)
(75,18)
(73,23)
(92,35)
(66,42)
(60,29)
(84,22)
(26,35)
(97,36)
(57,16)
(28,26)
(89,43)
(32,46)
(67,30)
(71,24)
(40,24)
(40,42)
(66,44)
(10,29)
(19,18)
(24,30)
(56,41)
(49,38)
(64,33)
(18,20)
(80,43)
(46,28)
(67,17)
(24,24)
(91,16)
(0,36)
(77,25)
(67,25)
(84,42)
(97,6)
(17,28)
(0,27)
(76,19)
(60,34)
(43,38)
(74,45)
(50,24)
(77,31)
(71,25)
(37,22)
(74,37)
(51,6)
(26,29)
(52,23)
(60,31)
(5,13)
(8,27)
(73,8)
(52,44)
(87,32)
(16,12)
(83,40)
(23,16)
(21,17)
(21,16)
(10,34)
(83,44)
(78,44)
(50,14)
(52,47)
(69,17)
(63,39)
(57,42)
(63,20)
(53,46)
(45,28)
(37,4)
(58,46)
(69,19)
(0,42)
(89,18)
(70,22)
(84,24)
(17,19)
(5,23)
(27,47)
(78,25)
(37,23)
(46,36)
(73,12)
(97,24)
(49,41)
(43,19)
(7,35)
(10,25)
(69,31)
(14,25)
(28,30)
(53,45)
(14,8)
(69,27)
(52,21)
(66,16)
(6,43)
(18,6)
(21,26)
(14,46)
(75,4)
(0,23)
(50,46)
(81,42)
(70,34)
(8,46)
(11,18)
(69,29)
(7,45)
(84,43)
(50,39)
(49,31)
(11,47)
(54,23)
(60,45)
(64,35)
(58,44)
(91,43)
(3,27)
(27,19)
(77,10)
(99,32)
(43,14)
(85,42)
(63,40)
(88,27)
(1,37)
(62,20)
(54,38)
(31,40)
(17,34)
(63,14)
(56,9)
(62,7)
(54,40)
(24,37)
(31,6)
(43,35)
(51,45)
(81,38)
(92,25)
(53,34)
(45,20)
(78,37)
(97,34)
(7,31)
(21,46)
(75,1)
(85,8)
(72,24)
(58,31)
(89,33)
(8,32)
(14,13)
(77,20)
(26,30)
(27,23)
(87,45)
(72,45)
(91,38)
(51,38)
(78,43)
(26,31)
(96,42)
(92,34)
(49,28)
(37,16)
(91,14)
(83,35)
(48,44)
