200 Users
41 Files
3000 Transactions
2 Maximum Connections
1 Cycle Length per Upload-Download
0 Warm-up Transactions
0.400000 Zipf constant
5 Pre-Trusted Users
160 Well-Behaved (Good) Users
40 Purely Malicious Users
0 Feedback Skewing Users
0 Malignant Providing Users
0 Disguised Malicous Users
0 Sybil Attack Users
true Intelligent Trans. Generation
1561012598461 Trace Generation Seed

(0.079893,0.000000,1,false)
(0.022734,0.000000,1,false)
(0.003991,0.000000,1,false)
(0.056962,0.000000,1,false)
(0.058531,0.000000,1,false)
(0.040102,0.000000,1,false)
(0.081792,0.000000,1,false)
(0.030299,0.000000,1,false)
(0.067925,0.000000,1,false)
(0.087457,0.000000,1,false)
(0.050908,0.000000,1,false)
(0.018000,0.000000,1,false)
(0.072938,0.000000,1,false)
(0.034740,0.000000,1,false)
(0.090924,0.000000,1,false)
(0.043421,0.000000,1,false)
(0.051484,0.000000,1,false)
(0.089058,0.000000,1,false)
(0.086075,0.000000,1,false)
(0.083535,0.000000,1,false)
(0.033833,0.000000,1,false)
(0.025798,0.000000,1,false)
(0.001006,0.000000,1,false)
(0.085188,0.000000,1,false)
(0.068574,0.000000,1,false)
(0.072368,0.000000,1,false)
(0.089945,0.000000,1,false)
(0.079297,0.000000,1,false)
(0.000114,0.000000,1,false)
(0.045869,0.000000,1,false)
(0.028282,0.000000,1,false)
(0.055086,0.000000,1,false)
(0.054809,0.000000,1,false)
(0.077735,0.000000,1,false)
(0.038136,0.000000,1,false)
(0.071013,0.000000,1,false)
(0.010634,0.000000,1,false)
(0.080772,0.000000,1,false)
(0.077575,0.000000,1,false)
(0.034222,0.000000,1,false)
(0.931229,1.000000,0,true)
(0.973023,1.000000,0,true)
(0.923028,1.000000,0,true)
(0.923866,1.000000,0,true)
(0.945427,1.000000,0,true)
(0.991842,1.000000,0,false)
(0.964657,1.000000,0,false)
(0.911761,1.000000,0,false)
(0.949934,1.000000,0,false)
(0.954396,1.000000,0,false)
(0.965451,1.000000,0,false)
(0.940802,1.000000,0,false)
(0.999519,1.000000,0,false)
(0.900080,1.000000,0,false)
(0.910125,1.000000,0,false)
(0.927985,1.000000,0,false)
(0.956719,1.000000,0,false)
(0.992376,1.000000,0,false)
(0.968212,1.000000,0,false)
(0.921612,1.000000,0,false)
(0.920301,1.000000,0,false)
(0.962769,1.000000,0,false)
(0.994446,1.000000,0,false)
(0.933776,1.000000,0,false)
(0.953954,1.000000,0,false)
(0.985734,1.000000,0,false)
(0.917087,1.000000,0,false)
(0.924124,1.000000,0,false)
(0.955143,1.000000,0,false)
(0.987965,1.000000,0,false)
(0.996827,1.000000,0,false)
(0.999147,1.000000,0,false)
(0.935602,1.000000,0,false)
(0.957050,1.000000,0,false)
(0.900171,1.000000,0,false)
(0.970483,1.000000,0,false)
(0.950840,1.000000,0,false)
(0.986172,1.000000,0,false)
(0.976767,1.000000,0,false)
(0.954267,1.000000,0,false)
(0.916346,1.000000,0,false)
(0.972169,1.000000,0,false)
(0.960167,1.000000,0,false)
(0.991510,1.000000,0,false)
(0.982848,1.000000,0,false)
(0.974452,1.000000,0,false)
(0.925820,1.000000,0,false)
(0.926831,1.000000,0,false)
(0.912000,1.000000,0,false)
(0.941753,1.000000,0,false)
(0.938880,1.000000,0,false)
(0.999552,1.000000,0,false)
(0.997327,1.000000,0,false)
(0.922596,1.000000,0,false)
(0.907453,1.000000,0,false)
(0.977241,1.000000,0,false)
(0.913009,1.000000,0,false)
(0.993615,1.000000,0,false)
(0.924459,1.000000,0,false)
(0.997239,1.000000,0,false)
(0.945292,1.000000,0,false)
(0.967521,1.000000,0,false)
(0.933065,1.000000,0,false)
(0.976540,1.000000,0,false)
(0.967826,1.000000,0,false)
(0.979477,1.000000,0,false)
(0.986947,1.000000,0,false)
(0.904567,1.000000,0,false)
(0.963168,1.000000,0,false)
(0.997076,1.000000,0,false)
(0.997194,1.000000,0,false)
(0.947004,1.000000,0,false)
(0.967973,1.000000,0,false)
(0.954857,1.000000,0,false)
(0.962667,1.000000,0,false)
(0.961735,1.000000,0,false)
(0.929054,1.000000,0,false)
(0.979418,1.000000,0,false)
(0.969980,1.000000,0,false)
(0.960327,1.000000,0,false)
(0.901573,1.000000,0,false)
(0.945736,1.000000,0,false)
(0.923008,1.000000,0,false)
(0.940150,1.000000,0,false)
(0.998975,1.000000,0,false)
(0.989138,1.000000,0,false)
(0.919908,1.000000,0,false)
(0.963308,1.000000,0,false)
(0.917156,1.000000,0,false)
(0.990683,1.000000,0,false)
(0.938153,1.000000,0,false)
(0.969033,1.000000,0,false)
(0.902437,1.000000,0,false)
(0.956303,1.000000,0,false)
(0.914901,1.000000,0,false)
(0.975972,1.000000,0,false)
(0.914533,1.000000,0,false)
(0.922106,1.000000,0,false)
(0.921287,1.000000,0,false)
(0.960037,1.000000,0,false)
(0.951573,1.000000,0,false)
(0.939591,1.000000,0,false)
(0.924789,1.000000,0,false)
(0.982043,1.000000,0,false)
(0.954540,1.000000,0,false)
(0.925317,1.000000,0,false)
(0.913844,1.000000,0,false)
(0.987303,1.000000,0,false)
(0.993179,1.000000,0,false)
(0.999690,1.000000,0,false)
(0.923214,1.000000,0,false)
(0.906692,1.000000,0,false)
(0.954435,1.000000,0,false)
(0.989051,1.000000,0,false)
(0.947336,1.000000,0,false)
(0.955376,1.000000,0,false)
(0.907932,1.000000,0,false)
(0.924124,1.000000,0,false)
(0.962020,1.000000,0,false)
(0.951477,1.000000,0,false)
(0.910768,1.000000,0,false)
(0.936151,1.000000,0,false)
(0.992303,1.000000,0,false)
(0.962407,1.000000,0,false)
(0.936099,1.000000,0,false)
(0.929694,1.000000,0,false)
(0.966156,1.000000,0,false)
(0.931407,1.000000,0,false)
(0.966498,1.000000,0,false)
(0.998054,1.000000,0,false)
(0.979944,1.000000,0,false)
(0.941054,1.000000,0,false)
(0.984019,1.000000,0,false)
(0.943693,1.000000,0,false)
(0.972166,1.000000,0,false)
(0.934041,1.000000,0,false)
(0.914166,1.000000,0,false)
(0.971772,1.000000,0,false)
(0.956969,1.000000,0,false)
(0.934514,1.000000,0,false)
(0.940662,1.000000,0,false)
(0.940067,1.000000,0,false)
(0.908291,1.000000,0,false)
(0.995551,1.000000,0,false)
(0.901919,1.000000,0,false)
(0.973039,1.000000,0,false)
(0.909215,1.000000,0,false)
(0.940092,1.000000,0,false)
(0.908569,1.000000,0,false)
(0.981709,1.000000,0,false)
(0.989235,1.000000,0,false)
(0.963666,1.000000,0,false)
(0.984181,1.000000,0,false)
(0.974280,1.000000,0,false)
(0.964581,1.000000,0,false)
(0.927755,1.000000,0,false)
(0.928457,1.000000,0,false)
(0.995034,1.000000,0,false)
(0.973657,1.000000,0,false)
(0.992426,1.000000,0,false)

(0,0,false)
(1,0,false)
(2,0,false)
(3,0,false)
(4,0,false)
(5,0,false)
(6,0,false)
(7,0,false)
(9,0,false)
(11,0,false)
(12,0,false)
(13,0,false)
(14,0,false)
(15,0,false)
(17,0,false)
(19,0,false)
(20,0,false)
(22,0,false)
(23,0,true)
(24,0,false)
(25,0,false)
(26,0,false)
(27,0,false)
(28,0,false)
(29,0,false)
(30,0,false)
(31,0,false)
(32,0,false)
(33,0,false)
(35,0,false)
(36,0,false)
(37,0,false)
(39,0,false)
(40,0,true)
(41,0,true)
(42,0,true)
(43,0,true)
(45,0,true)
(46,0,true)
(47,0,true)
(48,0,false)
(49,0,true)
(50,0,true)
(51,0,true)
(52,0,true)
(54,0,true)
(55,0,true)
(56,0,true)
(57,0,true)
(58,0,true)
(60,0,true)
(62,0,true)
(66,0,true)
(68,0,true)
(69,0,false)
(70,0,true)
(73,0,true)
(74,0,true)
(75,0,true)
(76,0,true)
(77,0,true)
(78,0,true)
(79,0,true)
(80,0,false)
(81,0,true)
(82,0,true)
(83,0,true)
(84,0,true)
(85,0,true)
(87,0,true)
(88,0,true)
(89,0,true)
(90,0,true)
(91,0,true)
(93,0,true)
(95,0,true)
(96,0,true)
(97,0,true)
(99,0,true)
(100,0,true)
(101,0,true)
(103,0,true)
(106,0,true)
(107,0,true)
(108,0,true)
(109,0,true)
(110,0,true)
(112,0,true)
(113,0,true)
(114,0,false)
(115,0,true)
(116,0,true)
(117,0,true)
(119,0,true)
(120,0,true)
(121,0,true)
(122,0,true)
(123,0,true)
(124,0,true)
(125,0,true)
(126,0,true)
(128,0,true)
(129,0,true)
(130,0,true)
(131,0,true)
(132,0,true)
(133,0,true)
(135,0,true)
(136,0,true)
(137,0,true)
(138,0,true)
(139,0,true)
(143,0,true)
(144,0,true)
(145,0,true)
(146,0,true)
(147,0,true)
(148,0,true)
(149,0,true)
(150,0,true)
(151,0,true)
(153,0,true)
(154,0,false)
(155,0,true)
(156,0,true)
(158,0,true)
(159,0,true)
(161,0,true)
(162,0,true)
(166,0,true)
(167,0,true)
(168,0,true)
(169,0,true)
(170,0,true)
(172,0,true)
(173,0,true)
(174,0,true)
(176,0,false)
(177,0,true)
(178,0,false)
(180,0,true)
(181,0,true)
(182,0,true)
(183,0,true)
(184,0,true)
(185,0,true)
(186,0,true)
(187,0,true)
(190,0,true)
(191,0,true)
(192,0,true)
(193,0,true)
(195,0,true)
(197,0,true)
(199,0,true)
(0,1,false)
(1,1,false)
(2,1,false)
(3,1,false)
(4,1,false)
(7,1,false)
(8,1,false)
(9,1,false)
(10,1,false)
(11,1,false)
(13,1,false)
(15,1,false)
(17,1,false)
(19,1,false)
(20,1,false)
(21,1,false)
(23,1,false)
(24,1,false)
(25,1,false)
(27,1,false)
(28,1,false)
(29,1,false)
(35,1,false)
(36,1,false)
(37,1,false)
(40,1,true)
(41,1,true)
(42,1,true)
(43,1,true)
(44,1,true)
(45,1,true)
(46,1,true)
(48,1,true)
(50,1,true)
(51,1,true)
(53,1,true)
(54,1,true)
(56,1,true)
(60,1,true)
(63,1,true)
(64,1,true)
(66,1,true)
(67,1,true)
(71,1,true)
(72,1,true)
(73,1,true)
(74,1,true)
(75,1,true)
(77,1,true)
(79,1,true)
(81,1,true)
(82,1,true)
(83,1,true)
(85,1,true)
(86,1,true)
(88,1,true)
(89,1,true)
(90,1,true)
(91,1,true)
(99,1,true)
(100,1,true)
(101,1,true)
(102,1,true)
(103,1,true)
(104,1,true)
(105,1,true)
(107,1,true)
(108,1,true)
(109,1,true)
(110,1,true)
(111,1,true)
(112,1,true)
(113,1,true)
(115,1,true)
(118,1,true)
(120,1,true)
(122,1,true)
(125,1,true)
(126,1,true)
(127,1,true)
(130,1,true)
(132,1,true)
(133,1,true)
(134,1,false)
(135,1,true)
(136,1,true)
(137,1,true)
(138,1,true)
(139,1,true)
(140,1,true)
(141,1,true)
(142,1,true)
(143,1,true)
(145,1,false)
(146,1,true)
(148,1,true)
(149,1,true)
(150,1,false)
(151,1,true)
(152,1,true)
(155,1,true)
(156,1,true)
(158,1,true)
(159,1,true)
(160,1,true)
(161,1,true)
(162,1,true)
(163,1,true)
(168,1,true)
(171,1,true)
(173,1,true)
(174,1,true)
(175,1,true)
(178,1,true)
(180,1,true)
(181,1,true)
(183,1,true)
(184,1,true)
(186,1,true)
(187,1,true)
(190,1,true)
(191,1,true)
(192,1,true)
(193,1,true)
(195,1,true)
(197,1,true)
(0,2,false)
(2,2,false)
(5,2,false)
(6,2,false)
(7,2,false)
(12,2,false)
(13,2,false)
(14,2,false)
(15,2,false)
(16,2,false)
(17,2,false)
(18,2,false)
(19,2,false)
(20,2,false)
(22,2,false)
(24,2,false)
(25,2,false)
(28,2,false)
(29,2,false)
(33,2,false)
(34,2,false)
(35,2,false)
(37,2,false)
(38,2,false)
(39,2,false)
(40,2,true)
(41,2,true)
(42,2,true)
(43,2,true)
(45,2,true)
(46,2,true)
(48,2,true)
(49,2,true)
(51,2,true)
(52,2,true)
(55,2,true)
(56,2,true)
(57,2,true)
(58,2,true)
(61,2,false)
(62,2,true)
(65,2,true)
(67,2,true)
(69,2,true)
(70,2,true)
(71,2,true)
(72,2,true)
(73,2,true)
(74,2,true)
(76,2,true)
(79,2,true)
(82,2,true)
(83,2,true)
(85,2,true)
(86,2,true)
(88,2,true)
(92,2,true)
(93,2,true)
(96,2,true)
(99,2,true)
(101,2,true)
(102,2,true)
(105,2,true)
(107,2,true)
(109,2,true)
(110,2,true)
(111,2,true)
(115,2,true)
(116,2,true)
(118,2,true)
(119,2,true)
(124,2,true)
(125,2,true)
(126,2,true)
(127,2,true)
(128,2,false)
(131,2,true)
(132,2,true)
(134,2,true)
(135,2,true)
(136,2,false)
(137,2,true)
(140,2,true)
(141,2,true)
(142,2,true)
(143,2,true)
(144,2,true)
(145,2,true)
(147,2,true)
(148,2,true)
(149,2,true)
(150,2,true)
(152,2,true)
(153,2,true)
(154,2,true)
(155,2,true)
(156,2,true)
(158,2,true)
(159,2,true)
(160,2,true)
(164,2,true)
(165,2,true)
(167,2,false)
(171,2,true)
(173,2,true)
(176,2,true)
(179,2,true)
(180,2,true)
(181,2,true)
(182,2,true)
(184,2,true)
(185,2,false)
(187,2,true)
(190,2,true)
(191,2,true)
(192,2,true)
(193,2,true)
(195,2,true)
(196,2,true)
(197,2,true)
(198,2,true)
(199,2,true)
(2,3,false)
(3,3,false)
(4,3,false)
(5,3,false)
(6,3,false)
(9,3,false)
(11,3,false)
(12,3,false)
(13,3,false)
(15,3,false)
(16,3,false)
(17,3,false)
(19,3,true)
(21,3,false)
(22,3,false)
(23,3,false)
(24,3,false)
(26,3,false)
(27,3,false)
(28,3,false)
(30,3,false)
(33,3,false)
(34,3,false)
(37,3,false)
(40,3,true)
(42,3,true)
(46,3,true)
(48,3,true)
(51,3,true)
(52,3,true)
(53,3,true)
(56,3,true)
(59,3,true)
(60,3,true)
(61,3,true)
(62,3,true)
(65,3,true)
(67,3,true)
(69,3,true)
(72,3,true)
(73,3,true)
(75,3,true)
(76,3,true)
(77,3,true)
(82,3,false)
(83,3,true)
(85,3,true)
(87,3,true)
(90,3,true)
(93,3,true)
(94,3,true)
(100,3,true)
(103,3,true)
(104,3,true)
(105,3,true)
(107,3,false)
(114,3,true)
(116,3,true)
(118,3,true)
(120,3,true)
(123,3,true)
(124,3,true)
(125,3,true)
(128,3,true)
(129,3,true)
(133,3,true)
(134,3,true)
(135,3,true)
(136,3,true)
(137,3,true)
(138,3,true)
(139,3,true)
(141,3,true)
(142,3,true)
(144,3,true)
(145,3,true)
(146,3,true)
(149,3,true)
(151,3,true)
(152,3,true)
(153,3,true)
(154,3,true)
(155,3,true)
(160,3,true)
(161,3,false)
(162,3,true)
(163,3,true)
(164,3,true)
(167,3,true)
(168,3,true)
(169,3,true)
(176,3,true)
(178,3,true)
(179,3,true)
(181,3,false)
(182,3,true)
(184,3,true)
(187,3,true)
(188,3,true)
(189,3,true)
(191,3,true)
(192,3,true)
(195,3,true)
(197,3,true)
(199,3,true)
(0,4,false)
(1,4,false)
(2,4,false)
(3,4,false)
(4,4,false)
(5,4,false)
(6,4,false)
(8,4,true)
(9,4,false)
(10,4,false)
(15,4,false)
(19,4,false)
(21,4,false)
(22,4,false)
(23,4,false)
(27,4,false)
(28,4,false)
(32,4,false)
(33,4,false)
(34,4,false)
(35,4,false)
(36,4,false)
(39,4,false)
(44,4,true)
(45,4,true)
(46,4,true)
(47,4,true)
(48,4,true)
(49,4,true)
(50,4,true)
(54,4,true)
(55,4,true)
(59,4,true)
(62,4,true)
(63,4,true)
(66,4,true)
(67,4,true)
(70,4,true)
(71,4,true)
(72,4,true)
(75,4,true)
(76,4,true)
(79,4,true)
(80,4,false)
(81,4,true)
(82,4,true)
(83,4,true)
(84,4,true)
(85,4,true)
(87,4,true)
(88,4,true)
(89,4,true)
(91,4,true)
(93,4,true)
(96,4,true)
(97,4,true)
(98,4,true)
(99,4,true)
(100,4,true)
(101,4,true)
(105,4,true)
(111,4,true)
(114,4,true)
(116,4,true)
(120,4,false)
(123,4,true)
(125,4,true)
(127,4,true)
(131,4,true)
(132,4,false)
(133,4,true)
(134,4,true)
(135,4,true)
(136,4,true)
(137,4,true)
(142,4,false)
(143,4,true)
(145,4,true)
(149,4,true)
(150,4,true)
(154,4,true)
(162,4,true)
(163,4,true)
(165,4,true)
(166,4,true)
(168,4,true)
(170,4,true)
(172,4,true)
(176,4,true)
(178,4,true)
(184,4,true)
(185,4,true)
(186,4,true)
(187,4,true)
(189,4,true)
(190,4,true)
(192,4,true)
(194,4,true)
(0,5,false)
(1,5,false)
(2,5,false)
(5,5,false)
(7,5,false)
(10,5,false)
(11,5,true)
(14,5,false)
(17,5,false)
(20,5,false)
(21,5,false)
(23,5,false)
(24,5,false)
(26,5,true)
(29,5,false)
(31,5,false)
(32,5,false)
(33,5,false)
(37,5,false)
(38,5,false)
(39,5,false)
(41,5,true)
(43,5,true)
(45,5,true)
(46,5,true)
(50,5,true)
(51,5,true)
(52,5,true)
(53,5,true)
(56,5,true)
(58,5,true)
(59,5,true)
(61,5,true)
(65,5,true)
(66,5,true)
(67,5,true)
(72,5,true)
(75,5,true)
(76,5,true)
(78,5,true)
(80,5,true)
(84,5,true)
(85,5,true)
(86,5,true)
(87,5,true)
(88,5,true)
(89,5,true)
(92,5,true)
(96,5,true)
(97,5,true)
(98,5,false)
(99,5,true)
(101,5,true)
(102,5,true)
(103,5,true)
(105,5,true)
(107,5,true)
(109,5,true)
(111,5,true)
(112,5,true)
(113,5,true)
(116,5,true)
(118,5,true)
(119,5,true)
(120,5,true)
(130,5,false)
(132,5,true)
(133,5,true)
(134,5,true)
(135,5,true)
(137,5,false)
(138,5,true)
(142,5,true)
(144,5,true)
(146,5,true)
(149,5,true)
(151,5,true)
(152,5,true)
(153,5,true)
(155,5,true)
(157,5,true)
(159,5,true)
(162,5,true)
(170,5,true)
(177,5,true)
(180,5,false)
(182,5,true)
(183,5,true)
(184,5,true)
(187,5,true)
(188,5,true)
(189,5,true)
(191,5,true)
(194,5,false)
(195,5,true)
(197,5,true)
(199,5,true)
(0,6,false)
(2,6,false)
(3,6,false)
(8,6,false)
(14,6,false)
(15,6,false)
(16,6,false)
(18,6,false)
(19,6,false)
(20,6,false)
(21,6,false)
(25,6,false)
(30,6,false)
(31,6,false)
(32,6,false)
(33,6,false)
(34,6,false)
(39,6,true)
(51,6,true)
(52,6,true)
(54,6,true)
(55,6,true)
(56,6,true)
(57,6,true)
(59,6,true)
(61,6,true)
(70,6,true)
(74,6,true)
(76,6,true)
(77,6,true)
(78,6,true)
(79,6,true)
(80,6,false)
(82,6,true)
(86,6,true)
(87,6,false)
(93,6,true)
(96,6,true)
(97,6,true)
(100,6,true)
(102,6,true)
(104,6,true)
(108,6,true)
(111,6,true)
(113,6,true)
(114,6,true)
(118,6,true)
(125,6,true)
(127,6,true)
(128,6,true)
(129,6,true)
(130,6,true)
(133,6,true)
(136,6,true)
(137,6,true)
(138,6,true)
(139,6,true)
(142,6,true)
(143,6,true)
(144,6,true)
(145,6,true)
(146,6,true)
(148,6,true)
(149,6,true)
(152,6,true)
(154,6,true)
(157,6,true)
(162,6,true)
(165,6,true)
(166,6,true)
(168,6,true)
(171,6,true)
(172,6,true)
(176,6,true)
(177,6,true)
(178,6,true)
(179,6,true)
(183,6,true)
(187,6,true)
(189,6,true)
(190,6,true)
(197,6,true)
(198,6,true)
(2,7,false)
(3,7,false)
(10,7,false)
(13,7,false)
(14,7,false)
(17,7,false)
(19,7,false)
(22,7,false)
(28,7,false)
(29,7,false)
(34,7,false)
(35,7,false)
(39,7,false)
(40,7,true)
(41,7,true)
(42,7,true)
(43,7,true)
(45,7,true)
(47,7,true)
(50,7,true)
(55,7,true)
(63,7,true)
(69,7,true)
(72,7,true)
(73,7,true)
(76,7,true)
(79,7,true)
(80,7,false)
(81,7,true)
(83,7,true)
(85,7,true)
(87,7,true)
(88,7,true)
(93,7,true)
(95,7,true)
(97,7,true)
(98,7,true)
(100,7,true)
(105,7,true)
(108,7,true)
(113,7,true)
(114,7,true)
(115,7,true)
(116,7,true)
(117,7,true)
(119,7,true)
(120,7,true)
(122,7,true)
(123,7,true)
(124,7,true)
(128,7,true)
(130,7,true)
(133,7,true)
(134,7,true)
(137,7,true)
(138,7,true)
(139,7,true)
(141,7,true)
(144,7,true)
(145,7,true)
(146,7,true)
(147,7,true)
(148,7,true)
(149,7,true)
(150,7,true)
(151,7,false)
(158,7,true)
(159,7,true)
(162,7,true)
(165,7,false)
(166,7,true)
(167,7,true)
(168,7,true)
(170,7,true)
(172,7,true)
(173,7,true)
(176,7,true)
(178,7,true)
(180,7,true)
(184,7,true)
(185,7,true)
(186,7,false)
(189,7,true)
(191,7,true)
(192,7,true)
(193,7,true)
(195,7,true)
(196,7,true)
(197,7,true)
(198,7,true)
(2,8,false)
(6,8,false)
(8,8,false)
(14,8,false)
(17,8,false)
(18,8,false)
(22,8,false)
(24,8,false)
(27,8,false)
(35,8,false)
(37,8,true)
(38,8,true)
(41,8,true)
(44,8,true)
(45,8,true)
(52,8,true)
(57,8,true)
(59,8,true)
(62,8,true)
(64,8,true)
(65,8,true)
(66,8,true)
(67,8,true)
(68,8,true)
(69,8,true)
(70,8,true)
(71,8,true)
(72,8,true)
(73,8,true)
(75,8,true)
(78,8,true)
(80,8,true)
(81,8,true)
(86,8,true)
(88,8,true)
(93,8,true)
(95,8,true)
(99,8,true)
(103,8,true)
(104,8,true)
(105,8,true)
(110,8,true)
(112,8,true)
(113,8,true)
(115,8,true)
(119,8,true)
(120,8,true)
(122,8,false)
(129,8,true)
(132,8,true)
(136,8,true)
(140,8,true)
(146,8,true)
(147,8,true)
(152,8,true)
(155,8,true)
(160,8,true)
(161,8,true)
(163,8,true)
(164,8,true)
(165,8,true)
(166,8,true)
(175,8,false)
(177,8,true)
(179,8,true)
(181,8,true)
(184,8,true)
(186,8,true)
(187,8,true)
(189,8,true)
(191,8,true)
(192,8,true)
(194,8,true)
(196,8,false)
(197,8,true)
(1,9,false)
(3,9,false)
(5,9,false)
(9,9,false)
(11,9,false)
(13,9,false)
(15,9,false)
(22,9,false)
(24,9,false)
(25,9,false)
(30,9,false)
(37,9,false)
(38,9,false)
(39,9,false)
(40,9,true)
(41,9,true)
(42,9,true)
(43,9,true)
(44,9,true)
(48,9,true)
(49,9,true)
(50,9,true)
(51,9,true)
(53,9,true)
(56,9,true)
(57,9,true)
(59,9,true)
(66,9,true)
(67,9,true)
(69,9,true)
(70,9,true)
(73,9,true)
(78,9,true)
(79,9,true)
(80,9,true)
(82,9,true)
(85,9,true)
(87,9,true)
(88,9,true)
(91,9,true)
(92,9,true)
(97,9,true)
(99,9,true)
(101,9,true)
(102,9,true)
(103,9,true)
(104,9,true)
(105,9,true)
(106,9,true)
(107,9,true)
(109,9,true)
(113,9,true)
(114,9,true)
(117,9,true)
(121,9,true)
(123,9,true)
(127,9,true)
(129,9,true)
(130,9,true)
(131,9,true)
(132,9,true)
(135,9,true)
(138,9,true)
(139,9,true)
(141,9,true)
(142,9,true)
(143,9,true)
(145,9,true)
(147,9,true)
(148,9,true)
(154,9,true)
(155,9,true)
(166,9,true)
(171,9,false)
(172,9,true)
(173,9,true)
(176,9,true)
(178,9,true)
(179,9,true)
(184,9,true)
(186,9,true)
(187,9,true)
(188,9,true)
(190,9,true)
(191,9,true)
(193,9,false)
(195,9,true)
(197,9,true)
(199,9,true)
(1,10,false)
(8,10,false)
(11,10,false)
(18,10,false)
(19,10,false)
(20,10,false)
(22,10,false)
(25,10,false)
(26,10,false)
(29,10,false)
(35,10,false)
(39,10,false)
(40,10,false)
(41,10,true)
(44,10,true)
(45,10,true)
(47,10,true)
(49,10,true)
(50,10,true)
(52,10,true)
(53,10,true)
(54,10,true)
(56,10,true)
(57,10,true)
(59,10,true)
(62,10,true)
(67,10,true)
(68,10,true)
(70,10,true)
(72,10,true)
(73,10,true)
(74,10,true)
(75,10,true)
(76,10,true)
(77,10,true)
(78,10,true)
(79,10,true)
(84,10,true)
(85,10,true)
(88,10,true)
(89,10,false)
(94,10,false)
(97,10,true)
(99,10,true)
(102,10,true)
(103,10,false)
(108,10,true)
(109,10,true)
(111,10,true)
(112,10,true)
(117,10,true)
(122,10,true)
(123,10,true)
(128,10,false)
(130,10,true)
(132,10,true)
(133,10,true)
(135,10,true)
(140,10,true)
(143,10,true)
(145,10,true)
(146,10,true)
(149,10,true)
(152,10,true)
(154,10,true)
(155,10,true)
(156,10,true)
(161,10,true)
(162,10,true)
(165,10,true)
(167,10,true)
(168,10,true)
(172,10,true)
(177,10,true)
(189,10,true)
(190,10,true)
(192,10,true)
(195,10,true)
(196,10,true)
(197,10,true)
(199,10,true)
(0,11,true)
(2,11,false)
(4,11,false)
(7,11,false)
(12,11,false)
(13,11,false)
(15,11,false)
(17,11,false)
(20,11,false)
(26,11,false)
(27,11,true)
(28,11,false)
(30,11,false)
(32,11,false)
(33,11,false)
(35,11,false)
(40,11,true)
(42,11,true)
(43,11,true)
(44,11,true)
(45,11,true)
(46,11,true)
(52,11,true)
(56,11,true)
(59,11,true)
(60,11,true)
(61,11,true)
(65,11,true)
(67,11,true)
(68,11,true)
(71,11,true)
(75,11,true)
(83,11,true)
(87,11,true)
(89,11,true)
(90,11,true)
(92,11,true)
(95,11,true)
(96,11,true)
(101,11,true)
(104,11,true)
(111,11,true)
(114,11,true)
(115,11,true)
(116,11,true)
(117,11,true)
(118,11,true)
(123,11,true)
(124,11,true)
(126,11,true)
(129,11,true)
(133,11,false)
(138,11,false)
(140,11,true)
(145,11,true)
(146,11,true)
(148,11,true)
(151,11,true)
(152,11,true)
(153,11,true)
(155,11,true)
(161,11,true)
(162,11,true)
(163,11,true)
(166,11,true)
(168,11,true)
(170,11,true)
(173,11,true)
(179,11,true)
(180,11,true)
(182,11,true)
(184,11,true)
(185,11,true)
(187,11,true)
(190,11,true)
(191,11,true)
(4,12,false)
(6,12,false)
(8,12,false)
(10,12,false)
(12,12,false)
(13,12,false)
(15,12,false)
(16,12,false)
(17,12,true)
(18,12,false)
(19,12,false)
(21,12,false)
(23,12,false)
(28,12,false)
(29,12,false)
(34,12,false)
(41,12,true)
(42,12,true)
(44,12,true)
(45,12,true)
(46,12,true)
(56,12,true)
(59,12,true)
(60,12,true)
(66,12,true)
(76,12,true)
(77,12,true)
(78,12,true)
(83,12,true)
(87,12,true)
(88,12,false)
(92,12,true)
(93,12,true)
(94,12,true)
(95,12,true)
(97,12,true)
(102,12,true)
(104,12,true)
(105,12,true)
(109,12,true)
(115,12,true)
(117,12,true)
(120,12,true)
(135,12,true)
(137,12,true)
(139,12,true)
(141,12,true)
(145,12,true)
(148,12,true)
(153,12,true)
(154,12,true)
(155,12,true)
(161,12,true)
(163,12,false)
(165,12,true)
(170,12,true)
(171,12,true)
(172,12,true)
(174,12,true)
(176,12,true)
(177,12,true)
(179,12,true)
(182,12,true)
(184,12,true)
(186,12,true)
(188,12,true)
(189,12,true)
(194,12,true)
(195,12,true)
(1,13,false)
(3,13,false)
(16,13,false)
(20,13,false)
(23,13,false)
(26,13,false)
(27,13,false)
(28,13,false)
(33,13,true)
(38,13,false)
(42,13,true)
(54,13,true)
(55,13,true)
(57,13,true)
(59,13,true)
(61,13,true)
(64,13,true)
(65,13,true)
(68,13,false)
(78,13,true)
(79,13,true)
(83,13,true)
(84,13,true)
(85,13,true)
(86,13,true)
(91,13,true)
(92,13,true)
(94,13,true)
(95,13,true)
(97,13,true)
(100,13,true)
(101,13,true)
(104,13,true)
(105,13,true)
(107,13,true)
(108,13,true)
(111,13,true)
(117,13,true)
(119,13,true)
(126,13,true)
(129,13,true)
(130,13,true)
(133,13,true)
(135,13,true)
(136,13,true)
(137,13,true)
(138,13,true)
(148,13,true)
(150,13,true)
(153,13,true)
(154,13,true)
(157,13,false)
(159,13,true)
(160,13,true)
(161,13,true)
(165,13,true)
(168,13,true)
(171,13,true)
(172,13,true)
(174,13,true)
(175,13,true)
(179,13,true)
(182,13,true)
(183,13,true)
(185,13,true)
(188,13,true)
(189,13,true)
(190,13,true)
(194,13,true)
(197,13,true)
(0,14,false)
(1,14,false)
(2,14,false)
(4,14,false)
(6,14,true)
(7,14,false)
(8,14,true)
(11,14,false)
(17,14,false)
(19,14,false)
(20,14,false)
(31,14,false)
(47,14,true)
(51,14,true)
(60,14,true)
(65,14,true)
(77,14,true)
(78,14,true)
(79,14,true)
(83,14,true)
(86,14,true)
(87,14,false)
(89,14,true)
(94,14,true)
(96,14,true)
(99,14,true)
(102,14,true)
(105,14,true)
(110,14,true)
(114,14,true)
(117,14,true)
(125,14,true)
(126,14,true)
(131,14,true)
(132,14,true)
(133,14,true)
(139,14,true)
(141,14,true)
(142,14,true)
(146,14,true)
(147,14,true)
(148,14,true)
(149,14,true)
(151,14,true)
(159,14,true)
(160,14,false)
(163,14,true)
(171,14,true)
(177,14,true)
(180,14,true)
(182,14,true)
(185,14,false)
(188,14,true)
(189,14,true)
(192,14,true)
(194,14,true)
(199,14,true)
(2,15,false)
(3,15,false)
(4,15,false)
(7,15,false)
(11,15,false)
(15,15,false)
(24,15,false)
(25,15,false)
(26,15,false)
(29,15,false)
(31,15,false)
(37,15,false)
(40,15,true)
(45,15,true)
(47,15,true)
(48,15,true)
(52,15,true)
(57,15,true)
(59,15,true)
(60,15,true)
(62,15,true)
(65,15,true)
(66,15,true)
(69,15,true)
(81,15,true)
(87,15,true)
(89,15,true)
(92,15,true)
(95,15,true)
(98,15,true)
(99,15,true)
(101,15,true)
(103,15,true)
(120,15,true)
(122,15,true)
(123,15,true)
(125,15,true)
(131,15,true)
(137,15,true)
(139,15,false)
(142,15,true)
(143,15,true)
(144,15,true)
(152,15,true)
(153,15,true)
(154,15,true)
(156,15,true)
(157,15,true)
(159,15,true)
(166,15,true)
(168,15,true)
(172,15,true)
(177,15,true)
(178,15,true)
(179,15,true)
(181,15,true)
(182,15,true)
(185,15,true)
(186,15,true)
(193,15,false)
(195,15,true)
(197,15,true)
(198,15,true)
(1,16,false)
(2,16,false)
(5,16,false)
(6,16,false)
(8,16,false)
(9,16,false)
(10,16,false)
(21,16,false)
(23,16,true)
(27,16,false)
(33,16,false)
(42,16,true)
(47,16,true)
(48,16,true)
(54,16,true)
(59,16,true)
(61,16,true)
(62,16,true)
(64,16,true)
(65,16,true)
(69,16,true)
(70,16,true)
(74,16,true)
(80,16,true)
(82,16,true)
(87,16,true)
(88,16,true)
(92,16,true)
(94,16,false)
(96,16,true)
(99,16,true)
(104,16,true)
(105,16,true)
(108,16,true)
(110,16,true)
(118,16,true)
(119,16,true)
(122,16,true)
(127,16,true)
(128,16,false)
(133,16,true)
(134,16,true)
(148,16,true)
(149,16,true)
(152,16,true)
(154,16,true)
(155,16,false)
(156,16,true)
(157,16,true)
(158,16,true)
(160,16,true)
(161,16,true)
(170,16,true)
(174,16,true)
(175,16,true)
(177,16,false)
(179,16,true)
(180,16,true)
(181,16,true)
(182,16,true)
(183,16,true)
(191,16,true)
(0,17,false)
(1,17,false)
(2,17,false)
(4,17,false)
(7,17,false)
(12,17,false)
(17,17,false)
(19,17,false)
(25,17,false)
(26,17,false)
(34,17,false)
(38,17,true)
(43,17,true)
(46,17,true)
(50,17,true)
(58,17,true)
(62,17,true)
(63,17,true)
(64,17,true)
(68,17,true)
(72,17,true)
(74,17,true)
(75,17,true)
(83,17,true)
(84,17,true)
(85,17,true)
(88,17,true)
(97,17,true)
(98,17,true)
(99,17,true)
(108,17,true)
(110,17,true)
(111,17,true)
(113,17,true)
(115,17,true)
(117,17,true)
(119,17,true)
(125,17,true)
(126,17,false)
(128,17,true)
(132,17,true)
(136,17,true)
(137,17,true)
(140,17,true)
(141,17,true)
(147,17,true)
(148,17,true)
(149,17,true)
(150,17,true)
(152,17,true)
(153,17,true)
(154,17,true)
(164,17,true)
(172,17,true)
(173,17,true)
(179,17,true)
(180,17,true)
(183,17,true)
(184,17,true)
(191,17,true)
(195,17,true)
(199,17,true)
(10,18,false)
(15,18,false)
(17,18,false)
(19,18,true)
(22,18,false)
(23,18,false)
(25,18,false)
(28,18,false)
(32,18,false)
(33,18,false)
(46,18,true)
(52,18,true)
(53,18,true)
(54,18,true)
(57,18,true)
(58,18,true)
(64,18,true)
(66,18,true)
(67,18,true)
(75,18,true)
(84,18,true)
(90,18,true)
(93,18,true)
(96,18,true)
(100,18,true)
(101,18,true)
(104,18,true)
(113,18,true)
(123,18,true)
(125,18,true)
(128,18,true)
(136,18,true)
(140,18,false)
(142,18,true)
(143,18,true)
(149,18,true)
(151,18,true)
(152,18,true)
(154,18,true)
(157,18,true)
(160,18,true)
(162,18,true)
(163,18,true)
(164,18,true)
(166,18,true)
(167,18,true)
(168,18,true)
(175,18,true)
(180,18,true)
(184,18,true)
(185,18,true)
(187,18,true)
(190,18,true)
(192,18,true)
(193,18,true)
(198,18,true)
(2,19,false)
(5,19,false)
(6,19,false)
(10,19,false)
(12,19,false)
(13,19,false)
(18,19,false)
(26,19,false)
(35,19,false)
(39,19,false)
(40,19,true)
(41,19,true)
(43,19,true)
(50,19,true)
(56,19,true)
(58,19,true)
(60,19,true)
(61,19,true)
(67,19,true)
(68,19,true)
(70,19,true)
(73,19,true)
(74,19,true)
(75,19,true)
(76,19,true)
(77,19,true)
(78,19,true)
(90,19,true)
(95,19,true)
(96,19,true)
(102,19,true)
(103,19,true)
(104,19,true)
(109,19,true)
(115,19,true)
(119,19,true)
(121,19,true)
(123,19,false)
(125,19,true)
(126,19,true)
(131,19,true)
(132,19,true)
(133,19,true)
(137,19,true)
(138,19,true)
(140,19,true)
(143,19,true)
(150,19,true)
(152,19,true)
(154,19,true)
(159,19,true)
(161,19,true)
(162,19,true)
(166,19,true)
(169,19,true)
(171,19,true)
(172,19,true)
(177,19,true)
(179,19,true)
(185,19,true)
(186,19,true)
(191,19,true)
(193,19,true)
(196,19,true)
(197,19,true)
(198,19,true)
(12,20,false)
(13,20,false)
(15,20,false)
(18,20,false)
(20,20,false)
(24,20,false)
(25,20,false)
(27,20,false)
(36,20,false)
(40,20,true)
(46,20,true)
(53,20,true)
(56,20,true)
(69,20,true)
(70,20,true)
(74,20,true)
(75,20,true)
(79,20,true)
(84,20,true)
(86,20,true)
(89,20,false)
(90,20,true)
(92,20,true)
(96,20,true)
(97,20,true)
(99,20,true)
(104,20,true)
(108,20,false)
(112,20,true)
(113,20,true)
(117,20,true)
(119,20,true)
(120,20,true)
(122,20,true)
(124,20,true)
(127,20,true)
(128,20,true)
(130,20,true)
(134,20,true)
(135,20,true)
(136,20,true)
(139,20,true)
(141,20,true)
(142,20,true)
(145,20,true)
(147,20,true)
(149,20,true)
(152,20,true)
(159,20,true)
(160,20,true)
(162,20,true)
(165,20,true)
(166,20,true)
(169,20,true)
(183,20,true)
(184,20,true)
(186,20,true)
(187,20,true)
(189,20,true)
(190,20,true)
(191,20,true)
(192,20,true)
(195,20,true)
(197,20,true)
(0,21,false)
(3,21,false)
(5,21,false)
(17,21,true)
(20,21,false)
(21,21,false)
(26,21,false)
(32,21,false)
(34,21,false)
(36,21,false)
(37,21,false)
(43,21,true)
(44,21,true)
(52,21,true)
(59,21,true)
(61,21,true)
(66,21,true)
(69,21,true)
(70,21,true)
(72,21,true)
(76,21,true)
(78,21,true)
(80,21,true)
(81,21,true)
(82,21,true)
(85,21,false)
(88,21,true)
(92,21,true)
(93,21,true)
(94,21,true)
(98,21,true)
(99,21,true)
(102,21,true)
(104,21,false)
(110,21,true)
(114,21,true)
(116,21,true)
(126,21,true)
(130,21,false)
(136,21,true)
(139,21,true)
(143,21,true)
(148,21,true)
(151,21,false)
(152,21,true)
(154,21,true)
(156,21,true)
(160,21,true)
(162,21,true)
(164,21,true)
(166,21,true)
(177,21,true)
(178,21,false)
(180,21,true)
(188,21,true)
(189,21,true)
(191,21,true)
(192,21,true)
(198,21,true)
(2,22,false)
(3,22,false)
(7,22,false)
(11,22,false)
(14,22,false)
(16,22,false)
(17,22,false)
(22,22,false)
(26,22,true)
(28,22,false)
(34,22,true)
(36,22,false)
(41,22,true)
(42,22,true)
(48,22,true)
(51,22,true)
(53,22,true)
(57,22,true)
(60,22,true)
(62,22,true)
(63,22,true)
(69,22,true)
(75,22,true)
(80,22,true)
(84,22,true)
(87,22,true)
(93,22,true)
(95,22,true)
(96,22,true)
(107,22,true)
(110,22,true)
(114,22,true)
(115,22,true)
(120,22,true)
(125,22,true)
(128,22,true)
(130,22,true)
(133,22,true)
(138,22,true)
(146,22,true)
(151,22,true)
(153,22,true)
(158,22,true)
(160,22,true)
(162,22,true)
(164,22,true)
(169,22,true)
(179,22,true)
(181,22,true)
(183,22,true)
(185,22,true)
(186,22,true)
(190,22,true)
(193,22,true)
(195,22,true)
(198,22,true)
(6,23,false)
(7,23,false)
(8,23,true)
(9,23,false)
(15,23,false)
(20,23,true)
(22,23,true)
(23,23,false)
(27,23,true)
(30,23,false)
(32,23,false)
(34,23,false)
(37,23,false)
(44,23,true)
(49,23,true)
(50,23,true)
(53,23,true)
(59,23,true)
(60,23,true)
(61,23,true)
(64,23,true)
(71,23,true)
(72,23,false)
(73,23,true)
(80,23,true)
(84,23,true)
(85,23,true)
(86,23,true)
(88,23,true)
(92,23,true)
(93,23,false)
(97,23,true)
(99,23,true)
(102,23,true)
(106,23,true)
(110,23,true)
(112,23,true)
(115,23,true)
(121,23,true)
(122,23,true)
(126,23,true)
(133,23,true)
(135,23,true)
(137,23,true)
(143,23,true)
(153,23,true)
(167,23,true)
(168,23,true)
(169,23,true)
(172,23,true)
(173,23,true)
(174,23,true)
(175,23,true)
(176,23,true)
(181,23,true)
(185,23,true)
(190,23,true)
(191,23,true)
(192,23,true)
(193,23,true)
(194,23,true)
(197,23,true)
(3,24,false)
(4,24,false)
(10,24,false)
(13,24,false)
(15,24,false)
(16,24,false)
(17,24,false)
(21,24,false)
(24,24,false)
(25,24,false)
(29,24,false)
(30,24,false)
(32,24,false)
(34,24,false)
(39,24,false)
(47,24,true)
(52,24,true)
(58,24,true)
(60,24,false)
(66,24,true)
(69,24,true)
(70,24,true)
(71,24,true)
(76,24,true)
(80,24,true)
(82,24,true)
(91,24,true)
(92,24,true)
(93,24,true)
(96,24,true)
(102,24,true)
(104,24,true)
(107,24,true)
(108,24,false)
(109,24,true)
(110,24,true)
(115,24,true)
(117,24,true)
(121,24,true)
(122,24,true)
(140,24,true)
(142,24,true)
(148,24,true)
(152,24,true)
(153,24,true)
(156,24,true)
(157,24,true)
(161,24,true)
(167,24,false)
(173,24,true)
(176,24,true)
(179,24,true)
(185,24,true)
(187,24,false)
(190,24,true)
(196,24,true)
(198,24,true)
(0,25,false)
(4,25,false)
(10,25,false)
(11,25,false)
(13,25,false)
(15,25,false)
(21,25,false)
(29,25,false)
(37,25,false)
(44,25,true)
(45,25,true)
(51,25,true)
(56,25,true)
(57,25,true)
(58,25,true)
(61,25,true)
(62,25,true)
(65,25,true)
(66,25,true)
(67,25,false)
(69,25,true)
(75,25,true)
(79,25,true)
(80,25,true)
(85,25,true)
(89,25,true)
(92,25,true)
(98,25,true)
(107,25,true)
(109,25,true)
(110,25,true)
(111,25,true)
(120,25,true)
(124,25,true)
(130,25,true)
(136,25,true)
(141,25,true)
(143,25,true)
(150,25,true)
(154,25,true)
(155,25,true)
(156,25,true)
(157,25,true)
(159,25,true)
(162,25,true)
(164,25,true)
(170,25,true)
(171,25,true)
(173,25,true)
(179,25,true)
(184,25,true)
(185,25,true)
(187,25,true)
(193,25,true)
(194,25,true)
(198,25,true)
(1,26,false)
(3,26,false)
(5,26,false)
(6,26,false)
(7,26,false)
(8,26,false)
(14,26,false)
(18,26,false)
(19,26,false)
(20,26,false)
(21,26,false)
(27,26,false)
(32,26,false)
(33,26,false)
(35,26,false)
(41,26,true)
(45,26,true)
(46,26,true)
(50,26,true)
(52,26,true)
(53,26,true)
(56,26,true)
(60,26,true)
(64,26,true)
(66,26,true)
(67,26,true)
(78,26,true)
(83,26,true)
(84,26,true)
(87,26,true)
(98,26,true)
(105,26,true)
(111,26,false)
(112,26,true)
(114,26,true)
(124,26,true)
(126,26,true)
(128,26,true)
(133,26,true)
(135,26,true)
(144,26,true)
(148,26,true)
(150,26,false)
(157,26,true)
(158,26,true)
(159,26,true)
(160,26,true)
(161,26,true)
(162,26,true)
(164,26,true)
(165,26,true)
(174,26,true)
(181,26,false)
(184,26,true)
(185,26,true)
(190,26,true)
(192,26,true)
(193,26,true)
(196,26,true)
(197,26,true)
(6,27,false)
(7,27,false)
(13,27,false)
(16,27,false)
(17,27,false)
(18,27,false)
(21,27,true)
(22,27,false)
(23,27,false)
(31,27,false)
(36,27,false)
(38,27,false)
(40,27,true)
(44,27,true)
(45,27,true)
(52,27,true)
(73,27,true)
(74,27,true)
(80,27,true)
(82,27,true)
(87,27,true)
(89,27,false)
(98,27,true)
(101,27,true)
(107,27,true)
(110,27,true)
(112,27,true)
(115,27,true)
(119,27,true)
(127,27,true)
(128,27,true)
(132,27,false)
(139,27,true)
(153,27,true)
(154,27,true)
(156,27,true)
(157,27,true)
(162,27,true)
(163,27,true)
(165,27,true)
(166,27,true)
(169,27,true)
(180,27,true)
(182,27,true)
(185,27,true)
(190,27,true)
(193,27,true)
(194,27,true)
(1,28,false)
(8,28,false)
(12,28,false)
(20,28,false)
(21,28,false)
(22,28,false)
(23,28,false)
(26,28,false)
(37,28,false)
(40,28,true)
(41,28,true)
(42,28,true)
(53,28,true)
(55,28,true)
(63,28,true)
(66,28,true)
(70,28,true)
(71,28,true)
(79,28,true)
(81,28,true)
(82,28,true)
(84,28,true)
(88,28,false)
(89,28,true)
(94,28,true)
(95,28,true)
(97,28,true)
(99,28,true)
(102,28,true)
(104,28,true)
(110,28,true)
(111,28,true)
(112,28,true)
(114,28,true)
(129,28,true)
(136,28,true)
(144,28,true)
(147,28,true)
(148,28,true)
(152,28,true)
(158,28,true)
(168,28,true)
(169,28,true)
(172,28,true)
(177,28,true)
(180,28,false)
(181,28,true)
(183,28,true)
(189,28,true)
(190,28,true)
(195,28,true)
(198,28,false)
(1,29,false)
(3,29,false)
(4,29,false)
(9,29,false)
(16,29,true)
(17,29,false)
(20,29,false)
(21,29,false)
(26,29,false)
(30,29,false)
(32,29,false)
(34,29,false)
(35,29,false)
(38,29,false)
(39,29,false)
(43,29,true)
(47,29,true)
(50,29,true)
(52,29,true)
(59,29,true)
(64,29,true)
(65,29,true)
(67,29,true)
(72,29,true)
(79,29,true)
(82,29,true)
(83,29,true)
(90,29,true)
(95,29,true)
(100,29,true)
(103,29,true)
(106,29,true)
(108,29,true)
(110,29,true)
(114,29,false)
(115,29,true)
(117,29,true)
(122,29,true)
(131,29,true)
(135,29,true)
(136,29,true)
(138,29,true)
(143,29,true)
(146,29,true)
(150,29,true)
(157,29,true)
(162,29,true)
(163,29,true)
(167,29,false)
(178,29,true)
(183,29,true)
(185,29,true)
(186,29,true)
(197,29,true)
(0,30,false)
(5,30,false)
(6,30,false)
(7,30,true)
(8,30,true)
(10,30,true)
(17,30,false)
(20,30,false)
(24,30,false)
(31,30,false)
(34,30,false)
(42,30,true)
(46,30,true)
(66,30,true)
(67,30,true)
(68,30,true)
(69,30,true)
(72,30,true)
(83,30,true)
(84,30,true)
(87,30,false)
(93,30,false)
(94,30,true)
(95,30,true)
(110,30,true)
(117,30,true)
(119,30,true)
(122,30,true)
(124,30,true)
(129,30,true)
(138,30,false)
(139,30,true)
(141,30,true)
(147,30,true)
(151,30,true)
(158,30,true)
(167,30,true)
(170,30,true)
(176,30,true)
(183,30,true)
(190,30,true)
(191,30,true)
(193,30,true)
(196,30,true)
(197,30,true)
(2,31,false)
(4,31,false)
(6,31,false)
(8,31,true)
(9,31,false)
(16,31,false)
(18,31,false)
(26,31,false)
(28,31,false)
(40,31,true)
(41,31,true)
(45,31,true)
(47,31,true)
(57,31,true)
(60,31,true)
(62,31,true)
(63,31,true)
(71,31,true)
(73,31,true)
(74,31,true)
(81,31,true)
(87,31,true)
(90,31,true)
(92,31,true)
(93,31,false)
(98,31,true)
(101,31,true)
(103,31,true)
(104,31,true)
(116,31,true)
(117,31,true)
(119,31,true)
(121,31,true)
(126,31,true)
(127,31,true)
(143,31,true)
(147,31,true)
(154,31,true)
(164,31,true)
(166,31,true)
(167,31,true)
(169,31,true)
(170,31,true)
(171,31,true)
(173,31,true)
(175,31,true)
(176,31,true)
(177,31,true)
(179,31,true)
(183,31,true)
(187,31,true)
(190,31,true)
(191,31,true)
(193,31,true)
(3,32,false)
(5,32,false)
(7,32,false)
(13,32,true)
(20,32,false)
(24,32,false)
(25,32,false)
(31,32,false)
(32,32,false)
(36,32,false)
(41,32,true)
(47,32,true)
(52,32,true)
(57,32,true)
(65,32,true)
(70,32,true)
(74,32,true)
(76,32,true)
(80,32,true)
(81,32,true)
(85,32,true)
(96,32,true)
(98,32,true)
(99,32,true)
(100,32,true)
(107,32,true)
(110,32,true)
(117,32,true)
(120,32,true)
(121,32,true)
(123,32,true)
(124,32,true)
(128,32,true)
(139,32,true)
(140,32,true)
(145,32,true)
(148,32,true)
(149,32,true)
(151,32,false)
(153,32,true)
(158,32,true)
(163,32,true)
(166,32,true)
(172,32,true)
(173,32,true)
(178,32,true)
(191,32,true)
(5,33,false)
(7,33,false)
(8,33,false)
(11,33,false)
(12,33,false)
(13,33,false)
(15,33,false)
(29,33,false)
(34,33,false)
(39,33,false)
(45,33,true)
(47,33,true)
(48,33,true)
(50,33,true)
(51,33,true)
(52,33,true)
(54,33,true)
(61,33,true)
(64,33,true)
(65,33,true)
(67,33,true)
(70,33,true)
(91,33,true)
(93,33,true)
(95,33,true)
(97,33,true)
(98,33,true)
(100,33,true)
(101,33,true)
(103,33,true)
(110,33,true)
(116,33,true)
(117,33,true)
(122,33,true)
(133,33,true)
(134,33,true)
(135,33,true)
(137,33,true)
(147,33,true)
(150,33,true)
(153,33,true)
(156,33,false)
(163,33,true)
(165,33,true)
(166,33,true)
(179,33,true)
(187,33,true)
(195,33,true)
(1,34,false)
(2,34,false)
(5,34,false)
(6,34,false)
(7,34,false)
(17,34,false)
(18,34,false)
(22,34,false)
(26,34,false)
(29,34,false)
(32,34,false)
(35,34,false)
(37,34,false)
(39,34,false)
(42,34,true)
(45,34,true)
(46,34,true)
(56,34,true)
(58,34,true)
(59,34,true)
(61,34,true)
(66,34,true)
(68,34,true)
(74,34,true)
(77,34,true)
(79,34,true)
(85,34,true)
(90,34,true)
(93,34,true)
(111,34,true)
(112,34,true)
(113,34,false)
(124,34,true)
(125,34,true)
(127,34,true)
(132,34,true)
(138,34,true)
(141,34,true)
(142,34,true)
(143,34,true)
(146,34,true)
(158,34,true)
(173,34,true)
(178,34,true)
(181,34,true)
(182,34,true)
(187,34,true)
(195,34,true)
(196,34,true)
(197,34,true)
(198,34,true)
(3,35,false)
(5,35,false)
(19,35,false)
(22,35,false)
(26,35,false)
(30,35,false)
(34,35,false)
(39,35,false)
(44,35,true)
(48,35,true)
(55,35,true)
(60,35,true)
(61,35,true)
(64,35,true)
(67,35,true)
(68,35,true)
(72,35,true)
(79,35,true)
(83,35,true)
(85,35,true)
(89,35,true)
(92,35,true)
(107,35,false)
(108,35,true)
(114,35,true)
(115,35,true)
(116,35,true)
(119,35,true)
(121,35,true)
(122,35,false)
(132,35,true)
(133,35,true)
(137,35,true)
(146,35,true)
(148,35,true)
(150,35,true)
(151,35,true)
(153,35,true)
(155,35,true)
(157,35,true)
(158,35,true)
(165,35,false)
(171,35,true)
(176,35,true)
(188,35,true)
(189,35,true)
(192,35,true)
(3,36,false)
(9,36,false)
(12,36,false)
(15,36,false)
(17,36,false)
(19,36,false)
(24,36,false)
(25,36,false)
(33,36,false)
(37,36,false)
(39,36,false)
(46,36,true)
(57,36,true)
(60,36,true)
(62,36,true)
(71,36,true)
(78,36,true)
(81,36,true)
(83,36,true)
(84,36,true)
(89,36,true)
(94,36,true)
(96,36,true)
(101,36,true)
(106,36,true)
(109,36,true)
(110,36,true)
(112,36,true)
(119,36,true)
(120,36,true)
(121,36,true)
(124,36,true)
(132,36,false)
(134,36,false)
(135,36,true)
(137,36,true)
(139,36,true)
(147,36,true)
(150,36,true)
(156,36,true)
(163,36,true)
(166,36,true)
(173,36,true)
(175,36,true)
(178,36,true)
(179,36,true)
(181,36,true)
(197,36,true)
(0,37,false)
(2,37,false)
(4,37,false)
(8,37,true)
(17,37,false)
(19,37,false)
(22,37,false)
(29,37,false)
(33,37,false)
(49,37,true)
(53,37,true)
(54,37,true)
(55,37,true)
(58,37,true)
(62,37,true)
(67,37,true)
(81,37,true)
(83,37,true)
(84,37,true)
(85,37,false)
(88,37,false)
(89,37,true)
(103,37,true)
(106,37,true)
(107,37,true)
(112,37,true)
(113,37,true)
(119,37,true)
(121,37,true)
(122,37,true)
(127,37,true)
(128,37,true)
(134,37,true)
(143,37,true)
(157,37,true)
(166,37,true)
(167,37,true)
(170,37,true)
(171,37,true)
(177,37,true)
(184,37,true)
(189,37,true)
(193,37,true)
(195,37,true)
(196,37,true)
(197,37,true)
(11,38,false)
(12,38,false)
(15,38,false)
(16,38,false)
(22,38,false)
(24,38,false)
(27,38,false)
(32,38,false)
(39,38,false)
(40,38,true)
(43,38,true)
(44,38,true)
(46,38,true)
(49,38,true)
(57,38,true)
(59,38,true)
(60,38,false)
(61,38,true)
(64,38,true)
(66,38,true)
(67,38,true)
(71,38,true)
(73,38,true)
(79,38,true)
(86,38,true)
(90,38,true)
(93,38,true)
(94,38,false)
(95,38,true)
(98,38,true)
(99,38,true)
(103,38,false)
(104,38,true)
(112,38,true)
(119,38,true)
(127,38,true)
(130,38,true)
(131,38,true)
(134,38,true)
(137,38,false)
(144,38,true)
(146,38,true)
(158,38,true)
(161,38,true)
(168,38,true)
(170,38,true)
(173,38,true)
(177,38,true)
(189,38,true)
(190,38,true)
(196,38,true)
(0,39,false)
(1,39,false)
(2,39,false)
(5,39,false)
(13,39,false)
(14,39,false)
(24,39,false)
(31,39,false)
(37,39,true)
(41,39,true)
(43,39,true)
(50,39,true)
(54,39,true)
(62,39,true)
(68,39,true)
(69,39,true)
(72,39,true)
(73,39,true)
(83,39,true)
(97,39,true)
(102,39,true)
(104,39,true)
(105,39,true)
(113,39,true)
(115,39,true)
(128,39,true)
(139,39,true)
(148,39,true)
(149,39,true)
(159,39,true)
(162,39,true)
(166,39,true)
(170,39,true)
(174,39,true)
(176,39,true)
(184,39,true)
(186,39,true)
(187,39,true)
(189,39,true)
(190,39,true)
(191,39,true)
(0,40,false)
(11,40,false)
(13,40,false)
(16,40,false)
(21,40,false)
(27,40,false)
(29,40,false)
(30,40,false)
(33,40,false)
(36,40,false)
(41,40,true)
(49,40,false)
(50,40,true)
(57,40,true)
(59,40,true)
(61,40,true)
(69,40,true)
(76,40,true)
(78,40,true)
(82,40,true)
(84,40,true)
(87,40,true)
(90,40,true)
(95,40,true)
(103,40,true)
(105,40,true)
(107,40,true)
(110,40,true)
(112,40,true)
(116,40,true)
(129,40,true)
(134,40,true)
(145,40,true)
(147,40,true)
(153,40,true)
(154,40,true)
(155,40,true)
(158,40,true)
(177,40,true)
(185,40,true)
(193,40,true)
(196,40,true)

(191,18)
(179,5)
(56,15)
(21,30)
(127,15)
(198,14)
(68,33)
(33,7)
(186,6)
(47,3)
(94,6)
(98,28)
(72,11)
(100,11)
(140,28)
(30,28)
(147,1)
(33,9)
(74,33)
(99,6)
(142,31)
(26,26)
(24,7)
(30,16)
(159,10)
(146,18)
(44,17)
(37,7)
(177,17)
(64,5)
(134,31)
(57,27)
(159,4)
(45,18)
(82,25)
(47,28)
(172,3)
(98,16)
(59,14)
(163,10)
(100,36)
(153,9)
(39,39)
(178,18)
(161,35)
(125,23)
(172,33)
(136,10)
(116,26)
(75,14)
(192,40)
(120,26)
(104,30)
(56,29)
(186,32)
(60,4)
(54,35)
(182,18)
(9,40)
(55,21)
(120,23)
(125,11)
(53,29)
(198,17)
(113,23)
(58,6)
(53,13)
(168,37)
(20,36)
(79,40)
(158,33)
(52,39)
(54,14)
(28,5)
(113,33)
(124,10)
(138,26)
(139,28)
(136,38)
(188,17)
(163,23)
(74,37)
(133,20)
(26,7)
(166,22)
(0,22)
(87,37)
(60,40)
(33,15)
(161,31)
(176,34)
(128,5)
(176,19)
(52,19)
(7,37)
(10,21)
(13,21)
(62,27)
(145,33)
(187,35)
(15,5)
(199,24)
(22,5)
(123,39)
(59,30)
(41,6)
(156,26)
(154,20)
(34,18)
(132,20)
(38,7)
(172,14)
(6,29)
(59,2)
(160,0)
(175,33)
(161,15)
(162,14)
(187,10)
(48,37)
(131,33)
(182,7)
(58,13)
(138,18)
(117,2)
(5,37)
(29,4)
(174,3)
(164,13)
(193,13)
(23,6)
(2,28)
(47,39)
(125,40)
(34,36)
(190,14)
(151,4)
(23,2)
(146,25)
(106,8)
(23,35)
(145,29)
(4,22)
(142,37)
(123,34)
(112,2)
(9,15)
(106,2)
(9,25)
(156,31)
(124,38)
(119,15)
(9,5)
(8,22)
(30,5)
(35,15)
(149,37)
(25,13)
(97,3)
(133,25)
(131,17)
(20,17)
(100,12)
(167,27)
(134,18)
(50,2)
(197,27)
(56,24)
(16,17)
(196,3)
(17,4)
(194,10)
(120,18)
(103,11)
(95,34)
(163,35)
(162,9)
(64,7)
(83,19)
(148,37)
(53,0)
(106,33)
(110,4)
(16,9)
(149,34)
(1,8)
(162,30)
(129,4)
(151,27)
(138,32)
(56,13)
(15,40)
(104,23)
(139,25)
(102,26)
(192,38)
(128,4)
(136,5)
(4,2)
(128,9)
(195,14)
(183,3)
(70,5)
(133,36)
(99,12)
(38,3)
(159,28)
(187,7)
(173,4)
(16,1)
(31,4)
(29,31)
(169,33)
(162,28)
(132,40)
(189,31)
(106,13)
(72,0)
(53,35)
(82,39)
(188,10)
(39,3)
(113,16)
(62,18)
(174,27)
(156,23)
(168,16)
(107,10)
(53,36)
(157,1)
(79,19)
(37,17)
(42,19)
(66,2)
(17,39)
(139,5)
(165,0)
(199,8)
(187,14)
(30,27)
(180,37)
(51,24)
(167,4)
(44,39)
(148,3)
(78,28)
(99,7)
(129,22)
(44,24)
(19,19)
(72,20)
(133,17)
(93,28)
(97,21)
(190,12)
(4,35)
(173,8)
(71,0)
(119,18)
(5,28)
(0,28)
(116,39)
(28,15)
(125,33)
(73,16)
(126,40)
(13,8)
(113,14)
(41,33)
(147,4)
(169,25)
(180,4)
(71,5)
(193,6)
(33,25)
(56,22)
(70,23)
(166,1)
(162,2)
(69,23)
(119,14)
(21,17)
(157,4)
(145,23)
(43,16)
(122,11)
(3,40)
(197,11)
(157,38)
(71,18)
(80,12)
(152,23)
(172,27)
(180,36)
(98,29)
(157,9)
(48,18)
(183,39)
(144,8)
(72,34)
(49,30)
(63,3)
(9,22)
(9,30)
(149,15)
(105,25)
(127,26)
(198,27)
(134,13)
(104,27)
(5,36)
(2,23)
(82,17)
(106,12)
(192,33)
(96,1)
(110,13)
(190,15)
(169,40)
(136,32)
(42,40)
(180,8)
(187,37)
(148,30)
(159,21)
(126,15)
(65,28)
(140,9)
(116,17)
(196,35)
(93,20)
(127,7)
(171,32)
(87,1)
(175,15)
(13,36)
(159,9)
(22,11)
(130,27)
(33,12)
(38,4)
(14,1)
(194,19)
(54,11)
(101,3)
(190,3)
(71,22)
(159,22)
(18,5)
(8,19)
(69,29)
(27,7)
(8,29)
(101,38)
(171,39)
(64,28)
(40,40)
(4,20)
(186,21)
(77,5)
(116,22)
(14,10)
(102,25)
(189,16)
(155,17)
(117,19)
(35,25)
(46,31)
(178,30)
(21,18)
(128,19)
(173,16)
(67,7)
(147,39)
(193,4)
(116,1)
(35,38)
(79,15)
(154,28)
(159,32)
(142,17)
(43,32)
(141,10)
(99,18)
(150,39)
(138,31)
(150,14)
(10,6)
(3,11)
(109,7)
(152,26)
(95,18)
(68,23)
(0,23)
(153,28)
(140,20)
(28,24)
(183,12)
(20,38)
(46,6)
(158,3)
(99,22)
(68,5)
(152,4)
(98,0)
(16,20)
(32,37)
(135,15)
(99,34)
(52,20)
(163,39)
(102,7)
(94,0)
(186,31)
(24,21)
(73,4)
(30,1)
(68,3)
(188,34)
(101,23)
(6,1)
(19,28)
(1,15)
(99,19)
(65,7)
(34,19)
(105,27)
(31,26)
(69,11)
(145,17)
(93,16)
(15,27)
(165,14)
(193,12)
(141,0)
(191,37)
(3,2)
(143,20)
(73,37)
(40,5)
(156,7)
(94,4)
(164,24)
(166,13)
(192,5)
(15,17)
(75,9)
(60,2)
(170,18)
(116,20)
(69,36)
(110,18)
(107,14)
(33,34)
(198,31)
(86,37)
(30,12)
(92,10)
(185,21)
(70,22)
(10,9)
(89,19)
(94,33)
(12,14)
(6,11)
(128,25)
(86,12)
(131,26)
(140,34)
(178,27)
(87,32)
(55,16)
(115,40)
(89,3)
(20,31)
(48,19)
(32,27)
(78,18)
(23,32)
(108,18)
(198,26)
(45,3)
(37,11)
(115,37)
(40,18)
(41,23)
(152,9)
(57,3)
(111,35)
(155,18)
(156,9)
(197,33)
(34,34)
(118,21)
(113,12)
(134,29)
(74,13)
(29,20)
(104,40)
(24,26)
(106,15)
(124,29)
(60,39)
(89,38)
(81,30)
(136,16)
(77,18)
(130,11)
(58,4)
(183,34)
(95,1)
(73,40)
(127,21)
(36,15)
(48,32)
(112,18)
(12,27)
(109,6)
(112,33)
(122,27)
(37,38)
(53,4)
(130,30)
(170,9)
(9,7)
(36,26)
(44,13)
(105,28)
(169,24)
(173,13)
(180,6)
(72,18)
(46,21)
(27,31)
(113,3)
(139,23)
(62,12)
(126,8)
(176,28)
(115,36)
(99,30)
(115,14)
(163,19)
(50,18)
(124,6)
(125,26)
(100,8)
(13,34)
(29,16)
(58,1)
(189,2)
(33,19)
(55,40)
(165,19)
(67,6)
(90,16)
(137,21)
(114,8)
(19,24)
(20,37)
(0,29)
(24,10)
(167,20)
(18,4)
(91,23)
(142,0)
(10,13)
(121,18)
(127,13)
(7,40)
(161,37)
(105,17)
(35,18)
(183,19)
(81,19)
(127,33)
(154,8)
(89,34)
(173,12)
(149,8)
(107,20)
(90,23)
(12,4)
(3,14)
(73,6)
(195,8)
(13,18)
(175,11)
(53,6)
(32,36)
(101,21)
(170,32)
(143,8)
(62,32)
(48,31)
(100,10)
(44,7)
(143,11)
(60,16)
(128,28)
(73,12)
(173,5)
(134,11)
(50,21)
(154,14)
(15,19)
(165,16)
(153,25)
(69,14)
(194,34)
(170,6)
(178,38)
(120,30)
(161,22)
(44,32)
(182,37)
(195,23)
(106,4)
(166,23)
(46,24)
(185,30)
(135,6)
(155,14)
(85,24)
(170,28)
(81,34)
(49,8)
(97,11)
(88,18)
(60,9)
(58,21)
(14,11)
(190,7)
(185,36)
(37,13)
(94,35)
(77,40)
(5,15)
(120,37)
(60,6)
(81,40)
(145,18)
(40,34)
(93,25)
(158,21)
(98,13)
(166,10)
(128,40)
(187,15)
(86,29)
(56,8)
(68,37)
(45,13)
(76,22)
(96,28)
(153,6)
(106,19)
(162,34)
(174,11)
(137,27)
(166,2)
(90,25)
(34,32)
(96,29)
(95,10)
(198,23)
(165,5)
(122,38)
(120,9)
(185,1)
(112,31)
(161,33)
(72,33)
(82,13)
(34,8)
(132,37)
(125,28)
(74,5)
(38,23)
(124,19)
(120,13)
(187,32)
(130,37)
(131,8)
(46,33)
(150,16)
(146,23)
(45,21)
(170,24)
(190,25)
(123,36)
(115,32)
(1,25)
(185,3)
(74,15)
(143,3)
(182,33)
(116,29)
(146,9)
(189,17)
(148,10)
(10,26)
(40,25)
(33,21)
(85,40)
(40,12)
(114,31)
(75,30)
(62,9)
(113,38)
(153,4)
(70,27)
(150,6)
(110,15)
(193,17)
(162,31)
(49,12)
(90,15)
(84,19)
(174,40)
(142,26)
(153,10)
(151,6)
(130,32)
(163,5)
(161,4)
(98,3)
(1,18)
(107,36)
(159,3)
(157,2)
(24,23)
(57,21)
(152,30)
(155,29)
(155,24)
(61,0)
(4,5)
(3,10)
(44,3)
(114,16)
(20,25)
(90,9)
(173,18)
(142,30)
(75,23)
(197,35)
(167,8)
(39,27)
(0,9)
(50,38)
(154,36)
(39,28)
(138,25)
(80,34)
(135,24)
(22,1)
(18,32)
(105,31)
(85,8)
(115,10)
(160,30)
(20,8)
(137,14)
(6,40)
(167,1)
(149,22)
(185,5)
(87,34)
(22,14)
(98,10)
(179,26)
(166,24)
(144,18)
(89,9)
(102,32)
(136,22)
(51,10)
(142,21)
(172,5)
(91,3)
(181,18)
(177,18)
(181,9)
(164,7)
(10,8)
(78,33)
(13,37)
(128,1)
(4,21)
(100,27)
(88,27)
(177,23)
(31,10)
(158,31)
(56,40)
(150,34)
(158,8)
(181,38)
(85,12)
(32,15)
(11,8)
(163,0)
(87,17)
(127,23)
(63,40)
(133,2)
(29,18)
(189,26)
(82,31)
(94,5)
(162,16)
(58,3)
(95,4)
(159,30)
(122,31)
(9,10)
(35,23)
(170,35)
(161,7)
(8,11)
(73,14)
(100,26)
(102,40)
(85,28)
(69,5)
(151,26)
(10,11)
(49,39)
(62,5)
(70,17)
(80,19)
(47,11)
(62,14)
(59,0)
(143,39)
(198,5)
(82,8)
(19,33)
(47,5)
(130,26)
(12,1)
(74,11)
(143,14)
(155,13)
(130,29)
(7,31)
(45,35)
(182,8)
(100,30)
(148,19)
(166,16)
(79,30)
(34,37)
(54,3)
(38,30)
(113,40)
(113,30)
(2,18)
(29,36)
(13,15)
(191,10)
(20,33)
(121,15)
(167,35)
(167,16)
(181,13)
(122,2)
(43,20)
(84,3)
(197,18)
(106,21)
(29,11)
(39,12)
(23,17)
(186,25)
(139,2)
(53,12)
(176,16)
(158,29)
(139,24)
(187,17)
(53,32)
(126,24)
(104,34)
(85,11)
(191,27)
(92,8)
(12,8)
(196,29)
(76,20)
(56,16)
(127,11)
(143,33)
(138,10)
(184,24)
(38,1)
(182,23)
(144,36)
(118,36)
(144,19)
(171,5)
(132,21)
(39,8)
(100,9)
(189,19)
(4,8)
(159,37)
(83,22)
(99,39)
(50,12)
(190,37)
(16,8)
(194,31)
(130,4)
(59,22)
(93,19)
(180,22)
(19,16)
(4,6)
(134,24)
(156,11)
(106,10)
(84,33)
(155,4)
(128,11)
(155,34)
(31,8)
(18,21)
(176,25)
(9,33)
(142,40)
(199,37)
(127,14)
(67,28)
(77,33)
(1,36)
(181,24)
(41,11)
(173,6)
(25,28)
(149,29)
(44,15)
(20,4)
(169,4)
(99,31)
(124,16)
(43,3)
(77,8)
(65,21)
(135,39)
(20,35)
(160,5)
(104,4)
(15,39)
(0,13)
(39,11)
(80,3)
(44,2)
(47,8)
(44,36)
(20,16)
(2,13)
(59,1)
(120,16)
(89,6)
(43,40)
(187,26)
(5,10)
(100,39)
(112,35)
(108,37)
(193,38)
(107,8)
(140,22)
(69,26)
(175,0)
(132,22)
(27,21)
(163,34)
(79,31)
(66,17)
(9,11)
(48,29)
(152,36)
(182,1)
(37,20)
(125,32)
(132,18)
(169,5)
(27,2)
(130,16)
(34,1)
(50,32)
(53,8)
(43,4)
(60,8)
(102,37)
(176,27)
(151,17)
(43,25)
(9,2)
(98,40)
(53,7)
(98,2)
(68,18)
(72,27)
(112,22)
(139,35)
(57,23)
(136,27)
(30,31)
(69,12)
(65,1)
(120,21)
(24,40)
(133,37)
(199,33)
(132,39)
(134,17)
(121,14)
(166,3)
(120,19)
(80,31)
(110,6)
(133,40)
(196,13)
(105,11)
(154,35)
(33,24)
(189,22)
(147,37)
(128,21)
(146,19)
(47,6)
(93,5)
(117,16)
(60,25)
(169,6)
(79,3)
(98,20)
(151,28)
(0,10)
(142,8)
(45,23)
(192,22)
(197,14)
(26,8)
(41,36)
(121,22)
(55,25)
(16,18)
(93,13)
(146,2)
(138,17)
(158,15)
(169,10)
(55,31)
(51,31)
(170,2)
(188,37)
(3,37)
(13,6)
(50,25)
(49,22)
(117,4)
(123,33)
(183,27)
(83,9)
(172,26)
(57,14)
(31,34)
(183,10)
(42,17)
(41,18)
(10,2)
(162,8)
(6,35)
(165,29)
(16,33)
(17,31)
(183,32)
(40,17)
(56,30)
(44,0)
(46,9)
(167,5)
(68,1)
(87,36)
(70,15)
(14,37)
(181,12)
(169,16)
(139,29)
(148,5)
(55,32)
(124,1)
(107,29)
(77,25)
(69,6)
(59,18)
(17,32)
(182,29)
(82,7)
(71,10)
(162,35)
(81,22)
(103,7)
(164,1)
(37,24)
(123,17)
(71,3)
(64,2)
(163,17)
(136,33)
(164,38)
(1,35)
(91,28)
(39,1)
(115,34)
(158,10)
(140,37)
(147,5)
(72,36)
(162,23)
(103,17)
(101,29)
(155,33)
(157,17)
(1,27)
(19,22)
(177,34)
(131,24)
(177,3)
(44,5)
(37,4)
(38,6)
(128,36)
(165,37)
(155,7)
(164,5)
(131,21)
(130,3)
(39,18)
(12,13)
(175,27)
(138,37)
(130,15)
(36,2)
(149,33)
(42,39)
(20,19)
(38,21)
(112,14)
(42,33)
(161,30)
(131,11)
(112,32)
(68,6)
(135,35)
(87,2)
(55,38)
(72,6)
(199,1)
(172,30)
(83,33)
(109,14)
(119,40)
(183,9)
(70,35)
(128,31)
(28,14)
(137,16)
(130,18)
(126,5)
(83,10)
(102,3)
(21,0)
(110,26)
(132,32)
(79,36)
(112,13)
(145,36)
(161,5)
(6,18)
(148,38)
(167,26)
(126,7)
(149,38)
(151,40)
(196,0)
(176,10)
(45,37)
(125,13)
(103,2)
(124,17)
(121,28)
(124,4)
(133,8)
(38,38)
(43,8)
(9,27)
(161,20)
(178,11)
(21,36)
(6,7)
(32,1)
(38,0)
(129,26)
(140,5)
(100,28)
(109,16)
(30,30)
(107,28)
(7,6)
(32,2)
(194,24)
(23,26)
(142,35)
(30,4)
(30,22)
(73,13)
(161,29)
(176,13)
(82,20)
(92,22)
(30,14)
(169,12)
(161,39)
(114,18)
(47,1)
(199,32)
(74,9)
(171,7)
(145,39)
(181,7)
(175,17)
(92,3)
(144,32)
(34,9)
(168,8)
(85,16)
(152,38)
(144,22)
(5,1)
(59,24)
(3,16)
(194,33)
(87,8)
(109,18)
(195,6)
(46,39)
(20,40)
(31,24)
(20,27)
(123,38)
(15,22)
(11,13)
(182,36)
(36,17)
(176,5)
(6,5)
(72,9)
(69,13)
(125,35)
(94,24)
(38,24)
(181,30)
(112,4)
(110,10)
(67,36)
(14,14)
(128,34)
(180,10)
(41,29)
(160,7)
(17,16)
(141,21)
(132,31)
(8,27)
(199,25)
(174,29)
(123,5)
(149,11)
(59,26)
(199,16)
(164,0)
(18,36)
(43,34)
(30,36)
(80,30)
(187,27)
(0,15)
(128,14)
(56,4)
(134,0)
(194,2)
(35,33)
(158,36)
(103,21)
(184,6)
(189,0)
(28,6)
(165,1)
(148,8)
(19,21)
(185,8)
(172,2)
(183,2)
(104,5)
(67,13)
(106,30)
(67,31)
(50,11)
(163,40)
(54,24)
(20,18)
(130,14)
(69,10)
(64,24)
(12,22)
(145,26)
(8,17)
(147,22)
(108,5)
(150,21)
(52,40)
(116,32)
(188,40)
(16,26)
(126,12)
(102,8)
(184,10)
(20,9)
(171,21)
(31,1)
(117,27)
(31,18)
(110,7)
(126,10)
(128,23)
(182,39)
(24,13)
(103,26)
(121,2)
(28,10)
(100,22)
(118,0)
(153,19)
(36,25)
(117,1)
(109,8)
(23,15)
(89,18)
(187,12)
(21,14)
(7,21)
(70,37)
(76,9)
(57,26)
(35,9)
(4,26)
(44,6)
(130,2)
(185,39)
(172,40)
(178,12)
(15,28)
(8,3)
(137,30)
(164,40)
(152,0)
(141,16)
(194,9)
(25,14)
(6,6)
(150,3)
(10,17)
(105,22)
(164,33)
(170,21)
(65,23)
(41,35)
(7,3)
(44,34)
(83,5)
(66,37)
(121,27)
(90,26)
(10,29)
(106,7)
(123,2)
(101,6)
(90,4)
(16,11)
(51,15)
(181,31)
(41,27)
(66,29)
(138,27)
(189,11)
(59,35)
(74,26)
(84,16)
(141,4)
(122,3)
(30,2)
(92,0)
(16,25)
(158,37)
(195,13)
(196,1)
(147,13)
(139,17)
(6,21)
(62,28)
(103,39)
(182,22)
(53,25)
(178,2)
(119,25)
(71,15)
(46,8)
(194,29)
(51,4)
(163,13)
(76,35)
(82,12)
(87,24)
(125,12)
(61,32)
(150,24)
(59,32)
(168,27)
(152,7)
(143,5)
(181,4)
(92,39)
(31,40)
(20,22)
(2,30)
(28,30)
(119,10)
(13,17)
(93,29)
(132,11)
(19,27)
(86,10)
(97,24)
(73,17)
(138,4)
(95,5)
(188,1)
(121,30)
(58,30)
(56,31)
(145,8)
(23,20)
(78,30)
(165,28)
(77,7)
(101,19)
(122,25)
(91,40)
(168,22)
(79,37)
(59,19)
(108,9)
(24,6)
(72,22)
(167,40)
(86,4)
(164,16)
(30,37)
(144,21)
(119,4)
(109,22)
(119,24)
(132,28)
(174,4)
(12,10)
(7,10)
(112,17)
(142,39)
(153,26)
(92,27)
(15,26)
(184,14)
(82,36)
(151,20)
(199,30)
(136,23)
(62,11)
(96,30)
(168,2)
(190,8)
(2,10)
(46,14)
(167,12)
(143,7)
(104,2)
(198,8)
(58,8)
(92,14)
(172,37)
(146,17)
(125,5)
(58,10)
(61,10)
(63,0)
(52,1)
(147,18)
(2,33)
(33,23)
(111,32)
(144,23)
(47,18)
(89,22)
(36,14)
(182,17)
(159,16)
(89,24)
(108,15)
(129,37)
(168,5)
(10,3)
(155,15)
(185,35)
(7,4)
(65,18)
(197,4)
(145,38)
(140,0)
(19,40)
(153,7)
(78,27)
(60,32)
(90,10)
(66,13)
(48,27)
(133,18)
(68,9)
(68,2)
(145,22)
(140,25)
(172,24)
(51,27)
(111,40)
(123,22)
(119,33)
(120,10)
(21,10)
(42,37)
(185,20)
(31,7)
(132,7)
(99,35)
(166,30)
(71,32)
(191,33)
(46,15)
(130,34)
(2,25)
(153,18)
(57,7)
(131,6)
(91,6)
(124,14)
(83,21)
(44,31)
(7,8)
(137,37)
(124,5)
(13,13)
(35,12)
(135,21)
(56,39)
(30,33)
(8,5)
(197,24)
(155,30)
(14,15)
(182,21)
(119,34)
(168,35)
(154,23)
(116,9)
(54,28)
(66,10)
(3,18)
(105,21)
(168,39)
(22,26)
(0,24)
(94,26)
(14,3)
(25,30)
(185,17)
(38,28)
(8,38)
(67,24)
(3,34)
(160,17)
(140,14)
(193,21)
(66,20)
(68,32)
(178,10)
(44,28)
(80,18)
(110,35)
(14,4)
(148,31)
(110,20)
(77,32)
(64,32)
(89,13)
(4,36)
(158,17)
(46,25)
(142,12)
(186,37)
(6,9)
(53,34)
(49,17)
(59,37)
(195,32)
(23,38)
(135,30)
(46,29)
(55,15)
(159,6)
(10,23)
(35,16)
(138,24)
(170,27)
(136,37)
(137,9)
(66,31)
(127,8)
(5,25)
(165,32)
(116,10)
(12,9)
(191,12)
(162,38)
(48,7)
(165,9)
(80,39)
(18,3)
(130,40)
(4,34)
(68,14)
(128,30)
(158,12)
(100,20)
(52,22)
(8,20)
(124,21)
(186,34)
(21,15)
(75,28)
(136,11)
(10,0)
(116,37)
(32,14)
(16,16)
(98,1)
(131,1)
(175,6)
(79,12)
(34,40)
(87,23)
(57,11)
(18,11)
(44,14)
(119,28)
(8,2)
(84,12)
(92,19)
(52,23)
(195,35)
(27,22)
(11,11)
(145,37)
(131,16)
(80,15)
(140,36)
(139,13)
(181,14)
(166,40)
(15,7)
(165,18)
(186,2)
(182,40)
(10,27)
(2,29)
(110,3)
(196,32)
(155,27)
(152,32)
(39,25)
(101,26)
(85,39)
(50,30)
(92,30)
(159,35)
(176,1)
(186,27)
(183,38)
(47,13)
(151,15)
(153,39)
(190,19)
(196,22)
(191,4)
(99,40)
(190,34)
(29,19)
(131,3)
(147,11)
(52,13)
(118,29)
(106,39)
(182,32)
(9,20)
(13,22)
(185,33)
(40,37)
(199,7)
(9,12)
(79,27)
(103,32)
(117,34)
(191,29)
(151,23)
(112,6)
(36,39)
(124,15)
(100,24)
(17,9)
(164,19)
(70,13)
(58,29)
(135,11)
(20,34)
(101,16)
(188,8)
(138,35)
(180,15)
(58,14)
(53,21)
(59,7)
(153,1)
(25,19)
(75,26)
(102,18)
(185,9)
(192,30)
(107,26)
(187,23)
(146,33)
(62,21)
(127,0)
(197,17)
(71,19)
(87,28)
(97,25)
(172,25)
(132,30)
(196,5)
(12,21)
(101,34)
(27,35)
(129,20)
(109,21)
(81,35)
(120,27)
(111,9)
(152,25)
(123,13)
(66,40)
(170,17)
(97,19)
(124,23)
(27,34)
(33,38)
(145,27)
(192,9)
(78,4)
(54,20)
(3,8)
(42,21)
(95,2)
(128,35)
(118,26)
(11,32)
(67,40)
(144,27)
(112,7)
(169,15)
(41,16)
(130,33)
(126,32)
(122,17)
(157,30)
(21,20)
(6,10)
(181,11)
(49,1)
(79,5)
(94,22)
(63,21)
(78,7)
(92,37)
(25,29)
(129,12)
(153,34)
(155,28)
(186,24)
(31,20)
(71,16)
(48,12)
(158,5)
(142,29)
(29,32)
(50,34)
(184,40)
(23,7)
(111,3)
(50,14)
(180,25)
(137,25)
(58,35)
(168,40)
(177,25)
(91,15)
(120,6)
(130,23)
(48,11)
(151,10)
(130,35)
(104,29)
(19,13)
(181,25)
(73,34)
(34,10)
(99,25)
(179,4)
(19,39)
(36,37)
(173,14)
(182,30)
(109,13)
(164,29)
(65,10)
(57,12)
(95,25)
(175,3)
(197,21)
(72,32)
(68,12)
(150,30)
(52,34)
(52,9)
(157,20)
(7,7)
(174,19)
(141,13)
(61,8)
(161,2)
(99,3)
(98,12)
(143,13)
(171,33)
(151,9)
(8,0)
(90,17)
(145,24)
(8,15)
(193,11)
(16,10)
(5,6)
(2,36)
(27,33)
(28,9)
(78,39)
(193,3)
(14,12)
(199,31)
(53,15)
(80,38)
(79,22)
(59,25)
(3,39)
(141,31)
(153,38)
(126,3)
(17,25)
(172,20)
(77,13)
(156,28)
(31,2)
(3,31)
(5,20)
(60,17)
(71,9)
(62,19)
(44,33)
(105,37)
(165,21)
(46,22)
(3,23)
(142,32)
(196,12)
(100,38)
(93,36)
(138,2)
(191,34)
(187,30)
(142,25)
(102,0)
(20,12)
(9,38)
(170,3)
(102,4)
(133,29)
(142,33)
(144,14)
(62,24)
(103,24)
(43,30)
(40,29)
(121,8)
(179,40)
(44,40)
(1,3)
(199,26)
(54,21)
(138,12)
(146,39)
(4,13)
(87,18)
(130,24)
(106,26)
(174,2)
(163,2)
(90,36)
(58,38)
(36,7)
(135,25)
(9,8)
(17,26)
(197,32)
(171,26)
(5,29)
(157,12)
(195,11)
(146,40)
(106,38)
(37,16)
(24,37)
(118,17)
(72,26)
(111,16)
(143,40)
(179,1)
(181,35)
(84,38)
(14,21)
(145,19)
(45,9)
(62,1)
(150,22)
(121,34)
(85,29)
(141,5)
(192,6)
(28,19)
(87,19)
(132,23)
(3,38)
(23,31)
(197,12)
(114,12)
(177,13)
(130,39)
(51,37)
(93,14)
(57,24)
(9,34)
(46,13)
(159,8)
(66,16)
(39,15)
(30,25)
(134,32)
(195,4)
(163,22)
(96,31)
(80,28)
(2,32)
(105,38)
(109,20)
(145,30)
(37,37)
(122,13)
(108,19)
(27,30)
(44,16)
(170,29)
(61,39)
(158,24)
(21,2)
(61,20)
(126,36)
(123,29)
(21,37)
(56,7)
(20,7)
(103,4)
(175,2)
(37,40)
(115,9)
(199,27)
(171,15)
(17,40)
(75,13)
(97,30)
(159,34)
(197,22)
(75,29)
(113,2)
(126,37)
(102,31)
(71,30)
(189,25)
(72,38)
(118,31)
(38,18)
(173,26)
(70,3)
(56,38)
(45,6)
(130,31)
(195,29)
(15,31)
(115,33)
(139,18)
(172,8)
(86,39)
(120,39)
(123,37)
(36,3)
(5,18)
(129,5)
(6,13)
(41,4)
(100,2)
(183,25)
(155,19)
(136,31)
(127,22)
(45,36)
(145,5)
(0,3)
(46,10)
(107,7)
(18,18)
(19,8)
(182,25)
(175,7)
(83,15)
(13,26)
(128,15)
(152,12)
(104,22)
(17,15)
(8,40)
(84,35)
(45,38)
(63,16)
(5,24)
(15,37)
(167,14)
(140,21)
(82,5)
(40,35)
(109,30)
(25,25)
(148,25)
(95,24)
(26,9)
(114,30)
(173,22)
(94,8)
(87,21)
(128,13)
(19,11)
(119,22)
(192,19)
(89,39)
(57,4)
(42,26)
(7,9)
(4,38)
(106,16)
(34,14)
(127,35)
(4,9)
(21,19)
(142,10)
(68,38)
(1,24)
(25,37)
(47,26)
(158,39)
(83,6)
(175,12)
(126,27)
(171,27)
(70,26)
(30,7)
(104,26)
(43,13)
(9,14)
(82,26)
(143,35)
(103,23)
(168,14)
(118,30)
(58,9)
(164,39)
(71,21)
(149,13)
(51,21)
(44,30)
(90,22)
(170,36)
(108,28)
(173,27)
(123,30)
(135,32)
(187,13)
(28,20)
(5,23)
(30,10)
(148,33)
(101,12)
(148,22)
(96,37)
(97,27)
(6,36)
(150,37)
(112,3)
(15,13)
(89,7)
(152,27)
(113,10)
(131,13)
(150,11)
(164,27)
(149,28)
(65,27)
(64,19)
(114,36)
(48,30)
(165,34)
(175,19)
(18,13)
(62,30)
(87,13)
(62,13)
(68,7)
(68,4)
(102,34)
(31,36)
(162,12)
(38,34)
(144,13)
(191,6)
(66,3)
(90,2)
(110,19)
(33,22)
(98,9)
(172,38)
(163,25)
(56,23)
(64,20)
(178,16)
(91,35)
(189,33)
(58,20)
(17,23)
(145,13)
(53,40)
(180,13)
(95,32)
(131,39)
(50,20)
(128,12)
(100,5)
(160,29)
(71,27)
(4,10)
(195,26)
(98,24)
(47,30)
(56,37)
(27,12)
(106,18)
(52,28)
(186,3)
(86,17)
(113,22)
(53,2)
(160,39)
(170,15)
(73,20)
(155,38)
(34,20)
(40,21)
(21,9)
(12,40)
(17,13)
(198,38)
(174,9)
(48,10)
(161,6)
(27,36)
(189,23)
(5,14)
(171,28)
(158,6)
(44,37)
(177,4)
(165,38)
(88,11)
(100,16)
(162,40)
(32,13)
(195,40)
(149,21)
(118,39)
(155,26)
(170,8)
(18,14)
(126,28)
(0,16)
(75,16)
(98,39)
(37,35)
(198,20)
(109,4)
(80,40)
(3,28)
(53,27)
(57,19)
(184,29)
(141,40)
(149,9)
(88,40)
(174,25)
(111,24)
(196,15)
(166,26)
(71,12)
(100,17)
(15,14)
(51,32)
(12,15)
(125,30)
(10,31)
(51,13)
(193,32)
(24,4)
(78,17)
(135,14)
(67,0)
(62,35)
(169,2)
(199,11)
(65,39)
(153,20)
(138,8)
(82,38)
(193,39)
(121,10)
(144,11)
(86,36)
(178,14)
(43,28)
(19,31)
(72,13)
(148,18)
(158,23)
(90,13)
(34,31)
(55,24)
(190,32)
(192,27)
(12,24)
(40,24)
(172,21)
(112,21)
(166,25)
(63,9)
(26,38)
(80,1)
(141,18)
(193,33)
(139,8)
(2,26)
(114,1)
(91,26)
(115,38)
(175,32)
(82,37)
(164,35)
(86,21)
(73,29)
(182,31)
(12,18)
(11,20)
(10,20)
(121,4)
(28,16)
(27,9)
(127,3)
(38,14)
(194,40)
(62,40)
(170,40)
(136,40)
(192,31)
(185,16)
(143,12)
(177,2)
(30,20)
(8,21)
(78,22)
(60,5)
(16,35)
(4,7)
(164,15)
(107,31)
(153,21)
(155,22)
(110,12)
(162,15)
(58,33)
(49,36)
(171,0)
(106,1)
(111,15)
(48,28)
(170,1)
(74,23)
(21,23)
(61,14)
(172,22)
(113,13)
(83,28)
(146,4)
(18,1)
(76,23)
(128,8)
(131,36)
(177,27)
(177,1)
(113,32)
(67,15)
(22,12)
(82,19)
(161,34)
(156,5)
(146,31)
(32,39)
(24,33)
(53,11)
(9,24)
(39,40)
(126,33)
(137,20)
(143,24)
(115,21)
(35,28)
(66,11)
(184,38)
(185,31)
(27,5)
(31,33)
(39,23)
(156,18)
(1,19)
(9,21)
(8,13)
(122,12)
(129,2)
(180,3)
(111,18)
(35,31)
(11,28)
(23,8)
(25,12)
(158,25)
(154,7)
(137,34)
(96,23)
(190,21)
(99,11)
(161,21)
(116,25)
(39,30)
(98,30)
(99,37)
(40,14)
(190,33)
(66,22)
(91,10)
(199,36)
(135,34)
(197,38)
(38,39)
(93,1)
(179,37)
(162,24)
(187,19)
(163,9)
(194,22)
(119,11)
(42,10)
(45,22)
(72,15)
(137,18)
(121,20)
(79,16)
(114,5)
(156,12)
(40,13)
(165,17)
(33,33)
(144,33)
(110,31)
(56,35)
(164,10)
(183,4)
(49,5)
(114,15)
(65,19)
(21,22)
(131,5)
(132,25)
(121,13)
(5,8)
(184,31)
(72,12)
(127,17)
(155,6)
(110,9)
(98,19)
(42,6)
(59,17)
(181,37)
(191,22)
(24,27)
(53,16)
(168,21)
(178,17)
(105,29)
(175,38)
(167,22)
(14,23)
(55,18)
(144,34)
(39,17)
(99,36)
(67,17)
(137,28)
(134,15)
(125,9)
(144,31)
(64,11)
(125,7)
(160,6)
(76,27)
(108,14)
(59,28)
(22,29)
(16,5)
(96,26)
(162,32)
(114,27)
(178,20)
(109,38)
(177,26)
(10,22)
(92,40)
(59,27)
(24,14)
(199,12)
(158,20)
(144,24)
(25,3)
(156,29)
(24,34)
(156,3)
(191,28)
(84,29)
(23,9)
(79,26)
(25,11)
(62,29)
(178,28)
(36,10)
(50,28)
(162,17)
(29,22)
(186,17)
(46,40)
(161,25)
(37,10)
(94,11)
(173,40)
(58,39)
(67,14)
(33,20)
(151,33)
(66,19)
(186,23)
(171,20)
(112,25)
(70,38)
(156,37)
(90,30)
(41,30)
(98,14)
(20,24)
(176,40)
(67,12)
(139,11)
(154,11)
(17,10)
(167,33)
(26,14)
(189,1)
(106,32)
(148,36)
(78,37)
(196,14)
(32,7)
(173,15)
(113,29)
(193,5)
(2,20)
(40,8)
(6,17)
(176,11)
(191,36)
(173,3)
(53,17)
(159,12)
(89,29)
(38,10)
(152,31)
(96,34)
(62,6)
(146,32)
(127,24)
(76,13)
(54,26)
(104,0)
(2,9)
(40,4)
(109,27)
(9,18)
(161,40)
(178,33)
(35,20)
(21,35)
(181,19)
(193,16)
(154,22)
(173,33)
(155,36)
(93,32)
(194,11)
(163,31)
(117,26)
(36,6)
(192,37)
(69,32)
(12,26)
(159,18)
(176,15)
(153,14)
(165,25)
(57,16)
(107,17)
(103,16)
(84,1)
(188,0)
(124,35)
(145,14)
(151,2)
(111,7)
(173,35)
(199,4)
(139,10)
(169,14)
(37,12)
(14,35)
(193,10)
(115,16)
(11,23)
(56,21)
(15,29)
(25,4)
(158,14)
(163,7)
(118,9)
(128,33)
(44,19)
(80,2)
(162,33)
(190,5)
(169,30)
(116,27)
(166,28)
(187,21)
(80,13)
(16,39)
(185,6)
(43,15)
(71,34)
(103,14)
(182,10)
(18,9)
(27,10)
(90,12)
(177,9)
(43,27)
(122,9)
(199,23)
(83,34)
(20,15)
(176,26)
(27,37)
(0,8)
(1,33)
(81,5)
(1,11)
(12,29)
(110,37)
(90,8)
(188,31)
(175,40)
(181,39)
(102,20)
(173,21)
(93,40)
(69,38)
(158,19)
(133,34)
(179,7)
(120,2)
(136,30)
(75,39)
(105,30)
(171,17)
(139,22)
(1,6)
(137,8)
(176,18)
(127,25)
(72,19)
(23,37)
(20,3)
(10,10)
(118,27)
(99,26)
(20,39)
(91,21)
(83,16)
(158,11)
(53,19)
(101,10)
(168,9)
(31,22)
(45,32)
(88,36)
(150,12)
(190,35)
(36,34)
(151,16)
(6,38)
(191,15)
(133,31)
(19,29)
(81,6)
(100,21)
(147,3)
(89,8)
(19,30)
(170,13)
(79,11)
(114,40)
(44,22)
(43,24)
(51,7)
(136,35)
(39,21)
(52,16)
(31,13)
(159,36)
(129,23)
(155,37)
(90,35)
(60,27)
(137,40)
(163,26)
(156,8)
(48,6)
(50,35)
(197,25)
(27,17)
(116,16)
(57,20)
(141,29)
(125,10)
(17,28)
(19,25)
(137,39)
(28,25)
(139,37)
(127,40)
(63,27)
(48,17)
(145,25)
(25,26)
(62,34)
(198,37)
(124,27)
(60,13)
(159,38)
(93,17)
(144,35)
(92,29)
(191,26)
(96,35)
(78,11)
(53,33)
(166,38)
(115,3)
(89,17)
(27,24)
(17,20)
(146,15)
(161,27)
(185,37)
(144,9)
(58,22)
(170,26)
(68,16)
(9,39)
(140,33)
(103,34)
(152,22)
(180,29)
(186,40)
(93,37)
(171,23)
(168,30)
(59,20)
(175,25)
(30,8)
(197,16)
(123,14)
(42,32)
(107,34)
(66,14)
(17,38)
(121,33)
(75,31)
(196,25)
(65,0)
(186,33)
(157,8)
(183,14)
(80,35)
(185,28)
(108,4)
(41,17)
(194,16)
(117,6)
(187,29)
(47,23)
(179,0)
(23,10)
(136,14)
(94,23)
(9,37)
(62,7)
(40,6)
(190,40)
(166,12)
(126,6)
(107,12)
(143,38)
(185,12)
(123,20)
(92,33)
(112,12)
(52,37)
(32,17)
(64,39)
(83,8)
(92,4)
(168,17)
(41,14)
(189,29)
(172,1)
(152,29)
(65,31)
(102,13)
(59,33)
(175,39)
(49,7)
(116,18)
(133,24)
(90,37)
(173,19)
(19,32)
(183,7)
(168,12)
(156,40)
(98,34)
(108,30)
(68,25)
(168,20)
(29,13)
(5,38)
(188,29)
(93,35)
(40,22)
(126,38)
(31,28)
(191,14)
(16,30)
(192,24)
(185,32)
(27,18)
(113,25)
(140,15)
(139,40)
(8,25)
(62,20)
(5,22)
(66,35)
(113,36)
(55,22)
(70,40)
(11,37)
(90,21)
(94,32)
(80,20)
(183,37)
(69,35)
(85,19)
(174,35)
(129,19)
(110,34)
(56,17)
(198,39)
(138,38)
(43,33)
(157,32)
(149,26)
(116,23)
(80,17)
(139,4)
(3,17)
(134,28)
(9,6)
(189,32)
(171,22)
(187,40)
(161,18)
(58,15)
(194,6)
(54,15)
(30,39)
(35,17)
(124,31)
(79,39)
(39,22)
(21,38)
(82,32)
(23,25)
(153,8)
(54,19)
(118,34)
(183,40)
(18,35)
(128,24)
(53,38)
(84,6)
(194,35)
(65,38)
(162,37)
(47,25)
(128,38)
(69,17)
(85,27)
(198,30)
(168,36)
(85,30)
(111,0)
(126,18)
(93,10)
(74,35)
(28,21)
(40,32)
(149,36)
(97,40)
(123,8)
(16,37)
(105,20)
(16,0)
(192,32)
(195,21)
(32,22)
(66,39)
(3,25)
(15,8)
(147,23)
(13,10)
(185,34)
(13,28)
(47,36)
(2,24)
(23,11)
(81,3)
(96,40)
(82,23)
(69,1)
(67,22)
(52,17)
(124,24)
(196,9)
(87,33)
(118,8)
(118,37)
(33,17)
(177,11)
(61,31)
(10,14)
(17,19)
(54,12)
(93,26)
(69,19)
(146,26)
(78,2)
(11,39)
(63,38)
(94,31)
(76,28)
(62,33)
(91,11)
(182,19)
(167,6)
(184,35)
(24,31)
(60,33)
(134,19)
(147,12)
(87,29)
(95,31)
(121,26)
(122,39)
(132,16)
(177,24)
(141,38)
(191,24)
(49,21)
(95,17)
(106,11)
(170,22)
(94,29)
(184,34)
(90,33)
(28,34)
(98,22)
(35,14)
(89,16)
(11,2)
(152,37)
(135,27)
(143,17)
