100 Users
55 Files
3500 Transactions
2 Maximum Connections
1 Cycle Length per Upload-Download
0 Warm-up Transactions
0.400000 Zipf constant
5 Pre-Trusted Users
60 Well-Behaved (Good) Users
40 Purely Malicious Users
0 Feedback Skewing Users
0 Malignant Providing Users
0 Disguised Malicous Users
0 Sybil Attack Users
true Intelligent Trans. Generation
1561007036593 Trace Generation Seed

(0.053974,0.000000,1,false)
(0.059100,0.000000,1,false)
(0.050072,0.000000,1,false)
(0.018463,0.000000,1,false)
(0.053277,0.000000,1,false)
(0.001749,0.000000,1,false)
(0.087756,0.000000,1,false)
(0.009031,0.000000,1,false)
(0.046378,0.000000,1,false)
(0.054391,0.000000,1,false)
(0.004425,0.000000,1,false)
(0.041315,0.000000,1,false)
(0.073049,0.000000,1,false)
(0.058185,0.000000,1,false)
(0.029961,0.000000,1,false)
(0.089321,0.000000,1,false)
(0.031146,0.000000,1,false)
(0.065037,0.000000,1,false)
(0.089056,0.000000,1,false)
(0.073518,0.000000,1,false)
(0.051141,0.000000,1,false)
(0.061288,0.000000,1,false)
(0.074168,0.000000,1,false)
(0.098739,0.000000,1,false)
(0.031587,0.000000,1,false)
(0.056545,0.000000,1,false)
(0.025380,0.000000,1,false)
(0.059540,0.000000,1,false)
(0.082819,0.000000,1,false)
(0.071337,0.000000,1,false)
(0.080345,0.000000,1,false)
(0.037984,0.000000,1,false)
(0.049405,0.000000,1,false)
(0.037458,0.000000,1,false)
(0.025975,0.000000,1,false)
(0.056760,0.000000,1,false)
(0.020559,0.000000,1,false)
(0.045649,0.000000,1,false)
(0.017620,0.000000,1,false)
(0.079186,0.000000,1,false)
(0.907840,1.000000,0,true)
(0.963292,1.000000,0,true)
(0.968826,1.000000,0,true)
(0.933108,1.000000,0,true)
(0.985947,1.000000,0,true)
(0.965838,1.000000,0,false)
(0.921111,1.000000,0,false)
(0.984202,1.000000,0,false)
(0.958089,1.000000,0,false)
(0.940687,1.000000,0,false)
(0.949372,1.000000,0,false)
(0.908443,1.000000,0,false)
(0.985754,1.000000,0,false)
(0.947229,1.000000,0,false)
(0.961126,1.000000,0,false)
(0.923320,1.000000,0,false)
(0.907977,1.000000,0,false)
(0.949493,1.000000,0,false)
(0.931974,1.000000,0,false)
(0.976661,1.000000,0,false)
(0.969122,1.000000,0,false)
(0.972980,1.000000,0,false)
(0.923682,1.000000,0,false)
(0.921794,1.000000,0,false)
(0.995944,1.000000,0,false)
(0.976621,1.000000,0,false)
(0.907805,1.000000,0,false)
(0.991356,1.000000,0,false)
(0.942024,1.000000,0,false)
(0.976294,1.000000,0,false)
(0.993975,1.000000,0,false)
(0.986785,1.000000,0,false)
(0.938283,1.000000,0,false)
(0.969910,1.000000,0,false)
(0.937243,1.000000,0,false)
(0.956304,1.000000,0,false)
(0.993259,1.000000,0,false)
(0.987018,1.000000,0,false)
(0.908550,1.000000,0,false)
(0.999366,1.000000,0,false)
(0.976191,1.000000,0,false)
(0.918237,1.000000,0,false)
(0.956426,1.000000,0,false)
(0.909996,1.000000,0,false)
(0.989691,1.000000,0,false)
(0.971454,1.000000,0,false)
(0.966460,1.000000,0,false)
(0.955393,1.000000,0,false)
(0.996854,1.000000,0,false)
(0.952894,1.000000,0,false)
(0.937840,1.000000,0,false)
(0.979392,1.000000,0,false)
(0.910199,1.000000,0,false)
(0.981523,1.000000,0,false)
(0.943474,1.000000,0,false)
(0.923040,1.000000,0,false)
(0.976625,1.000000,0,false)
(0.915142,1.000000,0,false)
(0.921714,1.000000,0,false)
(0.966538,1.000000,0,false)

(2,0,false)
(3,0,false)
(4,0,false)
(5,0,false)
(7,0,false)
(8,0,false)
(9,0,false)
(10,0,false)
(11,0,false)
(12,0,false)
(13,0,false)
(14,0,false)
(16,0,false)
(18,0,true)
(19,0,false)
(20,0,false)
(21,0,false)
(22,0,true)
(24,0,false)
(25,0,false)
(26,0,false)
(29,0,false)
(31,0,false)
(33,0,false)
(34,0,false)
(35,0,false)
(36,0,false)
(37,0,false)
(39,0,false)
(40,0,true)
(41,0,true)
(42,0,true)
(43,0,false)
(44,0,true)
(45,0,true)
(46,0,true)
(48,0,true)
(49,0,true)
(50,0,true)
(51,0,true)
(53,0,true)
(54,0,true)
(55,0,true)
(56,0,true)
(57,0,true)
(60,0,true)
(61,0,true)
(63,0,true)
(65,0,true)
(66,0,true)
(67,0,true)
(68,0,true)
(69,0,true)
(72,0,true)
(75,0,true)
(76,0,true)
(77,0,true)
(79,0,true)
(80,0,true)
(81,0,true)
(82,0,true)
(83,0,true)
(84,0,true)
(86,0,true)
(87,0,true)
(88,0,true)
(89,0,true)
(90,0,true)
(91,0,true)
(92,0,true)
(94,0,false)
(95,0,true)
(96,0,true)
(97,0,true)
(98,0,true)
(99,0,true)
(0,1,false)
(2,1,true)
(6,1,false)
(7,1,false)
(8,1,false)
(9,1,false)
(12,1,false)
(13,1,false)
(14,1,false)
(15,1,false)
(17,1,false)
(19,1,false)
(20,1,false)
(21,1,false)
(23,1,false)
(26,1,false)
(27,1,false)
(29,1,false)
(30,1,false)
(31,1,false)
(34,1,false)
(35,1,true)
(36,1,false)
(37,1,false)
(38,1,false)
(39,1,false)
(40,1,true)
(41,1,true)
(42,1,true)
(45,1,true)
(49,1,true)
(50,1,true)
(51,1,true)
(52,1,true)
(53,1,true)
(55,1,false)
(56,1,true)
(57,1,true)
(59,1,true)
(60,1,true)
(61,1,true)
(63,1,true)
(65,1,true)
(66,1,true)
(67,1,true)
(69,1,true)
(71,1,true)
(73,1,true)
(74,1,true)
(76,1,true)
(77,1,true)
(78,1,true)
(79,1,true)
(83,1,true)
(84,1,true)
(86,1,true)
(88,1,true)
(93,1,true)
(94,1,true)
(96,1,true)
(98,1,true)
(99,1,true)
(1,2,false)
(2,2,false)
(3,2,false)
(4,2,false)
(5,2,false)
(6,2,false)
(7,2,false)
(9,2,false)
(10,2,false)
(11,2,false)
(15,2,false)
(16,2,false)
(17,2,false)
(18,2,false)
(21,2,false)
(24,2,true)
(25,2,false)
(26,2,false)
(27,2,false)
(29,2,true)
(30,2,false)
(33,2,false)
(35,2,false)
(37,2,false)
(38,2,false)
(40,2,false)
(41,2,true)
(42,2,true)
(44,2,true)
(48,2,true)
(50,2,true)
(51,2,true)
(52,2,true)
(53,2,true)
(55,2,true)
(56,2,true)
(59,2,true)
(60,2,true)
(61,2,true)
(64,2,true)
(67,2,true)
(68,2,true)
(71,2,true)
(72,2,true)
(73,2,true)
(74,2,true)
(76,2,true)
(80,2,true)
(86,2,true)
(87,2,true)
(88,2,true)
(89,2,false)
(90,2,true)
(92,2,true)
(94,2,true)
(98,2,true)
(0,3,false)
(1,3,false)
(3,3,false)
(5,3,false)
(8,3,false)
(9,3,false)
(10,3,false)
(13,3,false)
(14,3,false)
(16,3,false)
(17,3,false)
(18,3,false)
(19,3,false)
(21,3,false)
(23,3,true)
(24,3,false)
(26,3,false)
(28,3,true)
(29,3,false)
(30,3,false)
(31,3,false)
(33,3,false)
(34,3,false)
(36,3,false)
(37,3,false)
(39,3,false)
(44,3,true)
(46,3,true)
(48,3,false)
(49,3,true)
(50,3,true)
(55,3,true)
(56,3,true)
(59,3,true)
(64,3,true)
(65,3,true)
(66,3,false)
(67,3,true)
(68,3,true)
(70,3,true)
(71,3,true)
(74,3,true)
(77,3,true)
(78,3,true)
(79,3,true)
(81,3,true)
(82,3,true)
(84,3,true)
(85,3,true)
(86,3,true)
(87,3,true)
(88,3,true)
(90,3,true)
(91,3,true)
(92,3,true)
(93,3,true)
(95,3,true)
(98,3,false)
(1,4,false)
(2,4,false)
(5,4,false)
(6,4,false)
(8,4,false)
(9,4,false)
(12,4,false)
(14,4,false)
(15,4,false)
(16,4,false)
(19,4,false)
(20,4,false)
(25,4,true)
(27,4,false)
(28,4,true)
(29,4,false)
(33,4,false)
(34,4,false)
(37,4,false)
(40,4,true)
(47,4,true)
(56,4,true)
(59,4,true)
(65,4,true)
(66,4,true)
(67,4,true)
(68,4,true)
(72,4,true)
(74,4,false)
(75,4,true)
(77,4,true)
(78,4,true)
(79,4,true)
(80,4,true)
(82,4,true)
(83,4,true)
(86,4,true)
(87,4,true)
(88,4,true)
(90,4,true)
(91,4,true)
(92,4,true)
(93,4,true)
(95,4,true)
(98,4,true)
(99,4,true)
(1,5,false)
(2,5,false)
(3,5,false)
(5,5,false)
(12,5,false)
(13,5,false)
(14,5,false)
(18,5,false)
(21,5,false)
(23,5,false)
(24,5,false)
(27,5,false)
(30,5,false)
(31,5,false)
(32,5,false)
(34,5,false)
(35,5,false)
(37,5,false)
(38,5,false)
(39,5,false)
(44,5,true)
(45,5,true)
(47,5,true)
(49,5,true)
(50,5,true)
(51,5,true)
(52,5,true)
(55,5,true)
(59,5,true)
(65,5,true)
(69,5,true)
(71,5,true)
(76,5,true)
(81,5,true)
(84,5,true)
(90,5,true)
(91,5,true)
(92,5,true)
(93,5,true)
(94,5,true)
(96,5,true)
(98,5,true)
(5,6,false)
(7,6,false)
(9,6,true)
(11,6,false)
(13,6,false)
(14,6,false)
(19,6,false)
(24,6,false)
(25,6,true)
(31,6,false)
(34,6,false)
(36,6,false)
(38,6,false)
(41,6,true)
(42,6,true)
(44,6,true)
(45,6,true)
(48,6,true)
(49,6,true)
(50,6,true)
(56,6,true)
(57,6,true)
(58,6,false)
(60,6,true)
(61,6,true)
(63,6,true)
(64,6,true)
(65,6,true)
(75,6,true)
(77,6,true)
(79,6,true)
(80,6,true)
(82,6,true)
(85,6,true)
(87,6,true)
(89,6,true)
(94,6,true)
(96,6,true)
(1,7,false)
(2,7,false)
(4,7,false)
(6,7,false)
(7,7,false)
(10,7,false)
(11,7,false)
(12,7,false)
(13,7,false)
(19,7,false)
(21,7,false)
(25,7,false)
(28,7,false)
(35,7,false)
(38,7,false)
(39,7,false)
(41,7,true)
(42,7,true)
(45,7,true)
(46,7,true)
(50,7,true)
(58,7,true)
(60,7,true)
(62,7,true)
(71,7,true)
(72,7,true)
(73,7,true)
(75,7,true)
(76,7,true)
(79,7,true)
(82,7,true)
(84,7,true)
(85,7,true)
(86,7,true)
(90,7,true)
(92,7,true)
(94,7,true)
(98,7,true)
(99,7,true)
(4,8,false)
(5,8,false)
(11,8,false)
(13,8,false)
(14,8,false)
(15,8,false)
(16,8,false)
(17,8,false)
(22,8,true)
(23,8,false)
(24,8,false)
(26,8,false)
(29,8,false)
(30,8,false)
(31,8,false)
(32,8,false)
(34,8,false)
(35,8,false)
(36,8,false)
(37,8,false)
(38,8,false)
(43,8,true)
(45,8,true)
(52,8,true)
(53,8,true)
(54,8,true)
(58,8,true)
(59,8,true)
(62,8,true)
(66,8,true)
(67,8,true)
(72,8,true)
(77,8,true)
(81,8,true)
(82,8,true)
(85,8,true)
(86,8,true)
(88,8,true)
(91,8,true)
(93,8,true)
(94,8,true)
(96,8,true)
(97,8,true)
(0,9,false)
(1,9,false)
(3,9,false)
(9,9,false)
(10,9,false)
(13,9,false)
(15,9,false)
(17,9,false)
(21,9,false)
(23,9,false)
(25,9,false)
(28,9,false)
(31,9,false)
(33,9,false)
(35,9,false)
(41,9,true)
(42,9,true)
(47,9,true)
(50,9,true)
(54,9,true)
(55,9,true)
(56,9,true)
(57,9,true)
(63,9,true)
(64,9,true)
(67,9,true)
(70,9,true)
(73,9,true)
(74,9,true)
(75,9,true)
(76,9,true)
(78,9,false)
(79,9,true)
(84,9,true)
(89,9,true)
(92,9,true)
(93,9,true)
(94,9,true)
(96,9,true)
(1,10,false)
(2,10,false)
(4,10,false)
(5,10,false)
(6,10,false)
(8,10,false)
(13,10,false)
(21,10,false)
(26,10,false)
(32,10,false)
(34,10,false)
(36,10,false)
(39,10,false)
(40,10,true)
(44,10,true)
(50,10,true)
(52,10,true)
(54,10,true)
(55,10,true)
(59,10,true)
(61,10,true)
(62,10,true)
(64,10,true)
(67,10,true)
(69,10,true)
(70,10,true)
(71,10,true)
(72,10,true)
(79,10,true)
(81,10,true)
(82,10,true)
(83,10,true)
(84,10,true)
(85,10,true)
(86,10,true)
(87,10,true)
(89,10,true)
(98,10,true)
(0,11,false)
(3,11,false)
(4,11,false)
(5,11,false)
(6,11,false)
(7,11,false)
(8,11,false)
(9,11,false)
(11,11,false)
(16,11,false)
(19,11,false)
(20,11,false)
(31,11,false)
(34,11,false)
(39,11,false)
(40,11,true)
(42,11,true)
(45,11,true)
(46,11,true)
(47,11,true)
(49,11,true)
(52,11,true)
(53,11,true)
(57,11,true)
(59,11,true)
(60,11,true)
(61,11,true)
(62,11,true)
(63,11,true)
(70,11,true)
(71,11,true)
(73,11,true)
(78,11,true)
(85,11,true)
(86,11,true)
(92,11,false)
(93,11,true)
(95,11,true)
(96,11,true)
(98,11,true)
(99,11,true)
(3,12,false)
(4,12,false)
(5,12,false)
(6,12,false)
(8,12,true)
(11,12,false)
(14,12,false)
(19,12,false)
(24,12,false)
(26,12,false)
(27,12,false)
(28,12,false)
(30,12,false)
(31,12,false)
(34,12,false)
(35,12,false)
(36,12,false)
(44,12,true)
(49,12,true)
(52,12,true)
(53,12,true)
(54,12,true)
(63,12,true)
(64,12,true)
(66,12,true)
(67,12,true)
(70,12,true)
(75,12,true)
(84,12,true)
(90,12,false)
(93,12,true)
(94,12,true)
(95,12,true)
(98,12,true)
(6,13,false)
(11,13,false)
(12,13,false)
(17,13,false)
(18,13,false)
(21,13,false)
(26,13,false)
(27,13,false)
(31,13,false)
(32,13,false)
(33,13,false)
(34,13,false)
(35,13,false)
(36,13,false)
(39,13,false)
(43,13,true)
(45,13,true)
(46,13,true)
(47,13,true)
(48,13,false)
(49,13,true)
(51,13,true)
(52,13,true)
(54,13,true)
(55,13,true)
(57,13,true)
(61,13,true)
(63,13,true)
(67,13,true)
(73,13,true)
(78,13,true)
(85,13,true)
(87,13,true)
(89,13,true)
(91,13,true)
(92,13,true)
(95,13,true)
(99,13,true)
(6,14,false)
(9,14,false)
(10,14,false)
(17,14,false)
(18,14,false)
(19,14,false)
(23,14,false)
(28,14,false)
(30,14,false)
(34,14,false)
(38,14,false)
(39,14,false)
(40,14,true)
(41,14,false)
(45,14,false)
(46,14,true)
(47,14,true)
(50,14,true)
(54,14,true)
(56,14,true)
(58,14,true)
(59,14,true)
(61,14,true)
(64,14,true)
(75,14,true)
(76,14,true)
(77,14,true)
(78,14,true)
(80,14,true)
(88,14,true)
(89,14,true)
(99,14,true)
(2,15,false)
(4,15,false)
(5,15,false)
(11,15,false)
(16,15,false)
(17,15,false)
(20,15,false)
(24,15,false)
(26,15,false)
(30,15,false)
(32,15,false)
(34,15,false)
(37,15,false)
(39,15,false)
(43,15,true)
(47,15,true)
(53,15,true)
(55,15,true)
(57,15,true)
(59,15,true)
(61,15,true)
(63,15,false)
(64,15,true)
(66,15,true)
(67,15,true)
(68,15,true)
(69,15,true)
(71,15,true)
(74,15,true)
(75,15,true)
(76,15,true)
(77,15,true)
(78,15,true)
(79,15,true)
(85,15,true)
(86,15,true)
(87,15,true)
(98,15,true)
(3,16,false)
(13,16,false)
(16,16,false)
(18,16,false)
(20,16,false)
(24,16,false)
(29,16,false)
(32,16,false)
(35,16,false)
(38,16,false)
(55,16,true)
(56,16,false)
(58,16,true)
(61,16,true)
(67,16,true)
(69,16,true)
(70,16,true)
(71,16,true)
(72,16,true)
(76,16,true)
(79,16,true)
(84,16,true)
(85,16,true)
(89,16,true)
(91,16,true)
(95,16,true)
(98,16,true)
(0,17,false)
(1,17,false)
(4,17,false)
(5,17,false)
(7,17,false)
(11,17,false)
(19,17,false)
(31,17,false)
(32,17,false)
(34,17,false)
(37,17,false)
(38,17,false)
(39,17,false)
(41,17,true)
(43,17,true)
(46,17,true)
(49,17,true)
(50,17,true)
(51,17,true)
(52,17,true)
(54,17,true)
(55,17,true)
(57,17,true)
(62,17,true)
(65,17,true)
(66,17,true)
(67,17,true)
(70,17,true)
(74,17,true)
(78,17,true)
(87,17,true)
(90,17,true)
(96,17,true)
(97,17,true)
(0,18,false)
(7,18,false)
(18,18,false)
(25,18,false)
(26,18,false)
(29,18,false)
(34,18,true)
(35,18,false)
(40,18,true)
(49,18,true)
(54,18,true)
(68,18,true)
(71,18,true)
(72,18,true)
(74,18,true)
(79,18,true)
(82,18,true)
(87,18,true)
(88,18,true)
(91,18,true)
(93,18,true)
(95,18,true)
(96,18,true)
(99,18,true)
(2,19,false)
(7,19,false)
(15,19,false)
(19,19,false)
(21,19,false)
(28,19,false)
(37,19,false)
(41,19,true)
(43,19,true)
(44,19,true)
(46,19,true)
(48,19,true)
(53,19,true)
(54,19,true)
(56,19,true)
(57,19,true)
(58,19,false)
(60,19,true)
(61,19,true)
(67,19,true)
(68,19,true)
(74,19,true)
(76,19,true)
(78,19,true)
(81,19,true)
(85,19,true)
(86,19,true)
(89,19,true)
(94,19,true)
(95,19,true)
(97,19,true)
(0,20,false)
(17,20,false)
(21,20,false)
(23,20,false)
(24,20,true)
(26,20,false)
(27,20,false)
(28,20,true)
(30,20,false)
(32,20,false)
(34,20,false)
(36,20,false)
(38,20,false)
(39,20,false)
(42,20,true)
(45,20,true)
(46,20,true)
(58,20,true)
(69,20,true)
(80,20,true)
(86,20,true)
(87,20,true)
(93,20,false)
(94,20,false)
(95,20,true)
(97,20,true)
(6,21,false)
(15,21,false)
(16,21,false)
(18,21,true)
(20,21,false)
(25,21,false)
(27,21,true)
(28,21,false)
(29,21,false)
(36,21,false)
(39,21,false)
(40,21,true)
(42,21,true)
(44,21,true)
(47,21,true)
(52,21,true)
(55,21,true)
(64,21,true)
(66,21,true)
(68,21,true)
(72,21,true)
(74,21,true)
(80,21,true)
(83,21,true)
(86,21,false)
(87,21,true)
(89,21,true)
(90,21,true)
(95,21,true)
(97,21,true)
(98,21,true)
(1,22,false)
(2,22,false)
(11,22,false)
(12,22,false)
(13,22,true)
(14,22,false)
(16,22,false)
(19,22,false)
(22,22,false)
(25,22,false)
(27,22,false)
(28,22,false)
(32,22,true)
(39,22,false)
(43,22,true)
(49,22,true)
(52,22,true)
(57,22,false)
(60,22,true)
(66,22,true)
(74,22,true)
(75,22,true)
(76,22,true)
(84,22,true)
(86,22,true)
(88,22,true)
(90,22,true)
(96,22,true)
(1,23,false)
(2,23,false)
(6,23,false)
(13,23,false)
(14,23,false)
(18,23,true)
(25,23,false)
(26,23,false)
(28,23,true)
(30,23,false)
(32,23,false)
(39,23,false)
(40,23,true)
(42,23,true)
(45,23,true)
(48,23,true)
(49,23,true)
(54,23,true)
(56,23,true)
(72,23,true)
(78,23,true)
(85,23,true)
(86,23,true)
(89,23,true)
(90,23,true)
(93,23,true)
(97,23,true)
(98,23,true)
(99,23,true)
(0,24,false)
(1,24,false)
(5,24,false)
(6,24,false)
(7,24,false)
(13,24,false)
(20,24,false)
(30,24,false)
(38,24,false)
(48,24,true)
(49,24,true)
(51,24,true)
(54,24,true)
(57,24,true)
(60,24,true)
(62,24,true)
(65,24,true)
(67,24,true)
(68,24,false)
(81,24,true)
(82,24,true)
(84,24,true)
(87,24,true)
(89,24,true)
(93,24,true)
(95,24,true)
(96,24,true)
(5,25,false)
(6,25,false)
(8,25,false)
(14,25,false)
(18,25,true)
(19,25,false)
(20,25,false)
(21,25,false)
(22,25,true)
(23,25,false)
(27,25,false)
(28,25,false)
(29,25,true)
(34,25,false)
(39,25,false)
(47,25,true)
(52,25,true)
(54,25,true)
(57,25,true)
(58,25,true)
(70,25,true)
(71,25,true)
(82,25,true)
(90,25,true)
(2,26,false)
(7,26,false)
(17,26,false)
(23,26,true)
(25,26,false)
(28,26,false)
(35,26,false)
(36,26,false)
(39,26,false)
(44,26,true)
(49,26,true)
(61,26,true)
(66,26,true)
(67,26,true)
(68,26,true)
(71,26,true)
(73,26,true)
(83,26,true)
(86,26,true)
(89,26,true)
(90,26,true)
(95,26,true)
(0,27,false)
(1,27,false)
(7,27,false)
(8,27,false)
(11,27,false)
(13,27,false)
(16,27,false)
(22,27,false)
(24,27,false)
(28,27,false)
(29,27,true)
(34,27,false)
(35,27,false)
(44,27,true)
(46,27,true)
(47,27,true)
(49,27,true)
(54,27,true)
(58,27,true)
(60,27,true)
(64,27,true)
(69,27,true)
(71,27,true)
(75,27,true)
(77,27,true)
(83,27,true)
(87,27,true)
(90,27,true)
(94,27,true)
(98,27,true)
(10,28,true)
(13,28,false)
(17,28,false)
(18,28,false)
(23,28,false)
(30,28,false)
(31,28,false)
(35,28,false)
(37,28,false)
(38,28,false)
(39,28,false)
(40,28,true)
(41,28,false)
(44,28,true)
(48,28,true)
(50,28,true)
(53,28,true)
(74,28,true)
(78,28,true)
(79,28,true)
(80,28,true)
(81,28,true)
(84,28,true)
(85,28,true)
(88,28,true)
(90,28,true)
(93,28,true)
(94,28,true)
(96,28,true)
(5,29,false)
(6,29,false)
(9,29,false)
(13,29,false)
(19,29,false)
(21,29,false)
(22,29,true)
(24,29,false)
(29,29,false)
(32,29,false)
(33,29,false)
(37,29,false)
(38,29,false)
(39,29,false)
(42,29,true)
(43,29,true)
(46,29,true)
(47,29,true)
(51,29,true)
(53,29,true)
(54,29,true)
(55,29,true)
(57,29,true)
(59,29,true)
(62,29,false)
(66,29,true)
(70,29,true)
(78,29,true)
(8,30,false)
(10,30,false)
(14,30,false)
(15,30,false)
(17,30,false)
(22,30,false)
(28,30,false)
(39,30,false)
(47,30,true)
(50,30,true)
(52,30,true)
(57,30,true)
(63,30,true)
(65,30,true)
(71,30,true)
(92,30,false)
(94,30,true)
(97,30,true)
(10,31,false)
(19,31,false)
(24,31,false)
(26,31,false)
(31,31,false)
(32,31,false)
(38,31,false)
(46,31,false)
(48,31,true)
(70,31,true)
(78,31,true)
(86,31,true)
(92,31,true)
(93,31,true)
(97,31,true)
(0,32,false)
(5,32,false)
(8,32,false)
(19,32,false)
(28,32,false)
(33,32,false)
(43,32,true)
(46,32,true)
(47,32,true)
(54,32,true)
(65,32,true)
(69,32,true)
(70,32,true)
(81,32,true)
(83,32,false)
(86,32,true)
(91,32,true)
(93,32,true)
(94,32,true)
(1,33,false)
(4,33,false)
(11,33,false)
(14,33,false)
(19,33,false)
(22,33,false)
(23,33,true)
(26,33,false)
(37,33,false)
(43,33,true)
(47,33,true)
(50,33,true)
(51,33,false)
(54,33,true)
(55,33,true)
(57,33,true)
(62,33,true)
(63,33,true)
(68,33,true)
(79,33,true)
(80,33,true)
(81,33,true)
(82,33,true)
(86,33,true)
(87,33,true)
(89,33,true)
(93,33,true)
(94,33,true)
(99,33,true)
(2,34,false)
(11,34,false)
(13,34,false)
(14,34,false)
(17,34,false)
(22,34,false)
(27,34,false)
(34,34,false)
(36,34,false)
(46,34,true)
(48,34,true)
(50,34,true)
(52,34,true)
(59,34,true)
(61,34,true)
(62,34,true)
(71,34,true)
(74,34,true)
(77,34,true)
(9,35,false)
(11,35,false)
(14,35,false)
(20,35,false)
(23,35,false)
(27,35,false)
(42,35,true)
(44,35,true)
(45,35,true)
(53,35,true)
(59,35,true)
(62,35,true)
(64,35,true)
(67,35,true)
(72,35,true)
(77,35,true)
(82,35,true)
(85,35,true)
(96,35,true)
(99,35,true)
(1,36,false)
(7,36,false)
(10,36,false)
(17,36,false)
(20,36,false)
(30,36,false)
(35,36,false)
(39,36,false)
(40,36,true)
(41,36,true)
(43,36,true)
(44,36,true)
(48,36,true)
(49,36,true)
(63,36,true)
(65,36,true)
(79,36,true)
(85,36,true)
(4,37,false)
(12,37,false)
(17,37,false)
(20,37,false)
(21,37,true)
(26,37,false)
(29,37,false)
(31,37,false)
(33,37,false)
(40,37,true)
(48,37,true)
(58,37,true)
(61,37,true)
(69,37,true)
(73,37,true)
(78,37,true)
(81,37,true)
(84,37,true)
(90,37,true)
(94,37,true)
(95,37,true)
(96,37,true)
(97,37,true)
(5,38,false)
(11,38,false)
(13,38,false)
(16,38,false)
(22,38,false)
(23,38,false)
(26,38,false)
(34,38,false)
(48,38,true)
(49,38,true)
(53,38,true)
(59,38,true)
(61,38,true)
(65,38,true)
(67,38,true)
(81,38,true)
(82,38,true)
(88,38,true)
(91,38,true)
(93,38,true)
(98,38,true)
(2,39,false)
(3,39,false)
(15,39,false)
(24,39,false)
(27,39,false)
(28,39,false)
(29,39,false)
(32,39,false)
(34,39,false)
(38,39,false)
(39,39,false)
(42,39,true)
(46,39,true)
(49,39,true)
(72,39,true)
(75,39,true)
(77,39,true)
(79,39,true)
(85,39,true)
(89,39,true)
(91,39,true)
(93,39,true)
(1,40,false)
(7,40,false)
(11,40,false)
(16,40,false)
(17,40,false)
(18,40,false)
(20,40,true)
(23,40,false)
(29,40,false)
(36,40,false)
(44,40,true)
(52,40,true)
(59,40,true)
(63,40,true)
(75,40,true)
(85,40,true)
(93,40,true)
(99,40,true)
(2,41,false)
(14,41,false)
(22,41,false)
(23,41,false)
(28,41,false)
(33,41,false)
(34,41,false)
(39,41,false)
(40,41,true)
(43,41,true)
(47,41,true)
(51,41,true)
(55,41,true)
(66,41,true)
(72,41,true)
(73,41,true)
(76,41,true)
(89,41,true)
(95,41,true)
(96,41,true)
(99,41,true)
(5,42,false)
(6,42,false)
(7,42,false)
(14,42,false)
(20,42,false)
(30,42,true)
(49,42,true)
(51,42,true)
(52,42,false)
(54,42,true)
(58,42,true)
(64,42,true)
(65,42,true)
(68,42,true)
(71,42,true)
(72,42,true)
(73,42,true)
(74,42,true)
(91,42,true)
(99,42,true)
(2,43,false)
(3,43,false)
(8,43,false)
(13,43,false)
(15,43,false)
(19,43,false)
(21,43,false)
(32,43,false)
(38,43,false)
(46,43,true)
(52,43,true)
(53,43,true)
(55,43,true)
(62,43,true)
(73,43,true)
(86,43,true)
(87,43,true)
(88,43,true)
(89,43,true)
(97,43,true)
(4,44,false)
(6,44,false)
(9,44,false)
(12,44,false)
(13,44,false)
(16,44,false)
(20,44,false)
(24,44,false)
(25,44,false)
(30,44,false)
(32,44,false)
(33,44,false)
(36,44,false)
(38,44,false)
(49,44,true)
(54,44,true)
(56,44,true)
(61,44,true)
(70,44,true)
(72,44,true)
(73,44,true)
(78,44,true)
(92,44,true)
(98,44,false)
(3,45,false)
(5,45,false)
(10,45,false)
(26,45,false)
(39,45,false)
(44,45,false)
(45,45,false)
(52,45,true)
(55,45,true)
(56,45,true)
(59,45,true)
(73,45,true)
(78,45,true)
(80,45,true)
(83,45,true)
(96,45,true)
(9,46,false)
(12,46,false)
(14,46,false)
(16,46,false)
(19,46,false)
(24,46,false)
(29,46,false)
(30,46,false)
(38,46,false)
(43,46,true)
(45,46,true)
(51,46,true)
(53,46,true)
(59,46,true)
(64,46,true)
(73,46,true)
(76,46,true)
(9,47,false)
(16,47,false)
(21,47,false)
(29,47,false)
(39,47,false)
(49,47,true)
(50,47,true)
(51,47,true)
(53,47,true)
(54,47,true)
(57,47,true)
(64,47,true)
(66,47,true)
(69,47,true)
(75,47,true)
(80,47,true)
(94,47,true)
(2,48,false)
(22,48,false)
(33,48,false)
(45,48,true)
(46,48,true)
(55,48,false)
(56,48,true)
(58,48,true)
(78,48,true)
(80,48,true)
(87,48,true)
(88,48,true)
(97,48,true)
(5,49,false)
(11,49,true)
(14,49,false)
(19,49,false)
(20,49,false)
(28,49,false)
(29,49,false)
(38,49,false)
(40,49,true)
(47,49,true)
(49,49,true)
(52,49,true)
(55,49,true)
(63,49,true)
(65,49,true)
(71,49,true)
(74,49,true)
(77,49,true)
(83,49,true)
(85,49,true)
(93,49,true)
(94,49,true)
(95,49,true)
(97,49,true)
(1,50,false)
(9,50,false)
(11,50,false)
(22,50,false)
(26,50,false)
(30,50,false)
(31,50,false)
(32,50,false)
(45,50,true)
(49,50,true)
(50,50,true)
(51,50,true)
(52,50,true)
(64,50,true)
(66,50,true)
(68,50,true)
(69,50,true)
(71,50,true)
(76,50,true)
(79,50,true)
(85,50,true)
(91,50,true)
(95,50,true)
(97,50,true)
(8,51,false)
(14,51,false)
(16,51,false)
(22,51,false)
(28,51,false)
(30,51,false)
(39,51,true)
(48,51,true)
(51,51,true)
(53,51,true)
(60,51,true)
(61,51,true)
(65,51,true)
(70,51,true)
(77,51,true)
(86,51,true)
(1,52,false)
(2,52,false)
(4,52,false)
(5,52,false)
(6,52,false)
(10,52,false)
(13,52,false)
(14,52,false)
(19,52,false)
(33,52,false)
(34,52,false)
(37,52,false)
(46,52,true)
(47,52,true)
(52,52,true)
(58,52,true)
(61,52,true)
(63,52,true)
(65,52,true)
(67,52,true)
(83,52,true)
(86,52,true)
(88,52,true)
(89,52,true)
(92,52,true)
(98,52,true)
(1,53,false)
(3,53,false)
(4,53,true)
(23,53,false)
(36,53,false)
(39,53,false)
(40,53,true)
(53,53,true)
(59,53,true)
(60,53,true)
(65,53,true)
(66,53,true)
(72,53,true)
(73,53,true)
(74,53,false)
(75,53,false)
(80,53,false)
(82,53,false)
(84,53,true)
(86,53,true)
(94,53,true)
(95,53,true)
(97,53,true)
(12,54,false)
(15,54,false)
(20,54,false)
(22,54,false)
(35,54,false)
(42,54,true)
(46,54,true)
(60,54,true)
(64,54,true)
(66,54,true)
(74,54,true)
(80,54,true)
(85,54,true)
(92,54,true)
(95,54,false)
(98,54,true)
(99,54,true)

(17,17)
(56,49)
(21,24)
(89,30)
(6,20)
(86,13)
(89,34)
(12,33)
(39,43)
(5,43)
(11,14)
(30,10)
(63,34)
(90,20)
(39,38)
(75,28)
(33,30)
(69,11)
(29,19)
(11,4)
(46,1)
(42,18)
(56,38)
(66,18)
(84,48)
(58,3)
(9,38)
(77,18)
(67,29)
(92,12)
(32,18)
(47,2)
(28,48)
(18,1)
(92,33)
(90,47)
(24,25)
(80,30)
(53,20)
(33,22)
(74,47)
(69,29)
(6,15)
(1,20)
(75,51)
(66,13)
(32,4)
(85,12)
(58,4)
(32,35)
(52,46)
(67,43)
(2,6)
(34,21)
(9,18)
(68,46)
(44,53)
(72,45)
(33,8)
(63,16)
(14,39)
(29,24)
(36,25)
(58,28)
(26,49)
(82,45)
(11,30)
(35,3)
(43,2)
(40,32)
(90,40)
(72,51)
(93,52)
(90,34)
(42,12)
(15,13)
(76,12)
(15,17)
(99,24)
(75,11)
(98,46)
(52,16)
(14,32)
(32,9)
(89,11)
(8,28)
(58,15)
(26,36)
(67,48)
(75,8)
(98,24)
(86,48)
(72,32)
(8,37)
(51,49)
(50,4)
(67,7)
(39,48)
(19,36)
(92,32)
(37,31)
(62,1)
(28,0)
(94,13)
(85,0)
(37,7)
(14,9)
(66,14)
(95,42)
(90,53)
(21,36)
(47,16)
(71,0)
(48,1)
(89,3)
(30,43)
(64,44)
(2,12)
(44,34)
(10,1)
(72,20)
(20,18)
(69,22)
(23,0)
(46,21)
(22,6)
(7,8)
(74,37)
(50,36)
(42,16)
(32,3)
(19,21)
(72,11)
(49,48)
(25,35)
(80,1)
(96,21)
(95,31)
(25,1)
(89,20)
(9,16)
(2,3)
(8,7)
(92,20)
(18,26)
(55,39)
(65,25)
(20,50)
(34,36)
(12,3)
(55,11)
(9,10)
(81,13)
(28,24)
(50,21)
(20,5)
(52,3)
(36,54)
(41,15)
(88,31)
(60,38)
(71,12)
(35,20)
(89,37)
(29,22)
(5,37)
(23,4)
(53,5)
(98,41)
(5,41)
(35,40)
(40,17)
(68,10)
(68,38)
(42,14)
(81,42)
(86,24)
(30,7)
(82,48)
(9,17)
(99,17)
(57,12)
(50,22)
(41,27)
(42,28)
(75,44)
(55,26)
(52,0)
(47,23)
(18,10)
(71,52)
(76,37)
(27,11)
(43,37)
(81,50)
(40,47)
(1,14)
(74,16)
(68,53)
(8,21)
(73,24)
(18,41)
(48,33)
(98,51)
(46,30)
(88,12)
(25,40)
(20,12)
(51,31)
(38,12)
(67,21)
(28,6)
(34,45)
(69,2)
(38,30)
(20,7)
(74,8)
(39,31)
(80,13)
(17,54)
(66,11)
(35,35)
(66,2)
(55,31)
(57,16)
(35,45)
(39,6)
(64,1)
(28,8)
(75,23)
(49,52)
(68,27)
(87,30)
(56,27)
(8,33)
(76,47)
(95,1)
(1,48)
(75,10)
(19,39)
(17,42)
(29,17)
(28,16)
(71,24)
(47,51)
(14,45)
(74,20)
(66,46)
(7,46)
(69,9)
(61,5)
(53,54)
(90,9)
(1,37)
(76,17)
(5,13)
(86,39)
(81,29)
(54,3)
(39,2)
(81,34)
(3,36)
(46,50)
(93,51)
(31,16)
(64,20)
(46,2)
(23,19)
(95,2)
(54,54)
(64,39)
(34,30)
(23,30)
(85,26)
(86,9)
(9,48)
(82,13)
(89,48)
(30,9)
(37,9)
(76,11)
(40,5)
(73,51)
(35,41)
(48,42)
(12,12)
(21,18)
(16,7)
(95,17)
(85,48)
(28,10)
(70,2)
(81,48)
(44,4)
(13,49)
(39,34)
(64,31)
(6,9)
(97,45)
(42,51)
(59,50)
(51,45)
(25,31)
(7,4)
(11,37)
(44,22)
(13,32)
(41,10)
(49,8)
(47,8)
(63,46)
(56,42)
(85,4)
(42,15)
(18,8)
(47,38)
(9,13)
(6,0)
(63,3)
(18,12)
(98,50)
(86,16)
(81,53)
(52,9)
(43,24)
(56,21)
(16,54)
(95,48)
(44,38)
(24,1)
(79,19)
(41,48)
(61,4)
(15,5)
(53,4)
(94,15)
(3,24)
(96,25)
(44,24)
(63,10)
(52,29)
(20,19)
(9,15)
(71,36)
(60,42)
(69,14)
(73,14)
(62,9)
(36,47)
(88,44)
(60,46)
(44,7)
(91,17)
(47,35)
(0,28)
(39,9)
(10,6)
(54,46)
(34,19)
(96,7)
(75,36)
(30,32)
(58,53)
(49,10)
(67,6)
(13,39)
(73,6)
(69,45)
(9,22)
(37,11)
(71,29)
(63,4)
(78,49)
(84,23)
(8,5)
(9,36)
(32,24)
(43,4)
(60,25)
(40,46)
(25,12)
(18,22)
(96,15)
(28,38)
(74,7)
(70,33)
(27,16)
(3,27)
(31,30)
(49,53)
(33,43)
(6,5)
(96,33)
(77,10)
(14,21)
(31,26)
(59,16)
(2,50)
(18,37)
(87,9)
(5,14)
(10,48)
(36,49)
(92,15)
(25,45)
(28,15)
(0,49)
(98,9)
(38,53)
(70,46)
(55,47)
(58,45)
(57,2)
(66,10)
(67,30)
(10,40)
(26,17)
(16,39)
(80,24)
(5,16)
(77,11)
(39,12)
(77,5)
(28,53)
(13,11)
(38,54)
(72,6)
(19,47)
(22,5)
(36,46)
(79,22)
(22,28)
(61,3)
(65,11)
(67,45)
(6,43)
(33,5)
(41,5)
(13,14)
(25,28)
(41,35)
(79,5)
(42,33)
(91,29)
(29,45)
(44,46)
(5,39)
(90,52)
(10,44)
(82,41)
(29,14)
(63,31)
(39,8)
(8,19)
(76,6)
(75,19)
(20,2)
(70,13)
(19,44)
(65,9)
(64,0)
(55,40)
(1,19)
(48,4)
(28,37)
(30,41)
(69,42)
(66,28)
(23,21)
(83,12)
(54,6)
(87,42)
(53,31)
(67,18)
(34,22)
(9,19)
(52,6)
(30,6)
(52,35)
(9,21)
(76,3)
(81,7)
(36,50)
(26,53)
(99,47)
(27,9)
(28,29)
(85,25)
(59,24)
(78,50)
(44,29)
(23,12)
(33,24)
(95,6)
(26,30)
(0,0)
(14,17)
(28,35)
(5,26)
(59,19)
(28,1)
(30,52)
(21,50)
(13,54)
(97,29)
(32,48)
(30,27)
(16,1)
(43,6)
(29,10)
(29,13)
(31,25)
(9,31)
(84,20)
(77,46)
(43,10)
(88,13)
(16,25)
(45,18)
(51,23)
(0,23)
(84,36)
(82,23)
(24,14)
(30,49)
(11,23)
(43,20)
(26,14)
(10,17)
(74,5)
(37,40)
(77,2)
(11,20)
(37,21)
(0,4)
(51,37)
(19,8)
(79,24)
(70,0)
(71,19)
(78,30)
(0,52)
(10,22)
(84,46)
(58,17)
(0,8)
(86,46)
(11,1)
(28,50)
(98,48)
(32,32)
(52,44)
(32,26)
(18,46)
(71,41)
(63,8)
(56,28)
(47,0)
(41,34)
(86,54)
(35,15)
(38,9)
(70,19)
(5,47)
(76,26)
(71,23)
(51,18)
(48,22)
(80,15)
(81,31)
(71,6)
(93,15)
(74,13)
(61,45)
(48,52)
(42,34)
(1,1)
(52,36)
(26,54)
(53,27)
(43,3)
(31,39)
(36,28)
(35,25)
(4,41)
(42,5)
(44,8)
(23,42)
(38,47)
(16,30)
(87,7)
(25,42)
(94,25)
(65,48)
(24,21)
(6,17)
(7,37)
(66,20)
(4,32)
(89,4)
(41,13)
(0,42)
(31,47)
(92,40)
(85,38)
(22,32)
(96,14)
(99,2)
(13,2)
(73,22)
(13,37)
(26,4)
(36,15)
(96,4)
(92,26)
(19,5)
(23,39)
(29,44)
(53,26)
(90,54)
(22,4)
(39,35)
(28,2)
(65,45)
(42,42)
(97,27)
(62,37)
(81,9)
(6,27)
(3,28)
(28,28)
(23,2)
(17,32)
(22,19)
(34,43)
(80,40)
(77,17)
(24,24)
(17,45)
(3,17)
(33,15)
(17,48)
(64,26)
(17,6)
(80,43)
(8,15)
(89,47)
(22,2)
(89,12)
(65,12)
(21,23)
(29,30)
(31,24)
(23,22)
(26,44)
(43,9)
(1,43)
(5,1)
(54,11)
(92,51)
(19,24)
(36,7)
(13,35)
(73,4)
(74,46)
(36,48)
(19,15)
(65,19)
(45,2)
(83,23)
(5,53)
(48,29)
(4,6)
(42,45)
(67,54)
(71,43)
(59,17)
(69,39)
(23,45)
(64,41)
(19,9)
(34,7)
(74,27)
(12,24)
(14,20)
(62,31)
(20,47)
(69,53)
(62,36)
(85,45)
(76,27)
(70,28)
(42,46)
(13,25)
(2,11)
(65,15)
(47,26)
(93,27)
(71,9)
(79,46)
(11,54)
(38,3)
(47,54)
(48,5)
(26,29)
(95,38)
(87,19)
(62,51)
(86,30)
(53,40)
(99,16)
(61,41)
(57,5)
(15,0)
(81,41)
(38,11)
(73,3)
(1,28)
(10,49)
(49,37)
(54,7)
(88,46)
(48,41)
(99,32)
(71,8)
(1,46)
(2,17)
(81,2)
(48,25)
(62,20)
(57,4)
(70,5)
(85,5)
(52,28)
(35,43)
(58,24)
(35,23)
(3,33)
(14,29)
(12,40)
(63,5)
(35,19)
(3,52)
(37,14)
(86,5)
(58,38)
(18,11)
(20,23)
(62,27)
(11,19)
(23,16)
(6,6)
(64,49)
(75,41)
(53,16)
(20,13)
(24,26)
(31,49)
(50,11)
(69,17)
(0,30)
(79,41)
(20,26)
(76,42)
(25,46)
(89,7)
(89,1)
(45,33)
(61,39)
(75,2)
(29,28)
(22,18)
(43,12)
(3,15)
(67,53)
(59,22)
(79,25)
(4,40)
(84,6)
(18,19)
(13,48)
(27,15)
(59,20)
(46,9)
(84,2)
(50,24)
(77,40)
(83,53)
(18,53)
(4,43)
(90,15)
(30,40)
(6,48)
(35,39)
(21,11)
(89,18)
(0,50)
(36,24)
(5,34)
(83,15)
(29,26)
(90,14)
(39,19)
(43,1)
(94,51)
(9,8)
(54,48)
(83,43)
(64,52)
(35,49)
(0,2)
(10,19)
(1,15)
(78,6)
(5,18)
(93,16)
(84,15)
(85,24)
(83,46)
(89,50)
(53,23)
(48,45)
(46,16)
(74,6)
(12,18)
(99,31)
(95,7)
(77,25)
(31,32)
(2,54)
(68,51)
(73,54)
(36,2)
(85,46)
(17,21)
(34,26)
(42,32)
(26,46)
(15,20)
(42,37)
(95,45)
(54,16)
(26,5)
(26,6)
(50,51)
(63,47)
(55,19)
(69,48)
(45,54)
(14,16)
(90,48)
(11,3)
(92,19)
(39,16)
(99,30)
(67,36)
(49,33)
(0,26)
(18,39)
(22,26)
(28,42)
(21,35)
(11,32)
(18,17)
(21,12)
(1,11)
(63,42)
(63,7)
(24,9)
(22,14)
(38,22)
(72,50)
(30,33)
(14,26)
(55,36)
(34,2)
(51,9)
(92,1)
(21,16)
(1,49)
(72,38)
(36,35)
(75,24)
(21,17)
(12,47)
(50,19)
(54,49)
(3,21)
(29,48)
(51,21)
(96,39)
(86,42)
(23,13)
(84,13)
(41,25)
(46,25)
(72,3)
(63,25)
(65,27)
(97,14)
(2,45)
(8,24)
(18,7)
(56,13)
(81,6)
(58,41)
(41,4)
(96,16)
(3,42)
(38,13)
(98,37)
(95,43)
(15,52)
(62,41)
(75,46)
(80,49)
(42,43)
(85,1)
(33,10)
(4,27)
(43,5)
(13,47)
(91,44)
(80,27)
(19,23)
(47,17)
(90,49)
(75,26)
(56,5)
(84,44)
(45,26)
(18,51)
(83,5)
(15,36)
(27,14)
(79,44)
(7,49)
(39,18)
(33,36)
(98,34)
(67,28)
(19,20)
(84,33)
(42,30)
(42,3)
(25,38)
(7,5)
(13,21)
(19,2)
(82,36)
(22,12)
(29,6)
(91,2)
(29,5)
(3,1)
(42,10)
(51,4)
(10,13)
(26,51)
(18,44)
(26,25)
(59,44)
(56,10)
(27,10)
(76,23)
(21,46)
(52,32)
(33,1)
(18,54)
(1,54)
(6,40)
(76,24)
(64,19)
(10,38)
(1,38)
(67,37)
(76,21)
(38,27)
(8,54)
(99,6)
(36,17)
(82,32)
(20,14)
(69,12)
(84,25)
(85,41)
(68,7)
(87,1)
(54,40)
(18,48)
(9,40)
(56,25)
(86,28)
(12,9)
(89,46)
(2,8)
(50,42)
(45,43)
(36,9)
(5,30)
(34,28)
(68,9)
(32,11)
(61,8)
(32,0)
(26,32)
(87,35)
(54,22)
(83,24)
(95,39)
(77,12)
(71,32)
(74,14)
(73,8)
(15,34)
(1,18)
(62,6)
(59,23)
(39,40)
(3,13)
(16,9)
(94,14)
(72,14)
(84,31)
(9,5)
(62,53)
(36,22)
(58,44)
(85,47)
(68,25)
(22,52)
(4,21)
(96,20)
(48,50)
(10,25)
(81,36)
(67,5)
(61,20)
(14,13)
(19,37)
(12,48)
(25,52)
(45,38)
(15,50)
(34,33)
(23,11)
(40,52)
(54,21)
(23,6)
(97,39)
(72,13)
(58,36)
(16,28)
(61,42)
(64,37)
(66,25)
(2,21)
(64,13)
(42,40)
(13,18)
(73,18)
(8,48)
(14,2)
(33,23)
(13,40)
(39,4)
(65,10)
(56,33)
(60,16)
(37,16)
(30,0)
(62,39)
(37,54)
(51,40)
(86,44)
(31,33)
(79,27)
(78,32)
(69,43)
(37,46)
(12,20)
(10,10)
(57,40)
(13,12)
(19,13)
(23,7)
(37,20)
(58,1)
(21,27)
(97,44)
(43,26)
(93,7)
(34,49)
(2,40)
(44,15)
(29,15)
(50,53)
(65,47)
(96,26)
(52,15)
(28,18)
(80,41)
(24,7)
(78,34)
(89,54)
(56,53)
(5,27)
(39,37)
(74,31)
(50,8)
(11,45)
(6,41)
(97,12)
(39,33)
(98,49)
(96,32)
(69,13)
(50,37)
(47,45)
(45,15)
(7,31)
(31,44)
(71,13)
(85,2)
(27,46)
(55,42)
(67,27)
(57,8)
(93,0)
(32,47)
(54,52)
(33,14)
(40,35)
(77,21)
(80,7)
(39,54)
(11,51)
(24,35)
(77,47)
(50,35)
(35,24)
(80,8)
(53,44)
(61,12)
(27,26)
(47,19)
(39,52)
(38,0)
(63,51)
(26,35)
(3,34)
(50,13)
(38,50)
(82,19)
(85,17)
(67,42)
(49,41)
(47,43)
(3,32)
(33,40)
(62,18)
(98,25)
(94,18)
(73,5)
(18,30)
(46,22)
(31,15)
(20,28)
(61,9)
(61,23)
(55,4)
(83,31)
(74,23)
(24,45)
(81,1)
(84,29)
(99,29)
(91,24)
(22,40)
(74,11)
(7,10)
(45,32)
(59,36)
(62,44)
(96,44)
(62,2)
(97,1)
(72,54)
(22,13)
(86,36)
(0,19)
(47,44)
(94,43)
(67,25)
(42,50)
(50,49)
(84,4)
(86,6)
(90,13)
(63,20)
(32,38)
(2,51)
(18,36)
(36,27)
(18,35)
(2,46)
(54,1)
(45,4)
(49,28)
(41,18)
(58,5)
(31,2)
(92,45)
(74,32)
(63,41)
(17,52)
(33,46)
(72,29)
(64,23)
(28,31)
(40,39)
(40,19)
(12,51)
(91,22)
(23,46)
(90,46)
(41,24)
(59,26)
(36,37)
(14,43)
(13,4)
(34,9)
(63,27)
(10,4)
(61,36)
(74,0)
(0,5)
(24,49)
(9,7)
(55,24)
(75,1)
(10,24)
(50,18)
(14,10)
(20,10)
(17,11)
(38,18)
(39,24)
(91,9)
(89,49)
(23,29)
(68,37)
(79,38)
(42,53)
(19,16)
(78,51)
(53,34)
(61,18)
(38,41)
(38,25)
(44,1)
(61,7)
(43,31)
(78,2)
(65,43)
(63,2)
(49,4)
(7,41)
(86,34)
(98,6)
(35,34)
(0,35)
(12,52)
(23,15)
(71,47)
(5,44)
(64,36)
(8,14)
(55,6)
(29,11)
(54,53)
(9,23)
(0,31)
(93,43)
(45,53)
(35,42)
(31,23)
(3,10)
(14,15)
(98,19)
(31,41)
(98,29)
(0,40)
(19,30)
(61,53)
(46,5)
(5,20)
(39,42)
(53,30)
(97,13)
(34,53)
(35,52)
(67,49)
(47,50)
(94,38)
(40,38)
(52,27)
(44,23)
(69,3)
(38,26)
(15,10)
(37,48)
(65,18)
(10,15)
(80,50)
(10,20)
(17,0)
(42,17)
(80,31)
(72,17)
(22,46)
(56,50)
(31,27)
(16,35)
(96,3)
(54,4)
(25,3)
(37,12)
(95,27)
(95,10)
(80,3)
(79,30)
(76,33)
(45,21)
(14,38)
(86,14)
(5,7)
(40,27)
(69,19)
(84,42)
(68,6)
(0,47)
(33,12)
(47,20)
(9,12)
(47,3)
(19,18)
(2,42)
(42,4)
(92,46)
(80,11)
(74,33)
(66,24)
(71,46)
(61,17)
(86,40)
(10,11)
(75,54)
(17,22)
(18,20)
(14,24)
(94,54)
(28,44)
(5,31)
(68,32)
(55,23)
(40,29)
(65,37)
(45,22)
(26,52)
(87,54)
(22,24)
(83,35)
(31,18)
(34,40)
(21,4)
(10,29)
(26,41)
(31,22)
(99,15)
(77,44)
(19,27)
(10,5)
(4,31)
(88,32)
(44,39)
(33,27)
(10,21)
(51,3)
(31,20)
(21,44)
(12,34)
(69,4)
(93,2)
(62,22)
(70,21)
(28,43)
(2,44)
(32,2)
(60,10)
(50,16)
(58,34)
(17,24)
(55,53)
(21,34)
(14,31)
(65,39)
(76,45)
(33,42)
(31,53)
(9,52)
(19,53)
(54,35)
(74,40)
(6,30)
(74,12)
(15,44)
(69,18)
(55,28)
(94,42)
(0,6)
(13,42)
(74,29)
(96,42)
(84,47)
(61,35)
(27,0)
(61,22)
(42,36)
(17,7)
(33,18)
(46,12)
(26,19)
(49,20)
(29,50)
(28,5)
(11,5)
(67,33)
(56,41)
(42,19)
(28,45)
(51,35)
(69,35)
(31,29)
(26,9)
(29,35)
(26,11)
(58,2)
(50,41)
(15,6)
(69,34)
(91,28)
(22,36)
(14,47)
(86,29)
(76,30)
(33,26)
(74,26)
(28,33)
(57,35)
(17,31)
(99,12)
(4,16)
(29,54)
(68,16)
(5,9)
(59,54)
(73,52)
(20,53)
(28,11)
(16,42)
(56,18)
(61,33)
(42,41)
(60,17)
(7,30)
(24,17)
(61,40)
(82,29)
(88,45)
(89,53)
(81,45)
(12,49)
(23,37)
(15,33)
(91,26)
(88,10)
(88,20)
(65,41)
(38,37)
(54,41)
(92,47)
(4,3)
(42,22)
(68,39)
(87,22)
(74,25)
(33,31)
(26,47)
(56,34)
(88,6)
(69,41)
(92,21)
(2,14)
(1,41)
(44,14)
(36,38)
(38,48)
(41,29)
(84,8)
(35,4)
(96,48)
(50,38)
(5,33)
(42,24)
(25,13)
(18,33)
(75,29)
(78,5)
(16,6)
(78,24)
(72,36)
(86,49)
(48,10)
(10,18)
(30,21)
(34,42)
(11,46)
(17,35)
(57,34)
(36,5)
(35,22)
(95,5)
(39,32)
(34,44)
(44,48)
(29,9)
(6,33)
(26,28)
(61,28)
(72,5)
(98,28)
(24,51)
(57,14)
(54,51)
(83,9)
(26,40)
(73,0)
(92,38)
(76,10)
(95,52)
(16,29)
(10,34)
(62,32)
(19,40)
(70,52)
(16,24)
(58,46)
(37,25)
(90,6)
(84,49)
(7,53)
(28,36)
(48,49)
(79,45)
(18,24)
(20,52)
(85,22)
(27,8)
(38,35)
(7,3)
(26,21)
(65,28)
(3,29)
(7,9)
(76,18)
(1,0)
(87,23)
(11,26)
(78,39)
(31,48)
(58,23)
(42,52)
(8,40)
(14,54)
(30,25)
(90,45)
(18,42)
(75,18)
(57,36)
(63,37)
(31,7)
(16,5)
(9,54)
(23,43)
(2,27)
(37,37)
(66,36)
(49,31)
(79,32)
(88,40)
(52,39)
(12,36)
(38,36)
(9,42)
(75,5)
(79,43)
(56,31)
(73,23)
(45,42)
(19,34)
(93,17)
(83,11)
(52,24)
(89,25)
(0,43)
(58,9)
(86,37)
(58,0)
(94,41)
(43,18)
(64,24)
(33,33)
(54,2)
(33,49)
(8,17)
(82,20)
(92,48)
(28,46)
(99,3)
(35,6)
(60,52)
(32,7)
(34,50)
(65,46)
(12,26)
(7,23)
(73,17)
(82,1)
(28,54)
(12,25)
(70,34)
(25,32)
(72,48)
(15,15)
(3,49)
(77,23)
(47,31)
(77,33)
(69,8)
(14,19)
(34,37)
(88,51)
(80,37)
(88,5)
(55,7)
(37,13)
(2,36)
(79,14)
(29,51)
(66,5)
(98,31)
(15,53)
(21,8)
(81,23)
(64,5)
(67,47)
(86,50)
(81,46)
(53,36)
(61,31)
(15,40)
(40,43)
(93,14)
(22,3)
(40,7)
(35,10)
(24,38)
(21,49)
(28,47)
(19,48)
(27,31)
(17,53)
(0,16)
(90,1)
(44,17)
(5,36)
(95,28)
(38,21)
(7,16)
(18,34)
(21,26)
(46,42)
(55,22)
(67,22)
(52,14)
(61,25)
(20,29)
(76,44)
(69,7)
(39,46)
(22,9)
(0,25)
(85,31)
(40,22)
(60,9)
(94,3)
(70,48)
(90,11)
(23,50)
(31,34)
(57,3)
(18,50)
(25,49)
(60,4)
(5,35)
(8,8)
(95,34)
(49,51)
(46,37)
(65,2)
(22,1)
(15,24)
(46,44)
(8,45)
(47,18)
(71,48)
(89,31)
(14,53)
(55,46)
(61,47)
(70,22)
(2,24)
(27,3)
(95,25)
(74,51)
(79,2)
(10,27)
(9,34)
(58,47)
(81,26)
(7,12)
(79,34)
(4,49)
(79,11)
(53,50)
(70,8)
(53,6)
(90,33)
(80,38)
(61,48)
(26,42)
(6,16)
(24,30)
(12,32)
(9,53)
(67,14)
(32,37)
(52,18)
(16,19)
(59,30)
(86,35)
(65,23)
(98,42)
(34,24)
(43,54)
(30,19)
(18,4)
(3,22)
(58,35)
(83,48)
(11,16)
(69,6)
(72,26)
(94,16)
(2,28)
(17,41)
(85,37)
(14,7)
(58,10)
(0,48)
(48,14)
(45,17)
(15,16)
(27,30)
(87,11)
(21,38)
(65,13)
(13,13)
(1,16)
(1,47)
(41,33)
(13,53)
(97,24)
(12,8)
(50,32)
(49,29)
(66,32)
(44,9)
(85,32)
(58,13)
(95,14)
(93,30)
(77,42)
(19,54)
(70,54)
(85,30)
(87,14)
(23,49)
(70,7)
(85,9)
(18,45)
(92,39)
(68,1)
(67,11)
(98,39)
(12,39)
(43,48)
(72,1)
(12,30)
(92,37)
(55,52)
(46,53)
(4,35)
(53,7)
(21,28)
(68,17)
(86,47)
(45,24)
(67,23)
(25,41)
(69,49)
(78,0)
(49,19)
(49,30)
(24,54)
(74,24)
(66,7)
(81,12)
(52,33)
(45,28)
(62,4)
(8,41)
(51,6)
(97,5)
(76,48)
(85,29)
(82,28)
(68,5)
(74,39)
(27,29)
(15,23)
(45,34)
(41,42)
(1,42)
(95,33)
(17,50)
(77,48)
(73,27)
(74,50)
(52,51)
(63,29)
(28,13)
(62,5)
(9,28)
(19,10)
(10,50)
(55,18)
(76,35)
(20,48)
(14,27)
(64,43)
(72,24)
(8,2)
(85,52)
(46,49)
(83,6)
(35,29)
(48,11)
(23,17)
(47,36)
(31,19)
(7,33)
(90,10)
(16,13)
(65,8)
(59,33)
(59,47)
(96,51)
(51,34)
(9,33)
(43,44)
(67,41)
(90,51)
(72,12)
(88,29)
(3,23)
(1,35)
(83,7)
(27,38)
(57,42)
(84,38)
(43,45)
(29,42)
(41,11)
(38,34)
(80,10)
(67,44)
(29,52)
(16,14)
(37,24)
(74,43)
(11,42)
(89,8)
(49,46)
(20,33)
(24,4)
(56,12)
(62,38)
(72,15)
(13,41)
(32,1)
(72,19)
(53,39)
(3,6)
(47,7)
(95,30)
(6,28)
(71,28)
(20,8)
(10,54)
(31,54)
(60,3)
(80,36)
(64,18)
(77,38)
(21,48)
(21,14)
(65,20)
(20,41)
(31,21)
(92,50)
(61,29)
(51,14)
(58,22)
(73,19)
(8,9)
(18,27)
(35,11)
(30,17)
(28,34)
(91,25)
(86,18)
(90,18)
(78,47)
(76,31)
(18,32)
(13,17)
(88,7)
(52,7)
(17,12)
(65,22)
(90,43)
(14,37)
(36,32)
(98,45)
(58,12)
(54,5)
(49,9)
(54,30)
(82,40)
(38,52)
(55,30)
(17,10)
(67,51)
(80,16)
(23,27)
(79,20)
(6,32)
(29,43)
(96,46)
(90,50)
(86,38)
(79,21)
(48,46)
(91,15)
(89,35)
(57,23)
(66,43)
(22,23)
(91,10)
(41,8)
(93,10)
(1,29)
(87,32)
(39,27)
(4,24)
(80,29)
(19,50)
(52,20)
(3,8)
(46,18)
(53,14)
(39,44)
(5,54)
(45,12)
(5,21)
(12,27)
(55,51)
(13,19)
(46,4)
(8,50)
(81,4)
(39,50)
(45,29)
(59,0)
(48,9)
(34,31)
(39,49)
(17,5)
(91,30)
(27,49)
(62,16)
(95,8)
(66,52)
(14,28)
(80,12)
(41,3)
(97,38)
(3,41)
(34,32)
(54,45)
(80,51)
(0,38)
(59,18)
(49,40)
(60,30)
(82,30)
(28,40)
(9,32)
(61,50)
(79,48)
(98,35)
(18,47)
(55,8)
(32,19)
(28,52)
(5,28)
(10,23)
(97,35)
(15,42)
(30,4)
(51,30)
(38,51)
(37,44)
(49,2)
(48,8)
(1,21)
(40,8)
(31,51)
(67,20)
(47,1)
(24,23)
(59,9)
(78,10)
(22,45)
(84,39)
(66,40)
(30,16)
(35,21)
(83,20)
(97,11)
(26,34)
(24,52)
(79,42)
(70,20)
(80,25)
(53,45)
(74,36)
(60,32)
(45,39)
(44,13)
(69,24)
(31,10)
(73,39)
(60,13)
(28,17)
(85,27)
(77,13)
(17,49)
(58,32)
(62,3)
(88,36)
(31,52)
(98,53)
(65,7)
(44,18)
(43,25)
(52,53)
(23,24)
(87,8)
(73,31)
(95,35)
(21,39)
(44,52)
(75,17)
(3,20)
(76,34)
(50,31)
(30,39)
(37,53)
(54,31)
(61,27)
(33,47)
(94,10)
(75,43)
(70,49)
(38,19)
(90,39)
(81,20)
(4,25)
(21,45)
(29,33)
(14,44)
(85,33)
(61,43)
(95,15)
(11,18)
(1,39)
(85,18)
(75,20)
(70,4)
(0,12)
(48,44)
(83,2)
(96,13)
(36,33)
(12,2)
(11,28)
(76,32)
(48,18)
(49,25)
(12,16)
(27,52)
(66,16)
(94,46)
(9,43)
(20,46)
(25,24)
(77,30)
(36,18)
(84,26)
(91,27)
(88,34)
(12,17)
(45,9)
(69,28)
(72,9)
(78,42)
(22,16)
(0,13)
(76,43)
(52,54)
(4,14)
(23,31)
(43,23)
(65,33)
(17,51)
(19,38)
(94,48)
(36,19)
(61,32)
(20,31)
(22,37)
(76,29)
(25,34)
(18,52)
(45,30)
(93,47)
(58,18)
(49,16)
(47,28)
(11,52)
(42,44)
(62,14)
(81,27)
(89,36)
(58,49)
(59,39)
(95,9)
(76,13)
(61,21)
(2,47)
(95,32)
(79,35)
(87,28)
(41,45)
(89,28)
(20,39)
(47,40)
(11,47)
(64,25)
(70,38)
(5,51)
(48,43)
(34,23)
(64,4)
(24,18)
(69,46)
(13,33)
(97,25)
(3,18)
(25,20)
(92,53)
(60,5)
(14,36)
(9,25)
(26,7)
(30,11)
(13,36)
(71,22)
(83,42)
(73,47)
(2,16)
(96,43)
(91,7)
(72,47)
(17,25)
(29,12)
(40,40)
(10,51)
(47,6)
(73,16)
(72,33)
(72,34)
(35,31)
(65,54)
(12,21)
(68,40)
(17,39)
(9,30)
(0,7)
(69,33)
(2,13)
(78,21)
(27,41)
(49,7)
(96,49)
(38,33)
(99,38)
(8,22)
(22,20)
(32,42)
(96,2)
(13,51)
(71,31)
(32,28)
(36,39)
(45,10)
(20,6)
(80,9)
(42,13)
(97,54)
(0,46)
(70,43)
(59,6)
(41,22)
(59,48)
(22,15)
(35,32)
(70,26)
(4,50)
(20,30)
(82,54)
(46,10)
(0,54)
(11,48)
(2,25)
(45,52)
(2,31)
(19,41)
(64,34)
(75,25)
(6,51)
(77,52)
(52,26)
(62,46)
(20,3)
(61,46)
(27,7)
(20,20)
(92,10)
(20,34)
(17,4)
(53,25)
(99,49)
(63,18)
(83,41)
(1,8)
(62,0)
(48,12)
(92,49)
(81,39)
(18,9)
(77,53)
(86,25)
(33,16)
(74,44)
(86,17)
(99,53)
(24,43)
(24,10)
(16,52)
(46,6)
(31,38)
(46,47)
(31,42)
(20,9)
(83,14)
(2,9)
(11,53)
(10,35)
(73,20)
(26,48)
(32,12)
(49,21)
(71,39)
(91,19)
(35,51)
(59,21)
(40,50)
(2,49)
(4,23)
(3,37)
(95,23)
(16,17)
(47,10)
(63,39)
(35,33)
(83,54)
(81,30)
(62,49)
(72,30)
(77,28)
(72,22)
(24,13)
(33,53)
(5,50)
(59,13)
(6,18)
(40,16)
(10,46)
(84,51)
(92,29)
(25,29)
(36,23)
(10,33)
(48,53)
(67,39)
(58,31)
(84,45)
(18,31)
(72,52)
(87,34)
(76,4)
(47,22)
(67,46)
(0,22)
(67,32)
(78,25)
(65,40)
(56,30)
(12,11)
(34,47)
(46,51)
(9,24)
(71,53)
(1,30)
(27,50)
(99,22)
(93,36)
(43,30)
(70,53)
(36,51)
(57,41)
(33,51)
(14,18)
(97,7)
(1,51)
(10,42)
(83,47)
(87,36)
(1,31)
(41,32)
(59,7)
(22,10)
(23,54)
(77,50)
(31,40)
(59,51)
(11,44)
(90,30)
(64,22)
(13,46)
(12,19)
(16,12)
(96,30)
(44,50)
(6,8)
(79,40)
(99,34)
(21,22)
(74,10)
(18,29)
(60,12)
(8,44)
(95,22)
(34,29)
(43,34)
(43,16)
(45,19)
(30,13)
(24,32)
(5,22)
(24,28)
(91,14)
(93,44)
(65,34)
(55,14)
(97,41)
(60,44)
(4,1)
(79,8)
(96,31)
(2,37)
(70,18)
(71,38)
(70,37)
(30,38)
(95,51)
(34,48)
(27,23)
(45,37)
(11,9)
(5,46)
(53,49)
(24,53)
(6,45)
(27,37)
(17,47)
(55,35)
(71,45)
(69,23)
(8,13)
(7,29)
(34,35)
(25,53)
(27,24)
(12,23)
(33,45)
(59,42)
(20,45)
(43,7)
(29,23)
(72,46)
(22,7)
(32,53)
(69,52)
(6,19)
(40,3)
(96,10)
(33,11)
(49,15)
(8,36)
(82,15)
(57,51)
(12,14)
(49,54)
(22,11)
(52,19)
(60,40)
(42,47)
(71,35)
(18,6)
(95,44)
(18,43)
(27,45)
(84,54)
(0,51)
(21,40)
(87,5)
(34,46)
(67,31)
(4,4)
(74,41)
(15,7)
(90,24)
(38,23)
(25,43)
(38,42)
(61,49)
(36,36)
(15,12)
(95,46)
(3,50)
(66,31)
(3,26)
(63,19)
(58,54)
(19,35)
(66,9)
(34,54)
(2,32)
(3,40)
(18,49)
(97,47)
(8,49)
(71,33)
(75,35)
(21,52)
(74,30)
(45,36)
(6,54)
(57,27)
(57,21)
(47,46)
(71,54)
(62,26)
(6,3)
(66,35)
(89,5)
(32,52)
(66,19)
(31,4)
(48,30)
(47,37)
(70,24)
(6,46)
(22,44)
(42,27)
(80,26)
(34,16)
(88,35)
(46,35)
(55,44)
(68,54)
(18,38)
(76,53)
(4,34)
(55,27)
(67,50)
(51,11)
(84,43)
(16,10)
(64,33)
(53,22)
(71,17)
(60,20)
(1,6)
(77,29)
(25,30)
(38,40)
(43,40)
(12,31)
(40,12)
(17,19)
(19,51)
(24,47)
(20,38)
(37,18)
(60,34)
(80,18)
(54,28)
(27,48)
(95,47)
(23,23)
(90,36)
(68,13)
(19,42)
(9,51)
(97,6)
(93,21)
(11,10)
(75,33)
(30,18)
(68,23)
(71,14)
(13,15)
(53,37)
(38,15)
(40,42)
(84,40)
(45,3)
(10,37)
(93,25)
(76,49)
(77,32)
(6,35)
(87,51)
(93,29)
(85,20)
(52,38)
(49,34)
(66,39)
(88,37)
(16,36)
(60,35)
(93,54)
(67,34)
(3,35)
(99,51)
(6,47)
(82,2)
(18,15)
(7,39)
(98,26)
(87,39)
(58,39)
(96,34)
(37,51)
(71,40)
(54,36)
(20,43)
(34,51)
(98,40)
(89,15)
(69,51)
(11,43)
(79,51)
(51,39)
(35,14)
(7,13)
(46,38)
(62,21)
(74,48)
(72,27)
(37,22)
(4,48)
(58,21)
(90,16)
(76,39)
(45,27)
(25,14)
(19,28)
(9,26)
(57,48)
(19,45)
(40,13)
(71,21)
(57,20)
(62,42)
(45,40)
(7,51)
(89,29)
(91,53)
(56,7)
(71,20)
(52,37)
(95,40)
(90,29)
(27,44)
(9,41)
(38,4)
(76,36)
(15,45)
(31,45)
(75,30)
(88,17)
(99,36)
(59,25)
(97,46)
(21,53)
(0,33)
(15,28)
(63,21)
(67,40)
(89,27)
(64,32)
(80,39)
(6,26)
(89,38)
(91,11)
(79,23)
(20,22)
(22,35)
(78,16)
(10,26)
(93,37)
(95,29)
(7,32)
(81,14)
(85,43)
(87,16)
(16,50)
(24,50)
(83,3)
(80,23)
(25,47)
(50,29)
(27,51)
(79,53)
(79,52)
(6,53)
(96,19)
(62,47)
(26,43)
(9,49)
(95,36)
(23,51)
(50,43)
(45,51)
(20,27)
(19,26)
(43,52)
(23,10)
(30,54)
(8,16)
(10,12)
(84,11)
(81,15)
(3,51)
(49,43)
(20,32)
(16,26)
(65,14)
(4,47)
(20,17)
(56,15)
(57,26)
(35,47)
(55,12)
(94,44)
(11,25)
(59,52)
(64,16)
(60,41)
(77,22)
(88,15)
(50,27)
(54,43)
(43,47)
(89,32)
(75,13)
(29,32)
(25,17)
(26,39)
(6,50)
(68,44)
(93,22)
(91,23)
(83,51)
(87,52)
(5,48)
(13,20)
(97,42)
(59,31)
(53,21)
(20,51)
(36,42)
(13,26)
(33,28)
(53,10)
(11,29)
(6,36)
(8,47)
(99,10)
(47,24)
(45,25)
(36,43)
(36,29)
(4,28)
(49,14)
(81,49)
(56,29)
(12,6)
(5,19)
(21,32)
(58,11)
(53,18)
(55,25)
(45,16)
(21,41)
(91,40)
(52,41)
(30,37)
(78,8)
(60,21)
(98,8)
(92,24)
(8,31)
(21,42)
(32,14)
(99,46)
(13,30)
(61,24)
(90,8)
(37,47)
(81,21)
(45,41)
(77,26)
(15,46)
(22,31)
(58,40)
(83,22)
(97,2)
(11,36)
(73,29)
(82,11)
(75,52)
(81,35)
(89,44)
(13,31)
(43,49)
(63,28)
(46,24)
(85,42)
(7,14)
(15,49)
(77,16)
(54,37)
(7,50)
(24,11)
(84,21)
(97,28)
(27,19)
(69,26)
(79,17)
(5,23)
(97,15)
(89,40)
(50,45)
(74,35)
(98,36)
(25,16)
(76,28)
(85,21)
(89,22)
(64,7)
(51,16)
(38,45)
(58,33)
(42,8)
(13,45)
(14,11)
(96,54)
(40,33)
(79,49)
(90,31)
(79,31)
(80,34)
(78,22)
(85,44)
(75,50)
(99,26)
(89,17)
(55,37)
(30,34)
(14,50)
(99,52)
(94,29)
(44,51)
(51,8)
(14,40)
(40,44)
(3,19)
(2,18)
(22,43)
(83,19)
(12,28)
(25,37)
(78,46)
(24,42)
(82,37)
(29,38)
(42,48)
(59,37)
(54,15)
(76,20)
(93,41)
(63,48)
(65,21)
(37,38)
(5,40)
(50,12)
(45,49)
(66,23)
(16,23)
(85,34)
(26,16)
(63,54)
(16,34)
(66,27)
(79,13)
(93,19)
(58,51)
(61,30)
(3,4)
(27,42)
(24,33)
(32,6)
(84,19)
(92,14)
(42,25)
(8,46)
(63,22)
(69,38)
(73,38)
(84,27)
(4,18)
(10,39)
(24,22)
(35,48)
(92,34)
(59,27)
(23,36)
(54,34)
(46,23)
(62,48)
(82,16)
(32,40)
(81,11)
(40,25)
(9,20)
(2,20)
(66,6)
(26,24)
(40,6)
(52,4)
(90,42)
(31,14)
(29,7)
(91,6)
(53,41)
(91,41)
(40,34)
(61,54)
(63,53)
(46,15)
(48,35)
(51,15)
(89,42)
(97,16)
(2,38)
(21,15)
(9,27)
(47,42)
(38,10)
(77,54)
(26,26)
(41,12)
(25,54)
(35,17)
(2,30)
(90,41)
(64,30)
(97,4)
(97,10)
(62,13)
(6,38)
(55,20)
(16,49)
(37,43)
(96,12)
(84,30)
(21,54)
(33,17)
(40,24)
(15,25)
(77,7)
(63,14)
(23,18)
(53,9)
(73,30)
(49,32)
(17,43)
(51,53)
(41,44)
(23,47)
(45,31)
(58,30)
(12,29)
(2,33)
(0,34)
(76,8)
(37,6)
(16,33)
(60,23)
(69,30)
(10,47)
(75,42)
(15,32)
(83,18)
(9,39)
(4,54)
(52,48)
(1,13)
(56,39)
(15,11)
(0,44)
(78,18)
(55,34)
(32,34)
(10,41)
(3,54)
(76,38)
(36,14)
(50,46)
(68,43)
(92,18)
(16,20)
(50,26)
(25,5)
(77,24)
(38,32)
(24,37)
(63,38)
(0,14)
(14,48)
(56,22)
(97,36)
(66,51)
(30,31)
(96,47)
(83,16)
(87,40)
(46,45)
(12,42)
(43,21)
(75,32)
(30,29)
(86,45)
(22,21)
(49,45)
(14,14)
(50,44)
(12,15)
(11,41)
(81,47)
(47,47)
(38,38)
(57,54)
(3,46)
(78,40)
(89,45)
(72,28)
(70,15)
(92,22)
(44,47)
(4,13)
(92,17)
(32,30)
(46,36)
(97,34)
(69,31)
(71,4)
(40,51)
(87,29)
(44,44)
(2,53)
(42,31)
(31,36)
(24,41)
(52,23)
(77,37)
(98,47)
(10,8)
(10,53)
(1,25)
(12,43)
(12,53)
(59,12)
(86,12)
(77,19)
(91,36)
(97,32)
(71,51)
(47,39)
(69,44)
(81,40)
(78,12)
(7,48)
(70,14)
(84,50)
(77,20)
(92,23)
(72,40)
(86,27)
(68,8)
(47,48)
(51,38)
(13,50)
(46,28)
(2,29)
(81,25)
(41,37)
(65,16)
(50,52)
(41,38)
(97,3)
(56,54)
(1,44)
(64,29)
(78,43)
(77,45)
(65,26)
(71,44)
(52,31)
(76,54)
(97,26)
(60,33)
(81,16)
(78,33)
(55,32)
(50,25)
(96,38)
(16,53)
(10,32)
(71,37)
(43,14)
(53,52)
(24,48)
(17,23)
(4,36)
(54,50)
(62,12)
(47,53)
(60,28)
(32,21)
(10,43)
(11,21)
(88,54)
(97,22)
(77,31)
(99,21)
(70,23)
(58,26)
(2,35)
(99,43)
(30,22)
(48,7)
(23,44)
(12,38)
(57,31)
(98,13)
(89,51)
(1,12)
(63,50)
(76,25)
(42,26)
(51,10)
(87,50)
(78,38)
(58,29)
(53,3)
(6,31)
(22,47)
(59,32)
(63,26)
(93,35)
(15,38)
(62,40)
(85,51)
(3,7)
(99,25)
(75,21)
(45,47)
(92,36)
(33,20)
(1,34)
(87,38)
(66,48)
(4,5)
(26,27)
(12,35)
(48,39)
(80,17)
(81,18)
(29,53)
(53,17)
(17,16)
(63,23)
(56,8)
(31,43)
(74,45)
(98,43)
(24,40)
(46,8)
(88,11)
(11,31)
(29,20)
(93,26)
(51,32)
(37,10)
(21,31)
(26,22)
(62,54)
(24,36)
(49,35)
(1,32)
(36,11)
(79,29)
(64,11)
(7,28)
(33,50)
(76,40)
(42,49)
(16,45)
(47,34)
(33,34)
(1,45)
(93,48)
(58,43)
(11,39)
(56,46)
(0,39)
(9,37)
(60,49)
(7,44)
(43,43)
(7,43)
(7,38)
(70,42)
(82,51)
(40,26)
(43,27)
(21,51)
(15,18)
(62,28)
(96,52)
(12,41)
(76,51)
(40,45)
(30,45)
(35,53)
(98,33)
(36,45)
(92,41)
(4,39)
(4,29)
(24,34)
(30,35)
(90,38)
(25,33)
(54,38)
(51,12)
(0,53)
(92,35)
(57,46)
(69,36)
(36,30)
(15,29)
(32,25)
(1,26)
(22,39)
(10,16)
(0,10)
(31,46)
(21,6)
(59,41)
(75,38)
(51,27)
(59,49)
(88,47)
(44,54)
(91,47)
(24,19)
(75,3)
(73,33)
(42,38)
(74,52)
(51,28)
(88,42)
(15,3)
(78,7)
(79,12)
(52,47)
(6,49)
(29,34)
(25,36)
(23,48)
(25,11)
(23,34)
(81,22)
(72,37)
(44,30)
(43,39)
(57,7)
(36,4)
(11,24)
(63,32)
(12,45)
(53,33)
(72,31)
(48,20)
(58,50)
(7,25)
(51,36)
(43,11)
(63,17)
(15,41)
(70,35)
(72,49)
(62,15)
(79,26)
(36,52)
(6,22)
(92,28)
(66,37)
(44,42)
(93,6)
(80,52)
(36,31)
(73,40)
(36,16)
(99,48)
(92,16)
(86,41)
(9,45)
(62,25)
(54,39)
(62,52)
(36,41)
(76,52)
(48,54)
(29,36)
(51,19)
(84,41)
(59,43)
(41,16)
(87,12)
(46,46)
(23,52)
(46,26)
(50,39)
(8,20)
(78,20)
(43,42)
(97,51)
(90,44)
(47,12)
(90,19)
(63,35)
(37,35)
(45,44)
(98,18)
(82,5)
(90,35)
(77,9)
(99,5)
(35,37)
(92,27)
(64,45)
(74,38)
(35,44)
(35,30)
(44,16)
(88,23)
(43,35)
(77,41)
(63,43)
(84,34)
(64,8)
(55,38)
(91,1)
(81,52)
(80,46)
(85,14)
(90,32)
(57,49)
(6,39)
(68,11)
(0,37)
(57,44)
(92,8)
(21,33)
(55,50)
(25,48)
(55,54)
(23,32)
(60,31)
(64,38)
(40,31)
(16,32)
(16,18)
(33,7)
(37,27)
(40,30)
(51,44)
(70,1)
(62,45)
(35,46)
(37,23)
(32,41)
(99,37)
(63,45)
(43,28)
(43,38)
(62,50)
(78,53)
(48,15)
(84,14)
(75,49)
(54,26)
(4,45)
(3,47)
(0,21)
(75,45)
(51,54)
(66,30)
(7,22)
(4,9)
(16,41)
(43,51)
(57,18)
(7,20)
(4,22)
(7,52)
(65,50)
(51,22)
(7,15)
(88,50)
(93,42)
(96,29)
(53,32)
(80,32)
(91,46)
(94,50)
(30,26)
(87,44)
(57,28)
(64,17)
(33,25)
(79,37)
(17,33)
(64,51)
(75,31)
(83,37)
(0,45)
(99,50)
(91,54)
(70,39)
(60,15)
(73,28)
(83,13)
(44,11)
(99,8)
(70,27)
(84,18)
(40,15)
(99,20)
(30,30)
(97,52)
(82,49)
(66,33)
(59,28)
(29,31)
(37,42)
(22,42)
(80,22)
(80,5)
(32,54)
(84,17)
(7,21)
(48,48)
(53,13)
(0,41)
(21,21)
(50,48)
(6,34)
(91,45)
(57,32)
(75,16)
(78,52)
(27,18)
(98,17)
(98,14)
(6,37)
(75,48)
(46,33)
(37,26)
(41,53)
(29,41)
(88,26)
(56,11)
(21,30)
(31,35)
(96,40)
(16,43)
(12,10)
(69,54)
(64,28)
(41,23)
(3,25)
(30,53)
(62,23)
(80,19)
(8,38)
(37,32)
(66,42)
(56,52)
