200 Users
48 Files
3500 Transactions
2 Maximum Connections
1 Cycle Length per Upload-Download
0 Warm-up Transactions
0.400000 Zipf constant
5 Pre-Trusted Users
80 Well-Behaved (Good) Users
120 Purely Malicious Users
0 Feedback Skewing Users
0 Malignant Providing Users
0 Disguised Malicous Users
0 Sybil Attack Users
true Intelligent Trans. Generation
1561012735622 Trace Generation Seed

(0.040083,0.000000,1,false)
(0.083047,0.000000,1,false)
(0.053474,0.000000,1,false)
(0.001407,0.000000,1,false)
(0.004003,0.000000,1,false)
(0.009567,0.000000,1,false)
(0.059785,0.000000,1,false)
(0.073539,0.000000,1,false)
(0.033140,0.000000,1,false)
(0.095276,0.000000,1,false)
(0.008072,0.000000,1,false)
(0.010975,0.000000,1,false)
(0.023488,0.000000,1,false)
(0.064018,0.000000,1,false)
(0.095846,0.000000,1,false)
(0.052933,0.000000,1,false)
(0.014371,0.000000,1,false)
(0.001162,0.000000,1,false)
(0.061182,0.000000,1,false)
(0.009525,0.000000,1,false)
(0.000132,0.000000,1,false)
(0.040438,0.000000,1,false)
(0.058300,0.000000,1,false)
(0.027963,0.000000,1,false)
(0.048567,0.000000,1,false)
(0.094309,0.000000,1,false)
(0.070061,0.000000,1,false)
(0.092304,0.000000,1,false)
(0.084288,0.000000,1,false)
(0.047345,0.000000,1,false)
(0.021073,0.000000,1,false)
(0.080532,0.000000,1,false)
(0.082055,0.000000,1,false)
(0.097782,0.000000,1,false)
(0.006023,0.000000,1,false)
(0.095071,0.000000,1,false)
(0.055032,0.000000,1,false)
(0.076307,0.000000,1,false)
(0.001851,0.000000,1,false)
(0.003235,0.000000,1,false)
(0.015995,0.000000,1,false)
(0.093047,0.000000,1,false)
(0.089474,0.000000,1,false)
(0.072644,0.000000,1,false)
(0.035723,0.000000,1,false)
(0.063900,0.000000,1,false)
(0.071078,0.000000,1,false)
(0.063309,0.000000,1,false)
(0.022106,0.000000,1,false)
(0.045500,0.000000,1,false)
(0.032331,0.000000,1,false)
(0.042873,0.000000,1,false)
(0.095942,0.000000,1,false)
(0.064508,0.000000,1,false)
(0.065391,0.000000,1,false)
(0.024390,0.000000,1,false)
(0.044983,0.000000,1,false)
(0.061360,0.000000,1,false)
(0.038212,0.000000,1,false)
(0.087074,0.000000,1,false)
(0.096456,0.000000,1,false)
(0.081233,0.000000,1,false)
(0.068405,0.000000,1,false)
(0.029616,0.000000,1,false)
(0.060121,0.000000,1,false)
(0.035667,0.000000,1,false)
(0.035782,0.000000,1,false)
(0.022922,0.000000,1,false)
(0.058852,0.000000,1,false)
(0.027187,0.000000,1,false)
(0.046726,0.000000,1,false)
(0.074576,0.000000,1,false)
(0.081809,0.000000,1,false)
(0.076177,0.000000,1,false)
(0.045653,0.000000,1,false)
(0.090833,0.000000,1,false)
(0.066462,0.000000,1,false)
(0.014422,0.000000,1,false)
(0.054084,0.000000,1,false)
(0.023625,0.000000,1,false)
(0.040014,0.000000,1,false)
(0.012898,0.000000,1,false)
(0.006225,0.000000,1,false)
(0.019842,0.000000,1,false)
(0.028254,0.000000,1,false)
(0.092774,0.000000,1,false)
(0.041475,0.000000,1,false)
(0.048072,0.000000,1,false)
(0.070413,0.000000,1,false)
(0.028053,0.000000,1,false)
(0.008859,0.000000,1,false)
(0.063990,0.000000,1,false)
(0.062285,0.000000,1,false)
(0.085872,0.000000,1,false)
(0.036216,0.000000,1,false)
(0.089783,0.000000,1,false)
(0.086706,0.000000,1,false)
(0.066211,0.000000,1,false)
(0.017771,0.000000,1,false)
(0.025252,0.000000,1,false)
(0.080406,0.000000,1,false)
(0.096597,0.000000,1,false)
(0.077781,0.000000,1,false)
(0.078674,0.000000,1,false)
(0.029347,0.000000,1,false)
(0.009381,0.000000,1,false)
(0.075045,0.000000,1,false)
(0.003998,0.000000,1,false)
(0.080811,0.000000,1,false)
(0.079241,0.000000,1,false)
(0.023330,0.000000,1,false)
(0.057654,0.000000,1,false)
(0.009845,0.000000,1,false)
(0.026807,0.000000,1,false)
(0.016146,0.000000,1,false)
(0.043020,0.000000,1,false)
(0.080113,0.000000,1,false)
(0.000636,0.000000,1,false)
(0.060806,0.000000,1,false)
(0.093489,0.000000,1,false)
(0.905244,1.000000,0,true)
(0.965753,1.000000,0,true)
(0.953674,1.000000,0,true)
(0.943860,1.000000,0,true)
(0.958444,1.000000,0,true)
(0.962478,1.000000,0,false)
(0.907501,1.000000,0,false)
(0.922851,1.000000,0,false)
(0.901467,1.000000,0,false)
(0.977504,1.000000,0,false)
(0.946680,1.000000,0,false)
(0.942600,1.000000,0,false)
(0.918978,1.000000,0,false)
(0.917583,1.000000,0,false)
(0.923027,1.000000,0,false)
(0.957890,1.000000,0,false)
(0.920645,1.000000,0,false)
(0.960082,1.000000,0,false)
(0.943285,1.000000,0,false)
(0.968129,1.000000,0,false)
(0.942530,1.000000,0,false)
(0.944747,1.000000,0,false)
(0.957775,1.000000,0,false)
(0.945846,1.000000,0,false)
(0.942926,1.000000,0,false)
(0.961244,1.000000,0,false)
(0.980612,1.000000,0,false)
(0.985926,1.000000,0,false)
(0.920564,1.000000,0,false)
(0.956952,1.000000,0,false)
(0.992008,1.000000,0,false)
(0.948817,1.000000,0,false)
(0.902559,1.000000,0,false)
(0.980023,1.000000,0,false)
(0.928601,1.000000,0,false)
(0.934953,1.000000,0,false)
(0.915744,1.000000,0,false)
(0.985126,1.000000,0,false)
(0.919916,1.000000,0,false)
(0.963462,1.000000,0,false)
(0.968270,1.000000,0,false)
(0.963564,1.000000,0,false)
(0.978270,1.000000,0,false)
(0.935933,1.000000,0,false)
(0.928364,1.000000,0,false)
(0.915606,1.000000,0,false)
(0.995367,1.000000,0,false)
(0.945628,1.000000,0,false)
(0.994092,1.000000,0,false)
(0.960904,1.000000,0,false)
(0.941730,1.000000,0,false)
(0.943962,1.000000,0,false)
(0.901792,1.000000,0,false)
(0.982777,1.000000,0,false)
(0.904851,1.000000,0,false)
(0.999439,1.000000,0,false)
(0.921500,1.000000,0,false)
(0.923898,1.000000,0,false)
(0.938577,1.000000,0,false)
(0.979433,1.000000,0,false)
(0.935270,1.000000,0,false)
(0.994606,1.000000,0,false)
(0.929719,1.000000,0,false)
(0.952299,1.000000,0,false)
(0.988722,1.000000,0,false)
(0.920551,1.000000,0,false)
(0.918267,1.000000,0,false)
(0.946256,1.000000,0,false)
(0.947445,1.000000,0,false)
(0.943825,1.000000,0,false)
(0.934836,1.000000,0,false)
(0.912331,1.000000,0,false)
(0.978084,1.000000,0,false)
(0.900977,1.000000,0,false)
(0.943069,1.000000,0,false)
(0.921370,1.000000,0,false)
(0.908990,1.000000,0,false)
(0.932479,1.000000,0,false)
(0.995752,1.000000,0,false)
(0.979699,1.000000,0,false)

(1,0,false)
(3,0,false)
(4,0,false)
(5,0,false)
(8,0,false)
(9,0,false)
(11,0,false)
(12,0,false)
(13,0,false)
(14,0,false)
(15,0,false)
(16,0,false)
(17,0,false)
(18,0,false)
(19,0,false)
(21,0,false)
(23,0,false)
(26,0,false)
(27,0,false)
(28,0,false)
(30,0,false)
(32,0,true)
(33,0,true)
(34,0,false)
(35,0,false)
(36,0,false)
(37,0,false)
(38,0,false)
(39,0,false)
(40,0,false)
(42,0,false)
(43,0,false)
(45,0,false)
(46,0,false)
(47,0,false)
(48,0,false)
(52,0,false)
(53,0,false)
(54,0,false)
(57,0,false)
(58,0,false)
(59,0,true)
(60,0,false)
(61,0,false)
(62,0,false)
(63,0,false)
(66,0,false)
(67,0,false)
(69,0,false)
(70,0,false)
(71,0,false)
(73,0,false)
(74,0,false)
(76,0,false)
(77,0,false)
(78,0,false)
(79,0,false)
(82,0,false)
(85,0,false)
(87,0,false)
(88,0,false)
(89,0,false)
(90,0,false)
(91,0,false)
(92,0,false)
(93,0,false)
(95,0,false)
(97,0,false)
(102,0,false)
(103,0,true)
(104,0,false)
(106,0,false)
(107,0,false)
(109,0,false)
(110,0,false)
(111,0,false)
(115,0,true)
(116,0,false)
(117,0,false)
(118,0,false)
(119,0,false)
(120,0,true)
(122,0,true)
(123,0,true)
(124,0,true)
(125,0,true)
(126,0,true)
(127,0,true)
(128,0,true)
(129,0,true)
(130,0,true)
(131,0,true)
(133,0,false)
(134,0,true)
(135,0,true)
(136,0,true)
(137,0,true)
(139,0,true)
(140,0,true)
(141,0,true)
(142,0,true)
(144,0,false)
(145,0,true)
(146,0,true)
(147,0,true)
(149,0,true)
(150,0,true)
(152,0,true)
(156,0,true)
(158,0,true)
(159,0,true)
(161,0,true)
(162,0,true)
(163,0,true)
(164,0,true)
(165,0,true)
(166,0,true)
(167,0,true)
(168,0,true)
(169,0,true)
(170,0,true)
(171,0,false)
(172,0,true)
(173,0,true)
(174,0,true)
(176,0,true)
(177,0,true)
(178,0,true)
(179,0,true)
(180,0,true)
(181,0,true)
(182,0,true)
(183,0,true)
(186,0,false)
(187,0,true)
(188,0,true)
(189,0,true)
(190,0,true)
(191,0,true)
(192,0,true)
(195,0,true)
(196,0,true)
(197,0,true)
(199,0,true)
(1,1,false)
(2,1,false)
(5,1,false)
(6,1,true)
(7,1,false)
(8,1,false)
(9,1,false)
(11,1,false)
(12,1,false)
(13,1,false)
(16,1,false)
(18,1,false)
(19,1,false)
(22,1,false)
(25,1,false)
(26,1,false)
(27,1,false)
(28,1,false)
(30,1,false)
(33,1,false)
(35,1,false)
(36,1,false)
(37,1,false)
(38,1,false)
(39,1,false)
(40,1,false)
(41,1,false)
(42,1,false)
(44,1,false)
(45,1,false)
(46,1,false)
(47,1,false)
(50,1,false)
(53,1,false)
(54,1,false)
(55,1,false)
(56,1,false)
(57,1,false)
(59,1,false)
(60,1,false)
(63,1,false)
(69,1,false)
(70,1,false)
(72,1,false)
(73,1,false)
(74,1,false)
(75,1,false)
(77,1,false)
(79,1,false)
(81,1,false)
(87,1,false)
(88,1,false)
(89,1,false)
(90,1,false)
(91,1,false)
(92,1,false)
(94,1,false)
(95,1,false)
(96,1,false)
(97,1,false)
(99,1,false)
(100,1,false)
(101,1,false)
(102,1,false)
(103,1,false)
(104,1,false)
(107,1,false)
(108,1,false)
(109,1,false)
(111,1,false)
(112,1,false)
(113,1,false)
(114,1,false)
(115,1,false)
(118,1,false)
(120,1,true)
(121,1,true)
(122,1,true)
(123,1,true)
(124,1,true)
(125,1,true)
(126,1,true)
(127,1,true)
(128,1,true)
(130,1,true)
(131,1,true)
(132,1,true)
(134,1,false)
(135,1,true)
(137,1,true)
(139,1,true)
(141,1,true)
(142,1,false)
(145,1,true)
(147,1,true)
(148,1,true)
(149,1,true)
(151,1,true)
(154,1,true)
(155,1,true)
(157,1,true)
(158,1,false)
(159,1,true)
(160,1,false)
(161,1,true)
(162,1,true)
(163,1,true)
(164,1,true)
(166,1,true)
(167,1,true)
(168,1,true)
(170,1,true)
(171,1,true)
(172,1,true)
(173,1,true)
(174,1,true)
(175,1,true)
(176,1,true)
(177,1,false)
(178,1,true)
(179,1,true)
(180,1,true)
(183,1,true)
(185,1,true)
(187,1,true)
(189,1,true)
(191,1,true)
(193,1,true)
(195,1,true)
(196,1,false)
(197,1,false)
(1,2,false)
(3,2,false)
(5,2,false)
(8,2,false)
(10,2,false)
(13,2,false)
(14,2,false)
(15,2,false)
(16,2,false)
(17,2,false)
(18,2,true)
(20,2,false)
(25,2,false)
(28,2,false)
(29,2,false)
(30,2,false)
(32,2,false)
(33,2,false)
(34,2,false)
(37,2,false)
(38,2,false)
(40,2,false)
(41,2,false)
(42,2,false)
(43,2,false)
(45,2,false)
(46,2,false)
(49,2,false)
(50,2,false)
(51,2,false)
(52,2,false)
(54,2,false)
(55,2,false)
(56,2,false)
(57,2,false)
(58,2,false)
(61,2,false)
(63,2,false)
(64,2,false)
(65,2,false)
(66,2,false)
(68,2,false)
(70,2,false)
(72,2,false)
(73,2,false)
(74,2,false)
(75,2,false)
(76,2,false)
(78,2,false)
(82,2,false)
(83,2,false)
(84,2,false)
(86,2,false)
(88,2,false)
(92,2,false)
(93,2,false)
(94,2,false)
(95,2,false)
(96,2,false)
(97,2,false)
(98,2,false)
(99,2,false)
(100,2,false)
(101,2,false)
(103,2,false)
(106,2,false)
(108,2,false)
(109,2,false)
(111,2,false)
(113,2,false)
(114,2,false)
(115,2,false)
(118,2,true)
(120,2,false)
(122,2,true)
(123,2,true)
(124,2,false)
(127,2,true)
(129,2,true)
(130,2,true)
(131,2,true)
(133,2,true)
(135,2,true)
(138,2,true)
(140,2,true)
(141,2,true)
(145,2,true)
(147,2,true)
(148,2,true)
(150,2,true)
(152,2,true)
(154,2,true)
(155,2,true)
(156,2,true)
(157,2,true)
(158,2,true)
(160,2,true)
(161,2,true)
(163,2,true)
(165,2,true)
(166,2,true)
(167,2,true)
(169,2,true)
(170,2,true)
(171,2,true)
(172,2,true)
(173,2,true)
(174,2,true)
(175,2,true)
(178,2,true)
(179,2,true)
(180,2,true)
(182,2,true)
(184,2,true)
(186,2,true)
(187,2,true)
(193,2,true)
(194,2,true)
(195,2,true)
(196,2,true)
(197,2,true)
(199,2,true)
(0,3,false)
(1,3,false)
(2,3,false)
(3,3,false)
(5,3,false)
(7,3,true)
(8,3,false)
(10,3,false)
(12,3,false)
(13,3,false)
(15,3,false)
(16,3,false)
(17,3,false)
(18,3,true)
(19,3,false)
(21,3,false)
(22,3,false)
(24,3,false)
(26,3,false)
(28,3,false)
(29,3,false)
(31,3,false)
(33,3,false)
(34,3,false)
(35,3,false)
(37,3,false)
(38,3,false)
(39,3,false)
(40,3,false)
(42,3,false)
(43,3,false)
(46,3,false)
(48,3,false)
(49,3,false)
(51,3,false)
(53,3,false)
(57,3,false)
(61,3,true)
(62,3,false)
(63,3,false)
(64,3,false)
(65,3,false)
(70,3,true)
(71,3,false)
(73,3,false)
(74,3,false)
(75,3,false)
(77,3,false)
(82,3,false)
(85,3,false)
(88,3,false)
(89,3,false)
(92,3,false)
(94,3,false)
(95,3,false)
(99,3,false)
(100,3,false)
(101,3,false)
(103,3,true)
(105,3,false)
(106,3,false)
(107,3,false)
(111,3,false)
(113,3,false)
(114,3,false)
(115,3,false)
(116,3,false)
(118,3,false)
(120,3,true)
(121,3,true)
(123,3,true)
(125,3,true)
(126,3,true)
(129,3,true)
(130,3,true)
(133,3,true)
(134,3,true)
(135,3,true)
(137,3,true)
(138,3,true)
(141,3,true)
(142,3,true)
(144,3,true)
(146,3,true)
(147,3,true)
(149,3,true)
(150,3,true)
(155,3,false)
(157,3,true)
(160,3,true)
(162,3,true)
(163,3,true)
(164,3,true)
(167,3,true)
(168,3,true)
(171,3,true)
(172,3,true)
(173,3,true)
(176,3,true)
(177,3,true)
(178,3,true)
(179,3,true)
(180,3,true)
(183,3,true)
(185,3,true)
(188,3,true)
(191,3,true)
(193,3,true)
(196,3,true)
(4,4,false)
(5,4,false)
(6,4,false)
(8,4,false)
(10,4,false)
(11,4,false)
(12,4,false)
(16,4,false)
(17,4,false)
(18,4,false)
(21,4,false)
(24,4,false)
(27,4,false)
(29,4,false)
(32,4,false)
(33,4,false)
(35,4,false)
(38,4,false)
(40,4,false)
(44,4,false)
(45,4,false)
(49,4,false)
(50,4,false)
(51,4,false)
(52,4,false)
(55,4,false)
(56,4,false)
(57,4,false)
(61,4,false)
(65,4,false)
(71,4,false)
(73,4,false)
(74,4,false)
(76,4,false)
(80,4,false)
(81,4,false)
(84,4,false)
(86,4,false)
(88,4,false)
(90,4,false)
(92,4,false)
(93,4,false)
(94,4,false)
(95,4,false)
(96,4,false)
(102,4,false)
(105,4,false)
(106,4,false)
(107,4,false)
(108,4,false)
(109,4,false)
(110,4,false)
(111,4,false)
(112,4,false)
(113,4,false)
(114,4,false)
(116,4,true)
(118,4,false)
(119,4,false)
(120,4,true)
(121,4,true)
(122,4,true)
(125,4,true)
(128,4,true)
(129,4,true)
(133,4,true)
(134,4,true)
(139,4,true)
(140,4,true)
(141,4,true)
(143,4,true)
(144,4,true)
(146,4,true)
(148,4,true)
(150,4,true)
(152,4,false)
(155,4,true)
(157,4,true)
(162,4,true)
(165,4,true)
(168,4,true)
(169,4,true)
(170,4,true)
(173,4,true)
(174,4,true)
(176,4,true)
(177,4,true)
(180,4,true)
(181,4,true)
(183,4,true)
(185,4,true)
(186,4,true)
(187,4,true)
(191,4,true)
(193,4,true)
(196,4,true)
(197,4,false)
(1,5,false)
(2,5,false)
(3,5,false)
(6,5,false)
(7,5,true)
(12,5,false)
(13,5,false)
(15,5,false)
(16,5,false)
(17,5,false)
(19,5,false)
(25,5,false)
(26,5,false)
(28,5,true)
(29,5,false)
(31,5,false)
(33,5,false)
(35,5,false)
(36,5,false)
(37,5,false)
(38,5,false)
(40,5,false)
(42,5,false)
(44,5,false)
(47,5,false)
(48,5,false)
(50,5,false)
(51,5,false)
(52,5,true)
(53,5,false)
(54,5,false)
(55,5,false)
(56,5,false)
(57,5,false)
(58,5,false)
(66,5,false)
(69,5,false)
(71,5,false)
(73,5,false)
(75,5,false)
(77,5,false)
(78,5,false)
(80,5,false)
(83,5,false)
(87,5,false)
(88,5,false)
(90,5,false)
(95,5,true)
(101,5,false)
(103,5,false)
(104,5,false)
(106,5,false)
(107,5,false)
(110,5,false)
(111,5,false)
(114,5,false)
(115,5,false)
(118,5,false)
(119,5,false)
(121,5,true)
(122,5,true)
(125,5,true)
(126,5,true)
(127,5,true)
(129,5,true)
(130,5,true)
(131,5,true)
(132,5,true)
(134,5,true)
(135,5,true)
(143,5,true)
(145,5,true)
(148,5,true)
(149,5,true)
(152,5,true)
(153,5,true)
(154,5,true)
(156,5,true)
(158,5,true)
(162,5,true)
(164,5,true)
(166,5,true)
(168,5,true)
(169,5,false)
(172,5,true)
(176,5,true)
(177,5,true)
(181,5,true)
(190,5,true)
(192,5,true)
(196,5,true)
(0,6,false)
(4,6,false)
(7,6,false)
(9,6,false)
(10,6,false)
(12,6,false)
(16,6,false)
(17,6,false)
(21,6,false)
(24,6,false)
(25,6,false)
(26,6,false)
(30,6,false)
(31,6,false)
(32,6,false)
(33,6,false)
(34,6,false)
(36,6,true)
(38,6,false)
(39,6,false)
(40,6,false)
(41,6,false)
(44,6,false)
(47,6,false)
(54,6,false)
(55,6,false)
(58,6,false)
(63,6,false)
(64,6,false)
(65,6,false)
(66,6,false)
(67,6,false)
(68,6,true)
(70,6,false)
(71,6,false)
(74,6,false)
(75,6,false)
(76,6,false)
(78,6,true)
(84,6,false)
(87,6,false)
(92,6,false)
(93,6,false)
(94,6,false)
(95,6,false)
(96,6,false)
(98,6,false)
(100,6,false)
(101,6,false)
(102,6,false)
(104,6,false)
(107,6,false)
(108,6,false)
(109,6,false)
(110,6,false)
(111,6,false)
(121,6,true)
(122,6,true)
(125,6,true)
(126,6,true)
(128,6,false)
(129,6,true)
(130,6,true)
(132,6,false)
(135,6,true)
(137,6,true)
(139,6,true)
(145,6,true)
(146,6,true)
(148,6,false)
(149,6,true)
(151,6,true)
(156,6,true)
(157,6,true)
(160,6,true)
(166,6,true)
(167,6,true)
(168,6,true)
(169,6,true)
(172,6,true)
(174,6,true)
(176,6,true)
(177,6,true)
(181,6,true)
(182,6,true)
(183,6,true)
(184,6,true)
(186,6,true)
(187,6,true)
(189,6,true)
(192,6,true)
(199,6,true)
(0,7,false)
(2,7,false)
(4,7,false)
(6,7,false)
(11,7,true)
(15,7,false)
(20,7,false)
(21,7,false)
(24,7,false)
(25,7,false)
(26,7,false)
(28,7,false)
(29,7,false)
(31,7,true)
(32,7,false)
(42,7,false)
(43,7,false)
(45,7,false)
(46,7,false)
(48,7,false)
(50,7,false)
(51,7,false)
(52,7,false)
(53,7,false)
(61,7,false)
(66,7,false)
(67,7,false)
(68,7,false)
(72,7,false)
(74,7,false)
(76,7,false)
(78,7,false)
(81,7,false)
(84,7,false)
(91,7,false)
(102,7,false)
(106,7,false)
(108,7,false)
(110,7,false)
(114,7,false)
(119,7,false)
(121,7,true)
(122,7,true)
(129,7,true)
(133,7,false)
(134,7,false)
(138,7,false)
(142,7,true)
(143,7,true)
(146,7,true)
(155,7,true)
(157,7,true)
(160,7,true)
(161,7,true)
(167,7,true)
(169,7,true)
(171,7,true)
(172,7,true)
(174,7,true)
(177,7,true)
(180,7,true)
(181,7,true)
(182,7,true)
(184,7,true)
(186,7,true)
(193,7,true)
(194,7,true)
(197,7,true)
(198,7,true)
(1,8,false)
(4,8,false)
(7,8,false)
(10,8,false)
(11,8,false)
(12,8,false)
(13,8,false)
(17,8,false)
(18,8,false)
(19,8,false)
(24,8,false)
(25,8,false)
(27,8,false)
(28,8,false)
(29,8,false)
(34,8,false)
(42,8,false)
(43,8,false)
(44,8,false)
(45,8,false)
(46,8,false)
(47,8,false)
(49,8,true)
(50,8,false)
(51,8,false)
(52,8,false)
(54,8,false)
(55,8,false)
(56,8,false)
(58,8,false)
(59,8,false)
(62,8,false)
(63,8,false)
(66,8,false)
(72,8,false)
(73,8,false)
(74,8,false)
(75,8,false)
(76,8,false)
(83,8,false)
(85,8,false)
(87,8,false)
(88,8,true)
(89,8,false)
(90,8,false)
(92,8,false)
(93,8,false)
(94,8,false)
(95,8,true)
(98,8,false)
(101,8,false)
(104,8,true)
(105,8,false)
(107,8,false)
(109,8,false)
(111,8,false)
(113,8,false)
(115,8,false)
(118,8,true)
(119,8,false)
(122,8,true)
(126,8,true)
(130,8,true)
(135,8,true)
(137,8,true)
(139,8,true)
(144,8,true)
(146,8,true)
(150,8,true)
(151,8,true)
(152,8,true)
(153,8,true)
(155,8,true)
(159,8,true)
(162,8,true)
(163,8,true)
(166,8,true)
(167,8,true)
(168,8,true)
(172,8,false)
(174,8,true)
(175,8,true)
(183,8,true)
(185,8,true)
(187,8,true)
(190,8,true)
(191,8,true)
(192,8,true)
(197,8,true)
(199,8,true)
(4,9,false)
(5,9,false)
(8,9,false)
(11,9,false)
(12,9,false)
(17,9,false)
(18,9,true)
(22,9,false)
(29,9,false)
(34,9,false)
(40,9,false)
(42,9,true)
(43,9,false)
(44,9,false)
(45,9,true)
(47,9,false)
(50,9,false)
(55,9,false)
(57,9,false)
(62,9,false)
(63,9,false)
(64,9,false)
(65,9,false)
(70,9,false)
(72,9,true)
(77,9,false)
(79,9,false)
(83,9,false)
(84,9,false)
(85,9,false)
(86,9,true)
(87,9,false)
(94,9,false)
(95,9,false)
(99,9,false)
(101,9,false)
(107,9,false)
(108,9,false)
(114,9,false)
(121,9,true)
(122,9,true)
(131,9,true)
(132,9,true)
(134,9,true)
(135,9,true)
(137,9,true)
(144,9,true)
(146,9,true)
(149,9,true)
(152,9,false)
(156,9,true)
(158,9,true)
(160,9,true)
(161,9,true)
(162,9,true)
(163,9,true)
(164,9,true)
(167,9,true)
(169,9,true)
(170,9,true)
(173,9,true)
(174,9,true)
(177,9,true)
(178,9,true)
(182,9,true)
(185,9,true)
(186,9,true)
(190,9,true)
(191,9,false)
(194,9,true)
(195,9,true)
(197,9,true)
(198,9,true)
(199,9,true)
(3,10,false)
(5,10,false)
(9,10,true)
(14,10,true)
(16,10,false)
(17,10,false)
(18,10,false)
(21,10,false)
(26,10,false)
(27,10,false)
(36,10,false)
(37,10,false)
(40,10,false)
(42,10,true)
(43,10,false)
(44,10,false)
(46,10,true)
(49,10,false)
(52,10,false)
(58,10,false)
(59,10,false)
(60,10,false)
(61,10,false)
(62,10,false)
(66,10,false)
(70,10,false)
(75,10,false)
(77,10,false)
(78,10,false)
(85,10,false)
(86,10,false)
(88,10,false)
(90,10,false)
(91,10,false)
(93,10,false)
(96,10,false)
(97,10,true)
(103,10,false)
(104,10,false)
(106,10,true)
(108,10,false)
(112,10,false)
(115,10,false)
(117,10,false)
(118,10,false)
(119,10,false)
(121,10,true)
(122,10,false)
(123,10,true)
(124,10,true)
(126,10,true)
(127,10,true)
(128,10,true)
(129,10,true)
(133,10,true)
(134,10,true)
(138,10,true)
(139,10,true)
(140,10,true)
(143,10,true)
(145,10,true)
(148,10,true)
(152,10,true)
(154,10,true)
(161,10,true)
(163,10,true)
(166,10,true)
(168,10,true)
(173,10,true)
(175,10,true)
(176,10,true)
(179,10,true)
(181,10,true)
(182,10,true)
(183,10,true)
(185,10,true)
(186,10,true)
(188,10,true)
(193,10,true)
(198,10,true)
(6,11,false)
(13,11,false)
(14,11,false)
(16,11,false)
(17,11,false)
(20,11,false)
(21,11,true)
(22,11,true)
(28,11,false)
(29,11,false)
(30,11,false)
(33,11,false)
(41,11,false)
(43,11,false)
(45,11,false)
(48,11,false)
(51,11,false)
(53,11,false)
(55,11,false)
(58,11,false)
(62,11,false)
(72,11,false)
(75,11,false)
(76,11,false)
(81,11,false)
(85,11,false)
(87,11,false)
(89,11,false)
(91,11,true)
(92,11,true)
(93,11,true)
(96,11,false)
(97,11,false)
(99,11,false)
(101,11,false)
(103,11,false)
(106,11,false)
(114,11,false)
(116,11,false)
(117,11,false)
(121,11,true)
(124,11,true)
(125,11,true)
(128,11,true)
(129,11,true)
(130,11,true)
(133,11,true)
(137,11,true)
(138,11,true)
(139,11,true)
(142,11,true)
(145,11,true)
(147,11,true)
(151,11,true)
(152,11,true)
(158,11,true)
(161,11,true)
(164,11,true)
(166,11,true)
(167,11,true)
(170,11,true)
(175,11,true)
(177,11,true)
(179,11,true)
(181,11,true)
(184,11,true)
(185,11,true)
(186,11,true)
(188,11,true)
(190,11,false)
(191,11,true)
(196,11,true)
(0,12,false)
(4,12,false)
(7,12,false)
(8,12,false)
(10,12,false)
(12,12,false)
(16,12,false)
(17,12,false)
(19,12,false)
(21,12,false)
(22,12,false)
(23,12,false)
(29,12,true)
(35,12,false)
(36,12,false)
(37,12,false)
(41,12,true)
(42,12,true)
(43,12,false)
(45,12,false)
(46,12,false)
(56,12,false)
(57,12,false)
(59,12,false)
(69,12,false)
(71,12,false)
(72,12,true)
(73,12,true)
(77,12,false)
(78,12,false)
(85,12,false)
(86,12,false)
(90,12,false)
(92,12,false)
(96,12,false)
(98,12,false)
(99,12,false)
(100,12,false)
(101,12,true)
(105,12,false)
(106,12,false)
(108,12,false)
(113,12,false)
(114,12,false)
(129,12,true)
(141,12,true)
(142,12,true)
(151,12,true)
(153,12,true)
(156,12,true)
(157,12,true)
(162,12,true)
(166,12,true)
(167,12,true)
(168,12,true)
(173,12,true)
(174,12,true)
(178,12,true)
(180,12,true)
(182,12,true)
(183,12,true)
(184,12,true)
(188,12,false)
(189,12,true)
(190,12,true)
(191,12,true)
(192,12,true)
(193,12,true)
(194,12,false)
(196,12,true)
(197,12,true)
(198,12,true)
(3,13,false)
(7,13,false)
(10,13,false)
(11,13,false)
(14,13,false)
(15,13,false)
(24,13,false)
(33,13,false)
(34,13,true)
(38,13,false)
(40,13,false)
(45,13,false)
(47,13,false)
(56,13,false)
(60,13,false)
(63,13,false)
(64,13,false)
(70,13,false)
(74,13,false)
(76,13,false)
(77,13,false)
(80,13,false)
(82,13,false)
(85,13,false)
(90,13,false)
(96,13,false)
(97,13,false)
(102,13,false)
(103,13,false)
(106,13,true)
(107,13,false)
(108,13,false)
(109,13,false)
(110,13,false)
(113,13,false)
(118,13,false)
(120,13,true)
(121,13,true)
(124,13,true)
(125,13,true)
(126,13,true)
(136,13,true)
(137,13,true)
(138,13,true)
(140,13,true)
(141,13,true)
(144,13,true)
(154,13,true)
(159,13,true)
(163,13,true)
(164,13,true)
(165,13,true)
(168,13,true)
(169,13,true)
(173,13,true)
(174,13,true)
(176,13,true)
(177,13,true)
(178,13,true)
(179,13,true)
(180,13,true)
(181,13,true)
(182,13,true)
(185,13,true)
(187,13,true)
(190,13,true)
(191,13,true)
(194,13,true)
(195,13,true)
(196,13,true)
(198,13,true)
(8,14,false)
(12,14,false)
(13,14,false)
(16,14,false)
(17,14,false)
(18,14,false)
(22,14,false)
(24,14,false)
(29,14,false)
(30,14,false)
(31,14,false)
(34,14,false)
(42,14,false)
(46,14,false)
(48,14,false)
(49,14,false)
(54,14,false)
(60,14,false)
(61,14,true)
(62,14,false)
(63,14,false)
(65,14,false)
(67,14,false)
(68,14,false)
(73,14,false)
(74,14,false)
(76,14,false)
(78,14,false)
(85,14,false)
(87,14,false)
(90,14,false)
(91,14,false)
(94,14,false)
(95,14,false)
(112,14,false)
(113,14,false)
(117,14,false)
(120,14,true)
(122,14,true)
(127,14,true)
(136,14,true)
(138,14,true)
(141,14,true)
(145,14,true)
(146,14,true)
(157,14,true)
(165,14,true)
(166,14,true)
(176,14,true)
(180,14,true)
(181,14,true)
(184,14,true)
(190,14,true)
(191,14,true)
(192,14,true)
(199,14,true)
(1,15,false)
(2,15,false)
(5,15,false)
(9,15,false)
(16,15,false)
(19,15,false)
(20,15,false)
(22,15,false)
(23,15,false)
(25,15,false)
(29,15,false)
(35,15,false)
(39,15,false)
(43,15,false)
(48,15,false)
(51,15,false)
(54,15,false)
(59,15,false)
(61,15,false)
(67,15,false)
(70,15,false)
(73,15,false)
(76,15,false)
(79,15,false)
(80,15,false)
(83,15,false)
(85,15,true)
(87,15,false)
(88,15,false)
(94,15,false)
(97,15,false)
(102,15,false)
(103,15,false)
(105,15,false)
(109,15,false)
(113,15,false)
(115,15,false)
(118,15,false)
(119,15,false)
(121,15,true)
(122,15,true)
(126,15,true)
(127,15,true)
(128,15,true)
(129,15,true)
(131,15,true)
(132,15,true)
(135,15,true)
(140,15,true)
(142,15,true)
(145,15,true)
(146,15,true)
(147,15,true)
(148,15,true)
(150,15,true)
(152,15,true)
(156,15,true)
(164,15,false)
(166,15,true)
(167,15,true)
(171,15,true)
(178,15,true)
(181,15,true)
(182,15,true)
(185,15,true)
(191,15,true)
(194,15,false)
(197,15,true)
(2,16,false)
(6,16,false)
(7,16,false)
(8,16,false)
(9,16,false)
(13,16,true)
(15,16,false)
(17,16,false)
(21,16,false)
(24,16,false)
(25,16,false)
(26,16,false)
(29,16,false)
(33,16,false)
(45,16,false)
(47,16,false)
(55,16,false)
(56,16,false)
(58,16,false)
(59,16,false)
(61,16,false)
(67,16,false)
(75,16,false)
(77,16,false)
(85,16,false)
(87,16,false)
(89,16,false)
(91,16,false)
(96,16,false)
(105,16,false)
(106,16,false)
(109,16,false)
(112,16,false)
(116,16,true)
(119,16,false)
(122,16,true)
(124,16,true)
(126,16,true)
(127,16,true)
(128,16,true)
(129,16,false)
(131,16,true)
(132,16,true)
(135,16,true)
(136,16,true)
(137,16,true)
(141,16,true)
(143,16,true)
(146,16,true)
(150,16,true)
(153,16,true)
(154,16,true)
(155,16,true)
(163,16,true)
(168,16,true)
(170,16,true)
(175,16,true)
(177,16,true)
(179,16,true)
(180,16,true)
(181,16,true)
(182,16,false)
(188,16,false)
(191,16,true)
(193,16,true)
(2,17,false)
(9,17,false)
(15,17,false)
(16,17,false)
(19,17,false)
(20,17,false)
(24,17,false)
(27,17,false)
(28,17,false)
(33,17,false)
(34,17,false)
(42,17,true)
(48,17,false)
(50,17,false)
(51,17,false)
(60,17,false)
(64,17,false)
(73,17,false)
(76,17,false)
(77,17,false)
(79,17,false)
(82,17,false)
(83,17,false)
(84,17,false)
(88,17,false)
(89,17,false)
(95,17,false)
(98,17,false)
(100,17,false)
(104,17,false)
(105,17,false)
(106,17,false)
(107,17,false)
(109,17,false)
(111,17,false)
(117,17,false)
(124,17,true)
(126,17,true)
(129,17,true)
(133,17,false)
(134,17,true)
(136,17,true)
(140,17,true)
(141,17,true)
(143,17,true)
(145,17,true)
(153,17,true)
(155,17,true)
(157,17,true)
(161,17,true)
(165,17,true)
(166,17,true)
(171,17,true)
(175,17,true)
(176,17,true)
(179,17,true)
(181,17,true)
(184,17,true)
(193,17,false)
(196,17,true)
(198,17,true)
(0,18,false)
(1,18,false)
(6,18,false)
(8,18,false)
(12,18,false)
(17,18,false)
(18,18,false)
(24,18,false)
(25,18,false)
(26,18,false)
(31,18,false)
(33,18,true)
(34,18,false)
(40,18,false)
(42,18,false)
(45,18,false)
(46,18,false)
(53,18,false)
(57,18,false)
(59,18,false)
(62,18,false)
(63,18,false)
(65,18,false)
(73,18,false)
(74,18,false)
(79,18,false)
(82,18,false)
(86,18,false)
(95,18,false)
(97,18,false)
(100,18,false)
(104,18,false)
(108,18,false)
(109,18,false)
(111,18,false)
(115,18,false)
(116,18,false)
(120,18,true)
(121,18,true)
(125,18,true)
(126,18,true)
(130,18,true)
(134,18,true)
(136,18,true)
(143,18,true)
(150,18,true)
(152,18,true)
(157,18,true)
(160,18,true)
(161,18,true)
(168,18,true)
(177,18,true)
(181,18,true)
(183,18,true)
(189,18,true)
(191,18,true)
(192,18,true)
(193,18,true)
(194,18,true)
(198,18,true)
(0,19,false)
(11,19,false)
(12,19,false)
(15,19,false)
(16,19,false)
(19,19,false)
(26,19,false)
(27,19,false)
(29,19,false)
(33,19,false)
(39,19,false)
(41,19,false)
(43,19,false)
(49,19,true)
(51,19,false)
(52,19,false)
(54,19,false)
(59,19,false)
(61,19,false)
(64,19,false)
(66,19,false)
(73,19,false)
(77,19,false)
(78,19,false)
(82,19,false)
(88,19,true)
(89,19,false)
(90,19,false)
(92,19,false)
(94,19,false)
(100,19,false)
(101,19,false)
(103,19,false)
(105,19,false)
(107,19,false)
(109,19,false)
(114,19,false)
(117,19,false)
(122,19,true)
(124,19,true)
(131,19,true)
(132,19,true)
(136,19,true)
(139,19,false)
(142,19,false)
(145,19,true)
(147,19,true)
(150,19,true)
(153,19,true)
(155,19,true)
(163,19,true)
(165,19,true)
(168,19,true)
(169,19,true)
(170,19,true)
(171,19,true)
(175,19,true)
(180,19,true)
(183,19,true)
(186,19,true)
(187,19,true)
(190,19,true)
(198,19,true)
(199,19,true)
(2,20,false)
(3,20,false)
(6,20,false)
(7,20,false)
(9,20,false)
(13,20,false)
(16,20,false)
(18,20,false)
(20,20,false)
(21,20,false)
(22,20,false)
(27,20,false)
(29,20,false)
(30,20,false)
(34,20,false)
(37,20,false)
(40,20,false)
(44,20,false)
(49,20,false)
(59,20,false)
(61,20,false)
(62,20,false)
(65,20,false)
(66,20,false)
(69,20,false)
(70,20,false)
(73,20,false)
(74,20,false)
(81,20,false)
(84,20,false)
(98,20,false)
(101,20,false)
(102,20,false)
(104,20,false)
(107,20,false)
(108,20,false)
(110,20,false)
(114,20,false)
(117,20,false)
(118,20,false)
(121,20,true)
(123,20,true)
(126,20,true)
(136,20,true)
(139,20,true)
(141,20,true)
(147,20,true)
(149,20,true)
(155,20,true)
(161,20,true)
(162,20,true)
(170,20,true)
(172,20,true)
(181,20,true)
(184,20,true)
(185,20,true)
(187,20,true)
(189,20,false)
(190,20,true)
(193,20,true)
(197,20,true)
(3,21,false)
(4,21,false)
(6,21,false)
(8,21,false)
(16,21,false)
(20,21,false)
(21,21,false)
(25,21,false)
(26,21,false)
(28,21,false)
(29,21,false)
(34,21,false)
(45,21,false)
(46,21,true)
(48,21,false)
(51,21,false)
(53,21,false)
(56,21,false)
(62,21,false)
(64,21,false)
(66,21,false)
(69,21,false)
(81,21,false)
(83,21,false)
(86,21,false)
(88,21,false)
(89,21,false)
(94,21,false)
(96,21,false)
(101,21,false)
(105,21,false)
(116,21,false)
(118,21,false)
(122,21,true)
(126,21,true)
(128,21,true)
(132,21,true)
(134,21,true)
(137,21,true)
(138,21,true)
(139,21,true)
(140,21,true)
(144,21,true)
(145,21,true)
(147,21,true)
(149,21,true)
(151,21,true)
(157,21,true)
(158,21,true)
(162,21,true)
(169,21,true)
(171,21,true)
(176,21,true)
(178,21,true)
(186,21,true)
(187,21,true)
(189,21,true)
(193,21,true)
(194,21,true)
(0,22,false)
(2,22,true)
(6,22,false)
(7,22,false)
(12,22,false)
(13,22,false)
(14,22,false)
(22,22,false)
(28,22,true)
(29,22,false)
(30,22,false)
(32,22,false)
(34,22,false)
(42,22,false)
(43,22,false)
(44,22,false)
(46,22,false)
(47,22,false)
(49,22,false)
(53,22,true)
(57,22,false)
(60,22,false)
(63,22,false)
(64,22,false)
(68,22,false)
(69,22,false)
(73,22,false)
(75,22,false)
(83,22,false)
(85,22,false)
(88,22,false)
(92,22,false)
(95,22,false)
(99,22,false)
(110,22,false)
(113,22,false)
(119,22,false)
(125,22,true)
(127,22,true)
(135,22,true)
(138,22,true)
(144,22,true)
(148,22,true)
(149,22,true)
(153,22,true)
(159,22,true)
(161,22,true)
(162,22,true)
(163,22,false)
(164,22,true)
(170,22,true)
(172,22,true)
(174,22,true)
(176,22,true)
(179,22,true)
(183,22,true)
(184,22,true)
(185,22,true)
(198,22,true)
(2,23,false)
(7,23,false)
(8,23,false)
(14,23,false)
(15,23,false)
(21,23,false)
(22,23,false)
(26,23,false)
(28,23,false)
(29,23,false)
(32,23,false)
(41,23,false)
(43,23,true)
(49,23,false)
(50,23,false)
(52,23,false)
(57,23,false)
(60,23,true)
(62,23,false)
(65,23,false)
(67,23,true)
(78,23,false)
(85,23,false)
(86,23,false)
(96,23,false)
(97,23,false)
(98,23,false)
(108,23,false)
(109,23,false)
(113,23,false)
(114,23,false)
(115,23,false)
(117,23,false)
(118,23,false)
(120,23,true)
(124,23,true)
(126,23,true)
(127,23,true)
(138,23,true)
(143,23,true)
(145,23,true)
(146,23,true)
(150,23,true)
(156,23,true)
(163,23,true)
(164,23,true)
(165,23,true)
(169,23,true)
(171,23,true)
(174,23,true)
(176,23,true)
(177,23,true)
(178,23,true)
(182,23,true)
(190,23,true)
(193,23,false)
(199,23,true)
(2,24,false)
(7,24,false)
(22,24,false)
(26,24,false)
(28,24,false)
(30,24,false)
(34,24,false)
(37,24,false)
(41,24,false)
(42,24,false)
(48,24,false)
(56,24,false)
(57,24,false)
(61,24,false)
(69,24,false)
(74,24,false)
(76,24,false)
(78,24,false)
(87,24,false)
(91,24,false)
(99,24,false)
(100,24,false)
(103,24,false)
(104,24,false)
(117,24,false)
(118,24,false)
(122,24,true)
(124,24,true)
(126,24,true)
(130,24,true)
(132,24,true)
(134,24,true)
(139,24,true)
(142,24,true)
(144,24,true)
(145,24,true)
(148,24,true)
(149,24,true)
(151,24,true)
(152,24,true)
(155,24,true)
(167,24,true)
(176,24,true)
(178,24,true)
(179,24,true)
(180,24,true)
(182,24,true)
(183,24,true)
(184,24,true)
(185,24,true)
(186,24,true)
(193,24,true)
(195,24,true)
(197,24,true)
(0,25,false)
(1,25,false)
(6,25,false)
(10,25,false)
(13,25,false)
(17,25,false)
(19,25,false)
(27,25,false)
(32,25,false)
(43,25,false)
(44,25,false)
(45,25,false)
(48,25,false)
(55,25,false)
(62,25,false)
(63,25,false)
(64,25,false)
(66,25,false)
(68,25,false)
(69,25,false)
(76,25,false)
(81,25,false)
(83,25,false)
(88,25,false)
(89,25,false)
(106,25,false)
(108,25,true)
(113,25,false)
(118,25,false)
(119,25,false)
(122,25,true)
(127,25,true)
(134,25,true)
(141,25,true)
(142,25,true)
(143,25,true)
(145,25,true)
(146,25,true)
(148,25,true)
(149,25,true)
(151,25,true)
(156,25,true)
(160,25,true)
(173,25,true)
(184,25,true)
(186,25,true)
(187,25,true)
(194,25,true)
(5,26,false)
(6,26,false)
(12,26,false)
(18,26,false)
(20,26,false)
(24,26,false)
(37,26,false)
(45,26,false)
(50,26,false)
(51,26,false)
(55,26,false)
(56,26,false)
(61,26,false)
(62,26,false)
(65,26,false)
(73,26,true)
(80,26,false)
(81,26,false)
(83,26,false)
(105,26,false)
(110,26,false)
(112,26,false)
(126,26,true)
(127,26,true)
(133,26,true)
(138,26,false)
(143,26,true)
(144,26,true)
(151,26,true)
(153,26,true)
(156,26,true)
(157,26,true)
(159,26,true)
(161,26,true)
(163,26,false)
(165,26,true)
(166,26,true)
(167,26,true)
(170,26,true)
(173,26,true)
(175,26,true)
(177,26,false)
(180,26,true)
(182,26,true)
(183,26,true)
(185,26,true)
(188,26,true)
(194,26,true)
(198,26,true)
(1,27,false)
(3,27,false)
(6,27,false)
(8,27,false)
(10,27,false)
(21,27,false)
(28,27,false)
(32,27,false)
(35,27,false)
(38,27,false)
(41,27,true)
(44,27,false)
(45,27,false)
(48,27,false)
(53,27,false)
(55,27,false)
(56,27,false)
(57,27,false)
(73,27,false)
(75,27,false)
(81,27,false)
(91,27,false)
(95,27,false)
(98,27,false)
(101,27,false)
(102,27,false)
(103,27,false)
(107,27,false)
(112,27,false)
(115,27,false)
(130,27,true)
(133,27,true)
(134,27,true)
(137,27,true)
(139,27,true)
(140,27,true)
(146,27,true)
(147,27,true)
(148,27,true)
(154,27,true)
(157,27,true)
(158,27,true)
(162,27,true)
(174,27,false)
(176,27,true)
(180,27,true)
(181,27,true)
(183,27,true)
(190,27,true)
(192,27,true)
(193,27,true)
(197,27,true)
(199,27,true)
(5,28,false)
(9,28,false)
(15,28,false)
(16,28,false)
(29,28,false)
(31,28,false)
(32,28,false)
(37,28,false)
(40,28,false)
(42,28,false)
(46,28,false)
(54,28,false)
(55,28,false)
(56,28,false)
(59,28,false)
(62,28,false)
(75,28,false)
(76,28,false)
(77,28,false)
(79,28,false)
(82,28,false)
(87,28,false)
(90,28,false)
(91,28,false)
(93,28,false)
(107,28,false)
(113,28,false)
(118,28,false)
(123,28,true)
(126,28,true)
(133,28,true)
(135,28,true)
(137,28,false)
(143,28,true)
(144,28,true)
(148,28,true)
(149,28,true)
(150,28,true)
(152,28,true)
(153,28,true)
(155,28,true)
(168,28,true)
(175,28,true)
(177,28,true)
(181,28,true)
(182,28,true)
(187,28,true)
(190,28,true)
(191,28,true)
(1,29,false)
(2,29,false)
(5,29,false)
(8,29,false)
(12,29,false)
(14,29,true)
(19,29,false)
(31,29,true)
(38,29,false)
(39,29,false)
(42,29,false)
(46,29,false)
(53,29,false)
(54,29,false)
(56,29,false)
(62,29,false)
(69,29,false)
(72,29,false)
(73,29,false)
(74,29,false)
(80,29,false)
(86,29,false)
(89,29,false)
(92,29,false)
(93,29,false)
(94,29,false)
(96,29,false)
(98,29,false)
(101,29,false)
(111,29,false)
(114,29,false)
(118,29,false)
(121,29,true)
(122,29,true)
(130,29,true)
(131,29,true)
(138,29,true)
(143,29,true)
(145,29,true)
(149,29,true)
(154,29,true)
(157,29,true)
(159,29,true)
(160,29,true)
(161,29,true)
(165,29,true)
(167,29,true)
(169,29,true)
(172,29,true)
(174,29,true)
(176,29,true)
(183,29,true)
(195,29,true)
(1,30,false)
(7,30,false)
(11,30,false)
(20,30,false)
(29,30,false)
(31,30,false)
(33,30,false)
(35,30,false)
(38,30,false)
(43,30,false)
(47,30,false)
(50,30,false)
(52,30,true)
(54,30,false)
(55,30,false)
(64,30,false)
(65,30,false)
(70,30,false)
(77,30,true)
(78,30,false)
(85,30,false)
(86,30,false)
(91,30,false)
(94,30,false)
(97,30,false)
(104,30,false)
(119,30,true)
(129,30,true)
(140,30,true)
(142,30,true)
(144,30,true)
(146,30,true)
(150,30,true)
(152,30,true)
(153,30,true)
(161,30,true)
(162,30,true)
(166,30,true)
(169,30,true)
(171,30,true)
(172,30,true)
(174,30,true)
(178,30,true)
(180,30,false)
(181,30,true)
(183,30,true)
(186,30,true)
(190,30,true)
(193,30,true)
(195,30,false)
(199,30,true)
(7,31,true)
(10,31,false)
(13,31,false)
(16,31,false)
(22,31,false)
(30,31,false)
(31,31,false)
(32,31,false)
(33,31,false)
(37,31,false)
(38,31,false)
(39,31,false)
(40,31,false)
(42,31,false)
(43,31,false)
(49,31,false)
(51,31,false)
(52,31,true)
(54,31,false)
(64,31,false)
(73,31,false)
(78,31,false)
(83,31,false)
(84,31,false)
(87,31,false)
(96,31,false)
(101,31,false)
(102,31,false)
(103,31,false)
(104,31,false)
(106,31,false)
(107,31,false)
(110,31,false)
(111,31,false)
(114,31,false)
(123,31,true)
(124,31,true)
(130,31,true)
(132,31,true)
(139,31,true)
(141,31,true)
(142,31,true)
(143,31,true)
(146,31,true)
(147,31,true)
(154,31,true)
(156,31,true)
(161,31,true)
(173,31,true)
(175,31,true)
(179,31,true)
(181,31,true)
(185,31,true)
(187,31,true)
(190,31,true)
(192,31,true)
(4,32,false)
(5,32,false)
(6,32,false)
(7,32,false)
(8,32,false)
(9,32,false)
(19,32,false)
(22,32,false)
(26,32,false)
(30,32,false)
(31,32,false)
(34,32,false)
(37,32,false)
(38,32,false)
(39,32,false)
(40,32,false)
(41,32,false)
(48,32,false)
(53,32,false)
(54,32,false)
(57,32,false)
(58,32,false)
(63,32,false)
(64,32,false)
(68,32,false)
(69,32,false)
(70,32,false)
(74,32,false)
(77,32,false)
(79,32,false)
(81,32,false)
(84,32,false)
(94,32,false)
(95,32,true)
(97,32,false)
(98,32,false)
(103,32,false)
(106,32,false)
(111,32,false)
(118,32,false)
(123,32,true)
(126,32,true)
(128,32,true)
(129,32,true)
(131,32,true)
(142,32,true)
(143,32,true)
(148,32,true)
(152,32,true)
(161,32,false)
(167,32,true)
(169,32,true)
(183,32,true)
(190,32,false)
(198,32,true)
(6,33,false)
(11,33,false)
(18,33,false)
(19,33,false)
(21,33,false)
(24,33,false)
(25,33,false)
(26,33,false)
(30,33,false)
(31,33,false)
(34,33,false)
(39,33,false)
(50,33,false)
(54,33,false)
(71,33,false)
(73,33,false)
(75,33,false)
(79,33,false)
(82,33,false)
(88,33,false)
(90,33,false)
(99,33,false)
(102,33,false)
(104,33,false)
(107,33,false)
(110,33,false)
(112,33,false)
(120,33,true)
(123,33,true)
(127,33,true)
(132,33,true)
(133,33,true)
(135,33,true)
(136,33,true)
(138,33,true)
(142,33,true)
(146,33,true)
(148,33,true)
(151,33,true)
(152,33,true)
(156,33,true)
(160,33,true)
(161,33,true)
(163,33,true)
(164,33,true)
(165,33,true)
(166,33,true)
(174,33,true)
(175,33,true)
(178,33,true)
(179,33,true)
(183,33,true)
(185,33,true)
(189,33,true)
(196,33,true)
(197,33,true)
(4,34,false)
(12,34,false)
(14,34,false)
(21,34,false)
(24,34,false)
(27,34,false)
(30,34,false)
(32,34,false)
(39,34,false)
(45,34,false)
(46,34,false)
(53,34,true)
(54,34,false)
(57,34,false)
(63,34,false)
(66,34,false)
(68,34,false)
(70,34,false)
(71,34,false)
(77,34,false)
(78,34,false)
(81,34,false)
(86,34,false)
(92,34,false)
(94,34,false)
(97,34,false)
(103,34,false)
(104,34,false)
(105,34,false)
(114,34,false)
(116,34,false)
(127,34,true)
(129,34,true)
(130,34,true)
(136,34,true)
(141,34,true)
(143,34,true)
(145,34,true)
(158,34,true)
(162,34,true)
(165,34,true)
(179,34,true)
(180,34,true)
(191,34,true)
(0,35,false)
(11,35,false)
(14,35,true)
(15,35,false)
(16,35,false)
(17,35,false)
(20,35,false)
(27,35,false)
(31,35,false)
(32,35,false)
(34,35,false)
(36,35,false)
(41,35,false)
(42,35,false)
(43,35,false)
(46,35,false)
(51,35,false)
(56,35,false)
(59,35,false)
(62,35,false)
(67,35,false)
(69,35,false)
(71,35,false)
(73,35,false)
(74,35,false)
(76,35,false)
(77,35,false)
(78,35,false)
(79,35,false)
(80,35,true)
(82,35,false)
(97,35,false)
(99,35,false)
(103,35,false)
(104,35,false)
(115,35,false)
(119,35,false)
(122,35,true)
(123,35,true)
(124,35,true)
(125,35,true)
(128,35,false)
(133,35,true)
(134,35,true)
(145,35,true)
(158,35,false)
(171,35,true)
(177,35,true)
(178,35,false)
(181,35,true)
(184,35,true)
(187,35,true)
(188,35,true)
(189,35,true)
(191,35,true)
(196,35,true)
(1,36,false)
(2,36,true)
(4,36,false)
(8,36,false)
(10,36,false)
(14,36,false)
(18,36,false)
(20,36,false)
(23,36,false)
(31,36,false)
(34,36,false)
(35,36,false)
(37,36,false)
(38,36,false)
(40,36,false)
(41,36,false)
(43,36,false)
(44,36,false)
(47,36,false)
(50,36,false)
(61,36,false)
(62,36,false)
(63,36,false)
(66,36,false)
(67,36,false)
(68,36,false)
(70,36,false)
(74,36,false)
(76,36,false)
(80,36,false)
(85,36,false)
(95,36,false)
(97,36,false)
(101,36,false)
(103,36,false)
(129,36,true)
(141,36,true)
(146,36,true)
(147,36,true)
(148,36,true)
(163,36,true)
(164,36,true)
(167,36,true)
(170,36,true)
(172,36,true)
(174,36,true)
(180,36,true)
(186,36,true)
(194,36,true)
(199,36,true)
(3,37,false)
(5,37,false)
(7,37,false)
(13,37,false)
(16,37,false)
(17,37,false)
(21,37,false)
(24,37,false)
(25,37,false)
(32,37,false)
(34,37,false)
(39,37,false)
(45,37,false)
(46,37,false)
(58,37,false)
(61,37,false)
(64,37,false)
(65,37,false)
(68,37,false)
(70,37,false)
(75,37,false)
(77,37,false)
(88,37,false)
(95,37,false)
(98,37,false)
(99,37,false)
(109,37,false)
(111,37,false)
(116,37,false)
(119,37,false)
(120,37,true)
(122,37,true)
(126,37,true)
(133,37,true)
(136,37,true)
(140,37,true)
(145,37,true)
(147,37,true)
(155,37,true)
(159,37,true)
(165,37,true)
(166,37,true)
(172,37,true)
(173,37,true)
(186,37,true)
(189,37,true)
(190,37,true)
(195,37,true)
(3,38,false)
(17,38,false)
(25,38,false)
(28,38,false)
(34,38,false)
(36,38,false)
(42,38,false)
(43,38,true)
(44,38,false)
(46,38,false)
(53,38,false)
(55,38,false)
(57,38,false)
(61,38,false)
(62,38,false)
(63,38,false)
(70,38,true)
(72,38,false)
(77,38,false)
(86,38,false)
(89,38,false)
(94,38,false)
(97,38,false)
(111,38,false)
(115,38,true)
(117,38,false)
(119,38,true)
(120,38,true)
(121,38,true)
(133,38,true)
(140,38,true)
(142,38,true)
(152,38,true)
(156,38,true)
(159,38,true)
(161,38,true)
(169,38,true)
(178,38,true)
(180,38,true)
(181,38,true)
(185,38,true)
(186,38,true)
(187,38,true)
(190,38,true)
(199,38,true)
(0,39,false)
(3,39,false)
(9,39,false)
(15,39,false)
(17,39,false)
(38,39,false)
(44,39,false)
(45,39,false)
(53,39,false)
(55,39,false)
(58,39,false)
(67,39,false)
(75,39,false)
(85,39,false)
(88,39,false)
(91,39,false)
(96,39,false)
(101,39,false)
(107,39,false)
(108,39,false)
(110,39,false)
(114,39,false)
(118,39,false)
(120,39,true)
(121,39,true)
(124,39,true)
(125,39,true)
(132,39,true)
(141,39,true)
(149,39,true)
(151,39,true)
(154,39,true)
(157,39,true)
(159,39,true)
(161,39,true)
(162,39,true)
(167,39,true)
(173,39,false)
(174,39,true)
(177,39,true)
(187,39,true)
(191,39,true)
(4,40,false)
(6,40,false)
(7,40,false)
(12,40,false)
(16,40,false)
(20,40,false)
(33,40,false)
(36,40,false)
(39,40,false)
(46,40,true)
(47,40,false)
(52,40,true)
(53,40,false)
(65,40,false)
(70,40,false)
(72,40,true)
(74,40,false)
(75,40,false)
(77,40,false)
(80,40,false)
(81,40,false)
(83,40,false)
(90,40,false)
(91,40,false)
(99,40,false)
(102,40,false)
(105,40,false)
(106,40,false)
(107,40,false)
(108,40,false)
(111,40,false)
(119,40,false)
(121,40,true)
(127,40,true)
(129,40,true)
(130,40,true)
(139,40,true)
(141,40,true)
(158,40,true)
(161,40,true)
(164,40,true)
(169,40,true)
(179,40,true)
(195,40,true)
(3,41,false)
(8,41,false)
(12,41,false)
(15,41,false)
(23,41,false)
(24,41,false)
(30,41,false)
(33,41,false)
(42,41,false)
(49,41,false)
(54,41,false)
(55,41,false)
(56,41,false)
(62,41,false)
(65,41,false)
(66,41,false)
(70,41,true)
(72,41,false)
(73,41,false)
(74,41,false)
(77,41,false)
(92,41,false)
(93,41,false)
(101,41,false)
(103,41,false)
(109,41,false)
(120,41,true)
(124,41,true)
(125,41,true)
(128,41,true)
(130,41,true)
(133,41,true)
(134,41,true)
(142,41,true)
(145,41,true)
(150,41,true)
(153,41,true)
(156,41,true)
(163,41,true)
(182,41,true)
(183,41,true)
(189,41,true)
(193,41,true)
(198,41,true)
(20,42,false)
(21,42,false)
(22,42,false)
(40,42,false)
(42,42,false)
(43,42,false)
(50,42,false)
(61,42,false)
(64,42,false)
(67,42,false)
(74,42,false)
(78,42,false)
(80,42,false)
(82,42,false)
(83,42,false)
(91,42,false)
(92,42,false)
(95,42,false)
(103,42,false)
(108,42,false)
(113,42,false)
(128,42,true)
(133,42,true)
(143,42,true)
(148,42,true)
(156,42,true)
(165,42,true)
(166,42,true)
(169,42,true)
(170,42,true)
(179,42,true)
(182,42,true)
(183,42,true)
(184,42,true)
(3,43,false)
(10,43,false)
(12,43,false)
(13,43,false)
(29,43,false)
(30,43,false)
(31,43,false)
(32,43,false)
(33,43,false)
(35,43,false)
(37,43,false)
(41,43,false)
(45,43,false)
(47,43,false)
(48,43,false)
(54,43,false)
(56,43,false)
(57,43,false)
(59,43,false)
(63,43,false)
(65,43,false)
(67,43,false)
(68,43,false)
(81,43,false)
(85,43,false)
(86,43,false)
(97,43,false)
(101,43,false)
(104,43,false)
(105,43,false)
(109,43,false)
(112,43,false)
(113,43,false)
(120,43,true)
(122,43,true)
(127,43,true)
(129,43,true)
(133,43,true)
(136,43,true)
(143,43,true)
(161,43,true)
(163,43,true)
(166,43,true)
(169,43,true)
(172,43,true)
(180,43,true)
(187,43,true)
(195,43,false)
(198,43,true)
(9,44,false)
(11,44,false)
(12,44,false)
(15,44,false)
(22,44,false)
(33,44,false)
(34,44,false)
(36,44,false)
(42,44,false)
(46,44,false)
(47,44,false)
(68,44,false)
(71,44,false)
(78,44,false)
(80,44,false)
(83,44,false)
(91,44,false)
(92,44,false)
(96,44,false)
(100,44,false)
(106,44,false)
(118,44,false)
(128,44,true)
(143,44,true)
(159,44,true)
(161,44,true)
(168,44,true)
(180,44,true)
(181,44,true)
(184,44,true)
(187,44,true)
(190,44,true)
(192,44,true)
(194,44,true)
(195,44,true)
(4,45,false)
(8,45,false)
(9,45,true)
(12,45,false)
(15,45,true)
(20,45,false)
(23,45,false)
(33,45,false)
(39,45,false)
(45,45,false)
(46,45,false)
(47,45,false)
(48,45,false)
(66,45,false)
(70,45,false)
(75,45,false)
(76,45,false)
(77,45,false)
(81,45,false)
(82,45,false)
(85,45,false)
(89,45,false)
(94,45,false)
(99,45,false)
(101,45,false)
(105,45,false)
(106,45,false)
(112,45,false)
(113,45,false)
(116,45,false)
(129,45,true)
(143,45,true)
(144,45,true)
(150,45,true)
(160,45,true)
(161,45,true)
(174,45,true)
(175,45,true)
(181,45,true)
(182,45,true)
(184,45,true)
(192,45,true)
(193,45,true)
(198,45,true)
(199,45,true)
(1,46,false)
(2,46,false)
(3,46,false)
(5,46,false)
(23,46,false)
(29,46,true)
(33,46,true)
(43,46,false)
(47,46,false)
(48,46,false)
(50,46,false)
(52,46,false)
(55,46,false)
(58,46,false)
(63,46,false)
(70,46,false)
(73,46,false)
(75,46,false)
(79,46,false)
(98,46,false)
(100,46,false)
(106,46,false)
(107,46,false)
(112,46,false)
(114,46,false)
(116,46,false)
(121,46,true)
(122,46,true)
(133,46,true)
(143,46,true)
(147,46,true)
(164,46,true)
(171,46,true)
(173,46,true)
(178,46,true)
(184,46,true)
(186,46,true)
(187,46,true)
(192,46,true)
(194,46,true)
(195,46,true)
(198,46,true)
(1,47,false)
(4,47,false)
(11,47,false)
(15,47,false)
(24,47,false)
(36,47,false)
(37,47,false)
(42,47,false)
(45,47,false)
(52,47,false)
(56,47,false)
(63,47,false)
(66,47,false)
(70,47,false)
(72,47,false)
(83,47,false)
(85,47,false)
(86,47,false)
(90,47,false)
(92,47,false)
(98,47,false)
(101,47,false)
(103,47,false)
(137,47,true)
(139,47,true)
(143,47,true)
(150,47,true)
(154,47,true)
(157,47,true)
(161,47,true)
(176,47,true)
(185,47,true)
(187,47,false)
(188,47,true)
(189,47,false)
(192,47,true)
(193,47,true)
(194,47,true)

(104,46)
(170,18)
(186,3)
(52,9)
(129,39)
(89,28)
(150,43)
(81,46)
(140,9)
(4,22)
(31,27)
(160,8)
(53,2)
(133,8)
(85,4)
(48,9)
(135,26)
(178,11)
(68,38)
(61,17)
(37,14)
(74,45)
(97,20)
(74,22)
(64,8)
(119,26)
(152,13)
(7,21)
(120,15)
(16,22)
(141,19)
(189,3)
(22,19)
(161,16)
(47,33)
(171,4)
(121,45)
(185,18)
(104,12)
(99,28)
(147,14)
(163,14)
(12,31)
(34,4)
(99,7)
(38,7)
(107,14)
(156,17)
(16,38)
(199,18)
(151,0)
(136,29)
(108,0)
(178,22)
(61,41)
(92,5)
(45,3)
(115,4)
(29,32)
(147,12)
(125,36)
(115,12)
(17,45)
(17,21)
(10,32)
(7,34)
(3,1)
(66,28)
(174,16)
(6,34)
(144,2)
(179,36)
(100,10)
(102,3)
(108,21)
(171,10)
(83,13)
(136,39)
(138,5)
(167,18)
(135,39)
(59,2)
(32,12)
(197,45)
(154,11)
(68,46)
(21,36)
(61,25)
(124,20)
(86,31)
(37,23)
(80,10)
(2,21)
(170,6)
(123,36)
(91,2)
(81,2)
(155,34)
(137,14)
(116,31)
(24,29)
(143,2)
(73,16)
(111,9)
(129,47)
(43,40)
(133,47)
(166,4)
(26,47)
(14,16)
(158,7)
(151,44)
(130,22)
(94,12)
(141,11)
(191,32)
(191,42)
(49,40)
(31,26)
(78,26)
(169,27)
(88,44)
(97,16)
(112,3)
(157,24)
(188,5)
(133,29)
(184,4)
(83,16)
(2,43)
(13,45)
(63,39)
(151,17)
(124,6)
(22,2)
(95,45)
(67,24)
(176,16)
(60,3)
(108,16)
(59,11)
(88,36)
(194,38)
(168,32)
(12,2)
(112,2)
(174,28)
(146,1)
(138,16)
(7,29)
(111,19)
(95,29)
(158,32)
(185,2)
(162,40)
(195,11)
(122,40)
(186,43)
(16,7)
(81,0)
(117,3)
(27,26)
(84,34)
(187,45)
(109,32)
(70,16)
(185,12)
(144,29)
(105,30)
(53,28)
(4,41)
(138,39)
(176,33)
(150,44)
(167,21)
(61,34)
(27,7)
(33,33)
(48,47)
(197,32)
(110,40)
(120,16)
(73,39)
(112,37)
(18,27)
(195,35)
(55,3)
(56,0)
(126,4)
(49,36)
(193,19)
(196,46)
(46,25)
(188,29)
(102,28)
(165,43)
(97,7)
(182,5)
(107,11)
(30,4)
(31,13)
(79,16)
(162,7)
(93,14)
(63,23)
(161,19)
(44,44)
(8,8)
(109,20)
(196,37)
(127,47)
(120,22)
(19,24)
(84,19)
(176,31)
(119,13)
(60,35)
(62,47)
(95,13)
(25,10)
(198,15)
(4,31)
(26,26)
(173,5)
(72,15)
(179,5)
(164,47)
(194,6)
(109,29)
(103,4)
(146,26)
(131,20)
(13,34)
(83,3)
(185,44)
(31,12)
(177,46)
(197,36)
(112,38)
(68,0)
(113,5)
(61,18)
(87,44)
(77,18)
(130,47)
(39,2)
(134,45)
(124,8)
(42,11)
(196,38)
(71,10)
(188,28)
(147,24)
(142,6)
(66,32)
(33,21)
(15,25)
(140,47)
(117,6)
(56,11)
(176,41)
(165,31)
(1,16)
(41,44)
(94,39)
(163,24)
(134,43)
(183,5)
(73,47)
(92,28)
(144,46)
(147,44)
(92,32)
(154,19)
(152,12)
(76,44)
(175,29)
(183,38)
(179,14)
(189,7)
(197,23)
(168,22)
(77,36)
(55,0)
(45,31)
(191,47)
(51,0)
(198,25)
(100,35)
(121,16)
(99,34)
(117,21)
(21,28)
(1,39)
(171,25)
(141,10)
(92,16)
(125,2)
(64,12)
(183,13)
(120,21)
(67,3)
(103,46)
(174,43)
(14,31)
(25,30)
(6,46)
(102,24)
(194,4)
(23,6)
(70,22)
(66,46)
(147,6)
(43,14)
(32,19)
(52,44)
(13,7)
(33,8)
(161,13)
(157,22)
(182,11)
(34,15)
(169,17)
(30,44)
(181,19)
(94,0)
(103,25)
(168,33)
(137,40)
(35,40)
(170,34)
(31,1)
(45,5)
(47,28)
(1,4)
(57,17)
(121,23)
(13,4)
(123,15)
(139,36)
(12,46)
(61,1)
(39,30)
(136,41)
(166,31)
(98,1)
(74,10)
(133,18)
(126,11)
(142,27)
(22,27)
(52,14)
(129,18)
(177,2)
(163,38)
(12,42)
(9,36)
(185,0)
(157,15)
(137,7)
(107,10)
(13,30)
(66,30)
(94,23)
(169,47)
(7,0)
(52,13)
(119,9)
(47,26)
(69,19)
(172,9)
(178,27)
(27,6)
(141,44)
(130,12)
(69,14)
(18,6)
(84,10)
(88,11)
(166,34)
(92,27)
(30,23)
(7,2)
(34,29)
(17,22)
(118,22)
(15,15)
(185,7)
(60,7)
(28,20)
(107,7)
(11,2)
(76,19)
(61,22)
(132,47)
(138,36)
(14,17)
(155,23)
(196,32)
(49,32)
(188,4)
(71,32)
(112,41)
(170,45)
(151,19)
(131,17)
(42,33)
(116,40)
(92,36)
(72,45)
(20,14)
(141,21)
(141,32)
(82,6)
(46,9)
(23,14)
(64,4)
(199,10)
(88,42)
(71,11)
(196,42)
(66,16)
(96,28)
(182,14)
(18,45)
(68,40)
(4,35)
(148,9)
(165,32)
(170,23)
(194,28)
(119,11)
(98,30)
(22,25)
(45,36)
(105,47)
(65,24)
(87,25)
(116,19)
(31,21)
(186,41)
(14,26)
(58,19)
(177,47)
(117,8)
(148,39)
(8,35)
(81,13)
(107,15)
(61,35)
(134,44)
(78,41)
(27,45)
(157,36)
(176,28)
(92,30)
(3,25)
(145,32)
(33,12)
(44,26)
(1,42)
(54,17)
(153,36)
(108,11)
(191,19)
(159,20)
(36,33)
(122,30)
(86,41)
(9,13)
(76,18)
(110,41)
(40,17)
(28,16)
(52,18)
(104,32)
(153,31)
(47,41)
(117,27)
(24,21)
(179,30)
(129,14)
(146,20)
(44,19)
(48,18)
(59,46)
(107,12)
(108,27)
(74,37)
(85,2)
(69,27)
(13,28)
(13,12)
(7,46)
(156,27)
(72,0)
(71,1)
(153,7)
(22,33)
(48,10)
(39,9)
(110,37)
(11,3)
(158,29)
(145,4)
(69,18)
(89,10)
(74,15)
(39,4)
(199,20)
(116,22)
(16,16)
(71,45)
(66,29)
(167,19)
(155,29)
(186,40)
(43,33)
(81,38)
(86,1)
(117,4)
(157,42)
(45,46)
(25,46)
(57,45)
(114,26)
(143,8)
(80,12)
(187,30)
(184,0)
(162,11)
(122,28)
(116,8)
(5,39)
(101,28)
(198,0)
(42,15)
(76,42)
(49,33)
(88,34)
(98,7)
(140,23)
(150,21)
(148,35)
(143,30)
(154,24)
(142,44)
(80,17)
(65,11)
(96,3)
(26,30)
(36,46)
(34,41)
(0,34)
(46,17)
(4,1)
(109,5)
(172,32)
(123,25)
(163,7)
(137,18)
(66,26)
(131,44)
(99,14)
(24,5)
(36,7)
(102,12)
(137,25)
(62,27)
(182,3)
(122,17)
(109,40)
(30,19)
(190,4)
(139,30)
(143,40)
(111,45)
(179,32)
(109,12)
(152,20)
(34,43)
(28,42)
(37,17)
(77,33)
(38,11)
(136,12)
(137,37)
(81,28)
(26,2)
(5,43)
(21,22)
(125,7)
(55,21)
(199,1)
(127,41)
(144,25)
(13,44)
(28,6)
(59,17)
(116,26)
(53,42)
(178,8)
(145,20)
(97,3)
(25,13)
(109,38)
(4,19)
(42,36)
(167,25)
(71,13)
(178,42)
(57,8)
(95,21)
(6,47)
(19,27)
(24,46)
(32,16)
(199,40)
(21,8)
(54,40)
(156,8)
(12,47)
(144,44)
(146,12)
(63,29)
(164,45)
(155,32)
(177,14)
(163,37)
(25,19)
(30,5)
(61,29)
(120,25)
(190,21)
(118,9)
(62,6)
(90,24)
(131,11)
(60,21)
(121,17)
(128,27)
(148,41)
(2,8)
(183,35)
(99,36)
(172,24)
(67,13)
(13,18)
(171,9)
(185,34)
(85,20)
(39,41)
(43,20)
(64,41)
(85,24)
(21,26)
(40,21)
(185,14)
(55,33)
(75,9)
(53,24)
(94,5)
(52,20)
(64,38)
(176,36)
(137,23)
(97,14)
(57,14)
(42,16)
(109,28)
(182,33)
(21,19)
(53,37)
(125,25)
(78,21)
(137,5)
(105,14)
(183,43)
(72,27)
(39,11)
(0,1)
(120,5)
(193,29)
(190,24)
(148,0)
(110,3)
(63,19)
(94,37)
(166,45)
(117,2)
(138,25)
(185,5)
(163,47)
(169,12)
(115,7)
(193,28)
(27,43)
(168,35)
(26,41)
(148,12)
(14,40)
(182,1)
(6,36)
(167,43)
(26,20)
(28,37)
(34,27)
(4,23)
(39,28)
(108,32)
(195,16)
(160,42)
(69,36)
(13,33)
(53,36)
(198,20)
(125,14)
(178,32)
(88,18)
(194,27)
(21,32)
(28,12)
(24,2)
(190,2)
(123,40)
(191,7)
(108,26)
(158,33)
(88,12)
(144,33)
(47,47)
(107,21)
(145,3)
(59,21)
(32,30)
(162,38)
(93,12)
(15,30)
(91,3)
(51,34)
(102,9)
(98,25)
(139,37)
(94,35)
(71,42)
(68,31)
(140,5)
(131,43)
(62,1)
(181,32)
(11,41)
(112,13)
(167,17)
(120,7)
(82,4)
(180,46)
(48,44)
(36,14)
(152,3)
(106,1)
(6,24)
(73,34)
(109,14)
(179,4)
(100,41)
(156,46)
(128,14)
(9,22)
(90,22)
(162,14)
(181,8)
(100,21)
(137,15)
(195,17)
(30,21)
(94,20)
(163,45)
(130,19)
(38,40)
(101,30)
(154,38)
(69,44)
(193,0)
(158,23)
(119,42)
(54,25)
(123,45)
(169,33)
(1,21)
(43,21)
(47,3)
(12,13)
(5,33)
(117,46)
(150,25)
(51,16)
(156,20)
(108,36)
(122,13)
(32,1)
(153,44)
(178,45)
(50,0)
(6,35)
(28,14)
(111,44)
(69,16)
(54,7)
(35,33)
(30,45)
(185,6)
(158,12)
(113,32)
(192,13)
(114,32)
(150,20)
(96,37)
(91,22)
(51,25)
(28,4)
(84,1)
(133,9)
(118,11)
(177,34)
(23,9)
(169,11)
(1,40)
(27,2)
(173,22)
(131,30)
(130,21)
(79,14)
(76,40)
(187,23)
(197,22)
(113,37)
(63,33)
(85,37)
(94,27)
(162,15)
(198,4)
(131,38)
(145,31)
(184,30)
(146,47)
(156,45)
(33,38)
(66,24)
(7,11)
(110,9)
(45,38)
(190,16)
(81,18)
(175,15)
(179,9)
(146,37)
(143,11)
(71,31)
(190,46)
(31,17)
(3,14)
(62,4)
(96,35)
(48,29)
(25,12)
(115,22)
(168,36)
(34,10)
(15,46)
(148,26)
(177,29)
(117,9)
(172,11)
(82,31)
(132,10)
(0,32)
(18,5)
(2,31)
(156,44)
(132,13)
(92,43)
(86,5)
(160,17)
(14,1)
(78,39)
(162,33)
(88,13)
(160,41)
(141,28)
(143,1)
(32,24)
(7,17)
(45,23)
(99,10)
(174,24)
(140,40)
(157,11)
(22,21)
(41,37)
(47,35)
(60,40)
(32,10)
(197,13)
(183,44)
(92,31)
(41,15)
(31,39)
(92,39)
(181,29)
(131,10)
(165,18)
(67,2)
(35,35)
(84,26)
(186,12)
(22,41)
(45,19)
(175,36)
(8,44)
(95,16)
(118,18)
(142,18)
(160,34)
(42,32)
(89,36)
(144,11)
(153,27)
(113,21)
(177,12)
(163,30)
(161,28)
(174,5)
(198,3)
(85,35)
(175,35)
(5,30)
(161,34)
(44,32)
(191,2)
(124,21)
(165,41)
(37,13)
(81,29)
(100,11)
(43,1)
(170,3)
(93,26)
(146,13)
(117,40)
(30,16)
(33,7)
(189,31)
(87,35)
(121,0)
(73,13)
(122,3)
(141,38)
(102,25)
(154,45)
(107,22)
(3,16)
(160,16)
(156,30)
(18,12)
(188,42)
(84,45)
(81,16)
(45,6)
(13,36)
(17,32)
(27,46)
(76,10)
(69,31)
(11,23)
(50,24)
(149,44)
(89,13)
(54,36)
(25,27)
(59,13)
(94,41)
(190,1)
(138,15)
(161,5)
(16,9)
(44,30)
(80,23)
(4,16)
(163,15)
(151,23)
(96,24)
(128,26)
(180,17)
(186,28)
(114,6)
(134,15)
(90,46)
(23,3)
(168,11)
(107,16)
(180,29)
(156,36)
(174,35)
(32,39)
(176,15)
(138,37)
(47,7)
(165,44)
(186,13)
(160,5)
(128,19)
(25,40)
(157,46)
(128,7)
(16,30)
(99,29)
(45,10)
(61,11)
(0,13)
(77,44)
(117,31)
(163,46)
(159,14)
(123,4)
(103,6)
(98,18)
(49,17)
(117,33)
(157,23)
(173,30)
(108,24)
(144,14)
(172,16)
(197,3)
(167,13)
(88,7)
(72,5)
(161,15)
(97,39)
(50,6)
(92,45)
(58,4)
(32,29)
(93,45)
(50,43)
(35,23)
(53,12)
(191,30)
(33,9)
(132,12)
(72,4)
(17,43)
(158,24)
(43,16)
(66,3)
(97,26)
(27,11)
(141,8)
(44,28)
(189,40)
(161,36)
(131,25)
(91,36)
(191,21)
(105,31)
(18,11)
(55,42)
(109,30)
(46,6)
(38,35)
(66,42)
(198,27)
(100,7)
(158,15)
(146,19)
(160,13)
(105,5)
(114,21)
(102,32)
(171,26)
(185,25)
(160,30)
(173,34)
(21,14)
(106,29)
(140,32)
(68,18)
(16,41)
(39,43)
(127,9)
(168,42)
(4,29)
(55,14)
(94,26)
(171,28)
(140,3)
(194,39)
(176,2)
(32,18)
(12,11)
(70,21)
(178,31)
(140,44)
(82,27)
(118,17)
(117,36)
(139,9)
(141,7)
(59,4)
(63,44)
(7,4)
(36,9)
(123,21)
(159,6)
(173,45)
(163,5)
(117,1)
(163,20)
(175,23)
(108,37)
(105,13)
(168,15)
(96,18)
(114,0)
(137,35)
(52,24)
(42,37)
(140,31)
(165,12)
(145,39)
(20,9)
(121,43)
(148,17)
(29,0)
(44,2)
(114,8)
(183,21)
(180,31)
(56,14)
(1,43)
(40,22)
(173,19)
(179,39)
(176,43)
(86,20)
(183,45)
(2,0)
(117,37)
(6,37)
(55,17)
(152,6)
(61,32)
(188,41)
(190,3)
(80,2)
(96,33)
(41,13)
(188,44)
(121,14)
(101,26)
(94,42)
(156,19)
(124,12)
(36,8)
(39,22)
(175,47)
(104,26)
(156,1)
(195,8)
(38,24)
(35,42)
(119,1)
(92,26)
(160,23)
(66,39)
(132,29)
(10,42)
(171,31)
(106,27)
(32,42)
(22,5)
(4,37)
(64,1)
(117,25)
(199,11)
(10,1)
(173,11)
(74,47)
(194,0)
(192,24)
(91,4)
(179,21)
(180,15)
(77,2)
(0,23)
(115,11)
(18,40)
(66,23)
(73,24)
(63,12)
(65,46)
(187,7)
(101,23)
(131,47)
(100,13)
(85,31)
(4,2)
(188,6)
(124,5)
(14,7)
(163,6)
(42,23)
(198,23)
(159,36)
(178,43)
(75,0)
(132,36)
(48,16)
(65,1)
(77,21)
(17,41)
(139,3)
(70,7)
(169,18)
(144,42)
(56,3)
(58,1)
(28,40)
(4,30)
(178,37)
(163,27)
(153,38)
(41,45)
(85,29)
(99,19)
(8,38)
(3,15)
(29,39)
(109,7)
(74,11)
(71,30)
(191,33)
(70,19)
(158,38)
(168,20)
(119,44)
(120,20)
(46,43)
(26,8)
(125,19)
(95,41)
(185,16)
(103,43)
(61,46)
(111,16)
(72,33)
(157,25)
(15,31)
(191,38)
(5,24)
(8,43)
(147,16)
(152,7)
(125,45)
(127,3)
(102,36)
(168,45)
(144,35)
(51,12)
(6,19)
(102,43)
(96,14)
(81,15)
(143,38)
(124,26)
(89,46)
(55,19)
(37,29)
(50,38)
(161,4)
(160,31)
(144,1)
(134,20)
(80,21)
(8,30)
(195,31)
(25,43)
(176,12)
(132,35)
(57,7)
(139,25)
(2,6)
(196,18)
(50,18)
(144,47)
(185,28)
(15,27)
(1,35)
(161,3)
(12,33)
(181,37)
(92,15)
(167,46)
(180,18)
(70,4)
(99,5)
(135,23)
(195,36)
(10,45)
(193,39)
(100,9)
(167,30)
(7,28)
(57,21)
(34,30)
(79,45)
(73,37)
(170,14)
(103,37)
(6,0)
(165,30)
(153,24)
(113,31)
(137,2)
(22,36)
(29,33)
(88,14)
(39,8)
(56,18)
(18,21)
(194,19)
(31,22)
(65,31)
(42,40)
(167,37)
(181,3)
(106,15)
(32,45)
(41,41)
(60,18)
(43,24)
(87,10)
(91,15)
(46,11)
(197,42)
(143,0)
(156,10)
(156,47)
(86,7)
(141,42)
(31,37)
(196,45)
(189,27)
(180,33)
(23,25)
(12,35)
(115,45)
(101,10)
(1,41)
(175,30)
(144,12)
(31,44)
(86,11)
(8,26)
(75,23)
(80,16)
(179,12)
(195,47)
(74,23)
(141,18)
(69,45)
(109,35)
(17,30)
(192,29)
(154,14)
(21,38)
(17,29)
(160,28)
(14,25)
(66,13)
(74,43)
(168,29)
(103,9)
(123,46)
(36,30)
(152,1)
(91,38)
(57,6)
(156,4)
(107,41)
(80,27)
(150,26)
(147,17)
(60,8)
(161,8)
(22,28)
(85,6)
(24,10)
(3,45)
(10,14)
(166,40)
(96,27)
(164,10)
(189,23)
(108,3)
(54,13)
(180,5)
(67,47)
(170,33)
(62,30)
(61,13)
(50,21)
(55,7)
(63,15)
(96,40)
(3,29)
(160,12)
(175,21)
(180,10)
(31,0)
(67,1)
(28,15)
(52,1)
(82,26)
(186,1)
(40,29)
(80,0)
(3,8)
(168,24)
(45,41)
(155,11)
(88,9)
(118,41)
(113,9)
(179,8)
(52,28)
(18,29)
(171,8)
(164,32)
(43,13)
(73,42)
(143,20)
(83,36)
(49,44)
(39,17)
(96,34)
(113,34)
(154,4)
(134,14)
(119,28)
(67,4)
(101,17)
(174,31)
(85,41)
(42,39)
(24,35)
(90,23)
(10,34)
(44,12)
(75,15)
(92,17)
(175,12)
(185,30)
(15,21)
(147,47)
(85,17)
(96,15)
(103,14)
(96,32)
(105,0)
(53,8)
(3,47)
(45,14)
(20,22)
(163,4)
(111,23)
(26,14)
(127,24)
(161,24)
(194,32)
(89,40)
(142,8)
(41,29)
(6,28)
(49,11)
(52,12)
(46,41)
(154,20)
(154,35)
(53,4)
(52,11)
(43,29)
(33,34)
(1,6)
(5,5)
(70,24)
(144,5)
(48,38)
(79,7)
(110,2)
(164,42)
(190,6)
(55,44)
(88,6)
(102,2)
(137,24)
(196,30)
(96,8)
(42,27)
(142,10)
(171,18)
(63,26)
(57,39)
(30,42)
(105,35)
(31,11)
(15,37)
(140,34)
(171,43)
(47,4)
(180,6)
(22,8)
(95,23)
(3,28)
(43,43)
(12,10)
(98,5)
(117,42)
(132,3)
(78,3)
(190,35)
(82,10)
(153,15)
(99,30)
(73,40)
(177,8)
(54,20)
(176,40)
(175,38)
(88,47)
(76,5)
(30,7)
(149,18)
(55,32)
(17,42)
(73,38)
(70,17)
(199,41)
(79,12)
(50,37)
(191,29)
(71,41)
(78,38)
(122,39)
(0,38)
(152,35)
(68,4)
(77,8)
(68,21)
(154,3)
(79,26)
(96,30)
(62,45)
(146,11)
(157,41)
(69,13)
(17,40)
(53,33)
(148,14)
(20,0)
(28,33)
(55,43)
(45,22)
(194,10)
(126,39)
(32,9)
(78,40)
(34,25)
(105,33)
(62,15)
(55,15)
(0,4)
(145,22)
(21,13)
(174,21)
(148,18)
(95,26)
(60,15)
(151,2)
(69,7)
(170,8)
(49,37)
(145,18)
(153,33)
(18,17)
(36,39)
(192,38)
(52,16)
(153,14)
(42,43)
(67,9)
(96,41)
(88,43)
(180,25)
(165,47)
(61,28)
(43,47)
(12,7)
(55,18)
(75,25)
(127,12)
(0,42)
(13,32)
(135,24)
(73,10)
(37,42)
(53,13)
(178,16)
(56,36)
(109,34)
(178,7)
(106,6)
(38,16)
(1,28)
(10,26)
(122,32)
(133,6)
(184,31)
(101,22)
(111,20)
(33,42)
(97,44)
(50,19)
(106,24)
(17,1)
(196,16)
(65,22)
(170,28)
(146,10)
(119,46)
(65,0)
(190,36)
(131,8)
(27,3)
(86,0)
(157,37)
(75,36)
(51,18)
(29,25)
(34,46)
(31,47)
(57,25)
(61,21)
(140,29)
(142,23)
(141,9)
(96,5)
(199,21)
(146,28)
(110,17)
(154,12)
(112,17)
(40,23)
(109,26)
(86,3)
(29,1)
(146,5)
(109,10)
(88,40)
(191,22)
(94,18)
(54,39)
(11,6)
(47,42)
(163,31)
(9,4)
(28,35)
(132,27)
(154,37)
(13,10)
(84,30)
(192,43)
(67,17)
(140,6)
(163,29)
(47,25)
(187,15)
(82,5)
(30,3)
(118,6)
(138,35)
(75,4)
(80,18)
(55,47)
(137,43)
(89,14)
(194,22)
(151,7)
(178,5)
(196,28)
(146,2)
(167,41)
(154,15)
(104,19)
(88,27)
(155,45)
(136,4)
(130,9)
(196,7)
(114,38)
(182,44)
(66,35)
(52,21)
(186,15)
(170,7)
(16,33)
(48,34)
(29,41)
(186,32)
(96,0)
(121,32)
(190,7)
(85,25)
(192,23)
(86,22)
(150,42)
(6,2)
(160,4)
(69,43)
(172,4)
(125,20)
(198,31)
(13,26)
(16,29)
(179,41)
(1,13)
(137,32)
(3,7)
(153,3)
(152,34)
(131,21)
(183,2)
(169,20)
(168,25)
(138,32)
(3,26)
(69,42)
(26,40)
(13,38)
(147,4)
(45,35)
(81,5)
(162,25)
(36,18)
(2,11)
(7,36)
(149,42)
(158,44)
(127,17)
(38,9)
(124,25)
(74,28)
(146,24)
(16,36)
(77,47)
(147,7)
(26,17)
(3,24)
(15,42)
(167,44)
(165,15)
(28,41)
(79,31)
(195,25)
(123,14)
(97,5)
(74,25)
(48,2)
(133,31)
(32,47)
(158,6)
(15,12)
(50,15)
(176,45)
(86,8)
(154,28)
(189,39)
(32,3)
(100,34)
(9,47)
(55,29)
(16,26)
(116,15)
(53,14)
(170,27)
(137,17)
(178,26)
(169,25)
(36,29)
(189,22)
(192,19)
(198,5)
(161,6)
(117,5)
(20,13)
(154,9)
(178,6)
(27,30)
(195,38)
(147,5)
(143,37)
(109,44)
(138,46)
(22,0)
(68,28)
(95,12)
(82,15)
(47,10)
(154,23)
(196,15)
(38,20)
(23,2)
(180,37)
(114,16)
(47,31)
(136,1)
(46,26)
(152,45)
(191,41)
(50,29)
(6,6)
(22,6)
(88,30)
(71,40)
(136,27)
(156,3)
(164,12)
(127,31)
(3,44)
(187,17)
(125,10)
(100,20)
(197,31)
(77,14)
(51,47)
(20,34)
(167,33)
(126,27)
(39,18)
(44,7)
(102,5)
(71,25)
(130,17)
(39,7)
(19,6)
(197,18)
(51,13)
(32,41)
(11,46)
(51,44)
(91,18)
(158,22)
(56,22)
(100,15)
(95,39)
(143,22)
(177,10)
(123,18)
(126,19)
(23,17)
(32,40)
(135,27)
(57,13)
(178,36)
(76,26)
(178,25)
(118,36)
(7,38)
(44,18)
(69,38)
(86,16)
(89,35)
(141,35)
(87,7)
(116,47)
(51,6)
(82,38)
(162,17)
(42,19)
(137,41)
(142,9)
(96,46)
(167,40)
(36,22)
(192,15)
(53,16)
(148,11)
(24,43)
(83,6)
(95,35)
(23,26)
(62,16)
(97,9)
(95,44)
(76,3)
(11,11)
(128,5)
(136,38)
(117,47)
(23,22)
(26,36)
(129,8)
(116,7)
(186,5)
(7,27)
(147,13)
(189,26)
(87,21)
(192,21)
(71,21)
(96,7)
(68,1)
(137,12)
(6,12)
(106,28)
(196,25)
(7,15)
(45,30)
(33,25)
(55,10)
(149,40)
(176,19)
(110,29)
(105,11)
(197,25)
(22,13)
(97,6)
(20,24)
(59,47)
(149,11)
(114,43)
(58,14)
(108,33)
(61,31)
(141,41)
(166,18)
(182,17)
(37,22)
(73,43)
(182,47)
(177,15)
(145,26)
(17,44)
(67,30)
(74,16)
(32,21)
(196,29)
(41,0)
(142,20)
(48,12)
(161,23)
(170,25)
(55,40)
(116,1)
(148,47)
(48,4)
(28,30)
(21,45)
(90,29)
(113,40)
(196,19)
(33,28)
(64,47)
(100,38)
(17,36)
(12,36)
(189,46)
(83,46)
(28,18)
(157,19)
(167,4)
(105,25)
(156,13)
(149,46)
(46,33)
(61,23)
(24,12)
(182,35)
(118,40)
(157,30)
(151,10)
(5,13)
(3,9)
(133,1)
(172,10)
(53,31)
(140,39)
(48,26)
(69,6)
(101,24)
(179,15)
(138,34)
(13,46)
(28,13)
(113,17)
(148,3)
(67,21)
(53,17)
(78,36)
(88,45)
(18,34)
(145,28)
(131,22)
(187,14)
(181,1)
(51,20)
(39,23)
(88,38)
(94,36)
(85,7)
(199,4)
(13,47)
(5,11)
(38,26)
(40,40)
(127,35)
(112,31)
(31,20)
(45,17)
(123,9)
(154,18)
(71,20)
(159,12)
(79,11)
(56,42)
(149,16)
(156,7)
(145,40)
(87,41)
(169,1)
(39,14)
(143,24)
(85,21)
(51,27)
(16,46)
(112,15)
(50,3)
(101,16)
(130,4)
(7,26)
(60,45)
(29,38)
(130,32)
(178,20)
(151,28)
(92,13)
(102,29)
(145,38)
(101,14)
(51,28)
(176,46)
(125,29)
(133,19)
(190,41)
(54,38)
(168,47)
(97,17)
(145,7)
(191,6)
(187,33)
(107,38)
(68,33)
(196,20)
(176,32)
(194,1)
(114,47)
(32,11)
(52,17)
(151,14)
(44,47)
(169,3)
(138,30)
(140,43)
(87,30)
(3,17)
(143,36)
(196,39)
(84,39)
(18,37)
(179,7)
(118,34)
(126,9)
(30,8)
(150,34)
(129,1)
(102,41)
(195,21)
(78,11)
(109,47)
(60,41)
(91,35)
(187,32)
(141,27)
(102,22)
(46,23)
(51,24)
(11,21)
(76,16)
(19,45)
(3,31)
(191,24)
(68,35)
(130,28)
(62,13)
(196,23)
(81,31)
(86,37)
(171,13)
(176,44)
(154,7)
(85,19)
(5,7)
(79,2)
(197,43)
(80,22)
(108,28)
(48,40)
(144,38)
(95,19)
(161,14)
(114,25)
(132,8)
(130,15)
(49,6)
(122,23)
(38,18)
(145,33)
(61,6)
(150,6)
(160,40)
(195,32)
(107,43)
(171,14)
(30,10)
(76,9)
(15,10)
(129,42)
(191,10)
(41,5)
(135,10)
(148,20)
(107,23)
(184,1)
(185,36)
(159,3)
(63,21)
(2,4)
(92,23)
(58,38)
(52,39)
(73,25)
(12,27)
(97,8)
(155,38)
(160,0)
(33,24)
(183,20)
(100,29)
(8,22)
(160,47)
(128,17)
(7,42)
(102,39)
(194,14)
(184,5)
(61,43)
(55,22)
(171,27)
(50,28)
(158,41)
(131,6)
(98,26)
(181,26)
(3,19)
(105,32)
(45,28)
(182,39)
(192,26)
(153,1)
(135,31)
(119,2)
(22,17)
(152,39)
(118,46)
(10,5)
(24,42)
(16,25)
(109,3)
(175,7)
(63,31)
(130,44)
(40,16)
(29,29)
(41,31)
(72,26)
(78,9)
(74,19)
(33,36)
(5,20)
(94,24)
(20,5)
(85,1)
(166,3)
(143,21)
(13,9)
(141,6)
(129,38)
(83,32)
(163,17)
(120,6)
(162,26)
(155,15)
(191,37)
(80,19)
(5,12)
(74,9)
(97,33)
(26,38)
(53,26)
(75,19)
(63,20)
(41,9)
(14,47)
(16,24)
(130,16)
(110,24)
(91,47)
(117,15)
(60,25)
(2,2)
(81,30)
(132,32)
(25,9)
(97,45)
(170,30)
(109,31)
(148,45)
(119,47)
(51,29)
(6,13)
(49,21)
(67,27)
(134,36)
(118,45)
(175,25)
(192,33)
(150,10)
(111,36)
(188,18)
(1,33)
(165,16)
(165,27)
(72,46)
(66,17)
(163,32)
(14,24)
(29,44)
(88,32)
(38,34)
(128,28)
(86,14)
(106,8)
(172,44)
(139,33)
(120,45)
(86,24)
(93,17)
(74,21)
(19,16)
(193,11)
(163,42)
(107,18)
(101,7)
(155,13)
(50,20)
(134,31)
(96,45)
(25,29)
(69,9)
(140,7)
(55,35)
(164,8)
(38,19)
(95,24)
(89,6)
(2,30)
(64,0)
(144,10)
(162,2)
(91,21)
(108,34)
(1,9)
(177,17)
(3,30)
(137,46)
(2,39)
(30,46)
(69,2)
(157,9)
(1,32)
(189,5)
(124,9)
(96,36)
(169,41)
(16,47)
(187,5)
(169,15)
(159,35)
(175,4)
(155,25)
(97,31)
(103,40)
(180,20)
(91,25)
(110,23)
(187,3)
(190,15)
(149,38)
(174,15)
(133,23)
(178,28)
(42,26)
(139,17)
(118,47)
(160,46)
(81,42)
(4,11)
(108,19)
(3,22)
(196,6)
(191,44)
(1,20)
(119,24)
(107,34)
(8,7)
(68,10)
(45,44)
(159,9)
(0,17)
(166,22)
(122,27)
(64,20)
(185,46)
(19,10)
(94,46)
(137,22)
(72,36)
(5,41)
(186,27)
(20,28)
(118,35)
(83,19)
(7,7)
(26,9)
(62,44)
(18,7)
(62,7)
(70,33)
(118,26)
(134,47)
(25,35)
(140,8)
(31,40)
(153,10)
(127,27)
(64,23)
(12,20)
(178,40)
(169,44)
(141,43)
(181,2)
(127,46)
(32,20)
(73,7)
(45,20)
(172,42)
(170,35)
(184,16)
(121,36)
(28,31)
(3,12)
(24,11)
(12,15)
(65,17)
(168,30)
(162,10)
(15,1)
(29,31)
(174,10)
(151,29)
(3,11)
(192,1)
(66,38)
(35,31)
(28,28)
(168,40)
(148,13)
(154,6)
(113,18)
(161,12)
(90,6)
(44,34)
(96,26)
(83,35)
(70,23)
(162,31)
(58,12)
(175,3)
(20,10)
(162,36)
(123,8)
(54,4)
(4,18)
(54,23)
(183,17)
(50,10)
(122,44)
(148,21)
(190,40)
(66,1)
(10,18)
(155,31)
(36,43)
(155,41)
(94,40)
(189,29)
(185,39)
(171,45)
(3,6)
(13,17)
(129,13)
(29,10)
(9,29)
(156,34)
(153,9)
(190,25)
(123,24)
(52,38)
(180,21)
(124,28)
(7,9)
(153,0)
(83,27)
(79,41)
(44,3)
(14,4)
(174,14)
(163,25)
(188,8)
(17,47)
(188,22)
(164,20)
(82,32)
(67,25)
(85,28)
(70,31)
(151,3)
(120,17)
(180,45)
(63,10)
(75,43)
(72,18)
(157,5)
(185,21)
(133,44)
(108,45)
(94,28)
(13,39)
(94,43)
(117,28)
(192,7)
(13,19)
(8,13)
(145,16)
(132,22)
(169,22)
(47,34)
(140,24)
(125,8)
(148,44)
(33,26)
(88,31)
(62,40)
(65,5)
(50,41)
(40,26)
(58,22)
(20,16)
(90,32)
(160,21)
(173,47)
(97,22)
(176,25)
(139,7)
(42,25)
(91,9)
(11,26)
(38,17)
(167,10)
(4,5)
(97,4)
(199,47)
(101,34)
(154,17)
(106,35)
(110,12)
(35,9)
(59,14)
(106,34)
(187,26)
(87,26)
(132,11)
(3,34)
(69,4)
(149,7)
(11,10)
(80,31)
(68,19)
(123,7)
(191,20)
(32,15)
(161,35)
(36,3)
(190,26)
(32,5)
(115,25)
(197,19)
(176,20)
(159,10)
(71,14)
(86,13)
(21,2)
(70,25)
(183,34)
(118,31)
(84,5)
(89,31)
(104,9)
(144,17)
(66,44)
(70,11)
(186,18)
(133,20)
(125,37)
(103,21)
(132,0)
(195,4)
(112,34)
(145,13)
(101,42)
(11,39)
(94,16)
(162,6)
(160,22)
(66,15)
(99,13)
(101,32)
(192,2)
(186,39)
(167,22)
(138,20)
(60,20)
(64,46)
(27,44)
(81,3)
(95,25)
(62,31)
(145,43)
(128,37)
(16,42)
(72,32)
(5,45)
(184,10)
(15,29)
(198,34)
(45,40)
(45,33)
(182,37)
(132,18)
(60,42)
(34,23)
(191,23)
(170,44)
(89,12)
(44,23)
(182,19)
(186,35)
(142,2)
(23,4)
(121,2)
(3,32)
(52,27)
(118,33)
(136,9)
(52,6)
(4,14)
(84,33)
(41,34)
(88,35)
(22,34)
(80,7)
(26,4)
(15,24)
(95,40)
(72,24)
(11,27)
(126,35)
(172,45)
(162,32)
(192,4)
(101,25)
(115,6)
(33,14)
(13,13)
(43,6)
(121,19)
(151,47)
(101,40)
(16,39)
(12,30)
(85,34)
(32,17)
(177,31)
(126,30)
(199,29)
(33,15)
(138,1)
(45,24)
(119,19)
(26,27)
(121,30)
(3,4)
(122,33)
(148,37)
(69,30)
(124,22)
(75,12)
(47,2)
(137,10)
(4,15)
(20,29)
(30,26)
(0,10)
(59,6)
(92,18)
(188,23)
(183,9)
(27,16)
(20,1)
(66,11)
(54,44)
(22,43)
(116,17)
(180,28)
(145,44)
(166,28)
(51,33)
(18,41)
(76,27)
(13,23)
(179,23)
(121,42)
(148,43)
(146,46)
(197,39)
(122,12)
(54,37)
(86,28)
(113,10)
(46,39)
(138,47)
(142,45)
(49,30)
(86,46)
(130,36)
(190,34)
(106,41)
(41,16)
(86,44)
(92,14)
(169,46)
(189,24)
(78,37)
(58,35)
(180,41)
(163,28)
(154,21)
(162,43)
(149,35)
(60,29)
(103,18)
(73,30)
(70,8)
(49,5)
(126,2)
(33,37)
(20,47)
(56,31)
(198,21)
(28,32)
(132,43)
(91,29)
(52,43)
(48,37)
(34,1)
(43,17)
(159,45)
(163,34)
(50,47)
(20,41)
(138,9)
(47,17)
(79,10)
(103,12)
(98,31)
(39,10)
(81,19)
(124,29)
(26,39)
(74,33)
(183,39)
(74,17)
(109,25)
(164,31)
(169,8)
(135,35)
(1,19)
(59,23)
(101,35)
(157,10)
(21,30)
(151,16)
(189,43)
(181,34)
(129,29)
(152,42)
(90,2)
(65,25)
(7,19)
(38,37)
(59,45)
(90,31)
(135,4)
(109,39)
(92,10)
(24,24)
(56,23)
(78,13)
(168,14)
(64,7)
(154,41)
(26,22)
(131,45)
(168,17)
(129,33)
(184,43)
(26,15)
(93,7)
(36,42)
(124,18)
(19,44)
(65,33)
(72,19)
(29,42)
(3,40)
(182,18)
(114,10)
(188,24)
(62,12)
(64,39)
(143,35)
(30,29)
(111,26)
(157,0)
(85,46)
(58,27)
(197,28)
(197,37)
(104,3)
(107,2)
(137,31)
(112,5)
(177,44)
(111,14)
(106,37)
(97,21)
(66,43)
(155,5)
(135,32)
(29,34)
(44,31)
(185,41)
(81,39)
(139,16)
(169,31)
(93,16)
(122,22)
(142,47)
(46,31)
(4,26)
(30,9)
(45,32)
(89,9)
(146,39)
(104,36)
(65,10)
(172,46)
(38,41)
(47,39)
(193,36)
(96,20)
(85,33)
(7,10)
(185,42)
(134,8)
(53,20)
(156,22)
(150,33)
(165,28)
(149,8)
(191,36)
(27,31)
(178,44)
(55,24)
(169,37)
(67,26)
(41,3)
(145,12)
(116,30)
(122,45)
(87,2)
(184,9)
(84,46)
(131,34)
(89,5)
(157,45)
(7,45)
(160,10)
(26,29)
(15,9)
(139,15)
(83,29)
(187,11)
(63,11)
(82,41)
(135,13)
(106,14)
(188,45)
(21,5)
(88,28)
(50,14)
(5,21)
(22,26)
(76,23)
(68,27)
(87,33)
(30,28)
(152,36)
(32,33)
(140,16)
(74,30)
(95,47)
(91,41)
(194,33)
(26,31)
(25,39)
(147,18)
(4,17)
(65,8)
(186,26)
(134,32)
(38,22)
(100,4)
(8,34)
(123,30)
(26,11)
(128,13)
(114,22)
(52,29)
(98,4)
(45,29)
(117,26)
(53,19)
(40,15)
(86,32)
(149,34)
(19,11)
(68,5)
(156,14)
(196,24)
(171,24)
(42,13)
(24,27)
(48,41)
(161,21)
(95,31)
(89,7)
(13,27)
(196,44)
(15,14)
(14,3)
(142,4)
(188,27)
(71,38)
(70,27)
(69,33)
(60,31)
(88,23)
(133,22)
(87,22)
(75,13)
(35,6)
(43,32)
(158,37)
(16,13)
(68,13)
(83,34)
(73,36)
(39,16)
(163,39)
(113,33)
(76,37)
(167,14)
(181,12)
(11,34)
(105,1)
(11,31)
(74,5)
(125,24)
(31,16)
(18,39)
(184,8)
(177,24)
(4,3)
(17,23)
(70,14)
(189,4)
(21,17)
(49,15)
(69,37)
(190,10)
(188,15)
(182,4)
(51,43)
(59,5)
(83,45)
(199,12)
(68,29)
(101,0)
(4,24)
(29,6)
(3,18)
(65,7)
(108,47)
(43,37)
(30,27)
(115,40)
(21,9)
(169,10)
(148,46)
(183,37)
(117,12)
(198,2)
(111,7)
(95,33)
(107,24)
(62,42)
(37,39)
(162,44)
(147,9)
(21,35)
(22,46)
(8,33)
(38,12)
(198,8)
(193,32)
(146,42)
(30,47)
(125,17)
(5,25)
(116,29)
(36,21)
(191,40)
(149,12)
(87,27)
(161,42)
(65,39)
(174,11)
(107,44)
(122,41)
(158,10)
(59,31)
(144,18)
(78,4)
(155,36)
(19,37)
(183,40)
(130,39)
(57,35)
(0,36)
(83,0)
(26,34)
(105,6)
(164,6)
(28,39)
(24,31)
(113,38)
(69,3)
(127,11)
(166,41)
(4,10)
(50,45)
(123,19)
(166,21)
(88,41)
(152,14)
(199,34)
(123,44)
(41,39)
(199,13)
(107,36)
(104,39)
(83,41)
(46,16)
(63,17)
(45,42)
(166,24)
(112,35)
(50,11)
(95,20)
(159,11)
(45,15)
(166,9)
(89,32)
(101,13)
(137,44)
(81,10)
(30,40)
(103,44)
(168,7)
(108,22)
(89,23)
(11,28)
(24,32)
(3,42)
(196,8)
(151,45)
(129,41)
(122,11)
(182,46)
(69,40)
(40,7)
(66,40)
(136,10)
(52,35)
(80,28)
(160,15)
(164,14)
(146,34)
(81,17)
(9,12)
(12,38)
(26,25)
(198,30)
(121,21)
(185,19)
(118,38)
(41,46)
(156,11)
(103,45)
(145,46)
(170,10)
(28,34)
(190,17)
(82,30)
(128,20)
(147,43)
(136,24)
(55,13)
(57,28)
(110,21)
(58,24)
(156,28)
(1,22)
(74,34)
(56,7)
(38,38)
(11,16)
(85,27)
(140,1)
(49,9)
(71,29)
(81,35)
(98,24)
(117,44)
(33,29)
(122,26)
(136,21)
(67,12)
(156,40)
(148,7)
(33,39)
(176,38)
(4,46)
(61,27)
(50,35)
(154,30)
(54,16)
(128,12)
(116,41)
(164,27)
(6,38)
(103,8)
(169,36)
(10,37)
(53,10)
(60,9)
(35,2)
(122,31)
(187,40)
(107,29)
(116,13)
(69,41)
(121,37)
(165,39)
(117,45)
(61,45)
(79,8)
(4,42)
(143,9)
(195,23)
(170,5)
(64,18)
(144,40)
(13,6)
(77,7)
(15,11)
(156,16)
(1,23)
(3,33)
(149,45)
(43,26)
(27,27)
(91,37)
(103,20)
(157,13)
(8,17)
(108,8)
(182,8)
(100,40)
(8,28)
(195,12)
(82,44)
(165,1)
(152,41)
(56,6)
(85,5)
(65,21)
(190,45)
(37,15)
(147,23)
(105,10)
(185,17)
(163,12)
(120,36)
(172,27)
(96,38)
(194,3)
(88,29)
(63,45)
(41,4)
(108,44)
(43,39)
(56,25)
(85,32)
(133,14)
(46,4)
(183,15)
(174,3)
(145,36)
(0,2)
(80,14)
(187,18)
(33,23)
(38,15)
(168,23)
(15,43)
(155,6)
(110,1)
(158,19)
(191,43)
(141,33)
(62,32)
(95,30)
(23,11)
(19,7)
(81,37)
(26,42)
(170,24)
(74,31)
(80,41)
(41,25)
(52,22)
(60,28)
(51,40)
(69,11)
(113,29)
(141,24)
(191,25)
(152,17)
(187,41)
(22,29)
(181,42)
(176,18)
(125,15)
(109,11)
(28,44)
(125,9)
(32,38)
(144,7)
(112,32)
(75,38)
(14,44)
(149,13)
(44,0)
(146,45)
(75,42)
(137,29)
(154,33)
(82,34)
(123,29)
(50,31)
(53,23)
(128,3)
(156,37)
(77,24)
(109,46)
(110,38)
(139,42)
(170,41)
(58,17)
(81,41)
(125,28)
(48,8)
(89,15)
(97,37)
(175,22)
(51,42)
(122,34)
(30,17)
(122,38)
(109,22)
(168,26)
(13,35)
(142,22)
(85,42)
(95,38)
(62,24)
(195,18)
(46,24)
(196,9)
(166,36)
(95,7)
(139,32)
(41,20)
(122,36)
(185,23)
(105,42)
(126,42)
(169,26)
(82,22)
(138,27)
(71,2)
(69,46)
(197,10)
(53,9)
(184,3)
(37,6)
(69,28)
(82,8)
(162,35)
(90,3)
(179,6)
(25,14)
(156,29)
(196,27)
(171,5)
(132,46)
(135,41)
(194,23)
(73,23)
(59,27)
(147,28)
(136,7)
(154,0)
(90,9)
(11,25)
(168,34)
(34,28)
(27,42)
(109,33)
(12,25)
(19,47)
(3,23)
(25,0)
(148,29)
(125,23)
(150,12)
(197,17)
(65,19)
(28,10)
(63,16)
(151,36)
(126,7)
(82,37)
(197,29)
(60,12)
(1,7)
(33,20)
(174,47)
(127,32)
(142,17)
(78,8)
(167,35)
(141,15)
(189,15)
(164,26)
(33,47)
(177,30)
(176,11)
(58,3)
(63,7)
(75,26)
(76,22)
(111,46)
(95,10)
(178,41)
(145,27)
(40,37)
(141,47)
(29,37)
(33,32)
(118,12)
(146,44)
(155,40)
(82,16)
(17,20)
(70,35)
(67,22)
(180,47)
(84,8)
(143,39)
(138,19)
(13,21)
(124,45)
(9,7)
(175,18)
(7,18)
(92,9)
(39,42)
(0,31)
(146,35)
(93,5)
(82,7)
(57,29)
(37,44)
(22,16)
(25,3)
(119,14)
(116,9)
(82,21)
(159,33)
(149,15)
(92,33)
(0,0)
(168,9)
(137,34)
(82,46)
(44,24)
(62,34)
(177,25)
(92,46)
(50,39)
(177,32)
(58,20)
(102,37)
(40,41)
(84,35)
(166,13)
(2,9)
(77,42)
(129,9)
(65,45)
(96,19)
(106,20)
(185,37)
(190,22)
(142,37)
(146,40)
(91,31)
(17,13)
(141,45)
(120,30)
(199,7)
(48,33)
(185,32)
(19,9)
(166,38)
(141,26)
(30,18)
(119,12)
(68,8)
(1,10)
(163,44)
(163,18)
(70,26)
(189,32)
(143,6)
(41,26)
(55,12)
(158,4)
(50,22)
(197,30)
(60,39)
(4,44)
(94,47)
(164,29)
(23,5)
(189,28)
(149,14)
(198,39)
(93,25)
(183,25)
(71,24)
(64,43)
(98,44)
(32,14)
(149,23)
(66,33)
(107,25)
(28,43)
(103,39)
(16,32)
(147,25)
(88,20)
(79,29)
(130,38)
(118,42)
(77,15)
(107,30)
(41,18)
(3,35)
(67,32)
(13,24)
(130,23)
(49,46)
(183,36)
(151,13)
(72,16)
(101,4)
(167,34)
(140,46)
(76,46)
(127,30)
(125,47)
(86,35)
(192,25)
(192,32)
(177,27)
(158,28)
(30,25)
(181,24)
(117,22)
(120,19)
(111,13)
(16,8)
(35,26)
(108,17)
(65,28)
(138,6)
(193,34)
(33,22)
(22,37)
(19,14)
(17,31)
(111,24)
(20,4)
(36,4)
(111,43)
(188,38)
