200 Users
27 Files
1500 Transactions
2 Maximum Connections
1 Cycle Length per Upload-Download
0 Warm-up Transactions
0.400000 Zipf constant
5 Pre-Trusted Users
80 Well-Behaved (Good) Users
120 Purely Malicious Users
0 Feedback Skewing Users
0 Malignant Providing Users
0 Disguised Malicous Users
0 Sybil Attack Users
true Intelligent Trans. Generation
1561009530540 Trace Generation Seed

(0.050821,0.000000,1,false)
(0.007021,0.000000,1,false)
(0.006110,0.000000,1,false)
(0.081152,0.000000,1,false)
(0.070730,0.000000,1,false)
(0.065974,0.000000,1,false)
(0.009630,0.000000,1,false)
(0.009156,0.000000,1,false)
(0.064598,0.000000,1,false)
(0.019944,0.000000,1,false)
(0.057387,0.000000,1,false)
(0.058079,0.000000,1,false)
(0.074493,0.000000,1,false)
(0.090765,0.000000,1,false)
(0.045383,0.000000,1,false)
(0.005612,0.000000,1,false)
(0.076628,0.000000,1,false)
(0.058938,0.000000,1,false)
(0.057578,0.000000,1,false)
(0.013151,0.000000,1,false)
(0.048150,0.000000,1,false)
(0.035951,0.000000,1,false)
(0.036594,0.000000,1,false)
(0.023651,0.000000,1,false)
(0.082175,0.000000,1,false)
(0.086028,0.000000,1,false)
(0.053318,0.000000,1,false)
(0.019685,0.000000,1,false)
(0.031302,0.000000,1,false)
(0.069071,0.000000,1,false)
(0.070158,0.000000,1,false)
(0.061190,0.000000,1,false)
(0.008403,0.000000,1,false)
(0.022774,0.000000,1,false)
(0.092792,0.000000,1,false)
(0.082627,0.000000,1,false)
(0.050146,0.000000,1,false)
(0.001197,0.000000,1,false)
(0.083507,0.000000,1,false)
(0.092692,0.000000,1,false)
(0.053461,0.000000,1,false)
(0.039522,0.000000,1,false)
(0.065523,0.000000,1,false)
(0.086181,0.000000,1,false)
(0.028111,0.000000,1,false)
(0.020301,0.000000,1,false)
(0.082227,0.000000,1,false)
(0.047280,0.000000,1,false)
(0.069539,0.000000,1,false)
(0.075169,0.000000,1,false)
(0.087777,0.000000,1,false)
(0.096265,0.000000,1,false)
(0.045323,0.000000,1,false)
(0.067835,0.000000,1,false)
(0.036316,0.000000,1,false)
(0.007514,0.000000,1,false)
(0.005876,0.000000,1,false)
(0.069096,0.000000,1,false)
(0.005847,0.000000,1,false)
(0.005704,0.000000,1,false)
(0.075415,0.000000,1,false)
(0.052678,0.000000,1,false)
(0.039808,0.000000,1,false)
(0.029222,0.000000,1,false)
(0.052760,0.000000,1,false)
(0.011914,0.000000,1,false)
(0.014475,0.000000,1,false)
(0.035047,0.000000,1,false)
(0.053216,0.000000,1,false)
(0.021579,0.000000,1,false)
(0.043558,0.000000,1,false)
(0.007769,0.000000,1,false)
(0.052521,0.000000,1,false)
(0.046638,0.000000,1,false)
(0.012684,0.000000,1,false)
(0.026886,0.000000,1,false)
(0.051810,0.000000,1,false)
(0.030240,0.000000,1,false)
(0.095945,0.000000,1,false)
(0.041161,0.000000,1,false)
(0.068539,0.000000,1,false)
(0.076966,0.000000,1,false)
(0.044289,0.000000,1,false)
(0.096589,0.000000,1,false)
(0.072493,0.000000,1,false)
(0.084184,0.000000,1,false)
(0.051248,0.000000,1,false)
(0.065370,0.000000,1,false)
(0.028285,0.000000,1,false)
(0.064269,0.000000,1,false)
(0.095340,0.000000,1,false)
(0.027321,0.000000,1,false)
(0.076150,0.000000,1,false)
(0.043543,0.000000,1,false)
(0.030476,0.000000,1,false)
(0.062273,0.000000,1,false)
(0.081402,0.000000,1,false)
(0.019962,0.000000,1,false)
(0.045772,0.000000,1,false)
(0.022246,0.000000,1,false)
(0.009546,0.000000,1,false)
(0.010908,0.000000,1,false)
(0.044410,0.000000,1,false)
(0.065595,0.000000,1,false)
(0.038850,0.000000,1,false)
(0.024872,0.000000,1,false)
(0.097534,0.000000,1,false)
(0.051807,0.000000,1,false)
(0.005078,0.000000,1,false)
(0.046386,0.000000,1,false)
(0.013626,0.000000,1,false)
(0.015250,0.000000,1,false)
(0.084128,0.000000,1,false)
(0.032262,0.000000,1,false)
(0.026443,0.000000,1,false)
(0.058973,0.000000,1,false)
(0.057471,0.000000,1,false)
(0.078995,0.000000,1,false)
(0.045255,0.000000,1,false)
(0.035461,0.000000,1,false)
(0.927416,1.000000,0,true)
(0.963859,1.000000,0,true)
(0.969953,1.000000,0,true)
(0.989662,1.000000,0,true)
(0.994042,1.000000,0,true)
(0.991451,1.000000,0,false)
(0.948741,1.000000,0,false)
(0.962938,1.000000,0,false)
(0.940164,1.000000,0,false)
(0.988497,1.000000,0,false)
(0.931242,1.000000,0,false)
(0.994033,1.000000,0,false)
(0.924554,1.000000,0,false)
(0.982834,1.000000,0,false)
(0.982016,1.000000,0,false)
(0.930639,1.000000,0,false)
(0.974680,1.000000,0,false)
(0.941859,1.000000,0,false)
(0.977493,1.000000,0,false)
(0.914119,1.000000,0,false)
(0.944810,1.000000,0,false)
(0.965457,1.000000,0,false)
(0.938249,1.000000,0,false)
(0.928031,1.000000,0,false)
(0.918035,1.000000,0,false)
(0.995334,1.000000,0,false)
(0.989786,1.000000,0,false)
(0.903936,1.000000,0,false)
(0.981511,1.000000,0,false)
(0.973866,1.000000,0,false)
(0.969749,1.000000,0,false)
(0.998033,1.000000,0,false)
(0.911964,1.000000,0,false)
(0.945615,1.000000,0,false)
(0.955690,1.000000,0,false)
(0.998102,1.000000,0,false)
(0.988081,1.000000,0,false)
(0.901619,1.000000,0,false)
(0.965480,1.000000,0,false)
(0.963183,1.000000,0,false)
(0.997862,1.000000,0,false)
(0.920338,1.000000,0,false)
(0.982405,1.000000,0,false)
(0.938100,1.000000,0,false)
(0.932382,1.000000,0,false)
(0.959872,1.000000,0,false)
(0.978751,1.000000,0,false)
(0.921599,1.000000,0,false)
(0.952586,1.000000,0,false)
(0.903574,1.000000,0,false)
(0.955309,1.000000,0,false)
(0.900346,1.000000,0,false)
(0.982860,1.000000,0,false)
(0.955638,1.000000,0,false)
(0.979809,1.000000,0,false)
(0.991419,1.000000,0,false)
(0.924069,1.000000,0,false)
(0.924565,1.000000,0,false)
(0.994643,1.000000,0,false)
(0.963153,1.000000,0,false)
(0.989606,1.000000,0,false)
(0.920566,1.000000,0,false)
(0.973550,1.000000,0,false)
(0.928333,1.000000,0,false)
(0.950700,1.000000,0,false)
(0.928031,1.000000,0,false)
(0.938069,1.000000,0,false)
(0.924728,1.000000,0,false)
(0.931818,1.000000,0,false)
(0.996130,1.000000,0,false)
(0.997605,1.000000,0,false)
(0.915812,1.000000,0,false)
(0.923485,1.000000,0,false)
(0.919427,1.000000,0,false)
(0.951839,1.000000,0,false)
(0.959291,1.000000,0,false)
(0.978146,1.000000,0,false)
(0.956044,1.000000,0,false)
(0.991022,1.000000,0,false)
(0.902647,1.000000,0,false)

(0,0,false)
(1,0,false)
(2,0,false)
(3,0,false)
(4,0,false)
(6,0,false)
(7,0,false)
(10,0,false)
(11,0,false)
(12,0,true)
(13,0,false)
(14,0,false)
(15,0,false)
(17,0,false)
(21,0,false)
(23,0,false)
(25,0,false)
(26,0,false)
(27,0,false)
(28,0,false)
(33,0,false)
(34,0,true)
(35,0,false)
(37,0,false)
(38,0,false)
(42,0,false)
(43,0,false)
(44,0,false)
(45,0,false)
(46,0,false)
(48,0,false)
(50,0,false)
(51,0,false)
(53,0,false)
(55,0,false)
(56,0,false)
(57,0,false)
(58,0,false)
(59,0,false)
(62,0,false)
(64,0,false)
(66,0,false)
(67,0,false)
(68,0,false)
(70,0,false)
(71,0,false)
(72,0,false)
(73,0,false)
(74,0,false)
(75,0,false)
(76,0,false)
(78,0,false)
(79,0,false)
(82,0,false)
(83,0,false)
(85,0,false)
(86,0,true)
(87,0,true)
(89,0,false)
(91,0,false)
(92,0,false)
(93,0,false)
(94,0,false)
(95,0,false)
(96,0,false)
(97,0,false)
(98,0,false)
(99,0,false)
(100,0,false)
(101,0,false)
(102,0,false)
(103,0,false)
(104,0,false)
(105,0,false)
(106,0,false)
(107,0,false)
(108,0,false)
(109,0,false)
(110,0,false)
(111,0,false)
(112,0,false)
(113,0,false)
(115,0,false)
(116,0,false)
(117,0,false)
(118,0,true)
(119,0,false)
(120,0,true)
(121,0,true)
(124,0,true)
(125,0,true)
(126,0,true)
(127,0,true)
(128,0,true)
(130,0,true)
(133,0,true)
(134,0,true)
(135,0,true)
(137,0,true)
(138,0,true)
(139,0,true)
(140,0,true)
(141,0,true)
(142,0,true)
(144,0,true)
(146,0,true)
(147,0,true)
(148,0,true)
(149,0,true)
(150,0,true)
(151,0,true)
(152,0,true)
(154,0,true)
(156,0,true)
(157,0,true)
(158,0,true)
(159,0,true)
(162,0,true)
(163,0,false)
(164,0,true)
(166,0,true)
(167,0,true)
(169,0,true)
(170,0,true)
(173,0,true)
(174,0,true)
(175,0,true)
(176,0,true)
(178,0,true)
(182,0,true)
(183,0,true)
(184,0,true)
(186,0,true)
(187,0,true)
(188,0,true)
(189,0,true)
(190,0,true)
(192,0,true)
(194,0,true)
(196,0,true)
(199,0,true)
(0,1,false)
(2,1,false)
(3,1,false)
(7,1,false)
(8,1,false)
(9,1,false)
(10,1,false)
(12,1,false)
(14,1,false)
(19,1,false)
(20,1,false)
(21,1,false)
(23,1,false)
(24,1,false)
(25,1,false)
(26,1,false)
(27,1,false)
(29,1,false)
(30,1,false)
(33,1,false)
(34,1,false)
(35,1,false)
(36,1,false)
(38,1,true)
(40,1,false)
(41,1,false)
(42,1,false)
(43,1,false)
(44,1,false)
(45,1,false)
(46,1,false)
(47,1,false)
(48,1,false)
(49,1,false)
(50,1,false)
(55,1,false)
(57,1,false)
(58,1,false)
(59,1,false)
(60,1,false)
(62,1,false)
(63,1,false)
(64,1,false)
(67,1,false)
(68,1,false)
(69,1,false)
(70,1,false)
(72,1,false)
(74,1,false)
(77,1,false)
(78,1,false)
(79,1,false)
(80,1,false)
(85,1,false)
(87,1,false)
(88,1,false)
(89,1,false)
(92,1,false)
(93,1,false)
(94,1,false)
(95,1,false)
(96,1,false)
(97,1,false)
(99,1,false)
(101,1,false)
(103,1,false)
(104,1,false)
(105,1,false)
(106,1,true)
(107,1,false)
(109,1,false)
(110,1,false)
(111,1,false)
(113,1,false)
(114,1,false)
(115,1,false)
(117,1,false)
(118,1,true)
(121,1,true)
(124,1,true)
(126,1,true)
(128,1,true)
(129,1,true)
(131,1,true)
(133,1,true)
(134,1,true)
(135,1,true)
(136,1,true)
(137,1,true)
(140,1,true)
(141,1,true)
(143,1,true)
(144,1,true)
(145,1,true)
(146,1,true)
(147,1,true)
(150,1,true)
(151,1,true)
(152,1,false)
(153,1,true)
(154,1,false)
(155,1,true)
(156,1,true)
(157,1,true)
(158,1,true)
(159,1,true)
(161,1,true)
(162,1,true)
(163,1,true)
(165,1,false)
(166,1,true)
(167,1,true)
(169,1,true)
(170,1,true)
(171,1,true)
(172,1,true)
(173,1,true)
(175,1,true)
(176,1,true)
(179,1,true)
(181,1,true)
(182,1,true)
(183,1,false)
(185,1,true)
(186,1,true)
(187,1,true)
(188,1,true)
(189,1,true)
(190,1,true)
(192,1,true)
(194,1,true)
(195,1,true)
(197,1,false)
(198,1,true)
(199,1,false)
(0,2,false)
(2,2,false)
(6,2,false)
(10,2,false)
(11,2,false)
(12,2,false)
(14,2,false)
(15,2,false)
(16,2,false)
(17,2,false)
(19,2,false)
(21,2,false)
(23,2,false)
(24,2,false)
(25,2,false)
(26,2,false)
(28,2,false)
(29,2,false)
(32,2,true)
(34,2,false)
(36,2,false)
(37,2,false)
(38,2,false)
(39,2,false)
(40,2,false)
(42,2,false)
(44,2,false)
(45,2,false)
(46,2,false)
(48,2,false)
(49,2,false)
(51,2,false)
(54,2,false)
(56,2,false)
(58,2,false)
(59,2,false)
(60,2,false)
(62,2,false)
(68,2,false)
(69,2,false)
(70,2,false)
(71,2,false)
(72,2,false)
(73,2,false)
(74,2,false)
(76,2,false)
(77,2,false)
(79,2,false)
(81,2,false)
(82,2,false)
(84,2,false)
(85,2,false)
(89,2,false)
(90,2,false)
(91,2,false)
(93,2,false)
(94,2,false)
(96,2,false)
(98,2,false)
(99,2,false)
(104,2,false)
(108,2,false)
(109,2,false)
(110,2,false)
(111,2,true)
(112,2,false)
(113,2,false)
(114,2,false)
(115,2,false)
(117,2,false)
(118,2,false)
(120,2,true)
(121,2,true)
(128,2,true)
(130,2,true)
(132,2,true)
(133,2,true)
(137,2,true)
(138,2,true)
(139,2,true)
(141,2,true)
(142,2,true)
(144,2,true)
(146,2,true)
(147,2,true)
(148,2,false)
(151,2,true)
(152,2,true)
(155,2,true)
(156,2,true)
(159,2,true)
(160,2,true)
(163,2,true)
(165,2,false)
(166,2,true)
(168,2,true)
(169,2,true)
(172,2,true)
(174,2,true)
(177,2,true)
(180,2,true)
(182,2,true)
(184,2,true)
(185,2,true)
(193,2,true)
(194,2,true)
(195,2,true)
(197,2,true)
(199,2,true)
(0,3,false)
(2,3,false)
(5,3,false)
(9,3,false)
(10,3,false)
(15,3,false)
(17,3,false)
(19,3,false)
(21,3,false)
(26,3,false)
(28,3,false)
(29,3,false)
(30,3,false)
(33,3,false)
(37,3,false)
(38,3,false)
(39,3,false)
(40,3,false)
(42,3,false)
(43,3,false)
(45,3,false)
(48,3,false)
(49,3,false)
(50,3,false)
(51,3,true)
(52,3,false)
(53,3,false)
(57,3,true)
(59,3,false)
(61,3,false)
(62,3,false)
(63,3,false)
(64,3,false)
(65,3,false)
(67,3,false)
(68,3,false)
(70,3,false)
(71,3,false)
(72,3,false)
(73,3,false)
(76,3,false)
(77,3,false)
(80,3,true)
(81,3,false)
(82,3,false)
(85,3,false)
(86,3,false)
(88,3,false)
(90,3,true)
(91,3,false)
(92,3,false)
(93,3,false)
(94,3,false)
(95,3,false)
(96,3,false)
(97,3,false)
(99,3,false)
(101,3,false)
(104,3,false)
(109,3,false)
(112,3,true)
(113,3,false)
(114,3,false)
(115,3,true)
(116,3,false)
(119,3,false)
(123,3,true)
(129,3,true)
(131,3,true)
(132,3,true)
(133,3,true)
(136,3,true)
(138,3,true)
(139,3,true)
(140,3,true)
(142,3,false)
(144,3,true)
(146,3,true)
(149,3,true)
(154,3,true)
(155,3,true)
(162,3,true)
(167,3,false)
(169,3,true)
(172,3,true)
(174,3,true)
(175,3,true)
(176,3,true)
(177,3,true)
(178,3,true)
(181,3,true)
(182,3,true)
(188,3,true)
(190,3,true)
(192,3,true)
(193,3,true)
(194,3,true)
(195,3,true)
(197,3,true)
(198,3,true)
(199,3,true)
(0,4,false)
(2,4,false)
(5,4,false)
(6,4,false)
(7,4,false)
(8,4,false)
(9,4,false)
(12,4,false)
(14,4,false)
(16,4,false)
(18,4,false)
(19,4,false)
(21,4,false)
(23,4,false)
(24,4,false)
(27,4,false)
(28,4,false)
(30,4,false)
(31,4,false)
(32,4,false)
(34,4,false)
(35,4,false)
(40,4,false)
(41,4,false)
(42,4,false)
(44,4,false)
(45,4,false)
(46,4,false)
(48,4,false)
(49,4,false)
(50,4,false)
(54,4,false)
(58,4,false)
(59,4,false)
(60,4,false)
(61,4,false)
(67,4,false)
(68,4,false)
(69,4,false)
(70,4,false)
(74,4,false)
(75,4,false)
(76,4,false)
(77,4,false)
(78,4,false)
(80,4,false)
(81,4,false)
(83,4,false)
(84,4,true)
(85,4,true)
(88,4,false)
(91,4,false)
(93,4,false)
(94,4,false)
(97,4,false)
(98,4,false)
(99,4,false)
(102,4,false)
(103,4,false)
(104,4,false)
(106,4,false)
(107,4,false)
(108,4,false)
(110,4,false)
(111,4,false)
(112,4,false)
(114,4,false)
(115,4,false)
(116,4,false)
(117,4,false)
(120,4,true)
(121,4,true)
(122,4,true)
(123,4,true)
(125,4,true)
(130,4,true)
(131,4,true)
(132,4,true)
(133,4,true)
(134,4,false)
(135,4,true)
(136,4,true)
(138,4,true)
(139,4,true)
(140,4,true)
(141,4,true)
(142,4,false)
(143,4,true)
(146,4,true)
(147,4,true)
(148,4,true)
(154,4,true)
(155,4,true)
(156,4,true)
(158,4,true)
(162,4,true)
(164,4,true)
(167,4,true)
(169,4,true)
(173,4,true)
(180,4,true)
(184,4,true)
(186,4,false)
(194,4,true)
(196,4,true)
(197,4,true)
(199,4,true)
(0,5,true)
(2,5,false)
(3,5,false)
(6,5,false)
(9,5,false)
(12,5,true)
(13,5,false)
(15,5,false)
(17,5,false)
(18,5,false)
(19,5,false)
(20,5,false)
(22,5,false)
(26,5,false)
(27,5,false)
(28,5,false)
(29,5,false)
(31,5,false)
(32,5,false)
(35,5,false)
(36,5,false)
(37,5,false)
(38,5,false)
(39,5,false)
(41,5,false)
(43,5,false)
(45,5,false)
(46,5,false)
(47,5,true)
(49,5,false)
(53,5,false)
(54,5,true)
(56,5,false)
(60,5,false)
(62,5,false)
(63,5,false)
(64,5,false)
(65,5,false)
(68,5,false)
(72,5,false)
(74,5,false)
(75,5,false)
(77,5,false)
(78,5,false)
(82,5,false)
(86,5,false)
(87,5,false)
(92,5,false)
(93,5,false)
(94,5,false)
(99,5,false)
(100,5,false)
(101,5,false)
(103,5,false)
(104,5,false)
(105,5,false)
(107,5,false)
(109,5,false)
(110,5,false)
(114,5,false)
(115,5,false)
(118,5,false)
(119,5,false)
(122,5,true)
(125,5,true)
(126,5,true)
(127,5,true)
(130,5,true)
(132,5,true)
(134,5,true)
(135,5,true)
(138,5,true)
(139,5,true)
(140,5,true)
(143,5,true)
(144,5,true)
(148,5,true)
(149,5,true)
(155,5,true)
(156,5,true)
(157,5,false)
(159,5,true)
(160,5,true)
(162,5,true)
(164,5,true)
(166,5,true)
(167,5,true)
(168,5,true)
(169,5,true)
(172,5,true)
(173,5,true)
(174,5,true)
(179,5,true)
(180,5,true)
(181,5,true)
(182,5,true)
(183,5,true)
(188,5,true)
(189,5,true)
(190,5,true)
(191,5,true)
(192,5,true)
(193,5,true)
(194,5,true)
(195,5,true)
(199,5,true)
(1,6,false)
(2,6,false)
(3,6,false)
(5,6,false)
(7,6,false)
(9,6,false)
(11,6,false)
(12,6,false)
(14,6,false)
(17,6,false)
(19,6,false)
(21,6,false)
(25,6,false)
(28,6,false)
(30,6,false)
(31,6,false)
(32,6,false)
(36,6,false)
(37,6,false)
(39,6,true)
(41,6,false)
(43,6,false)
(44,6,false)
(47,6,false)
(48,6,false)
(49,6,false)
(55,6,false)
(56,6,false)
(59,6,false)
(61,6,false)
(63,6,false)
(64,6,false)
(65,6,false)
(68,6,false)
(70,6,false)
(71,6,false)
(73,6,false)
(75,6,false)
(77,6,false)
(78,6,false)
(80,6,false)
(89,6,true)
(91,6,false)
(92,6,false)
(93,6,false)
(94,6,true)
(96,6,false)
(99,6,false)
(100,6,false)
(101,6,false)
(105,6,false)
(115,6,false)
(116,6,true)
(118,6,false)
(120,6,true)
(122,6,true)
(123,6,true)
(124,6,true)
(128,6,true)
(130,6,true)
(134,6,true)
(146,6,true)
(150,6,true)
(152,6,true)
(153,6,true)
(154,6,true)
(159,6,true)
(161,6,true)
(163,6,true)
(164,6,true)
(166,6,true)
(172,6,true)
(173,6,true)
(175,6,true)
(179,6,true)
(181,6,true)
(182,6,true)
(183,6,true)
(185,6,true)
(187,6,false)
(190,6,true)
(194,6,true)
(196,6,true)
(198,6,true)
(2,7,false)
(4,7,true)
(11,7,false)
(14,7,false)
(18,7,true)
(19,7,false)
(21,7,false)
(24,7,false)
(30,7,false)
(34,7,false)
(40,7,false)
(41,7,false)
(42,7,false)
(44,7,false)
(46,7,false)
(47,7,false)
(51,7,false)
(52,7,false)
(53,7,false)
(54,7,false)
(56,7,false)
(57,7,false)
(59,7,false)
(60,7,false)
(61,7,false)
(64,7,true)
(66,7,false)
(67,7,false)
(69,7,false)
(78,7,false)
(79,7,false)
(82,7,false)
(87,7,false)
(90,7,false)
(91,7,false)
(93,7,false)
(96,7,false)
(97,7,false)
(102,7,false)
(106,7,true)
(110,7,false)
(111,7,false)
(121,7,true)
(123,7,true)
(124,7,true)
(126,7,true)
(129,7,true)
(130,7,true)
(132,7,true)
(139,7,true)
(140,7,true)
(142,7,true)
(143,7,true)
(146,7,true)
(147,7,true)
(151,7,true)
(153,7,true)
(156,7,true)
(161,7,false)
(164,7,true)
(165,7,true)
(166,7,true)
(167,7,true)
(168,7,true)
(175,7,true)
(176,7,true)
(180,7,true)
(181,7,true)
(184,7,true)
(185,7,true)
(186,7,false)
(187,7,true)
(192,7,true)
(193,7,true)
(194,7,true)
(195,7,true)
(196,7,true)
(199,7,true)
(2,8,false)
(3,8,false)
(5,8,false)
(6,8,false)
(12,8,false)
(14,8,false)
(17,8,false)
(22,8,false)
(23,8,false)
(24,8,false)
(26,8,true)
(30,8,false)
(31,8,false)
(33,8,false)
(38,8,false)
(45,8,false)
(47,8,false)
(48,8,false)
(56,8,false)
(57,8,false)
(60,8,true)
(61,8,false)
(62,8,true)
(63,8,false)
(66,8,false)
(68,8,false)
(71,8,false)
(76,8,false)
(77,8,false)
(78,8,false)
(79,8,false)
(81,8,false)
(82,8,false)
(84,8,false)
(91,8,false)
(95,8,false)
(98,8,true)
(99,8,false)
(101,8,false)
(103,8,false)
(106,8,false)
(107,8,false)
(109,8,false)
(113,8,false)
(115,8,false)
(118,8,false)
(120,8,true)
(123,8,true)
(125,8,true)
(128,8,true)
(130,8,true)
(132,8,true)
(133,8,true)
(134,8,true)
(135,8,true)
(139,8,true)
(141,8,true)
(144,8,true)
(145,8,true)
(147,8,true)
(149,8,true)
(151,8,true)
(154,8,true)
(155,8,true)
(157,8,true)
(159,8,true)
(160,8,true)
(164,8,true)
(167,8,true)
(170,8,true)
(172,8,true)
(173,8,true)
(175,8,true)
(187,8,true)
(190,8,true)
(193,8,true)
(194,8,true)
(195,8,true)
(197,8,true)
(199,8,true)
(2,9,false)
(5,9,false)
(6,9,false)
(14,9,false)
(15,9,false)
(17,9,false)
(18,9,false)
(22,9,false)
(23,9,false)
(26,9,false)
(28,9,false)
(32,9,false)
(33,9,false)
(34,9,false)
(40,9,false)
(48,9,false)
(49,9,false)
(53,9,false)
(58,9,false)
(59,9,false)
(63,9,false)
(66,9,false)
(67,9,false)
(68,9,true)
(69,9,false)
(70,9,false)
(73,9,false)
(78,9,false)
(80,9,false)
(83,9,false)
(85,9,false)
(87,9,false)
(89,9,true)
(95,9,false)
(96,9,false)
(101,9,false)
(102,9,false)
(110,9,false)
(113,9,false)
(115,9,false)
(120,9,true)
(122,9,true)
(123,9,true)
(125,9,true)
(127,9,true)
(128,9,true)
(129,9,true)
(130,9,true)
(132,9,true)
(135,9,true)
(141,9,true)
(144,9,true)
(147,9,true)
(148,9,true)
(151,9,true)
(153,9,true)
(155,9,true)
(156,9,true)
(158,9,true)
(161,9,true)
(163,9,true)
(164,9,true)
(166,9,true)
(169,9,true)
(171,9,true)
(172,9,true)
(173,9,true)
(178,9,true)
(180,9,true)
(182,9,true)
(184,9,true)
(188,9,true)
(189,9,true)
(190,9,true)
(191,9,true)
(193,9,true)
(194,9,true)
(197,9,true)
(1,10,false)
(2,10,false)
(3,10,false)
(4,10,false)
(5,10,false)
(7,10,false)
(8,10,false)
(10,10,false)
(14,10,false)
(17,10,false)
(18,10,false)
(23,10,false)
(25,10,false)
(27,10,false)
(29,10,false)
(31,10,false)
(33,10,true)
(34,10,false)
(36,10,false)
(41,10,false)
(47,10,false)
(50,10,false)
(51,10,false)
(56,10,false)
(58,10,false)
(59,10,false)
(62,10,false)
(63,10,false)
(68,10,false)
(69,10,false)
(72,10,false)
(73,10,false)
(74,10,false)
(80,10,false)
(82,10,false)
(88,10,false)
(89,10,false)
(96,10,false)
(99,10,false)
(100,10,false)
(102,10,false)
(103,10,false)
(105,10,false)
(110,10,false)
(111,10,false)
(124,10,true)
(126,10,true)
(127,10,true)
(131,10,true)
(133,10,true)
(134,10,true)
(136,10,true)
(138,10,true)
(140,10,true)
(141,10,true)
(142,10,true)
(146,10,true)
(148,10,true)
(151,10,true)
(154,10,true)
(155,10,true)
(156,10,true)
(160,10,true)
(161,10,false)
(166,10,false)
(169,10,true)
(170,10,true)
(172,10,true)
(175,10,true)
(178,10,true)
(183,10,true)
(186,10,true)
(187,10,true)
(188,10,true)
(190,10,true)
(194,10,true)
(195,10,true)
(196,10,true)
(197,10,true)
(0,11,false)
(1,11,false)
(2,11,false)
(3,11,false)
(6,11,false)
(10,11,false)
(14,11,false)
(17,11,false)
(19,11,false)
(20,11,false)
(22,11,false)
(24,11,false)
(25,11,false)
(28,11,false)
(52,11,false)
(53,11,false)
(54,11,false)
(58,11,false)
(63,11,false)
(67,11,false)
(71,11,false)
(80,11,false)
(81,11,false)
(82,11,false)
(83,11,true)
(84,11,false)
(85,11,false)
(87,11,false)
(90,11,false)
(91,11,false)
(92,11,false)
(93,11,true)
(94,11,false)
(95,11,false)
(99,11,false)
(105,11,false)
(106,11,false)
(107,11,false)
(110,11,false)
(115,11,false)
(117,11,false)
(119,11,false)
(120,11,true)
(126,11,true)
(128,11,true)
(130,11,true)
(136,11,true)
(137,11,true)
(138,11,true)
(142,11,false)
(146,11,true)
(149,11,true)
(151,11,true)
(153,11,true)
(154,11,true)
(155,11,true)
(157,11,true)
(160,11,true)
(163,11,true)
(164,11,true)
(165,11,true)
(167,11,true)
(168,11,true)
(175,11,true)
(177,11,true)
(178,11,true)
(179,11,true)
(180,11,true)
(184,11,true)
(187,11,true)
(190,11,true)
(197,11,true)
(199,11,true)
(1,12,false)
(2,12,false)
(4,12,false)
(8,12,false)
(11,12,false)
(14,12,false)
(16,12,false)
(18,12,false)
(22,12,false)
(29,12,false)
(30,12,false)
(34,12,false)
(35,12,false)
(37,12,false)
(41,12,false)
(45,12,false)
(47,12,false)
(48,12,false)
(53,12,false)
(54,12,false)
(57,12,false)
(60,12,false)
(61,12,false)
(63,12,false)
(65,12,false)
(68,12,false)
(73,12,false)
(74,12,false)
(76,12,false)
(78,12,false)
(79,12,false)
(80,12,false)
(81,12,false)
(84,12,false)
(87,12,false)
(89,12,false)
(90,12,false)
(93,12,false)
(96,12,false)
(97,12,false)
(98,12,false)
(104,12,false)
(111,12,false)
(112,12,false)
(120,12,true)
(122,12,true)
(123,12,true)
(128,12,false)
(129,12,true)
(133,12,true)
(135,12,true)
(139,12,true)
(141,12,true)
(145,12,true)
(149,12,true)
(152,12,true)
(157,12,false)
(159,12,true)
(161,12,true)
(164,12,true)
(169,12,true)
(170,12,true)
(171,12,true)
(173,12,true)
(177,12,true)
(180,12,true)
(182,12,true)
(190,12,true)
(193,12,true)
(197,12,true)
(199,12,true)
(3,13,true)
(6,13,false)
(7,13,false)
(9,13,false)
(12,13,true)
(14,13,false)
(19,13,false)
(22,13,false)
(23,13,false)
(24,13,false)
(27,13,false)
(28,13,false)
(29,13,false)
(31,13,false)
(33,13,false)
(42,13,false)
(44,13,false)
(45,13,false)
(47,13,false)
(50,13,false)
(52,13,false)
(57,13,false)
(60,13,false)
(61,13,false)
(65,13,false)
(66,13,false)
(67,13,false)
(72,13,false)
(74,13,false)
(75,13,false)
(77,13,false)
(84,13,false)
(87,13,false)
(92,13,false)
(96,13,true)
(97,13,false)
(98,13,false)
(103,13,true)
(109,13,false)
(113,13,false)
(117,13,false)
(118,13,false)
(119,13,false)
(129,13,true)
(131,13,true)
(133,13,true)
(140,13,true)
(148,13,true)
(153,13,true)
(154,13,true)
(158,13,true)
(161,13,true)
(162,13,true)
(163,13,true)
(164,13,true)
(169,13,true)
(171,13,true)
(173,13,true)
(177,13,true)
(178,13,true)
(180,13,true)
(182,13,true)
(185,13,true)
(186,13,true)
(191,13,true)
(193,13,true)
(195,13,true)
(196,13,true)
(197,13,true)
(2,14,false)
(3,14,false)
(9,14,false)
(11,14,false)
(16,14,false)
(21,14,false)
(22,14,false)
(24,14,false)
(25,14,false)
(26,14,false)
(30,14,true)
(32,14,false)
(35,14,false)
(38,14,false)
(50,14,false)
(52,14,false)
(59,14,false)
(61,14,false)
(74,14,false)
(82,14,false)
(85,14,false)
(86,14,false)
(87,14,false)
(89,14,false)
(90,14,false)
(102,14,false)
(103,14,false)
(104,14,false)
(106,14,false)
(110,14,false)
(111,14,false)
(112,14,false)
(113,14,false)
(116,14,false)
(125,14,true)
(126,14,true)
(128,14,false)
(135,14,true)
(136,14,true)
(141,14,true)
(143,14,true)
(145,14,true)
(148,14,true)
(153,14,true)
(154,14,true)
(160,14,true)
(170,14,true)
(171,14,true)
(172,14,true)
(175,14,true)
(181,14,true)
(183,14,true)
(184,14,true)
(190,14,true)
(192,14,true)
(196,14,true)
(199,14,true)
(1,15,false)
(11,15,true)
(19,15,false)
(20,15,false)
(22,15,false)
(23,15,false)
(24,15,false)
(26,15,false)
(28,15,false)
(30,15,false)
(34,15,false)
(35,15,false)
(36,15,false)
(40,15,false)
(42,15,false)
(43,15,false)
(44,15,false)
(45,15,false)
(50,15,false)
(58,15,false)
(59,15,false)
(62,15,false)
(69,15,false)
(76,15,false)
(80,15,false)
(82,15,false)
(84,15,false)
(92,15,false)
(93,15,false)
(95,15,false)
(101,15,false)
(102,15,false)
(109,15,false)
(110,15,false)
(113,15,false)
(114,15,false)
(118,15,false)
(119,15,false)
(120,15,true)
(123,15,true)
(127,15,true)
(131,15,true)
(133,15,false)
(136,15,true)
(147,15,true)
(148,15,true)
(149,15,true)
(150,15,true)
(153,15,true)
(155,15,true)
(156,15,true)
(157,15,true)
(162,15,true)
(165,15,true)
(166,15,true)
(169,15,true)
(173,15,true)
(178,15,true)
(181,15,true)
(182,15,true)
(184,15,true)
(185,15,true)
(186,15,true)
(194,15,true)
(195,15,true)
(198,15,true)
(9,16,false)
(14,16,false)
(17,16,false)
(19,16,false)
(22,16,false)
(24,16,false)
(27,16,false)
(35,16,false)
(40,16,false)
(46,16,false)
(53,16,true)
(55,16,false)
(56,16,false)
(63,16,false)
(65,16,false)
(77,16,false)
(78,16,false)
(79,16,false)
(84,16,false)
(86,16,false)
(89,16,false)
(100,16,false)
(101,16,false)
(104,16,false)
(105,16,false)
(111,16,false)
(120,16,true)
(125,16,true)
(130,16,true)
(133,16,true)
(134,16,true)
(136,16,false)
(142,16,true)
(144,16,true)
(150,16,true)
(153,16,true)
(157,16,true)
(158,16,true)
(162,16,true)
(166,16,true)
(172,16,true)
(173,16,true)
(175,16,true)
(176,16,true)
(180,16,true)
(182,16,true)
(183,16,true)
(187,16,true)
(188,16,true)
(192,16,true)
(199,16,true)
(1,17,false)
(3,17,false)
(10,17,false)
(13,17,false)
(14,17,false)
(16,17,false)
(23,17,false)
(24,17,false)
(25,17,true)
(36,17,false)
(40,17,false)
(45,17,false)
(48,17,false)
(55,17,true)
(69,17,false)
(74,17,false)
(75,17,false)
(76,17,false)
(79,17,true)
(80,17,false)
(84,17,false)
(93,17,false)
(94,17,false)
(95,17,true)
(96,17,false)
(101,17,false)
(102,17,false)
(103,17,false)
(104,17,false)
(105,17,false)
(108,17,false)
(110,17,false)
(112,17,false)
(113,17,false)
(114,17,false)
(116,17,false)
(118,17,false)
(125,17,true)
(134,17,true)
(136,17,true)
(137,17,true)
(138,17,true)
(141,17,true)
(146,17,true)
(150,17,true)
(151,17,true)
(159,17,true)
(160,17,true)
(171,17,true)
(172,17,false)
(181,17,true)
(182,17,true)
(183,17,true)
(186,17,true)
(189,17,true)
(191,17,true)
(193,17,true)
(196,17,true)
(198,17,true)
(5,18,false)
(11,18,false)
(16,18,false)
(20,18,false)
(24,18,false)
(26,18,false)
(28,18,false)
(37,18,false)
(43,18,false)
(44,18,false)
(49,18,false)
(50,18,false)
(52,18,false)
(60,18,false)
(67,18,false)
(70,18,false)
(74,18,false)
(75,18,false)
(78,18,false)
(83,18,false)
(88,18,false)
(90,18,false)
(92,18,false)
(98,18,false)
(101,18,false)
(103,18,false)
(114,18,false)
(115,18,false)
(119,18,false)
(122,18,true)
(123,18,true)
(126,18,true)
(129,18,true)
(132,18,true)
(136,18,true)
(141,18,true)
(146,18,true)
(152,18,true)
(155,18,true)
(157,18,true)
(159,18,true)
(163,18,true)
(167,18,false)
(169,18,true)
(173,18,true)
(178,18,true)
(179,18,true)
(180,18,true)
(181,18,true)
(186,18,true)
(190,18,true)
(192,18,true)
(199,18,true)
(21,19,false)
(23,19,false)
(25,19,false)
(32,19,false)
(34,19,false)
(37,19,false)
(39,19,false)
(40,19,false)
(42,19,false)
(49,19,false)
(50,19,false)
(59,19,false)
(60,19,false)
(61,19,false)
(63,19,false)
(64,19,false)
(66,19,false)
(69,19,false)
(71,19,false)
(72,19,false)
(74,19,false)
(76,19,false)
(78,19,false)
(80,19,false)
(81,19,true)
(93,19,false)
(101,19,false)
(102,19,false)
(105,19,false)
(118,19,false)
(120,19,true)
(121,19,true)
(122,19,true)
(123,19,true)
(126,19,true)
(138,19,true)
(141,19,true)
(142,19,true)
(143,19,true)
(145,19,true)
(150,19,true)
(152,19,true)
(163,19,true)
(169,19,true)
(172,19,true)
(174,19,true)
(178,19,true)
(179,19,true)
(182,19,true)
(184,19,true)
(185,19,true)
(187,19,true)
(197,19,true)
(199,19,true)
(1,20,false)
(2,20,false)
(8,20,false)
(13,20,false)
(14,20,false)
(15,20,false)
(16,20,false)
(18,20,false)
(20,20,false)
(24,20,false)
(27,20,false)
(29,20,false)
(31,20,false)
(39,20,false)
(48,20,false)
(50,20,false)
(51,20,false)
(53,20,false)
(54,20,false)
(55,20,false)
(60,20,false)
(61,20,false)
(62,20,false)
(63,20,false)
(68,20,false)
(69,20,true)
(75,20,false)
(76,20,false)
(77,20,false)
(80,20,true)
(83,20,false)
(85,20,false)
(86,20,false)
(88,20,false)
(89,20,true)
(93,20,false)
(96,20,false)
(99,20,false)
(100,20,false)
(106,20,false)
(107,20,false)
(108,20,false)
(109,20,false)
(114,20,false)
(115,20,false)
(120,20,true)
(121,20,true)
(132,20,true)
(134,20,true)
(135,20,true)
(136,20,true)
(143,20,true)
(148,20,true)
(150,20,true)
(154,20,true)
(155,20,true)
(158,20,true)
(162,20,true)
(167,20,true)
(176,20,true)
(179,20,true)
(180,20,true)
(188,20,true)
(194,20,true)
(195,20,true)
(196,20,true)
(1,21,false)
(2,21,false)
(3,21,false)
(9,21,false)
(10,21,false)
(12,21,false)
(13,21,false)
(16,21,false)
(27,21,false)
(29,21,false)
(38,21,false)
(39,21,false)
(40,21,false)
(43,21,true)
(47,21,false)
(49,21,true)
(51,21,false)
(52,21,false)
(57,21,true)
(59,21,false)
(60,21,false)
(67,21,false)
(69,21,false)
(70,21,false)
(71,21,false)
(72,21,false)
(75,21,false)
(79,21,false)
(81,21,false)
(82,21,false)
(84,21,false)
(86,21,false)
(88,21,false)
(97,21,false)
(98,21,false)
(105,21,false)
(106,21,false)
(107,21,false)
(114,21,false)
(115,21,false)
(116,21,false)
(120,21,true)
(121,21,true)
(124,21,true)
(125,21,true)
(128,21,true)
(129,21,true)
(134,21,true)
(137,21,false)
(144,21,true)
(146,21,true)
(149,21,true)
(154,21,true)
(156,21,true)
(163,21,true)
(169,21,true)
(171,21,true)
(172,21,true)
(174,21,true)
(177,21,true)
(180,21,true)
(181,21,true)
(186,21,true)
(1,22,false)
(3,22,false)
(10,22,false)
(16,22,false)
(22,22,false)
(26,22,false)
(34,22,false)
(41,22,false)
(50,22,false)
(51,22,true)
(55,22,false)
(59,22,false)
(64,22,false)
(67,22,false)
(70,22,false)
(74,22,false)
(77,22,false)
(79,22,true)
(95,22,false)
(96,22,false)
(97,22,false)
(99,22,false)
(104,22,false)
(106,22,false)
(108,22,false)
(110,22,false)
(114,22,false)
(117,22,false)
(121,22,true)
(126,22,true)
(127,22,true)
(128,22,true)
(129,22,true)
(130,22,true)
(133,22,true)
(136,22,true)
(138,22,true)
(143,22,true)
(153,22,true)
(158,22,true)
(159,22,true)
(161,22,true)
(163,22,true)
(164,22,true)
(165,22,true)
(166,22,true)
(167,22,true)
(173,22,true)
(176,22,true)
(177,22,true)
(181,22,true)
(187,22,true)
(188,22,true)
(190,22,true)
(194,22,true)
(6,23,false)
(9,23,false)
(10,23,false)
(12,23,false)
(17,23,false)
(24,23,false)
(25,23,true)
(28,23,false)
(33,23,false)
(36,23,false)
(39,23,false)
(42,23,false)
(50,23,false)
(60,23,false)
(63,23,false)
(73,23,false)
(77,23,false)
(78,23,false)
(79,23,false)
(81,23,false)
(83,23,true)
(91,23,false)
(92,23,false)
(96,23,false)
(98,23,false)
(99,23,false)
(102,23,false)
(104,23,false)
(105,23,false)
(108,23,false)
(112,23,false)
(128,23,true)
(135,23,true)
(141,23,true)
(151,23,true)
(153,23,true)
(157,23,true)
(158,23,true)
(159,23,true)
(160,23,true)
(161,23,true)
(163,23,true)
(168,23,true)
(173,23,true)
(174,23,true)
(178,23,true)
(184,23,true)
(190,23,true)
(193,23,true)
(2,24,false)
(14,24,false)
(16,24,false)
(17,24,false)
(19,24,false)
(23,24,false)
(27,24,false)
(31,24,false)
(34,24,false)
(35,24,false)
(38,24,true)
(40,24,false)
(43,24,false)
(54,24,false)
(57,24,false)
(59,24,false)
(61,24,false)
(64,24,false)
(66,24,false)
(68,24,false)
(69,24,false)
(70,24,false)
(71,24,false)
(74,24,false)
(77,24,false)
(78,24,false)
(81,24,true)
(86,24,false)
(87,24,false)
(88,24,false)
(92,24,false)
(93,24,false)
(94,24,false)
(97,24,false)
(104,24,true)
(109,24,false)
(114,24,false)
(117,24,false)
(120,24,true)
(123,24,true)
(126,24,true)
(127,24,true)
(128,24,true)
(129,24,true)
(131,24,true)
(135,24,true)
(136,24,true)
(143,24,true)
(144,24,false)
(149,24,true)
(151,24,true)
(155,24,true)
(160,24,true)
(166,24,true)
(168,24,true)
(169,24,true)
(175,24,true)
(178,24,true)
(183,24,true)
(186,24,true)
(189,24,true)
(190,24,true)
(195,24,true)
(197,24,true)
(6,25,false)
(8,25,false)
(11,25,false)
(18,25,false)
(19,25,false)
(21,25,false)
(23,25,false)
(24,25,false)
(33,25,false)
(37,25,false)
(42,25,false)
(43,25,false)
(45,25,false)
(46,25,false)
(47,25,false)
(50,25,false)
(68,25,false)
(69,25,false)
(70,25,true)
(77,25,false)
(79,25,false)
(81,25,false)
(83,25,false)
(85,25,false)
(91,25,false)
(95,25,false)
(101,25,false)
(108,25,false)
(111,25,false)
(117,25,false)
(118,25,false)
(122,25,true)
(123,25,true)
(126,25,true)
(128,25,true)
(129,25,true)
(132,25,true)
(136,25,true)
(137,25,true)
(148,25,true)
(156,25,true)
(157,25,true)
(158,25,true)
(163,25,true)
(164,25,true)
(173,25,true)
(175,25,true)
(181,25,true)
(187,25,true)
(190,25,true)
(196,25,true)
(2,26,false)
(3,26,false)
(4,26,false)
(12,26,false)
(13,26,false)
(16,26,false)
(21,26,false)
(24,26,false)
(25,26,false)
(26,26,false)
(28,26,false)
(34,26,false)
(38,26,false)
(42,26,false)
(48,26,false)
(50,26,true)
(77,26,false)
(82,26,false)
(84,26,false)
(86,26,false)
(93,26,false)
(94,26,false)
(96,26,false)
(98,26,true)
(104,26,false)
(110,26,false)
(119,26,false)
(125,26,true)
(126,26,false)
(130,26,true)
(131,26,true)
(132,26,true)
(133,26,true)
(134,26,true)
(138,26,true)
(151,26,true)
(152,26,true)
(159,26,true)
(163,26,true)
(167,26,true)
(169,26,false)
(170,26,true)
(174,26,true)
(175,26,true)
(177,26,true)
(179,26,true)
(184,26,true)
(188,26,true)
(189,26,true)
(194,26,true)
(195,26,true)

(156,11)
(98,15)
(21,12)
(114,12)
(47,0)
(31,22)
(1,13)
(63,13)
(156,6)
(141,25)
(158,26)
(111,18)
(102,13)
(8,21)
(5,11)
(59,20)
(140,11)
(27,6)
(112,21)
(119,14)
(8,6)
(93,13)
(101,10)
(154,12)
(52,0)
(92,17)
(51,6)
(177,16)
(154,26)
(181,13)
(11,19)
(51,4)
(11,9)
(49,0)
(91,1)
(66,23)
(54,6)
(74,3)
(106,3)
(94,12)
(27,26)
(198,22)
(16,0)
(160,1)
(102,21)
(128,15)
(79,6)
(76,25)
(77,0)
(45,18)
(1,18)
(123,0)
(158,7)
(162,24)
(122,1)
(168,0)
(187,5)
(79,15)
(1,7)
(75,12)
(80,2)
(74,16)
(136,7)
(137,3)
(177,18)
(128,4)
(160,6)
(199,6)
(12,15)
(16,6)
(135,7)
(15,17)
(102,8)
(79,3)
(159,25)
(25,4)
(49,15)
(172,13)
(193,0)
(111,19)
(39,1)
(17,7)
(149,23)
(113,4)
(178,1)
(140,8)
(118,21)
(162,19)
(101,2)
(178,16)
(99,7)
(143,16)
(53,15)
(93,8)
(166,21)
(146,16)
(7,12)
(136,6)
(30,16)
(55,26)
(89,3)
(51,5)
(54,16)
(52,1)
(110,8)
(34,16)
(158,5)
(140,19)
(77,10)
(57,19)
(144,11)
(15,19)
(57,2)
(138,16)
(139,25)
(20,3)
(39,14)
(92,20)
(178,5)
(169,6)
(59,18)
(156,13)
(139,26)
(62,16)
(174,16)
(76,6)
(70,20)
(146,20)
(8,5)
(141,21)
(182,21)
(86,8)
(101,4)
(119,1)
(105,4)
(180,23)
(165,23)
(76,22)
(90,20)
(53,2)
(114,7)
(148,1)
(18,23)
(97,17)
(56,21)
(175,23)
(97,11)
(83,10)
(141,26)
(41,13)
(3,2)
(44,10)
(144,4)
(169,25)
(131,25)
(148,6)
(96,8)
(49,12)
(153,17)
(34,25)
(75,10)
(153,26)
(29,15)
(39,7)
(93,23)
(24,5)
(114,0)
(84,0)
(98,24)
(167,23)
(189,7)
(165,6)
(40,25)
(135,6)
(146,5)
(82,16)
(45,11)
(139,1)
(65,25)
(109,26)
(134,12)
(177,6)
(168,14)
(44,20)
(87,22)
(56,25)
(152,23)
(177,5)
(193,1)
(169,17)
(63,7)
(28,10)
(103,19)
(74,9)
(80,25)
(50,17)
(12,25)
(46,15)
(106,19)
(98,10)
(7,25)
(193,18)
(188,15)
(147,26)
(65,1)
(130,12)
(138,8)
(32,22)
(44,17)
(103,26)
(79,14)
(174,7)
(133,7)
(54,21)
(87,17)
(130,1)
(125,18)
(147,10)
(27,19)
(8,11)
(91,16)
(122,11)
(102,5)
(80,0)
(163,4)
(103,25)
(15,7)
(172,11)
(8,17)
(192,12)
(141,24)
(123,11)
(144,19)
(17,25)
(82,1)
(53,23)
(7,3)
(75,15)
(104,9)
(145,9)
(1,1)
(44,12)
(23,3)
(18,21)
(111,13)
(9,10)
(116,24)
(28,22)
(19,14)
(130,23)
(198,0)
(72,25)
(64,2)
(183,11)
(8,23)
(95,18)
(122,3)
(52,19)
(93,18)
(33,20)
(197,5)
(82,20)
(66,1)
(188,21)
(191,19)
(159,9)
(14,18)
(12,16)
(96,21)
(90,22)
(152,24)
(166,11)
(48,25)
(89,8)
(86,4)
(158,8)
(182,23)
(92,9)
(73,22)
(36,4)
(45,16)
(77,9)
(34,14)
(26,23)
(14,22)
(14,21)
(1,19)
(140,9)
(157,22)
(15,15)
(5,14)
(182,22)
(79,19)
(144,18)
(60,3)
(90,25)
(168,6)
(142,6)
(18,11)
(84,25)
(109,9)
(105,3)
(11,11)
(15,10)
(183,12)
(197,14)
(121,25)
(34,3)
(137,12)
(198,23)
(116,22)
(150,8)
(83,17)
(154,2)
(30,18)
(101,13)
(132,14)
(156,18)
(97,9)
(64,26)
(119,4)
(163,7)
(87,6)
(71,20)
(153,12)
(150,13)
(159,14)
(125,2)
(47,2)
(51,14)
(50,8)
(136,13)
(193,4)
(9,24)
(27,8)
(63,2)
(143,8)
(18,3)
(150,3)
(133,21)
(115,10)
(43,9)
(30,2)
(11,8)
(148,16)
(199,10)
(143,15)
(196,21)
(114,13)
(67,10)
(158,2)
(195,11)
(150,7)
(15,12)
(151,4)
(13,7)
(153,21)
(129,2)
(23,11)
(32,0)
(14,15)
(155,22)
(31,0)
(2,25)
(82,24)
(15,8)
(158,18)
(131,2)
(119,10)
(21,18)
(182,20)
(29,8)
(7,19)
(50,6)
(14,5)
(119,7)
(89,7)
(8,26)
(150,12)
(90,1)
(125,25)
(145,0)
(119,19)
(124,12)
(86,15)
(128,13)
(145,25)
(8,14)
(181,16)
(45,24)
(70,10)
(1,3)
(52,12)
(176,10)
(80,14)
(2,13)
(4,18)
(74,21)
(167,10)
(154,7)
(130,14)
(146,13)
(6,1)
(127,16)
(75,16)
(64,4)
(91,5)
(30,11)
(18,17)
(180,0)
(112,16)
(146,14)
(46,6)
(146,15)
(195,21)
(94,9)
(182,7)
(197,22)
(109,25)
(195,12)
(132,6)
(116,15)
(184,3)
(114,23)
(130,20)
(180,15)
(154,24)
(139,11)
(64,8)
(43,10)
(177,10)
(26,7)
(45,10)
(81,16)
(174,6)
(64,11)
(177,1)
(162,23)
(85,23)
(104,13)
(120,10)
(177,20)
(55,21)
(6,15)
(170,21)
(165,14)
(155,16)
(114,16)
(141,22)
(14,23)
(97,25)
(131,9)
(86,10)
(45,23)
(187,14)
(30,23)
(80,7)
(27,3)
(75,26)
(180,24)
(164,1)
(177,9)
(176,6)
(104,7)
(42,11)
(44,24)
(145,2)
(156,3)
(144,25)
(185,5)
(104,20)
(4,1)
(52,17)
(158,19)
(36,12)
(185,0)
(123,17)
(36,26)
(147,23)
(165,18)
(181,24)
(169,23)
(172,18)
(90,17)
(46,12)
(42,5)
(152,5)
(145,6)
(190,20)
(155,13)
(44,21)
(0,18)
(177,25)
(10,18)
(39,8)
(197,0)
(15,14)
(70,23)
(62,13)
(19,20)
(94,20)
(101,21)
(192,10)
(58,22)
(3,12)
(134,13)
(181,4)
(195,0)
(149,1)
(102,6)
(189,19)
(49,11)
(116,2)
(164,17)
(194,18)
(22,0)
(163,16)
(0,25)
(82,22)
(140,22)
(99,12)
(111,20)
(150,22)
(26,16)
(58,26)
(112,26)
(41,25)
(74,15)
(53,22)
(190,13)
(141,5)
(36,3)
(12,14)
(113,10)
(121,5)
(153,0)
(62,4)
(153,2)
(44,3)
(42,10)
(149,20)
(116,13)
(14,3)
(194,13)
(62,25)
(18,1)
(54,3)
(32,24)
(31,3)
(114,26)
(141,7)
(97,6)
(21,11)
(0,12)
(106,2)
(86,1)
(165,13)
(151,19)
(141,15)
(77,15)
(79,10)
(196,18)
(24,10)
(116,26)
(23,26)
(161,4)
(62,9)
(73,21)
(153,25)
(69,22)
(37,11)
(22,23)
(181,8)
(113,5)
(120,18)
(157,21)
(113,16)
(127,21)
(84,24)
(88,0)
(64,9)
(83,14)
(102,3)
(107,19)
(80,16)
(97,10)
(2,23)
(181,26)
(103,16)
(190,15)
(115,22)
(74,6)
(147,5)
(26,11)
(33,15)
(90,0)
(72,11)
(72,23)
(148,8)
(81,17)
(190,16)
(140,21)
(98,14)
(142,26)
(4,22)
(110,13)
(56,20)
(56,9)
(171,23)
(165,4)
(76,21)
(3,16)
(63,26)
(64,16)
(94,15)
(27,14)
(54,15)
(197,21)
(147,3)
(191,1)
(36,18)
(65,4)
(171,11)
(116,23)
(69,0)
(27,11)
(194,11)
(0,14)
(140,15)
(111,26)
(148,22)
(108,11)
(74,7)
(108,14)
(182,18)
(24,21)
(18,8)
(101,20)
(27,18)
(43,12)
(34,6)
(90,23)
(195,17)
(103,9)
(147,25)
(129,17)
(109,17)
(26,4)
(50,11)
(34,8)
(41,0)
(171,16)
(32,10)
(54,26)
(33,5)
(12,17)
(54,13)
(88,9)
(131,0)
(84,1)
(99,9)
(160,0)
(185,16)
(101,23)
(125,20)
(26,17)
(86,18)
(189,12)
(139,20)
(165,26)
(51,12)
(99,25)
(55,10)
(198,9)
(89,15)
(34,13)
(93,21)
(71,14)
(127,17)
(87,16)
(163,15)
(79,5)
(102,12)
(2,22)
(25,3)
(12,3)
(7,7)
(161,3)
(8,22)
(6,20)
(146,12)
(84,23)
(150,5)
(31,23)
(57,20)
(173,2)
(67,5)
(4,6)
(48,24)
(78,21)
(181,12)
(82,6)
(136,2)
(170,19)
(186,26)
(192,15)
(63,14)
(43,4)
(10,4)
(92,2)
(170,15)
(173,7)
(48,15)
(91,20)
(168,1)
(165,8)
(165,3)
(16,5)
(193,20)
(180,1)
(20,21)
(124,3)
(58,25)
(151,5)
(127,1)
(151,21)
(54,0)
(89,4)
(29,24)
(175,18)
(87,8)
(97,19)
(47,9)
(70,8)
(133,24)
(88,5)
(12,11)
(42,9)
(199,23)
(132,23)
(77,21)
(74,26)
(195,14)
(51,13)
(12,7)
(171,18)
(16,1)
(165,17)
(192,13)
(188,14)
(113,18)
(193,26)
(22,24)
(50,2)
(12,19)
(118,9)
(97,2)
(120,7)
(28,20)
(86,12)
(133,6)
(47,22)
(1,9)
(167,13)
(8,19)
(109,21)
(13,3)
(164,15)
(172,0)
(71,7)
(147,19)
(54,8)
(38,25)
(12,22)
(86,13)
(69,11)
(38,12)
(68,17)
(143,0)
(43,26)
(24,0)
(82,12)
(95,13)
(143,9)
(149,6)
(22,6)
(175,22)
(78,10)
(168,4)
(52,5)
(94,10)
(81,5)
(116,10)
(14,14)
(116,11)
(138,9)
(29,17)
(177,8)
(10,16)
(108,10)
(145,5)
(177,19)
(35,2)
(68,19)
(54,22)
(147,24)
(22,7)
(33,24)
(47,19)
(81,26)
(154,23)
(11,24)
(10,7)
(160,21)
(134,25)
(136,8)
(3,18)
(103,24)
(81,22)
(41,16)
(186,23)
(52,26)
(112,1)
(112,9)
(195,22)
(191,0)
(188,23)
(155,19)
(195,18)
(79,20)
(125,15)
(5,25)
(153,18)
(186,3)
(58,6)
(13,1)
(85,5)
(156,16)
(107,12)
(177,0)
(122,14)
(62,7)
(36,9)
(11,26)
(103,6)
(85,7)
(111,8)
(90,26)
(66,11)
(187,4)
(32,7)
(156,24)
(101,22)
(143,23)
(197,6)
(59,13)
(115,12)
(21,8)
(100,19)
(180,26)
(0,20)
(168,17)
(119,8)
(181,0)
(141,11)
(23,7)
(158,15)
(115,13)
(93,22)
(192,2)
(129,5)
(136,0)
(31,14)
(13,15)
(162,6)
(132,13)
(124,17)
(44,14)
(192,11)
(133,11)
(106,26)
(70,12)
(136,26)
(194,21)
(17,13)
(175,5)
(193,19)
(44,25)
(48,21)
(146,9)
(128,20)
(67,8)
(129,10)
(55,2)
(74,20)
(167,2)
(29,4)
(120,13)
(120,1)
(188,4)
(21,17)
(123,1)
(192,17)
(56,14)
(53,1)
(75,8)
(93,9)
(19,18)
(116,25)
(78,13)
(148,19)
(37,15)
(45,21)
(100,24)
(85,21)
(120,5)
(168,13)
(137,8)
(49,20)
(57,22)
(2,17)
(48,18)
(78,14)
(3,20)
(38,10)
(179,0)
(90,15)
(187,18)
(158,17)
(0,7)
(10,6)
(94,23)
(61,5)
(15,1)
(51,11)
(124,15)
(58,12)
(26,13)
(22,17)
(146,26)
(37,21)
(31,12)
(170,7)
(192,9)
(143,6)
(136,5)
(53,8)
(93,14)
(135,2)
(135,17)
(44,8)
(102,24)
(183,2)
(189,21)
(157,2)
(140,24)
(171,0)
(131,5)
(106,16)
(192,25)
(181,10)
(187,12)
(130,21)
(61,17)
(180,19)
(191,8)
(50,24)
(39,0)
(41,20)
(173,20)
(150,18)
(141,20)
(47,15)
(105,15)
(45,20)
(120,22)
(61,1)
(69,13)
(14,25)
(153,24)
(173,24)
(80,22)
(147,11)
(93,25)
(140,6)
(41,8)
(44,11)
(111,17)
(54,9)
(161,0)
(124,4)
(19,8)
(102,18)
(34,11)
(0,23)
(104,21)
(158,11)
(21,20)
(54,18)
(130,25)
(133,20)
(106,12)
(166,23)
(133,23)
(156,8)
(47,3)
(28,17)
(70,13)
(4,4)
(65,7)
(178,8)
(196,15)
(5,12)
(1,16)
(167,24)
(59,25)
(124,20)
(199,25)
(60,16)
(23,22)
(178,20)
(147,6)
(137,5)
(7,11)
(103,12)
(79,13)
(67,19)
(124,2)
(45,6)
(119,9)
(28,14)
(47,26)
(129,14)
(96,16)
(37,1)
(176,12)
(20,2)
(88,13)
(191,7)
(189,25)
(154,9)
(154,25)
(123,14)
(78,25)
(54,14)
(23,23)
(82,4)
(183,23)
(67,12)
(171,25)
(39,9)
(75,2)
(158,12)
(163,17)
(185,17)
(69,5)
(112,11)
(20,4)
(6,7)
(168,12)
(7,26)
(137,13)
(11,17)
(56,12)
(9,9)
(101,14)
(61,2)
(160,3)
(70,11)
(71,15)
(65,11)
(57,4)
(64,17)
(180,3)
(38,9)
(39,16)
(6,26)
(198,2)
(132,0)
(76,11)
(115,24)
(25,7)
(62,23)
(74,25)
(95,26)
(72,4)
(42,18)
(71,4)
(76,5)
(135,3)
(43,7)
(145,3)
(159,3)
(73,1)
(35,21)
(47,23)
(104,11)
(16,8)
(77,14)
(63,22)
(191,20)
(10,8)
(14,26)
(104,19)
(150,25)
(113,26)
(74,11)
(33,18)
(129,8)
(175,4)
(13,4)
(89,13)
(156,14)
(188,2)
(153,3)
(45,14)
(91,22)
(114,8)
(115,7)
(72,16)
(2,16)
(196,8)
(40,0)
(136,9)
(148,3)
(32,3)
(68,18)
(178,6)
(69,3)
(104,10)
(127,18)
(38,16)
(12,24)
(171,24)
(77,11)
(196,5)
(57,6)
(111,5)
(139,24)
(92,19)
(61,25)
(99,17)
(142,14)
(112,5)
(106,6)
(118,24)
(13,14)
(107,26)
(142,9)
(55,13)
(64,21)
(52,25)
(68,23)
(11,22)
(70,26)
(166,3)
(118,3)
(8,7)
(110,19)
(127,7)
(12,10)
(59,5)
(74,8)
(66,21)
(8,13)
(5,24)
(101,12)
(83,5)
(55,3)
(87,18)
(161,19)
(171,22)
(185,20)
(182,24)
(142,25)
(141,6)
(153,19)
(67,24)
(166,17)
(7,5)
(17,4)
(93,16)
(50,21)
(157,7)
(185,3)
(193,10)
(138,14)
(164,19)
(58,7)
(148,7)
(141,3)
(43,2)
(142,1)
(91,19)
(48,5)
(151,20)
(29,11)
(70,7)
(107,2)
(24,19)
(179,15)
(151,3)
(184,5)
(7,24)
(124,5)
(147,22)
(185,21)
(45,22)
(24,3)
(168,3)
(190,4)
(5,2)
(89,5)
(160,22)
(140,23)
(23,12)
(147,18)
(189,3)
(86,17)
(64,20)
(66,14)
(155,26)
(143,11)
(105,2)
(188,25)
(54,10)
(152,15)
(30,9)
(159,11)
(169,22)
(17,15)
(85,19)
(59,23)
(78,2)
(91,9)
(0,9)
(177,4)
(99,21)
(147,16)
(146,24)
(34,5)
(154,19)
(27,17)
(100,3)
(56,15)
(173,17)
(70,5)
(108,8)
(143,2)
(39,11)
(152,14)
(12,20)
(55,8)
(175,9)
(51,24)
(16,7)
(41,19)
(154,5)
(130,24)
(195,6)
(37,22)
(54,25)
(133,17)
(185,9)
(4,19)
(74,23)
(24,12)
(87,19)
(68,22)
(53,4)
(88,11)
(166,19)
(76,1)
(47,18)
(131,16)
(148,21)
(168,20)
(52,8)
(172,25)
(114,11)
(189,6)
(54,23)
(133,5)
(18,6)
(57,11)
(180,10)
(10,5)
(86,19)
(150,24)
(97,18)
(124,24)
(47,16)
(44,16)
(156,12)
(46,17)
(1,24)
(46,19)
(28,7)
(168,10)
(197,25)
(113,25)
(168,8)
(182,26)
(187,9)
(145,20)
(173,26)
(35,17)
(191,10)
(79,9)
(172,4)
(57,10)
(127,20)
(61,0)
(90,21)
(152,13)
(188,13)
(8,0)
(24,6)
(46,10)
(103,20)
(85,12)
(108,15)
(9,19)
(168,26)
(98,9)
(15,24)
(123,13)
(177,17)
(82,23)
(177,23)
(196,2)
(191,22)
(61,15)
(132,12)
(134,23)
(119,22)
(112,24)
(46,8)
(119,23)
(49,26)
(27,22)
(18,0)
(128,17)
(80,8)
(126,21)
(179,21)
(193,14)
(9,2)
(91,15)
(60,9)
(57,18)
(193,16)
(91,18)
(9,0)
(118,16)
(92,10)
(141,13)
(66,22)
(58,24)
(58,16)
(152,21)
(5,20)
(130,13)
(75,3)
(72,8)
(29,14)
(198,24)
(37,16)
(163,20)
(78,11)
(55,19)
(16,3)
(105,7)
(133,9)
(197,26)
(6,22)
(19,26)
(22,2)
(15,6)
(164,23)
(106,23)
(93,10)
(75,11)
(81,6)
(38,23)
(111,3)
(150,2)
(53,24)
(116,19)
(160,20)
(107,6)
(39,13)
(112,15)
(56,18)
(127,4)
(151,16)
(157,19)
(149,9)
(7,21)
(158,6)
(168,21)
(191,4)
(56,3)
(168,15)
(119,17)
(9,25)
(46,22)
(23,6)
(19,12)
(59,11)
(149,2)
(5,15)
(40,23)
(131,7)
(15,13)
(62,19)
(172,23)
(117,23)
(49,22)
(21,10)
(69,16)
(119,12)
(57,15)
(59,26)
(4,23)
(28,21)
(170,17)
(135,11)
(47,24)
(170,6)
(175,19)
(78,26)
(61,23)
(176,13)
(183,22)
(36,21)
(179,24)
(146,19)
(120,14)
(177,15)
(42,16)
(39,15)
(81,9)
(60,22)
(59,8)
(133,25)
(187,17)
(6,21)
(128,18)
(52,6)
(187,3)
(70,19)
(196,26)
(73,11)
(86,25)
(147,21)
(188,17)
(152,16)
(32,1)
(166,18)
(171,8)
(138,1)
(47,17)
(175,15)
(129,19)
(141,16)
(24,22)
(70,17)
(127,25)
(87,25)
(198,20)
(62,12)
(15,18)
(114,19)
(103,22)
(25,24)
(100,14)
(182,8)
(107,17)
(35,10)
(154,15)
(30,21)
(7,8)
(196,16)
(33,26)
(78,22)
(63,4)
(177,24)
(29,18)
(156,26)
(133,19)
(174,24)
(97,20)
(118,4)
(56,23)
(85,16)
(157,26)
(24,9)
(139,10)
(11,10)
