200 Users
55 Files
4000 Transactions
2 Maximum Connections
1 Cycle Length per Upload-Download
0 Warm-up Transactions
0.400000 Zipf constant
5 Pre-Trusted Users
120 Well-Behaved (Good) Users
80 Purely Malicious Users
0 Feedback Skewing Users
0 Malignant Providing Users
0 Disguised Malicous Users
0 Sybil Attack Users
true Intelligent Trans. Generation
1561012901153 Trace Generation Seed

(0.044505,0.000000,1,false)
(0.045868,0.000000,1,false)
(0.073677,0.000000,1,false)
(0.023910,0.000000,1,false)
(0.020530,0.000000,1,false)
(0.056134,0.000000,1,false)
(0.008189,0.000000,1,false)
(0.057185,0.000000,1,false)
(0.073188,0.000000,1,false)
(0.066103,0.000000,1,false)
(0.059056,0.000000,1,false)
(0.092607,0.000000,1,false)
(0.099205,0.000000,1,false)
(0.069194,0.000000,1,false)
(0.019752,0.000000,1,false)
(0.001341,0.000000,1,false)
(0.020003,0.000000,1,false)
(0.009218,0.000000,1,false)
(0.035129,0.000000,1,false)
(0.077967,0.000000,1,false)
(0.072083,0.000000,1,false)
(0.031779,0.000000,1,false)
(0.051417,0.000000,1,false)
(0.079565,0.000000,1,false)
(0.019918,0.000000,1,false)
(0.039718,0.000000,1,false)
(0.002968,0.000000,1,false)
(0.088644,0.000000,1,false)
(0.092400,0.000000,1,false)
(0.025908,0.000000,1,false)
(0.062022,0.000000,1,false)
(0.048863,0.000000,1,false)
(0.035786,0.000000,1,false)
(0.055672,0.000000,1,false)
(0.015007,0.000000,1,false)
(0.079266,0.000000,1,false)
(0.083581,0.000000,1,false)
(0.010612,0.000000,1,false)
(0.031672,0.000000,1,false)
(0.020083,0.000000,1,false)
(0.066974,0.000000,1,false)
(0.085860,0.000000,1,false)
(0.061852,0.000000,1,false)
(0.001164,0.000000,1,false)
(0.028184,0.000000,1,false)
(0.053508,0.000000,1,false)
(0.028719,0.000000,1,false)
(0.052703,0.000000,1,false)
(0.053482,0.000000,1,false)
(0.066439,0.000000,1,false)
(0.087096,0.000000,1,false)
(0.097173,0.000000,1,false)
(0.012681,0.000000,1,false)
(0.078823,0.000000,1,false)
(0.080724,0.000000,1,false)
(0.071226,0.000000,1,false)
(0.077503,0.000000,1,false)
(0.002205,0.000000,1,false)
(0.063357,0.000000,1,false)
(0.026833,0.000000,1,false)
(0.092538,0.000000,1,false)
(0.099426,0.000000,1,false)
(0.045110,0.000000,1,false)
(0.052020,0.000000,1,false)
(0.089380,0.000000,1,false)
(0.042544,0.000000,1,false)
(0.087722,0.000000,1,false)
(0.033324,0.000000,1,false)
(0.067040,0.000000,1,false)
(0.025458,0.000000,1,false)
(0.000204,0.000000,1,false)
(0.054428,0.000000,1,false)
(0.009915,0.000000,1,false)
(0.027135,0.000000,1,false)
(0.079814,0.000000,1,false)
(0.088454,0.000000,1,false)
(0.078314,0.000000,1,false)
(0.067125,0.000000,1,false)
(0.002377,0.000000,1,false)
(0.094969,0.000000,1,false)
(0.914025,1.000000,0,true)
(0.918518,1.000000,0,true)
(0.909322,1.000000,0,true)
(0.922963,1.000000,0,true)
(0.925990,1.000000,0,true)
(0.925749,1.000000,0,false)
(0.920021,1.000000,0,false)
(0.911528,1.000000,0,false)
(0.998645,1.000000,0,false)
(0.932626,1.000000,0,false)
(0.944308,1.000000,0,false)
(0.993019,1.000000,0,false)
(0.901912,1.000000,0,false)
(0.919851,1.000000,0,false)
(0.940221,1.000000,0,false)
(0.995047,1.000000,0,false)
(0.930149,1.000000,0,false)
(0.981681,1.000000,0,false)
(0.950289,1.000000,0,false)
(0.943576,1.000000,0,false)
(0.900841,1.000000,0,false)
(0.957598,1.000000,0,false)
(0.953396,1.000000,0,false)
(0.983913,1.000000,0,false)
(0.937511,1.000000,0,false)
(0.984936,1.000000,0,false)
(0.972368,1.000000,0,false)
(0.905767,1.000000,0,false)
(0.929152,1.000000,0,false)
(0.901871,1.000000,0,false)
(0.998108,1.000000,0,false)
(0.969925,1.000000,0,false)
(0.954121,1.000000,0,false)
(0.918750,1.000000,0,false)
(0.941397,1.000000,0,false)
(0.964791,1.000000,0,false)
(0.936383,1.000000,0,false)
(0.923691,1.000000,0,false)
(0.908149,1.000000,0,false)
(0.961241,1.000000,0,false)
(0.966377,1.000000,0,false)
(0.995700,1.000000,0,false)
(0.912939,1.000000,0,false)
(0.983688,1.000000,0,false)
(0.967492,1.000000,0,false)
(0.965254,1.000000,0,false)
(0.999067,1.000000,0,false)
(0.974203,1.000000,0,false)
(0.922245,1.000000,0,false)
(0.988390,1.000000,0,false)
(0.921181,1.000000,0,false)
(0.994752,1.000000,0,false)
(0.989741,1.000000,0,false)
(0.985746,1.000000,0,false)
(0.968676,1.000000,0,false)
(0.990266,1.000000,0,false)
(0.947850,1.000000,0,false)
(0.942882,1.000000,0,false)
(0.964615,1.000000,0,false)
(0.922272,1.000000,0,false)
(0.979754,1.000000,0,false)
(0.972361,1.000000,0,false)
(0.965845,1.000000,0,false)
(0.979203,1.000000,0,false)
(0.995141,1.000000,0,false)
(0.901662,1.000000,0,false)
(0.915262,1.000000,0,false)
(0.975248,1.000000,0,false)
(0.931296,1.000000,0,false)
(0.973953,1.000000,0,false)
(0.956862,1.000000,0,false)
(0.964766,1.000000,0,false)
(0.918674,1.000000,0,false)
(0.931068,1.000000,0,false)
(0.918248,1.000000,0,false)
(0.923780,1.000000,0,false)
(0.919323,1.000000,0,false)
(0.989724,1.000000,0,false)
(0.993677,1.000000,0,false)
(0.983963,1.000000,0,false)
(0.954559,1.000000,0,false)
(0.923106,1.000000,0,false)
(0.923537,1.000000,0,false)
(0.947785,1.000000,0,false)
(0.930845,1.000000,0,false)
(0.920388,1.000000,0,false)
(0.963309,1.000000,0,false)
(0.966132,1.000000,0,false)
(0.949627,1.000000,0,false)
(0.916569,1.000000,0,false)
(0.966593,1.000000,0,false)
(0.921715,1.000000,0,false)
(0.948151,1.000000,0,false)
(0.964230,1.000000,0,false)
(0.972728,1.000000,0,false)
(0.932977,1.000000,0,false)
(0.963854,1.000000,0,false)
(0.957376,1.000000,0,false)
(0.989796,1.000000,0,false)
(0.973959,1.000000,0,false)
(0.944944,1.000000,0,false)
(0.915465,1.000000,0,false)
(0.998495,1.000000,0,false)
(0.995747,1.000000,0,false)
(0.944091,1.000000,0,false)
(0.993076,1.000000,0,false)
(0.971388,1.000000,0,false)
(0.934589,1.000000,0,false)
(0.930931,1.000000,0,false)
(0.997350,1.000000,0,false)
(0.905467,1.000000,0,false)
(0.900719,1.000000,0,false)
(0.942150,1.000000,0,false)
(0.971409,1.000000,0,false)
(0.903756,1.000000,0,false)
(0.960124,1.000000,0,false)
(0.955417,1.000000,0,false)
(0.937435,1.000000,0,false)
(0.913855,1.000000,0,false)
(0.949167,1.000000,0,false)

(0,0,false)
(1,0,false)
(3,0,false)
(4,0,false)
(5,0,false)
(6,0,false)
(7,0,false)
(9,0,false)
(10,0,false)
(12,0,false)
(15,0,false)
(16,0,false)
(19,0,false)
(20,0,false)
(21,0,false)
(22,0,false)
(23,0,false)
(25,0,false)
(26,0,false)
(27,0,false)
(29,0,false)
(30,0,false)
(31,0,false)
(32,0,false)
(33,0,false)
(36,0,false)
(37,0,false)
(38,0,false)
(39,0,false)
(40,0,false)
(42,0,false)
(44,0,false)
(45,0,false)
(46,0,false)
(47,0,false)
(49,0,false)
(50,0,false)
(51,0,false)
(52,0,false)
(53,0,false)
(54,0,false)
(55,0,false)
(56,0,false)
(57,0,false)
(58,0,false)
(59,0,false)
(61,0,false)
(62,0,false)
(63,0,false)
(66,0,true)
(67,0,false)
(68,0,false)
(69,0,false)
(71,0,false)
(72,0,false)
(74,0,false)
(75,0,false)
(77,0,false)
(78,0,false)
(80,0,true)
(81,0,true)
(82,0,true)
(83,0,true)
(86,0,true)
(89,0,true)
(90,0,true)
(91,0,true)
(92,0,true)
(93,0,true)
(95,0,true)
(96,0,true)
(99,0,true)
(102,0,true)
(103,0,true)
(107,0,true)
(108,0,true)
(109,0,true)
(110,0,true)
(112,0,true)
(114,0,true)
(115,0,true)
(116,0,true)
(117,0,true)
(118,0,true)
(121,0,true)
(122,0,true)
(123,0,true)
(124,0,true)
(125,0,true)
(126,0,true)
(129,0,true)
(130,0,false)
(131,0,true)
(132,0,true)
(134,0,true)
(136,0,true)
(137,0,true)
(138,0,true)
(139,0,true)
(140,0,true)
(141,0,true)
(144,0,true)
(146,0,true)
(147,0,true)
(148,0,true)
(149,0,true)
(151,0,true)
(154,0,true)
(156,0,true)
(157,0,true)
(160,0,true)
(161,0,true)
(162,0,true)
(163,0,true)
(164,0,true)
(165,0,true)
(166,0,true)
(167,0,true)
(169,0,true)
(170,0,true)
(171,0,true)
(173,0,true)
(175,0,true)
(176,0,true)
(177,0,true)
(178,0,true)
(179,0,true)
(180,0,true)
(181,0,true)
(184,0,true)
(185,0,true)
(186,0,true)
(187,0,true)
(188,0,true)
(189,0,true)
(192,0,true)
(193,0,true)
(194,0,true)
(196,0,false)
(198,0,true)
(199,0,true)
(0,1,true)
(1,1,false)
(2,1,false)
(3,1,false)
(5,1,false)
(7,1,false)
(8,1,false)
(11,1,false)
(12,1,false)
(13,1,false)
(14,1,false)
(15,1,false)
(17,1,false)
(19,1,false)
(20,1,false)
(22,1,false)
(24,1,false)
(26,1,false)
(28,1,false)
(31,1,false)
(32,1,false)
(33,1,false)
(34,1,false)
(36,1,false)
(37,1,false)
(38,1,false)
(39,1,false)
(42,1,false)
(43,1,false)
(47,1,false)
(48,1,false)
(49,1,false)
(50,1,false)
(51,1,false)
(52,1,false)
(53,1,false)
(54,1,false)
(57,1,false)
(59,1,false)
(60,1,false)
(62,1,false)
(64,1,false)
(65,1,false)
(67,1,false)
(69,1,false)
(72,1,false)
(73,1,false)
(75,1,false)
(77,1,false)
(78,1,false)
(82,1,true)
(87,1,true)
(88,1,true)
(89,1,true)
(90,1,true)
(91,1,false)
(92,1,true)
(93,1,true)
(94,1,true)
(95,1,true)
(97,1,true)
(98,1,true)
(99,1,true)
(100,1,true)
(101,1,true)
(104,1,true)
(107,1,true)
(109,1,false)
(111,1,true)
(114,1,true)
(115,1,true)
(116,1,true)
(117,1,true)
(118,1,true)
(119,1,true)
(120,1,true)
(121,1,true)
(122,1,true)
(123,1,true)
(125,1,true)
(126,1,true)
(127,1,true)
(128,1,true)
(130,1,true)
(131,1,true)
(132,1,true)
(133,1,true)
(134,1,true)
(135,1,true)
(136,1,true)
(137,1,true)
(138,1,true)
(139,1,true)
(141,1,true)
(143,1,true)
(144,1,true)
(145,1,true)
(150,1,true)
(152,1,true)
(153,1,true)
(154,1,true)
(155,1,true)
(157,1,true)
(158,1,true)
(161,1,true)
(162,1,true)
(164,1,true)
(165,1,true)
(166,1,false)
(168,1,true)
(171,1,true)
(172,1,true)
(175,1,true)
(176,1,true)
(177,1,true)
(178,1,true)
(181,1,true)
(183,1,true)
(184,1,true)
(185,1,true)
(186,1,true)
(187,1,true)
(188,1,true)
(189,1,true)
(191,1,true)
(192,1,true)
(194,1,true)
(195,1,true)
(196,1,true)
(197,1,true)
(0,2,false)
(7,2,false)
(11,2,false)
(12,2,false)
(13,2,false)
(14,2,false)
(15,2,false)
(16,2,false)
(21,2,false)
(22,2,false)
(23,2,false)
(27,2,false)
(28,2,false)
(30,2,false)
(31,2,false)
(32,2,false)
(33,2,false)
(34,2,false)
(35,2,false)
(36,2,false)
(40,2,false)
(41,2,false)
(43,2,false)
(46,2,false)
(48,2,false)
(49,2,false)
(51,2,false)
(52,2,false)
(53,2,false)
(56,2,false)
(57,2,false)
(58,2,false)
(59,2,false)
(60,2,false)
(63,2,false)
(64,2,false)
(65,2,false)
(66,2,false)
(68,2,false)
(69,2,false)
(70,2,false)
(71,2,true)
(73,2,false)
(78,2,false)
(79,2,false)
(80,2,true)
(81,2,true)
(82,2,true)
(84,2,true)
(86,2,true)
(87,2,true)
(88,2,true)
(90,2,true)
(93,2,true)
(94,2,true)
(95,2,true)
(98,2,true)
(99,2,true)
(100,2,true)
(101,2,true)
(103,2,true)
(104,2,true)
(105,2,true)
(106,2,true)
(107,2,true)
(109,2,true)
(112,2,true)
(113,2,true)
(119,2,true)
(120,2,true)
(121,2,true)
(122,2,true)
(123,2,true)
(124,2,true)
(125,2,true)
(127,2,true)
(129,2,true)
(130,2,true)
(131,2,true)
(136,2,true)
(138,2,true)
(139,2,true)
(142,2,true)
(146,2,true)
(149,2,true)
(150,2,true)
(151,2,true)
(152,2,true)
(153,2,true)
(154,2,true)
(155,2,true)
(156,2,true)
(158,2,true)
(160,2,true)
(161,2,true)
(164,2,true)
(166,2,true)
(167,2,true)
(168,2,true)
(172,2,false)
(175,2,true)
(177,2,true)
(181,2,true)
(185,2,true)
(186,2,true)
(187,2,true)
(188,2,true)
(189,2,true)
(190,2,true)
(192,2,true)
(193,2,true)
(194,2,true)
(195,2,true)
(199,2,true)
(0,3,false)
(1,3,false)
(3,3,false)
(4,3,false)
(5,3,true)
(7,3,false)
(8,3,false)
(11,3,false)
(15,3,false)
(17,3,false)
(21,3,false)
(22,3,false)
(23,3,true)
(24,3,false)
(27,3,false)
(28,3,false)
(32,3,false)
(34,3,false)
(37,3,false)
(40,3,false)
(41,3,true)
(42,3,false)
(44,3,false)
(47,3,false)
(48,3,false)
(49,3,false)
(51,3,false)
(52,3,false)
(53,3,false)
(54,3,false)
(55,3,false)
(56,3,false)
(57,3,false)
(58,3,false)
(62,3,false)
(65,3,false)
(66,3,false)
(69,3,false)
(71,3,false)
(72,3,false)
(73,3,false)
(74,3,false)
(75,3,false)
(76,3,false)
(77,3,false)
(78,3,false)
(80,3,true)
(81,3,true)
(82,3,false)
(85,3,false)
(86,3,true)
(87,3,true)
(90,3,true)
(93,3,true)
(94,3,true)
(95,3,true)
(96,3,true)
(97,3,true)
(101,3,true)
(102,3,true)
(103,3,true)
(104,3,true)
(106,3,true)
(108,3,true)
(112,3,true)
(116,3,true)
(117,3,true)
(118,3,true)
(124,3,true)
(127,3,true)
(129,3,true)
(132,3,true)
(133,3,true)
(135,3,true)
(136,3,true)
(139,3,true)
(140,3,true)
(141,3,true)
(144,3,true)
(145,3,false)
(147,3,true)
(151,3,true)
(152,3,true)
(154,3,true)
(155,3,true)
(156,3,true)
(157,3,true)
(158,3,true)
(159,3,true)
(161,3,true)
(162,3,true)
(163,3,true)
(170,3,true)
(172,3,true)
(173,3,false)
(174,3,true)
(178,3,true)
(179,3,true)
(180,3,true)
(181,3,true)
(183,3,true)
(185,3,true)
(186,3,true)
(188,3,true)
(190,3,true)
(191,3,true)
(192,3,true)
(193,3,true)
(194,3,false)
(195,3,true)
(197,3,true)
(198,3,true)
(1,4,true)
(5,4,false)
(9,4,false)
(10,4,false)
(12,4,false)
(14,4,false)
(15,4,false)
(16,4,false)
(18,4,false)
(21,4,false)
(24,4,false)
(26,4,false)
(29,4,false)
(31,4,false)
(37,4,false)
(38,4,false)
(39,4,false)
(42,4,false)
(45,4,false)
(47,4,false)
(48,4,false)
(51,4,false)
(52,4,false)
(53,4,false)
(55,4,false)
(56,4,false)
(57,4,false)
(58,4,false)
(59,4,false)
(60,4,false)
(63,4,false)
(65,4,false)
(66,4,false)
(67,4,false)
(68,4,false)
(70,4,false)
(72,4,false)
(74,4,false)
(76,4,false)
(81,4,false)
(82,4,true)
(85,4,true)
(87,4,true)
(88,4,true)
(96,4,true)
(97,4,true)
(100,4,true)
(101,4,true)
(103,4,true)
(104,4,true)
(105,4,true)
(106,4,true)
(107,4,true)
(108,4,true)
(109,4,true)
(110,4,true)
(111,4,true)
(113,4,true)
(114,4,false)
(119,4,true)
(122,4,true)
(123,4,true)
(124,4,true)
(126,4,true)
(128,4,true)
(129,4,true)
(135,4,true)
(136,4,true)
(137,4,true)
(140,4,true)
(141,4,true)
(144,4,true)
(145,4,true)
(146,4,true)
(148,4,true)
(150,4,false)
(153,4,true)
(154,4,true)
(160,4,true)
(161,4,true)
(163,4,true)
(165,4,false)
(167,4,true)
(168,4,true)
(172,4,true)
(173,4,true)
(176,4,true)
(177,4,true)
(180,4,true)
(181,4,true)
(182,4,true)
(184,4,true)
(186,4,true)
(187,4,true)
(188,4,true)
(190,4,true)
(193,4,true)
(194,4,true)
(196,4,true)
(197,4,true)
(4,5,false)
(8,5,false)
(10,5,false)
(14,5,false)
(15,5,false)
(18,5,false)
(19,5,false)
(21,5,false)
(22,5,false)
(23,5,false)
(24,5,false)
(26,5,false)
(28,5,false)
(30,5,false)
(31,5,false)
(34,5,false)
(39,5,false)
(41,5,false)
(42,5,false)
(46,5,false)
(47,5,false)
(48,5,false)
(49,5,false)
(50,5,false)
(51,5,false)
(56,5,false)
(60,5,false)
(62,5,false)
(64,5,false)
(65,5,false)
(66,5,false)
(69,5,false)
(70,5,false)
(74,5,false)
(76,5,false)
(77,5,false)
(78,5,false)
(79,5,false)
(82,5,true)
(83,5,true)
(85,5,true)
(89,5,true)
(91,5,true)
(92,5,true)
(94,5,true)
(95,5,true)
(98,5,true)
(106,5,true)
(108,5,false)
(110,5,true)
(111,5,true)
(112,5,true)
(114,5,true)
(115,5,true)
(116,5,true)
(121,5,true)
(123,5,true)
(125,5,true)
(128,5,true)
(130,5,true)
(131,5,true)
(133,5,true)
(134,5,true)
(136,5,true)
(137,5,true)
(139,5,true)
(141,5,true)
(142,5,true)
(145,5,true)
(147,5,true)
(154,5,true)
(155,5,true)
(156,5,true)
(157,5,true)
(158,5,true)
(161,5,true)
(164,5,true)
(165,5,true)
(167,5,true)
(168,5,true)
(169,5,true)
(172,5,true)
(178,5,true)
(181,5,false)
(182,5,true)
(183,5,true)
(184,5,true)
(185,5,true)
(186,5,false)
(187,5,true)
(189,5,true)
(190,5,true)
(197,5,true)
(0,6,false)
(2,6,false)
(3,6,false)
(8,6,false)
(9,6,false)
(13,6,false)
(16,6,false)
(17,6,false)
(19,6,false)
(20,6,false)
(21,6,false)
(26,6,false)
(27,6,false)
(28,6,false)
(30,6,false)
(31,6,false)
(33,6,false)
(35,6,true)
(37,6,false)
(38,6,false)
(39,6,false)
(40,6,false)
(41,6,false)
(42,6,false)
(49,6,false)
(57,6,false)
(58,6,false)
(59,6,false)
(60,6,false)
(61,6,false)
(63,6,false)
(66,6,false)
(72,6,false)
(73,6,false)
(76,6,false)
(78,6,false)
(79,6,false)
(84,6,false)
(86,6,true)
(91,6,true)
(95,6,true)
(97,6,true)
(98,6,true)
(100,6,true)
(103,6,true)
(107,6,true)
(108,6,true)
(110,6,true)
(113,6,true)
(116,6,true)
(117,6,true)
(120,6,true)
(125,6,true)
(127,6,true)
(128,6,true)
(135,6,true)
(136,6,true)
(143,6,true)
(145,6,true)
(147,6,true)
(148,6,true)
(149,6,true)
(157,6,true)
(158,6,true)
(163,6,true)
(165,6,true)
(167,6,true)
(170,6,true)
(172,6,true)
(173,6,true)
(176,6,true)
(177,6,true)
(182,6,true)
(183,6,true)
(184,6,true)
(187,6,true)
(191,6,true)
(192,6,true)
(194,6,true)
(195,6,true)
(197,6,true)
(199,6,true)
(1,7,false)
(2,7,false)
(7,7,false)
(14,7,false)
(21,7,true)
(23,7,false)
(24,7,false)
(25,7,false)
(34,7,false)
(40,7,false)
(45,7,false)
(46,7,false)
(47,7,false)
(48,7,false)
(50,7,false)
(57,7,false)
(63,7,false)
(64,7,false)
(65,7,true)
(68,7,false)
(71,7,true)
(72,7,false)
(73,7,false)
(76,7,false)
(77,7,false)
(82,7,true)
(87,7,true)
(91,7,true)
(93,7,true)
(94,7,true)
(95,7,true)
(96,7,true)
(98,7,true)
(99,7,true)
(100,7,true)
(107,7,true)
(109,7,true)
(117,7,false)
(119,7,true)
(120,7,true)
(127,7,true)
(130,7,true)
(131,7,true)
(132,7,true)
(133,7,true)
(134,7,true)
(139,7,true)
(140,7,true)
(145,7,true)
(146,7,true)
(148,7,true)
(151,7,true)
(153,7,true)
(154,7,true)
(155,7,true)
(156,7,true)
(165,7,true)
(166,7,true)
(167,7,true)
(169,7,true)
(170,7,true)
(172,7,true)
(176,7,true)
(177,7,true)
(180,7,true)
(181,7,true)
(185,7,true)
(186,7,true)
(197,7,true)
(198,7,true)
(2,8,false)
(5,8,false)
(10,8,false)
(11,8,true)
(12,8,false)
(13,8,false)
(16,8,false)
(17,8,false)
(20,8,false)
(21,8,false)
(27,8,true)
(28,8,false)
(30,8,false)
(31,8,false)
(43,8,false)
(44,8,false)
(49,8,false)
(50,8,true)
(51,8,true)
(52,8,false)
(54,8,false)
(55,8,false)
(56,8,false)
(58,8,false)
(59,8,false)
(62,8,false)
(69,8,false)
(70,8,false)
(71,8,false)
(73,8,false)
(75,8,false)
(76,8,false)
(77,8,false)
(79,8,false)
(81,8,true)
(87,8,true)
(88,8,true)
(90,8,true)
(92,8,true)
(96,8,true)
(100,8,true)
(102,8,true)
(103,8,true)
(106,8,true)
(107,8,false)
(113,8,true)
(114,8,true)
(116,8,true)
(117,8,true)
(118,8,true)
(120,8,true)
(123,8,true)
(124,8,true)
(130,8,true)
(133,8,true)
(134,8,true)
(137,8,true)
(140,8,true)
(141,8,true)
(142,8,true)
(143,8,true)
(144,8,true)
(155,8,true)
(156,8,true)
(161,8,false)
(162,8,true)
(165,8,true)
(167,8,true)
(168,8,true)
(169,8,true)
(174,8,true)
(175,8,true)
(178,8,true)
(181,8,false)
(183,8,true)
(184,8,false)
(185,8,true)
(190,8,true)
(191,8,false)
(193,8,true)
(194,8,true)
(197,8,true)
(198,8,true)
(199,8,true)
(2,9,false)
(5,9,false)
(6,9,false)
(9,9,false)
(10,9,false)
(11,9,false)
(12,9,true)
(20,9,false)
(21,9,false)
(23,9,false)
(31,9,false)
(39,9,false)
(42,9,false)
(44,9,false)
(46,9,false)
(47,9,false)
(48,9,false)
(50,9,true)
(51,9,false)
(54,9,false)
(56,9,false)
(58,9,false)
(61,9,false)
(62,9,false)
(64,9,false)
(65,9,false)
(66,9,false)
(70,9,false)
(72,9,false)
(73,9,false)
(74,9,false)
(76,9,false)
(79,9,false)
(84,9,true)
(85,9,true)
(86,9,true)
(88,9,true)
(92,9,true)
(95,9,true)
(98,9,true)
(102,9,true)
(105,9,true)
(107,9,true)
(112,9,true)
(117,9,true)
(119,9,true)
(120,9,true)
(121,9,true)
(125,9,true)
(131,9,true)
(133,9,true)
(136,9,true)
(140,9,true)
(142,9,true)
(145,9,true)
(148,9,false)
(149,9,false)
(155,9,true)
(158,9,true)
(159,9,true)
(161,9,true)
(166,9,true)
(167,9,true)
(168,9,true)
(171,9,true)
(172,9,true)
(174,9,true)
(177,9,true)
(179,9,true)
(182,9,true)
(184,9,true)
(185,9,true)
(186,9,true)
(190,9,true)
(191,9,false)
(196,9,true)
(197,9,true)
(0,10,false)
(1,10,false)
(5,10,false)
(10,10,false)
(11,10,false)
(16,10,false)
(17,10,false)
(18,10,false)
(21,10,false)
(26,10,false)
(28,10,false)
(30,10,false)
(32,10,false)
(35,10,false)
(41,10,false)
(43,10,false)
(44,10,false)
(47,10,false)
(56,10,false)
(58,10,false)
(66,10,false)
(72,10,false)
(75,10,false)
(76,10,false)
(78,10,false)
(79,10,false)
(80,10,true)
(88,10,true)
(94,10,true)
(96,10,false)
(98,10,true)
(101,10,true)
(103,10,true)
(104,10,true)
(106,10,true)
(112,10,true)
(114,10,true)
(117,10,true)
(119,10,true)
(127,10,true)
(129,10,true)
(132,10,true)
(133,10,true)
(134,10,true)
(136,10,true)
(140,10,true)
(144,10,true)
(147,10,true)
(151,10,true)
(152,10,true)
(154,10,true)
(160,10,true)
(163,10,true)
(167,10,true)
(169,10,true)
(176,10,true)
(178,10,true)
(182,10,true)
(184,10,true)
(185,10,true)
(186,10,true)
(189,10,true)
(191,10,true)
(192,10,true)
(194,10,true)
(198,10,true)
(5,11,false)
(6,11,false)
(18,11,false)
(22,11,false)
(29,11,false)
(34,11,false)
(35,11,false)
(39,11,false)
(40,11,false)
(41,11,false)
(42,11,false)
(44,11,false)
(46,11,false)
(50,11,false)
(51,11,false)
(54,11,false)
(55,11,false)
(56,11,false)
(62,11,false)
(63,11,false)
(65,11,false)
(66,11,false)
(68,11,false)
(70,11,false)
(71,11,false)
(73,11,false)
(76,11,false)
(77,11,false)
(78,11,false)
(81,11,true)
(83,11,false)
(84,11,true)
(87,11,true)
(88,11,true)
(89,11,false)
(95,11,true)
(97,11,true)
(100,11,true)
(101,11,true)
(104,11,true)
(107,11,true)
(108,11,false)
(109,11,true)
(112,11,true)
(113,11,true)
(115,11,true)
(117,11,true)
(120,11,true)
(125,11,true)
(128,11,true)
(130,11,true)
(138,11,true)
(143,11,true)
(146,11,true)
(148,11,true)
(149,11,true)
(151,11,true)
(156,11,true)
(159,11,true)
(160,11,true)
(161,11,true)
(164,11,true)
(165,11,true)
(167,11,true)
(174,11,true)
(181,11,true)
(189,11,true)
(192,11,true)
(193,11,true)
(194,11,true)
(195,11,true)
(196,11,true)
(197,11,true)
(5,12,false)
(9,12,false)
(17,12,false)
(20,12,false)
(22,12,false)
(23,12,false)
(29,12,false)
(32,12,false)
(33,12,false)
(35,12,false)
(36,12,false)
(38,12,false)
(40,12,false)
(41,12,false)
(45,12,false)
(48,12,false)
(51,12,false)
(53,12,false)
(55,12,false)
(56,12,true)
(59,12,false)
(61,12,false)
(62,12,false)
(64,12,false)
(67,12,false)
(71,12,false)
(76,12,false)
(77,12,false)
(79,12,false)
(84,12,true)
(88,12,true)
(95,12,true)
(96,12,true)
(97,12,true)
(100,12,true)
(101,12,true)
(104,12,true)
(106,12,true)
(107,12,true)
(113,12,true)
(114,12,true)
(131,12,true)
(132,12,true)
(141,12,true)
(142,12,true)
(143,12,true)
(145,12,true)
(157,12,true)
(158,12,true)
(159,12,true)
(161,12,true)
(163,12,true)
(165,12,true)
(166,12,true)
(167,12,true)
(174,12,true)
(175,12,true)
(177,12,true)
(178,12,true)
(180,12,true)
(183,12,true)
(184,12,true)
(188,12,true)
(192,12,true)
(193,12,true)
(195,12,true)
(3,13,false)
(9,13,false)
(14,13,false)
(17,13,false)
(19,13,false)
(21,13,false)
(24,13,false)
(26,13,false)
(27,13,false)
(33,13,false)
(35,13,false)
(37,13,false)
(39,13,false)
(41,13,false)
(43,13,false)
(44,13,false)
(46,13,false)
(52,13,false)
(53,13,false)
(54,13,true)
(60,13,false)
(61,13,false)
(64,13,false)
(68,13,false)
(69,13,false)
(70,13,false)
(76,13,false)
(82,13,true)
(87,13,true)
(89,13,true)
(94,13,true)
(95,13,true)
(96,13,true)
(97,13,true)
(98,13,true)
(104,13,true)
(115,13,true)
(116,13,true)
(120,13,true)
(122,13,true)
(125,13,true)
(127,13,true)
(128,13,true)
(134,13,true)
(135,13,true)
(143,13,true)
(144,13,true)
(147,13,true)
(148,13,true)
(149,13,true)
(156,13,true)
(164,13,true)
(171,13,true)
(174,13,true)
(182,13,true)
(198,13,true)
(1,14,false)
(8,14,false)
(15,14,false)
(21,14,false)
(22,14,false)
(30,14,false)
(32,14,false)
(33,14,false)
(35,14,false)
(39,14,false)
(46,14,false)
(49,14,true)
(50,14,false)
(52,14,false)
(53,14,false)
(54,14,false)
(58,14,false)
(61,14,false)
(63,14,false)
(64,14,true)
(65,14,false)
(66,14,false)
(69,14,false)
(70,14,false)
(71,14,false)
(74,14,false)
(75,14,false)
(83,14,true)
(86,14,true)
(89,14,true)
(90,14,true)
(96,14,true)
(99,14,true)
(101,14,true)
(106,14,true)
(110,14,true)
(112,14,true)
(113,14,true)
(117,14,true)
(124,14,true)
(125,14,true)
(129,14,true)
(133,14,true)
(139,14,true)
(142,14,true)
(143,14,true)
(147,14,true)
(156,14,true)
(158,14,true)
(163,14,true)
(164,14,true)
(166,14,true)
(172,14,false)
(173,14,true)
(175,14,true)
(177,14,true)
(178,14,true)
(179,14,true)
(182,14,true)
(184,14,true)
(189,14,true)
(194,14,true)
(196,14,true)
(197,14,true)
(198,14,true)
(3,15,false)
(5,15,false)
(7,15,false)
(9,15,false)
(18,15,false)
(22,15,false)
(23,15,false)
(34,15,false)
(45,15,false)
(47,15,false)
(53,15,false)
(63,15,false)
(65,15,true)
(66,15,false)
(67,15,false)
(68,15,false)
(74,15,false)
(75,15,false)
(77,15,false)
(80,15,true)
(82,15,true)
(90,15,true)
(91,15,true)
(92,15,true)
(93,15,true)
(95,15,true)
(103,15,true)
(105,15,true)
(109,15,true)
(110,15,true)
(112,15,true)
(113,15,true)
(115,15,true)
(121,15,true)
(122,15,true)
(123,15,true)
(124,15,true)
(127,15,true)
(128,15,true)
(129,15,true)
(131,15,true)
(132,15,true)
(140,15,true)
(148,15,true)
(149,15,true)
(153,15,true)
(156,15,false)
(157,15,true)
(159,15,true)
(162,15,true)
(166,15,true)
(171,15,true)
(175,15,true)
(177,15,true)
(180,15,true)
(182,15,true)
(183,15,true)
(188,15,true)
(192,15,true)
(193,15,true)
(194,15,true)
(196,15,true)
(0,16,false)
(4,16,false)
(5,16,false)
(7,16,false)
(11,16,false)
(16,16,false)
(17,16,false)
(25,16,false)
(29,16,false)
(36,16,false)
(39,16,false)
(45,16,false)
(47,16,false)
(48,16,false)
(50,16,false)
(51,16,false)
(53,16,false)
(58,16,false)
(59,16,false)
(60,16,false)
(62,16,false)
(63,16,false)
(65,16,false)
(68,16,false)
(69,16,false)
(70,16,false)
(73,16,false)
(74,16,false)
(75,16,true)
(86,16,true)
(97,16,true)
(112,16,true)
(115,16,true)
(118,16,true)
(120,16,true)
(121,16,true)
(124,16,true)
(126,16,true)
(130,16,true)
(131,16,true)
(133,16,true)
(136,16,true)
(141,16,true)
(150,16,true)
(151,16,true)
(154,16,true)
(157,16,true)
(159,16,true)
(160,16,true)
(161,16,true)
(162,16,true)
(174,16,true)
(175,16,true)
(182,16,true)
(184,16,true)
(185,16,true)
(188,16,false)
(195,16,true)
(199,16,true)
(4,17,false)
(5,17,false)
(6,17,false)
(9,17,false)
(14,17,false)
(15,17,false)
(20,17,false)
(22,17,false)
(26,17,false)
(27,17,false)
(29,17,false)
(31,17,false)
(35,17,false)
(36,17,false)
(43,17,false)
(47,17,false)
(51,17,false)
(54,17,false)
(67,17,false)
(68,17,false)
(71,17,true)
(73,17,false)
(76,17,false)
(78,17,false)
(88,17,true)
(93,17,true)
(95,17,true)
(97,17,true)
(103,17,true)
(106,17,true)
(107,17,true)
(109,17,true)
(110,17,true)
(113,17,true)
(114,17,true)
(115,17,true)
(117,17,true)
(126,17,true)
(130,17,true)
(135,17,true)
(138,17,true)
(143,17,true)
(147,17,true)
(149,17,true)
(153,17,true)
(155,17,true)
(156,17,true)
(160,17,true)
(162,17,true)
(164,17,true)
(165,17,false)
(166,17,true)
(168,17,true)
(170,17,true)
(171,17,true)
(173,17,true)
(182,17,true)
(188,17,true)
(189,17,true)
(190,17,true)
(191,17,true)
(0,18,false)
(1,18,false)
(7,18,false)
(8,18,false)
(10,18,false)
(12,18,false)
(15,18,false)
(20,18,false)
(21,18,false)
(22,18,false)
(25,18,false)
(26,18,false)
(30,18,false)
(31,18,false)
(32,18,false)
(34,18,false)
(38,18,false)
(40,18,false)
(41,18,false)
(49,18,false)
(50,18,true)
(51,18,false)
(52,18,false)
(53,18,false)
(57,18,false)
(58,18,false)
(64,18,false)
(65,18,false)
(69,18,false)
(72,18,false)
(74,18,false)
(76,18,true)
(77,18,false)
(80,18,true)
(84,18,true)
(96,18,true)
(99,18,true)
(102,18,true)
(103,18,false)
(104,18,true)
(105,18,true)
(107,18,true)
(117,18,false)
(118,18,true)
(127,18,true)
(129,18,true)
(132,18,true)
(135,18,true)
(136,18,true)
(137,18,true)
(139,18,true)
(144,18,true)
(146,18,true)
(152,18,true)
(156,18,true)
(164,18,true)
(166,18,true)
(169,18,true)
(171,18,true)
(174,18,true)
(178,18,true)
(179,18,true)
(183,18,true)
(194,18,true)
(8,19,false)
(13,19,false)
(15,19,false)
(19,19,false)
(20,19,false)
(23,19,false)
(24,19,false)
(26,19,false)
(34,19,false)
(37,19,false)
(40,19,false)
(41,19,false)
(45,19,false)
(46,19,false)
(50,19,false)
(52,19,false)
(53,19,false)
(55,19,false)
(56,19,false)
(57,19,false)
(60,19,false)
(61,19,false)
(67,19,false)
(72,19,false)
(74,19,true)
(75,19,false)
(76,19,false)
(78,19,false)
(79,19,false)
(82,19,true)
(83,19,true)
(86,19,true)
(87,19,true)
(93,19,true)
(94,19,true)
(99,19,true)
(100,19,true)
(105,19,true)
(106,19,true)
(114,19,true)
(115,19,true)
(120,19,true)
(122,19,false)
(128,19,true)
(132,19,true)
(134,19,true)
(135,19,true)
(138,19,true)
(141,19,true)
(144,19,true)
(145,19,true)
(155,19,true)
(158,19,true)
(166,19,true)
(171,19,true)
(172,19,true)
(174,19,true)
(175,19,true)
(182,19,true)
(186,19,true)
(187,19,true)
(188,19,true)
(192,19,true)
(195,19,true)
(4,20,false)
(7,20,false)
(9,20,false)
(12,20,false)
(14,20,false)
(30,20,false)
(34,20,false)
(35,20,false)
(36,20,false)
(38,20,false)
(39,20,false)
(41,20,false)
(44,20,false)
(50,20,false)
(55,20,false)
(58,20,false)
(60,20,false)
(64,20,false)
(70,20,false)
(71,20,false)
(72,20,false)
(76,20,false)
(80,20,true)
(81,20,true)
(82,20,true)
(96,20,true)
(100,20,false)
(103,20,true)
(104,20,true)
(107,20,true)
(108,20,false)
(109,20,true)
(113,20,true)
(114,20,true)
(115,20,true)
(132,20,true)
(136,20,true)
(137,20,true)
(138,20,true)
(139,20,true)
(141,20,true)
(144,20,true)
(147,20,true)
(151,20,true)
(154,20,true)
(155,20,true)
(158,20,true)
(161,20,true)
(163,20,false)
(172,20,true)
(174,20,true)
(175,20,true)
(176,20,true)
(177,20,true)
(180,20,true)
(183,20,true)
(184,20,true)
(187,20,true)
(190,20,true)
(191,20,true)
(195,20,true)
(196,20,true)
(7,21,false)
(9,21,false)
(15,21,false)
(17,21,false)
(18,21,false)
(20,21,true)
(22,21,false)
(35,21,false)
(39,21,false)
(42,21,false)
(43,21,false)
(49,21,false)
(58,21,false)
(64,21,false)
(65,21,false)
(67,21,false)
(80,21,true)
(82,21,true)
(87,21,true)
(90,21,true)
(94,21,true)
(95,21,true)
(96,21,true)
(107,21,true)
(108,21,true)
(112,21,false)
(113,21,false)
(114,21,true)
(116,21,true)
(119,21,true)
(122,21,true)
(123,21,true)
(125,21,true)
(126,21,true)
(130,21,true)
(133,21,true)
(136,21,false)
(142,21,true)
(149,21,true)
(150,21,true)
(154,21,false)
(159,21,true)
(161,21,true)
(162,21,false)
(167,21,true)
(169,21,false)
(171,21,true)
(172,21,true)
(174,21,true)
(175,21,true)
(176,21,true)
(180,21,true)
(186,21,true)
(193,21,true)
(195,21,true)
(197,21,true)
(199,21,true)
(4,22,false)
(7,22,false)
(17,22,false)
(20,22,false)
(21,22,false)
(23,22,false)
(24,22,false)
(25,22,false)
(32,22,false)
(40,22,true)
(42,22,false)
(44,22,false)
(47,22,false)
(56,22,false)
(57,22,false)
(62,22,false)
(72,22,false)
(76,22,false)
(79,22,false)
(83,22,true)
(88,22,true)
(89,22,true)
(102,22,true)
(103,22,true)
(114,22,false)
(118,22,true)
(121,22,true)
(125,22,true)
(126,22,true)
(129,22,true)
(133,22,true)
(135,22,true)
(139,22,true)
(145,22,true)
(148,22,true)
(149,22,true)
(151,22,true)
(174,22,true)
(179,22,true)
(180,22,true)
(187,22,true)
(188,22,true)
(189,22,true)
(190,22,true)
(196,22,true)
(197,22,true)
(198,22,true)
(6,23,false)
(8,23,false)
(9,23,false)
(12,23,true)
(13,23,false)
(14,23,false)
(17,23,false)
(21,23,false)
(22,23,false)
(25,23,false)
(31,23,false)
(33,23,false)
(42,23,false)
(47,23,false)
(48,23,false)
(51,23,false)
(54,23,false)
(55,23,false)
(59,23,false)
(62,23,false)
(72,23,false)
(74,23,false)
(79,23,false)
(81,23,true)
(82,23,true)
(84,23,true)
(85,23,true)
(87,23,true)
(90,23,true)
(91,23,true)
(93,23,true)
(94,23,true)
(95,23,true)
(99,23,true)
(100,23,true)
(102,23,true)
(103,23,true)
(106,23,true)
(107,23,true)
(110,23,true)
(115,23,true)
(117,23,true)
(119,23,true)
(121,23,true)
(124,23,true)
(129,23,true)
(131,23,true)
(132,23,true)
(135,23,true)
(136,23,true)
(137,23,true)
(144,23,true)
(145,23,false)
(152,23,true)
(154,23,true)
(159,23,true)
(165,23,true)
(169,23,true)
(171,23,true)
(174,23,true)
(178,23,true)
(183,23,true)
(189,23,true)
(195,23,true)
(0,24,false)
(2,24,false)
(4,24,false)
(12,24,false)
(14,24,false)
(21,24,false)
(22,24,false)
(24,24,false)
(26,24,false)
(28,24,false)
(38,24,false)
(39,24,false)
(40,24,false)
(42,24,false)
(43,24,false)
(50,24,false)
(56,24,false)
(57,24,false)
(58,24,true)
(60,24,false)
(63,24,false)
(64,24,false)
(67,24,false)
(68,24,false)
(72,24,false)
(75,24,true)
(82,24,true)
(83,24,true)
(85,24,false)
(86,24,true)
(95,24,true)
(100,24,true)
(102,24,true)
(108,24,true)
(112,24,true)
(118,24,true)
(121,24,true)
(124,24,true)
(134,24,true)
(136,24,true)
(137,24,true)
(139,24,true)
(140,24,true)
(145,24,true)
(147,24,true)
(158,24,true)
(161,24,true)
(167,24,false)
(170,24,true)
(175,24,true)
(178,24,true)
(187,24,true)
(192,24,true)
(199,24,true)
(0,25,false)
(13,25,false)
(15,25,false)
(30,25,false)
(32,25,false)
(35,25,false)
(45,25,false)
(46,25,false)
(54,25,false)
(64,25,true)
(67,25,false)
(68,25,false)
(71,25,false)
(78,25,false)
(83,25,true)
(86,25,true)
(89,25,true)
(100,25,false)
(103,25,true)
(104,25,true)
(108,25,true)
(111,25,true)
(113,25,true)
(117,25,true)
(122,25,true)
(135,25,true)
(136,25,true)
(138,25,true)
(143,25,true)
(146,25,true)
(151,25,true)
(153,25,true)
(157,25,true)
(158,25,true)
(161,25,true)
(165,25,true)
(172,25,true)
(174,25,true)
(176,25,true)
(180,25,true)
(183,25,true)
(190,25,true)
(192,25,true)
(196,25,true)
(7,26,false)
(8,26,true)
(9,26,false)
(12,26,false)
(15,26,false)
(16,26,false)
(23,26,false)
(24,26,false)
(33,26,false)
(39,26,false)
(50,26,false)
(58,26,false)
(59,26,false)
(69,26,false)
(70,26,false)
(72,26,false)
(74,26,true)
(84,26,true)
(86,26,true)
(98,26,true)
(101,26,true)
(102,26,true)
(103,26,true)
(107,26,true)
(122,26,false)
(123,26,true)
(126,26,true)
(132,26,true)
(134,26,true)
(135,26,true)
(138,26,true)
(144,26,true)
(145,26,true)
(149,26,true)
(155,26,false)
(157,26,true)
(165,26,true)
(173,26,true)
(174,26,true)
(180,26,true)
(185,26,true)
(193,26,true)
(194,26,true)
(0,27,false)
(1,27,false)
(5,27,true)
(10,27,false)
(21,27,false)
(26,27,false)
(31,27,false)
(33,27,false)
(34,27,false)
(35,27,false)
(36,27,true)
(37,27,false)
(42,27,false)
(44,27,false)
(47,27,false)
(49,27,true)
(52,27,false)
(54,27,false)
(58,27,false)
(64,27,false)
(66,27,false)
(69,27,false)
(79,27,false)
(84,27,true)
(91,27,true)
(97,27,true)
(98,27,true)
(99,27,true)
(103,27,true)
(114,27,true)
(115,27,true)
(116,27,true)
(120,27,true)
(125,27,true)
(129,27,true)
(131,27,true)
(132,27,true)
(136,27,true)
(137,27,true)
(141,27,true)
(143,27,false)
(146,27,true)
(150,27,true)
(151,27,true)
(153,27,true)
(164,27,true)
(174,27,true)
(175,27,false)
(180,27,true)
(181,27,true)
(182,27,true)
(184,27,true)
(185,27,true)
(187,27,true)
(188,27,true)
(191,27,false)
(193,27,true)
(194,27,false)
(199,27,true)
(3,28,false)
(10,28,false)
(20,28,false)
(22,28,false)
(23,28,false)
(25,28,false)
(27,28,false)
(34,28,false)
(36,28,false)
(37,28,false)
(39,28,false)
(42,28,false)
(45,28,false)
(48,28,false)
(49,28,false)
(52,28,false)
(54,28,false)
(55,28,false)
(60,28,false)
(64,28,false)
(72,28,false)
(74,28,false)
(80,28,true)
(84,28,true)
(85,28,false)
(89,28,true)
(92,28,false)
(94,28,true)
(104,28,true)
(113,28,true)
(121,28,true)
(122,28,true)
(125,28,false)
(127,28,true)
(128,28,true)
(138,28,true)
(144,28,true)
(148,28,true)
(149,28,true)
(160,28,true)
(165,28,true)
(171,28,true)
(176,28,true)
(190,28,false)
(191,28,true)
(192,28,true)
(197,28,true)
(1,29,false)
(4,29,false)
(8,29,true)
(9,29,false)
(11,29,false)
(16,29,false)
(17,29,false)
(19,29,false)
(28,29,false)
(30,29,false)
(32,29,false)
(43,29,false)
(53,29,false)
(60,29,false)
(64,29,false)
(65,29,false)
(66,29,false)
(67,29,false)
(68,29,false)
(70,29,false)
(74,29,false)
(75,29,false)
(83,29,true)
(93,29,true)
(95,29,true)
(101,29,true)
(107,29,true)
(110,29,true)
(111,29,true)
(114,29,true)
(115,29,true)
(117,29,true)
(120,29,true)
(121,29,true)
(127,29,true)
(130,29,true)
(139,29,true)
(142,29,true)
(156,29,true)
(166,29,true)
(167,29,true)
(169,29,true)
(174,29,true)
(181,29,true)
(182,29,true)
(189,29,true)
(193,29,true)
(195,29,false)
(199,29,false)
(4,30,false)
(6,30,false)
(11,30,true)
(13,30,false)
(14,30,false)
(17,30,false)
(19,30,false)
(27,30,false)
(30,30,false)
(42,30,true)
(44,30,false)
(52,30,false)
(60,30,false)
(62,30,false)
(85,30,true)
(89,30,true)
(90,30,true)
(91,30,true)
(94,30,true)
(98,30,true)
(99,30,true)
(101,30,true)
(104,30,true)
(114,30,true)
(118,30,true)
(123,30,true)
(124,30,true)
(127,30,true)
(133,30,true)
(137,30,true)
(157,30,true)
(158,30,true)
(159,30,true)
(163,30,true)
(164,30,true)
(168,30,true)
(169,30,false)
(170,30,true)
(173,30,true)
(177,30,false)
(183,30,true)
(187,30,true)
(191,30,false)
(195,30,true)
(199,30,true)
(1,31,false)
(2,31,false)
(5,31,false)
(6,31,false)
(9,31,false)
(11,31,false)
(14,31,false)
(21,31,false)
(25,31,false)
(27,31,false)
(32,31,false)
(47,31,false)
(55,31,false)
(57,31,false)
(58,31,false)
(62,31,false)
(66,31,false)
(69,31,false)
(74,31,false)
(76,31,false)
(84,31,true)
(90,31,true)
(92,31,true)
(98,31,true)
(99,31,true)
(109,31,true)
(116,31,true)
(121,31,true)
(124,31,true)
(129,31,true)
(130,31,true)
(133,31,true)
(137,31,true)
(140,31,true)
(143,31,true)
(144,31,true)
(146,31,true)
(149,31,false)
(158,31,true)
(168,31,true)
(169,31,true)
(170,31,true)
(175,31,true)
(176,31,true)
(178,31,true)
(182,31,true)
(187,31,true)
(190,31,true)
(191,31,true)
(192,31,true)
(196,31,true)
(197,31,true)
(1,32,false)
(2,32,false)
(10,32,false)
(15,32,false)
(20,32,false)
(22,32,false)
(23,32,false)
(24,32,false)
(31,32,true)
(33,32,false)
(34,32,false)
(37,32,false)
(39,32,false)
(42,32,false)
(43,32,false)
(51,32,false)
(52,32,false)
(54,32,false)
(57,32,false)
(65,32,false)
(75,32,false)
(79,32,false)
(80,32,true)
(84,32,true)
(85,32,true)
(95,32,true)
(96,32,true)
(107,32,true)
(108,32,true)
(113,32,true)
(120,32,true)
(121,32,true)
(123,32,true)
(125,32,true)
(133,32,true)
(141,32,true)
(142,32,true)
(151,32,true)
(155,32,true)
(156,32,true)
(157,32,true)
(162,32,true)
(171,32,false)
(172,32,true)
(180,32,true)
(181,32,true)
(182,32,true)
(184,32,true)
(189,32,true)
(195,32,true)
(196,32,true)
(197,32,true)
(2,33,false)
(6,33,false)
(7,33,false)
(10,33,false)
(12,33,false)
(17,33,false)
(24,33,false)
(25,33,false)
(26,33,false)
(31,33,false)
(42,33,false)
(44,33,false)
(47,33,false)
(48,33,true)
(50,33,false)
(53,33,false)
(54,33,false)
(55,33,false)
(59,33,false)
(60,33,false)
(65,33,false)
(66,33,false)
(69,33,false)
(71,33,false)
(73,33,false)
(75,33,false)
(79,33,false)
(83,33,true)
(85,33,true)
(90,33,true)
(101,33,true)
(106,33,true)
(123,33,true)
(124,33,true)
(138,33,true)
(144,33,true)
(150,33,true)
(153,33,true)
(154,33,true)
(157,33,true)
(160,33,true)
(161,33,true)
(162,33,true)
(163,33,true)
(165,33,true)
(166,33,false)
(167,33,true)
(169,33,true)
(171,33,false)
(172,33,true)
(178,33,true)
(179,33,true)
(186,33,true)
(190,33,true)
(191,33,true)
(13,34,false)
(15,34,false)
(23,34,false)
(34,34,false)
(37,34,false)
(38,34,false)
(41,34,false)
(42,34,false)
(45,34,false)
(50,34,false)
(52,34,false)
(53,34,false)
(63,34,false)
(70,34,false)
(71,34,false)
(76,34,false)
(81,34,true)
(83,34,true)
(84,34,true)
(87,34,true)
(88,34,false)
(93,34,true)
(95,34,true)
(100,34,true)
(101,34,true)
(105,34,true)
(108,34,true)
(112,34,true)
(115,34,true)
(116,34,true)
(122,34,true)
(123,34,true)
(138,34,true)
(140,34,true)
(146,34,true)
(147,34,true)
(161,34,true)
(167,34,true)
(185,34,true)
(189,34,true)
(191,34,true)
(192,34,true)
(1,35,true)
(7,35,false)
(13,35,true)
(15,35,false)
(22,35,false)
(25,35,false)
(26,35,false)
(49,35,false)
(54,35,false)
(57,35,false)
(62,35,false)
(63,35,false)
(64,35,false)
(66,35,false)
(70,35,false)
(75,35,false)
(76,35,false)
(77,35,false)
(81,35,true)
(87,35,true)
(89,35,true)
(90,35,true)
(91,35,true)
(94,35,true)
(95,35,true)
(97,35,true)
(101,35,true)
(102,35,true)
(113,35,true)
(116,35,true)
(118,35,true)
(123,35,true)
(124,35,true)
(128,35,false)
(133,35,true)
(143,35,true)
(146,35,true)
(158,35,true)
(162,35,true)
(167,35,true)
(169,35,true)
(179,35,false)
(184,35,true)
(191,35,true)
(196,35,true)
(2,36,false)
(3,36,false)
(8,36,true)
(9,36,false)
(10,36,false)
(11,36,false)
(12,36,false)
(20,36,false)
(26,36,false)
(27,36,false)
(28,36,false)
(33,36,false)
(43,36,false)
(45,36,false)
(51,36,false)
(53,36,false)
(54,36,false)
(57,36,false)
(58,36,false)
(67,36,false)
(70,36,false)
(73,36,false)
(74,36,false)
(80,36,true)
(88,36,true)
(90,36,true)
(91,36,true)
(93,36,true)
(97,36,true)
(99,36,true)
(104,36,true)
(109,36,false)
(111,36,true)
(112,36,true)
(115,36,true)
(117,36,true)
(118,36,true)
(121,36,true)
(124,36,false)
(126,36,true)
(128,36,true)
(134,36,true)
(137,36,true)
(140,36,true)
(143,36,true)
(145,36,false)
(147,36,true)
(153,36,true)
(155,36,true)
(157,36,true)
(158,36,true)
(161,36,true)
(167,36,true)
(168,36,true)
(170,36,true)
(171,36,true)
(172,36,true)
(178,36,true)
(183,36,true)
(184,36,true)
(187,36,true)
(192,36,true)
(2,37,false)
(7,37,false)
(16,37,false)
(18,37,false)
(24,37,false)
(29,37,false)
(32,37,false)
(35,37,false)
(37,37,false)
(38,37,false)
(43,37,false)
(52,37,false)
(54,37,true)
(63,37,false)
(66,37,false)
(68,37,false)
(69,37,false)
(71,37,false)
(76,37,false)
(81,37,false)
(87,37,true)
(88,37,true)
(89,37,true)
(93,37,true)
(97,37,true)
(102,37,true)
(120,37,true)
(122,37,true)
(141,37,true)
(151,37,true)
(159,37,true)
(160,37,true)
(166,37,true)
(167,37,true)
(171,37,false)
(180,37,true)
(189,37,true)
(198,37,true)
(6,38,false)
(7,38,false)
(8,38,false)
(11,38,false)
(16,38,false)
(17,38,false)
(19,38,false)
(20,38,true)
(21,38,false)
(25,38,false)
(28,38,false)
(31,38,false)
(34,38,false)
(37,38,false)
(50,38,false)
(54,38,false)
(76,38,false)
(84,38,true)
(85,38,true)
(93,38,true)
(97,38,true)
(110,38,true)
(111,38,true)
(112,38,true)
(113,38,true)
(115,38,true)
(118,38,false)
(120,38,true)
(121,38,true)
(127,38,true)
(129,38,true)
(132,38,true)
(143,38,true)
(145,38,true)
(148,38,true)
(156,38,true)
(158,38,true)
(159,38,true)
(160,38,true)
(165,38,false)
(171,38,true)
(180,38,true)
(182,38,true)
(188,38,true)
(189,38,true)
(199,38,true)
(0,39,false)
(14,39,false)
(15,39,false)
(16,39,false)
(21,39,false)
(33,39,false)
(34,39,false)
(35,39,false)
(38,39,false)
(41,39,false)
(44,39,false)
(46,39,false)
(56,39,false)
(65,39,false)
(67,39,false)
(71,39,false)
(73,39,false)
(74,39,false)
(78,39,false)
(85,39,true)
(89,39,true)
(90,39,true)
(95,39,true)
(96,39,true)
(100,39,true)
(101,39,true)
(102,39,true)
(112,39,true)
(122,39,true)
(125,39,true)
(135,39,true)
(143,39,true)
(144,39,true)
(147,39,true)
(158,39,true)
(162,39,true)
(164,39,true)
(171,39,true)
(172,39,true)
(174,39,true)
(176,39,true)
(177,39,true)
(181,39,true)
(195,39,true)
(4,40,false)
(6,40,false)
(9,40,false)
(10,40,false)
(12,40,false)
(14,40,false)
(20,40,false)
(21,40,false)
(22,40,false)
(30,40,false)
(31,40,false)
(32,40,false)
(34,40,false)
(36,40,false)
(39,40,false)
(42,40,false)
(47,40,false)
(48,40,false)
(54,40,false)
(56,40,false)
(61,40,false)
(62,40,false)
(65,40,false)
(66,40,false)
(67,40,false)
(78,40,false)
(79,40,true)
(82,40,true)
(83,40,true)
(89,40,true)
(94,40,true)
(96,40,true)
(97,40,false)
(98,40,true)
(103,40,true)
(104,40,true)
(108,40,true)
(110,40,true)
(117,40,false)
(126,40,true)
(133,40,true)
(138,40,true)
(142,40,true)
(151,40,true)
(153,40,true)
(155,40,true)
(157,40,true)
(158,40,true)
(159,40,true)
(160,40,true)
(163,40,true)
(168,40,false)
(169,40,true)
(170,40,true)
(171,40,true)
(181,40,false)
(185,40,true)
(194,40,true)
(196,40,true)
(197,40,true)
(199,40,true)
(3,41,false)
(12,41,false)
(14,41,false)
(22,41,false)
(25,41,false)
(27,41,false)
(31,41,false)
(32,41,false)
(34,41,false)
(44,41,false)
(50,41,false)
(61,41,false)
(68,41,false)
(75,41,false)
(115,41,true)
(123,41,true)
(124,41,true)
(126,41,true)
(127,41,true)
(135,41,true)
(136,41,false)
(140,41,true)
(141,41,true)
(143,41,true)
(152,41,true)
(156,41,true)
(158,41,true)
(160,41,true)
(161,41,true)
(166,41,true)
(169,41,true)
(174,41,true)
(176,41,true)
(178,41,true)
(182,41,true)
(196,41,true)
(197,41,true)
(198,41,true)
(0,42,false)
(11,42,false)
(13,42,false)
(15,42,false)
(31,42,false)
(38,42,false)
(39,42,false)
(44,42,false)
(47,42,false)
(48,42,false)
(53,42,true)
(55,42,false)
(56,42,false)
(65,42,false)
(66,42,false)
(68,42,false)
(75,42,false)
(84,42,false)
(88,42,true)
(100,42,true)
(101,42,true)
(102,42,true)
(105,42,true)
(116,42,true)
(119,42,true)
(146,42,true)
(153,42,true)
(160,42,true)
(161,42,true)
(164,42,false)
(171,42,true)
(173,42,true)
(174,42,true)
(176,42,true)
(177,42,true)
(187,42,true)
(191,42,true)
(193,42,true)
(0,43,false)
(1,43,false)
(2,43,false)
(3,43,false)
(6,43,false)
(12,43,true)
(16,43,false)
(25,43,false)
(29,43,false)
(33,43,false)
(37,43,false)
(39,43,false)
(43,43,false)
(46,43,false)
(47,43,false)
(48,43,false)
(49,43,false)
(50,43,false)
(61,43,false)
(63,43,false)
(73,43,false)
(74,43,false)
(75,43,false)
(76,43,false)
(81,43,true)
(83,43,true)
(96,43,true)
(102,43,true)
(118,43,true)
(129,43,true)
(130,43,true)
(133,43,true)
(137,43,true)
(147,43,true)
(151,43,true)
(156,43,true)
(157,43,true)
(159,43,true)
(167,43,true)
(171,43,true)
(175,43,true)
(177,43,true)
(178,43,true)
(184,43,true)
(193,43,true)
(197,43,true)
(199,43,true)
(1,44,false)
(6,44,false)
(9,44,false)
(11,44,false)
(13,44,false)
(23,44,false)
(30,44,false)
(34,44,false)
(36,44,false)
(38,44,false)
(43,44,false)
(48,44,false)
(51,44,true)
(52,44,false)
(53,44,false)
(56,44,false)
(59,44,false)
(62,44,false)
(71,44,false)
(75,44,false)
(82,44,true)
(85,44,true)
(88,44,true)
(106,44,true)
(107,44,true)
(112,44,true)
(114,44,true)
(118,44,true)
(119,44,true)
(131,44,true)
(133,44,true)
(145,44,true)
(152,44,true)
(154,44,true)
(157,44,true)
(158,44,true)
(164,44,true)
(172,44,true)
(175,44,true)
(183,44,true)
(190,44,true)
(191,44,true)
(193,44,true)
(198,44,false)
(199,44,true)
(9,45,false)
(19,45,false)
(20,45,false)
(33,45,false)
(39,45,false)
(45,45,false)
(49,45,false)
(50,45,false)
(56,45,true)
(60,45,true)
(62,45,false)
(65,45,false)
(68,45,false)
(78,45,false)
(95,45,true)
(96,45,true)
(97,45,true)
(104,45,false)
(110,45,true)
(111,45,true)
(122,45,true)
(127,45,true)
(128,45,true)
(130,45,true)
(137,45,true)
(140,45,true)
(145,45,false)
(148,45,true)
(162,45,false)
(171,45,false)
(190,45,true)
(191,45,true)
(195,45,true)
(196,45,true)
(1,46,false)
(4,46,false)
(14,46,false)
(19,46,false)
(21,46,false)
(23,46,false)
(24,46,false)
(31,46,false)
(38,46,false)
(45,46,false)
(53,46,false)
(58,46,false)
(63,46,false)
(71,46,true)
(74,46,false)
(76,46,false)
(77,46,false)
(78,46,false)
(81,46,false)
(85,46,true)
(94,46,true)
(95,46,true)
(97,46,true)
(98,46,true)
(100,46,true)
(103,46,true)
(109,46,true)
(113,46,true)
(115,46,true)
(117,46,false)
(122,46,true)
(127,46,true)
(130,46,true)
(132,46,true)
(135,46,true)
(139,46,true)
(140,46,true)
(142,46,true)
(143,46,true)
(149,46,true)
(151,46,true)
(156,46,true)
(158,46,true)
(168,46,true)
(170,46,true)
(189,46,true)
(191,46,true)
(8,47,false)
(9,47,true)
(14,47,false)
(19,47,false)
(35,47,false)
(39,47,false)
(40,47,false)
(47,47,false)
(55,47,false)
(59,47,false)
(60,47,false)
(74,47,false)
(85,47,true)
(89,47,true)
(91,47,false)
(92,47,true)
(98,47,true)
(100,47,true)
(103,47,true)
(105,47,true)
(112,47,true)
(114,47,true)
(120,47,false)
(126,47,true)
(132,47,true)
(136,47,true)
(139,47,false)
(143,47,true)
(145,47,true)
(156,47,true)
(166,47,true)
(170,47,true)
(174,47,true)
(175,47,true)
(178,47,true)
(184,47,true)
(195,47,true)
(0,48,false)
(12,48,false)
(22,48,false)
(25,48,false)
(31,48,false)
(39,48,false)
(52,48,false)
(65,48,false)
(66,48,false)
(73,48,false)
(80,48,true)
(96,48,true)
(102,48,true)
(116,48,true)
(120,48,true)
(122,48,true)
(123,48,true)
(126,48,true)
(130,48,true)
(142,48,false)
(158,48,true)
(165,48,true)
(169,48,true)
(171,48,true)
(179,48,true)
(184,48,true)
(193,48,true)
(196,48,true)
(199,48,true)
(11,49,false)
(12,49,false)
(14,49,false)
(15,49,false)
(18,49,false)
(19,49,true)
(20,49,false)
(29,49,false)
(58,49,false)
(70,49,false)
(85,49,true)
(92,49,true)
(96,49,true)
(102,49,true)
(103,49,true)
(109,49,true)
(118,49,false)
(119,49,true)
(126,49,true)
(138,49,true)
(148,49,true)
(149,49,true)
(155,49,true)
(161,49,true)
(173,49,true)
(179,49,true)
(180,49,true)
(181,49,true)
(186,49,true)
(187,49,true)
(188,49,true)
(190,49,true)
(2,50,false)
(6,50,false)
(7,50,false)
(8,50,false)
(9,50,false)
(10,50,false)
(16,50,false)
(26,50,false)
(27,50,false)
(28,50,false)
(34,50,false)
(38,50,false)
(39,50,false)
(42,50,false)
(43,50,false)
(44,50,false)
(51,50,false)
(54,50,true)
(56,50,true)
(61,50,false)
(67,50,false)
(71,50,true)
(72,50,false)
(74,50,false)
(75,50,false)
(78,50,false)
(81,50,true)
(83,50,true)
(92,50,true)
(101,50,true)
(104,50,false)
(110,50,true)
(114,50,true)
(115,50,true)
(123,50,true)
(140,50,true)
(143,50,true)
(144,50,true)
(145,50,true)
(148,50,true)
(150,50,true)
(153,50,true)
(166,50,true)
(169,50,true)
(179,50,true)
(181,50,true)
(184,50,true)
(186,50,true)
(192,50,true)
(196,50,true)
(8,51,false)
(14,51,false)
(24,51,false)
(26,51,false)
(27,51,false)
(30,51,false)
(31,51,false)
(32,51,false)
(40,51,false)
(43,51,false)
(45,51,false)
(47,51,false)
(55,51,false)
(57,51,false)
(59,51,false)
(63,51,false)
(66,51,false)
(67,51,false)
(70,51,false)
(71,51,false)
(72,51,false)
(73,51,false)
(75,51,false)
(85,51,true)
(86,51,true)
(92,51,true)
(104,51,true)
(108,51,true)
(109,51,true)
(111,51,true)
(113,51,true)
(114,51,true)
(123,51,true)
(124,51,true)
(130,51,false)
(138,51,true)
(143,51,true)
(145,51,true)
(150,51,true)
(169,51,true)
(173,51,false)
(185,51,true)
(188,51,true)
(190,51,true)
(198,51,true)
(199,51,true)
(6,52,false)
(19,52,false)
(22,52,false)
(35,52,false)
(46,52,false)
(49,52,false)
(51,52,false)
(55,52,false)
(56,52,true)
(58,52,false)
(59,52,false)
(63,52,false)
(75,52,false)
(76,52,false)
(88,52,true)
(102,52,true)
(111,52,true)
(112,52,true)
(115,52,false)
(124,52,false)
(127,52,true)
(130,52,true)
(131,52,true)
(144,52,true)
(151,52,true)
(170,52,true)
(183,52,true)
(184,52,true)
(186,52,true)
(192,52,true)
(193,52,true)
(199,52,true)
(7,53,false)
(8,53,false)
(12,53,false)
(20,53,false)
(27,53,false)
(32,53,false)
(34,53,false)
(41,53,false)
(42,53,false)
(47,53,false)
(53,53,false)
(56,53,false)
(62,53,false)
(84,53,true)
(90,53,true)
(94,53,true)
(103,53,true)
(105,53,true)
(106,53,true)
(110,53,true)
(113,53,true)
(115,53,true)
(116,53,true)
(123,53,true)
(130,53,true)
(132,53,true)
(139,53,true)
(146,53,true)
(147,53,true)
(155,53,true)
(162,53,true)
(164,53,true)
(168,53,true)
(169,53,true)
(175,53,true)
(179,53,true)
(184,53,true)
(188,53,true)
(190,53,true)
(192,53,true)
(195,53,true)
(3,54,false)
(12,54,false)
(16,54,false)
(20,54,false)
(23,54,false)
(33,54,false)
(39,54,false)
(45,54,false)
(51,54,false)
(52,54,false)
(53,54,false)
(54,54,false)
(66,54,false)
(68,54,false)
(75,54,false)
(81,54,true)
(89,54,true)
(90,54,true)
(97,54,true)
(98,54,true)
(102,54,true)
(126,54,true)
(131,54,true)
(134,54,true)
(136,54,true)
(145,54,true)
(146,54,true)
(152,54,true)
(158,54,true)
(161,54,true)
(162,54,true)
(172,54,true)
(176,54,true)
(182,54,true)
(183,54,true)
(190,54,true)
(198,54,true)

(151,26)
(174,38)
(137,9)
(195,4)
(180,2)
(19,7)
(98,34)
(47,24)
(198,46)
(82,6)
(194,28)
(178,17)
(63,21)
(59,10)
(158,15)
(128,27)
(19,34)
(148,8)
(18,2)
(173,41)
(126,2)
(171,2)
(159,2)
(118,46)
(158,11)
(119,35)
(3,27)
(174,43)
(80,33)
(170,5)
(182,25)
(133,0)
(122,54)
(111,17)
(68,3)
(103,12)
(98,16)
(26,3)
(103,5)
(60,17)
(164,38)
(98,24)
(138,41)
(186,40)
(0,35)
(186,8)
(40,5)
(66,52)
(144,49)
(118,28)
(55,9)
(129,47)
(146,12)
(0,40)
(123,7)
(173,25)
(101,5)
(12,47)
(131,29)
(87,33)
(85,16)
(131,4)
(134,3)
(102,27)
(72,54)
(197,53)
(80,12)
(95,37)
(40,14)
(156,1)
(30,45)
(90,26)
(97,30)
(79,53)
(33,34)
(93,27)
(69,15)
(174,54)
(117,42)
(130,33)
(162,7)
(82,30)
(82,26)
(129,21)
(136,37)
(51,51)
(188,33)
(116,12)
(39,18)
(194,49)
(78,15)
(177,40)
(65,10)
(25,12)
(168,29)
(187,3)
(136,43)
(172,23)
(70,3)
(109,29)
(114,37)
(106,41)
(131,19)
(49,16)
(61,49)
(49,23)
(103,30)
(176,8)
(130,41)
(145,40)
(142,11)
(107,19)
(20,26)
(142,24)
(31,35)
(74,35)
(157,19)
(89,41)
(95,53)
(92,30)
(134,48)
(67,16)
(35,29)
(185,19)
(195,38)
(85,31)
(120,39)
(155,47)
(50,30)
(126,13)
(14,29)
(195,8)
(156,4)
(140,28)
(61,45)
(176,12)
(16,24)
(102,33)
(4,48)
(182,34)
(97,42)
(186,36)
(193,13)
(30,42)
(51,19)
(39,23)
(105,17)
(56,1)
(65,6)
(134,25)
(14,16)
(49,46)
(118,53)
(128,50)
(110,1)
(134,28)
(191,23)
(72,8)
(48,24)
(127,0)
(103,7)
(135,24)
(87,22)
(14,18)
(145,43)
(78,9)
(56,38)
(127,48)
(148,14)
(19,23)
(199,11)
(145,8)
(180,14)
(53,41)
(20,7)
(106,13)
(156,36)
(98,33)
(125,8)
(106,36)
(181,28)
(40,1)
(90,25)
(40,36)
(43,9)
(195,31)
(72,35)
(99,15)
(66,44)
(131,18)
(156,30)
(60,32)
(47,12)
(103,14)
(146,1)
(109,44)
(73,26)
(116,10)
(81,1)
(130,22)
(155,18)
(7,52)
(174,5)
(84,41)
(13,26)
(149,43)
(38,2)
(68,46)
(161,45)
(87,14)
(64,32)
(54,39)
(107,27)
(193,31)
(17,43)
(192,39)
(194,38)
(191,40)
(123,12)
(129,19)
(123,23)
(15,31)
(166,43)
(55,2)
(91,12)
(148,12)
(130,42)
(43,18)
(72,31)
(123,13)
(102,13)
(74,24)
(45,5)
(25,11)
(100,50)
(20,33)
(66,7)
(19,48)
(128,53)
(197,46)
(179,8)
(134,4)
(107,24)
(168,41)
(84,13)
(95,28)
(61,2)
(55,38)
(14,25)
(142,54)
(37,12)
(121,42)
(197,48)
(18,0)
(130,3)
(95,8)
(80,38)
(69,45)
(8,22)
(128,30)
(191,47)
(72,14)
(108,9)
(66,8)
(196,54)
(184,34)
(7,5)
(117,19)
(123,3)
(148,3)
(66,46)
(8,7)
(104,21)
(137,2)
(154,51)
(119,3)
(49,9)
(33,5)
(131,53)
(123,42)
(174,53)
(69,9)
(70,42)
(187,41)
(138,5)
(25,40)
(170,20)
(144,12)
(35,30)
(100,16)
(58,11)
(39,2)
(114,40)
(125,48)
(127,23)
(19,24)
(189,15)
(139,45)
(19,10)
(121,48)
(88,5)
(195,43)
(8,0)
(8,43)
(161,31)
(128,20)
(79,52)
(145,2)
(76,36)
(22,31)
(119,13)
(88,18)
(42,8)
(93,14)
(38,15)
(131,50)
(93,39)
(171,27)
(66,12)
(153,14)
(59,32)
(35,9)
(145,48)
(111,22)
(158,32)
(131,28)
(145,13)
(107,54)
(87,5)
(11,23)
(122,20)
(8,45)
(148,5)
(198,52)
(64,0)
(90,11)
(12,39)
(68,6)
(62,27)
(176,24)
(98,12)
(173,32)
(196,2)
(149,1)
(184,11)
(162,49)
(146,9)
(176,50)
(193,47)
(46,32)
(47,45)
(193,35)
(80,43)
(34,31)
(32,43)
(36,22)
(26,43)
(46,36)
(137,14)
(137,17)
(100,45)
(88,21)
(117,34)
(102,36)
(58,25)
(159,54)
(0,37)
(21,36)
(21,37)
(115,48)
(88,20)
(26,41)
(120,50)
(2,3)
(3,14)
(183,47)
(189,3)
(158,17)
(104,48)
(62,48)
(130,34)
(161,28)
(126,18)
(24,27)
(172,15)
(38,32)
(96,38)
(40,21)
(195,35)
(87,20)
(12,7)
(158,8)
(138,8)
(185,47)
(82,48)
(148,52)
(154,38)
(79,54)
(186,43)
(120,0)
(108,49)
(175,52)
(36,32)
(117,20)
(18,6)
(80,46)
(160,34)
(34,23)
(158,34)
(14,53)
(12,13)
(18,44)
(54,15)
(147,51)
(1,36)
(74,12)
(143,30)
(152,22)
(66,1)
(99,12)
(125,37)
(87,46)
(74,2)
(128,18)
(111,54)
(45,2)
(102,50)
(46,54)
(75,4)
(175,4)
(67,9)
(187,13)
(106,52)
(37,40)
(133,17)
(41,46)
(74,10)
(70,44)
(15,53)
(180,35)
(64,10)
(6,39)
(59,43)
(70,6)
(141,15)
(65,44)
(130,18)
(121,14)
(140,20)
(71,49)
(110,54)
(138,42)
(130,37)
(127,4)
(25,42)
(115,7)
(77,4)
(4,33)
(110,12)
(134,9)
(86,1)
(1,26)
(136,14)
(137,13)
(68,5)
(108,7)
(2,21)
(115,6)
(137,28)
(53,40)
(72,16)
(107,42)
(153,18)
(13,0)
(81,21)
(104,24)
(151,1)
(197,0)
(74,1)
(110,33)
(95,54)
(99,5)
(68,31)
(171,5)
(157,49)
(42,17)
(55,5)
(108,33)
(76,29)
(129,7)
(108,18)
(25,13)
(181,47)
(123,45)
(86,7)
(22,22)
(41,27)
(44,31)
(148,35)
(84,46)
(136,17)
(129,8)
(110,7)
(28,44)
(199,1)
(103,11)
(61,20)
(20,24)
(94,8)
(142,18)
(138,18)
(121,3)
(100,27)
(81,40)
(0,19)
(134,16)
(98,53)
(187,50)
(123,31)
(198,36)
(122,51)
(99,22)
(38,27)
(68,10)
(132,4)
(141,14)
(36,46)
(184,7)
(151,47)
(124,6)
(26,46)
(9,22)
(20,11)
(35,16)
(153,20)
(26,23)
(179,26)
(86,54)
(115,30)
(28,18)
(137,41)
(71,42)
(28,9)
(45,6)
(121,11)
(83,10)
(49,20)
(155,41)
(189,33)
(191,0)
(145,30)
(48,14)
(4,2)
(96,15)
(85,21)
(102,20)
(112,51)
(194,37)
(45,53)
(103,16)
(74,7)
(82,49)
(107,3)
(83,1)
(187,54)
(112,42)
(167,47)
(0,44)
(9,33)
(27,9)
(17,24)
(116,4)
(69,32)
(118,37)
(136,40)
(39,31)
(56,27)
(54,20)
(37,18)
(42,19)
(77,20)
(187,44)
(170,2)
(66,23)
(133,2)
(50,10)
(129,13)
(184,17)
(42,15)
(53,27)
(53,51)
(167,50)
(111,48)
(166,54)
(144,11)
(179,2)
(163,29)
(160,21)
(13,16)
(154,52)
(82,27)
(59,11)
(88,35)
(74,48)
(59,54)
(54,31)
(19,54)
(59,38)
(22,27)
(76,16)
(71,32)
(121,7)
(14,33)
(34,37)
(104,7)
(157,23)
(197,50)
(183,7)
(51,38)
(44,19)
(187,12)
(132,8)
(69,50)
(66,34)
(16,30)
(117,22)
(119,11)
(144,5)
(158,22)
(191,49)
(32,17)
(13,11)
(195,27)
(188,31)
(105,0)
(119,45)
(54,42)
(182,2)
(15,15)
(196,33)
(99,3)
(95,22)
(40,34)
(33,20)
(35,43)
(57,37)
(10,3)
(163,37)
(162,24)
(33,48)
(6,22)
(139,8)
(18,45)
(121,54)
(6,41)
(164,23)
(170,1)
(69,10)
(173,24)
(177,46)
(91,2)
(34,0)
(124,1)
(32,15)
(28,37)
(65,0)
(198,49)
(26,2)
(193,10)
(60,25)
(97,2)
(32,26)
(11,39)
(129,41)
(71,4)
(106,51)
(8,2)
(58,22)
(109,19)
(158,42)
(46,4)
(197,54)
(36,39)
(42,44)
(65,27)
(167,18)
(57,21)
(52,6)
(165,40)
(187,29)
(158,23)
(44,43)
(67,42)
(191,2)
(158,43)
(84,15)
(169,20)
(62,4)
(192,48)
(160,47)
(95,25)
(89,36)
(95,14)
(90,13)
(153,6)
(127,44)
(155,13)
(0,5)
(180,1)
(122,33)
(123,47)
(153,16)
(134,23)
(0,54)
(180,41)
(35,5)
(108,41)
(142,41)
(123,37)
(146,44)
(134,43)
(131,46)
(66,43)
(171,52)
(82,14)
(118,11)
(26,8)
(19,12)
(48,30)
(40,20)
(71,18)
(135,21)
(97,7)
(172,8)
(87,32)
(103,32)
(159,4)
(29,2)
(137,35)
(175,38)
(165,2)
(16,5)
(194,42)
(147,16)
(18,42)
(198,16)
(140,23)
(152,13)
(94,50)
(110,35)
(144,38)
(64,22)
(175,22)
(4,23)
(102,30)
(130,44)
(56,7)
(40,29)
(148,10)
(83,16)
(130,54)
(193,6)
(115,10)
(14,45)
(49,7)
(55,7)
(69,23)
(183,46)
(154,19)
(91,16)
(180,40)
(141,54)
(166,4)
(127,11)
(187,18)
(128,38)
(176,36)
(78,24)
(198,47)
(153,21)
(55,50)
(118,51)
(41,0)
(89,24)
(56,37)
(179,51)
(89,23)
(58,42)
(145,33)
(159,1)
(199,32)
(79,41)
(185,20)
(34,33)
(152,36)
(5,22)
(170,45)
(36,53)
(27,24)
(144,44)
(139,6)
(92,45)
(143,15)
(152,15)
(55,45)
(72,42)
(20,4)
(11,52)
(87,0)
(155,21)
(87,18)
(32,48)
(41,44)
(68,22)
(145,42)
(138,36)
(8,46)
(112,6)
(50,3)
(8,48)
(198,43)
(168,38)
(177,22)
(42,49)
(160,54)
(187,8)
(155,15)
(5,47)
(174,32)
(171,49)
(191,13)
(193,36)
(121,33)
(10,20)
(103,39)
(146,6)
(39,19)
(66,21)
(128,9)
(115,3)
(109,47)
(107,37)
(166,31)
(97,5)
(58,30)
(7,30)
(133,18)
(83,45)
(166,5)
(34,14)
(106,29)
(158,52)
(119,5)
(74,20)
(8,34)
(198,19)
(76,25)
(92,46)
(125,49)
(137,21)
(111,2)
(28,48)
(44,4)
(167,1)
(110,19)
(159,31)
(79,44)
(129,40)
(73,34)
(79,16)
(11,26)
(170,42)
(141,30)
(80,8)
(148,42)
(158,27)
(28,7)
(133,24)
(27,12)
(162,19)
(13,3)
(30,9)
(185,11)
(27,20)
(91,22)
(14,27)
(62,36)
(29,31)
(181,35)
(10,15)
(3,35)
(71,19)
(106,0)
(27,11)
(60,22)
(123,22)
(20,13)
(118,17)
(23,1)
(51,46)
(70,47)
(145,17)
(152,17)
(141,46)
(153,0)
(25,2)
(162,41)
(91,42)
(70,15)
(79,4)
(177,23)
(198,1)
(105,6)
(78,33)
(187,46)
(197,23)
(150,26)
(77,17)
(40,10)
(11,22)
(88,3)
(47,19)
(195,0)
(194,5)
(162,12)
(5,6)
(156,6)
(156,22)
(102,2)
(167,42)
(129,5)
(22,50)
(81,17)
(119,20)
(56,26)
(165,14)
(168,19)
(39,52)
(24,10)
(14,28)
(165,16)
(36,48)
(137,25)
(81,44)
(120,24)
(104,49)
(26,48)
(181,12)
(53,23)
(94,14)
(105,32)
(188,43)
(187,45)
(151,13)
(23,27)
(56,35)
(147,7)
(26,44)
(68,21)
(77,21)
(21,54)
(181,51)
(189,6)
(15,9)
(2,5)
(14,12)
(20,2)
(191,5)
(68,53)
(137,53)
(71,5)
(18,30)
(25,4)
(176,51)
(131,25)
(108,27)
(135,52)
(28,21)
(198,34)
(167,25)
(35,24)
(155,44)
(193,7)
(105,7)
(4,37)
(5,41)
(45,14)
(95,31)
(66,22)
(191,24)
(102,21)
(115,4)
(84,19)
(109,52)
(87,47)
(173,7)
(160,6)
(129,12)
(19,32)
(110,13)
(91,25)
(189,27)
(20,30)
(4,6)
(127,8)
(30,49)
(176,9)
(51,39)
(177,16)
(153,52)
(46,24)
(174,1)
(157,10)
(158,28)
(94,54)
(75,22)
(163,23)
(171,22)
(5,36)
(174,2)
(138,39)
(166,11)
(3,10)
(153,35)
(123,6)
(89,51)
(149,51)
(114,26)
(154,30)
(188,14)
(101,25)
(8,49)
(192,21)
(149,8)
(173,1)
(127,14)
(171,10)
(35,1)
(46,27)
(104,44)
(72,44)
(185,17)
(46,33)
(55,54)
(27,10)
(94,47)
(95,26)
(53,37)
(24,29)
(154,8)
(195,51)
(127,31)
(188,11)
(90,45)
(13,28)
(164,50)
(41,41)
(144,48)
(142,43)
(1,37)
(48,47)
(27,19)
(171,44)
(12,31)
(145,31)
(90,18)
(61,10)
(157,41)
(29,38)
(132,22)
(48,18)
(53,9)
(44,47)
(83,7)
(139,33)
(14,34)
(116,37)
(128,3)
(77,43)
(105,20)
(86,10)
(166,42)
(168,47)
(128,26)
(166,3)
(138,22)
(13,24)
(133,26)
(96,36)
(23,31)
(37,10)
(98,45)
(73,5)
(166,35)
(184,24)
(113,54)
(22,34)
(77,27)
(42,7)
(56,31)
(176,26)
(55,1)
(165,35)
(3,4)
(156,19)
(22,38)
(127,35)
(142,17)
(185,38)
(6,24)
(8,8)
(22,42)
(53,11)
(119,43)
(41,54)
(52,50)
(85,6)
(51,31)
(17,31)
(169,3)
(97,53)
(199,22)
(114,3)
(190,48)
(16,48)
(6,6)
(46,40)
(102,5)
(47,34)
(153,12)
(151,21)
(45,50)
(155,54)
(117,2)
(23,48)
(87,43)
(171,16)
(182,33)
(189,19)
(39,30)
(9,1)
(8,15)
(184,21)
(165,51)
(11,11)
(3,17)
(9,41)
(163,49)
(80,5)
(46,10)
(152,34)
(79,42)
(196,42)
(162,42)
(37,25)
(67,38)
(41,1)
(46,6)
(184,13)
(166,24)
(16,1)
(82,39)
(122,16)
(117,30)
(170,15)
(136,36)
(198,26)
(71,47)
(18,1)
(197,18)
(115,8)
(11,0)
(191,22)
(93,4)
(52,47)
(3,19)
(103,50)
(157,18)
(187,15)
(77,29)
(129,48)
(38,54)
(136,45)
(183,45)
(185,4)
(104,5)
(139,42)
(119,14)
(139,37)
(15,7)
(129,34)
(161,15)
(14,52)
(13,54)
(57,30)
(114,42)
(177,33)
(80,16)
(187,11)
(47,46)
(178,26)
(172,30)
(134,52)
(102,14)
(100,5)
(180,10)
(71,54)
(145,37)
(139,50)
(92,23)
(183,26)
(39,10)
(195,52)
(169,13)
(96,2)
(110,31)
(155,52)
(176,49)
(35,8)
(123,14)
(19,3)
(175,9)
(29,44)
(58,1)
(129,45)
(164,6)
(26,34)
(199,3)
(197,26)
(24,30)
(26,25)
(63,8)
(129,11)
(94,11)
(150,17)
(158,13)
(131,30)
(119,38)
(35,4)
(155,29)
(126,6)
(27,44)
(92,14)
(93,6)
(33,8)
(114,36)
(64,48)
(112,12)
(48,46)
(71,1)
(63,49)
(148,53)
(35,48)
(191,25)
(4,26)
(34,22)
(121,8)
(14,37)
(18,14)
(68,50)
(122,32)
(105,12)
(98,52)
(149,19)
(129,9)
(125,12)
(102,40)
(180,47)
(60,9)
(29,8)
(173,33)
(37,5)
(15,37)
(19,8)
(60,41)
(122,38)
(42,37)
(157,47)
(63,33)
(166,23)
(196,5)
(42,16)
(43,12)
(101,43)
(194,25)
(158,53)
(106,16)
(45,20)
(104,14)
(95,16)
(184,54)
(47,8)
(71,9)
(85,2)
(81,12)
(72,43)
(40,50)
(51,14)
(89,26)
(122,12)
(15,36)
(73,20)
(114,39)
(92,22)
(21,44)
(75,7)
(24,40)
(136,34)
(117,32)
(86,53)
(126,7)
(173,21)
(126,5)
(197,33)
(192,9)
(32,54)
(125,46)
(51,41)
(195,5)
(181,6)
(146,30)
(74,8)
(29,7)
(12,11)
(101,45)
(153,28)
(8,13)
(32,4)
(3,21)
(172,50)
(124,50)
(89,43)
(76,0)
(27,7)
(19,43)
(172,18)
(149,7)
(31,16)
(168,20)
(52,52)
(64,42)
(171,24)
(36,51)
(51,21)
(112,30)
(27,42)
(53,47)
(102,32)
(150,46)
(171,50)
(63,54)
(131,6)
(120,5)
(4,1)
(98,39)
(158,4)
(194,7)
(61,22)
(98,23)
(103,13)
(166,30)
(102,1)
(81,19)
(154,27)
(35,7)
(86,45)
(170,38)
(50,53)
(65,31)
(14,36)
(106,20)
(142,31)
(107,13)
(135,29)
(2,30)
(91,32)
(129,39)
(59,7)
(138,29)
(17,7)
(176,40)
(23,6)
(94,24)
(34,25)
(112,27)
(141,6)
(172,43)
(7,9)
(161,30)
(100,53)
(155,12)
(1,13)
(165,39)
(193,51)
(171,35)
(182,1)
(196,13)
(58,29)
(191,15)
(91,9)
(155,24)
(73,35)
(0,38)
(62,52)
(77,37)
(70,1)
(85,10)
(151,19)
(110,3)
(41,16)
(128,31)
(87,29)
(89,12)
(121,13)
(59,19)
(65,8)
(170,43)
(51,29)
(181,16)
(113,37)
(132,25)
(88,25)
(96,30)
(125,29)
(89,38)
(86,33)
(157,39)
(34,4)
(6,36)
(188,44)
(158,45)
(36,11)
(56,54)
(20,23)
(128,48)
(15,33)
(78,14)
(139,36)
(136,29)
(188,29)
(163,2)
(118,31)
(26,37)
(169,4)
(123,17)
(72,13)
(12,6)
(133,54)
(103,33)
(105,54)
(22,36)
(115,32)
(62,20)
(106,28)
(148,21)
(81,10)
(139,52)
(160,19)
(0,15)
(0,14)
(182,0)
(38,3)
(143,19)
(59,3)
(76,24)
(183,24)
(22,44)
(106,1)
(199,47)
(116,46)
(76,2)
(72,46)
(65,24)
(129,6)
(175,7)
(12,50)
(174,14)
(18,47)
(3,16)
(144,35)
(97,43)
(151,53)
(39,38)
(34,12)
(187,17)
(196,38)
(150,3)
(181,10)
(164,22)
(9,28)
(7,40)
(62,41)
(66,17)
(83,23)
(174,51)
(91,13)
(123,19)
(18,22)
(39,49)
(96,11)
(115,22)
(73,24)
(131,8)
(56,28)
(142,20)
(148,2)
(126,29)
(154,18)
(35,15)
(112,54)
(178,19)
(118,21)
(176,2)
(141,49)
(14,9)
(149,42)
(170,35)
(12,15)
(0,30)
(80,45)
(191,32)
(5,43)
(60,37)
(172,46)
(3,40)
(43,35)
(83,13)
(75,27)
(6,14)
(184,31)
(145,21)
(179,10)
(84,33)
(103,24)
(163,13)
(173,48)
(159,27)
(80,1)
(5,37)
(150,39)
(37,31)
(112,25)
(107,10)
(186,22)
(159,7)
(32,20)
(34,51)
(176,23)
(91,20)
(197,42)
(70,21)
(34,29)
(19,53)
(188,36)
(198,2)
(66,45)
(50,29)
(148,44)
(72,5)
(100,32)
(24,20)
(20,44)
(4,10)
(97,34)
(15,51)
(94,4)
(79,51)
(154,24)
(190,35)
(37,2)
(167,20)
(113,22)
(185,15)
(144,29)
(144,45)
(176,29)
(109,38)
(13,53)
(102,11)
(121,34)
(51,34)
(21,52)
(21,12)
(181,41)
(42,54)
(125,26)
(98,11)
(89,27)
(136,28)
(48,49)
(126,19)
(162,31)
(115,14)
(33,50)
(6,32)
(109,35)
(153,51)
(156,49)
(120,22)
(188,20)
(160,25)
(118,14)
(141,50)
(177,44)
(26,28)
(103,31)
(179,13)
(197,16)
(41,23)
(25,30)
(113,24)
(44,6)
(179,7)
(194,22)
(89,16)
(101,20)
(14,15)
(48,50)
(6,2)
(54,4)
(133,4)
(105,3)
(93,51)
(16,7)
(143,21)
(19,25)
(24,0)
(104,0)
(41,8)
(50,22)
(43,27)
(90,20)
(91,54)
(185,14)
(121,20)
(85,1)
(114,31)
(111,14)
(11,21)
(30,17)
(140,35)
(27,14)
(198,42)
(43,22)
(42,29)
(23,11)
(43,45)
(117,21)
(37,46)
(24,9)
(171,20)
(197,19)
(178,11)
(160,18)
(198,32)
(186,20)
(162,4)
(60,21)
(113,23)
(191,21)
(52,51)
(104,32)
(121,10)
(48,8)
(168,54)
(142,50)
(183,10)
(102,51)
(59,48)
(133,51)
(150,30)
(68,36)
(143,26)
(84,3)
(62,2)
(4,42)
(131,32)
(153,11)
(75,26)
(49,32)
(33,10)
(111,10)
(9,42)
(3,46)
(23,13)
(19,22)
(175,30)
(96,22)
(79,17)
(142,3)
(110,32)
(174,17)
(119,39)
(120,4)
(130,10)
(133,45)
(35,26)
(109,6)
(1,12)
(172,27)
(168,0)
(180,31)
(111,46)
(109,48)
(169,1)
(126,32)
(98,0)
(114,54)
(13,7)
(57,17)
(116,29)
(177,54)
(199,18)
(26,31)
(169,44)
(92,10)
(123,20)
(108,23)
(147,27)
(161,22)
(88,31)
(0,28)
(167,40)
(25,3)
(37,39)
(181,13)
(10,1)
(155,30)
(169,11)
(153,9)
(53,7)
(162,29)
(96,19)
(112,20)
(6,37)
(91,29)
(74,41)
(124,20)
(121,17)
(61,5)
(87,48)
(59,22)
(83,46)
(121,30)
(142,51)
(123,52)
(13,13)
(166,51)
(106,30)
(180,46)
(71,28)
(133,33)
(17,36)
(47,29)
(176,5)
(61,52)
(6,28)
(15,27)
(47,2)
(142,49)
(47,14)
(136,13)
(87,52)
(176,48)
(131,49)
(33,18)
(82,52)
(70,40)
(14,11)
(108,1)
(48,54)
(188,5)
(194,24)
(166,28)
(44,2)
(122,9)
(23,29)
(89,17)
(29,1)
(177,10)
(16,14)
(115,31)
(128,47)
(120,21)
(186,12)
(190,1)
(191,4)
(44,12)
(14,6)
(3,31)
(111,37)
(171,3)
(58,37)
(141,17)
(65,12)
(191,43)
(114,49)
(58,5)
(90,5)
(105,10)
(91,4)
(143,33)
(97,33)
(100,54)
(167,3)
(86,49)
(47,52)
(79,0)
(32,52)
(71,15)
(135,32)
(167,28)
(187,14)
(7,39)
(166,40)
(136,26)
(36,8)
(57,49)
(150,42)
(60,51)
(188,24)
(58,54)
(95,38)
(52,46)
(189,9)
(135,37)
(75,12)
(134,18)
(9,11)
(27,27)
(4,15)
(26,7)
(28,22)
(30,4)
(174,34)
(114,52)
(28,31)
(48,25)
(7,14)
(43,23)
(21,1)
(156,44)
(66,49)
(126,3)
(38,16)
(186,37)
(104,9)
(163,28)
(150,0)
(159,8)
(186,32)
(31,11)
(188,10)
(154,28)
(87,10)
(128,10)
(170,49)
(0,20)
(113,7)
(163,46)
(189,25)
(57,8)
(140,5)
(7,36)
(82,29)
(25,14)
(43,42)
(120,54)
(0,12)
(153,26)
(164,20)
(184,2)
(43,15)
(56,46)
(74,54)
(190,21)
(185,53)
(128,51)
(132,34)
(183,53)
(90,40)
(132,28)
(35,34)
(83,31)
(59,9)
(165,20)
(44,15)
(131,3)
(158,7)
(39,33)
(98,37)
(105,8)
(131,43)
(128,23)
(50,4)
(146,20)
(59,14)
(77,40)
(110,22)
(165,9)
(20,31)
(135,2)
(71,31)
(86,15)
(149,4)
(3,49)
(10,11)
(150,15)
(173,31)
(51,30)
(134,38)
(126,28)
(2,34)
(124,7)
(186,44)
(110,44)
(39,12)
(31,30)
(58,17)
(28,26)
(18,36)
(34,43)
(106,47)
(65,20)
(51,37)
(32,45)
(151,8)
(187,52)
(127,26)
(65,49)
(171,6)
(180,16)
(170,44)
(50,12)
(48,19)
(121,19)
(87,6)
(198,45)
(90,51)
(53,6)
(51,45)
(8,21)
(57,5)
(142,26)
(149,33)
(112,26)
(94,29)
(82,31)
(63,30)
(178,6)
(180,48)
(33,47)
(133,37)
(79,50)
(199,10)
(93,33)
(175,11)
(122,3)
(153,44)
(7,44)
(125,10)
(125,50)
(182,44)
(118,27)
(195,48)
(170,29)
(168,35)
(160,9)
(78,51)
(49,11)
(77,10)
(38,38)
(26,12)
(193,34)
(42,13)
(191,51)
(157,20)
(149,10)
(170,25)
(119,28)
(13,41)
(33,11)
(73,45)
(177,36)
(194,44)
(146,15)
(36,54)
(190,7)
(43,54)
(112,50)
(42,47)
(26,38)
(188,39)
(76,45)
(5,26)
(130,15)
(172,0)
(130,36)
(67,18)
(24,18)
(87,12)
(177,51)
(74,51)
(125,40)
(189,4)
(143,29)
(177,52)
(8,40)
(53,49)
(28,4)
(142,35)
(91,53)
(164,28)
(115,33)
(61,42)
(132,43)
(152,30)
(55,16)
(14,54)
(50,54)
(175,23)
(66,25)
(107,36)
(95,51)
(84,14)
(90,34)
(111,19)
(103,1)
(186,26)
(2,40)
(87,45)
(15,6)
(144,32)
(157,51)
(195,41)
(186,28)
(138,9)
(78,22)
(64,53)
(35,0)
(65,23)
(156,45)
(56,20)
(85,22)
(63,22)
(77,34)
(166,6)
(181,31)
(165,45)
(61,8)
(73,31)
(48,17)
(3,23)
(106,54)
(154,45)
(106,18)
(186,31)
(174,24)
(131,11)
(87,54)
(193,24)
(135,42)
(119,40)
(70,25)
(128,43)
(168,28)
(147,11)
(171,11)
(58,35)
(168,27)
(102,10)
(161,19)
(31,37)
(135,49)
(55,48)
(9,38)
(121,6)
(179,47)
(126,8)
(186,14)
(146,22)
(47,36)
(140,12)
(83,38)
(0,31)
(168,15)
(75,40)
(175,46)
(16,47)
(89,20)
(21,47)
(64,37)
(176,43)
(117,4)
(179,20)
(143,49)
(154,47)
(59,35)
(52,9)
(187,35)
(84,7)
(31,14)
(73,23)
(117,16)
(47,6)
(121,45)
(174,44)
(193,33)
(50,32)
(131,14)
(39,36)
(79,25)
(23,52)
(69,12)
(32,6)
(180,51)
(15,52)
(176,3)
(74,45)
(23,10)
(151,18)
(83,32)
(158,10)
(190,38)
(41,37)
(80,22)
(101,23)
(5,20)
(114,11)
(49,37)
(52,21)
(18,39)
(152,6)
(113,5)
(56,6)
(58,7)
(5,51)
(110,10)
(91,41)
(199,12)
(19,14)
(179,54)
(51,22)
(83,47)
(40,33)
(166,10)
(69,40)
(105,22)
(85,7)
(188,8)
(85,19)
(73,46)
(57,29)
(93,9)
(76,48)
(90,16)
(188,47)
(88,0)
(30,13)
(81,7)
(16,31)
(34,17)
(3,2)
(53,38)
(127,27)
(120,53)
(176,15)
(42,51)
(169,22)
(107,47)
(113,10)
(184,18)
(34,8)
(152,9)
(81,51)
(183,21)
(109,5)
(131,13)
(35,50)
(56,51)
(110,39)
(77,30)
(54,5)
(110,8)
(26,14)
(91,50)
(71,41)
(155,22)
(3,11)
(113,26)
(193,5)
(89,49)
(120,43)
(45,47)
(134,31)
(42,45)
(19,15)
(51,6)
(20,29)
(1,20)
(151,23)
(93,5)
(57,26)
(16,19)
(37,8)
(115,9)
(47,30)
(75,11)
(115,18)
(164,9)
(36,41)
(11,4)
(109,24)
(186,35)
(105,21)
(108,2)
(128,12)
(150,29)
(9,18)
(184,46)
(34,24)
(122,53)
(57,48)
(30,16)
(149,14)
(195,7)
(25,34)
(172,40)
(37,9)
(93,41)
(120,3)
(163,54)
(152,14)
(45,30)
(63,36)
(174,31)
(44,14)
(199,4)
(183,41)
(53,31)
(186,34)
(41,15)
(98,43)
(54,30)
(10,38)
(59,29)
(113,19)
(81,13)
(108,53)
(130,26)
(63,18)
(179,16)
(188,9)
(24,38)
(154,43)
(127,53)
(191,50)
(21,17)
(178,22)
(33,35)
(116,18)
(33,4)
(65,46)
(183,0)
(80,25)
(14,48)
(65,41)
(69,7)
(13,14)
(50,13)
(44,17)
(13,5)
(31,3)
(149,12)
(190,43)
(123,10)
(124,32)
(162,47)
(137,32)
(44,29)
(1,39)
(121,18)
(124,18)
(25,8)
(160,39)
(197,29)
(68,51)
(3,51)
(150,40)
(66,13)
(111,8)
(54,51)
(15,50)
(129,30)
(157,28)
(118,2)
(91,26)
(44,25)
(32,46)
(81,48)
(169,52)
(18,35)
(59,17)
(5,39)
(164,12)
(176,17)
(145,0)
(137,50)
(193,22)
(22,25)
(143,52)
(5,25)
(68,34)
(143,28)
(41,24)
(25,10)
(72,15)
(16,21)
(195,36)
(195,22)
(12,3)
(29,23)
(4,28)
(146,45)
(169,17)
(84,16)
(92,25)
(127,51)
(186,17)
(29,52)
(49,24)
(13,45)
(116,30)
(3,33)
(74,33)
(27,43)
(111,39)
(80,6)
(187,40)
(171,46)
(150,14)
(184,22)
(135,34)
(28,35)
(188,23)
(54,49)
(47,37)
(0,33)
(70,54)
(104,16)
(71,16)
(175,28)
(91,19)
(33,52)
(113,48)
(130,24)
(142,15)
(151,49)
(16,20)
(143,0)
(30,46)
(89,3)
(12,30)
(36,18)
(23,24)
(62,47)
(146,19)
(191,48)
(27,16)
(67,30)
(147,9)
(75,17)
(80,9)
(53,45)
(118,40)
(137,38)
(173,15)
(189,21)
(167,27)
(108,8)
(162,34)
(6,54)
(12,16)
(194,20)
(120,44)
(8,37)
(18,40)
(118,7)
(132,6)
(73,50)
(141,53)
(92,48)
(70,17)
(193,16)
(161,38)
(128,0)
(72,33)
(103,42)
(139,15)
(96,33)
(16,15)
(90,27)
(195,14)
(137,12)
(174,49)
(62,25)
(122,40)
(114,53)
(92,3)
(193,17)
(114,13)
(192,16)
(119,37)
(59,37)
(163,26)
(41,50)
(77,50)
(61,3)
(187,47)
(2,46)
(93,22)
(39,15)
(19,31)
(170,4)
(63,3)
(192,4)
(159,19)
(149,3)
(142,36)
(75,6)
(80,39)
(130,14)
(105,16)
(3,37)
(39,8)
(175,29)
(58,51)
(19,11)
(52,29)
(194,30)
(80,17)
(193,1)
(174,7)
(168,22)
(35,42)
(156,40)
(122,24)
(107,38)
(158,51)
(57,28)
(156,31)
(199,36)
(2,25)
(41,22)
(75,31)
(25,24)
(36,29)
(114,35)
(33,7)
(173,9)
(74,40)
(97,31)
(142,10)
(147,31)
(193,18)
(197,13)
(79,7)
(67,35)
(51,13)
(130,6)
(144,37)
(94,6)
(128,22)
(155,37)
(18,41)
(199,25)
(142,7)
(180,6)
(16,49)
(1,54)
(95,20)
(107,41)
(84,22)
(104,34)
(49,34)
(190,32)
(57,12)
(57,13)
(17,0)
(137,54)
(192,49)
(154,13)
(136,35)
(84,0)
(191,14)
(113,0)
(59,42)
(9,16)
(90,12)
(145,10)
(3,48)
(129,25)
(147,21)
(35,49)
(59,53)
(22,6)
(85,13)
(98,36)
(140,51)
(193,45)
(49,40)
(185,23)
(85,11)
(179,29)
(95,4)
(162,5)
(47,44)
(47,32)
(66,28)
(94,9)
(2,54)
(90,32)
(32,28)
(106,37)
(105,13)
(104,41)
(170,28)
(130,30)
(3,12)
(87,27)
(25,6)
(117,39)
(109,23)
(79,21)
(188,6)
(103,45)
(39,53)
(107,31)
(52,11)
(32,42)
(180,36)
(75,13)
(124,12)
(47,25)
(22,33)
(40,31)
(3,18)
(83,15)
(186,23)
(36,33)
(101,15)
(88,51)
(134,46)
(145,18)
(7,10)
(189,8)
(17,34)
(94,12)
(5,2)
(180,39)
(105,51)
(68,8)
(137,44)
(79,39)
(102,45)
(74,25)
(37,17)
(95,19)
(134,6)
(79,1)
(38,11)
(101,22)
(71,29)
(160,7)
(75,47)
(173,19)
(154,15)
(129,26)
(73,13)
(73,28)
(195,24)
(151,24)
(11,41)
(27,15)
(61,47)
(163,50)
(146,24)
(29,15)
(179,1)
(33,24)
(142,34)
(177,38)
(5,19)
(187,48)
(165,10)
(135,35)
(48,0)
(74,44)
(59,27)
(161,40)
(12,25)
(103,21)
(174,28)
(143,18)
(27,26)
(62,24)
(6,42)
(139,11)
(125,53)
(14,44)
(86,4)
(177,3)
(174,35)
(140,11)
(68,48)
(15,48)
(29,5)
(87,30)
(172,48)
(19,37)
(75,28)
(116,40)
(154,41)
(152,24)
(65,37)
(62,32)
(87,9)
(79,43)
(175,5)
(168,18)
(43,26)
(6,34)
(90,6)
(56,47)
(180,30)
(130,4)
(168,14)
(152,5)
(110,25)
(189,12)
(196,16)
(189,13)
(184,23)
(191,36)
(99,20)
(137,10)
(121,12)
(65,22)
(105,28)
(67,22)
(86,34)
(17,15)
(35,22)
(139,26)
(179,38)
(144,6)
(10,16)
(125,3)
(75,30)
(95,40)
(66,39)
(173,53)
(180,52)
(4,41)
(50,25)
(2,41)
(155,28)
(20,34)
(111,16)
(80,14)
(83,36)
(43,0)
(171,4)
(100,10)
(180,8)
(159,0)
(80,11)
(68,27)
(140,44)
(190,12)
(44,53)
(150,19)
(36,45)
(154,46)
(92,41)
(188,41)
(96,9)
(7,25)
(158,0)
(100,31)
(57,54)
(196,12)
(70,19)
(111,6)
(198,35)
(159,6)
(14,22)
(99,33)
(52,22)
(97,9)
(18,23)
(104,6)
(7,13)
(179,42)
(117,15)
(192,13)
(2,53)
(193,46)
(59,13)
(19,20)
(56,30)
(101,40)
(107,45)
(48,51)
(166,52)
(72,52)
(170,11)
(10,44)
(16,28)
(177,13)
(173,54)
(75,45)
(45,23)
(191,12)
(189,43)
(135,38)
(36,4)
(82,43)
(144,46)
(90,48)
(31,45)
(184,30)
(159,24)
(65,34)
(71,40)
(109,32)
(57,10)
(95,44)
(142,22)
(138,47)
(84,1)
(62,21)
(103,9)
(74,53)
(99,6)
(126,34)
(22,26)
(191,11)
(42,38)
(159,29)
(142,30)
(115,37)
(129,35)
(44,51)
(171,47)
(165,13)
(107,25)
(187,9)
(78,13)
(60,7)
(178,44)
(85,54)
(19,50)
(147,25)
(41,52)
(57,11)
(183,13)
(142,1)
(96,50)
(121,21)
(120,51)
(49,12)
(66,41)
(40,30)
(169,12)
(31,7)
(88,26)
(128,8)
(160,45)
(89,33)
(169,49)
(35,33)
(108,13)
(166,13)
(188,21)
(139,4)
(182,53)
(192,35)
(103,41)
(176,13)
(156,12)
(113,31)
(149,50)
(58,43)
(114,23)
(80,7)
(66,26)
(7,12)
(68,35)
(199,49)
(69,21)
(162,51)
(187,39)
(102,15)
(18,34)
(24,11)
(139,31)
(60,8)
(48,31)
(29,48)
(69,35)
(110,34)
(164,48)
(84,5)
(136,49)
(5,5)
(154,9)
(78,30)
(44,1)
(62,43)
(181,18)
(156,48)
(181,33)
(122,7)
(174,46)
(101,9)
(86,20)
(186,41)
(130,13)
(25,5)
(37,16)
(4,11)
(64,15)
(80,35)
(143,22)
(169,2)
(155,33)
(46,44)
(93,25)
(86,38)
(199,7)
(166,27)
(60,27)
(168,12)
(108,22)
(94,26)
(184,51)
(59,34)
(134,34)
(13,12)
(128,37)
(46,22)
(5,44)
(27,40)
(78,54)
(54,16)
(86,30)
(147,38)
(157,29)
(196,17)
(115,12)
(74,27)
(146,38)
(164,35)
(58,40)
(79,30)
(127,5)
(81,22)
(148,20)
(82,35)
(53,22)
(177,19)
(36,23)
(197,2)
(68,39)
(171,51)
(109,9)
(182,35)
(154,54)
(162,22)
(90,44)
(65,43)
(161,35)
(65,25)
(38,35)
(50,2)
(76,47)
(29,3)
(7,31)
(175,39)
(99,52)
(147,32)
(148,23)
(121,27)
(111,3)
(156,37)
(72,27)
(0,8)
(96,28)
(191,38)
(26,40)
(186,25)
(73,18)
(130,9)
(47,28)
(61,39)
(154,40)
(30,22)
(94,0)
(186,39)
(122,35)
(102,31)
(1,8)
(39,25)
(172,10)
(40,48)
(76,27)
(83,18)
(86,39)
(198,4)
(77,2)
(122,22)
(10,2)
(93,18)
(23,16)
(199,9)
(14,35)
(146,3)
(142,19)
(41,31)
(47,48)
(191,26)
(105,40)
(87,16)
(129,32)
(139,35)
(32,30)
(96,41)
(73,27)
(54,53)
(37,54)
(16,45)
(44,34)
(18,9)
(82,51)
(143,7)
(169,42)
(6,4)
(0,7)
(89,2)
(187,7)
(190,14)
(82,47)
(68,23)
(148,48)
(76,42)
(95,10)
(111,41)
(197,38)
(174,45)
(185,31)
(109,3)
(110,30)
(104,19)
(185,12)
(141,9)
(178,52)
(57,15)
(39,51)
(44,23)
(171,7)
(95,41)
(18,28)
(89,34)
(196,51)
(8,41)
(82,53)
(74,11)
(17,9)
(114,24)
(114,33)
(152,31)
(73,44)
(140,6)
(82,9)
(116,22)
(82,16)
(19,26)
(198,31)
(142,52)
(7,41)
(101,0)
(176,37)
(194,9)
(179,43)
(165,50)
(180,29)
(103,52)
(44,28)
(149,27)
(75,9)
(4,45)
(124,13)
(121,39)
(137,48)
(113,1)
(115,51)
(68,19)
(169,16)
(196,27)
(16,18)
(14,19)
(139,32)
(83,17)
(100,28)
(111,34)
(17,20)
(104,38)
(183,39)
(32,49)
(1,34)
(110,21)
(196,36)
(88,28)
(163,32)
(96,23)
(69,44)
(191,52)
(140,17)
(4,44)
(154,49)
(1,5)
(98,3)
(93,10)
(117,28)
(7,4)
(168,13)
(52,43)
(140,48)
(111,42)
(152,39)
(158,49)
(8,16)
(2,39)
(157,38)
(46,34)
(87,15)
(190,26)
(0,53)
(149,47)
(103,44)
(156,25)
(145,52)
(81,26)
(149,16)
(100,0)
(132,49)
(79,18)
(27,46)
(11,7)
(79,3)
(174,30)
(80,44)
(35,31)
(7,11)
(159,5)
(87,28)
(43,14)
(66,47)
(79,14)
(116,20)
(124,54)
(174,0)
(78,47)
(134,37)
(175,25)
(98,4)
(112,1)
(86,22)
(144,15)
(94,45)
(4,19)
(124,44)
(9,51)
(16,46)
(183,9)
(141,44)
(84,24)
(138,10)
(90,9)
(161,46)
(91,28)
(182,28)
(101,36)
(167,23)
(52,23)
(133,46)
(16,25)
(64,16)
(168,10)
(75,2)
(119,0)
(183,16)
(30,19)
(27,1)
(78,36)
(88,46)
(5,30)
(160,27)
(51,33)
(156,16)
(18,17)
(193,25)
(46,21)
(44,7)
(187,10)
(153,49)
(81,5)
(199,35)
(105,46)
(88,27)
(112,8)
(167,26)
(187,32)
(190,34)
(144,53)
(80,47)
(104,42)
(28,40)
(29,6)
(61,27)
(148,34)
(104,39)
(10,24)
(170,13)
(125,24)
(110,24)
(2,27)
(113,34)
(30,53)
(42,25)
(142,13)
(155,42)
(135,11)
(25,50)
(124,49)
(54,10)
(14,50)
(100,51)
(66,24)
(95,49)
(95,43)
(50,17)
(134,12)
(72,45)
(58,50)
(145,39)
(39,7)
(112,18)
(91,46)
(150,20)
(182,39)
(61,31)
(43,5)
(161,13)
(60,35)
(123,43)
(161,6)
(117,27)
(2,13)
(33,9)
(137,29)
(85,41)
(107,33)
(46,51)
(77,23)
(180,33)
(81,42)
(50,35)
(8,24)
(44,5)
(175,54)
(164,54)
(96,34)
(57,33)
(188,48)
(86,52)
(82,12)
(107,14)
(89,18)
(31,24)
(7,8)
(130,23)
(65,26)
(126,51)
(10,25)
(71,21)
(29,25)
(162,44)
(176,14)
(117,31)
(168,11)
(29,53)
(107,30)
(97,24)
(21,16)
(117,5)
(100,26)
(108,43)
(132,9)
(38,17)
(174,4)
(102,34)
(29,13)
(42,10)
(78,7)
(31,26)
(88,14)
(85,25)
(156,51)
(44,24)
(172,38)
(174,36)
(40,54)
(34,13)
(88,19)
(66,53)
(5,28)
(55,29)
(126,30)
(82,45)
(43,40)
(144,14)
(91,52)
(122,6)
(163,1)
(113,33)
(70,7)
(160,1)
(171,53)
(73,12)
(179,34)
(44,38)
(97,32)
(177,18)
(47,39)
(82,37)
(85,12)
(90,22)
(28,27)
(22,46)
(101,49)
(38,14)
(56,16)
(29,9)
(93,21)
(8,20)
(12,29)
(147,35)
(63,29)
(80,49)
(24,12)
(185,48)
(87,50)
(23,30)
(61,44)
(167,52)
(104,17)
(32,39)
(103,38)
(33,15)
(75,18)
(130,20)
(94,32)
(198,6)
(96,54)
(176,45)
(29,29)
(195,13)
(101,16)
(109,12)
(96,31)
(53,39)
(105,11)
(127,50)
(119,29)
(120,23)
(46,45)
(30,26)
(61,7)
(148,30)
(114,15)
(166,32)
(168,25)
(167,54)
(59,49)
(22,16)
(32,21)
(81,49)
(118,9)
(130,12)
(33,21)
(155,23)
(57,44)
(82,18)
(9,43)
(155,31)
(33,41)
(47,50)
(36,3)
(76,49)
(151,29)
(82,38)
(71,27)
(188,42)
(99,17)
(12,5)
(21,19)
(186,29)
(165,30)
(170,51)
(88,29)
(154,39)
(134,27)
(5,29)
(124,9)
(140,13)
(57,14)
(65,38)
(92,12)
(83,37)
(133,25)
(185,52)
(138,38)
(70,37)
(103,51)
(10,42)
(142,25)
(12,32)
(28,0)
(109,14)
(73,25)
(152,21)
(40,32)
(3,39)
(147,8)
(172,28)
(32,23)
(8,42)
(48,38)
(38,31)
(186,6)
(168,52)
(140,1)
(186,13)
(68,9)
(5,48)
(41,33)
(192,40)
(15,47)
(126,31)
(116,50)
(2,2)
(182,12)
(179,12)
(181,19)
(109,10)
(42,12)
(187,38)
(78,34)
(131,39)
(8,39)
(158,18)
(161,29)
(124,26)
(119,51)
(67,7)
(77,41)
(196,43)
(5,34)
(43,31)
(194,31)
(144,51)
(76,44)
(124,11)
(16,22)
(95,47)
(188,13)
(190,39)
(72,40)
(114,38)
(145,46)
(174,6)
(36,34)
(158,26)
(32,24)
(18,18)
(93,28)
(86,48)
(119,30)
(189,47)
(9,2)
(195,10)
(19,17)
(124,10)
(95,30)
(190,41)
(148,39)
(53,10)
(118,50)
(7,47)
(46,50)
(175,18)
(193,32)
(51,53)
(142,38)
(65,19)
(124,22)
(74,42)
(66,50)
(103,28)
(138,43)
(141,28)
(22,7)
(167,15)
(60,44)
(140,30)
(162,38)
(104,8)
(126,38)
(199,50)
(193,37)
(76,51)
(43,6)
(53,43)
(75,34)
(13,48)
(25,46)
(137,6)
(99,9)
(108,29)
(132,11)
(95,27)
(22,10)
(78,44)
(197,20)
(142,28)
(104,37)
(76,41)
(81,45)
(35,23)
(172,37)
(18,50)
(61,16)
(32,5)
(146,17)
(52,36)
(14,0)
(25,20)
(83,30)
(187,51)
(192,8)
(113,41)
(79,24)
(100,3)
(64,11)
(81,6)
(169,34)
(131,31)
(80,4)
(142,0)
(108,26)
(102,6)
(28,34)
(119,16)
(76,53)
(5,35)
(53,5)
(151,44)
(90,4)
(96,46)
(67,41)
(100,43)
(41,21)
(173,44)
(10,31)
(78,18)
(89,48)
(20,20)
(3,38)
(148,18)
(192,7)
(83,12)
(88,6)
(48,48)
(183,50)
(108,10)
(86,29)
(11,13)
(41,7)
(187,53)
(97,22)
(169,46)
(133,19)
(147,40)
(45,39)
(36,9)
(75,38)
(47,26)
(110,48)
(199,26)
(41,51)
(177,27)
(62,7)
(142,23)
(72,41)
(16,12)
(63,44)
(138,7)
(42,26)
(183,14)
(59,21)
(90,24)
(154,22)
(20,41)
(177,50)
(196,3)
(99,51)
(139,44)
(30,7)
(27,25)
(78,53)
(194,13)
(7,34)
(177,49)
(117,33)
(165,18)
(15,12)
(5,23)
(192,23)
(186,11)
(99,34)
(118,19)
(182,23)
(56,23)
(112,31)
(114,6)
(69,54)
(118,34)
(113,3)
(27,47)
(107,52)
(0,32)
(121,4)
(136,52)
(32,44)
(125,16)
(24,36)
(184,28)
(24,14)
(38,33)
(146,5)
(53,21)
(6,12)
(139,10)
(97,50)
(82,10)
(127,34)
(98,25)
(12,38)
(123,39)
(73,0)
(90,10)
(55,26)
(54,2)
(174,33)
(134,15)
(2,51)
(76,50)
(84,47)
(94,41)
(101,37)
(89,8)
(190,23)
(190,13)
(44,16)
(129,44)
(88,23)
(111,53)
(187,37)
(160,13)
(49,13)
(155,11)
(172,49)
(97,0)
(33,42)
(172,47)
(1,23)
(140,2)
(86,35)
(89,15)
(138,35)
(47,35)
(136,11)
(0,49)
(7,27)
(34,35)
(24,42)
(87,42)
(142,4)
(132,31)
(113,44)
(162,18)
(87,26)
(142,37)
(116,24)
(16,3)
(189,52)
(118,26)
(185,28)
(41,9)
(105,1)
(19,41)
(133,11)
(157,35)
(129,49)
(135,12)
(27,39)
(113,9)
(33,22)
(54,52)
(48,45)
(196,19)
(93,40)
(175,42)
(52,38)
(164,7)
(56,33)
(55,49)
(24,47)
(124,5)
(135,0)
(83,35)
(133,6)
(153,8)
(73,52)
(170,39)
(123,9)
(101,6)
(186,46)
(144,9)
(160,49)
(83,8)
(19,42)
(83,4)
(185,21)
(190,6)
(4,47)
(82,28)
(45,40)
(90,7)
(77,16)
(161,23)
(49,19)
(126,45)
(162,26)
(152,8)
(121,50)
(120,31)
(119,32)
(131,26)
(91,37)
(112,28)
(20,35)
(88,33)
(115,24)
(144,22)
(89,53)
(3,44)
(21,20)
(191,54)
(57,43)
(11,6)
(184,29)
(61,15)
(81,31)
(169,19)
(159,35)
(115,54)
(97,25)
(25,21)
(4,32)
(99,38)
(144,2)
(64,51)
(198,11)
(147,48)
(31,10)
(122,10)
(150,43)
(92,2)
(144,25)
(96,5)
(73,30)
(153,54)
(63,1)
(43,49)
(13,38)
(50,37)
(81,32)
(117,49)
(54,12)
(81,36)
(152,53)
(196,8)
(96,52)
(25,1)
(20,47)
(147,30)
(55,13)
(52,7)
(114,28)
(190,52)
(37,35)
(93,54)
(34,26)
(27,34)
(33,3)
(163,16)
(39,39)
(188,34)
(149,5)
(89,32)
(80,34)
(148,32)
(88,16)
(140,22)
(168,32)
(89,9)
(189,44)
(196,39)
(164,32)
(130,40)
(50,21)
(164,43)
(34,46)
(159,51)
(78,4)
(114,41)
(30,48)
(131,36)
(132,54)
(182,11)
(38,13)
(142,47)
(103,19)
(0,21)
(182,50)
(27,33)
(182,36)
(109,18)
(159,32)
(76,1)
(164,21)
(96,53)
(131,24)
(181,17)
(153,41)
(8,30)
(42,2)
(180,5)
(153,34)
(52,17)
(179,4)
(51,25)
(138,14)
(0,9)
(119,26)
(70,41)
(46,28)
(48,52)
(64,44)
(41,14)
(30,15)
(16,40)
(25,26)
(17,49)
(112,48)
(84,8)
(145,27)
(47,21)
(178,40)
(84,51)
(47,11)
(197,10)
(73,19)
(189,50)
(78,43)
(47,13)
(86,50)
(49,22)
(133,47)
(43,41)
(61,37)
(49,4)
(151,36)
(91,48)
(42,31)
(139,27)
(105,48)
(59,18)
(112,4)
(95,48)
(47,38)
(23,40)
(171,8)
(101,46)
(42,14)
(88,50)
(193,28)
(128,54)
(11,24)
(136,33)
(76,40)
(5,33)
(25,36)
(174,10)
(126,24)
(19,39)
(78,27)
(63,41)
(26,16)
(51,43)
(139,21)
(158,16)
(27,38)
(103,48)
(72,21)
(29,35)
(189,39)
(124,48)
(20,10)
(114,7)
(125,31)
(163,39)
(185,44)
(167,49)
(159,20)
(43,11)
(180,17)
(162,30)
(22,47)
(72,39)
(133,12)
(183,38)
(66,18)
(94,42)
(164,15)
(103,29)
(51,20)
(101,38)
(128,2)
(100,33)
(150,23)
(113,47)
(51,42)
(137,3)
(44,44)
(9,7)
(119,6)
(52,16)
(187,16)
(138,31)
(0,47)
(56,36)
(43,3)
(46,49)
(170,53)
(197,37)
(86,5)
(9,54)
(56,14)
(179,30)
(14,10)
(155,4)
(44,48)
(2,19)
(13,40)
(19,33)
(76,26)
(168,49)
(10,19)
(40,15)
(61,53)
(83,3)
(48,11)
(38,43)
(44,54)
(171,26)
(94,25)
(52,35)
(171,25)
(153,48)
(70,30)
(21,28)
(121,41)
(185,30)
(42,52)
(167,31)
(196,26)
(100,17)
(195,28)
(42,46)
(24,2)
(125,38)
(136,42)
(21,33)
(57,9)
(125,43)
(145,32)
(99,47)
(140,40)
(37,11)
(140,54)
(13,4)
(120,46)
(105,27)
(128,17)
(136,8)
(17,45)
(122,5)
(125,19)
(79,35)
(1,11)
(84,4)
(63,26)
(136,50)
(16,9)
(34,21)
(132,44)
(66,38)
(132,45)
(119,46)
(174,15)
(17,14)
(175,17)
(6,47)
(7,32)
(15,10)
(53,35)
(61,17)
(80,53)
(160,24)
(34,16)
(75,53)
(94,27)
(108,38)
(51,26)
(119,36)
(77,54)
(61,11)
(133,38)
(146,10)
(52,49)
(144,54)
(26,30)
(24,34)
(80,23)
(60,40)
(51,27)
(55,40)
(49,44)
(147,2)
(197,39)
(101,7)
(51,7)
(18,8)
(75,20)
(84,52)
(197,35)
(24,15)
(181,9)
(45,37)
(184,42)
(100,14)
(120,45)
(73,21)
(101,19)
(96,16)
(26,47)
(27,23)
(113,13)
(177,17)
(150,52)
(151,34)
(62,50)
(194,23)
(94,17)
(107,35)
(165,3)
