100 Users
20 Files
1000 Transactions
2 Maximum Connections
1 Cycle Length per Upload-Download
0 Warm-up Transactions
0.400000 Zipf constant
5 Pre-Trusted Users
60 Well-Behaved (Good) Users
40 Purely Malicious Users
0 Feedback Skewing Users
0 Malignant Providing Users
0 Disguised Malicous Users
0 Sybil Attack Users
true Intelligent Trans. Generation
1561005431524 Trace Generation Seed

(0.057949,0.000000,1,false)
(0.008494,0.000000,1,false)
(0.006186,0.000000,1,false)
(0.078765,0.000000,1,false)
(0.003143,0.000000,1,false)
(0.075844,0.000000,1,false)
(0.009514,0.000000,1,false)
(0.035210,0.000000,1,false)
(0.057248,0.000000,1,false)
(0.061119,0.000000,1,false)
(0.050562,0.000000,1,false)
(0.087295,0.000000,1,false)
(0.065821,0.000000,1,false)
(0.063855,0.000000,1,false)
(0.013110,0.000000,1,false)
(0.083762,0.000000,1,false)
(0.016812,0.000000,1,false)
(0.009959,0.000000,1,false)
(0.054860,0.000000,1,false)
(0.057007,0.000000,1,false)
(0.021345,0.000000,1,false)
(0.020910,0.000000,1,false)
(0.051295,0.000000,1,false)
(0.054424,0.000000,1,false)
(0.052381,0.000000,1,false)
(0.008057,0.000000,1,false)
(0.010799,0.000000,1,false)
(0.018750,0.000000,1,false)
(0.088391,0.000000,1,false)
(0.037712,0.000000,1,false)
(0.068025,0.000000,1,false)
(0.068639,0.000000,1,false)
(0.073360,0.000000,1,false)
(0.099561,0.000000,1,false)
(0.028174,0.000000,1,false)
(0.081583,0.000000,1,false)
(0.096699,0.000000,1,false)
(0.050870,0.000000,1,false)
(0.078732,0.000000,1,false)
(0.035255,0.000000,1,false)
(0.982919,1.000000,0,true)
(0.998005,1.000000,0,true)
(0.992842,1.000000,0,true)
(0.979454,1.000000,0,true)
(0.997273,1.000000,0,true)
(0.945059,1.000000,0,false)
(0.936867,1.000000,0,false)
(0.900245,1.000000,0,false)
(0.962649,1.000000,0,false)
(0.994018,1.000000,0,false)
(0.917810,1.000000,0,false)
(0.953183,1.000000,0,false)
(0.954266,1.000000,0,false)
(0.924146,1.000000,0,false)
(0.956105,1.000000,0,false)
(0.927065,1.000000,0,false)
(0.974170,1.000000,0,false)
(0.963468,1.000000,0,false)
(0.927773,1.000000,0,false)
(0.989374,1.000000,0,false)
(0.964676,1.000000,0,false)
(0.937640,1.000000,0,false)
(0.901597,1.000000,0,false)
(0.998083,1.000000,0,false)
(0.930262,1.000000,0,false)
(0.954939,1.000000,0,false)
(0.902898,1.000000,0,false)
(0.987654,1.000000,0,false)
(0.913551,1.000000,0,false)
(0.922855,1.000000,0,false)
(0.924088,1.000000,0,false)
(0.928606,1.000000,0,false)
(0.925587,1.000000,0,false)
(0.973739,1.000000,0,false)
(0.955224,1.000000,0,false)
(0.977880,1.000000,0,false)
(0.957101,1.000000,0,false)
(0.905749,1.000000,0,false)
(0.982667,1.000000,0,false)
(0.951994,1.000000,0,false)
(0.995767,1.000000,0,false)
(0.921024,1.000000,0,false)
(0.900762,1.000000,0,false)
(0.966560,1.000000,0,false)
(0.944712,1.000000,0,false)
(0.965567,1.000000,0,false)
(0.900060,1.000000,0,false)
(0.994290,1.000000,0,false)
(0.979578,1.000000,0,false)
(0.944785,1.000000,0,false)
(0.936179,1.000000,0,false)
(0.998945,1.000000,0,false)
(0.995445,1.000000,0,false)
(0.904883,1.000000,0,false)
(0.945762,1.000000,0,false)
(0.904931,1.000000,0,false)
(0.980747,1.000000,0,false)
(0.933555,1.000000,0,false)
(0.960301,1.000000,0,false)
(0.961402,1.000000,0,false)

(1,0,false)
(3,0,false)
(4,0,false)
(5,0,false)
(6,0,false)
(7,0,false)
(8,0,false)
(9,0,false)
(10,0,false)
(11,0,false)
(13,0,false)
(14,0,false)
(15,0,false)
(16,0,true)
(18,0,false)
(19,0,false)
(20,0,false)
(21,0,false)
(22,0,false)
(23,0,false)
(24,0,false)
(25,0,false)
(26,0,false)
(27,0,false)
(28,0,false)
(29,0,false)
(30,0,false)
(31,0,false)
(32,0,false)
(34,0,false)
(35,0,false)
(36,0,false)
(37,0,false)
(39,0,false)
(40,0,true)
(41,0,true)
(42,0,true)
(43,0,true)
(46,0,true)
(47,0,true)
(48,0,true)
(49,0,true)
(51,0,true)
(52,0,true)
(53,0,true)
(54,0,true)
(55,0,true)
(56,0,true)
(58,0,true)
(59,0,true)
(60,0,true)
(61,0,true)
(63,0,true)
(64,0,true)
(65,0,true)
(67,0,true)
(68,0,true)
(69,0,true)
(71,0,true)
(72,0,true)
(73,0,true)
(74,0,true)
(75,0,true)
(76,0,true)
(77,0,true)
(78,0,true)
(79,0,true)
(80,0,true)
(83,0,true)
(84,0,false)
(85,0,true)
(87,0,true)
(88,0,true)
(89,0,true)
(91,0,true)
(94,0,true)
(96,0,true)
(98,0,true)
(99,0,true)
(0,1,false)
(1,1,false)
(2,1,false)
(3,1,false)
(4,1,false)
(5,1,false)
(6,1,false)
(13,1,false)
(14,1,false)
(16,1,false)
(18,1,false)
(19,1,false)
(20,1,false)
(21,1,false)
(22,1,false)
(24,1,false)
(26,1,false)
(27,1,false)
(28,1,true)
(30,1,false)
(31,1,false)
(32,1,false)
(34,1,false)
(35,1,false)
(36,1,false)
(37,1,false)
(38,1,false)
(41,1,true)
(42,1,true)
(43,1,true)
(44,1,true)
(46,1,true)
(48,1,true)
(51,1,false)
(52,1,true)
(53,1,true)
(54,1,true)
(55,1,true)
(56,1,true)
(59,1,true)
(61,1,true)
(62,1,true)
(64,1,true)
(65,1,true)
(66,1,true)
(67,1,true)
(68,1,true)
(69,1,true)
(70,1,true)
(73,1,true)
(76,1,true)
(77,1,false)
(78,1,true)
(79,1,true)
(83,1,true)
(84,1,true)
(86,1,true)
(87,1,true)
(88,1,true)
(89,1,true)
(91,1,true)
(92,1,true)
(93,1,true)
(94,1,true)
(95,1,true)
(96,1,true)
(0,2,false)
(2,2,false)
(3,2,false)
(4,2,false)
(5,2,false)
(6,2,false)
(7,2,false)
(8,2,false)
(9,2,false)
(11,2,false)
(15,2,true)
(17,2,false)
(18,2,false)
(20,2,false)
(21,2,false)
(24,2,false)
(26,2,false)
(31,2,false)
(33,2,false)
(35,2,false)
(40,2,true)
(42,2,true)
(44,2,true)
(45,2,true)
(51,2,true)
(52,2,true)
(54,2,true)
(56,2,true)
(57,2,true)
(60,2,true)
(64,2,true)
(65,2,true)
(67,2,true)
(68,2,true)
(69,2,true)
(70,2,true)
(72,2,true)
(73,2,true)
(76,2,true)
(77,2,true)
(79,2,true)
(81,2,true)
(82,2,true)
(86,2,true)
(88,2,true)
(90,2,true)
(94,2,true)
(95,2,true)
(96,2,true)
(99,2,true)
(0,3,false)
(2,3,false)
(3,3,false)
(6,3,false)
(7,3,false)
(8,3,false)
(10,3,false)
(11,3,true)
(12,3,false)
(20,3,false)
(21,3,false)
(22,3,false)
(23,3,false)
(24,3,false)
(28,3,false)
(29,3,false)
(31,3,false)
(32,3,false)
(36,3,false)
(37,3,false)
(38,3,false)
(39,3,false)
(42,3,true)
(51,3,false)
(55,3,true)
(57,3,true)
(59,3,true)
(60,3,true)
(63,3,true)
(67,3,true)
(71,3,false)
(72,3,true)
(74,3,true)
(75,3,true)
(76,3,true)
(79,3,true)
(84,3,true)
(87,3,true)
(88,3,true)
(89,3,true)
(91,3,true)
(92,3,true)
(93,3,true)
(94,3,true)
(96,3,true)
(97,3,true)
(99,3,true)
(2,4,false)
(6,4,false)
(7,4,false)
(8,4,false)
(10,4,false)
(11,4,false)
(16,4,false)
(18,4,false)
(22,4,false)
(23,4,false)
(25,4,false)
(27,4,false)
(30,4,false)
(32,4,false)
(34,4,false)
(36,4,false)
(38,4,false)
(41,4,true)
(42,4,true)
(43,4,true)
(44,4,true)
(49,4,true)
(51,4,true)
(53,4,false)
(54,4,true)
(59,4,true)
(60,4,true)
(61,4,true)
(62,4,true)
(63,4,true)
(65,4,true)
(66,4,true)
(67,4,true)
(68,4,true)
(70,4,true)
(73,4,true)
(74,4,true)
(77,4,true)
(78,4,true)
(79,4,true)
(81,4,true)
(84,4,true)
(85,4,true)
(86,4,true)
(87,4,true)
(89,4,true)
(90,4,true)
(91,4,true)
(97,4,false)
(0,5,false)
(4,5,false)
(5,5,true)
(8,5,false)
(11,5,true)
(12,5,false)
(13,5,false)
(14,5,false)
(15,5,false)
(16,5,false)
(18,5,false)
(19,5,false)
(20,5,false)
(22,5,false)
(23,5,false)
(24,5,false)
(26,5,false)
(28,5,false)
(30,5,false)
(31,5,false)
(32,5,false)
(34,5,false)
(36,5,false)
(37,5,false)
(39,5,false)
(42,5,false)
(45,5,true)
(47,5,true)
(51,5,true)
(52,5,true)
(55,5,true)
(56,5,true)
(57,5,true)
(58,5,true)
(60,5,true)
(61,5,true)
(62,5,true)
(63,5,true)
(65,5,true)
(71,5,true)
(72,5,true)
(73,5,true)
(77,5,true)
(78,5,true)
(80,5,true)
(83,5,true)
(85,5,true)
(89,5,true)
(91,5,true)
(92,5,true)
(93,5,false)
(94,5,true)
(95,5,true)
(96,5,true)
(98,5,true)
(1,6,false)
(2,6,false)
(6,6,false)
(9,6,false)
(10,6,false)
(21,6,false)
(23,6,false)
(29,6,true)
(31,6,false)
(32,6,false)
(36,6,false)
(38,6,false)
(39,6,false)
(44,6,true)
(50,6,true)
(53,6,true)
(56,6,true)
(58,6,true)
(62,6,true)
(63,6,true)
(66,6,true)
(67,6,true)
(68,6,true)
(71,6,true)
(75,6,true)
(76,6,true)
(79,6,true)
(83,6,true)
(84,6,true)
(86,6,true)
(88,6,true)
(89,6,true)
(90,6,true)
(91,6,true)
(93,6,true)
(94,6,true)
(97,6,true)
(98,6,true)
(99,6,true)
(0,7,false)
(1,7,false)
(2,7,false)
(9,7,false)
(10,7,false)
(13,7,true)
(16,7,false)
(17,7,false)
(18,7,false)
(20,7,false)
(23,7,false)
(25,7,false)
(27,7,false)
(28,7,false)
(29,7,false)
(30,7,false)
(31,7,false)
(39,7,true)
(50,7,true)
(55,7,true)
(56,7,true)
(57,7,true)
(58,7,true)
(59,7,false)
(62,7,true)
(63,7,true)
(65,7,true)
(68,7,true)
(70,7,false)
(72,7,true)
(77,7,true)
(78,7,true)
(79,7,true)
(80,7,true)
(82,7,true)
(83,7,true)
(84,7,true)
(85,7,true)
(89,7,true)
(90,7,true)
(91,7,true)
(92,7,true)
(93,7,true)
(94,7,true)
(3,8,false)
(6,8,false)
(8,8,false)
(12,8,false)
(19,8,false)
(22,8,false)
(24,8,false)
(26,8,false)
(27,8,false)
(29,8,false)
(32,8,false)
(35,8,true)
(37,8,false)
(40,8,true)
(44,8,true)
(45,8,true)
(49,8,true)
(60,8,true)
(61,8,true)
(65,8,true)
(66,8,true)
(67,8,true)
(74,8,true)
(75,8,false)
(78,8,true)
(79,8,true)
(81,8,true)
(82,8,true)
(83,8,true)
(84,8,true)
(86,8,true)
(91,8,true)
(92,8,true)
(97,8,true)
(98,8,true)
(99,8,true)
(1,9,false)
(5,9,false)
(8,9,false)
(10,9,false)
(14,9,false)
(15,9,false)
(16,9,false)
(18,9,false)
(25,9,false)
(28,9,false)
(33,9,false)
(34,9,false)
(35,9,false)
(36,9,false)
(41,9,true)
(44,9,true)
(46,9,true)
(49,9,true)
(51,9,true)
(52,9,true)
(54,9,true)
(57,9,true)
(61,9,true)
(62,9,true)
(64,9,true)
(68,9,true)
(74,9,true)
(75,9,true)
(79,9,true)
(80,9,true)
(81,9,false)
(82,9,false)
(85,9,true)
(87,9,true)
(89,9,true)
(90,9,true)
(0,10,false)
(1,10,false)
(2,10,false)
(9,10,false)
(10,10,false)
(18,10,false)
(26,10,false)
(28,10,false)
(31,10,false)
(33,10,false)
(35,10,false)
(36,10,false)
(39,10,false)
(44,10,true)
(49,10,true)
(51,10,true)
(54,10,true)
(56,10,true)
(59,10,true)
(62,10,true)
(63,10,true)
(71,10,true)
(80,10,true)
(85,10,false)
(86,10,true)
(87,10,true)
(89,10,true)
(91,10,true)
(93,10,true)
(1,11,false)
(3,11,false)
(5,11,false)
(6,11,false)
(11,11,false)
(14,11,false)
(17,11,false)
(18,11,false)
(19,11,false)
(20,11,false)
(24,11,false)
(26,11,false)
(28,11,false)
(33,11,false)
(43,11,true)
(46,11,true)
(47,11,true)
(50,11,true)
(53,11,true)
(55,11,true)
(61,11,true)
(63,11,true)
(64,11,true)
(65,11,true)
(67,11,true)
(68,11,true)
(70,11,true)
(75,11,true)
(79,11,true)
(81,11,true)
(82,11,true)
(83,11,true)
(86,11,true)
(90,11,true)
(92,11,true)
(93,11,true)
(95,11,true)
(97,11,true)
(98,11,true)
(99,11,true)
(1,12,false)
(6,12,false)
(8,12,false)
(9,12,false)
(10,12,false)
(20,12,false)
(21,12,false)
(23,12,false)
(24,12,false)
(30,12,false)
(34,12,false)
(35,12,false)
(36,12,false)
(38,12,false)
(39,12,false)
(44,12,true)
(45,12,true)
(47,12,true)
(48,12,true)
(49,12,true)
(54,12,true)
(55,12,true)
(56,12,true)
(59,12,true)
(60,12,true)
(61,12,true)
(63,12,true)
(67,12,true)
(70,12,true)
(72,12,true)
(74,12,true)
(76,12,true)
(85,12,true)
(87,12,true)
(89,12,true)
(90,12,true)
(91,12,true)
(92,12,true)
(96,12,true)
(1,13,false)
(4,13,false)
(8,13,false)
(13,13,false)
(18,13,false)
(22,13,false)
(28,13,false)
(29,13,false)
(31,13,false)
(32,13,false)
(34,13,false)
(35,13,false)
(38,13,false)
(43,13,true)
(44,13,true)
(45,13,true)
(46,13,true)
(52,13,true)
(53,13,false)
(55,13,true)
(59,13,true)
(71,13,true)
(72,13,true)
(75,13,false)
(79,13,true)
(82,13,true)
(83,13,true)
(85,13,true)
(87,13,true)
(92,13,true)
(96,13,true)
(98,13,true)
(2,14,false)
(5,14,false)
(6,14,false)
(10,14,false)
(12,14,false)
(15,14,false)
(22,14,false)
(25,14,false)
(33,14,false)
(40,14,true)
(46,14,true)
(49,14,true)
(50,14,true)
(51,14,true)
(53,14,true)
(56,14,true)
(59,14,true)
(60,14,true)
(62,14,true)
(65,14,true)
(67,14,true)
(68,14,true)
(71,14,true)
(72,14,false)
(73,14,true)
(78,14,true)
(80,14,true)
(81,14,true)
(82,14,true)
(87,14,true)
(96,14,true)
(1,15,false)
(3,15,false)
(4,15,false)
(5,15,false)
(12,15,true)
(13,15,false)
(15,15,false)
(19,15,false)
(25,15,false)
(26,15,false)
(32,15,false)
(34,15,false)
(39,15,false)
(43,15,true)
(55,15,true)
(56,15,true)
(62,15,true)
(64,15,true)
(65,15,true)
(68,15,true)
(70,15,false)
(71,15,true)
(74,15,true)
(75,15,true)
(76,15,true)
(78,15,true)
(80,15,true)
(86,15,true)
(89,15,false)
(90,15,true)
(93,15,true)
(94,15,false)
(99,15,false)
(4,16,false)
(5,16,false)
(6,16,false)
(7,16,false)
(14,16,false)
(17,16,false)
(20,16,false)
(23,16,false)
(24,16,false)
(26,16,false)
(28,16,false)
(36,16,true)
(38,16,false)
(40,16,true)
(44,16,true)
(45,16,true)
(46,16,true)
(50,16,true)
(52,16,true)
(54,16,true)
(57,16,true)
(65,16,true)
(67,16,true)
(73,16,true)
(76,16,true)
(81,16,true)
(84,16,true)
(88,16,true)
(90,16,true)
(91,16,true)
(92,16,true)
(96,16,true)
(97,16,true)
(1,17,false)
(2,17,false)
(4,17,false)
(5,17,false)
(6,17,false)
(8,17,false)
(12,17,false)
(25,17,false)
(31,17,false)
(36,17,false)
(38,17,false)
(42,17,true)
(44,17,true)
(46,17,true)
(54,17,true)
(60,17,true)
(62,17,true)
(72,17,true)
(74,17,true)
(77,17,true)
(81,17,true)
(83,17,true)
(84,17,true)
(88,17,true)
(90,17,true)
(91,17,true)
(96,17,true)
(97,17,true)
(99,17,true)
(1,18,false)
(2,18,false)
(11,18,false)
(12,18,false)
(14,18,false)
(15,18,true)
(25,18,false)
(29,18,false)
(30,18,false)
(33,18,false)
(34,18,false)
(37,18,false)
(40,18,true)
(44,18,true)
(45,18,true)
(48,18,true)
(57,18,true)
(58,18,true)
(66,18,true)
(67,18,true)
(68,18,true)
(70,18,true)
(77,18,true)
(78,18,true)
(79,18,true)
(80,18,true)
(82,18,true)
(84,18,true)
(85,18,true)
(87,18,true)
(92,18,true)
(94,18,false)
(95,18,true)
(97,18,true)
(99,18,true)
(0,19,false)
(1,19,false)
(7,19,false)
(8,19,false)
(11,19,false)
(12,19,false)
(18,19,false)
(19,19,false)
(23,19,false)
(25,19,false)
(27,19,false)
(29,19,false)
(34,19,false)
(35,19,false)
(40,19,true)
(46,19,true)
(48,19,true)
(49,19,true)
(50,19,true)
(52,19,true)
(56,19,true)
(59,19,true)
(60,19,true)
(61,19,true)
(62,19,true)
(63,19,true)
(64,19,true)
(68,19,true)
(75,19,true)
(80,19,true)
(86,19,true)
(95,19,true)
(97,19,true)
(99,19,true)

(12,10)
(72,8)
(29,5)
(81,10)
(99,13)
(93,8)
(51,13)
(1,14)
(92,6)
(80,8)
(12,1)
(55,2)
(39,1)
(77,12)
(27,9)
(28,19)
(24,13)
(72,4)
(33,3)
(46,3)
(37,13)
(50,0)
(46,7)
(11,6)
(12,7)
(54,14)
(91,2)
(62,8)
(19,14)
(50,3)
(31,14)
(64,3)
(97,2)
(5,3)
(32,14)
(53,17)
(23,2)
(21,13)
(76,9)
(37,12)
(44,11)
(35,14)
(41,7)
(71,2)
(37,10)
(32,7)
(36,2)
(61,3)
(96,10)
(40,6)
(32,9)
(52,17)
(97,15)
(87,7)
(42,18)
(16,2)
(87,5)
(7,6)
(73,9)
(8,14)
(37,4)
(82,17)
(80,6)
(62,11)
(62,13)
(79,16)
(41,14)
(94,19)
(52,7)
(98,1)
(40,10)
(28,15)
(46,12)
(7,8)
(94,16)
(1,4)
(74,19)
(40,9)
(20,9)
(38,7)
(76,11)
(24,17)
(35,4)
(90,0)
(27,12)
(35,3)
(92,0)
(92,15)
(99,16)
(43,19)
(51,19)
(45,0)
(67,5)
(17,4)
(42,14)
(42,11)
(51,7)
(83,2)
(23,14)
(40,1)
(37,6)
(56,13)
(31,8)
(94,17)
(56,8)
(13,16)
(98,2)
(59,15)
(2,0)
(68,10)
(33,0)
(14,6)
(78,3)
(37,2)
(71,11)
(74,6)
(44,0)
(22,12)
(73,18)
(55,8)
(88,11)
(36,7)
(63,1)
(89,16)
(39,4)
(93,9)
(46,2)
(68,16)
(47,15)
(49,7)
(2,11)
(56,18)
(62,16)
(13,11)
(12,4)
(83,3)
(14,12)
(71,18)
(22,2)
(56,4)
(79,14)
(46,18)
(59,17)
(6,19)
(27,5)
(42,10)
(48,2)
(87,11)
(26,19)
(7,1)
(24,15)
(62,0)
(89,18)
(51,8)
(32,2)
(37,9)
(92,17)
(69,6)
(89,8)
(6,7)
(47,3)
(15,13)
(20,8)
(94,11)
(61,17)
(34,2)
(38,18)
(87,6)
(74,5)
(82,16)
(25,5)
(21,10)
(60,16)
(92,19)
(48,5)
(33,17)
(93,12)
(43,18)
(68,3)
(99,1)
(89,11)
(68,17)
(81,0)
(9,5)
(91,11)
(93,4)
(40,11)
(27,18)
(53,12)
(31,9)
(60,15)
(39,2)
(60,11)
(79,5)
(51,16)
(70,6)
(63,9)
(73,12)
(1,8)
(94,12)
(74,1)
(11,8)
(52,12)
(21,14)
(13,10)
(67,15)
(82,1)
(3,16)
(21,17)
(17,3)
(29,9)
(80,13)
(71,12)
(15,17)
(92,10)
(30,13)
(43,6)
(15,7)
(60,9)
(96,7)
(49,15)
(29,10)
(10,1)
(16,12)
(37,17)
(75,4)
(27,16)
(62,12)
(15,11)
(76,14)
(65,6)
(16,14)
(17,15)
(38,10)
(16,18)
(40,4)
(56,11)
(29,4)
(26,12)
(99,4)
(48,8)
(20,14)
(24,4)
(34,14)
(93,0)
(60,1)
(10,11)
(25,8)
(31,4)
(86,5)
(66,3)
(69,3)
(45,15)
(63,13)
(13,19)
(15,6)
(21,5)
(99,5)
(88,4)
(52,3)
(41,18)
(98,17)
(27,13)
(95,0)
(82,6)
(30,6)
(46,4)
(12,6)
(53,19)
(79,12)
(80,4)
(28,6)
(42,16)
(41,8)
(22,6)
(2,12)
(40,5)
(11,1)
(37,14)
(12,11)
(79,10)
(45,1)
(82,12)
(60,6)
(26,3)
(86,17)
(65,3)
(56,3)
(39,18)
(46,5)
(98,3)
(93,18)
(97,9)
(35,6)
(33,16)
(15,3)
(69,5)
(64,7)
(53,15)
(86,7)
(37,19)
(7,14)
(35,5)
(79,17)
(86,3)
(5,13)
(29,16)
(49,2)
(95,12)
(74,14)
(8,15)
(39,17)
(0,13)
(6,9)
(84,19)
(39,9)
(35,11)
(93,19)
(10,16)
(79,19)
(39,19)
(68,12)
(35,17)
(62,3)
(36,8)
(86,9)
(18,18)
(50,9)
(61,14)
(41,19)
(69,7)
(37,7)
(35,18)
(33,4)
(21,18)
(9,13)
(5,4)
(28,2)
(86,0)
(62,2)
(64,17)
(13,17)
(30,17)
(22,19)
(22,15)
(56,16)
(0,16)
(19,17)
(90,1)
(84,12)
(88,9)
(32,16)
(92,9)
(37,11)
(35,15)
(79,15)
(97,5)
(60,10)
(98,14)
(89,17)
(40,15)
(81,5)
(91,9)
(32,12)
(87,19)
(3,13)
(62,18)
(45,11)
(66,16)
(26,7)
(70,0)
(16,3)
(29,15)
(55,4)
(91,13)
(35,16)
(58,16)
(45,10)
(57,0)
(33,19)
(43,7)
(23,9)
(4,12)
(24,18)
(39,16)
(20,13)
(26,17)
(91,15)
(81,19)
(6,10)
(37,15)
(14,15)
(93,2)
(15,16)
(27,14)
(81,15)
(31,11)
(57,14)
(34,11)
(67,10)
(31,16)
(84,15)
(25,16)
(37,16)
(86,16)
(87,15)
(74,11)
(9,1)
(19,6)
(38,5)
(70,16)
(76,7)
(94,10)
(3,9)
(5,10)
(59,9)
(21,7)
(24,6)
(24,9)
(16,8)
(87,16)
(42,7)
(75,14)
(42,12)
(56,17)
(27,3)
(17,9)
(42,8)
(83,9)
(41,5)
(23,15)
(77,9)
(22,7)
(90,5)
(95,10)
(32,10)
(70,3)
(34,17)
(74,7)
(77,19)
(78,9)
(91,14)
(19,7)
(76,10)
(89,14)
(23,13)
(50,13)
(72,18)
(51,15)
(72,19)
(81,3)
(21,4)
(60,7)
(84,2)
(67,7)
(88,19)
(7,9)
(89,2)
(61,6)
(55,10)
(24,19)
(48,9)
(38,11)
(10,19)
(30,16)
(87,2)
(94,14)
(60,13)
(17,12)
(61,13)
(93,13)
(87,8)
(96,4)
(93,14)
(94,4)
(48,17)
(78,19)
(15,19)
(41,2)
(8,7)
(7,17)
(56,9)
(33,15)
(59,18)
(92,14)
(90,3)
(55,18)
(77,16)
(3,12)
(32,18)
(57,15)
(47,1)
(38,15)
(52,4)
(66,0)
(57,1)
(71,16)
(24,7)
(89,13)
(90,14)
(87,17)
(66,13)
(67,19)
(29,14)
(23,18)
(74,10)
(94,8)
(4,14)
(6,15)
(98,9)
(86,14)
(59,16)
(50,8)
(9,8)
(39,8)
(98,7)
(34,8)
(85,3)
(72,10)
(15,4)
(27,2)
(41,15)
(0,0)
(0,18)
(97,13)
(45,9)
(83,14)
(25,1)
(44,5)
(49,11)
(95,14)
(71,4)
(76,13)
(53,2)
(63,2)
(2,9)
(27,11)
(50,12)
(12,16)
(33,7)
(13,2)
(97,12)
(58,11)
(9,19)
(86,18)
(28,12)
(4,8)
(92,2)
(92,4)
(18,15)
(77,8)
(40,13)
(21,11)
(61,16)
(18,3)
(30,15)
(20,15)
(75,18)
(89,19)
(21,9)
(44,19)
(24,14)
(9,9)
(71,1)
(60,18)
(66,9)
(19,4)
(8,18)
(18,8)
(90,8)
(40,12)
(2,15)
(10,18)
(33,1)
(68,5)
(49,1)
(67,17)
(12,13)
(45,17)
(88,13)
(78,11)
(34,3)
(70,13)
(86,13)
(47,4)
(4,10)
(11,10)
(58,2)
(48,4)
(80,1)
(11,7)
(45,19)
(10,2)
(54,3)
(19,3)
(35,7)
(95,7)
(45,4)
(2,8)
(68,13)
(24,10)
(10,5)
(15,1)
(80,2)
(71,8)
(22,10)
(17,14)
(70,14)
(29,2)
(90,19)
(81,18)
(39,11)
(82,10)
(11,14)
(27,15)
(16,16)
(65,17)
(5,7)
(27,6)
(7,5)
(66,11)
(78,6)
(94,9)
(8,6)
(83,12)
(63,14)
(9,3)
(10,13)
(57,17)
(85,6)
(10,15)
(27,17)
(86,12)
(8,1)
(39,13)
(30,3)
(80,11)
(75,16)
(93,16)
(72,15)
(14,7)
(65,12)
(84,5)
(25,13)
(63,18)
(11,15)
(82,0)
(15,12)
(66,7)
(13,6)
(18,14)
(38,2)
(80,3)
(13,18)
(82,4)
(59,6)
(41,3)
(7,12)
(29,12)
(96,11)
(59,5)
(3,4)
(18,6)
(80,17)
(45,6)
(41,11)
(75,17)
(23,10)
(20,4)
(11,16)
(29,1)
(54,5)
(61,10)
(30,19)
(64,18)
(93,17)
(90,10)
(29,11)
(64,16)
(83,4)
(23,8)
(53,18)
(54,13)
(4,4)
(8,16)
(58,1)
(13,8)
(31,12)
(17,10)
(3,18)
(75,5)
(12,0)
(70,10)
(57,13)
(50,1)
(72,11)
(63,17)
(50,5)
(33,5)
(84,14)
(32,11)
(22,11)
(49,6)
(97,1)
(46,6)
(23,1)
(59,2)
(68,8)
(30,11)
(7,11)
(81,1)
(48,7)
(52,8)
(96,9)
(50,2)
(77,3)
(20,6)
(82,3)
(80,16)
(6,13)
(55,16)
(7,18)
(15,10)
(76,17)
(52,10)
(42,6)
(50,17)
(76,18)
(51,18)
(65,10)
(38,14)
(53,10)
(74,2)
(73,15)
(36,18)
(26,13)
(83,10)
(15,8)
(81,13)
(69,17)
(22,18)
(23,11)
(33,12)
(22,9)
(61,7)
(30,10)
(72,1)
(91,19)
(91,18)
(98,4)
(73,8)
(74,18)
(69,4)
(53,9)
(30,2)
(88,12)
(22,16)
(6,5)
(8,11)
(76,19)
(2,16)
(98,19)
(81,7)
(33,6)
(64,12)
(5,12)
(61,15)
(55,14)
(70,5)
(16,10)
(83,19)
(81,6)
(64,4)
(65,9)
(72,6)
(36,15)
(3,17)
(96,8)
(76,5)
(11,13)
(41,6)
(52,14)
(17,1)
(32,17)
(51,12)
(46,8)
(48,6)
(73,13)
(61,2)
(30,9)
(21,8)
(73,3)
(54,18)
(2,13)
(9,11)
(67,13)
(21,16)
(0,6)
(50,4)
(90,13)
(53,8)
(25,2)
(73,7)
(84,11)
(13,4)
(9,15)
(74,13)
(63,8)
(90,18)
(28,8)
(21,19)
(36,13)
(53,5)
(14,4)
(6,18)
(10,8)
(25,10)
(99,9)
(44,7)
(71,17)
(23,17)
(17,0)
(7,10)
(25,11)
(55,6)
(80,12)
(1,5)
(66,2)
(22,17)
(30,8)
(48,16)
(50,18)
(94,13)
(96,19)
(7,15)
(85,15)
(49,5)
(18,17)
(8,10)
(36,11)
(61,18)
(26,4)
(49,13)
(73,19)
(65,18)
(48,14)
(4,6)
(78,2)
(99,7)
(31,15)
(51,6)
(7,13)
(59,8)
(84,9)
(27,10)
(42,13)
(85,19)
(28,4)
(45,3)
(97,10)
(28,14)
(43,3)
(82,5)
(59,11)
(26,14)
(42,15)
(19,2)
(16,19)
(48,3)
(11,9)
(43,5)
(83,18)
(51,11)
(49,18)
(82,19)
(45,7)
(38,8)
(77,15)
(12,9)
(36,19)
(75,7)
(26,6)
(36,14)
(38,9)
(98,12)
(98,10)
(19,18)
(20,18)
(0,8)
(4,19)
(66,14)
(34,16)
(71,19)
(99,12)
(49,3)
(2,5)
(54,8)
(5,6)
(5,8)
(9,4)
(97,7)
(34,7)
(51,17)
(73,17)
(9,17)
(65,13)
(55,9)
(12,12)
(73,11)
(46,15)
(1,2)
(49,17)
(98,16)
(1,3)
(64,5)
(99,10)
(95,8)
(57,10)
(26,9)
(14,2)
(69,9)
(26,18)
(84,13)
(66,5)
(0,9)
(9,14)
(71,9)
(32,19)
(41,12)
(50,15)
(99,14)
(81,12)
(84,10)
(76,4)
(63,16)
(19,16)
(16,11)
(17,8)
(17,18)
(5,18)
(70,9)
(47,14)
(43,8)
(64,8)
(16,15)
(98,15)
(0,15)
(17,19)
(88,10)
(67,9)
(98,18)
(7,7)
(25,6)
(52,6)
(85,2)
(73,10)
(9,18)
(11,12)
(44,14)
(28,17)
(50,10)
(9,16)
(95,9)
(43,16)
(12,2)
(39,14)
(43,10)
(74,16)
(34,10)
(42,9)
(73,6)
(75,12)
(41,16)
(16,13)
(16,17)
(97,0)
(19,13)
(3,5)
(82,15)
(45,14)
(28,18)
(55,19)
(57,11)
(18,16)
(96,6)
(0,17)
(53,3)
(53,7)
(58,17)
(16,6)
(47,10)
(53,16)
(47,13)
(1,16)
(49,16)
(57,4)
(95,6)
(5,19)
(40,3)
(18,12)
