100 Users
27 Files
1500 Transactions
2 Maximum Connections
1 Cycle Length per Upload-Download
0 Warm-up Transactions
0.400000 Zipf constant
5 Pre-Trusted Users
60 Well-Behaved (Good) Users
40 Purely Malicious Users
0 Feedback Skewing Users
0 Malignant Providing Users
0 Disguised Malicous Users
0 Sybil Attack Users
true Intelligent Trans. Generation
1561006375125 Trace Generation Seed

(0.004303,0.000000,1,false)
(0.034386,0.000000,1,false)
(0.039533,0.000000,1,false)
(0.046345,0.000000,1,false)
(0.075770,0.000000,1,false)
(0.016950,0.000000,1,false)
(0.050571,0.000000,1,false)
(0.073950,0.000000,1,false)
(0.080264,0.000000,1,false)
(0.097592,0.000000,1,false)
(0.001285,0.000000,1,false)
(0.071235,0.000000,1,false)
(0.075238,0.000000,1,false)
(0.011363,0.000000,1,false)
(0.052437,0.000000,1,false)
(0.073757,0.000000,1,false)
(0.065389,0.000000,1,false)
(0.026412,0.000000,1,false)
(0.065294,0.000000,1,false)
(0.093719,0.000000,1,false)
(0.089649,0.000000,1,false)
(0.048400,0.000000,1,false)
(0.096170,0.000000,1,false)
(0.078420,0.000000,1,false)
(0.051649,0.000000,1,false)
(0.014400,0.000000,1,false)
(0.078350,0.000000,1,false)
(0.030136,0.000000,1,false)
(0.034902,0.000000,1,false)
(0.044089,0.000000,1,false)
(0.013331,0.000000,1,false)
(0.055084,0.000000,1,false)
(0.034253,0.000000,1,false)
(0.050935,0.000000,1,false)
(0.003961,0.000000,1,false)
(0.076811,0.000000,1,false)
(0.091117,0.000000,1,false)
(0.041513,0.000000,1,false)
(0.088335,0.000000,1,false)
(0.057664,0.000000,1,false)
(0.958403,1.000000,0,true)
(0.952755,1.000000,0,true)
(0.924810,1.000000,0,true)
(0.979110,1.000000,0,true)
(0.926207,1.000000,0,true)
(0.960415,1.000000,0,false)
(0.960932,1.000000,0,false)
(0.944489,1.000000,0,false)
(0.956574,1.000000,0,false)
(0.922993,1.000000,0,false)
(0.993341,1.000000,0,false)
(0.983757,1.000000,0,false)
(0.984607,1.000000,0,false)
(0.979808,1.000000,0,false)
(0.945492,1.000000,0,false)
(0.998426,1.000000,0,false)
(0.917102,1.000000,0,false)
(0.969634,1.000000,0,false)
(0.957345,1.000000,0,false)
(0.995483,1.000000,0,false)
(0.934433,1.000000,0,false)
(0.964963,1.000000,0,false)
(0.971186,1.000000,0,false)
(0.917392,1.000000,0,false)
(0.996744,1.000000,0,false)
(0.994815,1.000000,0,false)
(0.956684,1.000000,0,false)
(0.913593,1.000000,0,false)
(0.956793,1.000000,0,false)
(0.961495,1.000000,0,false)
(0.943659,1.000000,0,false)
(0.980964,1.000000,0,false)
(0.935174,1.000000,0,false)
(0.915638,1.000000,0,false)
(0.964170,1.000000,0,false)
(0.926756,1.000000,0,false)
(0.901458,1.000000,0,false)
(0.922108,1.000000,0,false)
(0.922987,1.000000,0,false)
(0.992981,1.000000,0,false)
(0.926984,1.000000,0,false)
(0.926958,1.000000,0,false)
(0.917392,1.000000,0,false)
(0.926050,1.000000,0,false)
(0.931514,1.000000,0,false)
(0.922695,1.000000,0,false)
(0.913463,1.000000,0,false)
(0.979667,1.000000,0,false)
(0.936955,1.000000,0,false)
(0.905448,1.000000,0,false)
(0.956609,1.000000,0,false)
(0.902533,1.000000,0,false)
(0.966582,1.000000,0,false)
(0.923417,1.000000,0,false)
(0.949112,1.000000,0,false)
(0.985395,1.000000,0,false)
(0.987908,1.000000,0,false)
(0.931119,1.000000,0,false)
(0.966770,1.000000,0,false)
(0.924284,1.000000,0,false)

(0,0,false)
(3,0,false)
(4,0,false)
(5,0,false)
(7,0,true)
(9,0,false)
(10,0,false)
(12,0,false)
(14,0,false)
(15,0,false)
(16,0,true)
(17,0,false)
(18,0,false)
(20,0,false)
(21,0,false)
(22,0,false)
(23,0,false)
(27,0,false)
(28,0,false)
(29,0,true)
(30,0,false)
(31,0,false)
(32,0,false)
(35,0,false)
(36,0,false)
(38,0,false)
(40,0,true)
(41,0,true)
(42,0,true)
(44,0,true)
(45,0,true)
(46,0,true)
(47,0,true)
(48,0,true)
(49,0,true)
(50,0,true)
(51,0,true)
(52,0,true)
(53,0,true)
(54,0,true)
(55,0,true)
(56,0,true)
(57,0,true)
(59,0,true)
(61,0,true)
(62,0,true)
(63,0,true)
(65,0,true)
(66,0,true)
(68,0,true)
(69,0,true)
(70,0,true)
(71,0,true)
(72,0,false)
(74,0,true)
(75,0,true)
(76,0,true)
(77,0,true)
(78,0,true)
(79,0,true)
(80,0,false)
(81,0,true)
(82,0,true)
(83,0,true)
(85,0,false)
(87,0,true)
(88,0,true)
(89,0,true)
(90,0,true)
(92,0,true)
(93,0,false)
(94,0,true)
(96,0,true)
(97,0,true)
(98,0,true)
(99,0,true)
(2,1,false)
(4,1,false)
(5,1,false)
(6,1,false)
(8,1,false)
(9,1,false)
(10,1,false)
(12,1,false)
(13,1,false)
(15,1,false)
(16,1,false)
(17,1,false)
(18,1,false)
(19,1,false)
(21,1,false)
(22,1,false)
(23,1,false)
(24,1,false)
(25,1,false)
(26,1,true)
(29,1,false)
(31,1,true)
(33,1,true)
(38,1,false)
(40,1,true)
(41,1,false)
(43,1,true)
(45,1,false)
(48,1,true)
(49,1,true)
(50,1,true)
(51,1,true)
(53,1,true)
(54,1,true)
(55,1,true)
(57,1,true)
(58,1,true)
(59,1,true)
(60,1,true)
(61,1,true)
(63,1,true)
(64,1,true)
(67,1,true)
(69,1,true)
(70,1,true)
(72,1,true)
(74,1,true)
(75,1,true)
(77,1,true)
(78,1,true)
(79,1,true)
(82,1,true)
(83,1,true)
(84,1,true)
(87,1,true)
(88,1,true)
(90,1,true)
(91,1,false)
(92,1,true)
(93,1,true)
(94,1,true)
(95,1,true)
(96,1,true)
(99,1,true)
(0,2,false)
(1,2,false)
(2,2,false)
(3,2,false)
(4,2,false)
(5,2,false)
(7,2,false)
(9,2,false)
(10,2,true)
(12,2,false)
(13,2,false)
(14,2,false)
(16,2,true)
(18,2,false)
(19,2,false)
(20,2,false)
(21,2,false)
(24,2,false)
(26,2,false)
(28,2,false)
(32,2,false)
(33,2,false)
(35,2,false)
(38,2,false)
(39,2,false)
(40,2,true)
(41,2,true)
(43,2,true)
(44,2,false)
(45,2,true)
(46,2,true)
(47,2,true)
(49,2,true)
(50,2,true)
(52,2,true)
(54,2,true)
(55,2,true)
(57,2,true)
(58,2,true)
(62,2,true)
(63,2,true)
(64,2,true)
(65,2,true)
(66,2,true)
(67,2,true)
(69,2,true)
(71,2,true)
(75,2,true)
(77,2,true)
(80,2,false)
(81,2,true)
(84,2,true)
(85,2,true)
(86,2,true)
(88,2,true)
(89,2,true)
(91,2,true)
(92,2,true)
(94,2,true)
(95,2,true)
(97,2,true)
(98,2,true)
(99,2,true)
(0,3,false)
(3,3,false)
(5,3,false)
(7,3,false)
(8,3,false)
(9,3,false)
(11,3,false)
(14,3,false)
(15,3,false)
(18,3,false)
(23,3,false)
(24,3,true)
(26,3,true)
(27,3,false)
(28,3,false)
(33,3,false)
(34,3,false)
(36,3,false)
(37,3,false)
(38,3,false)
(41,3,true)
(42,3,true)
(44,3,true)
(47,3,false)
(50,3,true)
(51,3,true)
(52,3,true)
(55,3,true)
(56,3,true)
(57,3,true)
(58,3,true)
(60,3,true)
(61,3,true)
(62,3,false)
(64,3,true)
(67,3,true)
(69,3,true)
(71,3,true)
(72,3,true)
(75,3,true)
(80,3,true)
(83,3,true)
(84,3,true)
(86,3,true)
(87,3,true)
(91,3,true)
(93,3,true)
(94,3,true)
(96,3,true)
(0,4,false)
(2,4,false)
(3,4,false)
(4,4,false)
(9,4,false)
(13,4,false)
(15,4,false)
(16,4,true)
(17,4,false)
(18,4,false)
(19,4,false)
(21,4,false)
(22,4,false)
(23,4,true)
(24,4,false)
(26,4,false)
(27,4,false)
(28,4,false)
(34,4,false)
(35,4,false)
(38,4,false)
(41,4,true)
(43,4,true)
(44,4,true)
(45,4,false)
(47,4,true)
(48,4,true)
(49,4,true)
(50,4,true)
(51,4,true)
(52,4,true)
(54,4,true)
(57,4,true)
(60,4,true)
(61,4,true)
(62,4,true)
(66,4,true)
(67,4,true)
(68,4,true)
(73,4,true)
(77,4,true)
(79,4,true)
(82,4,true)
(83,4,true)
(86,4,true)
(87,4,true)
(88,4,true)
(90,4,true)
(91,4,true)
(93,4,true)
(95,4,true)
(97,4,true)
(99,4,true)
(2,5,false)
(3,5,false)
(4,5,false)
(7,5,false)
(9,5,false)
(10,5,false)
(14,5,false)
(15,5,false)
(19,5,false)
(20,5,false)
(21,5,false)
(23,5,false)
(26,5,false)
(31,5,false)
(32,5,false)
(34,5,false)
(36,5,false)
(37,5,false)
(39,5,false)
(41,5,true)
(45,5,true)
(47,5,false)
(55,5,true)
(56,5,true)
(59,5,true)
(62,5,true)
(63,5,true)
(64,5,true)
(65,5,true)
(67,5,true)
(68,5,true)
(69,5,true)
(70,5,true)
(71,5,true)
(73,5,true)
(76,5,true)
(77,5,true)
(81,5,true)
(82,5,true)
(83,5,true)
(85,5,true)
(86,5,true)
(88,5,true)
(92,5,true)
(93,5,true)
(96,5,true)
(98,5,true)
(0,6,false)
(3,6,false)
(4,6,false)
(9,6,false)
(12,6,false)
(14,6,false)
(16,6,true)
(19,6,false)
(20,6,false)
(21,6,false)
(23,6,false)
(26,6,true)
(28,6,false)
(33,6,false)
(35,6,true)
(37,6,false)
(38,6,false)
(40,6,true)
(41,6,true)
(43,6,true)
(44,6,true)
(46,6,true)
(48,6,true)
(49,6,true)
(50,6,true)
(52,6,true)
(54,6,true)
(59,6,true)
(62,6,true)
(63,6,true)
(66,6,true)
(68,6,true)
(70,6,true)
(71,6,true)
(75,6,false)
(77,6,true)
(81,6,true)
(82,6,true)
(85,6,true)
(92,6,true)
(96,6,true)
(98,6,true)
(99,6,true)
(1,7,false)
(2,7,false)
(3,7,false)
(4,7,false)
(6,7,false)
(8,7,false)
(11,7,false)
(13,7,false)
(15,7,true)
(23,7,true)
(24,7,false)
(27,7,false)
(29,7,false)
(31,7,false)
(32,7,false)
(33,7,true)
(35,7,false)
(48,7,true)
(50,7,true)
(53,7,true)
(57,7,true)
(59,7,true)
(62,7,true)
(63,7,true)
(71,7,true)
(74,7,true)
(75,7,true)
(80,7,true)
(82,7,true)
(88,7,true)
(89,7,true)
(91,7,true)
(93,7,true)
(97,7,true)
(99,7,true)
(0,8,false)
(5,8,false)
(6,8,false)
(8,8,false)
(11,8,false)
(12,8,false)
(13,8,false)
(16,8,false)
(22,8,false)
(23,8,false)
(24,8,false)
(25,8,false)
(27,8,false)
(28,8,false)
(32,8,false)
(37,8,false)
(39,8,false)
(41,8,true)
(42,8,true)
(43,8,true)
(46,8,true)
(48,8,true)
(54,8,true)
(56,8,true)
(58,8,true)
(60,8,true)
(61,8,true)
(66,8,true)
(71,8,true)
(72,8,true)
(74,8,true)
(76,8,true)
(78,8,true)
(79,8,true)
(81,8,true)
(87,8,true)
(88,8,true)
(93,8,true)
(94,8,true)
(98,8,true)
(99,8,true)
(3,9,false)
(6,9,false)
(9,9,false)
(12,9,false)
(14,9,false)
(19,9,false)
(20,9,false)
(23,9,false)
(25,9,false)
(30,9,false)
(33,9,false)
(39,9,false)
(41,9,true)
(43,9,true)
(45,9,false)
(49,9,true)
(50,9,true)
(51,9,true)
(52,9,true)
(55,9,true)
(57,9,true)
(58,9,true)
(59,9,true)
(61,9,true)
(62,9,true)
(65,9,false)
(67,9,true)
(69,9,true)
(71,9,true)
(73,9,true)
(74,9,true)
(75,9,true)
(79,9,true)
(82,9,true)
(85,9,true)
(86,9,true)
(89,9,false)
(90,9,true)
(93,9,true)
(99,9,true)
(0,10,false)
(2,10,false)
(3,10,false)
(4,10,true)
(5,10,false)
(6,10,false)
(9,10,false)
(13,10,false)
(14,10,false)
(16,10,false)
(17,10,false)
(20,10,false)
(21,10,false)
(29,10,false)
(31,10,false)
(33,10,false)
(35,10,false)
(36,10,false)
(38,10,false)
(42,10,true)
(44,10,true)
(48,10,true)
(49,10,true)
(52,10,true)
(54,10,true)
(58,10,true)
(60,10,true)
(61,10,true)
(62,10,true)
(65,10,true)
(68,10,true)
(69,10,true)
(73,10,true)
(81,10,true)
(82,10,true)
(83,10,true)
(87,10,true)
(96,10,true)
(97,10,false)
(99,10,true)
(11,11,false)
(13,11,false)
(17,11,false)
(18,11,false)
(20,11,true)
(23,11,false)
(24,11,false)
(31,11,false)
(35,11,true)
(36,11,false)
(40,11,true)
(43,11,true)
(45,11,true)
(47,11,true)
(50,11,true)
(56,11,true)
(61,11,true)
(62,11,true)
(73,11,true)
(75,11,true)
(76,11,true)
(77,11,true)
(78,11,true)
(82,11,true)
(83,11,false)
(84,11,true)
(87,11,true)
(96,11,true)
(98,11,true)
(6,12,false)
(8,12,false)
(13,12,false)
(14,12,false)
(15,12,false)
(19,12,false)
(21,12,false)
(22,12,false)
(23,12,false)
(24,12,false)
(30,12,false)
(34,12,false)
(37,12,false)
(38,12,false)
(39,12,false)
(43,12,true)
(48,12,true)
(51,12,true)
(60,12,true)
(62,12,true)
(64,12,true)
(67,12,true)
(70,12,true)
(71,12,true)
(77,12,true)
(82,12,true)
(86,12,true)
(88,12,true)
(89,12,true)
(94,12,true)
(95,12,true)
(97,12,true)
(99,12,true)
(0,13,false)
(2,13,false)
(3,13,false)
(6,13,false)
(8,13,false)
(10,13,false)
(11,13,true)
(13,13,false)
(15,13,false)
(17,13,false)
(18,13,false)
(22,13,false)
(23,13,false)
(25,13,false)
(26,13,true)
(30,13,false)
(31,13,false)
(35,13,true)
(38,13,false)
(44,13,true)
(48,13,true)
(52,13,true)
(53,13,true)
(54,13,true)
(56,13,true)
(59,13,true)
(60,13,true)
(62,13,true)
(63,13,true)
(68,13,true)
(71,13,true)
(73,13,true)
(82,13,true)
(87,13,true)
(92,13,true)
(95,13,true)
(97,13,true)
(99,13,true)
(2,14,false)
(8,14,true)
(20,14,false)
(21,14,false)
(23,14,false)
(27,14,false)
(28,14,false)
(33,14,false)
(40,14,true)
(42,14,true)
(44,14,true)
(45,14,true)
(47,14,true)
(60,14,true)
(64,14,true)
(67,14,true)
(68,14,true)
(69,14,true)
(71,14,true)
(72,14,false)
(73,14,true)
(79,14,true)
(81,14,false)
(82,14,true)
(87,14,true)
(88,14,true)
(89,14,true)
(91,14,true)
(93,14,false)
(98,14,true)
(99,14,true)
(2,15,false)
(8,15,false)
(9,15,false)
(11,15,false)
(12,15,false)
(16,15,false)
(17,15,false)
(20,15,false)
(23,15,false)
(25,15,false)
(28,15,true)
(30,15,false)
(37,15,false)
(40,15,true)
(41,15,true)
(51,15,true)
(56,15,true)
(57,15,true)
(58,15,true)
(61,15,true)
(64,15,true)
(66,15,true)
(71,15,true)
(72,15,true)
(75,15,false)
(76,15,true)
(82,15,true)
(87,15,true)
(91,15,true)
(96,15,true)
(2,16,false)
(4,16,false)
(5,16,false)
(11,16,false)
(13,16,false)
(17,16,false)
(23,16,false)
(24,16,false)
(25,16,false)
(26,16,false)
(29,16,false)
(33,16,false)
(35,16,false)
(41,16,false)
(54,16,true)
(58,16,true)
(65,16,true)
(68,16,true)
(69,16,true)
(71,16,true)
(73,16,true)
(77,16,true)
(80,16,true)
(88,16,true)
(90,16,true)
(92,16,false)
(0,17,false)
(1,17,false)
(2,17,false)
(7,17,false)
(8,17,false)
(11,17,false)
(12,17,false)
(14,17,false)
(16,17,false)
(18,17,false)
(21,17,false)
(28,17,false)
(29,17,false)
(34,17,false)
(35,17,false)
(37,17,false)
(39,17,false)
(53,17,true)
(63,17,true)
(68,17,true)
(69,17,true)
(72,17,true)
(74,17,true)
(75,17,true)
(79,17,true)
(82,17,true)
(86,17,true)
(89,17,true)
(90,17,true)
(91,17,true)
(93,17,true)
(95,17,true)
(97,17,true)
(98,17,true)
(1,18,false)
(3,18,false)
(6,18,true)
(8,18,false)
(10,18,false)
(12,18,false)
(13,18,false)
(18,18,false)
(20,18,false)
(21,18,false)
(28,18,false)
(29,18,false)
(33,18,false)
(37,18,true)
(38,18,false)
(39,18,false)
(40,18,true)
(41,18,true)
(43,18,true)
(44,18,true)
(47,18,true)
(48,18,true)
(50,18,true)
(58,18,true)
(59,18,true)
(60,18,true)
(65,18,true)
(66,18,true)
(68,18,true)
(70,18,true)
(71,18,true)
(79,18,true)
(82,18,true)
(85,18,true)
(93,18,true)
(96,18,true)
(98,18,true)
(99,18,true)
(0,19,false)
(4,19,true)
(7,19,false)
(8,19,false)
(9,19,false)
(11,19,false)
(20,19,false)
(24,19,true)
(25,19,true)
(28,19,false)
(30,19,false)
(37,19,false)
(45,19,true)
(48,19,true)
(49,19,true)
(51,19,true)
(53,19,true)
(54,19,true)
(55,19,true)
(57,19,true)
(66,19,true)
(71,19,true)
(80,19,true)
(87,19,true)
(88,19,true)
(89,19,true)
(92,19,true)
(95,19,true)
(2,20,false)
(5,20,false)
(9,20,false)
(20,20,false)
(32,20,false)
(36,20,true)
(37,20,false)
(41,20,true)
(46,20,false)
(52,20,true)
(56,20,true)
(57,20,true)
(64,20,true)
(72,20,true)
(73,20,true)
(74,20,true)
(76,20,true)
(79,20,true)
(80,20,true)
(89,20,true)
(93,20,true)
(97,20,true)
(98,20,true)
(99,20,true)
(0,21,false)
(1,21,false)
(2,21,false)
(5,21,false)
(6,21,false)
(8,21,false)
(12,21,false)
(14,21,false)
(33,21,false)
(34,21,false)
(38,21,false)
(39,21,false)
(42,21,true)
(44,21,true)
(45,21,true)
(49,21,true)
(51,21,true)
(55,21,true)
(57,21,true)
(64,21,true)
(66,21,true)
(68,21,true)
(70,21,true)
(74,21,true)
(80,21,true)
(85,21,true)
(86,21,true)
(89,21,true)
(92,21,true)
(93,21,true)
(97,21,false)
(1,22,false)
(4,22,false)
(6,22,false)
(10,22,false)
(13,22,false)
(15,22,false)
(18,22,true)
(27,22,false)
(28,22,false)
(36,22,false)
(38,22,false)
(40,22,true)
(41,22,true)
(47,22,true)
(49,22,false)
(50,22,true)
(52,22,true)
(57,22,true)
(62,22,true)
(63,22,true)
(64,22,true)
(65,22,true)
(66,22,true)
(68,22,true)
(70,22,true)
(71,22,true)
(73,22,true)
(78,22,true)
(79,22,true)
(84,22,true)
(87,22,true)
(98,22,true)
(3,23,false)
(7,23,false)
(8,23,true)
(13,23,false)
(18,23,false)
(19,23,false)
(20,23,false)
(24,23,false)
(33,23,false)
(35,23,false)
(36,23,false)
(37,23,false)
(38,23,true)
(44,23,true)
(47,23,true)
(48,23,true)
(50,23,true)
(51,23,true)
(55,23,true)
(60,23,true)
(63,23,true)
(69,23,true)
(70,23,true)
(76,23,true)
(77,23,true)
(78,23,true)
(83,23,true)
(86,23,true)
(87,23,true)
(93,23,false)
(94,23,true)
(99,23,true)
(1,24,false)
(2,24,false)
(10,24,false)
(15,24,false)
(17,24,false)
(19,24,false)
(22,24,true)
(26,24,false)
(29,24,false)
(42,24,true)
(45,24,false)
(49,24,false)
(50,24,true)
(55,24,true)
(58,24,false)
(69,24,true)
(70,24,true)
(71,24,true)
(73,24,true)
(74,24,true)
(77,24,true)
(81,24,true)
(85,24,true)
(86,24,true)
(91,24,true)
(96,24,true)
(97,24,true)
(98,24,true)
(99,24,true)
(7,25,false)
(11,25,false)
(14,25,false)
(15,25,false)
(17,25,false)
(19,25,false)
(20,25,false)
(31,25,false)
(34,25,false)
(41,25,true)
(42,25,true)
(47,25,false)
(48,25,true)
(50,25,true)
(53,25,true)
(55,25,true)
(58,25,true)
(66,25,true)
(72,25,true)
(73,25,true)
(79,25,true)
(82,25,true)
(91,25,true)
(92,25,true)
(4,26,true)
(13,26,true)
(14,26,false)
(17,26,false)
(18,26,false)
(20,26,false)
(24,26,false)
(34,26,false)
(38,26,false)
(52,26,true)
(53,26,true)
(54,26,true)
(60,26,true)
(62,26,true)
(69,26,true)
(72,26,true)
(74,26,true)
(76,26,true)
(79,26,true)
(84,26,true)
(85,26,true)
(86,26,true)
(89,26,true)
(90,26,true)
(92,26,true)
(93,26,true)
(95,26,true)

(37,11)
(60,22)
(2,26)
(26,25)
(4,18)
(55,8)
(60,21)
(72,11)
(79,12)
(86,14)
(33,4)
(14,7)
(36,8)
(97,23)
(77,17)
(65,13)
(97,9)
(27,13)
(46,15)
(31,21)
(82,19)
(36,4)
(37,7)
(55,7)
(42,26)
(95,25)
(86,6)
(9,25)
(76,3)
(78,25)
(34,8)
(49,26)
(34,11)
(40,8)
(55,16)
(11,9)
(31,3)
(9,26)
(69,25)
(68,25)
(13,9)
(92,23)
(15,8)
(75,8)
(62,21)
(20,4)
(43,23)
(24,0)
(99,3)
(74,13)
(38,17)
(22,23)
(54,11)
(43,22)
(59,2)
(97,18)
(83,8)
(48,5)
(64,25)
(48,11)
(8,5)
(29,22)
(75,5)
(56,14)
(74,19)
(63,15)
(79,16)
(89,16)
(34,24)
(32,21)
(95,9)
(8,11)
(95,8)
(7,10)
(4,24)
(70,16)
(31,12)
(43,5)
(72,19)
(26,20)
(26,23)
(53,3)
(67,18)
(65,15)
(71,25)
(98,21)
(2,11)
(93,19)
(58,4)
(46,9)
(19,14)
(33,25)
(77,26)
(88,10)
(26,10)
(77,18)
(26,18)
(13,6)
(11,24)
(7,16)
(73,19)
(11,2)
(97,8)
(29,8)
(18,21)
(61,21)
(86,8)
(13,3)
(43,26)
(56,24)
(53,8)
(70,2)
(59,25)
(29,3)
(95,20)
(47,1)
(70,20)
(27,25)
(39,3)
(84,14)
(75,12)
(86,22)
(23,10)
(87,2)
(10,4)
(6,0)
(50,19)
(79,2)
(70,25)
(27,11)
(5,14)
(69,6)
(76,6)
(50,13)
(21,21)
(57,11)
(94,25)
(52,8)
(23,21)
(81,4)
(88,20)
(23,23)
(9,14)
(23,2)
(0,24)
(65,12)
(41,24)
(26,22)
(23,17)
(17,21)
(0,23)
(42,13)
(38,25)
(49,7)
(84,12)
(98,4)
(98,16)
(56,12)
(47,9)
(73,26)
(27,21)
(86,11)
(90,8)
(83,18)
(0,26)
(75,18)
(98,13)
(26,21)
(42,20)
(22,26)
(32,9)
(18,8)
(86,25)
(40,25)
(63,11)
(14,4)
(27,2)
(95,24)
(7,21)
(50,16)
(29,19)
(92,20)
(13,21)
(79,3)
(83,13)
(40,3)
(94,21)
(99,16)
(18,19)
(45,3)
(28,21)
(62,17)
(2,25)
(64,19)
(13,15)
(59,11)
(91,10)
(40,5)
(84,0)
(85,8)
(21,15)
(6,15)
(90,2)
(63,24)
(64,10)
(33,20)
(89,22)
(25,3)
(83,12)
(7,4)
(21,25)
(24,25)
(54,3)
(14,16)
(30,24)
(0,15)
(73,18)
(21,20)
(94,6)
(26,0)
(59,8)
(27,20)
(13,0)
(73,1)
(21,8)
(80,8)
(24,10)
(13,17)
(2,19)
(64,16)
(29,11)
(71,10)
(55,4)
(8,6)
(88,21)
(8,4)
(85,11)
(76,1)
(0,14)
(81,16)
(27,5)
(55,14)
(31,4)
(41,11)
(55,12)
(81,15)
(13,5)
(39,22)
(79,5)
(9,11)
(72,18)
(20,21)
(78,18)
(13,19)
(84,13)
(52,12)
(98,1)
(56,4)
(22,2)
(70,14)
(91,8)
(23,22)
(86,10)
(39,16)
(58,17)
(58,6)
(3,25)
(76,18)
(19,0)
(78,16)
(48,21)
(68,7)
(62,23)
(65,8)
(60,20)
(5,9)
(14,13)
(50,8)
(85,4)
(27,1)
(10,17)
(42,4)
(35,15)
(13,25)
(80,17)
(61,19)
(16,12)
(13,20)
(65,3)
(13,14)
(43,19)
(98,10)
(37,16)
(52,18)
(88,3)
(67,23)
(60,2)
(34,6)
(99,11)
(72,6)
(65,23)
(89,1)
(43,0)
(11,5)
(38,9)
(98,7)
(92,4)
(86,1)
(58,19)
(42,5)
(15,19)
(71,20)
(68,2)
(10,7)
(60,9)
(3,14)
(83,26)
(77,10)
(71,4)
(0,18)
(61,5)
(71,1)
(92,9)
(57,8)
(72,21)
(49,11)
(53,23)
(4,3)
(40,13)
(23,26)
(88,9)
(59,15)
(33,11)
(38,5)
(49,20)
(49,8)
(2,8)
(7,18)
(18,14)
(58,14)
(68,3)
(99,19)
(95,18)
(13,24)
(62,24)
(19,3)
(60,11)
(11,21)
(2,23)
(95,10)
(93,6)
(35,8)
(4,20)
(34,15)
(19,20)
(16,24)
(15,21)
(37,21)
(79,13)
(69,11)
(79,7)
(61,2)
(87,21)
(83,25)
(18,16)
(86,19)
(93,2)
(69,12)
(45,17)
(42,9)
(20,3)
(51,2)
(69,15)
(31,17)
(82,2)
(20,1)
(91,0)
(44,9)
(23,19)
(8,22)
(69,22)
(29,12)
(89,24)
(92,8)
(30,16)
(59,10)
(98,19)
(29,26)
(17,3)
(3,12)
(17,17)
(55,11)
(51,8)
(46,21)
(48,20)
(4,12)
(27,17)
(0,9)
(90,5)
(16,9)
(41,7)
(87,17)
(56,26)
(48,2)
(75,10)
(70,4)
(72,13)
(38,20)
(73,8)
(52,19)
(63,21)
(20,8)
(95,0)
(58,13)
(53,15)
(85,16)
(61,24)
(65,11)
(47,17)
(55,10)
(24,22)
(49,16)
(40,4)
(98,9)
(31,16)
(82,23)
(52,5)
(33,5)
(96,20)
(80,1)
(84,15)
(57,25)
(73,0)
(23,24)
(98,26)
(25,21)
(38,14)
(20,16)
(51,10)
(49,12)
(44,8)
(24,9)
(77,9)
(50,5)
(97,11)
(8,0)
(73,23)
(18,7)
(2,3)
(90,11)
(86,16)
(18,5)
(88,26)
(49,13)
(10,3)
(83,22)
(62,25)
(58,12)
(52,24)
(77,13)
(19,15)
(66,24)
(76,2)
(37,2)
(1,9)
(96,23)
(81,3)
(49,23)
(12,12)
(2,0)
(1,1)
(84,6)
(27,16)
(31,8)
(85,10)
(59,21)
(34,1)
(9,12)
(33,24)
(39,6)
(40,10)
(45,20)
(6,19)
(69,7)
(15,11)
(31,22)
(7,8)
(1,11)
(85,13)
(34,22)
(52,21)
(1,8)
(98,3)
(41,10)
(27,23)
(58,5)
(44,16)
(85,17)
(57,13)
(29,4)
(24,24)
(29,5)
(68,26)
(3,21)
(41,14)
(81,1)
(5,23)
(81,12)
(87,16)
(24,18)
(93,10)
(73,7)
(68,9)
(72,7)
(39,0)
(79,6)
(87,6)
(56,9)
(33,0)
(51,11)
(60,6)
(67,24)
(90,25)
(49,5)
(99,26)
(62,1)
(80,5)
(68,12)
(90,19)
(66,10)
(36,24)
(41,19)
(69,4)
(97,16)
(3,17)
(70,11)
(85,23)
(89,5)
(70,9)
(96,12)
(6,16)
(20,12)
(40,7)
(82,8)
(53,10)
(94,14)
(24,20)
(22,6)
(75,26)
(24,15)
(80,4)
(37,14)
(0,22)
(94,24)
(76,12)
(81,13)
(40,9)
(54,12)
(59,16)
(9,7)
(44,22)
(50,26)
(41,12)
(72,24)
(79,10)
(11,4)
(88,25)
(49,15)
(33,8)
(16,22)
(60,5)
(82,3)
(43,3)
(89,11)
(54,15)
(47,6)
(14,14)
(50,17)
(20,24)
(9,23)
(93,16)
(31,20)
(46,1)
(86,0)
(94,19)
(95,16)
(24,6)
(14,11)
(4,8)
(94,5)
(70,10)
(93,24)
(49,25)
(90,10)
(96,13)
(84,5)
(3,15)
(1,13)
(97,14)
(39,15)
(84,8)
(14,15)
(86,18)
(96,26)
(71,23)
(11,0)
(62,18)
(48,17)
(56,6)
(90,3)
(35,20)
(92,24)
(39,26)
(53,22)
(7,14)
(82,26)
(16,11)
(96,9)
(16,7)
(94,7)
(37,1)
(53,12)
(47,10)
(43,7)
(72,4)
(42,1)
(48,3)
(90,14)
(85,19)
(18,10)
(58,7)
(97,6)
(55,22)
(86,7)
(2,18)
(95,6)
(92,11)
(33,22)
(24,21)
(30,7)
(57,17)
(2,6)
(60,24)
(69,19)
(72,5)
(46,16)
(74,2)
(12,13)
(61,25)
(29,13)
(68,11)
(10,23)
(57,10)
(50,10)
(81,20)
(63,12)
(58,23)
(83,9)
(57,12)
(6,5)
(18,12)
(81,7)
(54,14)
(36,1)
(97,3)
(6,3)
(92,18)
(54,21)
(39,1)
(58,0)
(49,17)
(44,11)
(68,24)
(34,2)
(62,20)
(11,20)
(5,19)
(53,20)
(50,15)
(89,15)
(54,7)
(67,11)
(33,17)
(34,9)
(83,17)
(65,14)
(66,13)
(32,3)
(80,12)
(91,5)
(24,13)
(64,4)
(79,23)
(38,19)
(41,13)
(28,11)
(33,26)
(14,18)
(18,24)
(28,9)
(97,15)
(93,25)
(37,4)
(28,20)
(4,15)
(88,11)
(15,17)
(38,15)
(80,25)
(28,13)
(26,8)
(59,3)
(44,1)
(6,4)
(92,14)
(55,6)
(4,13)
(9,13)
(12,11)
(92,12)
(67,26)
(69,20)
(98,25)
(72,12)
(93,22)
(0,11)
(7,26)
(69,13)
(49,3)
(20,13)
(28,16)
(28,1)
(68,1)
(6,2)
(15,2)
(5,22)
(42,18)
(41,21)
(6,17)
(80,23)
(23,25)
(99,25)
(14,8)
(2,22)
(95,7)
(83,2)
(34,16)
(45,10)
(24,17)
(98,23)
(9,18)
(59,19)
(40,20)
(60,15)
(32,26)
(9,8)
(6,6)
(15,10)
(25,7)
(36,16)
(92,22)
(19,19)
(66,7)
(23,20)
(68,23)
(84,20)
(27,9)
(52,15)
(79,19)
(43,10)
(77,15)
(71,26)
(3,1)
(25,0)
(38,11)
(88,6)
(83,7)
(62,15)
(21,13)
(80,9)
(11,10)
(93,13)
(58,26)
(84,25)
(90,7)
(72,10)
(92,10)
(57,23)
(64,17)
(15,16)
(7,7)
(92,3)
(16,16)
(8,10)
(37,9)
(48,14)
(73,17)
(54,20)
(12,4)
(86,15)
(32,22)
(30,23)
(42,17)
(23,18)
(26,11)
(67,13)
(84,24)
(99,21)
(60,17)
(57,6)
(62,14)
(21,26)
(77,7)
(2,9)
(17,5)
(31,19)
(30,6)
(31,6)
(87,24)
(19,16)
(62,16)
(18,9)
(69,21)
(99,22)
(11,1)
(89,13)
(41,23)
(35,25)
(31,9)
(59,17)
(55,15)
(66,26)
(98,12)
(73,12)
(79,11)
(64,0)
(58,22)
(72,9)
(2,12)
(24,5)
(72,23)
(15,26)
(25,4)
(87,25)
(17,7)
(55,20)
(3,8)
(86,13)
(79,24)
(94,13)
(91,16)
(53,9)
(32,6)
(37,24)
(86,20)
(99,5)
(73,6)
(9,16)
(55,13)
(29,23)
(54,5)
(22,25)
(81,19)
(48,26)
(5,7)
(26,12)
(14,19)
(9,21)
(68,15)
(32,17)
(90,22)
(95,23)
(27,6)
(44,24)
(1,3)
(99,17)
(52,14)
(53,24)
(35,3)
(98,15)
(81,23)
(12,3)
(6,14)
(44,26)
(43,24)
(80,22)
(70,19)
(42,15)
(72,2)
(65,6)
(72,22)
(9,22)
(33,15)
(84,23)
(44,19)
(10,8)
(29,15)
(14,23)
(34,13)
(7,24)
(84,9)
(79,21)
(60,0)
(82,20)
(14,24)
(28,24)
(62,8)
(56,2)
(15,20)
(95,3)
(81,26)
(60,7)
(22,11)
(70,8)
(14,1)
(73,3)
(45,12)
(60,25)
(90,20)
(93,12)
(9,17)
(50,20)
(10,26)
(88,18)
(20,7)
(84,10)
(51,16)
(0,1)
(73,2)
(3,16)
(91,12)
(56,1)
(9,24)
(18,6)
(54,23)
(29,2)
(40,19)
(80,18)
(43,16)
(90,12)
(73,15)
(81,18)
(63,26)
(29,14)
(31,26)
(33,19)
(21,7)
(48,22)
(56,21)
(3,24)
(59,20)
(29,21)
(63,10)
(16,26)
(99,15)
(70,3)
(90,18)
(37,0)
(67,17)
(21,3)
(91,13)
(55,17)
(70,26)
(63,14)
(93,11)
(27,12)
(8,9)
(47,20)
(22,3)
(96,8)
(77,20)
(28,26)
(91,18)
(25,10)
(40,21)
(12,5)
(93,15)
(21,24)
(77,3)
(44,5)
(62,19)
(36,21)
(88,13)
(1,20)
(20,17)
(43,20)
(87,20)
(14,22)
(47,13)
(59,22)
(36,2)
(75,19)
(30,22)
(21,11)
(80,6)
(67,25)
(87,5)
(46,13)
(8,20)
(78,20)
(41,26)
(87,7)
(61,26)
(4,9)
(35,19)
(44,17)
(50,14)
(33,12)
(97,1)
(16,21)
(52,11)
(70,17)
(82,24)
(88,17)
(5,18)
(32,11)
(78,2)
(26,17)
(51,6)
(64,9)
(51,13)
(64,23)
(70,13)
(45,8)
(37,22)
(96,4)
(8,16)
(7,6)
(70,15)
(49,18)
(25,2)
(4,17)
(18,20)
(36,12)
(14,20)
(26,9)
(64,26)
(85,15)
(38,7)
(10,14)
(65,24)
(46,4)
(65,4)
(54,17)
(25,11)
(43,14)
(21,22)
(60,19)
(81,17)
(77,14)
(20,22)
(21,9)
(97,26)
(58,21)
(96,22)
(64,13)
(78,15)
(37,13)
(43,25)
(64,6)
(28,25)
(11,26)
(32,14)
(85,1)
(70,7)
(60,16)
(94,9)
(55,26)
(4,11)
(91,11)
(77,8)
(37,10)
(15,14)
(87,9)
(37,26)
(26,7)
(31,23)
(16,19)
(61,6)
(67,8)
(30,17)
(59,26)
(42,11)
(12,19)
(67,19)
(35,12)
(3,22)
(25,23)
(22,5)
(59,24)
(96,2)
(97,5)
(50,12)
(89,10)
(32,25)
(47,12)
(72,16)
(61,16)
(45,16)
(90,15)
(16,3)
(45,18)
(79,15)
(80,24)
(4,14)
(24,14)
(37,25)
(75,21)
(44,15)
(78,7)
(18,15)
(51,5)
(16,5)
(18,25)
(90,21)
(59,14)
(68,20)
(90,13)
(82,16)
(75,4)
(39,19)
(63,18)
(50,21)
(44,25)
(3,20)
(43,13)
(77,19)
(11,22)
(40,16)
(46,19)
(81,9)
(48,16)
(12,26)
(63,8)
(92,7)
(26,19)
(38,8)
(16,25)
(11,18)
(19,10)
(38,16)
(11,23)
(67,22)
(33,13)
(49,14)
(3,19)
(66,3)
(48,24)
(15,9)
(57,14)
(27,15)
(35,9)
(12,14)
(77,25)
(35,5)
(11,14)
(53,21)
(47,16)
(84,21)
(16,18)
(75,14)
(64,7)
(34,18)
(65,1)
(42,2)
(94,22)
(64,8)
(34,0)
(65,7)
(78,4)
(38,24)
(96,17)
(54,24)
(92,15)
(61,20)
(32,23)
(71,17)
(85,25)
(17,14)
(12,20)
(19,26)
(39,14)
(19,18)
(74,6)
(68,8)
(52,1)
(52,7)
(1,14)
(95,21)
(87,12)
(46,11)
(15,15)
(66,17)
(85,14)
(84,7)
(66,5)
(64,18)
(48,15)
(78,6)
(3,26)
(89,6)
(80,10)
(25,25)
(81,11)
(19,13)
(71,11)
(66,11)
(48,9)
(0,25)
(59,12)
(45,13)
(0,16)
(45,23)
(97,22)
(75,24)
(35,14)
(95,14)
(42,22)
(65,17)
(58,20)
(44,12)
(39,10)
(94,4)
(8,26)
(29,25)
(35,1)
(84,18)
(88,22)
(94,26)
(26,26)
(78,9)
(95,5)
(42,12)
(16,13)
(83,6)
(91,6)
(51,26)
(44,20)
(30,20)
(46,5)
(90,23)
(65,25)
(69,8)
(43,21)
(96,7)
(32,18)
(29,9)
(84,16)
(55,18)
(30,10)
(26,15)
(76,25)
(31,2)
(67,6)
(75,23)
(75,16)
(90,6)
(4,21)
(16,23)
(16,20)
(28,5)
(34,7)
(89,3)
(22,17)
(42,19)
(15,6)
(53,18)
(7,9)
(42,6)
(47,7)
(80,14)
(44,7)
(65,20)
(25,14)
(65,21)
(53,4)
(92,17)
(61,13)
(1,4)
(5,11)
(30,4)
(28,12)
(1,0)
(21,16)
(46,24)
(32,24)
(97,25)
(19,8)
(63,9)
(40,24)
(39,13)
(30,2)
(29,20)
(53,16)
(90,24)
(81,22)
(17,12)
(84,4)
(31,15)
(5,26)
(39,24)
(3,11)
(16,14)
(82,21)
(21,19)
(65,19)
(88,15)
(22,9)
(8,2)
(35,26)
(1,5)
(12,23)
(64,24)
(31,18)
(83,15)
(94,17)
(53,2)
(69,18)
(59,23)
(4,23)
(57,5)
(46,17)
(65,26)
(85,20)
(97,19)
(34,14)
(61,7)
(35,21)
(71,21)
(36,9)
(67,20)
(73,21)
(43,15)
(81,25)
(7,13)
(46,18)
(39,7)
(15,18)
(17,19)
(84,19)
(83,24)
(41,17)
(83,14)
(84,17)
(57,18)
(63,19)
(47,8)
(61,22)
(36,26)
(5,13)
(22,19)
(12,22)
(47,21)
(25,6)
(58,11)
(12,25)
(77,22)
(54,18)
(77,21)
(63,25)
(61,23)
(81,21)
(4,25)
(95,22)
(56,19)
(56,22)
(82,22)
(68,19)
(34,23)
(35,24)
(56,18)
(1,25)
(57,26)
(57,24)
(36,15)
(0,12)
(6,20)
(8,25)
(85,7)
(22,16)
(34,10)
(21,23)
(11,12)
(43,17)
(36,13)
(53,6)
(95,15)
(64,11)
(34,20)
(42,7)
(42,16)
(54,25)
(0,20)
(96,16)
(46,3)
(25,20)
(75,20)
(95,11)
(83,16)
(52,17)
(17,2)
(47,15)
(78,12)
(74,5)
(56,25)
(88,24)
(47,24)
(32,15)
(96,14)
(45,25)
(57,16)
(96,21)
(63,4)
(63,16)
(25,24)
(19,17)
(66,12)
(8,24)
(83,19)
(54,22)
(75,13)
(15,23)
(25,12)
(51,22)
(5,5)
(5,24)
(34,19)
(85,3)
(78,3)
(59,4)
(7,11)
(46,7)
(61,14)
(10,21)
(10,10)
(40,23)
(89,8)
(83,20)
(76,24)
(74,16)
(66,9)
(91,21)
(22,20)
(67,21)
(6,23)
(53,5)
(76,4)
(11,6)
(12,16)
(35,22)
(83,21)
(96,25)
(35,18)
(27,10)
(94,18)
(17,22)
(17,23)
(80,26)
(19,22)
(88,23)
(10,11)
(61,18)
(29,6)
(17,8)
(17,9)
(96,19)
(63,20)
(5,4)
(53,11)
(26,14)
(75,22)
(78,14)
(19,21)
(76,13)
(74,3)
(74,23)
(17,20)
(54,9)
(78,10)
(17,18)
(10,6)
(75,25)
(6,25)
(42,23)
(67,16)
(12,7)
(66,1)
(36,14)
(7,12)
(46,26)
(31,24)
(67,10)
(78,5)
(61,17)
(27,24)
(0,5)
(87,18)
(51,20)
(1,15)
(5,6)
