300 Users
27 Files
1500 Transactions
2 Maximum Connections
1 Cycle Length per Upload-Download
0 Warm-up Transactions
0.400000 Zipf constant
5 Pre-Trusted Users
180 Well-Behaved (Good) Users
120 Purely Malicious Users
0 Feedback Skewing Users
0 Malignant Providing Users
0 Disguised Malicous Users
0 Sybil Attack Users
true Intelligent Trans. Generation
1561013061128 Trace Generation Seed

(0.072728,0.000000,1,false)
(0.093075,0.000000,1,false)
(0.033720,0.000000,1,false)
(0.061027,0.000000,1,false)
(0.015886,0.000000,1,false)
(0.068011,0.000000,1,false)
(0.091774,0.000000,1,false)
(0.011785,0.000000,1,false)
(0.084795,0.000000,1,false)
(0.067658,0.000000,1,false)
(0.094737,0.000000,1,false)
(0.099329,0.000000,1,false)
(0.023977,0.000000,1,false)
(0.026419,0.000000,1,false)
(0.090394,0.000000,1,false)
(0.034683,0.000000,1,false)
(0.097597,0.000000,1,false)
(0.095763,0.000000,1,false)
(0.030002,0.000000,1,false)
(0.012773,0.000000,1,false)
(0.021708,0.000000,1,false)
(0.033052,0.000000,1,false)
(0.012376,0.000000,1,false)
(0.066312,0.000000,1,false)
(0.000588,0.000000,1,false)
(0.025354,0.000000,1,false)
(0.062163,0.000000,1,false)
(0.016949,0.000000,1,false)
(0.045736,0.000000,1,false)
(0.065574,0.000000,1,false)
(0.045483,0.000000,1,false)
(0.055116,0.000000,1,false)
(0.087395,0.000000,1,false)
(0.039754,0.000000,1,false)
(0.034085,0.000000,1,false)
(0.060592,0.000000,1,false)
(0.097978,0.000000,1,false)
(0.029000,0.000000,1,false)
(0.065132,0.000000,1,false)
(0.009487,0.000000,1,false)
(0.034361,0.000000,1,false)
(0.077270,0.000000,1,false)
(0.007939,0.000000,1,false)
(0.000185,0.000000,1,false)
(0.071715,0.000000,1,false)
(0.027115,0.000000,1,false)
(0.041254,0.000000,1,false)
(0.070682,0.000000,1,false)
(0.045412,0.000000,1,false)
(0.079490,0.000000,1,false)
(0.065077,0.000000,1,false)
(0.072870,0.000000,1,false)
(0.039523,0.000000,1,false)
(0.090866,0.000000,1,false)
(0.019567,0.000000,1,false)
(0.015492,0.000000,1,false)
(0.060487,0.000000,1,false)
(0.081129,0.000000,1,false)
(0.060215,0.000000,1,false)
(0.086783,0.000000,1,false)
(0.012789,0.000000,1,false)
(0.089140,0.000000,1,false)
(0.043290,0.000000,1,false)
(0.020298,0.000000,1,false)
(0.049825,0.000000,1,false)
(0.079330,0.000000,1,false)
(0.008429,0.000000,1,false)
(0.072974,0.000000,1,false)
(0.007578,0.000000,1,false)
(0.072315,0.000000,1,false)
(0.006309,0.000000,1,false)
(0.043138,0.000000,1,false)
(0.041367,0.000000,1,false)
(0.045311,0.000000,1,false)
(0.008491,0.000000,1,false)
(0.068049,0.000000,1,false)
(0.076625,0.000000,1,false)
(0.023962,0.000000,1,false)
(0.053803,0.000000,1,false)
(0.005447,0.000000,1,false)
(0.053522,0.000000,1,false)
(0.066229,0.000000,1,false)
(0.031049,0.000000,1,false)
(0.021669,0.000000,1,false)
(0.092210,0.000000,1,false)
(0.021107,0.000000,1,false)
(0.071363,0.000000,1,false)
(0.080104,0.000000,1,false)
(0.030588,0.000000,1,false)
(0.030181,0.000000,1,false)
(0.025179,0.000000,1,false)
(0.048041,0.000000,1,false)
(0.089679,0.000000,1,false)
(0.028434,0.000000,1,false)
(0.028600,0.000000,1,false)
(0.017418,0.000000,1,false)
(0.003077,0.000000,1,false)
(0.092201,0.000000,1,false)
(0.021812,0.000000,1,false)
(0.065566,0.000000,1,false)
(0.006391,0.000000,1,false)
(0.076808,0.000000,1,false)
(0.068276,0.000000,1,false)
(0.065702,0.000000,1,false)
(0.020211,0.000000,1,false)
(0.084173,0.000000,1,false)
(0.037558,0.000000,1,false)
(0.093757,0.000000,1,false)
(0.075837,0.000000,1,false)
(0.001543,0.000000,1,false)
(0.056951,0.000000,1,false)
(0.068077,0.000000,1,false)
(0.026866,0.000000,1,false)
(0.056532,0.000000,1,false)
(0.007451,0.000000,1,false)
(0.001578,0.000000,1,false)
(0.061711,0.000000,1,false)
(0.040760,0.000000,1,false)
(0.038195,0.000000,1,false)
(0.042140,0.000000,1,false)
(0.917791,1.000000,0,true)
(0.935356,1.000000,0,true)
(0.999890,1.000000,0,true)
(0.973645,1.000000,0,true)
(0.958303,1.000000,0,true)
(0.980733,1.000000,0,false)
(0.945663,1.000000,0,false)
(0.925856,1.000000,0,false)
(0.957682,1.000000,0,false)
(0.962230,1.000000,0,false)
(0.906148,1.000000,0,false)
(0.992616,1.000000,0,false)
(0.924273,1.000000,0,false)
(0.931678,1.000000,0,false)
(0.972186,1.000000,0,false)
(0.915681,1.000000,0,false)
(0.945966,1.000000,0,false)
(0.906512,1.000000,0,false)
(0.982742,1.000000,0,false)
(0.996618,1.000000,0,false)
(0.981508,1.000000,0,false)
(0.943308,1.000000,0,false)
(0.981908,1.000000,0,false)
(0.955009,1.000000,0,false)
(0.967688,1.000000,0,false)
(0.914526,1.000000,0,false)
(0.917277,1.000000,0,false)
(0.912073,1.000000,0,false)
(0.939045,1.000000,0,false)
(0.966624,1.000000,0,false)
(0.904788,1.000000,0,false)
(0.941872,1.000000,0,false)
(0.981657,1.000000,0,false)
(0.902473,1.000000,0,false)
(0.933515,1.000000,0,false)
(0.957982,1.000000,0,false)
(0.989351,1.000000,0,false)
(0.992595,1.000000,0,false)
(0.904059,1.000000,0,false)
(0.976048,1.000000,0,false)
(0.959291,1.000000,0,false)
(0.978268,1.000000,0,false)
(0.986330,1.000000,0,false)
(0.912091,1.000000,0,false)
(0.954494,1.000000,0,false)
(0.984904,1.000000,0,false)
(0.946419,1.000000,0,false)
(0.942729,1.000000,0,false)
(0.973159,1.000000,0,false)
(0.916346,1.000000,0,false)
(0.928149,1.000000,0,false)
(0.966663,1.000000,0,false)
(0.999002,1.000000,0,false)
(0.949853,1.000000,0,false)
(0.982582,1.000000,0,false)
(0.966847,1.000000,0,false)
(0.962967,1.000000,0,false)
(0.997557,1.000000,0,false)
(0.918349,1.000000,0,false)
(0.979687,1.000000,0,false)
(0.924646,1.000000,0,false)
(0.943015,1.000000,0,false)
(0.997152,1.000000,0,false)
(0.931401,1.000000,0,false)
(0.981710,1.000000,0,false)
(0.901247,1.000000,0,false)
(0.922106,1.000000,0,false)
(0.902415,1.000000,0,false)
(0.937391,1.000000,0,false)
(0.987272,1.000000,0,false)
(0.961814,1.000000,0,false)
(0.928151,1.000000,0,false)
(0.999720,1.000000,0,false)
(0.911638,1.000000,0,false)
(0.920172,1.000000,0,false)
(0.939061,1.000000,0,false)
(0.951742,1.000000,0,false)
(0.951822,1.000000,0,false)
(0.900821,1.000000,0,false)
(0.984041,1.000000,0,false)
(0.919365,1.000000,0,false)
(0.975623,1.000000,0,false)
(0.926070,1.000000,0,false)
(0.969531,1.000000,0,false)
(0.972718,1.000000,0,false)
(0.916784,1.000000,0,false)
(0.952763,1.000000,0,false)
(0.981708,1.000000,0,false)
(0.928115,1.000000,0,false)
(0.924080,1.000000,0,false)
(0.982191,1.000000,0,false)
(0.941051,1.000000,0,false)
(0.970691,1.000000,0,false)
(0.922993,1.000000,0,false)
(0.987612,1.000000,0,false)
(0.967435,1.000000,0,false)
(0.992713,1.000000,0,false)
(0.943807,1.000000,0,false)
(0.981268,1.000000,0,false)
(0.909533,1.000000,0,false)
(0.939330,1.000000,0,false)
(0.981614,1.000000,0,false)
(0.913007,1.000000,0,false)
(0.914905,1.000000,0,false)
(0.972190,1.000000,0,false)
(0.962204,1.000000,0,false)
(0.934726,1.000000,0,false)
(0.986563,1.000000,0,false)
(0.901869,1.000000,0,false)
(0.993164,1.000000,0,false)
(0.978781,1.000000,0,false)
(0.988125,1.000000,0,false)
(0.902458,1.000000,0,false)
(0.981800,1.000000,0,false)
(0.984386,1.000000,0,false)
(0.922847,1.000000,0,false)
(0.905954,1.000000,0,false)
(0.900566,1.000000,0,false)
(0.963711,1.000000,0,false)
(0.921871,1.000000,0,false)
(0.980211,1.000000,0,false)
(0.976732,1.000000,0,false)
(0.928999,1.000000,0,false)
(0.933991,1.000000,0,false)
(0.922285,1.000000,0,false)
(0.975841,1.000000,0,false)
(0.903466,1.000000,0,false)
(0.913010,1.000000,0,false)
(0.948866,1.000000,0,false)
(0.938299,1.000000,0,false)
(0.912109,1.000000,0,false)
(0.949467,1.000000,0,false)
(0.937294,1.000000,0,false)
(0.915039,1.000000,0,false)
(0.993749,1.000000,0,false)
(0.991074,1.000000,0,false)
(0.964295,1.000000,0,false)
(0.931682,1.000000,0,false)
(0.992722,1.000000,0,false)
(0.940622,1.000000,0,false)
(0.905104,1.000000,0,false)
(0.991034,1.000000,0,false)
(0.977614,1.000000,0,false)
(0.911429,1.000000,0,false)
(0.993058,1.000000,0,false)
(0.900954,1.000000,0,false)
(0.995260,1.000000,0,false)
(0.958600,1.000000,0,false)
(0.998981,1.000000,0,false)
(0.988779,1.000000,0,false)
(0.900936,1.000000,0,false)
(0.989403,1.000000,0,false)
(0.970891,1.000000,0,false)
(0.934486,1.000000,0,false)
(0.910297,1.000000,0,false)
(0.988022,1.000000,0,false)
(0.977533,1.000000,0,false)
(0.922631,1.000000,0,false)
(0.995026,1.000000,0,false)
(0.968739,1.000000,0,false)
(0.924176,1.000000,0,false)
(0.977853,1.000000,0,false)
(0.992551,1.000000,0,false)
(0.997296,1.000000,0,false)
(0.955885,1.000000,0,false)
(0.910369,1.000000,0,false)
(0.920371,1.000000,0,false)
(0.992726,1.000000,0,false)
(0.932121,1.000000,0,false)
(0.956354,1.000000,0,false)
(0.977620,1.000000,0,false)
(0.941407,1.000000,0,false)
(0.947057,1.000000,0,false)
(0.953497,1.000000,0,false)
(0.980491,1.000000,0,false)
(0.921364,1.000000,0,false)
(0.982400,1.000000,0,false)
(0.944255,1.000000,0,false)
(0.913947,1.000000,0,false)
(0.948058,1.000000,0,false)

(1,0,false)
(2,0,false)
(4,0,false)
(7,0,false)
(8,0,false)
(9,0,false)
(10,0,false)
(11,0,false)
(12,0,false)
(13,0,false)
(14,0,true)
(16,0,false)
(18,0,false)
(19,0,false)
(20,0,false)
(21,0,false)
(22,0,false)
(24,0,false)
(25,0,false)
(27,0,false)
(28,0,false)
(30,0,false)
(32,0,false)
(33,0,true)
(35,0,false)
(36,0,false)
(37,0,false)
(39,0,false)
(40,0,false)
(41,0,false)
(42,0,false)
(43,0,false)
(44,0,true)
(45,0,false)
(46,0,false)
(48,0,true)
(49,0,false)
(50,0,false)
(51,0,false)
(53,0,false)
(54,0,false)
(55,0,false)
(56,0,false)
(57,0,false)
(58,0,false)
(60,0,false)
(61,0,false)
(62,0,false)
(63,0,false)
(65,0,false)
(66,0,false)
(67,0,false)
(68,0,false)
(69,0,false)
(70,0,false)
(71,0,false)
(72,0,false)
(73,0,false)
(74,0,false)
(75,0,false)
(76,0,false)
(77,0,false)
(79,0,false)
(80,0,false)
(81,0,false)
(82,0,false)
(83,0,false)
(84,0,false)
(85,0,false)
(87,0,false)
(88,0,false)
(90,0,false)
(91,0,false)
(92,0,true)
(94,0,false)
(95,0,false)
(96,0,false)
(97,0,false)
(98,0,false)
(101,0,false)
(103,0,false)
(104,0,false)
(105,0,false)
(106,0,false)
(107,0,false)
(108,0,false)
(109,0,false)
(110,0,false)
(111,0,false)
(113,0,false)
(115,0,false)
(116,0,false)
(119,0,false)
(120,0,true)
(122,0,true)
(124,0,true)
(125,0,true)
(126,0,true)
(127,0,true)
(128,0,true)
(130,0,true)
(131,0,false)
(132,0,true)
(133,0,true)
(134,0,true)
(135,0,true)
(136,0,true)
(137,0,true)
(138,0,true)
(139,0,true)
(140,0,true)
(141,0,false)
(142,0,true)
(144,0,true)
(146,0,true)
(147,0,true)
(149,0,true)
(150,0,true)
(151,0,true)
(152,0,true)
(153,0,false)
(156,0,true)
(160,0,true)
(162,0,true)
(163,0,true)
(165,0,true)
(166,0,true)
(167,0,true)
(168,0,true)
(169,0,true)
(170,0,true)
(171,0,true)
(172,0,true)
(173,0,true)
(174,0,false)
(175,0,true)
(176,0,true)
(178,0,false)
(179,0,true)
(180,0,true)
(181,0,true)
(182,0,true)
(183,0,true)
(185,0,true)
(186,0,true)
(187,0,true)
(191,0,true)
(192,0,true)
(193,0,true)
(194,0,true)
(196,0,true)
(197,0,true)
(198,0,true)
(199,0,true)
(200,0,true)
(201,0,true)
(204,0,true)
(205,0,true)
(206,0,true)
(207,0,true)
(208,0,true)
(209,0,true)
(211,0,true)
(213,0,true)
(214,0,true)
(216,0,true)
(217,0,true)
(218,0,true)
(219,0,true)
(220,0,true)
(221,0,true)
(222,0,true)
(223,0,false)
(224,0,true)
(226,0,true)
(227,0,true)
(228,0,true)
(229,0,true)
(230,0,true)
(232,0,true)
(233,0,true)
(234,0,true)
(237,0,false)
(239,0,true)
(240,0,true)
(241,0,true)
(242,0,true)
(243,0,true)
(246,0,true)
(247,0,true)
(248,0,true)
(249,0,true)
(251,0,true)
(252,0,true)
(253,0,true)
(255,0,true)
(256,0,true)
(257,0,true)
(258,0,true)
(260,0,true)
(261,0,true)
(262,0,true)
(263,0,true)
(264,0,true)
(265,0,true)
(266,0,true)
(267,0,true)
(269,0,true)
(270,0,true)
(271,0,true)
(272,0,true)
(273,0,true)
(274,0,true)
(275,0,true)
(276,0,true)
(277,0,true)
(278,0,true)
(279,0,true)
(280,0,true)
(282,0,true)
(285,0,false)
(286,0,true)
(287,0,true)
(288,0,true)
(289,0,false)
(290,0,true)
(292,0,true)
(293,0,true)
(294,0,true)
(295,0,true)
(296,0,true)
(297,0,true)
(299,0,true)
(0,1,false)
(1,1,false)
(2,1,false)
(3,1,false)
(4,1,false)
(5,1,false)
(7,1,false)
(8,1,false)
(9,1,false)
(10,1,false)
(11,1,false)
(14,1,false)
(16,1,false)
(17,1,false)
(18,1,false)
(20,1,false)
(21,1,false)
(22,1,false)
(23,1,false)
(26,1,false)
(30,1,false)
(31,1,false)
(32,1,false)
(33,1,false)
(34,1,false)
(36,1,false)
(37,1,false)
(39,1,false)
(40,1,false)
(41,1,false)
(43,1,false)
(44,1,false)
(47,1,false)
(48,1,false)
(49,1,false)
(50,1,false)
(52,1,false)
(53,1,false)
(54,1,false)
(56,1,false)
(58,1,false)
(59,1,false)
(62,1,false)
(63,1,false)
(64,1,false)
(68,1,false)
(69,1,false)
(72,1,false)
(75,1,false)
(76,1,false)
(78,1,false)
(81,1,false)
(82,1,false)
(83,1,false)
(85,1,false)
(87,1,false)
(88,1,false)
(89,1,false)
(90,1,false)
(92,1,true)
(93,1,false)
(94,1,false)
(95,1,false)
(96,1,false)
(97,1,false)
(99,1,true)
(100,1,false)
(102,1,false)
(104,1,false)
(106,1,false)
(108,1,false)
(110,1,false)
(111,1,false)
(112,1,false)
(113,1,true)
(115,1,false)
(116,1,false)
(118,1,false)
(119,1,false)
(121,1,true)
(124,1,false)
(125,1,true)
(126,1,true)
(127,1,false)
(128,1,true)
(129,1,true)
(130,1,true)
(131,1,true)
(132,1,true)
(133,1,true)
(135,1,true)
(136,1,true)
(137,1,true)
(138,1,true)
(139,1,true)
(141,1,true)
(142,1,true)
(143,1,true)
(145,1,false)
(146,1,true)
(147,1,true)
(148,1,true)
(149,1,true)
(150,1,true)
(151,1,true)
(152,1,false)
(153,1,true)
(154,1,true)
(155,1,true)
(156,1,true)
(157,1,true)
(158,1,true)
(159,1,true)
(160,1,true)
(161,1,true)
(162,1,true)
(164,1,true)
(165,1,true)
(166,1,true)
(167,1,true)
(168,1,true)
(169,1,true)
(170,1,true)
(173,1,true)
(174,1,true)
(177,1,true)
(178,1,false)
(180,1,true)
(181,1,true)
(182,1,true)
(183,1,true)
(186,1,true)
(187,1,true)
(190,1,true)
(191,1,true)
(195,1,true)
(197,1,true)
(198,1,true)
(200,1,true)
(201,1,true)
(202,1,true)
(203,1,true)
(205,1,true)
(207,1,true)
(208,1,true)
(209,1,true)
(210,1,true)
(212,1,true)
(214,1,true)
(217,1,true)
(218,1,true)
(219,1,true)
(220,1,true)
(221,1,true)
(224,1,false)
(226,1,true)
(227,1,true)
(229,1,true)
(232,1,true)
(236,1,true)
(240,1,true)
(241,1,true)
(242,1,true)
(243,1,true)
(244,1,false)
(245,1,true)
(246,1,true)
(247,1,true)
(248,1,true)
(249,1,true)
(253,1,true)
(254,1,true)
(260,1,true)
(261,1,true)
(263,1,true)
(267,1,true)
(268,1,true)
(270,1,true)
(272,1,true)
(274,1,true)
(275,1,true)
(276,1,true)
(278,1,true)
(280,1,true)
(284,1,true)
(285,1,true)
(287,1,true)
(289,1,true)
(290,1,true)
(292,1,true)
(293,1,true)
(294,1,true)
(296,1,true)
(298,1,true)
(299,1,true)
(1,2,false)
(5,2,false)
(8,2,false)
(9,2,false)
(10,2,false)
(11,2,true)
(12,2,false)
(13,2,false)
(14,2,false)
(16,2,false)
(18,2,false)
(20,2,false)
(21,2,false)
(23,2,false)
(24,2,false)
(27,2,false)
(30,2,true)
(31,2,false)
(33,2,false)
(34,2,false)
(37,2,false)
(38,2,false)
(39,2,false)
(44,2,false)
(45,2,false)
(48,2,false)
(50,2,false)
(53,2,false)
(54,2,false)
(56,2,false)
(60,2,false)
(61,2,false)
(64,2,false)
(65,2,false)
(66,2,false)
(67,2,false)
(68,2,false)
(69,2,false)
(71,2,false)
(72,2,false)
(73,2,true)
(74,2,false)
(76,2,false)
(78,2,false)
(79,2,false)
(81,2,false)
(82,2,false)
(84,2,true)
(85,2,false)
(86,2,false)
(87,2,false)
(88,2,false)
(89,2,false)
(90,2,false)
(91,2,false)
(92,2,false)
(93,2,false)
(94,2,false)
(95,2,false)
(96,2,false)
(98,2,false)
(99,2,false)
(101,2,false)
(103,2,false)
(104,2,false)
(105,2,false)
(108,2,false)
(111,2,false)
(118,2,false)
(119,2,false)
(120,2,true)
(121,2,true)
(122,2,true)
(123,2,true)
(124,2,true)
(126,2,true)
(128,2,true)
(130,2,true)
(131,2,true)
(132,2,false)
(134,2,true)
(135,2,true)
(136,2,true)
(137,2,true)
(140,2,true)
(141,2,true)
(144,2,true)
(146,2,true)
(148,2,true)
(149,2,true)
(152,2,true)
(153,2,true)
(155,2,true)
(156,2,true)
(164,2,true)
(165,2,true)
(166,2,true)
(167,2,true)
(168,2,true)
(169,2,true)
(170,2,true)
(171,2,true)
(172,2,true)
(173,2,true)
(174,2,true)
(175,2,true)
(176,2,true)
(177,2,true)
(180,2,true)
(182,2,true)
(183,2,true)
(186,2,false)
(187,2,true)
(189,2,true)
(190,2,true)
(191,2,true)
(193,2,true)
(195,2,true)
(200,2,true)
(201,2,true)
(202,2,true)
(203,2,true)
(204,2,true)
(205,2,true)
(207,2,true)
(208,2,true)
(209,2,true)
(210,2,true)
(211,2,true)
(212,2,true)
(213,2,true)
(214,2,true)
(217,2,true)
(219,2,true)
(221,2,true)
(223,2,false)
(224,2,true)
(225,2,true)
(226,2,true)
(228,2,true)
(230,2,true)
(232,2,true)
(235,2,true)
(236,2,false)
(237,2,true)
(239,2,true)
(240,2,true)
(241,2,true)
(242,2,true)
(243,2,true)
(249,2,true)
(253,2,true)
(254,2,true)
(257,2,false)
(258,2,true)
(259,2,true)
(264,2,true)
(267,2,false)
(268,2,true)
(270,2,true)
(272,2,true)
(273,2,true)
(274,2,true)
(276,2,true)
(277,2,true)
(280,2,true)
(281,2,true)
(282,2,true)
(284,2,true)
(285,2,true)
(286,2,true)
(287,2,true)
(290,2,true)
(292,2,true)
(294,2,true)
(295,2,false)
(298,2,true)
(299,2,true)
(0,3,true)
(1,3,false)
(2,3,false)
(3,3,false)
(4,3,false)
(6,3,false)
(7,3,false)
(9,3,false)
(10,3,false)
(11,3,false)
(12,3,false)
(14,3,false)
(16,3,true)
(17,3,true)
(18,3,false)
(20,3,false)
(21,3,false)
(22,3,false)
(23,3,false)
(29,3,false)
(31,3,false)
(33,3,false)
(34,3,false)
(39,3,false)
(40,3,false)
(41,3,false)
(43,3,false)
(45,3,false)
(46,3,false)
(47,3,false)
(48,3,false)
(50,3,false)
(53,3,false)
(55,3,false)
(56,3,false)
(57,3,false)
(58,3,false)
(61,3,false)
(64,3,false)
(65,3,false)
(68,3,false)
(72,3,false)
(73,3,false)
(74,3,false)
(76,3,false)
(77,3,false)
(83,3,false)
(84,3,false)
(85,3,false)
(88,3,false)
(92,3,false)
(93,3,false)
(96,3,false)
(97,3,false)
(98,3,false)
(105,3,false)
(106,3,false)
(109,3,false)
(112,3,false)
(113,3,false)
(115,3,false)
(118,3,false)
(123,3,true)
(126,3,true)
(127,3,true)
(134,3,true)
(135,3,false)
(136,3,true)
(138,3,true)
(139,3,true)
(140,3,true)
(142,3,true)
(143,3,true)
(145,3,true)
(148,3,true)
(149,3,true)
(150,3,true)
(151,3,true)
(152,3,true)
(153,3,true)
(154,3,true)
(155,3,true)
(157,3,true)
(159,3,true)
(163,3,true)
(164,3,true)
(167,3,true)
(171,3,false)
(176,3,true)
(178,3,true)
(180,3,false)
(181,3,true)
(184,3,true)
(185,3,true)
(189,3,true)
(190,3,true)
(192,3,true)
(193,3,true)
(194,3,false)
(199,3,true)
(200,3,true)
(202,3,true)
(205,3,true)
(207,3,true)
(208,3,true)
(209,3,true)
(211,3,true)
(214,3,true)
(215,3,true)
(218,3,true)
(220,3,true)
(221,3,true)
(222,3,true)
(224,3,true)
(227,3,true)
(230,3,true)
(231,3,true)
(233,3,true)
(234,3,true)
(235,3,true)
(238,3,true)
(239,3,true)
(242,3,true)
(243,3,true)
(245,3,true)
(247,3,true)
(249,3,true)
(251,3,true)
(253,3,true)
(255,3,true)
(257,3,true)
(259,3,true)
(260,3,true)
(261,3,true)
(262,3,true)
(263,3,true)
(264,3,true)
(265,3,true)
(268,3,true)
(270,3,true)
(271,3,true)
(272,3,false)
(274,3,true)
(275,3,true)
(277,3,true)
(279,3,true)
(283,3,true)
(287,3,true)
(289,3,true)
(290,3,true)
(291,3,true)
(292,3,true)
(294,3,true)
(295,3,true)
(296,3,true)
(0,4,true)
(5,4,false)
(6,4,false)
(12,4,false)
(13,4,false)
(17,4,false)
(22,4,false)
(29,4,false)
(30,4,false)
(32,4,false)
(34,4,false)
(37,4,false)
(38,4,false)
(39,4,false)
(40,4,false)
(41,4,false)
(42,4,false)
(47,4,false)
(49,4,false)
(54,4,false)
(57,4,false)
(60,4,true)
(61,4,false)
(62,4,false)
(65,4,false)
(67,4,false)
(69,4,false)
(70,4,false)
(71,4,false)
(74,4,false)
(75,4,false)
(76,4,false)
(81,4,true)
(85,4,false)
(86,4,false)
(87,4,false)
(88,4,false)
(89,4,false)
(92,4,false)
(93,4,false)
(94,4,false)
(96,4,false)
(97,4,false)
(99,4,true)
(100,4,false)
(104,4,false)
(105,4,false)
(106,4,false)
(108,4,false)
(111,4,false)
(112,4,false)
(113,4,true)
(114,4,false)
(118,4,false)
(119,4,false)
(120,4,true)
(121,4,true)
(124,4,true)
(125,4,true)
(126,4,true)
(127,4,true)
(129,4,true)
(131,4,true)
(132,4,true)
(133,4,true)
(134,4,true)
(139,4,true)
(141,4,true)
(142,4,true)
(144,4,true)
(147,4,false)
(149,4,true)
(150,4,true)
(151,4,true)
(154,4,true)
(157,4,true)
(159,4,true)
(160,4,true)
(161,4,true)
(162,4,true)
(165,4,true)
(166,4,true)
(172,4,true)
(173,4,true)
(174,4,true)
(176,4,true)
(177,4,true)
(178,4,false)
(179,4,true)
(180,4,false)
(181,4,false)
(183,4,true)
(185,4,true)
(188,4,true)
(190,4,true)
(192,4,true)
(193,4,true)
(194,4,false)
(201,4,true)
(202,4,true)
(204,4,true)
(209,4,true)
(211,4,true)
(216,4,true)
(217,4,false)
(219,4,true)
(225,4,true)
(226,4,true)
(228,4,true)
(230,4,false)
(231,4,true)
(232,4,true)
(233,4,true)
(238,4,true)
(240,4,true)
(244,4,true)
(245,4,true)
(246,4,true)
(251,4,false)
(253,4,true)
(255,4,true)
(257,4,true)
(258,4,true)
(259,4,true)
(264,4,true)
(266,4,true)
(268,4,true)
(269,4,true)
(270,4,true)
(272,4,true)
(273,4,true)
(274,4,true)
(275,4,true)
(276,4,true)
(280,4,true)
(281,4,false)
(283,4,true)
(284,4,true)
(286,4,true)
(288,4,true)
(290,4,true)
(291,4,true)
(293,4,true)
(294,4,true)
(297,4,true)
(298,4,false)
(299,4,true)
(2,5,true)
(6,5,true)
(9,5,false)
(10,5,false)
(11,5,false)
(12,5,false)
(15,5,false)
(16,5,false)
(18,5,false)
(25,5,false)
(31,5,true)
(34,5,false)
(36,5,false)
(38,5,false)
(41,5,true)
(42,5,false)
(43,5,false)
(45,5,false)
(46,5,false)
(51,5,false)
(53,5,false)
(65,5,true)
(66,5,false)
(69,5,false)
(70,5,false)
(72,5,false)
(73,5,false)
(74,5,false)
(75,5,false)
(78,5,false)
(80,5,false)
(81,5,false)
(82,5,false)
(83,5,false)
(86,5,false)
(87,5,false)
(89,5,false)
(91,5,false)
(96,5,false)
(97,5,false)
(98,5,false)
(101,5,false)
(105,5,true)
(106,5,false)
(112,5,false)
(115,5,false)
(116,5,false)
(117,5,false)
(119,5,false)
(122,5,true)
(126,5,true)
(131,5,true)
(132,5,true)
(134,5,true)
(136,5,true)
(138,5,true)
(140,5,false)
(146,5,true)
(150,5,true)
(152,5,true)
(153,5,true)
(154,5,true)
(155,5,true)
(157,5,true)
(160,5,true)
(161,5,true)
(162,5,true)
(164,5,true)
(165,5,true)
(167,5,true)
(169,5,true)
(172,5,true)
(175,5,true)
(176,5,true)
(177,5,true)
(179,5,true)
(181,5,true)
(184,5,true)
(185,5,true)
(188,5,true)
(189,5,true)
(191,5,true)
(192,5,true)
(193,5,true)
(194,5,true)
(196,5,true)
(197,5,true)
(198,5,true)
(200,5,true)
(206,5,true)
(208,5,true)
(209,5,true)
(210,5,true)
(211,5,true)
(213,5,true)
(214,5,true)
(217,5,false)
(218,5,true)
(219,5,true)
(224,5,true)
(228,5,false)
(229,5,true)
(230,5,true)
(236,5,true)
(242,5,true)
(245,5,true)
(246,5,true)
(251,5,true)
(252,5,true)
(258,5,true)
(259,5,true)
(264,5,true)
(266,5,true)
(268,5,true)
(272,5,true)
(273,5,true)
(274,5,true)
(275,5,true)
(282,5,true)
(283,5,true)
(284,5,true)
(285,5,true)
(286,5,true)
(287,5,true)
(289,5,true)
(290,5,true)
(292,5,true)
(295,5,true)
(296,5,true)
(297,5,true)
(298,5,true)
(3,6,false)
(5,6,false)
(8,6,false)
(12,6,false)
(14,6,false)
(16,6,false)
(17,6,true)
(20,6,false)
(24,6,false)
(28,6,false)
(30,6,false)
(31,6,false)
(34,6,false)
(42,6,false)
(47,6,false)
(49,6,false)
(51,6,false)
(53,6,false)
(55,6,false)
(59,6,false)
(62,6,false)
(63,6,false)
(64,6,false)
(65,6,false)
(66,6,false)
(67,6,false)
(68,6,false)
(69,6,false)
(71,6,false)
(73,6,false)
(76,6,true)
(80,6,false)
(85,6,false)
(86,6,false)
(89,6,false)
(90,6,false)
(92,6,false)
(93,6,false)
(94,6,false)
(95,6,false)
(96,6,false)
(97,6,false)
(99,6,false)
(101,6,false)
(103,6,false)
(104,6,false)
(106,6,false)
(107,6,false)
(111,6,false)
(112,6,true)
(113,6,false)
(114,6,false)
(115,6,false)
(117,6,false)
(118,6,false)
(121,6,true)
(122,6,true)
(128,6,true)
(131,6,true)
(132,6,true)
(135,6,true)
(136,6,true)
(139,6,true)
(140,6,true)
(142,6,true)
(143,6,true)
(145,6,true)
(146,6,false)
(147,6,true)
(148,6,true)
(150,6,true)
(152,6,true)
(158,6,true)
(160,6,true)
(161,6,true)
(164,6,true)
(171,6,true)
(172,6,true)
(173,6,true)
(179,6,true)
(180,6,true)
(182,6,true)
(183,6,true)
(185,6,true)
(187,6,true)
(194,6,true)
(195,6,true)
(197,6,true)
(200,6,true)
(203,6,true)
(204,6,true)
(206,6,true)
(212,6,true)
(216,6,true)
(217,6,true)
(218,6,true)
(219,6,true)
(220,6,true)
(225,6,true)
(226,6,true)
(227,6,true)
(236,6,true)
(240,6,true)
(241,6,true)
(245,6,true)
(251,6,true)
(254,6,true)
(255,6,true)
(258,6,true)
(259,6,true)
(260,6,false)
(261,6,true)
(263,6,true)
(264,6,true)
(265,6,true)
(268,6,true)
(272,6,true)
(276,6,true)
(279,6,true)
(282,6,true)
(285,6,true)
(289,6,true)
(293,6,true)
(298,6,true)
(5,7,false)
(13,7,false)
(15,7,false)
(20,7,false)
(21,7,false)
(25,7,false)
(26,7,false)
(29,7,false)
(30,7,false)
(34,7,false)
(35,7,false)
(36,7,false)
(37,7,false)
(38,7,false)
(40,7,false)
(43,7,false)
(44,7,false)
(49,7,false)
(50,7,false)
(51,7,false)
(52,7,false)
(53,7,false)
(54,7,false)
(56,7,false)
(58,7,false)
(62,7,false)
(63,7,false)
(64,7,false)
(69,7,false)
(70,7,false)
(72,7,false)
(74,7,false)
(75,7,false)
(80,7,false)
(82,7,false)
(84,7,false)
(85,7,true)
(93,7,false)
(94,7,false)
(95,7,false)
(101,7,false)
(106,7,false)
(108,7,false)
(109,7,false)
(110,7,false)
(113,7,false)
(114,7,false)
(117,7,false)
(119,7,false)
(121,7,true)
(126,7,true)
(129,7,true)
(133,7,true)
(135,7,true)
(137,7,true)
(139,7,true)
(141,7,true)
(145,7,true)
(146,7,true)
(147,7,true)
(150,7,true)
(153,7,true)
(154,7,true)
(158,7,true)
(159,7,true)
(160,7,true)
(161,7,true)
(162,7,true)
(164,7,true)
(167,7,true)
(168,7,true)
(171,7,true)
(172,7,true)
(175,7,true)
(176,7,true)
(178,7,false)
(180,7,true)
(182,7,true)
(186,7,true)
(187,7,true)
(191,7,true)
(194,7,true)
(196,7,true)
(200,7,true)
(203,7,true)
(206,7,true)
(207,7,true)
(209,7,false)
(218,7,true)
(220,7,true)
(229,7,true)
(231,7,true)
(232,7,true)
(235,7,true)
(237,7,true)
(245,7,true)
(248,7,true)
(253,7,true)
(259,7,true)
(260,7,true)
(268,7,true)
(269,7,true)
(270,7,true)
(271,7,true)
(272,7,true)
(279,7,true)
(280,7,true)
(284,7,true)
(285,7,true)
(287,7,true)
(289,7,true)
(292,7,true)
(0,8,false)
(1,8,true)
(3,8,false)
(6,8,false)
(8,8,false)
(12,8,false)
(13,8,false)
(14,8,false)
(17,8,false)
(19,8,false)
(21,8,false)
(22,8,false)
(23,8,false)
(25,8,false)
(27,8,false)
(31,8,false)
(33,8,false)
(34,8,false)
(36,8,false)
(39,8,false)
(40,8,false)
(42,8,false)
(43,8,false)
(46,8,false)
(48,8,false)
(53,8,false)
(54,8,false)
(58,8,false)
(60,8,false)
(61,8,false)
(62,8,false)
(63,8,false)
(64,8,false)
(65,8,false)
(69,8,false)
(71,8,false)
(72,8,false)
(75,8,false)
(79,8,false)
(80,8,false)
(81,8,false)
(83,8,false)
(86,8,false)
(88,8,false)
(89,8,false)
(92,8,false)
(93,8,false)
(102,8,false)
(108,8,true)
(111,8,false)
(129,8,true)
(131,8,true)
(132,8,true)
(134,8,false)
(138,8,true)
(139,8,true)
(142,8,true)
(143,8,true)
(144,8,true)
(148,8,true)
(149,8,false)
(152,8,true)
(153,8,true)
(154,8,false)
(156,8,true)
(163,8,true)
(164,8,true)
(169,8,true)
(172,8,true)
(174,8,true)
(177,8,true)
(178,8,true)
(179,8,true)
(180,8,true)
(183,8,true)
(184,8,true)
(186,8,true)
(190,8,false)
(192,8,true)
(194,8,false)
(196,8,true)
(197,8,true)
(198,8,true)
(201,8,true)
(204,8,true)
(206,8,true)
(208,8,true)
(216,8,true)
(223,8,true)
(232,8,false)
(235,8,true)
(236,8,true)
(238,8,true)
(242,8,true)
(243,8,true)
(249,8,true)
(251,8,true)
(252,8,true)
(253,8,true)
(256,8,true)
(257,8,true)
(261,8,true)
(271,8,true)
(272,8,true)
(274,8,true)
(275,8,true)
(278,8,true)
(279,8,true)
(284,8,true)
(289,8,true)
(296,8,true)
(297,8,true)
(298,8,true)
(299,8,true)
(2,9,false)
(3,9,false)
(5,9,false)
(6,9,true)
(8,9,false)
(9,9,false)
(17,9,false)
(21,9,true)
(23,9,true)
(26,9,false)
(28,9,false)
(30,9,false)
(32,9,false)
(35,9,false)
(37,9,false)
(38,9,false)
(43,9,false)
(46,9,false)
(48,9,false)
(49,9,false)
(51,9,false)
(55,9,false)
(56,9,false)
(57,9,false)
(59,9,false)
(63,9,false)
(66,9,false)
(67,9,false)
(68,9,false)
(70,9,false)
(71,9,false)
(78,9,true)
(79,9,false)
(80,9,false)
(82,9,false)
(86,9,false)
(90,9,false)
(93,9,false)
(94,9,false)
(95,9,false)
(96,9,false)
(97,9,false)
(98,9,false)
(99,9,false)
(101,9,false)
(107,9,false)
(109,9,false)
(114,9,false)
(121,9,true)
(125,9,true)
(126,9,true)
(128,9,true)
(140,9,true)
(146,9,true)
(148,9,true)
(152,9,true)
(153,9,true)
(154,9,true)
(155,9,true)
(157,9,true)
(160,9,true)
(164,9,true)
(168,9,true)
(169,9,true)
(172,9,true)
(173,9,true)
(177,9,true)
(181,9,true)
(184,9,true)
(186,9,true)
(190,9,true)
(192,9,true)
(194,9,true)
(196,9,true)
(199,9,true)
(202,9,false)
(210,9,true)
(211,9,false)
(213,9,true)
(219,9,true)
(220,9,true)
(221,9,true)
(222,9,true)
(224,9,true)
(225,9,true)
(230,9,true)
(235,9,true)
(237,9,true)
(239,9,true)
(241,9,false)
(243,9,true)
(244,9,true)
(245,9,true)
(247,9,true)
(248,9,true)
(249,9,false)
(250,9,true)
(251,9,true)
(252,9,true)
(254,9,true)
(259,9,true)
(260,9,true)
(261,9,true)
(262,9,true)
(266,9,true)
(267,9,true)
(269,9,true)
(271,9,true)
(273,9,true)
(274,9,true)
(275,9,true)
(277,9,true)
(283,9,true)
(288,9,true)
(290,9,true)
(292,9,true)
(295,9,true)
(296,9,true)
(298,9,true)
(1,10,false)
(3,10,false)
(4,10,false)
(7,10,false)
(9,10,false)
(11,10,false)
(14,10,false)
(15,10,false)
(19,10,false)
(20,10,false)
(25,10,false)
(26,10,false)
(27,10,false)
(28,10,false)
(32,10,true)
(33,10,false)
(37,10,false)
(40,10,false)
(43,10,false)
(44,10,false)
(47,10,false)
(58,10,false)
(61,10,false)
(63,10,false)
(68,10,false)
(71,10,false)
(72,10,false)
(79,10,false)
(82,10,false)
(83,10,false)
(85,10,false)
(89,10,false)
(90,10,false)
(95,10,false)
(100,10,false)
(103,10,false)
(105,10,true)
(106,10,false)
(107,10,false)
(108,10,true)
(109,10,false)
(111,10,false)
(112,10,false)
(116,10,false)
(120,10,true)
(122,10,true)
(125,10,true)
(126,10,true)
(127,10,true)
(129,10,true)
(140,10,true)
(144,10,true)
(146,10,false)
(147,10,true)
(148,10,true)
(150,10,true)
(153,10,true)
(156,10,true)
(163,10,false)
(167,10,true)
(169,10,true)
(170,10,true)
(172,10,true)
(173,10,true)
(174,10,true)
(176,10,true)
(181,10,true)
(186,10,true)
(188,10,true)
(191,10,true)
(194,10,true)
(195,10,true)
(199,10,true)
(201,10,true)
(202,10,true)
(205,10,true)
(207,10,true)
(211,10,true)
(213,10,true)
(215,10,true)
(222,10,true)
(223,10,false)
(226,10,true)
(229,10,true)
(230,10,true)
(233,10,true)
(237,10,true)
(242,10,true)
(243,10,true)
(244,10,true)
(248,10,true)
(251,10,true)
(252,10,true)
(255,10,true)
(258,10,true)
(261,10,true)
(266,10,true)
(267,10,true)
(269,10,true)
(271,10,true)
(274,10,true)
(276,10,true)
(278,10,true)
(279,10,true)
(282,10,true)
(283,10,true)
(288,10,true)
(289,10,true)
(290,10,true)
(291,10,true)
(292,10,true)
(297,10,true)
(3,11,false)
(4,11,false)
(7,11,false)
(9,11,false)
(10,11,false)
(16,11,false)
(18,11,false)
(23,11,false)
(25,11,false)
(30,11,false)
(32,11,false)
(33,11,false)
(37,11,false)
(39,11,false)
(42,11,false)
(44,11,true)
(48,11,true)
(49,11,false)
(50,11,false)
(51,11,false)
(53,11,true)
(56,11,false)
(62,11,false)
(64,11,false)
(70,11,false)
(74,11,false)
(76,11,false)
(81,11,false)
(85,11,false)
(86,11,false)
(88,11,false)
(90,11,false)
(97,11,false)
(98,11,false)
(101,11,false)
(102,11,false)
(104,11,false)
(106,11,false)
(107,11,false)
(108,11,false)
(112,11,false)
(113,11,false)
(115,11,false)
(120,11,true)
(122,11,true)
(125,11,true)
(126,11,true)
(128,11,true)
(129,11,true)
(130,11,true)
(131,11,true)
(132,11,true)
(134,11,true)
(138,11,true)
(139,11,true)
(141,11,false)
(146,11,true)
(147,11,true)
(152,11,true)
(161,11,true)
(163,11,true)
(164,11,true)
(165,11,true)
(166,11,true)
(168,11,true)
(171,11,true)
(173,11,true)
(183,11,true)
(184,11,true)
(185,11,true)
(187,11,true)
(188,11,true)
(189,11,true)
(190,11,true)
(191,11,true)
(194,11,true)
(195,11,true)
(196,11,true)
(197,11,true)
(199,11,true)
(202,11,true)
(210,11,true)
(211,11,true)
(214,11,true)
(216,11,true)
(221,11,true)
(223,11,true)
(234,11,true)
(235,11,true)
(237,11,true)
(238,11,true)
(239,11,true)
(240,11,true)
(246,11,true)
(249,11,true)
(250,11,true)
(253,11,true)
(254,11,true)
(256,11,true)
(257,11,true)
(260,11,true)
(269,11,true)
(271,11,true)
(276,11,true)
(280,11,true)
(281,11,true)
(284,11,true)
(286,11,true)
(287,11,true)
(292,11,true)
(293,11,true)
(295,11,false)
(297,11,true)
(4,12,false)
(6,12,false)
(7,12,false)
(12,12,false)
(13,12,false)
(14,12,false)
(16,12,false)
(17,12,false)
(18,12,false)
(20,12,false)
(24,12,false)
(27,12,false)
(29,12,false)
(32,12,false)
(34,12,false)
(36,12,false)
(40,12,false)
(41,12,false)
(42,12,false)
(44,12,false)
(45,12,false)
(47,12,false)
(52,12,false)
(53,12,false)
(59,12,false)
(64,12,false)
(65,12,false)
(70,12,false)
(71,12,false)
(74,12,false)
(76,12,false)
(78,12,false)
(83,12,false)
(92,12,false)
(101,12,false)
(102,12,false)
(106,12,false)
(107,12,false)
(111,12,false)
(118,12,false)
(119,12,false)
(122,12,true)
(123,12,true)
(124,12,true)
(127,12,true)
(132,12,true)
(133,12,true)
(137,12,true)
(138,12,true)
(139,12,true)
(141,12,true)
(145,12,false)
(148,12,true)
(150,12,true)
(151,12,true)
(157,12,true)
(162,12,true)
(163,12,true)
(169,12,true)
(179,12,true)
(183,12,true)
(187,12,true)
(189,12,true)
(194,12,true)
(198,12,true)
(199,12,true)
(200,12,true)
(202,12,true)
(203,12,true)
(207,12,true)
(210,12,true)
(215,12,true)
(218,12,true)
(220,12,true)
(221,12,true)
(225,12,true)
(226,12,true)
(227,12,true)
(228,12,true)
(229,12,true)
(230,12,true)
(238,12,true)
(240,12,true)
(244,12,true)
(247,12,true)
(249,12,true)
(251,12,true)
(252,12,true)
(253,12,false)
(255,12,true)
(257,12,true)
(258,12,true)
(259,12,true)
(260,12,true)
(263,12,true)
(264,12,true)
(266,12,true)
(269,12,true)
(272,12,true)
(276,12,true)
(277,12,false)
(282,12,true)
(287,12,true)
(288,12,true)
(290,12,true)
(295,12,true)
(5,13,false)
(14,13,true)
(15,13,false)
(17,13,false)
(25,13,false)
(28,13,false)
(29,13,false)
(32,13,false)
(34,13,false)
(37,13,false)
(42,13,false)
(44,13,false)
(50,13,false)
(55,13,false)
(59,13,false)
(61,13,false)
(63,13,false)
(67,13,false)
(71,13,false)
(72,13,false)
(73,13,false)
(75,13,false)
(76,13,false)
(77,13,false)
(80,13,false)
(81,13,false)
(85,13,false)
(87,13,false)
(90,13,false)
(91,13,false)
(94,13,true)
(95,13,false)
(99,13,false)
(101,13,false)
(105,13,true)
(106,13,false)
(107,13,false)
(109,13,false)
(120,13,true)
(123,13,false)
(125,13,true)
(133,13,true)
(138,13,true)
(141,13,true)
(145,13,true)
(146,13,false)
(152,13,true)
(158,13,true)
(159,13,true)
(162,13,true)
(164,13,true)
(169,13,true)
(173,13,true)
(176,13,true)
(177,13,true)
(179,13,true)
(180,13,true)
(181,13,true)
(182,13,true)
(186,13,true)
(188,13,false)
(192,13,true)
(196,13,true)
(200,13,true)
(201,13,true)
(202,13,true)
(203,13,true)
(204,13,true)
(206,13,true)
(207,13,true)
(208,13,true)
(209,13,false)
(210,13,true)
(211,13,true)
(212,13,true)
(213,13,true)
(214,13,true)
(220,13,true)
(225,13,true)
(227,13,true)
(228,13,true)
(230,13,true)
(234,13,true)
(237,13,true)
(239,13,true)
(240,13,true)
(241,13,true)
(245,13,true)
(247,13,true)
(249,13,true)
(254,13,true)
(255,13,true)
(259,13,true)
(260,13,true)
(263,13,true)
(264,13,true)
(268,13,true)
(273,13,true)
(275,13,true)
(276,13,true)
(278,13,true)
(279,13,true)
(281,13,true)
(282,13,true)
(288,13,true)
(289,13,true)
(292,13,false)
(296,13,true)
(2,14,false)
(7,14,false)
(8,14,false)
(9,14,false)
(10,14,false)
(11,14,false)
(12,14,false)
(16,14,false)
(19,14,false)
(25,14,false)
(30,14,false)
(35,14,false)
(37,14,false)
(40,14,false)
(45,14,false)
(46,14,false)
(48,14,false)
(51,14,false)
(52,14,false)
(58,14,false)
(62,14,false)
(67,14,false)
(73,14,false)
(74,14,false)
(75,14,false)
(79,14,false)
(80,14,false)
(81,14,false)
(87,14,true)
(89,14,false)
(97,14,false)
(103,14,false)
(105,14,true)
(108,14,false)
(109,14,false)
(114,14,false)
(115,14,false)
(116,14,false)
(117,14,false)
(118,14,false)
(119,14,false)
(121,14,true)
(122,14,true)
(144,14,true)
(145,14,true)
(146,14,true)
(155,14,true)
(156,14,true)
(158,14,true)
(160,14,true)
(161,14,true)
(163,14,true)
(166,14,true)
(171,14,true)
(172,14,true)
(175,14,true)
(179,14,true)
(181,14,true)
(189,14,true)
(196,14,true)
(206,14,true)
(208,14,true)
(211,14,true)
(217,14,true)
(222,14,true)
(223,14,true)
(226,14,true)
(229,14,true)
(232,14,true)
(233,14,true)
(236,14,false)
(240,14,true)
(244,14,true)
(250,14,true)
(252,14,true)
(254,14,true)
(265,14,true)
(267,14,true)
(271,14,true)
(275,14,true)
(277,14,false)
(278,14,true)
(279,14,true)
(282,14,true)
(288,14,true)
(290,14,true)
(297,14,true)
(299,14,true)
(0,15,false)
(2,15,false)
(3,15,false)
(5,15,false)
(10,15,false)
(11,15,false)
(14,15,false)
(17,15,false)
(26,15,false)
(28,15,false)
(29,15,false)
(32,15,false)
(36,15,false)
(41,15,true)
(42,15,false)
(48,15,false)
(55,15,false)
(56,15,false)
(57,15,false)
(60,15,false)
(63,15,false)
(64,15,false)
(71,15,false)
(72,15,false)
(73,15,false)
(80,15,false)
(81,15,false)
(83,15,false)
(85,15,true)
(87,15,false)
(88,15,false)
(101,15,false)
(103,15,false)
(104,15,false)
(107,15,false)
(108,15,false)
(113,15,false)
(114,15,false)
(119,15,false)
(121,15,true)
(124,15,true)
(127,15,true)
(130,15,true)
(133,15,true)
(135,15,true)
(138,15,true)
(144,15,true)
(146,15,true)
(151,15,true)
(156,15,true)
(159,15,true)
(161,15,true)
(165,15,true)
(169,15,true)
(173,15,true)
(175,15,true)
(180,15,true)
(189,15,true)
(191,15,false)
(192,15,true)
(194,15,true)
(200,15,true)
(202,15,true)
(205,15,true)
(206,15,true)
(207,15,true)
(212,15,true)
(213,15,true)
(214,15,true)
(218,15,true)
(221,15,true)
(222,15,true)
(223,15,true)
(225,15,true)
(227,15,true)
(235,15,true)
(241,15,true)
(246,15,true)
(252,15,true)
(258,15,true)
(263,15,true)
(266,15,true)
(274,15,true)
(276,15,true)
(277,15,true)
(284,15,true)
(288,15,true)
(289,15,true)
(292,15,true)
(294,15,true)
(298,15,true)
(299,15,true)
(4,16,false)
(8,16,false)
(9,16,false)
(13,16,false)
(14,16,false)
(16,16,false)
(20,16,false)
(21,16,false)
(22,16,false)
(24,16,false)
(37,16,false)
(41,16,false)
(49,16,false)
(50,16,true)
(51,16,false)
(52,16,false)
(53,16,false)
(57,16,false)
(60,16,false)
(63,16,false)
(67,16,false)
(68,16,false)
(73,16,false)
(74,16,false)
(78,16,false)
(79,16,false)
(82,16,false)
(84,16,false)
(85,16,false)
(87,16,false)
(93,16,false)
(94,16,false)
(99,16,false)
(103,16,false)
(105,16,false)
(110,16,false)
(113,16,false)
(114,16,false)
(118,16,false)
(124,16,true)
(130,16,true)
(133,16,true)
(134,16,true)
(138,16,true)
(140,16,true)
(149,16,true)
(155,16,true)
(157,16,true)
(158,16,false)
(160,16,true)
(161,16,true)
(163,16,true)
(164,16,true)
(165,16,true)
(167,16,false)
(171,16,true)
(172,16,true)
(182,16,true)
(183,16,true)
(184,16,true)
(188,16,false)
(192,16,true)
(193,16,true)
(195,16,true)
(201,16,true)
(203,16,true)
(205,16,true)
(206,16,true)
(209,16,true)
(210,16,true)
(212,16,true)
(215,16,true)
(217,16,true)
(228,16,true)
(235,16,true)
(236,16,true)
(237,16,true)
(239,16,true)
(245,16,true)
(247,16,true)
(248,16,true)
(252,16,true)
(262,16,true)
(274,16,true)
(276,16,true)
(277,16,true)
(278,16,true)
(281,16,true)
(282,16,true)
(289,16,true)
(294,16,true)
(295,16,true)
(299,16,true)
(1,17,false)
(2,17,false)
(3,17,false)
(11,17,false)
(16,17,false)
(25,17,false)
(29,17,false)
(30,17,false)
(33,17,false)
(36,17,true)
(41,17,false)
(51,17,false)
(56,17,false)
(70,17,false)
(74,17,false)
(75,17,false)
(80,17,false)
(83,17,false)
(86,17,false)
(93,17,false)
(94,17,false)
(95,17,false)
(99,17,false)
(108,17,false)
(109,17,false)
(115,17,false)
(116,17,false)
(120,17,true)
(126,17,true)
(127,17,true)
(128,17,true)
(136,17,true)
(142,17,true)
(149,17,true)
(157,17,true)
(159,17,false)
(164,17,true)
(166,17,true)
(167,17,true)
(169,17,true)
(171,17,true)
(173,17,true)
(176,17,false)
(177,17,true)
(181,17,true)
(184,17,true)
(192,17,true)
(195,17,true)
(205,17,true)
(207,17,true)
(213,17,true)
(220,17,false)
(224,17,true)
(240,17,true)
(241,17,true)
(243,17,true)
(244,17,true)
(245,17,true)
(247,17,true)
(249,17,true)
(260,17,true)
(263,17,true)
(267,17,true)
(269,17,true)
(270,17,true)
(274,17,true)
(275,17,true)
(276,17,true)
(278,17,true)
(279,17,true)
(285,17,true)
(286,17,true)
(290,17,true)
(291,17,false)
(294,17,true)
(299,17,true)
(2,18,false)
(6,18,false)
(9,18,true)
(12,18,false)
(14,18,false)
(15,18,false)
(18,18,false)
(19,18,false)
(22,18,false)
(25,18,false)
(27,18,false)
(30,18,false)
(38,18,false)
(43,18,false)
(47,18,false)
(49,18,false)
(57,18,false)
(58,18,false)
(63,18,false)
(64,18,false)
(65,18,false)
(71,18,false)
(73,18,false)
(75,18,false)
(76,18,false)
(78,18,false)
(82,18,false)
(87,18,false)
(88,18,false)
(92,18,false)
(95,18,false)
(96,18,false)
(97,18,false)
(100,18,false)
(101,18,false)
(103,18,false)
(112,18,false)
(116,18,false)
(118,18,false)
(119,18,false)
(122,18,true)
(123,18,true)
(125,18,true)
(127,18,true)
(129,18,true)
(139,18,true)
(140,18,true)
(144,18,true)
(145,18,true)
(148,18,true)
(151,18,true)
(155,18,true)
(159,18,true)
(163,18,true)
(164,18,true)
(165,18,true)
(167,18,true)
(174,18,true)
(178,18,true)
(182,18,true)
(189,18,true)
(190,18,true)
(192,18,true)
(195,18,true)
(201,18,true)
(202,18,true)
(204,18,true)
(206,18,true)
(210,18,true)
(212,18,true)
(214,18,true)
(223,18,true)
(225,18,true)
(226,18,true)
(228,18,true)
(229,18,true)
(230,18,true)
(235,18,true)
(247,18,false)
(249,18,true)
(250,18,true)
(254,18,true)
(261,18,true)
(262,18,true)
(274,18,true)
(276,18,true)
(277,18,true)
(279,18,true)
(280,18,true)
(281,18,true)
(283,18,true)
(284,18,true)
(285,18,true)
(286,18,true)
(291,18,false)
(292,18,true)
(293,18,true)
(295,18,true)
(297,18,true)
(7,19,false)
(8,19,false)
(13,19,false)
(15,19,false)
(18,19,false)
(20,19,false)
(24,19,false)
(25,19,false)
(31,19,false)
(32,19,false)
(33,19,false)
(40,19,false)
(42,19,false)
(43,19,false)
(44,19,false)
(45,19,false)
(46,19,false)
(54,19,false)
(58,19,false)
(60,19,false)
(62,19,false)
(64,19,false)
(92,19,false)
(93,19,false)
(100,19,false)
(104,19,false)
(105,19,false)
(107,19,false)
(109,19,false)
(111,19,false)
(117,19,false)
(123,19,true)
(125,19,true)
(128,19,true)
(129,19,true)
(134,19,true)
(136,19,true)
(138,19,true)
(139,19,true)
(144,19,true)
(146,19,true)
(149,19,true)
(150,19,true)
(151,19,true)
(153,19,true)
(161,19,true)
(163,19,true)
(164,19,true)
(167,19,true)
(168,19,true)
(170,19,true)
(174,19,true)
(179,19,true)
(182,19,true)
(184,19,true)
(188,19,true)
(193,19,false)
(195,19,true)
(200,19,false)
(201,19,true)
(204,19,true)
(220,19,false)
(221,19,true)
(224,19,true)
(230,19,true)
(232,19,true)
(233,19,true)
(235,19,true)
(239,19,true)
(240,19,true)
(241,19,true)
(245,19,true)
(252,19,true)
(256,19,true)
(263,19,true)
(268,19,true)
(275,19,true)
(276,19,true)
(277,19,true)
(280,19,true)
(286,19,true)
(295,19,true)
(296,19,true)
(299,19,true)
(0,20,false)
(2,20,false)
(5,20,false)
(8,20,false)
(11,20,false)
(17,20,false)
(26,20,true)
(30,20,false)
(31,20,false)
(32,20,false)
(38,20,false)
(41,20,false)
(44,20,false)
(47,20,false)
(49,20,false)
(54,20,false)
(55,20,false)
(56,20,false)
(66,20,false)
(68,20,false)
(70,20,false)
(74,20,false)
(76,20,false)
(77,20,false)
(82,20,false)
(85,20,false)
(86,20,false)
(88,20,false)
(90,20,false)
(91,20,false)
(96,20,false)
(104,20,false)
(106,20,false)
(107,20,false)
(110,20,false)
(114,20,false)
(115,20,false)
(116,20,false)
(118,20,false)
(120,20,true)
(122,20,true)
(124,20,true)
(125,20,true)
(131,20,true)
(132,20,false)
(141,20,true)
(146,20,true)
(147,20,true)
(148,20,true)
(151,20,true)
(153,20,true)
(158,20,true)
(161,20,true)
(168,20,true)
(169,20,true)
(171,20,true)
(173,20,true)
(175,20,true)
(176,20,true)
(181,20,true)
(182,20,true)
(184,20,true)
(188,20,false)
(191,20,true)
(193,20,true)
(198,20,true)
(207,20,true)
(212,20,true)
(214,20,true)
(216,20,true)
(220,20,true)
(221,20,true)
(222,20,true)
(231,20,true)
(241,20,true)
(243,20,true)
(244,20,true)
(247,20,true)
(255,20,true)
(259,20,true)
(261,20,true)
(263,20,true)
(265,20,true)
(267,20,true)
(268,20,true)
(269,20,true)
(278,20,true)
(283,20,true)
(287,20,true)
(288,20,true)
(293,20,true)
(294,20,true)
(299,20,true)
(0,21,false)
(2,21,false)
(4,21,false)
(5,21,false)
(11,21,false)
(14,21,false)
(19,21,false)
(20,21,false)
(26,21,false)
(31,21,false)
(36,21,false)
(37,21,false)
(44,21,false)
(52,21,false)
(56,21,false)
(60,21,false)
(63,21,false)
(66,21,false)
(73,21,false)
(74,21,false)
(75,21,false)
(78,21,false)
(80,21,false)
(84,21,false)
(85,21,false)
(86,21,false)
(88,21,false)
(89,21,false)
(99,21,false)
(101,21,false)
(106,21,false)
(109,21,false)
(110,21,false)
(111,21,false)
(113,21,false)
(116,21,false)
(120,21,true)
(125,21,true)
(129,21,true)
(134,21,true)
(135,21,false)
(144,21,true)
(147,21,true)
(151,21,true)
(153,21,false)
(155,21,true)
(156,21,true)
(161,21,true)
(162,21,true)
(163,21,true)
(166,21,false)
(168,21,true)
(175,21,true)
(185,21,true)
(188,21,true)
(189,21,true)
(190,21,true)
(191,21,false)
(201,21,true)
(203,21,true)
(204,21,true)
(209,21,true)
(212,21,true)
(214,21,true)
(216,21,true)
(220,21,true)
(221,21,true)
(224,21,true)
(226,21,true)
(228,21,true)
(236,21,true)
(238,21,true)
(242,21,true)
(250,21,true)
(255,21,true)
(256,21,true)
(258,21,true)
(259,21,true)
(260,21,true)
(261,21,true)
(263,21,true)
(269,21,true)
(271,21,true)
(272,21,true)
(273,21,true)
(281,21,true)
(285,21,true)
(292,21,true)
(293,21,true)
(294,21,true)
(297,21,true)
(298,21,true)
(8,22,false)
(14,22,false)
(15,22,false)
(16,22,false)
(23,22,false)
(26,22,false)
(37,22,false)
(39,22,false)
(41,22,false)
(42,22,false)
(46,22,true)
(51,22,false)
(54,22,false)
(55,22,false)
(57,22,false)
(60,22,false)
(61,22,false)
(64,22,false)
(68,22,false)
(76,22,false)
(85,22,false)
(89,22,false)
(92,22,true)
(95,22,false)
(100,22,false)
(101,22,false)
(104,22,false)
(106,22,false)
(109,22,false)
(113,22,false)
(115,22,false)
(119,22,false)
(121,22,true)
(124,22,true)
(128,22,true)
(131,22,true)
(132,22,true)
(133,22,true)
(138,22,true)
(141,22,true)
(144,22,true)
(146,22,true)
(147,22,true)
(149,22,true)
(153,22,true)
(158,22,true)
(161,22,true)
(165,22,true)
(166,22,true)
(170,22,true)
(174,22,true)
(176,22,true)
(178,22,true)
(183,22,true)
(184,22,true)
(190,22,true)
(192,22,true)
(198,22,true)
(201,22,true)
(203,22,true)
(204,22,true)
(205,22,true)
(207,22,true)
(210,22,true)
(212,22,true)
(214,22,true)
(219,22,true)
(221,22,true)
(222,22,false)
(223,22,true)
(224,22,true)
(227,22,true)
(228,22,true)
(231,22,true)
(233,22,true)
(235,22,true)
(236,22,true)
(238,22,true)
(240,22,true)
(245,22,true)
(248,22,true)
(249,22,true)
(260,22,true)
(263,22,true)
(265,22,true)
(266,22,true)
(269,22,true)
(273,22,true)
(278,22,true)
(282,22,true)
(288,22,true)
(289,22,true)
(290,22,true)
(291,22,true)
(294,22,true)
(295,22,true)
(1,23,false)
(4,23,false)
(5,23,false)
(12,23,false)
(15,23,false)
(23,23,false)
(26,23,false)
(28,23,false)
(36,23,false)
(41,23,false)
(45,23,false)
(47,23,false)
(48,23,false)
(49,23,false)
(53,23,false)
(58,23,false)
(64,23,false)
(70,23,false)
(77,23,false)
(82,23,false)
(85,23,false)
(89,23,false)
(94,23,false)
(96,23,false)
(97,23,false)
(100,23,false)
(103,23,false)
(105,23,false)
(111,23,false)
(113,23,false)
(115,23,false)
(117,23,false)
(118,23,false)
(122,23,true)
(125,23,true)
(128,23,true)
(130,23,true)
(136,23,true)
(141,23,true)
(144,23,true)
(146,23,true)
(150,23,true)
(154,23,true)
(158,23,true)
(165,23,true)
(173,23,true)
(174,23,true)
(179,23,true)
(180,23,true)
(181,23,true)
(182,23,true)
(199,23,true)
(215,23,true)
(221,23,true)
(227,23,true)
(231,23,true)
(236,23,true)
(238,23,true)
(243,23,true)
(245,23,true)
(246,23,true)
(251,23,true)
(254,23,true)
(255,23,true)
(256,23,true)
(257,23,true)
(260,23,true)
(266,23,true)
(267,23,true)
(269,23,true)
(270,23,true)
(272,23,true)
(276,23,true)
(280,23,true)
(281,23,true)
(286,23,true)
(293,23,true)
(295,23,false)
(3,24,false)
(8,24,false)
(9,24,false)
(13,24,false)
(14,24,false)
(19,24,false)
(20,24,false)
(21,24,false)
(23,24,false)
(28,24,false)
(31,24,false)
(34,24,false)
(35,24,true)
(37,24,false)
(38,24,false)
(43,24,false)
(45,24,false)
(49,24,false)
(52,24,true)
(53,24,false)
(54,24,false)
(57,24,false)
(58,24,false)
(59,24,false)
(62,24,false)
(66,24,false)
(77,24,false)
(84,24,false)
(88,24,false)
(101,24,false)
(103,24,false)
(112,24,false)
(114,24,false)
(125,24,true)
(129,24,true)
(130,24,true)
(136,24,true)
(139,24,true)
(141,24,false)
(142,24,true)
(145,24,true)
(152,24,true)
(158,24,false)
(163,24,true)
(164,24,true)
(166,24,true)
(167,24,true)
(170,24,true)
(179,24,true)
(184,24,true)
(185,24,true)
(186,24,true)
(187,24,true)
(189,24,true)
(190,24,true)
(194,24,true)
(196,24,true)
(198,24,true)
(202,24,true)
(206,24,true)
(213,24,true)
(216,24,true)
(220,24,true)
(226,24,true)
(228,24,true)
(229,24,true)
(233,24,true)
(236,24,true)
(245,24,true)
(246,24,true)
(257,24,true)
(263,24,true)
(265,24,true)
(268,24,true)
(269,24,true)
(270,24,true)
(273,24,true)
(275,24,true)
(276,24,true)
(277,24,true)
(282,24,true)
(283,24,true)
(284,24,true)
(285,24,true)
(287,24,true)
(292,24,true)
(293,24,true)
(1,25,false)
(3,25,false)
(15,25,false)
(22,25,false)
(27,25,false)
(28,25,false)
(30,25,false)
(33,25,false)
(40,25,false)
(48,25,false)
(55,25,false)
(56,25,false)
(57,25,false)
(59,25,false)
(61,25,false)
(62,25,false)
(64,25,false)
(66,25,false)
(67,25,false)
(68,25,false)
(70,25,false)
(72,25,false)
(73,25,false)
(75,25,false)
(76,25,false)
(82,25,false)
(83,25,false)
(95,25,false)
(99,25,false)
(100,25,false)
(103,25,false)
(105,25,true)
(112,25,false)
(114,25,false)
(117,25,false)
(119,25,false)
(122,25,true)
(130,25,true)
(133,25,true)
(145,25,true)
(146,25,true)
(154,25,true)
(155,25,true)
(157,25,true)
(161,25,true)
(162,25,true)
(165,25,true)
(166,25,true)
(168,25,true)
(169,25,true)
(172,25,true)
(174,25,true)
(175,25,true)
(178,25,true)
(179,25,true)
(184,25,true)
(190,25,true)
(192,25,true)
(195,25,true)
(202,25,true)
(210,25,true)
(212,25,true)
(215,25,true)
(216,25,true)
(222,25,true)
(231,25,true)
(232,25,true)
(233,25,true)
(234,25,true)
(240,25,true)
(242,25,true)
(253,25,true)
(256,25,true)
(268,25,true)
(272,25,true)
(279,25,true)
(281,25,true)
(289,25,true)
(291,25,true)
(2,26,false)
(3,26,false)
(4,26,false)
(9,26,false)
(14,26,false)
(16,26,false)
(22,26,false)
(24,26,false)
(28,26,false)
(29,26,false)
(32,26,true)
(33,26,false)
(35,26,false)
(39,26,false)
(41,26,false)
(43,26,false)
(48,26,true)
(70,26,false)
(71,26,false)
(73,26,false)
(79,26,false)
(84,26,false)
(96,26,false)
(97,26,false)
(101,26,false)
(103,26,false)
(106,26,false)
(112,26,false)
(117,26,false)
(118,26,false)
(123,26,true)
(128,26,true)
(144,26,true)
(146,26,true)
(149,26,true)
(152,26,true)
(158,26,true)
(161,26,true)
(166,26,true)
(167,26,true)
(175,26,true)
(181,26,true)
(183,26,true)
(184,26,true)
(185,26,true)
(192,26,true)
(196,26,true)
(200,26,true)
(203,26,true)
(213,26,true)
(228,26,true)
(230,26,true)
(242,26,true)
(247,26,true)
(255,26,true)
(256,26,true)
(257,26,true)
(259,26,true)
(262,26,true)
(263,26,true)
(268,26,true)
(271,26,true)
(272,26,true)
(280,26,true)
(285,26,true)
(286,26,true)
(293,26,true)

(154,15)
(143,0)
(211,15)
(112,16)
(239,14)
(273,1)
(259,8)
(279,1)
(104,23)
(50,10)
(89,25)
(123,7)
(109,23)
(15,15)
(93,0)
(28,4)
(33,12)
(254,3)
(131,9)
(73,20)
(129,2)
(153,4)
(73,17)
(271,23)
(242,7)
(101,19)
(249,20)
(172,24)
(41,6)
(124,3)
(1,14)
(139,22)
(133,6)
(293,25)
(234,17)
(27,5)
(270,8)
(287,17)
(246,6)
(134,6)
(147,26)
(281,7)
(97,7)
(154,21)
(233,5)
(283,13)
(13,13)
(205,14)
(295,13)
(187,13)
(280,15)
(243,5)
(153,16)
(245,20)
(88,9)
(223,25)
(109,11)
(72,20)
(186,4)
(126,18)
(114,8)
(164,20)
(254,20)
(80,19)
(49,2)
(48,4)
(216,9)
(299,10)
(252,13)
(95,15)
(133,21)
(87,6)
(113,19)
(70,14)
(202,5)
(192,11)
(76,21)
(222,5)
(137,23)
(149,7)
(173,12)
(33,5)
(230,15)
(202,14)
(18,4)
(35,25)
(92,5)
(112,22)
(143,17)
(86,15)
(273,8)
(162,3)
(211,20)
(138,25)
(171,24)
(225,16)
(91,19)
(259,1)
(189,25)
(239,1)
(156,25)
(58,11)
(216,3)
(145,15)
(41,19)
(196,23)
(153,12)
(8,21)
(244,19)
(244,2)
(241,24)
(278,11)
(235,1)
(153,24)
(46,24)
(149,9)
(286,6)
(154,11)
(231,0)
(202,20)
(167,8)
(99,11)
(162,9)
(285,9)
(270,6)
(110,13)
(25,22)
(272,20)
(241,11)
(59,10)
(249,6)
(197,10)
(62,22)
(6,0)
(41,13)
(76,5)
(224,12)
(109,18)
(244,23)
(115,16)
(180,12)
(32,18)
(287,13)
(58,22)
(257,10)
(183,23)
(124,13)
(99,7)
(165,7)
(22,6)
(141,21)
(159,23)
(170,17)
(46,6)
(13,11)
(51,12)
(102,9)
(7,8)
(268,18)
(278,15)
(69,17)
(168,16)
(28,14)
(230,6)
(189,8)
(239,20)
(25,1)
(88,14)
(169,19)
(101,20)
(230,11)
(50,20)
(181,25)
(49,17)
(297,25)
(194,16)
(259,10)
(100,6)
(147,18)
(13,17)
(8,5)
(239,18)
(99,18)
(269,1)
(99,5)
(262,5)
(238,19)
(204,24)
(49,5)
(30,5)
(155,6)
(250,16)
(122,16)
(18,15)
(62,5)
(241,26)
(287,15)
(250,17)
(51,15)
(264,17)
(252,24)
(59,19)
(271,13)
(79,21)
(71,3)
(201,6)
(228,20)
(195,15)
(199,6)
(205,23)
(243,24)
(34,10)
(129,9)
(22,9)
(164,14)
(209,8)
(205,26)
(207,5)
(31,16)
(114,1)
(234,6)
(40,24)
(234,16)
(21,19)
(18,17)
(289,2)
(82,8)
(71,5)
(224,14)
(77,5)
(155,0)
(196,6)
(274,11)
(216,13)
(93,5)
(93,14)
(29,2)
(149,13)
(257,9)
(56,22)
(86,3)
(154,0)
(168,4)
(100,11)
(34,20)
(290,24)
(249,23)
(254,22)
(281,12)
(268,10)
(115,8)
(42,10)
(12,26)
(209,20)
(128,16)
(49,8)
(204,14)
(104,9)
(33,23)
(242,17)
(160,2)
(77,7)
(223,17)
(286,22)
(60,24)
(42,17)
(271,4)
(287,23)
(217,8)
(230,20)
(196,3)
(80,1)
(221,24)
(238,0)
(11,11)
(44,5)
(223,26)
(79,24)
(106,18)
(121,17)
(151,26)
(63,4)
(246,3)
(141,17)
(281,20)
(295,8)
(17,23)
(18,7)
(40,18)
(216,1)
(240,20)
(97,13)
(16,7)
(24,8)
(112,8)
(227,4)
(11,6)
(195,12)
(117,24)
(99,26)
(208,25)
(192,14)
(258,9)
(168,3)
(220,2)
(46,10)
(203,17)
(45,10)
(113,20)
(237,5)
(249,15)
(64,16)
(31,25)
(250,15)
(41,21)
(223,13)
(291,21)
(215,4)
(210,8)
(204,20)
(232,3)
(81,16)
(165,3)
(67,5)
(211,8)
(217,22)
(155,12)
(260,8)
(8,7)
(254,7)
(270,10)
(215,24)
(223,5)
(162,2)
(175,22)
(112,0)
(187,4)
(133,18)
(168,17)
(101,14)
(268,0)
(131,3)
(254,26)
(250,12)
(30,10)
(149,23)
(55,10)
(232,13)
(85,25)
(47,25)
(110,2)
(195,3)
(101,3)
(133,9)
(247,10)
(272,15)
(145,8)
(252,1)
(292,4)
(148,0)
(278,26)
(220,18)
(220,14)
(30,16)
(216,5)
(211,24)
(28,22)
(169,6)
(254,16)
(91,23)
(205,18)
(97,15)
(58,9)
(117,8)
(32,5)
(269,6)
(18,25)
(93,11)
(231,11)
(93,13)
(61,14)
(43,15)
(59,7)
(214,17)
(252,22)
(95,11)
(149,14)
(207,24)
(249,25)
(155,4)
(126,8)
(242,22)
(244,13)
(228,25)
(51,2)
(219,15)
(9,15)
(156,17)
(211,26)
(89,18)
(178,26)
(233,26)
(209,26)
(114,23)
(279,23)
(88,19)
(264,8)
(298,13)
(6,7)
(286,13)
(286,15)
(227,8)
(155,15)
(210,21)
(281,6)
(61,9)
(238,24)
(252,11)
(243,4)
(293,7)
(111,7)
(256,24)
(274,7)
(281,22)
(32,2)
(19,15)
(10,13)
(101,25)
(100,20)
(278,19)
(137,24)
(250,24)
(86,24)
(214,4)
(172,26)
(88,6)
(192,7)
(210,23)
(125,2)
(174,16)
(109,25)
(144,3)
(172,15)
(45,8)
(89,16)
(77,6)
(26,25)
(258,13)
(290,23)
(132,15)
(218,26)
(245,11)
(252,23)
(253,23)
(3,5)
(126,25)
(221,6)
(0,12)
(143,16)
(146,17)
(34,17)
(275,22)
(182,3)
(251,25)
(44,3)
(35,15)
(104,26)
(193,25)
(79,17)
(169,22)
(289,11)
(100,14)
(129,13)
(3,16)
(201,12)
(128,14)
(127,24)
(101,10)
(127,16)
(234,5)
(156,23)
(292,8)
(120,5)
(24,18)
(196,20)
(261,13)
(291,7)
(83,16)
(235,14)
(233,2)
(179,2)
(257,16)
(71,17)
(278,12)
(34,0)
(241,12)
(212,5)
(148,21)
(253,26)
(55,14)
(7,23)
(11,7)
(224,23)
(19,12)
(220,22)
(74,24)
(203,24)
(102,5)
(262,6)
(231,2)
(48,7)
(188,25)
(216,18)
(208,7)
(41,9)
(33,14)
(27,4)
(231,1)
(233,13)
(18,8)
(110,10)
(26,0)
(265,5)
(97,2)
(208,26)
(60,12)
(166,20)
(293,10)
(174,24)
(192,1)
(42,20)
(299,23)
(99,12)
(61,18)
(27,9)
(28,11)
(252,7)
(210,19)
(124,9)
(12,9)
(284,12)
(133,26)
(20,18)
(21,18)
(45,13)
(40,9)
(104,12)
(225,3)
(52,19)
(200,23)
(192,20)
(205,9)
(240,5)
(97,17)
(220,25)
(205,11)
(218,10)
(58,5)
(131,14)
(278,9)
(91,10)
(19,16)
(51,10)
(222,26)
(192,6)
(79,4)
(59,16)
(298,0)
(163,5)
(242,4)
(22,23)
(42,2)
(247,4)
(257,1)
(82,15)
(189,26)
(159,10)
(112,13)
(39,15)
(269,5)
(37,12)
(219,20)
(250,22)
(236,3)
(24,13)
(25,3)
(8,25)
(98,25)
(42,24)
(179,17)
(118,13)
(255,24)
(294,23)
(186,14)
(0,0)
(88,13)
(21,5)
(134,15)
(190,10)
(284,10)
(213,3)
(197,12)
(244,22)
(191,6)
(147,15)
(81,21)
(32,14)
(86,0)
(290,20)
(12,19)
(251,1)
(144,6)
(290,15)
(285,11)
(172,13)
(250,7)
(34,9)
(253,6)
(77,15)
(298,18)
(192,2)
(153,15)
(216,2)
(62,21)
(111,18)
(95,12)
(102,25)
(189,1)
(189,7)
(186,25)
(53,15)
(225,20)
(165,9)
(182,17)
(290,13)
(279,9)
(92,25)
(48,6)
(31,0)
(189,13)
(273,10)
(178,14)
(80,23)
(157,2)
(277,8)
(199,4)
(60,6)
(228,9)
(108,23)
(233,9)
(251,2)
(87,10)
(48,16)
(218,18)
(170,25)
(14,5)
(15,6)
(11,18)
(219,25)
(255,8)
(276,8)
(133,2)
(254,5)
(36,16)
(71,24)
(21,11)
(219,24)
(82,6)
(191,3)
(60,7)
(43,20)
(188,22)
(218,17)
(98,12)
(179,1)
(185,13)
(88,25)
(148,5)
(46,12)
(254,10)
(277,13)
(102,4)
(2,6)
(86,14)
(218,13)
(41,10)
(185,2)
(219,11)
(205,19)
(198,6)
(298,10)
(103,11)
(230,16)
(166,6)
(133,17)
(99,20)
(42,9)
(33,7)
(265,15)
(119,6)
(166,16)
(67,3)
(89,3)
(121,3)
(180,9)
(0,9)
(180,5)
(120,8)
(286,7)
(261,14)
(219,18)
(291,2)
(220,4)
(105,21)
(40,6)
(112,2)
(90,24)
(190,15)
(60,3)
(298,19)
(145,23)
(159,2)
(47,5)
(50,23)
(254,4)
(130,7)
(228,11)
(96,7)
(153,13)
(37,5)
(85,14)
(34,19)
(113,2)
(269,16)
(222,6)
(266,16)
(125,17)
(199,5)
(245,15)
(242,14)
(143,11)
(258,24)
(152,12)
(43,25)
(232,24)
(37,8)
(262,1)
(27,13)
(249,19)
(254,21)
(134,24)
(192,23)
(37,19)
(88,16)
(38,0)
(212,10)
(234,12)
(298,16)
(198,21)
(40,17)
(76,10)
(44,22)
(124,11)
(6,24)
(158,2)
(225,14)
(50,26)
(166,7)
(296,6)
(173,14)
(196,18)
(134,7)
(143,10)
(73,24)
(269,8)
(286,1)
(174,14)
(131,21)
(88,22)
(280,25)
(237,17)
(214,26)
(10,4)
(294,18)
(267,12)
(184,15)
(142,2)
(82,3)
(89,0)
(185,23)
(19,4)
(61,11)
(58,2)
(61,5)
(209,17)
(148,16)
(5,10)
(54,16)
(252,4)
(70,13)
(59,0)
(138,2)
(24,23)
(86,22)
(77,18)
(228,15)
(286,3)
(204,10)
(255,11)
(282,4)
(99,0)
(278,2)
(151,17)
(36,11)
(81,7)
(4,13)
(195,21)
(133,3)
(225,1)
(203,0)
(252,26)
(89,20)
(137,25)
(95,16)
(204,3)
(111,3)
(295,17)
(51,1)
(76,19)
(59,14)
(54,3)
(15,4)
(219,8)
(211,22)
(194,2)
(258,11)
(96,24)
(136,4)
(105,7)
(299,9)
(45,16)
(280,8)
(14,23)
(257,15)
(296,24)
(138,9)
(174,17)
(83,7)
(224,18)
(98,13)
(258,8)
(177,14)
(116,2)
(73,12)
(185,19)
(160,25)
(233,11)
(234,21)
(194,25)
(275,12)
(179,16)
(86,16)
(254,0)
(40,2)
(95,23)
(16,21)
(291,15)
(0,18)
(129,23)
(226,15)
(107,14)
(52,11)
(255,15)
(199,26)
(91,18)
(141,15)
(252,25)
(204,5)
(74,8)
(188,17)
(234,10)
(283,26)
(254,8)
(226,22)
(269,19)
(5,5)
(247,8)
(158,3)
(157,20)
(129,16)
(229,2)
(6,26)
(270,9)
(5,8)
(0,14)
(262,2)
(30,15)
(25,15)
(148,13)
(48,20)
(124,10)
(215,14)
(137,21)
(60,10)
(200,22)
(233,1)
(7,17)
(288,16)
(46,26)
(262,21)
(190,6)
(50,6)
(242,6)
(17,26)
(32,23)
(229,25)
(20,9)
(127,21)
(265,7)
(279,5)
(226,16)
(4,2)
(255,1)
(80,4)
(256,18)
(263,9)
(115,13)
(217,3)
(221,16)
(198,16)
(55,26)
(199,20)
(270,5)
(30,19)
(223,21)
(203,8)
(145,16)
(142,19)
(5,0)
(272,19)
(246,26)
(136,25)
(216,10)
(223,24)
(284,21)
(178,15)
(2,12)
(21,12)
(88,23)
(241,22)
(186,23)
(86,1)
(120,14)
(90,4)
(99,15)
(182,8)
(236,0)
(275,11)
(165,13)
(270,13)
(254,17)
(161,23)
(43,12)
(148,25)
(83,9)
(60,1)
(79,7)
(85,19)
(176,15)
(273,6)
(128,20)
(84,11)
(200,8)
(214,8)
(45,17)
(90,18)
(177,18)
(7,20)
(74,22)
(133,5)
(155,26)
(40,16)
(100,13)
(240,16)
(9,6)
(100,9)
(250,5)
(5,11)
(155,19)
(242,15)
(189,20)
(37,15)
(96,13)
(96,17)
(52,22)
(257,13)
(176,6)
(94,10)
(65,7)
(41,11)
(268,11)
(220,5)
(83,11)
(134,20)
(227,24)
(240,10)
(284,9)
(94,8)
(101,1)
(108,16)
(200,16)
(263,4)
(23,26)
(140,4)
(294,8)
(25,2)
(197,15)
(202,8)
(62,10)
(165,20)
(181,16)
(12,16)
(49,12)
(99,14)
(160,19)
(177,10)
(64,0)
(14,19)
(56,6)
(116,24)
(173,24)
(56,13)
(124,25)
(209,6)
(265,13)
(78,11)
(107,26)
(219,3)
(145,11)
(209,19)
(99,8)
(67,20)
(13,1)
(11,24)
(11,22)
(19,17)
(162,14)
(3,4)
(84,10)
(104,16)
(178,24)
(171,8)
(214,6)
(30,3)
(212,7)
(9,25)
(171,25)
(246,2)
(176,8)
(274,23)
(32,17)
(78,19)
(18,26)
(86,18)
(122,13)
(161,12)
(18,24)
(142,11)
(71,25)
(69,9)
(21,22)
(31,23)
(18,6)
(227,5)
(291,16)
(247,2)
(170,9)
(43,23)
(94,3)
(184,12)
(85,26)
(29,0)
(9,23)
(230,7)
(119,13)
(110,26)
(64,5)
(31,4)
(41,25)
(138,7)
(186,17)
(124,8)
(207,26)
(40,20)
(7,18)
(68,8)
(118,7)
(266,18)
(61,7)
(231,17)
(139,2)
(174,3)
(180,26)
(238,13)
(18,22)
(181,12)
(237,12)
(11,16)
(9,12)
(6,21)
(97,10)
(190,7)
(264,7)
(91,7)
(182,26)
(294,24)
(222,1)
(220,10)
(82,14)
(106,15)
(190,0)
(145,2)
(118,21)
(125,16)
(200,24)
(18,14)
(232,9)
(44,6)
(67,8)
(60,14)
(265,19)
(94,20)
(112,7)
(38,1)
(10,12)
(31,12)
(232,26)
(212,23)
(18,21)
(272,22)
(187,23)
(244,11)
(263,11)
(263,7)
(77,11)
(147,9)
(214,19)
(199,2)
(27,23)
(16,9)
(275,25)
(175,24)
(65,10)
(172,11)
(189,6)
(168,26)
(119,23)
(281,3)
(121,25)
(160,20)
(0,22)
(208,6)
(50,8)
(287,16)
(199,22)
(167,22)
(257,7)
(154,22)
(116,22)
(69,24)
(171,9)
(176,1)
(258,23)
(82,4)
(29,8)
(276,20)
(219,21)
(201,23)
(237,3)
(122,1)
(182,21)
(10,23)
(238,25)
(53,4)
(106,8)
(238,9)
(242,24)
(30,8)
(288,18)
(221,5)
(209,15)
(220,15)
(105,9)
(96,10)
(278,4)
(181,19)
(162,8)
(129,25)
(175,12)
(10,8)
(210,6)
(194,20)
(278,5)
(117,3)
(241,3)
(18,10)
(53,14)
(212,3)
(154,19)
(100,17)
(0,16)
(232,11)
(221,7)
(57,23)
(289,24)
(189,0)
(222,8)
(141,16)
(135,4)
(109,8)
(260,16)
(87,24)
(234,23)
(254,12)
(167,11)
(59,3)
(120,1)
(157,26)
(268,8)
(135,19)
(238,5)
(234,18)
(9,20)
(19,9)
(32,16)
(76,7)
(100,0)
(295,7)
(78,0)
(32,7)
(13,3)
(104,7)
(0,6)
(185,14)
(279,12)
(238,1)
(30,12)
(52,4)
(7,2)
(191,17)
(264,25)
(40,13)
(205,8)
(272,17)
(156,12)
(33,22)
(212,0)
(139,15)
(270,16)
(284,16)
(101,4)
(114,11)
(44,17)
(93,24)
(240,8)
(189,9)
(3,0)
(205,5)
(124,14)
(291,24)
(128,5)
(240,21)
(274,13)
(270,21)
(159,6)
(118,8)
(169,4)
(120,23)
(45,15)
(47,15)
(89,19)
(169,3)
(140,14)
(33,20)
(258,18)
(15,3)
(141,8)
(79,23)
(49,22)
(218,8)
(41,7)
(33,9)
(128,18)
(286,16)
(146,3)
(137,17)
(56,10)
(83,6)
(179,21)
(62,20)
(147,13)
(49,14)
(34,14)
(290,8)
(79,15)
(50,12)
(283,11)
(1,22)
(296,22)
(95,3)
(127,20)
(134,1)
(297,19)
(100,26)
(85,18)
(75,3)
(161,8)
(245,0)
(297,9)
(132,16)
(70,8)
(111,22)
(161,10)
(184,0)
(211,16)
(179,9)
(72,9)
(41,18)
(43,16)
(120,22)
(49,15)
(131,26)
(151,7)
(240,23)
(11,12)
(43,2)
(225,10)
(224,4)
(3,7)
(102,2)
(283,16)
(167,20)
(138,18)
(97,19)
(16,20)
(203,10)
(107,1)
(131,23)
(175,8)
(216,23)
(263,18)
(32,6)
(165,24)
(9,4)
(59,4)
(129,20)
(182,22)
(98,7)
(295,20)
(11,8)
(232,22)
(39,13)
(54,5)
(91,3)
(215,21)
(117,11)
(286,8)
(284,22)
(159,21)
(110,12)
(78,15)
(105,1)
(48,19)
(213,18)
(234,20)
(103,21)
(269,18)
(161,3)
(29,14)
(112,12)
(119,11)
(292,20)
(42,21)
(74,9)
(270,15)
(81,18)
(196,12)
(28,1)
(122,3)
(150,8)
(174,12)
(239,24)
(172,17)
(129,3)
(129,12)
(260,2)
(213,4)
(296,15)
(153,14)
(208,9)
(228,3)
(142,13)
(264,11)
(269,13)
(71,14)
(42,18)
(201,24)
(279,4)
(270,12)
(182,9)
(21,15)
(273,7)
(216,16)
(185,17)
(1,24)
(287,14)
(152,18)
(236,19)
(163,13)
(273,3)
(294,11)
(68,15)
(143,22)
(24,9)
(221,10)
(276,26)
(147,16)
(25,16)
(25,25)
(294,26)
(178,9)
(33,4)
(93,23)
(140,13)
(256,13)
(114,10)
(52,18)
(229,26)
(161,18)
(222,17)
(151,6)
(289,18)
(90,3)
(289,12)
(289,21)
(203,23)
(121,11)
(147,8)
(282,11)
(130,14)
(288,2)
(122,7)
(197,13)
(68,5)
(56,12)
(280,12)
(41,14)
(228,17)
(280,22)
(211,1)
(259,16)
(110,4)
(131,24)
(80,10)
(61,20)
(18,20)
(186,20)
(128,25)
(155,10)
(26,5)
(268,16)
(267,24)
(15,16)
(257,14)
(73,22)
(239,12)
(34,25)
(169,18)
(147,2)
(8,18)
(138,24)
(193,1)
(247,23)
(99,24)
(270,14)
(178,10)
(101,23)
(56,19)
(81,17)
(286,9)
(95,20)
(114,2)
(265,2)
(275,16)
(24,15)
(116,9)
(116,23)
(103,19)
(264,1)
(109,6)
