300 Users
41 Files
2500 Transactions
2 Maximum Connections
1 Cycle Length per Upload-Download
0 Warm-up Transactions
0.400000 Zipf constant
5 Pre-Trusted Users
220 Well-Behaved (Good) Users
80 Purely Malicious Users
0 Feedback Skewing Users
0 Malignant Providing Users
0 Disguised Malicous Users
0 Sybil Attack Users
true Intelligent Trans. Generation
1561014806800 Trace Generation Seed

(0.011220,0.000000,1,false)
(0.073413,0.000000,1,false)
(0.097221,0.000000,1,false)
(0.002454,0.000000,1,false)
(0.025807,0.000000,1,false)
(0.058511,0.000000,1,false)
(0.053369,0.000000,1,false)
(0.024842,0.000000,1,false)
(0.023193,0.000000,1,false)
(0.000579,0.000000,1,false)
(0.049633,0.000000,1,false)
(0.056732,0.000000,1,false)
(0.088541,0.000000,1,false)
(0.097262,0.000000,1,false)
(0.013503,0.000000,1,false)
(0.025057,0.000000,1,false)
(0.089942,0.000000,1,false)
(0.049779,0.000000,1,false)
(0.009869,0.000000,1,false)
(0.083118,0.000000,1,false)
(0.012759,0.000000,1,false)
(0.051028,0.000000,1,false)
(0.043114,0.000000,1,false)
(0.055046,0.000000,1,false)
(0.054783,0.000000,1,false)
(0.042985,0.000000,1,false)
(0.064503,0.000000,1,false)
(0.099280,0.000000,1,false)
(0.032521,0.000000,1,false)
(0.047384,0.000000,1,false)
(0.033289,0.000000,1,false)
(0.020096,0.000000,1,false)
(0.002162,0.000000,1,false)
(0.011988,0.000000,1,false)
(0.059733,0.000000,1,false)
(0.083603,0.000000,1,false)
(0.030117,0.000000,1,false)
(0.056311,0.000000,1,false)
(0.066146,0.000000,1,false)
(0.075254,0.000000,1,false)
(0.057479,0.000000,1,false)
(0.045247,0.000000,1,false)
(0.038116,0.000000,1,false)
(0.069547,0.000000,1,false)
(0.090391,0.000000,1,false)
(0.066847,0.000000,1,false)
(0.002201,0.000000,1,false)
(0.069463,0.000000,1,false)
(0.013975,0.000000,1,false)
(0.041325,0.000000,1,false)
(0.058707,0.000000,1,false)
(0.013097,0.000000,1,false)
(0.071383,0.000000,1,false)
(0.042416,0.000000,1,false)
(0.018528,0.000000,1,false)
(0.037998,0.000000,1,false)
(0.071447,0.000000,1,false)
(0.069320,0.000000,1,false)
(0.041612,0.000000,1,false)
(0.039968,0.000000,1,false)
(0.088550,0.000000,1,false)
(0.067707,0.000000,1,false)
(0.051221,0.000000,1,false)
(0.062335,0.000000,1,false)
(0.096537,0.000000,1,false)
(0.061675,0.000000,1,false)
(0.002990,0.000000,1,false)
(0.004184,0.000000,1,false)
(0.034828,0.000000,1,false)
(0.025008,0.000000,1,false)
(0.020672,0.000000,1,false)
(0.041606,0.000000,1,false)
(0.039391,0.000000,1,false)
(0.089756,0.000000,1,false)
(0.071490,0.000000,1,false)
(0.014682,0.000000,1,false)
(0.083813,0.000000,1,false)
(0.062877,0.000000,1,false)
(0.043189,0.000000,1,false)
(0.044769,0.000000,1,false)
(0.933574,1.000000,0,true)
(0.902412,1.000000,0,true)
(0.997832,1.000000,0,true)
(0.988418,1.000000,0,true)
(0.951684,1.000000,0,true)
(0.954954,1.000000,0,false)
(0.942543,1.000000,0,false)
(0.962368,1.000000,0,false)
(0.906015,1.000000,0,false)
(0.905852,1.000000,0,false)
(0.971118,1.000000,0,false)
(0.901235,1.000000,0,false)
(0.908441,1.000000,0,false)
(0.907554,1.000000,0,false)
(0.980631,1.000000,0,false)
(0.996110,1.000000,0,false)
(0.967356,1.000000,0,false)
(0.970402,1.000000,0,false)
(0.978818,1.000000,0,false)
(0.935611,1.000000,0,false)
(0.986717,1.000000,0,false)
(0.943758,1.000000,0,false)
(0.956264,1.000000,0,false)
(0.995708,1.000000,0,false)
(0.923063,1.000000,0,false)
(0.994159,1.000000,0,false)
(0.963279,1.000000,0,false)
(0.954005,1.000000,0,false)
(0.941974,1.000000,0,false)
(0.915230,1.000000,0,false)
(0.903605,1.000000,0,false)
(0.956910,1.000000,0,false)
(0.999744,1.000000,0,false)
(0.903182,1.000000,0,false)
(0.914809,1.000000,0,false)
(0.978155,1.000000,0,false)
(0.982154,1.000000,0,false)
(0.927725,1.000000,0,false)
(0.934772,1.000000,0,false)
(0.964078,1.000000,0,false)
(0.960293,1.000000,0,false)
(0.921100,1.000000,0,false)
(0.955200,1.000000,0,false)
(0.964882,1.000000,0,false)
(0.973256,1.000000,0,false)
(0.997680,1.000000,0,false)
(0.936386,1.000000,0,false)
(0.901762,1.000000,0,false)
(0.919329,1.000000,0,false)
(0.903204,1.000000,0,false)
(0.902677,1.000000,0,false)
(0.917380,1.000000,0,false)
(0.930939,1.000000,0,false)
(0.976217,1.000000,0,false)
(0.955187,1.000000,0,false)
(0.901550,1.000000,0,false)
(0.924147,1.000000,0,false)
(0.984647,1.000000,0,false)
(0.927285,1.000000,0,false)
(0.975359,1.000000,0,false)
(0.950889,1.000000,0,false)
(0.977695,1.000000,0,false)
(0.969178,1.000000,0,false)
(0.955089,1.000000,0,false)
(0.941435,1.000000,0,false)
(0.967363,1.000000,0,false)
(0.980679,1.000000,0,false)
(0.902398,1.000000,0,false)
(0.905686,1.000000,0,false)
(0.924891,1.000000,0,false)
(0.915800,1.000000,0,false)
(0.999116,1.000000,0,false)
(0.964972,1.000000,0,false)
(0.945303,1.000000,0,false)
(0.959298,1.000000,0,false)
(0.963868,1.000000,0,false)
(0.910896,1.000000,0,false)
(0.997949,1.000000,0,false)
(0.923618,1.000000,0,false)
(0.953360,1.000000,0,false)
(0.934557,1.000000,0,false)
(0.942611,1.000000,0,false)
(0.934929,1.000000,0,false)
(0.963786,1.000000,0,false)
(0.938142,1.000000,0,false)
(0.949180,1.000000,0,false)
(0.968996,1.000000,0,false)
(0.967186,1.000000,0,false)
(0.931391,1.000000,0,false)
(0.914335,1.000000,0,false)
(0.961626,1.000000,0,false)
(0.983956,1.000000,0,false)
(0.927861,1.000000,0,false)
(0.920845,1.000000,0,false)
(0.954258,1.000000,0,false)
(0.905828,1.000000,0,false)
(0.990158,1.000000,0,false)
(0.934300,1.000000,0,false)
(0.942971,1.000000,0,false)
(0.943761,1.000000,0,false)
(0.929510,1.000000,0,false)
(0.978011,1.000000,0,false)
(0.978800,1.000000,0,false)
(0.982071,1.000000,0,false)
(0.943027,1.000000,0,false)
(0.969734,1.000000,0,false)
(0.918670,1.000000,0,false)
(0.973956,1.000000,0,false)
(0.971933,1.000000,0,false)
(0.943603,1.000000,0,false)
(0.949662,1.000000,0,false)
(0.914255,1.000000,0,false)
(0.985823,1.000000,0,false)
(0.917268,1.000000,0,false)
(0.904463,1.000000,0,false)
(0.972837,1.000000,0,false)
(0.941635,1.000000,0,false)
(0.997756,1.000000,0,false)
(0.953023,1.000000,0,false)
(0.966443,1.000000,0,false)
(0.931588,1.000000,0,false)
(0.949916,1.000000,0,false)
(0.994328,1.000000,0,false)
(0.988129,1.000000,0,false)
(0.921694,1.000000,0,false)
(0.978576,1.000000,0,false)
(0.983112,1.000000,0,false)
(0.901621,1.000000,0,false)
(0.991777,1.000000,0,false)
(0.999648,1.000000,0,false)
(0.908975,1.000000,0,false)
(0.942966,1.000000,0,false)
(0.919045,1.000000,0,false)
(0.996421,1.000000,0,false)
(0.900026,1.000000,0,false)
(0.953792,1.000000,0,false)
(0.900315,1.000000,0,false)
(0.975154,1.000000,0,false)
(0.949598,1.000000,0,false)
(0.999306,1.000000,0,false)
(0.982875,1.000000,0,false)
(0.948809,1.000000,0,false)
(0.962923,1.000000,0,false)
(0.999815,1.000000,0,false)
(0.970759,1.000000,0,false)
(0.989423,1.000000,0,false)
(0.990890,1.000000,0,false)
(0.927164,1.000000,0,false)
(0.991854,1.000000,0,false)
(0.998065,1.000000,0,false)
(0.960089,1.000000,0,false)
(0.986857,1.000000,0,false)
(0.951787,1.000000,0,false)
(0.946741,1.000000,0,false)
(0.922285,1.000000,0,false)
(0.922997,1.000000,0,false)
(0.962945,1.000000,0,false)
(0.948820,1.000000,0,false)
(0.932361,1.000000,0,false)
(0.946311,1.000000,0,false)
(0.921258,1.000000,0,false)
(0.913707,1.000000,0,false)
(0.921422,1.000000,0,false)
(0.995621,1.000000,0,false)
(0.909523,1.000000,0,false)
(0.937455,1.000000,0,false)
(0.961383,1.000000,0,false)
(0.900044,1.000000,0,false)
(0.934079,1.000000,0,false)
(0.973898,1.000000,0,false)
(0.918819,1.000000,0,false)
(0.913002,1.000000,0,false)
(0.951544,1.000000,0,false)
(0.920627,1.000000,0,false)
(0.969184,1.000000,0,false)
(0.939829,1.000000,0,false)
(0.914102,1.000000,0,false)
(0.940766,1.000000,0,false)
(0.987733,1.000000,0,false)
(0.978296,1.000000,0,false)
(0.955482,1.000000,0,false)
(0.924956,1.000000,0,false)
(0.950566,1.000000,0,false)
(0.935829,1.000000,0,false)
(0.955294,1.000000,0,false)
(0.978403,1.000000,0,false)
(0.968187,1.000000,0,false)
(0.978490,1.000000,0,false)
(0.956791,1.000000,0,false)
(0.995006,1.000000,0,false)
(0.934780,1.000000,0,false)
(0.904982,1.000000,0,false)
(0.972415,1.000000,0,false)
(0.954766,1.000000,0,false)
(0.909170,1.000000,0,false)
(0.923997,1.000000,0,false)
(0.992609,1.000000,0,false)
(0.951655,1.000000,0,false)
(0.947976,1.000000,0,false)
(0.945151,1.000000,0,false)
(0.916437,1.000000,0,false)
(0.926968,1.000000,0,false)
(0.987963,1.000000,0,false)
(0.972577,1.000000,0,false)
(0.947441,1.000000,0,false)
(0.947975,1.000000,0,false)
(0.922918,1.000000,0,false)
(0.915905,1.000000,0,false)
(0.944929,1.000000,0,false)
(0.933267,1.000000,0,false)
(0.940605,1.000000,0,false)
(0.905940,1.000000,0,false)
(0.989569,1.000000,0,false)
(0.984718,1.000000,0,false)
(0.977437,1.000000,0,false)
(0.921776,1.000000,0,false)
(0.912664,1.000000,0,false)
(0.941336,1.000000,0,false)
(0.912461,1.000000,0,false)
(0.902378,1.000000,0,false)

(0,0,false)
(2,0,false)
(3,0,false)
(5,0,false)
(6,0,false)
(7,0,false)
(8,0,false)
(9,0,false)
(10,0,false)
(11,0,false)
(12,0,false)
(13,0,false)
(15,0,false)
(16,0,false)
(17,0,false)
(19,0,false)
(20,0,false)
(21,0,false)
(22,0,false)
(23,0,false)
(24,0,false)
(25,0,false)
(26,0,false)
(27,0,false)
(28,0,false)
(29,0,false)
(30,0,false)
(31,0,false)
(32,0,false)
(34,0,false)
(35,0,false)
(36,0,false)
(37,0,false)
(39,0,true)
(40,0,true)
(41,0,false)
(42,0,false)
(43,0,true)
(44,0,false)
(45,0,false)
(47,0,false)
(48,0,false)
(49,0,false)
(50,0,false)
(51,0,false)
(53,0,false)
(54,0,false)
(55,0,false)
(56,0,false)
(57,0,false)
(58,0,false)
(59,0,false)
(60,0,false)
(61,0,false)
(62,0,false)
(63,0,false)
(64,0,true)
(65,0,false)
(69,0,false)
(70,0,false)
(71,0,false)
(73,0,false)
(74,0,false)
(75,0,false)
(76,0,false)
(77,0,false)
(79,0,false)
(80,0,true)
(81,0,true)
(83,0,true)
(84,0,true)
(85,0,true)
(87,0,true)
(88,0,true)
(91,0,true)
(92,0,true)
(93,0,true)
(94,0,true)
(95,0,true)
(96,0,true)
(98,0,true)
(99,0,true)
(100,0,true)
(103,0,true)
(104,0,true)
(105,0,true)
(106,0,true)
(107,0,true)
(108,0,true)
(109,0,true)
(110,0,true)
(111,0,true)
(112,0,true)
(113,0,true)
(115,0,true)
(116,0,true)
(117,0,true)
(118,0,true)
(119,0,true)
(120,0,true)
(121,0,true)
(122,0,true)
(123,0,true)
(124,0,true)
(125,0,true)
(126,0,true)
(127,0,true)
(128,0,true)
(129,0,true)
(130,0,true)
(131,0,true)
(132,0,true)
(133,0,true)
(134,0,true)
(136,0,false)
(137,0,true)
(139,0,true)
(140,0,true)
(142,0,true)
(144,0,true)
(146,0,true)
(147,0,true)
(148,0,true)
(149,0,true)
(150,0,true)
(151,0,true)
(152,0,true)
(153,0,true)
(154,0,true)
(155,0,true)
(156,0,true)
(158,0,true)
(159,0,true)
(160,0,true)
(161,0,true)
(162,0,true)
(163,0,true)
(165,0,true)
(167,0,true)
(169,0,true)
(171,0,true)
(173,0,true)
(174,0,true)
(175,0,true)
(176,0,true)
(177,0,true)
(178,0,true)
(179,0,true)
(180,0,true)
(181,0,true)
(182,0,true)
(184,0,true)
(185,0,true)
(188,0,true)
(189,0,true)
(191,0,false)
(193,0,false)
(194,0,true)
(195,0,true)
(196,0,true)
(197,0,true)
(198,0,true)
(200,0,true)
(201,0,true)
(203,0,true)
(204,0,true)
(205,0,true)
(206,0,true)
(207,0,true)
(209,0,true)
(210,0,false)
(211,0,false)
(213,0,true)
(214,0,false)
(215,0,true)
(218,0,true)
(219,0,true)
(221,0,true)
(222,0,true)
(223,0,true)
(224,0,true)
(225,0,true)
(227,0,true)
(228,0,true)
(229,0,true)
(230,0,true)
(231,0,true)
(233,0,true)
(234,0,true)
(235,0,true)
(236,0,true)
(237,0,true)
(238,0,true)
(239,0,true)
(240,0,true)
(241,0,true)
(244,0,true)
(245,0,true)
(246,0,true)
(247,0,true)
(248,0,true)
(249,0,true)
(250,0,true)
(251,0,true)
(253,0,true)
(254,0,true)
(255,0,true)
(256,0,true)
(257,0,true)
(258,0,true)
(259,0,true)
(260,0,true)
(261,0,true)
(263,0,true)
(264,0,false)
(265,0,true)
(266,0,true)
(267,0,true)
(269,0,true)
(270,0,true)
(271,0,true)
(273,0,true)
(275,0,true)
(276,0,true)
(277,0,true)
(278,0,true)
(279,0,true)
(280,0,true)
(281,0,true)
(282,0,true)
(284,0,true)
(285,0,true)
(287,0,true)
(288,0,true)
(289,0,true)
(290,0,true)
(291,0,true)
(293,0,true)
(294,0,true)
(295,0,true)
(296,0,true)
(299,0,true)
(0,1,false)
(1,1,false)
(2,1,false)
(3,1,false)
(4,1,false)
(5,1,false)
(6,1,false)
(7,1,false)
(8,1,false)
(9,1,false)
(10,1,false)
(11,1,false)
(13,1,false)
(14,1,false)
(16,1,false)
(18,1,false)
(19,1,false)
(21,1,false)
(22,1,false)
(26,1,false)
(28,1,false)
(29,1,false)
(32,1,false)
(33,1,false)
(34,1,false)
(36,1,false)
(37,1,true)
(38,1,false)
(41,1,false)
(42,1,false)
(44,1,false)
(45,1,false)
(46,1,false)
(47,1,true)
(48,1,false)
(50,1,false)
(51,1,false)
(53,1,false)
(54,1,false)
(55,1,false)
(56,1,false)
(58,1,false)
(59,1,false)
(60,1,false)
(61,1,false)
(63,1,false)
(64,1,false)
(65,1,false)
(66,1,false)
(69,1,true)
(71,1,false)
(72,1,false)
(73,1,true)
(79,1,false)
(81,1,true)
(83,1,true)
(86,1,true)
(87,1,true)
(88,1,true)
(92,1,true)
(93,1,true)
(95,1,true)
(97,1,true)
(99,1,true)
(100,1,true)
(101,1,true)
(102,1,true)
(103,1,true)
(105,1,true)
(107,1,true)
(109,1,true)
(111,1,true)
(112,1,true)
(120,1,true)
(121,1,true)
(123,1,true)
(124,1,true)
(126,1,true)
(128,1,true)
(129,1,true)
(131,1,true)
(134,1,true)
(136,1,true)
(137,1,true)
(138,1,true)
(139,1,true)
(140,1,true)
(142,1,true)
(143,1,true)
(146,1,true)
(150,1,true)
(151,1,true)
(152,1,true)
(154,1,true)
(157,1,true)
(158,1,true)
(159,1,true)
(161,1,true)
(163,1,true)
(164,1,true)
(166,1,true)
(168,1,true)
(169,1,true)
(171,1,true)
(173,1,true)
(175,1,true)
(176,1,true)
(177,1,true)
(178,1,true)
(179,1,true)
(182,1,true)
(183,1,true)
(184,1,true)
(185,1,true)
(186,1,true)
(188,1,true)
(189,1,true)
(190,1,true)
(193,1,true)
(194,1,true)
(196,1,true)
(197,1,true)
(199,1,true)
(200,1,true)
(201,1,true)
(202,1,true)
(203,1,true)
(204,1,true)
(206,1,true)
(208,1,true)
(210,1,true)
(211,1,true)
(212,1,true)
(214,1,true)
(218,1,true)
(220,1,true)
(222,1,true)
(224,1,true)
(226,1,true)
(229,1,true)
(230,1,false)
(231,1,true)
(235,1,true)
(236,1,true)
(237,1,true)
(239,1,true)
(241,1,true)
(242,1,true)
(243,1,true)
(244,1,true)
(246,1,true)
(247,1,true)
(248,1,true)
(249,1,true)
(251,1,true)
(252,1,true)
(254,1,true)
(255,1,true)
(257,1,true)
(258,1,true)
(261,1,true)
(262,1,true)
(263,1,true)
(264,1,true)
(266,1,true)
(267,1,true)
(269,1,true)
(270,1,true)
(271,1,true)
(273,1,true)
(274,1,false)
(275,1,true)
(276,1,true)
(277,1,true)
(279,1,true)
(280,1,false)
(281,1,true)
(282,1,true)
(284,1,true)
(285,1,true)
(286,1,true)
(288,1,true)
(292,1,true)
(293,1,true)
(294,1,true)
(295,1,true)
(297,1,true)
(299,1,true)
(2,2,false)
(5,2,false)
(6,2,false)
(7,2,false)
(8,2,false)
(9,2,false)
(12,2,false)
(13,2,false)
(17,2,false)
(19,2,false)
(21,2,false)
(22,2,false)
(27,2,false)
(28,2,false)
(29,2,false)
(30,2,false)
(31,2,false)
(33,2,false)
(35,2,false)
(38,2,false)
(40,2,false)
(41,2,false)
(43,2,false)
(44,2,false)
(46,2,false)
(51,2,false)
(52,2,false)
(53,2,false)
(54,2,false)
(57,2,false)
(59,2,false)
(60,2,false)
(63,2,false)
(64,2,false)
(66,2,false)
(67,2,false)
(70,2,false)
(71,2,false)
(72,2,true)
(73,2,false)
(74,2,false)
(76,2,false)
(77,2,false)
(78,2,false)
(80,2,true)
(81,2,false)
(82,2,true)
(83,2,true)
(85,2,true)
(86,2,false)
(87,2,false)
(89,2,true)
(90,2,true)
(92,2,true)
(95,2,true)
(96,2,true)
(97,2,true)
(98,2,true)
(102,2,true)
(103,2,true)
(105,2,true)
(106,2,false)
(108,2,true)
(109,2,true)
(115,2,true)
(116,2,true)
(118,2,true)
(119,2,true)
(120,2,true)
(124,2,true)
(125,2,true)
(126,2,true)
(127,2,true)
(133,2,true)
(134,2,true)
(137,2,true)
(138,2,true)
(139,2,true)
(140,2,true)
(141,2,false)
(143,2,true)
(144,2,true)
(148,2,true)
(149,2,true)
(150,2,true)
(151,2,true)
(153,2,true)
(156,2,false)
(158,2,true)
(159,2,true)
(160,2,true)
(161,2,false)
(162,2,true)
(163,2,true)
(164,2,true)
(166,2,true)
(167,2,true)
(168,2,true)
(170,2,true)
(171,2,true)
(172,2,true)
(173,2,true)
(175,2,true)
(177,2,true)
(178,2,true)
(179,2,true)
(180,2,true)
(182,2,true)
(184,2,true)
(185,2,false)
(186,2,true)
(187,2,true)
(189,2,true)
(190,2,true)
(191,2,true)
(192,2,true)
(193,2,true)
(198,2,true)
(199,2,true)
(201,2,true)
(203,2,true)
(204,2,true)
(206,2,true)
(210,2,true)
(212,2,true)
(215,2,true)
(216,2,true)
(219,2,true)
(226,2,true)
(231,2,true)
(232,2,true)
(233,2,true)
(234,2,true)
(239,2,true)
(241,2,true)
(243,2,true)
(244,2,true)
(245,2,true)
(246,2,true)
(247,2,true)
(250,2,true)
(251,2,true)
(252,2,true)
(253,2,true)
(254,2,true)
(255,2,true)
(260,2,true)
(262,2,true)
(266,2,true)
(269,2,true)
(273,2,true)
(277,2,true)
(281,2,true)
(282,2,true)
(284,2,true)
(285,2,true)
(286,2,true)
(290,2,true)
(291,2,true)
(292,2,true)
(295,2,true)
(298,2,true)
(299,2,true)
(0,3,false)
(4,3,false)
(5,3,false)
(7,3,false)
(9,3,false)
(10,3,false)
(12,3,false)
(13,3,false)
(16,3,false)
(17,3,false)
(18,3,false)
(19,3,false)
(21,3,false)
(22,3,false)
(23,3,false)
(24,3,false)
(26,3,false)
(27,3,true)
(28,3,false)
(32,3,false)
(33,3,false)
(35,3,true)
(38,3,false)
(39,3,false)
(40,3,false)
(43,3,true)
(46,3,false)
(47,3,false)
(49,3,false)
(50,3,false)
(52,3,true)
(53,3,false)
(55,3,false)
(56,3,false)
(57,3,false)
(59,3,false)
(60,3,false)
(61,3,false)
(63,3,false)
(64,3,false)
(65,3,false)
(66,3,false)
(69,3,false)
(70,3,false)
(73,3,false)
(77,3,false)
(80,3,true)
(81,3,true)
(82,3,true)
(84,3,true)
(85,3,true)
(87,3,true)
(88,3,true)
(91,3,true)
(92,3,true)
(97,3,true)
(98,3,true)
(99,3,true)
(101,3,true)
(102,3,false)
(103,3,true)
(105,3,true)
(107,3,true)
(108,3,true)
(109,3,true)
(111,3,true)
(112,3,true)
(113,3,true)
(115,3,true)
(117,3,false)
(118,3,true)
(120,3,true)
(122,3,true)
(124,3,true)
(125,3,true)
(126,3,true)
(127,3,true)
(128,3,true)
(129,3,true)
(131,3,true)
(134,3,true)
(137,3,true)
(138,3,true)
(145,3,true)
(146,3,true)
(148,3,true)
(150,3,true)
(152,3,true)
(154,3,true)
(156,3,true)
(158,3,true)
(159,3,true)
(160,3,true)
(161,3,true)
(162,3,true)
(164,3,true)
(166,3,true)
(167,3,true)
(171,3,true)
(175,3,true)
(177,3,true)
(182,3,true)
(183,3,true)
(184,3,true)
(187,3,true)
(190,3,true)
(191,3,true)
(192,3,true)
(193,3,true)
(194,3,true)
(195,3,true)
(198,3,true)
(199,3,true)
(201,3,true)
(202,3,true)
(204,3,true)
(205,3,true)
(206,3,true)
(207,3,true)
(213,3,true)
(215,3,false)
(217,3,true)
(218,3,true)
(219,3,true)
(221,3,true)
(223,3,true)
(225,3,true)
(228,3,true)
(229,3,true)
(232,3,true)
(234,3,true)
(237,3,true)
(240,3,true)
(242,3,true)
(243,3,true)
(244,3,true)
(245,3,false)
(249,3,true)
(251,3,true)
(253,3,true)
(254,3,true)
(255,3,true)
(257,3,true)
(260,3,true)
(265,3,true)
(267,3,true)
(269,3,true)
(272,3,true)
(273,3,true)
(275,3,true)
(276,3,true)
(277,3,true)
(280,3,true)
(282,3,true)
(283,3,true)
(285,3,true)
(286,3,true)
(289,3,true)
(291,3,true)
(293,3,true)
(294,3,true)
(297,3,true)
(299,3,true)
(2,4,false)
(5,4,false)
(8,4,false)
(10,4,false)
(13,4,false)
(16,4,false)
(20,4,false)
(21,4,false)
(23,4,false)
(25,4,false)
(28,4,false)
(29,4,false)
(31,4,false)
(35,4,false)
(38,4,false)
(40,4,false)
(42,4,false)
(48,4,false)
(49,4,false)
(51,4,false)
(52,4,false)
(55,4,false)
(56,4,false)
(57,4,false)
(59,4,false)
(63,4,true)
(66,4,false)
(67,4,false)
(68,4,false)
(71,4,false)
(72,4,false)
(73,4,false)
(74,4,false)
(75,4,false)
(77,4,false)
(80,4,true)
(85,4,true)
(88,4,true)
(93,4,true)
(99,4,true)
(100,4,true)
(102,4,true)
(103,4,true)
(104,4,true)
(105,4,true)
(106,4,true)
(107,4,true)
(108,4,true)
(112,4,true)
(113,4,false)
(114,4,true)
(118,4,true)
(123,4,true)
(125,4,true)
(126,4,true)
(127,4,true)
(128,4,true)
(129,4,true)
(130,4,true)
(131,4,true)
(135,4,true)
(136,4,true)
(137,4,true)
(138,4,true)
(139,4,true)
(141,4,true)
(144,4,true)
(145,4,true)
(151,4,true)
(153,4,true)
(155,4,true)
(156,4,true)
(157,4,true)
(159,4,true)
(160,4,true)
(161,4,true)
(162,4,false)
(163,4,true)
(165,4,true)
(166,4,true)
(168,4,true)
(170,4,true)
(171,4,true)
(172,4,true)
(175,4,true)
(177,4,true)
(178,4,true)
(180,4,true)
(181,4,true)
(184,4,true)
(185,4,true)
(186,4,true)
(188,4,false)
(189,4,true)
(190,4,true)
(192,4,true)
(194,4,true)
(197,4,true)
(200,4,true)
(201,4,true)
(203,4,true)
(204,4,true)
(205,4,true)
(206,4,true)
(211,4,true)
(212,4,true)
(214,4,true)
(217,4,true)
(218,4,true)
(219,4,true)
(220,4,true)
(221,4,true)
(222,4,true)
(224,4,true)
(226,4,true)
(227,4,true)
(229,4,true)
(234,4,true)
(237,4,true)
(241,4,true)
(242,4,true)
(243,4,true)
(244,4,false)
(247,4,true)
(251,4,true)
(253,4,true)
(254,4,true)
(258,4,true)
(259,4,true)
(260,4,true)
(262,4,true)
(263,4,true)
(264,4,true)
(265,4,true)
(268,4,true)
(271,4,true)
(272,4,true)
(274,4,true)
(277,4,true)
(280,4,true)
(281,4,true)
(282,4,true)
(284,4,true)
(286,4,false)
(289,4,true)
(290,4,true)
(292,4,true)
(295,4,false)
(297,4,true)
(0,5,false)
(4,5,false)
(7,5,false)
(8,5,false)
(13,5,false)
(17,5,false)
(18,5,false)
(20,5,false)
(24,5,false)
(26,5,false)
(27,5,false)
(28,5,false)
(29,5,false)
(30,5,false)
(31,5,false)
(33,5,false)
(36,5,false)
(38,5,false)
(51,5,false)
(55,5,false)
(59,5,false)
(66,5,false)
(67,5,false)
(70,5,false)
(72,5,false)
(74,5,false)
(76,5,false)
(77,5,false)
(81,5,true)
(82,5,true)
(83,5,true)
(86,5,true)
(87,5,true)
(89,5,false)
(90,5,true)
(95,5,true)
(96,5,true)
(97,5,true)
(98,5,true)
(99,5,true)
(102,5,true)
(107,5,true)
(108,5,true)
(110,5,true)
(111,5,true)
(112,5,true)
(113,5,true)
(120,5,true)
(124,5,true)
(128,5,false)
(129,5,true)
(130,5,true)
(132,5,true)
(134,5,true)
(136,5,false)
(138,5,true)
(139,5,true)
(142,5,true)
(143,5,true)
(148,5,false)
(153,5,false)
(156,5,true)
(157,5,true)
(158,5,true)
(159,5,true)
(164,5,true)
(167,5,true)
(168,5,true)
(172,5,false)
(174,5,true)
(177,5,true)
(178,5,false)
(179,5,true)
(181,5,true)
(182,5,true)
(185,5,true)
(188,5,true)
(190,5,true)
(192,5,true)
(193,5,true)
(194,5,true)
(196,5,true)
(198,5,true)
(202,5,true)
(204,5,true)
(205,5,true)
(206,5,true)
(209,5,true)
(210,5,true)
(211,5,true)
(212,5,true)
(215,5,true)
(218,5,true)
(219,5,true)
(221,5,true)
(224,5,true)
(225,5,true)
(227,5,true)
(230,5,true)
(231,5,true)
(235,5,true)
(237,5,true)
(239,5,true)
(241,5,true)
(246,5,true)
(248,5,true)
(249,5,true)
(251,5,true)
(253,5,true)
(254,5,true)
(256,5,false)
(257,5,true)
(259,5,true)
(260,5,true)
(261,5,true)
(262,5,true)
(264,5,true)
(265,5,true)
(267,5,true)
(271,5,true)
(275,5,true)
(276,5,true)
(277,5,true)
(279,5,true)
(282,5,true)
(283,5,true)
(285,5,true)
(286,5,true)
(289,5,true)
(292,5,true)
(293,5,true)
(295,5,true)
(297,5,true)
(4,6,false)
(6,6,false)
(8,6,false)
(10,6,false)
(12,6,false)
(16,6,false)
(18,6,false)
(19,6,false)
(20,6,false)
(22,6,false)
(23,6,false)
(25,6,false)
(26,6,false)
(28,6,false)
(30,6,false)
(32,6,false)
(35,6,false)
(36,6,false)
(38,6,false)
(40,6,false)
(41,6,false)
(44,6,false)
(45,6,false)
(46,6,false)
(53,6,false)
(63,6,false)
(64,6,false)
(65,6,false)
(67,6,false)
(72,6,false)
(73,6,false)
(74,6,false)
(81,6,true)
(84,6,true)
(88,6,false)
(90,6,true)
(92,6,true)
(93,6,true)
(95,6,true)
(98,6,true)
(100,6,true)
(104,6,true)
(109,6,true)
(110,6,true)
(111,6,true)
(112,6,true)
(114,6,true)
(117,6,true)
(118,6,true)
(119,6,true)
(120,6,true)
(125,6,true)
(127,6,true)
(133,6,true)
(136,6,true)
(137,6,true)
(138,6,true)
(139,6,true)
(140,6,true)
(141,6,true)
(144,6,true)
(145,6,true)
(147,6,true)
(148,6,true)
(151,6,true)
(153,6,true)
(155,6,true)
(166,6,true)
(168,6,true)
(170,6,true)
(171,6,true)
(173,6,true)
(177,6,true)
(178,6,true)
(179,6,true)
(185,6,true)
(186,6,true)
(187,6,true)
(189,6,true)
(191,6,true)
(192,6,true)
(193,6,true)
(194,6,true)
(197,6,true)
(198,6,true)
(199,6,true)
(204,6,true)
(205,6,true)
(208,6,true)
(213,6,true)
(214,6,true)
(215,6,true)
(218,6,true)
(220,6,true)
(221,6,true)
(227,6,true)
(228,6,true)
(230,6,true)
(234,6,true)
(236,6,true)
(237,6,true)
(241,6,true)
(242,6,false)
(244,6,true)
(246,6,true)
(248,6,true)
(251,6,false)
(254,6,true)
(259,6,true)
(260,6,true)
(263,6,false)
(264,6,true)
(265,6,true)
(266,6,true)
(269,6,true)
(273,6,true)
(274,6,false)
(277,6,true)
(278,6,true)
(282,6,true)
(283,6,true)
(284,6,true)
(285,6,true)
(287,6,true)
(288,6,true)
(290,6,true)
(292,6,true)
(293,6,true)
(296,6,false)
(297,6,true)
(298,6,false)
(4,7,false)
(6,7,false)
(8,7,false)
(11,7,false)
(12,7,false)
(14,7,false)
(16,7,false)
(21,7,false)
(23,7,false)
(28,7,false)
(30,7,false)
(31,7,false)
(32,7,false)
(34,7,false)
(39,7,false)
(40,7,false)
(42,7,false)
(43,7,true)
(44,7,false)
(47,7,false)
(52,7,false)
(57,7,false)
(63,7,false)
(64,7,false)
(68,7,false)
(69,7,false)
(70,7,false)
(72,7,false)
(73,7,false)
(74,7,false)
(75,7,false)
(81,7,true)
(83,7,true)
(85,7,true)
(87,7,true)
(89,7,true)
(93,7,true)
(95,7,true)
(97,7,true)
(99,7,true)
(101,7,true)
(102,7,true)
(104,7,true)
(106,7,true)
(109,7,true)
(112,7,true)
(113,7,true)
(114,7,true)
(115,7,true)
(117,7,true)
(122,7,true)
(125,7,true)
(126,7,true)
(127,7,true)
(131,7,true)
(133,7,true)
(135,7,true)
(136,7,true)
(142,7,true)
(144,7,true)
(145,7,true)
(147,7,true)
(149,7,true)
(151,7,true)
(153,7,true)
(154,7,true)
(155,7,true)
(162,7,true)
(164,7,true)
(165,7,true)
(166,7,true)
(168,7,true)
(169,7,true)
(171,7,true)
(172,7,true)
(173,7,true)
(174,7,true)
(176,7,true)
(178,7,true)
(181,7,true)
(183,7,true)
(184,7,true)
(185,7,true)
(187,7,true)
(188,7,true)
(192,7,true)
(195,7,false)
(196,7,true)
(197,7,true)
(201,7,true)
(203,7,true)
(204,7,true)
(210,7,true)
(229,7,true)
(230,7,true)
(231,7,true)
(232,7,true)
(233,7,true)
(234,7,true)
(235,7,true)
(238,7,true)
(242,7,true)
(250,7,true)
(252,7,true)
(253,7,true)
(255,7,true)
(260,7,true)
(261,7,true)
(263,7,true)
(264,7,true)
(265,7,true)
(267,7,true)
(271,7,false)
(272,7,true)
(274,7,true)
(277,7,true)
(278,7,true)
(281,7,true)
(287,7,true)
(291,7,false)
(292,7,true)
(293,7,true)
(299,7,true)
(2,8,false)
(3,8,false)
(6,8,false)
(8,8,false)
(12,8,false)
(13,8,false)
(15,8,false)
(17,8,false)
(18,8,false)
(19,8,false)
(20,8,false)
(21,8,true)
(27,8,false)
(28,8,false)
(30,8,false)
(31,8,false)
(32,8,false)
(35,8,false)
(41,8,false)
(42,8,false)
(43,8,false)
(45,8,false)
(48,8,false)
(51,8,false)
(52,8,false)
(54,8,false)
(55,8,false)
(57,8,false)
(59,8,false)
(60,8,false)
(62,8,false)
(63,8,false)
(66,8,false)
(68,8,false)
(75,8,false)
(78,8,false)
(79,8,false)
(80,8,false)
(81,8,true)
(84,8,true)
(85,8,true)
(88,8,true)
(89,8,true)
(91,8,true)
(92,8,true)
(94,8,true)
(95,8,true)
(96,8,true)
(100,8,true)
(104,8,true)
(105,8,true)
(107,8,true)
(114,8,true)
(115,8,true)
(117,8,true)
(118,8,true)
(121,8,true)
(133,8,true)
(135,8,true)
(136,8,true)
(137,8,true)
(138,8,true)
(140,8,true)
(144,8,true)
(145,8,true)
(148,8,true)
(151,8,true)
(153,8,true)
(155,8,true)
(160,8,true)
(162,8,true)
(164,8,true)
(167,8,true)
(170,8,true)
(172,8,true)
(173,8,true)
(175,8,true)
(176,8,true)
(180,8,true)
(181,8,true)
(184,8,true)
(186,8,true)
(189,8,true)
(193,8,true)
(198,8,true)
(199,8,true)
(208,8,true)
(210,8,true)
(212,8,true)
(215,8,true)
(216,8,true)
(219,8,true)
(225,8,true)
(228,8,true)
(230,8,true)
(231,8,true)
(232,8,true)
(236,8,true)
(238,8,true)
(240,8,true)
(251,8,true)
(254,8,true)
(256,8,true)
(257,8,true)
(266,8,true)
(267,8,true)
(272,8,true)
(273,8,true)
(274,8,true)
(278,8,true)
(280,8,true)
(281,8,true)
(282,8,true)
(283,8,true)
(284,8,true)
(288,8,true)
(291,8,true)
(292,8,true)
(296,8,true)
(297,8,true)
(2,9,false)
(3,9,false)
(6,9,false)
(8,9,false)
(12,9,false)
(13,9,false)
(14,9,false)
(15,9,false)
(17,9,false)
(21,9,false)
(22,9,false)
(23,9,false)
(24,9,false)
(26,9,false)
(27,9,false)
(28,9,false)
(30,9,false)
(31,9,false)
(34,9,false)
(36,9,false)
(37,9,false)
(41,9,false)
(43,9,false)
(49,9,false)
(50,9,false)
(52,9,false)
(57,9,false)
(58,9,false)
(61,9,false)
(63,9,false)
(66,9,false)
(68,9,false)
(69,9,false)
(71,9,true)
(72,9,false)
(76,9,false)
(77,9,false)
(78,9,false)
(79,9,false)
(80,9,false)
(83,9,true)
(86,9,false)
(89,9,true)
(90,9,true)
(91,9,true)
(93,9,true)
(99,9,true)
(101,9,true)
(102,9,true)
(108,9,true)
(111,9,true)
(112,9,true)
(114,9,true)
(119,9,true)
(120,9,true)
(123,9,true)
(125,9,true)
(126,9,true)
(128,9,true)
(130,9,true)
(131,9,true)
(134,9,true)
(135,9,true)
(136,9,true)
(144,9,true)
(145,9,true)
(147,9,true)
(157,9,true)
(159,9,true)
(160,9,false)
(161,9,true)
(163,9,true)
(164,9,true)
(166,9,true)
(167,9,true)
(168,9,true)
(172,9,true)
(173,9,true)
(175,9,true)
(176,9,true)
(178,9,true)
(182,9,true)
(185,9,true)
(189,9,true)
(190,9,true)
(191,9,true)
(192,9,true)
(194,9,true)
(197,9,true)
(199,9,true)
(200,9,true)
(202,9,true)
(210,9,true)
(213,9,true)
(216,9,true)
(218,9,true)
(220,9,true)
(224,9,true)
(225,9,true)
(228,9,true)
(231,9,true)
(237,9,true)
(242,9,true)
(243,9,true)
(247,9,false)
(249,9,true)
(250,9,true)
(252,9,true)
(258,9,true)
(260,9,true)
(263,9,true)
(267,9,true)
(270,9,true)
(271,9,true)
(272,9,true)
(273,9,true)
(275,9,true)
(277,9,true)
(278,9,true)
(280,9,true)
(283,9,true)
(285,9,true)
(287,9,true)
(290,9,true)
(291,9,true)
(293,9,true)
(295,9,true)
(298,9,true)
(299,9,true)
(3,10,false)
(4,10,false)
(8,10,false)
(9,10,false)
(12,10,false)
(17,10,false)
(21,10,false)
(22,10,false)
(24,10,false)
(26,10,false)
(31,10,false)
(32,10,false)
(35,10,false)
(43,10,false)
(46,10,false)
(49,10,false)
(50,10,false)
(52,10,false)
(54,10,false)
(63,10,false)
(64,10,false)
(66,10,false)
(72,10,false)
(73,10,false)
(74,10,false)
(78,10,false)
(80,10,true)
(81,10,true)
(82,10,true)
(83,10,true)
(84,10,true)
(85,10,true)
(87,10,true)
(91,10,true)
(96,10,true)
(98,10,true)
(108,10,true)
(115,10,true)
(117,10,true)
(124,10,true)
(126,10,true)
(127,10,true)
(128,10,true)
(129,10,true)
(130,10,true)
(134,10,true)
(144,10,true)
(147,10,false)
(148,10,true)
(149,10,true)
(150,10,true)
(151,10,true)
(157,10,true)
(158,10,true)
(164,10,true)
(166,10,true)
(177,10,true)
(180,10,true)
(182,10,true)
(185,10,true)
(189,10,true)
(191,10,true)
(197,10,true)
(203,10,true)
(205,10,true)
(206,10,true)
(207,10,true)
(208,10,true)
(210,10,true)
(211,10,true)
(212,10,true)
(213,10,true)
(215,10,true)
(218,10,true)
(219,10,true)
(227,10,true)
(230,10,true)
(231,10,true)
(233,10,true)
(234,10,true)
(236,10,true)
(239,10,true)
(240,10,true)
(241,10,true)
(242,10,true)
(243,10,true)
(245,10,true)
(246,10,true)
(248,10,true)
(249,10,true)
(251,10,true)
(252,10,true)
(256,10,true)
(258,10,true)
(265,10,true)
(270,10,true)
(275,10,true)
(279,10,true)
(287,10,true)
(288,10,true)
(290,10,true)
(291,10,true)
(299,10,true)
(1,11,false)
(8,11,false)
(17,11,false)
(20,11,false)
(22,11,false)
(33,11,false)
(34,11,false)
(36,11,false)
(38,11,false)
(43,11,false)
(44,11,false)
(45,11,false)
(51,11,false)
(55,11,false)
(56,11,false)
(57,11,false)
(61,11,false)
(62,11,false)
(63,11,false)
(64,11,false)
(65,11,false)
(67,11,false)
(68,11,false)
(69,11,false)
(72,11,false)
(76,11,false)
(77,11,true)
(79,11,false)
(80,11,true)
(83,11,true)
(85,11,true)
(86,11,true)
(87,11,true)
(91,11,true)
(92,11,true)
(99,11,true)
(102,11,true)
(104,11,false)
(105,11,true)
(106,11,true)
(107,11,true)
(109,11,true)
(114,11,true)
(117,11,true)
(118,11,true)
(121,11,true)
(122,11,true)
(124,11,true)
(131,11,true)
(133,11,true)
(135,11,true)
(141,11,true)
(142,11,true)
(143,11,true)
(145,11,true)
(148,11,true)
(149,11,true)
(150,11,true)
(151,11,true)
(152,11,true)
(157,11,true)
(161,11,true)
(162,11,true)
(163,11,true)
(165,11,false)
(168,11,true)
(175,11,true)
(178,11,true)
(184,11,true)
(185,11,true)
(186,11,true)
(187,11,true)
(188,11,true)
(195,11,true)
(197,11,true)
(199,11,true)
(204,11,true)
(205,11,true)
(208,11,true)
(210,11,true)
(213,11,true)
(218,11,true)
(220,11,true)
(221,11,true)
(223,11,true)
(224,11,true)
(225,11,true)
(227,11,true)
(230,11,true)
(237,11,true)
(238,11,false)
(241,11,true)
(242,11,true)
(244,11,true)
(255,11,true)
(256,11,true)
(258,11,true)
(260,11,true)
(262,11,true)
(263,11,true)
(264,11,true)
(265,11,true)
(267,11,true)
(269,11,true)
(270,11,true)
(271,11,true)
(273,11,true)
(275,11,true)
(280,11,true)
(282,11,true)
(283,11,true)
(285,11,true)
(286,11,true)
(287,11,true)
(291,11,true)
(295,11,true)
(2,12,false)
(6,12,false)
(11,12,false)
(14,12,false)
(15,12,false)
(18,12,false)
(19,12,false)
(20,12,false)
(26,12,false)
(27,12,false)
(32,12,false)
(33,12,false)
(34,12,false)
(39,12,false)
(40,12,false)
(41,12,false)
(42,12,false)
(46,12,false)
(55,12,false)
(58,12,false)
(62,12,false)
(64,12,false)
(68,12,false)
(70,12,false)
(74,12,true)
(75,12,false)
(79,12,false)
(82,12,true)
(86,12,true)
(88,12,true)
(89,12,true)
(98,12,true)
(99,12,true)
(100,12,true)
(101,12,true)
(102,12,true)
(106,12,true)
(110,12,true)
(114,12,true)
(120,12,true)
(121,12,false)
(122,12,true)
(124,12,true)
(126,12,true)
(128,12,true)
(129,12,true)
(131,12,false)
(133,12,true)
(135,12,true)
(136,12,true)
(137,12,true)
(138,12,true)
(143,12,true)
(146,12,true)
(149,12,true)
(157,12,true)
(158,12,true)
(159,12,true)
(160,12,true)
(162,12,true)
(164,12,true)
(165,12,true)
(167,12,true)
(178,12,true)
(180,12,true)
(182,12,true)
(183,12,true)
(187,12,true)
(190,12,true)
(191,12,false)
(196,12,true)
(199,12,true)
(205,12,true)
(210,12,false)
(211,12,true)
(215,12,true)
(220,12,true)
(223,12,true)
(225,12,true)
(228,12,true)
(235,12,true)
(237,12,true)
(238,12,true)
(239,12,true)
(243,12,true)
(246,12,true)
(249,12,true)
(250,12,true)
(254,12,true)
(256,12,true)
(258,12,true)
(265,12,true)
(266,12,true)
(267,12,false)
(271,12,true)
(272,12,true)
(274,12,true)
(275,12,true)
(277,12,true)
(280,12,true)
(282,12,true)
(283,12,true)
(284,12,true)
(286,12,true)
(291,12,true)
(293,12,true)
(294,12,true)
(296,12,true)
(298,12,true)
(299,12,true)
(2,13,true)
(4,13,false)
(5,13,false)
(9,13,false)
(11,13,false)
(14,13,false)
(17,13,false)
(22,13,false)
(24,13,false)
(26,13,false)
(28,13,false)
(35,13,false)
(38,13,false)
(41,13,false)
(48,13,false)
(52,13,false)
(55,13,false)
(60,13,false)
(65,13,false)
(68,13,false)
(75,13,false)
(78,13,false)
(83,13,true)
(87,13,true)
(92,13,true)
(93,13,true)
(94,13,true)
(95,13,true)
(97,13,true)
(98,13,true)
(103,13,true)
(104,13,true)
(105,13,true)
(107,13,true)
(109,13,true)
(111,13,true)
(113,13,true)
(114,13,true)
(116,13,true)
(117,13,true)
(120,13,true)
(126,13,false)
(127,13,true)
(128,13,true)
(136,13,true)
(138,13,true)
(139,13,true)
(140,13,true)
(143,13,false)
(144,13,true)
(146,13,true)
(147,13,true)
(152,13,true)
(156,13,true)
(168,13,true)
(169,13,true)
(170,13,true)
(182,13,true)
(187,13,true)
(188,13,true)
(190,13,true)
(196,13,true)
(199,13,true)
(201,13,true)
(203,13,true)
(204,13,false)
(205,13,false)
(206,13,true)
(207,13,true)
(210,13,true)
(211,13,true)
(212,13,true)
(216,13,true)
(218,13,true)
(223,13,true)
(224,13,true)
(228,13,true)
(229,13,true)
(231,13,true)
(233,13,true)
(235,13,true)
(237,13,true)
(239,13,true)
(242,13,true)
(248,13,true)
(250,13,true)
(251,13,true)
(252,13,true)
(258,13,true)
(259,13,true)
(260,13,true)
(262,13,true)
(263,13,true)
(264,13,true)
(266,13,true)
(268,13,true)
(273,13,true)
(274,13,true)
(276,13,true)
(277,13,true)
(278,13,true)
(280,13,true)
(283,13,true)
(284,13,true)
(292,13,true)
(297,13,true)
(0,14,false)
(1,14,false)
(3,14,false)
(4,14,false)
(6,14,false)
(7,14,false)
(13,14,false)
(16,14,false)
(21,14,false)
(25,14,false)
(28,14,false)
(31,14,false)
(34,14,false)
(39,14,false)
(40,14,false)
(45,14,false)
(48,14,false)
(53,14,false)
(55,14,false)
(60,14,false)
(61,14,true)
(65,14,false)
(66,14,false)
(67,14,false)
(70,14,false)
(77,14,true)
(78,14,false)
(81,14,true)
(83,14,true)
(84,14,true)
(87,14,true)
(89,14,false)
(92,14,true)
(93,14,true)
(96,14,true)
(97,14,false)
(101,14,true)
(107,14,true)
(114,14,true)
(115,14,true)
(118,14,true)
(121,14,false)
(123,14,true)
(131,14,true)
(135,14,true)
(136,14,true)
(137,14,true)
(138,14,true)
(147,14,true)
(152,14,true)
(153,14,true)
(154,14,true)
(155,14,true)
(156,14,true)
(157,14,true)
(160,14,true)
(162,14,true)
(164,14,true)
(169,14,true)
(170,14,true)
(172,14,true)
(173,14,true)
(177,14,true)
(181,14,true)
(182,14,true)
(187,14,true)
(195,14,true)
(197,14,true)
(199,14,true)
(200,14,true)
(202,14,true)
(208,14,true)
(209,14,true)
(210,14,true)
(213,14,true)
(218,14,true)
(220,14,true)
(221,14,true)
(223,14,true)
(225,14,true)
(228,14,true)
(234,14,false)
(238,14,false)
(239,14,true)
(241,14,true)
(253,14,true)
(255,14,true)
(256,14,true)
(257,14,true)
(267,14,true)
(269,14,true)
(275,14,true)
(279,14,true)
(281,14,true)
(283,14,true)
(285,14,true)
(288,14,true)
(289,14,true)
(292,14,true)
(294,14,true)
(295,14,true)
(1,15,false)
(2,15,false)
(6,15,false)
(7,15,false)
(9,15,false)
(13,15,false)
(14,15,false)
(16,15,false)
(20,15,false)
(22,15,false)
(23,15,false)
(30,15,true)
(31,15,false)
(32,15,false)
(34,15,false)
(35,15,false)
(36,15,false)
(37,15,false)
(39,15,false)
(41,15,false)
(42,15,false)
(43,15,false)
(44,15,false)
(48,15,false)
(49,15,false)
(51,15,false)
(54,15,false)
(62,15,false)
(77,15,false)
(78,15,false)
(80,15,true)
(93,15,true)
(94,15,true)
(95,15,true)
(96,15,true)
(98,15,true)
(100,15,true)
(101,15,false)
(102,15,true)
(103,15,true)
(105,15,true)
(106,15,true)
(109,15,false)
(110,15,true)
(112,15,true)
(113,15,false)
(114,15,true)
(124,15,true)
(128,15,true)
(131,15,true)
(133,15,true)
(134,15,true)
(135,15,true)
(136,15,true)
(137,15,true)
(144,15,true)
(146,15,true)
(149,15,true)
(150,15,true)
(151,15,true)
(153,15,true)
(154,15,true)
(159,15,true)
(165,15,true)
(166,15,false)
(168,15,true)
(172,15,true)
(174,15,true)
(176,15,true)
(181,15,true)
(188,15,true)
(200,15,true)
(208,15,true)
(212,15,true)
(217,15,true)
(227,15,true)
(228,15,true)
(230,15,true)
(236,15,true)
(238,15,true)
(239,15,true)
(240,15,true)
(245,15,true)
(249,15,true)
(253,15,true)
(254,15,true)
(255,15,true)
(256,15,true)
(258,15,true)
(260,15,true)
(261,15,true)
(263,15,true)
(267,15,true)
(274,15,true)
(276,15,true)
(280,15,true)
(281,15,true)
(282,15,true)
(285,15,true)
(291,15,true)
(294,15,true)
(298,15,true)
(299,15,true)
(1,16,false)
(4,16,false)
(5,16,false)
(7,16,false)
(9,16,false)
(12,16,false)
(15,16,false)
(21,16,false)
(22,16,false)
(23,16,false)
(25,16,false)
(26,16,false)
(27,16,false)
(30,16,false)
(36,16,false)
(39,16,false)
(41,16,false)
(45,16,false)
(54,16,false)
(58,16,false)
(59,16,false)
(65,16,false)
(69,16,false)
(77,16,false)
(80,16,true)
(81,16,true)
(84,16,true)
(85,16,true)
(86,16,false)
(88,16,true)
(90,16,true)
(92,16,true)
(93,16,true)
(97,16,true)
(98,16,true)
(99,16,true)
(105,16,true)
(108,16,true)
(112,16,true)
(113,16,true)
(119,16,true)
(123,16,true)
(131,16,true)
(140,16,true)
(142,16,true)
(144,16,true)
(145,16,true)
(148,16,true)
(151,16,true)
(155,16,true)
(163,16,true)
(170,16,true)
(174,16,true)
(179,16,true)
(180,16,true)
(181,16,true)
(186,16,true)
(191,16,true)
(193,16,true)
(198,16,true)
(199,16,true)
(202,16,true)
(206,16,true)
(207,16,true)
(212,16,true)
(215,16,false)
(221,16,true)
(222,16,true)
(224,16,true)
(225,16,true)
(238,16,true)
(242,16,true)
(252,16,true)
(253,16,true)
(254,16,true)
(256,16,true)
(258,16,false)
(259,16,true)
(264,16,true)
(268,16,true)
(269,16,true)
(271,16,true)
(273,16,true)
(277,16,true)
(280,16,true)
(286,16,true)
(287,16,true)
(289,16,true)
(292,16,true)
(297,16,true)
(298,16,true)
(1,17,false)
(15,17,false)
(17,17,false)
(19,17,false)
(27,17,false)
(30,17,false)
(33,17,false)
(36,17,false)
(38,17,false)
(39,17,false)
(54,17,false)
(62,17,false)
(63,17,true)
(69,17,false)
(71,17,false)
(73,17,false)
(75,17,false)
(85,17,true)
(91,17,true)
(96,17,true)
(97,17,true)
(100,17,true)
(101,17,true)
(103,17,true)
(104,17,true)
(105,17,true)
(110,17,true)
(114,17,true)
(117,17,true)
(119,17,true)
(120,17,true)
(126,17,true)
(128,17,true)
(129,17,true)
(130,17,true)
(132,17,true)
(138,17,true)
(140,17,true)
(142,17,true)
(153,17,true)
(157,17,true)
(158,17,true)
(160,17,true)
(161,17,true)
(163,17,true)
(164,17,true)
(165,17,true)
(167,17,true)
(173,17,true)
(174,17,true)
(175,17,false)
(187,17,true)
(189,17,true)
(191,17,true)
(196,17,true)
(197,17,true)
(198,17,true)
(200,17,true)
(202,17,true)
(206,17,true)
(207,17,true)
(212,17,true)
(217,17,true)
(226,17,true)
(235,17,true)
(241,17,true)
(256,17,true)
(257,17,true)
(259,17,true)
(264,17,true)
(269,17,true)
(273,17,true)
(274,17,true)
(277,17,true)
(278,17,true)
(279,17,true)
(284,17,true)
(288,17,true)
(297,17,true)
(3,18,false)
(7,18,false)
(10,18,false)
(13,18,false)
(14,18,false)
(15,18,false)
(17,18,false)
(23,18,false)
(27,18,false)
(34,18,false)
(36,18,false)
(38,18,false)
(40,18,false)
(41,18,false)
(43,18,false)
(49,18,false)
(53,18,true)
(55,18,false)
(64,18,false)
(71,18,false)
(77,18,false)
(78,18,false)
(79,18,false)
(82,18,true)
(85,18,true)
(94,18,true)
(97,18,true)
(98,18,true)
(99,18,true)
(102,18,true)
(104,18,true)
(105,18,true)
(106,18,true)
(116,18,true)
(119,18,true)
(120,18,true)
(129,18,true)
(131,18,true)
(134,18,false)
(135,18,true)
(137,18,true)
(138,18,true)
(139,18,true)
(142,18,true)
(148,18,true)
(149,18,true)
(151,18,true)
(152,18,true)
(157,18,true)
(163,18,true)
(166,18,true)
(174,18,true)
(178,18,true)
(181,18,true)
(187,18,false)
(189,18,false)
(190,18,true)
(194,18,true)
(199,18,true)
(202,18,true)
(204,18,true)
(205,18,true)
(207,18,true)
(211,18,true)
(214,18,true)
(224,18,false)
(226,18,true)
(228,18,true)
(231,18,true)
(234,18,true)
(240,18,true)
(251,18,true)
(252,18,true)
(253,18,true)
(256,18,true)
(260,18,true)
(263,18,true)
(269,18,true)
(273,18,true)
(279,18,true)
(283,18,true)
(289,18,true)
(294,18,true)
(0,19,false)
(8,19,false)
(15,19,false)
(18,19,false)
(19,19,false)
(20,19,false)
(21,19,false)
(23,19,false)
(25,19,false)
(27,19,false)
(34,19,false)
(37,19,false)
(42,19,false)
(45,19,false)
(47,19,false)
(53,19,false)
(54,19,false)
(55,19,false)
(62,19,false)
(65,19,false)
(70,19,false)
(71,19,false)
(73,19,true)
(75,19,false)
(76,19,false)
(78,19,false)
(81,19,true)
(83,19,true)
(85,19,true)
(86,19,true)
(88,19,true)
(94,19,true)
(96,19,true)
(97,19,true)
(100,19,true)
(102,19,true)
(106,19,true)
(107,19,true)
(117,19,true)
(133,19,true)
(135,19,true)
(136,19,true)
(137,19,true)
(141,19,true)
(147,19,true)
(148,19,true)
(153,19,true)
(156,19,true)
(158,19,true)
(159,19,true)
(162,19,true)
(166,19,true)
(170,19,true)
(171,19,true)
(173,19,true)
(180,19,true)
(182,19,true)
(188,19,true)
(191,19,true)
(197,19,true)
(198,19,true)
(204,19,true)
(205,19,true)
(209,19,true)
(210,19,true)
(222,19,true)
(227,19,true)
(230,19,false)
(231,19,true)
(232,19,true)
(243,19,true)
(245,19,true)
(246,19,true)
(247,19,true)
(253,19,true)
(258,19,true)
(261,19,true)
(262,19,true)
(268,19,true)
(272,19,true)
(275,19,true)
(278,19,true)
(280,19,false)
(285,19,true)
(290,19,true)
(291,19,true)
(295,19,true)
(296,19,false)
(298,19,true)
(4,20,false)
(5,20,false)
(6,20,false)
(7,20,false)
(8,20,false)
(11,20,false)
(15,20,false)
(19,20,false)
(20,20,false)
(22,20,false)
(25,20,false)
(28,20,false)
(36,20,true)
(38,20,false)
(41,20,false)
(42,20,false)
(43,20,true)
(44,20,false)
(48,20,false)
(50,20,false)
(51,20,false)
(53,20,false)
(57,20,false)
(60,20,false)
(61,20,false)
(66,20,false)
(67,20,false)
(72,20,false)
(80,20,false)
(82,20,true)
(85,20,false)
(88,20,true)
(90,20,true)
(91,20,true)
(92,20,true)
(96,20,true)
(99,20,true)
(101,20,true)
(102,20,true)
(106,20,true)
(110,20,true)
(113,20,true)
(122,20,true)
(123,20,true)
(124,20,true)
(125,20,true)
(127,20,true)
(129,20,true)
(130,20,true)
(131,20,true)
(135,20,true)
(136,20,true)
(137,20,true)
(138,20,true)
(143,20,true)
(144,20,true)
(151,20,true)
(154,20,true)
(155,20,true)
(158,20,true)
(163,20,true)
(166,20,true)
(167,20,true)
(176,20,true)
(177,20,true)
(178,20,true)
(183,20,true)
(185,20,true)
(187,20,true)
(188,20,true)
(190,20,true)
(191,20,true)
(192,20,true)
(194,20,true)
(195,20,true)
(196,20,true)
(198,20,true)
(199,20,true)
(203,20,true)
(206,20,true)
(221,20,true)
(223,20,true)
(226,20,true)
(231,20,true)
(233,20,true)
(234,20,true)
(240,20,true)
(245,20,true)
(246,20,true)
(247,20,false)
(248,20,true)
(251,20,true)
(254,20,true)
(255,20,true)
(258,20,true)
(260,20,true)
(262,20,true)
(264,20,true)
(270,20,true)
(285,20,true)
(286,20,true)
(287,20,true)
(290,20,true)
(291,20,true)
(6,21,false)
(8,21,true)
(13,21,false)
(17,21,false)
(19,21,false)
(22,21,false)
(24,21,false)
(30,21,false)
(31,21,false)
(37,21,false)
(45,21,false)
(51,21,false)
(54,21,false)
(57,21,false)
(62,21,false)
(63,21,false)
(64,21,false)
(69,21,false)
(72,21,false)
(74,21,false)
(76,21,false)
(80,21,true)
(82,21,true)
(88,21,true)
(94,21,true)
(98,21,true)
(102,21,true)
(106,21,true)
(111,21,true)
(114,21,false)
(115,21,true)
(117,21,true)
(119,21,true)
(122,21,true)
(124,21,true)
(125,21,true)
(127,21,true)
(132,21,true)
(140,21,true)
(143,21,true)
(144,21,true)
(149,21,true)
(156,21,true)
(162,21,true)
(164,21,true)
(170,21,true)
(176,21,true)
(178,21,true)
(179,21,true)
(180,21,true)
(182,21,true)
(185,21,true)
(186,21,true)
(189,21,true)
(191,21,true)
(193,21,true)
(198,21,true)
(200,21,true)
(205,21,true)
(208,21,true)
(209,21,true)
(212,21,true)
(218,21,true)
(219,21,true)
(224,21,true)
(229,21,true)
(240,21,true)
(241,21,true)
(242,21,true)
(244,21,true)
(246,21,true)
(247,21,true)
(248,21,true)
(259,21,true)
(261,21,false)
(271,21,true)
(273,21,true)
(275,21,true)
(277,21,true)
(280,21,true)
(282,21,true)
(284,21,true)
(287,21,true)
(297,21,true)
(298,21,true)
(1,22,false)
(3,22,false)
(4,22,false)
(7,22,false)
(11,22,false)
(13,22,false)
(22,22,false)
(27,22,false)
(29,22,false)
(34,22,false)
(36,22,false)
(46,22,false)
(50,22,false)
(52,22,false)
(57,22,false)
(60,22,false)
(62,22,false)
(65,22,false)
(68,22,false)
(70,22,false)
(72,22,false)
(75,22,false)
(78,22,false)
(79,22,false)
(80,22,true)
(90,22,true)
(92,22,true)
(93,22,true)
(95,22,true)
(98,22,true)
(109,22,true)
(110,22,false)
(113,22,true)
(114,22,true)
(120,22,true)
(121,22,true)
(123,22,true)
(124,22,true)
(125,22,true)
(126,22,true)
(135,22,false)
(136,22,true)
(142,22,true)
(158,22,true)
(159,22,true)
(163,22,true)
(164,22,true)
(165,22,true)
(180,22,true)
(183,22,true)
(184,22,true)
(188,22,true)
(196,22,true)
(197,22,true)
(203,22,true)
(207,22,true)
(208,22,true)
(215,22,true)
(216,22,false)
(217,22,true)
(218,22,true)
(222,22,true)
(226,22,true)
(228,22,true)
(229,22,true)
(234,22,true)
(239,22,true)
(243,22,true)
(247,22,false)
(248,22,false)
(249,22,true)
(250,22,true)
(251,22,true)
(254,22,true)
(256,22,false)
(258,22,true)
(259,22,true)
(261,22,true)
(262,22,true)
(263,22,true)
(267,22,true)
(269,22,true)
(270,22,false)
(272,22,true)
(284,22,true)
(285,22,true)
(297,22,true)
(298,22,true)
(299,22,true)
(5,23,false)
(11,23,false)
(13,23,false)
(14,23,false)
(20,23,false)
(23,23,false)
(24,23,false)
(25,23,false)
(27,23,false)
(36,23,false)
(37,23,false)
(40,23,false)
(45,23,false)
(49,23,false)
(53,23,false)
(55,23,false)
(57,23,false)
(69,23,false)
(74,23,false)
(76,23,false)
(80,23,true)
(85,23,true)
(87,23,true)
(90,23,true)
(91,23,true)
(93,23,true)
(95,23,true)
(98,23,true)
(101,23,true)
(103,23,true)
(105,23,true)
(106,23,true)
(113,23,true)
(115,23,true)
(116,23,true)
(121,23,true)
(129,23,true)
(130,23,true)
(131,23,true)
(132,23,true)
(133,23,true)
(143,23,true)
(146,23,true)
(149,23,true)
(150,23,true)
(159,23,true)
(164,23,true)
(165,23,true)
(173,23,true)
(174,23,false)
(176,23,true)
(177,23,true)
(179,23,true)
(182,23,true)
(185,23,true)
(187,23,true)
(188,23,true)
(193,23,true)
(195,23,true)
(198,23,true)
(199,23,true)
(201,23,true)
(202,23,true)
(207,23,true)
(209,23,true)
(210,23,true)
(211,23,false)
(213,23,true)
(217,23,true)
(219,23,true)
(223,23,true)
(227,23,true)
(229,23,true)
(230,23,true)
(233,23,true)
(238,23,true)
(239,23,true)
(240,23,false)
(241,23,true)
(249,23,true)
(255,23,true)
(259,23,true)
(264,23,true)
(267,23,true)
(270,23,true)
(273,23,true)
(274,23,true)
(277,23,true)
(279,23,true)
(280,23,true)
(282,23,true)
(297,23,true)
(7,24,false)
(15,24,false)
(21,24,false)
(34,24,true)
(42,24,false)
(43,24,false)
(44,24,false)
(47,24,false)
(51,24,false)
(52,24,false)
(55,24,false)
(56,24,false)
(64,24,true)
(66,24,false)
(69,24,false)
(83,24,true)
(84,24,true)
(85,24,true)
(86,24,true)
(88,24,true)
(92,24,true)
(99,24,true)
(101,24,true)
(102,24,true)
(105,24,true)
(108,24,true)
(111,24,true)
(113,24,true)
(121,24,true)
(122,24,true)
(127,24,true)
(129,24,true)
(130,24,false)
(132,24,true)
(141,24,true)
(146,24,true)
(151,24,true)
(152,24,true)
(153,24,true)
(155,24,true)
(161,24,true)
(163,24,true)
(164,24,true)
(166,24,false)
(173,24,true)
(174,24,true)
(177,24,true)
(185,24,true)
(186,24,true)
(188,24,true)
(190,24,true)
(192,24,true)
(194,24,true)
(197,24,true)
(200,24,true)
(202,24,false)
(204,24,true)
(207,24,true)
(217,24,true)
(223,24,true)
(227,24,true)
(231,24,true)
(232,24,true)
(234,24,true)
(242,24,true)
(246,24,true)
(254,24,true)
(259,24,true)
(260,24,true)
(268,24,true)
(269,24,true)
(271,24,true)
(275,24,true)
(277,24,true)
(281,24,true)
(282,24,true)
(283,24,true)
(288,24,true)
(290,24,true)
(299,24,true)
(0,25,false)
(3,25,false)
(4,25,false)
(9,25,false)
(10,25,false)
(12,25,false)
(14,25,false)
(15,25,false)
(18,25,false)
(27,25,false)
(28,25,false)
(32,25,false)
(42,25,false)
(44,25,false)
(45,25,false)
(48,25,false)
(49,25,false)
(51,25,false)
(52,25,false)
(57,25,false)
(58,25,false)
(63,25,false)
(64,25,false)
(66,25,false)
(68,25,false)
(72,25,false)
(73,25,false)
(78,25,false)
(79,25,false)
(92,25,true)
(95,25,true)
(98,25,true)
(99,25,true)
(104,25,false)
(105,25,true)
(110,25,true)
(114,25,true)
(115,25,true)
(116,25,true)
(117,25,true)
(118,25,true)
(119,25,true)
(121,25,true)
(122,25,true)
(124,25,true)
(129,25,true)
(130,25,true)
(142,25,true)
(143,25,true)
(151,25,true)
(155,25,true)
(158,25,true)
(159,25,true)
(163,25,true)
(165,25,true)
(167,25,true)
(169,25,true)
(173,25,true)
(174,25,true)
(186,25,true)
(198,25,true)
(204,25,true)
(210,25,true)
(216,25,true)
(219,25,true)
(225,25,true)
(228,25,false)
(229,25,true)
(231,25,false)
(239,25,true)
(240,25,true)
(241,25,true)
(246,25,true)
(249,25,true)
(253,25,true)
(254,25,true)
(270,25,true)
(276,25,true)
(278,25,true)
(279,25,true)
(287,25,true)
(291,25,true)
(297,25,true)
(298,25,true)
(299,25,true)
(2,26,false)
(6,26,true)
(11,26,false)
(14,26,false)
(18,26,false)
(19,26,false)
(24,26,false)
(29,26,false)
(35,26,false)
(39,26,false)
(44,26,false)
(47,26,false)
(48,26,false)
(50,26,false)
(56,26,false)
(57,26,false)
(59,26,false)
(62,26,false)
(63,26,false)
(65,26,false)
(70,26,false)
(71,26,false)
(72,26,false)
(80,26,true)
(85,26,true)
(86,26,true)
(89,26,true)
(94,26,true)
(95,26,true)
(100,26,true)
(104,26,true)
(108,26,true)
(118,26,true)
(120,26,true)
(122,26,true)
(128,26,false)
(136,26,true)
(137,26,true)
(138,26,true)
(142,26,true)
(146,26,true)
(147,26,true)
(161,26,true)
(171,26,true)
(182,26,true)
(185,26,true)
(186,26,true)
(189,26,false)
(190,26,true)
(191,26,true)
(192,26,true)
(194,26,true)
(198,26,true)
(200,26,true)
(201,26,false)
(207,26,true)
(216,26,true)
(221,26,true)
(229,26,true)
(231,26,true)
(232,26,true)
(241,26,true)
(243,26,true)
(250,26,true)
(255,26,true)
(263,26,true)
(264,26,true)
(265,26,true)
(267,26,true)
(269,26,true)
(270,26,true)
(271,26,true)
(277,26,true)
(279,26,false)
(282,26,true)
(283,26,true)
(284,26,true)
(286,26,true)
(288,26,true)
(294,26,true)
(295,26,true)
(297,26,true)
(298,26,true)
(299,26,false)
(2,27,true)
(3,27,false)
(4,27,false)
(9,27,false)
(16,27,false)
(18,27,false)
(21,27,false)
(24,27,false)
(26,27,false)
(33,27,false)
(35,27,false)
(37,27,false)
(41,27,false)
(43,27,false)
(47,27,false)
(48,27,false)
(49,27,false)
(50,27,false)
(51,27,false)
(52,27,false)
(56,27,false)
(57,27,false)
(58,27,false)
(61,27,false)
(66,27,false)
(70,27,false)
(76,27,false)
(78,27,false)
(83,27,true)
(84,27,true)
(87,27,true)
(91,27,true)
(95,27,true)
(97,27,true)
(103,27,true)
(110,27,true)
(114,27,true)
(115,27,true)
(116,27,true)
(118,27,true)
(121,27,true)
(132,27,true)
(144,27,true)
(145,27,true)
(146,27,true)
(148,27,true)
(149,27,true)
(156,27,true)
(158,27,true)
(159,27,true)
(160,27,true)
(163,27,true)
(168,27,true)
(169,27,true)
(170,27,true)
(171,27,true)
(177,27,true)
(178,27,true)
(183,27,true)
(184,27,true)
(186,27,true)
(188,27,true)
(194,27,true)
(196,27,true)
(198,27,true)
(199,27,true)
(202,27,true)
(205,27,true)
(218,27,true)
(219,27,true)
(225,27,true)
(227,27,true)
(229,27,true)
(234,27,true)
(237,27,true)
(240,27,false)
(242,27,false)
(245,27,true)
(254,27,true)
(262,27,true)
(270,27,true)
(280,27,true)
(283,27,true)
(290,27,true)
(292,27,true)
(293,27,true)
(1,28,false)
(5,28,false)
(7,28,false)
(9,28,false)
(11,28,true)
(12,28,false)
(13,28,false)
(17,28,false)
(19,28,false)
(27,28,false)
(36,28,false)
(39,28,false)
(42,28,false)
(47,28,false)
(48,28,false)
(56,28,false)
(57,28,false)
(60,28,false)
(64,28,false)
(66,28,false)
(69,28,false)
(70,28,false)
(72,28,false)
(74,28,false)
(86,28,true)
(87,28,true)
(112,28,true)
(119,28,true)
(124,28,true)
(125,28,true)
(131,28,true)
(132,28,false)
(133,28,true)
(137,28,true)
(140,28,true)
(141,28,true)
(148,28,true)
(149,28,true)
(150,28,true)
(152,28,true)
(154,28,true)
(156,28,true)
(158,28,true)
(164,28,true)
(173,28,true)
(182,28,true)
(184,28,true)
(191,28,true)
(198,28,true)
(200,28,true)
(204,28,true)
(211,28,true)
(215,28,true)
(216,28,true)
(221,28,true)
(223,28,true)
(233,28,true)
(234,28,true)
(236,28,true)
(245,28,false)
(249,28,true)
(252,28,true)
(254,28,true)
(259,28,true)
(273,28,true)
(275,28,true)
(280,28,true)
(284,28,true)
(292,28,true)
(298,28,false)
(1,29,false)
(4,29,false)
(13,29,false)
(21,29,false)
(25,29,false)
(30,29,false)
(33,29,false)
(37,29,false)
(38,29,false)
(45,29,false)
(52,29,false)
(53,29,false)
(58,29,false)
(62,29,false)
(64,29,false)
(74,29,false)
(86,29,true)
(89,29,false)
(97,29,true)
(99,29,true)
(101,29,true)
(110,29,true)
(122,29,true)
(125,29,true)
(129,29,true)
(131,29,true)
(159,29,true)
(161,29,true)
(162,29,true)
(167,29,true)
(183,29,true)
(186,29,true)
(189,29,true)
(192,29,true)
(194,29,true)
(195,29,true)
(197,29,true)
(200,29,true)
(203,29,true)
(212,29,true)
(219,29,true)
(225,29,true)
(232,29,true)
(234,29,false)
(239,29,true)
(242,29,false)
(251,29,true)
(255,29,true)
(262,29,true)
(265,29,true)
(267,29,true)
(268,29,true)
(272,29,true)
(273,29,true)
(281,29,true)
(282,29,true)
(283,29,true)
(284,29,true)
(286,29,true)
(288,29,true)
(289,29,true)
(294,29,true)
(295,29,true)
(1,30,false)
(13,30,false)
(20,30,false)
(25,30,false)
(32,30,false)
(34,30,false)
(35,30,false)
(38,30,false)
(42,30,false)
(43,30,false)
(44,30,false)
(45,30,false)
(47,30,false)
(50,30,true)
(52,30,false)
(53,30,false)
(56,30,false)
(57,30,false)
(59,30,false)
(64,30,false)
(69,30,false)
(71,30,true)
(74,30,false)
(80,30,true)
(87,30,true)
(92,30,true)
(97,30,true)
(100,30,true)
(104,30,true)
(106,30,true)
(108,30,true)
(113,30,true)
(114,30,true)
(115,30,true)
(120,30,true)
(121,30,true)
(122,30,true)
(123,30,true)
(125,30,true)
(128,30,true)
(130,30,true)
(131,30,true)
(135,30,true)
(138,30,true)
(140,30,true)
(142,30,true)
(146,30,true)
(163,30,true)
(166,30,true)
(172,30,true)
(175,30,true)
(178,30,true)
(179,30,true)
(182,30,true)
(183,30,true)
(188,30,true)
(191,30,true)
(194,30,true)
(198,30,true)
(199,30,true)
(200,30,true)
(202,30,true)
(203,30,true)
(204,30,true)
(208,30,true)
(209,30,true)
(218,30,true)
(222,30,true)
(225,30,true)
(226,30,true)
(228,30,true)
(231,30,true)
(235,30,true)
(237,30,true)
(246,30,true)
(253,30,false)
(266,30,true)
(270,30,true)
(279,30,true)
(281,30,true)
(283,30,true)
(287,30,true)
(295,30,true)
(298,30,true)
(0,31,false)
(2,31,false)
(7,31,false)
(9,31,false)
(12,31,false)
(13,31,false)
(20,31,false)
(28,31,false)
(31,31,false)
(39,31,false)
(45,31,false)
(61,31,false)
(68,31,false)
(69,31,false)
(86,31,true)
(88,31,true)
(103,31,true)
(109,31,true)
(113,31,true)
(116,31,true)
(120,31,true)
(124,31,true)
(128,31,true)
(129,31,true)
(135,31,true)
(144,31,true)
(147,31,true)
(148,31,true)
(154,31,true)
(157,31,true)
(158,31,true)
(161,31,true)
(166,31,true)
(167,31,true)
(169,31,true)
(170,31,true)
(173,31,true)
(181,31,true)
(184,31,true)
(195,31,true)
(196,31,true)
(200,31,true)
(201,31,true)
(202,31,true)
(206,31,true)
(207,31,true)
(210,31,true)
(212,31,true)
(213,31,true)
(218,31,true)
(219,31,true)
(221,31,false)
(223,31,true)
(225,31,true)
(226,31,true)
(233,31,true)
(235,31,false)
(239,31,true)
(244,31,false)
(248,31,true)
(250,31,false)
(254,31,true)
(257,31,true)
(258,31,true)
(261,31,true)
(262,31,true)
(265,31,true)
(266,31,true)
(269,31,true)
(280,31,false)
(282,31,true)
(283,31,true)
(285,31,true)
(289,31,true)
(291,31,true)
(5,32,false)
(6,32,false)
(7,32,false)
(10,32,false)
(12,32,false)
(15,32,false)
(19,32,false)
(21,32,false)
(23,32,false)
(33,32,false)
(41,32,false)
(42,32,false)
(47,32,true)
(48,32,false)
(50,32,false)
(52,32,false)
(57,32,false)
(63,32,false)
(64,32,false)
(81,32,true)
(82,32,true)
(83,32,true)
(84,32,true)
(87,32,true)
(88,32,true)
(92,32,true)
(102,32,true)
(108,32,true)
(111,32,true)
(116,32,true)
(119,32,true)
(120,32,true)
(126,32,true)
(136,32,true)
(141,32,true)
(144,32,true)
(145,32,true)
(148,32,true)
(150,32,true)
(154,32,true)
(168,32,true)
(169,32,true)
(180,32,false)
(181,32,true)
(185,32,false)
(188,32,true)
(191,32,true)
(193,32,true)
(198,32,true)
(200,32,true)
(205,32,true)
(213,32,true)
(214,32,true)
(215,32,true)
(217,32,true)
(219,32,true)
(220,32,true)
(228,32,true)
(233,32,true)
(242,32,true)
(254,32,true)
(258,32,true)
(263,32,true)
(266,32,true)
(269,32,true)
(276,32,true)
(277,32,true)
(280,32,true)
(286,32,true)
(288,32,true)
(289,32,true)
(290,32,true)
(291,32,true)
(294,32,true)
(295,32,true)
(297,32,true)
(1,33,true)
(15,33,false)
(18,33,false)
(21,33,false)
(22,33,false)
(26,33,false)
(28,33,false)
(33,33,false)
(35,33,false)
(37,33,false)
(39,33,false)
(40,33,false)
(41,33,false)
(49,33,false)
(50,33,false)
(51,33,false)
(59,33,false)
(69,33,false)
(70,33,false)
(78,33,false)
(80,33,true)
(82,33,true)
(91,33,true)
(93,33,true)
(95,33,true)
(96,33,true)
(103,33,true)
(106,33,true)
(107,33,true)
(111,33,true)
(112,33,true)
(120,33,true)
(121,33,true)
(122,33,true)
(124,33,true)
(128,33,true)
(130,33,false)
(133,33,true)
(137,33,true)
(139,33,true)
(141,33,true)
(142,33,true)
(146,33,true)
(149,33,true)
(152,33,true)
(153,33,true)
(154,33,true)
(159,33,true)
(163,33,true)
(164,33,true)
(169,33,true)
(172,33,true)
(174,33,true)
(177,33,true)
(181,33,true)
(182,33,true)
(183,33,true)
(184,33,true)
(187,33,true)
(189,33,true)
(196,33,true)
(210,33,true)
(211,33,true)
(222,33,true)
(225,33,true)
(227,33,true)
(231,33,true)
(233,33,true)
(234,33,true)
(236,33,true)
(241,33,true)
(242,33,true)
(243,33,true)
(250,33,true)
(252,33,true)
(255,33,true)
(256,33,true)
(261,33,true)
(270,33,true)
(277,33,true)
(278,33,true)
(279,33,true)
(280,33,true)
(282,33,true)
(289,33,true)
(291,33,true)
(4,34,false)
(6,34,false)
(7,34,false)
(22,34,false)
(26,34,false)
(46,34,false)
(48,34,false)
(55,34,false)
(58,34,false)
(59,34,false)
(60,34,false)
(66,34,false)
(70,34,false)
(76,34,false)
(81,34,false)
(84,34,true)
(85,34,true)
(87,34,true)
(88,34,true)
(94,34,true)
(97,34,true)
(105,34,true)
(108,34,true)
(114,34,true)
(116,34,true)
(120,34,true)
(134,34,true)
(149,34,true)
(150,34,true)
(157,34,true)
(159,34,true)
(160,34,true)
(163,34,true)
(166,34,true)
(173,34,true)
(177,34,true)
(184,34,false)
(190,34,true)
(196,34,true)
(202,34,true)
(205,34,true)
(208,34,true)
(212,34,true)
(214,34,true)
(216,34,true)
(223,34,true)
(226,34,true)
(231,34,true)
(234,34,true)
(239,34,true)
(244,34,true)
(251,34,true)
(252,34,false)
(258,34,true)
(259,34,true)
(267,34,true)
(281,34,true)
(286,34,true)
(289,34,true)
(290,34,true)
(296,34,true)
(1,35,false)
(6,35,false)
(15,35,false)
(16,35,false)
(18,35,false)
(23,35,false)
(24,35,false)
(27,35,false)
(28,35,false)
(33,35,false)
(38,35,false)
(40,35,false)
(41,35,false)
(45,35,false)
(48,35,false)
(54,35,false)
(57,35,false)
(60,35,false)
(70,35,false)
(71,35,false)
(72,35,false)
(79,35,false)
(85,35,true)
(89,35,true)
(92,35,true)
(96,35,true)
(98,35,true)
(110,35,true)
(112,35,true)
(115,35,true)
(116,35,true)
(117,35,true)
(120,35,true)
(122,35,true)
(132,35,true)
(140,35,true)
(143,35,true)
(153,35,true)
(155,35,true)
(156,35,true)
(157,35,true)
(165,35,true)
(173,35,true)
(177,35,true)
(179,35,true)
(180,35,true)
(182,35,true)
(183,35,true)
(186,35,true)
(187,35,true)
(188,35,true)
(191,35,true)
(200,35,true)
(208,35,true)
(209,35,true)
(216,35,true)
(219,35,true)
(222,35,true)
(223,35,true)
(227,35,true)
(228,35,true)
(229,35,true)
(230,35,true)
(242,35,true)
(244,35,true)
(245,35,true)
(246,35,true)
(254,35,true)
(260,35,true)
(269,35,true)
(274,35,true)
(282,35,true)
(283,35,true)
(284,35,true)
(293,35,true)
(294,35,true)
(295,35,true)
(7,36,false)
(14,36,false)
(22,36,false)
(23,36,false)
(27,36,false)
(34,36,false)
(43,36,false)
(47,36,false)
(53,36,false)
(60,36,false)
(63,36,false)
(70,36,false)
(75,36,false)
(76,36,false)
(81,36,true)
(82,36,true)
(90,36,true)
(97,36,true)
(99,36,true)
(102,36,true)
(103,36,true)
(105,36,true)
(106,36,true)
(113,36,false)
(114,36,true)
(128,36,true)
(132,36,true)
(135,36,true)
(138,36,false)
(140,36,true)
(159,36,true)
(164,36,true)
(165,36,true)
(171,36,true)
(172,36,true)
(180,36,true)
(184,36,true)
(186,36,true)
(189,36,true)
(194,36,true)
(197,36,true)
(199,36,true)
(201,36,true)
(204,36,true)
(205,36,true)
(206,36,true)
(214,36,true)
(215,36,true)
(221,36,true)
(223,36,true)
(224,36,true)
(225,36,true)
(228,36,true)
(229,36,true)
(245,36,true)
(246,36,true)
(248,36,true)
(250,36,false)
(253,36,true)
(258,36,true)
(265,36,true)
(267,36,true)
(269,36,true)
(272,36,true)
(273,36,true)
(274,36,true)
(282,36,true)
(283,36,true)
(286,36,true)
(290,36,true)
(291,36,true)
(292,36,true)
(297,36,true)
(5,37,false)
(18,37,false)
(21,37,false)
(28,37,false)
(33,37,false)
(37,37,false)
(39,37,true)
(42,37,false)
(44,37,false)
(61,37,true)
(62,37,false)
(63,37,false)
(64,37,false)
(74,37,false)
(90,37,true)
(100,37,true)
(101,37,true)
(105,37,true)
(106,37,true)
(108,37,true)
(109,37,true)
(112,37,true)
(115,37,true)
(116,37,true)
(121,37,true)
(122,37,true)
(125,37,true)
(132,37,true)
(134,37,true)
(135,37,true)
(136,37,true)
(139,37,true)
(140,37,true)
(141,37,true)
(142,37,true)
(149,37,true)
(151,37,true)
(154,37,true)
(157,37,true)
(166,37,true)
(169,37,true)
(170,37,true)
(171,37,true)
(173,37,true)
(179,37,true)
(185,37,true)
(186,37,true)
(188,37,true)
(191,37,true)
(195,37,true)
(197,37,true)
(205,37,true)
(207,37,false)
(210,37,false)
(213,37,true)
(214,37,true)
(217,37,true)
(224,37,true)
(230,37,true)
(233,37,true)
(242,37,true)
(248,37,true)
(251,37,true)
(253,37,false)
(257,37,true)
(268,37,true)
(271,37,false)
(279,37,true)
(280,37,false)
(283,37,true)
(284,37,true)
(288,37,true)
(298,37,true)
(7,38,false)
(10,38,false)
(11,38,false)
(16,38,false)
(17,38,false)
(19,38,false)
(20,38,false)
(21,38,false)
(29,38,false)
(33,38,false)
(37,38,false)
(41,38,false)
(44,38,false)
(48,38,false)
(49,38,false)
(51,38,false)
(55,38,false)
(59,38,false)
(61,38,false)
(62,38,false)
(68,38,false)
(69,38,false)
(74,38,false)
(76,38,false)
(77,38,false)
(79,38,false)
(82,38,true)
(83,38,true)
(90,38,true)
(92,38,true)
(96,38,true)
(105,38,true)
(110,38,true)
(113,38,true)
(119,38,true)
(122,38,true)
(125,38,true)
(129,38,true)
(130,38,true)
(133,38,true)
(138,38,true)
(147,38,true)
(148,38,true)
(150,38,true)
(159,38,true)
(163,38,true)
(167,38,true)
(168,38,true)
(174,38,true)
(175,38,true)
(177,38,true)
(178,38,true)
(179,38,true)
(186,38,true)
(196,38,true)
(197,38,true)
(199,38,true)
(201,38,true)
(205,38,true)
(206,38,true)
(207,38,true)
(208,38,true)
(215,38,true)
(217,38,true)
(219,38,true)
(223,38,true)
(226,38,true)
(233,38,true)
(235,38,true)
(237,38,true)
(238,38,true)
(245,38,true)
(248,38,true)
(257,38,true)
(259,38,true)
(260,38,true)
(263,38,false)
(266,38,true)
(273,38,true)
(277,38,true)
(282,38,true)
(285,38,true)
(287,38,true)
(292,38,true)
(293,38,true)
(295,38,true)
(296,38,true)
(0,39,false)
(2,39,false)
(5,39,false)
(11,39,false)
(12,39,false)
(15,39,false)
(19,39,false)
(20,39,false)
(22,39,false)
(29,39,false)
(31,39,false)
(39,39,false)
(40,39,false)
(52,39,false)
(53,39,false)
(60,39,false)
(62,39,false)
(64,39,false)
(65,39,false)
(68,39,false)
(76,39,false)
(82,39,true)
(87,39,true)
(91,39,true)
(111,39,true)
(112,39,true)
(113,39,true)
(117,39,true)
(121,39,true)
(122,39,true)
(128,39,true)
(129,39,true)
(131,39,false)
(137,39,true)
(138,39,true)
(139,39,true)
(147,39,true)
(150,39,true)
(153,39,true)
(155,39,true)
(159,39,true)
(161,39,true)
(163,39,true)
(170,39,true)
(171,39,true)
(172,39,true)
(179,39,true)
(180,39,true)
(181,39,true)
(186,39,true)
(187,39,true)
(190,39,true)
(192,39,true)
(194,39,true)
(212,39,true)
(214,39,true)
(216,39,true)
(220,39,true)
(221,39,true)
(232,39,true)
(235,39,true)
(236,39,true)
(244,39,true)
(245,39,true)
(250,39,true)
(258,39,true)
(259,39,true)
(264,39,true)
(265,39,true)
(266,39,true)
(277,39,false)
(282,39,true)
(285,39,true)
(287,39,true)
(291,39,true)
(293,39,true)
(299,39,false)
(0,40,false)
(1,40,false)
(8,40,false)
(18,40,false)
(23,40,false)
(31,40,false)
(40,40,false)
(45,40,false)
(48,40,false)
(51,40,false)
(60,40,false)
(67,40,false)
(72,40,false)
(77,40,false)
(89,40,true)
(90,40,true)
(92,40,true)
(103,40,true)
(108,40,true)
(113,40,true)
(121,40,true)
(138,40,true)
(147,40,true)
(150,40,true)
(160,40,true)
(164,40,true)
(165,40,true)
(170,40,true)
(174,40,true)
(179,40,true)
(181,40,true)
(182,40,true)
(195,40,true)
(209,40,true)
(213,40,true)
(220,40,true)
(225,40,true)
(228,40,true)
(239,40,true)
(246,40,true)
(250,40,true)
(252,40,true)
(257,40,true)
(270,40,true)
(275,40,true)
(276,40,true)
(281,40,true)
(282,40,true)
(284,40,true)
(286,40,true)
(289,40,true)
(290,40,true)
(297,40,true)
(299,40,true)

(92,19)
(232,12)
(165,37)
(109,38)
(100,27)
(193,25)
(1,19)
(204,10)
(246,4)
(3,13)
(112,21)
(131,38)
(199,19)
(187,5)
(277,11)
(124,40)
(165,39)
(28,24)
(69,26)
(295,8)
(204,32)
(92,18)
(78,5)
(212,0)
(50,7)
(246,3)
(238,22)
(35,37)
(299,13)
(286,15)
(48,7)
(173,29)
(144,22)
(58,4)
(57,10)
(159,7)
(187,9)
(288,12)
(103,18)
(121,4)
(169,35)
(125,15)
(200,3)
(251,24)
(264,3)
(234,8)
(62,33)
(78,23)
(143,7)
(61,12)
(44,17)
(39,40)
(137,34)
(54,26)
(115,13)
(25,2)
(172,0)
(1,27)
(91,18)
(8,15)
(68,37)
(107,26)
(18,7)
(285,36)
(184,21)
(126,14)
(208,31)
(297,18)
(235,32)
(173,5)
(54,18)
(53,4)
(165,18)
(205,1)
(98,39)
(127,18)
(225,18)
(75,33)
(23,2)
(88,37)
(200,20)
(43,16)
(71,7)
(284,11)
(44,31)
(153,32)
(5,31)
(289,27)
(3,20)
(58,18)
(174,21)
(269,4)
(98,1)
(267,16)
(255,5)
(35,31)
(45,26)
(274,0)
(181,2)
(92,36)
(41,22)
(220,18)
(158,21)
(49,12)
(60,9)
(153,27)
(68,21)
(228,37)
(259,8)
(183,15)
(117,18)
(12,33)
(244,20)
(16,19)
(177,16)
(102,35)
(281,9)
(257,27)
(256,27)
(81,39)
(139,12)
(104,5)
(253,38)
(35,40)
(254,19)
(79,26)
(114,38)
(89,3)
(29,33)
(266,25)
(20,16)
(139,3)
(103,14)
(277,34)
(40,22)
(70,24)
(153,12)
(199,0)
(21,21)
(105,28)
(105,35)
(76,12)
(96,13)
(260,37)
(54,30)
(40,38)
(187,1)
(126,37)
(23,34)
(219,30)
(161,27)
(242,19)
(100,25)
(19,24)
(247,5)
(95,35)
(81,9)
(272,37)
(298,29)
(169,20)
(154,21)
(189,20)
(173,20)
(220,7)
(131,24)
(137,11)
(155,31)
(36,36)
(295,37)
(222,24)
(19,37)
(175,13)
(17,4)
(82,11)
(111,2)
(212,32)
(154,27)
(249,14)
(11,19)
(192,32)
(15,3)
(168,18)
(108,36)
(89,37)
(60,27)
(274,16)
(202,0)
(122,27)
(63,28)
(278,28)
(145,0)
(243,35)
(64,31)
(13,6)
(217,0)
(226,33)
(70,4)
(149,31)
(147,36)
(282,34)
(61,5)
(134,32)
(104,32)
(270,7)
(130,12)
(296,5)
(108,25)
(147,1)
(0,28)
(172,6)
(155,5)
(122,28)
(150,24)
(184,12)
(199,25)
(192,25)
(264,37)
(133,9)
(173,4)
(198,33)
(155,36)
(112,11)
(276,2)
(145,12)
(200,2)
(224,23)
(236,20)
(21,5)
(8,16)
(54,9)
(87,36)
(121,34)
(160,5)
(210,22)
(212,11)
(3,3)
(146,21)
(111,16)
(169,15)
(121,38)
(224,10)
(243,15)
(151,21)
(8,35)
(94,2)
(233,14)
(108,15)
(10,5)
(153,11)
(97,40)
(53,5)
(172,29)
(110,8)
(75,2)
(244,26)
(264,33)
(56,8)
(115,40)
(64,20)
(212,7)
(93,11)
(55,30)
(126,5)
(134,11)
(202,15)
(179,4)
(275,8)
(102,0)
(106,28)
(188,10)
(17,25)
(36,27)
(13,36)
(65,40)
(60,25)
(187,28)
(211,3)
(173,32)
(230,28)
(167,1)
(205,14)
(46,16)
(27,1)
(148,22)
(160,7)
(276,31)
(104,28)
(51,22)
(81,35)
(69,14)
(278,10)
(0,20)
(49,20)
(32,40)
(203,19)
(251,32)
(259,30)
(62,2)
(108,13)
(84,12)
(134,35)
(247,37)
(48,33)
(299,8)
(27,34)
(85,29)
(185,27)
(147,11)
(137,24)
(76,16)
(116,38)
(263,3)
(46,14)
(195,24)
(182,18)
(162,6)
(211,37)
(209,2)
(235,22)
(90,4)
(145,21)
(119,27)
(288,16)
(281,22)
(216,16)
(80,24)
(243,37)
(73,16)
(195,38)
(59,39)
(11,6)
(110,24)
(90,12)
(196,28)
(140,23)
(138,9)
(237,31)
(209,6)
(20,26)
(220,21)
(160,24)
(202,12)
(195,34)
(140,40)
(98,19)
(152,8)
(12,40)
(199,7)
(11,10)
(149,8)
(60,16)
(279,6)
(95,16)
(106,9)
(32,26)
(257,15)
(135,1)
(289,10)
(57,1)
(60,33)
(180,29)
(249,32)
(75,3)
(292,9)
(86,39)
(230,4)
(191,25)
(10,14)
(110,11)
(61,4)
(79,19)
(101,13)
(170,10)
(33,8)
(154,23)
(259,31)
(187,26)
(141,5)
(36,21)
(123,35)
(56,23)
(24,25)
(143,4)
(14,5)
(178,25)
(213,25)
(27,4)
(103,34)
(144,17)
(8,38)
(259,29)
(95,12)
(58,3)
(135,40)
(67,9)
(11,15)
(223,1)
(54,28)
(279,11)
(143,9)
(94,5)
(181,1)
(157,3)
(118,1)
(209,20)
(220,3)
(173,39)
(231,12)
(74,17)
(208,13)
(72,24)
(298,32)
(28,16)
(148,21)
(43,29)
(102,14)
(82,0)
(290,12)
(19,22)
(21,17)
(3,36)
(250,17)
(9,29)
(115,9)
(160,39)
(163,14)
(168,23)
(230,12)
(30,3)
(241,22)
(146,18)
(103,38)
(173,22)
(289,1)
(97,23)
(118,13)
(83,4)
(79,33)
(232,15)
(184,6)
(277,28)
(76,7)
(161,7)
(34,13)
(277,29)
(35,38)
(214,11)
(161,20)
(299,21)
(12,4)
(182,17)
(119,5)
(144,24)
(222,14)
(101,4)
(165,6)
(179,3)
(89,38)
(284,20)
(289,19)
(115,39)
(283,1)
(158,35)
(31,6)
(87,24)
(31,19)
(240,38)
(148,14)
(97,6)
(30,36)
(83,39)
(30,20)
(151,14)
(282,10)
(218,19)
(239,20)
(14,34)
(218,7)
(148,26)
(281,20)
(165,10)
(95,20)
(248,35)
(41,39)
(171,18)
(106,29)
(217,27)
(115,4)
(287,8)
(169,22)
(158,18)
(299,5)
(261,38)
(170,11)
(66,33)
(65,25)
(279,9)
(31,32)
(55,2)
(190,40)
(105,40)
(65,4)
(37,35)
(259,2)
(109,36)
(263,39)
(59,11)
(279,12)
(271,29)
(119,1)
(148,1)
(132,12)
(70,31)
(50,8)
(270,19)
(109,34)
(190,11)
(49,8)
(20,33)
(27,7)
(220,35)
(252,15)
(114,26)
(223,26)
(141,9)
(11,11)
(55,9)
(134,33)
(47,20)
(65,18)
(176,6)
(217,8)
(218,24)
(30,11)
(265,8)
(28,40)
(208,3)
(184,17)
(96,39)
(25,12)
(242,0)
(37,22)
(74,14)
(52,35)
(285,8)
(236,23)
(214,7)
(244,15)
(23,21)
(95,37)
(205,7)
(95,4)
(167,10)
(52,11)
(112,24)
(279,29)
(162,30)
(123,2)
(105,7)
(166,8)
(84,9)
(73,38)
(136,21)
(240,33)
(254,33)
(224,19)
(247,23)
(261,17)
(222,2)
(51,31)
(250,6)
(107,30)
(264,28)
(56,7)
(284,18)
(50,15)
(66,11)
(136,33)
(77,10)
(145,26)
(28,28)
(294,17)
(119,13)
(12,20)
(250,20)
(270,37)
(74,13)
(108,1)
(31,26)
(195,9)
(232,1)
(154,38)
(188,14)
(217,11)
(247,8)
(106,32)
(29,7)
(28,18)
(299,23)
(128,37)
(259,9)
(167,39)
(156,10)
(54,27)
(109,16)
(246,11)
(143,37)
(112,27)
(253,13)
(137,5)
(85,1)
(181,30)
(119,10)
(223,7)
(135,0)
(268,3)
(280,17)
(170,0)
(3,37)
(221,1)
(188,21)
(243,34)
(212,35)
(170,1)
(21,39)
(32,2)
(219,24)
(286,14)
(184,37)
(164,0)
(154,29)
(70,11)
(66,26)
(206,25)
(123,33)
(274,33)
(107,20)
(211,30)
(290,37)
(254,34)
(235,8)
(94,3)
(16,22)
(191,15)
(172,26)
(254,18)
(244,14)
(144,30)
(113,32)
(21,6)
(227,34)
(115,38)
(75,5)
(30,26)
(197,18)
(200,6)
(164,38)
(187,27)
(126,11)
(186,19)
(6,4)
(190,17)
(186,18)
(281,36)
(252,26)
(271,38)
(296,31)
(40,10)
(63,33)
(253,9)
(27,14)
(231,16)
(192,16)
(110,10)
(127,32)
(261,3)
(165,28)
(215,13)
(79,28)
(165,13)
(113,17)
(196,4)
(265,2)
(202,19)
(124,16)
(62,27)
(56,19)
(0,24)
(294,36)
(177,25)
(33,36)
(206,11)
(107,9)
(97,9)
(235,11)
(287,2)
(8,23)
(115,36)
(97,10)
(240,13)
(280,14)
(115,20)
(23,11)
(198,4)
(63,5)
(92,39)
(272,10)
(147,30)
(202,6)
(184,15)
(109,32)
(67,36)
(57,12)
(56,10)
(137,36)
(31,1)
(37,39)
(70,10)
(71,28)
(204,26)
(26,7)
(152,2)
(283,39)
(250,28)
(290,15)
(31,23)
(53,35)
(186,0)
(199,29)
(139,8)
(283,34)
(264,38)
(249,34)
(288,2)
(16,10)
(117,4)
(29,9)
(248,14)
(130,19)
(62,3)
(116,29)
(122,2)
(198,1)
(208,37)
(4,26)
(161,12)
(147,29)
(235,18)
(106,10)
(16,34)
(297,39)
(76,6)
(243,5)
(24,31)
(3,31)
(98,37)
(299,11)
(193,12)
(288,28)
(104,15)
(297,0)
(151,28)
(249,4)
(60,23)
(37,32)
(54,11)
(194,35)
(191,7)
(231,4)
(162,5)
(150,7)
(42,29)
(39,6)
(51,14)
(209,39)
(52,6)
(179,25)
(174,4)
(117,12)
(21,25)
(252,30)
(76,29)
(262,28)
(191,34)
(18,4)
(148,13)
(267,2)
(106,24)
(2,3)
(212,14)
(210,3)
(131,8)
(176,25)
(69,40)
(147,2)
(200,27)
(113,25)
(124,30)
(280,2)
(288,11)
(132,29)
(56,17)
(0,29)
(295,24)
(193,24)
(205,24)
(118,29)
(132,11)
(154,34)
(182,20)
(89,10)
(220,25)
(161,10)
(71,10)
(237,16)
(43,6)
(243,0)
(283,10)
(190,36)
(30,18)
(293,2)
(252,0)
(285,32)
(54,3)
(192,17)
(142,9)
(245,14)
(275,6)
(299,27)
(166,23)
(247,13)
(2,11)
(127,34)
(244,27)
(12,5)
(234,31)
(206,26)
(60,38)
(45,36)
(144,1)
(279,22)
(92,4)
(280,30)
(5,36)
(197,32)
(96,3)
(89,16)
(44,29)
(18,17)
(168,10)
(90,33)
(87,40)
(85,9)
(294,4)
(139,11)
(286,9)
(87,4)
(290,1)
(267,32)
(81,21)
(160,20)
(132,10)
(215,26)
(109,10)
(16,2)
(217,19)
(64,27)
(165,3)
(27,13)
(179,8)
(266,15)
(147,8)
(193,19)
(111,36)
(168,14)
(179,31)
(113,33)
(84,38)
(128,11)
(245,21)
(239,8)
(166,16)
(33,15)
(199,31)
(206,6)
(161,25)
(62,24)
(289,38)
(126,23)
(10,29)
(119,14)
(126,8)
(176,27)
(50,39)
(277,25)
(145,34)
(171,9)
(286,35)
(256,9)
(201,18)
(120,40)
(97,37)
(117,40)
(184,24)
(214,35)
(197,15)
(38,0)
(289,26)
(199,40)
(13,27)
(228,27)
(204,15)
(31,22)
(235,29)
(276,20)
(225,2)
(111,20)
(122,8)
(280,18)
(50,4)
(292,22)
(221,2)
(179,28)
(64,40)
(43,4)
(81,17)
(84,13)
(129,15)
(150,18)
(26,20)
(161,40)
(204,9)
(5,22)
(56,33)
(35,32)
(291,29)
(118,12)
(116,26)
(285,25)
(46,36)
(30,12)
(40,15)
(275,23)
(260,27)
(258,7)
(146,5)
(229,16)
(43,31)
(272,1)
(297,15)
(211,8)
(169,3)
(226,29)
(277,10)
(57,18)
(154,8)
(88,17)
(62,1)
(56,22)
(47,29)
(276,14)
(24,38)
(169,24)
(145,14)
(220,29)
(208,0)
(120,38)
(234,30)
(278,24)
(226,6)
(294,19)
(180,6)
(292,19)
(295,27)
(202,32)
(148,29)
(212,12)
(201,5)
(8,26)
(110,19)
(260,12)
(228,1)
(282,13)
(141,8)
(283,19)
(236,11)
(45,37)
(136,31)
(125,13)
(37,12)
(210,16)
(218,16)
(94,7)
(200,34)
(141,34)
(123,10)
(120,15)
(159,6)
(122,10)
(186,14)
(289,9)
(242,12)
(16,5)
(29,16)
(203,18)
(284,36)
(214,31)
(131,25)
(68,2)
(189,16)
(287,24)
(205,9)
(249,11)
(30,13)
(169,5)
(108,11)
(50,2)
(290,26)
(126,30)
(280,35)
(162,18)
(195,15)
(121,20)
(93,18)
(34,29)
(86,25)
(67,25)
(250,34)
(254,13)
(38,24)
(136,2)
(30,28)
(190,0)
(78,16)
(88,28)
(230,26)
(83,8)
(146,4)
(265,9)
(193,38)
(98,34)
(248,3)
(155,27)
(124,14)
(18,31)
(193,37)
(283,25)
(94,36)
(133,25)
(211,6)
(118,28)
(181,21)
(156,18)
(69,18)
(163,31)
(68,28)
(59,9)
(196,36)
(143,15)
(4,21)
(90,3)
(239,37)
(242,5)
(262,7)
(278,2)
(237,24)
(10,35)
(26,32)
(161,6)
(144,34)
(258,18)
(149,24)
(45,7)
(156,38)
(258,33)
(201,12)
(108,6)
(41,10)
(252,24)
(168,3)
(115,26)
(83,34)
(206,23)
(95,24)
(213,4)
(129,13)
(46,7)
(193,18)
(206,19)
(104,12)
(50,6)
(94,35)
(72,17)
(175,33)
(142,23)
(171,23)
(81,13)
(269,30)
(271,6)
(280,39)
(167,32)
(41,14)
(230,33)
(197,39)
(41,7)
(80,6)
(176,31)
(184,32)
(241,3)
(57,13)
(84,5)
(280,7)
(257,4)
(270,36)
(230,21)
(49,13)
(129,9)
(205,2)
(78,1)
(85,28)
(99,14)
(250,32)
(148,4)
(111,30)
(4,2)
(299,14)
(267,4)
(88,26)
(267,38)
(16,21)
(291,5)
(81,12)
(207,9)
(126,27)
(96,23)
(21,11)
(221,9)
(44,5)
(177,29)
(127,23)
(117,23)
(63,13)
(237,29)
(218,15)
(127,27)
(15,28)
(59,6)
(95,36)
(209,27)
(262,0)
(251,16)
(180,18)
(224,26)
(269,5)
(121,16)
(253,1)
(151,39)
(118,9)
(292,40)
(197,13)
(49,7)
(210,35)
(207,12)
(209,22)
(13,24)
(135,13)
(284,7)
(63,16)
(238,9)
(35,17)
(13,11)
(154,10)
(117,2)
(268,8)
(187,38)
(51,9)
(219,36)
(99,2)
(1,24)
(242,34)
(180,24)
(175,20)
(198,14)
(279,2)
(203,5)
(99,38)
(49,24)
(83,21)
(248,16)
(86,0)
(220,19)
(111,22)
(177,7)
(204,33)
(174,29)
(124,26)
(18,29)
(123,40)
(181,20)
(40,31)
(295,13)
(90,26)
(68,3)
(145,1)
(5,7)
(215,4)
(95,38)
(116,20)
(295,6)
(232,0)
(286,0)
(84,1)
(209,38)
(284,5)
(134,23)
(75,18)
(115,6)
(119,36)
(48,3)
(105,19)
(177,18)
(279,32)
(165,5)
(70,8)
(6,13)
(191,4)
(294,2)
(288,22)
(40,1)
(270,13)
(62,23)
(198,9)
(230,17)
(171,5)
(51,26)
(59,27)
(118,7)
(179,10)
(160,28)
(213,21)
(124,6)
(65,27)
(286,22)
(255,22)
(125,14)
(294,33)
(220,15)
(255,9)
(99,10)
(12,12)
(259,7)
(34,27)
(223,32)
(85,25)
(113,34)
(283,0)
(17,16)
(219,14)
(195,25)
(280,22)
(291,30)
(24,12)
(227,26)
(106,27)
(209,34)
(14,19)
(285,13)
(112,2)
(57,36)
(182,24)
(221,12)
(111,35)
(273,19)
(102,27)
(136,23)
(113,14)
(98,31)
(177,31)
(23,20)
(131,5)
(32,33)
(137,7)
(19,23)
(126,35)
(135,21)
(37,34)
(107,15)
(93,5)
(100,36)
(239,7)
(6,11)
(29,32)
(72,12)
(166,39)
(4,32)
(85,30)
(98,17)
(212,24)
(190,22)
(22,12)
(18,18)
(177,11)
(299,18)
(130,21)
(278,21)
(44,35)
(289,24)
(238,6)
(73,26)
(293,34)
(216,5)
(293,23)
(144,28)
(156,16)
(104,27)
(56,5)
(17,23)
(105,12)
(26,36)
(223,2)
(172,35)
(93,25)
(225,6)
(229,6)
(90,14)
(57,14)
(68,6)
(175,32)
(69,2)
(229,10)
(203,6)
(69,8)
(285,34)
(62,28)
(125,33)
(242,15)
(213,7)
(86,14)
(167,7)
(292,25)
(40,9)
(8,30)
(1,13)
(183,28)
(286,30)
(12,21)
(15,7)
(217,20)
(256,31)
(194,37)
(123,3)
(185,8)
(64,35)
(226,15)
(163,13)
(204,16)
(131,36)
(163,7)
(107,23)
(32,22)
(77,37)
(189,28)
(187,0)
(171,15)
(0,2)
(114,32)
(2,5)
(237,26)
(192,36)
(10,8)
(16,31)
(216,11)
(89,39)
(93,29)
(182,8)
(111,29)
(139,23)
(202,28)
(185,12)
(162,36)
(174,19)
(115,24)
(214,24)
(254,7)
(31,17)
(252,29)
(141,30)
(122,1)
(165,21)
(271,8)
(222,27)
(276,21)
(253,20)
(171,35)
(29,31)
(26,11)
(36,24)
(191,27)
(59,18)
(171,21)
(148,7)
(212,37)
(82,8)
(73,5)
(271,13)
(34,39)
(68,20)
(238,30)
(64,34)
(149,30)
(89,28)
(68,10)
(90,32)
(5,18)
(196,18)
(62,7)
(31,11)
(195,21)
(213,2)
(16,24)
(236,16)
(227,17)
(5,8)
(11,8)
(244,36)
(35,24)
(3,2)
(95,3)
(201,6)
(257,33)
(110,13)
(145,20)
(188,3)
(149,36)
(73,30)
(137,31)
(48,9)
(188,17)
(28,21)
(116,28)
(135,26)
(225,15)
(215,9)
(149,20)
(219,9)
(118,21)
(216,1)
(143,18)
(98,32)
(147,3)
(99,6)
(240,9)
(163,12)
(159,8)
(30,10)
(195,18)
(35,23)
(42,2)
(262,18)
(21,22)
(290,3)
(236,19)
(209,8)
(111,11)
(146,40)
(116,1)
(281,5)
(218,33)
(148,25)
(211,39)
(76,22)
(91,32)
(3,12)
(107,36)
(290,39)
(251,11)
(106,5)
(23,5)
(9,17)
(77,7)
(119,4)
(116,22)
(121,31)
(132,4)
(154,35)
(202,33)
(158,6)
(236,24)
(249,8)
(107,25)
(134,28)
(58,10)
(152,6)
(11,14)
(235,9)
(143,16)
(161,23)
(69,5)
(201,32)
(188,8)
(202,11)
(260,1)
(2,19)
(155,34)
(114,24)
(14,40)
(70,1)
(286,23)
(141,18)
(276,29)
(28,34)
(96,25)
(247,7)
(80,19)
(107,29)
(225,24)
(83,18)
(280,40)
(194,11)
(39,21)
(256,19)
(167,6)
(243,28)
(258,2)
(119,23)
(49,1)
(185,3)
(151,35)
(30,33)
(254,36)
(234,32)
(143,26)
(47,38)
(32,32)
(25,17)
(63,29)
(279,36)
(42,6)
(88,29)
(92,9)
(165,1)
(185,31)
(79,16)
(282,20)
(120,29)
(247,3)
(260,29)
(187,37)
(176,18)
(100,23)
(0,21)
(96,6)
(221,40)
(270,3)
(298,7)
(103,35)
(249,36)
(235,3)
(73,22)
(109,40)
(271,10)
(235,21)
(215,25)
(241,8)
(161,37)
(260,14)
(89,0)
(230,30)
(40,29)
(45,27)
(179,17)
(115,18)
(101,16)
(18,39)
(74,32)
(295,28)
(173,3)
(102,39)
(276,11)
(267,6)
(149,14)
(37,2)
(35,19)
(198,18)
(157,36)
(276,36)
(64,8)
(66,13)
(122,17)
(75,25)
(108,28)
(135,35)
(258,21)
(67,1)
(5,19)
(252,35)
(263,27)
(70,25)
(65,28)
(53,11)
(262,8)
(171,38)
(125,11)
(296,17)
(36,37)
(148,12)
(68,36)
(272,28)
(245,25)
(296,9)
(49,35)
(119,3)
(292,32)
(156,34)
(18,14)
(150,22)
(13,35)
(180,31)
(56,29)
(36,14)
(255,13)
(234,11)
(1,2)
(145,18)
(218,8)
(205,25)
(268,2)
(196,21)
(229,37)
(91,1)
(217,35)
(140,24)
(182,15)
(127,36)
(43,32)
(281,3)
(280,10)
(50,5)
(54,4)
(131,6)
(196,3)
(220,2)
(1,20)
(220,0)
(249,16)
(114,18)
(105,30)
(0,27)
(92,12)
(209,36)
(280,29)
(172,40)
(124,23)
(144,39)
(222,17)
(175,6)
(135,5)
(253,23)
(25,1)
(114,1)
(3,39)
(242,23)
(160,23)
(111,38)
(158,7)
(181,13)
(73,13)
(275,16)
(291,16)
(267,24)
(23,39)
(273,4)
(108,14)
(233,12)
(102,26)
(295,7)
(217,10)
(110,9)
(196,11)
(224,32)
(196,19)
(278,5)
(90,13)
(161,18)
(264,8)
(202,8)
(171,13)
(50,23)
(171,31)
(101,28)
(252,5)
(259,1)
(245,33)
(17,12)
(190,19)
(20,3)
(287,3)
(46,30)
(153,1)
(43,19)
(237,8)
(114,37)
(274,18)
(295,18)
(100,2)
(132,40)
(94,29)
(249,27)
(65,35)
(129,8)
(33,22)
(83,31)
(184,25)
(140,29)
(261,29)
(152,9)
(7,26)
(123,19)
(41,5)
(37,18)
(77,17)
(204,12)
(60,4)
(134,16)
(14,3)
(261,14)
(190,29)
(91,15)
(50,17)
(28,27)
(144,12)
(102,17)
(262,10)
(245,16)
(67,8)
(150,4)
(61,40)
(217,6)
(294,31)
(209,7)
(20,2)
(100,24)
(128,6)
(26,28)
(83,30)
(136,36)
(180,27)
(120,20)
(24,11)
(40,21)
(251,12)
(281,16)
(135,23)
(54,14)
(63,12)
(74,9)
(294,28)
(93,32)
(171,32)
(124,13)
(55,16)
(61,36)
(8,33)
(51,13)
(270,14)
(216,4)
(162,38)
(46,9)
(207,8)
(80,25)
(159,40)
(252,12)
(194,21)
(286,17)
(277,40)
(41,30)
(272,25)
(294,24)
(267,13)
(24,4)
(254,10)
(189,31)
(2,34)
(75,10)
(178,24)
(9,9)
(231,15)
(93,36)
(160,11)
(279,39)
(71,12)
(249,2)
(76,26)
(71,13)
(47,6)
(206,33)
(38,9)
(11,40)
(136,27)
(171,28)
(69,12)
(7,9)
(287,22)
(125,12)
(259,3)
(141,22)
(267,17)
(50,38)
(202,37)
(114,40)
(54,7)
(284,16)
(169,11)
(193,33)
(17,36)
(165,19)
(279,4)
(169,26)
(210,18)
(172,3)
(23,13)
(129,7)
(92,10)
(121,13)
(95,21)
(210,17)
(172,18)
(15,6)
(189,19)
(242,18)
(27,37)
(43,12)
(109,17)
(190,33)
(60,6)
(67,28)
(168,34)
(13,20)
(254,14)
(256,3)
(128,14)
(272,21)
(233,11)
(103,16)
(110,1)
(252,17)
(233,1)
(262,24)
(284,34)
(138,19)
(116,33)
(298,8)
(227,38)
(60,19)
(60,7)
(271,31)
(107,17)
(64,22)
(128,28)
(264,36)
(121,5)
(210,36)
(285,16)
(269,10)
(53,24)
(248,34)
(194,38)
(23,1)
(256,39)
(124,9)
(109,25)
(259,35)
(82,40)
(180,3)
(36,2)
(168,20)
(114,5)
(161,32)
(209,1)
(143,0)
(234,1)
(195,35)
(104,36)
(124,18)
(128,2)
(40,17)
(184,5)
(98,28)
(139,10)
(51,35)
(234,12)
(243,40)
(280,24)
(268,7)
(248,18)
(257,2)
(190,37)
(234,5)
(28,26)
(227,1)
(246,22)
(14,10)
(32,18)
(155,21)
(254,23)
(286,25)
(15,22)
(120,4)
(52,21)
(190,15)
(98,4)
(197,12)
(198,29)
(181,17)
(33,10)
(117,28)
(100,33)
(222,11)
(98,8)
(192,1)
(190,25)
(140,4)
(175,28)
(240,19)
(100,10)
(255,36)
(140,26)
(29,6)
(178,14)
(213,17)
(71,38)
(196,32)
(92,17)
(138,16)
(117,34)
(116,39)
(119,39)
(119,11)
(187,21)
(280,26)
(8,14)
(184,16)
(47,33)
(263,28)
(155,19)
(58,13)
(168,39)
(10,12)
(189,25)
(190,21)
(155,17)
(3,28)
(209,13)
(99,31)
(249,6)
(131,2)
(194,40)
(58,11)
(60,17)
(97,0)
(92,29)
(10,26)
(123,6)
(175,21)
(202,10)
(7,33)
(166,17)
(49,2)
(261,8)
(2,17)
(156,11)
(262,30)
(191,8)
(248,25)
(252,25)
(91,21)
(76,24)
(78,17)
(7,8)
(256,35)
(205,33)
(175,12)
(123,28)
(37,31)
(153,37)
(170,28)
(253,6)
(18,0)
(294,9)
(208,17)
(9,14)
(223,33)
(17,6)
(261,12)
(280,34)
(158,4)
(182,6)
(16,23)
(235,27)
(259,15)
(125,36)
(175,19)
(112,17)
(105,10)
(209,25)
(231,38)
(67,17)
(253,26)
(83,33)
(18,11)
(219,40)
(79,17)
(63,24)
(174,12)
(193,26)
(104,37)
(299,20)
(162,1)
(137,30)
(291,1)
(21,23)
(8,24)
(22,5)
(113,2)
(55,32)
(36,3)
(256,7)
(213,29)
(50,16)
(116,8)
(292,0)
(130,1)
(87,26)
(130,27)
(230,14)
(1,18)
(290,11)
(249,31)
(85,22)
(2,29)
(152,22)
(93,3)
(165,2)
(230,3)
(228,11)
(248,2)
(250,4)
(170,38)
(214,20)
(4,0)
(276,4)
(129,22)
(296,11)
(235,14)
(170,25)
(45,17)
(113,26)
(256,37)
(165,9)
(175,40)
(168,8)
(125,26)
(270,17)
(52,23)
(65,7)
(184,13)
(223,9)
(178,36)
(128,8)
(49,26)
(26,14)
(100,18)
(280,6)
(255,39)
(144,5)
(264,18)
(274,14)
(127,30)
(60,29)
(189,34)
(35,22)
(118,23)
(33,7)
(270,2)
(125,34)
(182,16)
(263,34)
(295,33)
(146,29)
(232,6)
(86,3)
(235,34)
(138,25)
(71,24)
(17,39)
(201,15)
(44,19)
(53,17)
(241,40)
(263,17)
(280,25)
(84,7)
(37,13)
(246,15)
(60,24)
(51,34)
(127,8)
(41,21)
(58,2)
(214,38)
(297,9)
(230,2)
(52,17)
(142,10)
(236,3)
(203,8)
(147,35)
(295,20)
(289,37)
(175,7)
(237,28)
(50,36)
(169,23)
(150,26)
(157,27)
(141,10)
(235,19)
(250,29)
(136,29)
(213,18)
(191,11)
(113,19)
(131,40)
(124,19)
(120,8)
(108,33)
(61,8)
(250,18)
(121,29)
(157,0)
(184,23)
(81,40)
(164,11)
(59,15)
(39,8)
(9,7)
(106,31)
(192,33)
(256,26)
(136,17)
(60,37)
(141,14)
(216,14)
(265,28)
(112,18)
(62,31)
(87,8)
(27,29)
(147,17)
(51,16)
(299,36)
(192,0)
(53,13)
(193,22)
(203,16)
(272,18)
(219,22)
(265,19)
(160,35)
(45,12)
(97,39)
(283,4)
(198,7)
(125,5)
(34,21)
(60,30)
(140,11)
(59,31)
(217,9)
(237,10)
(31,18)
(253,40)
(143,40)
(32,9)
(222,40)
(198,35)
(52,20)
(278,27)
(144,14)
(131,19)
(201,25)
(292,29)
(248,32)
(120,19)
(0,10)
(13,38)
(296,1)
(173,10)
(64,17)
(294,7)
(231,39)
(168,29)
(88,15)
(175,31)
(218,29)
(21,12)
(237,35)
(203,9)
(17,30)
(103,21)
(170,9)
(161,36)
(105,33)
(107,10)
(39,2)
(219,20)
(273,31)
(276,26)
(220,34)
(265,40)
(91,6)
(52,15)
(120,36)
(247,33)
(239,16)
(208,40)
(207,6)
(30,38)
(291,22)
(81,25)
(44,14)
(36,13)
(263,12)
(152,23)
(297,34)
(101,35)
(11,27)
(263,5)
(117,29)
(181,11)
(66,7)
(41,3)
(127,1)
(21,13)
(114,3)
(241,37)
(236,4)
(69,10)
(270,4)
(249,40)
(255,27)
(149,9)
(243,39)
(90,8)
(167,4)
(109,27)
(94,20)
(290,17)
(11,5)
(116,10)
(104,35)
(252,6)
(107,2)
(162,31)
(80,31)
(133,31)
(232,37)
(204,40)
(231,6)
(80,32)
(102,40)
(83,6)
(164,25)
(29,29)
(50,19)
(83,23)
(40,19)
(138,7)
(188,6)
(242,20)
(199,4)
(67,21)
(249,24)
(31,37)
(106,1)
(46,40)
(223,39)
(77,12)
(139,35)
(279,21)
(216,27)
(101,10)
(91,29)
(77,8)
(129,35)
(81,20)
(247,27)
(219,12)
(104,2)
(299,29)
(129,36)
(21,35)
(157,15)
(186,3)
(114,10)
(270,21)
(231,17)
(91,25)
(89,24)
(26,2)
(90,31)
(62,40)
(221,29)
(51,32)
(88,5)
(168,17)
(117,27)
(81,29)
(0,32)
(89,15)
(274,3)
(87,20)
(22,19)
(245,7)
(239,30)
(175,5)
(186,13)
(180,11)
(50,25)
(43,17)
(78,6)
(243,6)
(255,10)
(158,32)
(231,3)
(51,17)
(12,11)
(226,19)
(45,20)
(236,31)
(74,36)
(281,28)
(109,29)
(98,27)
(8,36)
(147,22)
(152,15)
(160,29)
(212,3)
(243,18)
(220,28)
(216,20)
(183,6)
(121,2)
(270,28)
(279,38)
(116,7)
(175,23)
(21,18)
(117,37)
(27,10)
(280,36)
(7,6)
(82,16)
(235,24)
(108,20)
(187,34)
(71,3)
(114,19)
(11,4)
(213,38)
(19,4)
(72,8)
(232,30)
(219,1)
(161,14)
(72,3)
(294,20)
(292,34)
(179,7)
(121,9)
(257,39)
(174,39)
(287,18)
(107,40)
(11,17)
(48,39)
(76,13)
(287,35)
(220,5)
(207,1)
(267,35)
(109,26)
(287,33)
(205,30)
(260,19)
(271,36)
(277,27)
(226,7)
(34,8)
(233,34)
(294,21)
(74,8)
(204,35)
(217,1)
(160,38)
(181,35)
(253,12)
(293,4)
(102,29)
(288,3)
(41,17)
(162,22)
(40,8)
(272,27)
(209,12)
(25,10)
(65,10)
(281,39)
(150,13)
(87,37)
(266,11)
(153,25)
(221,19)
(144,26)
(237,7)
(299,35)
(182,34)
(253,22)
(92,28)
(123,21)
(262,21)
(207,5)
(206,24)
(33,25)
(97,31)
(207,19)
(249,17)
(94,1)
(22,30)
(37,25)
(248,4)
(292,26)
(76,15)
(140,5)
(227,8)
(112,29)
(257,6)
(25,40)
(287,12)
(158,13)
(248,15)
(76,40)
(61,16)
(129,14)
(188,16)
(41,36)
(13,7)
(42,14)
(113,9)
(61,28)
(108,38)
(212,22)
(64,16)
(230,29)
(293,16)
(194,34)
(2,36)
(29,8)
(159,17)
(188,2)
(19,15)
(224,31)
(123,18)
(176,3)
(242,22)
(61,17)
(210,4)
(112,34)
(262,3)
(250,15)
(83,12)
(132,39)
(44,36)
(235,15)
(230,25)
(150,12)
(161,16)
(285,27)
(267,39)
(101,19)
(294,38)
(147,4)
(178,13)
(201,22)
(77,28)
(94,22)
(93,19)
(206,32)
(89,31)
