200 Users
20 Files
1000 Transactions
2 Maximum Connections
1 Cycle Length per Upload-Download
0 Warm-up Transactions
0.400000 Zipf constant
5 Pre-Trusted Users
160 Well-Behaved (Good) Users
40 Purely Malicious Users
0 Feedback Skewing Users
0 Malignant Providing Users
0 Disguised Malicous Users
0 Sybil Attack Users
true Intelligent Trans. Generation
1561009382460 Trace Generation Seed

(0.052853,0.000000,1,false)
(0.048328,0.000000,1,false)
(0.023643,0.000000,1,false)
(0.004177,0.000000,1,false)
(0.058583,0.000000,1,false)
(0.010587,0.000000,1,false)
(0.068992,0.000000,1,false)
(0.074492,0.000000,1,false)
(0.016747,0.000000,1,false)
(0.077514,0.000000,1,false)
(0.056235,0.000000,1,false)
(0.040237,0.000000,1,false)
(0.039748,0.000000,1,false)
(0.002185,0.000000,1,false)
(0.007270,0.000000,1,false)
(0.024564,0.000000,1,false)
(0.020672,0.000000,1,false)
(0.009136,0.000000,1,false)
(0.027152,0.000000,1,false)
(0.032104,0.000000,1,false)
(0.017675,0.000000,1,false)
(0.059666,0.000000,1,false)
(0.055327,0.000000,1,false)
(0.049045,0.000000,1,false)
(0.084197,0.000000,1,false)
(0.041544,0.000000,1,false)
(0.041963,0.000000,1,false)
(0.032787,0.000000,1,false)
(0.015297,0.000000,1,false)
(0.008986,0.000000,1,false)
(0.024795,0.000000,1,false)
(0.080385,0.000000,1,false)
(0.060171,0.000000,1,false)
(0.026251,0.000000,1,false)
(0.013257,0.000000,1,false)
(0.006487,0.000000,1,false)
(0.058857,0.000000,1,false)
(0.048720,0.000000,1,false)
(0.096138,0.000000,1,false)
(0.006126,0.000000,1,false)
(0.902861,1.000000,0,true)
(0.990940,1.000000,0,true)
(0.923414,1.000000,0,true)
(0.974540,1.000000,0,true)
(0.962167,1.000000,0,true)
(0.937146,1.000000,0,false)
(0.995960,1.000000,0,false)
(0.985573,1.000000,0,false)
(0.921080,1.000000,0,false)
(0.911950,1.000000,0,false)
(0.983524,1.000000,0,false)
(0.910686,1.000000,0,false)
(0.990591,1.000000,0,false)
(0.974377,1.000000,0,false)
(0.971642,1.000000,0,false)
(0.909663,1.000000,0,false)
(0.917661,1.000000,0,false)
(0.904946,1.000000,0,false)
(0.900231,1.000000,0,false)
(0.920397,1.000000,0,false)
(0.999010,1.000000,0,false)
(0.982465,1.000000,0,false)
(0.999584,1.000000,0,false)
(0.911807,1.000000,0,false)
(0.980838,1.000000,0,false)
(0.967738,1.000000,0,false)
(0.961438,1.000000,0,false)
(0.912379,1.000000,0,false)
(0.910704,1.000000,0,false)
(0.903276,1.000000,0,false)
(0.940598,1.000000,0,false)
(0.969466,1.000000,0,false)
(0.946777,1.000000,0,false)
(0.979390,1.000000,0,false)
(0.969997,1.000000,0,false)
(0.921706,1.000000,0,false)
(0.940469,1.000000,0,false)
(0.905230,1.000000,0,false)
(0.981363,1.000000,0,false)
(0.991062,1.000000,0,false)
(0.991232,1.000000,0,false)
(0.958427,1.000000,0,false)
(0.954782,1.000000,0,false)
(0.921953,1.000000,0,false)
(0.926840,1.000000,0,false)
(0.968864,1.000000,0,false)
(0.973526,1.000000,0,false)
(0.912856,1.000000,0,false)
(0.988966,1.000000,0,false)
(0.920983,1.000000,0,false)
(0.935368,1.000000,0,false)
(0.900461,1.000000,0,false)
(0.902209,1.000000,0,false)
(0.934654,1.000000,0,false)
(0.968401,1.000000,0,false)
(0.968125,1.000000,0,false)
(0.974921,1.000000,0,false)
(0.907249,1.000000,0,false)
(0.918057,1.000000,0,false)
(0.958830,1.000000,0,false)
(0.922299,1.000000,0,false)
(0.968940,1.000000,0,false)
(0.912494,1.000000,0,false)
(0.978253,1.000000,0,false)
(0.916133,1.000000,0,false)
(0.919598,1.000000,0,false)
(0.975976,1.000000,0,false)
(0.975769,1.000000,0,false)
(0.951503,1.000000,0,false)
(0.978824,1.000000,0,false)
(0.944110,1.000000,0,false)
(0.990364,1.000000,0,false)
(0.978355,1.000000,0,false)
(0.990714,1.000000,0,false)
(0.940983,1.000000,0,false)
(0.944399,1.000000,0,false)
(0.975552,1.000000,0,false)
(0.981889,1.000000,0,false)
(0.906249,1.000000,0,false)
(0.961072,1.000000,0,false)
(0.946397,1.000000,0,false)
(0.975123,1.000000,0,false)
(0.910125,1.000000,0,false)
(0.971121,1.000000,0,false)
(0.988012,1.000000,0,false)
(0.911614,1.000000,0,false)
(0.966048,1.000000,0,false)
(0.960994,1.000000,0,false)
(0.932146,1.000000,0,false)
(0.932453,1.000000,0,false)
(0.944366,1.000000,0,false)
(0.998159,1.000000,0,false)
(0.972080,1.000000,0,false)
(0.914331,1.000000,0,false)
(0.905992,1.000000,0,false)
(0.949609,1.000000,0,false)
(0.979267,1.000000,0,false)
(0.945798,1.000000,0,false)
(0.912338,1.000000,0,false)
(0.986895,1.000000,0,false)
(0.974179,1.000000,0,false)
(0.968584,1.000000,0,false)
(0.927127,1.000000,0,false)
(0.945083,1.000000,0,false)
(0.948554,1.000000,0,false)
(0.993548,1.000000,0,false)
(0.906831,1.000000,0,false)
(0.974088,1.000000,0,false)
(0.940819,1.000000,0,false)
(0.932763,1.000000,0,false)
(0.979516,1.000000,0,false)
(0.988666,1.000000,0,false)
(0.942932,1.000000,0,false)
(0.968033,1.000000,0,false)
(0.936769,1.000000,0,false)
(0.988104,1.000000,0,false)
(0.965228,1.000000,0,false)
(0.901854,1.000000,0,false)
(0.910170,1.000000,0,false)
(0.978282,1.000000,0,false)
(0.906076,1.000000,0,false)
(0.909348,1.000000,0,false)
(0.972408,1.000000,0,false)
(0.987256,1.000000,0,false)
(0.965217,1.000000,0,false)
(0.929178,1.000000,0,false)
(0.993689,1.000000,0,false)
(0.920899,1.000000,0,false)
(0.903654,1.000000,0,false)
(0.997718,1.000000,0,false)
(0.996471,1.000000,0,false)
(0.957368,1.000000,0,false)
(0.988780,1.000000,0,false)
(0.943972,1.000000,0,false)
(0.985839,1.000000,0,false)
(0.928306,1.000000,0,false)
(0.971150,1.000000,0,false)
(0.922763,1.000000,0,false)
(0.988986,1.000000,0,false)
(0.980666,1.000000,0,false)
(0.918902,1.000000,0,false)
(0.970673,1.000000,0,false)
(0.915314,1.000000,0,false)
(0.955909,1.000000,0,false)
(0.987279,1.000000,0,false)
(0.923011,1.000000,0,false)
(0.948526,1.000000,0,false)
(0.963120,1.000000,0,false)
(0.924068,1.000000,0,false)
(0.930762,1.000000,0,false)
(0.903909,1.000000,0,false)
(0.959133,1.000000,0,false)
(0.906960,1.000000,0,false)
(0.964046,1.000000,0,false)
(0.927619,1.000000,0,false)
(0.982327,1.000000,0,false)
(0.975952,1.000000,0,false)
(0.983037,1.000000,0,false)
(0.980335,1.000000,0,false)
(0.917068,1.000000,0,false)

(0,0,true)
(1,0,false)
(3,0,false)
(4,0,false)
(5,0,false)
(6,0,false)
(7,0,false)
(9,0,false)
(10,0,false)
(12,0,false)
(14,0,false)
(15,0,false)
(19,0,false)
(20,0,false)
(22,0,false)
(23,0,false)
(24,0,false)
(26,0,false)
(27,0,false)
(29,0,false)
(30,0,false)
(31,0,false)
(32,0,true)
(33,0,false)
(34,0,false)
(36,0,false)
(41,0,true)
(42,0,true)
(43,0,true)
(44,0,true)
(46,0,true)
(49,0,true)
(51,0,true)
(52,0,true)
(53,0,true)
(54,0,true)
(55,0,true)
(56,0,true)
(57,0,true)
(58,0,true)
(59,0,true)
(60,0,true)
(61,0,true)
(62,0,true)
(66,0,true)
(67,0,true)
(68,0,true)
(70,0,true)
(71,0,true)
(72,0,true)
(74,0,true)
(75,0,true)
(76,0,true)
(78,0,true)
(80,0,true)
(82,0,true)
(83,0,true)
(85,0,true)
(86,0,true)
(87,0,true)
(88,0,true)
(89,0,true)
(90,0,true)
(91,0,true)
(92,0,true)
(93,0,true)
(94,0,true)
(95,0,true)
(96,0,true)
(97,0,true)
(98,0,true)
(100,0,true)
(101,0,true)
(102,0,true)
(103,0,true)
(104,0,true)
(105,0,true)
(106,0,true)
(107,0,true)
(109,0,true)
(110,0,true)
(111,0,true)
(112,0,true)
(113,0,true)
(114,0,true)
(115,0,true)
(116,0,true)
(117,0,true)
(119,0,true)
(120,0,true)
(121,0,true)
(122,0,true)
(123,0,true)
(124,0,true)
(125,0,true)
(127,0,true)
(128,0,true)
(129,0,true)
(130,0,false)
(131,0,true)
(132,0,true)
(134,0,true)
(135,0,true)
(136,0,true)
(138,0,true)
(140,0,true)
(145,0,true)
(146,0,true)
(147,0,true)
(149,0,true)
(151,0,true)
(152,0,true)
(153,0,true)
(154,0,true)
(156,0,true)
(157,0,true)
(158,0,true)
(159,0,true)
(160,0,true)
(161,0,true)
(162,0,true)
(163,0,true)
(164,0,true)
(165,0,true)
(167,0,true)
(169,0,true)
(170,0,true)
(171,0,true)
(172,0,true)
(173,0,true)
(174,0,true)
(175,0,true)
(176,0,true)
(177,0,true)
(178,0,true)
(179,0,true)
(180,0,true)
(181,0,true)
(182,0,true)
(183,0,true)
(184,0,true)
(185,0,true)
(186,0,true)
(187,0,true)
(188,0,true)
(189,0,true)
(190,0,true)
(191,0,true)
(193,0,true)
(194,0,true)
(195,0,true)
(196,0,true)
(197,0,true)
(198,0,true)
(199,0,true)
(1,1,false)
(5,1,false)
(6,1,false)
(9,1,false)
(10,1,false)
(11,1,false)
(13,1,false)
(16,1,false)
(17,1,false)
(19,1,false)
(20,1,false)
(21,1,false)
(22,1,false)
(23,1,false)
(26,1,false)
(28,1,false)
(29,1,false)
(30,1,false)
(31,1,false)
(33,1,false)
(35,1,false)
(39,1,false)
(40,1,true)
(45,1,true)
(46,1,true)
(48,1,true)
(49,1,true)
(50,1,true)
(51,1,true)
(52,1,true)
(55,1,true)
(56,1,true)
(57,1,true)
(59,1,true)
(60,1,true)
(61,1,true)
(62,1,true)
(63,1,true)
(64,1,true)
(66,1,true)
(67,1,true)
(68,1,true)
(69,1,true)
(71,1,true)
(72,1,true)
(73,1,true)
(74,1,true)
(75,1,true)
(77,1,true)
(80,1,true)
(81,1,true)
(82,1,true)
(83,1,true)
(88,1,true)
(89,1,true)
(90,1,true)
(94,1,true)
(95,1,true)
(96,1,true)
(97,1,true)
(98,1,true)
(100,1,true)
(105,1,true)
(106,1,true)
(108,1,true)
(109,1,true)
(110,1,true)
(111,1,true)
(113,1,true)
(119,1,true)
(120,1,false)
(122,1,true)
(123,1,true)
(124,1,true)
(125,1,true)
(127,1,true)
(129,1,true)
(130,1,true)
(133,1,true)
(134,1,true)
(135,1,true)
(138,1,true)
(139,1,true)
(141,1,true)
(142,1,true)
(143,1,true)
(144,1,true)
(145,1,true)
(146,1,true)
(151,1,true)
(153,1,true)
(154,1,true)
(155,1,true)
(156,1,true)
(157,1,true)
(158,1,true)
(159,1,true)
(161,1,true)
(162,1,true)
(163,1,true)
(164,1,true)
(166,1,true)
(168,1,true)
(169,1,true)
(170,1,true)
(172,1,true)
(174,1,true)
(176,1,true)
(178,1,true)
(180,1,false)
(181,1,true)
(186,1,true)
(187,1,false)
(188,1,true)
(190,1,true)
(192,1,true)
(193,1,true)
(196,1,true)
(197,1,true)
(0,2,false)
(1,2,false)
(2,2,false)
(6,2,false)
(7,2,false)
(8,2,false)
(13,2,false)
(20,2,false)
(21,2,false)
(22,2,false)
(23,2,false)
(24,2,false)
(25,2,false)
(26,2,false)
(28,2,false)
(29,2,false)
(30,2,false)
(31,2,false)
(35,2,false)
(37,2,false)
(39,2,false)
(41,2,true)
(42,2,true)
(43,2,true)
(44,2,true)
(46,2,true)
(47,2,true)
(49,2,true)
(50,2,true)
(51,2,true)
(52,2,false)
(53,2,true)
(54,2,true)
(59,2,true)
(60,2,true)
(61,2,true)
(64,2,true)
(66,2,true)
(69,2,true)
(70,2,true)
(71,2,true)
(72,2,true)
(74,2,true)
(75,2,true)
(79,2,true)
(80,2,true)
(81,2,true)
(84,2,true)
(85,2,true)
(86,2,true)
(87,2,true)
(88,2,true)
(89,2,true)
(90,2,true)
(91,2,true)
(95,2,true)
(97,2,true)
(100,2,true)
(101,2,true)
(102,2,true)
(104,2,true)
(105,2,true)
(106,2,true)
(107,2,true)
(108,2,true)
(109,2,true)
(110,2,true)
(111,2,true)
(112,2,true)
(113,2,true)
(115,2,true)
(117,2,true)
(119,2,true)
(120,2,true)
(121,2,true)
(122,2,false)
(123,2,true)
(125,2,true)
(129,2,true)
(130,2,true)
(131,2,true)
(133,2,true)
(134,2,true)
(135,2,true)
(136,2,true)
(137,2,true)
(139,2,true)
(143,2,true)
(144,2,true)
(146,2,true)
(147,2,true)
(148,2,true)
(149,2,true)
(151,2,true)
(152,2,true)
(153,2,true)
(155,2,true)
(156,2,true)
(157,2,true)
(158,2,true)
(161,2,true)
(162,2,true)
(163,2,true)
(164,2,true)
(166,2,true)
(170,2,true)
(173,2,true)
(176,2,true)
(178,2,true)
(179,2,true)
(182,2,true)
(184,2,true)
(185,2,true)
(187,2,true)
(189,2,true)
(190,2,true)
(191,2,true)
(193,2,true)
(195,2,true)
(197,2,true)
(198,2,true)
(4,3,false)
(6,3,false)
(8,3,false)
(12,3,false)
(14,3,false)
(15,3,false)
(16,3,false)
(21,3,false)
(22,3,false)
(25,3,false)
(26,3,false)
(29,3,false)
(30,3,false)
(31,3,false)
(32,3,false)
(33,3,false)
(34,3,false)
(35,3,false)
(37,3,false)
(38,3,false)
(39,3,false)
(41,3,true)
(44,3,true)
(47,3,true)
(49,3,true)
(52,3,true)
(53,3,true)
(54,3,true)
(55,3,true)
(56,3,true)
(59,3,true)
(61,3,true)
(62,3,true)
(63,3,true)
(65,3,true)
(69,3,true)
(76,3,false)
(78,3,true)
(79,3,true)
(81,3,true)
(82,3,true)
(83,3,true)
(85,3,true)
(89,3,true)
(90,3,true)
(91,3,true)
(92,3,true)
(94,3,true)
(96,3,true)
(98,3,true)
(100,3,true)
(101,3,false)
(102,3,false)
(103,3,true)
(111,3,true)
(115,3,false)
(117,3,true)
(119,3,true)
(120,3,true)
(121,3,true)
(122,3,false)
(123,3,true)
(125,3,true)
(126,3,true)
(127,3,true)
(129,3,true)
(131,3,true)
(132,3,true)
(134,3,true)
(136,3,true)
(141,3,true)
(142,3,true)
(144,3,true)
(148,3,true)
(149,3,false)
(150,3,true)
(152,3,true)
(153,3,true)
(155,3,true)
(157,3,true)
(158,3,true)
(159,3,true)
(165,3,true)
(166,3,true)
(168,3,true)
(169,3,true)
(170,3,true)
(172,3,true)
(173,3,true)
(174,3,true)
(179,3,true)
(183,3,true)
(184,3,true)
(186,3,true)
(188,3,true)
(189,3,true)
(190,3,true)
(192,3,true)
(193,3,true)
(195,3,true)
(196,3,true)
(197,3,true)
(199,3,true)
(2,4,false)
(4,4,false)
(6,4,false)
(7,4,false)
(9,4,false)
(10,4,false)
(12,4,false)
(13,4,false)
(17,4,false)
(18,4,false)
(20,4,false)
(21,4,false)
(24,4,false)
(26,4,false)
(28,4,false)
(29,4,false)
(30,4,false)
(35,4,false)
(36,4,false)
(37,4,false)
(38,4,true)
(40,4,true)
(41,4,true)
(45,4,true)
(49,4,false)
(51,4,true)
(52,4,true)
(61,4,true)
(64,4,true)
(65,4,true)
(68,4,true)
(69,4,true)
(70,4,true)
(76,4,true)
(78,4,true)
(79,4,true)
(82,4,true)
(84,4,false)
(87,4,true)
(90,4,true)
(92,4,true)
(93,4,true)
(94,4,true)
(95,4,true)
(97,4,false)
(100,4,true)
(101,4,true)
(103,4,true)
(106,4,true)
(107,4,true)
(108,4,true)
(109,4,true)
(110,4,true)
(114,4,true)
(118,4,true)
(119,4,true)
(121,4,true)
(124,4,true)
(126,4,true)
(129,4,true)
(130,4,true)
(132,4,true)
(133,4,true)
(136,4,true)
(137,4,true)
(138,4,true)
(139,4,true)
(141,4,true)
(142,4,true)
(145,4,true)
(146,4,true)
(149,4,true)
(155,4,true)
(156,4,true)
(157,4,true)
(161,4,true)
(162,4,true)
(163,4,true)
(165,4,true)
(167,4,true)
(172,4,true)
(176,4,true)
(177,4,false)
(178,4,true)
(179,4,true)
(181,4,true)
(186,4,true)
(187,4,true)
(188,4,true)
(194,4,true)
(195,4,true)
(196,4,true)
(7,5,false)
(8,5,false)
(9,5,false)
(10,5,false)
(15,5,false)
(16,5,false)
(17,5,false)
(20,5,false)
(21,5,false)
(23,5,false)
(27,5,false)
(28,5,false)
(29,5,false)
(31,5,false)
(32,5,false)
(36,5,false)
(37,5,false)
(40,5,true)
(42,5,true)
(47,5,true)
(48,5,true)
(50,5,true)
(53,5,true)
(54,5,true)
(57,5,true)
(59,5,true)
(60,5,true)
(64,5,true)
(69,5,true)
(70,5,true)
(73,5,true)
(75,5,true)
(76,5,false)
(80,5,true)
(82,5,true)
(83,5,true)
(84,5,true)
(88,5,true)
(89,5,true)
(91,5,true)
(96,5,true)
(97,5,true)
(98,5,true)
(100,5,true)
(106,5,true)
(107,5,false)
(110,5,true)
(112,5,true)
(114,5,true)
(115,5,true)
(122,5,true)
(124,5,true)
(130,5,false)
(131,5,true)
(132,5,true)
(136,5,true)
(138,5,false)
(139,5,true)
(142,5,false)
(143,5,true)
(144,5,true)
(147,5,true)
(149,5,true)
(151,5,true)
(156,5,true)
(160,5,true)
(165,5,true)
(167,5,false)
(170,5,true)
(172,5,true)
(173,5,true)
(174,5,true)
(177,5,true)
(178,5,true)
(179,5,true)
(180,5,true)
(184,5,true)
(185,5,true)
(187,5,true)
(194,5,true)
(199,5,true)
(4,6,false)
(5,6,false)
(6,6,false)
(7,6,false)
(10,6,false)
(13,6,false)
(15,6,false)
(16,6,false)
(20,6,false)
(22,6,false)
(23,6,false)
(24,6,false)
(27,6,false)
(30,6,false)
(31,6,false)
(32,6,false)
(38,6,false)
(42,6,true)
(43,6,true)
(44,6,true)
(47,6,true)
(48,6,true)
(50,6,true)
(52,6,true)
(53,6,true)
(55,6,true)
(58,6,true)
(59,6,true)
(60,6,true)
(62,6,true)
(64,6,true)
(66,6,true)
(71,6,true)
(73,6,true)
(75,6,true)
(76,6,true)
(77,6,true)
(80,6,true)
(86,6,true)
(87,6,false)
(88,6,true)
(90,6,true)
(92,6,true)
(95,6,true)
(97,6,true)
(101,6,true)
(105,6,true)
(106,6,true)
(110,6,false)
(112,6,true)
(113,6,true)
(115,6,true)
(121,6,true)
(124,6,true)
(125,6,true)
(129,6,true)
(130,6,true)
(131,6,true)
(133,6,false)
(135,6,true)
(139,6,true)
(144,6,true)
(147,6,true)
(148,6,true)
(149,6,true)
(150,6,true)
(152,6,true)
(155,6,true)
(157,6,true)
(159,6,true)
(160,6,true)
(161,6,true)
(162,6,true)
(166,6,true)
(170,6,true)
(172,6,true)
(173,6,true)
(174,6,true)
(175,6,true)
(176,6,true)
(178,6,true)
(180,6,true)
(188,6,true)
(193,6,true)
(197,6,true)
(198,6,true)
(2,7,false)
(4,7,false)
(6,7,true)
(12,7,false)
(14,7,false)
(22,7,false)
(24,7,false)
(30,7,false)
(31,7,false)
(33,7,false)
(34,7,false)
(38,7,false)
(39,7,false)
(40,7,true)
(41,7,true)
(44,7,true)
(47,7,true)
(50,7,true)
(51,7,true)
(53,7,true)
(55,7,true)
(57,7,false)
(61,7,true)
(63,7,true)
(64,7,true)
(65,7,true)
(66,7,true)
(67,7,true)
(68,7,true)
(69,7,true)
(73,7,true)
(75,7,true)
(77,7,true)
(85,7,true)
(86,7,true)
(89,7,true)
(92,7,true)
(93,7,true)
(97,7,true)
(98,7,true)
(99,7,true)
(102,7,true)
(103,7,true)
(108,7,true)
(112,7,true)
(118,7,true)
(119,7,true)
(120,7,false)
(121,7,true)
(125,7,true)
(131,7,true)
(133,7,true)
(136,7,true)
(138,7,true)
(139,7,true)
(141,7,true)
(142,7,false)
(144,7,true)
(145,7,true)
(146,7,false)
(148,7,true)
(150,7,true)
(151,7,true)
(152,7,true)
(153,7,true)
(154,7,true)
(159,7,true)
(161,7,true)
(166,7,true)
(167,7,true)
(169,7,true)
(170,7,true)
(175,7,true)
(176,7,true)
(178,7,true)
(180,7,true)
(183,7,true)
(186,7,true)
(190,7,true)
(191,7,true)
(192,7,true)
(193,7,true)
(194,7,true)
(195,7,true)
(198,7,true)
(199,7,true)
(3,8,false)
(5,8,false)
(10,8,false)
(11,8,false)
(13,8,false)
(14,8,false)
(16,8,false)
(17,8,false)
(20,8,false)
(21,8,true)
(23,8,false)
(24,8,false)
(25,8,false)
(31,8,false)
(35,8,false)
(38,8,false)
(40,8,true)
(45,8,false)
(47,8,true)
(52,8,true)
(53,8,true)
(57,8,true)
(58,8,true)
(66,8,true)
(68,8,true)
(70,8,true)
(71,8,true)
(73,8,true)
(74,8,true)
(76,8,true)
(77,8,true)
(78,8,true)
(81,8,true)
(82,8,true)
(83,8,true)
(85,8,true)
(86,8,true)
(87,8,true)
(89,8,true)
(90,8,true)
(91,8,true)
(92,8,true)
(95,8,true)
(96,8,true)
(102,8,true)
(104,8,true)
(106,8,true)
(108,8,true)
(109,8,true)
(110,8,true)
(114,8,true)
(115,8,true)
(117,8,true)
(118,8,true)
(120,8,true)
(122,8,false)
(124,8,true)
(127,8,true)
(131,8,true)
(132,8,true)
(134,8,true)
(135,8,true)
(137,8,true)
(138,8,true)
(139,8,true)
(140,8,true)
(141,8,true)
(145,8,true)
(146,8,true)
(148,8,true)
(149,8,true)
(152,8,true)
(161,8,true)
(164,8,true)
(170,8,true)
(171,8,true)
(174,8,true)
(178,8,true)
(179,8,true)
(181,8,true)
(182,8,true)
(183,8,true)
(186,8,true)
(188,8,true)
(189,8,true)
(190,8,true)
(192,8,true)
(194,8,true)
(196,8,true)
(6,9,false)
(7,9,false)
(8,9,false)
(11,9,false)
(12,9,true)
(16,9,false)
(17,9,false)
(19,9,false)
(23,9,false)
(25,9,false)
(30,9,false)
(31,9,false)
(33,9,false)
(35,9,false)
(38,9,true)
(40,9,false)
(44,9,true)
(46,9,true)
(48,9,true)
(49,9,true)
(51,9,true)
(52,9,true)
(54,9,true)
(55,9,true)
(56,9,true)
(58,9,true)
(60,9,true)
(61,9,true)
(64,9,false)
(65,9,true)
(66,9,true)
(69,9,true)
(75,9,true)
(76,9,true)
(78,9,true)
(82,9,true)
(83,9,true)
(84,9,true)
(87,9,true)
(88,9,true)
(89,9,true)
(90,9,true)
(91,9,true)
(93,9,true)
(97,9,true)
(102,9,true)
(106,9,true)
(109,9,true)
(112,9,true)
(114,9,true)
(116,9,true)
(117,9,true)
(119,9,true)
(120,9,true)
(121,9,true)
(123,9,true)
(126,9,true)
(127,9,true)
(129,9,true)
(133,9,true)
(134,9,true)
(135,9,true)
(138,9,true)
(139,9,true)
(140,9,true)
(141,9,true)
(143,9,true)
(146,9,true)
(147,9,true)
(148,9,true)
(150,9,true)
(152,9,true)
(153,9,true)
(155,9,true)
(156,9,true)
(157,9,true)
(158,9,true)
(159,9,true)
(165,9,true)
(166,9,true)
(167,9,false)
(168,9,false)
(169,9,true)
(170,9,true)
(171,9,true)
(174,9,true)
(175,9,true)
(176,9,true)
(179,9,true)
(183,9,true)
(184,9,true)
(186,9,true)
(187,9,true)
(188,9,true)
(189,9,true)
(191,9,true)
(194,9,true)
(199,9,true)
(1,10,false)
(3,10,false)
(5,10,false)
(7,10,false)
(8,10,false)
(9,10,false)
(11,10,false)
(13,10,false)
(15,10,false)
(17,10,false)
(19,10,false)
(22,10,false)
(24,10,false)
(25,10,false)
(32,10,true)
(33,10,false)
(36,10,false)
(37,10,false)
(42,10,true)
(46,10,true)
(50,10,true)
(52,10,true)
(63,10,true)
(65,10,true)
(69,10,true)
(70,10,true)
(72,10,true)
(74,10,true)
(75,10,true)
(82,10,true)
(83,10,true)
(85,10,true)
(86,10,true)
(88,10,true)
(90,10,true)
(92,10,true)
(93,10,true)
(96,10,true)
(97,10,true)
(98,10,true)
(100,10,false)
(102,10,true)
(104,10,true)
(105,10,true)
(111,10,true)
(113,10,true)
(115,10,true)
(122,10,true)
(123,10,true)
(137,10,true)
(140,10,true)
(146,10,true)
(147,10,true)
(148,10,true)
(150,10,true)
(152,10,false)
(158,10,true)
(160,10,true)
(161,10,true)
(163,10,true)
(164,10,true)
(169,10,true)
(174,10,true)
(175,10,true)
(178,10,true)
(179,10,true)
(180,10,true)
(181,10,true)
(183,10,true)
(184,10,true)
(188,10,true)
(191,10,true)
(192,10,true)
(193,10,true)
(195,10,true)
(196,10,true)
(198,10,true)
(2,11,false)
(6,11,true)
(8,11,false)
(12,11,false)
(13,11,false)
(16,11,false)
(20,11,false)
(21,11,false)
(22,11,false)
(29,11,false)
(30,11,false)
(31,11,false)
(32,11,false)
(34,11,false)
(35,11,false)
(36,11,false)
(37,11,false)
(38,11,false)
(40,11,true)
(42,11,true)
(46,11,true)
(48,11,true)
(49,11,true)
(51,11,true)
(55,11,true)
(56,11,true)
(57,11,true)
(64,11,true)
(67,11,true)
(74,11,true)
(75,11,true)
(76,11,true)
(78,11,true)
(79,11,true)
(84,11,false)
(87,11,true)
(88,11,true)
(90,11,true)
(91,11,true)
(95,11,true)
(104,11,true)
(107,11,true)
(109,11,true)
(113,11,true)
(115,11,true)
(118,11,false)
(119,11,true)
(120,11,true)
(126,11,true)
(128,11,true)
(132,11,true)
(133,11,true)
(136,11,true)
(137,11,true)
(139,11,true)
(140,11,true)
(142,11,true)
(146,11,true)
(151,11,true)
(157,11,true)
(158,11,true)
(159,11,true)
(161,11,true)
(164,11,true)
(168,11,true)
(172,11,true)
(173,11,true)
(174,11,true)
(175,11,true)
(179,11,true)
(183,11,true)
(185,11,true)
(188,11,true)
(189,11,false)
(192,11,true)
(0,12,false)
(7,12,true)
(13,12,false)
(14,12,false)
(15,12,false)
(18,12,false)
(20,12,false)
(21,12,false)
(22,12,false)
(24,12,false)
(28,12,false)
(30,12,false)
(31,12,false)
(36,12,false)
(38,12,false)
(43,12,true)
(47,12,true)
(49,12,true)
(51,12,true)
(54,12,true)
(57,12,true)
(61,12,true)
(68,12,true)
(69,12,true)
(75,12,false)
(76,12,true)
(77,12,true)
(80,12,false)
(85,12,true)
(87,12,true)
(90,12,false)
(92,12,false)
(103,12,true)
(104,12,false)
(105,12,false)
(108,12,true)
(109,12,true)
(114,12,true)
(117,12,true)
(118,12,false)
(119,12,true)
(122,12,true)
(123,12,true)
(125,12,true)
(128,12,true)
(129,12,true)
(130,12,true)
(132,12,true)
(133,12,true)
(135,12,true)
(136,12,true)
(137,12,true)
(140,12,true)
(141,12,true)
(142,12,true)
(143,12,true)
(144,12,true)
(145,12,true)
(148,12,true)
(149,12,true)
(151,12,true)
(159,12,true)
(160,12,true)
(162,12,true)
(167,12,true)
(169,12,true)
(170,12,true)
(171,12,true)
(173,12,true)
(180,12,true)
(181,12,true)
(182,12,true)
(184,12,true)
(186,12,true)
(188,12,true)
(5,13,false)
(6,13,false)
(7,13,false)
(8,13,false)
(12,13,false)
(15,13,false)
(17,13,false)
(23,13,false)
(31,13,false)
(33,13,false)
(34,13,false)
(40,13,false)
(44,13,true)
(45,13,true)
(46,13,true)
(50,13,true)
(53,13,true)
(57,13,true)
(59,13,true)
(63,13,true)
(64,13,true)
(65,13,true)
(69,13,true)
(71,13,true)
(72,13,true)
(73,13,true)
(75,13,false)
(76,13,true)
(77,13,true)
(78,13,true)
(84,13,true)
(86,13,true)
(91,13,true)
(94,13,true)
(95,13,true)
(97,13,true)
(99,13,true)
(101,13,true)
(110,13,true)
(112,13,true)
(119,13,true)
(123,13,true)
(126,13,true)
(127,13,true)
(128,13,true)
(130,13,true)
(131,13,true)
(136,13,true)
(137,13,true)
(138,13,true)
(141,13,true)
(142,13,true)
(143,13,true)
(144,13,true)
(151,13,true)
(152,13,true)
(153,13,true)
(154,13,true)
(155,13,true)
(156,13,true)
(157,13,true)
(158,13,true)
(162,13,true)
(163,13,true)
(167,13,true)
(169,13,true)
(171,13,true)
(173,13,false)
(175,13,true)
(178,13,true)
(187,13,true)
(192,13,true)
(6,14,false)
(13,14,false)
(15,14,false)
(16,14,false)
(23,14,false)
(24,14,false)
(26,14,false)
(27,14,false)
(30,14,false)
(32,14,false)
(33,14,false)
(35,14,false)
(37,14,false)
(39,14,false)
(51,14,true)
(57,14,true)
(65,14,true)
(71,14,true)
(74,14,true)
(76,14,true)
(77,14,true)
(78,14,true)
(82,14,true)
(85,14,true)
(90,14,true)
(92,14,true)
(95,14,true)
(97,14,true)
(101,14,true)
(103,14,true)
(104,14,true)
(106,14,false)
(108,14,true)
(110,14,true)
(113,14,true)
(114,14,true)
(117,14,true)
(134,14,true)
(137,14,true)
(139,14,true)
(140,14,true)
(142,14,false)
(145,14,true)
(147,14,true)
(148,14,true)
(149,14,true)
(159,14,true)
(160,14,true)
(162,14,true)
(163,14,true)
(164,14,true)
(165,14,true)
(166,14,true)
(168,14,true)
(174,14,true)
(175,14,true)
(183,14,true)
(184,14,true)
(192,14,true)
(194,14,true)
(196,14,true)
(198,14,true)
(2,15,false)
(3,15,false)
(7,15,false)
(11,15,false)
(12,15,false)
(16,15,false)
(17,15,false)
(18,15,false)
(24,15,false)
(25,15,false)
(28,15,false)
(31,15,false)
(33,15,false)
(35,15,false)
(42,15,true)
(44,15,true)
(54,15,true)
(56,15,true)
(62,15,true)
(64,15,true)
(67,15,true)
(69,15,true)
(71,15,true)
(73,15,true)
(76,15,true)
(84,15,true)
(85,15,true)
(93,15,true)
(96,15,true)
(97,15,true)
(99,15,true)
(108,15,true)
(109,15,true)
(110,15,true)
(111,15,true)
(113,15,true)
(125,15,true)
(126,15,true)
(128,15,true)
(130,15,true)
(133,15,true)
(135,15,true)
(136,15,true)
(140,15,true)
(141,15,true)
(143,15,true)
(146,15,true)
(151,15,true)
(152,15,true)
(159,15,true)
(160,15,true)
(162,15,true)
(164,15,true)
(165,15,true)
(166,15,true)
(169,15,true)
(175,15,false)
(181,15,true)
(184,15,true)
(186,15,true)
(187,15,true)
(191,15,true)
(192,15,true)
(196,15,true)
(198,15,true)
(199,15,false)
(8,16,false)
(10,16,false)
(11,16,false)
(12,16,false)
(18,16,false)
(21,16,false)
(24,16,false)
(31,16,false)
(37,16,false)
(39,16,false)
(43,16,true)
(44,16,true)
(47,16,true)
(49,16,true)
(50,16,false)
(58,16,true)
(59,16,true)
(63,16,false)
(66,16,true)
(67,16,true)
(68,16,true)
(69,16,true)
(70,16,true)
(74,16,true)
(78,16,true)
(82,16,true)
(85,16,true)
(86,16,true)
(88,16,true)
(90,16,true)
(92,16,true)
(94,16,true)
(95,16,true)
(101,16,true)
(102,16,true)
(105,16,true)
(108,16,true)
(109,16,true)
(113,16,true)
(116,16,true)
(119,16,true)
(121,16,true)
(122,16,true)
(129,16,true)
(133,16,true)
(135,16,true)
(136,16,false)
(141,16,true)
(142,16,true)
(144,16,true)
(147,16,true)
(150,16,true)
(151,16,true)
(152,16,true)
(153,16,true)
(157,16,true)
(161,16,true)
(164,16,true)
(166,16,true)
(169,16,true)
(175,16,true)
(179,16,true)
(180,16,true)
(181,16,true)
(182,16,true)
(188,16,true)
(190,16,false)
(192,16,true)
(194,16,true)
(0,17,false)
(1,17,true)
(3,17,false)
(8,17,false)
(12,17,false)
(16,17,false)
(17,17,false)
(18,17,false)
(24,17,false)
(26,17,false)
(29,17,false)
(30,17,false)
(31,17,false)
(32,17,false)
(33,17,false)
(36,17,false)
(37,17,false)
(42,17,true)
(43,17,true)
(44,17,true)
(46,17,true)
(50,17,true)
(51,17,true)
(57,17,false)
(60,17,true)
(64,17,true)
(67,17,true)
(72,17,true)
(74,17,true)
(80,17,true)
(82,17,true)
(85,17,true)
(87,17,true)
(88,17,true)
(92,17,true)
(93,17,true)
(96,17,true)
(97,17,true)
(98,17,true)
(102,17,true)
(103,17,true)
(105,17,false)
(107,17,true)
(115,17,true)
(118,17,true)
(119,17,true)
(121,17,true)
(123,17,true)
(129,17,true)
(139,17,true)
(143,17,true)
(148,17,true)
(154,17,true)
(156,17,true)
(159,17,true)
(161,17,true)
(169,17,true)
(170,17,true)
(175,17,true)
(176,17,true)
(177,17,false)
(187,17,true)
(197,17,true)
(198,17,true)
(2,18,false)
(6,18,false)
(28,18,false)
(32,18,false)
(33,18,false)
(36,18,false)
(40,18,true)
(44,18,true)
(48,18,true)
(55,18,true)
(56,18,true)
(59,18,true)
(62,18,true)
(64,18,true)
(70,18,true)
(81,18,true)
(85,18,true)
(86,18,true)
(90,18,true)
(92,18,true)
(112,18,true)
(114,18,true)
(118,18,true)
(119,18,true)
(122,18,true)
(123,18,true)
(127,18,true)
(128,18,false)
(132,18,true)
(135,18,true)
(144,18,true)
(150,18,true)
(152,18,true)
(153,18,true)
(157,18,false)
(159,18,true)
(171,18,true)
(172,18,true)
(179,18,true)
(191,18,true)
(193,18,true)
(195,18,true)
(198,18,true)
(1,19,false)
(2,19,true)
(8,19,false)
(14,19,false)
(22,19,false)
(23,19,false)
(26,19,false)
(29,19,false)
(30,19,false)
(32,19,false)
(34,19,false)
(36,19,false)
(41,19,true)
(47,19,true)
(48,19,true)
(51,19,false)
(52,19,true)
(54,19,true)
(58,19,true)
(62,19,true)
(63,19,false)
(66,19,true)
(67,19,true)
(74,19,true)
(76,19,true)
(77,19,true)
(80,19,true)
(81,19,true)
(84,19,true)
(85,19,true)
(89,19,true)
(90,19,true)
(92,19,true)
(103,19,true)
(104,19,true)
(105,19,true)
(117,19,true)
(129,19,true)
(131,19,true)
(132,19,true)
(134,19,true)
(136,19,true)
(139,19,true)
(142,19,true)
(143,19,true)
(144,19,true)
(146,19,true)
(149,19,true)
(157,19,true)
(158,19,true)
(160,19,true)
(166,19,true)
(172,19,true)
(174,19,true)
(175,19,true)
(177,19,true)
(178,19,true)
(179,19,true)
(180,19,true)
(181,19,true)
(182,19,true)
(185,19,true)
(189,19,true)
(197,19,true)

(189,14)
(37,8)
(29,14)
(9,11)
(126,0)
(153,4)
(163,3)
(22,14)
(0,19)
(60,3)
(162,5)
(162,8)
(62,11)
(122,17)
(129,11)
(37,1)
(189,1)
(128,1)
(117,1)
(148,19)
(43,13)
(64,19)
(12,2)
(40,0)
(47,4)
(182,3)
(174,7)
(104,17)
(61,5)
(138,14)
(144,11)
(110,9)
(186,5)
(182,1)
(44,1)
(76,7)
(69,14)
(12,8)
(172,10)
(147,12)
(120,19)
(12,1)
(57,3)
(141,2)
(49,18)
(92,5)
(165,11)
(160,1)
(153,15)
(102,1)
(175,1)
(63,2)
(92,13)
(9,3)
(14,10)
(17,0)
(15,4)
(131,11)
(41,12)
(29,7)
(184,13)
(30,5)
(50,0)
(25,4)
(183,1)
(110,12)
(71,19)
(118,10)
(130,11)
(91,7)
(139,10)
(165,1)
(110,16)
(42,8)
(98,8)
(155,0)
(65,6)
(143,0)
(7,3)
(133,18)
(57,16)
(10,3)
(60,4)
(141,0)
(52,16)
(131,15)
(130,9)
(195,17)
(180,9)
(156,16)
(176,8)
(22,4)
(161,19)
(17,7)
(135,13)
(158,6)
(57,18)
(115,15)
(149,18)
(191,5)
(30,16)
(75,8)
(72,8)
(112,1)
(189,10)
(141,6)
(136,6)
(116,10)
(193,9)
(176,14)
(187,3)
(48,4)
(126,8)
(28,0)
(138,3)
(117,15)
(116,5)
(0,8)
(92,9)
(22,8)
(150,14)
(47,11)
(4,14)
(173,18)
(147,4)
(146,13)
(132,1)
(58,5)
(124,3)
(80,3)
(169,11)
(15,8)
(38,2)
(164,3)
(179,15)
(87,1)
(75,18)
(107,12)
(191,6)
(129,18)
(170,10)
(118,0)
(188,18)
(59,15)
(18,6)
(14,2)
(36,3)
(15,16)
(3,16)
(84,0)
(123,8)
(3,5)
(8,12)
(121,1)
(180,17)
(11,0)
(42,1)
(110,7)
(186,19)
(156,10)
(153,10)
(175,8)
(116,4)
(198,12)
(8,4)
(82,18)
(157,14)
(144,17)
(28,14)
(106,13)
(154,18)
(142,15)
(45,14)
(35,7)
(15,18)
(14,17)
(50,15)
(70,13)
(122,6)
(148,16)
(15,9)
(164,19)
(1,4)
(0,15)
(168,17)
(74,15)
(165,12)
(12,19)
(55,10)
(132,7)
(2,10)
(146,18)
(157,5)
(99,11)
(0,9)
(160,4)
(82,7)
(31,4)
(4,12)
(31,10)
(183,6)
(62,7)
(148,4)
(24,1)
(29,15)
(158,12)
(112,8)
(27,13)
(168,4)
(175,2)
(49,13)
(126,7)
(141,11)
(3,1)
(133,8)
(150,0)
(15,19)
(69,17)
(106,12)
(132,9)
(51,13)
(53,16)
(120,17)
(41,14)
(40,19)
(84,7)
(43,5)
(133,13)
(3,9)
(106,15)
(24,5)
(56,6)
(154,2)
(36,9)
(76,1)
(73,3)
(94,14)
(134,16)
(165,6)
(178,12)
(4,1)
(117,18)
(119,14)
(71,10)
(36,2)
(10,18)
(64,14)
(100,7)
(1,8)
(76,18)
(109,10)
(19,2)
(94,12)
(20,18)
(82,2)
(26,5)
(36,1)
(57,9)
(31,14)
(131,14)
(11,4)
(32,7)
(73,14)
(148,5)
(198,3)
(12,6)
(18,13)
(6,17)
(8,1)
(25,16)
(16,13)
(21,18)
(146,14)
(48,0)
(186,11)
(113,13)
(143,11)
(73,9)
(54,7)
(181,18)
(193,11)
(148,1)
(14,1)
(129,10)
(86,1)
(15,1)
(80,18)
(139,0)
(77,9)
(91,4)
(6,16)
(195,9)
(178,14)
(185,9)
(46,6)
(116,13)
(49,8)
(178,3)
(194,3)
(69,11)
(84,3)
(60,10)
(54,13)
(90,7)
(196,16)
(152,4)
(85,11)
(44,4)
(131,12)
(133,14)
(110,11)
(179,1)
(40,3)
(89,17)
(25,19)
(141,19)
(8,0)
(107,3)
(120,4)
(45,12)
(198,9)
(107,1)
(124,13)
(174,13)
(124,15)
(72,11)
(158,16)
(86,17)
(24,11)
(4,15)
(157,8)
(76,10)
(139,3)
(81,10)
(163,19)
(126,2)
(194,13)
(62,4)
(95,10)
(50,4)
(65,1)
(10,12)
(43,3)
(169,4)
(77,15)
(53,14)
(99,3)
(91,10)
(67,12)
(40,2)
(79,6)
(175,12)
(125,4)
(107,14)
(1,7)
(176,10)
(142,9)
(4,19)
(133,0)
(15,17)
(141,17)
(171,14)
(181,9)
(171,2)
(106,16)
(48,13)
(165,2)
(172,12)
(129,13)
(128,14)
(45,10)
(123,7)
(190,9)
(177,6)
(92,2)
(129,7)
(90,5)
(2,1)
(44,19)
(86,14)
(124,2)
(115,1)
(34,16)
(32,1)
(143,10)
(98,19)
(32,12)
(198,5)
(88,4)
(164,4)
(121,13)
(63,6)
(118,16)
(133,17)
(102,4)
(6,10)
(76,16)
(137,1)
(34,12)
(57,19)
(60,7)
(177,3)
(117,6)
(100,6)
(196,7)
(143,3)
(67,4)
(179,6)
(63,0)
(91,18)
(158,5)
(75,14)
(124,10)
(50,19)
(176,19)
(140,1)
(166,4)
(148,0)
(151,8)
(90,15)
(104,1)
(194,12)
(42,12)
(94,17)
(52,15)
(83,16)
(98,14)
(65,19)
(140,5)
(4,18)
(139,16)
(121,19)
(164,13)
(39,6)
(169,5)
(46,4)
(44,5)
(107,6)
(179,17)
(68,15)
(196,13)
(73,4)
(24,9)
(56,14)
(12,14)
(121,10)
(13,5)
(56,5)
(160,8)
(111,11)
(45,15)
(1,3)
(60,11)
(169,14)
(191,11)
(8,6)
(64,0)
(183,15)
(94,5)
(32,8)
(147,1)
(132,6)
(162,17)
(88,3)
(111,7)
(172,13)
(127,4)
(120,10)
(76,2)
(59,7)
(2,0)
(87,7)
(166,8)
(34,2)
(176,18)
(100,12)
(134,5)
(24,18)
(140,7)
(88,7)
(170,15)
(55,16)
(135,7)
(75,17)
(160,7)
(93,1)
(88,14)
(175,18)
(95,7)
(77,17)
(150,17)
(142,2)
(69,8)
(54,11)
(170,13)
(99,4)
(186,2)
(96,9)
(47,14)
(182,10)
(27,17)
(143,7)
(0,1)
(149,10)
(132,10)
(130,14)
(8,7)
(71,9)
(78,12)
(99,5)
(182,9)
(175,5)
(148,13)
(190,12)
(16,7)
(120,12)
(32,15)
(60,19)
(57,2)
(108,18)
(25,14)
(107,19)
(35,13)
(14,6)
(5,2)
(19,15)
(171,10)
(139,13)
(2,6)
(0,14)
(93,8)
(50,18)
(164,5)
(78,7)
(3,4)
(94,10)
(54,18)
(109,3)
(147,8)
(182,5)
(121,12)
(107,7)
(19,12)
(4,17)
(161,14)
(186,16)
(119,8)
(99,17)
(101,17)
(143,8)
(171,1)
(85,1)
(199,10)
(72,5)
(68,2)
(103,8)
(197,9)
(168,5)
(19,6)
(41,13)
(182,17)
(193,15)
(9,19)
(155,19)
(101,1)
(186,13)
(100,14)
(44,8)
(187,16)
(199,8)
(29,13)
(83,14)
(19,18)
(107,9)
(185,17)
(112,11)
(124,14)
(99,19)
(159,16)
(88,13)
(74,3)
(108,10)
(117,11)
(149,15)
(192,9)
(87,13)
(94,9)
(66,14)
(160,2)
(164,17)
(44,14)
(22,5)
(197,7)
(171,7)
(69,0)
(7,1)
(61,6)
(105,5)
(112,3)
(40,12)
(55,2)
(19,11)
(25,13)
(70,6)
(102,6)
(110,3)
(112,10)
(49,17)
(33,6)
(7,7)
(73,10)
(67,6)
(135,19)
(107,8)
(133,19)
(12,5)
(87,3)
(86,15)
(177,2)
(12,12)
(122,4)
(122,19)
(189,6)
(113,3)
(21,6)
(19,7)
(135,3)
(106,19)
(131,9)
(144,0)
(76,17)
(17,3)
(35,10)
(149,17)
(65,17)
(83,2)
(84,6)
(162,3)
(43,8)
(177,7)
(194,19)
(87,19)
(33,16)
(130,3)
(98,4)
(31,18)
(13,0)
(80,14)
(11,3)
(106,18)
(106,11)
(98,2)
(31,19)
(15,11)
(48,7)
(130,19)
(28,7)
(98,12)
(97,16)
(116,3)
(170,4)
(156,6)
(10,7)
(45,5)
(127,15)
(126,10)
(8,15)
(55,12)
(1,13)
(78,17)
(64,3)
(77,10)
(5,15)
(45,19)
(199,6)
(56,17)
(2,13)
(5,4)
(120,13)
(125,8)
(146,5)
(97,18)
(138,11)
(107,10)
(115,13)
(13,18)
(122,14)
(178,18)
(67,9)
(183,12)
(98,9)
(66,11)
(11,13)
(48,8)
(36,8)
(118,2)
(142,8)
(188,7)
(184,17)
(94,18)
(140,3)
(111,14)
(80,9)
(172,8)
(176,11)
(8,8)
(10,11)
(35,6)
(20,7)
(158,8)
(80,13)
(105,18)
(53,9)
(169,18)
(182,15)
(1,11)
(47,18)
(198,4)
(124,19)
(49,5)
(149,13)
(159,2)
(195,12)
(59,17)
(3,19)
(141,5)
(45,11)
(126,14)
(81,13)
(114,19)
(149,9)
(71,4)
(65,11)
(114,3)
(164,7)
(56,2)
(91,1)
(23,3)
(178,11)
(108,6)
(143,4)
(113,9)
(142,0)
(85,13)
(191,19)
(152,5)
(180,18)
(147,17)
(126,17)
(32,9)
(52,12)
(13,3)
(16,4)
(150,4)
(28,8)
(39,19)
(139,12)
(44,11)
(46,15)
(144,15)
(136,18)
(197,13)
(7,8)
(1,9)
(193,4)
(102,12)
(146,12)
(198,1)
(132,2)
(29,6)
(184,4)
(188,2)
(72,7)
(128,2)
(64,10)
(188,5)
(106,10)
(158,14)
(138,2)
(180,13)
(64,12)
(91,14)
(92,15)
(139,15)
(38,19)
(63,15)
(57,15)
(123,15)
(63,8)
(26,8)
(28,17)
(117,13)
(68,10)
(121,14)
(62,12)
(117,5)
(92,11)
(67,18)
(5,19)
(153,19)
(125,5)
(53,17)
(159,5)
(123,14)
(164,6)
(88,12)
(19,17)
(109,6)
(116,2)
(82,11)
(27,11)
(190,17)
(19,16)
(194,1)
(120,18)
(77,4)
(189,7)
(3,12)
(115,4)
(50,3)
(33,11)
(46,19)
(61,14)
(26,6)
(181,3)
(33,8)
(193,19)
(193,17)
(116,17)
(150,1)
(169,6)
(8,14)
(157,12)
(19,13)
(116,12)
(101,8)
(113,18)
(68,6)
(62,10)
(69,6)
(135,14)
(75,3)
(25,1)
(16,0)
(27,16)
(122,11)
(88,19)
(38,14)
(47,17)
(179,7)
(154,19)
(135,11)
(164,18)
(108,19)
(145,19)
(6,5)
(63,5)
(104,4)
(157,15)
(143,18)
(77,3)
(154,3)
(58,18)
(105,4)
(182,6)
(129,8)
(15,2)
(124,11)
(150,8)
(0,3)
(50,12)
(138,18)
(80,15)
(82,6)
(145,5)
(49,10)
(79,0)
(87,15)
(62,2)
(78,2)
(156,3)
(48,15)
(93,12)
(56,12)
(135,5)
(9,14)
(134,4)
(65,5)
(140,4)
(84,17)
(29,9)
(33,4)
(188,13)
(12,10)
(169,2)
(92,1)
(28,3)
(82,13)
(119,5)
(108,0)
(127,11)
(26,16)
(82,19)
(195,8)
(38,0)
(50,9)
(108,3)
(49,7)
(7,19)
(60,15)
(177,10)
(181,5)
(165,7)
(77,2)
(47,1)
(79,16)
(110,19)
(93,6)
(168,2)
(132,17)
(169,19)
(105,15)
(189,12)
(25,5)
(6,8)
(142,6)
(133,3)
(34,1)
(19,3)
(166,0)
(122,9)
(169,8)
(117,10)
(87,5)
(153,14)
(97,11)
(67,2)
(90,13)
(119,6)
(17,6)
(86,11)
(155,5)
(61,10)
(99,2)
(4,10)
(170,16)
(85,9)
(141,10)
(80,8)
(167,16)
(110,10)
(69,18)
(175,4)
(126,1)
(51,16)
(67,14)
(121,15)
(136,9)
(61,8)
(133,10)
(69,19)
(96,16)
(7,18)
(181,14)
(47,10)
(34,14)
(53,11)
(1,18)
(102,19)
(59,8)
(95,17)
(81,6)
(137,5)
(15,15)
(11,6)
(55,4)
(164,12)
(186,18)
(40,10)
(71,12)
(129,5)
(141,14)
(80,11)
(156,7)
(43,19)
(0,4)
(82,15)
(65,0)
(91,12)
(97,19)
(125,13)
(40,16)
(181,2)
(35,19)
(37,13)
(7,16)
(75,19)
(18,1)
(82,12)
(80,16)
