100 Users
62 Files
4000 Transactions
2 Maximum Connections
1 Cycle Length per Upload-Download
0 Warm-up Transactions
0.400000 Zipf constant
5 Pre-Trusted Users
40 Well-Behaved (Good) Users
60 Purely Malicious Users
0 Feedback Skewing Users
0 Malignant Providing Users
0 Disguised Malicous Users
0 Sybil Attack Users
true Intelligent Trans. Generation
1561009007234 Trace Generation Seed

(0.075394,0.000000,1,false)
(0.033834,0.000000,1,false)
(0.077923,0.000000,1,false)
(0.062552,0.000000,1,false)
(0.040332,0.000000,1,false)
(0.080263,0.000000,1,false)
(0.048486,0.000000,1,false)
(0.077966,0.000000,1,false)
(0.050024,0.000000,1,false)
(0.091996,0.000000,1,false)
(0.082065,0.000000,1,false)
(0.061165,0.000000,1,false)
(0.089168,0.000000,1,false)
(0.033510,0.000000,1,false)
(0.054210,0.000000,1,false)
(0.096245,0.000000,1,false)
(0.040675,0.000000,1,false)
(0.028899,0.000000,1,false)
(0.093383,0.000000,1,false)
(0.021118,0.000000,1,false)
(0.088530,0.000000,1,false)
(0.092303,0.000000,1,false)
(0.024965,0.000000,1,false)
(0.040854,0.000000,1,false)
(0.032740,0.000000,1,false)
(0.003630,0.000000,1,false)
(0.057073,0.000000,1,false)
(0.040108,0.000000,1,false)
(0.085004,0.000000,1,false)
(0.066096,0.000000,1,false)
(0.086206,0.000000,1,false)
(0.045649,0.000000,1,false)
(0.070812,0.000000,1,false)
(0.030611,0.000000,1,false)
(0.046938,0.000000,1,false)
(0.090085,0.000000,1,false)
(0.023979,0.000000,1,false)
(0.048698,0.000000,1,false)
(0.029214,0.000000,1,false)
(0.006106,0.000000,1,false)
(0.022979,0.000000,1,false)
(0.020454,0.000000,1,false)
(0.039204,0.000000,1,false)
(0.036930,0.000000,1,false)
(0.084954,0.000000,1,false)
(0.036912,0.000000,1,false)
(0.085284,0.000000,1,false)
(0.083080,0.000000,1,false)
(0.002886,0.000000,1,false)
(0.077264,0.000000,1,false)
(0.029362,0.000000,1,false)
(0.018244,0.000000,1,false)
(0.084206,0.000000,1,false)
(0.010508,0.000000,1,false)
(0.055625,0.000000,1,false)
(0.097685,0.000000,1,false)
(0.024958,0.000000,1,false)
(0.068410,0.000000,1,false)
(0.073671,0.000000,1,false)
(0.051507,0.000000,1,false)
(0.967332,1.000000,0,true)
(0.997950,1.000000,0,true)
(0.908875,1.000000,0,true)
(0.997939,1.000000,0,true)
(0.906826,1.000000,0,true)
(0.992217,1.000000,0,false)
(0.938037,1.000000,0,false)
(0.930112,1.000000,0,false)
(0.938056,1.000000,0,false)
(0.989917,1.000000,0,false)
(0.958880,1.000000,0,false)
(0.964214,1.000000,0,false)
(0.951217,1.000000,0,false)
(0.981457,1.000000,0,false)
(0.946595,1.000000,0,false)
(0.992036,1.000000,0,false)
(0.943674,1.000000,0,false)
(0.965800,1.000000,0,false)
(0.984710,1.000000,0,false)
(0.997288,1.000000,0,false)
(0.972647,1.000000,0,false)
(0.933609,1.000000,0,false)
(0.968165,1.000000,0,false)
(0.915398,1.000000,0,false)
(0.946283,1.000000,0,false)
(0.964484,1.000000,0,false)
(0.972147,1.000000,0,false)
(0.972025,1.000000,0,false)
(0.999460,1.000000,0,false)
(0.920640,1.000000,0,false)
(0.937673,1.000000,0,false)
(0.944704,1.000000,0,false)
(0.996648,1.000000,0,false)
(0.948961,1.000000,0,false)
(0.981829,1.000000,0,false)
(0.920041,1.000000,0,false)
(0.997025,1.000000,0,false)
(0.904838,1.000000,0,false)
(0.944368,1.000000,0,false)
(0.968804,1.000000,0,false)

(2,0,false)
(3,0,false)
(4,0,true)
(5,0,false)
(6,0,false)
(7,0,false)
(8,0,false)
(9,0,false)
(10,0,false)
(11,0,false)
(13,0,true)
(14,0,false)
(15,0,false)
(16,0,false)
(17,0,false)
(18,0,false)
(19,0,false)
(20,0,false)
(21,0,false)
(22,0,false)
(23,0,false)
(24,0,false)
(27,0,false)
(28,0,false)
(29,0,false)
(30,0,true)
(31,0,false)
(33,0,false)
(34,0,false)
(35,0,false)
(36,0,false)
(38,0,false)
(39,0,false)
(40,0,false)
(41,0,false)
(42,0,false)
(43,0,false)
(44,0,false)
(45,0,false)
(46,0,false)
(48,0,false)
(50,0,false)
(51,0,false)
(53,0,false)
(56,0,false)
(57,0,false)
(58,0,false)
(59,0,false)
(60,0,true)
(62,0,true)
(63,0,true)
(64,0,true)
(65,0,true)
(66,0,true)
(67,0,true)
(68,0,true)
(69,0,true)
(70,0,true)
(71,0,true)
(72,0,true)
(75,0,true)
(77,0,true)
(78,0,true)
(79,0,true)
(80,0,true)
(81,0,true)
(82,0,true)
(83,0,true)
(84,0,true)
(85,0,true)
(86,0,true)
(87,0,true)
(88,0,true)
(90,0,true)
(91,0,true)
(93,0,true)
(95,0,true)
(97,0,true)
(99,0,true)
(0,1,false)
(1,1,false)
(3,1,false)
(4,1,false)
(6,1,false)
(7,1,false)
(14,1,false)
(15,1,false)
(16,1,false)
(17,1,false)
(19,1,false)
(22,1,false)
(23,1,false)
(24,1,false)
(26,1,false)
(28,1,false)
(30,1,true)
(32,1,false)
(33,1,false)
(34,1,false)
(35,1,false)
(39,1,false)
(42,1,false)
(43,1,false)
(46,1,false)
(47,1,false)
(50,1,false)
(51,1,false)
(54,1,false)
(55,1,false)
(56,1,false)
(57,1,false)
(58,1,false)
(59,1,false)
(60,1,true)
(62,1,false)
(66,1,true)
(67,1,true)
(68,1,true)
(71,1,true)
(72,1,true)
(75,1,true)
(76,1,true)
(79,1,true)
(80,1,true)
(83,1,true)
(86,1,false)
(87,1,true)
(89,1,true)
(90,1,true)
(91,1,true)
(92,1,true)
(93,1,true)
(99,1,true)
(2,2,false)
(6,2,false)
(7,2,false)
(9,2,false)
(10,2,true)
(11,2,false)
(12,2,false)
(13,2,false)
(14,2,false)
(16,2,false)
(21,2,false)
(22,2,false)
(23,2,false)
(24,2,false)
(25,2,false)
(26,2,false)
(27,2,false)
(28,2,false)
(29,2,false)
(31,2,false)
(33,2,false)
(35,2,false)
(38,2,false)
(40,2,false)
(41,2,false)
(42,2,false)
(46,2,false)
(47,2,false)
(49,2,false)
(50,2,false)
(53,2,false)
(55,2,true)
(56,2,false)
(58,2,true)
(60,2,true)
(61,2,true)
(62,2,true)
(63,2,true)
(64,2,true)
(65,2,true)
(66,2,true)
(68,2,true)
(70,2,false)
(71,2,true)
(73,2,true)
(76,2,true)
(77,2,true)
(78,2,true)
(79,2,true)
(80,2,true)
(81,2,true)
(82,2,true)
(87,2,true)
(88,2,true)
(94,2,true)
(96,2,true)
(97,2,true)
(98,2,true)
(3,3,false)
(4,3,false)
(6,3,true)
(8,3,false)
(9,3,false)
(11,3,false)
(13,3,false)
(14,3,false)
(16,3,false)
(17,3,false)
(18,3,false)
(19,3,false)
(21,3,false)
(22,3,false)
(23,3,false)
(26,3,false)
(27,3,false)
(28,3,true)
(29,3,false)
(30,3,false)
(31,3,false)
(32,3,false)
(33,3,false)
(34,3,false)
(35,3,false)
(38,3,false)
(40,3,false)
(41,3,false)
(42,3,false)
(47,3,false)
(49,3,false)
(51,3,false)
(55,3,false)
(56,3,false)
(58,3,false)
(59,3,false)
(62,3,true)
(66,3,true)
(67,3,true)
(68,3,true)
(69,3,true)
(70,3,true)
(73,3,true)
(75,3,true)
(80,3,true)
(81,3,false)
(84,3,true)
(85,3,true)
(88,3,true)
(89,3,true)
(90,3,true)
(92,3,true)
(93,3,true)
(95,3,true)
(96,3,true)
(0,4,false)
(2,4,false)
(5,4,false)
(6,4,false)
(10,4,false)
(12,4,true)
(14,4,false)
(15,4,false)
(16,4,false)
(18,4,false)
(19,4,false)
(20,4,false)
(21,4,false)
(22,4,false)
(24,4,false)
(29,4,false)
(32,4,false)
(33,4,false)
(36,4,false)
(37,4,false)
(39,4,false)
(41,4,false)
(44,4,false)
(45,4,false)
(47,4,false)
(51,4,false)
(52,4,false)
(54,4,false)
(55,4,false)
(58,4,false)
(62,4,true)
(65,4,true)
(66,4,true)
(67,4,true)
(70,4,true)
(72,4,true)
(74,4,true)
(76,4,true)
(78,4,true)
(80,4,true)
(83,4,true)
(87,4,true)
(88,4,true)
(89,4,true)
(90,4,true)
(93,4,true)
(94,4,true)
(95,4,true)
(96,4,true)
(97,4,true)
(98,4,true)
(99,4,true)
(1,5,false)
(4,5,false)
(5,5,false)
(8,5,false)
(9,5,false)
(10,5,true)
(12,5,false)
(19,5,false)
(20,5,false)
(22,5,false)
(25,5,false)
(27,5,false)
(29,5,false)
(31,5,false)
(33,5,false)
(34,5,false)
(35,5,false)
(36,5,false)
(37,5,false)
(38,5,false)
(42,5,false)
(44,5,false)
(45,5,false)
(46,5,true)
(50,5,false)
(52,5,true)
(55,5,false)
(58,5,false)
(59,5,false)
(60,5,true)
(61,5,true)
(62,5,true)
(64,5,true)
(69,5,true)
(70,5,true)
(72,5,true)
(73,5,true)
(75,5,true)
(77,5,false)
(79,5,true)
(80,5,true)
(82,5,true)
(83,5,true)
(86,5,true)
(90,5,true)
(97,5,false)
(99,5,true)
(1,6,false)
(2,6,false)
(4,6,false)
(8,6,false)
(9,6,false)
(13,6,false)
(15,6,false)
(17,6,false)
(19,6,false)
(25,6,false)
(29,6,false)
(32,6,false)
(33,6,false)
(39,6,false)
(41,6,false)
(49,6,false)
(50,6,false)
(52,6,false)
(53,6,false)
(54,6,false)
(56,6,false)
(57,6,false)
(59,6,false)
(63,6,true)
(69,6,true)
(74,6,true)
(77,6,true)
(78,6,true)
(81,6,true)
(82,6,true)
(88,6,true)
(90,6,true)
(92,6,true)
(94,6,true)
(95,6,true)
(97,6,true)
(1,7,false)
(2,7,false)
(3,7,false)
(6,7,false)
(7,7,false)
(10,7,false)
(11,7,false)
(14,7,false)
(15,7,false)
(19,7,false)
(21,7,false)
(27,7,false)
(34,7,false)
(37,7,false)
(39,7,false)
(43,7,false)
(46,7,true)
(48,7,false)
(51,7,false)
(52,7,false)
(55,7,false)
(58,7,false)
(59,7,false)
(60,7,true)
(63,7,true)
(70,7,true)
(71,7,true)
(75,7,true)
(76,7,true)
(78,7,true)
(81,7,true)
(84,7,true)
(87,7,false)
(89,7,true)
(91,7,true)
(92,7,true)
(94,7,true)
(95,7,true)
(96,7,true)
(97,7,true)
(98,7,true)
(99,7,true)
(2,8,false)
(3,8,false)
(7,8,false)
(10,8,false)
(13,8,false)
(14,8,false)
(16,8,false)
(17,8,false)
(19,8,false)
(21,8,true)
(25,8,false)
(26,8,false)
(27,8,false)
(28,8,false)
(29,8,false)
(33,8,false)
(35,8,false)
(37,8,false)
(39,8,false)
(41,8,false)
(42,8,false)
(43,8,false)
(47,8,false)
(48,8,false)
(51,8,false)
(54,8,false)
(57,8,false)
(58,8,false)
(59,8,false)
(61,8,true)
(62,8,true)
(65,8,true)
(68,8,true)
(76,8,true)
(77,8,true)
(78,8,true)
(79,8,true)
(87,8,true)
(91,8,true)
(94,8,true)
(95,8,true)
(99,8,true)
(2,9,false)
(3,9,false)
(4,9,false)
(10,9,true)
(13,9,false)
(16,9,false)
(17,9,false)
(20,9,false)
(26,9,false)
(27,9,false)
(34,9,false)
(37,9,false)
(38,9,false)
(39,9,false)
(41,9,false)
(42,9,false)
(43,9,false)
(51,9,false)
(53,9,false)
(54,9,false)
(56,9,false)
(57,9,false)
(61,9,true)
(62,9,false)
(65,9,true)
(67,9,true)
(71,9,true)
(74,9,true)
(75,9,true)
(76,9,false)
(80,9,true)
(83,9,true)
(85,9,true)
(90,9,true)
(91,9,true)
(92,9,true)
(94,9,true)
(95,9,true)
(97,9,true)
(98,9,true)
(99,9,true)
(0,10,false)
(1,10,true)
(2,10,false)
(5,10,false)
(14,10,false)
(15,10,false)
(16,10,false)
(17,10,false)
(20,10,false)
(26,10,false)
(27,10,false)
(28,10,false)
(29,10,false)
(30,10,false)
(32,10,false)
(33,10,false)
(36,10,false)
(37,10,false)
(45,10,false)
(46,10,false)
(47,10,true)
(51,10,false)
(52,10,false)
(56,10,false)
(58,10,false)
(60,10,true)
(61,10,true)
(63,10,true)
(64,10,true)
(65,10,true)
(66,10,true)
(72,10,true)
(77,10,true)
(79,10,true)
(80,10,true)
(84,10,true)
(85,10,true)
(86,10,true)
(89,10,true)
(91,10,true)
(96,10,true)
(0,11,true)
(5,11,false)
(7,11,false)
(8,11,false)
(9,11,false)
(12,11,false)
(14,11,false)
(17,11,false)
(27,11,false)
(28,11,false)
(31,11,false)
(34,11,false)
(46,11,false)
(48,11,false)
(51,11,false)
(59,11,false)
(61,11,true)
(62,11,true)
(66,11,true)
(68,11,true)
(69,11,true)
(75,11,true)
(77,11,true)
(78,11,true)
(80,11,true)
(82,11,true)
(90,11,true)
(92,11,true)
(97,11,true)
(98,11,true)
(99,11,true)
(0,12,false)
(1,12,false)
(2,12,false)
(3,12,false)
(5,12,false)
(8,12,false)
(9,12,false)
(13,12,false)
(14,12,false)
(20,12,false)
(24,12,false)
(25,12,false)
(26,12,false)
(27,12,false)
(30,12,false)
(31,12,false)
(32,12,false)
(33,12,false)
(37,12,false)
(46,12,false)
(48,12,false)
(49,12,false)
(50,12,false)
(53,12,false)
(58,12,false)
(61,12,true)
(65,12,true)
(72,12,true)
(74,12,true)
(77,12,true)
(78,12,true)
(83,12,true)
(84,12,true)
(87,12,true)
(88,12,true)
(89,12,true)
(91,12,true)
(92,12,true)
(93,12,true)
(94,12,true)
(98,12,true)
(99,12,true)
(0,13,false)
(1,13,false)
(3,13,false)
(5,13,false)
(14,13,false)
(15,13,false)
(18,13,false)
(20,13,false)
(30,13,false)
(32,13,false)
(36,13,false)
(38,13,false)
(40,13,true)
(44,13,true)
(45,13,false)
(46,13,false)
(54,13,true)
(63,13,true)
(65,13,true)
(66,13,true)
(69,13,true)
(73,13,true)
(74,13,true)
(76,13,true)
(79,13,true)
(80,13,true)
(81,13,true)
(82,13,true)
(85,13,true)
(90,13,true)
(91,13,true)
(95,13,true)
(99,13,true)
(7,14,true)
(15,14,false)
(21,14,false)
(23,14,false)
(25,14,false)
(27,14,false)
(31,14,false)
(35,14,false)
(38,14,false)
(40,14,true)
(42,14,false)
(45,14,false)
(46,14,false)
(47,14,false)
(53,14,false)
(62,14,false)
(63,14,true)
(71,14,true)
(75,14,true)
(77,14,true)
(78,14,true)
(80,14,true)
(82,14,true)
(83,14,true)
(85,14,true)
(88,14,true)
(92,14,true)
(94,14,true)
(97,14,true)
(99,14,true)
(4,15,false)
(5,15,false)
(6,15,false)
(7,15,false)
(9,15,false)
(10,15,false)
(11,15,false)
(16,15,false)
(20,15,false)
(26,15,false)
(28,15,false)
(29,15,false)
(30,15,false)
(36,15,false)
(40,15,false)
(42,15,false)
(45,15,false)
(46,15,false)
(47,15,false)
(50,15,false)
(52,15,false)
(54,15,false)
(58,15,false)
(63,15,true)
(64,15,true)
(70,15,true)
(71,15,true)
(74,15,true)
(75,15,true)
(76,15,true)
(78,15,true)
(79,15,true)
(80,15,true)
(82,15,true)
(84,15,true)
(85,15,true)
(89,15,true)
(92,15,true)
(93,15,true)
(96,15,true)
(99,15,true)
(5,16,false)
(6,16,false)
(14,16,false)
(16,16,false)
(19,16,false)
(20,16,false)
(21,16,false)
(25,16,false)
(26,16,false)
(29,16,false)
(31,16,false)
(34,16,false)
(42,16,false)
(49,16,false)
(51,16,false)
(52,16,false)
(53,16,false)
(55,16,false)
(60,16,true)
(61,16,true)
(63,16,true)
(71,16,true)
(72,16,true)
(79,16,true)
(84,16,true)
(85,16,true)
(87,16,true)
(91,16,true)
(92,16,true)
(96,16,true)
(97,16,true)
(0,17,false)
(7,17,false)
(11,17,false)
(12,17,false)
(15,17,false)
(16,17,false)
(17,17,false)
(20,17,false)
(26,17,true)
(33,17,false)
(40,17,false)
(41,17,false)
(44,17,false)
(47,17,false)
(48,17,false)
(56,17,true)
(60,17,true)
(61,17,true)
(62,17,true)
(63,17,true)
(70,17,true)
(71,17,true)
(73,17,true)
(75,17,true)
(79,17,true)
(81,17,true)
(83,17,true)
(86,17,true)
(87,17,true)
(89,17,true)
(91,17,true)
(96,17,true)
(97,17,true)
(98,17,true)
(99,17,true)
(3,18,false)
(7,18,false)
(13,18,false)
(17,18,false)
(19,18,false)
(20,18,false)
(23,18,true)
(25,18,false)
(26,18,false)
(33,18,false)
(36,18,false)
(47,18,false)
(49,18,false)
(55,18,false)
(59,18,false)
(64,18,false)
(67,18,true)
(68,18,false)
(72,18,true)
(73,18,true)
(81,18,true)
(82,18,true)
(83,18,true)
(87,18,true)
(90,18,true)
(91,18,true)
(99,18,true)
(0,19,false)
(1,19,false)
(8,19,false)
(9,19,false)
(12,19,false)
(14,19,false)
(17,19,false)
(20,19,false)
(23,19,false)
(26,19,false)
(27,19,true)
(29,19,false)
(38,19,true)
(39,19,false)
(47,19,false)
(48,19,false)
(53,19,false)
(54,19,false)
(57,19,false)
(63,19,true)
(73,19,true)
(75,19,true)
(78,19,true)
(80,19,true)
(81,19,true)
(83,19,true)
(86,19,true)
(91,19,true)
(0,20,false)
(2,20,false)
(5,20,false)
(13,20,false)
(14,20,false)
(15,20,false)
(16,20,false)
(20,20,false)
(21,20,false)
(25,20,false)
(30,20,false)
(34,20,false)
(40,20,false)
(41,20,false)
(44,20,false)
(47,20,false)
(50,20,false)
(52,20,true)
(53,20,false)
(54,20,false)
(56,20,false)
(57,20,false)
(62,20,true)
(71,20,true)
(77,20,true)
(82,20,false)
(83,20,false)
(84,20,true)
(93,20,true)
(99,20,true)
(1,21,false)
(4,21,false)
(5,21,false)
(8,21,false)
(10,21,false)
(11,21,false)
(12,21,false)
(13,21,false)
(15,21,false)
(17,21,false)
(23,21,false)
(26,21,false)
(30,21,false)
(32,21,false)
(33,21,false)
(41,21,false)
(47,21,false)
(50,21,false)
(51,21,false)
(55,21,false)
(58,21,false)
(59,21,false)
(60,21,true)
(64,21,true)
(65,21,true)
(84,21,true)
(85,21,true)
(90,21,false)
(91,21,false)
(93,21,true)
(94,21,true)
(96,21,true)
(99,21,true)
(0,22,false)
(13,22,false)
(16,22,false)
(17,22,false)
(21,22,false)
(23,22,false)
(27,22,false)
(31,22,false)
(32,22,true)
(34,22,false)
(41,22,false)
(45,22,false)
(46,22,false)
(53,22,false)
(63,22,true)
(65,22,false)
(66,22,true)
(67,22,true)
(69,22,true)
(73,22,true)
(75,22,true)
(79,22,true)
(80,22,true)
(82,22,true)
(86,22,true)
(87,22,true)
(89,22,false)
(99,22,true)
(8,23,false)
(13,23,false)
(19,23,false)
(26,23,false)
(28,23,false)
(31,23,false)
(33,23,false)
(38,23,false)
(41,23,false)
(45,23,false)
(49,23,false)
(54,23,false)
(55,23,false)
(56,23,false)
(58,23,false)
(62,23,true)
(65,23,true)
(67,23,true)
(68,23,true)
(74,23,true)
(75,23,true)
(77,23,true)
(81,23,true)
(82,23,true)
(83,23,true)
(90,23,true)
(91,23,true)
(94,23,true)
(95,23,true)
(99,23,true)
(3,24,false)
(7,24,false)
(11,24,false)
(17,24,false)
(24,24,false)
(26,24,false)
(28,24,false)
(31,24,false)
(33,24,false)
(34,24,false)
(35,24,false)
(36,24,false)
(39,24,false)
(40,24,false)
(45,24,false)
(46,24,false)
(47,24,false)
(48,24,false)
(51,24,false)
(62,24,true)
(65,24,true)
(70,24,true)
(74,24,true)
(76,24,true)
(84,24,true)
(88,24,true)
(89,24,true)
(90,24,true)
(96,24,true)
(0,25,false)
(3,25,false)
(10,25,false)
(12,25,false)
(18,25,false)
(22,25,false)
(24,25,false)
(25,25,false)
(32,25,false)
(33,25,false)
(34,25,false)
(36,25,false)
(38,25,true)
(39,25,false)
(41,25,false)
(42,25,false)
(48,25,false)
(50,25,false)
(51,25,false)
(52,25,false)
(59,25,false)
(61,25,true)
(65,25,true)
(69,25,true)
(75,25,true)
(77,25,true)
(80,25,true)
(82,25,true)
(85,25,true)
(86,25,true)
(6,26,false)
(7,26,false)
(10,26,false)
(14,26,true)
(15,26,false)
(16,26,false)
(18,26,false)
(23,26,false)
(38,26,false)
(41,26,false)
(43,26,false)
(44,26,false)
(51,26,false)
(54,26,false)
(55,26,false)
(58,26,true)
(64,26,true)
(78,26,true)
(79,26,true)
(81,26,true)
(88,26,true)
(90,26,true)
(92,26,true)
(93,26,true)
(95,26,true)
(96,26,true)
(4,27,false)
(7,27,false)
(21,27,false)
(23,27,false)
(24,27,false)
(27,27,false)
(37,27,false)
(38,27,false)
(44,27,false)
(46,27,false)
(48,27,false)
(52,27,true)
(58,27,false)
(59,27,false)
(66,27,true)
(74,27,true)
(79,27,true)
(80,27,true)
(82,27,true)
(86,27,true)
(89,27,true)
(96,27,true)
(98,27,true)
(99,27,true)
(1,28,false)
(4,28,false)
(9,28,false)
(10,28,false)
(14,28,false)
(15,28,false)
(17,28,false)
(18,28,false)
(21,28,false)
(24,28,false)
(26,28,false)
(32,28,false)
(38,28,false)
(44,28,false)
(45,28,false)
(53,28,false)
(54,28,false)
(58,28,false)
(62,28,true)
(65,28,true)
(71,28,true)
(81,28,true)
(84,28,true)
(98,28,true)
(1,29,false)
(2,29,false)
(3,29,false)
(5,29,false)
(10,29,false)
(11,29,false)
(12,29,false)
(13,29,false)
(14,29,false)
(15,29,false)
(19,29,false)
(25,29,false)
(31,29,false)
(35,29,false)
(36,29,false)
(37,29,false)
(40,29,false)
(41,29,false)
(46,29,false)
(47,29,false)
(50,29,false)
(52,29,false)
(61,29,true)
(63,29,true)
(64,29,true)
(65,29,true)
(68,29,true)
(71,29,true)
(73,29,true)
(77,29,true)
(79,29,true)
(82,29,true)
(85,29,true)
(90,29,true)
(91,29,false)
(93,29,true)
(99,29,true)
(3,30,false)
(8,30,false)
(11,30,false)
(12,30,false)
(14,30,false)
(17,30,true)
(19,30,false)
(20,30,false)
(21,30,false)
(23,30,false)
(26,30,false)
(29,30,false)
(30,30,false)
(33,30,false)
(34,30,false)
(36,30,false)
(37,30,false)
(42,30,false)
(45,30,false)
(47,30,false)
(54,30,false)
(56,30,false)
(63,30,true)
(64,30,true)
(66,30,true)
(71,30,true)
(72,30,true)
(73,30,true)
(75,30,true)
(82,30,true)
(83,30,true)
(85,30,true)
(0,31,false)
(6,31,false)
(8,31,false)
(12,31,false)
(14,31,false)
(17,31,false)
(25,31,false)
(33,31,false)
(40,31,false)
(45,31,false)
(46,31,false)
(47,31,false)
(48,31,false)
(53,31,false)
(56,31,false)
(62,31,true)
(64,31,true)
(69,31,true)
(70,31,true)
(71,31,true)
(73,31,true)
(81,31,true)
(86,31,true)
(88,31,true)
(91,31,true)
(92,31,true)
(99,31,true)
(2,32,false)
(6,32,false)
(13,32,false)
(23,32,false)
(24,32,false)
(25,32,false)
(26,32,false)
(33,32,false)
(34,32,false)
(36,32,false)
(44,32,false)
(45,32,false)
(46,32,false)
(47,32,false)
(49,32,false)
(50,32,false)
(52,32,false)
(54,32,false)
(63,32,true)
(64,32,true)
(70,32,true)
(73,32,true)
(77,32,true)
(3,33,false)
(6,33,false)
(7,33,false)
(14,33,false)
(17,33,false)
(20,33,false)
(23,33,false)
(28,33,false)
(32,33,false)
(36,33,false)
(37,33,false)
(40,33,false)
(42,33,false)
(45,33,false)
(46,33,false)
(47,33,false)
(48,33,false)
(50,33,false)
(53,33,false)
(54,33,false)
(56,33,false)
(57,33,false)
(62,33,true)
(68,33,true)
(76,33,true)
(87,33,true)
(94,33,true)
(1,34,false)
(4,34,false)
(10,34,false)
(12,34,false)
(14,34,false)
(16,34,true)
(25,34,false)
(33,34,false)
(36,34,false)
(41,34,false)
(44,34,false)
(48,34,false)
(59,34,false)
(69,34,true)
(81,34,false)
(83,34,false)
(93,34,true)
(96,34,true)
(97,34,true)
(99,34,true)
(1,35,false)
(2,35,false)
(6,35,false)
(7,35,false)
(13,35,false)
(18,35,false)
(19,35,false)
(26,35,false)
(33,35,false)
(36,35,false)
(39,35,false)
(41,35,false)
(43,35,false)
(66,35,true)
(69,35,true)
(73,35,true)
(75,35,true)
(79,35,true)
(81,35,true)
(84,35,true)
(85,35,true)
(87,35,true)
(92,35,true)
(96,35,true)
(97,35,false)
(1,36,false)
(11,36,false)
(24,36,false)
(25,36,false)
(27,36,false)
(31,36,false)
(32,36,false)
(34,36,false)
(35,36,false)
(54,36,false)
(58,36,false)
(66,36,true)
(67,36,true)
(69,36,true)
(71,36,true)
(73,36,true)
(74,36,true)
(80,36,true)
(81,36,true)
(85,36,true)
(86,36,true)
(95,36,true)
(97,36,true)
(99,36,true)
(3,37,false)
(5,37,false)
(6,37,false)
(8,37,false)
(10,37,false)
(12,37,false)
(18,37,false)
(19,37,false)
(30,37,false)
(39,37,false)
(40,37,false)
(42,37,false)
(47,37,false)
(52,37,true)
(53,37,false)
(59,37,false)
(68,37,true)
(74,37,true)
(77,37,true)
(79,37,true)
(87,37,true)
(91,37,true)
(92,37,true)
(3,38,false)
(5,38,false)
(8,38,false)
(24,38,false)
(26,38,false)
(27,38,false)
(37,38,false)
(39,38,false)
(41,38,false)
(46,38,false)
(54,38,false)
(55,38,false)
(58,38,false)
(59,38,false)
(61,38,true)
(64,38,true)
(66,38,true)
(67,38,true)
(68,38,true)
(70,38,true)
(74,38,true)
(80,38,true)
(87,38,true)
(92,38,true)
(93,38,true)
(99,38,true)
(0,39,false)
(2,39,false)
(15,39,false)
(21,39,false)
(29,39,false)
(31,39,false)
(37,39,false)
(43,39,false)
(47,39,false)
(52,39,false)
(53,39,false)
(58,39,false)
(59,39,false)
(65,39,true)
(70,39,true)
(75,39,true)
(79,39,true)
(80,39,true)
(84,39,true)
(89,39,true)
(90,39,true)
(92,39,true)
(93,39,true)
(5,40,false)
(10,40,false)
(11,40,false)
(12,40,false)
(15,40,false)
(18,40,false)
(21,40,false)
(23,40,false)
(24,40,false)
(28,40,false)
(35,40,false)
(48,40,false)
(54,40,false)
(57,40,false)
(69,40,true)
(70,40,true)
(78,40,true)
(82,40,true)
(87,40,true)
(89,40,true)
(91,40,true)
(95,40,true)
(3,41,false)
(4,41,false)
(7,41,false)
(8,41,true)
(10,41,false)
(13,41,false)
(22,41,false)
(23,41,false)
(24,41,false)
(26,41,false)
(34,41,false)
(35,41,false)
(49,41,false)
(50,41,false)
(51,41,false)
(62,41,false)
(64,41,true)
(68,41,true)
(70,41,true)
(77,41,true)
(80,41,true)
(91,41,true)
(3,42,false)
(11,42,false)
(12,42,false)
(19,42,false)
(22,42,false)
(25,42,false)
(27,42,false)
(32,42,false)
(38,42,false)
(42,42,false)
(49,42,false)
(56,42,false)
(59,42,false)
(62,42,true)
(64,42,true)
(66,42,true)
(77,42,true)
(79,42,true)
(95,42,true)
(97,42,true)
(0,43,false)
(8,43,false)
(9,43,false)
(14,43,false)
(15,43,false)
(17,43,false)
(19,43,false)
(32,43,false)
(38,43,false)
(39,43,false)
(41,43,false)
(42,43,false)
(43,43,false)
(52,43,true)
(58,43,false)
(63,43,true)
(65,43,true)
(66,43,true)
(68,43,true)
(71,43,true)
(74,43,true)
(82,43,true)
(83,43,true)
(84,43,true)
(90,43,true)
(91,43,true)
(96,43,true)
(1,44,false)
(3,44,false)
(4,44,false)
(8,44,false)
(12,44,false)
(30,44,false)
(36,44,false)
(43,44,false)
(53,44,false)
(63,44,true)
(75,44,true)
(79,44,true)
(92,44,true)
(11,45,false)
(23,45,false)
(26,45,true)
(32,45,false)
(38,45,false)
(51,45,false)
(55,45,false)
(57,45,false)
(58,45,false)
(61,45,true)
(64,45,true)
(77,45,true)
(85,45,true)
(86,45,true)
(91,45,true)
(96,45,true)
(6,46,false)
(7,46,false)
(13,46,false)
(17,46,false)
(21,46,false)
(26,46,true)
(35,46,false)
(37,46,false)
(44,46,false)
(50,46,false)
(54,46,false)
(56,46,false)
(62,46,true)
(65,46,true)
(69,46,true)
(71,46,true)
(74,46,true)
(81,46,true)
(82,46,true)
(86,46,true)
(87,46,true)
(88,46,true)
(90,46,true)
(92,46,true)
(95,46,true)
(99,46,true)
(4,47,false)
(20,47,false)
(33,47,false)
(35,47,true)
(42,47,false)
(43,47,false)
(47,47,false)
(48,47,false)
(51,47,false)
(56,47,false)
(62,47,true)
(64,47,true)
(69,47,true)
(85,47,true)
(87,47,true)
(89,47,true)
(97,47,true)
(9,48,false)
(10,48,false)
(14,48,false)
(17,48,false)
(18,48,true)
(28,48,false)
(38,48,false)
(49,48,false)
(50,48,false)
(53,48,false)
(54,48,false)
(60,48,true)
(61,48,true)
(63,48,true)
(73,48,true)
(76,48,true)
(79,48,true)
(83,48,true)
(85,48,true)
(88,48,true)
(96,48,true)
(6,49,false)
(7,49,false)
(8,49,false)
(9,49,false)
(18,49,false)
(38,49,false)
(39,49,false)
(41,49,false)
(46,49,false)
(48,49,false)
(50,49,false)
(54,49,false)
(57,49,false)
(60,49,true)
(62,49,true)
(65,49,true)
(91,49,true)
(95,49,true)
(98,49,true)
(9,50,false)
(16,50,false)
(17,50,false)
(23,50,false)
(25,50,false)
(28,50,false)
(29,50,false)
(34,50,false)
(37,50,false)
(39,50,false)
(41,50,false)
(47,50,false)
(59,50,false)
(60,50,true)
(80,50,true)
(88,50,true)
(93,50,true)
(98,50,true)
(4,51,false)
(5,51,false)
(8,51,false)
(12,51,false)
(20,51,true)
(23,51,false)
(26,51,false)
(28,51,false)
(30,51,false)
(39,51,false)
(41,51,false)
(42,51,false)
(43,51,false)
(46,51,false)
(48,51,false)
(51,51,false)
(52,51,false)
(55,51,false)
(58,51,false)
(74,51,true)
(77,51,true)
(78,51,true)
(84,51,true)
(91,51,true)
(1,52,false)
(3,52,true)
(6,52,true)
(37,52,false)
(38,52,false)
(39,52,false)
(43,52,false)
(48,52,false)
(50,52,false)
(53,52,false)
(56,52,false)
(62,52,true)
(64,52,true)
(67,52,true)
(72,52,true)
(76,52,true)
(79,52,true)
(80,52,true)
(81,52,true)
(86,52,true)
(87,52,true)
(91,52,true)
(1,53,false)
(10,53,false)
(13,53,false)
(15,53,false)
(19,53,false)
(23,53,false)
(25,53,false)
(33,53,false)
(34,53,false)
(40,53,false)
(44,53,false)
(49,53,false)
(50,53,false)
(55,53,true)
(56,53,false)
(57,53,false)
(76,53,true)
(95,53,true)
(98,53,true)
(99,53,true)
(11,54,false)
(16,54,false)
(18,54,false)
(25,54,false)
(32,54,false)
(34,54,false)
(36,54,false)
(37,54,false)
(45,54,false)
(47,54,false)
(61,54,true)
(75,54,true)
(81,54,true)
(93,54,false)
(95,54,true)
(96,54,true)
(0,55,false)
(2,55,false)
(6,55,false)
(13,55,false)
(14,55,false)
(15,55,true)
(17,55,false)
(18,55,false)
(20,55,false)
(23,55,false)
(26,55,false)
(28,55,false)
(29,55,false)
(35,55,false)
(38,55,false)
(39,55,false)
(41,55,false)
(44,55,false)
(53,55,false)
(59,55,false)
(62,55,true)
(66,55,true)
(68,55,true)
(77,55,true)
(83,55,false)
(86,55,true)
(90,55,true)
(98,55,true)
(99,55,true)
(0,56,false)
(1,56,false)
(2,56,false)
(5,56,false)
(14,56,false)
(16,56,false)
(36,56,false)
(38,56,false)
(42,56,false)
(43,56,false)
(46,56,true)
(50,56,false)
(55,56,false)
(65,56,true)
(72,56,true)
(76,56,true)
(78,56,true)
(85,56,true)
(92,56,true)
(3,57,false)
(6,57,false)
(7,57,false)
(12,57,false)
(23,57,false)
(25,57,false)
(29,57,false)
(33,57,false)
(34,57,false)
(35,57,false)
(39,57,false)
(43,57,false)
(62,57,true)
(68,57,true)
(85,57,true)
(96,57,true)
(98,57,true)
(0,58,false)
(6,58,false)
(9,58,false)
(12,58,false)
(19,58,false)
(21,58,false)
(31,58,false)
(44,58,false)
(47,58,false)
(55,58,true)
(67,58,true)
(68,58,true)
(75,58,true)
(77,58,true)
(91,58,true)
(97,58,true)
(99,58,true)
(0,59,false)
(2,59,true)
(19,59,false)
(23,59,false)
(40,59,false)
(45,59,false)
(51,59,false)
(54,59,false)
(60,59,true)
(73,59,true)
(77,59,true)
(95,59,true)
(96,59,true)
(97,59,true)
(8,60,false)
(10,60,false)
(14,60,false)
(21,60,false)
(24,60,false)
(27,60,false)
(34,60,false)
(42,60,false)
(45,60,false)
(47,60,false)
(48,60,false)
(55,60,false)
(57,60,false)
(63,60,true)
(65,60,true)
(71,60,true)
(78,60,true)
(83,60,true)
(95,60,true)
(3,61,false)
(5,61,false)
(9,61,false)
(13,61,false)
(14,61,false)
(17,61,false)
(18,61,false)
(22,61,false)
(25,61,false)
(36,61,false)
(38,61,false)
(50,61,false)
(59,61,false)
(62,61,true)
(66,61,true)
(69,61,true)
(72,61,true)
(77,61,true)
(79,61,true)
(89,61,true)
(91,61,true)
(93,61,true)
(96,61,true)
(98,61,false)

(90,33)
(51,5)
(2,3)
(41,1)
(58,9)
(27,41)
(11,35)
(5,7)
(81,50)
(59,10)
(77,19)
(43,60)
(74,30)
(44,7)
(78,10)
(53,7)
(40,56)
(67,16)
(26,5)
(51,22)
(43,19)
(68,36)
(10,6)
(69,33)
(78,33)
(48,45)
(62,18)
(18,9)
(75,2)
(50,9)
(32,24)
(20,41)
(48,22)
(18,45)
(73,45)
(6,22)
(60,19)
(49,39)
(36,45)
(57,13)
(15,41)
(14,32)
(59,43)
(29,48)
(60,33)
(36,38)
(7,5)
(88,21)
(31,61)
(57,55)
(58,13)
(49,19)
(81,33)
(75,16)
(80,7)
(19,22)
(64,25)
(37,41)
(15,8)
(19,13)
(56,7)
(70,27)
(1,18)
(26,6)
(66,44)
(95,41)
(82,3)
(2,13)
(30,35)
(88,25)
(48,2)
(86,32)
(71,33)
(8,1)
(32,49)
(61,55)
(96,38)
(41,56)
(3,59)
(27,6)
(91,3)
(1,47)
(68,5)
(6,48)
(48,44)
(48,16)
(76,60)
(69,42)
(73,23)
(24,14)
(97,13)
(38,50)
(77,13)
(50,45)
(6,29)
(71,50)
(20,34)
(8,27)
(35,13)
(73,11)
(42,28)
(2,40)
(31,13)
(46,3)
(64,6)
(94,29)
(77,48)
(30,32)
(70,14)
(9,30)
(80,60)
(82,35)
(35,59)
(69,15)
(21,45)
(4,39)
(80,54)
(32,0)
(91,25)
(76,40)
(64,11)
(51,48)
(41,28)
(4,2)
(98,46)
(27,20)
(7,32)
(78,1)
(76,18)
(57,16)
(88,54)
(68,10)
(33,51)
(79,23)
(5,6)
(14,36)
(52,18)
(27,54)
(31,9)
(82,39)
(6,50)
(75,33)
(68,27)
(89,51)
(86,13)
(33,22)
(15,5)
(29,22)
(51,12)
(21,21)
(47,28)
(91,59)
(65,32)
(55,55)
(0,47)
(63,1)
(39,2)
(80,47)
(64,16)
(14,14)
(30,2)
(44,8)
(8,36)
(64,12)
(53,38)
(47,6)
(69,48)
(30,22)
(14,25)
(40,42)
(95,1)
(44,23)
(52,2)
(21,24)
(26,60)
(4,19)
(15,30)
(20,2)
(4,48)
(75,51)
(59,16)
(26,43)
(27,26)
(30,17)
(51,2)
(51,54)
(56,59)
(34,23)
(60,58)
(92,22)
(88,7)
(49,30)
(65,14)
(56,54)
(73,24)
(7,6)
(51,56)
(98,51)
(12,45)
(25,49)
(74,56)
(15,33)
(38,1)
(75,36)
(48,55)
(39,26)
(51,44)
(64,53)
(12,15)
(2,34)
(79,3)
(85,32)
(37,1)
(42,7)
(16,11)
(74,5)
(57,21)
(23,29)
(84,48)
(11,51)
(24,50)
(72,55)
(74,7)
(51,33)
(73,8)
(10,45)
(83,45)
(75,38)
(32,17)
(53,13)
(72,38)
(29,42)
(99,48)
(68,4)
(44,10)
(82,9)
(94,37)
(47,22)
(49,59)
(82,31)
(93,58)
(13,5)
(62,38)
(53,1)
(16,38)
(76,57)
(51,39)
(91,28)
(81,12)
(41,37)
(87,26)
(25,59)
(19,56)
(75,41)
(45,11)
(71,34)
(63,57)
(94,44)
(62,29)
(58,6)
(15,31)
(58,29)
(85,1)
(62,32)
(76,3)
(39,28)
(19,51)
(16,33)
(7,13)
(29,20)
(80,6)
(16,46)
(95,12)
(43,48)
(78,3)
(80,31)
(0,8)
(56,27)
(63,39)
(75,12)
(87,6)
(73,50)
(0,42)
(88,5)
(19,55)
(79,25)
(12,12)
(4,56)
(44,50)
(36,42)
(37,11)
(66,25)
(81,45)
(52,33)
(13,14)
(80,48)
(5,26)
(90,10)
(70,48)
(30,8)
(72,51)
(39,21)
(54,29)
(73,7)
(85,46)
(31,47)
(22,55)
(6,43)
(48,5)
(62,12)
(17,44)
(66,12)
(49,5)
(2,27)
(98,3)
(63,20)
(96,5)
(21,33)
(52,40)
(48,41)
(60,29)
(89,30)
(32,27)
(62,30)
(40,26)
(18,7)
(66,39)
(12,41)
(75,61)
(70,13)
(92,0)
(4,7)
(48,28)
(16,12)
(73,53)
(22,13)
(94,45)
(32,23)
(14,42)
(26,7)
(14,15)
(66,29)
(63,51)
(10,13)
(66,6)
(12,38)
(27,24)
(19,2)
(56,15)
(19,9)
(71,47)
(67,13)
(92,51)
(23,17)
(73,46)
(48,29)
(46,21)
(7,19)
(9,1)
(71,12)
(79,19)
(52,41)
(15,2)
(25,27)
(44,61)
(75,60)
(21,49)
(8,20)
(78,13)
(22,24)
(7,29)
(48,1)
(44,59)
(23,44)
(71,38)
(50,34)
(19,20)
(65,3)
(31,37)
(83,37)
(34,2)
(67,5)
(20,1)
(99,16)
(19,32)
(22,11)
(33,37)
(46,60)
(7,25)
(48,18)
(88,44)
(71,3)
(23,9)
(0,32)
(36,3)
(72,3)
(21,6)
(17,35)
(98,13)
(37,2)
(36,41)
(92,17)
(79,36)
(84,19)
(65,48)
(16,51)
(8,54)
(48,14)
(71,26)
(32,61)
(74,8)
(30,57)
(12,14)
(27,58)
(17,13)
(24,20)
(84,17)
(35,25)
(32,35)
(4,59)
(9,7)
(98,34)
(66,19)
(34,37)
(31,27)
(52,13)
(22,58)
(74,1)
(75,32)
(74,16)
(72,58)
(49,27)
(92,2)
(95,35)
(80,35)
(54,43)
(7,10)
(29,11)
(62,15)
(2,16)
(6,5)
(63,27)
(49,51)
(89,42)
(73,40)
(26,59)
(42,4)
(13,19)
(65,55)
(64,59)
(37,48)
(64,37)
(74,32)
(48,3)
(92,25)
(57,36)
(41,40)
(85,6)
(34,33)
(52,55)
(5,31)
(80,18)
(89,41)
(34,40)
(78,34)
(29,35)
(24,9)
(48,39)
(46,18)
(62,13)
(69,52)
(86,18)
(65,5)
(8,15)
(87,20)
(52,11)
(62,56)
(69,7)
(82,44)
(29,58)
(27,48)
(55,6)
(76,46)
(35,54)
(44,6)
(36,1)
(17,26)
(49,13)
(24,29)
(92,54)
(45,44)
(7,47)
(9,51)
(40,5)
(24,21)
(51,58)
(30,39)
(72,14)
(73,47)
(47,11)
(55,41)
(78,25)
(66,32)
(36,21)
(30,60)
(1,27)
(16,23)
(9,16)
(9,60)
(11,25)
(46,28)
(6,40)
(49,0)
(88,8)
(31,48)
(79,51)
(0,57)
(83,53)
(85,24)
(23,23)
(79,41)
(16,24)
(8,45)
(15,48)
(53,59)
(32,19)
(99,50)
(86,29)
(62,22)
(45,19)
(22,34)
(98,0)
(50,39)
(59,22)
(20,37)
(74,34)
(81,58)
(58,20)
(44,38)
(29,47)
(94,42)
(33,14)
(70,18)
(43,32)
(98,10)
(3,16)
(9,10)
(53,3)
(49,37)
(91,35)
(33,38)
(87,25)
(22,49)
(66,26)
(32,55)
(53,49)
(21,12)
(98,16)
(70,50)
(64,20)
(24,53)
(37,49)
(39,11)
(90,22)
(55,49)
(37,21)
(63,38)
(17,16)
(79,53)
(33,19)
(9,26)
(19,31)
(64,1)
(2,24)
(71,41)
(12,9)
(65,6)
(64,51)
(26,0)
(96,22)
(23,15)
(28,12)
(77,4)
(61,35)
(85,23)
(83,40)
(77,16)
(8,17)
(58,11)
(36,8)
(59,32)
(74,49)
(38,22)
(15,38)
(14,45)
(54,27)
(10,36)
(75,40)
(74,50)
(11,10)
(46,36)
(27,34)
(46,8)
(46,53)
(79,40)
(70,42)
(87,44)
(98,6)
(81,29)
(96,47)
(17,14)
(37,16)
(27,57)
(44,56)
(21,5)
(44,47)
(4,16)
(20,56)
(92,29)
(50,14)
(59,57)
(98,38)
(17,2)
(51,29)
(48,42)
(45,39)
(9,4)
(20,36)
(59,2)
(75,49)
(62,25)
(86,61)
(20,7)
(41,14)
(37,26)
(86,30)
(88,11)
(71,10)
(84,2)
(0,0)
(67,20)
(43,42)
(72,23)
(36,11)
(3,15)
(72,22)
(81,4)
(98,18)
(83,3)
(4,13)
(81,32)
(3,6)
(25,17)
(37,43)
(60,4)
(37,3)
(88,36)
(1,38)
(28,25)
(34,52)
(9,23)
(73,41)
(82,28)
(69,2)
(14,52)
(60,6)
(26,37)
(39,33)
(70,36)
(1,59)
(81,56)
(24,3)
(41,5)
(64,7)
(8,16)
(30,31)
(5,52)
(19,38)
(9,52)
(92,20)
(51,18)
(38,4)
(18,53)
(16,40)
(63,47)
(99,51)
(37,18)
(81,41)
(49,47)
(54,11)
(59,36)
(18,14)
(67,49)
(54,44)
(80,26)
(29,51)
(90,41)
(67,42)
(54,3)
(33,28)
(38,46)
(90,31)
(79,58)
(12,7)
(14,57)
(71,51)
(19,14)
(28,17)
(59,46)
(12,10)
(30,48)
(37,0)
(59,4)
(7,20)
(18,11)
(78,50)
(15,18)
(22,9)
(61,3)
(51,46)
(17,59)
(93,51)
(91,6)
(96,13)
(89,8)
(43,3)
(10,12)
(67,34)
(75,59)
(95,52)
(26,44)
(0,30)
(92,33)
(17,60)
(82,52)
(65,17)
(91,5)
(7,51)
(53,60)
(78,24)
(60,31)
(19,26)
(49,11)
(9,41)
(40,19)
(49,25)
(97,3)
(11,28)
(0,3)
(96,9)
(86,44)
(72,34)
(11,46)
(23,8)
(79,34)
(34,55)
(0,16)
(66,46)
(40,11)
(18,12)
(69,14)
(0,49)
(11,5)
(56,39)
(77,33)
(82,54)
(25,1)
(84,37)
(96,0)
(46,44)
(9,33)
(71,11)
(58,48)
(40,10)
(25,45)
(1,3)
(46,23)
(79,56)
(22,16)
(1,25)
(99,30)
(87,51)
(40,12)
(14,22)
(81,1)
(84,13)
(28,4)
(35,4)
(96,32)
(42,17)
(19,61)
(54,5)
(26,25)
(26,11)
(39,15)
(11,32)
(15,24)
(9,45)
(11,8)
(43,34)
(58,32)
(15,46)
(78,9)
(80,24)
(73,4)
(41,54)
(84,49)
(96,14)
(5,53)
(51,15)
(31,50)
(43,31)
(51,34)
(20,27)
(93,8)
(91,38)
(2,19)
(52,34)
(97,1)
(10,61)
(49,1)
(48,15)
(25,40)
(6,51)
(18,10)
(96,28)
(12,35)
(50,37)
(94,52)
(0,24)
(98,54)
(28,9)
(29,21)
(98,21)
(69,30)
(66,14)
(98,22)
(77,7)
(55,9)
(98,35)
(89,50)
(62,7)
(68,6)
(31,15)
(46,52)
(80,30)
(32,48)
(26,48)
(65,1)
(7,39)
(48,37)
(12,3)
(50,17)
(47,35)
(27,35)
(23,58)
(33,7)
(95,20)
(14,6)
(97,30)
(72,60)
(54,41)
(50,16)
(57,24)
(43,41)
(99,43)
(60,15)
(70,25)
(21,32)
(45,53)
(83,58)
(82,50)
(47,42)
(20,46)
(58,18)
(2,44)
(29,7)
(5,8)
(70,9)
(15,11)
(23,34)
(65,59)
(96,50)
(50,4)
(59,31)
(84,9)
(43,2)
(93,22)
(42,10)
(11,58)
(2,1)
(42,6)
(93,27)
(79,21)
(92,19)
(57,17)
(50,42)
(82,1)
(87,50)
(99,39)
(74,28)
(17,56)
(96,49)
(20,59)
(6,53)
(57,38)
(57,11)
(3,22)
(66,9)
(36,55)
(50,3)
(64,35)
(65,34)
(5,34)
(9,35)
(59,13)
(92,8)
(13,13)
(84,30)
(55,39)
(91,26)
(72,33)
(68,52)
(5,44)
(79,46)
(77,3)
(42,12)
(68,35)
(68,12)
(13,50)
(24,6)
(41,11)
(19,49)
(73,20)
(68,26)
(80,45)
(23,7)
(78,22)
(52,42)
(3,31)
(13,37)
(84,52)
(38,59)
(28,6)
(60,34)
(61,61)
(54,2)
(75,37)
(69,12)
(77,54)
(83,22)
(36,22)
(77,50)
(44,15)
(84,5)
(39,29)
(50,38)
(52,3)
(81,24)
(38,10)
(73,60)
(8,46)
(15,61)
(25,24)
(97,19)
(15,22)
(69,38)
(20,6)
(13,31)
(34,8)
(3,40)
(97,29)
(70,51)
(70,22)
(29,17)
(59,26)
(52,54)
(60,24)
(44,22)
(33,39)
(33,13)
(80,20)
(86,3)
(99,44)
(45,6)
(31,52)
(0,60)
(0,28)
(17,42)
(95,30)
(64,54)
(54,7)
(12,36)
(45,29)
(11,60)
(94,50)
(85,4)
(82,51)
(95,33)
(55,17)
(68,13)
(71,23)
(30,45)
(86,7)
(26,54)
(89,37)
(73,25)
(22,10)
(67,28)
(3,35)
(32,50)
(84,31)
(7,50)
(46,57)
(34,58)
(9,27)
(6,10)
(83,35)
(40,9)
(27,18)
(67,10)
(24,54)
(86,21)
(32,9)
(49,44)
(2,37)
(17,38)
(27,47)
(58,60)
(19,17)
(6,13)
(66,7)
(69,1)
(99,25)
(35,50)
(54,61)
(7,53)
(82,36)
(3,23)
(51,37)
(41,12)
(45,35)
(20,25)
(26,47)
(85,20)
(93,5)
(32,29)
(45,55)
(5,49)
(84,32)
(53,4)
(71,19)
(41,45)
(85,5)
(77,24)
(96,42)
(67,50)
(94,35)
(2,51)
(43,13)
(67,25)
(91,44)
(91,14)
(71,5)
(29,24)
(42,18)
(6,56)
(93,13)
(1,20)
(98,5)
(73,28)
(36,12)
(91,4)
(67,31)
(84,55)
(51,38)
(51,35)
(65,42)
(63,52)
(5,3)
(34,26)
(83,41)
(81,9)
(49,31)
(62,6)
(92,61)
(88,49)
(82,33)
(18,59)
(81,25)
(48,36)
(62,40)
(96,11)
(65,19)
(36,53)
(19,36)
(52,1)
(20,43)
(34,56)
(21,25)
(3,55)
(1,39)
(90,53)
(51,31)
(22,15)
(32,46)
(61,32)
(52,19)
(15,59)
(1,61)
(94,20)
(40,21)
(97,20)
(65,41)
(1,23)
(12,13)
(32,38)
(62,34)
(98,36)
(75,10)
(91,30)
(70,44)
(48,59)
(42,26)
(53,53)
(22,23)
(99,45)
(96,18)
(74,35)
(30,28)
(10,31)
(66,17)
(39,10)
(36,17)
(87,60)
(9,53)
(76,14)
(30,42)
(41,15)
(60,53)
(35,43)
(58,14)
(8,58)
(59,20)
(19,21)
(45,8)
(93,11)
(67,24)
(7,22)
(66,41)
(19,50)
(27,23)
(47,7)
(28,14)
(71,24)
(5,32)
(49,7)
(68,59)
(33,56)
(52,49)
(37,17)
(11,59)
(85,59)
(88,23)
(81,40)
(98,25)
(70,37)
(20,54)
(93,44)
(10,46)
(86,54)
(22,48)
(53,8)
(48,30)
(83,7)
(29,33)
(45,49)
(74,59)
(39,12)
(95,18)
(2,18)
(92,41)
(27,21)
(48,57)
(81,22)
(1,4)
(88,35)
(90,14)
(17,37)
(57,2)
(95,5)
(48,48)
(92,18)
(60,26)
(17,39)
(37,24)
(87,14)
(67,14)
(42,21)
(56,12)
(89,21)
(42,19)
(10,1)
(9,55)
(36,6)
(15,12)
(2,57)
(26,61)
(14,17)
(98,1)
(1,9)
(95,39)
(37,57)
(92,13)
(63,61)
(2,21)
(56,48)
(10,54)
(82,17)
(33,52)
(3,5)
(16,39)
(89,14)
(38,60)
(85,11)
(53,45)
(33,36)
(34,34)
(45,12)
(30,50)
(94,43)
(65,47)
(63,21)
(67,60)
(40,43)
(53,25)
(59,12)
(38,16)
(86,4)
(46,25)
(86,8)
(92,52)
(88,41)
(37,25)
(31,30)
(42,22)
(29,61)
(21,41)
(92,60)
(24,45)
(90,8)
(35,20)
(65,30)
(11,26)
(73,21)
(90,50)
(4,25)
(20,38)
(63,24)
(71,59)
(83,31)
(46,39)
(42,52)
(15,49)
(61,4)
(50,28)
(22,19)
(67,17)
(10,17)
(43,10)
(27,1)
(56,16)
(72,11)
(69,55)
(46,6)
(49,17)
(2,30)
(93,41)
(31,38)
(1,17)
(76,19)
(94,31)
(33,26)
(81,49)
(31,1)
(8,10)
(11,52)
(32,2)
(61,1)
(12,24)
(2,38)
(29,54)
(71,22)
(38,17)
(94,22)
(32,57)
(95,2)
(5,57)
(68,40)
(49,21)
(57,37)
(77,1)
(21,61)
(27,52)
(64,39)
(83,38)
(23,6)
(46,26)
(86,15)
(88,10)
(55,37)
(69,51)
(78,46)
(56,32)
(54,18)
(17,40)
(27,28)
(36,9)
(11,49)
(49,38)
(97,18)
(97,43)
(0,7)
(43,23)
(92,45)
(0,33)
(5,28)
(21,19)
(37,44)
(78,30)
(0,21)
(18,2)
(54,10)
(71,49)
(79,12)
(13,51)
(15,56)
(50,23)
(28,20)
(96,8)
(4,11)
(37,37)
(3,17)
(64,50)
(37,61)
(4,4)
(30,41)
(5,55)
(58,59)
(30,54)
(15,35)
(2,14)
(22,43)
(94,3)
(88,18)
(55,0)
(94,0)
(21,52)
(18,33)
(77,18)
(2,60)
(25,0)
(11,55)
(14,21)
(27,29)
(70,53)
(51,40)
(24,43)
(27,51)
(57,7)
(55,47)
(13,16)
(99,2)
(90,36)
(2,47)
(31,46)
(52,57)
(61,7)
(86,9)
(68,34)
(26,27)
(77,30)
(12,1)
(50,24)
(18,18)
(31,17)
(7,16)
(99,61)
(43,4)
(91,36)
(83,16)
(20,28)
(31,35)
(76,10)
(28,52)
(33,9)
(55,46)
(14,39)
(11,9)
(26,42)
(29,29)
(0,9)
(82,12)
(53,11)
(48,54)
(77,21)
(82,8)
(22,46)
(84,11)
(51,20)
(54,22)
(69,4)
(97,10)
(95,22)
(94,40)
(30,52)
(83,13)
(72,13)
(76,37)
(87,36)
(86,28)
(82,53)
(16,52)
(0,5)
(63,9)
(45,47)
(77,39)
(73,39)
(62,44)
(73,16)
(89,35)
(60,25)
(63,35)
(5,47)
(73,9)
(3,58)
(43,17)
(10,49)
(26,29)
(18,44)
(32,11)
(91,32)
(50,57)
(41,58)
(90,27)
(77,36)
(22,52)
(11,56)
(78,47)
(62,59)
(86,6)
(88,32)
(56,13)
(24,37)
(28,31)
(95,37)
(27,55)
(78,18)
(2,15)
(98,26)
(25,48)
(13,7)
(33,44)
(88,57)
(21,11)
(28,7)
(16,44)
(46,30)
(36,23)
(73,0)
(79,18)
(5,18)
(66,8)
(55,10)
(33,11)
(17,7)
(55,44)
(30,5)
(18,15)
(83,47)
(15,45)
(54,51)
(23,13)
(8,35)
(93,52)
(59,60)
(82,10)
(80,49)
(39,13)
(62,16)
(17,41)
(33,58)
(94,5)
(57,18)
(49,60)
(32,16)
(32,52)
(30,18)
(29,12)
(54,21)
(53,5)
(59,9)
(50,26)
(64,44)
(37,47)
(47,0)
(47,25)
(18,22)
(10,24)
(73,49)
(0,23)
(85,53)
(94,10)
(28,45)
(93,43)
(28,29)
(27,16)
(57,58)
(11,16)
(63,12)
(5,46)
(39,34)
(86,48)
(53,41)
(68,39)
(49,43)
(26,14)
(23,39)
(99,42)
(48,21)
(20,23)
(86,35)
(38,44)
(8,18)
(20,3)
(55,35)
(94,32)
(63,18)
(20,49)
(31,19)
(84,44)
(33,42)
(75,52)
(77,56)
(68,28)
(5,9)
(77,17)
(45,45)
(41,46)
(32,5)
(73,10)
(52,9)
(45,2)
(79,55)
(60,43)
(68,53)
(23,12)
(96,1)
(28,27)
(45,18)
(85,22)
(30,7)
(36,26)
(33,45)
(98,41)
(24,11)
(61,53)
(63,8)
(29,1)
(31,18)
(54,16)
(91,50)
(32,26)
(27,44)
(49,8)
(57,30)
(0,18)
(57,26)
(3,20)
(6,17)
(39,31)
(57,39)
(84,1)
(10,50)
(31,44)
(4,54)
(9,39)
(95,25)
(36,2)
(94,1)
(73,43)
(24,5)
(45,40)
(79,6)
(29,18)
(9,32)
(71,58)
(95,10)
(60,56)
(72,25)
(62,27)
(6,25)
(95,15)
(3,14)
(24,51)
(2,31)
(83,2)
(35,18)
(50,7)
(24,61)
(54,42)
(14,9)
(61,20)
(29,13)
(80,43)
(75,57)
(96,20)
(33,54)
(75,26)
(77,49)
(74,2)
(24,46)
(94,16)
(28,34)
(4,22)
(64,34)
(86,39)
(42,24)
(30,40)
(46,59)
(96,6)
(65,52)
(1,37)
(23,56)
(32,15)
(62,10)
(53,17)
(43,6)
(35,6)
(70,35)
(6,47)
(22,54)
(59,29)
(34,4)
(18,29)
(3,27)
(13,57)
(24,10)
(17,20)
(5,19)
(81,60)
(92,34)
(11,38)
(86,16)
(30,4)
(20,32)
(29,28)
(2,5)
(3,32)
(63,50)
(47,57)
(63,59)
(88,17)
(74,40)
(68,7)
(6,14)
(48,61)
(62,53)
(89,48)
(25,15)
(9,13)
(40,6)
(96,25)
(71,61)
(81,55)
(76,6)
(32,20)
(36,37)
(15,3)
(94,60)
(99,10)
(72,32)
(61,42)
(12,6)
(5,58)
(83,36)
(60,51)
(89,11)
(20,26)
(78,20)
(51,55)
(62,37)
(79,30)
(54,45)
(70,56)
(6,44)
(5,1)
(4,8)
(69,54)
(49,22)
(46,54)
(99,6)
(92,5)
(16,61)
(86,47)
(94,54)
(20,29)
(85,34)
(95,11)
(47,23)
(69,21)
(5,2)
(62,19)
(31,42)
(28,36)
(16,7)
(57,52)
(37,36)
(48,23)
(8,29)
(19,28)
(86,58)
(23,38)
(57,35)
(25,39)
(87,55)
(48,4)
(75,8)
(99,60)
(80,58)
(9,25)
(72,43)
(10,20)
(2,58)
(75,4)
(21,35)
(47,56)
(18,39)
(32,44)
(3,39)
(47,36)
(76,45)
(22,60)
(24,23)
(89,0)
(30,9)
(82,19)
(70,60)
(89,23)
(31,57)
(59,44)
(55,59)
(17,57)
(57,56)
(76,50)
(11,27)
(97,37)
(61,37)
(29,14)
(47,13)
(47,34)
(98,33)
(56,41)
(49,29)
(36,16)
(52,28)
(41,52)
(83,51)
(22,12)
(71,39)
(2,33)
(51,61)
(93,56)
(85,50)
(60,57)
(15,15)
(81,42)
(73,6)
(91,39)
(60,22)
(4,61)
(49,9)
(36,43)
(58,19)
(32,7)
(64,3)
(27,33)
(98,8)
(56,21)
(75,13)
(86,38)
(80,34)
(7,44)
(13,45)
(72,36)
(5,22)
(76,5)
(95,24)
(42,46)
(91,55)
(65,44)
(87,15)
(87,31)
(25,11)
(40,60)
(71,53)
(97,40)
(20,22)
(61,44)
(48,46)
(55,40)
(90,49)
(66,21)
(25,56)
(31,34)
(53,23)
(76,21)
(22,27)
(56,5)
(57,59)
(62,35)
(13,38)
(40,57)
(46,48)
(64,27)
(61,50)
(15,25)
(55,12)
(73,1)
(97,26)
(58,17)
(25,26)
(63,4)
(60,3)
(96,29)
(95,34)
(43,37)
(76,25)
(69,32)
(51,28)
(17,32)
(0,2)
(31,4)
(7,54)
(37,35)
(56,34)
(19,25)
(56,22)
(43,15)
(49,33)
(10,23)
(47,52)
(91,2)
(65,45)
(76,30)
(89,13)
(15,51)
(63,58)
(51,49)
(85,51)
(23,36)
(8,53)
(83,24)
(27,46)
(61,33)
(86,11)
(84,22)
(33,49)
(48,32)
(52,8)
(69,23)
(29,36)
(13,4)
(50,27)
(2,22)
(40,51)
(4,55)
(76,26)
(17,25)
(88,1)
(20,14)
(58,52)
(11,20)
(87,41)
(26,31)
(29,32)
(8,7)
(17,12)
(62,50)
(83,27)
(40,22)
(48,43)
(5,25)
(47,59)
(33,40)
(79,57)
(81,27)
(78,59)
(98,44)
(84,42)
(6,28)
(41,13)
(96,31)
(7,56)
(69,59)
(62,51)
(65,50)
(32,31)
(33,20)
(49,28)
(6,39)
(53,51)
(27,53)
(39,54)
(18,42)
(82,26)
(34,10)
(7,58)
(15,34)
(72,47)
(98,30)
(66,28)
(32,34)
(52,26)
(38,39)
(52,35)
(82,47)
(39,22)
(8,4)
(29,27)
(23,46)
(99,59)
(55,24)
(13,47)
(73,33)
(93,18)
(26,52)
(15,50)
(15,23)
(38,12)
(30,36)
(64,14)
(96,12)
(85,58)
(5,35)
(64,13)
(78,48)
(25,4)
(5,50)
(98,29)
(15,36)
(16,47)
(64,28)
(94,61)
(54,14)
(81,14)
(70,49)
(25,30)
(7,12)
(35,39)
(74,21)
(64,43)
(44,1)
(41,44)
(12,48)
(4,30)
(87,13)
(72,53)
(50,31)
(75,50)
(54,0)
(42,45)
(0,54)
(10,47)
(99,26)
(88,19)
(60,11)
(80,42)
(88,27)
(7,9)
(13,42)
(62,60)
(61,0)
(55,14)
(18,5)
(31,51)
(84,38)
(75,6)
(67,8)
(90,17)
(93,24)
(44,57)
(19,12)
(47,44)
(81,53)
(8,9)
(54,35)
(87,34)
(89,57)
(27,30)
(97,27)
(20,44)
(73,57)
(32,32)
(17,54)
(99,40)
(73,26)
(67,12)
(80,17)
(10,11)
(5,43)
(58,41)
(40,1)
(86,12)
(5,24)
(64,8)
(64,57)
(69,20)
(58,40)
(90,59)
(95,51)
(92,36)
(37,34)
(31,31)
(54,12)
(93,45)
(57,27)
(79,9)
(58,58)
(2,11)
(84,27)
(28,57)
(79,31)
(67,43)
(81,44)
(14,49)
(96,36)
(47,41)
(9,20)
(66,31)
(68,48)
(0,35)
(11,11)
(3,54)
(66,45)
(60,30)
(17,53)
(41,47)
(48,58)
(97,53)
(34,18)
(27,13)
(82,38)
(28,30)
(27,4)
(56,28)
(97,23)
(67,59)
(52,21)
(90,12)
(66,49)
(74,25)
(99,28)
(84,23)
(90,30)
(80,33)
(77,47)
(15,57)
(92,23)
(30,14)
(23,61)
(92,27)
(48,13)
(52,61)
(53,43)
(65,36)
(35,15)
(97,50)
(71,40)
(52,56)
(87,48)
(74,26)
(67,46)
(39,27)
(60,14)
(15,47)
(8,57)
(72,2)
(74,47)
(41,24)
(6,60)
(2,25)
(31,54)
(11,18)
(18,19)
(30,43)
(23,4)
(79,14)
(13,11)
(50,51)
(80,56)
(1,50)
(44,14)
(92,57)
(97,48)
(9,37)
(25,35)
(26,13)
(69,41)
(5,36)
(17,58)
(0,38)
(54,31)
(65,18)
(59,59)
(3,36)
(52,36)
(62,26)
(20,24)
(66,37)
(66,50)
(18,43)
(23,24)
(54,56)
(49,36)
(31,6)
(35,17)
(7,55)
(48,9)
(70,1)
(30,53)
(45,3)
(25,33)
(61,34)
(66,48)
(54,52)
(49,54)
(22,8)
(29,37)
(1,0)
(21,1)
(93,60)
(37,45)
(2,17)
(60,8)
(20,11)
(49,52)
(44,9)
(99,41)
(73,52)
(76,39)
(13,39)
(40,23)
(13,49)
(69,9)
(74,3)
(79,7)
(32,56)
(25,58)
(77,26)
(15,27)
(88,47)
(88,22)
(36,52)
(33,43)
(9,22)
(67,2)
(53,27)
(51,23)
(31,55)
(1,22)
(84,50)
(40,47)
(49,35)
(81,43)
(29,43)
(81,51)
(17,23)
(99,57)
(70,30)
(83,11)
(67,47)
(60,44)
(77,34)
(6,11)
(63,11)
(37,28)
(98,45)
(94,46)
(76,43)
(83,52)
(41,42)
(5,54)
(4,12)
(91,27)
(62,39)
(89,20)
(96,37)
(48,26)
(26,33)
(39,39)
(62,36)
(89,19)
(28,21)
(5,17)
(6,6)
(55,36)
(10,3)
(65,11)
(17,36)
(85,40)
(4,53)
(41,36)
(9,38)
(79,45)
(45,21)
(47,12)
(59,45)
(80,23)
(90,52)
(37,6)
(58,50)
(59,49)
(18,47)
(28,61)
(97,55)
(11,4)
(56,37)
(49,10)
(71,48)
(78,17)
(46,50)
(7,48)
(15,52)
(53,24)
(7,3)
(38,38)
(68,46)
(2,41)
(29,56)
(61,31)
(24,44)
(19,54)
(58,22)
(1,49)
(59,40)
(6,19)
(49,34)
(76,35)
(65,61)
(23,28)
(29,60)
(36,57)
(65,58)
(96,55)
(70,26)
(43,16)
(87,57)
(49,57)
(81,30)
(35,11)
(52,50)
(56,25)
(2,49)
(11,1)
(31,7)
(16,53)
(15,16)
(36,31)
(49,24)
(99,47)
(39,5)
(93,37)
(48,50)
(55,22)
(49,15)
(84,26)
(72,46)
(33,27)
(56,35)
(21,17)
(84,4)
(28,16)
(63,41)
(25,3)
(93,42)
(61,19)
(57,31)
(60,38)
(97,28)
(23,20)
(32,30)
(30,11)
(27,32)
(44,37)
(56,38)
(0,61)
(79,4)
(65,40)
(71,42)
(31,25)
(49,58)
(79,38)
(45,43)
(74,0)
(87,32)
(1,24)
(75,28)
(78,61)
(23,16)
(99,33)
(29,23)
(55,8)
(57,51)
(81,39)
(77,15)
(31,20)
(94,25)
(41,48)
(8,14)
(73,37)
(33,46)
(41,33)
(6,8)
(14,18)
(68,21)
(29,31)
(2,43)
(31,8)
(63,5)
(44,16)
(79,50)
(74,55)
(81,15)
(6,45)
(81,8)
(94,15)
(25,52)
(65,53)
(53,56)
(32,39)
(79,11)
(54,53)
(97,25)
(24,19)
(8,40)
(39,44)
(92,43)
(42,29)
(86,20)
(99,56)
(7,21)
(50,19)
(72,15)
(82,56)
(0,50)
(92,4)
(8,34)
(53,57)
(4,60)
(46,34)
(55,20)
(7,4)
(41,32)
(8,32)
(2,42)
(44,45)
(87,3)
(61,47)
(44,2)
(10,55)
(45,7)
(80,51)
(95,17)
(55,25)
(80,44)
(8,42)
(77,35)
(17,51)
(11,37)
(83,61)
(79,43)
(49,26)
(1,48)
(64,23)
(44,33)
(50,60)
(37,53)
(23,10)
(84,56)
(26,58)
(66,34)
(60,28)
(85,26)
(0,6)
(29,44)
(19,11)
(80,12)
(44,44)
(59,30)
(74,60)
(5,48)
(15,58)
(98,14)
(49,49)
(86,23)
(63,28)
(57,3)
(5,14)
(98,37)
(67,56)
(42,34)
(20,21)
(12,20)
(53,10)
(12,0)
(6,30)
(77,22)
(50,18)
(82,42)
(39,47)
(88,20)
(34,49)
(26,22)
(39,58)
(74,11)
(70,28)
(34,13)
(63,3)
(72,7)
(63,49)
(18,27)
(86,56)
(73,56)
(94,47)
(84,34)
(88,51)
(49,4)
(45,37)
(76,42)
(39,40)
(65,31)
(79,24)
(6,18)
(38,6)
(0,44)
(9,14)
(38,53)
(9,21)
(48,10)
(4,35)
(4,18)
(47,48)
(3,4)
(33,29)
(55,19)
(52,38)
(16,35)
(55,27)
(81,38)
(33,48)
(0,48)
(12,23)
(28,38)
(0,45)
(65,27)
(22,53)
(69,27)
(70,33)
(3,11)
(33,55)
(66,23)
(97,15)
(88,13)
(75,56)
(25,21)
(57,44)
(69,57)
(84,47)
(35,35)
(5,30)
(96,40)
(52,23)
(3,51)
(92,50)
(55,32)
(59,56)
(39,3)
(48,20)
(95,21)
(32,40)
(32,58)
(86,41)
(53,29)
(11,43)
(86,24)
(95,27)
(24,18)
(96,58)
(14,40)
(82,16)
(80,59)
(53,46)
(67,7)
(98,42)
(42,55)
(44,51)
(6,12)
(19,46)
(53,21)
(40,49)
(81,5)
(76,49)
(35,45)
(88,16)
(29,40)
(79,33)
(19,52)
(12,27)
(42,41)
(81,47)
(26,39)
(72,24)
(89,2)
(78,58)
(31,28)
(66,5)
(77,40)
(18,30)
(18,23)
(41,61)
(48,35)
(97,8)
(67,55)
(43,12)
(5,27)
(38,47)
(99,37)
(39,16)
(62,54)
(86,14)
(11,53)
(45,1)
(7,40)
(95,14)
(65,51)
(80,32)
(15,37)
(29,45)
(93,35)
(26,57)
(2,45)
(66,20)
(34,17)
(1,57)
(62,21)
(7,30)
(69,26)
(22,59)
(95,31)
(39,53)
(8,55)
(44,11)
(28,53)
(26,20)
(54,50)
(44,12)
(56,11)
(23,35)
(63,31)
(23,37)
(44,18)
(7,23)
(70,8)
(88,53)
(59,19)
(82,7)
(27,43)
(18,1)
(21,34)
(93,2)
(90,34)
(14,46)
(92,53)
(48,6)
(46,40)
(0,41)
(23,60)
(47,26)
(35,61)
(14,50)
(45,17)
(82,57)
(67,6)
(22,30)
(14,51)
(85,42)
(56,19)
(16,28)
(75,34)
(78,32)
(99,49)
(73,27)
(48,53)
(3,21)
(42,38)
(38,35)
(88,15)
(83,28)
(91,24)
(49,50)
(66,24)
(53,15)
(51,60)
(11,39)
(26,4)
(68,20)
(64,46)
(66,56)
(78,37)
(38,31)
(10,33)
(59,24)
(77,46)
(65,7)
(42,35)
(38,29)
(63,46)
(4,23)
(80,57)
(17,15)
(21,15)
(34,39)
(46,20)
(87,53)
(33,33)
(68,9)
(35,10)
(45,56)
(90,48)
(3,28)
(83,57)
(39,56)
(87,24)
(7,45)
(54,34)
(60,13)
(75,31)
(78,42)
(28,28)
(21,56)
(31,53)
(45,16)
(31,40)
(72,44)
(94,39)
(64,56)
(94,27)
(4,50)
(61,21)
(13,15)
(81,61)
(49,14)
(20,48)
(52,0)
(33,15)
(41,16)
(57,4)
(5,39)
(27,50)
(39,36)
(95,61)
(44,49)
(37,13)
(89,9)
(46,55)
(43,54)
(17,49)
(32,51)
(71,57)
(83,32)
(85,38)
(9,42)
(78,36)
(4,24)
(38,34)
(73,55)
(18,31)
(92,48)
(51,27)
(42,50)
(33,60)
(3,2)
(90,28)
(75,18)
(18,8)
(22,18)
(58,30)
(2,54)
(39,14)
(52,53)
(7,61)
(65,57)
(20,31)
(31,33)
(14,27)
(2,28)
(25,13)
(82,21)
(89,54)
(95,55)
(64,24)
(61,41)
(27,61)
(22,26)
(43,29)
(1,51)
(93,6)
(46,45)
(93,16)
(59,41)
(40,55)
(76,44)
(4,43)
(90,42)
(70,23)
(13,54)
(65,54)
(13,25)
(18,21)
(64,33)
(31,45)
(74,14)
(66,59)
(36,47)
(98,58)
(81,20)
(17,29)
(54,57)
(80,46)
(52,17)
(91,15)
(7,38)
(42,27)
(76,12)
(30,27)
(99,24)
(21,18)
(43,5)
(50,22)
(31,59)
(44,24)
(49,56)
(67,39)
(97,12)
(62,48)
(39,23)
(40,61)
(91,33)
(22,20)
(82,59)
(13,27)
(51,32)
(72,19)
(1,15)
(12,61)
(49,45)
(4,17)
(89,6)
(0,15)
(46,16)
(52,60)
(80,55)
(25,60)
(57,41)
(41,39)
(82,48)
(82,4)
(87,19)
(18,60)
(97,49)
(34,35)
(45,58)
(68,32)
(55,61)
(91,22)
(44,43)
(63,54)
(87,56)
(85,61)
(41,30)
(56,4)
(39,60)
(54,60)
(38,21)
(36,58)
(63,55)
(4,26)
(27,37)
(72,57)
(19,39)
(9,40)
(39,46)
(88,9)
(70,58)
(88,58)
(83,44)
(89,59)
(24,13)
(38,15)
(65,33)
(6,20)
(56,57)
(69,60)
(89,28)
(18,52)
(72,54)
(22,7)
(56,8)
(17,4)
(54,17)
(68,22)
(94,48)
(68,31)
(33,50)
(26,49)
(78,5)
(49,55)
(88,59)
(20,42)
(69,18)
(56,44)
(29,46)
(52,31)
(85,7)
(67,45)
(55,34)
(54,39)
(17,5)
(89,55)
(39,41)
(27,59)
(19,19)
(88,38)
(35,23)
(35,16)
(7,36)
(65,16)
(32,8)
(98,20)
(17,47)
(91,11)
(86,26)
(93,59)
(58,16)
(93,10)
(77,9)
(25,19)
(69,8)
(39,30)
(36,14)
(3,60)
(81,10)
(15,19)
(31,43)
(51,53)
(57,61)
(37,15)
(22,45)
(93,55)
(4,46)
(13,60)
(40,58)
(28,42)
(68,54)
(46,9)
(44,31)
(38,58)
(26,53)
(57,29)
(45,52)
(54,47)
(79,20)
(48,56)
(46,46)
(45,9)
(18,24)
(23,43)
(90,20)
(8,52)
(29,9)
(93,30)
(80,28)
(86,37)
(14,23)
(57,28)
(37,23)
(22,17)
(14,5)
(40,16)
(8,47)
(24,26)
(23,47)
(59,52)
(95,56)
(79,47)
(94,51)
(21,47)
(17,52)
(39,20)
(74,48)
(46,47)
(81,37)
(3,19)
(10,38)
(94,55)
(83,33)
(30,6)
(10,19)
(61,40)
(35,48)
(58,31)
(11,19)
(45,51)
(81,21)
(35,37)
(98,59)
(37,31)
(37,40)
(47,5)
(36,27)
(24,56)
(69,28)
(5,45)
(85,43)
(52,12)
(39,32)
(30,46)
(91,60)
(70,47)
(50,10)
(69,24)
(62,43)
(64,36)
(45,26)
(11,6)
(26,50)
(92,47)
(85,60)
(30,61)
(10,59)
(74,31)
(90,16)
(62,58)
(58,49)
(53,47)
(6,34)
(63,36)
(82,49)
(53,42)
(70,12)
(10,35)
(19,10)
(16,31)
(29,34)
(11,33)
(9,17)
(67,19)
(56,55)
(47,55)
(24,57)
(9,44)
(1,8)
(46,61)
(5,23)
(7,31)
(45,57)
(59,51)
(46,37)
(81,11)
(17,45)
(29,59)
(35,44)
(50,36)
(68,45)
(97,32)
(30,16)
(20,45)
(82,58)
(9,8)
(63,56)
(96,52)
(89,18)
(52,48)
(81,57)
(20,52)
(99,19)
(82,60)
(18,38)
(4,52)
(92,21)
(68,16)
(69,37)
(57,57)
(2,48)
(40,39)
(75,55)
(69,10)
(88,56)
(20,39)
(63,37)
(67,57)
(6,36)
(97,44)
(12,16)
(50,13)
(93,48)
(81,48)
(21,44)
(75,46)
(61,59)
(17,34)
(99,32)
(11,31)
(62,45)
(80,37)
(25,10)
(56,18)
(16,45)
(69,16)
(28,54)
(43,28)
(45,38)
(64,17)
(12,28)
(8,33)
(65,38)
(46,4)
(72,29)
(6,54)
(52,58)
(64,58)
(97,60)
(53,40)
(28,59)
(78,41)
(63,40)
(72,48)
(24,7)
(70,45)
(75,42)
(56,49)
(49,20)
(96,56)
(13,28)
(69,58)
(38,40)
(41,18)
(74,53)
(7,28)
(33,61)
(43,40)
(95,45)
(56,43)
(68,47)
(29,41)
(59,47)
(94,28)
(54,37)
(74,45)
(57,5)
(69,45)
(98,60)
(88,52)
(58,44)
(4,37)
(33,41)
(76,0)
(33,16)
(87,54)
(85,52)
(19,41)
(26,40)
(31,32)
(42,49)
(36,7)
(41,31)
(64,9)
(19,27)
(7,34)
(4,40)
(15,60)
(4,45)
(91,54)
(18,20)
(52,45)
(61,58)
(98,23)
(61,14)
(95,29)
(44,3)
(55,33)
(32,18)
(85,2)
(11,50)
(8,2)
(37,22)
(56,56)
(13,17)
(57,14)
(65,15)
(50,30)
(94,24)
(56,36)
(82,24)
(65,26)
(27,15)
(87,29)
(60,46)
(7,37)
(54,54)
(17,27)
(30,33)
(93,31)
(90,7)
(55,15)
(2,52)
(23,49)
(97,33)
(80,8)
(9,36)
(16,29)
(51,14)
(35,9)
(21,9)
(72,8)
(51,42)
(49,46)
(63,23)
(57,10)
(20,53)
(11,34)
(57,43)
(53,32)
(54,25)
(50,35)
(16,57)
(11,44)
(34,51)
(22,6)
(54,24)
(29,52)
(57,47)
(47,40)
(97,61)
(76,20)
(98,48)
(51,52)
(6,27)
(58,24)
(36,20)
(1,54)
(86,40)
(36,40)
(7,60)
(89,58)
(40,18)
(30,26)
(23,11)
(48,38)
(37,20)
(74,10)
(26,34)
(78,35)
(7,52)
(2,36)
(53,34)
(50,8)
(5,59)
(15,9)
(71,35)
(60,12)
(91,56)
(20,8)
(26,56)
(65,35)
(57,50)
(69,49)
(33,59)
(35,12)
(81,16)
(5,33)
(44,40)
(42,54)
(13,10)
(96,46)
(92,10)
(44,52)
(72,21)
(32,14)
(40,30)
(96,39)
(50,59)
(41,27)
(18,17)
(92,59)
(60,39)
(68,60)
(57,12)
(7,59)
(15,54)
(32,53)
(27,39)
(15,32)
(43,46)
(50,43)
(25,23)
(93,14)
(92,30)
(81,59)
(42,20)
(4,38)
(44,42)
(43,50)
(12,50)
(9,29)
(12,8)
(10,32)
(75,27)
(92,49)
(83,15)
(14,24)
(74,57)
(9,46)
(73,54)
(14,53)
(87,5)
(37,59)
(79,49)
(29,53)
(60,27)
(21,59)
(95,57)
(43,24)
(10,16)
(93,9)
(7,43)
(68,51)
(99,54)
(95,28)
(71,6)
(19,24)
(67,35)
(89,44)
(38,7)
(36,19)
(83,59)
(60,45)
(90,32)
(45,27)
(86,57)
(87,9)
(96,19)
(87,27)
(38,36)
(59,53)
(68,14)
(79,59)
(40,28)
(49,40)
(73,44)
(31,41)
(40,54)
(79,60)
(51,6)
(57,25)
(58,54)
(42,36)
(15,42)
(75,48)
(27,49)
(53,58)
(56,40)
(80,16)
(13,33)
(77,27)
(73,51)
(27,40)
(69,43)
(13,48)
(31,60)
(21,55)
(80,53)
(24,49)
(41,59)
(1,2)
(98,15)
(89,33)
(7,42)
(22,35)
(58,35)
(45,36)
(60,42)
(67,44)
(61,22)
(0,52)
(84,45)
(12,55)
(31,21)
(60,9)
(72,26)
(38,32)
(71,27)
(44,48)
(84,59)
(86,51)
(61,23)
(78,27)
(34,38)
(77,43)
(30,25)
(95,32)
(99,35)
(38,41)
(4,36)
(6,9)
(66,57)
(21,54)
(94,49)
(26,36)
(94,59)
(86,43)
(44,35)
(11,14)
(78,21)
(64,61)
(87,45)
(60,36)
(21,31)
(67,32)
(90,61)
(51,43)
(23,25)
(59,33)
(75,47)
(47,49)
(64,19)
(59,15)
(22,22)
(4,29)
(55,43)
(18,50)
(64,49)
(72,41)
(20,58)
(43,11)
(5,41)
(21,10)
(54,58)
(84,46)
(69,56)
(41,60)
(71,8)
(50,44)
(54,55)
(64,4)
(6,61)
(14,37)
(45,41)
(10,43)
(70,20)
(20,40)
(36,50)
(79,54)
(22,51)
(14,41)
(58,57)
(76,41)
(53,61)
(90,2)
(65,37)
(18,56)
(87,49)
(8,50)
(9,57)
(29,25)
(98,32)
(12,43)
(52,52)
(15,44)
(94,36)
(14,35)
(88,39)
(79,32)
(64,40)
(12,60)
(39,48)
(3,34)
(0,37)
(49,61)
(94,56)
(55,50)
(22,28)
(39,18)
(78,38)
(6,38)
(87,11)
(67,33)
(68,19)
(40,7)
(55,42)
(21,38)
(40,4)
(40,36)
(29,26)
(71,55)
(65,20)
(89,34)
(29,38)
(23,42)
(43,55)
(91,20)
(99,52)
(78,44)
(6,21)
(61,26)
(37,14)
(76,58)
(51,13)
(97,22)
(70,11)
(36,28)
(95,19)
(98,24)
(58,53)
(87,10)
(1,16)
(28,18)
(57,32)
(64,48)
(19,57)
(41,19)
(76,36)
(91,48)
(66,18)
(57,22)
(57,23)
(76,51)
(90,35)
(11,48)
(2,46)
(66,15)
(59,14)
(8,39)
(97,56)
(9,34)
(30,19)
(44,36)
(8,25)
(29,49)
(96,30)
(5,60)
(74,58)
(75,43)
(28,58)
(97,41)
(25,9)
(70,55)
(52,24)
(35,38)
(83,50)
(25,41)
(27,45)
(61,27)
(41,57)
(86,49)
(57,34)
(4,31)
(25,46)
(71,54)
(46,42)
(31,10)
(42,39)
(66,40)
(30,23)
(46,19)
(14,47)
(78,28)
(57,54)
(89,26)
(19,40)
(2,26)
(67,27)
(88,29)
(52,59)
(26,26)
(40,41)
(1,41)
(75,24)
(25,28)
(97,46)
(25,47)
(39,61)
(61,51)
(59,54)
(5,42)
(14,44)
(28,41)
(50,40)
(98,47)
(84,36)
(0,14)
(52,22)
(43,18)
(66,52)
(83,21)
(24,17)
(56,14)
(22,29)
(87,59)
(22,47)
(86,60)
(36,60)
(53,35)
(70,29)
(19,15)
(32,41)
(53,18)
(75,53)
(34,15)
(34,61)
(94,34)
(34,28)
(94,11)
(91,42)
(57,15)
(75,20)
(10,58)
(91,46)
(95,48)
(77,57)
(14,59)
(3,10)
(35,7)
(92,24)
(0,46)
(37,60)
(38,18)
(80,40)
(12,18)
(59,28)
(92,42)
(56,58)
(1,30)
(66,58)
(4,10)
(67,15)
(10,10)
(44,54)
(59,23)
(38,11)
(16,5)
(13,26)
(70,61)
(69,44)
(88,28)
(27,56)
(45,20)
(99,3)
(9,31)
(25,37)
(19,45)
(4,20)
(9,18)
(91,53)
(41,41)
(53,26)
(82,34)
(3,53)
(94,19)
(58,47)
(23,52)
(6,59)
(35,32)
(97,54)
(13,43)
(27,25)
(40,25)
(68,17)
(86,42)
(69,53)
(58,34)
(93,47)
(82,37)
(35,56)
(87,43)
(70,34)
(30,29)
(73,12)
(30,55)
(51,36)
(56,51)
(35,53)
(56,29)
(9,9)
(95,44)
(42,32)
(24,15)
(57,48)
(59,35)
(78,43)
(11,23)
(42,57)
(66,53)
(58,46)
(2,61)
(57,42)
(51,19)
(72,35)
(90,51)
(41,7)
(34,59)
(71,18)
(1,58)
(0,40)
(94,57)
(16,14)
(85,44)
(69,29)
(57,46)
(52,14)
(77,38)
(31,26)
(13,59)
(11,13)
(45,34)
(9,59)
(95,16)
(76,32)
(32,60)
(11,22)
(40,40)
(39,17)
(94,38)
(18,32)
(53,50)
(46,17)
(69,39)
(8,13)
(25,44)
(70,59)
(92,55)
(58,25)
(11,47)
(92,28)
(3,46)
(85,49)
(1,45)
(41,10)
(80,29)
(67,21)
(19,34)
(58,42)
(45,48)
(20,35)
(75,29)
(69,50)
(59,17)
(76,22)
(74,20)
(24,34)
(60,60)
(24,52)
(63,34)
(31,56)
(9,24)
(44,30)
(72,17)
(44,29)
(16,36)
(90,54)
(16,58)
(51,17)
(43,25)
(23,54)
(85,41)
(35,21)
(30,58)
(83,10)
(2,53)
(80,61)
(30,34)
(42,11)
(6,24)
(77,28)
(59,58)
(1,33)
(43,58)
(75,45)
(19,47)
(83,25)
(9,54)
(22,21)
(4,14)
(60,47)
(44,41)
(69,19)
(69,17)
(11,12)
(34,12)
(82,61)
(98,43)
(96,60)
(63,25)
(78,31)
(93,33)
(72,9)
(43,59)
(35,34)
(70,43)
(34,29)
(0,51)
(88,40)
(52,30)
(23,5)
(45,42)
(4,49)
(1,55)
(73,58)
(35,58)
(10,42)
(0,34)
(23,48)
(75,21)
(1,11)
(44,25)
(79,28)
(83,56)
(20,61)
(61,28)
(25,7)
(31,49)
(42,53)
(9,56)
(83,54)
(22,38)
(36,46)
(43,20)
(98,19)
(2,50)
(32,59)
(10,27)
(56,24)
(25,51)
(39,42)
(67,30)
(10,18)
(53,30)
(0,29)
(1,43)
(53,54)
(16,21)
(83,8)
(85,33)
(97,21)
(64,55)
(53,36)
(73,61)
(86,50)
(85,27)
(21,23)
(80,21)
(16,18)
(16,55)
(85,37)
(43,36)
(98,31)
(6,23)
(14,54)
(18,51)
(55,29)
(13,30)
(64,60)
(16,6)
(87,23)
(93,28)
(87,42)
(86,33)
(56,50)
(92,58)
(6,41)
(96,51)
(44,60)
(24,35)
(27,17)
(86,59)
(93,25)
(64,22)
(38,8)
(32,37)
(39,45)
(93,40)
(50,47)
(24,30)
(67,37)
(60,40)
(97,38)
(67,29)
(59,48)
(97,31)
(56,60)
(25,55)
(93,57)
(34,31)
(68,30)
(84,40)
(1,42)
(4,58)
(71,44)
(37,51)
(73,42)
(78,52)
(70,6)
(96,33)
(56,26)
(82,45)
(55,13)
(11,57)
(41,53)
(83,6)
(96,44)
(61,18)
(4,57)
(72,40)
(10,51)
(40,48)
(46,43)
(25,38)
(1,32)
(84,60)
(90,56)
(58,55)
(23,31)
(63,53)
(1,14)
(38,57)
(96,53)
(21,13)
(68,56)
(72,28)
(94,18)
(97,39)
(97,45)
(22,57)
(44,39)
(19,44)
(89,5)
(73,15)
(3,45)
(67,40)
(37,32)
(8,22)
(73,38)
(35,52)
(51,57)
(34,48)
(32,47)
(95,50)
(44,21)
(88,30)
(3,26)
(87,21)
(77,31)
(4,33)
(35,60)
(9,47)
(2,23)
(83,46)
(51,50)
(67,54)
(66,33)
(16,30)
(20,60)
(95,58)
(66,16)
(96,23)
(3,48)
(58,33)
(19,48)
(20,57)
(14,38)
(72,49)
(74,52)
(46,35)
(13,34)
(8,8)
(88,34)
(73,34)
(44,19)
(36,39)
(18,58)
(45,50)
(39,59)
(55,28)
(14,58)
(90,57)
(50,58)
(37,19)
(34,44)
(77,52)
(12,54)
(72,39)
(93,36)
(18,36)
(55,48)
(25,22)
(6,42)
(8,61)
(58,56)
(86,2)
(78,29)
(96,41)
(46,41)
(71,45)
(12,32)
(45,46)
(56,61)
(21,53)
(8,26)
(25,43)
(94,13)
(51,30)
(67,61)
(45,25)
(42,31)
(50,55)
(68,15)
(89,49)
(40,27)
(89,25)
(40,50)
(74,33)
(89,38)
(78,57)
(60,35)
(94,30)
(10,56)
(22,50)
(71,4)
(1,46)
(1,40)
(56,45)
(88,61)
(8,28)
(60,37)
(4,32)
(36,59)
(90,45)
(21,36)
(21,37)
(72,37)
(92,40)
(94,41)
(78,16)
(4,42)
(60,41)
(40,35)
(45,61)
(68,44)
(63,26)
(97,57)
(85,17)
(78,49)
(8,56)
(87,28)
(66,54)
(60,54)
(89,46)
(22,37)
(77,53)
(24,22)
(68,61)
(22,39)
(63,45)
(95,38)
(77,44)
(13,44)
(35,31)
(37,55)
(85,18)
(71,25)
(85,12)
(13,24)
(60,61)
(97,52)
(83,49)
(95,47)
(76,31)
(91,47)
(90,15)
