100 Users
20 Files
1000 Transactions
2 Maximum Connections
1 Cycle Length per Upload-Download
0 Warm-up Transactions
0.400000 Zipf constant
5 Pre-Trusted Users
80 Well-Behaved (Good) Users
20 Purely Malicious Users
0 Feedback Skewing Users
0 Malignant Providing Users
0 Disguised Malicous Users
0 Sybil Attack Users
true Intelligent Trans. Generation
1561005399787 Trace Generation Seed

(0.042289,0.000000,1,false)
(0.057626,0.000000,1,false)
(0.025141,0.000000,1,false)
(0.043694,0.000000,1,false)
(0.017604,0.000000,1,false)
(0.027808,0.000000,1,false)
(0.043070,0.000000,1,false)
(0.093988,0.000000,1,false)
(0.079101,0.000000,1,false)
(0.087713,0.000000,1,false)
(0.010905,0.000000,1,false)
(0.062728,0.000000,1,false)
(0.027693,0.000000,1,false)
(0.094335,0.000000,1,false)
(0.028626,0.000000,1,false)
(0.003542,0.000000,1,false)
(0.015250,0.000000,1,false)
(0.056769,0.000000,1,false)
(0.011998,0.000000,1,false)
(0.029100,0.000000,1,false)
(0.959864,1.000000,0,true)
(0.926812,1.000000,0,true)
(0.954289,1.000000,0,true)
(0.930940,1.000000,0,true)
(0.946092,1.000000,0,true)
(0.964358,1.000000,0,false)
(0.946375,1.000000,0,false)
(0.973429,1.000000,0,false)
(0.947089,1.000000,0,false)
(0.930036,1.000000,0,false)
(0.958257,1.000000,0,false)
(0.976443,1.000000,0,false)
(0.960090,1.000000,0,false)
(0.972210,1.000000,0,false)
(0.961275,1.000000,0,false)
(0.955018,1.000000,0,false)
(0.907043,1.000000,0,false)
(0.936949,1.000000,0,false)
(0.981306,1.000000,0,false)
(0.972025,1.000000,0,false)
(0.928632,1.000000,0,false)
(0.993798,1.000000,0,false)
(0.958516,1.000000,0,false)
(0.907060,1.000000,0,false)
(0.978015,1.000000,0,false)
(0.903896,1.000000,0,false)
(0.913323,1.000000,0,false)
(0.919312,1.000000,0,false)
(0.977176,1.000000,0,false)
(0.958392,1.000000,0,false)
(0.910549,1.000000,0,false)
(0.957871,1.000000,0,false)
(0.984242,1.000000,0,false)
(0.937211,1.000000,0,false)
(0.991329,1.000000,0,false)
(0.974771,1.000000,0,false)
(0.964944,1.000000,0,false)
(0.994816,1.000000,0,false)
(0.929408,1.000000,0,false)
(0.982313,1.000000,0,false)
(0.965577,1.000000,0,false)
(0.970501,1.000000,0,false)
(0.964771,1.000000,0,false)
(0.966811,1.000000,0,false)
(0.948427,1.000000,0,false)
(0.946047,1.000000,0,false)
(0.973401,1.000000,0,false)
(0.925878,1.000000,0,false)
(0.973542,1.000000,0,false)
(0.933258,1.000000,0,false)
(0.947018,1.000000,0,false)
(0.935745,1.000000,0,false)
(0.993086,1.000000,0,false)
(0.967913,1.000000,0,false)
(0.981208,1.000000,0,false)
(0.978799,1.000000,0,false)
(0.966172,1.000000,0,false)
(0.915099,1.000000,0,false)
(0.904235,1.000000,0,false)
(0.969680,1.000000,0,false)
(0.903195,1.000000,0,false)
(0.953694,1.000000,0,false)
(0.922063,1.000000,0,false)
(0.910716,1.000000,0,false)
(0.909079,1.000000,0,false)
(0.904917,1.000000,0,false)
(0.907793,1.000000,0,false)
(0.984356,1.000000,0,false)
(0.914734,1.000000,0,false)
(0.901409,1.000000,0,false)
(0.925691,1.000000,0,false)
(0.951468,1.000000,0,false)
(0.965161,1.000000,0,false)
(0.959256,1.000000,0,false)
(0.951398,1.000000,0,false)
(0.970011,1.000000,0,false)
(0.971268,1.000000,0,false)
(0.915599,1.000000,0,false)
(0.930668,1.000000,0,false)
(0.978527,1.000000,0,false)

(0,0,false)
(1,0,false)
(2,0,false)
(3,0,false)
(4,0,false)
(5,0,false)
(6,0,false)
(7,0,false)
(9,0,false)
(10,0,false)
(12,0,false)
(13,0,false)
(14,0,false)
(16,0,false)
(17,0,false)
(18,0,false)
(21,0,true)
(22,0,true)
(25,0,true)
(28,0,true)
(30,0,false)
(31,0,true)
(32,0,true)
(33,0,true)
(34,0,true)
(35,0,true)
(37,0,true)
(40,0,true)
(41,0,true)
(42,0,true)
(43,0,true)
(44,0,true)
(46,0,false)
(47,0,true)
(48,0,true)
(49,0,true)
(50,0,true)
(51,0,false)
(52,0,true)
(53,0,true)
(54,0,true)
(55,0,true)
(56,0,true)
(58,0,true)
(59,0,true)
(61,0,true)
(62,0,true)
(63,0,true)
(64,0,true)
(67,0,true)
(68,0,true)
(69,0,true)
(70,0,true)
(71,0,true)
(72,0,true)
(73,0,true)
(74,0,true)
(77,0,true)
(78,0,false)
(79,0,true)
(81,0,true)
(84,0,false)
(86,0,true)
(87,0,true)
(88,0,true)
(89,0,true)
(91,0,true)
(93,0,true)
(94,0,true)
(95,0,true)
(97,0,false)
(98,0,true)
(99,0,true)
(1,1,true)
(3,1,false)
(5,1,false)
(6,1,false)
(7,1,false)
(9,1,false)
(10,1,false)
(12,1,false)
(13,1,false)
(14,1,false)
(16,1,true)
(17,1,false)
(20,1,true)
(21,1,false)
(22,1,true)
(25,1,true)
(27,1,true)
(28,1,true)
(29,1,true)
(31,1,true)
(32,1,true)
(34,1,true)
(35,1,true)
(36,1,true)
(37,1,true)
(38,1,true)
(39,1,true)
(40,1,true)
(41,1,true)
(44,1,true)
(45,1,true)
(47,1,true)
(48,1,true)
(50,1,true)
(51,1,true)
(52,1,true)
(53,1,true)
(55,1,true)
(56,1,true)
(57,1,true)
(59,1,true)
(60,1,true)
(61,1,true)
(63,1,true)
(64,1,true)
(65,1,true)
(66,1,false)
(68,1,true)
(69,1,true)
(70,1,true)
(71,1,false)
(72,1,true)
(74,1,true)
(75,1,true)
(76,1,true)
(77,1,true)
(78,1,true)
(79,1,true)
(80,1,true)
(82,1,true)
(84,1,true)
(85,1,true)
(88,1,true)
(92,1,true)
(93,1,true)
(95,1,true)
(96,1,true)
(98,1,true)
(2,2,false)
(3,2,false)
(6,2,false)
(7,2,false)
(10,2,false)
(11,2,false)
(12,2,false)
(13,2,false)
(14,2,false)
(16,2,false)
(17,2,false)
(19,2,false)
(20,2,true)
(21,2,true)
(22,2,true)
(25,2,true)
(26,2,true)
(32,2,true)
(34,2,true)
(35,2,true)
(36,2,true)
(37,2,true)
(38,2,true)
(39,2,true)
(41,2,false)
(44,2,true)
(45,2,true)
(46,2,true)
(48,2,true)
(49,2,false)
(50,2,true)
(52,2,true)
(53,2,true)
(57,2,true)
(58,2,true)
(63,2,true)
(64,2,true)
(65,2,false)
(67,2,true)
(69,2,false)
(71,2,true)
(73,2,true)
(75,2,true)
(78,2,true)
(79,2,true)
(83,2,true)
(85,2,true)
(86,2,true)
(88,2,true)
(89,2,true)
(91,2,true)
(93,2,true)
(94,2,true)
(96,2,false)
(97,2,false)
(99,2,true)
(0,3,false)
(1,3,false)
(4,3,false)
(6,3,false)
(11,3,false)
(12,3,false)
(13,3,true)
(14,3,false)
(16,3,false)
(17,3,false)
(18,3,false)
(19,3,false)
(20,3,true)
(21,3,true)
(23,3,true)
(26,3,true)
(28,3,true)
(31,3,true)
(33,3,true)
(34,3,true)
(35,3,true)
(36,3,true)
(37,3,true)
(40,3,true)
(42,3,true)
(43,3,true)
(44,3,true)
(46,3,false)
(48,3,true)
(51,3,true)
(52,3,true)
(54,3,true)
(57,3,true)
(60,3,false)
(61,3,true)
(63,3,true)
(64,3,true)
(65,3,true)
(66,3,true)
(67,3,true)
(71,3,true)
(77,3,true)
(80,3,true)
(81,3,true)
(82,3,false)
(84,3,true)
(85,3,true)
(87,3,true)
(90,3,true)
(92,3,true)
(94,3,true)
(96,3,true)
(97,3,true)
(98,3,true)
(0,4,false)
(1,4,false)
(2,4,false)
(4,4,false)
(7,4,false)
(8,4,false)
(10,4,false)
(12,4,false)
(13,4,false)
(14,4,false)
(15,4,false)
(17,4,false)
(18,4,false)
(20,4,true)
(21,4,true)
(23,4,true)
(24,4,true)
(28,4,true)
(30,4,true)
(34,4,true)
(36,4,true)
(41,4,true)
(42,4,true)
(44,4,true)
(45,4,true)
(47,4,true)
(48,4,true)
(53,4,true)
(56,4,true)
(57,4,true)
(58,4,true)
(59,4,true)
(60,4,true)
(64,4,true)
(65,4,false)
(71,4,true)
(73,4,true)
(74,4,true)
(78,4,true)
(80,4,true)
(82,4,true)
(83,4,true)
(84,4,true)
(89,4,true)
(90,4,true)
(99,4,true)
(1,5,false)
(4,5,false)
(6,5,false)
(10,5,false)
(13,5,false)
(15,5,false)
(17,5,false)
(18,5,false)
(22,5,true)
(23,5,true)
(24,5,true)
(26,5,true)
(27,5,true)
(29,5,false)
(30,5,true)
(32,5,true)
(36,5,true)
(39,5,true)
(41,5,true)
(43,5,true)
(47,5,true)
(48,5,true)
(50,5,true)
(53,5,true)
(55,5,true)
(57,5,true)
(58,5,true)
(61,5,true)
(62,5,true)
(63,5,true)
(64,5,true)
(66,5,true)
(67,5,true)
(70,5,true)
(73,5,true)
(74,5,true)
(75,5,false)
(77,5,true)
(80,5,true)
(85,5,true)
(92,5,true)
(94,5,true)
(99,5,true)
(2,6,false)
(5,6,false)
(8,6,false)
(9,6,false)
(12,6,false)
(18,6,false)
(26,6,true)
(28,6,true)
(33,6,true)
(34,6,true)
(35,6,true)
(37,6,true)
(38,6,true)
(45,6,true)
(47,6,true)
(48,6,true)
(50,6,false)
(51,6,true)
(52,6,true)
(55,6,true)
(57,6,true)
(58,6,true)
(60,6,true)
(62,6,true)
(67,6,true)
(68,6,true)
(71,6,true)
(72,6,true)
(82,6,true)
(83,6,false)
(85,6,true)
(89,6,true)
(91,6,true)
(94,6,true)
(95,6,true)
(97,6,true)
(98,6,true)
(0,7,true)
(1,7,false)
(3,7,false)
(4,7,false)
(6,7,false)
(7,7,false)
(16,7,false)
(17,7,false)
(18,7,false)
(19,7,false)
(24,7,true)
(32,7,true)
(33,7,true)
(38,7,true)
(43,7,true)
(53,7,true)
(57,7,true)
(61,7,true)
(64,7,true)
(67,7,true)
(68,7,true)
(69,7,true)
(72,7,true)
(73,7,true)
(78,7,true)
(80,7,true)
(87,7,true)
(88,7,true)
(89,7,true)
(94,7,true)
(96,7,true)
(98,7,true)
(99,7,true)
(2,8,false)
(3,8,false)
(5,8,false)
(7,8,false)
(12,8,false)
(15,8,false)
(16,8,false)
(17,8,false)
(18,8,false)
(22,8,true)
(24,8,true)
(35,8,true)
(36,8,true)
(38,8,true)
(40,8,true)
(41,8,true)
(42,8,true)
(49,8,true)
(55,8,true)
(57,8,true)
(58,8,true)
(63,8,true)
(66,8,true)
(68,8,true)
(75,8,true)
(76,8,true)
(79,8,true)
(81,8,true)
(85,8,true)
(86,8,true)
(87,8,true)
(91,8,true)
(5,9,false)
(8,9,false)
(9,9,false)
(11,9,false)
(13,9,false)
(15,9,false)
(16,9,false)
(18,9,false)
(22,9,true)
(24,9,true)
(25,9,true)
(26,9,true)
(28,9,true)
(29,9,true)
(30,9,true)
(37,9,true)
(44,9,true)
(46,9,true)
(47,9,true)
(49,9,true)
(50,9,false)
(54,9,true)
(62,9,true)
(65,9,false)
(69,9,true)
(74,9,true)
(75,9,true)
(76,9,true)
(77,9,true)
(79,9,true)
(82,9,true)
(83,9,true)
(84,9,true)
(87,9,true)
(88,9,true)
(89,9,true)
(94,9,true)
(97,9,false)
(98,9,true)
(1,10,false)
(2,10,false)
(3,10,false)
(4,10,false)
(8,10,false)
(9,10,false)
(13,10,false)
(16,10,false)
(19,10,false)
(20,10,true)
(23,10,true)
(25,10,true)
(27,10,true)
(30,10,true)
(44,10,true)
(45,10,true)
(47,10,true)
(49,10,true)
(54,10,true)
(55,10,true)
(56,10,true)
(57,10,true)
(60,10,true)
(61,10,true)
(62,10,true)
(63,10,true)
(66,10,true)
(67,10,true)
(68,10,true)
(70,10,false)
(73,10,true)
(77,10,true)
(79,10,true)
(80,10,true)
(88,10,false)
(89,10,true)
(93,10,true)
(94,10,true)
(96,10,true)
(0,11,false)
(1,11,false)
(2,11,false)
(7,11,true)
(9,11,false)
(10,11,false)
(11,11,true)
(14,11,false)
(19,11,false)
(21,11,true)
(23,11,true)
(24,11,true)
(25,11,true)
(26,11,true)
(28,11,true)
(30,11,true)
(34,11,true)
(36,11,true)
(38,11,true)
(41,11,true)
(43,11,true)
(45,11,true)
(47,11,true)
(52,11,true)
(65,11,true)
(66,11,true)
(73,11,true)
(77,11,false)
(78,11,true)
(79,11,true)
(83,11,true)
(89,11,true)
(95,11,true)
(98,11,true)
(99,11,true)
(0,12,false)
(1,12,false)
(7,12,false)
(9,12,false)
(10,12,false)
(11,12,false)
(14,12,false)
(15,12,false)
(19,12,false)
(22,12,true)
(30,12,false)
(31,12,true)
(34,12,true)
(35,12,true)
(38,12,true)
(45,12,true)
(50,12,true)
(51,12,true)
(52,12,true)
(53,12,true)
(54,12,true)
(57,12,true)
(60,12,true)
(64,12,true)
(67,12,true)
(69,12,true)
(72,12,true)
(73,12,true)
(76,12,true)
(77,12,false)
(80,12,true)
(81,12,true)
(82,12,true)
(85,12,true)
(88,12,true)
(91,12,true)
(96,12,true)
(98,12,true)
(3,13,false)
(6,13,false)
(7,13,false)
(11,13,false)
(16,13,false)
(23,13,true)
(24,13,true)
(29,13,true)
(34,13,true)
(39,13,true)
(43,13,true)
(45,13,true)
(49,13,true)
(50,13,true)
(60,13,true)
(68,13,true)
(71,13,true)
(72,13,true)
(77,13,true)
(78,13,true)
(80,13,true)
(82,13,true)
(87,13,true)
(94,13,true)
(99,13,true)
(0,14,false)
(6,14,false)
(8,14,false)
(9,14,false)
(12,14,false)
(13,14,false)
(15,14,false)
(17,14,false)
(18,14,false)
(28,14,true)
(29,14,true)
(31,14,true)
(32,14,true)
(34,14,true)
(35,14,true)
(40,14,false)
(41,14,true)
(42,14,true)
(44,14,true)
(45,14,true)
(47,14,true)
(50,14,true)
(53,14,true)
(58,14,true)
(60,14,true)
(62,14,true)
(63,14,true)
(64,14,true)
(72,14,true)
(75,14,true)
(78,14,true)
(83,14,true)
(84,14,true)
(85,14,true)
(92,14,false)
(93,14,true)
(94,14,true)
(97,14,true)
(0,15,false)
(1,15,false)
(2,15,false)
(4,15,false)
(9,15,false)
(16,15,false)
(18,15,false)
(20,15,true)
(23,15,true)
(25,15,true)
(26,15,true)
(29,15,true)
(33,15,true)
(34,15,true)
(35,15,true)
(40,15,true)
(41,15,true)
(43,15,true)
(52,15,true)
(57,15,true)
(59,15,true)
(66,15,true)
(67,15,false)
(68,15,false)
(74,15,true)
(75,15,true)
(76,15,true)
(82,15,true)
(86,15,false)
(88,15,true)
(91,15,true)
(96,15,true)
(98,15,true)
(1,16,false)
(5,16,false)
(8,16,false)
(9,16,false)
(10,16,false)
(11,16,false)
(13,16,true)
(14,16,false)
(20,16,true)
(22,16,true)
(25,16,true)
(26,16,true)
(30,16,false)
(37,16,false)
(39,16,true)
(44,16,true)
(45,16,true)
(49,16,true)
(50,16,true)
(57,16,true)
(58,16,true)
(61,16,true)
(63,16,true)
(64,16,true)
(70,16,true)
(74,16,true)
(79,16,true)
(80,16,true)
(83,16,false)
(89,16,true)
(91,16,true)
(94,16,true)
(99,16,true)
(0,17,false)
(1,17,false)
(14,17,false)
(18,17,false)
(20,17,true)
(22,17,true)
(23,17,true)
(24,17,true)
(25,17,true)
(26,17,false)
(27,17,true)
(31,17,true)
(35,17,true)
(41,17,true)
(43,17,true)
(44,17,true)
(48,17,true)
(49,17,true)
(51,17,true)
(52,17,true)
(57,17,true)
(60,17,true)
(61,17,true)
(65,17,true)
(67,17,true)
(68,17,true)
(71,17,true)
(72,17,true)
(74,17,true)
(75,17,true)
(81,17,true)
(82,17,true)
(83,17,true)
(89,17,true)
(90,17,true)
(91,17,true)
(2,18,false)
(5,18,false)
(7,18,false)
(13,18,false)
(16,18,false)
(19,18,false)
(21,18,true)
(24,18,false)
(25,18,true)
(27,18,true)
(29,18,true)
(33,18,true)
(35,18,true)
(39,18,true)
(40,18,true)
(46,18,true)
(49,18,true)
(51,18,true)
(53,18,true)
(55,18,true)
(57,18,true)
(59,18,true)
(60,18,true)
(71,18,true)
(75,18,false)
(77,18,true)
(78,18,true)
(80,18,true)
(86,18,true)
(97,18,true)
(9,19,false)
(10,19,false)
(15,19,false)
(17,19,false)
(20,19,true)
(22,19,true)
(24,19,true)
(27,19,true)
(28,19,true)
(29,19,true)
(33,19,true)
(35,19,true)
(38,19,true)
(40,19,true)
(41,19,true)
(43,19,true)
(44,19,true)
(45,19,true)
(46,19,true)
(48,19,true)
(53,19,true)
(55,19,true)
(58,19,true)
(64,19,true)
(65,19,true)
(66,19,true)
(70,19,true)
(71,19,true)
(79,19,true)
(80,19,true)
(81,19,true)
(83,19,true)
(84,19,true)
(89,19,true)
(90,19,true)
(97,19,true)

(87,19)
(41,9)
(58,15)
(33,5)
(55,3)
(94,12)
(89,8)
(9,2)
(61,9)
(20,5)
(9,18)
(56,11)
(15,16)
(67,11)
(37,4)
(92,15)
(62,11)
(68,19)
(42,7)
(91,11)
(95,15)
(16,6)
(12,13)
(32,15)
(73,17)
(76,11)
(96,11)
(56,17)
(89,1)
(98,5)
(61,14)
(92,13)
(67,19)
(51,4)
(86,14)
(16,19)
(55,15)
(30,8)
(84,13)
(40,11)
(35,9)
(12,9)
(80,2)
(13,7)
(66,7)
(51,11)
(77,19)
(89,5)
(92,0)
(60,9)
(18,11)
(10,13)
(73,9)
(79,15)
(81,6)
(96,19)
(80,6)
(30,2)
(92,17)
(14,7)
(21,10)
(79,3)
(52,5)
(21,17)
(52,7)
(77,8)
(97,7)
(82,2)
(33,4)
(50,4)
(96,17)
(88,19)
(26,13)
(64,8)
(92,10)
(8,13)
(89,3)
(48,12)
(98,8)
(97,15)
(70,3)
(88,17)
(94,8)
(82,16)
(14,5)
(9,7)
(61,2)
(95,5)
(43,10)
(32,4)
(49,14)
(81,15)
(10,14)
(13,15)
(98,19)
(81,13)
(29,0)
(15,0)
(12,11)
(15,10)
(38,13)
(11,4)
(68,4)
(24,0)
(55,7)
(59,8)
(31,19)
(61,18)
(71,8)
(91,14)
(54,7)
(69,18)
(98,16)
(85,16)
(83,18)
(75,7)
(81,9)
(80,0)
(44,7)
(16,5)
(90,15)
(11,0)
(19,6)
(45,0)
(14,6)
(25,8)
(59,7)
(7,19)
(48,7)
(75,11)
(54,2)
(86,13)
(75,0)
(27,0)
(40,5)
(0,1)
(58,11)
(24,6)
(80,17)
(53,13)
(3,12)
(62,4)
(99,10)
(1,9)
(6,8)
(84,5)
(57,14)
(20,8)
(88,5)
(90,8)
(96,8)
(40,13)
(43,8)
(44,12)
(68,2)
(63,17)
(7,3)
(9,5)
(62,8)
(42,18)
(99,1)
(35,7)
(79,12)
(35,10)
(26,18)
(72,10)
(14,10)
(87,2)
(74,13)
(19,16)
(90,7)
(28,10)
(37,11)
(24,10)
(64,6)
(80,14)
(46,12)
(45,8)
(31,6)
(40,12)
(3,5)
(67,1)
(63,9)
(1,13)
(27,2)
(98,4)
(77,7)
(2,3)
(45,3)
(51,2)
(33,17)
(68,18)
(23,8)
(48,10)
(23,7)
(46,1)
(84,2)
(27,3)
(59,11)
(7,14)
(49,1)
(71,12)
(55,11)
(78,15)
(92,6)
(39,0)
(66,0)
(17,13)
(17,6)
(77,14)
(0,10)
(44,8)
(32,13)
(63,4)
(43,14)
(58,9)
(78,3)
(75,10)
(94,18)
(5,12)
(76,3)
(61,4)
(23,12)
(3,6)
(12,16)
(83,10)
(43,9)
(4,14)
(3,15)
(87,11)
(25,14)
(48,9)
(86,19)
(8,11)
(33,1)
(25,19)
(96,0)
(28,2)
(86,10)
(3,14)
(53,10)
(25,5)
(33,8)
(48,11)
(10,15)
(56,8)
(64,17)
(62,1)
(30,7)
(97,5)
(40,2)
(23,0)
(7,5)
(98,13)
(98,17)
(54,4)
(76,7)
(5,10)
(85,17)
(84,8)
(1,2)
(1,14)
(1,19)
(10,3)
(75,16)
(45,7)
(18,12)
(40,7)
(47,16)
(39,8)
(5,5)
(84,17)
(28,12)
(98,18)
(57,9)
(64,9)
(45,18)
(1,6)
(25,6)
(96,13)
(41,13)
(21,13)
(25,12)
(57,0)
(44,5)
(31,4)
(91,3)
(11,6)
(75,19)
(95,12)
(44,13)
(64,15)
(0,19)
(60,8)
(47,19)
(19,4)
(53,3)
(23,6)
(68,16)
(19,0)
(95,18)
(39,9)
(77,4)
(51,7)
(69,17)
(9,4)
(19,1)
(49,15)
(72,2)
(53,9)
(79,5)
(19,17)
(32,8)
(45,9)
(80,8)
(34,8)
(15,1)
(13,11)
(88,4)
(17,12)
(70,17)
(57,13)
(37,13)
(49,12)
(34,18)
(43,4)
(57,11)
(38,5)
(87,15)
(27,12)
(37,5)
(49,5)
(28,7)
(7,15)
(84,11)
(62,12)
(85,15)
(18,18)
(77,2)
(15,13)
(26,4)
(87,1)
(99,6)
(60,0)
(89,13)
(27,14)
(26,7)
(9,3)
(49,19)
(77,6)
(18,2)
(52,16)
(81,16)
(49,7)
(17,10)
(91,4)
(58,3)
(96,4)
(98,2)
(78,19)
(39,7)
(90,6)
(75,13)
(42,2)
(16,4)
(6,12)
(81,7)
(19,5)
(80,15)
(89,12)
(5,19)
(53,8)
(26,14)
(2,14)
(98,14)
(8,15)
(14,18)
(60,19)
(5,4)
(84,10)
(74,14)
(1,8)
(98,10)
(42,15)
(96,18)
(12,12)
(43,6)
(5,7)
(7,17)
(29,2)
(14,9)
(44,11)
(58,18)
(21,5)
(85,0)
(76,4)
(46,6)
(9,17)
(90,10)
(67,8)
(89,14)
(65,0)
(96,5)
(70,13)
(49,6)
(31,18)
(70,4)
(99,9)
(16,12)
(29,4)
(29,3)
(97,12)
(40,9)
(96,14)
(71,7)
(22,11)
(2,5)
(83,15)
(20,12)
(68,9)
(90,9)
(84,15)
(80,11)
(39,11)
(12,7)
(57,19)
(1,18)
(91,7)
(33,2)
(66,12)
(30,1)
(89,15)
(15,2)
(28,15)
(58,1)
(84,16)
(71,15)
(65,12)
(7,9)
(43,18)
(38,15)
(32,9)
(11,7)
(85,9)
(91,10)
(85,10)
(29,6)
(86,9)
(77,17)
(36,0)
(28,16)
(32,12)
(2,7)
(77,15)
(29,7)
(34,7)
(59,12)
(50,3)
(60,5)
(66,6)
(72,16)
(91,18)
(36,19)
(32,6)
(34,9)
(78,6)
(50,8)
(45,5)
(83,0)
(35,11)
(52,19)
(8,7)
(25,4)
(4,2)
(60,11)
(4,18)
(38,4)
(96,6)
(10,17)
(58,13)
(34,19)
(7,10)
(90,5)
(69,15)
(17,17)
(92,16)
(67,14)
(84,6)
(91,19)
(85,19)
(43,12)
(52,9)
(17,9)
(16,14)
(99,8)
(68,11)
(14,8)
(87,10)
(86,6)
(28,13)
(72,3)
(64,11)
(46,13)
(82,10)
(43,16)
(46,17)
(20,18)
(94,1)
(92,2)
(18,13)
(8,8)
(55,14)
(8,17)
(78,17)
(32,17)
(49,11)
(69,6)
(99,12)
(36,12)
(95,4)
(3,17)
(50,15)
(40,6)
(9,8)
(90,1)
(43,2)
(73,18)
(32,19)
(96,9)
(15,11)
(90,0)
(74,18)
(38,14)
(95,10)
(8,0)
(76,16)
(65,8)
(56,5)
(38,10)
(72,8)
(61,15)
(97,17)
(4,19)
(95,3)
(3,11)
(51,16)
(77,16)
(47,7)
(73,1)
(99,14)
(82,18)
(23,1)
(42,9)
(74,7)
(74,8)
(64,18)
(28,5)
(81,1)
(84,18)
(27,16)
(46,14)
(79,17)
(79,4)
(82,0)
(29,10)
(21,8)
(61,11)
(93,6)
(76,10)
(64,10)
(83,7)
(23,18)
(41,18)
(14,13)
(41,12)
(67,13)
(62,7)
(90,18)
(61,13)
(42,11)
(84,12)
(72,11)
(75,6)
(66,18)
(70,6)
(36,6)
(63,7)
(48,18)
(18,1)
(12,10)
(4,8)
(44,6)
(25,13)
(42,13)
(82,7)
(19,13)
(75,3)
(45,17)
(88,3)
(39,14)
(45,15)
(51,13)
(24,14)
(0,6)
(90,2)
(4,9)
(60,16)
(74,6)
(65,13)
(83,1)
(10,8)
(33,12)
(34,17)
(21,12)
(95,9)
(92,4)
(68,3)
(19,19)
(69,11)
(62,2)
(83,12)
(75,4)
(95,16)
(21,19)
(90,16)
(3,3)
(54,15)
(90,11)
(70,8)
(61,6)
(52,14)
(33,13)
(96,16)
(65,7)
(92,12)
(55,4)
(44,15)
(3,9)
(73,15)
(74,11)
(76,2)
(10,9)
(70,11)
(37,17)
(46,16)
(6,15)
(28,17)
(75,12)
(89,18)
(56,15)
(58,17)
(32,11)
(40,16)
(26,0)
(79,7)
(22,3)
(80,9)
(30,17)
(79,6)
(15,15)
(11,1)
(94,11)
(33,14)
(70,2)
(62,13)
(53,17)
(5,3)
(66,2)
(95,13)
(76,6)
(43,1)
(23,14)
(56,6)
(35,5)
(19,14)
(39,4)
(67,18)
(69,3)
(47,3)
(28,8)
(26,1)
(38,3)
(65,16)
(27,4)
(81,11)
(8,5)
(17,11)
(47,2)
(14,19)
(61,12)
(21,9)
(4,6)
(22,14)
(16,16)
(33,10)
(17,18)
(54,5)
(47,18)
(47,12)
(17,15)
(24,3)
(27,11)
(31,8)
(39,6)
(90,12)
(25,7)
(69,13)
(37,15)
(82,11)
(95,17)
(26,10)
(78,10)
(69,10)
(26,12)
(66,4)
(58,10)
(42,1)
(3,19)
(50,7)
(27,15)
(40,4)
(33,11)
(71,14)
(29,17)
(34,5)
(69,16)
(12,5)
(59,10)
(7,6)
(63,6)
(27,13)
(27,7)
(79,18)
(82,19)
(30,6)
(67,4)
(31,13)
(4,1)
(20,6)
(2,13)
(15,6)
(79,14)
(8,1)
(46,11)
(8,19)
(59,2)
(84,7)
(62,17)
(50,10)
(4,11)
(25,3)
(51,8)
(94,4)
(99,3)
(56,3)
(62,3)
(28,18)
(48,15)
(94,15)
(76,19)
(73,3)
(55,2)
(18,10)
(53,16)
(12,17)
(40,17)
(60,15)
(40,10)
(90,14)
(29,8)
(4,17)
(90,13)
(44,18)
(38,17)
(14,15)
(10,18)
(10,10)
(11,5)
(8,3)
(24,15)
(3,16)
(5,13)
(22,4)
(22,7)
(3,4)
(81,4)
(62,19)
(55,16)
(66,13)
(94,19)
(46,8)
(65,5)
(27,8)
(17,16)
(70,18)
(51,5)
(23,9)
(93,13)
(73,6)
(54,19)
(95,19)
(20,0)
(32,18)
(16,17)
(4,13)
(67,9)
(38,18)
(24,1)
(62,15)
(67,16)
(15,7)
(78,8)
(5,11)
(63,18)
(18,16)
(15,18)
(70,12)
(94,17)
(76,5)
(61,19)
(72,18)
(71,11)
(21,14)
(14,14)
(23,2)
(87,16)
(93,7)
(42,12)
(0,2)
(70,7)
(35,16)
(35,4)
(59,3)
(20,9)
(26,19)
(0,8)
(39,3)
(82,5)
(8,18)
(69,5)
(97,4)
(99,19)
(51,19)
(60,7)
(83,8)
(24,2)
(56,2)
(34,10)
(70,9)
(79,13)
(4,16)
(99,18)
(2,1)
(31,5)
(47,15)
(10,7)
(10,6)
(78,16)
(63,19)
(69,4)
(3,18)
(16,11)
(95,8)
(88,8)
(32,3)
(78,5)
(78,9)
(99,15)
(85,11)
(73,8)
(92,9)
(97,13)
(68,14)
(83,3)
(39,10)
(18,19)
(5,2)
(0,13)
(68,12)
(55,9)
(48,8)
(41,16)
(27,9)
(5,15)
(88,18)
(15,3)
(50,18)
(59,17)
(34,16)
(15,17)
(88,11)
(7,16)
(49,4)
(91,13)
(27,6)
(12,19)
(37,18)
(46,5)
(85,4)
(86,16)
(56,14)
(4,12)
(2,16)
(21,16)
(86,17)
(41,6)
(8,2)
(5,14)
(36,18)
(68,5)
(42,19)
(69,14)
(19,9)
(83,13)
(58,12)
(81,18)
(47,13)
(23,19)
(97,10)
(51,9)
(19,15)
(6,9)
(32,10)
(73,13)
(65,15)
(42,6)
(31,11)
(41,7)
(66,17)
(46,7)
(8,12)
(29,16)
(6,17)
(50,11)
(88,13)
(29,12)
(41,3)
(38,16)
(32,16)
(69,19)
(29,11)
(52,4)
(23,16)
(83,5)
(36,9)
(86,12)
(51,15)
(0,16)
(5,17)
(59,5)
(51,10)
(99,17)
(2,12)
(30,19)
(31,15)
(70,14)
(82,14)
(63,12)
(0,18)
(85,7)
(21,15)
(48,13)
(2,17)
(73,14)
(11,14)
(20,7)
(53,11)
(78,12)
(21,7)
(58,7)
(82,8)
(97,11)
(71,5)
(95,2)
(50,19)
(87,14)
(19,8)
(22,13)
(46,4)
(35,13)
(60,2)
(76,0)
(21,6)
(87,12)
(88,6)
(37,14)
(20,13)
(13,12)
(61,8)
(6,10)
(22,10)
(88,14)
(50,17)
(85,13)
(74,12)
(55,13)
(47,17)
(59,19)
(92,19)
(36,13)
