100 Users
62 Files
4000 Transactions
2 Maximum Connections
1 Cycle Length per Upload-Download
0 Warm-up Transactions
0.400000 Zipf constant
5 Pre-Trusted Users
80 Well-Behaved (Good) Users
20 Purely Malicious Users
0 Feedback Skewing Users
0 Malignant Providing Users
0 Disguised Malicous Users
0 Sybil Attack Users
true Intelligent Trans. Generation
1561008963094 Trace Generation Seed

(0.068024,0.000000,1,false)
(0.024205,0.000000,1,false)
(0.074482,0.000000,1,false)
(0.058648,0.000000,1,false)
(0.071498,0.000000,1,false)
(0.058237,0.000000,1,false)
(0.039263,0.000000,1,false)
(0.028344,0.000000,1,false)
(0.003108,0.000000,1,false)
(0.087402,0.000000,1,false)
(0.082946,0.000000,1,false)
(0.079161,0.000000,1,false)
(0.055847,0.000000,1,false)
(0.033222,0.000000,1,false)
(0.000937,0.000000,1,false)
(0.081790,0.000000,1,false)
(0.017213,0.000000,1,false)
(0.059194,0.000000,1,false)
(0.016821,0.000000,1,false)
(0.070837,0.000000,1,false)
(0.967595,1.000000,0,true)
(0.992495,1.000000,0,true)
(0.914824,1.000000,0,true)
(0.936578,1.000000,0,true)
(0.972882,1.000000,0,true)
(0.942025,1.000000,0,false)
(0.952864,1.000000,0,false)
(0.946235,1.000000,0,false)
(0.943078,1.000000,0,false)
(0.948451,1.000000,0,false)
(0.998159,1.000000,0,false)
(0.953941,1.000000,0,false)
(0.931698,1.000000,0,false)
(0.932384,1.000000,0,false)
(0.960959,1.000000,0,false)
(0.938573,1.000000,0,false)
(0.972408,1.000000,0,false)
(0.930450,1.000000,0,false)
(0.936628,1.000000,0,false)
(0.943534,1.000000,0,false)
(0.901604,1.000000,0,false)
(0.963937,1.000000,0,false)
(0.970791,1.000000,0,false)
(0.979371,1.000000,0,false)
(0.974514,1.000000,0,false)
(0.922664,1.000000,0,false)
(0.903507,1.000000,0,false)
(0.922389,1.000000,0,false)
(0.986230,1.000000,0,false)
(0.905646,1.000000,0,false)
(0.987429,1.000000,0,false)
(0.998033,1.000000,0,false)
(0.925415,1.000000,0,false)
(0.922552,1.000000,0,false)
(0.977173,1.000000,0,false)
(0.923682,1.000000,0,false)
(0.951588,1.000000,0,false)
(0.944173,1.000000,0,false)
(0.986223,1.000000,0,false)
(0.943199,1.000000,0,false)
(0.996967,1.000000,0,false)
(0.996346,1.000000,0,false)
(0.903706,1.000000,0,false)
(0.915167,1.000000,0,false)
(0.950777,1.000000,0,false)
(0.919736,1.000000,0,false)
(0.956237,1.000000,0,false)
(0.918215,1.000000,0,false)
(0.987737,1.000000,0,false)
(0.967828,1.000000,0,false)
(0.989793,1.000000,0,false)
(0.910177,1.000000,0,false)
(0.953125,1.000000,0,false)
(0.987245,1.000000,0,false)
(0.933166,1.000000,0,false)
(0.923036,1.000000,0,false)
(0.914378,1.000000,0,false)
(0.918136,1.000000,0,false)
(0.988076,1.000000,0,false)
(0.992691,1.000000,0,false)
(0.933626,1.000000,0,false)
(0.967962,1.000000,0,false)
(0.971372,1.000000,0,false)
(0.911571,1.000000,0,false)
(0.906846,1.000000,0,false)
(0.949335,1.000000,0,false)
(0.912013,1.000000,0,false)
(0.952933,1.000000,0,false)
(0.953535,1.000000,0,false)
(0.931917,1.000000,0,false)
(0.979620,1.000000,0,false)
(0.948415,1.000000,0,false)
(0.925832,1.000000,0,false)
(0.939484,1.000000,0,false)
(0.992405,1.000000,0,false)
(0.904999,1.000000,0,false)
(0.937975,1.000000,0,false)
(0.926311,1.000000,0,false)
(0.920153,1.000000,0,false)
(0.923992,1.000000,0,false)

(0,0,false)
(1,0,false)
(2,0,false)
(3,0,false)
(4,0,false)
(5,0,false)
(8,0,false)
(9,0,false)
(10,0,false)
(11,0,false)
(12,0,false)
(14,0,false)
(15,0,true)
(16,0,false)
(17,0,false)
(18,0,false)
(19,0,false)
(20,0,true)
(22,0,false)
(23,0,false)
(25,0,true)
(26,0,true)
(27,0,true)
(28,0,true)
(30,0,true)
(31,0,true)
(33,0,true)
(34,0,true)
(35,0,false)
(36,0,true)
(37,0,true)
(38,0,true)
(40,0,true)
(41,0,true)
(44,0,true)
(45,0,true)
(46,0,true)
(47,0,true)
(48,0,true)
(49,0,true)
(52,0,true)
(53,0,true)
(55,0,false)
(56,0,true)
(57,0,true)
(59,0,true)
(61,0,true)
(62,0,true)
(63,0,true)
(65,0,true)
(66,0,true)
(67,0,true)
(69,0,true)
(70,0,true)
(71,0,true)
(72,0,true)
(74,0,true)
(75,0,false)
(76,0,false)
(78,0,true)
(79,0,true)
(80,0,true)
(81,0,true)
(84,0,true)
(85,0,true)
(86,0,true)
(87,0,true)
(88,0,true)
(90,0,true)
(91,0,true)
(92,0,true)
(93,0,true)
(95,0,true)
(96,0,true)
(97,0,true)
(98,0,true)
(0,1,false)
(1,1,false)
(3,1,false)
(4,1,false)
(8,1,false)
(9,1,false)
(10,1,false)
(12,1,false)
(13,1,false)
(14,1,false)
(15,1,false)
(16,1,false)
(18,1,false)
(20,1,false)
(22,1,true)
(23,1,true)
(24,1,true)
(25,1,true)
(27,1,true)
(28,1,true)
(31,1,true)
(32,1,true)
(33,1,true)
(34,1,true)
(42,1,true)
(43,1,true)
(45,1,true)
(48,1,true)
(56,1,true)
(58,1,true)
(59,1,true)
(63,1,true)
(64,1,true)
(65,1,true)
(67,1,true)
(68,1,true)
(69,1,true)
(70,1,true)
(74,1,true)
(76,1,true)
(77,1,false)
(78,1,true)
(79,1,true)
(82,1,true)
(83,1,true)
(84,1,true)
(87,1,true)
(89,1,true)
(90,1,true)
(92,1,true)
(93,1,true)
(94,1,true)
(95,1,true)
(96,1,false)
(97,1,true)
(2,2,false)
(3,2,false)
(4,2,false)
(5,2,false)
(7,2,false)
(10,2,false)
(11,2,false)
(14,2,false)
(15,2,false)
(16,2,false)
(17,2,false)
(19,2,false)
(20,2,true)
(23,2,true)
(24,2,true)
(25,2,true)
(26,2,true)
(27,2,true)
(28,2,true)
(29,2,true)
(31,2,true)
(40,2,true)
(41,2,true)
(42,2,true)
(45,2,true)
(46,2,true)
(47,2,true)
(48,2,true)
(49,2,true)
(51,2,true)
(53,2,true)
(56,2,true)
(57,2,true)
(60,2,true)
(61,2,true)
(62,2,true)
(63,2,true)
(66,2,true)
(67,2,true)
(68,2,true)
(73,2,true)
(74,2,false)
(75,2,true)
(76,2,true)
(78,2,true)
(80,2,true)
(82,2,true)
(83,2,true)
(88,2,true)
(89,2,true)
(90,2,true)
(91,2,true)
(92,2,true)
(93,2,true)
(94,2,true)
(96,2,true)
(99,2,true)
(1,3,false)
(3,3,false)
(4,3,false)
(5,3,false)
(7,3,false)
(11,3,false)
(16,3,false)
(20,3,true)
(21,3,true)
(22,3,true)
(23,3,true)
(25,3,true)
(26,3,true)
(27,3,true)
(28,3,true)
(29,3,true)
(30,3,true)
(31,3,true)
(32,3,true)
(33,3,true)
(35,3,true)
(37,3,true)
(39,3,true)
(41,3,true)
(42,3,true)
(45,3,true)
(46,3,true)
(47,3,true)
(50,3,true)
(60,3,true)
(61,3,true)
(62,3,true)
(65,3,true)
(67,3,true)
(68,3,true)
(69,3,true)
(70,3,true)
(71,3,true)
(73,3,true)
(75,3,true)
(76,3,true)
(78,3,true)
(79,3,true)
(80,3,true)
(81,3,true)
(82,3,true)
(86,3,true)
(90,3,true)
(92,3,true)
(93,3,true)
(94,3,true)
(95,3,true)
(5,4,true)
(6,4,false)
(7,4,false)
(9,4,false)
(16,4,false)
(18,4,false)
(21,4,true)
(23,4,true)
(24,4,true)
(26,4,true)
(27,4,true)
(28,4,true)
(30,4,true)
(31,4,true)
(32,4,true)
(33,4,true)
(36,4,true)
(37,4,true)
(38,4,true)
(49,4,true)
(51,4,true)
(52,4,true)
(54,4,true)
(55,4,true)
(56,4,true)
(58,4,true)
(60,4,true)
(63,4,true)
(71,4,true)
(73,4,true)
(78,4,true)
(81,4,true)
(82,4,true)
(85,4,true)
(86,4,true)
(90,4,true)
(96,4,true)
(97,4,true)
(98,4,true)
(0,5,false)
(3,5,false)
(4,5,false)
(5,5,false)
(6,5,false)
(7,5,false)
(12,5,true)
(13,5,false)
(14,5,false)
(16,5,false)
(19,5,false)
(21,5,true)
(22,5,true)
(24,5,true)
(25,5,true)
(27,5,true)
(34,5,true)
(35,5,true)
(36,5,true)
(38,5,true)
(42,5,true)
(44,5,true)
(45,5,true)
(47,5,true)
(48,5,true)
(49,5,true)
(51,5,true)
(57,5,true)
(58,5,true)
(60,5,true)
(64,5,true)
(65,5,true)
(67,5,true)
(68,5,true)
(69,5,true)
(70,5,true)
(71,5,true)
(74,5,true)
(75,5,true)
(77,5,true)
(78,5,true)
(81,5,true)
(86,5,true)
(87,5,true)
(89,5,true)
(98,5,true)
(99,5,true)
(0,6,false)
(2,6,false)
(7,6,false)
(9,6,false)
(14,6,false)
(18,6,false)
(19,6,false)
(20,6,true)
(21,6,true)
(26,6,true)
(29,6,true)
(35,6,true)
(37,6,true)
(40,6,true)
(42,6,true)
(46,6,true)
(47,6,false)
(48,6,true)
(50,6,true)
(51,6,true)
(54,6,false)
(55,6,true)
(58,6,true)
(60,6,true)
(61,6,true)
(63,6,true)
(64,6,true)
(66,6,true)
(67,6,true)
(68,6,true)
(76,6,true)
(78,6,true)
(84,6,true)
(87,6,true)
(88,6,false)
(94,6,true)
(95,6,true)
(0,7,false)
(2,7,false)
(3,7,false)
(4,7,false)
(5,7,false)
(6,7,false)
(8,7,false)
(9,7,false)
(11,7,false)
(12,7,false)
(14,7,false)
(15,7,false)
(16,7,false)
(21,7,true)
(24,7,true)
(28,7,true)
(29,7,true)
(30,7,true)
(33,7,true)
(36,7,true)
(37,7,true)
(38,7,true)
(40,7,true)
(46,7,true)
(49,7,true)
(50,7,true)
(54,7,true)
(56,7,true)
(57,7,true)
(60,7,true)
(61,7,true)
(62,7,true)
(63,7,true)
(77,7,true)
(78,7,true)
(80,7,false)
(81,7,true)
(82,7,true)
(86,7,true)
(89,7,true)
(90,7,true)
(96,7,true)
(98,7,true)
(99,7,false)
(0,8,false)
(1,8,false)
(3,8,false)
(4,8,false)
(7,8,false)
(15,8,false)
(22,8,true)
(23,8,true)
(25,8,true)
(26,8,true)
(32,8,true)
(33,8,true)
(36,8,true)
(42,8,true)
(44,8,true)
(51,8,true)
(52,8,true)
(56,8,true)
(57,8,true)
(60,8,true)
(62,8,true)
(65,8,false)
(66,8,true)
(70,8,true)
(72,8,true)
(73,8,true)
(83,8,true)
(84,8,true)
(86,8,false)
(90,8,true)
(92,8,true)
(96,8,true)
(97,8,true)
(98,8,true)
(2,9,false)
(7,9,false)
(11,9,false)
(15,9,false)
(16,9,false)
(21,9,true)
(22,9,true)
(25,9,true)
(27,9,true)
(28,9,true)
(29,9,true)
(31,9,true)
(32,9,true)
(37,9,true)
(45,9,true)
(46,9,true)
(49,9,false)
(51,9,true)
(52,9,true)
(55,9,true)
(66,9,true)
(67,9,true)
(69,9,true)
(71,9,true)
(74,9,true)
(77,9,true)
(79,9,true)
(84,9,true)
(86,9,true)
(90,9,true)
(92,9,true)
(97,9,true)
(98,9,true)
(2,10,false)
(3,10,true)
(4,10,false)
(6,10,false)
(8,10,false)
(11,10,false)
(14,10,false)
(15,10,false)
(22,10,true)
(24,10,true)
(26,10,true)
(30,10,true)
(33,10,true)
(40,10,true)
(41,10,true)
(42,10,false)
(47,10,true)
(54,10,true)
(57,10,true)
(60,10,true)
(66,10,true)
(74,10,true)
(75,10,true)
(76,10,true)
(77,10,true)
(80,10,true)
(85,10,true)
(86,10,true)
(94,10,true)
(95,10,false)
(96,10,false)
(97,10,true)
(0,11,false)
(1,11,false)
(3,11,false)
(5,11,false)
(6,11,false)
(9,11,false)
(10,11,false)
(12,11,false)
(14,11,false)
(18,11,false)
(24,11,true)
(26,11,true)
(27,11,true)
(34,11,true)
(35,11,true)
(37,11,true)
(42,11,true)
(44,11,true)
(45,11,true)
(54,11,true)
(65,11,true)
(67,11,true)
(68,11,true)
(69,11,true)
(70,11,true)
(73,11,true)
(78,11,true)
(82,11,true)
(84,11,true)
(86,11,true)
(90,11,true)
(91,11,true)
(92,11,true)
(93,11,true)
(94,11,true)
(96,11,true)
(98,11,true)
(99,11,true)
(1,12,false)
(2,12,false)
(5,12,false)
(7,12,false)
(12,12,false)
(18,12,false)
(21,12,true)
(22,12,true)
(23,12,true)
(25,12,true)
(29,12,true)
(31,12,true)
(43,12,true)
(47,12,true)
(48,12,true)
(50,12,true)
(57,12,true)
(58,12,true)
(60,12,true)
(62,12,true)
(66,12,true)
(67,12,true)
(69,12,true)
(72,12,true)
(75,12,true)
(82,12,true)
(83,12,true)
(87,12,true)
(88,12,true)
(90,12,true)
(95,12,true)
(97,12,true)
(99,12,true)
(7,13,false)
(9,13,false)
(14,13,false)
(19,13,false)
(20,13,true)
(23,13,true)
(30,13,true)
(31,13,true)
(32,13,true)
(33,13,true)
(39,13,true)
(40,13,true)
(49,13,true)
(50,13,true)
(55,13,true)
(57,13,true)
(59,13,true)
(61,13,true)
(62,13,true)
(63,13,true)
(66,13,true)
(74,13,true)
(79,13,true)
(82,13,true)
(88,13,true)
(90,13,true)
(94,13,true)
(96,13,true)
(3,14,false)
(4,14,false)
(8,14,false)
(11,14,false)
(21,14,true)
(23,14,true)
(25,14,false)
(26,14,true)
(27,14,true)
(30,14,true)
(32,14,true)
(34,14,true)
(35,14,true)
(37,14,true)
(38,14,true)
(42,14,true)
(44,14,true)
(46,14,true)
(48,14,true)
(51,14,true)
(55,14,true)
(58,14,true)
(60,14,true)
(62,14,true)
(63,14,true)
(64,14,true)
(65,14,true)
(69,14,true)
(71,14,true)
(76,14,false)
(79,14,true)
(83,14,true)
(84,14,true)
(86,14,true)
(90,14,true)
(91,14,true)
(92,14,true)
(94,14,true)
(98,14,true)
(0,15,false)
(1,15,false)
(5,15,false)
(7,15,false)
(11,15,false)
(20,15,true)
(23,15,true)
(30,15,true)
(35,15,true)
(36,15,true)
(37,15,true)
(38,15,true)
(39,15,true)
(44,15,true)
(48,15,true)
(50,15,true)
(55,15,false)
(58,15,true)
(68,15,true)
(72,15,true)
(74,15,true)
(78,15,true)
(79,15,true)
(81,15,true)
(82,15,true)
(84,15,true)
(85,15,true)
(90,15,true)
(0,16,false)
(8,16,false)
(11,16,false)
(16,16,false)
(17,16,false)
(18,16,false)
(20,16,true)
(21,16,true)
(37,16,false)
(38,16,true)
(44,16,true)
(47,16,true)
(49,16,true)
(53,16,true)
(54,16,true)
(55,16,true)
(59,16,true)
(62,16,true)
(68,16,true)
(69,16,true)
(77,16,true)
(79,16,true)
(87,16,true)
(91,16,true)
(93,16,true)
(98,16,true)
(99,16,true)
(0,17,false)
(5,17,false)
(9,17,false)
(12,17,false)
(16,17,false)
(21,17,true)
(23,17,true)
(24,17,false)
(26,17,false)
(27,17,true)
(29,17,true)
(32,17,true)
(33,17,false)
(38,17,true)
(42,17,true)
(44,17,true)
(50,17,true)
(53,17,true)
(58,17,true)
(62,17,true)
(63,17,true)
(65,17,true)
(70,17,true)
(71,17,true)
(74,17,true)
(76,17,true)
(78,17,true)
(83,17,true)
(96,17,true)
(97,17,true)
(98,17,true)
(99,17,true)
(4,18,false)
(6,18,false)
(9,18,false)
(20,18,true)
(21,18,true)
(24,18,true)
(29,18,true)
(35,18,true)
(36,18,true)
(39,18,true)
(46,18,true)
(47,18,true)
(48,18,true)
(50,18,true)
(53,18,true)
(54,18,true)
(55,18,true)
(56,18,true)
(59,18,true)
(66,18,true)
(72,18,true)
(73,18,true)
(75,18,true)
(77,18,true)
(78,18,true)
(81,18,true)
(85,18,true)
(87,18,true)
(97,18,true)
(98,18,true)
(3,19,false)
(6,19,false)
(7,19,false)
(10,19,false)
(12,19,false)
(14,19,false)
(19,19,false)
(22,19,true)
(24,19,true)
(26,19,true)
(27,19,true)
(28,19,true)
(30,19,true)
(40,19,true)
(41,19,true)
(42,19,true)
(44,19,true)
(55,19,true)
(56,19,true)
(59,19,true)
(61,19,true)
(64,19,true)
(67,19,true)
(69,19,true)
(72,19,false)
(82,19,true)
(84,19,true)
(85,19,true)
(88,19,true)
(90,19,true)
(98,19,true)
(99,19,true)
(4,20,false)
(8,20,false)
(11,20,false)
(13,20,false)
(15,20,false)
(17,20,false)
(27,20,true)
(32,20,true)
(39,20,true)
(41,20,true)
(45,20,true)
(47,20,true)
(50,20,true)
(53,20,true)
(59,20,true)
(69,20,true)
(79,20,true)
(86,20,true)
(89,20,true)
(91,20,true)
(92,20,false)
(94,20,true)
(96,20,true)
(97,20,true)
(98,20,true)
(4,21,false)
(5,21,false)
(6,21,false)
(10,21,false)
(11,21,false)
(14,21,false)
(15,21,true)
(17,21,false)
(20,21,true)
(31,21,true)
(33,21,true)
(35,21,true)
(41,21,true)
(42,21,true)
(46,21,false)
(48,21,true)
(51,21,true)
(52,21,true)
(53,21,true)
(60,21,true)
(61,21,true)
(73,21,true)
(76,21,true)
(84,21,true)
(86,21,true)
(89,21,true)
(97,21,true)
(1,22,false)
(3,22,false)
(7,22,false)
(8,22,false)
(12,22,false)
(14,22,false)
(21,22,true)
(23,22,true)
(26,22,true)
(31,22,true)
(38,22,true)
(40,22,true)
(43,22,true)
(52,22,false)
(58,22,true)
(62,22,true)
(69,22,true)
(70,22,true)
(72,22,true)
(73,22,true)
(78,22,true)
(86,22,true)
(91,22,true)
(92,22,true)
(96,22,true)
(1,23,false)
(2,23,false)
(14,23,false)
(15,23,false)
(20,23,true)
(22,23,true)
(30,23,true)
(39,23,true)
(41,23,true)
(42,23,true)
(47,23,true)
(50,23,true)
(51,23,true)
(52,23,true)
(53,23,true)
(54,23,true)
(60,23,true)
(71,23,true)
(80,23,true)
(83,23,true)
(92,23,true)
(98,23,true)
(3,24,false)
(5,24,false)
(6,24,false)
(8,24,false)
(9,24,false)
(14,24,false)
(19,24,false)
(21,24,true)
(23,24,true)
(25,24,true)
(31,24,true)
(33,24,true)
(37,24,true)
(46,24,true)
(47,24,true)
(54,24,true)
(57,24,true)
(63,24,true)
(65,24,true)
(68,24,true)
(77,24,true)
(80,24,true)
(82,24,true)
(85,24,false)
(86,24,true)
(88,24,true)
(90,24,true)
(97,24,true)
(12,25,false)
(14,25,false)
(15,25,false)
(16,25,false)
(18,25,false)
(19,25,false)
(24,25,true)
(25,25,false)
(32,25,true)
(33,25,true)
(36,25,true)
(43,25,true)
(45,25,false)
(50,25,true)
(55,25,false)
(57,25,true)
(61,25,true)
(66,25,false)
(68,25,true)
(71,25,true)
(75,25,true)
(77,25,true)
(83,25,true)
(91,25,true)
(98,25,true)
(0,26,true)
(5,26,false)
(7,26,false)
(15,26,false)
(18,26,false)
(25,26,true)
(26,26,true)
(27,26,true)
(38,26,true)
(42,26,true)
(56,26,true)
(61,26,true)
(64,26,true)
(68,26,true)
(70,26,true)
(71,26,true)
(78,26,true)
(81,26,true)
(82,26,true)
(85,26,true)
(87,26,true)
(90,26,true)
(91,26,true)
(93,26,true)
(95,26,true)
(98,26,true)
(2,27,true)
(10,27,false)
(12,27,false)
(13,27,false)
(14,27,false)
(20,27,true)
(23,27,true)
(30,27,true)
(31,27,true)
(36,27,true)
(41,27,true)
(42,27,true)
(43,27,true)
(46,27,true)
(48,27,true)
(57,27,true)
(60,27,true)
(64,27,true)
(65,27,true)
(66,27,true)
(69,27,true)
(70,27,true)
(76,27,true)
(80,27,true)
(90,27,true)
(94,27,true)
(95,27,false)
(1,28,false)
(7,28,false)
(11,28,false)
(12,28,false)
(13,28,false)
(19,28,false)
(21,28,true)
(22,28,true)
(25,28,true)
(26,28,true)
(34,28,true)
(35,28,true)
(36,28,false)
(44,28,true)
(45,28,true)
(46,28,true)
(47,28,true)
(48,28,true)
(51,28,true)
(56,28,true)
(63,28,true)
(64,28,true)
(66,28,true)
(74,28,true)
(77,28,true)
(79,28,true)
(80,28,true)
(86,28,true)
(87,28,true)
(95,28,true)
(98,28,true)
(0,29,false)
(4,29,false)
(5,29,false)
(19,29,false)
(22,29,true)
(44,29,true)
(49,29,true)
(52,29,true)
(56,29,true)
(57,29,true)
(60,29,true)
(61,29,true)
(77,29,true)
(81,29,true)
(83,29,true)
(84,29,true)
(88,29,true)
(96,29,true)
(97,29,true)
(99,29,true)
(2,30,true)
(8,30,false)
(12,30,false)
(15,30,false)
(16,30,false)
(18,30,false)
(31,30,true)
(33,30,true)
(35,30,true)
(37,30,true)
(42,30,true)
(43,30,true)
(44,30,true)
(49,30,true)
(54,30,true)
(55,30,true)
(56,30,true)
(58,30,true)
(68,30,true)
(76,30,true)
(80,30,true)
(93,30,true)
(97,30,true)
(3,31,false)
(6,31,false)
(15,31,false)
(26,31,true)
(27,31,true)
(28,31,true)
(29,31,true)
(30,31,true)
(41,31,true)
(43,31,true)
(48,31,true)
(51,31,true)
(52,31,true)
(56,31,true)
(57,31,true)
(70,31,true)
(71,31,true)
(77,31,true)
(78,31,true)
(82,31,true)
(84,31,true)
(85,31,true)
(88,31,true)
(90,31,true)
(96,31,true)
(97,31,true)
(99,31,true)
(0,32,true)
(4,32,false)
(7,32,false)
(9,32,false)
(11,32,false)
(16,32,false)
(18,32,false)
(28,32,true)
(32,32,true)
(34,32,true)
(36,32,true)
(40,32,true)
(42,32,false)
(43,32,true)
(46,32,true)
(48,32,true)
(61,32,true)
(62,32,true)
(64,32,true)
(69,32,true)
(70,32,true)
(74,32,true)
(75,32,true)
(79,32,true)
(84,32,true)
(93,32,true)
(3,33,true)
(4,33,false)
(7,33,false)
(12,33,false)
(14,33,false)
(16,33,false)
(22,33,true)
(25,33,true)
(26,33,true)
(30,33,true)
(34,33,true)
(38,33,true)
(44,33,true)
(46,33,true)
(49,33,true)
(53,33,true)
(55,33,true)
(57,33,false)
(71,33,true)
(73,33,true)
(79,33,true)
(81,33,true)
(1,34,false)
(4,34,false)
(6,34,false)
(7,34,false)
(13,34,false)
(14,34,false)
(20,34,true)
(37,34,true)
(41,34,true)
(47,34,true)
(49,34,true)
(51,34,true)
(53,34,true)
(54,34,true)
(61,34,true)
(62,34,true)
(66,34,true)
(70,34,true)
(71,34,false)
(77,34,true)
(82,34,true)
(90,34,true)
(91,34,true)
(94,34,true)
(3,35,false)
(10,35,false)
(14,35,false)
(19,35,false)
(20,35,true)
(25,35,true)
(40,35,true)
(41,35,true)
(42,35,false)
(43,35,true)
(45,35,true)
(52,35,true)
(56,35,true)
(76,35,true)
(77,35,true)
(79,35,true)
(83,35,false)
(84,35,false)
(93,35,true)
(94,35,true)
(2,36,false)
(5,36,false)
(19,36,false)
(28,36,true)
(31,36,true)
(32,36,true)
(33,36,true)
(35,36,true)
(36,36,true)
(37,36,true)
(45,36,true)
(47,36,true)
(48,36,true)
(52,36,true)
(53,36,true)
(55,36,true)
(58,36,true)
(59,36,true)
(61,36,true)
(63,36,true)
(67,36,true)
(68,36,true)
(70,36,true)
(81,36,true)
(86,36,true)
(95,36,true)
(98,36,true)
(3,37,false)
(4,37,false)
(8,37,false)
(11,37,false)
(23,37,true)
(24,37,true)
(33,37,true)
(41,37,true)
(45,37,true)
(46,37,false)
(49,37,true)
(52,37,true)
(53,37,true)
(61,37,true)
(67,37,true)
(70,37,true)
(71,37,true)
(72,37,true)
(75,37,false)
(76,37,true)
(77,37,true)
(81,37,true)
(86,37,false)
(90,37,true)
(97,37,true)
(4,38,false)
(5,38,false)
(6,38,false)
(9,38,false)
(12,38,false)
(13,38,false)
(14,38,false)
(15,38,false)
(26,38,true)
(27,38,true)
(31,38,true)
(32,38,true)
(36,38,true)
(37,38,true)
(38,38,true)
(42,38,true)
(45,38,true)
(48,38,true)
(50,38,true)
(52,38,false)
(54,38,true)
(56,38,true)
(58,38,true)
(67,38,true)
(72,38,true)
(75,38,true)
(76,38,true)
(82,38,true)
(86,38,true)
(98,38,true)
(99,38,false)
(6,39,false)
(10,39,true)
(13,39,false)
(18,39,false)
(20,39,true)
(38,39,true)
(39,39,true)
(41,39,true)
(45,39,true)
(57,39,true)
(61,39,true)
(64,39,true)
(66,39,true)
(68,39,true)
(72,39,true)
(80,39,true)
(82,39,true)
(88,39,true)
(90,39,true)
(93,39,true)
(97,39,true)
(99,39,true)
(0,40,false)
(2,40,true)
(4,40,false)
(11,40,false)
(12,40,false)
(13,40,false)
(14,40,false)
(18,40,false)
(21,40,true)
(23,40,true)
(27,40,true)
(32,40,true)
(34,40,true)
(36,40,true)
(38,40,true)
(41,40,true)
(42,40,true)
(48,40,true)
(52,40,true)
(58,40,true)
(65,40,true)
(72,40,true)
(73,40,true)
(75,40,true)
(90,40,true)
(91,40,true)
(95,40,false)
(99,40,false)
(14,41,false)
(17,41,false)
(27,41,true)
(34,41,true)
(39,41,true)
(41,41,true)
(47,41,false)
(50,41,true)
(51,41,true)
(52,41,true)
(60,41,true)
(77,41,false)
(81,41,true)
(82,41,true)
(83,41,true)
(85,41,true)
(86,41,true)
(97,41,true)
(7,42,false)
(12,42,false)
(16,42,false)
(18,42,false)
(19,42,false)
(29,42,true)
(30,42,true)
(31,42,true)
(32,42,false)
(39,42,true)
(44,42,true)
(45,42,true)
(46,42,true)
(47,42,true)
(49,42,false)
(55,42,true)
(57,42,true)
(59,42,true)
(64,42,true)
(68,42,true)
(79,42,true)
(81,42,true)
(83,42,true)
(87,42,true)
(93,42,true)
(99,42,true)
(6,43,false)
(15,43,false)
(16,43,false)
(20,43,true)
(26,43,true)
(27,43,true)
(28,43,true)
(29,43,true)
(33,43,true)
(43,43,true)
(44,43,true)
(47,43,true)
(53,43,true)
(56,43,true)
(66,43,true)
(68,43,true)
(69,43,true)
(70,43,true)
(80,43,true)
(87,43,true)
(90,43,true)
(0,44,false)
(5,44,false)
(15,44,true)
(16,44,false)
(22,44,true)
(35,44,true)
(42,44,true)
(44,44,false)
(46,44,false)
(51,44,true)
(61,44,true)
(62,44,true)
(67,44,true)
(68,44,true)
(73,44,true)
(84,44,true)
(92,44,true)
(99,44,true)
(8,45,false)
(13,45,false)
(14,45,false)
(19,45,false)
(45,45,true)
(59,45,true)
(67,45,true)
(69,45,true)
(75,45,true)
(79,45,true)
(83,45,true)
(90,45,true)
(96,45,true)
(98,45,true)
(1,46,false)
(5,46,false)
(6,46,false)
(9,46,false)
(13,46,false)
(16,46,false)
(21,46,true)
(23,46,true)
(27,46,true)
(29,46,true)
(32,46,false)
(33,46,false)
(35,46,true)
(39,46,true)
(46,46,true)
(56,46,true)
(59,46,true)
(65,46,true)
(69,46,true)
(70,46,true)
(73,46,true)
(79,46,true)
(2,47,false)
(4,47,false)
(7,47,false)
(15,47,false)
(18,47,false)
(23,47,true)
(31,47,true)
(33,47,true)
(35,47,true)
(36,47,true)
(41,47,true)
(44,47,true)
(68,47,true)
(69,47,true)
(79,47,true)
(82,47,true)
(84,47,false)
(87,47,true)
(91,47,true)
(1,48,false)
(2,48,false)
(3,48,false)
(14,48,false)
(21,48,true)
(27,48,false)
(31,48,false)
(33,48,true)
(45,48,true)
(52,48,true)
(55,48,true)
(79,48,true)
(82,48,true)
(88,48,true)
(94,48,true)
(95,48,true)
(99,48,true)
(1,49,false)
(5,49,false)
(10,49,false)
(13,49,false)
(14,49,false)
(18,49,false)
(24,49,true)
(28,49,true)
(41,49,true)
(44,49,true)
(48,49,true)
(56,49,true)
(57,49,true)
(58,49,true)
(62,49,true)
(66,49,true)
(90,49,true)
(97,49,true)
(7,50,false)
(9,50,false)
(13,50,false)
(24,50,true)
(36,50,true)
(38,50,true)
(39,50,true)
(44,50,true)
(49,50,true)
(54,50,true)
(55,50,true)
(57,50,true)
(61,50,true)
(62,50,true)
(67,50,true)
(70,50,true)
(71,50,true)
(73,50,true)
(75,50,true)
(85,50,true)
(88,50,true)
(90,50,true)
(91,50,true)
(92,50,true)
(0,51,false)
(8,51,false)
(10,51,false)
(11,51,false)
(23,51,false)
(25,51,true)
(32,51,true)
(34,51,true)
(41,51,true)
(43,51,true)
(44,51,true)
(51,51,true)
(54,51,true)
(59,51,true)
(61,51,true)
(70,51,true)
(71,51,true)
(73,51,true)
(74,51,true)
(76,51,false)
(81,51,true)
(96,51,true)
(1,52,false)
(4,52,false)
(8,52,false)
(16,52,false)
(17,52,true)
(20,52,true)
(28,52,true)
(32,52,true)
(39,52,true)
(42,52,true)
(46,52,true)
(51,52,true)
(56,52,true)
(57,52,true)
(68,52,true)
(69,52,true)
(76,52,true)
(84,52,true)
(90,52,true)
(91,52,true)
(0,53,false)
(15,53,false)
(17,53,false)
(19,53,false)
(20,53,true)
(23,53,true)
(27,53,true)
(28,53,true)
(32,53,true)
(35,53,true)
(45,53,true)
(65,53,true)
(74,53,true)
(82,53,true)
(89,53,true)
(0,54,false)
(6,54,false)
(17,54,false)
(18,54,false)
(26,54,true)
(27,54,true)
(33,54,true)
(39,54,true)
(48,54,true)
(52,54,false)
(53,54,true)
(57,54,true)
(58,54,true)
(60,54,true)
(62,54,true)
(64,54,true)
(66,54,true)
(80,54,true)
(82,54,true)
(87,54,true)
(96,54,true)
(12,55,false)
(16,55,false)
(22,55,true)
(25,55,true)
(26,55,true)
(35,55,true)
(37,55,true)
(44,55,true)
(49,55,true)
(51,55,true)
(53,55,true)
(55,55,true)
(59,55,true)
(61,55,true)
(62,55,true)
(65,55,true)
(66,55,true)
(68,55,true)
(70,55,true)
(71,55,true)
(72,55,true)
(78,55,true)
(84,55,true)
(86,55,true)
(91,55,true)
(2,56,false)
(11,56,false)
(16,56,false)
(21,56,true)
(22,56,true)
(34,56,true)
(38,56,true)
(39,56,true)
(41,56,true)
(42,56,true)
(44,56,true)
(45,56,true)
(56,56,true)
(64,56,true)
(74,56,true)
(84,56,true)
(86,56,true)
(89,56,true)
(97,56,false)
(4,57,false)
(12,57,false)
(21,57,true)
(31,57,true)
(34,57,true)
(37,57,true)
(38,57,true)
(39,57,true)
(40,57,true)
(42,57,true)
(44,57,true)
(47,57,true)
(49,57,true)
(52,57,true)
(57,57,true)
(63,57,true)
(75,57,true)
(79,57,true)
(82,57,false)
(89,57,true)
(90,57,true)
(94,57,true)
(98,57,true)
(1,58,false)
(3,58,false)
(22,58,true)
(25,58,true)
(26,58,true)
(29,58,true)
(38,58,true)
(42,58,true)
(45,58,true)
(54,58,true)
(57,58,true)
(58,58,true)
(66,58,true)
(74,58,true)
(92,58,true)
(0,59,false)
(9,59,false)
(16,59,false)
(29,59,true)
(30,59,true)
(36,59,true)
(37,59,true)
(42,59,true)
(49,59,true)
(51,59,true)
(71,59,true)
(75,59,false)
(80,59,true)
(82,59,true)
(87,59,true)
(88,59,true)
(91,59,true)
(92,59,true)
(94,59,true)
(1,60,true)
(8,60,false)
(10,60,false)
(11,60,false)
(12,60,false)
(16,60,false)
(18,60,false)
(19,60,false)
(32,60,true)
(35,60,true)
(39,60,true)
(43,60,true)
(48,60,true)
(52,60,true)
(60,60,true)
(74,60,true)
(78,60,true)
(87,60,true)
(94,60,true)
(95,60,true)
(1,61,false)
(3,61,false)
(5,61,false)
(10,61,false)
(16,61,false)
(30,61,true)
(32,61,true)
(36,61,true)
(42,61,true)
(45,61,true)
(46,61,true)
(56,61,true)
(58,61,true)
(61,61,true)
(63,61,true)
(76,61,false)
(86,61,true)

(4,24)
(87,53)
(29,44)
(10,28)
(66,47)
(10,58)
(61,28)
(92,49)
(97,25)
(97,46)
(25,54)
(23,50)
(63,60)
(42,20)
(82,14)
(66,52)
(89,50)
(15,37)
(14,51)
(90,48)
(60,31)
(58,41)
(11,34)
(71,47)
(84,7)
(86,6)
(42,45)
(70,24)
(78,36)
(46,39)
(42,0)
(43,17)
(17,19)
(61,18)
(13,48)
(17,5)
(49,11)
(96,33)
(85,14)
(25,16)
(37,20)
(23,25)
(6,25)
(45,60)
(68,22)
(69,29)
(47,61)
(96,28)
(41,18)
(74,4)
(10,59)
(53,8)
(24,24)
(16,18)
(47,22)
(91,44)
(42,39)
(30,34)
(51,27)
(89,9)
(87,25)
(42,50)
(41,11)
(89,47)
(1,41)
(64,8)
(71,8)
(41,5)
(49,53)
(29,47)
(49,23)
(40,12)
(13,29)
(69,28)
(63,9)
(81,6)
(15,12)
(8,49)
(50,28)
(8,3)
(5,52)
(66,35)
(19,30)
(67,55)
(64,37)
(77,22)
(94,54)
(12,50)
(53,35)
(93,6)
(49,47)
(73,15)
(92,19)
(46,11)
(13,0)
(56,55)
(9,21)
(99,25)
(51,25)
(57,23)
(19,41)
(33,34)
(70,13)
(8,28)
(97,27)
(1,24)
(58,28)
(7,10)
(89,36)
(70,6)
(21,2)
(27,29)
(68,8)
(40,8)
(65,16)
(53,42)
(60,0)
(77,3)
(63,56)
(81,49)
(96,59)
(91,42)
(53,19)
(58,2)
(42,46)
(69,13)
(75,54)
(23,6)
(53,1)
(20,25)
(80,13)
(78,33)
(4,54)
(68,7)
(25,44)
(26,1)
(30,24)
(19,17)
(73,25)
(70,19)
(39,45)
(33,53)
(66,60)
(88,41)
(53,27)
(51,36)
(71,38)
(77,2)
(13,56)
(55,44)
(73,28)
(37,58)
(8,21)
(91,4)
(24,0)
(54,2)
(6,15)
(50,32)
(51,19)
(77,58)
(70,12)
(92,4)
(28,22)
(19,1)
(86,16)
(66,5)
(19,51)
(26,35)
(42,43)
(78,54)
(42,55)
(84,40)
(17,42)
(69,8)
(50,22)
(39,48)
(20,54)
(8,26)
(27,52)
(61,49)
(69,41)
(87,57)
(63,33)
(54,3)
(23,52)
(95,17)
(31,17)
(36,1)
(66,16)
(20,40)
(80,47)
(22,17)
(34,20)
(33,5)
(98,58)
(51,1)
(58,19)
(75,55)
(12,6)
(7,16)
(42,9)
(13,14)
(70,10)
(34,36)
(41,4)
(20,8)
(85,59)
(17,32)
(39,44)
(20,24)
(15,32)
(20,56)
(39,2)
(34,43)
(87,10)
(0,12)
(72,27)
(17,45)
(64,23)
(47,48)
(91,5)
(71,30)
(87,23)
(42,48)
(99,27)
(26,51)
(19,22)
(52,3)
(9,29)
(91,21)
(55,12)
(5,60)
(44,54)
(84,10)
(84,39)
(67,26)
(49,31)
(58,59)
(19,40)
(64,52)
(42,36)
(1,36)
(13,12)
(48,3)
(22,36)
(99,30)
(37,23)
(30,58)
(91,60)
(79,23)
(21,0)
(46,10)
(35,24)
(22,34)
(13,19)
(16,58)
(34,3)
(98,46)
(64,15)
(89,24)
(82,27)
(84,2)
(81,14)
(49,38)
(77,45)
(50,27)
(9,36)
(26,5)
(87,48)
(83,36)
(81,22)
(0,3)
(98,48)
(76,26)
(14,46)
(23,11)
(85,54)
(40,37)
(69,31)
(97,16)
(22,24)
(23,28)
(59,29)
(27,25)
(17,6)
(38,48)
(34,4)
(97,13)
(99,10)
(72,35)
(47,49)
(51,39)
(28,42)
(78,25)
(34,12)
(33,20)
(2,52)
(31,37)
(16,29)
(88,8)
(24,3)
(71,22)
(7,7)
(10,9)
(72,17)
(98,33)
(1,4)
(58,3)
(10,10)
(81,12)
(95,56)
(93,51)
(4,30)
(85,37)
(61,30)
(91,10)
(66,21)
(81,24)
(7,14)
(29,30)
(58,0)
(77,11)
(31,59)
(77,4)
(3,38)
(70,28)
(36,43)
(37,51)
(78,12)
(47,31)
(32,57)
(86,12)
(59,11)
(55,34)
(15,15)
(41,26)
(10,5)
(45,59)
(93,54)
(43,19)
(75,53)
(58,18)
(4,9)
(6,42)
(28,33)
(68,4)
(51,35)
(54,41)
(93,13)
(41,14)
(85,40)
(46,4)
(61,10)
(48,13)
(95,35)
(20,51)
(87,15)
(88,44)
(86,2)
(64,38)
(81,13)
(74,47)
(3,47)
(92,29)
(8,8)
(43,15)
(80,19)
(70,59)
(81,40)
(20,7)
(89,25)
(36,60)
(20,17)
(42,13)
(81,53)
(57,26)
(3,9)
(1,43)
(0,39)
(81,8)
(77,15)
(96,26)
(52,18)
(82,5)
(32,44)
(46,45)
(54,55)
(61,17)
(80,34)
(99,32)
(97,48)
(96,27)
(85,38)
(15,4)
(96,36)
(52,5)
(44,58)
(44,10)
(92,17)
(77,6)
(29,29)
(5,6)
(36,33)
(34,18)
(40,27)
(1,35)
(92,13)
(30,43)
(92,5)
(44,2)
(99,28)
(29,25)
(70,2)
(76,40)
(70,9)
(16,36)
(32,5)
(13,4)
(34,52)
(53,6)
(61,8)
(5,8)
(21,21)
(7,25)
(71,54)
(66,7)
(38,25)
(8,39)
(77,53)
(93,43)
(88,49)
(77,32)
(89,12)
(77,50)
(71,49)
(81,32)
(57,47)
(71,42)
(74,38)
(47,4)
(91,53)
(67,4)
(56,13)
(21,44)
(49,1)
(96,3)
(67,13)
(74,49)
(23,39)
(70,4)
(26,13)
(90,10)
(36,21)
(84,45)
(5,10)
(82,46)
(2,33)
(97,14)
(60,43)
(21,1)
(56,57)
(93,23)
(71,39)
(67,61)
(60,42)
(14,29)
(65,56)
(8,44)
(90,53)
(43,14)
(12,3)
(49,14)
(61,33)
(94,45)
(71,7)
(22,40)
(8,33)
(50,8)
(37,2)
(63,15)
(45,6)
(68,46)
(62,26)
(53,3)
(42,22)
(16,15)
(63,51)
(94,53)
(52,39)
(60,58)
(19,14)
(95,24)
(80,6)
(36,6)
(37,45)
(90,32)
(53,24)
(76,8)
(99,60)
(55,35)
(7,52)
(62,43)
(94,30)
(5,58)
(35,22)
(79,17)
(61,11)
(23,45)
(91,43)
(97,58)
(59,10)
(85,20)
(35,39)
(88,54)
(15,33)
(35,32)
(63,37)
(86,53)
(41,16)
(10,57)
(75,26)
(72,9)
(12,21)
(41,52)
(22,20)
(91,3)
(56,15)
(78,52)
(91,17)
(79,31)
(74,44)
(63,31)
(27,18)
(86,33)
(51,58)
(16,26)
(12,29)
(74,3)
(96,48)
(39,0)
(8,11)
(45,26)
(72,46)
(28,24)
(95,5)
(47,59)
(39,17)
(48,16)
(75,14)
(3,43)
(70,14)
(90,23)
(10,14)
(67,10)
(28,34)
(26,48)
(17,49)
(40,54)
(60,16)
(1,38)
(53,28)
(47,40)
(75,4)
(39,29)
(4,23)
(0,36)
(51,16)
(41,9)
(64,10)
(56,45)
(70,60)
(58,7)
(57,6)
(26,21)
(43,9)
(63,22)
(43,38)
(53,22)
(58,26)
(82,61)
(48,42)
(6,14)
(3,4)
(75,27)
(71,6)
(38,59)
(22,50)
(81,44)
(10,47)
(12,2)
(13,3)
(31,58)
(68,19)
(41,55)
(64,12)
(10,23)
(10,4)
(69,30)
(98,56)
(38,6)
(75,7)
(61,48)
(46,41)
(40,9)
(19,8)
(13,8)
(74,48)
(62,40)
(54,5)
(80,21)
(84,20)
(84,59)
(10,48)
(59,52)
(28,18)
(26,27)
(26,44)
(33,27)
(22,49)
(66,3)
(75,11)
(70,33)
(25,21)
(33,9)
(4,44)
(25,52)
(91,38)
(61,1)
(25,22)
(82,18)
(98,22)
(40,33)
(59,6)
(99,8)
(17,37)
(22,47)
(59,2)
(65,23)
(64,29)
(37,53)
(76,56)
(68,33)
(71,2)
(41,24)
(6,2)
(26,32)
(92,26)
(72,50)
(59,44)
(65,45)
(13,26)
(35,37)
(37,33)
(16,40)
(58,39)
(47,19)
(5,39)
(20,37)
(31,53)
(74,19)
(78,56)
(60,53)
(92,42)
(27,55)
(33,35)
(5,40)
(6,8)
(15,41)
(94,17)
(13,10)
(59,50)
(16,45)
(0,4)
(25,39)
(32,26)
(18,15)
(96,9)
(2,3)
(14,18)
(36,23)
(93,37)
(15,14)
(30,56)
(1,32)
(72,3)
(30,17)
(43,57)
(54,46)
(27,12)
(86,23)
(57,38)
(63,25)
(98,49)
(41,45)
(21,47)
(38,20)
(97,43)
(50,47)
(0,61)
(55,1)
(21,30)
(71,19)
(37,12)
(88,17)
(27,23)
(48,8)
(23,32)
(83,5)
(30,11)
(31,41)
(77,42)
(58,34)
(30,2)
(24,41)
(83,30)
(94,4)
(74,23)
(17,30)
(24,45)
(1,7)
(28,39)
(32,18)
(1,31)
(32,16)
(17,13)
(78,34)
(29,0)
(83,0)
(88,21)
(20,47)
(57,45)
(10,56)
(39,14)
(80,8)
(13,35)
(25,4)
(30,41)
(5,16)
(74,31)
(9,5)
(85,2)
(69,23)
(89,29)
(58,56)
(40,49)
(49,48)
(21,54)
(96,16)
(76,31)
(15,34)
(44,9)
(70,30)
(5,14)
(16,49)
(32,55)
(44,13)
(34,24)
(39,59)
(61,27)
(68,45)
(94,24)
(28,8)
(77,26)
(18,46)
(43,28)
(68,41)
(89,55)
(28,41)
(18,58)
(79,2)
(38,41)
(41,58)
(42,60)
(99,13)
(60,57)
(1,56)
(56,21)
(52,32)
(98,51)
(76,18)
(24,42)
(73,39)
(90,20)
(4,25)
(34,45)
(54,12)
(2,38)
(78,32)
(90,30)
(2,28)
(3,53)
(35,58)
(12,47)
(57,59)
(88,26)
(93,7)
(77,23)
(24,26)
(83,53)
(32,59)
(90,6)
(81,39)
(88,4)
(64,41)
(93,10)
(25,56)
(20,12)
(43,6)
(64,34)
(98,24)
(30,16)
(38,27)
(75,43)
(43,0)
(11,31)
(62,1)
(86,1)
(31,14)
(98,2)
(68,9)
(18,29)
(71,1)
(47,7)
(73,45)
(32,34)
(56,6)
(23,60)
(45,10)
(2,60)
(9,44)
(57,51)
(13,32)
(49,28)
(6,35)
(78,10)
(68,21)
(66,1)
(25,6)
(82,20)
(97,55)
(60,51)
(47,27)
(49,24)
(97,5)
(16,35)
(62,41)
(52,50)
(24,6)
(51,24)
(63,38)
(2,25)
(74,40)
(8,40)
(2,45)
(7,40)
(51,61)
(90,56)
(7,46)
(8,57)
(20,60)
(99,0)
(91,39)
(23,31)
(61,46)
(68,14)
(66,20)
(48,10)
(75,29)
(35,16)
(90,22)
(23,58)
(58,42)
(71,60)
(67,28)
(75,35)
(40,59)
(54,39)
(42,7)
(6,12)
(2,17)
(8,61)
(43,39)
(23,29)
(36,35)
(62,46)
(18,8)
(49,15)
(39,19)
(66,15)
(51,15)
(73,1)
(1,59)
(10,33)
(10,41)
(19,59)
(34,46)
(50,52)
(2,24)
(9,39)
(79,58)
(93,4)
(89,41)
(48,37)
(9,34)
(46,49)
(52,14)
(55,61)
(54,15)
(70,16)
(32,0)
(30,36)
(92,27)
(60,50)
(4,43)
(13,23)
(3,36)
(76,54)
(3,25)
(63,11)
(55,3)
(22,48)
(25,7)
(93,57)
(3,20)
(74,33)
(14,60)
(85,17)
(26,9)
(47,26)
(11,30)
(8,38)
(15,19)
(99,34)
(36,17)
(87,4)
(57,36)
(88,5)
(65,52)
(52,20)
(12,9)
(96,55)
(77,19)
(20,4)
(0,22)
(42,41)
(75,31)
(48,50)
(8,42)
(28,23)
(23,48)
(86,60)
(54,53)
(78,61)
(71,15)
(10,3)
(70,58)
(84,24)
(92,52)
(68,35)
(61,16)
(63,29)
(89,11)
(41,17)
(34,55)
(91,31)
(72,21)
(99,61)
(87,14)
(6,6)
(24,12)
(90,25)
(97,3)
(43,54)
(30,29)
(0,28)
(74,52)
(0,13)
(77,20)
(24,29)
(4,58)
(64,33)
(25,15)
(23,9)
(45,31)
(51,40)
(52,30)
(39,5)
(8,4)
(25,43)
(21,53)
(88,61)
(48,45)
(7,1)
(37,13)
(59,40)
(6,55)
(20,19)
(51,38)
(88,47)
(34,30)
(20,9)
(37,61)
(18,48)
(25,34)
(8,53)
(29,4)
(43,23)
(93,21)
(60,26)
(44,6)
(13,17)
(54,1)
(68,48)
(92,48)
(11,13)
(61,59)
(79,51)
(76,41)
(42,51)
(87,7)
(65,43)
(59,14)
(50,5)
(32,49)
(62,5)
(16,12)
(33,12)
(63,5)
(96,23)
(55,39)
(76,25)
(26,49)
(1,16)
(83,55)
(55,32)
(42,16)
(11,45)
(31,7)
(57,32)
(46,13)
(94,40)
(73,12)
(72,4)
(85,7)
(11,61)
(92,15)
(55,24)
(91,61)
(86,25)
(62,56)
(76,45)
(96,15)
(14,31)
(1,25)
(22,35)
(40,25)
(84,57)
(72,30)
(53,57)
(36,34)
(50,48)
(91,7)
(82,10)
(74,27)
(79,6)
(13,13)
(64,48)
(91,37)
(24,53)
(41,25)
(28,6)
(7,59)
(49,36)
(3,26)
(3,49)
(97,34)
(4,22)
(94,5)
(27,8)
(15,60)
(76,50)
(94,21)
(18,10)
(70,53)
(62,35)
(86,13)
(75,15)
(81,16)
(84,53)
(14,16)
(81,9)
(0,18)
(8,23)
(39,6)
(42,25)
(57,43)
(0,56)
(95,9)
(1,20)
(63,21)
(46,19)
(35,7)
(36,41)
(15,6)
(18,9)
(23,10)
(28,11)
(61,5)
(3,15)
(98,32)
(71,13)
(83,27)
(73,52)
(79,34)
(39,53)
(38,45)
(61,4)
(36,9)
(22,31)
(54,17)
(98,1)
(71,11)
(22,13)
(11,1)
(64,11)
(87,31)
(64,2)
(31,32)
(26,46)
(91,41)
(36,51)
(5,1)
(71,28)
(74,6)
(39,30)
(43,7)
(11,55)
(13,6)
(13,2)
(57,37)
(47,25)
(40,44)
(30,57)
(44,1)
(5,28)
(66,26)
(38,21)
(48,58)
(22,32)
(33,42)
(5,47)
(82,52)
(24,23)
(31,35)
(43,8)
(93,34)
(20,10)
(93,22)
(82,28)
(90,61)
(22,16)
(84,13)
(94,19)
(57,3)
(22,26)
(7,0)
(65,28)
(96,37)
(63,12)
(88,35)
(95,8)
(4,27)
(59,47)
(99,58)
(13,7)
(45,50)
(70,57)
(10,13)
(31,11)
(78,46)
(17,46)
(79,59)
(58,16)
(22,7)
(87,3)
(52,6)
(47,53)
(8,19)
(66,44)
(14,42)
(2,20)
(63,20)
(9,26)
(11,27)
(94,16)
(58,51)
(19,27)
(53,4)
(44,52)
(30,47)
(43,5)
(88,27)
(73,54)
(7,49)
(55,7)
(75,6)
(33,58)
(78,44)
(16,10)
(4,17)
(58,9)
(16,31)
(55,31)
(89,23)
(38,52)
(60,11)
(61,58)
(38,12)
(60,9)
(71,44)
(9,3)
(66,19)
(79,5)
(7,30)
(17,3)
(38,2)
(65,21)
(26,59)
(74,54)
(71,40)
(85,6)
(44,23)
(78,9)
(4,16)
(41,44)
(86,42)
(57,22)
(10,15)
(40,20)
(78,57)
(29,24)
(10,31)
(34,27)
(6,36)
(36,54)
(72,14)
(89,33)
(18,7)
(32,45)
(22,14)
(57,61)
(45,24)
(77,40)
(19,32)
(7,37)
(33,45)
(95,18)
(69,40)
(13,54)
(66,31)
(74,7)
(25,11)
(53,12)
(61,41)
(9,20)
(33,57)
(79,44)
(76,34)
(92,10)
(96,47)
(11,18)
(95,15)
(72,11)
(55,11)
(72,61)
(51,37)
(54,48)
(4,41)
(8,25)
(73,36)
(53,49)
(70,7)
(95,51)
(31,5)
(61,35)
(67,25)
(94,22)
(2,58)
(48,19)
(55,40)
(23,19)
(63,55)
(34,47)
(13,11)
(27,59)
(89,30)
(58,46)
(96,12)
(89,16)
(70,49)
(77,13)
(55,51)
(33,6)
(20,46)
(95,19)
(74,12)
(53,51)
(24,8)
(3,29)
(18,20)
(19,7)
(84,49)
(38,54)
(1,17)
(64,20)
(70,42)
(31,43)
(53,46)
(40,41)
(39,55)
(37,17)
(34,2)
(25,17)
(62,11)
(34,8)
(37,32)
(1,42)
(36,53)
(2,13)
(82,0)
(2,1)
(65,22)
(0,2)
(69,6)
(24,48)
(27,7)
(96,41)
(66,4)
(18,21)
(31,49)
(67,60)
(8,12)
(8,2)
(17,50)
(75,28)
(76,15)
(41,15)
(1,33)
(8,56)
(95,13)
(66,40)
(23,35)
(93,40)
(45,55)
(48,51)
(50,55)
(10,16)
(53,25)
(68,12)
(94,0)
(46,38)
(75,60)
(98,37)
(99,53)
(72,56)
(86,18)
(94,7)
(15,45)
(53,45)
(22,4)
(61,54)
(51,7)
(80,4)
(35,10)
(64,13)
(41,7)
(88,40)
(53,10)
(83,11)
(19,12)
(77,17)
(36,44)
(70,39)
(67,59)
(93,17)
(52,33)
(36,16)
(28,54)
(90,35)
(91,45)
(75,52)
(28,57)
(21,37)
(48,22)
(17,7)
(33,41)
(85,3)
(94,49)
(41,8)
(61,43)
(62,9)
(80,31)
(47,37)
(24,57)
(49,17)
(73,49)
(94,61)
(73,0)
(46,31)
(27,6)
(52,42)
(96,34)
(37,37)
(15,55)
(33,16)
(63,45)
(61,9)
(28,14)
(41,13)
(92,53)
(46,51)
(55,17)
(33,60)
(9,22)
(49,6)
(63,48)
(83,18)
(55,47)
(50,4)
(85,57)
(59,26)
(12,15)
(42,15)
(10,42)
(87,50)
(26,45)
(94,47)
(41,33)
(76,39)
(50,31)
(56,14)
(81,31)
(52,61)
(92,35)
(29,10)
(72,5)
(87,17)
(26,52)
(32,30)
(35,23)
(72,25)
(98,54)
(68,32)
(47,51)
(84,42)
(96,18)
(62,28)
(67,31)
(98,60)
(68,40)
(49,12)
(3,32)
(41,6)
(90,42)
(50,33)
(22,53)
(46,50)
(53,26)
(18,22)
(45,12)
(12,10)
(22,11)
(29,15)
(20,44)
(33,11)
(94,52)
(1,40)
(32,2)
(98,27)
(25,23)
(6,32)
(58,25)
(3,6)
(42,34)
(13,44)
(96,24)
(38,55)
(27,10)
(47,54)
(82,51)
(94,18)
(42,54)
(60,44)
(58,23)
(25,27)
(54,43)
(81,28)
(25,49)
(37,39)
(66,42)
(22,22)
(82,49)
(50,54)
(22,15)
(4,60)
(66,41)
(94,50)
(89,26)
(70,25)
(24,38)
(92,36)
(85,58)
(15,28)
(49,44)
(90,16)
(51,20)
(66,17)
(90,58)
(47,46)
(77,56)
(66,37)
(51,11)
(72,2)
(67,48)
(8,9)
(91,57)
(43,55)
(16,37)
(34,50)
(61,20)
(36,11)
(0,42)
(48,29)
(0,43)
(87,19)
(62,57)
(1,53)
(75,46)
(87,40)
(66,32)
(84,54)
(56,53)
(4,46)
(91,58)
(31,29)
(76,32)
(40,26)
(4,6)
(51,13)
(88,34)
(71,10)
(69,33)
(93,47)
(20,33)
(62,25)
(18,17)
(55,46)
(60,36)
(40,47)
(24,32)
(79,40)
(86,27)
(30,53)
(18,27)
(41,60)
(28,44)
(32,24)
(33,19)
(85,9)
(19,16)
(79,39)
(20,22)
(53,15)
(27,57)
(56,3)
(58,27)
(44,18)
(60,17)
(17,23)
(94,31)
(42,31)
(6,45)
(94,37)
(56,51)
(7,18)
(37,44)
(59,56)
(91,8)
(30,1)
(89,3)
(98,40)
(48,55)
(6,33)
(75,61)
(39,22)
(3,23)
(3,45)
(89,10)
(89,38)
(95,31)
(13,16)
(24,15)
(30,12)
(38,19)
(67,40)
(46,29)
(83,47)
(56,23)
(28,37)
(78,24)
(82,43)
(19,33)
(85,32)
(33,52)
(0,46)
(49,58)
(16,51)
(22,38)
(36,14)
(29,16)
(20,28)
(47,30)
(6,16)
(53,56)
(53,48)
(32,15)
(75,39)
(87,49)
(92,54)
(44,37)
(78,40)
(87,8)
(11,42)
(9,30)
(66,30)
(72,7)
(57,19)
(79,7)
(60,49)
(95,7)
(25,37)
(64,36)
(81,45)
(39,27)
(2,46)
(21,61)
(44,25)
(14,58)
(29,40)
(41,57)
(93,8)
(34,59)
(63,52)
(8,31)
(25,41)
(6,28)
(2,16)
(93,56)
(35,42)
(54,0)
(23,34)
(36,20)
(72,10)
(96,30)
(47,13)
(93,20)
(58,13)
(10,36)
(79,25)
(16,48)
(80,17)
(4,4)
(8,46)
(97,51)
(84,60)
(26,12)
(89,4)
(84,36)
(78,35)
(20,32)
(22,2)
(40,5)
(98,12)
(40,36)
(62,27)
(89,28)
(20,48)
(10,30)
(43,16)
(48,11)
(10,12)
(5,20)
(85,34)
(54,8)
(61,56)
(76,4)
(93,25)
(40,28)
(32,27)
(10,37)
(36,58)
(41,1)
(41,48)
(14,30)
(11,11)
(86,19)
(62,53)
(90,55)
(80,38)
(84,34)
(74,61)
(16,19)
(77,0)
(89,19)
(98,3)
(88,36)
(61,57)
(6,57)
(39,10)
(67,16)
(30,9)
(11,4)
(52,49)
(66,29)
(22,39)
(93,59)
(31,10)
(83,58)
(15,46)
(3,57)
(76,24)
(21,10)
(7,23)
(24,27)
(21,50)
(12,23)
(60,30)
(38,3)
(0,35)
(40,1)
(69,2)
(22,46)
(85,48)
(73,7)
(53,32)
(4,13)
(78,43)
(14,17)
(42,49)
(77,36)
(21,35)
(30,38)
(78,14)
(15,24)
(85,46)
(13,53)
(28,5)
(75,8)
(94,29)
(57,60)
(48,39)
(19,18)
(17,11)
(21,20)
(65,50)
(71,58)
(60,22)
(55,8)
(99,57)
(23,55)
(31,18)
(25,42)
(58,24)
(78,23)
(66,22)
(68,53)
(3,13)
(45,47)
(45,54)
(26,42)
(45,52)
(1,2)
(93,52)
(83,3)
(31,28)
(82,42)
(19,38)
(91,46)
(0,57)
(92,57)
(14,43)
(35,49)
(6,20)
(40,46)
(56,10)
(67,57)
(36,2)
(79,29)
(69,4)
(43,3)
(41,54)
(83,59)
(80,1)
(1,55)
(0,47)
(94,39)
(47,8)
(87,2)
(44,61)
(82,17)
(61,45)
(42,28)
(16,24)
(50,1)
(29,19)
(19,9)
(36,48)
(41,12)
(96,5)
(27,24)
(43,50)
(74,11)
(8,50)
(11,41)
(64,55)
(45,40)
(26,61)
(37,26)
(80,45)
(4,51)
(10,32)
(37,43)
(98,44)
(91,9)
(55,59)
(79,56)
(13,33)
(43,45)
(65,9)
(38,18)
(74,29)
(44,3)
(50,60)
(11,57)
(60,38)
(20,5)
(67,41)
(24,60)
(50,35)
(41,28)
(73,56)
(39,16)
(26,37)
(50,0)
(94,43)
(43,4)
(48,43)
(27,42)
(99,15)
(38,42)
(9,25)
(16,28)
(33,50)
(58,55)
(39,35)
(96,44)
(55,56)
(5,31)
(18,5)
(20,29)
(26,7)
(53,9)
(22,18)
(58,44)
(50,9)
(88,1)
(52,7)
(45,27)
(65,30)
(42,33)
(4,36)
(4,28)
(75,21)
(27,35)
(11,48)
(50,45)
(98,10)
(7,51)
(78,19)
(30,40)
(26,34)
(58,8)
(69,39)
(61,42)
(33,15)
(27,28)
(49,43)
(15,22)
(10,25)
(83,24)
(15,40)
(36,45)
(89,0)
(17,25)
(30,48)
(16,41)
(63,59)
(55,2)
(25,47)
(69,26)
(94,44)
(74,25)
(15,3)
(72,48)
(16,53)
(75,13)
(8,5)
(61,53)
(62,31)
(64,25)
(45,8)
(31,34)
(71,36)
(23,43)
(19,11)
(7,41)
(98,55)
(55,49)
(20,14)
(90,51)
(32,47)
(64,43)
(93,49)
(93,15)
(67,24)
(11,44)
(99,14)
(91,1)
(59,5)
(26,30)
(37,52)
(78,47)
(24,35)
(67,53)
(53,7)
(75,19)
(91,6)
(13,41)
(94,25)
(41,46)
(63,34)
(35,2)
(92,56)
(64,31)
(55,29)
(10,24)
(11,24)
(63,46)
(3,42)
(49,56)
(12,37)
(33,14)
(48,56)
(17,48)
(52,34)
(97,33)
(31,55)
(0,41)
(64,21)
(27,47)
(5,27)
(49,21)
(46,15)
(9,2)
(55,60)
(4,42)
(29,52)
(67,30)
(82,8)
(12,39)
(79,4)
(5,51)
(50,49)
(78,37)
(84,26)
(42,37)
(0,10)
(71,18)
(90,17)
(88,58)
(1,26)
(3,46)
(79,18)
(12,16)
(86,50)
(65,4)
(79,36)
(5,48)
(61,12)
(45,30)
(45,19)
(75,23)
(21,23)
(52,56)
(98,30)
(73,31)
(74,22)
(40,55)
(68,0)
(82,6)
(49,51)
(56,34)
(96,38)
(34,10)
(47,29)
(24,30)
(78,39)
(6,23)
(41,29)
(89,22)
(5,13)
(65,32)
(67,17)
(96,14)
(80,55)
(93,38)
(57,16)
(44,26)
(30,18)
(90,5)
(19,49)
(32,22)
(81,60)
(95,2)
(75,30)
(80,58)
(93,19)
(41,22)
(33,18)
(70,56)
(93,28)
(83,57)
(68,27)
(36,24)
(38,28)
(25,53)
(92,32)
(7,57)
(39,12)
(58,32)
(48,33)
(83,9)
(28,56)
(28,10)
(29,5)
(30,6)
(9,33)
(93,53)
(83,48)
(40,24)
(44,22)
(97,19)
(44,45)
(42,4)
(57,53)
(59,15)
(84,48)
(90,38)
(92,16)
(62,47)
(67,14)
(93,18)
(75,56)
(34,60)
(49,18)
(69,10)
(31,51)
(7,20)
(43,56)
(67,32)
(16,20)
(75,9)
(66,46)
(38,24)
(98,34)
(90,41)
(42,42)
(76,46)
(19,44)
(90,36)
(48,47)
(18,19)
(48,34)
(80,35)
(85,30)
(85,28)
(87,33)
(3,39)
(45,18)
(62,4)
(73,10)
(3,18)
(19,23)
(37,48)
(92,43)
(57,34)
(82,58)
(72,29)
(45,34)
(25,20)
(79,8)
(53,14)
(98,52)
(36,3)
(85,45)
(20,55)
(76,16)
(86,57)
(97,32)
(45,23)
(13,60)
(60,47)
(14,61)
(8,13)
(97,47)
(90,59)
(99,24)
(78,29)
(44,38)
(80,61)
(99,22)
(24,31)
(92,12)
(93,5)
(20,57)
(92,30)
(63,49)
(93,33)
(92,25)
(68,54)
(96,40)
(28,15)
(42,24)
(94,38)
(24,56)
(64,30)
(18,44)
(57,9)
(51,50)
(27,34)
(22,30)
(45,29)
(35,57)
(22,43)
(49,60)
(7,48)
(44,35)
(18,53)
(99,50)
(21,43)
(69,17)
(43,10)
(29,8)
(5,37)
(79,50)
(25,10)
(92,41)
(65,38)
(4,15)
(59,8)
(1,21)
(73,41)
(50,11)
(59,9)
(70,52)
(46,43)
(61,23)
(52,28)
(69,58)
(1,27)
(42,29)
(98,29)
(93,55)
(20,41)
(65,29)
(44,4)
(14,4)
(71,29)
(27,51)
(89,37)
(83,16)
(79,11)
(23,42)
(44,32)
(84,18)
(64,50)
(42,18)
(97,26)
(63,44)
(29,27)
(76,5)
(14,12)
(17,43)
(21,8)
(75,34)
(48,35)
(18,13)
(97,15)
(62,37)
(73,5)
(57,44)
(66,48)
(16,6)
(38,11)
(80,32)
(35,29)
(21,41)
(24,36)
(64,44)
(64,16)
(8,35)
(19,37)
(66,53)
(51,32)
(1,29)
(42,53)
(25,59)
(38,8)
(69,53)
(4,31)
(23,54)
(85,13)
(22,61)
(68,29)
(38,60)
(46,57)
(68,59)
(2,11)
(3,16)
(61,60)
(81,46)
(55,27)
(0,45)
(16,34)
(25,31)
(5,22)
(75,44)
(96,43)
(59,4)
(36,57)
(4,55)
(16,27)
(59,57)
(40,39)
(9,42)
(0,49)
(23,7)
(60,33)
(16,38)
(81,11)
(71,32)
(88,18)
(21,39)
(97,7)
(11,22)
(27,49)
(31,8)
(35,4)
(51,49)
(44,36)
(37,1)
(73,27)
(83,34)
(22,37)
(40,51)
(41,42)
(3,17)
(5,35)
(41,32)
(67,21)
(74,16)
(95,46)
(0,27)
(84,3)
(31,52)
(13,24)
(84,58)
(54,36)
(37,35)
(92,37)
(14,9)
(23,30)
(63,27)
(57,14)
(6,3)
(99,9)
(46,59)
(1,14)
(51,26)
(66,33)
(30,35)
(23,16)
(81,17)
(97,35)
(44,7)
(89,54)
(82,40)
(63,23)
(27,36)
(43,36)
(75,20)
(40,61)
(41,30)
(28,20)
(70,61)
(43,2)
(70,29)
(57,1)
(72,1)
(29,35)
(28,16)
(19,3)
(81,21)
(84,33)
(41,59)
(84,5)
(94,33)
(86,54)
(35,52)
(7,35)
(92,6)
(52,1)
(94,9)
(59,33)
(86,49)
(4,61)
(51,3)
(56,60)
(10,38)
(90,18)
(28,48)
(38,61)
(56,17)
(99,1)
(82,23)
(6,27)
(54,22)
(53,31)
(23,18)
(36,19)
(60,40)
(61,40)
(64,7)
(29,32)
(44,40)
(21,55)
(31,46)
(0,9)
(59,17)
(63,43)
(75,42)
(30,45)
(93,61)
(42,47)
(83,4)
(6,61)
(52,12)
(79,53)
(97,23)
(38,35)
(55,38)
(69,54)
(8,17)
(97,38)
(17,61)
(34,23)
(13,30)
(82,44)
(15,59)
(55,37)
(19,4)
(75,1)
(57,11)
(18,3)
(78,38)
(51,48)
(68,58)
(76,22)
(73,24)
(31,19)
(12,20)
(98,15)
(19,57)
(96,56)
(14,3)
(27,56)
(73,29)
(44,20)
(46,30)
(11,5)
(53,52)
(85,5)
(11,52)
(77,46)
(8,43)
(82,33)
(88,25)
(30,8)
(16,47)
(79,54)
(97,11)
(72,34)
(34,44)
(95,21)
(1,37)
(52,11)
(79,10)
(51,0)
(94,15)
(41,53)
(2,8)
(20,38)
(91,27)
(81,30)
(50,16)
(1,9)
(40,17)
(73,47)
(8,55)
(64,51)
(16,50)
(14,20)
(78,41)
(70,15)
(73,9)
(7,21)
(10,18)
(61,52)
(91,54)
(80,60)
(49,22)
(50,53)
(75,16)
(8,18)
(75,58)
(88,14)
(51,45)
(47,55)
(18,14)
(58,52)
(39,8)
(35,1)
(74,20)
(20,45)
(4,11)
(43,61)
(41,61)
(37,47)
(71,20)
(36,10)
(99,37)
(76,47)
(54,19)
(82,21)
(75,36)
(97,2)
(35,40)
(33,29)
(95,14)
(74,43)
(17,8)
(68,10)
(3,54)
(75,22)
(4,19)
(64,57)
(12,26)
(63,18)
(47,11)
(10,44)
(88,15)
(57,4)
(18,36)
(21,29)
(15,27)
(69,38)
(1,51)
(34,15)
(47,45)
(99,20)
(69,15)
(32,31)
(73,61)
(8,54)
(6,59)
(0,24)
(29,50)
(78,42)
(56,54)
(80,51)
(70,20)
(89,18)
(42,12)
(10,6)
(66,61)
(38,51)
(41,50)
(76,13)
(81,1)
(60,1)
(16,14)
(5,33)
(58,60)
(59,22)
(76,19)
(62,42)
(27,44)
(13,18)
(21,13)
(93,58)
(33,26)
(87,45)
(64,4)
(27,15)
(99,23)
(97,52)
(88,42)
(54,26)
(99,4)
(92,33)
(82,45)
(34,54)
(28,59)
(77,60)
(58,57)
(83,61)
(26,56)
(13,25)
(60,15)
(31,60)
(86,40)
(74,34)
(91,35)
(74,30)
(19,48)
(50,42)
(23,59)
(31,25)
(1,10)
(68,49)
(79,22)
(65,6)
(0,38)
(78,58)
(97,36)
(89,13)
(98,13)
(48,44)
(81,35)
(3,12)
(93,24)
(69,57)
(81,10)
(2,31)
(94,41)
(57,20)
(51,54)
(38,30)
(0,19)
(83,51)
(35,48)
(64,18)
(2,22)
(51,47)
(99,49)
(98,6)
(7,43)
(74,55)
(98,53)
(22,54)
(6,13)
(92,38)
(45,17)
(79,30)
(96,21)
(45,43)
(72,28)
(48,48)
(31,40)
(95,37)
(83,15)
(7,55)
(30,44)
(95,11)
(65,15)
(26,23)
(55,10)
(91,48)
(19,61)
(75,47)
(28,61)
(28,30)
(95,38)
(16,8)
(0,60)
(8,36)
(91,28)
(0,23)
(18,38)
(16,54)
(50,2)
(94,46)
(2,4)
(96,25)
(68,37)
(82,9)
(60,59)
(70,40)
(24,58)
(91,36)
(11,12)
(62,15)
(13,52)
(85,27)
(0,58)
(65,35)
(39,11)
(62,59)
(35,26)
(2,42)
(35,34)
(83,37)
(35,33)
(96,61)
(62,19)
(51,30)
(84,37)
(72,47)
(16,21)
(36,26)
(54,37)
(33,23)
(41,38)
(85,39)
(6,22)
(44,21)
(32,21)
(55,23)
(59,32)
(10,8)
(41,43)
(44,12)
(98,43)
(30,51)
(86,45)
(46,5)
(66,50)
(13,37)
(34,9)
(37,56)
(16,57)
(28,13)
(71,46)
(96,50)
(15,5)
(39,24)
(52,44)
(39,31)
(95,53)
(14,28)
(0,14)
(11,46)
(97,6)
(39,37)
(68,13)
(81,47)
(51,57)
(89,27)
(95,34)
(18,61)
(58,53)
(94,55)
(75,41)
(47,38)
(36,56)
(75,49)
(16,13)
(1,13)
(50,10)
(30,20)
(8,34)
(53,53)
(29,21)
(78,53)
(90,29)
(3,28)
(50,29)
(33,40)
(13,59)
(8,58)
(18,18)
(95,32)
(93,31)
(77,47)
(15,29)
(73,20)
(38,1)
(39,47)
(1,30)
(87,27)
(10,7)
(35,9)
(3,27)
(77,27)
(47,44)
(22,42)
(32,56)
(5,30)
(3,59)
(69,25)
(18,2)
(8,41)
(47,52)
(34,21)
(44,24)
(56,25)
(26,29)
(1,5)
(95,45)
(18,35)
(13,15)
(57,48)
(27,13)
(5,9)
(84,12)
(60,35)
(36,22)
(8,6)
(54,9)
(20,36)
(44,31)
(16,23)
(45,41)
(94,28)
(36,29)
(20,42)
(70,48)
(21,33)
(98,50)
(28,27)
(21,45)
(57,30)
(8,32)
(89,43)
(88,28)
(63,39)
(95,23)
(67,34)
(88,37)
(31,6)
(21,59)
(35,12)
(34,35)
(22,57)
(68,23)
(46,58)
(77,33)
(72,31)
(96,57)
(60,25)
(50,21)
(49,8)
(37,19)
(87,30)
(81,43)
(13,22)
(86,47)
(71,48)
(47,9)
(91,49)
(12,51)
(54,35)
(68,56)
(65,61)
(8,48)
(15,57)
(86,58)
(12,41)
(28,50)
(98,42)
(33,33)
(31,44)
(93,45)
(31,20)
(98,41)
(5,19)
(79,55)
(3,60)
(10,54)
(75,33)
(85,1)
(0,25)
(52,17)
(37,8)
(38,37)
(36,52)
(51,60)
(56,24)
(18,24)
(7,56)
(36,46)
(78,30)
(99,51)
(13,58)
(17,12)
(93,50)
(71,16)
(99,52)
(83,22)
(77,39)
(76,23)
(83,26)
(22,45)
(50,58)
(80,46)
(81,54)
(79,38)
(98,47)
(56,42)
(13,55)
(89,34)
(72,49)
(65,13)
(5,57)
(80,9)
(97,45)
(60,13)
(53,13)
(14,53)
(87,24)
(87,20)
(33,51)
(90,33)
(25,32)
(82,35)
(41,36)
(18,43)
(20,31)
(70,54)
(86,30)
(27,61)
(73,42)
(34,25)
(52,45)
(92,21)
(71,45)
(6,60)
(79,12)
(25,18)
(20,61)
(28,46)
(61,31)
(58,37)
(30,46)
(75,17)
(66,45)
(4,50)
(80,22)
(96,6)
(21,15)
(33,31)
(98,21)
(9,41)
(33,61)
(51,56)
(70,38)
(4,12)
(44,46)
(92,7)
(4,35)
(35,19)
(77,61)
(6,26)
(38,49)
(56,5)
(87,37)
(5,54)
(39,1)
(70,45)
(36,12)
(66,11)
(93,60)
(67,20)
(91,30)
(33,2)
(76,36)
(75,24)
(9,23)
(48,24)
(55,22)
(43,47)
(79,41)
(0,20)
(17,22)
(67,27)
(38,47)
(37,18)
(9,15)
(31,31)
(25,19)
(51,17)
(9,27)
(20,59)
(65,47)
(55,52)
(70,23)
(69,24)
(81,23)
(9,8)
(52,13)
(54,25)
(72,54)
(63,47)
(32,12)
(13,42)
(40,3)
(60,24)
(76,57)
(74,14)
(81,20)
(32,7)
(29,13)
(99,33)
(54,33)
(20,30)
(21,32)
(81,38)
(82,56)
(6,49)
(30,21)
(27,16)
(23,57)
(20,20)
(1,6)
(99,26)
(36,37)
(19,56)
(82,50)
(84,17)
(98,31)
(10,26)
(3,30)
(98,59)
(79,27)
(44,59)
(50,59)
(34,26)
(2,14)
(70,44)
(21,38)
(27,33)
(75,51)
(13,61)
(80,53)
(30,55)
(31,56)
(19,15)
(0,34)
(6,1)
(58,33)
(5,55)
(84,22)
(47,35)
(40,34)
(88,22)
(48,20)
(74,35)
(39,26)
(61,14)
(7,27)
(35,13)
(99,47)
(62,39)
(98,61)
(26,47)
(34,7)
(43,26)
(79,19)
(43,37)
(27,32)
(52,24)
(77,48)
(50,61)
(0,33)
(97,53)
(59,41)
(55,58)
(68,61)
(11,58)
(9,31)
(48,61)
(34,16)
(50,39)
(99,36)
(27,39)
(78,59)
(51,43)
(12,54)
(19,50)
(65,7)
(31,61)
(11,19)
(34,6)
(80,25)
(28,47)
(17,36)
(28,28)
(15,18)
(8,15)
(51,29)
(19,58)
(48,26)
(20,50)
(95,59)
(82,37)
(89,42)
(17,35)
(77,12)
(65,31)
(58,31)
(7,11)
(96,60)
(43,52)
(68,60)
(45,21)
(63,54)
(46,53)
(17,27)
(94,56)
(4,49)
(44,41)
(52,59)
(24,13)
(69,55)
(20,49)
(80,44)
(3,55)
(81,2)
(75,48)
(4,48)
(10,46)
(38,13)
(66,57)
(47,14)
(95,29)
(34,58)
(76,11)
(61,24)
(97,60)
(38,32)
(96,52)
(8,29)
(22,6)
(44,27)
(68,28)
(78,8)
(7,24)
(66,24)
(66,14)
(5,18)
(97,42)
(95,42)
(72,16)
(88,20)
(94,36)
(85,16)
(10,34)
(60,56)
(19,55)
(74,42)
(85,42)
(24,39)
(87,21)
(23,20)
(89,46)
(39,43)
(35,54)
(45,14)
(65,2)
(89,49)
(34,38)
(87,51)
(28,26)
(38,23)
(4,26)
(71,57)
(73,26)
(65,20)
(94,8)
(60,55)
(99,56)
(92,46)
(88,3)
(78,13)
(13,47)
(72,60)
(87,32)
(73,6)
(76,9)
(86,44)
(52,27)
(28,21)
(64,35)
(66,23)
(34,17)
(76,33)
(98,39)
(55,21)
(33,56)
(48,4)
(31,16)
(4,56)
(7,45)
(67,22)
(39,9)
(76,53)
(37,25)
(57,55)
(84,38)
(54,32)
(96,19)
(83,40)
(13,21)
(15,17)
(0,50)
(0,30)
(77,8)
(15,49)
(49,27)
(54,59)
(10,55)
(87,52)
(98,35)
(30,26)
(11,8)
(99,21)
(68,17)
(47,50)
(88,23)
(34,19)
(85,61)
(29,23)
(19,43)
(0,31)
(39,51)
(93,41)
(61,15)
(68,18)
(89,39)
(22,59)
(54,56)
(27,30)
(53,29)
(65,60)
(62,21)
(30,52)
(52,47)
(11,17)
(57,18)
(55,5)
(72,13)
(57,21)
(17,33)
(7,38)
(11,33)
(15,36)
(25,40)
(68,34)
(84,43)
(55,26)
(80,36)
(17,24)
(97,44)
(79,49)
(81,34)
(61,38)
(44,53)
(18,59)
(55,53)
(71,43)
(28,17)
(16,11)
(31,23)
(73,35)
(96,46)
(68,38)
(64,24)
(58,21)
(15,35)
(29,1)
(95,33)
(48,7)
(11,49)
(40,31)
(7,17)
(14,56)
(91,56)
(69,18)
(82,30)
(26,18)
(90,60)
(1,57)
(86,15)
(51,22)
(52,43)
(57,15)
(71,21)
(28,40)
(20,11)
(57,56)
(30,60)
(57,40)
(17,1)
(47,1)
(46,12)
(86,26)
(63,58)
(71,12)
(81,27)
(23,41)
(53,39)
(82,32)
(51,18)
(56,40)
(51,53)
(59,31)
(82,36)
(22,21)
(38,36)
(72,6)
(94,12)
(27,21)
(63,26)
(30,32)
(52,19)
(91,32)
(34,13)
(83,54)
(53,40)
(64,22)
(89,40)
(58,43)
(25,29)
(21,49)
(76,42)
(80,37)
(9,12)
(61,22)
(84,46)
(95,43)
(86,52)
(70,21)
(36,49)
(18,45)
(57,17)
(47,33)
(3,41)
(72,20)
(17,15)
(83,21)
(11,6)
(45,57)
(80,42)
(49,32)
(23,21)
(7,54)
(64,53)
(25,50)
(64,3)
(63,35)
(52,52)
(33,59)
(13,43)
(65,12)
(90,21)
(58,29)
(83,10)
(39,40)
(84,41)
(6,53)
(92,31)
(67,18)
(93,14)
(46,22)
(32,11)
(86,29)
(1,19)
(1,18)
(89,14)
(66,56)
(23,26)
(47,60)
(46,1)
(91,33)
(73,13)
(63,16)
(72,58)
(74,50)
(72,41)
(4,39)
(19,21)
(12,31)
(65,48)
(63,10)
(80,11)
(45,22)
(49,25)
(51,33)
(83,38)
(1,54)
(78,21)
(45,46)
(7,58)
(2,54)
(69,37)
(17,26)
(18,55)
(23,36)
(9,28)
(50,37)
(72,33)
(76,12)
(94,32)
(45,49)
(89,32)
(83,13)
(74,26)
(24,43)
(81,25)
(26,53)
(86,48)
(58,11)
(51,10)
(65,49)
(89,31)
(20,26)
(67,46)
(97,22)
(54,49)
(14,15)
(2,35)
(47,17)
(7,31)
(51,42)
(96,58)
(62,10)
(27,60)
(5,32)
(23,38)
(96,32)
(50,44)
(4,53)
(5,56)
(2,37)
(92,24)
(0,55)
(29,61)
(71,35)
(10,52)
(1,50)
(0,52)
(36,31)
(12,24)
(7,36)
(2,57)
(37,21)
(49,45)
(32,23)
(64,40)
(84,16)
(79,21)
(54,52)
(45,16)
(78,20)
(85,55)
(79,24)
(16,22)
(35,35)
(26,36)
(28,25)
(12,4)
(11,35)
(76,43)
(91,18)
(15,13)
(96,42)
(54,29)
(95,57)
(17,60)
(30,5)
(3,56)
(25,13)
(85,12)
(39,32)
(28,29)
(47,47)
(31,15)
(36,13)
(86,43)
(93,36)
(93,29)
(18,51)
(65,10)
(15,54)
(34,61)
(29,49)
(33,38)
(14,32)
(52,58)
(21,25)
(37,41)
(70,35)
(63,40)
(74,45)
(36,55)
(59,39)
(18,56)
(51,46)
(21,60)
(78,27)
(27,50)
(39,33)
(9,37)
(20,58)
(95,52)
(28,60)
(4,45)
(19,10)
(37,60)
(68,31)
(27,22)
(91,29)
(12,44)
(92,40)
(32,58)
(90,28)
(78,49)
(77,55)
(89,44)
(26,20)
(74,24)
(89,61)
(28,12)
(52,15)
(0,21)
(69,44)
(47,32)
(54,21)
(53,59)
(67,29)
(92,61)
(85,23)
(34,37)
(27,37)
(92,60)
(97,40)
(93,12)
(10,40)
(30,30)
(56,33)
(19,54)
(97,61)
(37,28)
(45,44)
(39,34)
(28,45)
(87,22)
(5,59)
(83,60)
(90,44)
(83,39)
(76,28)
(99,3)
(55,45)
(80,12)
(60,45)
(10,17)
(66,36)
(60,19)
(70,41)
(92,45)
(7,29)
(13,51)
(79,37)
(13,9)
(10,53)
(28,38)
(44,34)
(79,26)
(7,61)
(68,57)
(81,57)
(43,48)
(71,52)
(47,15)
(83,7)
(57,46)
(91,24)
(96,39)
(7,39)
(37,27)
(29,26)
(33,32)
(95,4)
(51,12)
(81,56)
(29,36)
(96,53)
(63,32)
(38,31)
(60,46)
(38,29)
(34,29)
(55,28)
(40,50)
(53,38)
(84,4)
(81,59)
(38,34)
(90,54)
(31,54)
(4,59)
(15,52)
(67,47)
(73,58)
(11,36)
(81,55)
(30,54)
(96,49)
(54,28)
(72,59)
(67,39)
(66,59)
(37,46)
(30,39)
(86,31)
(68,20)
(79,43)
(88,33)
(23,23)
(64,9)
(45,33)
(49,3)
(25,30)
(15,11)
(24,22)
(29,55)
(25,38)
(6,47)
(67,42)
(37,5)
(95,20)
(15,50)
(89,6)
(40,60)
(69,49)
(31,50)
(45,4)
(50,34)
(2,59)
(50,26)
(27,27)
(87,13)
(31,26)
(80,40)
(63,42)
(39,25)
(56,36)
(67,51)
(61,47)
(70,18)
(22,51)
(66,38)
(26,25)
(44,60)
(80,16)
(16,39)
(21,36)
(37,22)
(25,60)
(29,14)
(74,8)
(0,37)
(44,39)
(24,59)
(17,40)
(74,18)
(62,51)
(54,20)
(30,22)
(88,51)
(90,47)
(82,16)
(47,58)
(36,30)
(54,44)
(18,33)
(72,53)
(25,61)
(59,49)
(54,61)
(60,20)
(10,20)
(39,61)
(57,35)
(71,41)
(73,23)
(96,35)
(17,28)
(65,34)
(7,44)
(87,35)
(52,10)
(84,61)
(33,28)
(76,48)
(38,43)
(46,47)
(69,50)
(27,58)
(99,6)
(35,50)
(31,39)
(28,51)
(57,28)
(79,61)
(78,28)
(53,5)
(26,24)
(2,29)
(32,10)
(19,47)
(67,52)
(45,13)
(64,45)
(70,47)
(9,49)
(28,55)
(7,53)
(94,51)
(80,33)
(80,29)
(15,16)
(48,23)
(33,44)
(62,38)
(15,39)
(85,33)
(93,46)
(80,50)
(65,57)
(5,50)
(50,14)
(78,50)
(6,29)
(84,30)
(17,56)
(57,41)
(21,11)
(34,34)
(92,18)
(63,41)
(83,46)
(94,26)
(5,45)
(68,50)
(5,34)
(10,50)
(12,35)
(3,40)
(53,50)
(47,56)
(14,50)
(45,15)
(93,9)
(59,3)
(76,20)
(93,44)
(56,11)
(17,4)
(63,3)
(76,58)
(32,50)
(23,44)
(37,29)
(67,8)
(22,27)
(28,58)
(47,39)
(10,43)
(7,60)
(74,36)
(79,60)
(69,61)
(19,39)
(28,35)
(97,50)
(83,19)
(6,9)
(36,39)
(46,54)
(11,26)
(44,48)
(36,42)
(32,41)
(14,26)
(68,51)
(64,61)
(95,49)
(12,61)
(5,43)
(27,45)
(32,48)
(79,52)
(18,57)
(47,21)
(69,34)
(43,33)
(15,51)
(62,24)
(37,10)
(56,41)
(0,48)
(15,42)
(60,61)
(90,46)
(55,41)
(26,15)
(54,13)
(81,58)
(53,47)
(46,20)
(34,49)
(58,35)
(85,51)
(94,42)
(59,37)
(71,24)
(37,49)
(77,57)
(88,7)
(91,15)
(52,2)
(21,42)
(91,12)
(72,42)
(76,7)
(80,20)
(13,36)
(97,28)
(74,37)
(25,46)
(13,31)
(55,20)
(99,35)
(88,9)
(2,41)
(31,33)
(10,29)
(86,17)
(86,32)
(17,39)
(29,41)
(40,53)
(19,31)
(11,47)
(14,36)
(58,45)
(74,21)
(87,41)
(33,39)
(19,34)
(74,39)
(86,35)
(80,41)
(91,23)
(32,54)
(56,39)
(48,46)
(29,51)
(83,28)
(22,41)
(48,53)
(43,24)
(6,17)
(83,50)
(49,39)
(29,34)
(80,14)
(88,55)
(33,22)
(50,30)
(64,59)
(29,60)
(54,60)
(81,52)
(25,36)
(6,52)
(87,58)
(64,60)
(43,58)
(19,46)
(72,32)
(14,55)
(77,21)
(85,35)
(52,53)
(72,26)
(8,27)
(94,23)
(91,19)
(14,37)
(62,52)
(87,61)
(40,15)
(3,44)
(22,60)
(59,25)
(38,44)
(84,23)
(33,55)
(17,18)
(83,31)
(40,21)
(66,51)
(46,17)
(78,48)
(81,50)
(67,7)
(60,32)
(23,56)
(23,49)
(95,25)
(94,58)
(6,50)
(49,26)
(39,4)
(91,13)
(52,26)
(5,42)
(74,59)
(29,45)
(74,46)
(21,34)
(46,55)
(69,36)
(21,26)
(92,47)
(84,28)
(46,25)
(10,45)
(29,39)
(73,16)
(64,46)
(91,51)
(10,22)
(37,54)
(50,46)
(78,16)
(85,11)
(49,10)
(45,7)
(71,27)
(23,33)
(56,50)
(81,61)
(62,30)
(82,60)
(53,61)
(76,49)
(6,56)
(55,57)
(84,27)
(39,21)
(45,32)
(39,28)
(50,19)
(11,50)
(81,19)
(89,58)
(97,54)
(81,48)
(73,14)
(55,54)
(11,39)
(60,52)
(59,35)
(65,54)
(45,51)
(97,59)
(77,14)
(12,48)
(50,36)
(6,48)
(97,57)
(52,55)
(69,7)
(76,29)
(24,55)
(95,16)
(26,41)
(5,53)
(37,42)
(15,61)
(62,58)
(3,50)
(22,25)
(13,57)
(34,31)
(25,48)
(60,28)
(60,18)
(80,57)
(54,14)
(5,41)
(31,45)
(69,56)
(92,51)
(18,52)
(43,53)
(24,54)
(80,56)
(54,40)
(77,51)
(62,6)
(77,54)
(65,59)
(76,44)
(17,51)
(15,58)
(82,29)
(63,50)
(62,48)
(18,34)
(32,29)
(55,43)
(3,21)
(1,45)
(49,19)
(80,48)
(71,61)
(34,22)
(93,48)
(6,0)
(2,21)
(22,52)
(49,54)
(89,45)
(12,53)
(76,59)
(33,49)
(6,41)
(3,34)
(93,27)
(23,61)
(30,37)
(80,26)
(52,16)
(59,60)
(56,16)
(63,19)
(67,58)
(62,45)
(48,30)
(71,56)
(46,23)
(76,55)
(17,17)
(83,20)
(59,58)
(24,47)
(77,44)
(18,23)
(38,46)
(18,50)
(6,40)
(54,47)
(23,5)
(12,18)
(73,17)
(82,25)
(58,10)
(37,50)
(56,27)
(3,52)
(50,43)
(59,21)
(65,36)
(32,6)
(80,18)
