100 Users
48 Files
3000 Transactions
2 Maximum Connections
1 Cycle Length per Upload-Download
0 Warm-up Transactions
0.400000 Zipf constant
5 Pre-Trusted Users
60 Well-Behaved (Good) Users
40 Purely Malicious Users
0 Feedback Skewing Users
0 Malignant Providing Users
0 Disguised Malicous Users
0 Sybil Attack Users
true Intelligent Trans. Generation
1561006896213 Trace Generation Seed

(0.046691,0.000000,1,false)
(0.028275,0.000000,1,false)
(0.005944,0.000000,1,false)
(0.018634,0.000000,1,false)
(0.027529,0.000000,1,false)
(0.075176,0.000000,1,false)
(0.035427,0.000000,1,false)
(0.021832,0.000000,1,false)
(0.035280,0.000000,1,false)
(0.055960,0.000000,1,false)
(0.098506,0.000000,1,false)
(0.077342,0.000000,1,false)
(0.039793,0.000000,1,false)
(0.071063,0.000000,1,false)
(0.067849,0.000000,1,false)
(0.019782,0.000000,1,false)
(0.043102,0.000000,1,false)
(0.015323,0.000000,1,false)
(0.079196,0.000000,1,false)
(0.013402,0.000000,1,false)
(0.096031,0.000000,1,false)
(0.016585,0.000000,1,false)
(0.059504,0.000000,1,false)
(0.050081,0.000000,1,false)
(0.011159,0.000000,1,false)
(0.091284,0.000000,1,false)
(0.003946,0.000000,1,false)
(0.038584,0.000000,1,false)
(0.068076,0.000000,1,false)
(0.027013,0.000000,1,false)
(0.053383,0.000000,1,false)
(0.069925,0.000000,1,false)
(0.047151,0.000000,1,false)
(0.086926,0.000000,1,false)
(0.084590,0.000000,1,false)
(0.061362,0.000000,1,false)
(0.034038,0.000000,1,false)
(0.006347,0.000000,1,false)
(0.001775,0.000000,1,false)
(0.039872,0.000000,1,false)
(0.991303,1.000000,0,true)
(0.981972,1.000000,0,true)
(0.990186,1.000000,0,true)
(0.975158,1.000000,0,true)
(0.930089,1.000000,0,true)
(0.900717,1.000000,0,false)
(0.942818,1.000000,0,false)
(0.990703,1.000000,0,false)
(0.950857,1.000000,0,false)
(0.918453,1.000000,0,false)
(0.940354,1.000000,0,false)
(0.980857,1.000000,0,false)
(0.964004,1.000000,0,false)
(0.999076,1.000000,0,false)
(0.945379,1.000000,0,false)
(0.949291,1.000000,0,false)
(0.928352,1.000000,0,false)
(0.903109,1.000000,0,false)
(0.909568,1.000000,0,false)
(0.951703,1.000000,0,false)
(0.933668,1.000000,0,false)
(0.914434,1.000000,0,false)
(0.975232,1.000000,0,false)
(0.914495,1.000000,0,false)
(0.937744,1.000000,0,false)
(0.956198,1.000000,0,false)
(0.907738,1.000000,0,false)
(0.943249,1.000000,0,false)
(0.905665,1.000000,0,false)
(0.959116,1.000000,0,false)
(0.997610,1.000000,0,false)
(0.931260,1.000000,0,false)
(0.902343,1.000000,0,false)
(0.954324,1.000000,0,false)
(0.954221,1.000000,0,false)
(0.954458,1.000000,0,false)
(0.927145,1.000000,0,false)
(0.981149,1.000000,0,false)
(0.980465,1.000000,0,false)
(0.974518,1.000000,0,false)
(0.951661,1.000000,0,false)
(0.927841,1.000000,0,false)
(0.969648,1.000000,0,false)
(0.966759,1.000000,0,false)
(0.928149,1.000000,0,false)
(0.960290,1.000000,0,false)
(0.902084,1.000000,0,false)
(0.943646,1.000000,0,false)
(0.977162,1.000000,0,false)
(0.940167,1.000000,0,false)
(0.939462,1.000000,0,false)
(0.958277,1.000000,0,false)
(0.938111,1.000000,0,false)
(0.989664,1.000000,0,false)
(0.920056,1.000000,0,false)
(0.945191,1.000000,0,false)
(0.976217,1.000000,0,false)
(0.925168,1.000000,0,false)
(0.947192,1.000000,0,false)
(0.988150,1.000000,0,false)

(0,0,false)
(2,0,false)
(3,0,false)
(5,0,false)
(6,0,false)
(7,0,false)
(8,0,false)
(9,0,false)
(10,0,true)
(13,0,false)
(14,0,false)
(15,0,false)
(18,0,false)
(19,0,false)
(22,0,false)
(24,0,false)
(25,0,false)
(26,0,false)
(27,0,false)
(30,0,false)
(31,0,false)
(33,0,false)
(34,0,false)
(35,0,false)
(36,0,false)
(37,0,false)
(39,0,false)
(40,0,true)
(41,0,true)
(42,0,true)
(44,0,true)
(46,0,true)
(48,0,true)
(51,0,true)
(52,0,true)
(53,0,true)
(54,0,true)
(55,0,true)
(56,0,true)
(57,0,true)
(59,0,true)
(60,0,true)
(61,0,true)
(62,0,true)
(64,0,true)
(65,0,true)
(66,0,true)
(68,0,true)
(69,0,true)
(70,0,true)
(71,0,true)
(72,0,true)
(73,0,false)
(74,0,true)
(75,0,true)
(76,0,true)
(78,0,true)
(79,0,true)
(80,0,true)
(82,0,true)
(83,0,true)
(84,0,true)
(85,0,true)
(86,0,true)
(90,0,true)
(92,0,true)
(94,0,true)
(95,0,true)
(96,0,true)
(97,0,true)
(98,0,true)
(99,0,true)
(0,1,true)
(1,1,false)
(2,1,false)
(3,1,false)
(5,1,false)
(7,1,false)
(8,1,false)
(9,1,false)
(11,1,false)
(12,1,false)
(13,1,false)
(14,1,false)
(15,1,false)
(16,1,false)
(18,1,false)
(20,1,false)
(21,1,false)
(23,1,false)
(25,1,false)
(27,1,false)
(28,1,false)
(29,1,false)
(30,1,false)
(32,1,false)
(34,1,false)
(35,1,false)
(36,1,false)
(37,1,false)
(38,1,false)
(39,1,false)
(40,1,true)
(41,1,true)
(42,1,true)
(43,1,true)
(45,1,true)
(47,1,true)
(48,1,true)
(50,1,false)
(51,1,true)
(52,1,true)
(53,1,true)
(55,1,true)
(56,1,true)
(57,1,true)
(59,1,true)
(60,1,true)
(61,1,true)
(62,1,true)
(63,1,true)
(64,1,true)
(65,1,true)
(66,1,true)
(67,1,true)
(69,1,true)
(70,1,true)
(71,1,true)
(72,1,true)
(73,1,true)
(74,1,true)
(75,1,true)
(76,1,true)
(77,1,true)
(80,1,true)
(82,1,true)
(83,1,true)
(85,1,true)
(86,1,true)
(88,1,true)
(89,1,true)
(91,1,true)
(92,1,true)
(94,1,true)
(95,1,true)
(98,1,true)
(99,1,true)
(0,2,false)
(3,2,false)
(4,2,false)
(5,2,false)
(8,2,false)
(10,2,true)
(11,2,false)
(12,2,false)
(13,2,false)
(14,2,false)
(16,2,false)
(17,2,false)
(18,2,true)
(19,2,false)
(21,2,false)
(22,2,false)
(29,2,false)
(32,2,false)
(33,2,false)
(35,2,false)
(37,2,false)
(39,2,false)
(40,2,true)
(43,2,true)
(44,2,true)
(45,2,true)
(46,2,true)
(48,2,true)
(52,2,true)
(53,2,true)
(54,2,true)
(55,2,true)
(59,2,true)
(60,2,true)
(63,2,true)
(65,2,true)
(66,2,false)
(67,2,false)
(69,2,true)
(70,2,true)
(71,2,true)
(72,2,true)
(74,2,true)
(80,2,true)
(81,2,true)
(83,2,true)
(84,2,true)
(86,2,true)
(88,2,false)
(90,2,true)
(91,2,true)
(92,2,true)
(93,2,true)
(94,2,true)
(96,2,true)
(97,2,true)
(98,2,true)
(0,3,false)
(1,3,false)
(3,3,false)
(4,3,false)
(5,3,false)
(6,3,false)
(8,3,false)
(9,3,false)
(10,3,false)
(14,3,false)
(19,3,false)
(21,3,false)
(22,3,false)
(24,3,false)
(26,3,false)
(30,3,true)
(31,3,false)
(32,3,false)
(33,3,false)
(34,3,false)
(35,3,false)
(36,3,false)
(37,3,false)
(38,3,false)
(39,3,false)
(40,3,true)
(42,3,true)
(43,3,true)
(44,3,false)
(45,3,true)
(46,3,true)
(47,3,true)
(48,3,true)
(52,3,true)
(53,3,true)
(54,3,true)
(57,3,false)
(58,3,true)
(59,3,true)
(62,3,true)
(63,3,true)
(64,3,true)
(67,3,true)
(70,3,true)
(71,3,true)
(73,3,true)
(77,3,true)
(78,3,true)
(80,3,true)
(81,3,true)
(85,3,true)
(86,3,true)
(92,3,true)
(93,3,true)
(94,3,true)
(95,3,true)
(96,3,true)
(98,3,true)
(99,3,true)
(1,4,false)
(4,4,false)
(7,4,false)
(8,4,false)
(10,4,false)
(11,4,false)
(15,4,false)
(16,4,false)
(18,4,false)
(19,4,false)
(21,4,false)
(22,4,false)
(23,4,false)
(26,4,false)
(27,4,true)
(30,4,false)
(33,4,false)
(34,4,false)
(35,4,false)
(38,4,false)
(42,4,true)
(44,4,true)
(45,4,true)
(51,4,true)
(52,4,true)
(53,4,true)
(54,4,false)
(56,4,true)
(62,4,true)
(63,4,false)
(64,4,true)
(69,4,true)
(70,4,true)
(71,4,true)
(73,4,true)
(74,4,true)
(77,4,true)
(83,4,true)
(84,4,false)
(87,4,true)
(88,4,true)
(91,4,true)
(92,4,true)
(95,4,true)
(96,4,true)
(97,4,true)
(98,4,true)
(99,4,true)
(1,5,false)
(2,5,true)
(4,5,false)
(5,5,false)
(7,5,false)
(9,5,false)
(10,5,false)
(11,5,false)
(14,5,false)
(15,5,false)
(16,5,false)
(17,5,false)
(18,5,false)
(19,5,false)
(20,5,false)
(21,5,false)
(22,5,false)
(26,5,false)
(27,5,false)
(28,5,true)
(29,5,false)
(30,5,false)
(31,5,false)
(34,5,false)
(39,5,false)
(40,5,true)
(41,5,true)
(42,5,true)
(43,5,true)
(44,5,false)
(45,5,true)
(49,5,true)
(50,5,true)
(53,5,true)
(62,5,true)
(63,5,true)
(64,5,true)
(66,5,true)
(67,5,true)
(69,5,true)
(73,5,true)
(75,5,true)
(78,5,true)
(81,5,true)
(86,5,true)
(87,5,false)
(89,5,true)
(90,5,true)
(91,5,true)
(94,5,true)
(95,5,true)
(96,5,true)
(97,5,true)
(99,5,true)
(0,6,false)
(4,6,false)
(6,6,false)
(12,6,false)
(15,6,false)
(20,6,false)
(24,6,false)
(25,6,false)
(27,6,false)
(29,6,false)
(33,6,false)
(34,6,false)
(35,6,false)
(37,6,false)
(45,6,true)
(46,6,true)
(47,6,true)
(49,6,true)
(52,6,true)
(57,6,true)
(58,6,true)
(60,6,true)
(61,6,true)
(64,6,false)
(69,6,true)
(71,6,true)
(74,6,true)
(77,6,true)
(79,6,true)
(82,6,true)
(84,6,true)
(85,6,true)
(86,6,false)
(89,6,true)
(95,6,true)
(97,6,true)
(98,6,true)
(99,6,true)
(2,7,false)
(4,7,false)
(10,7,false)
(11,7,true)
(16,7,false)
(18,7,false)
(19,7,false)
(22,7,true)
(30,7,false)
(31,7,false)
(33,7,true)
(35,7,false)
(36,7,false)
(37,7,false)
(39,7,false)
(40,7,true)
(43,7,true)
(44,7,true)
(47,7,true)
(50,7,true)
(51,7,true)
(53,7,true)
(54,7,true)
(55,7,true)
(57,7,true)
(59,7,true)
(67,7,true)
(68,7,true)
(71,7,true)
(72,7,true)
(75,7,true)
(78,7,true)
(80,7,true)
(81,7,true)
(82,7,true)
(85,7,true)
(86,7,true)
(88,7,true)
(89,7,true)
(93,7,true)
(95,7,true)
(99,7,true)
(1,8,false)
(3,8,false)
(5,8,false)
(6,8,false)
(7,8,false)
(8,8,false)
(10,8,false)
(14,8,true)
(15,8,false)
(16,8,false)
(17,8,false)
(18,8,true)
(20,8,false)
(22,8,false)
(23,8,false)
(26,8,false)
(28,8,false)
(29,8,false)
(31,8,false)
(32,8,false)
(36,8,false)
(39,8,false)
(40,8,true)
(42,8,true)
(43,8,true)
(44,8,true)
(51,8,true)
(55,8,true)
(56,8,true)
(58,8,true)
(60,8,true)
(62,8,true)
(66,8,true)
(70,8,true)
(71,8,true)
(73,8,true)
(74,8,true)
(75,8,true)
(81,8,true)
(82,8,true)
(84,8,false)
(89,8,false)
(92,8,true)
(94,8,false)
(97,8,true)
(1,9,false)
(2,9,false)
(4,9,false)
(10,9,false)
(16,9,false)
(21,9,false)
(22,9,false)
(27,9,false)
(28,9,true)
(30,9,true)
(31,9,false)
(34,9,false)
(35,9,false)
(37,9,false)
(38,9,false)
(42,9,true)
(46,9,false)
(50,9,true)
(53,9,true)
(54,9,true)
(59,9,true)
(62,9,true)
(73,9,true)
(76,9,true)
(80,9,true)
(81,9,true)
(84,9,true)
(86,9,true)
(89,9,true)
(90,9,true)
(92,9,true)
(95,9,true)
(3,10,false)
(5,10,false)
(9,10,false)
(11,10,false)
(13,10,false)
(19,10,false)
(21,10,false)
(22,10,false)
(24,10,false)
(30,10,false)
(33,10,false)
(37,10,false)
(38,10,false)
(39,10,false)
(40,10,true)
(43,10,true)
(45,10,false)
(49,10,true)
(51,10,true)
(52,10,true)
(63,10,true)
(64,10,true)
(69,10,true)
(73,10,true)
(74,10,true)
(76,10,true)
(77,10,true)
(80,10,true)
(81,10,false)
(83,10,true)
(84,10,false)
(88,10,true)
(93,10,true)
(94,10,true)
(98,10,true)
(99,10,true)
(2,11,false)
(5,11,false)
(7,11,false)
(9,11,false)
(10,11,false)
(12,11,false)
(13,11,false)
(17,11,false)
(19,11,false)
(21,11,false)
(23,11,false)
(26,11,false)
(30,11,false)
(33,11,false)
(36,11,true)
(39,11,false)
(44,11,true)
(45,11,true)
(47,11,true)
(48,11,true)
(51,11,true)
(52,11,true)
(55,11,true)
(57,11,false)
(58,11,true)
(66,11,true)
(73,11,true)
(76,11,true)
(79,11,true)
(81,11,true)
(83,11,true)
(85,11,true)
(86,11,true)
(95,11,true)
(97,11,true)
(99,11,true)
(0,12,false)
(4,12,false)
(12,12,false)
(16,12,false)
(17,12,false)
(24,12,false)
(29,12,false)
(30,12,false)
(32,12,false)
(39,12,false)
(40,12,true)
(42,12,true)
(43,12,true)
(46,12,true)
(48,12,true)
(49,12,true)
(51,12,true)
(52,12,true)
(55,12,false)
(57,12,true)
(60,12,true)
(62,12,true)
(64,12,false)
(67,12,true)
(71,12,true)
(74,12,true)
(77,12,true)
(78,12,true)
(80,12,true)
(83,12,true)
(84,12,true)
(85,12,true)
(91,12,true)
(92,12,true)
(94,12,true)
(95,12,true)
(97,12,true)
(98,12,true)
(99,12,true)
(0,13,true)
(4,13,false)
(5,13,false)
(9,13,false)
(11,13,false)
(14,13,false)
(15,13,false)
(17,13,false)
(21,13,false)
(23,13,false)
(28,13,true)
(29,13,false)
(32,13,false)
(40,13,true)
(45,13,true)
(47,13,true)
(49,13,true)
(54,13,true)
(61,13,true)
(64,13,true)
(65,13,true)
(67,13,true)
(69,13,true)
(70,13,true)
(71,13,false)
(73,13,true)
(76,13,true)
(78,13,true)
(85,13,true)
(96,13,true)
(2,14,false)
(8,14,false)
(13,14,false)
(15,14,false)
(23,14,true)
(24,14,false)
(33,14,false)
(36,14,false)
(40,14,true)
(48,14,true)
(49,14,false)
(53,14,true)
(57,14,true)
(59,14,true)
(60,14,false)
(63,14,true)
(64,14,true)
(69,14,true)
(70,14,true)
(74,14,true)
(76,14,true)
(77,14,true)
(81,14,true)
(82,14,true)
(85,14,true)
(86,14,true)
(87,14,true)
(89,14,true)
(2,15,false)
(3,15,false)
(4,15,false)
(12,15,false)
(16,15,false)
(20,15,false)
(27,15,false)
(28,15,false)
(29,15,false)
(31,15,false)
(37,15,false)
(39,15,false)
(42,15,true)
(45,15,true)
(46,15,true)
(55,15,true)
(56,15,true)
(57,15,true)
(61,15,true)
(68,15,true)
(72,15,true)
(77,15,true)
(80,15,true)
(84,15,true)
(89,15,true)
(93,15,true)
(94,15,true)
(95,15,true)
(10,16,false)
(11,16,false)
(13,16,false)
(14,16,false)
(20,16,false)
(21,16,false)
(26,16,false)
(28,16,false)
(29,16,false)
(31,16,false)
(40,16,true)
(41,16,true)
(50,16,true)
(53,16,true)
(55,16,true)
(57,16,true)
(58,16,true)
(59,16,false)
(63,16,true)
(66,16,true)
(70,16,true)
(71,16,true)
(72,16,true)
(75,16,true)
(80,16,false)
(81,16,true)
(82,16,true)
(91,16,true)
(95,16,true)
(97,16,true)
(99,16,true)
(2,17,false)
(7,17,false)
(11,17,false)
(12,17,true)
(14,17,false)
(16,17,false)
(18,17,true)
(29,17,false)
(30,17,false)
(37,17,false)
(40,17,true)
(45,17,true)
(47,17,true)
(48,17,true)
(50,17,true)
(58,17,true)
(61,17,true)
(63,17,true)
(67,17,true)
(68,17,true)
(69,17,true)
(72,17,true)
(78,17,true)
(81,17,true)
(85,17,false)
(88,17,true)
(91,17,true)
(94,17,true)
(95,17,true)
(3,18,false)
(7,18,false)
(8,18,false)
(9,18,false)
(12,18,false)
(18,18,false)
(20,18,false)
(21,18,false)
(23,18,false)
(24,18,false)
(27,18,false)
(28,18,false)
(29,18,false)
(31,18,false)
(37,18,false)
(47,18,true)
(51,18,false)
(57,18,false)
(58,18,true)
(60,18,true)
(62,18,true)
(64,18,true)
(69,18,true)
(72,18,true)
(73,18,true)
(74,18,true)
(75,18,true)
(77,18,true)
(78,18,true)
(79,18,true)
(87,18,true)
(89,18,true)
(94,18,true)
(96,18,true)
(98,18,true)
(99,18,true)
(6,19,false)
(12,19,false)
(20,19,false)
(21,19,false)
(22,19,false)
(25,19,false)
(26,19,false)
(27,19,false)
(31,19,false)
(32,19,false)
(33,19,false)
(34,19,false)
(41,19,true)
(43,19,true)
(45,19,true)
(49,19,true)
(50,19,false)
(51,19,true)
(52,19,true)
(53,19,true)
(56,19,true)
(61,19,true)
(69,19,true)
(71,19,true)
(72,19,true)
(74,19,true)
(82,19,true)
(83,19,false)
(89,19,true)
(90,19,true)
(91,19,true)
(93,19,true)
(2,20,false)
(3,20,false)
(4,20,false)
(13,20,false)
(20,20,false)
(29,20,false)
(30,20,true)
(31,20,false)
(34,20,false)
(39,20,false)
(43,20,true)
(45,20,true)
(46,20,true)
(47,20,true)
(48,20,true)
(60,20,true)
(62,20,true)
(63,20,true)
(65,20,true)
(71,20,true)
(75,20,true)
(76,20,false)
(85,20,true)
(86,20,true)
(91,20,true)
(93,20,true)
(94,20,true)
(9,21,false)
(21,21,false)
(23,21,false)
(24,21,false)
(26,21,false)
(28,21,false)
(29,21,false)
(34,21,false)
(41,21,true)
(50,21,true)
(52,21,true)
(55,21,true)
(59,21,true)
(63,21,false)
(67,21,true)
(68,21,false)
(71,21,false)
(72,21,true)
(79,21,true)
(83,21,true)
(84,21,true)
(87,21,true)
(88,21,true)
(89,21,true)
(94,21,true)
(95,21,true)
(97,21,true)
(98,21,true)
(99,21,true)
(1,22,false)
(2,22,false)
(5,22,false)
(7,22,false)
(10,22,true)
(24,22,false)
(27,22,false)
(28,22,false)
(30,22,false)
(36,22,false)
(39,22,false)
(41,22,true)
(42,22,true)
(44,22,true)
(47,22,true)
(53,22,true)
(60,22,true)
(69,22,true)
(70,22,true)
(71,22,true)
(77,22,true)
(81,22,true)
(82,22,true)
(83,22,true)
(84,22,false)
(89,22,true)
(90,22,true)
(93,22,true)
(98,22,true)
(4,23,false)
(5,23,false)
(6,23,false)
(16,23,false)
(17,23,false)
(21,23,false)
(22,23,false)
(24,23,false)
(30,23,false)
(31,23,false)
(33,23,false)
(37,23,false)
(53,23,true)
(60,23,true)
(65,23,true)
(71,23,true)
(74,23,true)
(76,23,true)
(79,23,true)
(81,23,true)
(83,23,true)
(84,23,false)
(86,23,true)
(91,23,true)
(92,23,false)
(95,23,true)
(96,23,true)
(98,23,true)
(0,24,false)
(1,24,false)
(3,24,false)
(4,24,false)
(5,24,false)
(6,24,false)
(12,24,false)
(13,24,false)
(16,24,false)
(20,24,false)
(21,24,false)
(22,24,false)
(24,24,false)
(30,24,false)
(31,24,false)
(32,24,false)
(35,24,false)
(40,24,true)
(45,24,true)
(55,24,true)
(58,24,true)
(61,24,true)
(64,24,true)
(68,24,true)
(70,24,true)
(79,24,true)
(83,24,true)
(84,24,true)
(88,24,true)
(94,24,true)
(96,24,true)
(99,24,true)
(1,25,false)
(8,25,false)
(9,25,false)
(10,25,false)
(11,25,true)
(33,25,false)
(35,25,false)
(36,25,false)
(43,25,true)
(44,25,true)
(57,25,true)
(60,25,true)
(61,25,true)
(70,25,true)
(71,25,true)
(86,25,true)
(87,25,true)
(88,25,true)
(93,25,true)
(0,26,true)
(9,26,false)
(11,26,false)
(14,26,false)
(16,26,false)
(18,26,false)
(26,26,false)
(27,26,false)
(28,26,false)
(31,26,false)
(34,26,false)
(35,26,false)
(42,26,true)
(47,26,true)
(48,26,false)
(51,26,true)
(60,26,true)
(64,26,true)
(67,26,true)
(77,26,true)
(78,26,true)
(82,26,true)
(85,26,true)
(95,26,true)
(98,26,true)
(9,27,false)
(14,27,false)
(18,27,false)
(19,27,false)
(22,27,false)
(23,27,false)
(26,27,false)
(27,27,false)
(29,27,false)
(30,27,false)
(34,27,false)
(40,27,true)
(42,27,true)
(43,27,true)
(44,27,true)
(45,27,true)
(47,27,true)
(50,27,true)
(57,27,true)
(66,27,true)
(68,27,false)
(70,27,true)
(79,27,true)
(80,27,true)
(81,27,true)
(82,27,true)
(89,27,true)
(92,27,true)
(93,27,true)
(5,28,false)
(12,28,false)
(19,28,false)
(25,28,false)
(26,28,false)
(27,28,true)
(29,28,false)
(31,28,false)
(33,28,false)
(35,28,false)
(37,28,false)
(38,28,false)
(39,28,false)
(46,28,true)
(48,28,true)
(49,28,true)
(55,28,true)
(60,28,true)
(62,28,true)
(67,28,true)
(68,28,true)
(72,28,true)
(73,28,true)
(74,28,true)
(86,28,false)
(87,28,true)
(89,28,true)
(95,28,true)
(97,28,true)
(7,29,false)
(11,29,false)
(13,29,false)
(14,29,false)
(25,29,false)
(26,29,false)
(27,29,false)
(32,29,false)
(34,29,false)
(41,29,true)
(53,29,true)
(55,29,true)
(58,29,true)
(62,29,true)
(63,29,true)
(64,29,true)
(66,29,true)
(70,29,true)
(71,29,true)
(80,29,true)
(84,29,true)
(90,29,true)
(95,29,true)
(4,30,false)
(5,30,false)
(13,30,false)
(14,30,false)
(15,30,false)
(17,30,false)
(19,30,false)
(20,30,true)
(22,30,false)
(23,30,false)
(26,30,false)
(27,30,false)
(28,30,false)
(29,30,false)
(37,30,false)
(42,30,true)
(46,30,true)
(51,30,true)
(57,30,true)
(58,30,true)
(62,30,true)
(63,30,true)
(66,30,true)
(67,30,true)
(72,30,true)
(82,30,true)
(90,30,true)
(92,30,true)
(93,30,true)
(94,30,false)
(0,31,false)
(2,31,false)
(4,31,false)
(8,31,false)
(9,31,false)
(10,31,false)
(11,31,false)
(14,31,false)
(15,31,false)
(22,31,false)
(25,31,false)
(27,31,false)
(31,31,false)
(37,31,true)
(39,31,false)
(49,31,true)
(50,31,true)
(52,31,true)
(57,31,true)
(61,31,true)
(63,31,true)
(67,31,true)
(69,31,true)
(71,31,true)
(76,31,true)
(78,31,false)
(79,31,true)
(81,31,true)
(83,31,true)
(90,31,true)
(2,32,false)
(4,32,false)
(5,32,false)
(7,32,false)
(13,32,false)
(17,32,false)
(21,32,false)
(31,32,true)
(35,32,false)
(37,32,false)
(43,32,true)
(45,32,true)
(46,32,true)
(50,32,true)
(62,32,true)
(63,32,true)
(66,32,false)
(67,32,true)
(69,32,true)
(71,32,true)
(76,32,true)
(78,32,true)
(79,32,true)
(83,32,true)
(95,32,true)
(99,32,true)
(3,33,true)
(11,33,false)
(18,33,false)
(28,33,false)
(32,33,false)
(35,33,false)
(39,33,false)
(40,33,true)
(41,33,true)
(43,33,true)
(44,33,true)
(50,33,true)
(55,33,false)
(56,33,true)
(59,33,true)
(62,33,true)
(66,33,true)
(72,33,true)
(73,33,true)
(76,33,true)
(85,33,true)
(94,33,true)
(8,34,false)
(23,34,false)
(33,34,false)
(42,34,true)
(45,34,true)
(48,34,true)
(54,34,true)
(55,34,true)
(58,34,true)
(59,34,true)
(60,34,true)
(63,34,true)
(70,34,true)
(73,34,true)
(76,34,true)
(78,34,true)
(79,34,true)
(84,34,false)
(90,34,true)
(93,34,true)
(3,35,false)
(8,35,false)
(11,35,false)
(15,35,false)
(16,35,false)
(17,35,false)
(21,35,false)
(26,35,false)
(29,35,true)
(33,35,false)
(37,35,false)
(39,35,false)
(40,35,true)
(43,35,true)
(50,35,true)
(52,35,true)
(60,35,true)
(70,35,true)
(72,35,true)
(81,35,true)
(85,35,true)
(96,35,true)
(1,36,false)
(3,36,false)
(4,36,false)
(12,36,false)
(17,36,false)
(33,36,false)
(36,36,false)
(37,36,false)
(42,36,true)
(45,36,true)
(49,36,true)
(52,36,true)
(56,36,false)
(58,36,true)
(60,36,true)
(63,36,true)
(64,36,true)
(66,36,true)
(68,36,true)
(78,36,true)
(81,36,true)
(84,36,true)
(88,36,true)
(89,36,true)
(97,36,true)
(12,37,false)
(17,37,false)
(21,37,false)
(22,37,false)
(28,37,false)
(35,37,false)
(39,37,false)
(41,37,true)
(49,37,true)
(52,37,true)
(55,37,true)
(57,37,true)
(58,37,true)
(61,37,true)
(72,37,true)
(74,37,true)
(77,37,true)
(78,37,true)
(98,37,true)
(0,38,false)
(7,38,false)
(9,38,false)
(10,38,false)
(15,38,false)
(21,38,false)
(27,38,false)
(28,38,false)
(30,38,false)
(34,38,false)
(37,38,false)
(40,38,true)
(50,38,true)
(54,38,true)
(56,38,true)
(65,38,true)
(67,38,true)
(70,38,true)
(75,38,true)
(79,38,true)
(80,38,true)
(87,38,true)
(89,38,true)
(92,38,true)
(93,38,true)
(97,38,true)
(98,38,true)
(3,39,false)
(10,39,false)
(12,39,false)
(13,39,true)
(21,39,false)
(29,39,false)
(34,39,false)
(38,39,false)
(41,39,true)
(42,39,true)
(44,39,true)
(55,39,true)
(56,39,true)
(57,39,true)
(60,39,true)
(88,39,true)
(89,39,true)
(92,39,false)
(93,39,true)
(95,39,true)
(1,40,false)
(2,40,false)
(3,40,false)
(6,40,false)
(7,40,false)
(8,40,false)
(16,40,false)
(17,40,false)
(22,40,false)
(30,40,false)
(31,40,false)
(46,40,true)
(47,40,true)
(49,40,true)
(55,40,false)
(59,40,true)
(60,40,true)
(61,40,true)
(64,40,true)
(66,40,true)
(67,40,true)
(69,40,true)
(70,40,true)
(81,40,false)
(83,40,true)
(84,40,true)
(85,40,true)
(86,40,true)
(98,40,false)
(4,41,false)
(8,41,false)
(9,41,false)
(12,41,false)
(22,41,false)
(24,41,false)
(28,41,false)
(29,41,false)
(33,41,true)
(35,41,false)
(41,41,true)
(43,41,true)
(51,41,true)
(52,41,true)
(56,41,true)
(71,41,true)
(74,41,true)
(79,41,true)
(83,41,true)
(84,41,true)
(89,41,true)
(92,41,true)
(98,41,true)
(99,41,true)
(9,42,false)
(10,42,false)
(18,42,false)
(23,42,false)
(25,42,false)
(36,42,false)
(41,42,true)
(45,42,true)
(49,42,true)
(51,42,true)
(56,42,true)
(63,42,true)
(67,42,true)
(72,42,true)
(79,42,true)
(82,42,true)
(87,42,true)
(90,42,true)
(95,42,true)
(5,43,false)
(10,43,false)
(12,43,false)
(13,43,false)
(18,43,false)
(23,43,false)
(30,43,false)
(39,43,false)
(41,43,true)
(43,43,true)
(47,43,true)
(52,43,true)
(66,43,true)
(68,43,true)
(71,43,true)
(81,43,false)
(93,43,true)
(94,43,true)
(2,44,false)
(3,44,false)
(6,44,false)
(12,44,false)
(16,44,false)
(17,44,false)
(20,44,false)
(23,44,true)
(26,44,false)
(27,44,false)
(28,44,false)
(30,44,false)
(47,44,true)
(59,44,true)
(64,44,true)
(66,44,true)
(67,44,true)
(68,44,true)
(69,44,true)
(72,44,true)
(81,44,true)
(83,44,true)
(85,44,true)
(91,44,false)
(92,44,true)
(3,45,false)
(9,45,false)
(12,45,false)
(13,45,false)
(17,45,false)
(23,45,false)
(24,45,false)
(31,45,false)
(37,45,false)
(38,45,false)
(40,45,true)
(41,45,true)
(56,45,true)
(57,45,true)
(59,45,true)
(60,45,true)
(65,45,true)
(66,45,true)
(67,45,true)
(71,45,true)
(74,45,true)
(92,45,true)
(95,45,true)
(97,45,true)
(4,46,false)
(10,46,false)
(17,46,false)
(29,46,false)
(30,46,false)
(31,46,false)
(46,46,true)
(47,46,true)
(52,46,true)
(59,46,true)
(60,46,true)
(63,46,true)
(65,46,true)
(73,46,true)
(77,46,true)
(79,46,true)
(84,46,true)
(90,46,true)
(94,46,true)
(95,46,true)
(96,46,true)
(5,47,true)
(10,47,false)
(13,47,false)
(17,47,false)
(25,47,false)
(26,47,false)
(28,47,false)
(30,47,false)
(33,47,false)
(35,47,false)
(41,47,true)
(49,47,true)
(51,47,true)
(55,47,true)
(72,47,true)
(94,47,true)

(43,16)
(36,20)
(76,30)
(66,4)
(76,40)
(28,25)
(73,35)
(64,46)
(73,17)
(76,42)
(97,33)
(90,43)
(25,20)
(66,12)
(0,11)
(3,34)
(17,9)
(34,32)
(37,5)
(79,1)
(77,39)
(5,37)
(67,11)
(91,21)
(39,41)
(61,2)
(14,15)
(74,3)
(78,4)
(98,11)
(58,23)
(30,13)
(92,40)
(75,43)
(2,6)
(14,19)
(90,1)
(6,41)
(43,14)
(61,8)
(66,3)
(93,0)
(35,38)
(21,6)
(18,41)
(91,31)
(61,22)
(70,41)
(82,4)
(96,42)
(84,39)
(95,31)
(4,8)
(69,29)
(5,17)
(65,34)
(32,39)
(84,11)
(86,29)
(4,44)
(84,3)
(50,2)
(51,2)
(8,39)
(60,29)
(49,17)
(72,27)
(11,0)
(90,41)
(60,15)
(79,20)
(88,27)
(37,8)
(20,14)
(21,29)
(24,36)
(16,47)
(76,4)
(20,0)
(86,30)
(62,7)
(36,2)
(35,40)
(29,42)
(80,20)
(51,46)
(35,20)
(78,38)
(66,24)
(88,26)
(15,40)
(85,9)
(13,41)
(56,21)
(80,24)
(52,8)
(92,17)
(52,13)
(81,42)
(73,6)
(95,8)
(92,28)
(90,13)
(81,26)
(14,23)
(4,10)
(36,10)
(20,27)
(76,15)
(86,10)
(51,27)
(48,30)
(90,40)
(1,46)
(69,45)
(49,16)
(23,3)
(73,25)
(67,6)
(60,47)
(99,28)
(89,0)
(90,10)
(83,47)
(76,7)
(31,22)
(78,24)
(74,21)
(91,13)
(53,40)
(6,17)
(38,41)
(46,7)
(45,23)
(70,45)
(29,3)
(16,27)
(12,9)
(16,18)
(20,36)
(74,38)
(8,28)
(8,36)
(92,43)
(2,35)
(36,41)
(75,4)
(15,17)
(27,46)
(12,10)
(51,22)
(29,45)
(63,38)
(82,47)
(85,32)
(3,9)
(92,15)
(41,11)
(80,14)
(31,1)
(98,42)
(80,17)
(56,23)
(54,27)
(32,0)
(43,45)
(49,21)
(37,39)
(59,30)
(75,30)
(35,46)
(29,38)
(7,6)
(93,11)
(22,14)
(70,31)
(71,30)
(13,17)
(97,29)
(91,0)
(90,28)
(59,36)
(89,37)
(72,24)
(73,27)
(5,34)
(8,46)
(79,33)
(62,47)
(23,0)
(63,9)
(71,39)
(73,21)
(22,11)
(16,3)
(61,7)
(59,41)
(65,39)
(93,6)
(14,44)
(36,46)
(5,7)
(27,23)
(32,15)
(30,15)
(82,36)
(62,21)
(55,14)
(63,19)
(39,14)
(41,15)
(7,25)
(93,40)
(63,23)
(19,25)
(73,40)
(5,12)
(80,26)
(27,40)
(35,14)
(99,13)
(89,3)
(11,9)
(47,0)
(81,6)
(35,44)
(50,18)
(76,43)
(52,34)
(64,20)
(60,33)
(59,35)
(56,44)
(29,11)
(29,7)
(24,37)
(12,13)
(44,42)
(75,27)
(89,46)
(4,1)
(7,31)
(73,32)
(3,21)
(3,22)
(0,33)
(21,14)
(88,8)
(83,5)
(34,36)
(86,13)
(98,24)
(27,24)
(40,26)
(28,29)
(32,37)
(13,31)
(69,47)
(26,9)
(77,23)
(83,26)
(42,44)
(30,36)
(26,2)
(49,38)
(39,19)
(84,16)
(17,27)
(57,24)
(61,35)
(21,0)
(2,26)
(11,27)
(2,24)
(65,22)
(42,6)
(5,41)
(15,42)
(49,2)
(45,8)
(44,32)
(58,27)
(80,33)
(8,23)
(85,30)
(26,32)
(19,6)
(75,46)
(6,1)
(66,15)
(94,29)
(31,47)
(38,32)
(63,45)
(78,9)
(9,36)
(24,33)
(6,22)
(89,29)
(30,25)
(3,19)
(5,9)
(78,47)
(53,31)
(55,38)
(88,16)
(50,29)
(79,30)
(35,45)
(22,28)
(16,46)
(9,20)
(18,36)
(89,44)
(96,31)
(76,26)
(79,16)
(98,9)
(25,40)
(68,47)
(86,31)
(90,14)
(88,22)
(71,27)
(95,41)
(42,23)
(39,17)
(73,37)
(34,35)
(82,13)
(30,31)
(55,17)
(41,35)
(42,10)
(48,37)
(25,44)
(56,25)
(80,45)
(78,41)
(98,8)
(2,27)
(52,29)
(55,4)
(53,39)
(97,32)
(80,22)
(43,29)
(78,39)
(6,21)
(60,16)
(19,15)
(51,6)
(72,22)
(36,13)
(44,40)
(31,6)
(39,18)
(85,4)
(72,4)
(71,36)
(57,4)
(74,16)
(15,32)
(76,6)
(10,10)
(58,13)
(25,12)
(45,16)
(56,14)
(27,14)
(9,47)
(22,43)
(62,42)
(13,19)
(46,42)
(15,23)
(16,30)
(76,38)
(86,42)
(11,21)
(99,17)
(49,3)
(44,45)
(52,18)
(7,9)
(50,12)
(64,43)
(20,45)
(64,9)
(59,29)
(0,41)
(97,15)
(84,1)
(89,20)
(17,43)
(4,22)
(31,4)
(64,8)
(77,28)
(65,30)
(99,8)
(5,6)
(75,23)
(9,9)
(28,17)
(63,7)
(51,29)
(90,35)
(97,9)
(77,41)
(23,38)
(37,25)
(98,31)
(15,9)
(74,20)
(25,5)
(77,2)
(66,41)
(94,40)
(62,6)
(49,23)
(87,1)
(33,1)
(4,27)
(81,13)
(79,19)
(55,18)
(79,4)
(40,4)
(28,0)
(33,46)
(98,16)
(52,38)
(85,34)
(10,6)
(22,25)
(87,0)
(70,39)
(32,16)
(49,34)
(34,15)
(28,24)
(10,1)
(79,17)
(6,5)
(75,29)
(89,26)
(89,4)
(30,14)
(67,20)
(78,28)
(1,28)
(44,13)
(12,47)
(25,16)
(52,45)
(60,5)
(25,26)
(0,29)
(13,28)
(55,44)
(65,7)
(60,3)
(80,8)
(88,34)
(60,13)
(17,25)
(69,26)
(2,23)
(57,46)
(1,45)
(67,47)
(85,39)
(29,44)
(67,29)
(74,33)
(93,5)
(96,34)
(41,36)
(84,47)
(17,1)
(73,47)
(78,19)
(15,10)
(65,15)
(78,10)
(93,28)
(41,26)
(56,32)
(42,16)
(11,42)
(6,28)
(71,11)
(94,37)
(15,16)
(11,28)
(23,12)
(29,10)
(29,29)
(15,29)
(23,40)
(37,4)
(21,28)
(16,0)
(58,22)
(30,21)
(17,34)
(59,19)
(90,44)
(33,18)
(96,30)
(13,36)
(69,7)
(88,29)
(11,11)
(76,12)
(56,26)
(8,10)
(95,18)
(9,4)
(20,26)
(43,9)
(67,9)
(92,16)
(55,3)
(87,6)
(66,23)
(59,32)
(76,22)
(94,4)
(2,42)
(95,10)
(39,45)
(56,9)
(14,11)
(75,28)
(27,16)
(45,7)
(67,14)
(40,25)
(73,14)
(7,2)
(69,41)
(21,20)
(91,32)
(48,24)
(34,14)
(56,34)
(33,45)
(77,21)
(31,14)
(25,17)
(29,19)
(62,44)
(79,13)
(58,14)
(3,28)
(55,27)
(94,6)
(41,2)
(39,26)
(84,35)
(26,46)
(48,27)
(54,39)
(10,37)
(78,25)
(36,16)
(16,33)
(91,45)
(53,10)
(14,4)
(85,47)
(58,9)
(73,16)
(39,4)
(66,47)
(33,39)
(27,47)
(39,21)
(61,12)
(0,46)
(94,11)
(34,11)
(89,24)
(67,33)
(11,8)
(58,38)
(63,6)
(99,2)
(42,11)
(29,43)
(17,0)
(78,6)
(68,12)
(75,10)
(39,29)
(21,25)
(43,21)
(19,24)
(19,8)
(50,42)
(23,5)
(28,34)
(80,47)
(59,37)
(90,8)
(69,23)
(71,5)
(70,18)
(19,1)
(25,24)
(22,20)
(85,36)
(92,21)
(26,41)
(99,27)
(94,36)
(83,17)
(69,12)
(42,45)
(8,44)
(71,26)
(64,33)
(15,12)
(37,20)
(72,39)
(79,2)
(23,19)
(56,7)
(47,32)
(34,8)
(82,12)
(18,10)
(23,16)
(56,47)
(4,35)
(48,22)
(63,0)
(8,22)
(21,42)
(29,0)
(52,27)
(86,17)
(57,10)
(38,12)
(24,38)
(31,21)
(24,17)
(3,4)
(79,36)
(69,42)
(43,42)
(21,12)
(45,33)
(0,4)
(55,19)
(34,13)
(25,18)
(64,23)
(37,42)
(3,47)
(23,2)
(10,12)
(77,45)
(29,47)
(54,25)
(50,41)
(26,6)
(89,2)
(54,8)
(79,14)
(68,37)
(85,23)
(98,15)
(22,45)
(91,35)
(35,5)
(88,0)
(83,38)
(83,7)
(10,44)
(17,39)
(96,7)
(70,26)
(10,29)
(49,0)
(23,31)
(51,24)
(31,13)
(67,0)
(5,18)
(44,35)
(1,13)
(70,28)
(53,27)
(89,11)
(2,3)
(74,9)
(25,10)
(45,0)
(89,33)
(17,29)
(31,10)
(92,42)
(48,5)
(92,31)
(84,27)
(36,38)
(82,44)
(11,24)
(14,25)
(15,47)
(60,10)
(51,31)
(46,24)
(6,26)
(95,38)
(96,8)
(12,8)
(21,8)
(85,24)
(83,8)
(0,10)
(31,2)
(89,45)
(31,38)
(92,36)
(74,15)
(39,40)
(8,11)
(29,24)
(78,16)
(92,7)
(12,5)
(55,45)
(19,44)
(29,26)
(50,22)
(73,19)
(81,30)
(71,42)
(19,31)
(57,17)
(46,31)
(59,28)
(82,46)
(31,11)
(50,6)
(72,11)
(86,44)
(50,37)
(63,12)
(86,15)
(76,19)
(21,17)
(76,18)
(74,11)
(35,36)
(82,15)
(15,25)
(19,14)
(4,0)
(32,11)
(90,33)
(81,39)
(87,2)
(82,32)
(69,30)
(0,25)
(44,19)
(3,14)
(2,46)
(90,3)
(56,5)
(54,10)
(88,13)
(53,26)
(42,32)
(62,22)
(18,12)
(62,2)
(92,5)
(52,44)
(39,6)
(27,37)
(79,3)
(62,13)
(57,22)
(40,40)
(59,42)
(68,3)
(43,46)
(55,9)
(1,2)
(23,9)
(50,8)
(10,23)
(69,21)
(23,36)
(82,39)
(98,20)
(64,16)
(82,2)
(89,34)
(42,13)
(3,23)
(75,14)
(73,29)
(61,16)
(25,9)
(61,4)
(72,36)
(1,20)
(68,5)
(93,4)
(12,22)
(70,23)
(32,20)
(29,9)
(52,25)
(32,5)
(75,3)
(46,5)
(69,34)
(71,33)
(29,40)
(7,13)
(27,2)
(91,42)
(34,7)
(60,31)
(24,46)
(6,38)
(10,14)
(19,23)
(99,43)
(33,33)
(1,27)
(29,22)
(97,27)
(32,9)
(51,3)
(34,45)
(83,39)
(26,37)
(52,9)
(66,25)
(27,13)
(84,19)
(19,17)
(14,47)
(95,13)
(77,7)
(47,37)
(32,47)
(16,38)
(94,28)
(35,35)
(66,18)
(42,19)
(19,18)
(56,6)
(18,34)
(97,3)
(17,17)
(73,7)
(76,41)
(15,2)
(58,1)
(38,44)
(27,7)
(82,17)
(52,40)
(22,34)
(45,43)
(98,17)
(77,47)
(12,0)
(7,28)
(26,1)
(23,17)
(59,43)
(1,16)
(50,3)
(71,10)
(21,15)
(80,42)
(86,22)
(24,15)
(95,27)
(62,37)
(90,47)
(51,15)
(62,26)
(85,43)
(77,13)
(83,16)
(71,40)
(12,14)
(55,46)
(76,44)
(13,37)
(87,31)
(68,2)
(0,32)
(27,3)
(33,29)
(52,32)
(30,6)
(42,25)
(76,8)
(85,46)
(38,11)
(88,11)
(25,43)
(36,35)
(64,21)
(46,37)
(46,10)
(80,6)
(60,43)
(96,27)
(34,37)
(77,44)
(43,26)
(3,43)
(99,44)
(43,6)
(17,7)
(3,25)
(96,1)
(0,15)
(88,31)
(33,5)
(9,39)
(46,41)
(12,25)
(49,26)
(13,21)
(22,1)
(10,40)
(97,41)
(47,5)
(52,15)
(98,32)
(81,47)
(8,32)
(12,46)
(62,38)
(55,32)
(61,3)
(81,0)
(60,9)
(74,25)
(32,10)
(95,24)
(7,23)
(4,11)
(21,46)
(30,32)
(59,27)
(19,13)
(90,11)
(36,37)
(18,16)
(10,19)
(9,24)
(31,43)
(89,17)
(69,36)
(20,4)
(69,28)
(27,20)
(37,19)
(42,14)
(32,18)
(63,39)
(0,35)
(32,22)
(93,45)
(91,9)
(93,36)
(99,29)
(72,9)
(87,22)
(82,10)
(79,15)
(76,46)
(53,21)
(96,9)
(4,39)
(42,37)
(16,11)
(3,5)
(97,31)
(61,39)
(57,8)
(25,13)
(98,30)
(70,6)
(3,11)
(56,18)
(87,47)
(97,24)
(71,34)
(80,46)
(20,11)
(43,4)
(53,33)
(59,10)
(53,32)
(71,9)
(67,22)
(95,47)
(10,17)
(82,20)
(34,30)
(4,18)
(23,37)
(35,10)
(2,16)
(0,27)
(62,34)
(76,24)
(48,25)
(98,36)
(68,40)
(51,25)
(81,25)
(82,40)
(80,13)
(47,28)
(40,34)
(40,42)
(68,11)
(49,11)
(96,33)
(62,23)
(24,31)
(42,31)
(6,43)
(77,32)
(93,17)
(49,33)
(83,45)
(64,32)
(95,30)
(67,18)
(86,35)
(25,41)
(81,4)
(91,14)
(86,36)
(42,35)
(10,13)
(56,16)
(55,31)
(60,32)
(96,47)
(66,28)
(62,41)
(82,24)
(71,18)
(69,24)
(18,32)
(81,37)
(76,5)
(44,28)
(79,35)
(32,38)
(0,22)
(67,39)
(71,17)
(57,34)
(67,16)
(45,22)
(5,40)
(98,39)
(68,25)
(68,16)
(37,27)
(59,15)
(16,42)
(25,38)
(67,24)
(87,8)
(9,44)
(46,38)
(25,22)
(46,43)
(52,7)
(83,28)
(50,30)
(37,22)
(49,20)
(2,43)
(42,20)
(7,43)
(96,16)
(11,43)
(59,8)
(67,19)
(68,41)
(83,42)
(37,29)
(16,20)
(52,33)
(95,37)
(31,42)
(67,23)
(70,17)
(8,9)
(0,28)
(86,4)
(80,11)
(4,26)
(15,37)
(90,24)
(74,17)
(74,32)
(94,22)
(28,40)
(60,30)
(67,35)
(14,37)
(18,25)
(82,37)
(71,15)
(34,22)
(26,42)
(86,34)
(98,47)
(99,31)
(6,18)
(60,7)
(87,36)
(78,2)
(81,41)
(75,2)
(62,31)
(23,35)
(57,38)
(37,43)
(58,10)
(94,38)
(47,25)
(13,9)
(44,18)
(45,47)
(88,32)
(30,45)
(74,7)
(24,1)
(9,40)
(13,15)
(11,15)
(97,34)
(28,2)
(62,46)
(31,12)
(38,14)
(38,0)
(73,22)
(55,25)
(69,15)
(47,29)
(49,39)
(96,29)
(86,24)
(51,21)
(28,6)
(25,3)
(7,42)
(36,28)
(82,3)
(83,13)
(6,14)
(16,32)
(90,4)
(54,18)
(73,43)
(79,12)
(50,45)
(92,29)
(8,47)
(40,22)
(57,47)
(84,13)
(47,42)
(59,39)
(13,4)
(52,16)
(61,26)
(39,23)
(7,26)
(75,34)
(51,43)
(33,42)
(72,34)
(62,36)
(43,18)
(98,25)
(87,33)
(84,25)
(57,2)
(43,24)
(85,41)
(56,43)
(47,9)
(94,27)
(42,43)
(82,41)
(74,5)
(30,26)
(77,25)
(87,37)
(82,9)
(21,41)
(10,34)
(56,31)
(55,23)
(17,15)
(85,2)
(53,13)
(82,21)
(46,22)
(32,40)
(65,10)
(65,3)
(55,10)
(24,27)
(7,12)
(62,45)
(8,7)
(75,11)
(6,15)
(44,30)
(27,11)
(10,41)
(3,32)
(7,44)
(86,46)
(92,26)
(5,4)
(74,43)
(19,42)
(22,26)
(16,45)
(15,3)
(10,33)
(13,42)
(89,43)
(60,11)
(1,43)
(69,9)
(33,8)
(46,13)
(51,23)
(73,31)
(68,6)
(41,8)
(83,6)
(96,22)
(77,0)
(17,41)
(97,40)
(10,28)
(12,3)
(67,15)
(12,38)
(42,28)
(35,17)
(57,41)
(58,21)
(79,9)
(10,36)
(47,16)
(45,12)
(97,30)
(63,18)
(90,6)
(42,2)
(25,11)
(35,16)
(68,20)
(70,10)
(88,9)
(12,7)
(60,24)
(39,24)
(81,12)
(12,35)
(39,9)
(13,7)
(25,39)
(45,25)
(10,20)
(34,42)
(9,8)
(73,36)
(11,23)
(95,2)
(52,20)
(94,14)
(41,13)
(55,41)
(69,8)
(59,22)
(65,42)
(27,33)
(75,45)
(65,29)
(85,25)
(50,36)
(78,11)
(88,5)
(86,16)
(67,4)
(16,13)
(4,16)
(7,3)
(7,27)
(32,45)
(4,33)
(42,41)
(69,46)
(99,23)
(88,42)
(96,43)
(43,17)
(61,23)
(6,37)
(16,6)
(68,13)
(79,26)
(71,14)
(91,8)
(75,6)
(4,25)
(62,40)
(63,26)
(35,31)
(99,30)
(86,45)
(60,42)
(47,36)
(20,38)
(81,29)
(13,25)
(64,22)
(63,11)
(11,40)
(95,14)
(74,47)
(64,38)
(52,24)
(64,28)
(18,40)
(52,39)
(20,39)
(64,37)
(16,34)
(93,24)
(20,2)
(60,44)
(74,44)
(49,29)
(77,36)
(30,30)
(28,10)
(70,37)
(27,45)
(38,5)
(4,40)
(14,14)
(13,8)
(32,14)
(36,6)
(9,12)
(61,29)
(54,45)
(76,2)
(0,17)
(51,20)
(24,39)
(67,37)
(21,7)
(56,10)
(97,23)
(15,11)
(24,4)
(11,30)
(41,10)
(92,46)
(11,3)
(40,44)
(44,47)
(31,39)
(97,1)
(45,39)
(75,21)
(56,24)
(72,26)
(91,46)
(82,45)
(39,25)
(80,36)
(14,7)
(18,20)
(81,1)
(29,14)
(33,15)
(32,41)
(34,10)
(1,11)
(36,47)
(95,36)
(8,17)
(75,15)
(57,13)
(69,37)
(6,11)
(42,29)
(50,46)
(23,7)
(10,15)
(47,4)
(45,18)
(0,42)
(25,30)
(71,28)
(78,22)
(90,7)
(93,33)
(12,26)
(17,31)
(53,38)
(47,10)
(14,33)
(67,25)
(22,35)
(20,31)
(9,28)
(99,9)
(47,39)
(81,21)
(0,14)
(40,47)
(8,5)
(82,18)
(73,39)
(25,2)
(67,46)
(26,15)
(47,21)
(78,29)
(36,24)
(66,19)
(79,45)
(89,12)
(64,7)
(82,5)
(96,21)
(43,22)
(20,35)
(23,6)
(89,47)
(15,33)
(80,34)
(73,44)
(89,10)
(51,35)
(12,42)
(86,47)
(69,43)
(11,20)
(81,19)
(79,8)
(67,10)
(68,32)
(2,2)
(63,28)
(53,24)
(6,46)
(92,13)
(6,4)
(87,11)
(14,41)
(90,38)
(1,18)
(31,25)
(7,16)
(42,33)
(91,26)
(2,39)
(64,25)
(30,19)
(1,7)
(19,35)
(15,26)
(47,14)
(6,12)
(64,2)
(50,20)
(54,44)
(85,8)
(66,10)
(18,21)
(71,37)
(8,29)
(89,23)
(80,4)
(32,43)
(9,37)
(6,16)
(78,15)
(57,23)
(67,27)
(39,32)
(82,31)
(30,34)
(77,11)
(57,42)
(74,42)
(73,30)
(14,10)
(29,4)
(76,25)
(85,5)
(74,13)
(4,17)
(19,19)
(88,23)
(34,31)
(90,15)
(28,4)
(55,6)
(64,11)
(65,4)
(2,37)
(65,5)
(79,10)
(80,43)
(27,21)
(62,16)
(21,45)
(31,37)
(74,22)
(45,26)
(35,29)
(97,42)
(73,15)
(2,8)
(16,36)
(58,45)
(37,47)
(39,13)
(92,10)
(89,40)
(70,20)
(84,30)
(34,24)
(94,35)
(39,39)
(76,21)
(43,15)
(7,15)
(79,7)
(49,41)
(78,8)
(43,44)
(11,39)
(22,17)
(60,4)
(60,38)
(77,8)
(80,30)
(62,15)
(45,31)
(20,43)
(86,26)
(94,45)
(66,7)
(52,26)
(59,11)
(41,30)
(9,32)
(69,25)
(80,25)
(38,46)
(57,5)
(19,33)
(10,18)
(47,2)
(70,15)
(2,38)
(59,20)
(57,36)
(24,34)
(47,8)
(49,22)
(92,25)
(96,45)
(46,16)
(18,6)
(82,38)
(29,37)
(22,6)
(51,37)
(73,24)
(20,37)
(71,35)
(12,33)
(7,20)
(21,27)
(7,24)
(62,14)
(21,22)
(80,39)
(24,2)
(92,18)
(15,7)
(13,44)
(71,24)
(71,47)
(31,34)
(10,32)
(85,29)
(34,17)
(33,37)
(1,35)
(26,43)
(93,13)
(73,2)
(78,21)
(94,7)
(29,34)
(36,40)
(93,14)
(52,17)
(37,14)
(55,35)
(82,35)
(67,8)
(14,28)
(1,19)
(30,2)
(68,1)
(71,38)
(10,24)
(81,32)
(26,33)
(20,21)
(22,42)
(12,27)
(12,21)
(56,35)
(99,15)
(35,11)
(93,35)
(30,35)
(3,27)
(49,32)
(41,24)
(16,10)
(32,36)
(92,19)
(36,17)
(62,27)
(95,43)
(10,30)
(38,38)
(96,6)
(58,47)
(47,41)
(21,31)
(98,46)
(70,9)
(55,42)
(33,24)
(27,8)
(48,16)
(87,7)
(33,40)
(52,5)
(80,5)
(93,29)
(47,12)
(77,20)
(62,43)
(16,22)
(22,18)
(47,19)
(2,13)
(6,45)
(47,35)
(18,23)
(96,41)
(77,42)
(60,37)
(31,44)
(1,14)
(15,22)
(67,41)
(17,20)
(70,5)
(98,5)
(41,18)
(46,44)
(72,43)
(33,9)
(70,43)
(79,39)
(25,36)
(72,12)
(16,43)
(28,42)
(48,38)
(79,5)
(63,35)
(19,39)
(43,23)
(15,46)
(27,43)
(33,44)
(61,5)
(25,4)
(47,33)
(89,16)
(78,44)
(23,39)
(95,20)
(75,31)
(84,26)
(82,11)
(69,3)
(65,12)
(61,43)
(45,14)
(99,39)
(8,16)
(40,41)
(15,39)
(49,44)
(88,40)
(42,46)
(5,16)
(9,23)
(7,41)
(47,34)
(78,23)
(29,25)
(82,34)
(36,30)
(2,25)
(98,13)
(31,30)
(11,6)
(29,32)
(9,22)
(61,9)
(1,33)
(83,43)
(34,40)
(70,44)
(67,34)
(39,42)
(56,2)
(55,20)
(56,11)
(12,20)
(49,15)
(77,9)
(7,19)
(58,31)
(82,25)
(14,24)
(66,13)
(77,16)
(35,12)
(41,32)
(22,16)
(43,39)
(80,23)
(73,26)
(33,38)
(8,19)
(22,38)
(37,37)
(5,14)
(21,34)
(74,24)
(67,43)
(10,21)
(58,5)
(61,36)
(55,5)
(86,41)
(5,42)
(36,9)
(38,7)
(48,15)
(12,29)
(61,27)
(17,42)
(88,20)
(53,36)
(4,47)
(77,34)
(18,11)
(1,21)
(11,38)
(12,23)
(95,33)
(37,34)
(55,43)
(95,44)
(93,1)
(95,19)
(25,46)
(81,15)
(18,9)
(29,31)
(87,32)
(54,1)
(83,14)
(40,39)
(43,0)
(67,36)
(42,24)
(3,6)
(49,8)
(89,31)
(66,9)
(69,38)
(21,30)
(25,34)
(9,15)
(29,36)
(20,13)
(26,17)
(90,27)
(61,14)
(3,31)
(30,33)
(74,46)
(7,37)
(79,25)
(73,41)
(15,34)
(63,44)
(89,25)
(71,44)
(71,46)
(81,20)
(63,22)
(33,20)
(62,11)
(54,30)
(78,43)
(41,34)
(33,21)
(34,16)
(52,22)
(49,7)
(69,16)
(11,37)
(25,7)
(32,34)
(94,13)
(63,8)
(37,11)
(90,26)
(48,8)
(10,26)
(14,22)
(21,26)
(52,23)
(15,24)
(77,38)
(23,32)
(80,28)
(35,30)
(41,40)
(97,43)
(89,42)
(17,33)
(45,35)
(82,28)
(91,27)
(36,44)
(26,45)
(20,9)
(99,35)
(82,29)
(10,45)
(72,6)
(4,42)
(99,37)
(21,44)
(31,36)
(34,23)
(31,35)
(25,8)
(9,29)
(29,23)
(13,35)
(47,31)
(51,13)
(96,26)
(90,17)
(32,7)
(56,28)
(28,32)
(13,13)
(13,33)
(16,25)
(39,27)
(37,41)
(40,28)
(25,27)
(58,26)
(5,44)
(49,18)
(75,25)
(93,23)
(62,35)
(27,10)
(53,37)
(83,25)
(95,25)
(86,37)
(10,27)
(96,38)
(50,15)
(68,8)
(34,2)
(79,40)
(60,21)
(40,46)
(41,46)
(97,25)
(64,45)
(25,15)
(95,34)
(7,33)
(60,41)
(63,37)
(26,12)
(42,17)
(69,35)
(18,24)
(85,22)
(52,47)
(50,40)
(5,19)
(70,11)
(94,9)
(84,45)
(98,43)
(76,29)
(36,15)
(83,30)
(61,28)
(96,10)
(41,4)
(81,24)
(19,21)
(60,19)
(28,27)
(29,33)
(55,13)
(84,7)
(58,35)
(88,35)
(48,18)
(32,30)
(81,18)
(92,34)
(20,47)
(92,20)
(21,40)
(45,38)
(80,32)
(19,36)
(37,44)
(40,18)
(58,40)
(28,46)
(43,30)
(90,12)
(96,36)
(13,26)
(44,41)
(92,14)
(73,12)
(91,29)
(58,2)
(7,45)
(92,11)
(64,19)
(81,34)
(83,29)
(58,39)
(73,23)
(21,36)
(27,17)
(58,42)
(52,30)
(26,24)
(98,7)
(21,33)
(81,33)
(60,27)
(53,25)
(0,18)
(87,27)
(8,21)
(70,30)
(61,38)
(14,6)
(86,27)
(58,41)
(8,26)
(66,46)
(61,32)
(12,16)
(59,25)
(24,8)
(40,20)
(72,31)
(42,38)
(66,26)
(14,12)
(12,4)
(5,26)
(35,8)
(26,36)
(51,32)
(12,30)
(99,19)
(7,7)
(24,25)
(15,18)
(48,45)
(85,19)
(82,43)
(57,33)
(19,16)
(0,8)
(27,34)
(57,29)
(92,37)
(48,19)
(18,37)
(35,27)
(57,43)
(9,43)
(19,12)
(1,23)
(39,38)
(80,40)
(23,29)
(15,28)
(0,23)
(15,27)
(60,17)
(96,15)
(51,5)
(22,29)
(45,37)
(15,36)
(23,22)
(69,20)
(88,41)
(30,42)
(99,14)
(81,46)
(30,18)
(48,46)
(47,15)
(10,35)
(40,11)
(96,19)
(80,21)
(73,45)
(46,1)
(83,33)
(62,39)
(40,6)
(18,31)
(89,13)
(2,36)
(82,33)
(47,38)
(56,27)
(86,8)
(41,27)
(95,40)
(78,42)
(89,32)
(39,16)
(53,6)
(15,19)
(35,34)
(34,33)
(96,37)
(88,15)
(98,29)
(19,20)
(23,47)
(9,34)
(42,40)
(56,3)
(13,27)
(32,25)
(79,29)
(88,46)
(30,28)
(40,30)
(33,17)
(28,36)
(0,43)
(15,45)
(7,10)
(27,36)
(63,13)
(66,6)
(91,6)
(40,19)
(64,39)
(54,36)
(59,47)
(68,46)
(6,32)
(18,13)
(61,44)
(44,15)
(53,8)
(27,12)
(18,15)
(88,3)
(53,47)
(50,4)
(81,45)
(7,46)
(58,4)
(46,35)
(91,7)
(53,35)
(52,14)
(20,29)
(80,35)
(56,30)
(78,30)
(95,35)
(5,38)
(76,3)
(7,30)
(46,19)
(95,22)
(35,18)
(63,15)
(64,35)
(55,30)
(6,35)
(47,47)
(36,29)
(78,40)
(48,7)
(78,33)
(84,28)
(72,20)
(3,12)
(85,18)
(69,33)
(11,19)
(25,37)
(24,16)
(12,32)
(68,18)
(23,10)
(41,7)
(63,24)
(33,16)
(85,10)
(98,44)
(81,38)
(66,37)
(1,32)
(58,32)
(36,18)
(79,37)
(42,47)
(69,39)
(68,35)
(25,33)
(5,29)
(63,27)
(99,47)
(30,16)
(23,26)
(99,38)
(58,25)
(90,39)
(88,30)
(34,43)
(75,41)
(50,23)
(99,20)
(20,7)
(98,14)
(45,44)
(52,42)
(59,4)
(77,24)
(70,12)
(79,28)
(14,18)
(25,35)
(4,21)
(28,45)
(98,45)
(51,14)
(45,21)
(50,14)
(91,40)
(89,35)
(54,14)
(40,15)
(4,28)
(98,34)
(81,28)
(13,38)
(51,39)
(49,43)
(77,19)
(98,28)
(86,43)
(23,25)
(98,19)
(39,46)
(58,44)
(84,33)
(50,11)
(0,30)
(14,20)
(78,14)
(14,38)
(39,44)
(91,15)
(15,20)
(86,32)
(84,18)
(30,8)
(14,9)
(51,36)
(90,37)
(23,46)
(89,30)
(44,46)
(94,41)
(17,14)
(70,46)
(62,24)
(96,39)
(32,21)
(7,36)
(36,5)
(6,25)
(61,18)
(59,13)
(79,47)
(38,19)
(82,23)
(4,34)
(15,15)
(51,40)
(45,46)
(35,22)
(11,44)
(75,13)
(87,3)
(92,32)
(21,43)
(66,34)
(6,30)
(3,42)
(11,47)
(30,39)
(44,21)
(80,44)
(24,7)
(35,43)
(42,7)
(91,43)
(21,47)
(34,18)
(39,34)
(91,24)
(78,45)
(84,31)
(40,23)
(74,30)
(5,20)
(40,31)
(20,3)
(69,11)
(43,36)
(76,36)
(4,38)
(6,20)
(0,21)
(14,39)
(45,41)
(3,37)
(62,19)
(53,43)
(54,29)
(68,42)
(12,34)
(6,34)
(15,44)
(19,46)
(47,24)
(42,18)
(92,47)
(85,45)
(94,34)
(65,44)
(45,45)
(2,21)
(72,13)
(94,16)
(20,41)
(66,14)
(27,35)
(4,14)
(11,12)
(50,47)
(66,31)
(53,46)
(26,39)
(63,40)
(61,20)
(23,23)
(40,9)
(78,1)
(47,23)
(92,33)
(78,20)
(78,35)
(58,43)
(5,15)
(58,20)
(87,20)
(69,27)
(43,34)
(20,25)
(99,26)
(53,15)
(64,27)
(55,36)
(34,25)
(77,31)
(92,24)
(28,20)
(8,12)
(91,11)
(45,28)
(97,13)
(75,47)
(24,20)
(36,4)
(39,36)
(57,21)
(43,40)
(42,21)
(16,37)
(28,3)
(47,30)
(16,28)
(49,1)
(14,32)
(72,3)
(76,16)
(41,14)
(53,28)
(92,6)
(38,23)
(91,41)
(92,22)
(4,45)
(31,27)
(28,35)
(58,46)
(92,35)
(16,19)
(53,11)
(64,42)
(46,26)
(99,22)
(99,36)
(65,18)
(4,19)
(61,33)
(6,7)
(39,47)
(37,21)
(5,27)
(75,40)
(27,39)
(51,17)
(56,40)
(77,35)
(16,29)
(79,43)
(36,31)
(44,16)
(80,18)
(27,32)
(64,34)
(91,36)
(25,45)
(66,35)
(27,25)
(30,37)
(50,26)
(44,24)
(73,38)
(47,45)
(83,3)
(50,13)
(13,18)
(41,38)
(46,45)
(0,20)
(80,19)
(58,28)
(0,40)
(88,28)
(35,13)
(63,41)
(28,39)
(79,44)
(73,42)
(94,42)
(25,32)
(56,46)
(63,33)
(63,47)
(86,19)
(8,24)
(70,7)
(58,7)
(78,27)
(76,17)
(65,17)
(35,23)
(64,41)
(86,33)
(45,40)
(14,21)
(0,7)
(22,22)
(2,4)
(23,28)
(98,27)
(74,34)
(68,34)
(48,10)
(77,30)
(22,15)
(48,31)
(74,39)
(54,12)
(35,15)
(19,41)
(11,32)
(16,41)
(37,13)
(68,31)
(68,39)
(98,33)
(8,43)
(77,43)
(11,14)
(49,35)
(58,12)
(73,20)
(51,16)
(74,27)
(22,46)
(88,45)
(80,31)
(88,18)
(62,25)
(15,41)
(90,23)
(12,40)
(5,25)
(91,3)
(96,12)
(2,18)
(6,33)
(58,0)
(24,19)
(59,18)
(64,31)
(96,20)
(33,26)
(42,42)
(93,41)
(5,33)
(8,15)
(17,6)
(31,41)
(2,12)
(45,9)
(20,34)
(2,29)
(56,29)
(62,10)
(66,38)
(12,31)
(30,29)
(8,27)
(53,17)
(65,11)
(15,21)
(23,20)
(99,42)
(99,40)
(14,46)
(65,31)
(3,29)
(96,32)
(18,45)
(68,19)
(15,43)
(98,35)
(94,32)
(17,10)
(36,45)
(76,28)
(48,35)
(3,38)
(70,33)
(1,34)
(55,26)
(6,36)
(18,14)
(87,19)
(59,31)
(27,42)
(14,45)
(8,20)
(36,43)
(37,26)
(2,45)
(64,47)
(66,39)
(34,12)
(76,37)
(8,37)
(50,44)
(11,36)
(25,21)
(75,12)
(40,37)
(44,26)
(13,5)
(26,23)
(78,46)
(64,17)
(1,10)
(94,44)
(53,20)
(20,10)
(23,15)
(8,30)
(80,41)
(93,16)
(43,37)
(20,33)
(86,39)
(27,41)
(17,3)
(31,33)
(86,38)
(26,14)
(32,46)
(58,33)
(70,21)
(1,6)
(11,46)
(77,40)
(68,4)
(16,31)
(62,17)
(64,15)
(3,7)
(50,28)
(50,39)
(97,46)
(45,30)
(53,30)
(20,17)
(96,25)
(4,43)
(74,31)
(36,26)
(65,27)
(55,22)
(45,29)
(13,6)
(54,31)
(52,28)
(13,40)
(48,6)
(43,11)
(24,43)
(79,22)
(39,30)
(49,4)
(6,9)
(96,14)
(35,21)
(76,47)
(96,11)
(14,43)
(38,16)
(9,17)
(7,34)
(36,19)
(17,21)
(68,14)
(91,10)
(75,33)
(20,12)
(86,12)
(99,45)
(72,45)
(33,22)
(7,21)
(91,18)
(36,12)
(23,33)
(70,19)
(20,23)
(83,15)
(96,28)
(91,30)
(4,37)
(58,19)
(38,17)
(63,43)
(77,29)
(63,25)
(76,27)
(8,42)
(66,22)
(48,47)
(0,5)
(37,12)
(36,34)
(97,37)
(84,5)
(13,12)
(22,44)
(91,47)
(54,47)
(50,0)
(2,10)
(20,46)
(94,23)
(64,30)
(40,21)
(34,34)
(75,19)
(72,14)
(86,21)
(83,9)
(96,44)
(66,20)
(36,21)
(56,20)
(48,33)
(22,39)
(5,35)
(59,24)
(84,32)
(13,3)
(34,28)
(28,31)
(83,27)
(31,17)
(40,32)
(33,30)
(7,47)
(28,7)
(23,24)
(44,29)
(83,36)
(19,47)
(41,9)
(34,41)
(41,3)
(59,17)
(94,31)
(43,28)
(53,12)
(8,33)
(66,17)
(90,25)
(30,41)
(77,5)
(88,12)
(24,44)
(56,12)
(50,25)
(88,6)
(72,29)
(61,41)
(35,19)
(11,18)
(61,21)
(0,16)
(51,9)
(38,22)
(61,42)
(97,10)
(72,25)
(7,14)
(77,33)
(72,41)
(28,23)
(77,27)
(8,13)
(49,45)
(88,44)
(70,32)
(38,37)
(4,29)
(57,35)
(84,37)
(68,9)
(99,33)
(97,39)
(90,18)
(91,28)
(94,26)
(75,22)
(53,34)
(31,29)
(24,42)
(84,20)
(85,27)
(57,26)
(94,25)
(48,40)
(50,10)
(86,18)
(3,30)
(18,19)
(19,29)
(2,30)
(23,41)
(14,42)
(35,39)
(34,46)
(24,13)
(58,15)
(11,45)
(56,13)
(34,47)
(40,36)
(48,36)
(22,21)
(38,2)
(18,29)
(22,32)
(34,44)
(40,29)
(85,21)
(54,32)
(2,41)
(0,36)
(99,25)
(84,43)
(20,32)
(88,14)
(20,42)
(22,13)
(41,17)
(94,39)
(77,17)
(3,13)
(94,19)
(25,23)
(3,17)
(18,22)
(9,35)
(50,43)
(24,30)
(74,26)
(84,17)
(16,16)
(22,33)
(13,23)
(48,29)
(51,38)
(3,16)
(88,19)
(84,38)
(19,26)
(44,17)
(18,44)
(0,39)
(3,26)
(48,32)
(70,36)
(8,38)
(54,21)
(91,33)
(96,40)
(40,43)
(53,44)
(25,14)
(3,41)
(61,46)
(87,24)
(20,22)
(51,34)
(18,30)
(59,6)
(18,47)
(96,17)
(26,7)
(28,12)
(87,34)
(41,31)
(16,21)
(5,21)
(19,34)
(22,36)
(14,35)
(76,45)
(37,24)
(14,36)
(36,23)
(43,38)
(84,14)
(70,42)
(68,30)
(3,46)
(76,39)
(85,16)
(25,25)
(51,44)
(97,17)
(36,33)
(32,44)
(68,22)
(28,19)
(72,5)
(6,27)
(72,40)
(2,33)
(68,38)
(5,36)
(2,28)
(32,4)
(7,35)
(49,27)
(16,14)
(51,28)
(50,34)
(56,37)
(46,47)
(91,22)
(56,17)
(97,35)
(50,24)
(65,6)
(0,47)
(19,22)
(43,13)
(93,9)
(59,5)
(1,0)
(35,42)
(38,6)
(1,17)
(68,10)
(83,34)
(66,21)
(59,12)
(0,9)
(65,41)
(70,47)
(99,46)
(75,9)
(88,37)
(19,37)
(33,43)
(68,26)
(9,2)
(48,21)
(75,36)
(87,13)
(46,18)
(84,44)
(26,31)
(17,16)
(11,34)
(51,33)
(76,35)
(13,46)
(9,14)
(18,38)
(41,20)
(91,38)
(32,23)
(46,11)
(68,29)
(0,34)
(57,19)
(85,15)
(14,34)
(0,44)
(1,12)
(14,40)
(18,35)
(44,44)
(87,29)
(6,13)
(13,22)
(91,37)
(53,42)
(61,34)
(51,45)
(43,47)
(66,42)
(17,24)
(11,41)
(28,11)
(75,26)
(18,39)
(22,12)
(1,44)
(11,22)
(20,28)
(61,10)
(68,45)
(80,37)
(87,10)
(83,18)
(54,19)
(65,24)
(97,14)
(91,34)
(16,39)
(18,28)
(19,43)
(13,34)
(0,37)
(26,40)
(9,7)
(61,30)
(61,47)
(32,6)
(88,47)
(18,3)
(17,26)
(1,42)
(32,42)
(93,18)
(28,43)
(93,47)
(93,32)
(48,23)
(9,30)
(7,39)
(43,31)
(85,37)
(72,32)
(1,29)
(72,23)
(54,26)
(37,33)
(65,32)
(26,20)
(97,7)
(97,26)
(33,27)
(68,23)
(37,16)
(17,38)
