200 Users
48 Files
3500 Transactions
2 Maximum Connections
1 Cycle Length per Upload-Download
0 Warm-up Transactions
0.400000 Zipf constant
5 Pre-Trusted Users
160 Well-Behaved (Good) Users
40 Purely Malicious Users
0 Feedback Skewing Users
0 Malignant Providing Users
0 Disguised Malicous Users
0 Sybil Attack Users
true Intelligent Trans. Generation
1561012706209 Trace Generation Seed

(0.003986,0.000000,1,false)
(0.041557,0.000000,1,false)
(0.071823,0.000000,1,false)
(0.094733,0.000000,1,false)
(0.046211,0.000000,1,false)
(0.033522,0.000000,1,false)
(0.003207,0.000000,1,false)
(0.025052,0.000000,1,false)
(0.061263,0.000000,1,false)
(0.031684,0.000000,1,false)
(0.089339,0.000000,1,false)
(0.057987,0.000000,1,false)
(0.045238,0.000000,1,false)
(0.084487,0.000000,1,false)
(0.070138,0.000000,1,false)
(0.020812,0.000000,1,false)
(0.014438,0.000000,1,false)
(0.029376,0.000000,1,false)
(0.042030,0.000000,1,false)
(0.039876,0.000000,1,false)
(0.024972,0.000000,1,false)
(0.096723,0.000000,1,false)
(0.063559,0.000000,1,false)
(0.065817,0.000000,1,false)
(0.033655,0.000000,1,false)
(0.016659,0.000000,1,false)
(0.004804,0.000000,1,false)
(0.091034,0.000000,1,false)
(0.090331,0.000000,1,false)
(0.053703,0.000000,1,false)
(0.080989,0.000000,1,false)
(0.084928,0.000000,1,false)
(0.093614,0.000000,1,false)
(0.043009,0.000000,1,false)
(0.097801,0.000000,1,false)
(0.079171,0.000000,1,false)
(0.099560,0.000000,1,false)
(0.091607,0.000000,1,false)
(0.088828,0.000000,1,false)
(0.032663,0.000000,1,false)
(0.954074,1.000000,0,true)
(0.961835,1.000000,0,true)
(0.956044,1.000000,0,true)
(0.906246,1.000000,0,true)
(0.956533,1.000000,0,true)
(0.964355,1.000000,0,false)
(0.988359,1.000000,0,false)
(0.944001,1.000000,0,false)
(0.909928,1.000000,0,false)
(0.967404,1.000000,0,false)
(0.992302,1.000000,0,false)
(0.927111,1.000000,0,false)
(0.916393,1.000000,0,false)
(0.919065,1.000000,0,false)
(0.921433,1.000000,0,false)
(0.943091,1.000000,0,false)
(0.955063,1.000000,0,false)
(0.909310,1.000000,0,false)
(0.952019,1.000000,0,false)
(0.961270,1.000000,0,false)
(0.986104,1.000000,0,false)
(0.914475,1.000000,0,false)
(0.977468,1.000000,0,false)
(0.996524,1.000000,0,false)
(0.952138,1.000000,0,false)
(0.913246,1.000000,0,false)
(0.956141,1.000000,0,false)
(0.947260,1.000000,0,false)
(0.964905,1.000000,0,false)
(0.931867,1.000000,0,false)
(0.947018,1.000000,0,false)
(0.936616,1.000000,0,false)
(0.966825,1.000000,0,false)
(0.921119,1.000000,0,false)
(0.924196,1.000000,0,false)
(0.972862,1.000000,0,false)
(0.943384,1.000000,0,false)
(0.971826,1.000000,0,false)
(0.952161,1.000000,0,false)
(0.941350,1.000000,0,false)
(0.932861,1.000000,0,false)
(0.939203,1.000000,0,false)
(0.929028,1.000000,0,false)
(0.946147,1.000000,0,false)
(0.934889,1.000000,0,false)
(0.969320,1.000000,0,false)
(0.964628,1.000000,0,false)
(0.934611,1.000000,0,false)
(0.958710,1.000000,0,false)
(0.903270,1.000000,0,false)
(0.954387,1.000000,0,false)
(0.962680,1.000000,0,false)
(0.975708,1.000000,0,false)
(0.976349,1.000000,0,false)
(0.938297,1.000000,0,false)
(0.992533,1.000000,0,false)
(0.948900,1.000000,0,false)
(0.930598,1.000000,0,false)
(0.997160,1.000000,0,false)
(0.957554,1.000000,0,false)
(0.904569,1.000000,0,false)
(0.919547,1.000000,0,false)
(0.935361,1.000000,0,false)
(0.982140,1.000000,0,false)
(0.988062,1.000000,0,false)
(0.903781,1.000000,0,false)
(0.931049,1.000000,0,false)
(0.905938,1.000000,0,false)
(0.906995,1.000000,0,false)
(0.915185,1.000000,0,false)
(0.900466,1.000000,0,false)
(0.933458,1.000000,0,false)
(0.910746,1.000000,0,false)
(0.906274,1.000000,0,false)
(0.923490,1.000000,0,false)
(0.910789,1.000000,0,false)
(0.985071,1.000000,0,false)
(0.998982,1.000000,0,false)
(0.912111,1.000000,0,false)
(0.921260,1.000000,0,false)
(0.955030,1.000000,0,false)
(0.904582,1.000000,0,false)
(0.972607,1.000000,0,false)
(0.991424,1.000000,0,false)
(0.988171,1.000000,0,false)
(0.903153,1.000000,0,false)
(0.915607,1.000000,0,false)
(0.907620,1.000000,0,false)
(0.972988,1.000000,0,false)
(0.947020,1.000000,0,false)
(0.906008,1.000000,0,false)
(0.961606,1.000000,0,false)
(0.915179,1.000000,0,false)
(0.988116,1.000000,0,false)
(0.916902,1.000000,0,false)
(0.971452,1.000000,0,false)
(0.946063,1.000000,0,false)
(0.923969,1.000000,0,false)
(0.958200,1.000000,0,false)
(0.960820,1.000000,0,false)
(0.973768,1.000000,0,false)
(0.911274,1.000000,0,false)
(0.991548,1.000000,0,false)
(0.926200,1.000000,0,false)
(0.928382,1.000000,0,false)
(0.909544,1.000000,0,false)
(0.918448,1.000000,0,false)
(0.977420,1.000000,0,false)
(0.957269,1.000000,0,false)
(0.990301,1.000000,0,false)
(0.938137,1.000000,0,false)
(0.901851,1.000000,0,false)
(0.916071,1.000000,0,false)
(0.979598,1.000000,0,false)
(0.915847,1.000000,0,false)
(0.977306,1.000000,0,false)
(0.974690,1.000000,0,false)
(0.993345,1.000000,0,false)
(0.980467,1.000000,0,false)
(0.942445,1.000000,0,false)
(0.915607,1.000000,0,false)
(0.975993,1.000000,0,false)
(0.983422,1.000000,0,false)
(0.926815,1.000000,0,false)
(0.944415,1.000000,0,false)
(0.963589,1.000000,0,false)
(0.997770,1.000000,0,false)
(0.945262,1.000000,0,false)
(0.959262,1.000000,0,false)
(0.962033,1.000000,0,false)
(0.918043,1.000000,0,false)
(0.973480,1.000000,0,false)
(0.937154,1.000000,0,false)
(0.960556,1.000000,0,false)
(0.937273,1.000000,0,false)
(0.942833,1.000000,0,false)
(0.990680,1.000000,0,false)
(0.989024,1.000000,0,false)
(0.927964,1.000000,0,false)
(0.923356,1.000000,0,false)
(0.928662,1.000000,0,false)
(0.975628,1.000000,0,false)
(0.938401,1.000000,0,false)
(0.903983,1.000000,0,false)
(0.918641,1.000000,0,false)
(0.968834,1.000000,0,false)
(0.934765,1.000000,0,false)
(0.928556,1.000000,0,false)
(0.997800,1.000000,0,false)
(0.954154,1.000000,0,false)
(0.972915,1.000000,0,false)
(0.905043,1.000000,0,false)
(0.912049,1.000000,0,false)
(0.922417,1.000000,0,false)
(0.971510,1.000000,0,false)
(0.973691,1.000000,0,false)
(0.980472,1.000000,0,false)
(0.931602,1.000000,0,false)
(0.980289,1.000000,0,false)
(0.997425,1.000000,0,false)

(0,0,false)
(1,0,true)
(2,0,false)
(3,0,false)
(5,0,false)
(8,0,false)
(10,0,false)
(11,0,false)
(12,0,false)
(13,0,false)
(14,0,false)
(15,0,false)
(16,0,false)
(17,0,false)
(21,0,true)
(22,0,false)
(24,0,false)
(25,0,true)
(26,0,false)
(27,0,false)
(29,0,false)
(30,0,false)
(31,0,false)
(32,0,false)
(33,0,false)
(34,0,false)
(36,0,false)
(37,0,false)
(38,0,false)
(39,0,false)
(40,0,true)
(41,0,true)
(42,0,true)
(43,0,true)
(44,0,true)
(45,0,true)
(47,0,true)
(50,0,true)
(51,0,true)
(52,0,true)
(53,0,false)
(54,0,true)
(57,0,true)
(58,0,true)
(59,0,true)
(60,0,true)
(61,0,false)
(62,0,true)
(63,0,true)
(64,0,true)
(66,0,true)
(67,0,true)
(68,0,true)
(69,0,true)
(72,0,true)
(74,0,true)
(75,0,true)
(76,0,true)
(77,0,true)
(78,0,true)
(79,0,true)
(80,0,true)
(81,0,true)
(84,0,true)
(85,0,true)
(86,0,true)
(87,0,true)
(88,0,true)
(89,0,true)
(90,0,true)
(91,0,true)
(92,0,true)
(93,0,true)
(94,0,true)
(95,0,true)
(96,0,true)
(97,0,true)
(98,0,true)
(100,0,true)
(101,0,true)
(102,0,true)
(103,0,true)
(105,0,true)
(107,0,true)
(108,0,true)
(110,0,true)
(111,0,false)
(112,0,true)
(114,0,true)
(115,0,true)
(117,0,true)
(118,0,true)
(119,0,true)
(120,0,true)
(121,0,true)
(123,0,true)
(125,0,true)
(126,0,true)
(127,0,true)
(128,0,true)
(129,0,false)
(130,0,false)
(133,0,true)
(134,0,false)
(137,0,true)
(138,0,true)
(139,0,true)
(141,0,true)
(142,0,true)
(144,0,true)
(145,0,true)
(147,0,true)
(148,0,true)
(150,0,true)
(151,0,true)
(152,0,true)
(153,0,true)
(155,0,true)
(156,0,true)
(157,0,true)
(158,0,true)
(159,0,true)
(160,0,true)
(161,0,true)
(163,0,false)
(165,0,true)
(167,0,true)
(168,0,false)
(170,0,true)
(171,0,true)
(172,0,false)
(173,0,true)
(174,0,true)
(175,0,true)
(176,0,true)
(177,0,true)
(178,0,true)
(179,0,true)
(180,0,true)
(181,0,true)
(182,0,true)
(183,0,true)
(184,0,true)
(185,0,true)
(188,0,true)
(189,0,true)
(190,0,true)
(191,0,true)
(192,0,true)
(193,0,true)
(194,0,true)
(195,0,true)
(196,0,true)
(197,0,true)
(198,0,true)
(199,0,true)
(0,1,false)
(1,1,false)
(3,1,false)
(4,1,false)
(7,1,false)
(8,1,false)
(11,1,false)
(12,1,false)
(13,1,true)
(14,1,false)
(15,1,false)
(18,1,false)
(19,1,false)
(20,1,false)
(23,1,false)
(24,1,false)
(25,1,false)
(27,1,false)
(28,1,false)
(29,1,false)
(30,1,false)
(31,1,false)
(32,1,false)
(35,1,true)
(37,1,false)
(38,1,false)
(39,1,false)
(40,1,true)
(41,1,true)
(42,1,true)
(44,1,true)
(45,1,true)
(46,1,true)
(47,1,true)
(49,1,true)
(50,1,true)
(52,1,true)
(53,1,true)
(54,1,false)
(55,1,true)
(57,1,false)
(58,1,true)
(59,1,true)
(62,1,true)
(63,1,true)
(64,1,true)
(65,1,true)
(66,1,true)
(69,1,true)
(70,1,true)
(71,1,true)
(76,1,true)
(79,1,true)
(81,1,true)
(85,1,true)
(88,1,true)
(89,1,true)
(97,1,true)
(98,1,true)
(99,1,false)
(100,1,true)
(103,1,true)
(104,1,true)
(105,1,true)
(106,1,true)
(107,1,true)
(108,1,true)
(109,1,true)
(110,1,true)
(111,1,true)
(114,1,true)
(115,1,true)
(116,1,true)
(117,1,true)
(120,1,true)
(121,1,true)
(122,1,true)
(123,1,true)
(127,1,true)
(129,1,true)
(130,1,true)
(133,1,true)
(134,1,false)
(135,1,true)
(137,1,true)
(138,1,true)
(140,1,true)
(141,1,true)
(143,1,true)
(144,1,true)
(146,1,true)
(147,1,true)
(149,1,true)
(150,1,true)
(151,1,true)
(152,1,true)
(156,1,true)
(157,1,true)
(158,1,true)
(159,1,true)
(161,1,true)
(162,1,true)
(164,1,true)
(167,1,true)
(168,1,true)
(170,1,true)
(175,1,true)
(176,1,true)
(177,1,true)
(180,1,true)
(182,1,true)
(183,1,true)
(184,1,true)
(185,1,false)
(188,1,true)
(190,1,true)
(192,1,true)
(193,1,true)
(195,1,true)
(198,1,true)
(0,2,false)
(2,2,false)
(3,2,false)
(4,2,false)
(5,2,false)
(6,2,false)
(7,2,false)
(12,2,false)
(13,2,false)
(14,2,false)
(16,2,false)
(17,2,false)
(18,2,false)
(19,2,false)
(20,2,false)
(22,2,false)
(25,2,false)
(30,2,false)
(32,2,false)
(37,2,false)
(38,2,false)
(39,2,false)
(44,2,true)
(46,2,true)
(47,2,true)
(49,2,true)
(50,2,true)
(53,2,true)
(54,2,true)
(55,2,true)
(56,2,true)
(57,2,true)
(58,2,true)
(59,2,true)
(60,2,false)
(61,2,false)
(63,2,true)
(72,2,true)
(73,2,true)
(74,2,true)
(75,2,true)
(76,2,true)
(78,2,true)
(79,2,true)
(81,2,true)
(82,2,true)
(84,2,true)
(86,2,true)
(89,2,true)
(91,2,true)
(92,2,true)
(93,2,true)
(94,2,true)
(95,2,true)
(97,2,true)
(100,2,true)
(101,2,true)
(102,2,false)
(104,2,true)
(108,2,true)
(112,2,true)
(119,2,true)
(122,2,true)
(127,2,false)
(129,2,true)
(130,2,true)
(132,2,true)
(133,2,true)
(136,2,true)
(137,2,true)
(138,2,true)
(139,2,true)
(140,2,true)
(141,2,true)
(142,2,true)
(143,2,true)
(144,2,true)
(145,2,true)
(147,2,true)
(149,2,true)
(150,2,true)
(151,2,false)
(152,2,true)
(154,2,true)
(155,2,true)
(157,2,true)
(159,2,true)
(160,2,true)
(161,2,true)
(163,2,true)
(165,2,true)
(166,2,true)
(167,2,true)
(171,2,true)
(173,2,true)
(174,2,true)
(175,2,true)
(176,2,true)
(177,2,true)
(178,2,true)
(180,2,true)
(181,2,true)
(183,2,true)
(186,2,true)
(188,2,true)
(191,2,true)
(192,2,true)
(194,2,true)
(195,2,true)
(196,2,true)
(0,3,false)
(2,3,false)
(3,3,false)
(5,3,false)
(6,3,false)
(7,3,false)
(8,3,false)
(10,3,false)
(16,3,false)
(17,3,false)
(19,3,false)
(22,3,false)
(28,3,false)
(30,3,false)
(31,3,false)
(32,3,false)
(34,3,false)
(36,3,false)
(37,3,false)
(38,3,false)
(39,3,false)
(40,3,true)
(41,3,true)
(43,3,true)
(44,3,true)
(45,3,false)
(52,3,true)
(53,3,true)
(54,3,true)
(55,3,true)
(57,3,true)
(58,3,true)
(59,3,true)
(60,3,true)
(61,3,true)
(68,3,true)
(72,3,true)
(76,3,true)
(79,3,true)
(81,3,true)
(84,3,true)
(85,3,true)
(86,3,true)
(87,3,true)
(88,3,true)
(90,3,true)
(91,3,true)
(92,3,true)
(93,3,true)
(95,3,true)
(98,3,true)
(99,3,true)
(100,3,true)
(101,3,false)
(103,3,true)
(105,3,true)
(107,3,true)
(109,3,true)
(113,3,true)
(114,3,true)
(115,3,true)
(116,3,true)
(119,3,true)
(120,3,true)
(122,3,true)
(124,3,true)
(127,3,true)
(133,3,true)
(134,3,true)
(138,3,true)
(139,3,true)
(140,3,true)
(141,3,true)
(143,3,true)
(144,3,true)
(145,3,true)
(148,3,true)
(149,3,true)
(150,3,true)
(151,3,false)
(152,3,true)
(154,3,false)
(159,3,true)
(161,3,true)
(166,3,true)
(168,3,true)
(171,3,true)
(176,3,true)
(179,3,false)
(182,3,true)
(183,3,true)
(190,3,true)
(191,3,true)
(192,3,true)
(194,3,true)
(195,3,true)
(196,3,true)
(197,3,true)
(198,3,true)
(0,4,false)
(2,4,false)
(11,4,false)
(12,4,false)
(14,4,false)
(16,4,false)
(21,4,false)
(25,4,false)
(27,4,true)
(30,4,false)
(31,4,false)
(32,4,false)
(39,4,false)
(47,4,true)
(57,4,true)
(58,4,true)
(60,4,true)
(61,4,true)
(62,4,true)
(63,4,true)
(64,4,true)
(72,4,true)
(73,4,true)
(76,4,true)
(79,4,true)
(82,4,true)
(83,4,true)
(86,4,true)
(89,4,true)
(91,4,true)
(94,4,true)
(99,4,true)
(100,4,true)
(102,4,true)
(103,4,true)
(106,4,true)
(109,4,true)
(111,4,true)
(114,4,false)
(115,4,true)
(116,4,true)
(117,4,true)
(118,4,true)
(120,4,true)
(121,4,true)
(122,4,true)
(124,4,true)
(125,4,false)
(127,4,true)
(131,4,true)
(133,4,true)
(134,4,true)
(135,4,true)
(137,4,true)
(139,4,true)
(140,4,true)
(141,4,true)
(142,4,true)
(146,4,true)
(148,4,true)
(150,4,true)
(151,4,true)
(153,4,true)
(155,4,true)
(156,4,true)
(157,4,true)
(158,4,true)
(159,4,true)
(161,4,true)
(162,4,true)
(165,4,true)
(167,4,true)
(170,4,true)
(172,4,true)
(175,4,true)
(178,4,true)
(179,4,true)
(181,4,true)
(183,4,true)
(186,4,true)
(188,4,true)
(190,4,true)
(192,4,true)
(193,4,true)
(194,4,true)
(195,4,true)
(196,4,true)
(198,4,true)
(0,5,false)
(1,5,false)
(2,5,false)
(4,5,false)
(8,5,false)
(11,5,true)
(13,5,false)
(14,5,false)
(15,5,false)
(17,5,false)
(19,5,false)
(21,5,false)
(23,5,false)
(25,5,false)
(27,5,false)
(29,5,false)
(30,5,false)
(31,5,false)
(32,5,false)
(34,5,false)
(35,5,false)
(39,5,false)
(43,5,true)
(46,5,true)
(47,5,true)
(49,5,true)
(53,5,false)
(55,5,true)
(56,5,true)
(60,5,true)
(62,5,true)
(66,5,true)
(67,5,true)
(70,5,true)
(72,5,true)
(73,5,true)
(74,5,true)
(76,5,true)
(78,5,true)
(79,5,true)
(81,5,true)
(84,5,true)
(86,5,true)
(88,5,true)
(93,5,true)
(94,5,false)
(97,5,true)
(98,5,true)
(99,5,true)
(102,5,true)
(108,5,true)
(109,5,true)
(111,5,true)
(112,5,true)
(119,5,false)
(121,5,true)
(122,5,true)
(125,5,true)
(126,5,true)
(129,5,true)
(132,5,true)
(133,5,true)
(134,5,true)
(135,5,true)
(143,5,true)
(145,5,true)
(146,5,true)
(147,5,true)
(148,5,true)
(149,5,true)
(150,5,true)
(151,5,true)
(154,5,true)
(155,5,true)
(156,5,true)
(157,5,true)
(158,5,true)
(162,5,true)
(163,5,true)
(165,5,true)
(169,5,true)
(173,5,true)
(174,5,false)
(177,5,true)
(181,5,true)
(183,5,true)
(187,5,true)
(188,5,true)
(193,5,true)
(195,5,true)
(197,5,true)
(0,6,false)
(3,6,true)
(4,6,false)
(5,6,false)
(6,6,false)
(7,6,false)
(10,6,false)
(16,6,false)
(18,6,false)
(19,6,false)
(25,6,false)
(27,6,false)
(28,6,false)
(30,6,false)
(32,6,false)
(33,6,false)
(35,6,false)
(36,6,false)
(37,6,false)
(38,6,false)
(39,6,false)
(40,6,true)
(41,6,true)
(42,6,true)
(43,6,true)
(44,6,true)
(47,6,true)
(50,6,true)
(51,6,true)
(56,6,true)
(57,6,true)
(66,6,true)
(67,6,true)
(69,6,true)
(73,6,true)
(79,6,true)
(80,6,true)
(83,6,true)
(87,6,true)
(88,6,true)
(91,6,true)
(98,6,true)
(103,6,true)
(105,6,true)
(107,6,true)
(113,6,true)
(115,6,true)
(119,6,true)
(120,6,true)
(121,6,true)
(124,6,true)
(126,6,true)
(127,6,true)
(129,6,true)
(130,6,true)
(131,6,true)
(132,6,true)
(134,6,true)
(136,6,true)
(139,6,true)
(142,6,true)
(143,6,true)
(146,6,false)
(148,6,true)
(149,6,true)
(159,6,true)
(161,6,true)
(162,6,true)
(163,6,true)
(165,6,true)
(167,6,true)
(168,6,true)
(171,6,true)
(175,6,true)
(180,6,false)
(183,6,true)
(191,6,true)
(193,6,true)
(197,6,true)
(0,7,false)
(2,7,true)
(3,7,false)
(6,7,false)
(8,7,false)
(10,7,false)
(13,7,false)
(14,7,false)
(20,7,false)
(22,7,false)
(23,7,false)
(24,7,false)
(25,7,false)
(27,7,true)
(28,7,false)
(30,7,false)
(33,7,false)
(39,7,false)
(41,7,true)
(42,7,true)
(45,7,true)
(57,7,true)
(58,7,true)
(60,7,true)
(63,7,true)
(66,7,true)
(67,7,true)
(69,7,true)
(75,7,true)
(76,7,true)
(77,7,true)
(79,7,true)
(81,7,false)
(82,7,true)
(85,7,true)
(88,7,true)
(89,7,true)
(90,7,true)
(99,7,true)
(100,7,true)
(104,7,false)
(106,7,true)
(107,7,false)
(110,7,true)
(111,7,false)
(112,7,true)
(113,7,true)
(116,7,true)
(117,7,true)
(118,7,true)
(121,7,true)
(122,7,true)
(124,7,true)
(126,7,true)
(128,7,true)
(129,7,true)
(131,7,true)
(132,7,true)
(133,7,true)
(134,7,true)
(138,7,true)
(139,7,true)
(143,7,true)
(144,7,true)
(145,7,true)
(146,7,true)
(150,7,false)
(155,7,true)
(160,7,true)
(164,7,true)
(170,7,true)
(171,7,true)
(173,7,true)
(176,7,true)
(177,7,true)
(178,7,true)
(179,7,true)
(190,7,true)
(195,7,false)
(196,7,true)
(197,7,true)
(2,8,false)
(8,8,false)
(9,8,false)
(10,8,false)
(11,8,false)
(18,8,false)
(19,8,false)
(21,8,false)
(22,8,false)
(24,8,false)
(26,8,false)
(27,8,false)
(28,8,false)
(30,8,false)
(31,8,true)
(32,8,false)
(33,8,false)
(34,8,false)
(35,8,true)
(36,8,false)
(48,8,true)
(49,8,true)
(52,8,true)
(61,8,true)
(62,8,true)
(63,8,true)
(65,8,true)
(66,8,true)
(67,8,true)
(68,8,true)
(69,8,true)
(74,8,true)
(75,8,true)
(77,8,true)
(80,8,true)
(88,8,true)
(91,8,true)
(92,8,true)
(95,8,true)
(98,8,true)
(101,8,true)
(102,8,true)
(103,8,true)
(106,8,true)
(107,8,true)
(108,8,false)
(110,8,true)
(113,8,true)
(114,8,true)
(115,8,true)
(118,8,true)
(119,8,true)
(120,8,true)
(121,8,true)
(124,8,true)
(125,8,true)
(127,8,true)
(128,8,true)
(129,8,true)
(131,8,true)
(133,8,false)
(140,8,true)
(141,8,true)
(143,8,true)
(145,8,true)
(148,8,true)
(150,8,true)
(152,8,true)
(155,8,true)
(157,8,true)
(158,8,true)
(165,8,true)
(166,8,true)
(168,8,true)
(171,8,true)
(173,8,true)
(174,8,true)
(175,8,true)
(177,8,true)
(180,8,true)
(181,8,true)
(184,8,true)
(185,8,true)
(188,8,true)
(192,8,false)
(193,8,true)
(7,9,false)
(13,9,false)
(15,9,false)
(18,9,false)
(21,9,true)
(22,9,false)
(28,9,false)
(29,9,false)
(30,9,false)
(32,9,false)
(33,9,false)
(37,9,false)
(41,9,true)
(43,9,true)
(48,9,true)
(49,9,true)
(50,9,true)
(51,9,true)
(52,9,true)
(54,9,true)
(58,9,true)
(59,9,true)
(62,9,true)
(63,9,true)
(74,9,true)
(77,9,true)
(82,9,true)
(85,9,true)
(86,9,true)
(87,9,true)
(88,9,true)
(97,9,true)
(99,9,true)
(101,9,true)
(104,9,true)
(105,9,true)
(107,9,true)
(108,9,true)
(109,9,true)
(111,9,true)
(113,9,true)
(118,9,true)
(122,9,true)
(126,9,true)
(127,9,true)
(134,9,true)
(136,9,true)
(137,9,true)
(143,9,true)
(146,9,true)
(148,9,true)
(150,9,true)
(153,9,true)
(156,9,true)
(157,9,true)
(159,9,true)
(162,9,true)
(166,9,true)
(167,9,true)
(173,9,true)
(175,9,true)
(176,9,true)
(177,9,true)
(184,9,true)
(185,9,true)
(187,9,true)
(190,9,true)
(191,9,true)
(193,9,true)
(194,9,true)
(0,10,false)
(1,10,false)
(4,10,false)
(6,10,false)
(7,10,true)
(9,10,false)
(11,10,false)
(14,10,false)
(16,10,false)
(19,10,false)
(24,10,false)
(25,10,false)
(33,10,true)
(36,10,false)
(37,10,false)
(38,10,false)
(41,10,true)
(42,10,true)
(43,10,true)
(45,10,true)
(46,10,true)
(47,10,true)
(48,10,true)
(49,10,true)
(51,10,true)
(52,10,true)
(54,10,true)
(67,10,true)
(68,10,true)
(74,10,true)
(82,10,true)
(83,10,true)
(89,10,true)
(91,10,true)
(93,10,true)
(94,10,true)
(95,10,true)
(96,10,true)
(97,10,true)
(105,10,true)
(108,10,true)
(110,10,true)
(111,10,true)
(112,10,true)
(115,10,true)
(116,10,true)
(118,10,true)
(119,10,true)
(121,10,true)
(124,10,true)
(128,10,true)
(131,10,true)
(135,10,true)
(136,10,true)
(137,10,true)
(138,10,true)
(139,10,true)
(142,10,true)
(146,10,true)
(147,10,false)
(152,10,true)
(155,10,true)
(157,10,true)
(158,10,true)
(161,10,true)
(162,10,true)
(163,10,false)
(164,10,true)
(168,10,true)
(171,10,true)
(175,10,true)
(176,10,true)
(179,10,true)
(180,10,true)
(182,10,true)
(183,10,true)
(184,10,true)
(186,10,true)
(187,10,true)
(190,10,true)
(194,10,true)
(199,10,true)
(0,11,false)
(12,11,false)
(13,11,false)
(16,11,false)
(17,11,false)
(20,11,false)
(21,11,false)
(22,11,false)
(26,11,false)
(28,11,false)
(31,11,false)
(35,11,false)
(40,11,true)
(42,11,true)
(47,11,false)
(50,11,true)
(53,11,true)
(54,11,true)
(58,11,true)
(62,11,true)
(67,11,true)
(73,11,true)
(74,11,true)
(75,11,true)
(76,11,true)
(77,11,true)
(78,11,true)
(80,11,true)
(82,11,false)
(83,11,true)
(84,11,true)
(86,11,true)
(92,11,true)
(93,11,true)
(94,11,true)
(95,11,true)
(97,11,true)
(98,11,true)
(105,11,true)
(108,11,true)
(110,11,false)
(111,11,true)
(113,11,true)
(115,11,true)
(124,11,true)
(126,11,false)
(128,11,true)
(129,11,true)
(130,11,true)
(131,11,true)
(134,11,false)
(136,11,true)
(138,11,true)
(139,11,true)
(148,11,true)
(149,11,true)
(152,11,true)
(154,11,true)
(155,11,true)
(157,11,true)
(158,11,true)
(159,11,true)
(161,11,true)
(163,11,true)
(164,11,true)
(166,11,true)
(169,11,true)
(173,11,true)
(174,11,true)
(177,11,true)
(179,11,true)
(183,11,true)
(187,11,true)
(189,11,true)
(196,11,true)
(199,11,true)
(0,12,false)
(18,12,false)
(20,12,false)
(23,12,true)
(24,12,false)
(26,12,false)
(31,12,false)
(37,12,false)
(39,12,false)
(45,12,true)
(49,12,true)
(51,12,true)
(53,12,true)
(54,12,true)
(56,12,true)
(58,12,false)
(61,12,true)
(63,12,true)
(65,12,true)
(67,12,true)
(68,12,true)
(74,12,true)
(77,12,true)
(79,12,true)
(87,12,true)
(93,12,true)
(94,12,true)
(97,12,true)
(98,12,true)
(103,12,true)
(104,12,true)
(105,12,false)
(106,12,true)
(108,12,false)
(115,12,true)
(118,12,true)
(119,12,true)
(121,12,true)
(125,12,true)
(126,12,true)
(128,12,true)
(132,12,true)
(133,12,true)
(136,12,true)
(139,12,true)
(143,12,true)
(144,12,true)
(149,12,true)
(153,12,true)
(157,12,true)
(160,12,true)
(163,12,true)
(168,12,true)
(171,12,true)
(177,12,true)
(178,12,true)
(180,12,true)
(181,12,true)
(183,12,true)
(184,12,true)
(185,12,true)
(186,12,true)
(187,12,true)
(188,12,true)
(191,12,true)
(193,12,true)
(195,12,true)
(198,12,true)
(4,13,false)
(13,13,false)
(17,13,false)
(18,13,false)
(21,13,false)
(37,13,false)
(38,13,false)
(47,13,true)
(49,13,true)
(51,13,true)
(52,13,true)
(53,13,true)
(54,13,true)
(55,13,true)
(58,13,true)
(60,13,true)
(64,13,true)
(69,13,true)
(72,13,true)
(77,13,true)
(78,13,true)
(92,13,true)
(93,13,true)
(97,13,true)
(101,13,false)
(104,13,true)
(111,13,true)
(114,13,true)
(117,13,true)
(119,13,true)
(122,13,true)
(124,13,true)
(126,13,true)
(129,13,true)
(130,13,true)
(133,13,true)
(135,13,true)
(147,13,true)
(150,13,true)
(151,13,true)
(156,13,true)
(158,13,true)
(164,13,true)
(165,13,true)
(166,13,true)
(169,13,true)
(176,13,true)
(177,13,true)
(178,13,true)
(179,13,true)
(182,13,true)
(187,13,true)
(189,13,true)
(194,13,true)
(0,14,false)
(3,14,false)
(4,14,false)
(5,14,false)
(6,14,false)
(8,14,false)
(10,14,false)
(17,14,false)
(21,14,false)
(23,14,false)
(29,14,true)
(33,14,false)
(34,14,false)
(41,14,true)
(50,14,true)
(53,14,false)
(54,14,true)
(55,14,true)
(56,14,true)
(59,14,true)
(60,14,true)
(64,14,true)
(71,14,true)
(73,14,true)
(77,14,true)
(78,14,true)
(79,14,true)
(83,14,true)
(86,14,true)
(88,14,true)
(91,14,true)
(92,14,true)
(93,14,true)
(102,14,true)
(109,14,true)
(121,14,true)
(122,14,false)
(123,14,true)
(125,14,true)
(126,14,true)
(129,14,true)
(130,14,true)
(139,14,true)
(145,14,true)
(146,14,true)
(148,14,true)
(152,14,true)
(154,14,true)
(164,14,true)
(170,14,true)
(174,14,true)
(177,14,true)
(185,14,true)
(188,14,true)
(193,14,true)
(196,14,true)
(2,15,false)
(3,15,false)
(4,15,false)
(5,15,false)
(14,15,false)
(18,15,false)
(21,15,true)
(22,15,false)
(23,15,false)
(24,15,false)
(28,15,false)
(31,15,false)
(32,15,false)
(36,15,true)
(40,15,true)
(41,15,true)
(44,15,true)
(45,15,true)
(46,15,true)
(47,15,true)
(50,15,true)
(57,15,true)
(58,15,true)
(59,15,true)
(62,15,true)
(67,15,true)
(69,15,true)
(71,15,true)
(73,15,true)
(90,15,true)
(95,15,true)
(97,15,true)
(98,15,true)
(106,15,true)
(107,15,true)
(116,15,true)
(119,15,true)
(122,15,true)
(125,15,true)
(128,15,true)
(130,15,true)
(131,15,true)
(133,15,true)
(134,15,true)
(135,15,true)
(140,15,true)
(141,15,true)
(142,15,true)
(144,15,true)
(145,15,true)
(148,15,true)
(149,15,true)
(152,15,true)
(155,15,true)
(156,15,true)
(157,15,true)
(158,15,true)
(160,15,true)
(161,15,true)
(163,15,true)
(169,15,true)
(173,15,true)
(177,15,true)
(178,15,true)
(182,15,true)
(186,15,true)
(187,15,true)
(188,15,true)
(190,15,true)
(193,15,true)
(194,15,true)
(195,15,true)
(196,15,true)
(198,15,true)
(1,16,false)
(3,16,false)
(5,16,false)
(12,16,false)
(13,16,false)
(15,16,false)
(19,16,false)
(30,16,false)
(31,16,false)
(34,16,true)
(35,16,false)
(39,16,false)
(48,16,true)
(57,16,true)
(60,16,true)
(61,16,true)
(64,16,true)
(66,16,true)
(67,16,true)
(69,16,true)
(71,16,true)
(78,16,true)
(80,16,false)
(81,16,true)
(95,16,true)
(97,16,true)
(98,16,true)
(102,16,true)
(104,16,true)
(106,16,true)
(113,16,true)
(116,16,true)
(120,16,true)
(122,16,true)
(125,16,true)
(126,16,true)
(136,16,true)
(137,16,true)
(138,16,true)
(143,16,true)
(144,16,true)
(148,16,true)
(157,16,true)
(161,16,true)
(162,16,true)
(164,16,true)
(167,16,true)
(170,16,true)
(173,16,true)
(182,16,true)
(184,16,true)
(188,16,true)
(198,16,true)
(1,17,false)
(3,17,false)
(5,17,false)
(6,17,false)
(9,17,false)
(10,17,false)
(13,17,false)
(15,17,false)
(19,17,false)
(22,17,false)
(24,17,false)
(25,17,false)
(26,17,false)
(31,17,false)
(38,17,false)
(39,17,false)
(41,17,true)
(49,17,true)
(50,17,true)
(51,17,true)
(56,17,true)
(57,17,true)
(58,17,true)
(62,17,true)
(65,17,true)
(67,17,true)
(68,17,true)
(77,17,true)
(82,17,true)
(83,17,true)
(86,17,true)
(89,17,false)
(93,17,true)
(94,17,true)
(97,17,true)
(98,17,true)
(101,17,true)
(102,17,true)
(104,17,true)
(106,17,true)
(108,17,true)
(110,17,true)
(113,17,true)
(114,17,true)
(116,17,true)
(118,17,false)
(122,17,true)
(125,17,true)
(130,17,true)
(133,17,true)
(134,17,true)
(136,17,true)
(137,17,true)
(139,17,true)
(140,17,true)
(141,17,true)
(146,17,true)
(149,17,true)
(156,17,true)
(161,17,true)
(163,17,true)
(164,17,true)
(166,17,true)
(168,17,true)
(178,17,true)
(181,17,true)
(182,17,true)
(186,17,true)
(187,17,true)
(189,17,false)
(191,17,true)
(196,17,true)
(197,17,true)
(198,17,true)
(199,17,true)
(1,18,false)
(2,18,false)
(7,18,false)
(13,18,false)
(18,18,false)
(20,18,false)
(22,18,false)
(24,18,true)
(26,18,false)
(32,18,false)
(35,18,false)
(38,18,false)
(40,18,true)
(44,18,true)
(47,18,true)
(48,18,true)
(50,18,true)
(52,18,true)
(57,18,true)
(58,18,true)
(64,18,true)
(72,18,true)
(75,18,true)
(76,18,true)
(79,18,true)
(82,18,true)
(83,18,true)
(87,18,true)
(92,18,true)
(93,18,true)
(96,18,true)
(99,18,true)
(101,18,true)
(103,18,true)
(105,18,true)
(108,18,true)
(110,18,true)
(112,18,true)
(121,18,true)
(128,18,true)
(131,18,true)
(136,18,true)
(137,18,false)
(141,18,true)
(143,18,true)
(144,18,true)
(152,18,true)
(153,18,true)
(155,18,true)
(156,18,true)
(157,18,true)
(167,18,true)
(168,18,true)
(176,18,true)
(182,18,true)
(185,18,true)
(193,18,true)
(194,18,true)
(195,18,true)
(8,19,false)
(18,19,false)
(22,19,false)
(30,19,false)
(39,19,false)
(44,19,true)
(47,19,true)
(48,19,true)
(50,19,true)
(53,19,true)
(61,19,true)
(66,19,true)
(70,19,true)
(75,19,true)
(77,19,true)
(78,19,true)
(79,19,true)
(81,19,true)
(84,19,true)
(87,19,true)
(92,19,true)
(95,19,true)
(97,19,true)
(100,19,true)
(101,19,true)
(103,19,true)
(106,19,true)
(111,19,true)
(112,19,true)
(113,19,true)
(114,19,true)
(119,19,true)
(126,19,true)
(135,19,true)
(140,19,true)
(142,19,true)
(147,19,true)
(149,19,true)
(153,19,true)
(159,19,true)
(161,19,true)
(162,19,true)
(166,19,true)
(174,19,true)
(177,19,true)
(178,19,true)
(181,19,true)
(182,19,true)
(188,19,true)
(189,19,true)
(193,19,true)
(198,19,true)
(199,19,true)
(1,20,false)
(2,20,false)
(3,20,false)
(8,20,false)
(17,20,false)
(22,20,false)
(40,20,false)
(44,20,true)
(53,20,true)
(54,20,true)
(70,20,true)
(71,20,true)
(72,20,true)
(75,20,true)
(76,20,true)
(83,20,true)
(87,20,true)
(89,20,true)
(97,20,true)
(98,20,true)
(104,20,true)
(107,20,true)
(110,20,true)
(138,20,true)
(151,20,true)
(152,20,true)
(153,20,true)
(161,20,true)
(171,20,true)
(176,20,true)
(179,20,true)
(183,20,true)
(186,20,true)
(189,20,true)
(193,20,true)
(195,20,true)
(196,20,true)
(199,20,true)
(1,21,true)
(2,21,false)
(14,21,true)
(15,21,false)
(24,21,false)
(28,21,false)
(34,21,false)
(35,21,false)
(41,21,true)
(42,21,true)
(45,21,true)
(46,21,true)
(49,21,true)
(50,21,true)
(52,21,true)
(53,21,true)
(62,21,true)
(63,21,true)
(64,21,true)
(70,21,true)
(71,21,true)
(76,21,true)
(80,21,true)
(89,21,true)
(91,21,true)
(95,21,true)
(100,21,true)
(104,21,true)
(106,21,true)
(113,21,true)
(118,21,true)
(125,21,true)
(127,21,true)
(131,21,true)
(134,21,true)
(141,21,false)
(145,21,true)
(148,21,true)
(149,21,true)
(151,21,true)
(156,21,true)
(167,21,true)
(170,21,false)
(175,21,true)
(180,21,false)
(183,21,true)
(185,21,true)
(189,21,true)
(192,21,true)
(198,21,true)
(5,22,false)
(6,22,false)
(7,22,false)
(8,22,false)
(9,22,false)
(23,22,false)
(24,22,false)
(26,22,false)
(29,22,true)
(30,22,false)
(31,22,false)
(32,22,false)
(35,22,false)
(37,22,false)
(38,22,true)
(49,22,true)
(62,22,true)
(66,22,true)
(68,22,true)
(80,22,true)
(82,22,true)
(88,22,true)
(103,22,true)
(104,22,true)
(108,22,true)
(110,22,true)
(112,22,true)
(120,22,true)
(121,22,true)
(129,22,true)
(131,22,true)
(132,22,true)
(135,22,true)
(136,22,false)
(137,22,true)
(138,22,true)
(145,22,true)
(146,22,true)
(150,22,true)
(156,22,true)
(158,22,true)
(163,22,true)
(165,22,true)
(170,22,true)
(171,22,true)
(172,22,true)
(174,22,true)
(176,22,true)
(178,22,true)
(183,22,true)
(184,22,true)
(188,22,true)
(189,22,true)
(192,22,true)
(196,22,true)
(199,22,true)
(0,23,false)
(7,23,false)
(13,23,false)
(16,23,false)
(18,23,false)
(19,23,false)
(22,23,false)
(24,23,false)
(31,23,false)
(36,23,false)
(42,23,true)
(44,23,true)
(47,23,false)
(54,23,true)
(57,23,true)
(58,23,true)
(61,23,true)
(62,23,true)
(65,23,true)
(68,23,true)
(72,23,true)
(74,23,true)
(81,23,true)
(83,23,true)
(90,23,true)
(97,23,true)
(98,23,true)
(99,23,true)
(100,23,true)
(116,23,true)
(125,23,false)
(130,23,true)
(147,23,true)
(149,23,true)
(150,23,true)
(151,23,true)
(152,23,true)
(155,23,true)
(156,23,true)
(158,23,true)
(161,23,true)
(162,23,true)
(163,23,true)
(165,23,true)
(168,23,true)
(170,23,true)
(183,23,true)
(186,23,true)
(187,23,true)
(197,23,true)
(199,23,true)
(1,24,false)
(10,24,false)
(11,24,false)
(16,24,false)
(18,24,false)
(19,24,false)
(22,24,false)
(23,24,false)
(24,24,false)
(25,24,false)
(29,24,true)
(32,24,false)
(33,24,false)
(34,24,false)
(36,24,false)
(43,24,true)
(46,24,true)
(48,24,true)
(51,24,true)
(54,24,true)
(57,24,true)
(58,24,true)
(67,24,true)
(68,24,true)
(69,24,false)
(75,24,true)
(81,24,true)
(83,24,true)
(85,24,true)
(88,24,true)
(89,24,true)
(97,24,true)
(101,24,true)
(104,24,true)
(105,24,true)
(106,24,true)
(113,24,true)
(114,24,true)
(116,24,true)
(120,24,true)
(126,24,true)
(127,24,true)
(129,24,true)
(131,24,true)
(133,24,true)
(134,24,true)
(140,24,true)
(148,24,true)
(150,24,true)
(153,24,true)
(154,24,true)
(158,24,true)
(160,24,true)
(166,24,true)
(175,24,true)
(182,24,false)
(184,24,true)
(185,24,true)
(188,24,true)
(191,24,true)
(194,24,true)
(195,24,true)
(197,24,true)
(0,25,false)
(2,25,false)
(3,25,false)
(6,25,false)
(9,25,false)
(10,25,false)
(15,25,false)
(18,25,false)
(24,25,false)
(25,25,false)
(39,25,false)
(41,25,true)
(43,25,true)
(45,25,true)
(47,25,true)
(51,25,true)
(55,25,true)
(58,25,true)
(64,25,true)
(72,25,true)
(74,25,true)
(87,25,true)
(90,25,true)
(98,25,true)
(100,25,true)
(114,25,true)
(115,25,true)
(116,25,true)
(119,25,true)
(120,25,true)
(129,25,false)
(130,25,true)
(132,25,true)
(138,25,true)
(142,25,true)
(144,25,true)
(145,25,true)
(146,25,true)
(147,25,true)
(148,25,true)
(158,25,true)
(160,25,true)
(161,25,true)
(164,25,true)
(170,25,true)
(186,25,true)
(188,25,true)
(189,25,true)
(195,25,true)
(9,26,false)
(13,26,false)
(21,26,false)
(26,26,false)
(28,26,false)
(38,26,false)
(43,26,true)
(49,26,true)
(55,26,true)
(56,26,true)
(59,26,true)
(60,26,true)
(66,26,true)
(68,26,true)
(75,26,true)
(78,26,true)
(81,26,true)
(82,26,true)
(83,26,true)
(84,26,true)
(85,26,true)
(87,26,true)
(89,26,true)
(92,26,true)
(99,26,true)
(102,26,true)
(103,26,true)
(104,26,true)
(106,26,true)
(109,26,true)
(112,26,true)
(123,26,true)
(127,26,true)
(133,26,true)
(142,26,true)
(150,26,true)
(156,26,true)
(164,26,true)
(165,26,true)
(172,26,true)
(177,26,true)
(182,26,true)
(184,26,true)
(188,26,true)
(190,26,true)
(191,26,true)
(198,26,true)
(1,27,false)
(15,27,false)
(27,27,false)
(33,27,false)
(34,27,false)
(35,27,false)
(36,27,false)
(37,27,false)
(38,27,false)
(41,27,true)
(44,27,true)
(46,27,true)
(51,27,true)
(52,27,true)
(53,27,true)
(60,27,true)
(69,27,true)
(78,27,true)
(82,27,true)
(84,27,true)
(90,27,true)
(92,27,true)
(98,27,true)
(107,27,true)
(108,27,false)
(115,27,true)
(116,27,true)
(117,27,true)
(120,27,true)
(121,27,true)
(122,27,false)
(123,27,true)
(125,27,true)
(128,27,false)
(130,27,true)
(135,27,true)
(136,27,true)
(137,27,true)
(138,27,true)
(139,27,true)
(149,27,true)
(152,27,true)
(154,27,true)
(155,27,true)
(156,27,false)
(159,27,true)
(169,27,true)
(171,27,true)
(174,27,true)
(176,27,true)
(178,27,true)
(186,27,true)
(187,27,true)
(190,27,true)
(192,27,true)
(195,27,true)
(199,27,true)
(2,28,false)
(5,28,false)
(12,28,false)
(18,28,false)
(20,28,false)
(23,28,false)
(24,28,false)
(28,28,false)
(31,28,false)
(32,28,false)
(35,28,false)
(38,28,false)
(44,28,true)
(48,28,true)
(53,28,false)
(54,28,true)
(55,28,true)
(57,28,true)
(60,28,true)
(61,28,true)
(65,28,true)
(67,28,true)
(75,28,true)
(77,28,true)
(80,28,true)
(84,28,true)
(85,28,true)
(87,28,true)
(88,28,true)
(99,28,false)
(104,28,true)
(109,28,true)
(115,28,true)
(118,28,true)
(124,28,true)
(132,28,true)
(133,28,true)
(141,28,true)
(142,28,true)
(145,28,true)
(153,28,true)
(154,28,true)
(157,28,true)
(158,28,true)
(159,28,true)
(160,28,true)
(164,28,true)
(167,28,true)
(168,28,true)
(169,28,true)
(170,28,true)
(171,28,true)
(184,28,true)
(199,28,true)
(5,29,false)
(8,29,false)
(13,29,false)
(16,29,false)
(19,29,false)
(23,29,false)
(25,29,false)
(26,29,false)
(27,29,true)
(30,29,false)
(42,29,true)
(55,29,true)
(56,29,true)
(57,29,true)
(59,29,true)
(60,29,true)
(69,29,false)
(73,29,true)
(81,29,true)
(82,29,true)
(88,29,true)
(89,29,true)
(91,29,true)
(92,29,true)
(93,29,true)
(104,29,true)
(106,29,true)
(108,29,true)
(112,29,true)
(113,29,true)
(121,29,true)
(128,29,true)
(130,29,true)
(133,29,true)
(134,29,true)
(135,29,true)
(143,29,true)
(144,29,true)
(149,29,true)
(151,29,true)
(157,29,true)
(158,29,true)
(160,29,false)
(162,29,true)
(165,29,true)
(167,29,true)
(174,29,true)
(178,29,true)
(180,29,true)
(184,29,true)
(185,29,true)
(189,29,true)
(193,29,true)
(195,29,true)
(3,30,false)
(13,30,false)
(17,30,false)
(30,30,false)
(32,30,false)
(36,30,false)
(41,30,true)
(46,30,true)
(50,30,true)
(54,30,true)
(58,30,false)
(60,30,true)
(66,30,true)
(67,30,true)
(69,30,false)
(71,30,true)
(79,30,true)
(80,30,true)
(81,30,true)
(82,30,true)
(83,30,true)
(90,30,true)
(100,30,true)
(101,30,false)
(107,30,true)
(110,30,true)
(111,30,true)
(112,30,true)
(116,30,true)
(120,30,true)
(125,30,true)
(126,30,true)
(137,30,true)
(142,30,true)
(144,30,true)
(146,30,true)
(147,30,true)
(151,30,true)
(156,30,true)
(157,30,true)
(160,30,true)
(166,30,true)
(168,30,true)
(170,30,true)
(171,30,true)
(177,30,true)
(182,30,true)
(187,30,true)
(188,30,true)
(191,30,true)
(197,30,true)
(199,30,true)
(4,31,false)
(6,31,false)
(7,31,false)
(11,31,false)
(13,31,false)
(14,31,false)
(16,31,false)
(20,31,false)
(26,31,false)
(31,31,false)
(33,31,false)
(34,31,false)
(38,31,false)
(39,31,false)
(41,31,true)
(43,31,true)
(46,31,true)
(51,31,true)
(52,31,false)
(60,31,true)
(64,31,true)
(68,31,true)
(71,31,true)
(74,31,true)
(77,31,true)
(80,31,true)
(82,31,true)
(84,31,false)
(92,31,true)
(97,31,true)
(106,31,true)
(107,31,true)
(108,31,true)
(110,31,true)
(114,31,true)
(117,31,true)
(122,31,true)
(130,31,true)
(134,31,true)
(137,31,true)
(139,31,true)
(142,31,true)
(152,31,true)
(155,31,true)
(166,31,true)
(167,31,true)
(171,31,true)
(197,31,false)
(198,31,true)
(1,32,false)
(3,32,false)
(6,32,false)
(7,32,false)
(9,32,false)
(15,32,false)
(29,32,false)
(40,32,true)
(42,32,true)
(47,32,true)
(49,32,true)
(51,32,true)
(57,32,true)
(64,32,false)
(66,32,true)
(77,32,true)
(86,32,true)
(87,32,true)
(88,32,true)
(99,32,true)
(109,32,true)
(110,32,true)
(112,32,true)
(129,32,true)
(130,32,false)
(131,32,true)
(132,32,true)
(133,32,true)
(136,32,true)
(138,32,true)
(142,32,true)
(143,32,true)
(154,32,true)
(164,32,true)
(168,32,true)
(173,32,true)
(176,32,true)
(184,32,true)
(190,32,true)
(199,32,true)
(8,33,false)
(20,33,false)
(22,33,false)
(30,33,false)
(33,33,false)
(34,33,false)
(39,33,false)
(42,33,true)
(46,33,true)
(47,33,true)
(51,33,true)
(61,33,true)
(63,33,true)
(64,33,true)
(65,33,true)
(70,33,true)
(71,33,true)
(75,33,true)
(78,33,true)
(80,33,false)
(89,33,true)
(97,33,false)
(98,33,true)
(99,33,true)
(100,33,true)
(102,33,true)
(103,33,true)
(109,33,true)
(117,33,true)
(119,33,true)
(120,33,true)
(123,33,true)
(124,33,true)
(125,33,true)
(126,33,true)
(138,33,true)
(139,33,true)
(140,33,true)
(143,33,true)
(148,33,true)
(149,33,true)
(150,33,true)
(158,33,true)
(159,33,true)
(165,33,true)
(169,33,true)
(172,33,true)
(173,33,true)
(176,33,true)
(178,33,true)
(196,33,true)
(4,34,false)
(5,34,false)
(12,34,false)
(16,34,false)
(22,34,false)
(25,34,true)
(29,34,false)
(37,34,false)
(43,34,true)
(55,34,true)
(57,34,true)
(60,34,false)
(62,34,true)
(65,34,true)
(73,34,true)
(79,34,true)
(82,34,true)
(83,34,true)
(97,34,false)
(101,34,true)
(103,34,true)
(105,34,true)
(117,34,true)
(119,34,true)
(124,34,true)
(125,34,true)
(131,34,true)
(132,34,true)
(133,34,true)
(134,34,true)
(137,34,true)
(141,34,true)
(146,34,true)
(150,34,true)
(164,34,true)
(167,34,true)
(168,34,true)
(174,34,true)
(175,34,true)
(176,34,true)
(183,34,true)
(185,34,true)
(191,34,true)
(3,35,false)
(4,35,false)
(5,35,false)
(15,35,false)
(19,35,false)
(20,35,false)
(30,35,false)
(31,35,false)
(32,35,false)
(41,35,true)
(44,35,true)
(47,35,true)
(48,35,true)
(51,35,true)
(57,35,true)
(61,35,true)
(62,35,true)
(64,35,true)
(65,35,true)
(66,35,true)
(69,35,true)
(72,35,true)
(73,35,true)
(81,35,true)
(83,35,true)
(87,35,true)
(92,35,true)
(93,35,true)
(95,35,true)
(98,35,true)
(101,35,true)
(105,35,true)
(107,35,true)
(112,35,true)
(117,35,true)
(121,35,true)
(123,35,true)
(125,35,true)
(139,35,true)
(148,35,true)
(151,35,true)
(153,35,true)
(157,35,true)
(161,35,true)
(167,35,true)
(169,35,true)
(176,35,true)
(180,35,true)
(189,35,true)
(192,35,true)
(193,35,true)
(195,35,true)
(5,36,false)
(8,36,false)
(10,36,false)
(15,36,false)
(21,36,false)
(22,36,false)
(29,36,false)
(32,36,false)
(35,36,false)
(36,36,false)
(38,36,false)
(41,36,true)
(45,36,false)
(53,36,true)
(61,36,true)
(62,36,true)
(65,36,true)
(67,36,true)
(69,36,true)
(71,36,true)
(73,36,true)
(79,36,true)
(83,36,true)
(92,36,true)
(94,36,true)
(95,36,true)
(100,36,true)
(103,36,true)
(105,36,false)
(106,36,true)
(115,36,true)
(116,36,true)
(119,36,true)
(129,36,true)
(130,36,true)
(131,36,true)
(133,36,true)
(138,36,true)
(144,36,false)
(149,36,true)
(156,36,true)
(159,36,true)
(166,36,true)
(182,36,true)
(183,36,true)
(184,36,true)
(197,36,true)
(199,36,true)
(2,37,false)
(3,37,false)
(4,37,false)
(7,37,false)
(20,37,false)
(29,37,false)
(33,37,false)
(36,37,true)
(38,37,false)
(41,37,false)
(42,37,true)
(43,37,true)
(44,37,true)
(55,37,false)
(65,37,true)
(66,37,true)
(70,37,false)
(72,37,false)
(73,37,true)
(75,37,true)
(93,37,true)
(96,37,true)
(97,37,true)
(98,37,true)
(101,37,true)
(104,37,true)
(113,37,true)
(118,37,true)
(123,37,true)
(125,37,true)
(127,37,true)
(128,37,true)
(132,37,true)
(137,37,true)
(142,37,true)
(143,37,true)
(145,37,true)
(146,37,true)
(152,37,true)
(153,37,true)
(164,37,true)
(173,37,true)
(174,37,true)
(189,37,true)
(191,37,true)
(8,38,false)
(12,38,false)
(15,38,false)
(19,38,false)
(26,38,false)
(32,38,false)
(36,38,false)
(37,38,false)
(42,38,true)
(43,38,true)
(44,38,true)
(49,38,true)
(52,38,true)
(62,38,true)
(75,38,true)
(79,38,true)
(82,38,true)
(93,38,true)
(114,38,true)
(117,38,true)
(123,38,true)
(127,38,true)
(129,38,true)
(130,38,true)
(132,38,true)
(138,38,true)
(140,38,true)
(141,38,true)
(150,38,true)
(151,38,true)
(154,38,true)
(155,38,true)
(157,38,true)
(160,38,true)
(163,38,true)
(165,38,true)
(171,38,true)
(172,38,true)
(177,38,true)
(178,38,true)
(182,38,true)
(185,38,true)
(186,38,true)
(188,38,true)
(190,38,true)
(193,38,false)
(198,38,true)
(1,39,false)
(5,39,false)
(12,39,false)
(19,39,false)
(20,39,false)
(21,39,false)
(22,39,false)
(25,39,false)
(27,39,false)
(40,39,true)
(45,39,true)
(48,39,true)
(53,39,true)
(54,39,true)
(66,39,false)
(78,39,true)
(80,39,true)
(82,39,true)
(83,39,true)
(89,39,true)
(92,39,true)
(94,39,true)
(99,39,true)
(100,39,false)
(105,39,false)
(109,39,true)
(114,39,true)
(116,39,true)
(119,39,true)
(120,39,true)
(122,39,true)
(125,39,true)
(130,39,true)
(131,39,true)
(132,39,false)
(142,39,true)
(144,39,true)
(145,39,true)
(148,39,true)
(155,39,true)
(161,39,true)
(165,39,true)
(170,39,true)
(14,40,false)
(17,40,false)
(22,40,false)
(28,40,false)
(30,40,false)
(39,40,false)
(42,40,true)
(44,40,true)
(47,40,true)
(51,40,true)
(57,40,true)
(62,40,true)
(68,40,true)
(72,40,false)
(83,40,true)
(84,40,true)
(86,40,true)
(87,40,true)
(91,40,true)
(95,40,true)
(105,40,true)
(110,40,true)
(113,40,true)
(117,40,true)
(128,40,true)
(133,40,true)
(134,40,true)
(140,40,true)
(142,40,true)
(143,40,true)
(149,40,true)
(150,40,true)
(151,40,true)
(152,40,true)
(165,40,true)
(167,40,true)
(170,40,false)
(171,40,true)
(173,40,true)
(180,40,true)
(189,40,true)
(194,40,true)
(195,40,true)
(198,40,true)
(2,41,false)
(12,41,false)
(14,41,true)
(18,41,false)
(21,41,false)
(23,41,false)
(25,41,false)
(26,41,false)
(27,41,false)
(30,41,false)
(31,41,false)
(35,41,false)
(36,41,false)
(39,41,false)
(40,41,true)
(41,41,true)
(52,41,true)
(53,41,true)
(59,41,true)
(70,41,false)
(72,41,true)
(74,41,true)
(79,41,true)
(85,41,true)
(91,41,false)
(92,41,true)
(107,41,true)
(110,41,true)
(120,41,true)
(123,41,true)
(124,41,true)
(128,41,true)
(129,41,false)
(131,41,true)
(135,41,true)
(137,41,true)
(147,41,true)
(149,41,true)
(152,41,true)
(154,41,true)
(159,41,true)
(167,41,true)
(180,41,true)
(196,41,true)
(3,42,true)
(9,42,false)
(14,42,false)
(15,42,false)
(16,42,false)
(24,42,false)
(26,42,false)
(27,42,false)
(28,42,false)
(35,42,false)
(36,42,false)
(40,42,true)
(46,42,true)
(49,42,true)
(58,42,true)
(59,42,true)
(60,42,true)
(68,42,true)
(73,42,true)
(90,42,false)
(96,42,true)
(104,42,true)
(108,42,true)
(110,42,true)
(115,42,true)
(118,42,true)
(123,42,true)
(135,42,true)
(142,42,true)
(150,42,true)
(152,42,true)
(158,42,true)
(160,42,true)
(161,42,true)
(163,42,true)
(173,42,true)
(177,42,true)
(183,42,true)
(197,42,true)
(1,43,false)
(22,43,false)
(26,43,false)
(30,43,false)
(34,43,false)
(41,43,true)
(51,43,true)
(55,43,true)
(64,43,true)
(71,43,true)
(77,43,true)
(88,43,true)
(92,43,true)
(101,43,true)
(107,43,true)
(122,43,true)
(124,43,true)
(126,43,true)
(134,43,true)
(148,43,false)
(149,43,true)
(152,43,true)
(153,43,true)
(154,43,true)
(162,43,true)
(166,43,true)
(168,43,true)
(169,43,true)
(176,43,true)
(186,43,true)
(193,43,false)
(194,43,true)
(199,43,true)
(3,44,false)
(8,44,true)
(13,44,false)
(23,44,false)
(27,44,false)
(29,44,false)
(34,44,false)
(39,44,false)
(44,44,true)
(50,44,true)
(52,44,true)
(55,44,true)
(63,44,true)
(67,44,true)
(70,44,true)
(74,44,true)
(76,44,true)
(78,44,true)
(85,44,true)
(88,44,true)
(91,44,true)
(93,44,true)
(96,44,true)
(99,44,true)
(100,44,true)
(103,44,true)
(109,44,true)
(120,44,true)
(132,44,true)
(135,44,true)
(146,44,true)
(148,44,true)
(158,44,true)
(159,44,true)
(162,44,true)
(175,44,true)
(179,44,true)
(180,44,true)
(183,44,true)
(185,44,true)
(194,44,true)
(195,44,false)
(197,44,true)
(3,45,false)
(6,45,false)
(19,45,false)
(26,45,false)
(27,45,false)
(31,45,false)
(49,45,true)
(53,45,true)
(54,45,true)
(56,45,true)
(58,45,true)
(63,45,true)
(68,45,true)
(78,45,true)
(85,45,false)
(87,45,true)
(88,45,true)
(89,45,true)
(90,45,true)
(100,45,true)
(107,45,true)
(109,45,true)
(113,45,true)
(114,45,true)
(115,45,true)
(119,45,true)
(120,45,true)
(139,45,true)
(144,45,true)
(145,45,true)
(146,45,true)
(147,45,true)
(150,45,true)
(166,45,true)
(169,45,true)
(170,45,true)
(178,45,true)
(179,45,true)
(189,45,false)
(190,45,true)
(191,45,true)
(192,45,true)
(0,46,false)
(3,46,false)
(4,46,false)
(12,46,false)
(13,46,false)
(17,46,false)
(18,46,false)
(19,46,false)
(22,46,false)
(26,46,false)
(27,46,false)
(28,46,false)
(29,46,false)
(30,46,false)
(31,46,false)
(36,46,false)
(45,46,true)
(47,46,true)
(48,46,true)
(60,46,true)
(62,46,true)
(64,46,true)
(68,46,true)
(76,46,true)
(82,46,true)
(84,46,true)
(88,46,true)
(92,46,true)
(96,46,true)
(107,46,true)
(139,46,true)
(141,46,true)
(150,46,false)
(153,46,true)
(163,46,true)
(164,46,true)
(165,46,true)
(167,46,true)
(168,46,true)
(169,46,true)
(174,46,true)
(186,46,true)
(195,46,true)
(3,47,false)
(6,47,false)
(12,47,false)
(20,47,false)
(26,47,false)
(27,47,false)
(32,47,false)
(40,47,true)
(42,47,true)
(46,47,true)
(47,47,true)
(51,47,true)
(52,47,true)
(53,47,true)
(63,47,true)
(66,47,true)
(70,47,true)
(71,47,true)
(73,47,true)
(78,47,true)
(79,47,true)
(84,47,true)
(89,47,true)
(101,47,true)
(102,47,true)
(110,47,true)
(114,47,true)
(120,47,true)
(129,47,true)
(134,47,true)
(135,47,true)
(137,47,true)
(138,47,true)
(140,47,true)
(141,47,true)
(146,47,true)
(153,47,true)
(155,47,true)
(158,47,true)
(159,47,true)
(161,47,true)
(162,47,true)
(163,47,true)
(168,47,true)
(173,47,true)
(175,47,true)
(180,47,true)
(188,47,true)
(196,47,true)

(69,10)
(60,22)
(44,8)
(126,34)
(152,34)
(143,42)
(124,5)
(17,37)
(99,21)
(131,16)
(53,10)
(73,10)
(83,46)
(85,29)
(168,31)
(46,0)
(0,18)
(161,5)
(197,28)
(8,26)
(177,40)
(72,46)
(184,7)
(64,24)
(146,8)
(153,34)
(133,10)
(140,0)
(40,26)
(188,7)
(5,46)
(29,6)
(99,37)
(185,5)
(24,41)
(117,3)
(26,35)
(75,1)
(20,13)
(61,26)
(164,31)
(121,3)
(189,26)
(45,16)
(70,2)
(70,12)
(146,33)
(29,3)
(112,33)
(114,12)
(191,21)
(112,37)
(65,16)
(4,32)
(85,4)
(168,38)
(151,27)
(88,38)
(31,24)
(59,5)
(67,21)
(198,23)
(71,29)
(4,22)
(171,32)
(78,3)
(54,43)
(155,9)
(191,13)
(60,32)
(144,32)
(41,44)
(105,30)
(59,18)
(32,21)
(23,21)
(124,2)
(90,14)
(44,24)
(122,45)
(52,45)
(75,30)
(51,30)
(86,39)
(48,37)
(107,16)
(134,22)
(73,38)
(139,28)
(85,34)
(38,15)
(163,30)
(140,25)
(184,23)
(89,6)
(172,47)
(85,39)
(78,4)
(22,38)
(94,7)
(8,2)
(171,5)
(61,21)
(86,16)
(79,31)
(113,32)
(193,11)
(187,41)
(36,14)
(57,11)
(94,3)
(111,47)
(181,23)
(80,36)
(93,23)
(176,42)
(48,17)
(171,4)
(51,19)
(28,31)
(143,39)
(175,15)
(33,16)
(176,21)
(92,21)
(87,30)
(33,15)
(108,44)
(131,0)
(22,1)
(37,23)
(67,1)
(137,11)
(90,22)
(118,6)
(141,11)
(175,25)
(116,33)
(155,14)
(147,28)
(14,18)
(110,2)
(136,1)
(163,37)
(113,47)
(57,13)
(55,8)
(126,8)
(18,47)
(196,16)
(10,32)
(13,10)
(9,1)
(56,1)
(78,21)
(88,19)
(26,3)
(149,16)
(74,17)
(28,12)
(94,8)
(196,34)
(4,29)
(65,11)
(129,29)
(75,13)
(42,8)
(41,11)
(32,40)
(93,8)
(96,28)
(181,15)
(18,4)
(78,22)
(195,14)
(7,17)
(45,28)
(85,23)
(23,26)
(166,29)
(133,42)
(140,23)
(178,11)
(40,40)
(28,10)
(0,36)
(38,46)
(122,28)
(35,45)
(32,20)
(107,24)
(8,17)
(27,26)
(90,24)
(177,36)
(73,20)
(128,44)
(48,33)
(113,46)
(169,37)
(146,36)
(31,42)
(23,0)
(160,45)
(187,39)
(22,21)
(115,19)
(25,30)
(176,46)
(9,38)
(139,23)
(5,43)
(119,22)
(159,10)
(30,26)
(13,15)
(118,38)
(107,14)
(78,35)
(40,19)
(109,10)
(182,11)
(167,27)
(45,4)
(78,1)
(177,37)
(154,16)
(163,8)
(15,3)
(75,5)
(139,30)
(137,5)
(16,7)
(151,6)
(89,28)
(162,11)
(73,1)
(108,3)
(128,19)
(49,0)
(194,1)
(194,12)
(113,39)
(68,4)
(35,38)
(111,39)
(73,28)
(65,9)
(69,11)
(173,18)
(93,45)
(191,1)
(63,25)
(103,5)
(100,12)
(183,15)
(156,24)
(73,41)
(126,45)
(28,14)
(112,46)
(49,43)
(113,25)
(27,36)
(143,23)
(5,40)
(127,7)
(186,47)
(73,45)
(180,38)
(52,5)
(196,26)
(25,15)
(19,47)
(134,20)
(81,20)
(67,2)
(49,11)
(88,37)
(177,22)
(122,10)
(190,6)
(16,12)
(181,7)
(61,37)
(58,21)
(179,15)
(139,1)
(43,12)
(82,19)
(119,18)
(121,40)
(130,43)
(0,8)
(65,38)
(52,35)
(83,8)
(114,26)
(56,47)
(136,28)
(188,45)
(41,4)
(16,25)
(78,42)
(49,23)
(154,46)
(69,34)
(100,10)
(98,40)
(89,44)
(50,27)
(92,1)
(52,34)
(184,20)
(158,27)
(72,36)
(30,13)
(144,11)
(179,2)
(74,15)
(39,15)
(188,43)
(9,47)
(187,6)
(13,20)
(14,3)
(111,3)
(19,28)
(81,36)
(153,6)
(28,35)
(5,19)
(51,38)
(24,19)
(100,5)
(124,15)
(189,16)
(173,17)
(88,34)
(147,4)
(194,41)
(185,22)
(46,44)
(75,39)
(4,16)
(68,41)
(152,33)
(51,21)
(182,32)
(124,16)
(48,3)
(160,40)
(91,5)
(169,0)
(35,39)
(119,26)
(89,31)
(77,42)
(29,8)
(84,13)
(193,3)
(14,24)
(47,36)
(196,1)
(79,17)
(57,21)
(96,16)
(33,42)
(105,44)
(66,21)
(109,8)
(140,13)
(68,44)
(81,47)
(135,2)
(184,3)
(38,19)
(198,7)
(12,6)
(39,45)
(179,37)
(87,23)
(1,2)
(79,11)
(148,22)
(84,17)
(90,1)
(107,18)
(15,45)
(149,7)
(187,40)
(137,36)
(103,45)
(50,5)
(61,15)
(62,45)
(30,18)
(172,29)
(6,43)
(106,30)
(86,41)
(135,33)
(34,25)
(69,32)
(111,31)
(30,10)
(99,36)
(124,19)
(140,5)
(34,42)
(46,11)
(191,43)
(119,37)
(161,41)
(60,23)
(132,29)
(143,0)
(75,9)
(106,13)
(111,42)
(18,21)
(178,3)
(162,2)
(126,42)
(152,25)
(2,6)
(43,11)
(160,8)
(174,7)
(16,41)
(48,36)
(4,4)
(141,43)
(13,6)
(160,10)
(12,15)
(155,12)
(17,6)
(91,23)
(126,21)
(17,47)
(108,35)
(95,30)
(103,23)
(37,21)
(120,5)
(92,44)
(39,34)
(73,9)
(23,17)
(140,26)
(199,4)
(46,4)
(42,20)
(91,11)
(6,16)
(104,10)
(111,35)
(80,24)
(50,35)
(43,7)
(87,29)
(181,40)
(38,11)
(80,34)
(195,47)
(114,6)
(143,44)
(181,13)
(71,23)
(42,35)
(6,13)
(152,5)
(185,32)
(190,19)
(41,16)
(199,29)
(60,6)
(89,32)
(47,16)
(163,44)
(35,35)
(5,27)
(41,26)
(163,21)
(9,0)
(124,23)
(190,25)
(80,7)
(54,47)
(90,47)
(175,18)
(29,12)
(21,24)
(1,11)
(75,35)
(180,23)
(127,27)
(28,16)
(102,28)
(154,10)
(120,17)
(187,4)
(73,23)
(18,29)
(194,16)
(159,14)
(150,20)
(40,27)
(143,38)
(15,6)
(165,35)
(7,25)
(61,45)
(0,35)
(12,40)
(18,3)
(150,14)
(133,18)
(144,44)
(78,37)
(189,8)
(149,45)
(132,24)
(24,47)
(163,32)
(91,42)
(51,41)
(13,14)
(184,35)
(152,24)
(139,20)
(51,3)
(53,15)
(181,1)
(125,9)
(177,27)
(156,14)
(137,28)
(187,24)
(13,4)
(69,3)
(40,36)
(71,4)
(23,3)
(78,8)
(133,9)
(188,23)
(57,20)
(177,17)
(197,18)
(177,6)
(181,32)
(116,12)
(185,25)
(122,24)
(168,2)
(13,36)
(176,45)
(66,9)
(151,18)
(47,8)
(2,19)
(84,6)
(184,13)
(91,15)
(195,16)
(57,30)
(4,3)
(29,7)
(72,30)
(17,28)
(140,39)
(31,44)
(180,14)
(73,16)
(153,2)
(62,6)
(32,10)
(188,3)
(187,31)
(7,39)
(99,38)
(192,16)
(117,8)
(3,5)
(91,24)
(58,19)
(179,9)
(139,42)
(76,24)
(180,9)
(137,44)
(152,35)
(172,3)
(9,6)
(134,46)
(51,5)
(6,38)
(93,21)
(143,26)
(140,34)
(193,41)
(70,39)
(100,20)
(114,5)
(54,8)
(10,31)
(11,27)
(172,42)
(42,30)
(20,24)
(45,19)
(153,23)
(7,11)
(4,44)
(171,1)
(52,28)
(44,12)
(66,15)
(14,17)
(46,13)
(5,38)
(0,20)
(149,28)
(171,33)
(114,10)
(107,11)
(83,22)
(65,7)
(89,3)
(147,17)
(173,3)
(154,7)
(21,21)
(29,17)
(138,8)
(89,18)
(56,15)
(63,16)
(112,31)
(165,21)
(175,14)
(118,35)
(125,11)
(189,3)
(115,5)
(68,47)
(164,30)
(132,10)
(148,37)
(173,44)
(177,4)
(5,24)
(50,40)
(190,30)
(196,5)
(84,20)
(89,30)
(8,25)
(90,35)
(55,31)
(44,36)
(185,16)
(125,24)
(186,13)
(33,2)
(65,20)
(52,25)
(58,27)
(41,23)
(141,13)
(102,27)
(196,28)
(100,32)
(118,39)
(88,12)
(138,19)
(109,6)
(179,34)
(110,26)
(183,33)
(198,8)
(123,47)
(98,24)
(179,46)
(195,42)
(172,8)
(15,2)
(86,18)
(152,9)
(57,22)
(80,5)
(96,20)
(65,40)
(86,7)
(124,30)
(18,31)
(15,26)
(107,21)
(17,42)
(31,19)
(171,23)
(49,34)
(17,36)
(110,36)
(107,4)
(31,10)
(10,29)
(188,20)
(108,13)
(29,28)
(140,12)
(140,18)
(19,12)
(172,45)
(50,32)
(113,26)
(65,0)
(92,16)
(98,29)
(35,25)
(164,33)
(16,14)
(193,27)
(122,35)
(101,1)
(74,6)
(17,23)
(192,9)
(126,3)
(136,35)
(149,37)
(120,7)
(180,15)
(148,29)
(173,1)
(56,23)
(107,19)
(0,26)
(45,8)
(79,8)
(81,43)
(144,14)
(91,34)
(166,5)
(15,39)
(109,19)
(22,14)
(156,38)
(174,1)
(93,1)
(11,32)
(15,44)
(163,20)
(31,14)
(195,43)
(16,32)
(154,39)
(23,2)
(67,33)
(121,44)
(105,13)
(123,45)
(116,40)
(74,47)
(11,43)
(109,30)
(105,2)
(178,37)
(187,34)
(175,39)
(172,12)
(29,30)
(140,36)
(133,21)
(36,2)
(74,35)
(138,31)
(120,43)
(171,9)
(27,9)
(10,42)
(174,41)
(174,47)
(152,16)
(77,20)
(77,35)
(103,27)
(61,13)
(141,25)
(24,40)
(32,19)
(7,30)
(9,36)
(133,39)
(105,20)
(175,23)
(67,3)
(101,7)
(58,6)
(57,5)
(187,0)
(28,32)
(167,39)
(158,18)
(167,5)
(145,41)
(149,25)
(62,24)
(73,40)
(164,9)
(195,36)
(96,14)
(138,37)
(171,29)
(86,6)
(154,36)
(126,44)
(109,0)
(180,13)
(196,24)
(136,0)
(143,43)
(115,20)
(53,32)
(184,2)
(192,46)
(32,26)
(140,9)
(126,26)
(153,1)
(34,20)
(172,43)
(125,7)
(28,43)
(134,44)
(178,9)
(74,40)
(0,19)
(127,19)
(28,0)
(136,37)
(26,28)
(7,29)
(90,9)
(13,39)
(113,22)
(144,24)
(81,31)
(55,22)
(20,10)
(59,37)
(139,44)
(35,12)
(45,13)
(22,32)
(85,2)
(26,19)
(50,23)
(124,9)
(197,29)
(111,17)
(91,45)
(61,11)
(188,35)
(94,23)
(57,46)
(31,2)
(179,6)
(191,22)
(111,38)
(22,6)
(20,36)
(101,10)
(88,31)
(149,32)
(62,2)
(104,44)
(68,29)
(125,3)
(196,12)
(11,37)
(57,10)
(71,0)
(58,43)
(87,47)
(178,1)
(143,31)
(35,23)
(61,27)
(188,9)
(21,44)
(126,23)
(176,44)
(46,9)
(40,9)
(198,28)
(39,22)
(175,29)
(22,27)
(25,3)
(73,12)
(168,39)
(167,13)
(179,8)
(132,18)
(167,45)
(26,16)
(6,24)
(171,44)
(178,18)
(8,39)
(76,33)
(46,34)
(88,23)
(5,42)
(117,6)
(162,3)
(180,20)
(168,22)
(13,3)
(55,20)
(167,22)
(119,42)
(85,8)
(80,32)
(181,25)
(73,19)
(165,1)
(174,38)
(11,21)
(43,17)
(46,12)
(15,4)
(142,14)
(187,8)
(196,46)
(159,43)
(135,3)
(194,29)
(125,38)
(124,39)
(89,27)
(143,17)
(54,4)
(36,47)
(164,6)
(30,21)
(155,6)
(170,5)
(19,19)
(78,36)
(182,8)
(109,36)
(111,14)
(122,47)
(42,9)
(90,37)
(112,27)
(168,41)
(20,5)
(50,7)
(60,1)
(28,38)
(180,17)
(39,46)
(41,8)
(117,36)
(91,32)
(186,35)
(107,28)
(102,3)
(134,19)
(14,39)
(48,6)
(9,21)
(167,36)
(51,23)
(112,20)
(72,27)
(31,26)
(21,47)
(66,2)
(53,37)
(92,25)
(148,1)
(83,32)
(108,30)
(127,45)
(177,35)
(151,8)
(31,43)
(155,1)
(61,22)
(14,20)
(189,5)
(30,27)
(96,24)
(69,17)
(47,14)
(149,8)
(0,33)
(41,38)
(75,29)
(159,18)
(132,36)
(6,39)
(144,21)
(194,31)
(87,14)
(122,8)
(87,16)
(191,29)
(43,39)
(181,22)
(139,18)
(81,4)
(13,40)
(91,13)
(18,10)
(83,25)
(138,21)
(161,8)
(3,9)
(110,46)
(166,0)
(187,43)
(55,35)
(133,11)
(193,7)
(102,18)
(33,32)
(34,35)
(101,40)
(186,44)
(44,16)
(140,22)
(139,47)
(105,46)
(148,23)
(56,44)
(120,32)
(139,34)
(158,12)
(172,20)
(41,2)
(89,15)
(106,33)
(163,31)
(105,17)
(106,39)
(186,37)
(117,25)
(161,29)
(125,46)
(30,44)
(74,16)
(141,23)
(57,39)
(0,34)
(39,26)
(53,44)
(160,18)
(147,31)
(118,23)
(113,10)
(71,19)
(13,8)
(149,22)
(99,12)
(189,33)
(145,18)
(6,27)
(180,25)
(84,43)
(13,24)
(120,14)
(103,38)
(166,10)
(65,46)
(14,16)
(158,2)
(50,25)
(43,2)
(83,1)
(14,46)
(109,21)
(105,27)
(80,9)
(89,11)
(61,41)
(98,36)
(127,35)
(92,15)
(116,47)
(171,19)
(88,36)
(155,3)
(44,13)
(85,13)
(105,23)
(91,30)
(196,39)
(41,42)
(199,47)
(81,44)
(18,17)
(153,11)
(84,18)
(95,33)
(162,31)
(170,46)
(105,26)
(2,31)
(112,28)
(55,33)
(91,47)
(110,25)
(49,37)
(48,44)
(190,2)
(113,1)
(137,14)
(72,9)
(56,19)
(49,15)
(27,2)
(82,5)
(140,6)
(47,45)
(195,28)
(98,31)
(115,21)
(124,32)
(121,16)
(154,29)
(166,40)
(66,10)
(26,39)
(46,19)
(128,39)
(150,41)
(144,37)
(58,20)
(5,30)
(166,39)
(57,42)
(1,3)
(33,3)
(126,15)
(118,29)
(117,10)
(147,38)
(41,34)
(65,10)
(99,27)
(41,32)
(30,34)
(148,10)
(64,3)
(110,24)
(74,37)
(25,18)
(154,8)
(185,11)
(176,29)
(29,16)
(131,29)
(22,10)
(189,42)
(38,20)
(74,7)
(159,26)
(116,6)
(86,44)
(79,10)
(39,29)
(121,46)
(27,15)
(74,36)
(87,27)
(148,20)
(91,22)
(41,13)
(192,33)
(48,20)
(126,41)
(35,17)
(63,11)
(22,44)
(163,25)
(118,36)
(170,6)
(34,9)
(123,11)
(91,28)
(192,47)
(14,30)
(47,21)
(129,19)
(99,20)
(198,45)
(134,25)
(42,15)
(58,10)
(40,28)
(166,7)
(40,16)
(7,35)
(55,0)
(69,4)
(95,26)
(10,35)
(114,42)
(161,18)
(24,9)
(57,12)
(116,26)
(113,31)
(113,5)
(87,8)
(148,42)
(5,26)
(95,41)
(147,11)
(190,46)
(58,16)
(175,36)
(98,39)
(151,47)
(63,6)
(164,4)
(0,40)
(55,38)
(44,41)
(46,8)
(165,31)
(97,6)
(147,35)
(28,29)
(27,30)
(79,37)
(150,17)
(186,3)
(17,4)
(102,30)
(173,4)
(34,11)
(176,6)
(191,46)
(11,20)
(89,8)
(92,22)
(100,6)
(196,8)
(74,3)
(49,29)
(140,37)
(105,15)
(128,23)
(168,21)
(42,44)
(168,9)
(50,22)
(37,43)
(30,11)
(109,38)
(17,27)
(123,6)
(74,27)
(69,19)
(79,25)
(145,20)
(148,12)
(138,4)
(177,29)
(169,8)
(37,11)
(132,35)
(143,41)
(126,32)
(81,15)
(130,34)
(116,13)
(3,21)
(27,19)
(76,14)
(146,15)
(104,30)
(64,29)
(46,14)
(197,45)
(142,5)
(132,16)
(154,33)
(185,47)
(37,5)
(36,17)
(52,2)
(41,47)
(29,45)
(136,39)
(36,7)
(66,14)
(24,3)
(57,9)
(188,40)
(26,24)
(9,35)
(3,8)
(1,40)
(76,6)
(24,4)
(145,44)
(57,14)
(138,39)
(22,25)
(34,46)
(31,29)
(11,7)
(89,38)
(85,33)
(157,34)
(174,4)
(67,37)
(48,47)
(69,2)
(64,10)
(38,39)
(43,16)
(181,28)
(172,37)
(173,13)
(54,25)
(63,31)
(8,12)
(182,20)
(189,44)
(65,4)
(27,38)
(158,9)
(50,42)
(32,32)
(27,3)
(127,31)
(107,23)
(104,34)
(192,29)
(107,10)
(73,33)
(127,17)
(90,16)
(131,1)
(97,22)
(78,17)
(19,15)
(33,38)
(186,9)
(66,17)
(163,14)
(111,2)
(166,18)
(0,42)
(105,4)
(160,22)
(130,4)
(169,10)
(71,26)
(81,9)
(68,1)
(42,26)
(49,39)
(171,35)
(30,36)
(43,13)
(188,36)
(103,25)
(158,17)
(184,15)
(44,4)
(51,18)
(120,29)
(33,44)
(36,39)
(167,24)
(71,40)
(101,6)
(99,13)
(182,39)
(68,18)
(132,9)
(69,9)
(16,47)
(162,0)
(6,21)
(49,31)
(84,23)
(50,3)
(14,19)
(164,18)
(67,35)
(174,40)
(121,47)
(48,4)
(146,2)
(134,36)
(50,38)
(119,1)
(182,14)
(163,36)
(26,1)
(173,14)
(145,36)
(160,16)
(56,0)
(41,45)
(114,18)
(151,33)
(93,4)
(4,23)
(167,44)
(9,28)
(131,23)
(55,10)
(73,22)
(186,41)
(179,32)
(194,35)
(154,23)
(100,22)
(184,45)
(111,28)
(66,34)
(24,39)
(160,19)
(170,29)
(135,24)
(119,4)
(156,10)
(33,25)
(113,38)
(50,10)
(58,28)
(198,27)
(185,31)
(23,4)
(21,34)
(199,3)
(112,6)
(172,1)
(167,12)
(155,13)
(37,19)
(16,13)
(172,13)
(82,16)
(27,23)
(32,45)
(134,26)
(10,20)
(59,6)
(39,11)
(72,10)
(137,13)
(99,16)
(35,15)
(94,47)
(58,5)
(57,47)
(59,31)
(73,0)
(34,6)
(178,42)
(117,41)
(175,11)
(15,8)
(198,44)
(120,34)
(28,2)
(45,40)
(3,39)
(92,9)
(173,10)
(199,46)
(16,8)
(39,43)
(92,4)
(85,43)
(96,3)
(29,25)
(63,17)
(182,27)
(66,13)
(171,11)
(11,41)
(15,15)
(25,32)
(108,25)
(40,22)
(113,0)
(102,32)
(22,12)
(39,20)
(36,1)
(26,5)
(73,21)
(109,16)
(25,14)
(167,15)
(28,4)
(186,11)
(68,2)
(18,34)
(23,18)
(122,36)
(159,17)
(113,33)
(13,38)
(170,36)
(129,37)
(114,41)
(50,26)
(178,47)
(101,5)
(7,26)
(174,32)
(155,45)
(27,10)
(107,25)
(13,25)
(172,10)
(185,7)
(187,35)
(162,45)
(44,21)
(129,26)
(13,34)
(116,8)
(157,13)
(106,3)
(131,40)
(149,47)
(196,38)
(11,13)
(92,7)
(77,37)
(176,26)
(38,34)
(182,4)
(162,32)
(4,8)
(69,41)
(187,47)
(122,0)
(120,36)
(141,26)
(111,26)
(80,41)
(49,3)
(150,31)
(55,46)
(95,31)
(134,14)
(186,24)
(71,27)
(5,33)
(153,8)
(91,31)
(94,32)
(55,4)
(135,12)
(187,14)
(161,45)
(3,11)
(155,41)
(79,26)
(141,9)
(96,39)
(37,16)
(142,29)
(182,46)
(34,34)
(189,24)
(128,3)
(50,47)
(17,16)
(71,9)
(5,11)
(43,35)
(91,37)
(18,20)
(199,7)
(87,24)
(14,33)
(159,21)
(184,14)
(64,6)
(175,26)
(7,13)
(48,42)
(176,30)
(134,28)
(43,20)
(64,15)
(0,37)
(3,40)
(184,47)
(81,8)
(173,41)
(23,33)
(37,36)
(129,20)
(91,43)
(176,25)
(158,38)
(164,15)
(9,37)
(9,5)
(83,15)
(53,40)
(85,19)
(188,28)
(120,35)
(187,21)
(78,30)
(9,27)
(180,3)
(139,8)
(33,22)
(52,29)
(71,28)
(22,30)
(114,20)
(179,47)
(89,46)
(80,1)
(104,8)
(27,16)
(101,23)
(44,11)
(125,28)
(122,29)
(123,17)
(12,24)
(162,12)
(96,47)
(126,2)
(80,15)
(77,6)
(30,47)
(178,31)
(67,20)
(113,34)
(73,13)
(67,18)
(153,29)
(16,37)
(61,7)
(196,13)
(67,23)
(173,22)
(148,40)
(13,28)
(175,37)
(90,18)
(42,4)
(48,26)
(117,2)
(33,1)
(88,15)
(174,30)
(133,14)
(109,2)
(82,36)
(62,3)
(182,35)
(1,31)
(102,23)
(173,12)
(35,26)
(78,7)
(133,6)
(66,25)
(83,7)
(118,11)
(195,37)
(53,4)
(38,24)
(73,39)
(197,10)
(100,15)
(82,41)
(173,21)
(127,46)
(34,36)
(40,35)
(133,46)
(185,33)
(73,3)
(62,30)
(101,44)
(76,17)
(52,23)
(178,23)
(8,18)
(22,22)
(111,6)
(31,20)
(36,4)
(117,22)
(72,7)
(171,34)
(82,3)
(153,21)
(166,26)
(63,36)
(49,20)
(119,16)
(71,3)
(184,34)
(17,1)
(190,44)
(58,14)
(103,28)
(74,4)
(33,4)
(194,38)
(20,38)
(23,32)
(45,42)
(96,19)
(169,32)
(128,13)
(75,36)
(24,44)
(68,9)
(29,2)
(99,6)
(86,10)
(126,1)
(5,37)
(116,42)
(29,31)
(187,44)
(45,41)
(174,16)
(155,22)
(39,37)
(179,43)
(107,34)
(47,17)
(116,0)
(174,13)
(174,3)
(23,10)
(89,35)
(134,8)
(36,32)
(133,41)
(35,14)
(105,42)
(11,33)
(33,5)
(123,16)
(14,12)
(76,25)
(181,31)
(11,34)
(137,15)
(51,7)
(167,17)
(89,41)
(140,7)
(111,45)
(186,34)
(32,25)
(9,19)
(135,8)
(123,39)
(165,19)
(72,45)
(146,41)
(101,11)
(183,41)
(132,8)
(184,21)
(80,17)
(90,29)
(64,37)
(61,17)
(124,22)
(146,24)
(165,11)
(92,6)
(44,14)
(124,17)
(137,26)
(172,46)
(184,5)
(112,39)
(62,13)
(33,18)
(189,28)
(86,12)
(138,43)
(99,30)
(36,18)
(151,44)
(15,10)
(150,10)
(185,42)
(125,18)
(147,40)
(58,26)
(75,17)
(187,2)
(149,30)
(80,2)
(55,11)
(76,40)
(156,37)
(134,13)
(179,16)
(30,17)
(143,21)
(113,18)
(106,11)
(180,37)
(132,13)
(78,20)
(63,13)
(133,47)
(151,17)
(132,1)
(53,6)
(158,16)
(181,10)
(99,34)
(29,41)
(74,13)
(7,15)
(159,45)
(77,3)
(93,16)
(43,32)
(127,40)
(150,28)
(10,1)
(126,29)
(168,37)
(122,23)
(96,33)
(85,5)
(191,14)
(29,33)
(168,5)
(175,31)
(161,44)
(191,7)
(172,30)
(110,4)
(128,14)
(192,5)
(183,39)
(99,14)
(13,43)
(124,14)
(167,8)
(150,36)
(161,32)
(195,10)
(192,39)
(80,26)
(14,45)
(99,41)
(161,43)
(13,37)
(122,41)
(189,39)
(36,22)
(23,42)
(131,14)
(12,35)
(156,16)
(3,33)
(199,33)
(176,17)
(31,7)
(138,9)
(75,32)
(166,38)
(27,13)
(131,9)
(173,27)
(17,39)
(33,11)
(125,1)
(187,36)
(95,4)
(40,10)
(10,11)
(49,40)
(77,1)
(150,19)
(34,17)
(122,20)
(42,42)
(131,28)
(17,10)
(97,30)
(148,26)
(8,4)
(21,1)
(86,42)
(129,9)
(153,31)
(119,9)
(31,33)
(187,18)
(70,29)
(117,45)
(18,0)
(49,41)
(72,44)
(91,7)
(107,12)
(85,6)
(84,39)
(1,6)
(161,14)
(154,6)
(166,35)
(40,5)
(81,45)
(15,22)
(100,31)
(178,5)
(97,27)
(5,31)
(117,16)
(42,5)
(118,19)
(27,11)
(32,7)
(184,31)
(175,32)
(47,9)
(199,42)
(62,26)
(180,5)
(30,14)
(75,47)
(100,14)
(4,11)
(56,11)
(122,6)
(89,42)
(83,19)
(4,26)
(115,13)
(96,8)
(152,21)
(11,2)
(8,21)
(80,43)
(80,4)
(105,8)
(154,15)
(57,41)
(90,8)
(116,31)
(73,30)
(36,40)
(9,15)
(117,19)
(147,33)
(122,11)
(4,38)
(2,27)
(171,16)
(180,18)
(66,29)
(58,33)
(150,11)
(102,44)
(71,18)
(99,15)
(19,44)
(40,2)
(174,9)
(65,29)
(101,45)
(84,15)
(96,40)
(175,35)
(55,19)
(19,7)
(100,34)
(9,14)
(177,32)
(170,33)
(118,33)
(67,9)
(112,4)
(182,6)
(47,30)
(37,17)
(102,31)
(166,21)
(132,14)
(4,24)
(187,42)
(152,36)
(168,7)
(147,8)
(163,39)
(46,38)
(87,4)
(132,11)
(130,5)
(110,16)
(116,38)
(42,43)
(177,21)
(122,30)
(68,15)
(31,9)
(43,33)
(102,36)
(78,23)
(183,7)
(179,1)
(49,16)
(55,23)
(14,23)
(54,36)
(43,8)
(169,20)
(139,19)
(182,5)
(91,12)
(119,24)
(73,24)
(0,17)
(43,46)
(152,17)
(48,22)
(190,5)
(37,4)
(128,21)
(43,15)
(93,28)
(57,37)
(78,15)
(13,12)
(111,40)
(163,45)
(2,47)
(173,46)
(127,5)
(0,41)
(41,18)
(63,5)
(81,22)
(119,46)
(172,35)
(94,19)
(172,14)
(184,17)
(194,47)
(131,33)
(30,28)
(187,20)
(190,35)
(140,28)
(97,44)
(142,44)
(103,29)
(161,22)
(26,2)
(172,41)
(18,33)
(10,27)
(165,24)
(148,30)
(193,30)
(195,19)
(117,14)
(173,25)
(190,34)
(41,5)
(58,8)
(98,30)
(7,21)
(193,2)
(162,38)
(188,37)
(11,19)
(131,2)
(111,34)
(120,12)
(141,41)
(48,43)
(180,24)
(132,3)
(28,41)
(108,45)
(41,39)
(36,13)
(25,31)
(36,45)
(90,11)
(59,11)
(180,33)
(187,7)
(178,14)
(48,30)
(161,31)
(10,12)
(136,36)
(52,12)
(196,37)
(124,24)
(199,6)
(160,6)
(69,37)
(102,7)
(19,41)
(118,18)
(18,39)
(76,41)
(145,31)
(178,30)
(0,39)
(138,29)
(79,32)
(151,43)
(66,31)
(194,22)
(152,47)
(92,33)
(152,30)
(18,16)
(115,44)
(20,26)
(125,36)
(87,11)
(4,17)
(4,20)
(154,22)
(108,16)
(125,2)
(84,32)
(36,11)
(9,13)
(106,2)
(1,29)
(171,45)
(134,33)
(144,10)
(109,34)
(31,21)
(91,25)
(191,40)
(199,5)
(124,38)
(182,31)
(122,37)
(146,38)
(164,39)
(157,20)
(130,10)
(75,12)
(184,40)
(23,47)
(6,9)
(125,44)
(60,20)
(188,33)
(118,3)
(183,37)
(189,2)
(195,26)
(164,3)
(150,43)
(112,1)
(22,13)
(94,18)
(47,31)
(171,39)
(57,31)
(4,36)
(69,42)
(34,10)
(178,20)
(6,0)
(28,22)
(11,12)
(128,36)
(90,6)
(86,38)
(115,18)
(74,19)
(173,29)
(72,34)
(192,19)
(106,9)
(156,47)
(109,23)
(80,18)
(22,4)
(175,28)
(19,42)
(160,5)
(75,21)
(35,3)
(112,11)
(11,35)
(41,12)
(155,43)
(133,16)
(112,13)
(120,13)
(187,26)
(148,36)
(186,8)
(16,30)
(93,9)
(18,11)
(178,21)
(80,45)
(190,47)
(8,13)
(171,47)
(169,25)
(149,14)
(97,8)
(197,4)
(170,20)
(142,38)
(121,21)
(188,13)
(125,40)
(117,11)
(177,10)
(3,19)
(46,26)
(133,19)
(1,12)
(40,30)
(140,11)
(92,30)
(71,24)
(160,35)
(104,46)
(33,28)
(69,25)
(82,15)
(140,45)
(91,38)
(158,6)
(59,20)
(41,22)
(11,9)
(178,40)
(178,10)
(17,19)
(131,5)
(122,12)
(191,42)
(197,37)
(115,16)
(96,17)
(182,9)
(87,7)
(56,7)
(7,24)
(60,8)
(133,23)
(21,18)
(102,35)
(108,4)
(159,40)
(142,41)
(50,37)
(52,15)
(128,22)
(32,12)
(57,33)
(77,5)
(132,20)
(4,21)
(155,32)
(59,35)
(176,4)
(116,44)
(9,20)
(152,7)
(37,14)
(84,38)
(97,42)
(71,2)
(39,24)
(83,5)
(85,32)
(25,37)
(97,4)
(136,5)
(42,27)
(54,19)
(93,27)
(5,32)
(33,17)
(67,13)
(121,11)
(128,32)
(46,37)
(3,34)
(185,17)
(168,20)
(191,10)
(7,44)
(44,46)
(47,20)
(9,7)
(69,21)
(114,36)
(11,17)
(104,15)
(146,0)
(11,45)
(168,36)
(112,16)
(116,2)
(57,36)
(77,27)
(161,36)
(10,46)
(23,8)
(60,24)
(192,40)
(4,0)
(119,32)
(112,12)
(118,22)
(101,33)
(50,8)
(99,10)
(74,45)
(7,20)
(177,23)
(158,19)
(167,26)
(77,16)
(120,26)
(198,18)
(100,29)
(176,14)
(179,36)
(100,38)
(175,13)
(130,8)
(104,6)
(84,45)
(95,17)
(13,47)
(36,34)
(96,12)
(48,23)
(110,5)
(82,13)
(22,26)
(127,23)
(105,21)
(8,15)
(163,26)
(75,25)
(44,9)
(16,20)
(72,19)
(160,17)
(188,41)
(16,1)
(51,26)
(19,20)
(46,40)
(190,12)
(139,38)
(137,20)
(135,39)
(108,15)
(21,37)
(73,43)
(136,4)
(70,32)
(86,45)
(41,20)
(126,4)
(137,3)
(15,43)
(108,14)
(123,25)
(54,34)
(156,41)
(98,32)
(50,43)
(120,2)
(78,10)
(197,15)
(42,13)
(12,25)
(172,44)
(164,45)
(187,38)
(158,32)
(57,44)
(49,35)
(115,2)
(139,41)
(128,24)
(151,22)
(37,33)
(83,44)
(94,27)
(124,0)
(109,11)
(62,43)
(61,31)
(195,31)
(71,32)
(7,46)
(152,29)
(69,31)
(166,1)
(141,32)
(68,20)
(17,18)
(175,7)
(26,10)
(199,25)
(82,0)
(175,19)
(149,10)
(22,47)
(178,28)
(34,19)
(168,15)
(69,40)
(103,37)
(45,5)
(81,11)
(159,23)
(141,22)
(76,32)
(79,13)
(141,10)
(6,4)
(110,29)
(75,41)
(34,4)
(38,12)
(47,41)
(188,6)
(118,27)
(43,18)
(177,3)
(15,46)
(125,47)
(188,17)
(180,27)
(144,40)
(198,32)
(179,23)
(148,7)
(131,19)
(169,1)
(96,2)
(178,41)
(180,7)
(130,45)
(49,36)
(194,17)
(185,46)
(71,10)
(32,37)
(44,32)
(42,25)
(123,4)
(82,6)
(128,35)
(131,20)
(11,25)
(48,29)
(30,23)
(159,8)
(115,29)
(72,8)
(84,12)
(5,25)
(134,32)
(29,4)
(87,10)
(50,28)
(23,43)
(69,14)
(147,39)
(46,25)
(196,31)
(4,7)
(146,32)
(33,21)
(47,22)
(15,31)
(67,47)
(70,0)
(134,42)
(179,18)
(25,8)
(143,28)
(45,11)
(25,40)
(25,47)
(47,29)
(0,44)
(49,18)
(194,32)
(56,8)
(63,26)
(119,11)
(95,7)
(103,2)
(141,20)
(114,14)
(88,40)
(10,13)
(96,21)
(18,5)
(97,28)
(70,8)
(124,44)
(198,22)
(190,11)
(8,30)
(190,22)
(156,42)
(64,2)
(39,21)
(55,7)
(82,35)
(189,6)
(0,22)
(198,24)
(27,17)
(151,28)
(112,14)
(31,13)
(193,24)
(196,10)
(40,34)
(181,3)
(155,30)
(163,18)
(156,7)
(25,43)
(27,22)
(49,7)
(132,4)
(33,35)
(44,47)
(158,45)
(173,24)
(1,7)
(58,29)
(110,44)
(92,17)
(44,7)
(7,16)
(190,20)
(160,11)
(30,15)
(1,23)
(93,7)
(110,45)
(92,34)
(137,33)
(33,34)
(95,9)
(178,36)
(24,16)
(25,12)
(149,4)
(180,46)
(91,46)
(4,47)
(150,21)
(186,26)
(0,32)
(70,36)
(43,40)
(192,18)
(33,45)
(94,15)
(152,39)
(40,4)
(148,19)
(98,41)
(149,39)
(139,15)
(49,4)
(71,34)
(66,18)
(145,6)
(77,39)
(171,41)
(170,32)
(189,36)
(109,35)
(61,40)
(54,29)
(125,42)
(62,33)
(50,34)
(71,13)
(157,22)
(126,47)
(24,35)
(150,25)
(76,47)
(129,39)
(128,6)
(152,26)
(192,41)
(193,39)
(124,37)
(55,18)
(157,14)
(104,38)
(103,21)
(170,47)
(55,36)
(95,22)
(65,19)
(64,9)
(7,12)
(124,42)
(75,27)
(111,37)
(86,35)
(29,35)
(179,31)
(164,42)
(118,45)
(110,15)
(33,29)
(125,45)
(152,19)
(143,36)
(27,35)
(1,4)
(0,21)
(175,41)
(151,7)
(114,22)
(137,12)
(7,34)
(90,21)
(35,0)
(175,5)
(34,39)
(177,16)
(75,6)
(191,47)
(54,18)
(16,5)
(127,12)
(101,22)
(107,2)
(30,20)
(194,14)
(63,20)
(55,47)
(143,4)
(168,40)
(106,41)
(143,24)
(199,38)
(53,29)
(30,25)
(128,28)
(155,33)
(170,19)
(147,16)
(194,27)
(14,6)
(94,9)
(11,38)
(48,38)
(22,5)
(83,13)
(95,46)
(83,31)
(46,16)
(72,17)
(197,12)
(102,20)
(107,29)
(57,26)
(104,0)
(1,26)
(118,5)
(20,9)
(58,40)
(185,41)
(149,31)
(101,12)
(166,4)
(169,34)
(109,17)
(178,44)
(163,29)
(29,38)
(193,46)
(62,18)
(103,43)
(173,23)
(154,25)
(101,32)
(197,46)
(77,38)
(160,20)
(197,35)
(16,33)
(135,17)
(150,47)
(87,41)
(5,21)
(0,13)
(108,19)
(41,29)
(129,17)
(136,14)
(49,30)
(190,28)
(7,8)
(98,13)
(163,3)
(165,17)
(33,23)
(37,28)
(36,43)
(131,35)
(74,18)
(101,27)
(91,9)
(146,21)
(93,43)
(116,11)
(60,12)
(140,27)
(3,28)
(147,27)
(150,16)
(152,6)
(30,31)
(110,13)
(60,10)
(122,18)
(2,44)
(105,5)
(152,4)
(182,21)
(34,30)
(27,32)
(17,17)
(139,9)
(48,34)
(171,42)
(115,33)
(109,42)
(129,12)
(103,10)
(97,14)
(92,23)
(81,46)
(128,25)
(173,45)
(168,13)
(65,15)
(176,5)
(17,8)
(101,15)
(138,5)
(133,27)
(23,36)
(178,25)
(67,34)
(97,29)
(27,25)
(162,36)
(96,36)
(19,4)
(69,47)
(19,11)
(62,27)
(103,13)
(7,14)
(181,44)
(175,20)
(141,40)
(91,18)
(50,29)
(51,4)
(109,12)
(161,28)
(117,29)
(62,28)
(111,43)
(188,42)
(110,39)
(4,27)
(132,17)
(86,21)
(107,40)
(128,2)
(158,20)
(150,27)
(195,39)
(113,23)
(72,15)
(49,44)
(68,5)
(176,11)
(83,33)
(185,43)
(148,45)
(195,22)
(71,22)
(160,32)
(143,15)
(188,46)
(162,46)
(18,7)
(65,27)
(149,13)
(63,10)
(191,27)
(161,24)
(167,20)
(174,20)
(182,45)
(100,47)
(163,13)
(16,9)
(60,25)
(165,14)
(20,0)
(133,37)
(58,32)
(51,28)
(35,7)
(177,25)
(43,44)
(65,5)
(46,45)
(88,11)
(153,41)
(163,33)
(5,18)
(196,27)
(193,16)
(146,31)
(64,11)
(167,38)
(24,37)
(178,34)
(157,46)
(25,38)
(76,15)
(141,29)
(22,16)
(80,10)
(4,43)
(73,7)
(67,41)
(144,42)
(65,3)
(73,25)
(128,16)
(111,15)
(190,29)
(147,47)
(7,0)
(138,6)
(23,25)
(19,40)
(79,45)
(131,3)
(157,21)
(173,6)
(16,36)
(34,12)
(130,3)
(99,19)
(74,29)
(48,5)
(75,4)
(97,3)
(186,19)
(146,20)
(152,38)
(179,21)
(175,42)
(151,24)
(69,46)
(6,23)
(40,45)
(6,33)
(141,12)
(78,6)
(22,41)
(81,14)
(198,14)
(187,1)
(196,45)
(2,1)
(62,44)
(107,38)
(50,20)
(128,30)
(70,31)
(7,4)
(180,43)
(84,10)
(129,30)
(114,2)
(12,29)
(73,31)
(170,18)
(162,17)
(60,35)
(97,7)
(73,8)
(177,18)
(181,46)
(105,32)
(150,15)
(191,41)
(81,38)
(34,22)
(168,16)
(138,45)
(43,21)
(58,22)
(128,4)
(21,20)
(41,33)
(83,27)
(153,7)
(187,29)
(43,36)
(144,4)
(162,21)
(159,7)
(131,38)
(90,26)
(164,21)
(76,27)
(65,24)
(185,19)
(102,46)
(38,29)
(77,10)
(197,1)
(118,32)
(51,14)
(147,7)
(99,11)
(102,1)
(32,13)
(23,23)
(152,32)
(102,43)
(94,21)
(135,6)
(173,30)
(164,2)
(132,43)
(132,31)
(131,45)
(117,15)
(121,17)
(64,12)
(183,14)
(195,21)
(13,42)
(131,27)
(70,10)
(13,35)
(133,20)
(94,22)
(55,24)
(7,33)
(58,36)
(130,44)
(138,24)
(10,9)
(18,26)
(21,35)
(98,18)
(58,46)
(102,22)
(8,35)
(29,15)
(125,29)
(69,12)
(198,33)
(22,45)
(79,9)
(171,17)
(61,20)
(194,8)
(165,16)
(81,6)
(156,34)
(174,28)
(108,36)
(157,24)
(127,18)
(130,35)
(170,3)
(140,44)
(130,12)
(73,18)
(138,15)
(113,12)
(197,8)
(181,6)
(21,6)
(147,3)
(131,31)
(61,18)
(98,19)
(131,43)
(29,19)
(22,42)
(40,8)
(11,18)
(21,43)
(129,42)
(153,26)
(34,26)
(163,9)
(194,20)
(51,44)
(59,12)
(166,6)
(73,17)
(90,5)
(141,35)
(112,24)
(159,37)
(78,31)
(165,7)
(16,46)
(106,37)
(75,46)
(197,11)
(85,21)
(34,2)
(66,23)
(126,22)
(26,15)
(3,31)
(169,31)
(194,6)
(107,42)
(98,42)
(8,34)
(16,43)
(172,9)
(125,26)
(82,33)
(26,13)
(161,21)
(34,45)
(65,26)
(18,44)
(99,31)
(176,39)
(47,3)
(36,33)
(58,37)
(49,33)
(32,43)
(132,0)
(180,31)
(137,19)
(30,45)
(103,47)
(121,19)
(128,26)
(175,45)
(56,10)
(186,42)
(79,46)
(115,7)
(190,14)
(103,35)
(61,10)
(99,0)
(168,14)
(155,17)
(95,32)
(172,34)
(19,9)
(199,16)
(110,33)
(175,3)
(57,19)
(18,42)
(155,19)
(197,20)
(98,26)
(21,27)
(162,14)
(35,34)
(25,33)
(94,1)
(36,20)
(123,5)
(188,18)
(107,39)
(180,4)
(71,45)
(6,18)
(175,40)
(127,15)
(71,35)
(122,44)
(32,11)
(74,1)
(181,11)
(152,46)
(166,14)
(99,47)
(176,41)
(111,16)
(142,1)
(156,2)
(173,20)
(106,22)
(137,7)
(133,35)
(171,18)
(4,25)
(5,44)
(46,6)
(24,32)
(35,9)
(131,37)
(146,12)
(41,46)
(108,23)
(49,6)
(95,39)
(94,45)
(145,1)
(83,0)
(187,19)
(49,24)
(30,37)
(81,18)
(72,32)
(125,32)
(171,13)
(25,42)
(159,15)
(111,32)
(13,41)
(122,32)
(85,22)
(114,33)
(118,41)
(171,25)
(153,44)
(145,26)
(48,12)
(109,29)
(57,25)
(132,27)
(20,14)
(22,37)
(87,5)
(57,8)
(173,39)
(103,31)
(20,19)
(151,14)
(141,45)
(133,45)
(21,28)
(178,6)
(66,11)
(67,26)
(196,6)
(115,26)
(117,5)
(163,34)
(76,23)
(119,38)
(24,2)
(106,0)
(104,31)
(108,7)
(80,23)
(33,47)
(126,37)
(28,19)
(75,34)
(72,33)
(76,43)
(172,31)
(128,33)
(145,10)
(32,39)
(144,17)
(120,40)
(6,26)
(104,25)
(110,3)
(126,31)
(91,35)
(141,7)
(142,43)
(85,12)
(44,10)
(56,3)
(146,23)
(95,42)
(39,23)
(171,15)
(3,10)
(103,46)
(32,17)
(27,37)
(67,19)
(91,27)
(60,38)
(103,16)
(184,11)
(181,42)
(179,26)
(171,36)
(172,36)
(186,7)
(133,31)
(164,41)
(49,25)
(186,0)
(146,28)
(173,31)
(129,3)
(82,25)
(43,1)
(63,46)
(183,47)
(144,31)
(175,43)
(191,5)
(177,46)
(98,45)
(198,29)
(46,17)
(185,13)
(77,2)
(71,5)
(142,20)
(164,47)
(46,18)
(38,40)
(195,34)
(167,25)
(192,26)
(121,39)
(145,46)
(199,8)
(198,43)
(108,37)
(168,25)
(36,26)
(135,14)
(57,45)
(191,39)
(168,11)
(38,41)
(153,14)
(72,21)
(194,30)
(185,4)
(187,16)
(154,12)
(24,36)
(194,11)
(24,14)
(34,18)
(0,38)
(41,28)
(189,32)
(129,23)
(143,45)
(143,34)
(23,27)
(22,31)
(4,40)
(68,16)
(175,46)
(151,46)
(187,33)
(31,36)
(169,21)
(164,12)
(130,30)
(91,16)
(110,37)
(58,39)
(131,47)
(90,13)
(74,34)
(77,15)
(91,19)
(20,44)
(20,43)
(80,14)
(24,30)
(150,39)
(159,16)
(97,43)
(110,12)
(6,40)
(80,27)
(139,22)
(1,13)
(57,43)
(75,23)
(183,29)
(30,24)
(57,38)
(167,23)
(87,1)
(184,18)
(151,45)
(124,47)
(57,27)
(123,12)
(77,29)
(14,47)
(105,25)
(94,33)
(82,14)
(24,45)
(56,18)
(97,26)
(121,20)
(49,27)
(24,27)
(112,9)
(58,47)
(7,28)
(61,24)
(152,22)
(84,4)
(75,15)
(161,9)
(131,30)
(78,32)
(48,14)
(37,8)
(189,12)
(56,22)
(116,20)
(97,40)
(191,4)
(71,8)
(34,7)
(129,43)
(135,32)
(7,43)
(34,13)
(50,45)
(39,10)
(121,26)
(53,38)
(45,29)
(58,44)
(156,6)
(15,29)
(41,19)
(197,9)
(146,26)
(181,30)
(89,12)
(5,23)
(34,32)
(159,20)
(40,46)
(174,25)
(120,18)
(11,22)
(79,35)
(190,13)
(108,47)
(151,26)
(26,44)
(85,20)
(90,2)
(194,5)
(191,23)
(18,22)
(82,21)
(156,8)
(151,36)
(141,5)
(86,8)
(85,25)
(124,1)
(190,43)
(40,17)
(45,26)
(16,40)
(124,40)
(0,24)
(17,32)
(106,46)
(160,39)
(28,33)
(38,4)
(124,18)
(77,46)
(115,31)
(150,44)
(186,33)
(130,16)
(40,24)
(29,23)
(118,26)
(124,29)
(56,30)
(40,13)
(115,46)
(27,33)
(79,21)
(38,33)
(170,43)
(43,43)
(108,20)
(37,25)
(40,7)
(86,1)
(131,25)
(56,46)
(66,24)
(133,43)
(0,31)
(154,4)
(48,45)
(100,18)
(165,36)
(173,28)
(191,19)
(10,45)
(30,32)
(175,17)
(95,14)
(193,25)
(113,4)
(134,2)
(105,22)
(37,46)
(19,0)
(176,40)
(146,19)
(70,4)
(163,40)
(26,21)
(168,24)
(178,24)
(133,33)
(146,39)
(45,35)
(8,47)
(101,28)
(10,28)
(168,33)
(10,34)
(185,26)
(6,1)
(87,34)
(108,33)
(75,3)
