100 Users
41 Files
2500 Transactions
2 Maximum Connections
1 Cycle Length per Upload-Download
0 Warm-up Transactions
0.400000 Zipf constant
5 Pre-Trusted Users
80 Well-Behaved (Good) Users
20 Purely Malicious Users
0 Feedback Skewing Users
0 Malignant Providing Users
0 Disguised Malicous Users
0 Sybil Attack Users
true Intelligent Trans. Generation
1561006752804 Trace Generation Seed

(0.009376,0.000000,1,false)
(0.046976,0.000000,1,false)
(0.044977,0.000000,1,false)
(0.067775,0.000000,1,false)
(0.084581,0.000000,1,false)
(0.030873,0.000000,1,false)
(0.011943,0.000000,1,false)
(0.009208,0.000000,1,false)
(0.013859,0.000000,1,false)
(0.051670,0.000000,1,false)
(0.096024,0.000000,1,false)
(0.066300,0.000000,1,false)
(0.018579,0.000000,1,false)
(0.007520,0.000000,1,false)
(0.021169,0.000000,1,false)
(0.037637,0.000000,1,false)
(0.071650,0.000000,1,false)
(0.062282,0.000000,1,false)
(0.066940,0.000000,1,false)
(0.043303,0.000000,1,false)
(0.931244,1.000000,0,true)
(0.951525,1.000000,0,true)
(0.947551,1.000000,0,true)
(0.903453,1.000000,0,true)
(0.958292,1.000000,0,true)
(0.970622,1.000000,0,false)
(0.944873,1.000000,0,false)
(0.915311,1.000000,0,false)
(0.911584,1.000000,0,false)
(0.962921,1.000000,0,false)
(0.963881,1.000000,0,false)
(0.980920,1.000000,0,false)
(0.966876,1.000000,0,false)
(0.934903,1.000000,0,false)
(0.915163,1.000000,0,false)
(0.960190,1.000000,0,false)
(0.902161,1.000000,0,false)
(0.990880,1.000000,0,false)
(0.985950,1.000000,0,false)
(0.910130,1.000000,0,false)
(0.938681,1.000000,0,false)
(0.982503,1.000000,0,false)
(0.966156,1.000000,0,false)
(0.994403,1.000000,0,false)
(0.994525,1.000000,0,false)
(0.965712,1.000000,0,false)
(0.992075,1.000000,0,false)
(0.994526,1.000000,0,false)
(0.999257,1.000000,0,false)
(0.907981,1.000000,0,false)
(0.951106,1.000000,0,false)
(0.902235,1.000000,0,false)
(0.938240,1.000000,0,false)
(0.961305,1.000000,0,false)
(0.959446,1.000000,0,false)
(0.931061,1.000000,0,false)
(0.987439,1.000000,0,false)
(0.935772,1.000000,0,false)
(0.915305,1.000000,0,false)
(0.940526,1.000000,0,false)
(0.963422,1.000000,0,false)
(0.974892,1.000000,0,false)
(0.942521,1.000000,0,false)
(0.918596,1.000000,0,false)
(0.949118,1.000000,0,false)
(0.947048,1.000000,0,false)
(0.973788,1.000000,0,false)
(0.917170,1.000000,0,false)
(0.963636,1.000000,0,false)
(0.927461,1.000000,0,false)
(0.978844,1.000000,0,false)
(0.981387,1.000000,0,false)
(0.923992,1.000000,0,false)
(0.952031,1.000000,0,false)
(0.920960,1.000000,0,false)
(0.956361,1.000000,0,false)
(0.998112,1.000000,0,false)
(0.978187,1.000000,0,false)
(0.925047,1.000000,0,false)
(0.994762,1.000000,0,false)
(0.971754,1.000000,0,false)
(0.988613,1.000000,0,false)
(0.962390,1.000000,0,false)
(0.925224,1.000000,0,false)
(0.947277,1.000000,0,false)
(0.921211,1.000000,0,false)
(0.900744,1.000000,0,false)
(0.975097,1.000000,0,false)
(0.959212,1.000000,0,false)
(0.903155,1.000000,0,false)
(0.934000,1.000000,0,false)
(0.971417,1.000000,0,false)
(0.930591,1.000000,0,false)
(0.908163,1.000000,0,false)
(0.993069,1.000000,0,false)
(0.971201,1.000000,0,false)
(0.904831,1.000000,0,false)
(0.944310,1.000000,0,false)
(0.948884,1.000000,0,false)
(0.996328,1.000000,0,false)

(0,0,false)
(1,0,false)
(2,0,false)
(3,0,false)
(4,0,false)
(5,0,false)
(7,0,false)
(8,0,false)
(9,0,false)
(10,0,false)
(11,0,false)
(12,0,false)
(13,0,false)
(14,0,false)
(15,0,false)
(16,0,false)
(17,0,false)
(18,0,false)
(20,0,true)
(21,0,true)
(22,0,true)
(23,0,true)
(25,0,true)
(26,0,true)
(27,0,true)
(31,0,true)
(33,0,true)
(34,0,true)
(37,0,true)
(38,0,true)
(39,0,true)
(40,0,true)
(41,0,true)
(42,0,true)
(43,0,true)
(44,0,true)
(45,0,true)
(48,0,true)
(49,0,true)
(50,0,true)
(51,0,true)
(52,0,true)
(53,0,true)
(54,0,true)
(55,0,true)
(56,0,true)
(57,0,true)
(58,0,true)
(59,0,true)
(60,0,true)
(61,0,true)
(62,0,true)
(63,0,true)
(64,0,true)
(65,0,true)
(66,0,true)
(68,0,true)
(69,0,true)
(71,0,true)
(72,0,true)
(73,0,true)
(74,0,true)
(76,0,true)
(77,0,true)
(78,0,true)
(79,0,true)
(82,0,false)
(83,0,true)
(85,0,true)
(86,0,true)
(87,0,true)
(89,0,true)
(91,0,true)
(93,0,true)
(94,0,true)
(95,0,true)
(97,0,true)
(98,0,true)
(99,0,true)
(0,1,false)
(1,1,false)
(2,1,false)
(3,1,false)
(5,1,false)
(7,1,false)
(8,1,false)
(9,1,false)
(10,1,false)
(12,1,false)
(13,1,false)
(14,1,false)
(16,1,false)
(19,1,false)
(20,1,true)
(21,1,true)
(22,1,true)
(24,1,true)
(25,1,true)
(26,1,false)
(27,1,true)
(28,1,true)
(30,1,true)
(33,1,true)
(35,1,true)
(37,1,true)
(38,1,true)
(39,1,true)
(42,1,true)
(43,1,true)
(44,1,true)
(46,1,true)
(47,1,true)
(49,1,true)
(50,1,true)
(51,1,false)
(52,1,true)
(53,1,true)
(54,1,true)
(55,1,true)
(56,1,true)
(57,1,true)
(60,1,true)
(62,1,true)
(63,1,true)
(64,1,true)
(65,1,true)
(66,1,true)
(68,1,false)
(70,1,true)
(71,1,true)
(72,1,true)
(75,1,true)
(76,1,true)
(77,1,true)
(78,1,true)
(79,1,true)
(80,1,true)
(81,1,true)
(82,1,true)
(83,1,true)
(84,1,true)
(86,1,false)
(87,1,true)
(88,1,true)
(89,1,true)
(90,1,true)
(91,1,true)
(92,1,true)
(93,1,true)
(95,1,true)
(96,1,true)
(97,1,true)
(99,1,true)
(0,2,false)
(2,2,false)
(3,2,false)
(4,2,false)
(9,2,false)
(10,2,false)
(13,2,false)
(14,2,false)
(15,2,false)
(17,2,false)
(18,2,false)
(19,2,false)
(20,2,true)
(22,2,true)
(26,2,true)
(29,2,true)
(30,2,true)
(32,2,true)
(34,2,true)
(36,2,true)
(39,2,false)
(40,2,false)
(41,2,true)
(43,2,true)
(44,2,true)
(45,2,true)
(48,2,true)
(51,2,false)
(52,2,true)
(54,2,true)
(55,2,true)
(57,2,false)
(58,2,true)
(59,2,true)
(61,2,true)
(62,2,true)
(63,2,true)
(68,2,true)
(69,2,true)
(72,2,true)
(73,2,true)
(74,2,true)
(75,2,true)
(76,2,true)
(79,2,false)
(80,2,true)
(83,2,false)
(84,2,true)
(87,2,true)
(88,2,true)
(89,2,true)
(92,2,true)
(93,2,true)
(98,2,true)
(99,2,true)
(0,3,false)
(1,3,false)
(3,3,false)
(5,3,false)
(8,3,false)
(9,3,false)
(11,3,false)
(12,3,false)
(15,3,false)
(16,3,false)
(17,3,true)
(22,3,true)
(26,3,true)
(27,3,true)
(28,3,true)
(29,3,true)
(30,3,true)
(31,3,true)
(32,3,true)
(33,3,true)
(34,3,true)
(35,3,true)
(36,3,false)
(37,3,true)
(43,3,true)
(47,3,true)
(48,3,true)
(49,3,false)
(51,3,true)
(54,3,false)
(55,3,true)
(57,3,true)
(58,3,true)
(59,3,true)
(62,3,true)
(64,3,true)
(67,3,true)
(69,3,true)
(70,3,true)
(71,3,true)
(72,3,true)
(75,3,true)
(78,3,true)
(80,3,true)
(82,3,true)
(84,3,true)
(85,3,false)
(90,3,true)
(93,3,true)
(97,3,true)
(98,3,true)
(99,3,true)
(0,4,false)
(2,4,false)
(3,4,false)
(4,4,false)
(5,4,false)
(7,4,false)
(10,4,false)
(13,4,false)
(17,4,false)
(18,4,false)
(20,4,true)
(22,4,true)
(24,4,true)
(31,4,true)
(33,4,true)
(34,4,true)
(35,4,true)
(36,4,true)
(38,4,true)
(39,4,true)
(42,4,false)
(43,4,true)
(45,4,true)
(46,4,true)
(47,4,true)
(48,4,true)
(49,4,true)
(51,4,true)
(53,4,true)
(57,4,true)
(60,4,true)
(61,4,true)
(64,4,true)
(66,4,true)
(68,4,false)
(71,4,true)
(72,4,true)
(73,4,true)
(74,4,true)
(76,4,true)
(77,4,true)
(80,4,true)
(81,4,true)
(85,4,true)
(86,4,true)
(87,4,true)
(89,4,true)
(90,4,true)
(91,4,true)
(94,4,true)
(95,4,true)
(96,4,true)
(97,4,true)
(99,4,true)
(0,5,false)
(2,5,false)
(5,5,false)
(6,5,false)
(8,5,false)
(10,5,false)
(14,5,false)
(17,5,false)
(21,5,true)
(22,5,false)
(23,5,true)
(26,5,true)
(27,5,true)
(30,5,true)
(32,5,true)
(33,5,true)
(34,5,true)
(35,5,true)
(37,5,true)
(38,5,true)
(44,5,true)
(48,5,true)
(49,5,false)
(50,5,true)
(53,5,true)
(55,5,true)
(58,5,true)
(60,5,true)
(62,5,false)
(64,5,true)
(66,5,true)
(71,5,true)
(72,5,false)
(77,5,true)
(78,5,true)
(80,5,true)
(81,5,true)
(82,5,true)
(87,5,true)
(89,5,true)
(92,5,true)
(93,5,true)
(96,5,true)
(97,5,true)
(98,5,true)
(3,6,false)
(5,6,true)
(6,6,false)
(9,6,false)
(10,6,false)
(12,6,false)
(13,6,false)
(16,6,false)
(21,6,true)
(23,6,true)
(24,6,true)
(26,6,true)
(27,6,true)
(29,6,true)
(33,6,true)
(34,6,true)
(35,6,true)
(36,6,true)
(37,6,true)
(39,6,true)
(41,6,true)
(43,6,true)
(47,6,true)
(50,6,true)
(52,6,false)
(54,6,true)
(55,6,true)
(56,6,true)
(57,6,true)
(58,6,true)
(59,6,true)
(60,6,true)
(62,6,true)
(65,6,true)
(67,6,true)
(69,6,true)
(74,6,false)
(79,6,true)
(84,6,true)
(86,6,true)
(87,6,true)
(88,6,true)
(89,6,true)
(90,6,true)
(92,6,false)
(93,6,true)
(94,6,true)
(95,6,true)
(96,6,true)
(97,6,true)
(98,6,true)
(0,7,false)
(2,7,false)
(4,7,false)
(5,7,false)
(9,7,false)
(10,7,false)
(22,7,true)
(26,7,true)
(27,7,true)
(31,7,true)
(36,7,true)
(37,7,true)
(38,7,true)
(41,7,true)
(43,7,true)
(45,7,true)
(46,7,true)
(48,7,true)
(51,7,true)
(53,7,true)
(56,7,true)
(58,7,true)
(61,7,true)
(63,7,true)
(66,7,true)
(69,7,true)
(73,7,true)
(74,7,true)
(75,7,true)
(76,7,true)
(83,7,true)
(89,7,true)
(90,7,false)
(93,7,true)
(94,7,true)
(96,7,true)
(99,7,true)
(8,8,false)
(9,8,false)
(15,8,false)
(17,8,false)
(20,8,true)
(21,8,true)
(23,8,true)
(26,8,true)
(28,8,true)
(31,8,true)
(35,8,true)
(43,8,true)
(47,8,true)
(52,8,true)
(55,8,true)
(58,8,true)
(62,8,true)
(63,8,true)
(64,8,true)
(67,8,true)
(68,8,true)
(70,8,true)
(76,8,true)
(86,8,true)
(87,8,true)
(93,8,true)
(94,8,true)
(96,8,true)
(97,8,true)
(98,8,true)
(0,9,false)
(1,9,false)
(2,9,false)
(7,9,false)
(8,9,false)
(10,9,false)
(11,9,false)
(12,9,false)
(21,9,true)
(22,9,true)
(24,9,true)
(29,9,true)
(30,9,true)
(32,9,true)
(35,9,true)
(39,9,true)
(40,9,true)
(45,9,true)
(46,9,true)
(47,9,true)
(49,9,true)
(52,9,true)
(54,9,true)
(59,9,true)
(60,9,true)
(61,9,true)
(62,9,true)
(63,9,true)
(69,9,true)
(70,9,true)
(71,9,true)
(73,9,true)
(75,9,true)
(78,9,true)
(79,9,true)
(82,9,true)
(93,9,true)
(1,10,false)
(2,10,false)
(6,10,false)
(12,10,false)
(13,10,false)
(14,10,false)
(15,10,true)
(17,10,false)
(21,10,true)
(23,10,true)
(25,10,true)
(35,10,true)
(38,10,true)
(40,10,true)
(43,10,true)
(44,10,true)
(49,10,true)
(51,10,true)
(53,10,true)
(54,10,true)
(56,10,true)
(62,10,true)
(64,10,true)
(66,10,true)
(68,10,true)
(70,10,true)
(75,10,true)
(77,10,true)
(78,10,true)
(79,10,true)
(80,10,true)
(83,10,true)
(85,10,true)
(92,10,true)
(97,10,true)
(0,11,false)
(1,11,false)
(3,11,false)
(5,11,false)
(6,11,false)
(10,11,false)
(12,11,false)
(15,11,false)
(17,11,false)
(23,11,true)
(24,11,true)
(26,11,true)
(30,11,true)
(31,11,true)
(34,11,true)
(39,11,true)
(41,11,true)
(45,11,true)
(49,11,false)
(50,11,true)
(51,11,true)
(54,11,true)
(56,11,true)
(58,11,true)
(62,11,false)
(63,11,true)
(64,11,true)
(65,11,true)
(66,11,true)
(70,11,true)
(72,11,true)
(73,11,true)
(74,11,true)
(75,11,true)
(78,11,false)
(80,11,true)
(83,11,true)
(85,11,true)
(86,11,true)
(87,11,true)
(92,11,true)
(95,11,false)
(0,12,false)
(4,12,false)
(5,12,false)
(6,12,false)
(7,12,false)
(10,12,true)
(13,12,false)
(14,12,false)
(16,12,false)
(18,12,true)
(21,12,true)
(23,12,true)
(24,12,true)
(26,12,true)
(29,12,true)
(33,12,true)
(35,12,true)
(38,12,true)
(40,12,true)
(43,12,true)
(51,12,true)
(53,12,true)
(58,12,true)
(61,12,true)
(62,12,true)
(63,12,true)
(66,12,true)
(70,12,true)
(73,12,true)
(76,12,true)
(81,12,true)
(86,12,true)
(92,12,true)
(94,12,true)
(98,12,true)
(99,12,true)
(4,13,false)
(10,13,false)
(15,13,false)
(18,13,false)
(21,13,true)
(22,13,true)
(30,13,true)
(38,13,true)
(39,13,true)
(40,13,true)
(43,13,true)
(48,13,true)
(49,13,true)
(53,13,true)
(59,13,true)
(62,13,true)
(64,13,true)
(65,13,true)
(70,13,true)
(75,13,true)
(76,13,true)
(79,13,true)
(80,13,true)
(88,13,true)
(89,13,true)
(90,13,true)
(92,13,false)
(93,13,true)
(95,13,true)
(97,13,true)
(5,14,false)
(7,14,false)
(13,14,false)
(22,14,true)
(23,14,true)
(25,14,true)
(26,14,true)
(29,14,true)
(40,14,true)
(41,14,true)
(45,14,true)
(47,14,true)
(52,14,true)
(53,14,true)
(55,14,true)
(56,14,true)
(60,14,true)
(62,14,true)
(63,14,true)
(64,14,true)
(69,14,true)
(74,14,true)
(75,14,true)
(78,14,true)
(82,14,true)
(83,14,true)
(84,14,true)
(88,14,true)
(91,14,true)
(97,14,true)
(98,14,true)
(1,15,false)
(2,15,true)
(7,15,false)
(9,15,true)
(21,15,true)
(22,15,true)
(25,15,true)
(28,15,false)
(30,15,true)
(32,15,true)
(40,15,true)
(42,15,true)
(43,15,true)
(52,15,true)
(54,15,true)
(65,15,true)
(78,15,true)
(79,15,true)
(80,15,true)
(85,15,true)
(89,15,false)
(90,15,true)
(91,15,true)
(92,15,true)
(93,15,true)
(95,15,true)
(99,15,true)
(0,16,false)
(3,16,false)
(6,16,false)
(21,16,true)
(23,16,true)
(26,16,true)
(31,16,true)
(33,16,true)
(34,16,true)
(40,16,true)
(46,16,true)
(47,16,true)
(53,16,true)
(55,16,true)
(57,16,true)
(60,16,true)
(61,16,true)
(62,16,true)
(65,16,true)
(90,16,true)
(94,16,true)
(95,16,true)
(98,16,true)
(7,17,false)
(8,17,false)
(10,17,false)
(15,17,false)
(22,17,true)
(23,17,true)
(27,17,false)
(28,17,true)
(30,17,true)
(31,17,true)
(35,17,true)
(37,17,true)
(40,17,false)
(42,17,true)
(49,17,true)
(52,17,true)
(53,17,true)
(54,17,true)
(58,17,true)
(60,17,true)
(63,17,true)
(65,17,true)
(74,17,true)
(77,17,true)
(78,17,true)
(79,17,true)
(80,17,true)
(82,17,true)
(84,17,true)
(87,17,true)
(88,17,true)
(89,17,true)
(93,17,true)
(96,17,true)
(2,18,false)
(3,18,false)
(6,18,false)
(8,18,false)
(15,18,false)
(19,18,false)
(21,18,true)
(24,18,true)
(25,18,true)
(27,18,true)
(28,18,true)
(29,18,true)
(35,18,true)
(38,18,true)
(44,18,true)
(46,18,true)
(47,18,true)
(48,18,true)
(49,18,true)
(50,18,true)
(53,18,true)
(63,18,true)
(64,18,true)
(70,18,true)
(75,18,false)
(77,18,true)
(85,18,false)
(95,18,true)
(1,19,false)
(6,19,false)
(7,19,false)
(11,19,false)
(12,19,false)
(13,19,false)
(15,19,false)
(17,19,false)
(20,19,true)
(28,19,true)
(29,19,true)
(38,19,true)
(40,19,true)
(42,19,true)
(45,19,true)
(46,19,true)
(47,19,true)
(49,19,true)
(50,19,true)
(54,19,true)
(61,19,true)
(62,19,true)
(64,19,true)
(66,19,true)
(67,19,true)
(68,19,true)
(69,19,true)
(77,19,true)
(82,19,true)
(89,19,true)
(93,19,false)
(94,19,true)
(96,19,true)
(97,19,true)
(1,20,false)
(8,20,false)
(16,20,false)
(17,20,false)
(22,20,true)
(23,20,true)
(26,20,true)
(33,20,true)
(34,20,true)
(38,20,true)
(39,20,true)
(41,20,true)
(42,20,true)
(44,20,true)
(45,20,true)
(46,20,true)
(48,20,true)
(54,20,true)
(64,20,true)
(72,20,true)
(75,20,true)
(78,20,true)
(82,20,true)
(85,20,true)
(86,20,false)
(88,20,true)
(94,20,true)
(98,20,true)
(0,21,false)
(2,21,false)
(9,21,false)
(16,21,false)
(19,21,false)
(21,21,true)
(25,21,true)
(27,21,true)
(35,21,true)
(41,21,true)
(45,21,true)
(47,21,true)
(51,21,true)
(54,21,true)
(56,21,true)
(59,21,true)
(60,21,true)
(62,21,true)
(63,21,true)
(66,21,true)
(68,21,true)
(69,21,true)
(75,21,true)
(78,21,true)
(79,21,true)
(81,21,true)
(84,21,true)
(85,21,true)
(92,21,true)
(96,21,true)
(2,22,false)
(10,22,false)
(11,22,false)
(15,22,false)
(16,22,true)
(18,22,false)
(21,22,true)
(24,22,true)
(30,22,true)
(34,22,true)
(36,22,true)
(47,22,true)
(49,22,true)
(54,22,true)
(60,22,true)
(64,22,true)
(66,22,true)
(74,22,true)
(85,22,true)
(94,22,true)
(95,22,true)
(97,22,true)
(99,22,true)
(1,23,false)
(7,23,false)
(16,23,false)
(17,23,false)
(18,23,false)
(19,23,false)
(20,23,true)
(31,23,true)
(32,23,true)
(45,23,true)
(46,23,true)
(53,23,true)
(63,23,true)
(64,23,true)
(65,23,true)
(70,23,true)
(74,23,true)
(76,23,true)
(81,23,true)
(85,23,true)
(92,23,true)
(94,23,true)
(2,24,true)
(4,24,false)
(6,24,false)
(10,24,false)
(17,24,false)
(23,24,true)
(26,24,true)
(30,24,false)
(33,24,true)
(36,24,true)
(40,24,true)
(51,24,true)
(55,24,true)
(59,24,true)
(61,24,false)
(62,24,true)
(67,24,true)
(69,24,true)
(70,24,true)
(78,24,false)
(79,24,true)
(80,24,true)
(83,24,true)
(85,24,true)
(86,24,true)
(93,24,true)
(0,25,false)
(4,25,true)
(9,25,false)
(11,25,false)
(12,25,false)
(13,25,false)
(18,25,true)
(19,25,false)
(25,25,true)
(26,25,false)
(28,25,true)
(29,25,true)
(34,25,true)
(35,25,true)
(40,25,true)
(42,25,true)
(43,25,true)
(47,25,true)
(52,25,false)
(54,25,true)
(58,25,true)
(62,25,true)
(65,25,true)
(68,25,true)
(74,25,true)
(75,25,true)
(76,25,true)
(79,25,true)
(87,25,true)
(92,25,true)
(93,25,true)
(1,26,false)
(3,26,false)
(9,26,false)
(11,26,false)
(13,26,false)
(16,26,false)
(18,26,false)
(25,26,true)
(26,26,true)
(29,26,true)
(32,26,true)
(35,26,true)
(41,26,true)
(43,26,true)
(52,26,true)
(55,26,true)
(56,26,true)
(65,26,true)
(66,26,true)
(72,26,true)
(78,26,false)
(83,26,true)
(84,26,true)
(87,26,true)
(97,26,true)
(99,26,true)
(2,27,false)
(5,27,false)
(20,27,true)
(27,27,true)
(29,27,true)
(34,27,true)
(36,27,true)
(37,27,true)
(40,27,true)
(45,27,true)
(48,27,true)
(49,27,false)
(53,27,true)
(58,27,false)
(62,27,true)
(65,27,true)
(73,27,true)
(74,27,true)
(79,27,true)
(80,27,true)
(83,27,true)
(94,27,true)
(96,27,true)
(97,27,true)
(2,28,false)
(9,28,false)
(14,28,false)
(25,28,true)
(26,28,true)
(31,28,true)
(34,28,true)
(38,28,true)
(41,28,true)
(43,28,true)
(45,28,true)
(55,28,true)
(58,28,true)
(60,28,true)
(61,28,true)
(72,28,true)
(78,28,true)
(89,28,true)
(90,28,true)
(91,28,true)
(92,28,true)
(94,28,true)
(95,28,true)
(5,29,false)
(6,29,false)
(10,29,false)
(11,29,false)
(14,29,false)
(15,29,false)
(26,29,true)
(28,29,true)
(29,29,true)
(31,29,true)
(34,29,true)
(40,29,true)
(52,29,true)
(53,29,true)
(56,29,true)
(60,29,true)
(63,29,true)
(73,29,true)
(74,29,true)
(76,29,true)
(78,29,true)
(83,29,true)
(89,29,true)
(90,29,true)
(92,29,true)
(96,29,true)
(97,29,false)
(98,29,true)
(0,30,false)
(6,30,false)
(16,30,false)
(19,30,false)
(35,30,true)
(49,30,true)
(50,30,true)
(51,30,true)
(59,30,true)
(64,30,false)
(65,30,true)
(66,30,true)
(71,30,true)
(84,30,true)
(91,30,true)
(93,30,true)
(96,30,true)
(0,31,false)
(1,31,false)
(2,31,false)
(4,31,false)
(5,31,false)
(7,31,false)
(8,31,false)
(9,31,false)
(12,31,false)
(15,31,false)
(29,31,true)
(31,31,true)
(34,31,true)
(35,31,true)
(41,31,true)
(44,31,true)
(51,31,true)
(56,31,true)
(57,31,true)
(59,31,true)
(62,31,true)
(63,31,true)
(70,31,true)
(71,31,true)
(73,31,true)
(75,31,true)
(77,31,true)
(81,31,true)
(86,31,true)
(87,31,true)
(89,31,false)
(90,31,true)
(91,31,true)
(2,32,false)
(10,32,false)
(13,32,false)
(20,32,true)
(25,32,true)
(32,32,true)
(36,32,true)
(41,32,true)
(46,32,true)
(48,32,true)
(49,32,true)
(52,32,true)
(66,32,true)
(70,32,true)
(72,32,true)
(75,32,true)
(76,32,true)
(80,32,true)
(82,32,true)
(83,32,true)
(84,32,true)
(85,32,true)
(86,32,true)
(91,32,true)
(97,32,true)
(99,32,true)
(3,33,false)
(4,33,false)
(6,33,false)
(7,33,false)
(18,33,false)
(25,33,true)
(33,33,false)
(35,33,true)
(37,33,true)
(51,33,true)
(55,33,true)
(58,33,true)
(59,33,true)
(66,33,true)
(67,33,true)
(74,33,true)
(76,33,true)
(80,33,true)
(81,33,true)
(94,33,true)
(1,34,false)
(2,34,false)
(3,34,false)
(8,34,false)
(14,34,false)
(15,34,false)
(16,34,false)
(19,34,false)
(22,34,true)
(27,34,true)
(30,34,true)
(33,34,true)
(34,34,true)
(46,34,true)
(53,34,true)
(55,34,true)
(61,34,true)
(62,34,true)
(63,34,true)
(66,34,true)
(74,34,true)
(80,34,true)
(81,34,true)
(87,34,true)
(95,34,true)
(96,34,true)
(99,34,true)
(4,35,false)
(15,35,false)
(26,35,true)
(30,35,true)
(35,35,false)
(37,35,true)
(44,35,true)
(47,35,true)
(53,35,true)
(59,35,true)
(61,35,true)
(75,35,true)
(80,35,true)
(81,35,true)
(90,35,true)
(91,35,false)
(95,35,true)
(96,35,true)
(6,36,false)
(7,36,false)
(29,36,true)
(36,36,true)
(38,36,true)
(39,36,true)
(49,36,true)
(50,36,true)
(61,36,true)
(71,36,true)
(72,36,true)
(74,36,true)
(75,36,true)
(78,36,true)
(79,36,true)
(81,36,true)
(83,36,true)
(85,36,true)
(88,36,true)
(90,36,true)
(91,36,true)
(96,36,true)
(2,37,false)
(7,37,false)
(12,37,false)
(13,37,false)
(15,37,false)
(17,37,false)
(19,37,false)
(24,37,true)
(28,37,true)
(30,37,true)
(42,37,true)
(45,37,true)
(46,37,true)
(54,37,true)
(63,37,true)
(88,37,true)
(98,37,true)
(4,38,false)
(10,38,false)
(11,38,false)
(18,38,false)
(19,38,false)
(20,38,true)
(26,38,true)
(39,38,true)
(43,38,true)
(47,38,true)
(56,38,true)
(58,38,true)
(65,38,true)
(66,38,true)
(69,38,false)
(73,38,true)
(87,38,true)
(89,38,true)
(92,38,false)
(0,39,false)
(2,39,false)
(4,39,true)
(9,39,false)
(12,39,false)
(28,39,true)
(31,39,true)
(34,39,true)
(40,39,true)
(41,39,true)
(43,39,true)
(48,39,true)
(50,39,true)
(53,39,true)
(54,39,true)
(60,39,true)
(63,39,true)
(72,39,true)
(76,39,true)
(79,39,true)
(81,39,true)
(84,39,true)
(86,39,true)
(90,39,true)
(91,39,true)
(93,39,true)
(98,39,true)
(4,40,false)
(7,40,false)
(11,40,false)
(15,40,false)
(20,40,true)
(21,40,true)
(23,40,true)
(27,40,true)
(28,40,true)
(35,40,true)
(39,40,true)
(42,40,true)
(43,40,true)
(46,40,true)
(48,40,true)
(63,40,true)
(66,40,true)
(71,40,true)
(76,40,true)
(85,40,true)
(90,40,true)

(62,39)
(12,18)
(54,26)
(9,20)
(99,31)
(33,10)
(97,34)
(13,33)
(55,12)
(46,15)
(25,5)
(14,6)
(10,33)
(41,24)
(18,11)
(27,4)
(66,39)
(72,19)
(20,12)
(92,24)
(99,10)
(36,29)
(82,4)
(69,40)
(20,6)
(85,1)
(2,30)
(91,10)
(47,0)
(65,24)
(74,1)
(28,11)
(86,30)
(47,24)
(24,26)
(22,23)
(60,11)
(77,8)
(65,36)
(81,16)
(38,37)
(0,18)
(83,18)
(9,13)
(88,15)
(55,25)
(78,38)
(80,8)
(92,39)
(13,34)
(68,15)
(65,10)
(82,11)
(36,11)
(50,16)
(0,14)
(73,3)
(50,7)
(80,21)
(65,4)
(60,20)
(47,27)
(81,17)
(76,22)
(91,3)
(86,21)
(50,2)
(12,15)
(81,28)
(82,6)
(80,40)
(66,9)
(37,16)
(50,13)
(41,17)
(55,11)
(23,3)
(52,24)
(50,4)
(19,15)
(57,19)
(85,37)
(66,35)
(26,22)
(28,24)
(67,4)
(87,32)
(25,9)
(74,9)
(2,35)
(27,13)
(20,16)
(23,30)
(84,7)
(79,32)
(92,35)
(10,40)
(80,12)
(27,12)
(25,35)
(26,4)
(59,40)
(0,22)
(17,1)
(54,34)
(42,6)
(56,36)
(90,0)
(1,35)
(16,24)
(82,16)
(87,28)
(61,6)
(95,5)
(42,23)
(18,7)
(91,38)
(85,38)
(9,30)
(99,24)
(24,27)
(0,13)
(77,38)
(58,34)
(91,8)
(99,13)
(49,6)
(8,27)
(27,28)
(47,36)
(20,30)
(96,33)
(57,27)
(84,25)
(21,26)
(23,26)
(23,37)
(16,38)
(10,23)
(26,19)
(15,20)
(61,5)
(61,38)
(80,23)
(84,34)
(74,21)
(44,32)
(81,3)
(55,39)
(85,17)
(87,3)
(14,15)
(76,17)
(98,17)
(46,14)
(31,32)
(51,17)
(79,28)
(30,0)
(53,21)
(86,15)
(62,7)
(4,17)
(96,16)
(84,11)
(89,27)
(55,15)
(85,35)
(74,15)
(86,2)
(6,2)
(57,36)
(39,37)
(51,23)
(14,16)
(44,8)
(95,14)
(21,11)
(38,26)
(15,9)
(45,15)
(40,33)
(23,25)
(58,9)
(22,21)
(74,28)
(87,13)
(69,13)
(8,14)
(73,40)
(21,33)
(74,20)
(37,28)
(18,14)
(36,23)
(81,40)
(11,36)
(75,38)
(8,12)
(85,5)
(25,7)
(53,36)
(97,21)
(31,9)
(97,11)
(22,26)
(14,39)
(95,25)
(95,17)
(11,11)
(29,35)
(50,29)
(64,6)
(75,6)
(18,40)
(66,18)
(39,10)
(12,27)
(30,16)
(41,18)
(25,37)
(70,35)
(41,36)
(6,7)
(48,15)
(10,19)
(11,6)
(3,23)
(97,17)
(95,36)
(61,39)
(32,20)
(33,31)
(71,14)
(77,2)
(91,25)
(76,14)
(25,6)
(16,33)
(92,40)
(92,34)
(29,16)
(49,15)
(12,21)
(72,23)
(96,0)
(86,37)
(98,28)
(52,16)
(58,22)
(3,32)
(82,28)
(58,39)
(30,23)
(39,23)
(46,8)
(24,35)
(63,33)
(72,29)
(70,0)
(42,14)
(73,34)
(42,31)
(71,33)
(36,37)
(38,24)
(63,3)
(39,29)
(33,19)
(75,29)
(17,28)
(23,4)
(4,5)
(6,3)
(14,30)
(59,27)
(50,32)
(48,8)
(69,17)
(33,2)
(13,40)
(37,25)
(83,17)
(63,32)
(64,16)
(53,28)
(22,25)
(51,38)
(30,30)
(56,24)
(85,27)
(58,30)
(40,37)
(20,25)
(53,2)
(0,26)
(30,4)
(4,6)
(99,5)
(90,17)
(21,24)
(8,28)
(95,33)
(35,13)
(25,19)
(51,9)
(25,31)
(82,23)
(6,38)
(7,27)
(63,13)
(66,37)
(78,32)
(75,12)
(38,15)
(41,23)
(81,20)
(57,8)
(15,4)
(76,15)
(17,30)
(47,37)
(16,2)
(87,23)
(55,27)
(80,18)
(24,17)
(97,30)
(69,8)
(71,18)
(50,27)
(56,33)
(20,5)
(32,10)
(60,2)
(55,7)
(12,38)
(71,20)
(25,40)
(32,18)
(82,27)
(6,1)
(54,5)
(84,31)
(55,21)
(32,4)
(50,26)
(20,9)
(39,30)
(14,11)
(57,5)
(81,9)
(4,30)
(81,6)
(23,35)
(79,29)
(61,18)
(57,33)
(20,21)
(51,15)
(74,35)
(23,32)
(95,26)
(71,2)
(38,9)
(64,31)
(51,18)
(42,36)
(50,31)
(47,33)
(42,27)
(74,10)
(27,14)
(19,5)
(78,25)
(56,15)
(21,2)
(22,24)
(98,11)
(98,4)
(39,22)
(9,19)
(57,29)
(9,35)
(65,5)
(40,22)
(6,34)
(64,9)
(55,4)
(6,9)
(25,2)
(46,10)
(84,23)
(60,37)
(24,16)
(47,23)
(45,1)
(12,8)
(45,8)
(25,27)
(91,40)
(22,11)
(64,38)
(20,13)
(67,12)
(21,7)
(87,24)
(6,14)
(78,18)
(28,9)
(92,18)
(86,14)
(80,29)
(1,7)
(89,14)
(65,22)
(6,22)
(99,37)
(76,31)
(63,5)
(87,12)
(72,25)
(75,4)
(29,20)
(99,30)
(44,14)
(71,23)
(26,15)
(96,15)
(67,26)
(74,8)
(24,39)
(97,9)
(52,10)
(51,6)
(68,14)
(97,16)
(45,6)
(27,10)
(61,32)
(70,28)
(78,6)
(94,1)
(15,25)
(10,18)
(55,22)
(76,24)
(58,16)
(23,2)
(48,14)
(46,6)
(14,8)
(79,19)
(94,31)
(72,9)
(31,2)
(97,2)
(34,38)
(69,4)
(15,5)
(8,2)
(54,38)
(72,31)
(88,25)
(59,8)
(49,7)
(43,22)
(17,7)
(44,4)
(28,38)
(64,37)
(37,10)
(23,1)
(21,3)
(76,20)
(22,33)
(77,27)
(67,11)
(9,18)
(13,13)
(8,40)
(25,8)
(77,13)
(29,5)
(86,38)
(90,10)
(20,14)
(90,11)
(93,35)
(24,19)
(89,23)
(30,19)
(26,34)
(92,0)
(0,37)
(13,20)
(30,18)
(35,11)
(1,16)
(61,30)
(3,25)
(27,23)
(59,14)
(95,9)
(79,40)
(56,19)
(32,35)
(62,38)
(73,1)
(51,19)
(67,29)
(41,9)
(0,19)
(54,24)
(99,14)
(60,27)
(86,25)
(33,14)
(96,20)
(12,20)
(76,21)
(38,25)
(43,18)
(71,37)
(43,35)
(80,9)
(25,3)
(1,5)
(46,0)
(70,20)
(95,40)
(99,35)
(76,18)
(17,33)
(70,21)
(68,7)
(38,23)
(16,15)
(70,17)
(26,27)
(37,38)
(5,39)
(46,30)
(46,22)
(2,38)
(22,22)
(43,11)
(55,10)
(68,37)
(72,8)
(87,18)
(71,22)
(74,31)
(24,0)
(19,9)
(36,8)
(91,27)
(59,38)
(98,25)
(53,25)
(83,40)
(57,14)
(82,2)
(33,29)
(69,28)
(21,23)
(77,15)
(33,9)
(77,7)
(2,12)
(65,33)
(69,5)
(41,10)
(55,23)
(16,36)
(11,4)
(36,14)
(86,18)
(63,24)
(5,2)
(42,21)
(3,38)
(58,21)
(6,0)
(78,2)
(29,1)
(94,14)
(39,17)
(95,27)
(18,20)
(86,10)
(23,36)
(14,20)
(59,28)
(19,20)
(56,25)
(33,18)
(8,24)
(12,17)
(74,5)
(3,13)
(80,25)
(99,21)
(99,18)
(49,37)
(79,14)
(0,6)
(96,11)
(14,9)
(31,12)
(24,7)
(58,19)
(55,18)
(95,24)
(19,14)
(37,31)
(37,37)
(87,22)
(39,34)
(19,26)
(73,28)
(21,14)
(4,8)
(32,22)
(13,11)
(91,2)
(7,32)
(17,15)
(59,20)
(52,37)
(5,18)
(33,26)
(6,4)
(91,9)
(54,28)
(95,2)
(47,32)
(14,31)
(58,32)
(9,24)
(57,22)
(59,29)
(0,20)
(85,13)
(92,31)
(28,13)
(58,23)
(81,0)
(34,36)
(74,24)
(44,38)
(71,24)
(22,27)
(39,28)
(33,25)
(33,39)
(15,27)
(8,25)
(57,20)
(83,30)
(78,30)
(50,35)
(97,7)
(43,23)
(15,6)
(95,12)
(99,6)
(47,5)
(99,40)
(51,16)
(36,1)
(3,14)
(13,35)
(93,11)
(59,19)
(47,20)
(61,25)
(46,11)
(60,31)
(84,29)
(46,38)
(92,3)
(45,3)
(10,16)
(71,13)
(53,20)
(36,16)
(6,17)
(65,9)
(18,36)
(83,38)
(51,8)
(36,17)
(39,16)
(16,4)
(86,5)
(26,21)
(70,4)
(3,19)
(55,32)
(53,19)
(36,28)
(23,39)
(63,27)
(60,3)
(96,12)
(98,26)
(21,31)
(40,21)
(53,24)
(88,4)
(64,17)
(59,7)
(97,37)
(76,11)
(69,39)
(49,33)
(28,10)
(87,27)
(5,22)
(71,8)
(61,13)
(5,26)
(21,27)
(57,24)
(28,33)
(17,36)
(93,31)
(42,30)
(6,28)
(43,27)
(99,29)
(41,25)
(55,13)
(10,30)
(33,36)
(31,24)
(98,18)
(28,0)
(99,17)
(96,2)
(29,34)
(47,10)
(13,24)
(24,14)
(27,2)
(41,30)
(14,22)
(73,13)
(12,2)
(62,20)
(90,18)
(59,16)
(60,32)
(63,15)
(74,39)
(77,30)
(13,17)
(36,21)
(33,11)
(79,37)
(53,3)
(44,9)
(42,34)
(56,34)
(22,31)
(24,2)
(13,5)
(69,18)
(44,16)
(24,5)
(1,28)
(48,28)
(55,35)
(23,23)
(3,27)
(94,24)
(61,22)
(77,28)
(6,8)
(12,13)
(90,9)
(98,31)
(57,25)
(62,17)
(25,38)
(35,36)
(90,30)
(86,3)
(98,38)
(6,37)
(84,18)
(52,4)
(53,15)
(79,5)
(25,17)
(99,11)
(34,1)
(52,11)
(53,30)
(21,17)
(90,12)
(78,4)
(73,32)
(7,11)
(93,21)
(73,20)
(61,23)
(60,34)
(11,14)
(42,2)
(44,39)
(60,23)
(70,33)
(15,30)
(47,31)
(32,33)
(94,2)
(97,15)
(72,7)
(25,30)
(70,26)
(46,35)
(17,25)
(79,26)
(33,22)
(46,3)
(56,4)
(18,28)
(88,34)
(38,33)
(73,26)
(86,19)
(96,10)
(1,38)
(67,36)
(70,14)
(6,26)
(51,25)
(64,7)
(23,18)
(0,17)
(58,40)
(41,15)
(34,18)
(38,8)
(20,3)
(84,8)
(46,2)
(75,33)
(82,26)
(84,37)
(95,8)
(67,2)
(71,6)
(58,10)
(73,19)
(60,33)
(59,4)
(8,16)
(41,5)
(1,21)
(71,21)
(17,34)
(1,4)
(40,11)
(74,18)
(83,20)
(79,12)
(45,10)
(73,10)
(46,29)
(57,12)
(2,17)
(65,19)
(70,6)
(50,15)
(3,10)
(39,7)
(9,38)
(4,29)
(47,12)
(74,19)
(14,13)
(73,25)
(49,25)
(61,14)
(23,7)
(82,29)
(80,0)
(75,22)
(53,32)
(41,3)
(94,37)
(85,8)
(28,26)
(72,12)
(38,29)
(99,19)
(15,24)
(79,16)
(29,30)
(36,5)
(76,36)
(56,9)
(46,5)
(0,15)
(45,33)
(9,17)
(55,36)
(77,39)
(16,18)
(36,0)
(21,39)
(38,2)
(65,40)
(75,34)
(85,25)
(54,31)
(25,12)
(10,3)
(1,40)
(58,1)
(27,15)
(98,13)
(77,33)
(24,36)
(96,24)
(36,12)
(91,21)
(75,5)
(40,30)
(77,37)
(80,37)
(33,7)
(39,8)
(88,8)
(43,14)
(2,29)
(31,1)
(65,18)
(1,36)
(34,23)
(17,38)
(52,12)
(52,19)
(97,20)
(8,33)
(58,15)
(30,6)
(70,2)
(96,38)
(10,31)
(73,22)
(45,34)
(9,14)
(63,20)
(80,14)
(45,29)
(52,40)
(41,33)
(15,7)
(66,28)
(94,34)
(7,5)
(38,35)
(13,18)
(11,37)
(81,7)
(53,37)
(96,14)
(68,35)
(38,3)
(74,13)
(96,32)
(82,12)
(51,22)
(64,2)
(75,19)
(71,28)
(84,24)
(18,24)
(34,12)
(11,2)
(96,13)
(27,11)
(96,23)
(77,6)
(30,8)
(84,0)
(96,18)
(66,23)
(9,9)
(96,3)
(64,15)
(71,12)
(48,12)
(84,33)
(59,12)
(62,30)
(11,16)
(48,24)
(33,30)
(57,40)
(18,15)
(99,25)
(44,22)
(27,9)
(20,10)
(44,27)
(80,19)
(96,9)
(68,11)
(63,36)
(24,8)
(4,34)
(0,27)
(13,27)
(95,38)
(98,36)
(42,3)
(75,37)
(88,30)
(53,33)
(9,34)
(46,31)
(80,26)
(21,38)
(62,18)
(9,12)
(45,32)
(53,40)
(57,9)
(20,11)
(24,21)
(25,13)
(53,8)
(0,38)
(98,33)
(81,27)
(82,22)
(64,12)
(39,3)
(22,12)
(55,20)
(76,9)
(97,35)
(61,1)
(84,10)
(10,14)
(32,19)
(13,15)
(38,39)
(30,38)
(48,6)
(72,10)
(29,0)
(37,19)
(7,26)
(0,35)
(96,31)
(28,35)
(43,17)
(90,14)
(6,35)
(27,29)
(13,30)
(0,36)
(93,37)
(15,1)
(71,10)
(61,21)
(53,26)
(31,35)
(84,15)
(34,14)
(14,7)
(47,17)
(55,30)
(26,18)
(16,27)
(90,21)
(85,2)
(27,36)
(18,27)
(96,40)
(35,19)
(89,39)
(70,30)
(75,0)
(93,29)
(58,37)
(21,28)
(17,16)
(90,25)
(24,13)
(11,31)
(42,8)
(25,39)
(81,29)
(48,19)
(16,7)
(80,31)
(6,15)
(10,8)
(96,22)
(20,20)
(13,39)
(43,9)
(22,19)
(21,25)
(78,22)
(40,31)
(37,13)
(40,18)
(58,14)
(36,15)
(80,7)
(3,5)
(58,4)
(48,1)
(99,16)
(60,24)
(6,20)
(36,9)
(98,7)
(69,30)
(50,3)
(6,32)
(15,21)
(89,21)
(12,14)
(73,15)
(30,36)
(8,22)
(66,14)
(87,16)
(87,19)
(33,8)
(92,22)
(82,13)
(64,35)
(64,25)
(50,14)
(66,8)
(76,10)
(6,27)
(55,31)
(79,11)
(16,35)
(70,19)
(53,9)
(58,18)
(83,16)
(41,34)
(9,5)
(74,26)
(82,7)
(61,37)
(69,29)
(73,33)
(58,36)
(76,28)
(65,20)
(27,22)
(48,22)
(39,26)
(66,2)
(93,4)
(21,32)
(35,29)
(56,20)
(96,25)
(64,21)
(73,6)
(22,8)
(44,11)
(17,9)
(50,12)
(34,32)
(96,37)
(54,23)
(28,6)
(43,37)
(64,26)
(51,40)
(83,37)
(57,7)
(61,3)
(8,39)
(15,33)
(75,39)
(17,13)
(92,33)
(18,17)
(4,3)
(88,33)
(1,27)
(53,22)
(99,23)
(20,37)
(30,40)
(66,3)
(93,40)
(8,10)
(0,29)
(7,25)
(35,27)
(3,9)
(84,19)
(66,24)
(82,10)
(41,13)
(41,8)
(80,6)
(12,28)
(37,20)
(16,16)
(83,15)
(25,34)
(53,31)
(9,4)
(97,24)
(17,6)
(64,40)
(89,11)
(71,7)
(23,22)
(10,10)
(35,0)
(37,34)
(96,28)
(15,26)
(36,13)
(29,21)
(20,15)
(41,27)
(6,23)
(93,28)
(57,23)
(22,39)
(51,32)
(68,20)
(16,8)
(56,18)
(23,34)
(96,26)
(18,18)
(8,7)
(1,12)
(17,17)
(25,16)
(47,30)
(40,20)
(7,34)
(40,3)
(73,21)
(34,7)
(80,38)
(86,9)
(75,16)
(89,20)
(56,17)
(56,12)
(58,29)
(0,23)
(71,29)
(37,12)
(99,28)
(66,36)
(93,34)
(35,23)
(94,17)
(83,39)
(92,8)
(29,10)
(68,17)
(31,40)
(29,22)
(83,19)
(51,37)
(42,9)
(27,25)
(20,17)
(91,22)
(25,11)
(41,38)
(37,36)
(20,35)
(93,23)
(99,27)
(1,32)
(3,22)
(1,33)
(66,29)
(31,25)
(26,10)
(27,19)
(83,3)
(87,10)
(20,18)
(92,37)
(6,21)
(95,10)
(14,37)
(7,29)
(10,20)
(7,13)
(2,25)
(42,7)
(33,28)
(27,24)
(24,38)
(99,38)
(38,32)
(54,16)
(16,14)
(4,21)
(36,25)
(1,29)
(90,27)
(86,7)
(74,3)
(62,28)
(26,30)
(33,35)
(6,39)
(18,1)
(97,25)
(16,9)
(17,21)
(90,33)
(24,10)
(69,37)
(94,10)
(68,3)
(44,30)
(24,25)
(69,10)
(57,26)
(92,9)
(53,6)
(90,2)
(48,21)
(72,17)
(36,34)
(45,36)
(70,36)
(13,23)
(7,18)
(75,17)
(53,11)
(54,29)
(94,35)
(97,38)
(43,32)
(61,8)
(39,12)
(60,25)
(57,17)
(85,12)
(55,19)
(0,28)
(3,30)
(55,17)
(23,21)
(98,21)
(43,31)
(41,29)
(21,30)
(35,14)
(85,19)
(81,32)
(13,9)
(96,39)
(94,5)
(24,33)
(40,32)
(4,1)
(5,20)
(21,20)
(14,27)
(66,17)
(51,26)
(4,32)
(38,14)
(60,38)
(92,7)
(90,32)
(50,21)
(24,34)
(53,38)
(19,35)
(46,28)
(57,18)
(81,25)
(24,40)
(78,16)
(10,21)
(39,15)
(52,31)
(95,37)
(58,24)
(73,36)
(11,39)
(31,26)
(83,22)
(34,8)
(51,20)
(44,36)
(15,12)
(97,36)
(65,2)
(38,11)
(10,35)
(61,17)
(27,26)
(52,39)
(31,13)
(34,30)
(76,16)
(19,24)
(58,26)
(38,31)
(67,15)
(56,22)
(70,16)
(3,15)
(23,9)
(0,32)
(78,40)
(73,17)
(62,4)
(41,19)
(29,24)
(11,33)
(88,23)
(56,2)
(4,14)
(50,22)
(8,11)
(13,8)
(20,29)
(37,4)
(48,34)
(63,10)
(95,39)
(13,3)
(58,13)
(82,15)
(45,35)
(97,40)
(42,33)
(29,7)
(40,6)
(64,29)
(77,22)
(49,40)
(95,32)
(33,13)
(97,33)
(63,6)
(27,31)
(48,26)
(12,16)
(20,33)
(99,39)
(13,38)
(30,28)
(95,7)
(38,21)
(22,38)
(24,24)
(95,19)
(11,12)
(10,26)
(48,25)
(78,12)
(59,5)
(61,31)
(5,13)
(36,10)
(63,16)
(25,20)
(41,22)
(22,10)
(30,29)
(20,7)
(15,23)
(97,12)
(71,25)
(93,27)
(37,26)
(15,15)
(42,32)
(91,6)
(38,6)
(9,16)
(22,28)
(87,21)
(76,38)
(72,40)
(46,33)
(79,3)
(18,29)
(29,37)
(56,30)
(94,29)
(17,29)
(3,39)
(74,16)
(54,32)
(80,28)
(66,31)
(88,16)
(51,34)
(41,40)
(66,27)
(70,39)
(70,7)
(74,12)
(70,15)
(2,3)
(71,35)
(56,23)
(64,39)
(19,32)
(22,37)
(78,35)
(87,29)
(29,28)
(2,40)
(20,39)
(54,13)
(11,15)
(59,22)
(67,27)
(43,29)
(6,31)
(80,16)
(17,39)
(28,32)
(45,24)
(4,9)
(25,23)
(18,16)
(0,33)
(4,10)
(54,36)
(76,6)
(4,37)
(93,12)
(46,36)
(28,16)
(37,2)
(78,37)
(38,27)
(18,5)
(69,11)
(32,40)
(73,30)
(58,35)
(9,11)
(24,3)
(61,20)
(66,6)
(11,35)
(58,20)
(3,12)
(29,32)
(55,29)
(76,26)
(99,36)
(57,39)
(28,20)
(51,5)
(47,13)
(55,37)
(43,19)
(45,18)
(43,16)
(37,40)
(92,19)
(31,15)
(92,4)
(28,12)
(38,30)
(8,6)
(1,18)
(35,32)
(9,32)
(0,24)
(23,33)
(86,29)
(33,17)
(6,13)
(93,18)
(38,34)
(67,1)
(85,16)
(36,40)
(28,7)
(90,22)
(50,40)
(37,22)
(6,25)
(4,19)
(27,16)
(91,5)
(46,17)
(89,12)
(17,22)
(97,23)
(69,1)
(3,7)
(89,9)
(40,34)
(46,21)
(20,26)
(80,20)
(27,37)
(66,20)
(73,16)
(40,35)
(72,13)
(68,39)
(86,28)
(58,31)
(31,22)
(75,24)
(61,26)
(68,18)
(10,34)
(1,2)
(28,4)
(51,36)
(2,13)
(24,29)
(70,22)
(64,36)
(74,37)
(77,12)
(57,34)
(52,13)
(71,32)
(50,8)
(47,15)
(59,15)
(45,25)
(83,34)
(39,25)
(62,29)
(36,38)
(93,14)
(98,10)
(48,16)
(11,1)
(40,5)
(66,13)
(45,26)
(69,16)
(17,27)
(63,38)
(20,22)
(66,15)
(44,6)
(33,37)
(49,8)
(2,14)
(4,15)
(32,1)
(24,31)
(41,35)
(92,14)
(31,27)
(84,16)
(21,19)
(60,10)
(83,25)
(2,20)
(36,26)
(16,13)
(93,36)
(23,15)
(11,18)
(68,36)
(95,23)
(10,36)
(86,40)
(7,6)
(22,40)
(89,30)
(21,37)
(9,10)
(51,13)
(99,8)
(48,29)
(16,10)
(33,15)
(28,30)
(86,34)
(26,39)
(36,31)
(24,15)
(44,3)
(52,34)
(71,19)
(22,35)
(52,7)
(95,21)
(94,18)
(4,36)
(11,24)
(65,32)
(34,24)
(46,27)
(70,29)
(70,5)
(91,24)
(72,6)
(39,5)
(64,24)
(85,6)
(43,36)
(27,30)
(82,8)
(48,17)
(22,29)
(78,23)
(98,22)
(70,38)
(55,9)
(59,25)
(6,40)
(93,22)
(98,35)
(20,31)
(84,28)
(19,40)
(69,12)
(30,14)
(44,40)
(18,10)
(55,38)
(62,15)
(47,11)
(89,36)
(0,34)
(0,8)
(71,39)
(75,40)
(61,10)
(8,13)
(29,38)
(52,30)
(92,17)
(67,9)
(28,36)
(80,30)
(13,21)
(85,9)
(66,25)
(75,28)
(90,34)
(47,26)
(17,31)
(18,9)
(12,33)
(59,39)
(11,5)
(90,38)
(95,3)
(46,26)
(23,19)
(60,15)
(71,16)
(79,35)
(92,30)
(77,21)
(78,19)
(66,16)
(37,29)
(92,27)
(79,22)
(29,11)
(9,23)
(0,10)
(32,31)
(87,7)
(37,32)
(32,24)
(54,12)
(99,9)
(10,37)
(51,39)
(60,7)
(93,16)
(37,23)
(42,16)
(11,21)
(37,21)
(31,20)
(3,35)
(27,8)
(56,3)
(0,40)
(98,23)
(22,30)
(16,32)
(44,26)
(32,13)
(24,28)
(34,17)
(44,25)
(22,32)
(57,38)
(91,11)
(62,23)
(84,20)
(49,23)
(91,16)
(13,36)
(9,29)
(79,38)
(82,34)
(57,32)
(24,32)
(18,6)
(63,30)
(49,39)
(23,27)
(52,35)
(84,27)
(42,13)
(32,7)
(63,25)
(25,24)
(84,5)
(27,39)
(82,33)
(63,26)
(73,5)
(56,37)
(13,31)
(77,14)
(39,18)
(79,33)
(27,38)
(82,21)
(2,11)
(14,3)
(78,13)
(11,8)
(21,29)
(65,28)
(50,23)
(98,9)
(19,19)
(71,17)
(55,40)
(5,19)
(72,14)
(26,36)
(52,27)
(71,38)
(89,8)
(24,20)
(72,16)
(51,35)
(80,22)
(62,32)
(65,12)
(32,14)
(60,26)
(83,9)
(85,29)
(10,25)
(43,5)
(73,8)
(33,40)
(28,31)
(31,37)
(42,12)
(23,29)
(97,28)
(43,34)
(42,11)
(91,33)
(70,27)
(39,27)
(40,7)
(84,4)
(47,2)
(8,30)
(98,19)
(75,23)
(40,28)
(95,20)
(21,34)
(93,38)
(16,40)
(15,14)
(7,3)
(87,15)
(36,35)
(81,2)
(50,37)
(25,29)
(59,23)
(33,21)
(84,36)
(10,28)
(7,35)
(70,25)
(8,35)
(79,7)
(25,22)
(32,38)
(21,36)
(3,29)
(24,30)
(77,11)
(85,31)
(85,14)
(10,27)
(25,36)
(54,30)
(97,18)
(16,28)
(67,22)
(79,34)
(68,23)
(95,30)
(74,40)
(35,24)
(71,27)
(17,12)
(19,8)
(88,27)
(43,20)
(99,20)
(2,23)
(13,28)
(23,38)
(32,29)
(61,29)
(24,23)
(5,37)
(87,39)
(22,18)
(18,8)
(68,9)
(39,14)
(88,40)
(25,4)
(70,40)
(50,28)
(69,22)
(81,10)
(34,19)
(97,39)
(28,2)
(13,22)
(39,39)
(37,15)
(95,31)
(63,19)
(93,26)
(10,15)
(84,22)
(41,1)
(35,16)
(37,39)
(28,27)
(36,39)
(38,40)
(81,37)
(13,7)
(22,6)
(4,26)
(45,13)
(26,17)
(64,32)
(56,39)
(16,37)
(30,32)
(37,30)
(98,1)
(8,29)
(81,19)
(81,26)
(35,38)
(50,38)
(61,11)
(34,21)
(74,30)
(26,23)
(17,40)
(16,11)
(75,26)
(50,10)
(16,5)
(15,16)
(52,22)
(71,34)
(81,8)
(88,0)
(89,10)
(3,20)
(98,32)
(12,22)
(74,32)
(13,29)
(22,36)
(60,30)
(46,24)
(78,7)
(60,13)
(1,14)
(60,35)
(7,7)
(63,4)
(97,31)
(72,37)
(13,16)
(56,16)
(4,27)
(19,0)
(68,6)
(7,16)
(82,31)
(21,4)
(14,26)
(20,36)
(7,39)
(31,21)
(10,39)
(9,36)
(94,39)
(20,28)
(32,0)
(65,34)
(26,40)
(20,24)
(42,28)
(68,31)
(26,13)
(23,13)
(62,40)
(80,36)
(86,27)
(3,17)
(17,18)
(86,36)
(70,37)
(60,12)
(19,11)
(88,39)
(77,26)
(56,28)
(90,5)
(93,10)
(29,40)
(74,38)
(22,16)
(37,18)
(46,13)
(54,18)
(43,24)
(88,24)
(21,35)
(33,27)
(92,32)
(42,10)
(90,26)
(11,32)
(30,39)
(72,18)
(17,26)
(63,28)
(65,14)
(90,24)
(67,18)
(67,28)
(77,24)
(65,31)
(49,35)
(83,8)
(44,19)
(76,5)
(45,40)
(3,28)
(85,39)
(88,21)
(20,34)
(56,32)
(57,11)
(40,1)
(54,33)
(72,33)
(31,5)
(80,39)
(43,30)
(77,29)
(89,40)
(34,9)
(30,33)
(60,19)
(47,40)
(4,11)
(85,7)
(12,12)
(83,31)
(99,33)
(33,32)
(42,39)
(98,24)
(2,19)
(65,8)
(32,12)
(43,33)
(45,30)
(60,18)
(92,26)
(17,35)
(98,30)
(70,34)
(93,20)
(50,34)
(18,39)
(78,31)
(30,10)
(38,38)
(40,36)
(84,13)
(11,17)
(54,40)
(5,32)
(85,34)
(82,35)
(52,36)
(12,34)
(59,1)
(56,40)
(4,28)
(1,30)
(60,40)
(65,7)
(75,30)
(60,8)
(28,5)
(12,26)
(65,3)
(38,16)
(12,7)
(82,18)
(3,24)
(94,9)
(62,37)
(76,30)
(54,7)
(7,8)
(18,3)
(31,10)
(39,19)
(88,18)
(56,5)
(87,33)
(65,29)
(39,21)
(16,25)
(12,29)
(73,14)
(37,9)
(92,36)
(73,24)
(46,25)
(62,33)
(71,26)
(16,19)
(34,13)
(31,18)
(89,35)
(83,21)
(85,30)
(64,34)
(16,17)
(73,39)
(17,14)
(18,34)
(92,16)
(60,36)
(65,35)
(23,31)
(77,25)
(91,26)
(47,28)
(31,30)
(86,17)
(48,11)
(93,33)
(79,8)
(5,8)
(69,15)
(46,12)
(94,40)
(91,7)
(93,32)
(84,12)
(47,34)
(49,16)
(95,29)
(9,33)
(48,30)
(9,37)
(47,39)
(82,39)
(29,8)
(33,23)
(79,20)
(82,36)
(4,22)
(49,14)
(37,24)
(47,29)
(41,12)
(64,28)
(48,31)
(69,20)
(76,37)
(86,35)
(61,27)
(41,37)
(19,4)
(14,24)
(49,26)
(43,21)
(69,33)
(82,38)
(14,19)
(4,18)
(51,14)
(54,27)
(76,3)
(86,23)
(44,34)
(8,36)
(49,2)
(46,39)
(9,40)
(75,8)
(49,28)
(29,23)
(3,21)
(98,34)
(12,4)
(91,20)
(29,39)
(51,27)
(77,35)
(94,15)
(16,31)
(38,17)
(83,5)
(5,25)
(75,15)
(23,28)
(47,7)
(98,40)
(26,37)
(45,38)
(81,14)
(15,36)
(85,33)
(11,27)
(52,3)
(86,16)
(65,21)
(81,11)
(27,35)
(15,38)
(88,11)
(63,22)
(84,40)
(51,29)
(78,34)
(12,5)
(16,29)
(92,20)
(28,34)
(75,27)
(1,8)
(72,35)
(40,4)
(29,4)
(72,34)
(35,2)
(59,36)
(85,28)
(36,18)
(26,31)
(85,26)
(90,37)
(39,35)
(18,30)
(68,38)
(61,33)
(68,12)
(17,32)
(45,5)
(3,8)
(83,12)
(88,7)
(64,33)
(72,27)
(32,17)
(33,38)
(56,8)
(76,19)
(49,20)
(4,16)
(89,37)
(41,4)
(19,31)
(15,32)
(61,15)
(67,0)
(63,35)
(29,33)
(51,28)
(11,13)
(48,9)
(29,15)
(27,32)
(98,15)
(37,11)
(87,40)
(91,12)
(76,35)
(57,30)
(48,38)
(56,13)
(86,13)
(7,10)
(1,39)
(39,33)
(48,35)
(12,32)
(39,24)
(68,26)
(38,22)
(48,36)
(81,24)
(72,21)
(30,7)
(45,12)
(50,24)
(30,31)
(4,23)
(72,24)
(16,39)
(79,23)
(57,10)
(9,27)
(30,26)
(77,32)
(40,8)
(57,15)
(27,33)
(30,21)
(9,22)
(37,14)
(56,35)
(48,10)
(49,21)
(14,36)
(18,32)
(8,21)
(7,20)
(28,23)
(62,22)
(94,25)
(83,28)
(36,33)
(15,28)
(1,25)
(86,26)
(81,22)
(15,39)
(81,38)
(4,20)
(62,35)
(48,33)
(91,23)
(68,16)
(71,11)
(77,9)
(78,8)
(79,4)
(87,20)
(64,27)
(31,6)
(11,34)
(86,33)
(90,23)
(94,3)
(67,39)
(41,16)
(30,12)
(32,6)
(30,27)
(56,27)
(27,20)
(36,30)
(39,32)
(67,14)
(65,39)
(54,35)
(28,14)
(52,33)
(52,28)
(8,19)
(48,37)
(29,13)
(52,5)
(37,8)
(42,29)
(57,13)
(11,20)
(89,3)
(11,28)
(69,36)
(72,15)
(35,7)
(5,10)
(28,22)
(42,24)
(18,37)
(65,37)
(94,13)
(18,19)
(29,17)
(72,22)
(71,15)
(89,16)
(52,20)
(12,23)
(67,7)
(50,9)
(68,13)
(87,30)
(49,12)
(1,17)
(19,10)
(48,23)
(8,38)
(86,22)
(49,24)
(39,31)
(81,18)
(61,40)
(26,33)
(62,36)
(26,32)
(69,26)
(84,38)
(79,31)
(91,29)
(18,31)
(12,35)
(81,30)
(18,21)
(89,18)
(67,13)
(45,16)
(87,37)
(81,15)
(72,38)
(44,13)
(44,23)
(94,11)
(88,5)
(90,20)
(50,25)
(77,3)
(34,15)
(30,25)
(72,30)
(78,27)
(14,40)
(83,13)
(26,9)
(45,39)
(91,34)
(68,34)
(34,33)
(12,40)
(69,34)
(5,34)
(94,32)
