200 Users
20 Files
1000 Transactions
2 Maximum Connections
1 Cycle Length per Upload-Download
0 Warm-up Transactions
0.400000 Zipf constant
5 Pre-Trusted Users
80 Well-Behaved (Good) Users
120 Purely Malicious Users
0 Feedback Skewing Users
0 Malignant Providing Users
0 Disguised Malicous Users
0 Sybil Attack Users
true Intelligent Trans. Generation
1561009420376 Trace Generation Seed

(0.097435,0.000000,1,false)
(0.004395,0.000000,1,false)
(0.079512,0.000000,1,false)
(0.030539,0.000000,1,false)
(0.009687,0.000000,1,false)
(0.096628,0.000000,1,false)
(0.068841,0.000000,1,false)
(0.020942,0.000000,1,false)
(0.066838,0.000000,1,false)
(0.016423,0.000000,1,false)
(0.015830,0.000000,1,false)
(0.014124,0.000000,1,false)
(0.011217,0.000000,1,false)
(0.068407,0.000000,1,false)
(0.046561,0.000000,1,false)
(0.021193,0.000000,1,false)
(0.039577,0.000000,1,false)
(0.000682,0.000000,1,false)
(0.013062,0.000000,1,false)
(0.065733,0.000000,1,false)
(0.085468,0.000000,1,false)
(0.093878,0.000000,1,false)
(0.035677,0.000000,1,false)
(0.051222,0.000000,1,false)
(0.021587,0.000000,1,false)
(0.092717,0.000000,1,false)
(0.035421,0.000000,1,false)
(0.077090,0.000000,1,false)
(0.054594,0.000000,1,false)
(0.061678,0.000000,1,false)
(0.006621,0.000000,1,false)
(0.077219,0.000000,1,false)
(0.072483,0.000000,1,false)
(0.094119,0.000000,1,false)
(0.044247,0.000000,1,false)
(0.041569,0.000000,1,false)
(0.070312,0.000000,1,false)
(0.055084,0.000000,1,false)
(0.032674,0.000000,1,false)
(0.021482,0.000000,1,false)
(0.023954,0.000000,1,false)
(0.092011,0.000000,1,false)
(0.022981,0.000000,1,false)
(0.012351,0.000000,1,false)
(0.003491,0.000000,1,false)
(0.004730,0.000000,1,false)
(0.074467,0.000000,1,false)
(0.053471,0.000000,1,false)
(0.017986,0.000000,1,false)
(0.026336,0.000000,1,false)
(0.012693,0.000000,1,false)
(0.084267,0.000000,1,false)
(0.061576,0.000000,1,false)
(0.029949,0.000000,1,false)
(0.061167,0.000000,1,false)
(0.048479,0.000000,1,false)
(0.087183,0.000000,1,false)
(0.042854,0.000000,1,false)
(0.036680,0.000000,1,false)
(0.043477,0.000000,1,false)
(0.068621,0.000000,1,false)
(0.019138,0.000000,1,false)
(0.059361,0.000000,1,false)
(0.070592,0.000000,1,false)
(0.024450,0.000000,1,false)
(0.094722,0.000000,1,false)
(0.017645,0.000000,1,false)
(0.054106,0.000000,1,false)
(0.067688,0.000000,1,false)
(0.024529,0.000000,1,false)
(0.045665,0.000000,1,false)
(0.061553,0.000000,1,false)
(0.014299,0.000000,1,false)
(0.080560,0.000000,1,false)
(0.015977,0.000000,1,false)
(0.075999,0.000000,1,false)
(0.030380,0.000000,1,false)
(0.071769,0.000000,1,false)
(0.024053,0.000000,1,false)
(0.042185,0.000000,1,false)
(0.023051,0.000000,1,false)
(0.031881,0.000000,1,false)
(0.042651,0.000000,1,false)
(0.032725,0.000000,1,false)
(0.083276,0.000000,1,false)
(0.009680,0.000000,1,false)
(0.053949,0.000000,1,false)
(0.058007,0.000000,1,false)
(0.070199,0.000000,1,false)
(0.087790,0.000000,1,false)
(0.025250,0.000000,1,false)
(0.073969,0.000000,1,false)
(0.086036,0.000000,1,false)
(0.050614,0.000000,1,false)
(0.080071,0.000000,1,false)
(0.025690,0.000000,1,false)
(0.028188,0.000000,1,false)
(0.019834,0.000000,1,false)
(0.030642,0.000000,1,false)
(0.001456,0.000000,1,false)
(0.020929,0.000000,1,false)
(0.076772,0.000000,1,false)
(0.080060,0.000000,1,false)
(0.061990,0.000000,1,false)
(0.022894,0.000000,1,false)
(0.094893,0.000000,1,false)
(0.072816,0.000000,1,false)
(0.052547,0.000000,1,false)
(0.078568,0.000000,1,false)
(0.012889,0.000000,1,false)
(0.070903,0.000000,1,false)
(0.001788,0.000000,1,false)
(0.032048,0.000000,1,false)
(0.089005,0.000000,1,false)
(0.059395,0.000000,1,false)
(0.060653,0.000000,1,false)
(0.049603,0.000000,1,false)
(0.090675,0.000000,1,false)
(0.040169,0.000000,1,false)
(0.036907,0.000000,1,false)
(0.996111,1.000000,0,true)
(0.909981,1.000000,0,true)
(0.944654,1.000000,0,true)
(0.963407,1.000000,0,true)
(0.942856,1.000000,0,true)
(0.944602,1.000000,0,false)
(0.906931,1.000000,0,false)
(0.967692,1.000000,0,false)
(0.956699,1.000000,0,false)
(0.948041,1.000000,0,false)
(0.932606,1.000000,0,false)
(0.959946,1.000000,0,false)
(0.910326,1.000000,0,false)
(0.909996,1.000000,0,false)
(0.968646,1.000000,0,false)
(0.998661,1.000000,0,false)
(0.962299,1.000000,0,false)
(0.911004,1.000000,0,false)
(0.922334,1.000000,0,false)
(0.964718,1.000000,0,false)
(0.980765,1.000000,0,false)
(0.942837,1.000000,0,false)
(0.994916,1.000000,0,false)
(0.953341,1.000000,0,false)
(0.980055,1.000000,0,false)
(0.978086,1.000000,0,false)
(0.919926,1.000000,0,false)
(0.949852,1.000000,0,false)
(0.985380,1.000000,0,false)
(0.915368,1.000000,0,false)
(0.996748,1.000000,0,false)
(0.901521,1.000000,0,false)
(0.909482,1.000000,0,false)
(0.985033,1.000000,0,false)
(0.902049,1.000000,0,false)
(0.917267,1.000000,0,false)
(0.915625,1.000000,0,false)
(0.955678,1.000000,0,false)
(0.925687,1.000000,0,false)
(0.993226,1.000000,0,false)
(0.953722,1.000000,0,false)
(0.933988,1.000000,0,false)
(0.913537,1.000000,0,false)
(0.975437,1.000000,0,false)
(0.990651,1.000000,0,false)
(0.999532,1.000000,0,false)
(0.907392,1.000000,0,false)
(0.930916,1.000000,0,false)
(0.911996,1.000000,0,false)
(0.962194,1.000000,0,false)
(0.951692,1.000000,0,false)
(0.905350,1.000000,0,false)
(0.950439,1.000000,0,false)
(0.972715,1.000000,0,false)
(0.988286,1.000000,0,false)
(0.999430,1.000000,0,false)
(0.995969,1.000000,0,false)
(0.956635,1.000000,0,false)
(0.983787,1.000000,0,false)
(0.996537,1.000000,0,false)
(0.964828,1.000000,0,false)
(0.978499,1.000000,0,false)
(0.929280,1.000000,0,false)
(0.922056,1.000000,0,false)
(0.947765,1.000000,0,false)
(0.976720,1.000000,0,false)
(0.919246,1.000000,0,false)
(0.909017,1.000000,0,false)
(0.923711,1.000000,0,false)
(0.939834,1.000000,0,false)
(0.955528,1.000000,0,false)
(0.986075,1.000000,0,false)
(0.912381,1.000000,0,false)
(0.922145,1.000000,0,false)
(0.932987,1.000000,0,false)
(0.992029,1.000000,0,false)
(0.948590,1.000000,0,false)
(0.920888,1.000000,0,false)
(0.946237,1.000000,0,false)
(0.956136,1.000000,0,false)

(0,0,false)
(1,0,false)
(2,0,true)
(3,0,false)
(4,0,false)
(5,0,false)
(6,0,false)
(7,0,false)
(8,0,false)
(9,0,false)
(10,0,false)
(11,0,false)
(12,0,false)
(13,0,false)
(14,0,false)
(15,0,false)
(16,0,false)
(17,0,false)
(18,0,false)
(19,0,false)
(20,0,false)
(21,0,true)
(23,0,false)
(24,0,false)
(25,0,false)
(26,0,false)
(27,0,false)
(28,0,false)
(29,0,false)
(31,0,false)
(32,0,false)
(33,0,false)
(35,0,false)
(36,0,false)
(37,0,false)
(38,0,false)
(39,0,false)
(40,0,false)
(41,0,false)
(42,0,false)
(43,0,false)
(44,0,false)
(46,0,false)
(47,0,false)
(48,0,false)
(49,0,false)
(52,0,false)
(53,0,false)
(54,0,false)
(55,0,false)
(56,0,true)
(57,0,false)
(58,0,false)
(59,0,false)
(60,0,false)
(62,0,false)
(63,0,false)
(64,0,false)
(66,0,false)
(67,0,false)
(68,0,false)
(69,0,false)
(70,0,false)
(73,0,true)
(74,0,false)
(75,0,false)
(76,0,false)
(79,0,false)
(80,0,false)
(81,0,false)
(83,0,false)
(84,0,false)
(85,0,false)
(86,0,false)
(89,0,true)
(90,0,false)
(91,0,false)
(93,0,false)
(94,0,false)
(95,0,false)
(99,0,false)
(100,0,false)
(102,0,false)
(104,0,false)
(105,0,false)
(106,0,false)
(107,0,false)
(108,0,false)
(109,0,false)
(110,0,false)
(111,0,false)
(113,0,false)
(114,0,false)
(115,0,false)
(116,0,false)
(118,0,false)
(119,0,false)
(120,0,true)
(121,0,true)
(122,0,true)
(123,0,true)
(125,0,false)
(126,0,true)
(127,0,true)
(128,0,true)
(129,0,true)
(131,0,true)
(133,0,true)
(134,0,true)
(136,0,true)
(140,0,true)
(141,0,true)
(142,0,true)
(144,0,true)
(145,0,true)
(147,0,true)
(148,0,true)
(149,0,false)
(151,0,false)
(153,0,true)
(154,0,true)
(155,0,true)
(156,0,true)
(157,0,true)
(159,0,true)
(160,0,true)
(161,0,true)
(162,0,true)
(163,0,true)
(165,0,true)
(166,0,true)
(167,0,true)
(168,0,true)
(170,0,true)
(171,0,true)
(172,0,true)
(173,0,true)
(174,0,true)
(177,0,true)
(178,0,true)
(179,0,true)
(180,0,true)
(182,0,true)
(183,0,false)
(185,0,true)
(186,0,true)
(187,0,true)
(188,0,true)
(189,0,true)
(190,0,true)
(191,0,true)
(193,0,true)
(194,0,true)
(195,0,true)
(196,0,true)
(198,0,true)
(199,0,true)
(1,1,false)
(2,1,false)
(3,1,false)
(4,1,false)
(7,1,false)
(8,1,false)
(9,1,false)
(11,1,false)
(12,1,false)
(13,1,false)
(16,1,false)
(17,1,false)
(18,1,false)
(19,1,false)
(20,1,false)
(21,1,false)
(22,1,false)
(23,1,false)
(24,1,false)
(25,1,false)
(27,1,false)
(29,1,false)
(32,1,false)
(33,1,false)
(35,1,false)
(36,1,false)
(37,1,false)
(41,1,true)
(43,1,false)
(45,1,false)
(46,1,false)
(47,1,false)
(49,1,false)
(50,1,false)
(52,1,false)
(53,1,false)
(54,1,false)
(55,1,false)
(56,1,false)
(58,1,false)
(59,1,false)
(60,1,false)
(62,1,false)
(63,1,false)
(66,1,false)
(67,1,false)
(68,1,true)
(71,1,false)
(72,1,false)
(74,1,false)
(76,1,false)
(77,1,false)
(79,1,false)
(80,1,false)
(81,1,false)
(83,1,false)
(84,1,true)
(86,1,false)
(87,1,false)
(88,1,false)
(90,1,false)
(92,1,true)
(93,1,false)
(94,1,false)
(95,1,false)
(96,1,false)
(97,1,false)
(98,1,false)
(99,1,false)
(101,1,false)
(103,1,false)
(104,1,false)
(105,1,false)
(106,1,true)
(107,1,false)
(108,1,false)
(109,1,false)
(112,1,false)
(113,1,false)
(114,1,true)
(115,1,false)
(116,1,false)
(117,1,false)
(118,1,false)
(119,1,false)
(122,1,true)
(123,1,true)
(124,1,false)
(126,1,true)
(127,1,true)
(129,1,true)
(130,1,true)
(131,1,true)
(134,1,true)
(135,1,true)
(136,1,true)
(138,1,true)
(139,1,true)
(143,1,true)
(144,1,true)
(148,1,true)
(149,1,true)
(150,1,true)
(152,1,true)
(156,1,true)
(157,1,true)
(159,1,true)
(160,1,false)
(161,1,true)
(162,1,true)
(163,1,true)
(164,1,true)
(165,1,true)
(166,1,true)
(168,1,true)
(171,1,true)
(172,1,true)
(174,1,true)
(175,1,true)
(177,1,true)
(178,1,true)
(180,1,true)
(181,1,true)
(183,1,true)
(184,1,true)
(186,1,true)
(190,1,true)
(192,1,true)
(193,1,true)
(195,1,true)
(196,1,true)
(197,1,false)
(198,1,true)
(0,2,false)
(2,2,false)
(4,2,false)
(6,2,false)
(7,2,false)
(9,2,false)
(14,2,false)
(17,2,false)
(20,2,false)
(21,2,false)
(22,2,false)
(24,2,false)
(25,2,false)
(26,2,false)
(28,2,false)
(31,2,false)
(32,2,false)
(34,2,false)
(35,2,false)
(37,2,false)
(38,2,false)
(41,2,false)
(44,2,false)
(45,2,false)
(48,2,false)
(49,2,false)
(50,2,false)
(52,2,false)
(53,2,true)
(56,2,false)
(58,2,false)
(59,2,false)
(62,2,false)
(63,2,false)
(65,2,false)
(66,2,false)
(67,2,false)
(71,2,true)
(72,2,false)
(75,2,false)
(76,2,false)
(78,2,false)
(79,2,false)
(81,2,false)
(83,2,false)
(84,2,false)
(85,2,false)
(86,2,false)
(89,2,false)
(93,2,false)
(94,2,false)
(95,2,false)
(98,2,false)
(99,2,false)
(103,2,false)
(104,2,false)
(106,2,false)
(109,2,false)
(110,2,false)
(113,2,false)
(114,2,false)
(116,2,false)
(117,2,false)
(118,2,false)
(120,2,true)
(121,2,true)
(122,2,true)
(124,2,true)
(125,2,true)
(126,2,true)
(131,2,false)
(132,2,true)
(135,2,true)
(136,2,true)
(138,2,true)
(139,2,true)
(141,2,true)
(142,2,true)
(144,2,true)
(145,2,true)
(146,2,false)
(147,2,true)
(149,2,false)
(150,2,true)
(151,2,true)
(152,2,true)
(153,2,true)
(154,2,true)
(155,2,true)
(156,2,true)
(158,2,true)
(163,2,true)
(165,2,true)
(167,2,true)
(168,2,true)
(169,2,true)
(173,2,true)
(175,2,true)
(176,2,true)
(178,2,true)
(180,2,true)
(183,2,true)
(186,2,true)
(187,2,true)
(189,2,true)
(190,2,true)
(191,2,true)
(193,2,true)
(194,2,true)
(195,2,true)
(198,2,true)
(2,3,false)
(5,3,false)
(9,3,false)
(10,3,false)
(11,3,false)
(15,3,false)
(16,3,false)
(18,3,false)
(19,3,false)
(20,3,false)
(22,3,false)
(23,3,false)
(25,3,false)
(26,3,false)
(27,3,false)
(35,3,false)
(36,3,true)
(37,3,false)
(39,3,false)
(41,3,false)
(42,3,false)
(43,3,false)
(45,3,false)
(46,3,false)
(48,3,false)
(49,3,false)
(55,3,false)
(56,3,false)
(58,3,false)
(60,3,false)
(62,3,false)
(63,3,false)
(64,3,false)
(71,3,false)
(75,3,false)
(76,3,false)
(77,3,false)
(78,3,false)
(81,3,false)
(84,3,false)
(87,3,false)
(88,3,false)
(89,3,true)
(91,3,false)
(93,3,false)
(94,3,false)
(99,3,false)
(100,3,false)
(101,3,false)
(102,3,false)
(104,3,false)
(105,3,true)
(106,3,false)
(107,3,false)
(110,3,true)
(112,3,false)
(113,3,false)
(115,3,false)
(116,3,false)
(117,3,false)
(118,3,false)
(119,3,false)
(120,3,true)
(121,3,true)
(122,3,true)
(124,3,true)
(125,3,true)
(127,3,true)
(129,3,true)
(130,3,true)
(132,3,true)
(133,3,true)
(134,3,true)
(135,3,true)
(136,3,true)
(137,3,true)
(141,3,true)
(142,3,true)
(143,3,true)
(146,3,true)
(147,3,true)
(148,3,true)
(153,3,true)
(154,3,true)
(156,3,true)
(159,3,true)
(160,3,true)
(161,3,true)
(162,3,true)
(163,3,true)
(165,3,true)
(166,3,true)
(168,3,true)
(170,3,true)
(171,3,true)
(172,3,true)
(173,3,true)
(177,3,true)
(178,3,true)
(181,3,true)
(184,3,true)
(186,3,true)
(187,3,true)
(189,3,true)
(190,3,true)
(193,3,true)
(196,3,true)
(199,3,true)
(1,4,false)
(3,4,false)
(5,4,false)
(6,4,false)
(9,4,false)
(10,4,false)
(13,4,false)
(17,4,false)
(18,4,false)
(19,4,false)
(22,4,false)
(26,4,false)
(28,4,false)
(32,4,false)
(34,4,false)
(36,4,false)
(38,4,false)
(39,4,false)
(40,4,false)
(42,4,false)
(44,4,false)
(45,4,false)
(46,4,false)
(50,4,false)
(51,4,false)
(54,4,false)
(58,4,false)
(61,4,false)
(67,4,false)
(69,4,false)
(70,4,false)
(71,4,false)
(72,4,false)
(75,4,false)
(79,4,false)
(80,4,false)
(81,4,false)
(82,4,false)
(83,4,false)
(87,4,false)
(95,4,false)
(96,4,false)
(97,4,false)
(98,4,false)
(99,4,false)
(100,4,false)
(102,4,false)
(106,4,false)
(108,4,false)
(109,4,false)
(110,4,false)
(113,4,false)
(114,4,false)
(115,4,false)
(116,4,false)
(120,4,true)
(121,4,false)
(122,4,true)
(123,4,true)
(124,4,true)
(126,4,true)
(130,4,true)
(133,4,true)
(134,4,true)
(135,4,true)
(136,4,true)
(139,4,true)
(141,4,true)
(142,4,true)
(143,4,true)
(144,4,true)
(145,4,true)
(146,4,true)
(150,4,true)
(151,4,true)
(153,4,true)
(155,4,true)
(161,4,true)
(162,4,true)
(163,4,true)
(164,4,true)
(168,4,true)
(171,4,true)
(173,4,false)
(176,4,true)
(177,4,true)
(178,4,true)
(179,4,true)
(180,4,true)
(182,4,false)
(183,4,true)
(184,4,true)
(185,4,true)
(190,4,true)
(192,4,true)
(197,4,true)
(199,4,true)
(0,5,false)
(1,5,false)
(2,5,false)
(5,5,true)
(9,5,false)
(13,5,false)
(18,5,false)
(19,5,false)
(20,5,false)
(22,5,false)
(23,5,false)
(24,5,false)
(28,5,false)
(33,5,false)
(38,5,false)
(40,5,false)
(42,5,false)
(43,5,false)
(45,5,false)
(46,5,false)
(47,5,false)
(48,5,false)
(53,5,false)
(54,5,false)
(56,5,false)
(57,5,false)
(59,5,true)
(60,5,false)
(62,5,false)
(63,5,false)
(65,5,false)
(66,5,false)
(67,5,false)
(69,5,false)
(70,5,false)
(72,5,false)
(73,5,false)
(76,5,false)
(78,5,false)
(88,5,false)
(91,5,false)
(93,5,false)
(96,5,false)
(99,5,false)
(100,5,false)
(101,5,false)
(102,5,false)
(103,5,false)
(104,5,false)
(105,5,false)
(108,5,false)
(109,5,false)
(114,5,true)
(117,5,false)
(118,5,false)
(119,5,false)
(121,5,true)
(123,5,true)
(124,5,true)
(127,5,true)
(128,5,true)
(129,5,true)
(130,5,true)
(132,5,true)
(133,5,true)
(135,5,true)
(144,5,true)
(145,5,true)
(146,5,true)
(149,5,true)
(150,5,true)
(151,5,true)
(153,5,true)
(155,5,true)
(156,5,true)
(157,5,true)
(159,5,true)
(163,5,true)
(166,5,true)
(167,5,true)
(170,5,false)
(171,5,false)
(172,5,true)
(173,5,true)
(175,5,true)
(178,5,true)
(180,5,true)
(181,5,true)
(184,5,true)
(185,5,true)
(186,5,true)
(187,5,false)
(192,5,true)
(193,5,true)
(194,5,true)
(195,5,true)
(197,5,true)
(0,6,false)
(2,6,false)
(6,6,false)
(9,6,false)
(10,6,false)
(16,6,false)
(18,6,false)
(20,6,false)
(22,6,false)
(23,6,false)
(24,6,false)
(27,6,false)
(28,6,false)
(30,6,false)
(40,6,false)
(43,6,false)
(45,6,false)
(47,6,false)
(48,6,false)
(53,6,false)
(55,6,false)
(56,6,false)
(57,6,false)
(58,6,false)
(59,6,false)
(63,6,false)
(66,6,false)
(71,6,false)
(81,6,false)
(82,6,false)
(87,6,false)
(88,6,false)
(90,6,false)
(92,6,true)
(96,6,false)
(97,6,false)
(98,6,false)
(100,6,false)
(103,6,false)
(104,6,false)
(106,6,false)
(107,6,false)
(108,6,false)
(109,6,false)
(112,6,false)
(117,6,true)
(119,6,false)
(120,6,true)
(123,6,true)
(124,6,true)
(126,6,true)
(127,6,true)
(136,6,true)
(137,6,true)
(139,6,true)
(141,6,true)
(142,6,true)
(144,6,true)
(149,6,true)
(151,6,true)
(152,6,true)
(159,6,true)
(163,6,true)
(165,6,true)
(167,6,true)
(168,6,true)
(169,6,true)
(170,6,true)
(172,6,false)
(174,6,true)
(175,6,true)
(178,6,true)
(179,6,true)
(182,6,true)
(183,6,true)
(186,6,false)
(187,6,true)
(193,6,true)
(194,6,true)
(197,6,true)
(198,6,true)
(1,7,false)
(4,7,false)
(8,7,false)
(9,7,false)
(16,7,false)
(22,7,false)
(23,7,false)
(25,7,false)
(26,7,false)
(27,7,false)
(28,7,false)
(31,7,false)
(32,7,false)
(33,7,false)
(37,7,false)
(39,7,false)
(42,7,false)
(43,7,false)
(50,7,false)
(51,7,false)
(54,7,false)
(55,7,false)
(57,7,false)
(59,7,false)
(63,7,false)
(65,7,false)
(66,7,false)
(73,7,false)
(76,7,false)
(80,7,false)
(82,7,false)
(83,7,false)
(86,7,false)
(88,7,false)
(92,7,false)
(93,7,false)
(96,7,false)
(97,7,false)
(98,7,false)
(101,7,false)
(102,7,false)
(103,7,false)
(117,7,false)
(118,7,false)
(119,7,false)
(120,7,true)
(121,7,true)
(124,7,true)
(126,7,true)
(128,7,true)
(129,7,true)
(131,7,true)
(133,7,true)
(135,7,true)
(136,7,true)
(137,7,true)
(139,7,false)
(140,7,true)
(141,7,false)
(142,7,true)
(145,7,true)
(146,7,true)
(148,7,true)
(149,7,true)
(154,7,true)
(158,7,true)
(159,7,true)
(163,7,true)
(165,7,true)
(167,7,true)
(169,7,true)
(172,7,true)
(174,7,true)
(176,7,true)
(178,7,true)
(180,7,true)
(181,7,true)
(182,7,true)
(184,7,true)
(186,7,true)
(188,7,true)
(192,7,true)
(193,7,true)
(199,7,true)
(1,8,false)
(3,8,false)
(7,8,false)
(9,8,false)
(11,8,false)
(14,8,false)
(17,8,false)
(24,8,false)
(26,8,false)
(34,8,false)
(36,8,false)
(38,8,false)
(44,8,false)
(47,8,true)
(49,8,false)
(50,8,false)
(54,8,false)
(60,8,false)
(64,8,false)
(66,8,false)
(67,8,false)
(71,8,false)
(72,8,false)
(75,8,false)
(81,8,false)
(83,8,false)
(92,8,false)
(94,8,false)
(97,8,false)
(100,8,false)
(102,8,false)
(103,8,false)
(107,8,false)
(112,8,false)
(113,8,false)
(117,8,false)
(119,8,false)
(122,8,true)
(124,8,true)
(125,8,true)
(127,8,true)
(128,8,true)
(131,8,true)
(134,8,true)
(135,8,true)
(142,8,true)
(144,8,true)
(145,8,true)
(147,8,true)
(150,8,true)
(151,8,true)
(152,8,true)
(154,8,true)
(157,8,true)
(160,8,true)
(163,8,true)
(164,8,true)
(171,8,true)
(172,8,false)
(176,8,true)
(182,8,true)
(185,8,true)
(186,8,true)
(188,8,true)
(194,8,false)
(197,8,true)
(198,8,true)
(9,9,false)
(14,9,false)
(18,9,false)
(20,9,false)
(21,9,false)
(22,9,false)
(25,9,false)
(30,9,false)
(31,9,false)
(34,9,false)
(39,9,false)
(40,9,false)
(41,9,false)
(42,9,false)
(45,9,false)
(50,9,false)
(52,9,false)
(54,9,false)
(65,9,false)
(66,9,false)
(67,9,false)
(69,9,false)
(72,9,false)
(75,9,false)
(86,9,false)
(88,9,false)
(89,9,false)
(91,9,true)
(92,9,false)
(93,9,false)
(95,9,false)
(96,9,false)
(97,9,false)
(99,9,false)
(101,9,false)
(104,9,false)
(106,9,false)
(107,9,false)
(111,9,false)
(112,9,false)
(117,9,false)
(118,9,false)
(119,9,false)
(120,9,true)
(123,9,true)
(125,9,true)
(126,9,true)
(128,9,true)
(130,9,true)
(132,9,true)
(133,9,true)
(138,9,true)
(139,9,true)
(140,9,true)
(144,9,true)
(150,9,true)
(155,9,true)
(167,9,true)
(171,9,true)
(173,9,true)
(174,9,true)
(175,9,true)
(179,9,true)
(181,9,true)
(182,9,true)
(185,9,true)
(189,9,true)
(190,9,true)
(194,9,true)
(197,9,true)
(199,9,true)
(0,10,false)
(2,10,false)
(3,10,false)
(5,10,false)
(6,10,false)
(7,10,false)
(9,10,false)
(14,10,false)
(21,10,false)
(23,10,false)
(30,10,false)
(32,10,false)
(36,10,false)
(37,10,false)
(44,10,false)
(57,10,false)
(60,10,false)
(61,10,false)
(67,10,false)
(68,10,false)
(71,10,false)
(73,10,false)
(74,10,false)
(75,10,false)
(79,10,false)
(81,10,false)
(82,10,false)
(84,10,false)
(86,10,false)
(89,10,false)
(94,10,false)
(95,10,false)
(97,10,false)
(98,10,false)
(100,10,false)
(102,10,false)
(105,10,false)
(121,10,true)
(122,10,true)
(123,10,true)
(126,10,true)
(128,10,false)
(131,10,true)
(136,10,true)
(138,10,true)
(139,10,true)
(140,10,true)
(144,10,true)
(146,10,true)
(147,10,true)
(148,10,true)
(149,10,false)
(150,10,true)
(152,10,true)
(153,10,true)
(155,10,true)
(160,10,true)
(170,10,true)
(171,10,true)
(172,10,true)
(176,10,true)
(178,10,true)
(183,10,true)
(186,10,true)
(189,10,true)
(192,10,true)
(194,10,true)
(196,10,false)
(197,10,false)
(0,11,false)
(1,11,false)
(2,11,false)
(4,11,false)
(6,11,false)
(7,11,false)
(8,11,false)
(9,11,false)
(19,11,false)
(21,11,false)
(22,11,false)
(28,11,false)
(30,11,false)
(31,11,false)
(35,11,false)
(36,11,false)
(38,11,false)
(39,11,false)
(40,11,false)
(41,11,false)
(43,11,false)
(44,11,false)
(48,11,false)
(49,11,false)
(50,11,false)
(53,11,false)
(57,11,false)
(58,11,false)
(59,11,false)
(60,11,false)
(63,11,false)
(69,11,false)
(74,11,false)
(76,11,false)
(78,11,false)
(79,11,false)
(80,11,false)
(82,11,true)
(83,11,false)
(86,11,false)
(87,11,false)
(89,11,false)
(90,11,false)
(92,11,false)
(93,11,false)
(96,11,false)
(97,11,false)
(98,11,false)
(104,11,false)
(105,11,true)
(106,11,false)
(109,11,false)
(110,11,false)
(115,11,false)
(117,11,false)
(119,11,false)
(122,11,true)
(123,11,true)
(126,11,true)
(128,11,true)
(129,11,true)
(130,11,true)
(132,11,true)
(136,11,true)
(138,11,true)
(139,11,true)
(142,11,true)
(152,11,true)
(154,11,false)
(155,11,true)
(159,11,true)
(163,11,true)
(164,11,true)
(165,11,true)
(173,11,true)
(175,11,true)
(176,11,true)
(183,11,true)
(187,11,true)
(189,11,false)
(192,11,true)
(193,11,true)
(194,11,true)
(3,12,false)
(4,12,false)
(5,12,false)
(7,12,false)
(8,12,false)
(12,12,false)
(16,12,false)
(18,12,false)
(19,12,false)
(23,12,false)
(25,12,false)
(27,12,false)
(33,12,false)
(39,12,false)
(40,12,false)
(42,12,false)
(44,12,false)
(47,12,false)
(49,12,false)
(50,12,false)
(51,12,false)
(52,12,false)
(54,12,true)
(56,12,true)
(57,12,false)
(67,12,false)
(69,12,false)
(74,12,false)
(77,12,false)
(78,12,false)
(80,12,false)
(82,12,false)
(84,12,false)
(85,12,false)
(86,12,false)
(87,12,false)
(91,12,false)
(92,12,false)
(94,12,false)
(95,12,false)
(96,12,false)
(101,12,false)
(109,12,false)
(111,12,false)
(114,12,false)
(117,12,false)
(118,12,true)
(120,12,true)
(121,12,false)
(124,12,true)
(127,12,true)
(129,12,true)
(132,12,true)
(133,12,true)
(137,12,true)
(138,12,true)
(141,12,true)
(142,12,true)
(149,12,true)
(151,12,true)
(155,12,true)
(158,12,true)
(159,12,true)
(162,12,true)
(165,12,true)
(167,12,true)
(168,12,true)
(169,12,true)
(173,12,false)
(179,12,true)
(181,12,true)
(185,12,true)
(186,12,true)
(187,12,true)
(189,12,true)
(192,12,true)
(193,12,true)
(196,12,true)
(198,12,true)
(3,13,false)
(4,13,false)
(11,13,false)
(12,13,false)
(13,13,false)
(14,13,false)
(17,13,false)
(24,13,false)
(27,13,false)
(34,13,false)
(37,13,false)
(38,13,false)
(39,13,false)
(41,13,false)
(42,13,false)
(43,13,false)
(51,13,false)
(52,13,false)
(53,13,false)
(54,13,true)
(55,13,false)
(61,13,false)
(64,13,false)
(67,13,false)
(69,13,false)
(71,13,false)
(77,13,false)
(89,13,false)
(93,13,false)
(95,13,false)
(98,13,false)
(100,13,false)
(101,13,false)
(104,13,false)
(105,13,false)
(107,13,false)
(111,13,false)
(112,13,false)
(114,13,false)
(118,13,false)
(121,13,true)
(123,13,true)
(126,13,true)
(128,13,true)
(131,13,true)
(132,13,true)
(134,13,true)
(135,13,true)
(137,13,true)
(142,13,true)
(143,13,true)
(149,13,true)
(152,13,true)
(155,13,true)
(157,13,true)
(158,13,false)
(159,13,true)
(160,13,true)
(163,13,true)
(167,13,true)
(168,13,true)
(170,13,true)
(171,13,true)
(173,13,true)
(179,13,true)
(184,13,true)
(185,13,true)
(187,13,true)
(189,13,true)
(192,13,true)
(193,13,true)
(199,13,true)
(0,14,false)
(2,14,false)
(3,14,false)
(4,14,false)
(6,14,false)
(11,14,false)
(16,14,false)
(17,14,false)
(18,14,false)
(27,14,false)
(28,14,false)
(34,14,false)
(37,14,false)
(38,14,false)
(39,14,false)
(42,14,false)
(44,14,false)
(46,14,false)
(47,14,false)
(51,14,false)
(52,14,true)
(54,14,false)
(61,14,false)
(62,14,false)
(63,14,false)
(65,14,false)
(68,14,false)
(73,14,false)
(80,14,false)
(82,14,false)
(85,14,false)
(89,14,false)
(90,14,false)
(92,14,false)
(93,14,false)
(94,14,false)
(95,14,false)
(96,14,false)
(97,14,false)
(104,14,false)
(105,14,false)
(107,14,false)
(109,14,false)
(110,14,false)
(111,14,false)
(114,14,false)
(115,14,false)
(119,14,false)
(120,14,true)
(121,14,true)
(122,14,true)
(129,14,true)
(134,14,true)
(135,14,true)
(136,14,true)
(142,14,true)
(147,14,true)
(155,14,true)
(163,14,true)
(165,14,true)
(170,14,true)
(180,14,true)
(181,14,true)
(183,14,true)
(184,14,true)
(185,14,true)
(189,14,true)
(190,14,true)
(191,14,true)
(196,14,true)
(198,14,true)
(1,15,false)
(2,15,false)
(3,15,false)
(4,15,false)
(15,15,false)
(16,15,false)
(17,15,false)
(21,15,true)
(23,15,false)
(26,15,false)
(30,15,false)
(31,15,true)
(32,15,false)
(33,15,false)
(39,15,false)
(42,15,false)
(43,15,false)
(50,15,false)
(51,15,false)
(54,15,false)
(57,15,false)
(58,15,false)
(60,15,false)
(64,15,false)
(70,15,false)
(73,15,false)
(75,15,false)
(76,15,false)
(79,15,false)
(81,15,false)
(93,15,false)
(94,15,false)
(96,15,false)
(97,15,false)
(99,15,false)
(100,15,false)
(106,15,false)
(108,15,false)
(111,15,false)
(112,15,true)
(115,15,false)
(117,15,false)
(119,15,false)
(121,15,true)
(123,15,true)
(125,15,true)
(126,15,true)
(131,15,true)
(133,15,true)
(134,15,true)
(135,15,true)
(142,15,true)
(143,15,true)
(144,15,true)
(146,15,true)
(147,15,true)
(150,15,true)
(152,15,false)
(164,15,true)
(165,15,true)
(169,15,true)
(170,15,true)
(174,15,true)
(181,15,true)
(182,15,true)
(185,15,true)
(186,15,true)
(189,15,true)
(190,15,true)
(192,15,true)
(196,15,true)
(198,15,false)
(0,16,false)
(2,16,false)
(3,16,true)
(4,16,false)
(8,16,false)
(18,16,false)
(20,16,false)
(21,16,false)
(23,16,false)
(39,16,false)
(44,16,false)
(46,16,false)
(48,16,false)
(51,16,false)
(53,16,false)
(54,16,false)
(59,16,false)
(62,16,false)
(64,16,false)
(69,16,false)
(70,16,false)
(76,16,false)
(79,16,false)
(83,16,false)
(84,16,false)
(86,16,false)
(88,16,false)
(92,16,true)
(93,16,false)
(97,16,false)
(104,16,false)
(106,16,false)
(112,16,false)
(114,16,false)
(118,16,false)
(121,16,true)
(123,16,true)
(129,16,true)
(133,16,true)
(136,16,true)
(147,16,true)
(150,16,true)
(152,16,true)
(154,16,true)
(155,16,true)
(162,16,true)
(164,16,true)
(168,16,true)
(176,16,true)
(182,16,true)
(188,16,true)
(196,16,true)
(199,16,true)
(0,17,false)
(3,17,false)
(7,17,false)
(11,17,false)
(14,17,false)
(16,17,false)
(22,17,false)
(23,17,true)
(27,17,true)
(31,17,false)
(39,17,false)
(40,17,false)
(47,17,false)
(49,17,false)
(51,17,false)
(54,17,false)
(58,17,false)
(61,17,false)
(63,17,false)
(77,17,true)
(83,17,false)
(86,17,false)
(87,17,false)
(89,17,false)
(92,17,false)
(94,17,false)
(95,17,false)
(96,17,false)
(97,17,false)
(99,17,false)
(102,17,false)
(103,17,false)
(105,17,false)
(106,17,false)
(108,17,false)
(112,17,false)
(113,17,false)
(120,17,true)
(135,17,true)
(136,17,true)
(139,17,true)
(142,17,true)
(146,17,true)
(148,17,true)
(150,17,true)
(151,17,true)
(153,17,true)
(154,17,true)
(156,17,true)
(157,17,false)
(160,17,true)
(163,17,true)
(164,17,true)
(168,17,true)
(171,17,false)
(179,17,true)
(181,17,true)
(182,17,true)
(185,17,true)
(190,17,true)
(191,17,true)
(197,17,true)
(7,18,false)
(8,18,false)
(11,18,false)
(13,18,false)
(15,18,true)
(17,18,false)
(22,18,false)
(28,18,false)
(29,18,false)
(35,18,false)
(38,18,false)
(40,18,false)
(43,18,false)
(44,18,false)
(45,18,false)
(47,18,false)
(49,18,false)
(50,18,false)
(52,18,false)
(53,18,false)
(57,18,false)
(60,18,false)
(62,18,false)
(66,18,false)
(72,18,false)
(73,18,false)
(76,18,false)
(87,18,false)
(92,18,false)
(95,18,false)
(105,18,false)
(109,18,false)
(114,18,false)
(115,18,false)
(122,18,false)
(132,18,true)
(133,18,true)
(137,18,true)
(141,18,true)
(147,18,true)
(149,18,true)
(150,18,true)
(154,18,true)
(158,18,true)
(164,18,true)
(168,18,true)
(172,18,false)
(180,18,true)
(183,18,true)
(186,18,true)
(187,18,true)
(190,18,true)
(0,19,false)
(1,19,false)
(5,19,false)
(14,19,false)
(18,19,false)
(19,19,false)
(21,19,false)
(23,19,false)
(25,19,false)
(27,19,false)
(34,19,false)
(36,19,true)
(37,19,false)
(41,19,false)
(49,19,true)
(51,19,false)
(52,19,false)
(53,19,false)
(62,19,false)
(63,19,false)
(66,19,false)
(68,19,false)
(70,19,false)
(80,19,false)
(82,19,false)
(86,19,true)
(89,19,true)
(91,19,false)
(97,19,false)
(99,19,false)
(104,19,false)
(111,19,false)
(115,19,false)
(126,19,true)
(129,19,true)
(131,19,true)
(139,19,true)
(142,19,false)
(144,19,true)
(146,19,true)
(147,19,true)
(148,19,true)
(152,19,true)
(153,19,true)
(154,19,true)
(158,19,true)
(164,19,true)
(165,19,true)
(169,19,true)
(170,19,true)
(175,19,true)
(180,19,true)
(183,19,true)
(188,19,true)
(194,19,true)
(196,19,true)

(8,4)
(39,18)
(18,17)
(70,18)
(34,18)
(195,8)
(173,7)
(125,10)
(46,18)
(14,5)
(127,18)
(58,13)
(13,3)
(105,4)
(194,15)
(174,12)
(68,11)
(0,1)
(8,15)
(126,3)
(25,11)
(185,6)
(155,19)
(124,14)
(176,14)
(26,16)
(158,0)
(170,9)
(49,10)
(112,4)
(168,5)
(107,18)
(49,4)
(26,17)
(175,0)
(184,15)
(117,16)
(109,16)
(154,12)
(65,0)
(81,17)
(5,11)
(33,13)
(38,6)
(108,9)
(182,5)
(130,8)
(113,11)
(169,13)
(149,14)
(149,8)
(169,8)
(103,14)
(76,8)
(194,16)
(196,18)
(109,17)
(171,18)
(125,19)
(12,15)
(181,11)
(188,3)
(194,4)
(71,0)
(199,17)
(56,4)
(152,18)
(176,3)
(88,10)
(111,17)
(90,8)
(79,13)
(62,13)
(150,12)
(115,10)
(10,1)
(187,15)
(114,6)
(197,3)
(176,19)
(133,8)
(147,1)
(144,16)
(189,18)
(61,1)
(53,9)
(99,8)
(66,12)
(172,17)
(108,13)
(137,10)
(83,15)
(118,8)
(46,15)
(49,7)
(190,11)
(5,2)
(25,4)
(60,13)
(23,8)
(189,7)
(146,0)
(8,2)
(178,18)
(20,13)
(114,17)
(177,6)
(52,5)
(82,0)
(32,8)
(11,5)
(172,14)
(35,4)
(169,18)
(24,7)
(167,4)
(135,16)
(171,12)
(96,19)
(142,1)
(151,16)
(168,15)
(16,10)
(140,17)
(181,19)
(141,13)
(49,16)
(77,18)
(171,2)
(82,2)
(105,9)
(169,14)
(126,14)
(153,15)
(76,6)
(91,7)
(28,13)
(18,13)
(149,9)
(176,12)
(45,0)
(187,16)
(82,15)
(20,19)
(146,13)
(162,14)
(155,1)
(2,4)
(52,7)
(174,4)
(80,18)
(182,3)
(139,3)
(115,6)
(106,5)
(149,17)
(62,8)
(194,14)
(75,5)
(13,16)
(170,11)
(141,5)
(76,14)
(189,5)
(38,1)
(73,12)
(19,2)
(169,3)
(2,9)
(36,5)
(92,5)
(87,2)
(78,4)
(54,6)
(144,13)
(0,4)
(19,14)
(80,6)
(185,11)
(17,12)
(12,14)
(71,12)
(166,11)
(112,5)
(177,5)
(182,11)
(93,19)
(78,1)
(111,6)
(141,17)
(116,7)
(65,15)
(156,7)
(166,2)
(59,19)
(36,9)
(132,1)
(122,15)
(179,16)
(61,6)
(22,12)
(72,13)
(120,13)
(163,10)
(139,0)
(138,4)
(37,12)
(73,4)
(106,8)
(107,10)
(81,18)
(107,16)
(177,14)
(1,9)
(126,16)
(117,10)
(178,14)
(107,15)
(63,10)
(53,3)
(143,7)
(45,11)
(59,9)
(120,10)
(21,3)
(48,8)
(12,2)
(37,6)
(107,2)
(183,9)
(102,1)
(115,9)
(10,8)
(19,13)
(24,17)
(165,10)
(73,8)
(38,10)
(177,15)
(103,18)
(174,2)
(175,3)
(170,1)
(181,4)
(31,12)
(42,16)
(2,8)
(80,5)
(194,18)
(78,9)
(101,0)
(86,18)
(34,7)
(55,19)
(128,6)
(191,1)
(143,17)
(75,18)
(32,19)
(37,18)
(84,4)
(98,16)
(195,13)
(58,12)
(16,8)
(138,3)
(108,7)
(98,3)
(197,19)
(198,4)
(54,3)
(86,8)
(20,15)
(28,16)
(142,9)
(77,11)
(36,14)
(120,5)
(75,1)
(133,6)
(102,11)
(73,6)
(166,17)
(128,4)
(48,1)
(81,13)
(175,4)
(108,10)
(4,17)
(1,2)
(39,6)
(22,19)
(18,7)
(14,6)
(12,3)
(60,9)
(135,6)
(195,16)
(25,6)
(87,0)
(34,3)
(24,3)
(13,17)
(121,9)
(67,15)
(141,10)
(35,13)
(47,16)
(32,18)
(189,6)
(99,18)
(149,16)
(28,3)
(64,11)
(82,17)
(106,7)
(107,12)
(114,3)
(18,18)
(165,17)
(42,19)
(182,13)
(123,19)
(119,4)
(191,11)
(163,16)
(15,16)
(175,15)
(111,3)
(145,15)
(91,4)
(108,19)
(10,9)
(12,18)
(57,9)
(77,2)
(6,5)
(179,11)
(19,17)
(106,19)
(66,13)
(158,5)
(85,5)
(153,13)
(196,11)
(109,9)
(7,6)
(9,12)
(165,18)
(166,4)
(187,8)
(34,5)
(179,1)
(1,13)
(122,13)
(105,12)
(154,6)
(92,2)
(123,2)
(143,2)
(31,8)
(170,18)
(23,4)
(180,3)
(68,7)
(1,12)
(174,8)
(0,7)
(49,5)
(3,7)
(93,10)
(42,17)
(89,18)
(54,10)
(36,2)
(38,19)
(51,3)
(157,7)
(165,5)
(2,7)
(18,8)
(110,6)
(179,10)
(132,0)
(102,2)
(51,1)
(181,8)
(165,16)
(194,12)
(48,18)
(60,16)
(147,13)
(36,13)
(97,18)
(71,19)
(106,12)
(25,10)
(38,12)
(64,19)
(163,12)
(163,15)
(133,10)
(135,11)
(142,18)
(72,6)
(146,18)
(111,5)
(192,9)
(197,16)
(176,1)
(107,7)
(88,15)
(163,9)
(121,19)
(74,8)
(164,13)
(69,6)
(192,8)
(15,13)
(61,18)
(146,11)
(199,11)
(188,2)
(106,18)
(160,2)
(59,15)
(50,19)
(101,18)
(28,9)
(116,12)
(144,12)
(121,8)
(112,0)
(97,5)
(171,14)
(114,10)
(58,9)
(37,15)
(33,2)
(44,19)
(19,8)
(128,1)
(22,8)
(105,2)
(143,14)
(178,15)
(104,10)
(77,0)
(57,1)
(114,7)
(43,2)
(13,2)
(143,0)
(193,10)
(41,8)
(143,9)
(2,17)
(64,9)
(128,3)
(129,8)
(72,3)
(82,1)
(102,6)
(195,3)
(174,3)
(87,5)
(183,3)
(90,4)
(51,8)
(21,6)
(86,4)
(0,18)
(159,2)
(124,10)
(10,18)
(55,2)
(48,13)
(144,17)
(26,10)
(180,13)
(24,9)
(184,18)
(9,14)
(170,17)
(186,17)
(52,8)
(158,3)
(99,14)
(34,17)
(142,16)
(57,3)
(168,7)
(70,7)
(151,11)
(162,5)
(87,8)
(55,9)
(116,6)
(70,14)
(145,1)
(178,17)
(41,6)
(115,13)
(43,9)
(63,12)
(187,4)
(168,10)
(140,4)
(107,4)
(21,4)
(186,9)
(109,10)
(194,17)
(169,17)
(24,4)
(59,8)
(9,15)
(163,19)
(104,7)
(16,5)
(3,3)
(176,9)
(186,4)
(140,6)
(190,10)
(185,10)
(7,15)
(127,10)
(40,2)
(23,13)
(122,7)
(144,7)
(188,17)
(29,15)
(94,13)
(55,8)
(71,14)
(39,5)
(110,8)
(1,18)
(166,12)
(19,9)
(133,13)
(22,10)
(55,17)
(171,6)
(135,18)
(114,11)
(195,9)
(35,6)
(174,5)
(150,13)
(172,2)
(111,16)
(150,3)
(39,1)
(101,10)
(20,8)
(37,9)
(136,5)
(75,7)
(36,18)
(169,0)
(78,14)
(49,9)
(163,18)
(128,17)
(65,10)
(189,8)
(139,5)
(107,5)
(20,10)
(124,19)
(92,0)
(172,19)
(83,14)
(135,0)
(126,8)
(65,4)
(186,16)
(2,13)
(25,18)
(126,17)
(73,2)
(77,16)
(12,5)
(8,10)
(34,10)
(185,3)
(164,2)
(30,8)
(37,16)
(78,10)
(69,14)
(7,13)
(122,16)
(20,17)
(51,5)
(19,6)
(100,1)
(144,14)
(188,10)
(142,5)
(98,5)
(85,11)
(35,7)
(19,18)
(69,18)
(157,3)
(10,15)
(14,4)
(98,17)
(123,8)
(115,17)
(67,19)
(69,3)
(2,12)
(156,11)
(97,13)
(98,0)
(10,17)
(34,0)
(90,16)
(45,14)
(116,5)
(116,19)
(36,6)
(105,7)
(69,2)
(43,16)
(104,15)
(0,9)
(128,16)
(159,9)
(154,5)
(101,8)
(67,7)
(81,7)
(192,0)
(111,1)
(59,4)
(122,9)
(7,3)
(120,8)
(36,7)
(85,7)
(135,10)
(54,11)
(2,19)
(155,8)
(41,10)
(29,10)
(45,13)
(65,8)
(102,12)
(55,5)
(139,13)
(59,12)
(41,5)
(45,17)
(128,15)
(1,10)
(125,16)
(29,16)
(22,16)
(112,2)
(93,4)
(149,3)
(199,6)
(110,1)
(29,17)
(17,11)
(6,15)
(178,9)
(110,17)
(88,18)
(5,17)
(124,9)
(180,11)
(143,10)
(111,7)
(75,11)
(137,16)
(199,2)
(24,16)
(80,13)
(51,9)
(84,6)
(182,12)
(29,9)
(149,19)
(145,12)
(16,11)
(2,18)
(112,10)
(30,0)
(112,18)
(148,6)
(82,3)
(24,12)
(24,11)
(27,18)
(6,12)
(68,2)
(128,14)
(162,7)
(64,14)
(30,14)
(154,14)
(113,5)
(112,12)
(96,0)
(16,19)
(39,8)
(71,5)
(104,4)
(166,6)
(26,13)
(140,1)
(157,6)
(41,4)
(129,4)
(115,16)
(90,7)
(129,2)
(26,19)
(115,2)
(1,6)
(107,17)
(19,7)
(88,4)
(185,7)
(140,8)
(35,12)
(196,7)
(32,16)
(100,11)
(68,4)
(24,15)
(66,15)
(82,9)
(152,7)
(21,14)
(196,17)
(10,7)
(197,13)
(133,1)
(53,7)
(144,3)
(196,13)
(28,17)
(195,6)
(131,18)
(13,11)
(74,13)
(178,12)
(32,13)
(33,10)
(117,13)
(99,16)
(66,10)
(47,19)
(130,14)
(161,12)
(121,17)
(116,8)
(108,18)
(97,3)
(66,14)
(141,9)
(20,18)
(165,9)
(8,8)
(198,18)
(23,14)
(66,4)
(170,8)
(129,10)
(75,13)
(176,17)
(189,1)
(44,15)
(174,17)
(178,16)
(21,12)
(143,16)
(160,19)
(174,13)
(175,8)
(166,15)
(58,8)
(31,1)
(141,14)
(80,10)
(173,16)
(91,1)
(95,8)
(22,14)
(44,6)
(92,3)
(124,18)
(106,14)
(29,7)
(93,18)
(103,13)
(48,4)
(8,9)
(162,13)
(3,6)
(1,16)
(138,14)
(37,11)
(82,5)
(84,17)
(79,18)
(185,18)
(136,19)
(72,7)
(142,10)
(152,5)
(145,6)
(0,8)
(77,19)
(198,9)
(47,13)
(44,1)
(63,9)
(187,7)
(79,5)
(126,5)
(98,8)
(94,18)
(59,13)
(55,12)
(81,19)
(36,12)
(177,13)
(111,4)
(182,19)
(34,1)
(174,19)
(198,16)
(22,13)
(92,10)
(162,8)
(21,5)
(57,13)
(102,15)
(37,5)
(162,19)
(74,9)
(50,3)
(94,4)
(18,15)
(187,14)
(110,12)
(124,0)
(156,16)
(71,15)
(132,16)
(179,5)
(83,10)
(70,1)
(168,11)
(156,8)
(182,10)
(78,6)
(127,2)
(177,17)
(53,17)
(58,18)
(196,5)
(22,0)
(128,19)
(114,15)
(133,19)
(122,17)
(20,4)
(22,15)
(63,4)
(135,12)
(178,19)
(45,10)
(14,3)
(185,19)
(35,14)
(191,13)
(176,5)
(147,6)
(145,13)
(152,4)
(194,7)
(24,14)
(96,18)
(92,4)
(125,17)
(37,4)
(168,9)
(179,15)
(47,3)
(93,12)
(60,14)
(132,17)
(158,10)
(17,9)
(101,17)
(26,5)
(198,7)
(161,7)
(193,17)
(174,14)
(88,12)
(55,4)
(178,13)
(131,6)
(134,19)
(87,13)
(19,15)
(180,15)
(135,9)
(36,15)
(114,8)
(74,16)
(33,4)
(83,3)
(195,12)
(165,8)
(57,4)
(175,10)
(138,16)
(13,10)
(59,3)
(91,13)
(175,12)
(188,1)
(177,7)
(19,16)
(116,17)
(53,14)
(76,10)
(41,14)
(129,6)
(91,14)
(173,18)
(151,15)
(158,15)
(110,19)
(183,17)
(52,4)
(146,6)
(74,7)
(191,3)
(197,7)
(150,6)
(54,18)
(34,16)
(73,13)
(33,9)
(31,14)
(177,19)
(66,3)
(65,17)
(164,7)
(197,18)
(75,16)
(133,17)
(146,14)
(7,19)
(93,17)
(17,19)
(88,8)
(6,16)
(110,5)
(143,19)
(3,9)
(174,16)
(24,19)
(138,17)
(149,4)
(173,17)
(111,11)
(156,6)
(16,4)
(95,11)
(77,4)
(131,12)
(185,16)
(92,13)
(82,13)
(64,7)
(149,11)
(110,15)
(192,14)
(186,13)
(3,18)
(191,4)
(143,6)
(88,17)
(191,8)
(182,1)
