300 Users
34 Files
2000 Transactions
2 Maximum Connections
1 Cycle Length per Upload-Download
0 Warm-up Transactions
0.400000 Zipf constant
5 Pre-Trusted Users
180 Well-Behaved (Good) Users
120 Purely Malicious Users
0 Feedback Skewing Users
0 Malignant Providing Users
0 Disguised Malicous Users
0 Sybil Attack Users
true Intelligent Trans. Generation
1561013129999 Trace Generation Seed

(0.007941,0.000000,1,false)
(0.070716,0.000000,1,false)
(0.011734,0.000000,1,false)
(0.091502,0.000000,1,false)
(0.089377,0.000000,1,false)
(0.010010,0.000000,1,false)
(0.095332,0.000000,1,false)
(0.033123,0.000000,1,false)
(0.015696,0.000000,1,false)
(0.015703,0.000000,1,false)
(0.042359,0.000000,1,false)
(0.080459,0.000000,1,false)
(0.032608,0.000000,1,false)
(0.080952,0.000000,1,false)
(0.056286,0.000000,1,false)
(0.021630,0.000000,1,false)
(0.097390,0.000000,1,false)
(0.069682,0.000000,1,false)
(0.051965,0.000000,1,false)
(0.022349,0.000000,1,false)
(0.031232,0.000000,1,false)
(0.062771,0.000000,1,false)
(0.002498,0.000000,1,false)
(0.075133,0.000000,1,false)
(0.052911,0.000000,1,false)
(0.044122,0.000000,1,false)
(0.047864,0.000000,1,false)
(0.027843,0.000000,1,false)
(0.039534,0.000000,1,false)
(0.031226,0.000000,1,false)
(0.007772,0.000000,1,false)
(0.077618,0.000000,1,false)
(0.038716,0.000000,1,false)
(0.059120,0.000000,1,false)
(0.052631,0.000000,1,false)
(0.065940,0.000000,1,false)
(0.025770,0.000000,1,false)
(0.046754,0.000000,1,false)
(0.038604,0.000000,1,false)
(0.025938,0.000000,1,false)
(0.059380,0.000000,1,false)
(0.010344,0.000000,1,false)
(0.005351,0.000000,1,false)
(0.013971,0.000000,1,false)
(0.039705,0.000000,1,false)
(0.039620,0.000000,1,false)
(0.068391,0.000000,1,false)
(0.004117,0.000000,1,false)
(0.013953,0.000000,1,false)
(0.019744,0.000000,1,false)
(0.011937,0.000000,1,false)
(0.036400,0.000000,1,false)
(0.006256,0.000000,1,false)
(0.064181,0.000000,1,false)
(0.002606,0.000000,1,false)
(0.087437,0.000000,1,false)
(0.070966,0.000000,1,false)
(0.021991,0.000000,1,false)
(0.099570,0.000000,1,false)
(0.075611,0.000000,1,false)
(0.081565,0.000000,1,false)
(0.036732,0.000000,1,false)
(0.032534,0.000000,1,false)
(0.021988,0.000000,1,false)
(0.070907,0.000000,1,false)
(0.063592,0.000000,1,false)
(0.055352,0.000000,1,false)
(0.062894,0.000000,1,false)
(0.032834,0.000000,1,false)
(0.096378,0.000000,1,false)
(0.060113,0.000000,1,false)
(0.050388,0.000000,1,false)
(0.079997,0.000000,1,false)
(0.016628,0.000000,1,false)
(0.054251,0.000000,1,false)
(0.082837,0.000000,1,false)
(0.028252,0.000000,1,false)
(0.053388,0.000000,1,false)
(0.061492,0.000000,1,false)
(0.079387,0.000000,1,false)
(0.044094,0.000000,1,false)
(0.034090,0.000000,1,false)
(0.006404,0.000000,1,false)
(0.049308,0.000000,1,false)
(0.048330,0.000000,1,false)
(0.014485,0.000000,1,false)
(0.081859,0.000000,1,false)
(0.010045,0.000000,1,false)
(0.016555,0.000000,1,false)
(0.098735,0.000000,1,false)
(0.078874,0.000000,1,false)
(0.076256,0.000000,1,false)
(0.054995,0.000000,1,false)
(0.099520,0.000000,1,false)
(0.079140,0.000000,1,false)
(0.076194,0.000000,1,false)
(0.058880,0.000000,1,false)
(0.042444,0.000000,1,false)
(0.071923,0.000000,1,false)
(0.051511,0.000000,1,false)
(0.079749,0.000000,1,false)
(0.088994,0.000000,1,false)
(0.059121,0.000000,1,false)
(0.061882,0.000000,1,false)
(0.037970,0.000000,1,false)
(0.038016,0.000000,1,false)
(0.054889,0.000000,1,false)
(0.046803,0.000000,1,false)
(0.017225,0.000000,1,false)
(0.066865,0.000000,1,false)
(0.069594,0.000000,1,false)
(0.093515,0.000000,1,false)
(0.068827,0.000000,1,false)
(0.090359,0.000000,1,false)
(0.091741,0.000000,1,false)
(0.022193,0.000000,1,false)
(0.035489,0.000000,1,false)
(0.048113,0.000000,1,false)
(0.046095,0.000000,1,false)
(0.027382,0.000000,1,false)
(0.923482,1.000000,0,true)
(0.920966,1.000000,0,true)
(0.988610,1.000000,0,true)
(0.991878,1.000000,0,true)
(0.960619,1.000000,0,true)
(0.994506,1.000000,0,false)
(0.973193,1.000000,0,false)
(0.921724,1.000000,0,false)
(0.923760,1.000000,0,false)
(0.970908,1.000000,0,false)
(0.997160,1.000000,0,false)
(0.926715,1.000000,0,false)
(0.951747,1.000000,0,false)
(0.965042,1.000000,0,false)
(0.920779,1.000000,0,false)
(0.940082,1.000000,0,false)
(0.904686,1.000000,0,false)
(0.987826,1.000000,0,false)
(0.959757,1.000000,0,false)
(0.988477,1.000000,0,false)
(0.925579,1.000000,0,false)
(0.975833,1.000000,0,false)
(0.993881,1.000000,0,false)
(0.967121,1.000000,0,false)
(0.914082,1.000000,0,false)
(0.995179,1.000000,0,false)
(0.932042,1.000000,0,false)
(0.994047,1.000000,0,false)
(0.986345,1.000000,0,false)
(0.986424,1.000000,0,false)
(0.976536,1.000000,0,false)
(0.919295,1.000000,0,false)
(0.997580,1.000000,0,false)
(0.944068,1.000000,0,false)
(0.999333,1.000000,0,false)
(0.946483,1.000000,0,false)
(0.915959,1.000000,0,false)
(0.935477,1.000000,0,false)
(0.972229,1.000000,0,false)
(0.940050,1.000000,0,false)
(0.957894,1.000000,0,false)
(0.959644,1.000000,0,false)
(0.981352,1.000000,0,false)
(0.941825,1.000000,0,false)
(0.925455,1.000000,0,false)
(0.926207,1.000000,0,false)
(0.904454,1.000000,0,false)
(0.905175,1.000000,0,false)
(0.926851,1.000000,0,false)
(0.999467,1.000000,0,false)
(0.936732,1.000000,0,false)
(0.974073,1.000000,0,false)
(0.910406,1.000000,0,false)
(0.900911,1.000000,0,false)
(0.917642,1.000000,0,false)
(0.987846,1.000000,0,false)
(0.901348,1.000000,0,false)
(0.996830,1.000000,0,false)
(0.937216,1.000000,0,false)
(0.980115,1.000000,0,false)
(0.998975,1.000000,0,false)
(0.915109,1.000000,0,false)
(0.985867,1.000000,0,false)
(0.962654,1.000000,0,false)
(0.969429,1.000000,0,false)
(0.937119,1.000000,0,false)
(0.956475,1.000000,0,false)
(0.941420,1.000000,0,false)
(0.956293,1.000000,0,false)
(0.996877,1.000000,0,false)
(0.911755,1.000000,0,false)
(0.902904,1.000000,0,false)
(0.927629,1.000000,0,false)
(0.990241,1.000000,0,false)
(0.993471,1.000000,0,false)
(0.934285,1.000000,0,false)
(0.983825,1.000000,0,false)
(0.951886,1.000000,0,false)
(0.973025,1.000000,0,false)
(0.900501,1.000000,0,false)
(0.965774,1.000000,0,false)
(0.997170,1.000000,0,false)
(0.925270,1.000000,0,false)
(0.995423,1.000000,0,false)
(0.927391,1.000000,0,false)
(0.949718,1.000000,0,false)
(0.949069,1.000000,0,false)
(0.912704,1.000000,0,false)
(0.970397,1.000000,0,false)
(0.983667,1.000000,0,false)
(0.959251,1.000000,0,false)
(0.944708,1.000000,0,false)
(0.982525,1.000000,0,false)
(0.901996,1.000000,0,false)
(0.935005,1.000000,0,false)
(0.915051,1.000000,0,false)
(0.972959,1.000000,0,false)
(0.949207,1.000000,0,false)
(0.929615,1.000000,0,false)
(0.981859,1.000000,0,false)
(0.960839,1.000000,0,false)
(0.917876,1.000000,0,false)
(0.925628,1.000000,0,false)
(0.914755,1.000000,0,false)
(0.944019,1.000000,0,false)
(0.954170,1.000000,0,false)
(0.958119,1.000000,0,false)
(0.948869,1.000000,0,false)
(0.956061,1.000000,0,false)
(0.997442,1.000000,0,false)
(0.926662,1.000000,0,false)
(0.953861,1.000000,0,false)
(0.909558,1.000000,0,false)
(0.903334,1.000000,0,false)
(0.973960,1.000000,0,false)
(0.924962,1.000000,0,false)
(0.923419,1.000000,0,false)
(0.998570,1.000000,0,false)
(0.925754,1.000000,0,false)
(0.906465,1.000000,0,false)
(0.940598,1.000000,0,false)
(0.998734,1.000000,0,false)
(0.962738,1.000000,0,false)
(0.995902,1.000000,0,false)
(0.961053,1.000000,0,false)
(0.987780,1.000000,0,false)
(0.930630,1.000000,0,false)
(0.949293,1.000000,0,false)
(0.942317,1.000000,0,false)
(0.909907,1.000000,0,false)
(0.989398,1.000000,0,false)
(0.914414,1.000000,0,false)
(0.957114,1.000000,0,false)
(0.960644,1.000000,0,false)
(0.956815,1.000000,0,false)
(0.959930,1.000000,0,false)
(0.943803,1.000000,0,false)
(0.984596,1.000000,0,false)
(0.915101,1.000000,0,false)
(0.943549,1.000000,0,false)
(0.941224,1.000000,0,false)
(0.992297,1.000000,0,false)
(0.922373,1.000000,0,false)
(0.972010,1.000000,0,false)
(0.964639,1.000000,0,false)
(0.997948,1.000000,0,false)
(0.902920,1.000000,0,false)
(0.949766,1.000000,0,false)
(0.953978,1.000000,0,false)
(0.953578,1.000000,0,false)
(0.982050,1.000000,0,false)
(0.991643,1.000000,0,false)
(0.909490,1.000000,0,false)
(0.913243,1.000000,0,false)
(0.982300,1.000000,0,false)
(0.987538,1.000000,0,false)
(0.923153,1.000000,0,false)
(0.903372,1.000000,0,false)
(0.908278,1.000000,0,false)
(0.954400,1.000000,0,false)
(0.916849,1.000000,0,false)
(0.902230,1.000000,0,false)
(0.917203,1.000000,0,false)
(0.992278,1.000000,0,false)
(0.910292,1.000000,0,false)
(0.942684,1.000000,0,false)
(0.901436,1.000000,0,false)
(0.977129,1.000000,0,false)
(0.963129,1.000000,0,false)
(0.948080,1.000000,0,false)
(0.997843,1.000000,0,false)
(0.973382,1.000000,0,false)
(0.966342,1.000000,0,false)
(0.990998,1.000000,0,false)
(0.986799,1.000000,0,false)
(0.933920,1.000000,0,false)
(0.998267,1.000000,0,false)
(0.929034,1.000000,0,false)
(0.950957,1.000000,0,false)
(0.974181,1.000000,0,false)

(1,0,false)
(2,0,false)
(3,0,false)
(6,0,false)
(7,0,false)
(11,0,false)
(12,0,false)
(14,0,false)
(16,0,false)
(17,0,false)
(18,0,false)
(19,0,false)
(20,0,false)
(21,0,false)
(22,0,false)
(23,0,false)
(24,0,false)
(25,0,true)
(26,0,false)
(28,0,false)
(29,0,false)
(30,0,false)
(33,0,false)
(34,0,false)
(37,0,false)
(39,0,false)
(40,0,false)
(42,0,false)
(43,0,false)
(44,0,false)
(46,0,false)
(47,0,false)
(50,0,false)
(51,0,false)
(52,0,false)
(53,0,false)
(54,0,false)
(55,0,false)
(58,0,false)
(59,0,false)
(60,0,true)
(62,0,false)
(63,0,false)
(65,0,false)
(66,0,false)
(67,0,false)
(68,0,false)
(70,0,false)
(71,0,false)
(72,0,false)
(74,0,false)
(76,0,false)
(77,0,false)
(81,0,false)
(82,0,false)
(83,0,false)
(84,0,false)
(86,0,false)
(87,0,false)
(88,0,false)
(89,0,false)
(92,0,false)
(94,0,false)
(97,0,true)
(98,0,false)
(99,0,true)
(101,0,false)
(102,0,true)
(103,0,false)
(105,0,false)
(106,0,false)
(107,0,false)
(108,0,false)
(109,0,false)
(110,0,false)
(111,0,false)
(112,0,false)
(113,0,false)
(114,0,false)
(115,0,false)
(116,0,false)
(117,0,false)
(118,0,false)
(121,0,false)
(122,0,true)
(123,0,true)
(124,0,true)
(125,0,true)
(126,0,true)
(127,0,true)
(130,0,true)
(131,0,true)
(132,0,true)
(133,0,true)
(135,0,true)
(136,0,false)
(138,0,true)
(139,0,true)
(140,0,false)
(141,0,true)
(143,0,true)
(144,0,true)
(145,0,true)
(146,0,true)
(147,0,true)
(148,0,true)
(149,0,true)
(150,0,true)
(151,0,true)
(155,0,true)
(156,0,true)
(157,0,true)
(158,0,true)
(159,0,true)
(160,0,true)
(161,0,true)
(162,0,true)
(163,0,true)
(164,0,true)
(166,0,true)
(169,0,true)
(170,0,true)
(171,0,true)
(173,0,true)
(174,0,true)
(175,0,true)
(176,0,true)
(177,0,true)
(178,0,true)
(179,0,true)
(181,0,true)
(182,0,true)
(183,0,true)
(184,0,true)
(185,0,true)
(186,0,true)
(187,0,true)
(188,0,true)
(189,0,true)
(191,0,true)
(192,0,true)
(193,0,true)
(194,0,true)
(196,0,true)
(197,0,true)
(198,0,true)
(200,0,true)
(201,0,true)
(202,0,true)
(203,0,true)
(204,0,false)
(205,0,true)
(206,0,true)
(207,0,true)
(209,0,true)
(210,0,true)
(211,0,true)
(212,0,true)
(214,0,true)
(216,0,true)
(217,0,true)
(219,0,true)
(221,0,true)
(222,0,true)
(223,0,true)
(224,0,true)
(225,0,true)
(226,0,true)
(227,0,true)
(230,0,true)
(232,0,true)
(233,0,false)
(234,0,true)
(235,0,true)
(236,0,false)
(237,0,true)
(238,0,false)
(239,0,true)
(240,0,true)
(241,0,true)
(243,0,true)
(244,0,true)
(245,0,true)
(246,0,true)
(247,0,true)
(248,0,true)
(249,0,true)
(251,0,true)
(252,0,true)
(253,0,true)
(254,0,true)
(256,0,true)
(257,0,true)
(258,0,true)
(259,0,true)
(260,0,true)
(262,0,true)
(263,0,true)
(264,0,true)
(267,0,true)
(268,0,true)
(270,0,true)
(271,0,true)
(272,0,true)
(274,0,true)
(275,0,true)
(276,0,true)
(278,0,true)
(279,0,true)
(280,0,true)
(281,0,true)
(282,0,true)
(283,0,true)
(284,0,true)
(285,0,true)
(286,0,false)
(289,0,true)
(290,0,true)
(291,0,true)
(292,0,true)
(293,0,true)
(294,0,true)
(295,0,true)
(296,0,true)
(298,0,true)
(1,1,true)
(3,1,false)
(4,1,false)
(5,1,false)
(6,1,false)
(7,1,false)
(11,1,true)
(12,1,false)
(15,1,false)
(17,1,false)
(21,1,false)
(22,1,false)
(23,1,true)
(24,1,false)
(25,1,false)
(29,1,false)
(32,1,false)
(33,1,false)
(34,1,false)
(35,1,true)
(38,1,false)
(45,1,false)
(47,1,false)
(49,1,false)
(50,1,false)
(56,1,false)
(58,1,false)
(60,1,true)
(63,1,false)
(64,1,false)
(65,1,false)
(66,1,true)
(68,1,false)
(69,1,false)
(70,1,false)
(73,1,false)
(78,1,false)
(79,1,false)
(80,1,false)
(81,1,false)
(82,1,false)
(83,1,false)
(85,1,false)
(87,1,false)
(88,1,false)
(89,1,false)
(92,1,false)
(93,1,false)
(95,1,false)
(96,1,true)
(97,1,false)
(98,1,false)
(100,1,false)
(102,1,false)
(103,1,false)
(104,1,false)
(105,1,false)
(106,1,false)
(107,1,false)
(108,1,false)
(109,1,false)
(110,1,false)
(111,1,false)
(112,1,false)
(114,1,false)
(115,1,false)
(117,1,false)
(118,1,false)
(119,1,false)
(120,1,true)
(121,1,true)
(122,1,true)
(124,1,true)
(125,1,true)
(126,1,true)
(128,1,true)
(130,1,true)
(131,1,true)
(132,1,false)
(133,1,true)
(134,1,true)
(136,1,true)
(137,1,true)
(138,1,true)
(144,1,true)
(145,1,true)
(146,1,true)
(148,1,true)
(152,1,true)
(153,1,true)
(155,1,true)
(156,1,false)
(157,1,true)
(159,1,true)
(160,1,true)
(165,1,true)
(166,1,true)
(167,1,true)
(168,1,true)
(170,1,true)
(171,1,true)
(172,1,true)
(175,1,true)
(177,1,true)
(178,1,false)
(179,1,true)
(180,1,true)
(181,1,false)
(183,1,true)
(184,1,true)
(186,1,true)
(188,1,true)
(189,1,true)
(193,1,true)
(194,1,true)
(195,1,true)
(196,1,true)
(198,1,true)
(199,1,true)
(200,1,true)
(202,1,true)
(203,1,true)
(204,1,true)
(206,1,true)
(207,1,true)
(210,1,true)
(212,1,true)
(213,1,true)
(216,1,true)
(217,1,true)
(219,1,true)
(221,1,false)
(223,1,true)
(224,1,true)
(225,1,true)
(227,1,true)
(228,1,true)
(229,1,true)
(231,1,true)
(232,1,true)
(233,1,true)
(234,1,true)
(237,1,true)
(239,1,true)
(240,1,true)
(241,1,true)
(242,1,true)
(243,1,true)
(246,1,true)
(247,1,true)
(248,1,true)
(249,1,true)
(250,1,true)
(253,1,true)
(254,1,true)
(256,1,true)
(258,1,true)
(259,1,true)
(260,1,true)
(263,1,true)
(264,1,true)
(265,1,true)
(266,1,true)
(267,1,true)
(268,1,true)
(269,1,true)
(270,1,true)
(271,1,true)
(272,1,true)
(274,1,true)
(275,1,true)
(276,1,true)
(277,1,false)
(278,1,true)
(280,1,true)
(282,1,true)
(283,1,true)
(285,1,true)
(286,1,true)
(287,1,true)
(288,1,true)
(291,1,true)
(292,1,true)
(294,1,true)
(295,1,true)
(296,1,true)
(297,1,true)
(298,1,true)
(1,2,false)
(3,2,false)
(6,2,true)
(7,2,false)
(8,2,false)
(11,2,false)
(12,2,false)
(14,2,false)
(15,2,false)
(16,2,false)
(17,2,false)
(18,2,false)
(19,2,false)
(21,2,false)
(23,2,false)
(26,2,false)
(27,2,false)
(29,2,false)
(31,2,false)
(32,2,false)
(33,2,false)
(34,2,false)
(35,2,false)
(36,2,false)
(37,2,false)
(39,2,false)
(40,2,false)
(41,2,false)
(42,2,false)
(44,2,false)
(46,2,false)
(49,2,false)
(50,2,false)
(51,2,false)
(52,2,false)
(54,2,false)
(56,2,false)
(58,2,false)
(60,2,true)
(63,2,false)
(64,2,false)
(65,2,false)
(66,2,false)
(67,2,false)
(68,2,false)
(69,2,false)
(70,2,false)
(72,2,false)
(73,2,false)
(74,2,false)
(75,2,false)
(76,2,false)
(78,2,false)
(79,2,false)
(80,2,true)
(82,2,false)
(84,2,false)
(85,2,false)
(87,2,false)
(88,2,false)
(89,2,true)
(90,2,false)
(91,2,false)
(92,2,false)
(93,2,false)
(95,2,false)
(96,2,false)
(99,2,true)
(101,2,false)
(103,2,false)
(104,2,false)
(106,2,false)
(108,2,false)
(110,2,false)
(111,2,false)
(114,2,false)
(116,2,false)
(118,2,false)
(119,2,false)
(122,2,true)
(125,2,true)
(126,2,true)
(130,2,true)
(134,2,true)
(136,2,true)
(137,2,true)
(138,2,true)
(141,2,true)
(142,2,true)
(143,2,true)
(146,2,true)
(148,2,true)
(149,2,true)
(150,2,true)
(151,2,true)
(152,2,true)
(153,2,true)
(155,2,true)
(157,2,true)
(159,2,true)
(160,2,true)
(162,2,true)
(164,2,true)
(166,2,true)
(167,2,true)
(168,2,true)
(169,2,true)
(171,2,true)
(172,2,true)
(174,2,true)
(175,2,true)
(176,2,true)
(177,2,true)
(178,2,true)
(179,2,true)
(180,2,true)
(181,2,true)
(182,2,true)
(184,2,true)
(185,2,true)
(186,2,true)
(188,2,true)
(190,2,true)
(191,2,true)
(192,2,true)
(193,2,true)
(195,2,true)
(196,2,true)
(197,2,true)
(198,2,true)
(199,2,true)
(202,2,true)
(206,2,true)
(207,2,false)
(209,2,true)
(212,2,true)
(213,2,true)
(214,2,true)
(215,2,true)
(217,2,true)
(218,2,true)
(220,2,true)
(221,2,true)
(223,2,true)
(225,2,true)
(227,2,true)
(228,2,true)
(230,2,true)
(233,2,true)
(234,2,true)
(235,2,true)
(236,2,true)
(238,2,true)
(240,2,true)
(241,2,true)
(242,2,false)
(243,2,true)
(244,2,true)
(245,2,true)
(246,2,true)
(247,2,true)
(249,2,true)
(255,2,true)
(256,2,true)
(257,2,true)
(260,2,true)
(261,2,true)
(264,2,true)
(267,2,true)
(270,2,true)
(271,2,true)
(272,2,true)
(273,2,true)
(274,2,true)
(275,2,true)
(279,2,true)
(280,2,false)
(286,2,true)
(287,2,true)
(288,2,true)
(289,2,true)
(290,2,true)
(293,2,true)
(294,2,true)
(295,2,true)
(298,2,true)
(299,2,true)
(0,3,false)
(4,3,false)
(5,3,false)
(7,3,false)
(8,3,false)
(9,3,false)
(10,3,false)
(12,3,false)
(13,3,false)
(16,3,false)
(18,3,false)
(19,3,false)
(20,3,false)
(21,3,false)
(22,3,false)
(24,3,false)
(27,3,false)
(28,3,false)
(29,3,false)
(30,3,false)
(34,3,false)
(36,3,false)
(37,3,false)
(40,3,false)
(41,3,false)
(43,3,false)
(44,3,false)
(45,3,false)
(46,3,false)
(48,3,false)
(51,3,false)
(52,3,false)
(53,3,false)
(56,3,false)
(58,3,false)
(60,3,false)
(64,3,false)
(65,3,false)
(67,3,false)
(68,3,false)
(69,3,false)
(70,3,false)
(71,3,false)
(72,3,false)
(75,3,false)
(76,3,false)
(77,3,false)
(78,3,false)
(80,3,false)
(82,3,false)
(87,3,false)
(88,3,false)
(90,3,false)
(92,3,false)
(98,3,false)
(99,3,false)
(100,3,false)
(103,3,false)
(106,3,false)
(107,3,false)
(108,3,false)
(109,3,false)
(111,3,false)
(114,3,false)
(115,3,false)
(120,3,true)
(122,3,true)
(123,3,true)
(124,3,true)
(130,3,true)
(131,3,true)
(133,3,true)
(134,3,true)
(135,3,true)
(139,3,true)
(140,3,true)
(143,3,true)
(144,3,true)
(145,3,true)
(146,3,true)
(150,3,true)
(151,3,true)
(154,3,true)
(155,3,true)
(156,3,true)
(157,3,true)
(158,3,true)
(160,3,true)
(161,3,true)
(163,3,true)
(165,3,true)
(166,3,true)
(167,3,true)
(174,3,true)
(176,3,true)
(177,3,true)
(178,3,true)
(179,3,true)
(181,3,true)
(184,3,true)
(185,3,true)
(186,3,true)
(190,3,true)
(194,3,true)
(195,3,true)
(196,3,true)
(198,3,true)
(199,3,true)
(201,3,true)
(203,3,true)
(204,3,true)
(205,3,true)
(208,3,true)
(209,3,true)
(212,3,true)
(213,3,true)
(217,3,true)
(219,3,true)
(220,3,true)
(222,3,true)
(224,3,true)
(226,3,true)
(229,3,true)
(230,3,true)
(231,3,true)
(232,3,true)
(234,3,true)
(238,3,true)
(240,3,true)
(242,3,true)
(243,3,true)
(246,3,true)
(247,3,true)
(248,3,true)
(252,3,true)
(253,3,true)
(255,3,true)
(256,3,false)
(257,3,true)
(258,3,true)
(260,3,true)
(261,3,true)
(263,3,true)
(264,3,true)
(266,3,true)
(267,3,true)
(268,3,true)
(270,3,true)
(273,3,false)
(275,3,true)
(278,3,true)
(281,3,true)
(283,3,true)
(284,3,true)
(285,3,true)
(290,3,true)
(291,3,true)
(292,3,true)
(295,3,true)
(296,3,true)
(297,3,true)
(0,4,false)
(1,4,false)
(3,4,false)
(4,4,false)
(6,4,false)
(10,4,false)
(11,4,false)
(13,4,false)
(14,4,false)
(16,4,false)
(20,4,false)
(22,4,false)
(25,4,false)
(26,4,false)
(27,4,false)
(31,4,false)
(32,4,true)
(33,4,false)
(34,4,false)
(35,4,false)
(37,4,false)
(40,4,false)
(42,4,false)
(43,4,false)
(47,4,false)
(49,4,false)
(50,4,false)
(51,4,false)
(52,4,false)
(55,4,false)
(56,4,false)
(57,4,false)
(58,4,false)
(60,4,false)
(61,4,false)
(64,4,false)
(66,4,false)
(72,4,false)
(74,4,false)
(76,4,false)
(77,4,false)
(78,4,false)
(79,4,false)
(80,4,false)
(85,4,false)
(89,4,false)
(92,4,false)
(94,4,true)
(95,4,false)
(98,4,false)
(99,4,false)
(100,4,false)
(101,4,false)
(106,4,false)
(107,4,false)
(110,4,false)
(115,4,false)
(116,4,false)
(117,4,false)
(118,4,false)
(120,4,true)
(121,4,false)
(123,4,true)
(124,4,true)
(125,4,true)
(127,4,true)
(129,4,true)
(130,4,true)
(132,4,true)
(137,4,true)
(138,4,true)
(143,4,true)
(144,4,true)
(146,4,true)
(147,4,true)
(148,4,true)
(149,4,true)
(152,4,true)
(153,4,true)
(154,4,true)
(155,4,true)
(156,4,true)
(158,4,true)
(159,4,true)
(162,4,true)
(166,4,true)
(170,4,true)
(173,4,true)
(175,4,true)
(176,4,true)
(182,4,true)
(183,4,true)
(184,4,true)
(186,4,true)
(187,4,true)
(188,4,true)
(192,4,true)
(195,4,true)
(197,4,true)
(198,4,true)
(199,4,true)
(200,4,true)
(202,4,true)
(205,4,true)
(207,4,true)
(208,4,true)
(215,4,true)
(216,4,true)
(220,4,true)
(221,4,true)
(222,4,true)
(224,4,true)
(227,4,true)
(229,4,true)
(230,4,true)
(231,4,true)
(233,4,true)
(238,4,true)
(239,4,true)
(241,4,true)
(244,4,true)
(248,4,true)
(252,4,true)
(254,4,true)
(255,4,true)
(262,4,true)
(263,4,true)
(265,4,true)
(266,4,true)
(270,4,true)
(274,4,true)
(277,4,true)
(279,4,true)
(281,4,true)
(282,4,true)
(285,4,true)
(286,4,true)
(290,4,true)
(296,4,true)
(297,4,true)
(2,5,false)
(7,5,false)
(8,5,false)
(10,5,false)
(11,5,false)
(13,5,false)
(15,5,false)
(16,5,false)
(17,5,false)
(19,5,false)
(21,5,false)
(22,5,false)
(24,5,false)
(26,5,false)
(27,5,false)
(28,5,false)
(30,5,false)
(31,5,false)
(37,5,false)
(38,5,false)
(44,5,false)
(45,5,false)
(46,5,false)
(47,5,false)
(48,5,false)
(49,5,false)
(51,5,false)
(52,5,false)
(53,5,false)
(54,5,false)
(55,5,false)
(56,5,false)
(57,5,false)
(58,5,false)
(65,5,false)
(66,5,true)
(72,5,false)
(74,5,false)
(75,5,false)
(76,5,true)
(77,5,false)
(81,5,false)
(83,5,false)
(84,5,false)
(85,5,false)
(86,5,false)
(87,5,false)
(89,5,false)
(90,5,false)
(91,5,false)
(92,5,false)
(93,5,false)
(96,5,true)
(99,5,false)
(101,5,false)
(103,5,false)
(106,5,false)
(114,5,false)
(118,5,false)
(121,5,true)
(123,5,true)
(124,5,true)
(125,5,true)
(127,5,true)
(132,5,true)
(134,5,true)
(135,5,true)
(136,5,true)
(141,5,true)
(142,5,false)
(143,5,false)
(145,5,true)
(148,5,true)
(152,5,true)
(154,5,true)
(155,5,true)
(159,5,true)
(160,5,true)
(161,5,true)
(163,5,true)
(166,5,true)
(169,5,true)
(177,5,true)
(178,5,true)
(180,5,true)
(182,5,true)
(183,5,true)
(184,5,true)
(186,5,true)
(187,5,true)
(188,5,true)
(190,5,true)
(191,5,true)
(193,5,true)
(197,5,true)
(198,5,true)
(199,5,true)
(201,5,false)
(202,5,true)
(203,5,true)
(205,5,true)
(209,5,true)
(212,5,true)
(213,5,true)
(214,5,true)
(217,5,true)
(218,5,true)
(219,5,true)
(220,5,true)
(222,5,true)
(223,5,true)
(224,5,true)
(228,5,true)
(229,5,true)
(232,5,true)
(233,5,true)
(237,5,true)
(238,5,true)
(240,5,true)
(243,5,true)
(248,5,true)
(252,5,true)
(254,5,true)
(255,5,false)
(257,5,true)
(259,5,true)
(260,5,true)
(261,5,true)
(262,5,true)
(263,5,true)
(264,5,true)
(267,5,true)
(270,5,true)
(271,5,true)
(274,5,true)
(276,5,true)
(277,5,true)
(280,5,true)
(281,5,true)
(283,5,true)
(285,5,true)
(286,5,true)
(288,5,true)
(291,5,true)
(293,5,true)
(294,5,true)
(297,5,true)
(299,5,false)
(1,6,false)
(4,6,false)
(5,6,false)
(6,6,false)
(7,6,false)
(8,6,false)
(9,6,false)
(10,6,false)
(11,6,false)
(18,6,false)
(20,6,false)
(29,6,false)
(32,6,false)
(33,6,false)
(34,6,false)
(35,6,false)
(36,6,false)
(38,6,false)
(40,6,false)
(41,6,false)
(42,6,false)
(43,6,false)
(46,6,false)
(47,6,false)
(52,6,false)
(56,6,false)
(57,6,false)
(58,6,false)
(64,6,false)
(69,6,true)
(70,6,false)
(71,6,false)
(73,6,false)
(82,6,false)
(89,6,false)
(90,6,true)
(92,6,false)
(93,6,false)
(94,6,false)
(99,6,false)
(101,6,false)
(107,6,false)
(110,6,false)
(112,6,false)
(114,6,false)
(115,6,false)
(116,6,false)
(120,6,true)
(121,6,true)
(127,6,true)
(128,6,false)
(130,6,true)
(133,6,true)
(134,6,true)
(136,6,true)
(139,6,true)
(146,6,false)
(147,6,true)
(150,6,true)
(151,6,true)
(152,6,true)
(153,6,true)
(154,6,true)
(156,6,false)
(162,6,true)
(163,6,true)
(166,6,true)
(168,6,true)
(169,6,true)
(171,6,true)
(172,6,true)
(173,6,true)
(174,6,true)
(176,6,true)
(182,6,true)
(183,6,true)
(185,6,true)
(186,6,true)
(187,6,true)
(190,6,true)
(196,6,true)
(203,6,true)
(206,6,false)
(207,6,true)
(209,6,true)
(210,6,false)
(213,6,true)
(215,6,true)
(218,6,true)
(220,6,true)
(221,6,true)
(227,6,true)
(229,6,true)
(232,6,true)
(233,6,true)
(240,6,true)
(241,6,true)
(242,6,true)
(245,6,true)
(246,6,true)
(251,6,true)
(252,6,true)
(253,6,true)
(255,6,true)
(256,6,true)
(258,6,true)
(259,6,true)
(261,6,true)
(263,6,true)
(265,6,true)
(267,6,false)
(269,6,true)
(270,6,true)
(271,6,true)
(272,6,true)
(273,6,true)
(275,6,true)
(277,6,false)
(278,6,true)
(279,6,false)
(280,6,true)
(281,6,true)
(285,6,true)
(286,6,true)
(288,6,false)
(291,6,true)
(292,6,true)
(297,6,true)
(299,6,true)
(0,7,false)
(1,7,false)
(5,7,false)
(9,7,false)
(11,7,false)
(12,7,false)
(16,7,false)
(17,7,false)
(24,7,false)
(25,7,true)
(27,7,false)
(28,7,false)
(34,7,false)
(35,7,false)
(37,7,false)
(38,7,false)
(39,7,false)
(40,7,false)
(46,7,false)
(52,7,false)
(53,7,false)
(54,7,false)
(55,7,false)
(56,7,false)
(60,7,false)
(61,7,false)
(62,7,false)
(68,7,false)
(69,7,false)
(70,7,false)
(71,7,false)
(73,7,false)
(77,7,false)
(79,7,false)
(82,7,false)
(83,7,false)
(84,7,false)
(86,7,false)
(88,7,false)
(90,7,false)
(91,7,false)
(93,7,false)
(94,7,false)
(96,7,false)
(102,7,false)
(103,7,false)
(104,7,false)
(106,7,false)
(112,7,false)
(114,7,false)
(115,7,false)
(117,7,false)
(120,7,true)
(121,7,false)
(122,7,true)
(125,7,true)
(131,7,true)
(134,7,true)
(135,7,true)
(136,7,true)
(144,7,true)
(145,7,true)
(146,7,true)
(148,7,true)
(153,7,true)
(160,7,true)
(162,7,true)
(165,7,true)
(166,7,true)
(170,7,true)
(171,7,true)
(173,7,true)
(175,7,true)
(180,7,true)
(186,7,true)
(191,7,true)
(193,7,true)
(195,7,true)
(201,7,true)
(212,7,true)
(213,7,true)
(215,7,false)
(217,7,true)
(222,7,true)
(228,7,true)
(229,7,true)
(231,7,true)
(233,7,true)
(236,7,true)
(244,7,true)
(247,7,true)
(251,7,true)
(256,7,true)
(259,7,false)
(260,7,false)
(261,7,true)
(262,7,true)
(266,7,true)
(268,7,true)
(272,7,true)
(276,7,true)
(277,7,true)
(279,7,true)
(280,7,true)
(282,7,true)
(283,7,true)
(284,7,true)
(288,7,true)
(289,7,true)
(290,7,true)
(294,7,true)
(295,7,true)
(0,8,false)
(6,8,false)
(8,8,false)
(12,8,false)
(17,8,false)
(18,8,false)
(22,8,false)
(23,8,false)
(25,8,false)
(26,8,false)
(28,8,false)
(33,8,false)
(34,8,false)
(35,8,false)
(36,8,false)
(41,8,false)
(42,8,false)
(46,8,false)
(49,8,false)
(52,8,false)
(53,8,false)
(56,8,false)
(59,8,false)
(61,8,false)
(62,8,false)
(63,8,false)
(64,8,false)
(67,8,false)
(77,8,false)
(79,8,false)
(80,8,false)
(85,8,false)
(88,8,false)
(89,8,false)
(93,8,false)
(95,8,false)
(99,8,false)
(101,8,false)
(104,8,false)
(110,8,false)
(111,8,true)
(112,8,false)
(115,8,false)
(116,8,false)
(118,8,false)
(121,8,true)
(125,8,true)
(127,8,true)
(131,8,true)
(134,8,true)
(139,8,true)
(140,8,true)
(142,8,true)
(143,8,true)
(149,8,true)
(151,8,true)
(152,8,true)
(153,8,true)
(155,8,true)
(157,8,true)
(158,8,true)
(159,8,true)
(160,8,true)
(161,8,true)
(162,8,true)
(163,8,true)
(166,8,true)
(168,8,true)
(169,8,true)
(173,8,true)
(174,8,true)
(175,8,true)
(176,8,true)
(179,8,true)
(180,8,true)
(183,8,true)
(185,8,true)
(186,8,true)
(187,8,true)
(189,8,true)
(190,8,true)
(191,8,true)
(194,8,true)
(195,8,true)
(199,8,true)
(201,8,true)
(202,8,true)
(203,8,true)
(208,8,true)
(211,8,true)
(213,8,true)
(214,8,false)
(216,8,true)
(220,8,true)
(221,8,true)
(224,8,true)
(225,8,false)
(226,8,true)
(228,8,true)
(229,8,true)
(231,8,true)
(233,8,true)
(244,8,true)
(245,8,true)
(247,8,true)
(248,8,true)
(249,8,true)
(250,8,true)
(251,8,true)
(252,8,true)
(254,8,true)
(262,8,true)
(264,8,true)
(268,8,true)
(271,8,true)
(273,8,true)
(277,8,true)
(279,8,true)
(282,8,true)
(283,8,true)
(284,8,true)
(285,8,true)
(289,8,true)
(292,8,true)
(296,8,true)
(297,8,true)
(298,8,true)
(2,9,true)
(4,9,false)
(11,9,false)
(14,9,false)
(17,9,false)
(18,9,false)
(23,9,true)
(26,9,false)
(28,9,false)
(34,9,false)
(36,9,false)
(38,9,false)
(40,9,false)
(42,9,false)
(47,9,false)
(48,9,false)
(53,9,false)
(54,9,false)
(55,9,true)
(56,9,false)
(59,9,false)
(67,9,false)
(68,9,true)
(70,9,false)
(84,9,false)
(88,9,false)
(89,9,false)
(90,9,false)
(92,9,false)
(94,9,false)
(96,9,false)
(107,9,false)
(110,9,false)
(111,9,false)
(114,9,false)
(118,9,false)
(121,9,true)
(123,9,true)
(126,9,true)
(128,9,true)
(130,9,true)
(131,9,true)
(133,9,true)
(134,9,true)
(135,9,true)
(136,9,true)
(140,9,true)
(141,9,true)
(144,9,true)
(145,9,true)
(147,9,true)
(151,9,true)
(152,9,true)
(154,9,true)
(159,9,true)
(163,9,true)
(164,9,true)
(165,9,true)
(166,9,true)
(169,9,true)
(176,9,true)
(183,9,true)
(184,9,true)
(188,9,false)
(189,9,true)
(190,9,true)
(191,9,true)
(194,9,true)
(196,9,true)
(201,9,true)
(203,9,true)
(204,9,true)
(206,9,true)
(207,9,true)
(208,9,true)
(210,9,true)
(213,9,true)
(214,9,true)
(218,9,true)
(222,9,true)
(223,9,true)
(224,9,true)
(227,9,true)
(228,9,true)
(229,9,true)
(230,9,true)
(232,9,true)
(234,9,true)
(235,9,true)
(239,9,true)
(241,9,true)
(245,9,true)
(252,9,true)
(253,9,true)
(254,9,true)
(255,9,true)
(257,9,true)
(258,9,true)
(267,9,true)
(269,9,true)
(270,9,true)
(271,9,true)
(273,9,true)
(275,9,true)
(278,9,false)
(279,9,true)
(280,9,true)
(285,9,true)
(286,9,true)
(287,9,true)
(290,9,true)
(291,9,true)
(294,9,true)
(298,9,true)
(299,9,true)
(0,10,false)
(2,10,false)
(7,10,false)
(8,10,false)
(9,10,false)
(13,10,false)
(14,10,false)
(17,10,false)
(19,10,false)
(20,10,false)
(24,10,false)
(27,10,false)
(30,10,false)
(32,10,false)
(37,10,false)
(38,10,false)
(49,10,false)
(51,10,false)
(53,10,true)
(54,10,false)
(56,10,false)
(60,10,false)
(61,10,false)
(62,10,false)
(64,10,false)
(65,10,false)
(66,10,false)
(69,10,true)
(70,10,false)
(75,10,false)
(80,10,false)
(82,10,false)
(86,10,false)
(89,10,true)
(90,10,true)
(92,10,false)
(97,10,false)
(101,10,false)
(103,10,false)
(104,10,false)
(109,10,false)
(110,10,true)
(114,10,false)
(116,10,false)
(118,10,false)
(120,10,true)
(122,10,true)
(125,10,true)
(127,10,true)
(128,10,true)
(133,10,true)
(136,10,true)
(142,10,true)
(145,10,true)
(147,10,true)
(151,10,true)
(152,10,true)
(153,10,true)
(158,10,true)
(161,10,true)
(164,10,true)
(165,10,true)
(166,10,false)
(168,10,true)
(169,10,true)
(177,10,true)
(180,10,true)
(182,10,true)
(187,10,true)
(190,10,true)
(194,10,true)
(198,10,true)
(199,10,true)
(200,10,false)
(202,10,true)
(203,10,true)
(205,10,true)
(209,10,true)
(210,10,true)
(211,10,true)
(213,10,true)
(215,10,true)
(220,10,true)
(221,10,true)
(224,10,true)
(227,10,true)
(228,10,true)
(230,10,true)
(231,10,true)
(232,10,true)
(234,10,true)
(241,10,true)
(246,10,true)
(248,10,true)
(250,10,true)
(256,10,false)
(257,10,true)
(259,10,false)
(261,10,true)
(262,10,true)
(270,10,true)
(273,10,true)
(276,10,true)
(277,10,true)
(281,10,false)
(282,10,true)
(283,10,true)
(284,10,true)
(285,10,true)
(286,10,true)
(288,10,true)
(292,10,false)
(294,10,true)
(295,10,true)
(299,10,true)
(0,11,false)
(5,11,false)
(7,11,false)
(8,11,false)
(11,11,false)
(12,11,false)
(15,11,false)
(16,11,true)
(18,11,false)
(19,11,false)
(21,11,false)
(23,11,false)
(29,11,false)
(32,11,false)
(34,11,false)
(38,11,false)
(39,11,false)
(44,11,false)
(45,11,false)
(49,11,false)
(51,11,false)
(59,11,false)
(64,11,true)
(65,11,false)
(72,11,false)
(74,11,false)
(75,11,false)
(80,11,false)
(84,11,false)
(86,11,false)
(88,11,false)
(89,11,false)
(90,11,true)
(95,11,false)
(97,11,false)
(98,11,false)
(102,11,false)
(103,11,false)
(107,11,false)
(110,11,false)
(113,11,false)
(115,11,false)
(120,11,true)
(124,11,true)
(125,11,true)
(128,11,true)
(132,11,true)
(133,11,true)
(134,11,true)
(135,11,true)
(141,11,true)
(143,11,true)
(146,11,true)
(148,11,true)
(149,11,true)
(150,11,true)
(151,11,true)
(154,11,true)
(155,11,true)
(157,11,true)
(161,11,true)
(162,11,true)
(163,11,true)
(164,11,true)
(165,11,true)
(170,11,true)
(173,11,true)
(180,11,true)
(182,11,true)
(183,11,true)
(189,11,true)
(191,11,true)
(192,11,true)
(194,11,true)
(196,11,true)
(203,11,true)
(206,11,false)
(211,11,true)
(214,11,false)
(215,11,true)
(220,11,true)
(222,11,true)
(223,11,false)
(224,11,false)
(226,11,true)
(229,11,true)
(230,11,true)
(239,11,true)
(240,11,true)
(241,11,true)
(244,11,true)
(245,11,true)
(246,11,true)
(247,11,true)
(248,11,true)
(255,11,true)
(264,11,true)
(265,11,true)
(271,11,true)
(272,11,true)
(275,11,true)
(276,11,true)
(277,11,false)
(278,11,true)
(280,11,false)
(285,11,true)
(291,11,true)
(293,11,true)
(295,11,true)
(296,11,true)
(297,11,true)
(1,12,false)
(8,12,false)
(11,12,false)
(12,12,false)
(17,12,true)
(18,12,false)
(24,12,true)
(25,12,false)
(26,12,false)
(30,12,false)
(31,12,false)
(32,12,false)
(33,12,false)
(40,12,true)
(42,12,false)
(46,12,false)
(47,12,false)
(50,12,false)
(53,12,false)
(56,12,false)
(57,12,false)
(58,12,false)
(59,12,false)
(60,12,false)
(62,12,false)
(63,12,false)
(64,12,false)
(71,12,true)
(75,12,false)
(76,12,false)
(80,12,false)
(81,12,false)
(85,12,false)
(89,12,false)
(91,12,false)
(92,12,true)
(97,12,false)
(102,12,true)
(114,12,false)
(117,12,false)
(118,12,false)
(129,12,true)
(130,12,true)
(132,12,true)
(143,12,true)
(146,12,true)
(148,12,true)
(149,12,true)
(150,12,true)
(151,12,true)
(152,12,true)
(153,12,false)
(154,12,true)
(156,12,true)
(161,12,true)
(165,12,true)
(167,12,true)
(172,12,true)
(173,12,true)
(174,12,true)
(175,12,true)
(181,12,true)
(182,12,true)
(185,12,true)
(186,12,true)
(188,12,true)
(189,12,true)
(191,12,true)
(192,12,true)
(193,12,true)
(196,12,true)
(208,12,true)
(211,12,true)
(212,12,true)
(213,12,true)
(214,12,true)
(218,12,true)
(220,12,true)
(222,12,true)
(226,12,true)
(227,12,true)
(228,12,true)
(234,12,true)
(236,12,true)
(239,12,true)
(240,12,true)
(241,12,true)
(246,12,true)
(248,12,true)
(249,12,true)
(250,12,true)
(251,12,true)
(253,12,true)
(257,12,true)
(266,12,true)
(269,12,true)
(270,12,true)
(272,12,true)
(274,12,true)
(275,12,true)
(277,12,true)
(280,12,true)
(284,12,true)
(285,12,true)
(291,12,true)
(296,12,true)
(5,13,false)
(7,13,false)
(9,13,false)
(10,13,false)
(11,13,false)
(16,13,false)
(17,13,false)
(20,13,false)
(26,13,false)
(27,13,false)
(30,13,false)
(32,13,false)
(37,13,false)
(38,13,true)
(39,13,false)
(42,13,false)
(45,13,false)
(48,13,false)
(49,13,false)
(50,13,false)
(51,13,false)
(52,13,false)
(53,13,false)
(54,13,false)
(56,13,false)
(57,13,false)
(60,13,false)
(61,13,true)
(67,13,false)
(71,13,false)
(75,13,false)
(77,13,false)
(79,13,false)
(86,13,false)
(90,13,false)
(92,13,false)
(100,13,false)
(105,13,true)
(107,13,false)
(109,13,false)
(110,13,false)
(114,13,false)
(118,13,false)
(120,13,true)
(122,13,true)
(123,13,true)
(125,13,true)
(128,13,true)
(132,13,true)
(134,13,true)
(151,13,true)
(155,13,true)
(158,13,true)
(161,13,true)
(166,13,true)
(167,13,true)
(176,13,true)
(178,13,true)
(185,13,true)
(188,13,true)
(190,13,true)
(196,13,true)
(197,13,true)
(198,13,true)
(199,13,true)
(202,13,true)
(203,13,true)
(208,13,true)
(213,13,true)
(216,13,true)
(218,13,false)
(219,13,true)
(223,13,true)
(226,13,true)
(227,13,true)
(228,13,true)
(231,13,true)
(233,13,true)
(234,13,true)
(236,13,true)
(238,13,true)
(241,13,true)
(244,13,true)
(247,13,true)
(250,13,true)
(255,13,true)
(258,13,true)
(259,13,true)
(262,13,true)
(268,13,true)
(270,13,true)
(271,13,true)
(272,13,false)
(273,13,true)
(274,13,true)
(276,13,false)
(278,13,true)
(281,13,true)
(282,13,true)
(286,13,true)
(287,13,true)
(294,13,true)
(295,13,true)
(298,13,true)
(299,13,true)
(0,14,false)
(2,14,false)
(4,14,false)
(5,14,true)
(7,14,false)
(10,14,false)
(14,14,false)
(17,14,false)
(23,14,false)
(24,14,false)
(25,14,false)
(26,14,false)
(33,14,false)
(34,14,false)
(35,14,false)
(37,14,false)
(41,14,false)
(42,14,false)
(47,14,false)
(50,14,false)
(51,14,false)
(52,14,false)
(53,14,false)
(55,14,false)
(68,14,false)
(69,14,false)
(70,14,false)
(72,14,false)
(77,14,false)
(80,14,false)
(87,14,false)
(88,14,false)
(91,14,false)
(92,14,false)
(98,14,false)
(99,14,false)
(100,14,false)
(101,14,false)
(107,14,false)
(112,14,false)
(118,14,false)
(119,14,false)
(120,14,true)
(122,14,true)
(123,14,true)
(139,14,true)
(142,14,true)
(146,14,true)
(148,14,true)
(153,14,true)
(154,14,true)
(157,14,true)
(159,14,true)
(162,14,true)
(164,14,true)
(166,14,true)
(167,14,true)
(170,14,true)
(175,14,true)
(179,14,true)
(184,14,true)
(185,14,true)
(189,14,true)
(190,14,false)
(191,14,true)
(193,14,true)
(199,14,true)
(200,14,true)
(204,14,true)
(212,14,true)
(215,14,true)
(217,14,true)
(222,14,true)
(223,14,true)
(224,14,true)
(236,14,true)
(238,14,true)
(242,14,true)
(243,14,true)
(244,14,false)
(249,14,true)
(254,14,true)
(257,14,true)
(262,14,true)
(275,14,true)
(282,14,true)
(283,14,true)
(285,14,false)
(286,14,true)
(290,14,true)
(291,14,true)
(293,14,true)
(297,14,true)
(299,14,true)
(0,15,false)
(3,15,false)
(6,15,false)
(9,15,false)
(10,15,false)
(15,15,false)
(16,15,false)
(19,15,false)
(27,15,false)
(28,15,false)
(29,15,false)
(32,15,false)
(34,15,false)
(38,15,false)
(40,15,false)
(42,15,false)
(44,15,false)
(47,15,false)
(52,15,false)
(57,15,false)
(60,15,false)
(62,15,false)
(67,15,true)
(70,15,false)
(71,15,false)
(77,15,false)
(78,15,false)
(79,15,false)
(81,15,false)
(82,15,false)
(86,15,false)
(87,15,false)
(89,15,true)
(90,15,false)
(93,15,false)
(94,15,false)
(95,15,false)
(102,15,false)
(104,15,false)
(106,15,true)
(112,15,false)
(118,15,false)
(119,15,false)
(121,15,true)
(123,15,true)
(135,15,true)
(143,15,true)
(149,15,true)
(154,15,true)
(156,15,true)
(157,15,true)
(158,15,true)
(160,15,true)
(162,15,true)
(167,15,true)
(169,15,true)
(172,15,true)
(174,15,true)
(179,15,true)
(180,15,true)
(184,15,true)
(191,15,true)
(192,15,true)
(196,15,true)
(203,15,true)
(207,15,true)
(209,15,true)
(212,15,true)
(213,15,true)
(217,15,true)
(218,15,true)
(219,15,true)
(225,15,true)
(232,15,true)
(233,15,true)
(237,15,true)
(239,15,true)
(242,15,true)
(255,15,true)
(262,15,true)
(267,15,true)
(270,15,true)
(272,15,true)
(273,15,true)
(281,15,true)
(282,15,true)
(285,15,true)
(288,15,true)
(289,15,true)
(290,15,true)
(296,15,true)
(297,15,true)
(298,15,true)
(3,16,false)
(7,16,false)
(8,16,false)
(14,16,false)
(15,16,false)
(16,16,false)
(17,16,false)
(21,16,false)
(22,16,false)
(28,16,false)
(31,16,false)
(36,16,false)
(40,16,false)
(43,16,false)
(47,16,false)
(49,16,false)
(56,16,false)
(57,16,false)
(58,16,false)
(64,16,false)
(65,16,true)
(66,16,false)
(72,16,false)
(73,16,false)
(74,16,false)
(76,16,false)
(80,16,false)
(83,16,false)
(84,16,false)
(87,16,false)
(88,16,false)
(89,16,false)
(91,16,false)
(92,16,false)
(94,16,false)
(95,16,false)
(109,16,false)
(113,16,false)
(115,16,false)
(120,16,true)
(121,16,true)
(122,16,true)
(124,16,true)
(126,16,true)
(129,16,true)
(131,16,true)
(134,16,true)
(137,16,true)
(139,16,true)
(141,16,true)
(142,16,true)
(151,16,true)
(152,16,true)
(153,16,true)
(155,16,true)
(157,16,true)
(161,16,true)
(173,16,true)
(180,16,true)
(181,16,true)
(186,16,true)
(187,16,false)
(188,16,true)
(189,16,true)
(191,16,true)
(192,16,true)
(195,16,true)
(198,16,true)
(207,16,true)
(209,16,true)
(210,16,true)
(214,16,true)
(221,16,true)
(225,16,true)
(226,16,true)
(228,16,true)
(241,16,true)
(242,16,true)
(243,16,true)
(246,16,true)
(252,16,true)
(254,16,true)
(255,16,true)
(263,16,true)
(266,16,true)
(268,16,true)
(269,16,true)
(274,16,true)
(276,16,true)
(277,16,true)
(282,16,true)
(287,16,true)
(290,16,true)
(292,16,true)
(294,16,true)
(298,16,true)
(299,16,true)
(0,17,false)
(5,17,true)
(7,17,false)
(8,17,false)
(10,17,false)
(12,17,false)
(15,17,false)
(18,17,false)
(23,17,false)
(30,17,false)
(31,17,false)
(33,17,false)
(44,17,false)
(47,17,false)
(48,17,false)
(52,17,false)
(54,17,false)
(55,17,false)
(71,17,false)
(79,17,false)
(80,17,false)
(85,17,false)
(89,17,false)
(90,17,false)
(94,17,false)
(102,17,false)
(105,17,false)
(109,17,true)
(111,17,false)
(122,17,false)
(131,17,true)
(134,17,true)
(137,17,true)
(138,17,true)
(141,17,true)
(148,17,true)
(149,17,true)
(151,17,true)
(152,17,true)
(159,17,false)
(163,17,false)
(164,17,true)
(165,17,true)
(166,17,true)
(172,17,true)
(174,17,false)
(175,17,true)
(184,17,true)
(186,17,true)
(190,17,true)
(191,17,true)
(192,17,true)
(193,17,true)
(194,17,true)
(195,17,true)
(201,17,true)
(204,17,true)
(207,17,false)
(211,17,false)
(212,17,true)
(213,17,true)
(215,17,true)
(217,17,true)
(222,17,false)
(224,17,true)
(227,17,true)
(230,17,true)
(232,17,false)
(244,17,true)
(247,17,true)
(250,17,true)
(255,17,true)
(256,17,true)
(257,17,true)
(258,17,true)
(259,17,true)
(260,17,true)
(264,17,true)
(265,17,true)
(267,17,true)
(271,17,true)
(275,17,true)
(276,17,true)
(286,17,true)
(288,17,true)
(294,17,true)
(295,17,true)
(297,17,true)
(299,17,true)
(1,18,false)
(4,18,false)
(7,18,false)
(10,18,false)
(11,18,false)
(17,18,false)
(22,18,false)
(27,18,false)
(28,18,false)
(32,18,false)
(34,18,false)
(36,18,false)
(40,18,false)
(48,18,false)
(51,18,false)
(54,18,false)
(57,18,false)
(58,18,false)
(60,18,true)
(64,18,false)
(66,18,false)
(70,18,false)
(71,18,false)
(75,18,false)
(76,18,false)
(80,18,false)
(89,18,false)
(97,18,false)
(106,18,false)
(110,18,false)
(111,18,false)
(116,18,false)
(120,18,true)
(125,18,true)
(133,18,true)
(135,18,true)
(140,18,false)
(145,18,true)
(149,18,true)
(151,18,true)
(155,18,true)
(157,18,true)
(158,18,true)
(161,18,true)
(164,18,true)
(165,18,true)
(177,18,true)
(178,18,true)
(181,18,true)
(187,18,true)
(192,18,true)
(196,18,true)
(197,18,true)
(199,18,true)
(200,18,true)
(208,18,true)
(209,18,true)
(217,18,true)
(222,18,false)
(224,18,true)
(236,18,true)
(237,18,true)
(242,18,true)
(252,18,true)
(257,18,true)
(259,18,true)
(265,18,true)
(267,18,true)
(273,18,true)
(276,18,true)
(277,18,true)
(279,18,false)
(284,18,true)
(285,18,true)
(291,18,true)
(292,18,true)
(295,18,true)
(296,18,true)
(297,18,true)
(1,19,false)
(5,19,false)
(15,19,false)
(17,19,true)
(19,19,false)
(23,19,false)
(28,19,false)
(31,19,false)
(33,19,false)
(35,19,false)
(36,19,false)
(39,19,false)
(40,19,false)
(45,19,false)
(50,19,false)
(51,19,false)
(52,19,false)
(56,19,false)
(57,19,false)
(60,19,false)
(61,19,false)
(65,19,false)
(72,19,false)
(73,19,false)
(74,19,false)
(75,19,false)
(76,19,false)
(81,19,false)
(89,19,false)
(94,19,false)
(98,19,false)
(107,19,false)
(110,19,true)
(113,19,false)
(117,19,false)
(119,19,false)
(121,19,true)
(123,19,true)
(124,19,true)
(125,19,true)
(129,19,true)
(133,19,true)
(134,19,true)
(137,19,true)
(147,19,true)
(150,19,true)
(151,19,true)
(168,19,true)
(179,19,true)
(190,19,true)
(191,19,true)
(193,19,true)
(195,19,true)
(197,19,true)
(198,19,true)
(204,19,true)
(206,19,true)
(207,19,true)
(208,19,true)
(209,19,true)
(211,19,true)
(212,19,true)
(213,19,true)
(216,19,true)
(222,19,true)
(223,19,true)
(227,19,true)
(228,19,true)
(230,19,true)
(231,19,true)
(233,19,true)
(234,19,true)
(242,19,true)
(251,19,true)
(253,19,true)
(254,19,true)
(255,19,true)
(256,19,true)
(257,19,true)
(258,19,true)
(261,19,true)
(264,19,true)
(265,19,true)
(271,19,true)
(272,19,true)
(274,19,false)
(275,19,true)
(280,19,true)
(283,19,true)
(284,19,true)
(285,19,true)
(287,19,true)
(289,19,true)
(291,19,true)
(293,19,true)
(298,19,true)
(299,19,true)
(0,20,false)
(5,20,false)
(7,20,false)
(9,20,false)
(10,20,false)
(14,20,false)
(15,20,false)
(16,20,false)
(23,20,false)
(25,20,false)
(37,20,false)
(46,20,false)
(47,20,false)
(50,20,false)
(51,20,false)
(52,20,false)
(57,20,false)
(59,20,false)
(63,20,false)
(68,20,false)
(75,20,false)
(76,20,false)
(81,20,false)
(83,20,false)
(84,20,false)
(85,20,false)
(89,20,false)
(95,20,false)
(98,20,false)
(105,20,false)
(107,20,false)
(108,20,false)
(110,20,true)
(114,20,false)
(120,20,false)
(122,20,true)
(123,20,true)
(127,20,true)
(129,20,true)
(130,20,true)
(131,20,true)
(138,20,true)
(141,20,true)
(145,20,true)
(146,20,true)
(150,20,true)
(155,20,true)
(157,20,false)
(168,20,true)
(181,20,true)
(185,20,true)
(192,20,true)
(200,20,true)
(201,20,true)
(202,20,true)
(207,20,true)
(208,20,true)
(209,20,true)
(211,20,false)
(212,20,true)
(213,20,true)
(216,20,true)
(217,20,true)
(221,20,false)
(234,20,true)
(245,20,true)
(247,20,true)
(250,20,true)
(253,20,true)
(255,20,true)
(259,20,true)
(261,20,true)
(264,20,true)
(268,20,true)
(269,20,true)
(271,20,true)
(275,20,true)
(276,20,false)
(284,20,true)
(285,20,true)
(287,20,true)
(289,20,true)
(290,20,true)
(291,20,true)
(294,20,true)
(298,20,true)
(299,20,true)
(0,21,false)
(1,21,false)
(4,21,false)
(5,21,false)
(9,21,false)
(19,21,false)
(22,21,false)
(27,21,false)
(28,21,false)
(29,21,false)
(30,21,false)
(34,21,false)
(38,21,false)
(40,21,false)
(49,21,false)
(52,21,false)
(55,21,false)
(59,21,false)
(60,21,false)
(61,21,false)
(65,21,false)
(71,21,false)
(75,21,false)
(77,21,false)
(81,21,false)
(82,21,false)
(87,21,false)
(90,21,false)
(91,21,false)
(92,21,false)
(97,21,false)
(105,21,false)
(107,21,false)
(108,21,false)
(113,21,false)
(115,21,false)
(119,21,false)
(120,21,true)
(128,21,true)
(129,21,true)
(135,21,true)
(140,21,true)
(142,21,true)
(147,21,true)
(148,21,true)
(150,21,true)
(154,21,true)
(158,21,true)
(161,21,true)
(167,21,true)
(171,21,true)
(175,21,true)
(179,21,true)
(181,21,true)
(189,21,true)
(190,21,true)
(191,21,false)
(192,21,true)
(195,21,true)
(203,21,true)
(206,21,true)
(210,21,true)
(212,21,true)
(219,21,true)
(223,21,true)
(226,21,true)
(227,21,true)
(231,21,true)
(233,21,true)
(235,21,true)
(237,21,true)
(238,21,true)
(240,21,true)
(242,21,true)
(244,21,true)
(245,21,true)
(248,21,true)
(249,21,false)
(250,21,true)
(254,21,true)
(257,21,true)
(260,21,true)
(261,21,true)
(266,21,true)
(267,21,true)
(274,21,true)
(283,21,true)
(284,21,true)
(295,21,true)
(299,21,true)
(4,22,false)
(6,22,false)
(8,22,false)
(9,22,false)
(19,22,false)
(24,22,false)
(27,22,false)
(29,22,false)
(32,22,false)
(33,22,false)
(34,22,false)
(38,22,false)
(43,22,false)
(46,22,false)
(47,22,false)
(50,22,false)
(51,22,false)
(56,22,false)
(58,22,false)
(70,22,true)
(71,22,false)
(77,22,false)
(82,22,false)
(87,22,false)
(88,22,false)
(91,22,false)
(98,22,false)
(100,22,false)
(101,22,false)
(102,22,false)
(104,22,false)
(107,22,true)
(108,22,false)
(110,22,false)
(111,22,false)
(113,22,false)
(116,22,false)
(120,22,true)
(128,22,true)
(129,22,true)
(130,22,true)
(136,22,true)
(138,22,true)
(140,22,true)
(147,22,true)
(148,22,true)
(149,22,true)
(164,22,true)
(165,22,true)
(166,22,true)
(168,22,true)
(169,22,true)
(172,22,true)
(180,22,true)
(183,22,true)
(185,22,true)
(191,22,true)
(202,22,true)
(206,22,true)
(209,22,true)
(217,22,true)
(223,22,true)
(227,22,true)
(230,22,true)
(231,22,true)
(234,22,true)
(237,22,true)
(246,22,true)
(250,22,true)
(253,22,true)
(259,22,true)
(263,22,true)
(266,22,true)
(269,22,true)
(272,22,false)
(274,22,true)
(275,22,true)
(277,22,true)
(278,22,true)
(279,22,false)
(283,22,true)
(286,22,true)
(287,22,true)
(290,22,true)
(299,22,true)
(1,23,true)
(4,23,false)
(7,23,false)
(9,23,false)
(10,23,false)
(12,23,false)
(26,23,false)
(31,23,false)
(35,23,false)
(39,23,false)
(42,23,false)
(49,23,false)
(52,23,false)
(55,23,false)
(58,23,false)
(62,23,false)
(66,23,false)
(68,23,false)
(77,23,false)
(78,23,false)
(79,23,false)
(80,23,false)
(81,23,false)
(88,23,false)
(90,23,false)
(91,23,false)
(98,23,false)
(104,23,false)
(107,23,false)
(108,23,false)
(109,23,false)
(111,23,false)
(114,23,false)
(115,23,false)
(117,23,false)
(120,23,true)
(121,23,true)
(128,23,true)
(130,23,true)
(136,23,true)
(140,23,true)
(144,23,true)
(145,23,true)
(146,23,true)
(151,23,true)
(156,23,true)
(159,23,true)
(160,23,true)
(161,23,true)
(168,23,true)
(170,23,true)
(174,23,true)
(176,23,true)
(181,23,true)
(182,23,true)
(183,23,true)
(191,23,true)
(192,23,true)
(195,23,false)
(196,23,true)
(197,23,true)
(201,23,true)
(206,23,true)
(207,23,true)
(212,23,true)
(225,23,true)
(226,23,true)
(228,23,true)
(231,23,true)
(236,23,true)
(241,23,true)
(245,23,true)
(255,23,true)
(258,23,true)
(261,23,true)
(263,23,false)
(264,23,true)
(265,23,true)
(271,23,true)
(272,23,true)
(274,23,true)
(275,23,true)
(280,23,true)
(282,23,true)
(284,23,true)
(285,23,true)
(287,23,true)
(290,23,true)
(296,23,true)
(299,23,true)
(10,24,false)
(11,24,false)
(13,24,false)
(16,24,false)
(19,24,false)
(22,24,false)
(29,24,false)
(32,24,false)
(38,24,false)
(43,24,false)
(44,24,false)
(50,24,false)
(52,24,false)
(55,24,false)
(63,24,false)
(65,24,false)
(66,24,false)
(67,24,false)
(68,24,false)
(70,24,false)
(74,24,false)
(77,24,false)
(78,24,false)
(80,24,false)
(81,24,false)
(88,24,false)
(91,24,false)
(92,24,false)
(97,24,false)
(101,24,false)
(107,24,false)
(109,24,false)
(115,24,false)
(127,24,true)
(129,24,true)
(140,24,true)
(143,24,true)
(144,24,true)
(145,24,true)
(149,24,true)
(152,24,true)
(162,24,true)
(165,24,true)
(166,24,true)
(170,24,true)
(171,24,true)
(172,24,true)
(173,24,true)
(175,24,true)
(180,24,true)
(188,24,true)
(190,24,true)
(197,24,true)
(202,24,true)
(205,24,true)
(215,24,true)
(220,24,true)
(223,24,true)
(228,24,true)
(236,24,true)
(239,24,true)
(241,24,true)
(246,24,true)
(258,24,true)
(260,24,true)
(265,24,true)
(266,24,true)
(267,24,true)
(274,24,true)
(275,24,true)
(276,24,true)
(277,24,true)
(279,24,true)
(281,24,true)
(283,24,true)
(288,24,true)
(289,24,true)
(290,24,true)
(292,24,true)
(7,25,false)
(8,25,false)
(10,25,false)
(11,25,true)
(15,25,false)
(16,25,false)
(18,25,false)
(20,25,false)
(21,25,false)
(24,25,false)
(25,25,false)
(28,25,true)
(29,25,false)
(40,25,false)
(41,25,false)
(52,25,false)
(53,25,false)
(57,25,false)
(59,25,false)
(68,25,false)
(72,25,false)
(75,25,false)
(79,25,false)
(90,25,false)
(99,25,false)
(105,25,false)
(110,25,false)
(112,25,false)
(114,25,false)
(124,25,true)
(129,25,true)
(130,25,true)
(135,25,true)
(138,25,true)
(142,25,true)
(143,25,true)
(144,25,true)
(146,25,true)
(148,25,true)
(149,25,true)
(152,25,true)
(154,25,true)
(158,25,true)
(159,25,false)
(164,25,true)
(168,25,true)
(181,25,true)
(183,25,true)
(184,25,true)
(186,25,true)
(187,25,true)
(189,25,true)
(194,25,true)
(195,25,true)
(197,25,true)
(198,25,true)
(203,25,true)
(204,25,true)
(207,25,true)
(208,25,true)
(210,25,true)
(215,25,true)
(221,25,false)
(223,25,true)
(227,25,true)
(229,25,true)
(231,25,true)
(233,25,true)
(234,25,true)
(235,25,true)
(236,25,true)
(237,25,true)
(242,25,true)
(252,25,true)
(254,25,true)
(274,25,true)
(279,25,true)
(280,25,false)
(282,25,true)
(284,25,true)
(289,25,true)
(1,26,false)
(3,26,false)
(4,26,false)
(5,26,false)
(6,26,false)
(8,26,false)
(12,26,false)
(17,26,false)
(18,26,false)
(25,26,false)
(27,26,false)
(30,26,false)
(32,26,false)
(39,26,false)
(43,26,false)
(46,26,false)
(56,26,false)
(65,26,false)
(69,26,true)
(70,26,false)
(78,26,true)
(88,26,false)
(96,26,false)
(101,26,false)
(102,26,false)
(103,26,false)
(107,26,false)
(120,26,true)
(123,26,true)
(125,26,true)
(126,26,true)
(134,26,true)
(137,26,true)
(139,26,true)
(140,26,true)
(141,26,true)
(142,26,true)
(144,26,true)
(146,26,true)
(147,26,true)
(150,26,true)
(154,26,true)
(157,26,true)
(163,26,true)
(177,26,true)
(179,26,true)
(184,26,true)
(189,26,true)
(190,26,true)
(192,26,true)
(195,26,true)
(196,26,true)
(198,26,true)
(199,26,true)
(202,26,true)
(204,26,true)
(205,26,true)
(206,26,true)
(212,26,true)
(216,26,true)
(218,26,true)
(219,26,true)
(224,26,true)
(227,26,true)
(228,26,true)
(229,26,true)
(237,26,true)
(241,26,true)
(242,26,true)
(245,26,true)
(246,26,true)
(255,26,true)
(257,26,true)
(258,26,true)
(260,26,true)
(261,26,true)
(265,26,true)
(266,26,true)
(272,26,true)
(277,26,true)
(280,26,true)
(285,26,true)
(289,26,true)
(292,26,true)
(295,26,false)
(6,27,false)
(8,27,false)
(11,27,false)
(15,27,false)
(20,27,false)
(25,27,false)
(27,27,false)
(30,27,false)
(37,27,false)
(39,27,false)
(43,27,false)
(47,27,false)
(48,27,false)
(63,27,false)
(64,27,false)
(65,27,false)
(67,27,false)
(75,27,false)
(78,27,false)
(84,27,false)
(89,27,false)
(91,27,false)
(93,27,false)
(97,27,false)
(98,27,false)
(99,27,false)
(103,27,false)
(105,27,false)
(109,27,false)
(110,27,false)
(112,27,false)
(113,27,false)
(115,27,false)
(116,27,false)
(118,27,false)
(120,27,true)
(122,27,true)
(126,27,true)
(130,27,true)
(134,27,true)
(146,27,true)
(148,27,true)
(151,27,true)
(153,27,true)
(154,27,true)
(158,27,true)
(159,27,true)
(162,27,true)
(165,27,true)
(167,27,true)
(178,27,true)
(181,27,true)
(182,27,true)
(185,27,true)
(194,27,true)
(211,27,true)
(213,27,false)
(216,27,true)
(218,27,true)
(230,27,false)
(231,27,true)
(234,27,true)
(236,27,true)
(237,27,true)
(239,27,true)
(244,27,true)
(247,27,true)
(255,27,true)
(256,27,true)
(259,27,true)
(260,27,true)
(263,27,true)
(266,27,true)
(269,27,true)
(270,27,true)
(272,27,true)
(279,27,true)
(286,27,true)
(287,27,true)
(288,27,true)
(289,27,true)
(290,27,true)
(4,28,true)
(5,28,false)
(14,28,false)
(18,28,false)
(21,28,false)
(24,28,false)
(28,28,false)
(52,28,false)
(55,28,false)
(57,28,false)
(64,28,false)
(68,28,false)
(71,28,false)
(76,28,false)
(79,28,false)
(82,28,false)
(89,28,false)
(100,28,false)
(101,28,false)
(106,28,false)
(117,28,false)
(118,28,false)
(122,28,true)
(127,28,true)
(134,28,true)
(136,28,false)
(137,28,true)
(139,28,true)
(141,28,true)
(148,28,true)
(151,28,true)
(154,28,true)
(160,28,true)
(164,28,true)
(166,28,true)
(172,28,true)
(174,28,true)
(176,28,true)
(181,28,true)
(187,28,true)
(190,28,true)
(194,28,true)
(195,28,true)
(199,28,true)
(215,28,true)
(228,28,true)
(230,28,true)
(231,28,true)
(232,28,true)
(235,28,true)
(238,28,true)
(250,28,true)
(252,28,true)
(254,28,true)
(267,28,true)
(274,28,true)
(278,28,false)
(279,28,true)
(282,28,true)
(288,28,true)
(289,28,true)
(291,28,true)
(293,28,true)
(294,28,true)
(296,28,true)
(1,29,false)
(3,29,true)
(5,29,false)
(6,29,false)
(8,29,false)
(24,29,false)
(26,29,false)
(29,29,false)
(37,29,false)
(41,29,false)
(43,29,false)
(44,29,false)
(52,29,false)
(58,29,true)
(62,29,false)
(65,29,true)
(66,29,false)
(73,29,false)
(74,29,false)
(76,29,false)
(81,29,false)
(83,29,false)
(88,29,false)
(91,29,false)
(92,29,false)
(100,29,false)
(104,29,false)
(110,29,false)
(111,29,false)
(115,29,false)
(117,29,false)
(120,29,false)
(124,29,true)
(129,29,true)
(137,29,true)
(140,29,true)
(153,29,true)
(157,29,true)
(160,29,true)
(162,29,true)
(163,29,true)
(164,29,true)
(167,29,true)
(170,29,true)
(172,29,true)
(174,29,false)
(175,29,true)
(176,29,true)
(180,29,true)
(187,29,true)
(188,29,true)
(191,29,true)
(195,29,true)
(200,29,true)
(210,29,true)
(212,29,true)
(216,29,true)
(217,29,true)
(231,29,true)
(237,29,true)
(242,29,true)
(243,29,true)
(245,29,true)
(257,29,true)
(270,29,true)
(271,29,true)
(274,29,true)
(280,29,true)
(282,29,false)
(283,29,true)
(284,29,true)
(289,29,true)
(292,29,true)
(295,29,true)
(296,29,true)
(297,29,true)
(1,30,false)
(13,30,false)
(15,30,false)
(16,30,false)
(17,30,false)
(21,30,false)
(26,30,false)
(28,30,false)
(31,30,false)
(40,30,false)
(41,30,false)
(52,30,false)
(54,30,false)
(56,30,false)
(61,30,false)
(62,30,false)
(64,30,false)
(72,30,false)
(75,30,false)
(76,30,false)
(82,30,false)
(85,30,false)
(87,30,false)
(95,30,false)
(99,30,false)
(100,30,false)
(109,30,false)
(111,30,false)
(122,30,true)
(126,30,true)
(129,30,true)
(131,30,true)
(132,30,true)
(134,30,true)
(135,30,true)
(143,30,true)
(147,30,true)
(148,30,true)
(149,30,true)
(153,30,true)
(154,30,true)
(156,30,true)
(158,30,true)
(159,30,true)
(160,30,true)
(163,30,false)
(172,30,true)
(173,30,true)
(175,30,true)
(177,30,true)
(178,30,true)
(184,30,true)
(187,30,true)
(198,30,true)
(203,30,true)
(205,30,true)
(208,30,true)
(213,30,true)
(217,30,true)
(224,30,true)
(228,30,true)
(229,30,true)
(230,30,true)
(231,30,true)
(235,30,true)
(247,30,true)
(248,30,true)
(250,30,true)
(255,30,false)
(256,30,true)
(258,30,true)
(259,30,true)
(261,30,true)
(263,30,true)
(264,30,true)
(265,30,true)
(266,30,true)
(267,30,true)
(273,30,true)
(280,30,true)
(285,30,true)
(287,30,true)
(294,30,true)
(296,30,true)
(299,30,true)
(5,31,false)
(8,31,false)
(13,31,false)
(20,31,false)
(23,31,false)
(30,31,false)
(31,31,false)
(36,31,false)
(49,31,false)
(50,31,false)
(53,31,false)
(54,31,false)
(62,31,true)
(64,31,false)
(66,31,false)
(71,31,false)
(77,31,false)
(79,31,false)
(89,31,false)
(95,31,false)
(98,31,false)
(99,31,false)
(107,31,false)
(111,31,false)
(118,31,false)
(120,31,true)
(122,31,true)
(125,31,true)
(126,31,true)
(140,31,true)
(141,31,true)
(142,31,true)
(150,31,true)
(152,31,true)
(154,31,true)
(157,31,true)
(161,31,true)
(163,31,false)
(164,31,true)
(173,31,true)
(174,31,false)
(177,31,true)
(183,31,true)
(184,31,true)
(191,31,true)
(193,31,true)
(194,31,true)
(199,31,true)
(204,31,false)
(205,31,true)
(208,31,true)
(212,31,true)
(217,31,true)
(222,31,true)
(227,31,true)
(230,31,true)
(231,31,true)
(233,31,true)
(237,31,true)
(239,31,true)
(244,31,true)
(261,31,true)
(262,31,true)
(264,31,true)
(267,31,true)
(269,31,true)
(276,31,true)
(6,32,false)
(7,32,false)
(8,32,false)
(11,32,true)
(12,32,false)
(13,32,false)
(17,32,false)
(22,32,false)
(27,32,false)
(30,32,false)
(31,32,true)
(33,32,false)
(39,32,false)
(44,32,false)
(45,32,false)
(47,32,false)
(49,32,false)
(51,32,false)
(57,32,false)
(61,32,false)
(62,32,false)
(66,32,false)
(68,32,false)
(69,32,false)
(71,32,false)
(72,32,false)
(81,32,false)
(91,32,false)
(92,32,false)
(96,32,false)
(101,32,false)
(110,32,false)
(113,32,false)
(114,32,false)
(116,32,false)
(124,32,true)
(128,32,true)
(136,32,true)
(141,32,true)
(150,32,true)
(164,32,true)
(167,32,true)
(172,32,true)
(177,32,true)
(180,32,true)
(184,32,true)
(189,32,true)
(190,32,true)
(191,32,false)
(192,32,true)
(196,32,true)
(207,32,true)
(208,32,false)
(212,32,true)
(214,32,true)
(215,32,true)
(219,32,true)
(220,32,true)
(228,32,true)
(229,32,true)
(230,32,true)
(239,32,true)
(246,32,true)
(247,32,true)
(249,32,true)
(260,32,true)
(261,32,true)
(263,32,true)
(267,32,true)
(272,32,true)
(273,32,true)
(287,32,true)
(288,32,true)
(289,32,true)
(291,32,true)
(295,32,true)
(297,32,true)
(299,32,true)
(4,33,false)
(11,33,false)
(13,33,false)
(15,33,false)
(18,33,false)
(19,33,false)
(30,33,false)
(41,33,false)
(42,33,false)
(43,33,false)
(44,33,false)
(45,33,false)
(50,33,false)
(56,33,false)
(59,33,false)
(65,33,false)
(77,33,false)
(85,33,false)
(94,33,false)
(96,33,false)
(103,33,false)
(106,33,false)
(107,33,false)
(108,33,false)
(118,33,false)
(121,33,true)
(125,33,true)
(126,33,true)
(129,33,true)
(131,33,true)
(138,33,true)
(141,33,true)
(143,33,true)
(149,33,true)
(150,33,true)
(153,33,true)
(155,33,true)
(160,33,true)
(163,33,true)
(165,33,false)
(172,33,true)
(174,33,true)
(176,33,true)
(180,33,true)
(182,33,true)
(187,33,true)
(191,33,true)
(197,33,true)
(198,33,true)
(200,33,true)
(204,33,true)
(206,33,true)
(213,33,true)
(220,33,true)
(228,33,true)
(229,33,true)
(231,33,true)
(247,33,true)
(253,33,true)
(254,33,true)
(258,33,true)
(259,33,true)
(263,33,false)
(266,33,true)
(270,33,true)
(272,33,true)
(287,33,true)
(290,33,true)
(297,33,true)

(255,22)
(245,30)
(192,10)
(219,23)
(117,6)
(142,15)
(216,2)
(6,11)
(249,3)
(3,6)
(58,10)
(121,11)
(159,11)
(191,4)
(86,21)
(41,13)
(280,17)
(65,14)
(104,27)
(164,8)
(240,19)
(90,27)
(53,22)
(264,25)
(205,13)
(275,5)
(43,15)
(267,12)
(77,19)
(76,10)
(106,17)
(113,7)
(73,10)
(102,18)
(231,12)
(70,28)
(147,29)
(238,17)
(104,16)
(16,21)
(159,16)
(240,31)
(200,16)
(70,29)
(141,12)
(164,13)
(272,28)
(100,0)
(213,23)
(69,19)
(175,31)
(229,20)
(222,1)
(169,7)
(45,27)
(105,22)
(5,0)
(192,6)
(298,30)
(25,21)
(36,29)
(186,18)
(223,15)
(286,29)
(188,23)
(253,7)
(266,0)
(177,6)
(44,16)
(61,0)
(82,12)
(204,11)
(208,1)
(60,6)
(54,3)
(266,29)
(86,17)
(76,26)
(249,27)
(103,21)
(24,8)
(190,7)
(213,31)
(30,20)
(18,22)
(225,20)
(170,17)
(55,19)
(173,15)
(104,28)
(124,10)
(150,30)
(94,2)
(60,26)
(222,2)
(73,5)
(82,4)
(99,21)
(231,32)
(49,20)
(260,33)
(228,11)
(181,5)
(169,31)
(240,24)
(81,16)
(180,4)
(90,29)
(247,4)
(132,3)
(91,4)
(277,2)
(68,11)
(81,3)
(7,4)
(65,23)
(143,10)
(271,3)
(157,6)
(50,6)
(101,7)
(192,24)
(113,31)
(282,2)
(1,10)
(30,1)
(97,28)
(87,27)
(254,6)
(100,31)
(56,32)
(40,10)
(165,28)
(119,23)
(17,27)
(69,5)
(289,12)
(17,29)
(144,20)
(17,15)
(154,0)
(66,13)
(293,6)
(31,1)
(108,24)
(81,28)
(240,17)
(145,16)
(122,5)
(209,28)
(63,21)
(162,28)
(143,31)
(41,9)
(105,30)
(37,15)
(259,29)
(267,10)
(253,14)
(229,16)
(130,21)
(231,15)
(36,4)
(64,17)
(242,17)
(222,24)
(186,30)
(147,23)
(192,7)
(150,5)
(80,7)
(10,27)
(248,27)
(132,16)
(252,21)
(216,24)
(64,15)
(153,3)
(269,18)
(186,27)
(50,25)
(69,20)
(4,20)
(218,18)
(115,10)
(189,13)
(190,30)
(182,15)
(252,19)
(203,16)
(88,17)
(232,2)
(3,20)
(128,2)
(54,23)
(235,1)
(15,4)
(144,30)
(50,16)
(214,19)
(55,20)
(200,6)
(153,17)
(118,30)
(49,3)
(164,19)
(121,25)
(139,2)
(295,20)
(44,1)
(80,5)
(141,21)
(60,30)
(156,8)
(138,18)
(32,0)
(183,3)
(61,11)
(35,9)
(68,29)
(181,15)
(127,22)
(281,19)
(42,10)
(203,18)
(253,32)
(222,15)
(119,24)
(53,27)
(120,19)
(90,8)
(45,0)
(173,22)
(43,18)
(96,14)
(145,30)
(296,20)
(295,23)
(173,26)
(134,10)
(139,7)
(169,24)
(285,21)
(281,11)
(278,2)
(34,13)
(252,2)
(276,22)
(129,32)
(219,20)
(35,16)
(160,17)
(90,0)
(222,6)
(208,11)
(230,5)
(213,32)
(59,1)
(55,3)
(251,1)
(89,22)
(242,0)
(13,12)
(75,16)
(29,7)
(43,5)
(11,31)
(1,25)
(28,31)
(29,19)
(171,4)
(11,26)
(37,6)
(72,13)
(32,20)
(254,13)
(93,11)
(72,7)
(53,21)
(180,0)
(273,26)
(267,22)
(106,8)
(169,16)
(30,22)
(51,24)
(208,6)
(152,7)
(283,17)
(65,32)
(143,1)
(252,10)
(114,8)
(163,13)
(167,33)
(46,13)
(18,4)
(126,22)
(231,26)
(134,20)
(265,2)
(243,15)
(244,32)
(96,0)
(58,13)
(222,21)
(169,11)
(130,33)
(38,29)
(266,19)
(30,4)
(146,32)
(135,10)
(176,30)
(269,0)
(129,5)
(52,31)
(273,23)
(80,19)
(192,27)
(0,27)
(288,31)
(95,6)
(159,15)
(44,10)
(241,7)
(170,18)
(216,31)
(5,10)
(147,32)
(274,3)
(141,24)
(14,5)
(134,21)
(31,9)
(121,10)
(143,6)
(72,23)
(82,8)
(40,1)
(242,23)
(240,9)
(87,8)
(91,13)
(265,14)
(70,21)
(82,25)
(174,10)
(35,20)
(210,3)
(140,5)
(149,5)
(68,12)
(124,33)
(212,8)
(297,10)
(141,8)
(123,17)
(127,9)
(79,18)
(161,26)
(99,22)
(88,5)
(204,15)
(30,14)
(24,2)
(59,17)
(23,27)
(264,13)
(290,19)
(297,0)
(104,12)
(227,14)
(232,7)
(36,13)
(195,11)
(135,16)
(197,6)
(169,3)
(242,12)
(149,14)
(130,26)
(161,1)
(239,8)
(266,25)
(208,10)
(124,22)
(201,1)
(165,30)
(100,27)
(74,9)
(125,9)
(191,13)
(132,7)
(157,21)
(60,9)
(25,5)
(257,27)
(136,15)
(167,4)
(165,29)
(158,1)
(226,18)
(64,23)
(175,19)
(199,17)
(99,10)
(45,26)
(29,30)
(33,30)
(264,9)
(210,2)
(167,18)
(37,8)
(104,11)
(50,8)
(186,29)
(13,2)
(254,18)
(225,13)
(265,31)
(181,19)
(132,26)
(278,5)
(161,25)
(155,14)
(10,11)
(93,12)
(297,27)
(122,9)
(2,15)
(8,1)
(206,18)
(271,14)
(61,1)
(40,24)
(126,3)
(18,20)
(17,3)
(38,31)
(270,20)
(191,3)
(292,5)
(292,11)
(214,23)
(193,4)
(99,9)
(115,20)
(146,30)
(133,20)
(27,0)
(156,29)
(264,4)
(209,27)
(86,12)
(50,27)
(292,7)
(85,10)
(140,25)
(69,29)
(289,23)
(253,23)
(243,6)
(43,1)
(123,18)
(88,28)
(108,18)
(115,25)
(293,1)
(102,27)
(81,18)
(58,7)
(38,28)
(213,16)
(245,1)
(17,6)
(189,3)
(64,5)
(107,7)
(146,21)
(132,18)
(109,25)
(233,33)
(197,14)
(101,9)
(68,6)
(245,25)
(180,3)
(270,30)
(14,6)
(252,14)
(169,1)
(169,33)
(273,25)
(90,31)
(140,32)
(281,21)
(252,17)
(92,15)
(215,8)
(226,2)
(263,10)
(105,12)
(262,30)
(50,28)
(125,6)
(171,3)
(33,31)
(122,11)
(28,1)
(144,29)
(242,24)
(160,6)
(94,27)
(279,11)
(220,27)
(224,21)
(10,10)
(46,29)
(70,12)
(30,25)
(92,23)
(94,28)
(94,32)
(274,10)
(47,10)
(200,12)
(95,10)
(131,11)
(173,28)
(281,14)
(253,5)
(262,19)
(27,11)
(284,16)
(298,6)
(99,18)
(251,20)
(165,0)
(230,12)
(65,31)
(133,24)
(266,2)
(275,33)
(149,3)
(1,8)
(31,6)
(100,17)
(15,24)
(150,1)
(224,22)
(158,9)
(39,25)
(8,7)
(130,19)
(138,29)
(190,12)
(253,21)
(193,8)
(132,17)
(65,20)
(280,16)
(55,1)
(114,24)
(183,14)
(125,23)
(203,2)
(76,31)
(36,25)
(96,16)
(89,13)
(90,19)
(163,1)
(44,21)
(77,20)
(125,3)
(156,32)
(49,12)
(150,22)
(113,18)
(32,9)
(138,6)
(43,13)
(203,27)
(43,10)
(294,25)
(31,0)
(90,32)
(29,13)
(131,32)
(10,21)
(160,11)
(287,12)
(269,15)
(224,25)
(25,23)
(233,14)
(55,18)
(184,6)
(10,9)
(256,23)
(258,32)
(26,22)
(101,20)
(181,6)
(215,5)
(86,2)
(102,8)
(80,6)
(10,29)
(95,33)
(180,20)
(98,2)
(186,22)
(150,10)
(262,12)
(110,23)
(125,21)
(9,2)
(161,6)
(141,23)
(16,6)
(133,8)
(79,11)
(69,25)
(292,32)
(126,11)
(30,23)
(207,12)
(62,22)
(225,22)
(155,23)
(115,30)
(160,19)
(284,27)
(181,4)
(220,21)
(99,12)
(122,19)
(11,10)
(81,7)
(196,31)
(96,30)
(4,11)
(281,1)
(262,11)
(32,14)
(228,4)
(299,7)
(245,14)
(273,5)
(263,8)
(66,22)
(162,10)
(235,11)
(30,7)
(263,13)
(237,7)
(36,5)
(236,1)
(247,5)
(216,6)
(129,0)
(9,5)
(23,16)
(99,15)
(280,18)
(8,0)
(82,17)
(288,20)
(17,22)
(52,22)
(104,9)
(105,18)
(155,7)
(181,33)
(197,7)
(185,25)
(163,10)
(154,8)
(36,0)
(209,11)
(56,11)
(164,23)
(55,13)
(260,9)
(287,11)
(191,24)
(127,2)
(270,31)
(122,26)
(298,10)
(106,13)
(250,16)
(243,13)
(175,33)
(125,22)
(178,23)
(19,31)
(85,6)
(285,22)
(96,10)
(189,7)
(42,25)
(162,1)
(74,25)
(269,4)
(164,20)
(72,17)
(252,1)
(16,33)
(180,21)
(140,19)
(23,12)
(277,3)
(120,9)
(185,24)
(76,25)
(71,1)
(292,15)
(232,11)
(104,13)
(281,20)
(101,25)
(213,0)
(151,26)
(27,29)
(124,23)
(124,30)
(268,25)
(115,19)
(166,18)
(172,0)
(171,11)
(295,22)
(183,7)
(239,2)
(49,17)
(259,26)
(242,31)
(114,22)
(20,5)
(234,6)
(7,22)
(77,2)
(296,14)
(209,13)
(251,11)
(1,28)
(53,17)
(118,7)
(117,10)
(237,16)
(88,33)
(221,21)
(37,16)
(234,30)
(158,32)
(263,20)
(59,13)
(110,28)
(146,10)
(210,32)
(100,18)
(281,18)
(192,1)
(219,10)
(182,8)
(70,19)
(94,23)
(259,15)
(39,15)
(198,20)
(85,3)
(152,0)
(153,31)
(146,33)
(160,14)
(64,0)
(197,11)
(122,6)
(232,13)
(160,26)
(232,8)
(22,19)
(187,23)
(61,5)
(205,1)
(105,3)
(147,1)
(259,32)
(120,2)
(25,11)
(32,5)
(280,4)
(257,33)
(185,5)
(240,28)
(299,27)
(137,8)
(51,25)
(207,11)
(188,14)
(68,21)
(135,17)
(70,5)
(105,11)
(192,3)
(15,14)
(74,15)
(254,15)
(228,20)
(265,8)
(109,15)
(151,1)
(86,27)
(287,8)
(112,11)
(203,33)
(10,12)
(135,32)
(210,20)
(78,8)
(26,19)
(89,14)
(280,28)
(81,30)
(110,5)
(132,22)
(27,23)
(104,25)
(37,19)
(266,31)
(229,0)
(175,9)
(30,24)
(271,18)
(234,26)
(2,1)
(191,27)
(238,23)
(257,16)
(77,17)
(43,9)
(35,3)
(229,21)
(119,17)
(149,10)
(23,15)
(174,19)
(120,30)
(288,11)
(73,13)
(86,28)
(162,31)
(11,16)
(279,12)
(32,28)
(126,23)
(163,24)
(63,6)
(112,30)
(186,26)
(49,29)
(168,0)
(47,13)
(242,10)
(95,5)
(88,4)
(95,19)
(265,3)
(282,11)
(76,22)
(154,16)
(21,27)
(45,9)
(235,8)
(244,1)
(97,19)
(118,25)
(104,0)
(73,23)
(128,5)
(52,12)
(143,26)
(294,4)
(75,1)
(261,17)
(137,21)
(183,10)
(272,3)
(248,2)
(157,5)
(165,32)
(154,20)
(253,10)
(160,12)
(153,20)
(226,29)
(243,18)
(42,22)
(220,0)
(60,24)
(118,26)
(154,7)
(81,25)
(253,30)
(239,30)
(235,10)
(206,8)
(49,15)
(168,18)
(210,4)
(291,10)
(90,1)
(116,15)
(27,1)
(65,28)
(44,27)
(259,19)
(21,17)
(269,33)
(44,26)
(151,5)
(200,9)
(3,23)
(29,32)
(163,25)
(135,27)
(80,30)
(220,30)
(288,8)
(179,30)
(106,12)
(213,26)
(183,33)
(31,14)
(190,18)
(127,21)
(280,10)
(134,29)
(107,27)
(190,0)
(50,3)
(183,13)
(101,1)
(245,24)
(203,22)
(272,5)
(263,12)
(285,2)
(264,27)
(112,29)
(142,27)
(121,17)
(120,25)
(222,32)
(97,7)
(9,28)
(173,14)
(179,20)
(285,13)
(89,21)
(158,33)
(221,32)
(1,13)
(80,33)
(264,28)
(108,17)
(294,8)
(214,26)
(291,33)
(283,2)
(15,7)
(184,24)
(183,12)
(130,7)
(268,27)
(99,23)
(82,23)
(10,33)
(150,4)
(216,14)
(122,4)
(138,26)
(72,28)
(254,26)
(195,20)
(41,18)
(8,20)
(295,9)
(76,23)
(225,14)
(48,15)
(207,3)
(118,16)
(144,27)
(136,30)
(127,23)
(23,28)
(171,31)
(97,29)
(294,3)
(207,29)
(202,23)
(116,5)
(104,19)
(9,0)
(58,8)
(131,29)
(120,0)
(122,32)
(41,4)
(80,0)
(235,19)
(96,6)
(266,9)
(40,31)
(243,9)
(96,23)
(108,4)
(288,14)
(229,29)
(293,13)
(72,15)
(104,5)
(74,1)
(208,33)
(117,8)
(145,11)
(52,11)
(250,6)
(85,7)
(55,22)
(286,11)
(248,7)
(81,8)
(221,33)
(41,1)
(172,16)
(207,28)
(113,15)
(138,9)
(30,19)
(247,14)
(101,11)
(238,24)
(274,8)
(86,4)
(170,13)
(164,24)
(15,12)
(45,6)
(34,29)
(295,16)
(120,33)
(72,6)
(0,16)
(207,26)
(59,30)
(239,33)
(131,22)
(144,31)
(122,12)
(174,14)
(91,0)
(143,22)
(35,29)
(242,28)
(206,7)
(83,33)
(6,5)
(30,2)
(214,4)
(268,9)
(138,24)
(47,29)
(133,7)
(219,2)
(224,29)
(155,6)
(37,31)
(8,9)
(25,13)
(34,28)
(217,16)
(184,18)
(45,21)
(64,14)
(78,9)
(277,31)
(267,4)
(68,33)
(106,14)
(10,1)
(114,4)
(290,5)
(21,7)
(162,19)
(12,22)
(263,11)
(20,30)
(170,2)
(135,13)
(75,15)
(184,28)
(31,20)
(272,25)
(123,2)
(126,10)
(273,24)
(234,15)
(145,8)
(144,28)
(141,13)
(290,10)
(277,13)
(288,9)
(168,11)
(69,16)
(298,21)
(60,16)
(261,25)
(169,13)
(5,24)
(161,28)
(13,17)
(74,3)
(53,23)
(279,26)
(27,8)
(188,32)
(58,32)
(123,24)
(142,11)
(27,20)
(101,15)
(255,0)
(207,13)
(56,0)
(85,21)
(277,25)
(118,3)
(230,1)
(152,21)
(231,5)
(233,9)
(88,15)
(103,9)
(34,26)
(31,27)
(158,31)
(166,25)
(167,23)
(83,32)
(186,9)
(251,2)
(115,26)
(17,31)
(162,3)
(232,16)
(293,33)
(255,10)
(129,31)
(130,29)
(158,16)
(159,3)
(136,13)
(256,14)
(28,17)
(72,9)
(134,31)
(140,1)
(66,3)
(211,7)
(35,12)
(52,32)
(157,22)
(225,27)
(244,15)
(236,32)
(229,15)
(6,21)
(260,4)
(53,2)
(107,2)
(156,25)
(100,21)
(264,29)
(108,26)
(188,11)
(187,14)
(10,31)
(89,25)
(7,8)
(188,25)
(57,3)
(170,6)
(235,15)
(92,17)
(163,21)
(188,3)
(181,10)
(249,26)
(130,15)
(139,21)
(269,13)
(215,1)
(246,4)
(51,1)
(78,20)
(61,16)
(244,18)
(108,14)
(195,5)
(76,9)
(87,23)
(71,19)
(215,16)
(241,21)
(20,7)
(138,14)
(183,28)
(186,23)
(268,10)
(255,14)
(218,25)
(168,26)
(77,1)
(116,30)
(272,17)
(114,17)
(291,25)
(35,25)
(50,15)
(206,17)
(28,6)
(146,17)
(256,13)
(68,18)
(165,26)
(206,10)
(51,16)
(253,13)
(4,19)
(10,16)
(155,26)
(126,7)
(201,28)
(82,20)
(20,9)
(136,4)
(118,23)
(200,24)
(119,4)
(55,27)
(199,16)
(233,11)
(54,4)
(180,26)
(38,30)
(270,16)
(15,32)
(222,25)
(140,13)
(87,18)
(219,17)
(12,5)
(105,7)
(238,1)
(260,15)
(105,29)
(155,15)
(13,28)
(265,28)
(190,1)
(30,28)
(214,18)
(133,31)
(24,16)
(178,24)
(97,3)
(143,16)
(153,9)
(164,5)
(12,4)
(64,25)
(269,3)
(229,24)
(160,22)
(107,12)
(118,11)
(286,20)
(122,29)
(177,7)
(147,5)
(60,17)
(167,9)
(230,21)
(155,30)
(268,32)
(226,6)
(236,8)
(46,16)
(296,2)
(169,19)
(277,28)
(107,16)
(96,3)
(110,14)
(32,25)
(109,28)
(53,32)
(160,16)
(71,24)
(164,26)
(2,11)
(49,18)
(220,31)
(192,8)
(35,30)
(265,0)
(111,15)
(92,33)
(269,2)
(120,24)
(23,10)
(179,5)
(39,4)
(251,21)
(143,9)
(124,17)
(294,22)
(51,6)
(28,22)
(183,21)
(150,8)
(193,24)
(262,26)
(97,22)
(205,22)
(293,16)
(254,30)
(71,25)
(144,5)
(116,7)
(40,22)
(256,5)
(298,28)
(124,8)
(106,31)
(288,12)
(10,7)
(249,25)
(52,16)
(85,0)
(296,13)
(106,23)
(128,8)
(206,28)
(238,7)
(134,12)
(229,2)
(243,17)
(187,3)
(67,6)
(52,1)
(280,22)
(37,23)
(253,24)
(125,15)
(258,16)
(277,9)
(148,18)
(276,27)
(208,5)
(161,32)
(296,7)
(294,12)
(201,2)
(145,31)
(235,5)
(112,26)
(19,7)
(69,4)
(230,16)
(199,20)
(196,5)
(294,14)
(44,7)
(220,14)
(282,32)
(231,16)
(262,18)
(197,8)
(75,0)
(81,22)
(253,17)
(56,14)
(6,18)
(290,1)
(0,0)
(35,13)
(288,0)
(196,17)
(184,16)
(115,13)
(128,12)
(232,18)
(81,6)
(254,3)
(205,27)
(189,27)
(190,20)
(55,33)
(102,2)
(118,19)
(229,19)
(227,11)
(213,21)
(283,13)
(4,12)
(38,12)
(94,13)
(228,0)
(141,29)
(252,22)
(261,1)
(153,26)
(240,16)
(7,12)
(285,16)
(284,6)
(31,3)
(201,22)
(79,16)
(116,16)
(139,12)
(131,31)
(179,7)
(238,20)
(218,1)
(162,26)
(242,27)
(92,27)
(117,16)
(232,4)
(248,20)
(82,14)
(52,10)
(242,4)
(112,5)
(175,28)
(243,10)
(81,33)
(48,6)
(240,10)
(193,23)
(197,16)
(127,13)
(141,10)
(140,17)
(223,31)
(67,4)
(164,7)
(28,11)
(175,16)
(61,6)
(246,13)
(211,15)
(163,28)
(296,25)
(55,11)
(168,27)
(110,7)
(68,13)
(274,33)
(53,16)
(72,1)
(97,32)
(74,13)
(190,22)
(215,0)
(199,19)
(77,32)
(162,5)
(54,20)
(46,17)
(244,3)
(119,0)
(262,21)
(191,18)
(37,30)
(97,17)
(5,15)
(290,25)
(296,26)
(157,12)
(144,19)
(140,4)
(272,14)
(46,15)
(71,9)
(204,12)
(116,21)
(111,5)
(273,16)
(75,4)
(18,30)
(78,0)
(220,20)
(230,24)
(61,29)
(133,15)
(144,21)
(216,33)
(70,23)
(60,28)
(40,11)
(201,30)
(119,32)
(27,19)
(92,11)
(103,6)
(93,29)
(49,6)
(64,21)
(174,4)
(169,14)
(100,9)
(17,24)
(34,5)
(194,13)
(198,8)
(56,21)
(140,7)
(12,13)
(105,10)
(150,16)
(288,13)
(16,9)
(100,10)
(180,6)
(241,17)
(202,7)
(45,25)
(12,31)
(106,22)
(18,29)
(85,15)
(157,32)
(180,12)
(193,6)
(70,32)
(182,19)
(18,16)
(214,22)
(193,25)
(94,10)
(165,14)
(152,29)
(78,5)
(212,33)
(13,15)
(251,17)
(124,15)
(246,21)
(101,3)
(67,20)
(172,23)
(98,10)
(111,10)
(194,23)
(93,14)
(254,10)
(145,26)
(279,15)
(267,26)
(184,13)
(268,19)
(268,11)
(119,7)
(104,17)
(255,24)
(29,10)
(54,15)
(198,14)
(50,32)
(224,15)
(93,32)
(188,7)
(133,17)
(213,29)
(139,24)
(20,21)
(72,12)
(87,28)
(142,1)
(34,19)
(295,27)
(138,23)
(38,2)
(288,23)
(275,4)
(152,18)
(215,18)
(233,22)
(148,19)
(173,2)
(181,13)
(24,4)
(253,29)
(26,33)
(280,20)
(133,23)
(94,12)
(23,25)
(0,5)
(64,7)
(2,24)
(82,26)
(291,2)
(156,10)
(75,26)
(203,4)
(118,29)
(226,33)
(50,17)
(228,31)
(236,16)
(107,17)
(146,8)
(260,22)
(218,33)
(161,20)
(74,7)
(229,22)
(108,11)
(196,25)
(91,1)
(135,4)
(180,18)
(112,33)
(242,32)
(11,15)
(188,17)
(239,25)
(195,0)
(200,3)
(151,30)
(65,13)
(25,29)
(241,14)
(165,13)
(176,7)
(216,11)
(128,30)
(212,27)
(284,32)
(154,1)
(138,12)
(298,7)
(15,10)
(168,16)
(230,6)
(114,19)
(7,31)
(71,11)
(225,29)
(50,18)
(34,20)
(287,7)
(143,23)
(46,25)
(179,4)
(32,16)
(230,7)
(22,13)
(50,30)
(201,33)
(133,5)
(288,16)
(77,28)
(227,29)
(220,1)
(53,24)
(105,28)
(260,31)
(154,10)
(182,25)
(46,32)
(172,5)
(152,26)
(265,21)
(33,3)
(236,5)
(52,26)
(22,30)
(72,8)
(251,4)
(280,14)
(182,20)
(12,10)
(11,22)
(38,17)
(131,6)
(252,32)
(62,25)
(52,9)
(125,29)
(98,15)
(279,23)
(198,29)
(184,12)
(233,29)
(80,15)
(157,9)
(36,30)
(40,32)
(297,19)
(291,15)
(236,4)
(265,12)
(220,25)
(89,24)
(108,19)
(222,20)
(217,10)
(131,27)
(243,28)
(142,9)
(185,15)
(136,17)
(145,17)
(40,17)
(200,8)
(225,6)
(178,10)
(289,5)
(210,13)
(17,11)
(9,17)
(159,19)
(273,33)
(138,16)
(148,6)
(26,16)
(59,22)
(86,16)
(32,7)
(164,1)
(158,2)
(45,2)
(96,11)
(284,26)
(264,15)
(49,24)
(269,5)
(208,0)
(39,10)
(106,9)
(30,16)
(291,17)
(161,27)
(16,12)
(279,17)
(202,11)
(277,27)
(288,19)
(215,23)
(265,10)
(39,33)
(243,30)
(207,21)
(131,18)
(128,18)
(297,2)
(208,2)
(259,12)
(190,15)
(258,2)
(101,21)
(271,27)
(259,11)
(164,12)
(173,13)
(188,18)
(131,21)
(7,30)
(223,10)
(117,13)
(200,25)
(226,9)
(178,12)
(260,13)
(263,24)
(88,18)
(124,31)
(11,8)
(174,18)
(125,17)
(287,4)
(254,24)
(162,20)
(222,10)
(259,2)
(58,11)
(196,29)
(93,10)
(21,31)
(73,17)
(22,9)
(32,17)
(191,30)
(298,27)
(141,1)
(124,21)
(215,15)
(120,28)
(256,16)
(230,13)
(31,24)
(161,33)
(156,20)
(6,23)
(120,8)
(17,21)
(260,12)
(222,27)
(272,30)
(14,22)
(69,8)
(129,2)
(63,10)
(182,26)
(215,21)
(118,24)
(142,17)
(107,25)
(120,12)
(226,19)
(111,27)
(73,0)
(242,5)
(6,10)
(51,15)
(90,22)
(98,24)
(191,28)
(87,26)
(114,29)
(229,13)
(33,23)
(236,33)
(177,14)
(155,12)
(130,11)
(51,8)
(7,7)
(0,26)
(208,16)
(75,14)
(248,16)
(226,20)
(103,17)
(104,14)
(193,26)
(22,28)
(141,6)
(294,29)
(104,32)
(44,9)
(248,25)
(197,20)
(145,4)
(50,7)
(243,25)
(148,33)
(213,11)
(288,29)
(189,5)
(275,25)
(204,20)
(126,18)
(127,1)
(212,16)
(206,13)
(84,25)
(128,7)
(46,10)
(199,27)
(192,31)
(132,2)
(52,27)
(62,3)
(128,0)
(71,30)
(227,7)
(183,16)
(49,0)
(119,12)
(8,15)
(97,16)
(229,12)
(169,26)
(97,13)
(68,22)
(175,20)
(59,19)
(120,5)
(230,25)
(252,20)
(68,4)
(116,14)
(201,32)
(96,22)
(214,15)
(27,28)
(128,19)
(116,29)
(116,12)
(236,10)
(248,22)
(253,26)
(155,21)
(79,33)
(72,31)
(229,18)
(200,30)
(199,0)
(48,25)
(213,4)
(268,6)
(272,18)
(218,20)
(34,27)
(193,9)
(160,9)
(256,15)
(178,32)
(7,26)
(24,18)
(56,25)
(252,7)
(240,26)
(88,6)
(219,16)
(90,24)
(166,31)
(69,28)
(221,18)
(290,28)
(243,12)
(11,21)
(75,23)
(125,25)
(171,12)
(74,10)
(150,23)
(82,31)
(233,3)
(120,17)
(15,26)
(144,14)
(186,10)
(13,6)
(1,9)
(251,26)
(203,23)
(173,17)
(238,12)
(122,25)
(249,10)
(270,26)
(38,23)
(186,19)
(271,24)
(75,22)
(276,29)
(78,13)
(256,4)
(25,3)
(263,9)
(189,10)
(262,24)
(295,30)
(207,10)
(85,14)
(186,15)
(93,0)
(246,17)
(100,19)
(7,24)
(222,8)
(287,5)
(222,22)
(70,11)
(223,23)
(294,6)
(87,6)
