100 Users
27 Files
1500 Transactions
2 Maximum Connections
1 Cycle Length per Upload-Download
0 Warm-up Transactions
0.400000 Zipf constant
5 Pre-Trusted Users
40 Well-Behaved (Good) Users
60 Purely Malicious Users
0 Feedback Skewing Users
0 Malignant Providing Users
0 Disguised Malicous Users
0 Sybil Attack Users
true Intelligent Trans. Generation
1561006413564 Trace Generation Seed

(0.033347,0.000000,1,false)
(0.055322,0.000000,1,false)
(0.018144,0.000000,1,false)
(0.008778,0.000000,1,false)
(0.051842,0.000000,1,false)
(0.033908,0.000000,1,false)
(0.086781,0.000000,1,false)
(0.034608,0.000000,1,false)
(0.097358,0.000000,1,false)
(0.093554,0.000000,1,false)
(0.081219,0.000000,1,false)
(0.033841,0.000000,1,false)
(0.083532,0.000000,1,false)
(0.084006,0.000000,1,false)
(0.094356,0.000000,1,false)
(0.030252,0.000000,1,false)
(0.089889,0.000000,1,false)
(0.058485,0.000000,1,false)
(0.077724,0.000000,1,false)
(0.022136,0.000000,1,false)
(0.059614,0.000000,1,false)
(0.087679,0.000000,1,false)
(0.039458,0.000000,1,false)
(0.040309,0.000000,1,false)
(0.003025,0.000000,1,false)
(0.098840,0.000000,1,false)
(0.054209,0.000000,1,false)
(0.026477,0.000000,1,false)
(0.062216,0.000000,1,false)
(0.007275,0.000000,1,false)
(0.008065,0.000000,1,false)
(0.025079,0.000000,1,false)
(0.097085,0.000000,1,false)
(0.059960,0.000000,1,false)
(0.057915,0.000000,1,false)
(0.048238,0.000000,1,false)
(0.085906,0.000000,1,false)
(0.016585,0.000000,1,false)
(0.019136,0.000000,1,false)
(0.043055,0.000000,1,false)
(0.094604,0.000000,1,false)
(0.051998,0.000000,1,false)
(0.008114,0.000000,1,false)
(0.063264,0.000000,1,false)
(0.058094,0.000000,1,false)
(0.075867,0.000000,1,false)
(0.056792,0.000000,1,false)
(0.023135,0.000000,1,false)
(0.034283,0.000000,1,false)
(0.030299,0.000000,1,false)
(0.085329,0.000000,1,false)
(0.090491,0.000000,1,false)
(0.036787,0.000000,1,false)
(0.044226,0.000000,1,false)
(0.065888,0.000000,1,false)
(0.057889,0.000000,1,false)
(0.025925,0.000000,1,false)
(0.094570,0.000000,1,false)
(0.035698,0.000000,1,false)
(0.016200,0.000000,1,false)
(0.960791,1.000000,0,true)
(0.951507,1.000000,0,true)
(0.979266,1.000000,0,true)
(0.956732,1.000000,0,true)
(0.927634,1.000000,0,true)
(0.961494,1.000000,0,false)
(0.987262,1.000000,0,false)
(0.988220,1.000000,0,false)
(0.920205,1.000000,0,false)
(0.947249,1.000000,0,false)
(0.998272,1.000000,0,false)
(0.984857,1.000000,0,false)
(0.950576,1.000000,0,false)
(0.993506,1.000000,0,false)
(0.996203,1.000000,0,false)
(0.992105,1.000000,0,false)
(0.978904,1.000000,0,false)
(0.902364,1.000000,0,false)
(0.960322,1.000000,0,false)
(0.941929,1.000000,0,false)
(0.940129,1.000000,0,false)
(0.960949,1.000000,0,false)
(0.986568,1.000000,0,false)
(0.987060,1.000000,0,false)
(0.933921,1.000000,0,false)
(0.996436,1.000000,0,false)
(0.987434,1.000000,0,false)
(0.913333,1.000000,0,false)
(0.997546,1.000000,0,false)
(0.986374,1.000000,0,false)
(0.998997,1.000000,0,false)
(0.911315,1.000000,0,false)
(0.954629,1.000000,0,false)
(0.942981,1.000000,0,false)
(0.995470,1.000000,0,false)
(0.975012,1.000000,0,false)
(0.978019,1.000000,0,false)
(0.987595,1.000000,0,false)
(0.905272,1.000000,0,false)
(0.979009,1.000000,0,false)

(1,0,false)
(2,0,false)
(3,0,false)
(4,0,false)
(5,0,false)
(6,0,false)
(8,0,false)
(9,0,false)
(10,0,false)
(11,0,false)
(13,0,false)
(14,0,false)
(16,0,true)
(17,0,false)
(18,0,false)
(19,0,false)
(20,0,false)
(21,0,false)
(22,0,false)
(23,0,false)
(25,0,false)
(26,0,false)
(27,0,false)
(28,0,false)
(29,0,false)
(30,0,false)
(31,0,false)
(32,0,false)
(33,0,false)
(34,0,false)
(35,0,false)
(36,0,false)
(37,0,false)
(38,0,false)
(40,0,false)
(41,0,false)
(42,0,false)
(43,0,false)
(44,0,false)
(45,0,false)
(46,0,false)
(47,0,false)
(48,0,false)
(51,0,false)
(52,0,false)
(55,0,false)
(57,0,false)
(58,0,false)
(59,0,false)
(60,0,true)
(62,0,true)
(63,0,true)
(64,0,true)
(66,0,true)
(67,0,true)
(68,0,true)
(71,0,true)
(72,0,true)
(73,0,true)
(74,0,true)
(75,0,true)
(76,0,true)
(78,0,true)
(79,0,true)
(80,0,true)
(82,0,true)
(83,0,true)
(84,0,true)
(85,0,true)
(86,0,true)
(88,0,true)
(89,0,true)
(91,0,false)
(92,0,true)
(93,0,true)
(94,0,true)
(95,0,true)
(96,0,true)
(97,0,true)
(98,0,true)
(0,1,false)
(3,1,false)
(4,1,false)
(5,1,false)
(7,1,false)
(8,1,false)
(9,1,false)
(12,1,false)
(14,1,false)
(15,1,false)
(18,1,false)
(19,1,false)
(20,1,false)
(21,1,false)
(22,1,false)
(23,1,false)
(24,1,false)
(26,1,false)
(27,1,false)
(29,1,false)
(30,1,false)
(31,1,false)
(33,1,false)
(34,1,false)
(35,1,false)
(36,1,false)
(37,1,false)
(38,1,false)
(39,1,false)
(40,1,false)
(41,1,false)
(42,1,false)
(43,1,false)
(45,1,false)
(46,1,false)
(47,1,true)
(48,1,false)
(49,1,false)
(50,1,false)
(51,1,false)
(52,1,false)
(53,1,false)
(54,1,false)
(58,1,false)
(59,1,false)
(63,1,true)
(64,1,true)
(65,1,true)
(67,1,true)
(68,1,true)
(69,1,true)
(70,1,true)
(71,1,true)
(72,1,false)
(73,1,true)
(75,1,true)
(76,1,true)
(77,1,true)
(78,1,false)
(79,1,true)
(81,1,true)
(82,1,true)
(84,1,true)
(86,1,true)
(87,1,true)
(88,1,true)
(90,1,true)
(92,1,true)
(93,1,true)
(95,1,true)
(96,1,true)
(97,1,true)
(98,1,true)
(99,1,true)
(0,2,false)
(1,2,false)
(4,2,false)
(6,2,false)
(7,2,false)
(8,2,false)
(9,2,false)
(11,2,false)
(13,2,false)
(14,2,false)
(17,2,false)
(20,2,false)
(22,2,false)
(24,2,false)
(25,2,false)
(29,2,false)
(30,2,false)
(31,2,false)
(32,2,false)
(33,2,false)
(35,2,false)
(37,2,false)
(39,2,false)
(41,2,false)
(42,2,false)
(43,2,false)
(45,2,true)
(46,2,false)
(48,2,false)
(50,2,false)
(51,2,false)
(55,2,false)
(57,2,false)
(58,2,false)
(60,2,true)
(65,2,true)
(67,2,true)
(68,2,true)
(69,2,false)
(71,2,true)
(72,2,true)
(73,2,true)
(74,2,true)
(75,2,true)
(77,2,true)
(79,2,true)
(80,2,true)
(81,2,true)
(86,2,true)
(88,2,true)
(91,2,true)
(92,2,true)
(94,2,true)
(95,2,true)
(96,2,true)
(97,2,true)
(3,3,false)
(6,3,true)
(7,3,false)
(8,3,false)
(9,3,false)
(11,3,false)
(12,3,false)
(14,3,true)
(15,3,false)
(16,3,false)
(17,3,false)
(21,3,false)
(24,3,false)
(25,3,false)
(27,3,true)
(28,3,false)
(30,3,false)
(32,3,false)
(33,3,false)
(36,3,false)
(37,3,false)
(38,3,false)
(39,3,false)
(40,3,false)
(42,3,false)
(43,3,false)
(44,3,false)
(47,3,false)
(50,3,false)
(53,3,false)
(54,3,false)
(56,3,false)
(59,3,false)
(60,3,true)
(62,3,true)
(63,3,true)
(66,3,true)
(67,3,true)
(68,3,true)
(69,3,true)
(70,3,true)
(72,3,true)
(73,3,true)
(75,3,true)
(76,3,true)
(77,3,true)
(79,3,true)
(80,3,true)
(81,3,true)
(82,3,true)
(83,3,true)
(86,3,true)
(88,3,true)
(89,3,true)
(90,3,true)
(91,3,true)
(92,3,true)
(93,3,true)
(94,3,true)
(96,3,true)
(98,3,true)
(99,3,true)
(0,4,false)
(2,4,false)
(4,4,false)
(5,4,false)
(8,4,false)
(10,4,false)
(11,4,false)
(15,4,false)
(17,4,false)
(19,4,false)
(20,4,false)
(23,4,true)
(26,4,false)
(27,4,false)
(28,4,false)
(31,4,false)
(32,4,false)
(34,4,false)
(35,4,false)
(37,4,false)
(38,4,false)
(40,4,false)
(41,4,false)
(42,4,false)
(43,4,false)
(46,4,false)
(48,4,false)
(51,4,false)
(52,4,false)
(55,4,false)
(56,4,false)
(57,4,false)
(59,4,false)
(60,4,true)
(64,4,true)
(65,4,true)
(68,4,true)
(71,4,true)
(73,4,true)
(74,4,true)
(75,4,true)
(76,4,true)
(77,4,true)
(78,4,true)
(79,4,true)
(83,4,true)
(84,4,true)
(86,4,true)
(88,4,true)
(89,4,true)
(90,4,true)
(93,4,true)
(95,4,true)
(0,5,false)
(1,5,false)
(4,5,false)
(8,5,false)
(9,5,false)
(12,5,false)
(14,5,false)
(16,5,false)
(18,5,false)
(20,5,false)
(21,5,false)
(22,5,false)
(23,5,false)
(26,5,false)
(27,5,false)
(28,5,false)
(31,5,false)
(33,5,false)
(34,5,false)
(35,5,false)
(36,5,true)
(38,5,false)
(41,5,false)
(42,5,false)
(43,5,false)
(45,5,false)
(47,5,false)
(50,5,false)
(52,5,false)
(53,5,false)
(54,5,false)
(55,5,false)
(60,5,true)
(63,5,true)
(64,5,true)
(67,5,true)
(69,5,true)
(76,5,true)
(80,5,true)
(81,5,true)
(83,5,true)
(84,5,true)
(86,5,true)
(88,5,true)
(89,5,true)
(90,5,true)
(91,5,true)
(93,5,true)
(94,5,true)
(97,5,true)
(98,5,true)
(0,6,false)
(2,6,false)
(5,6,false)
(7,6,false)
(8,6,true)
(13,6,false)
(16,6,false)
(18,6,false)
(19,6,true)
(20,6,false)
(21,6,false)
(22,6,true)
(24,6,false)
(26,6,false)
(27,6,false)
(30,6,false)
(31,6,false)
(32,6,false)
(39,6,false)
(41,6,false)
(43,6,false)
(49,6,false)
(53,6,false)
(54,6,false)
(55,6,false)
(56,6,false)
(57,6,false)
(59,6,false)
(61,6,true)
(62,6,true)
(64,6,true)
(66,6,true)
(67,6,true)
(68,6,true)
(70,6,true)
(71,6,true)
(73,6,true)
(76,6,true)
(81,6,true)
(83,6,true)
(84,6,true)
(88,6,true)
(89,6,true)
(91,6,true)
(92,6,true)
(97,6,true)
(98,6,true)
(99,6,true)
(0,7,false)
(2,7,false)
(3,7,false)
(5,7,false)
(6,7,false)
(10,7,false)
(11,7,false)
(20,7,false)
(24,7,false)
(25,7,false)
(28,7,false)
(30,7,false)
(38,7,false)
(41,7,false)
(47,7,false)
(49,7,false)
(51,7,false)
(53,7,false)
(58,7,false)
(59,7,false)
(61,7,true)
(62,7,true)
(64,7,true)
(66,7,true)
(68,7,true)
(70,7,true)
(71,7,true)
(73,7,true)
(74,7,true)
(79,7,true)
(80,7,true)
(84,7,false)
(88,7,true)
(95,7,true)
(98,7,true)
(1,8,false)
(2,8,false)
(4,8,false)
(6,8,false)
(7,8,false)
(9,8,false)
(10,8,false)
(13,8,false)
(14,8,true)
(15,8,false)
(17,8,false)
(22,8,false)
(24,8,false)
(34,8,false)
(35,8,false)
(39,8,false)
(40,8,false)
(44,8,false)
(48,8,false)
(51,8,true)
(52,8,false)
(54,8,false)
(57,8,true)
(58,8,false)
(60,8,true)
(63,8,true)
(66,8,true)
(69,8,true)
(70,8,true)
(72,8,true)
(76,8,true)
(77,8,true)
(80,8,true)
(81,8,true)
(82,8,true)
(83,8,true)
(84,8,true)
(88,8,true)
(92,8,true)
(95,8,true)
(99,8,true)
(0,9,false)
(1,9,false)
(5,9,false)
(6,9,false)
(8,9,false)
(11,9,false)
(13,9,false)
(14,9,false)
(20,9,false)
(21,9,false)
(22,9,false)
(24,9,false)
(27,9,false)
(28,9,false)
(35,9,false)
(36,9,false)
(38,9,false)
(40,9,false)
(43,9,false)
(44,9,false)
(46,9,false)
(47,9,false)
(52,9,false)
(60,9,true)
(63,9,true)
(69,9,true)
(74,9,true)
(76,9,true)
(79,9,true)
(81,9,true)
(83,9,true)
(84,9,true)
(85,9,true)
(87,9,true)
(88,9,true)
(90,9,true)
(91,9,true)
(92,9,true)
(93,9,true)
(96,9,false)
(98,9,true)
(0,10,false)
(1,10,false)
(2,10,false)
(3,10,false)
(5,10,false)
(7,10,false)
(9,10,false)
(14,10,false)
(17,10,true)
(18,10,false)
(19,10,false)
(21,10,false)
(22,10,false)
(23,10,false)
(27,10,false)
(32,10,false)
(34,10,false)
(36,10,true)
(41,10,true)
(43,10,false)
(45,10,false)
(46,10,false)
(47,10,false)
(49,10,false)
(56,10,false)
(57,10,false)
(65,10,true)
(69,10,true)
(70,10,true)
(71,10,true)
(77,10,true)
(80,10,true)
(82,10,true)
(83,10,true)
(84,10,true)
(85,10,true)
(88,10,true)
(89,10,false)
(90,10,true)
(91,10,true)
(92,10,true)
(93,10,true)
(94,10,true)
(96,10,true)
(98,10,true)
(99,10,true)
(0,11,false)
(2,11,false)
(5,11,false)
(6,11,false)
(7,11,false)
(8,11,false)
(10,11,false)
(12,11,false)
(13,11,false)
(18,11,false)
(22,11,false)
(23,11,false)
(24,11,false)
(25,11,false)
(27,11,false)
(32,11,true)
(33,11,false)
(35,11,true)
(39,11,false)
(42,11,false)
(44,11,false)
(47,11,false)
(55,11,false)
(59,11,false)
(77,11,false)
(78,11,true)
(79,11,true)
(80,11,false)
(81,11,true)
(82,11,true)
(84,11,true)
(88,11,true)
(89,11,true)
(90,11,true)
(92,11,true)
(95,11,true)
(1,12,false)
(3,12,false)
(5,12,false)
(7,12,false)
(10,12,false)
(19,12,false)
(20,12,false)
(23,12,false)
(27,12,false)
(28,12,false)
(30,12,false)
(31,12,false)
(32,12,false)
(34,12,false)
(37,12,false)
(39,12,false)
(40,12,false)
(41,12,false)
(43,12,false)
(45,12,false)
(48,12,false)
(50,12,false)
(52,12,false)
(56,12,false)
(58,12,false)
(61,12,true)
(64,12,true)
(72,12,true)
(74,12,true)
(76,12,true)
(81,12,true)
(83,12,true)
(84,12,true)
(88,12,true)
(89,12,true)
(92,12,true)
(99,12,true)
(1,13,false)
(6,13,false)
(12,13,false)
(16,13,false)
(20,13,false)
(22,13,false)
(30,13,false)
(31,13,false)
(32,13,false)
(33,13,false)
(34,13,false)
(35,13,false)
(36,13,false)
(38,13,false)
(40,13,true)
(41,13,false)
(43,13,false)
(46,13,true)
(48,13,false)
(49,13,false)
(50,13,false)
(51,13,false)
(53,13,false)
(56,13,false)
(60,13,true)
(64,13,true)
(74,13,true)
(76,13,true)
(80,13,true)
(81,13,true)
(82,13,true)
(86,13,true)
(90,13,true)
(96,13,true)
(0,14,false)
(1,14,false)
(2,14,false)
(3,14,false)
(10,14,false)
(14,14,false)
(15,14,false)
(23,14,false)
(27,14,false)
(28,14,false)
(32,14,false)
(38,14,false)
(39,14,false)
(40,14,false)
(43,14,false)
(44,14,true)
(46,14,false)
(47,14,false)
(48,14,false)
(51,14,false)
(52,14,false)
(57,14,false)
(63,14,true)
(68,14,true)
(69,14,true)
(72,14,true)
(73,14,true)
(74,14,true)
(77,14,true)
(83,14,true)
(86,14,true)
(88,14,true)
(92,14,true)
(96,14,true)
(0,15,false)
(3,15,false)
(6,15,false)
(7,15,false)
(8,15,false)
(11,15,false)
(12,15,false)
(13,15,false)
(21,15,false)
(24,15,false)
(25,15,false)
(26,15,false)
(27,15,false)
(32,15,false)
(36,15,false)
(37,15,false)
(38,15,false)
(44,15,false)
(45,15,false)
(46,15,false)
(47,15,false)
(51,15,false)
(55,15,false)
(57,15,false)
(58,15,false)
(60,15,true)
(61,15,true)
(64,15,true)
(69,15,true)
(73,15,true)
(77,15,true)
(79,15,true)
(85,15,true)
(86,15,true)
(91,15,true)
(93,15,true)
(96,15,true)
(7,16,false)
(9,16,false)
(10,16,false)
(15,16,false)
(18,16,false)
(19,16,false)
(20,16,false)
(21,16,false)
(25,16,false)
(28,16,false)
(32,16,false)
(36,16,false)
(39,16,false)
(41,16,false)
(44,16,false)
(46,16,false)
(54,16,true)
(55,16,false)
(57,16,true)
(60,16,true)
(70,16,true)
(71,16,true)
(72,16,true)
(75,16,true)
(76,16,true)
(79,16,true)
(82,16,true)
(83,16,true)
(89,16,true)
(92,16,true)
(94,16,true)
(97,16,true)
(98,16,true)
(3,17,false)
(4,17,false)
(6,17,true)
(9,17,false)
(10,17,false)
(14,17,false)
(18,17,false)
(20,17,false)
(21,17,false)
(32,17,false)
(38,17,false)
(45,17,false)
(46,17,false)
(48,17,false)
(50,17,false)
(51,17,false)
(52,17,false)
(53,17,false)
(55,17,false)
(61,17,true)
(65,17,true)
(67,17,true)
(71,17,true)
(78,17,true)
(80,17,true)
(82,17,true)
(84,17,true)
(86,17,true)
(89,17,false)
(92,17,true)
(93,17,true)
(94,17,true)
(99,17,true)
(6,18,false)
(7,18,false)
(9,18,false)
(18,18,false)
(19,18,false)
(21,18,false)
(22,18,false)
(23,18,false)
(24,18,false)
(26,18,false)
(29,18,false)
(31,18,false)
(35,18,false)
(41,18,false)
(44,18,false)
(48,18,false)
(51,18,true)
(55,18,true)
(60,18,true)
(61,18,true)
(64,18,true)
(70,18,true)
(76,18,true)
(81,18,true)
(84,18,true)
(85,18,true)
(86,18,true)
(87,18,true)
(90,18,true)
(91,18,true)
(93,18,true)
(97,18,true)
(98,18,true)
(0,19,false)
(1,19,false)
(2,19,false)
(4,19,false)
(6,19,false)
(7,19,false)
(14,19,true)
(16,19,false)
(22,19,false)
(24,19,false)
(25,19,false)
(27,19,false)
(28,19,false)
(33,19,false)
(34,19,false)
(44,19,true)
(45,19,false)
(50,19,false)
(53,19,false)
(67,19,true)
(72,19,true)
(73,19,true)
(74,19,true)
(76,19,true)
(81,19,true)
(82,19,true)
(84,19,true)
(91,19,true)
(95,19,true)
(0,20,false)
(2,20,false)
(10,20,false)
(11,20,false)
(15,20,false)
(16,20,false)
(20,20,false)
(21,20,false)
(23,20,false)
(24,20,false)
(37,20,false)
(40,20,false)
(41,20,false)
(42,20,false)
(44,20,false)
(45,20,false)
(50,20,false)
(52,20,false)
(54,20,false)
(55,20,false)
(62,20,true)
(66,20,true)
(67,20,true)
(69,20,true)
(70,20,true)
(71,20,true)
(73,20,true)
(76,20,true)
(81,20,true)
(87,20,true)
(94,20,true)
(0,21,true)
(3,21,false)
(5,21,false)
(10,21,false)
(13,21,false)
(16,21,false)
(19,21,false)
(22,21,false)
(25,21,false)
(32,21,false)
(33,21,false)
(41,21,false)
(42,21,false)
(44,21,false)
(46,21,false)
(50,21,false)
(53,21,false)
(55,21,false)
(56,21,false)
(58,21,false)
(61,21,true)
(80,21,true)
(83,21,true)
(85,21,true)
(1,22,false)
(3,22,false)
(22,22,false)
(23,22,false)
(24,22,false)
(26,22,true)
(32,22,false)
(33,22,false)
(35,22,false)
(37,22,false)
(43,22,false)
(45,22,false)
(46,22,false)
(53,22,false)
(57,22,false)
(59,22,false)
(66,22,true)
(68,22,true)
(70,22,true)
(71,22,true)
(72,22,false)
(73,22,true)
(75,22,true)
(78,22,true)
(80,22,true)
(86,22,true)
(96,22,true)
(97,22,true)
(98,22,false)
(99,22,true)
(0,23,false)
(2,23,false)
(3,23,false)
(4,23,false)
(5,23,false)
(6,23,false)
(8,23,false)
(12,23,true)
(13,23,false)
(16,23,false)
(18,23,false)
(21,23,false)
(30,23,false)
(33,23,false)
(35,23,false)
(43,23,false)
(45,23,false)
(48,23,false)
(52,23,false)
(54,23,false)
(59,23,false)
(61,23,true)
(62,23,true)
(64,23,true)
(66,23,true)
(76,23,true)
(87,23,true)
(88,23,true)
(90,23,true)
(91,23,true)
(92,23,true)
(99,23,true)
(5,24,false)
(8,24,false)
(11,24,false)
(16,24,false)
(27,24,false)
(29,24,false)
(39,24,false)
(43,24,false)
(44,24,false)
(49,24,false)
(50,24,false)
(52,24,false)
(62,24,true)
(73,24,true)
(76,24,true)
(80,24,true)
(85,24,true)
(86,24,true)
(87,24,true)
(91,24,true)
(94,24,true)
(96,24,true)
(98,24,true)
(3,25,false)
(4,25,false)
(7,25,false)
(10,25,true)
(16,25,true)
(18,25,true)
(19,25,false)
(20,25,false)
(21,25,false)
(32,25,false)
(34,25,false)
(42,25,false)
(46,25,false)
(49,25,false)
(51,25,false)
(54,25,false)
(59,25,false)
(61,25,true)
(69,25,true)
(73,25,true)
(79,25,true)
(83,25,true)
(87,25,true)
(91,25,true)
(93,25,true)
(99,25,true)
(1,26,true)
(3,26,false)
(5,26,false)
(14,26,false)
(18,26,false)
(19,26,false)
(20,26,false)
(22,26,false)
(23,26,false)
(26,26,false)
(36,26,false)
(39,26,false)
(41,26,false)
(43,26,false)
(44,26,false)
(45,26,false)
(47,26,false)
(49,26,false)
(54,26,false)
(55,26,false)
(56,26,false)
(60,26,true)
(61,26,true)
(64,26,true)
(67,26,true)
(68,26,true)
(71,26,true)
(72,26,true)
(74,26,true)
(75,26,true)
(79,26,true)
(80,26,true)
(81,26,true)
(83,26,true)
(86,26,true)
(87,26,true)
(89,26,true)
(97,26,false)

(32,1)
(24,12)
(4,7)
(1,6)
(36,14)
(31,25)
(30,26)
(99,13)
(53,8)
(60,1)
(55,23)
(50,4)
(36,4)
(21,4)
(31,7)
(5,15)
(20,21)
(65,25)
(22,15)
(22,7)
(19,3)
(76,25)
(9,26)
(19,15)
(76,10)
(72,24)
(40,22)
(97,7)
(27,17)
(84,2)
(61,8)
(47,12)
(10,1)
(76,11)
(89,21)
(80,14)
(31,26)
(74,17)
(93,2)
(40,11)
(8,19)
(62,4)
(11,10)
(36,12)
(99,11)
(35,17)
(78,9)
(36,18)
(80,4)
(38,12)
(47,23)
(4,15)
(94,21)
(51,22)
(28,2)
(28,1)
(6,6)
(36,8)
(22,12)
(25,20)
(96,25)
(18,4)
(7,13)
(28,6)
(2,3)
(71,5)
(4,3)
(96,7)
(63,13)
(31,17)
(71,15)
(81,21)
(60,12)
(0,18)
(75,14)
(88,18)
(50,16)
(22,4)
(79,12)
(16,12)
(2,13)
(44,17)
(55,25)
(55,12)
(49,19)
(22,20)
(9,25)
(23,25)
(5,8)
(4,26)
(13,7)
(78,10)
(9,21)
(36,6)
(4,12)
(62,1)
(64,11)
(20,11)
(92,4)
(47,6)
(21,2)
(99,20)
(66,14)
(45,14)
(19,23)
(78,19)
(71,8)
(17,21)
(48,9)
(11,1)
(15,0)
(40,10)
(60,19)
(35,24)
(23,2)
(48,6)
(68,11)
(43,25)
(15,5)
(68,24)
(47,4)
(87,8)
(9,6)
(56,5)
(44,4)
(40,2)
(2,25)
(67,15)
(69,21)
(55,24)
(20,24)
(92,24)
(5,13)
(44,6)
(74,21)
(21,12)
(41,8)
(49,0)
(17,23)
(18,7)
(60,11)
(53,16)
(40,18)
(8,10)
(63,17)
(62,12)
(99,4)
(25,24)
(64,20)
(92,13)
(16,16)
(71,13)
(32,7)
(33,25)
(90,14)
(30,8)
(15,18)
(11,11)
(34,2)
(62,14)
(96,16)
(20,10)
(38,21)
(21,21)
(71,19)
(62,15)
(89,7)
(25,26)
(62,13)
(78,15)
(94,15)
(1,17)
(95,17)
(62,17)
(12,0)
(66,10)
(70,11)
(67,24)
(93,16)
(70,2)
(58,6)
(15,11)
(99,19)
(65,21)
(38,2)
(54,21)
(13,3)
(68,9)
(8,7)
(44,2)
(39,5)
(6,21)
(93,14)
(17,16)
(81,22)
(52,21)
(14,21)
(19,2)
(24,4)
(3,4)
(10,3)
(56,22)
(31,22)
(34,17)
(71,9)
(14,18)
(74,8)
(48,16)
(35,10)
(8,17)
(10,18)
(76,17)
(13,17)
(64,14)
(51,5)
(4,16)
(26,7)
(35,3)
(3,11)
(4,21)
(98,17)
(4,10)
(84,3)
(87,4)
(34,9)
(35,6)
(30,20)
(92,7)
(20,22)
(82,5)
(89,23)
(34,20)
(58,4)
(11,12)
(28,22)
(75,10)
(20,15)
(84,14)
(91,14)
(72,7)
(64,21)
(45,11)
(75,7)
(45,4)
(91,12)
(65,23)
(8,13)
(58,13)
(49,4)
(74,10)
(24,0)
(97,23)
(1,4)
(83,18)
(80,20)
(28,8)
(97,8)
(55,9)
(87,17)
(20,3)
(98,2)
(58,24)
(53,11)
(48,15)
(96,26)
(4,13)
(1,11)
(23,16)
(29,23)
(8,14)
(29,9)
(53,15)
(51,3)
(59,16)
(52,3)
(69,4)
(19,11)
(28,10)
(90,19)
(15,22)
(10,26)
(44,1)
(34,6)
(57,7)
(35,14)
(53,24)
(62,2)
(81,15)
(99,5)
(76,2)
(36,17)
(57,21)
(50,6)
(86,11)
(82,22)
(70,12)
(88,13)
(46,12)
(0,13)
(45,8)
(22,25)
(90,0)
(41,23)
(4,14)
(37,10)
(58,3)
(99,9)
(92,18)
(50,10)
(34,15)
(17,13)
(3,8)
(62,11)
(61,3)
(65,5)
(9,19)
(84,20)
(47,20)
(61,24)
(9,4)
(73,5)
(82,9)
(93,13)
(50,0)
(92,21)
(64,3)
(0,25)
(51,9)
(85,26)
(21,8)
(23,24)
(48,26)
(3,9)
(33,6)
(83,23)
(63,18)
(42,19)
(8,12)
(79,13)
(33,14)
(80,9)
(99,15)
(49,5)
(38,22)
(58,9)
(77,0)
(59,17)
(67,8)
(91,21)
(0,3)
(79,22)
(58,11)
(10,13)
(17,25)
(23,9)
(9,13)
(80,1)
(21,11)
(47,18)
(43,20)
(14,12)
(60,21)
(77,13)
(70,14)
(62,8)
(45,6)
(82,14)
(45,21)
(0,0)
(54,2)
(50,8)
(55,7)
(66,5)
(65,0)
(56,14)
(71,24)
(23,17)
(97,20)
(66,13)
(3,18)
(69,16)
(16,14)
(1,1)
(72,9)
(14,25)
(53,2)
(83,2)
(54,13)
(44,10)
(78,3)
(13,5)
(18,21)
(0,8)
(99,0)
(53,12)
(67,12)
(16,4)
(93,8)
(7,0)
(80,23)
(94,12)
(12,19)
(18,19)
(65,26)
(46,5)
(39,15)
(7,7)
(94,4)
(23,3)
(99,14)
(69,19)
(68,5)
(40,21)
(48,22)
(93,20)
(7,4)
(34,21)
(12,12)
(33,17)
(31,16)
(51,6)
(59,5)
(32,26)
(37,16)
(14,22)
(28,18)
(7,22)
(73,26)
(14,11)
(33,16)
(74,18)
(78,21)
(8,22)
(88,22)
(28,17)
(16,22)
(26,11)
(70,21)
(95,21)
(16,1)
(6,16)
(1,25)
(52,7)
(15,7)
(94,11)
(18,20)
(15,13)
(79,18)
(28,24)
(61,0)
(56,0)
(30,19)
(62,10)
(34,3)
(41,19)
(66,4)
(92,20)
(73,23)
(31,24)
(53,20)
(40,19)
(77,20)
(96,17)
(52,18)
(2,1)
(41,24)
(96,5)
(58,10)
(9,14)
(89,9)
(81,4)
(12,21)
(23,7)
(18,8)
(31,11)
(38,24)
(61,19)
(82,6)
(27,18)
(44,13)
(80,15)
(11,5)
(69,6)
(20,8)
(52,16)
(47,16)
(67,9)
(25,10)
(71,3)
(75,12)
(56,9)
(97,17)
(21,24)
(39,7)
(1,15)
(80,12)
(96,4)
(85,8)
(96,18)
(53,23)
(36,2)
(42,14)
(10,22)
(64,16)
(46,3)
(67,23)
(8,21)
(61,11)
(45,7)
(7,20)
(91,20)
(80,16)
(43,17)
(88,26)
(0,26)
(54,19)
(15,15)
(0,22)
(72,21)
(20,14)
(98,26)
(25,25)
(94,6)
(19,5)
(85,5)
(36,23)
(20,18)
(58,17)
(14,7)
(98,8)
(85,3)
(84,24)
(56,2)
(94,19)
(78,6)
(86,6)
(93,7)
(37,25)
(63,11)
(3,16)
(57,13)
(33,12)
(98,23)
(59,8)
(28,25)
(84,15)
(34,14)
(70,4)
(94,22)
(66,2)
(46,7)
(12,8)
(60,7)
(61,2)
(43,8)
(52,11)
(18,9)
(23,6)
(31,21)
(55,8)
(11,17)
(79,24)
(85,25)
(9,20)
(59,13)
(40,6)
(77,7)
(44,7)
(90,2)
(18,2)
(4,6)
(52,15)
(42,7)
(14,4)
(61,10)
(35,26)
(85,11)
(67,11)
(47,8)
(90,16)
(35,7)
(5,19)
(39,22)
(92,5)
(84,23)
(45,24)
(58,16)
(94,26)
(62,21)
(76,7)
(69,12)
(94,14)
(13,20)
(88,15)
(66,11)
(42,26)
(24,16)
(2,5)
(79,8)
(23,23)
(73,10)
(80,25)
(99,18)
(11,19)
(91,8)
(39,0)
(52,19)
(5,18)
(70,9)
(88,25)
(41,22)
(24,5)
(12,18)
(74,1)
(73,11)
(48,3)
(62,19)
(20,19)
(19,24)
(71,11)
(59,14)
(58,23)
(87,2)
(37,6)
(69,24)
(90,7)
(78,2)
(3,20)
(19,17)
(34,23)
(56,20)
(23,8)
(4,11)
(88,17)
(29,6)
(98,14)
(45,13)
(70,13)
(73,9)
(74,23)
(41,9)
(40,16)
(2,2)
(72,5)
(75,6)
(50,26)
(95,9)
(37,17)
(35,16)
(64,2)
(62,5)
(77,16)
(64,22)
(65,3)
(10,2)
(26,24)
(42,15)
(32,19)
(53,18)
(1,24)
(20,23)
(27,7)
(77,5)
(83,11)
(71,18)
(9,12)
(83,17)
(86,23)
(37,5)
(29,5)
(12,7)
(52,2)
(38,19)
(86,7)
(95,10)
(36,22)
(19,20)
(81,7)
(13,16)
(2,16)
(86,12)
(73,18)
(14,23)
(91,16)
(27,8)
(42,17)
(26,16)
(12,14)
(68,25)
(66,1)
(23,19)
(12,6)
(8,26)
(1,7)
(81,16)
(3,13)
(18,15)
(91,4)
(61,16)
(97,21)
(0,12)
(74,3)
(75,21)
(40,7)
(49,15)
(70,24)
(42,24)
(35,12)
(32,9)
(75,9)
(26,9)
(97,15)
(45,16)
(17,17)
(60,6)
(62,16)
(8,20)
(13,10)
(0,16)
(14,6)
(33,8)
(47,19)
(42,9)
(68,10)
(52,10)
(25,23)
(42,8)
(78,7)
(80,6)
(7,14)
(42,6)
(68,23)
(52,22)
(33,9)
(46,26)
(51,23)
(77,18)
(11,18)
(32,23)
(64,24)
(9,9)
(86,8)
(30,4)
(12,25)
(84,22)
(33,4)
(71,14)
(78,20)
(56,7)
(86,21)
(64,25)
(35,15)
(92,26)
(56,23)
(52,13)
(31,8)
(63,15)
(37,26)
(29,19)
(71,23)
(19,8)
(57,1)
(98,21)
(74,25)
(48,5)
(77,12)
(18,12)
(64,9)
(8,8)
(14,16)
(14,15)
(81,24)
(67,22)
(96,23)
(3,5)
(47,2)
(99,26)
(6,1)
(19,22)
(61,1)
(24,17)
(98,20)
(34,24)
(73,13)
(76,26)
(3,19)
(13,25)
(62,26)
(5,25)
(69,0)
(27,13)
(76,21)
(93,23)
(90,20)
(91,1)
(10,24)
(51,12)
(59,2)
(6,25)
(80,19)
(15,12)
(0,17)
(49,20)
(88,24)
(32,24)
(18,3)
(23,13)
(15,17)
(72,10)
(79,20)
(30,5)
(56,17)
(77,23)
(78,5)
(17,20)
(82,21)
(9,15)
(74,5)
(12,20)
(54,15)
(79,10)
(64,10)
(17,26)
(33,10)
(73,16)
(45,9)
(19,7)
(39,18)
(19,19)
(26,2)
(83,1)
(21,13)
(5,2)
(69,22)
(58,22)
(49,2)
(59,18)
(98,25)
(25,5)
(83,15)
(69,13)
(58,20)
(8,16)
(36,19)
(97,25)
(19,9)
(62,18)
(98,4)
(81,17)
(66,18)
(38,16)
(42,10)
(86,25)
(74,6)
(59,21)
(32,5)
(65,7)
(61,5)
(13,18)
(64,8)
(40,17)
(77,26)
(9,24)
(49,12)
(8,18)
(26,12)
(66,17)
(76,14)
(10,9)
(9,22)
(95,12)
(65,8)
(61,4)
(4,9)
(3,6)
(37,7)
(78,18)
(89,1)
(40,15)
(85,4)
(53,4)
(97,9)
(40,25)
(7,9)
(43,15)
(83,7)
(24,10)
(81,14)
(31,9)
(23,21)
(42,23)
(3,24)
(34,7)
(60,23)
(83,13)
(28,15)
(54,4)
(42,12)
(97,10)
(16,9)
(67,7)
(3,2)
(59,9)
(30,15)
(31,19)
(42,13)
(39,10)
(91,26)
(69,17)
(22,14)
(42,16)
(47,13)
(33,7)
(85,23)
(89,25)
(57,12)
(62,25)
(27,22)
(93,24)
(8,25)
(9,11)
(78,14)
(19,13)
(16,17)
(88,16)
(58,25)
(42,22)
(50,9)
(29,4)
(80,18)
(42,18)
(83,24)
(60,22)
(75,20)
(38,20)
(40,5)
(17,7)
(87,13)
(63,2)
(33,24)
(51,20)
(62,9)
(93,6)
(13,19)
(22,3)
(15,2)
(16,2)
(54,10)
(13,1)
(69,26)
(37,11)
(74,20)
(65,16)
(64,19)
(78,8)
(33,18)
(9,7)
(64,17)
(65,20)
(0,24)
(9,23)
(53,10)
(13,22)
(28,11)
(56,15)
(85,22)
(6,26)
(56,8)
(18,13)
(61,14)
(99,16)
(1,21)
(34,11)
(87,10)
(54,7)
(27,26)
(47,24)
(13,12)
(49,18)
(14,20)
(22,23)
(89,18)
(27,21)
(72,20)
(53,0)
(29,25)
(41,14)
(13,14)
(12,4)
(13,24)
(14,13)
(56,24)
(50,18)
(62,22)
(92,19)
(89,24)
(96,11)
(51,26)
(32,20)
(11,26)
(98,19)
(25,6)
(31,20)
(26,21)
(81,10)
(48,21)
(78,25)
(28,26)
(16,18)
(67,14)
(97,3)
(10,23)
(44,23)
(2,22)
(78,16)
(73,8)
(75,19)
(12,24)
(22,17)
(46,24)
(70,15)
(95,13)
(31,3)
(18,14)
(68,19)
(54,9)
(70,25)
(10,5)
(37,24)
(45,25)
(97,19)
(17,22)
(43,16)
(4,20)
(39,4)
(49,14)
(32,8)
(32,18)
(6,4)
(98,15)
(92,22)
(96,6)
(43,7)
(34,22)
(73,12)
(51,19)
(13,4)
(97,11)
(96,12)
(34,18)
(76,22)
(93,19)
(31,15)
(79,14)
(58,18)
(50,15)
(71,12)
(51,24)
(56,18)
(38,18)
(77,9)
(15,24)
(24,23)
(44,5)
(74,24)
(58,14)
(66,21)
(84,16)
(79,5)
(88,19)
(84,25)
(12,2)
(44,22)
(60,24)
(68,18)
(65,13)
(13,26)
(86,9)
(82,24)
(63,22)
(96,8)
(36,7)
(70,26)
(11,8)
(68,8)
(47,21)
(97,4)
(13,13)
(7,26)
(48,20)
(68,12)
(49,3)
(93,26)
(53,25)
(22,24)
(38,23)
(57,5)
(12,22)
(79,6)
(71,25)
(68,21)
(53,26)
(41,15)
(73,21)
(56,1)
(74,15)
(76,15)
(83,19)
(77,6)
(37,8)
(57,11)
(67,21)
(28,21)
(11,6)
(97,14)
(66,26)
(47,17)
(66,16)
(40,24)
(67,4)
(81,0)
(81,25)
(74,11)
(54,11)
(75,13)
(91,13)
(41,3)
(49,23)
(82,4)
(84,26)
(91,22)
(94,8)
(40,23)
(55,22)
(56,11)
(77,22)
(51,21)
(70,0)
(79,23)
(7,21)
(71,21)
(86,16)
(11,16)
(55,3)
(51,10)
(99,21)
(38,11)
(53,14)
(5,14)
(87,11)
(99,7)
(58,26)
(46,19)
(99,2)
(23,15)
(78,12)
(6,12)
(63,19)
(67,10)
(43,21)
(39,25)
(94,18)
(53,9)
(70,23)
(1,16)
(73,17)
(97,12)
(1,3)
(82,12)
(35,25)
(4,18)
(95,23)
(78,26)
(96,20)
(89,2)
(57,20)
(24,26)
(91,11)
(51,16)
(2,9)
(56,16)
(78,23)
(98,13)
(15,21)
(94,25)
(58,5)
(35,20)
(82,15)
(78,24)
(37,23)
(5,16)
(31,10)
(78,13)
(91,17)
(91,7)
(86,20)
(69,23)
(49,9)
(77,17)
(10,10)
(55,19)
(57,26)
(29,13)
(15,6)
(41,11)
(81,23)
(4,24)
(24,24)
(58,19)
(37,9)
(40,26)
(4,22)
(41,25)
(18,22)
(41,17)
(27,2)
(43,11)
(59,12)
(61,9)
(31,23)
(89,8)
(35,21)
(70,5)
(96,19)
(26,17)
(25,4)
(55,10)
(90,6)
(70,17)
(52,25)
(57,24)
(67,25)
(95,26)
(63,25)
(60,17)
(68,16)
(34,16)
(68,20)
(54,17)
(26,3)
(54,12)
(55,1)
(12,16)
(52,26)
(34,26)
(7,17)
(37,13)
(67,18)
(93,11)
(18,24)
(17,1)
(84,13)
(66,19)
(99,24)
(87,5)
(84,21)
(83,20)
(87,3)
(17,15)
(33,26)
(45,18)
(67,13)
(61,20)
(60,10)
(36,25)
(97,13)
(72,18)
(30,22)
(85,13)
(31,14)
(6,14)
(15,23)
(26,10)
(50,14)
(30,17)
(70,19)
(83,22)
(57,3)
(77,25)
(25,14)
(1,18)
(7,5)
(36,11)
(19,14)
(33,15)
(17,6)
(98,12)
(27,23)
(26,20)
(67,16)
(27,20)
(93,21)
(98,11)
(65,6)
(38,25)
(56,19)
(7,24)
(7,23)
(54,0)
(92,25)
(38,6)
(22,16)
(14,24)
(68,13)
(94,9)
(95,6)
(94,23)
(75,18)
(33,20)
(1,20)
(38,10)
(15,9)
(89,15)
(86,10)
(56,25)
(43,18)
(48,24)
(50,25)
(46,11)
(16,10)
(87,19)
(87,14)
(28,20)
(90,17)
(97,24)
(68,17)
(48,10)
(26,19)
(94,1)
(79,19)
(92,15)
(15,10)
(17,9)
(72,25)
(30,24)
(25,13)
(50,11)
(88,21)
(27,25)
(10,19)
(12,17)
(27,16)
(51,11)
(10,15)
(61,13)
(30,21)
(61,22)
(26,14)
(66,25)
(12,9)
(82,2)
(37,14)
(57,9)
(44,25)
(38,26)
(44,12)
(95,25)
(52,6)
(66,9)
(93,12)
(60,25)
(86,19)
(43,19)
(15,25)
(68,15)
(87,22)
(89,22)
(95,3)
(82,25)
(29,26)
(94,13)
(30,10)
(94,7)
(38,8)
(37,18)
(21,22)
(75,5)
(6,20)
(35,19)
(82,26)
(82,7)
(77,21)
(26,23)
(82,18)
(75,23)
(12,10)
(82,23)
(11,13)
(87,12)
(66,15)
(5,3)
(93,22)
(88,20)
(85,17)
(24,25)
(82,20)
(60,14)
(89,19)
(26,8)
(46,6)
(21,19)
(57,23)
(37,21)
(21,7)
(12,26)
(29,16)
(36,20)
(90,8)
(55,13)
(28,13)
(37,19)
(90,12)
(26,25)
(36,21)
(48,19)
(29,7)
(60,20)
(89,20)
(24,21)
(57,25)
(50,7)
(5,22)
(36,24)
(96,21)
(30,25)
(26,13)
(55,14)
(15,19)
(95,24)
(30,9)
(24,14)
(11,14)
(49,17)
(47,22)
(66,12)
(49,11)
(66,24)
(21,26)
(24,13)
(10,6)
(30,11)
(87,21)
(72,17)
(69,11)
(2,15)
(46,23)
(5,20)
(57,19)
(77,19)
(75,8)
(45,3)
(69,7)
(57,17)
(49,16)
(77,24)
(48,25)
(50,23)
(17,11)
(49,22)
(54,14)
(72,11)
(74,22)
(85,2)
(48,7)
(75,25)
(21,14)
(69,18)
(30,16)
(59,20)
(95,14)
(25,8)
(28,23)
(2,12)
(5,5)
(15,26)
(85,7)
(85,1)
(79,17)
(74,16)
(48,11)
(72,6)
(2,24)
(6,22)
(2,26)
(75,15)
(25,1)
(87,7)
(85,12)
(63,7)
(59,24)
(65,22)
(17,12)
(75,24)
(65,11)
(46,8)
(85,20)
(65,24)
(89,14)
(75,11)
(39,23)
