100 Users
41 Files
2500 Transactions
2 Maximum Connections
1 Cycle Length per Upload-Download
0 Warm-up Transactions
0.400000 Zipf constant
5 Pre-Trusted Users
60 Well-Behaved (Good) Users
40 Purely Malicious Users
0 Feedback Skewing Users
0 Malignant Providing Users
0 Disguised Malicous Users
0 Sybil Attack Users
true Intelligent Trans. Generation
1561006768956 Trace Generation Seed

(0.043718,0.000000,1,false)
(0.019559,0.000000,1,false)
(0.062830,0.000000,1,false)
(0.049538,0.000000,1,false)
(0.084640,0.000000,1,false)
(0.072331,0.000000,1,false)
(0.039137,0.000000,1,false)
(0.021754,0.000000,1,false)
(0.015529,0.000000,1,false)
(0.065951,0.000000,1,false)
(0.090814,0.000000,1,false)
(0.082055,0.000000,1,false)
(0.039755,0.000000,1,false)
(0.061758,0.000000,1,false)
(0.094671,0.000000,1,false)
(0.073140,0.000000,1,false)
(0.077728,0.000000,1,false)
(0.090113,0.000000,1,false)
(0.012204,0.000000,1,false)
(0.099634,0.000000,1,false)
(0.002899,0.000000,1,false)
(0.051762,0.000000,1,false)
(0.031455,0.000000,1,false)
(0.035657,0.000000,1,false)
(0.038325,0.000000,1,false)
(0.041929,0.000000,1,false)
(0.009646,0.000000,1,false)
(0.018748,0.000000,1,false)
(0.080976,0.000000,1,false)
(0.094914,0.000000,1,false)
(0.038888,0.000000,1,false)
(0.041231,0.000000,1,false)
(0.000732,0.000000,1,false)
(0.074387,0.000000,1,false)
(0.088614,0.000000,1,false)
(0.091598,0.000000,1,false)
(0.068924,0.000000,1,false)
(0.015133,0.000000,1,false)
(0.087835,0.000000,1,false)
(0.043160,0.000000,1,false)
(0.992668,1.000000,0,true)
(0.944281,1.000000,0,true)
(0.902059,1.000000,0,true)
(0.965092,1.000000,0,true)
(0.987327,1.000000,0,true)
(0.911652,1.000000,0,false)
(0.907524,1.000000,0,false)
(0.959546,1.000000,0,false)
(0.996049,1.000000,0,false)
(0.907881,1.000000,0,false)
(0.995830,1.000000,0,false)
(0.925094,1.000000,0,false)
(0.939611,1.000000,0,false)
(0.991040,1.000000,0,false)
(0.978522,1.000000,0,false)
(0.953340,1.000000,0,false)
(0.933744,1.000000,0,false)
(0.932274,1.000000,0,false)
(0.983012,1.000000,0,false)
(0.978651,1.000000,0,false)
(0.944479,1.000000,0,false)
(0.938768,1.000000,0,false)
(0.931746,1.000000,0,false)
(0.971430,1.000000,0,false)
(0.945922,1.000000,0,false)
(0.966532,1.000000,0,false)
(0.912000,1.000000,0,false)
(0.991493,1.000000,0,false)
(0.949832,1.000000,0,false)
(0.960232,1.000000,0,false)
(0.984930,1.000000,0,false)
(0.934799,1.000000,0,false)
(0.915301,1.000000,0,false)
(0.998549,1.000000,0,false)
(0.969879,1.000000,0,false)
(0.934019,1.000000,0,false)
(0.957722,1.000000,0,false)
(0.911795,1.000000,0,false)
(0.949217,1.000000,0,false)
(0.997573,1.000000,0,false)
(0.958902,1.000000,0,false)
(0.973506,1.000000,0,false)
(0.970163,1.000000,0,false)
(0.992741,1.000000,0,false)
(0.934800,1.000000,0,false)
(0.949736,1.000000,0,false)
(0.973047,1.000000,0,false)
(0.996328,1.000000,0,false)
(0.943816,1.000000,0,false)
(0.918517,1.000000,0,false)
(0.950381,1.000000,0,false)
(0.951118,1.000000,0,false)
(0.916902,1.000000,0,false)
(0.947693,1.000000,0,false)
(0.937885,1.000000,0,false)
(0.977963,1.000000,0,false)
(0.960980,1.000000,0,false)
(0.941840,1.000000,0,false)
(0.957262,1.000000,0,false)
(0.901863,1.000000,0,false)

(0,0,false)
(1,0,false)
(4,0,true)
(5,0,false)
(6,0,false)
(7,0,false)
(8,0,false)
(9,0,false)
(10,0,false)
(11,0,false)
(13,0,false)
(14,0,false)
(15,0,false)
(16,0,false)
(17,0,false)
(18,0,false)
(19,0,false)
(20,0,false)
(21,0,false)
(22,0,false)
(24,0,false)
(27,0,false)
(29,0,false)
(30,0,false)
(31,0,false)
(32,0,false)
(33,0,false)
(35,0,true)
(36,0,false)
(37,0,false)
(38,0,false)
(39,0,false)
(41,0,false)
(42,0,true)
(43,0,true)
(45,0,true)
(46,0,true)
(47,0,true)
(49,0,true)
(50,0,true)
(52,0,true)
(53,0,true)
(56,0,true)
(57,0,false)
(58,0,true)
(59,0,true)
(61,0,true)
(62,0,true)
(63,0,true)
(64,0,true)
(65,0,true)
(66,0,true)
(68,0,true)
(69,0,true)
(70,0,true)
(71,0,true)
(72,0,true)
(73,0,true)
(74,0,true)
(75,0,true)
(77,0,true)
(78,0,true)
(80,0,false)
(81,0,true)
(82,0,true)
(84,0,true)
(85,0,true)
(86,0,true)
(88,0,true)
(89,0,true)
(92,0,true)
(93,0,true)
(94,0,true)
(95,0,true)
(96,0,true)
(97,0,true)
(98,0,true)
(0,1,false)
(3,1,false)
(4,1,false)
(5,1,false)
(7,1,false)
(8,1,false)
(9,1,false)
(10,1,false)
(11,1,false)
(12,1,false)
(13,1,false)
(15,1,false)
(18,1,false)
(19,1,true)
(20,1,false)
(21,1,false)
(23,1,false)
(24,1,false)
(25,1,false)
(28,1,false)
(34,1,false)
(35,1,false)
(37,1,false)
(39,1,false)
(40,1,true)
(41,1,false)
(44,1,true)
(45,1,true)
(46,1,true)
(48,1,true)
(49,1,true)
(51,1,true)
(52,1,true)
(54,1,true)
(55,1,true)
(56,1,true)
(57,1,true)
(58,1,true)
(62,1,true)
(63,1,false)
(65,1,true)
(68,1,true)
(70,1,true)
(71,1,false)
(72,1,true)
(74,1,true)
(76,1,true)
(77,1,true)
(78,1,true)
(79,1,true)
(81,1,true)
(85,1,true)
(88,1,true)
(89,1,false)
(90,1,true)
(92,1,true)
(95,1,true)
(96,1,true)
(97,1,false)
(98,1,true)
(99,1,true)
(0,2,false)
(1,2,false)
(2,2,false)
(3,2,false)
(4,2,false)
(5,2,false)
(8,2,false)
(9,2,true)
(12,2,false)
(13,2,false)
(15,2,true)
(16,2,false)
(18,2,false)
(20,2,false)
(21,2,false)
(23,2,false)
(24,2,false)
(25,2,true)
(27,2,false)
(29,2,false)
(30,2,false)
(31,2,false)
(32,2,false)
(33,2,false)
(34,2,false)
(35,2,false)
(37,2,false)
(38,2,false)
(39,2,false)
(40,2,true)
(41,2,true)
(43,2,true)
(44,2,true)
(45,2,true)
(46,2,true)
(48,2,true)
(51,2,true)
(52,2,true)
(54,2,true)
(55,2,true)
(59,2,true)
(62,2,true)
(63,2,true)
(67,2,true)
(68,2,true)
(72,2,true)
(77,2,true)
(78,2,true)
(82,2,true)
(83,2,true)
(86,2,true)
(87,2,true)
(88,2,true)
(89,2,true)
(90,2,true)
(91,2,true)
(92,2,true)
(94,2,true)
(97,2,true)
(98,2,true)
(0,3,false)
(1,3,false)
(3,3,false)
(5,3,false)
(7,3,false)
(8,3,false)
(13,3,false)
(14,3,false)
(15,3,false)
(16,3,false)
(18,3,false)
(21,3,false)
(25,3,false)
(31,3,false)
(32,3,false)
(33,3,true)
(34,3,false)
(35,3,false)
(36,3,false)
(37,3,false)
(38,3,false)
(41,3,true)
(43,3,true)
(44,3,true)
(45,3,true)
(46,3,true)
(48,3,true)
(52,3,true)
(53,3,true)
(55,3,true)
(57,3,true)
(58,3,true)
(59,3,true)
(60,3,true)
(61,3,true)
(62,3,true)
(68,3,true)
(69,3,true)
(70,3,true)
(72,3,true)
(76,3,true)
(77,3,true)
(79,3,true)
(80,3,true)
(81,3,true)
(83,3,false)
(89,3,true)
(90,3,true)
(91,3,true)
(92,3,true)
(94,3,true)
(95,3,true)
(96,3,true)
(97,3,true)
(2,4,false)
(4,4,true)
(5,4,false)
(6,4,false)
(8,4,false)
(9,4,false)
(14,4,false)
(15,4,false)
(16,4,false)
(21,4,false)
(25,4,false)
(29,4,false)
(30,4,false)
(31,4,false)
(32,4,false)
(34,4,true)
(35,4,false)
(36,4,false)
(38,4,false)
(39,4,false)
(40,4,true)
(41,4,true)
(42,4,true)
(44,4,true)
(45,4,false)
(46,4,true)
(49,4,true)
(52,4,true)
(53,4,true)
(56,4,true)
(57,4,true)
(60,4,true)
(65,4,true)
(69,4,true)
(70,4,true)
(71,4,false)
(72,4,true)
(74,4,true)
(75,4,true)
(76,4,true)
(79,4,true)
(80,4,true)
(81,4,true)
(82,4,true)
(83,4,true)
(84,4,true)
(85,4,true)
(87,4,true)
(92,4,true)
(93,4,true)
(94,4,true)
(96,4,true)
(99,4,true)
(2,5,false)
(3,5,false)
(5,5,false)
(7,5,false)
(8,5,false)
(11,5,false)
(13,5,true)
(15,5,false)
(20,5,false)
(22,5,false)
(23,5,false)
(25,5,false)
(27,5,false)
(29,5,false)
(33,5,false)
(37,5,false)
(42,5,false)
(43,5,true)
(45,5,true)
(47,5,true)
(48,5,true)
(52,5,true)
(54,5,true)
(55,5,true)
(56,5,true)
(58,5,true)
(64,5,true)
(65,5,true)
(66,5,true)
(72,5,true)
(73,5,true)
(76,5,true)
(77,5,false)
(79,5,true)
(89,5,true)
(90,5,true)
(92,5,true)
(93,5,true)
(97,5,true)
(98,5,true)
(1,6,false)
(3,6,false)
(6,6,false)
(7,6,false)
(12,6,false)
(13,6,false)
(18,6,false)
(19,6,false)
(20,6,false)
(21,6,false)
(23,6,false)
(25,6,false)
(26,6,false)
(27,6,false)
(32,6,false)
(33,6,false)
(34,6,false)
(37,6,false)
(39,6,false)
(42,6,true)
(43,6,true)
(45,6,true)
(49,6,true)
(50,6,true)
(52,6,true)
(53,6,true)
(54,6,true)
(55,6,true)
(56,6,true)
(60,6,true)
(62,6,true)
(67,6,true)
(70,6,true)
(71,6,true)
(72,6,true)
(73,6,true)
(74,6,true)
(75,6,true)
(76,6,true)
(77,6,true)
(78,6,true)
(80,6,true)
(83,6,true)
(86,6,true)
(89,6,true)
(92,6,true)
(93,6,true)
(94,6,true)
(95,6,false)
(96,6,true)
(97,6,true)
(98,6,true)
(99,6,true)
(4,7,false)
(5,7,false)
(6,7,false)
(8,7,false)
(9,7,false)
(10,7,false)
(15,7,false)
(18,7,false)
(21,7,false)
(22,7,false)
(23,7,false)
(24,7,false)
(25,7,false)
(30,7,false)
(31,7,false)
(32,7,false)
(33,7,false)
(35,7,false)
(36,7,false)
(38,7,false)
(39,7,false)
(41,7,true)
(43,7,true)
(45,7,true)
(46,7,true)
(50,7,true)
(52,7,true)
(53,7,true)
(54,7,true)
(55,7,true)
(59,7,true)
(72,7,true)
(74,7,true)
(79,7,true)
(86,7,true)
(90,7,true)
(91,7,true)
(92,7,true)
(93,7,true)
(94,7,true)
(95,7,true)
(96,7,true)
(99,7,true)
(0,8,false)
(2,8,false)
(5,8,false)
(6,8,true)
(8,8,false)
(12,8,false)
(13,8,false)
(14,8,false)
(18,8,false)
(21,8,false)
(23,8,false)
(24,8,false)
(28,8,false)
(30,8,false)
(32,8,false)
(45,8,true)
(50,8,true)
(51,8,true)
(58,8,true)
(61,8,true)
(62,8,true)
(64,8,true)
(66,8,true)
(67,8,true)
(74,8,true)
(75,8,true)
(77,8,true)
(79,8,true)
(83,8,true)
(86,8,true)
(90,8,true)
(92,8,true)
(96,8,true)
(97,8,true)
(98,8,true)
(8,9,false)
(9,9,false)
(19,9,false)
(21,9,false)
(23,9,false)
(25,9,false)
(26,9,false)
(27,9,false)
(30,9,false)
(36,9,false)
(38,9,false)
(39,9,false)
(43,9,true)
(48,9,true)
(50,9,true)
(51,9,true)
(53,9,true)
(54,9,true)
(57,9,true)
(60,9,true)
(61,9,true)
(62,9,true)
(68,9,true)
(69,9,true)
(70,9,true)
(71,9,true)
(73,9,true)
(76,9,true)
(78,9,true)
(80,9,true)
(82,9,true)
(83,9,true)
(85,9,false)
(86,9,true)
(89,9,true)
(90,9,true)
(91,9,true)
(93,9,true)
(96,9,true)
(97,9,true)
(0,10,false)
(5,10,false)
(6,10,false)
(7,10,false)
(16,10,false)
(19,10,false)
(22,10,false)
(23,10,false)
(24,10,false)
(26,10,false)
(29,10,false)
(31,10,false)
(32,10,false)
(33,10,false)
(36,10,true)
(38,10,false)
(39,10,false)
(44,10,true)
(49,10,true)
(50,10,true)
(53,10,true)
(58,10,true)
(63,10,true)
(67,10,true)
(70,10,true)
(72,10,true)
(74,10,true)
(78,10,true)
(81,10,true)
(82,10,true)
(84,10,true)
(90,10,true)
(91,10,true)
(93,10,true)
(95,10,true)
(0,11,false)
(2,11,false)
(6,11,false)
(21,11,false)
(22,11,false)
(24,11,false)
(26,11,false)
(29,11,false)
(31,11,false)
(37,11,false)
(39,11,false)
(40,11,true)
(43,11,true)
(47,11,true)
(48,11,true)
(51,11,true)
(53,11,true)
(54,11,true)
(62,11,true)
(66,11,true)
(68,11,true)
(69,11,true)
(74,11,true)
(78,11,true)
(79,11,true)
(83,11,true)
(85,11,true)
(87,11,true)
(90,11,true)
(99,11,true)
(0,12,false)
(1,12,false)
(3,12,false)
(7,12,false)
(12,12,false)
(13,12,false)
(18,12,false)
(19,12,false)
(20,12,false)
(22,12,false)
(26,12,false)
(32,12,false)
(34,12,false)
(40,12,true)
(44,12,true)
(45,12,true)
(56,12,false)
(60,12,true)
(62,12,true)
(64,12,true)
(69,12,true)
(71,12,true)
(73,12,true)
(74,12,true)
(76,12,true)
(79,12,true)
(81,12,false)
(86,12,true)
(87,12,true)
(90,12,true)
(91,12,true)
(95,12,true)
(96,12,true)
(97,12,true)
(99,12,true)
(0,13,false)
(4,13,false)
(7,13,false)
(11,13,false)
(14,13,false)
(17,13,false)
(20,13,false)
(27,13,false)
(32,13,false)
(36,13,false)
(37,13,false)
(38,13,false)
(41,13,true)
(47,13,true)
(66,13,true)
(70,13,true)
(75,13,true)
(76,13,true)
(82,13,true)
(85,13,true)
(86,13,true)
(89,13,true)
(93,13,true)
(94,13,true)
(96,13,true)
(98,13,true)
(1,14,false)
(3,14,false)
(8,14,false)
(9,14,false)
(13,14,false)
(19,14,false)
(21,14,false)
(35,14,false)
(36,14,false)
(40,14,true)
(44,14,true)
(46,14,true)
(50,14,true)
(59,14,true)
(60,14,true)
(68,14,true)
(70,14,true)
(72,14,true)
(73,14,true)
(74,14,true)
(77,14,true)
(79,14,true)
(82,14,true)
(84,14,true)
(85,14,true)
(88,14,true)
(93,14,true)
(96,14,true)
(99,14,true)
(3,15,false)
(5,15,false)
(7,15,false)
(8,15,false)
(10,15,false)
(18,15,false)
(21,15,false)
(22,15,false)
(25,15,false)
(27,15,false)
(29,15,false)
(30,15,false)
(34,15,false)
(46,15,true)
(54,15,true)
(61,15,true)
(67,15,true)
(69,15,true)
(73,15,true)
(79,15,true)
(82,15,true)
(83,15,true)
(86,15,true)
(94,15,true)
(96,15,true)
(2,16,false)
(5,16,false)
(12,16,false)
(27,16,false)
(34,16,false)
(42,16,true)
(43,16,true)
(45,16,true)
(48,16,true)
(51,16,true)
(55,16,true)
(58,16,true)
(63,16,true)
(66,16,true)
(70,16,true)
(71,16,true)
(73,16,true)
(74,16,true)
(80,16,true)
(83,16,true)
(85,16,true)
(86,16,true)
(87,16,true)
(97,16,true)
(98,16,true)
(2,17,false)
(4,17,false)
(6,17,false)
(12,17,false)
(13,17,false)
(15,17,false)
(20,17,false)
(21,17,false)
(26,17,false)
(30,17,false)
(32,17,false)
(33,17,false)
(38,17,false)
(41,17,true)
(45,17,true)
(49,17,true)
(51,17,true)
(54,17,true)
(55,17,true)
(59,17,true)
(61,17,true)
(65,17,true)
(66,17,true)
(72,17,true)
(74,17,true)
(80,17,true)
(89,17,true)
(90,17,true)
(94,17,true)
(95,17,true)
(97,17,false)
(5,18,false)
(10,18,false)
(15,18,false)
(18,18,false)
(19,18,false)
(21,18,false)
(22,18,false)
(25,18,false)
(31,18,false)
(34,18,false)
(36,18,false)
(40,18,true)
(43,18,true)
(47,18,true)
(58,18,true)
(59,18,true)
(60,18,false)
(62,18,false)
(63,18,true)
(67,18,true)
(70,18,true)
(71,18,true)
(74,18,true)
(77,18,true)
(84,18,true)
(87,18,true)
(90,18,true)
(96,18,true)
(98,18,true)
(2,19,false)
(3,19,false)
(7,19,false)
(10,19,false)
(17,19,true)
(22,19,false)
(26,19,false)
(29,19,false)
(31,19,false)
(33,19,false)
(36,19,false)
(39,19,false)
(42,19,false)
(49,19,true)
(63,19,true)
(65,19,true)
(69,19,true)
(74,19,true)
(78,19,true)
(81,19,true)
(85,19,true)
(87,19,true)
(89,19,true)
(93,19,true)
(94,19,true)
(95,19,true)
(97,19,true)
(2,20,false)
(3,20,false)
(8,20,false)
(10,20,false)
(11,20,false)
(12,20,false)
(13,20,false)
(23,20,false)
(27,20,false)
(29,20,false)
(30,20,false)
(34,20,false)
(39,20,false)
(44,20,true)
(45,20,true)
(46,20,true)
(47,20,false)
(48,20,true)
(50,20,true)
(51,20,true)
(57,20,true)
(59,20,true)
(63,20,true)
(67,20,true)
(71,20,true)
(72,20,false)
(73,20,true)
(74,20,true)
(75,20,true)
(77,20,false)
(84,20,true)
(86,20,true)
(88,20,true)
(94,20,true)
(96,20,true)
(99,20,true)
(4,21,false)
(16,21,false)
(17,21,true)
(21,21,false)
(22,21,false)
(23,21,false)
(24,21,false)
(27,21,false)
(33,21,false)
(40,21,true)
(42,21,true)
(43,21,true)
(46,21,true)
(48,21,true)
(49,21,true)
(53,21,true)
(58,21,true)
(61,21,true)
(63,21,true)
(64,21,true)
(68,21,true)
(73,21,true)
(78,21,true)
(81,21,true)
(84,21,true)
(87,21,true)
(88,21,false)
(91,21,true)
(94,21,true)
(2,22,false)
(5,22,false)
(13,22,false)
(19,22,false)
(21,22,false)
(24,22,false)
(25,22,false)
(29,22,false)
(46,22,true)
(50,22,true)
(53,22,true)
(60,22,true)
(70,22,true)
(71,22,true)
(86,22,true)
(89,22,true)
(93,22,true)
(95,22,true)
(97,22,true)
(2,23,false)
(3,23,false)
(4,23,false)
(5,23,false)
(9,23,false)
(16,23,false)
(18,23,false)
(19,23,true)
(20,23,false)
(24,23,false)
(25,23,false)
(27,23,false)
(29,23,false)
(30,23,false)
(31,23,false)
(33,23,false)
(42,23,true)
(44,23,true)
(49,23,true)
(52,23,true)
(58,23,true)
(61,23,true)
(62,23,true)
(64,23,true)
(65,23,true)
(68,23,true)
(69,23,true)
(70,23,true)
(75,23,true)
(78,23,true)
(80,23,true)
(84,23,true)
(88,23,true)
(89,23,true)
(95,23,true)
(3,24,false)
(5,24,false)
(11,24,false)
(12,24,false)
(14,24,false)
(19,24,false)
(20,24,false)
(21,24,false)
(33,24,false)
(35,24,false)
(45,24,true)
(50,24,true)
(52,24,true)
(56,24,true)
(71,24,false)
(77,24,true)
(80,24,true)
(88,24,true)
(91,24,true)
(93,24,true)
(99,24,false)
(0,25,false)
(1,25,false)
(5,25,false)
(8,25,false)
(11,25,false)
(17,25,false)
(20,25,false)
(26,25,false)
(38,25,false)
(40,25,true)
(44,25,true)
(45,25,true)
(49,25,true)
(54,25,true)
(57,25,true)
(58,25,true)
(62,25,true)
(65,25,true)
(69,25,true)
(78,25,true)
(79,25,true)
(80,25,true)
(83,25,true)
(87,25,true)
(89,25,true)
(90,25,true)
(93,25,true)
(95,25,true)
(97,25,true)
(0,26,false)
(3,26,false)
(4,26,false)
(22,26,false)
(24,26,false)
(29,26,false)
(42,26,true)
(48,26,true)
(52,26,true)
(53,26,true)
(56,26,true)
(58,26,true)
(59,26,true)
(63,26,true)
(69,26,true)
(70,26,true)
(71,26,true)
(77,26,true)
(84,26,true)
(86,26,true)
(88,26,true)
(89,26,true)
(91,26,true)
(92,26,true)
(93,26,true)
(94,26,true)
(0,27,false)
(1,27,false)
(7,27,false)
(8,27,false)
(10,27,false)
(17,27,false)
(23,27,false)
(24,27,false)
(26,27,false)
(29,27,false)
(30,27,false)
(31,27,false)
(36,27,false)
(37,27,false)
(43,27,true)
(55,27,true)
(56,27,true)
(58,27,true)
(61,27,true)
(63,27,true)
(65,27,true)
(69,27,true)
(70,27,true)
(71,27,true)
(80,27,true)
(81,27,true)
(86,27,true)
(91,27,true)
(92,27,true)
(94,27,true)
(99,27,true)
(2,28,false)
(3,28,false)
(6,28,false)
(7,28,false)
(9,28,true)
(10,28,false)
(20,28,false)
(24,28,false)
(26,28,false)
(34,28,false)
(35,28,true)
(36,28,false)
(37,28,false)
(38,28,true)
(39,28,false)
(40,28,true)
(42,28,true)
(46,28,true)
(50,28,true)
(51,28,false)
(52,28,true)
(56,28,true)
(63,28,true)
(64,28,true)
(73,28,true)
(74,28,true)
(79,28,true)
(84,28,true)
(90,28,true)
(97,28,true)
(98,28,true)
(99,28,true)
(6,29,false)
(8,29,false)
(10,29,false)
(14,29,false)
(15,29,false)
(17,29,false)
(18,29,false)
(19,29,true)
(23,29,false)
(33,29,false)
(36,29,false)
(37,29,false)
(38,29,false)
(41,29,true)
(42,29,true)
(47,29,true)
(58,29,true)
(71,29,true)
(77,29,false)
(79,29,true)
(80,29,true)
(81,29,true)
(82,29,true)
(83,29,true)
(84,29,true)
(86,29,true)
(89,29,true)
(93,29,true)
(99,29,true)
(0,30,false)
(6,30,false)
(7,30,false)
(18,30,false)
(22,30,false)
(23,30,false)
(24,30,false)
(27,30,false)
(37,30,false)
(42,30,true)
(44,30,true)
(46,30,true)
(49,30,true)
(54,30,true)
(55,30,true)
(58,30,true)
(62,30,true)
(66,30,true)
(69,30,true)
(74,30,true)
(76,30,true)
(82,30,true)
(86,30,true)
(89,30,true)
(93,30,true)
(98,30,true)
(7,31,false)
(13,31,false)
(14,31,false)
(21,31,false)
(22,31,false)
(23,31,false)
(24,31,false)
(29,31,false)
(46,31,true)
(48,31,true)
(49,31,true)
(50,31,true)
(51,31,true)
(53,31,true)
(58,31,true)
(61,31,true)
(62,31,true)
(64,31,true)
(65,31,true)
(70,31,true)
(71,31,true)
(73,31,true)
(76,31,true)
(77,31,true)
(88,31,true)
(92,31,true)
(96,31,true)
(8,32,false)
(9,32,false)
(11,32,false)
(12,32,true)
(17,32,false)
(19,32,false)
(20,32,false)
(21,32,false)
(22,32,false)
(23,32,false)
(26,32,false)
(27,32,false)
(28,32,false)
(41,32,true)
(44,32,true)
(45,32,true)
(51,32,true)
(57,32,true)
(65,32,true)
(70,32,true)
(71,32,true)
(73,32,true)
(78,32,true)
(79,32,true)
(81,32,true)
(82,32,true)
(85,32,true)
(86,32,true)
(89,32,true)
(95,32,true)
(1,33,false)
(8,33,false)
(14,33,false)
(18,33,false)
(26,33,false)
(28,33,false)
(29,33,false)
(44,33,true)
(49,33,true)
(55,33,true)
(56,33,true)
(67,33,true)
(80,33,true)
(82,33,true)
(92,33,true)
(95,33,true)
(96,33,true)
(98,33,true)
(99,33,true)
(1,34,false)
(2,34,false)
(3,34,false)
(7,34,false)
(9,34,false)
(10,34,false)
(14,34,true)
(15,34,false)
(16,34,false)
(20,34,false)
(26,34,false)
(29,34,false)
(36,34,false)
(38,34,false)
(41,34,true)
(42,34,false)
(45,34,true)
(50,34,true)
(54,34,true)
(60,34,false)
(61,34,true)
(63,34,true)
(64,34,true)
(70,34,true)
(79,34,true)
(80,34,true)
(93,34,true)
(95,34,true)
(99,34,true)
(5,35,false)
(7,35,false)
(9,35,false)
(10,35,false)
(13,35,false)
(18,35,false)
(31,35,false)
(67,35,true)
(68,35,true)
(69,35,true)
(73,35,true)
(77,35,true)
(78,35,true)
(87,35,true)
(89,35,false)
(92,35,true)
(0,36,false)
(2,36,false)
(4,36,false)
(5,36,false)
(10,36,false)
(15,36,false)
(24,36,false)
(28,36,false)
(37,36,false)
(39,36,false)
(42,36,true)
(44,36,true)
(52,36,true)
(56,36,true)
(57,36,true)
(62,36,true)
(64,36,true)
(65,36,true)
(71,36,true)
(74,36,true)
(75,36,true)
(82,36,true)
(84,36,true)
(85,36,false)
(88,36,true)
(90,36,true)
(96,36,true)
(0,37,false)
(1,37,false)
(2,37,false)
(3,37,false)
(10,37,false)
(14,37,false)
(16,37,false)
(18,37,false)
(29,37,true)
(34,37,false)
(38,37,false)
(42,37,true)
(44,37,true)
(50,37,true)
(58,37,true)
(62,37,true)
(65,37,true)
(84,37,true)
(87,37,true)
(88,37,true)
(93,37,true)
(0,38,false)
(6,38,false)
(10,38,false)
(12,38,false)
(14,38,false)
(16,38,false)
(26,38,false)
(36,38,false)
(41,38,true)
(43,38,true)
(46,38,true)
(50,38,true)
(63,38,true)
(66,38,true)
(67,38,true)
(70,38,true)
(72,38,true)
(78,38,true)
(82,38,true)
(83,38,true)
(84,38,true)
(92,38,true)
(98,38,true)
(99,38,true)
(10,39,true)
(11,39,false)
(22,39,true)
(25,39,false)
(28,39,false)
(29,39,false)
(30,39,false)
(34,39,false)
(44,39,true)
(47,39,true)
(48,39,true)
(49,39,true)
(52,39,true)
(63,39,false)
(69,39,true)
(72,39,true)
(75,39,true)
(76,39,true)
(79,39,true)
(85,39,true)
(86,39,true)
(91,39,true)
(98,39,true)
(4,40,false)
(16,40,false)
(18,40,false)
(20,40,false)
(23,40,false)
(28,40,false)
(30,40,false)
(31,40,false)
(32,40,false)
(34,40,false)
(36,40,false)
(43,40,true)
(51,40,true)
(60,40,true)
(81,40,true)
(97,40,true)
(99,40,true)

(29,16)
(52,19)
(66,32)
(48,14)
(11,11)
(98,27)
(61,40)
(19,4)
(63,12)
(28,22)
(71,11)
(7,22)
(79,0)
(15,30)
(70,40)
(10,24)
(22,25)
(45,18)
(34,21)
(22,16)
(28,16)
(46,34)
(19,39)
(1,31)
(16,15)
(38,23)
(17,33)
(10,21)
(3,13)
(28,4)
(87,24)
(43,19)
(0,5)
(44,26)
(57,15)
(94,37)
(15,35)
(90,30)
(71,37)
(34,8)
(78,29)
(37,20)
(80,5)
(97,27)
(82,8)
(86,5)
(54,16)
(98,31)
(44,15)
(78,27)
(85,5)
(0,22)
(95,36)
(21,37)
(29,13)
(94,10)
(81,2)
(94,30)
(39,5)
(89,4)
(47,34)
(77,4)
(69,36)
(63,6)
(68,15)
(48,29)
(76,18)
(11,6)
(45,35)
(16,16)
(62,21)
(70,8)
(46,13)
(17,35)
(73,17)
(13,19)
(11,30)
(51,29)
(45,27)
(76,19)
(67,40)
(81,11)
(71,13)
(55,31)
(76,35)
(39,3)
(83,13)
(22,24)
(76,7)
(62,17)
(27,4)
(1,22)
(14,32)
(64,2)
(96,28)
(10,5)
(82,34)
(88,15)
(44,18)
(18,13)
(14,7)
(31,1)
(40,15)
(51,27)
(47,40)
(86,33)
(61,10)
(90,33)
(33,37)
(60,1)
(27,19)
(57,26)
(96,10)
(8,26)
(21,10)
(10,30)
(94,24)
(22,2)
(97,4)
(50,5)
(63,13)
(15,11)
(33,33)
(36,1)
(86,25)
(45,37)
(15,13)
(72,13)
(84,8)
(66,39)
(84,6)
(61,19)
(16,24)
(52,30)
(52,12)
(59,35)
(29,38)
(7,20)
(90,0)
(29,40)
(86,24)
(11,31)
(56,7)
(22,9)
(23,14)
(74,29)
(79,36)
(61,37)
(13,18)
(13,24)
(54,40)
(27,10)
(17,16)
(14,28)
(52,10)
(83,23)
(73,8)
(86,37)
(17,4)
(46,29)
(55,22)
(83,5)
(62,20)
(63,17)
(40,17)
(43,23)
(81,37)
(97,29)
(4,37)
(73,3)
(32,39)
(9,5)
(14,30)
(56,2)
(8,17)
(16,39)
(7,8)
(14,17)
(20,31)
(10,3)
(4,32)
(78,13)
(71,14)
(78,12)
(35,10)
(37,8)
(91,0)
(39,24)
(32,35)
(25,8)
(94,35)
(69,13)
(77,23)
(73,2)
(79,24)
(13,9)
(21,27)
(97,24)
(55,37)
(22,29)
(2,35)
(39,27)
(24,3)
(42,24)
(98,3)
(48,35)
(88,28)
(14,11)
(9,21)
(33,18)
(47,14)
(62,27)
(63,36)
(27,1)
(59,1)
(40,13)
(59,29)
(39,31)
(95,5)
(35,19)
(80,12)
(83,24)
(8,11)
(73,37)
(28,26)
(56,39)
(90,13)
(44,38)
(96,32)
(2,29)
(78,28)
(21,35)
(80,13)
(90,39)
(32,1)
(87,0)
(52,16)
(53,29)
(20,36)
(62,7)
(99,18)
(78,17)
(11,17)
(6,33)
(29,1)
(73,38)
(81,5)
(65,7)
(47,7)
(69,10)
(39,33)
(64,26)
(58,14)
(19,11)
(92,37)
(98,17)
(35,6)
(6,9)
(29,7)
(21,13)
(81,14)
(14,1)
(90,29)
(31,16)
(63,4)
(52,11)
(4,19)
(17,24)
(28,25)
(83,30)
(96,22)
(48,0)
(71,2)
(12,14)
(43,24)
(95,14)
(77,10)
(35,15)
(49,32)
(15,9)
(15,37)
(25,19)
(21,23)
(17,23)
(23,13)
(8,18)
(15,24)
(58,2)
(32,19)
(66,31)
(32,5)
(61,38)
(37,15)
(79,9)
(61,16)
(79,23)
(69,1)
(94,23)
(66,4)
(50,30)
(61,29)
(25,0)
(65,33)
(13,37)
(52,22)
(13,21)
(39,13)
(33,9)
(54,27)
(46,23)
(10,9)
(64,4)
(3,35)
(43,28)
(53,2)
(66,27)
(93,17)
(61,1)
(28,5)
(78,20)
(30,32)
(40,34)
(78,37)
(70,25)
(76,27)
(29,29)
(39,14)
(53,32)
(31,20)
(71,3)
(86,10)
(98,26)
(62,19)
(92,24)
(11,34)
(69,34)
(36,17)
(8,6)
(54,26)
(41,36)
(38,6)
(18,21)
(9,10)
(27,3)
(42,9)
(99,0)
(23,4)
(39,38)
(33,34)
(59,37)
(8,13)
(52,15)
(70,24)
(54,8)
(24,39)
(33,8)
(26,4)
(87,26)
(44,21)
(28,0)
(32,25)
(38,21)
(39,26)
(26,18)
(0,20)
(16,9)
(12,9)
(46,32)
(57,2)
(55,20)
(45,38)
(86,28)
(24,34)
(71,23)
(2,0)
(48,36)
(44,8)
(16,12)
(78,16)
(85,34)
(80,22)
(34,0)
(99,19)
(7,37)
(67,27)
(1,15)
(31,38)
(69,38)
(78,15)
(44,13)
(96,5)
(76,29)
(9,20)
(97,32)
(7,9)
(61,12)
(6,27)
(67,0)
(45,28)
(98,21)
(30,13)
(36,21)
(47,27)
(32,33)
(83,10)
(43,25)
(97,11)
(65,11)
(3,7)
(21,40)
(61,6)
(76,34)
(89,12)
(5,13)
(6,26)
(38,20)
(57,39)
(15,25)
(81,30)
(65,10)
(62,35)
(35,25)
(91,6)
(63,11)
(61,35)
(16,14)
(10,2)
(67,36)
(27,26)
(35,36)
(11,37)
(85,27)
(65,6)
(34,11)
(44,16)
(91,1)
(86,4)
(79,33)
(4,10)
(7,40)
(74,26)
(50,4)
(64,32)
(57,7)
(71,33)
(57,37)
(93,38)
(11,7)
(39,23)
(37,21)
(36,35)
(98,35)
(65,16)
(34,35)
(7,7)
(83,14)
(41,9)
(44,31)
(50,2)
(54,23)
(93,23)
(31,14)
(33,26)
(12,7)
(31,15)
(91,17)
(72,27)
(53,40)
(27,33)
(87,17)
(20,11)
(33,13)
(43,4)
(4,18)
(99,39)
(98,23)
(56,30)
(94,9)
(76,10)
(68,4)
(20,19)
(2,14)
(3,36)
(42,14)
(77,12)
(90,4)
(9,18)
(49,22)
(62,15)
(7,18)
(19,15)
(63,5)
(32,26)
(62,33)
(50,12)
(25,33)
(49,2)
(28,7)
(76,14)
(41,5)
(53,18)
(61,13)
(0,29)
(12,15)
(54,0)
(66,1)
(35,33)
(19,13)
(37,31)
(57,28)
(90,31)
(46,6)
(81,23)
(10,8)
(94,16)
(51,13)
(99,3)
(93,12)
(1,8)
(8,39)
(34,23)
(66,10)
(19,17)
(48,7)
(62,40)
(61,26)
(72,31)
(44,19)
(82,7)
(86,17)
(75,11)
(37,12)
(92,39)
(54,22)
(24,5)
(45,23)
(51,22)
(37,25)
(31,5)
(4,24)
(90,40)
(91,31)
(65,2)
(86,1)
(95,18)
(43,15)
(83,20)
(8,10)
(29,32)
(55,34)
(88,30)
(92,15)
(7,2)
(39,16)
(50,18)
(39,35)
(53,23)
(27,31)
(44,29)
(67,7)
(20,4)
(82,12)
(36,37)
(36,33)
(32,15)
(25,14)
(45,15)
(66,14)
(14,14)
(24,19)
(84,5)
(90,14)
(98,10)
(61,25)
(31,37)
(42,39)
(9,15)
(18,19)
(18,5)
(10,31)
(35,38)
(19,30)
(83,39)
(98,40)
(42,18)
(11,9)
(87,28)
(95,24)
(3,21)
(73,33)
(50,17)
(37,14)
(3,0)
(83,26)
(78,34)
(51,7)
(20,9)
(15,6)
(32,9)
(14,6)
(11,4)
(83,1)
(81,20)
(94,5)
(68,36)
(67,3)
(74,22)
(21,20)
(18,28)
(32,32)
(87,34)
(20,10)
(85,37)
(29,8)
(85,20)
(43,29)
(4,38)
(97,20)
(23,3)
(18,10)
(78,40)
(64,10)
(52,8)
(90,16)
(57,34)
(74,3)
(76,38)
(55,29)
(55,10)
(85,35)
(30,18)
(15,10)
(54,18)
(91,5)
(29,3)
(25,16)
(77,19)
(46,12)
(90,6)
(90,19)
(57,12)
(3,25)
(72,26)
(69,5)
(91,28)
(77,13)
(25,20)
(14,15)
(53,1)
(75,12)
(4,15)
(32,11)
(55,9)
(77,30)
(94,25)
(53,8)
(43,35)
(40,30)
(42,20)
(15,23)
(84,24)
(75,29)
(60,23)
(65,3)
(98,29)
(9,31)
(5,14)
(70,35)
(7,25)
(19,3)
(7,4)
(59,9)
(60,38)
(54,37)
(21,12)
(85,15)
(63,30)
(33,1)
(62,28)
(93,16)
(51,30)
(62,5)
(77,28)
(84,39)
(2,13)
(86,38)
(12,35)
(99,9)
(29,25)
(25,10)
(63,25)
(61,2)
(48,38)
(84,2)
(42,10)
(14,27)
(70,11)
(91,33)
(43,14)
(5,38)
(4,33)
(29,24)
(81,25)
(68,18)
(11,33)
(19,19)
(54,29)
(14,9)
(20,29)
(60,21)
(37,7)
(70,37)
(96,23)
(35,32)
(62,34)
(82,24)
(23,17)
(19,21)
(4,28)
(21,25)
(83,0)
(61,32)
(71,5)
(68,20)
(17,14)
(52,29)
(33,35)
(28,10)
(33,15)
(49,9)
(16,1)
(37,32)
(76,40)
(31,30)
(80,21)
(91,20)
(39,21)
(77,33)
(22,36)
(1,20)
(40,31)
(44,7)
(96,37)
(24,13)
(34,9)
(97,35)
(59,15)
(44,6)
(96,11)
(86,35)
(11,10)
(91,34)
(39,15)
(71,15)
(65,40)
(39,18)
(19,27)
(23,11)
(28,11)
(65,30)
(43,36)
(2,10)
(24,15)
(10,11)
(0,31)
(33,32)
(91,16)
(45,11)
(9,37)
(97,33)
(74,24)
(92,30)
(7,33)
(28,9)
(57,38)
(73,27)
(78,7)
(5,26)
(54,35)
(69,24)
(25,17)
(36,2)
(66,2)
(12,11)
(40,20)
(49,34)
(47,31)
(58,4)
(51,4)
(84,13)
(4,5)
(65,24)
(82,35)
(73,1)
(5,17)
(30,26)
(8,40)
(11,3)
(50,3)
(94,40)
(59,32)
(94,28)
(76,15)
(21,39)
(48,15)
(66,3)
(54,14)
(40,7)
(71,7)
(62,4)
(74,15)
(48,25)
(98,4)
(51,19)
(53,20)
(22,22)
(72,35)
(86,3)
(58,28)
(61,22)
(72,22)
(6,3)
(99,21)
(47,37)
(73,10)
(33,36)
(61,33)
(65,39)
(25,34)
(6,1)
(32,24)
(66,9)
(47,12)
(73,19)
(31,13)
(67,26)
(82,18)
(16,11)
(98,12)
(94,14)
(92,22)
(18,14)
(39,39)
(86,14)
(70,15)
(56,25)
(10,10)
(5,6)
(85,8)
(41,21)
(92,21)
(92,10)
(4,11)
(0,15)
(69,2)
(45,10)
(88,32)
(56,34)
(57,22)
(27,11)
(28,17)
(20,7)
(20,8)
(53,30)
(79,18)
(97,26)
(28,2)
(1,16)
(89,21)
(73,22)
(14,2)
(25,31)
(54,19)
(34,17)
(38,39)
(25,24)
(3,9)
(80,18)
(96,40)
(97,36)
(25,32)
(63,24)
(73,7)
(3,4)
(11,8)
(53,34)
(65,18)
(95,2)
(14,25)
(17,34)
(7,17)
(51,5)
(75,22)
(66,12)
(94,33)
(84,3)
(20,3)
(33,4)
(85,7)
(35,17)
(97,23)
(74,23)
(43,1)
(61,4)
(85,3)
(54,36)
(22,14)
(5,11)
(29,21)
(6,21)
(14,18)
(30,1)
(68,24)
(86,19)
(91,4)
(45,33)
(2,18)
(85,22)
(43,39)
(15,26)
(25,37)
(19,7)
(33,38)
(68,13)
(37,22)
(90,21)
(54,12)
(69,33)
(11,28)
(25,27)
(80,19)
(41,24)
(36,30)
(67,32)
(91,35)
(97,18)
(38,40)
(35,5)
(22,37)
(9,6)
(81,26)
(99,2)
(83,40)
(77,9)
(98,7)
(82,19)
(11,22)
(10,40)
(27,25)
(82,1)
(2,31)
(73,11)
(45,9)
(25,26)
(52,25)
(5,34)
(89,38)
(80,14)
(41,22)
(87,36)
(16,5)
(37,10)
(4,22)
(21,36)
(46,27)
(84,12)
(72,30)
(65,13)
(21,28)
(48,13)
(74,5)
(33,25)
(51,21)
(32,28)
(23,38)
(67,12)
(2,3)
(79,13)
(95,27)
(87,5)
(9,40)
(37,38)
(82,27)
(8,34)
(21,29)
(94,11)
(22,34)
(4,39)
(2,1)
(5,19)
(67,4)
(31,9)
(88,6)
(41,28)
(86,18)
(47,1)
(16,28)
(38,14)
(45,22)
(99,31)
(35,21)
(50,25)
(40,9)
(61,18)
(53,16)
(76,8)
(89,27)
(23,18)
(56,18)
(56,10)
(96,16)
(59,6)
(60,36)
(32,30)
(66,6)
(96,34)
(58,13)
(86,23)
(16,32)
(47,19)
(93,28)
(19,40)
(39,12)
(78,3)
(39,17)
(60,27)
(69,8)
(43,17)
(45,31)
(75,21)
(41,19)
(34,13)
(22,17)
(32,22)
(95,8)
(60,35)
(43,37)
(77,11)
(28,34)
(61,36)
(17,20)
(73,24)
(33,40)
(84,25)
(71,19)
(81,24)
(42,40)
(31,22)
(34,34)
(36,26)
(3,32)
(70,17)
(18,25)
(61,14)
(7,26)
(99,17)
(4,6)
(35,37)
(20,16)
(25,12)
(60,8)
(96,21)
(75,17)
(28,24)
(37,24)
(86,21)
(4,8)
(28,35)
(56,19)
(95,40)
(24,4)
(14,12)
(50,23)
(40,0)
(68,17)
(44,0)
(91,8)
(77,39)
(94,32)
(35,13)
(19,2)
(90,38)
(47,2)
(67,19)
(51,23)
(64,11)
(10,22)
(37,35)
(30,5)
(98,25)
(55,15)
(97,34)
(17,5)
(65,8)
(97,10)
(21,33)
(93,15)
(18,36)
(6,35)
(64,25)
(74,39)
(25,36)
(96,30)
(71,21)
(23,0)
(95,30)
(37,39)
(51,36)
(38,12)
(15,12)
(31,6)
(50,39)
(85,23)
(4,9)
(4,27)
(37,18)
(59,33)
(8,35)
(39,8)
(64,1)
(10,25)
(8,12)
(71,25)
(14,35)
(90,15)
(3,16)
(71,10)
(23,34)
(93,8)
(56,38)
(39,30)
(29,6)
(56,13)
(67,16)
(32,29)
(99,30)
(10,13)
(28,23)
(95,4)
(41,37)
(35,26)
(89,18)
(99,10)
(91,11)
(47,17)
(36,25)
(74,35)
(27,18)
(52,17)
(83,22)
(14,20)
(43,20)
(60,37)
(60,15)
(99,35)
(24,9)
(81,15)
(24,25)
(12,5)
(13,16)
(67,14)
(74,13)
(40,26)
(77,25)
(76,17)
(18,27)
(76,26)
(65,14)
(12,0)
(98,15)
(54,21)
(74,31)
(74,9)
(88,25)
(60,0)
(37,33)
(14,40)
(90,24)
(0,14)
(50,29)
(82,26)
(31,12)
(85,17)
(0,16)
(30,35)
(8,28)
(91,36)
(72,40)
(14,36)
(32,18)
(70,5)
(31,26)
(78,8)
(42,33)
(75,3)
(69,22)
(97,38)
(6,5)
(84,32)
(8,38)
(12,31)
(32,16)
(78,22)
(71,40)
(84,30)
(74,32)
(60,24)
(65,9)
(64,38)
(57,19)
(14,23)
(75,14)
(51,33)
(53,13)
(81,9)
(95,15)
(21,30)
(55,0)
(15,32)
(13,25)
(31,34)
(96,26)
(72,28)
(76,2)
(3,11)
(7,36)
(99,8)
(70,33)
(36,24)
(60,7)
(92,9)
(82,23)
(75,7)
(26,7)
(42,25)
(12,26)
(15,40)
(97,15)
(31,8)
(27,29)
(51,18)
(57,8)
(67,1)
(13,26)
(99,16)
(60,19)
(7,21)
(20,15)
(67,22)
(71,39)
(58,15)
(72,8)
(67,29)
(74,40)
(30,19)
(63,8)
(14,21)
(26,30)
(80,2)
(71,8)
(5,31)
(96,2)
(97,7)
(99,23)
(68,28)
(43,12)
(70,2)
(27,17)
(65,12)
(5,9)
(99,13)
(9,29)
(90,23)
(60,11)
(78,14)
(2,32)
(41,14)
(60,2)
(11,18)
(13,36)
(43,22)
(88,33)
(90,35)
(73,18)
(62,29)
(24,38)
(72,9)
(9,3)
(38,1)
(93,2)
(41,39)
(15,21)
(8,36)
(33,16)
(26,13)
(95,38)
(59,16)
(57,24)
(48,18)
(39,34)
(2,38)
(52,35)
(70,12)
(87,14)
(49,28)
(29,9)
(37,16)
(24,20)
(27,24)
(70,19)
(79,26)
(30,29)
(45,19)
(8,19)
(98,32)
(4,25)
(30,38)
(6,20)
(28,19)
(63,31)
(48,8)
(9,24)
(97,14)
(14,10)
(24,40)
(26,29)
(91,14)
(22,8)
(33,20)
(60,20)
(18,4)
(43,26)
(53,12)
(70,7)
(21,19)
(12,33)
(69,17)
(83,17)
(91,15)
(44,5)
(84,33)
(69,21)
(34,38)
(62,14)
(30,14)
(26,2)
(5,33)
(53,35)
(14,26)
(16,35)
(61,5)
(47,8)
(3,8)
(50,19)
(63,9)
(66,21)
(68,6)
(11,19)
(89,31)
(11,35)
(48,6)
(0,35)
(51,35)
(69,28)
(90,32)
(82,22)
(54,31)
(58,9)
(34,24)
(82,6)
(86,36)
(61,28)
(82,37)
(88,11)
(65,34)
(4,12)
(70,28)
(14,5)
(10,16)
(0,24)
(92,19)
(12,30)
(41,35)
(21,16)
(6,13)
(93,11)
(22,28)
(42,17)
(72,15)
(53,27)
(60,29)
(25,13)
(1,4)
(31,32)
(16,33)
(57,10)
(28,13)
(8,21)
(88,10)
(65,22)
(22,1)
(57,40)
(31,33)
(60,39)
(59,10)
(18,9)
(62,39)
(11,2)
(67,34)
(85,29)
(64,40)
(93,32)
(68,22)
(30,28)
(56,23)
(26,8)
(33,31)
(28,20)
(84,1)
(38,36)
(52,40)
(88,16)
(74,2)
(82,17)
(52,34)
(4,16)
(45,36)
(16,7)
(67,5)
(68,39)
(67,30)
(21,26)
(67,17)
(68,25)
(14,16)
(63,35)
(93,1)
(24,6)
(45,13)
(24,12)
(77,16)
(22,3)
(28,15)
(82,21)
(19,37)
(53,39)
(54,4)
(56,11)
(52,18)
(51,0)
(18,31)
(50,1)
(53,19)
(48,37)
(69,32)
(40,5)
(65,38)
(21,5)
(75,19)
(70,21)
(40,3)
(84,35)
(10,26)
(59,11)
(18,16)
(90,34)
(81,39)
(27,7)
(54,20)
(41,8)
(47,38)
(87,15)
(19,38)
(25,11)
(42,11)
(59,13)
(45,39)
(94,36)
(72,19)
(35,12)
(88,19)
(65,20)
(97,31)
(90,20)
(54,28)
(50,21)
(1,19)
(25,28)
(72,18)
(56,3)
(41,10)
(79,20)
(45,14)
(33,27)
(94,12)
(28,12)
(81,22)
(62,10)
(63,7)
(18,32)
(32,14)
(76,11)
(19,16)
(7,14)
(56,29)
(7,11)
(69,7)
(47,15)
(29,30)
(91,13)
(23,12)
(98,19)
(39,22)
(67,25)
(79,31)
(87,29)
(50,40)
(12,23)
(37,9)
(19,20)
(37,4)
(90,26)
(95,21)
(74,38)
(93,3)
(50,16)
(48,27)
(57,16)
(15,22)
(46,9)
(68,29)
(63,33)
(83,33)
(47,33)
(19,28)
(43,8)
(18,11)
(20,14)
(28,18)
(38,8)
(50,15)
(64,27)
(51,10)
(35,9)
(18,17)
(16,18)
(68,8)
(90,37)
(5,30)
(26,24)
(87,8)
(27,8)
(1,10)
(48,19)
(53,33)
(61,20)
(11,15)
(17,31)
(22,23)
(39,29)
(0,6)
(21,38)
(31,24)
(31,21)
(26,1)
(30,37)
(32,20)
(85,28)
(34,7)
(28,30)
(76,36)
(57,21)
(1,7)
(92,13)
(7,24)
(33,39)
(59,31)
(4,31)
(19,5)
(24,16)
(34,26)
(80,31)
(17,2)
(74,37)
(15,16)
(10,14)
(5,21)
(20,21)
(40,6)
(67,24)
(35,39)
(25,40)
(86,11)
(87,1)
(37,37)
(34,25)
(99,36)
(42,27)
(19,36)
(31,17)
(14,39)
(28,6)
(60,13)
(69,20)
(74,25)
(74,27)
(94,22)
(13,34)
(55,26)
(97,21)
(64,3)
(33,11)
(96,19)
(81,38)
(92,16)
(55,23)
(19,35)
(40,19)
(56,17)
(60,17)
(47,3)
(82,3)
(46,10)
(16,27)
(40,10)
(83,7)
(47,21)
(79,19)
(75,1)
(94,34)
(39,25)
(18,38)
(0,19)
(62,22)
(35,20)
(14,22)
(13,13)
(87,23)
(48,12)
(67,11)
(48,24)
(4,14)
(70,30)
(5,12)
(33,28)
(96,39)
(79,6)
(16,25)
(50,33)
(7,16)
(72,12)
(28,29)
(41,25)
(40,16)
(67,39)
(87,3)
(40,23)
(40,36)
(87,31)
(46,36)
(96,25)
(5,20)
(42,15)
(85,25)
(21,34)
(3,10)
(19,8)
(82,31)
(45,30)
(53,24)
(69,40)
(69,29)
(42,8)
(65,26)
(0,32)
(42,7)
(8,24)
(33,14)
(32,21)
(54,10)
(2,33)
(56,8)
(45,29)
(54,24)
(87,9)
(63,22)
(31,28)
(17,1)
(19,26)
(68,37)
(37,17)
(73,30)
(73,4)
(95,20)
(85,33)
(85,24)
(94,39)
(15,20)
(59,4)
(98,24)
(80,7)
(4,30)
(34,5)
(14,19)
(1,5)
(35,8)
(73,36)
(11,27)
(41,15)
(86,40)
(35,18)
(8,31)
(0,4)
(89,15)
(22,4)
(62,24)
(7,38)
(59,28)
(30,22)
(84,16)
(43,33)
(0,34)
(36,15)
(48,10)
(93,27)
(76,37)
(64,7)
(28,28)
(59,5)
(80,10)
(33,30)
(42,12)
(4,34)
(96,38)
(65,29)
(15,15)
(13,11)
(73,39)
(49,15)
(33,12)
(60,31)
(19,33)
(46,17)
(36,20)
(10,6)
(25,38)
(64,18)
(83,35)
(50,32)
(63,37)
(3,27)
(33,22)
(23,15)
(40,37)
(15,19)
(74,34)
(16,26)
(24,32)
(87,10)
(71,28)
(50,27)
(25,35)
(90,22)
(50,13)
(87,6)
(98,14)
(22,6)
(49,7)
(37,26)
(4,3)
(85,21)
(99,5)
(18,24)
(64,6)
(16,6)
(50,11)
(2,6)
(96,29)
(75,38)
(79,40)
(97,37)
(29,17)
(91,32)
(96,24)
(71,38)
(10,33)
(54,3)
(31,25)
(37,19)
(26,35)
(23,26)
(34,32)
(95,35)
(50,26)
(72,33)
(76,32)
(99,22)
(37,40)
(1,30)
(26,37)
(19,31)
(36,23)
(46,5)
(3,22)
(67,9)
(30,6)
(10,12)
(66,20)
(7,29)
(22,38)
(94,1)
(20,22)
(58,19)
(8,30)
(6,15)
(0,7)
(32,23)
(23,28)
(84,40)
(6,31)
(55,25)
(49,26)
(64,9)
(89,11)
(40,29)
(59,21)
(80,1)
(42,1)
(5,27)
(93,18)
(87,27)
(54,32)
(56,31)
(16,13)
(98,9)
(59,22)
(26,20)
(80,8)
(72,11)
(39,37)
(31,36)
(91,29)
(78,31)
(70,20)
(1,13)
(41,16)
(36,32)
(12,29)
(0,39)
(78,18)
(95,39)
(6,32)
(56,20)
(23,16)
(73,40)
(4,35)
(54,39)
(72,21)
(7,39)
(85,18)
(41,26)
(75,33)
(9,12)
(2,15)
(31,39)
(41,27)
(4,20)
(53,37)
(26,23)
(10,17)
(40,27)
(2,40)
(0,23)
(75,9)
(49,13)
(84,17)
(82,5)
(61,7)
(56,40)
(19,25)
(73,26)
(52,20)
(99,15)
(72,16)
(1,9)
(73,34)
(0,40)
(18,22)
(61,11)
(51,12)
(25,30)
(70,36)
(79,38)
(32,34)
(26,5)
(36,5)
(73,23)
(90,27)
(99,25)
(20,20)
(76,33)
(20,30)
(99,32)
(16,20)
(5,32)
(11,36)
(29,18)
(74,21)
(72,36)
(74,33)
(39,40)
(6,18)
(44,27)
(65,21)
(61,30)
(67,31)
(83,21)
(77,37)
(50,36)
(50,35)
(57,11)
(2,24)
(9,22)
(13,15)
(68,40)
(56,16)
(62,13)
(42,32)
(26,40)
(93,39)
(69,6)
(36,16)
(60,32)
(54,38)
(46,37)
(42,3)
(88,27)
(83,36)
(58,6)
(84,9)
(11,14)
(59,24)
(19,34)
(8,16)
(82,16)
(54,33)
(70,39)
(17,39)
(61,24)
(36,22)
(43,32)
(84,19)
(64,20)
(56,21)
(48,28)
(1,24)
(9,17)
(22,20)
(28,14)
(53,25)
(11,40)
(65,15)
(51,38)
(55,13)
(42,35)
(80,15)
(38,24)
(61,39)
(51,25)
(18,34)
(9,38)
(46,39)
(69,31)
(0,9)
(71,35)
(43,34)
(91,23)
(60,5)
(5,40)
(6,36)
(2,27)
(46,11)
(84,34)
(97,30)
(78,26)
(97,13)
(29,12)
(89,39)
(65,35)
(1,36)
(8,22)
(99,26)
(32,31)
(30,12)
(2,21)
(1,40)
(98,22)
(40,32)
(8,37)
(73,29)
(16,31)
(3,29)
(4,29)
(34,27)
(10,4)
(7,23)
(85,2)
(92,29)
(44,24)
(6,25)
(62,32)
(26,21)
(35,23)
(66,34)
(18,26)
(28,21)
(3,38)
(0,18)
(96,27)
(95,28)
(6,22)
(75,31)
(28,27)
(30,16)
(24,29)
(84,31)
(80,32)
(37,34)
(80,11)
(69,14)
(54,13)
(47,4)
(8,23)
(9,30)
(96,17)
(39,32)
(86,31)
(70,29)
(77,7)
(55,11)
(13,23)
(86,34)
(82,40)
(47,26)
(9,19)
(52,13)
(92,36)
(98,11)
(28,38)
(34,31)
(56,14)
(60,28)
(38,33)
(89,14)
(73,13)
(53,5)
(99,37)
(82,39)
(2,30)
(55,19)
(26,3)
(66,26)
(16,29)
(67,13)
(97,39)
(13,4)
(11,23)
(59,39)
(95,16)
(73,25)
(38,5)
(13,33)
(83,31)
(47,23)
(1,35)
(20,27)
(18,39)
(45,26)
(52,32)
(87,40)
(93,33)
(72,32)
(22,40)
(49,14)
(94,8)
(71,34)
(49,20)
(46,33)
(38,11)
(87,22)
(16,19)
(78,4)
(10,23)
(91,18)
(42,13)
(29,14)
(45,40)
(77,22)
(30,21)
(53,28)
(30,33)
(32,27)
(35,11)
(36,36)
(60,26)
(67,37)
(91,37)
(31,29)
(34,14)
(30,11)
(0,33)
(20,26)
(93,31)
(32,37)
(22,27)
(82,11)
(75,32)
(75,30)
(42,31)
(60,16)
(9,8)
(2,25)
(45,21)
(65,28)
(7,32)
(83,32)
(35,34)
(91,19)
(81,36)
(24,37)
(28,37)
(59,27)
(58,12)
(72,37)
(24,24)
(53,17)
(15,33)
(22,35)
(29,28)
(46,24)
(31,31)
(0,17)
(59,25)
(51,3)
(17,7)
(68,27)
(38,19)
(22,33)
(96,35)
(38,18)
(78,24)
(2,12)
(1,17)
(5,28)
(37,23)
(94,29)
(24,14)
(3,33)
(88,22)
(57,27)
(41,30)
(28,3)
(98,34)
(23,25)
(29,36)
(12,25)
(30,3)
(28,31)
(68,5)
(23,24)
(13,38)
(47,36)
(64,15)
(80,36)
(78,39)
(11,21)
(10,32)
(6,34)
(52,14)
(88,13)
(17,36)
(51,24)
(35,22)
(79,17)
(63,29)
(23,39)
(88,3)
(82,20)
(87,30)
(84,11)
(44,35)
(25,29)
(88,38)
(20,18)
(94,18)
(25,25)
(79,2)
(3,18)
(44,22)
(3,39)
(16,22)
(27,14)
(40,8)
(43,13)
(23,23)
(35,40)
(85,12)
(18,20)
(42,38)
(20,33)
(11,29)
(49,8)
(44,9)
(30,24)
(3,17)
(67,28)
(60,10)
(15,38)
(35,30)
(95,13)
(17,28)
(20,35)
(81,7)
(42,2)
(95,11)
(80,26)
(89,8)
(60,33)
(17,18)
(85,40)
(84,15)
(11,16)
(51,37)
(91,25)
(34,10)
(69,37)
(83,28)
(42,22)
(60,30)
(5,29)
(3,40)
(17,9)
(98,20)
(62,16)
(85,30)
(15,8)
(53,36)
(49,18)
(44,34)
(60,25)
(67,21)
(75,26)
(59,19)
(47,16)
(13,39)
(20,39)
(72,24)
(36,39)
(57,5)
(56,9)
(3,31)
(48,40)
(95,9)
(81,6)
(93,21)
(26,0)
(98,37)
(62,26)
(38,26)
(30,31)
(47,35)
(23,33)
(87,7)
(52,33)
(95,26)
(40,40)
(56,15)
(95,31)
(58,33)
(29,35)
(32,36)
(27,22)
(38,16)
(75,2)
(27,37)
(36,8)
(85,31)
(44,11)
(25,21)
(22,13)
(27,39)
(67,23)
(5,37)
(85,38)
(32,38)
(57,6)
(43,10)
(79,30)
(23,22)
(63,40)
(83,18)
(11,26)
(83,37)
(77,40)
(82,25)
(59,30)
(98,36)
(1,38)
(55,32)
(9,26)
(85,6)
(72,25)
(41,12)
(40,22)
(46,18)
(3,30)
(24,35)
(48,23)
(49,35)
(93,20)
(9,33)
(82,28)
(12,37)
(35,27)
(46,8)
(40,39)
(16,30)
(2,39)
(66,25)
(62,38)
(16,17)
(72,29)
(76,22)
(36,11)
(36,6)
(94,38)
(2,26)
(76,20)
(41,11)
(38,31)
(92,11)
(0,28)
(75,16)
(77,27)
(30,34)
(84,22)
(52,9)
(44,17)
(66,35)
(40,38)
(12,18)
(63,3)
(34,29)
(84,27)
(94,31)
(34,22)
(17,22)
(87,13)
(24,17)
(85,26)
(66,33)
(95,37)
(78,5)
(52,31)
(68,34)
(93,36)
(30,36)
(2,7)
(55,4)
(57,31)
(48,34)
(85,10)
(34,33)
(55,40)
(52,37)
(71,17)
(80,30)
(26,15)
(63,23)
(26,36)
(58,34)
(9,27)
(53,38)
(24,18)
(72,23)
(66,36)
(55,12)
(6,12)
(92,32)
(92,25)
(17,30)
(93,40)
(49,27)
(92,14)
(5,39)
(6,24)
(41,6)
(41,23)
(57,35)
(9,16)
(63,32)
(57,18)
(36,31)
(17,3)
(20,38)
(68,26)
(81,18)
(71,30)
(79,10)
(2,9)
(38,35)
(91,22)
(15,39)
(93,35)
(88,5)
(78,36)
(55,35)
(44,40)
(16,8)
(58,24)
(51,15)
(49,16)
(17,11)
(56,37)
(89,28)
(9,25)
(59,38)
(48,4)
(17,8)
(77,38)
(17,37)
(92,20)
(84,7)
(9,13)
(34,19)
(92,34)
(23,36)
(92,40)
(72,34)
(34,30)
(30,25)
(88,8)
(47,22)
(40,35)
(89,16)
(17,40)
(68,32)
(11,38)
(0,21)
(88,7)
(48,30)
(79,37)
(77,17)
(91,30)
(78,30)
(59,23)
(51,6)
(38,27)
(48,17)
(46,35)
(77,32)
(69,16)
(16,36)
(26,31)
(24,33)
(52,27)
(9,11)
(78,33)
(44,28)
(52,21)
(89,20)
(55,39)
(57,17)
(38,15)
(12,3)
(81,17)
(30,10)
(80,20)
(75,35)
(57,30)
(91,38)
(47,28)
(87,32)
(64,19)
(81,16)
(64,37)
(58,7)
(57,33)
(69,18)
(75,37)
(81,31)
(9,39)
(6,2)
(56,22)
(9,36)
(23,35)
(26,39)
(23,19)
(95,29)
(17,10)
