200 Users
34 Files
2500 Transactions
2 Maximum Connections
1 Cycle Length per Upload-Download
0 Warm-up Transactions
0.400000 Zipf constant
5 Pre-Trusted Users
120 Well-Behaved (Good) Users
80 Purely Malicious Users
0 Feedback Skewing Users
0 Malignant Providing Users
0 Disguised Malicous Users
0 Sybil Attack Users
true Intelligent Trans. Generation
1561012360158 Trace Generation Seed

(0.093426,0.000000,1,false)
(0.028105,0.000000,1,false)
(0.015639,0.000000,1,false)
(0.022389,0.000000,1,false)
(0.000766,0.000000,1,false)
(0.019619,0.000000,1,false)
(0.009507,0.000000,1,false)
(0.057379,0.000000,1,false)
(0.050608,0.000000,1,false)
(0.022420,0.000000,1,false)
(0.029647,0.000000,1,false)
(0.028036,0.000000,1,false)
(0.031064,0.000000,1,false)
(0.018870,0.000000,1,false)
(0.084115,0.000000,1,false)
(0.015318,0.000000,1,false)
(0.030502,0.000000,1,false)
(0.064506,0.000000,1,false)
(0.014894,0.000000,1,false)
(0.080437,0.000000,1,false)
(0.077462,0.000000,1,false)
(0.079362,0.000000,1,false)
(0.022029,0.000000,1,false)
(0.021225,0.000000,1,false)
(0.035704,0.000000,1,false)
(0.079295,0.000000,1,false)
(0.031132,0.000000,1,false)
(0.079458,0.000000,1,false)
(0.095128,0.000000,1,false)
(0.081347,0.000000,1,false)
(0.045795,0.000000,1,false)
(0.045310,0.000000,1,false)
(0.001714,0.000000,1,false)
(0.023495,0.000000,1,false)
(0.042980,0.000000,1,false)
(0.088010,0.000000,1,false)
(0.025230,0.000000,1,false)
(0.023615,0.000000,1,false)
(0.089071,0.000000,1,false)
(0.052815,0.000000,1,false)
(0.072130,0.000000,1,false)
(0.065097,0.000000,1,false)
(0.077031,0.000000,1,false)
(0.003585,0.000000,1,false)
(0.012874,0.000000,1,false)
(0.037268,0.000000,1,false)
(0.010982,0.000000,1,false)
(0.057516,0.000000,1,false)
(0.007874,0.000000,1,false)
(0.077611,0.000000,1,false)
(0.093549,0.000000,1,false)
(0.053997,0.000000,1,false)
(0.084282,0.000000,1,false)
(0.059760,0.000000,1,false)
(0.003396,0.000000,1,false)
(0.023103,0.000000,1,false)
(0.037102,0.000000,1,false)
(0.046342,0.000000,1,false)
(0.085681,0.000000,1,false)
(0.070884,0.000000,1,false)
(0.002342,0.000000,1,false)
(0.078957,0.000000,1,false)
(0.016521,0.000000,1,false)
(0.078415,0.000000,1,false)
(0.077434,0.000000,1,false)
(0.008935,0.000000,1,false)
(0.044037,0.000000,1,false)
(0.019447,0.000000,1,false)
(0.044674,0.000000,1,false)
(0.081990,0.000000,1,false)
(0.053215,0.000000,1,false)
(0.037576,0.000000,1,false)
(0.087140,0.000000,1,false)
(0.077473,0.000000,1,false)
(0.049561,0.000000,1,false)
(0.087974,0.000000,1,false)
(0.073359,0.000000,1,false)
(0.068667,0.000000,1,false)
(0.007382,0.000000,1,false)
(0.041029,0.000000,1,false)
(0.973062,1.000000,0,true)
(0.985606,1.000000,0,true)
(0.917432,1.000000,0,true)
(0.934353,1.000000,0,true)
(0.909549,1.000000,0,true)
(0.985796,1.000000,0,false)
(0.953139,1.000000,0,false)
(0.941504,1.000000,0,false)
(0.960976,1.000000,0,false)
(0.940520,1.000000,0,false)
(0.939168,1.000000,0,false)
(0.937848,1.000000,0,false)
(0.901556,1.000000,0,false)
(0.908953,1.000000,0,false)
(0.933797,1.000000,0,false)
(0.980135,1.000000,0,false)
(0.925010,1.000000,0,false)
(0.969800,1.000000,0,false)
(0.955368,1.000000,0,false)
(0.952396,1.000000,0,false)
(0.990196,1.000000,0,false)
(0.915453,1.000000,0,false)
(0.940296,1.000000,0,false)
(0.934961,1.000000,0,false)
(0.970730,1.000000,0,false)
(0.957340,1.000000,0,false)
(0.928361,1.000000,0,false)
(0.983684,1.000000,0,false)
(0.925274,1.000000,0,false)
(0.937747,1.000000,0,false)
(0.909894,1.000000,0,false)
(0.971258,1.000000,0,false)
(0.940263,1.000000,0,false)
(0.974567,1.000000,0,false)
(0.990479,1.000000,0,false)
(0.997094,1.000000,0,false)
(0.978750,1.000000,0,false)
(0.918409,1.000000,0,false)
(0.946650,1.000000,0,false)
(0.998683,1.000000,0,false)
(0.997876,1.000000,0,false)
(0.976473,1.000000,0,false)
(0.960812,1.000000,0,false)
(0.995723,1.000000,0,false)
(0.973126,1.000000,0,false)
(0.954303,1.000000,0,false)
(0.935234,1.000000,0,false)
(0.968487,1.000000,0,false)
(0.990131,1.000000,0,false)
(0.985233,1.000000,0,false)
(0.993468,1.000000,0,false)
(0.914022,1.000000,0,false)
(0.934184,1.000000,0,false)
(0.957843,1.000000,0,false)
(0.982902,1.000000,0,false)
(0.937705,1.000000,0,false)
(0.923934,1.000000,0,false)
(0.914153,1.000000,0,false)
(0.994419,1.000000,0,false)
(0.923545,1.000000,0,false)
(0.998953,1.000000,0,false)
(0.975561,1.000000,0,false)
(0.914246,1.000000,0,false)
(0.984324,1.000000,0,false)
(0.980869,1.000000,0,false)
(0.959675,1.000000,0,false)
(0.919061,1.000000,0,false)
(0.922272,1.000000,0,false)
(0.984747,1.000000,0,false)
(0.979231,1.000000,0,false)
(0.918336,1.000000,0,false)
(0.932402,1.000000,0,false)
(0.961164,1.000000,0,false)
(0.964176,1.000000,0,false)
(0.937584,1.000000,0,false)
(0.954023,1.000000,0,false)
(0.900143,1.000000,0,false)
(0.919782,1.000000,0,false)
(0.922854,1.000000,0,false)
(0.921124,1.000000,0,false)
(0.925642,1.000000,0,false)
(0.927306,1.000000,0,false)
(0.930273,1.000000,0,false)
(0.979412,1.000000,0,false)
(0.953751,1.000000,0,false)
(0.909234,1.000000,0,false)
(0.944832,1.000000,0,false)
(0.926789,1.000000,0,false)
(0.979032,1.000000,0,false)
(0.918572,1.000000,0,false)
(0.949840,1.000000,0,false)
(0.994847,1.000000,0,false)
(0.991650,1.000000,0,false)
(0.970879,1.000000,0,false)
(0.942608,1.000000,0,false)
(0.921699,1.000000,0,false)
(0.912982,1.000000,0,false)
(0.918939,1.000000,0,false)
(0.962905,1.000000,0,false)
(0.971061,1.000000,0,false)
(0.969327,1.000000,0,false)
(0.972966,1.000000,0,false)
(0.968607,1.000000,0,false)
(0.928940,1.000000,0,false)
(0.902153,1.000000,0,false)
(0.994145,1.000000,0,false)
(0.957722,1.000000,0,false)
(0.957644,1.000000,0,false)
(0.939001,1.000000,0,false)
(0.936099,1.000000,0,false)
(0.997548,1.000000,0,false)
(0.907041,1.000000,0,false)
(0.921727,1.000000,0,false)
(0.977499,1.000000,0,false)
(0.980279,1.000000,0,false)
(0.975072,1.000000,0,false)
(0.908174,1.000000,0,false)
(0.979602,1.000000,0,false)
(0.979700,1.000000,0,false)
(0.973500,1.000000,0,false)

(0,0,false)
(1,0,false)
(2,0,false)
(4,0,false)
(5,0,false)
(6,0,false)
(7,0,false)
(8,0,false)
(9,0,false)
(11,0,false)
(12,0,false)
(13,0,false)
(14,0,false)
(15,0,false)
(16,0,false)
(17,0,false)
(19,0,false)
(20,0,false)
(21,0,false)
(23,0,false)
(24,0,false)
(25,0,false)
(27,0,false)
(30,0,false)
(31,0,false)
(32,0,false)
(33,0,false)
(34,0,false)
(36,0,false)
(37,0,false)
(39,0,false)
(40,0,false)
(41,0,false)
(43,0,false)
(44,0,false)
(46,0,false)
(47,0,false)
(48,0,false)
(51,0,false)
(52,0,true)
(53,0,false)
(56,0,true)
(57,0,false)
(58,0,false)
(59,0,true)
(61,0,false)
(62,0,false)
(63,0,false)
(64,0,false)
(65,0,false)
(67,0,false)
(69,0,false)
(70,0,false)
(71,0,false)
(73,0,false)
(75,0,true)
(80,0,true)
(81,0,true)
(82,0,true)
(83,0,true)
(85,0,true)
(87,0,false)
(88,0,true)
(89,0,true)
(91,0,false)
(92,0,true)
(93,0,true)
(95,0,true)
(96,0,true)
(97,0,true)
(98,0,true)
(99,0,true)
(100,0,true)
(101,0,true)
(102,0,true)
(103,0,true)
(105,0,true)
(107,0,true)
(108,0,false)
(109,0,true)
(113,0,true)
(114,0,true)
(115,0,true)
(116,0,true)
(117,0,true)
(119,0,true)
(120,0,true)
(121,0,true)
(122,0,true)
(123,0,true)
(124,0,true)
(125,0,false)
(126,0,true)
(127,0,true)
(128,0,true)
(129,0,true)
(130,0,true)
(131,0,true)
(132,0,true)
(133,0,true)
(134,0,true)
(135,0,true)
(136,0,true)
(139,0,true)
(140,0,true)
(143,0,true)
(144,0,true)
(145,0,true)
(146,0,true)
(148,0,true)
(151,0,true)
(152,0,true)
(153,0,true)
(154,0,true)
(155,0,true)
(156,0,true)
(159,0,true)
(160,0,true)
(161,0,true)
(162,0,false)
(164,0,true)
(165,0,true)
(166,0,true)
(167,0,true)
(169,0,true)
(170,0,true)
(172,0,true)
(173,0,true)
(175,0,true)
(176,0,true)
(177,0,true)
(178,0,true)
(179,0,true)
(181,0,true)
(182,0,true)
(183,0,true)
(184,0,true)
(185,0,true)
(186,0,true)
(187,0,true)
(188,0,true)
(189,0,true)
(191,0,true)
(192,0,true)
(193,0,true)
(196,0,true)
(197,0,true)
(198,0,true)
(0,1,true)
(1,1,false)
(2,1,false)
(4,1,false)
(5,1,false)
(7,1,false)
(8,1,false)
(9,1,false)
(10,1,false)
(11,1,false)
(13,1,false)
(14,1,false)
(17,1,false)
(18,1,false)
(21,1,false)
(22,1,false)
(23,1,false)
(24,1,false)
(25,1,false)
(26,1,false)
(28,1,false)
(29,1,false)
(31,1,false)
(32,1,false)
(33,1,false)
(34,1,false)
(37,1,false)
(40,1,false)
(41,1,false)
(42,1,true)
(43,1,false)
(44,1,false)
(45,1,false)
(46,1,false)
(49,1,false)
(52,1,false)
(53,1,false)
(54,1,false)
(56,1,false)
(59,1,false)
(61,1,false)
(62,1,false)
(64,1,false)
(65,1,false)
(68,1,false)
(69,1,false)
(70,1,false)
(72,1,false)
(73,1,false)
(76,1,false)
(79,1,false)
(81,1,true)
(82,1,true)
(84,1,true)
(85,1,true)
(86,1,true)
(90,1,true)
(92,1,true)
(95,1,true)
(96,1,true)
(97,1,true)
(102,1,true)
(103,1,true)
(104,1,true)
(106,1,true)
(107,1,true)
(113,1,true)
(114,1,true)
(115,1,true)
(116,1,true)
(117,1,false)
(118,1,true)
(120,1,true)
(121,1,true)
(123,1,true)
(124,1,true)
(126,1,true)
(130,1,true)
(131,1,true)
(133,1,true)
(134,1,true)
(137,1,true)
(138,1,true)
(139,1,true)
(140,1,true)
(141,1,true)
(142,1,true)
(143,1,true)
(144,1,true)
(145,1,true)
(146,1,true)
(147,1,true)
(153,1,true)
(154,1,true)
(156,1,true)
(157,1,true)
(158,1,true)
(159,1,true)
(160,1,true)
(162,1,true)
(164,1,true)
(165,1,true)
(166,1,true)
(167,1,true)
(169,1,true)
(171,1,true)
(172,1,true)
(173,1,true)
(174,1,true)
(175,1,true)
(177,1,true)
(178,1,true)
(179,1,true)
(181,1,true)
(182,1,true)
(183,1,true)
(184,1,true)
(185,1,true)
(187,1,true)
(188,1,true)
(190,1,true)
(192,1,true)
(193,1,true)
(194,1,true)
(196,1,true)
(197,1,true)
(2,2,false)
(3,2,false)
(4,2,false)
(5,2,false)
(10,2,false)
(11,2,false)
(13,2,false)
(14,2,false)
(15,2,false)
(16,2,false)
(19,2,false)
(21,2,false)
(23,2,false)
(24,2,false)
(25,2,false)
(26,2,false)
(27,2,false)
(29,2,false)
(30,2,false)
(32,2,false)
(33,2,false)
(34,2,false)
(36,2,false)
(38,2,false)
(40,2,true)
(42,2,false)
(43,2,false)
(44,2,false)
(46,2,false)
(48,2,false)
(51,2,false)
(52,2,false)
(53,2,false)
(58,2,false)
(59,2,false)
(66,2,false)
(67,2,false)
(68,2,false)
(69,2,false)
(70,2,false)
(73,2,true)
(74,2,false)
(75,2,false)
(78,2,false)
(79,2,false)
(81,2,true)
(83,2,true)
(86,2,true)
(89,2,true)
(90,2,true)
(92,2,true)
(93,2,true)
(94,2,true)
(95,2,true)
(96,2,true)
(97,2,true)
(98,2,true)
(99,2,true)
(101,2,true)
(102,2,true)
(104,2,true)
(106,2,true)
(112,2,true)
(114,2,true)
(117,2,true)
(119,2,true)
(121,2,true)
(123,2,true)
(124,2,true)
(126,2,true)
(127,2,true)
(128,2,true)
(131,2,true)
(132,2,true)
(133,2,true)
(135,2,true)
(136,2,true)
(138,2,true)
(140,2,true)
(141,2,true)
(142,2,true)
(143,2,true)
(148,2,true)
(149,2,true)
(150,2,true)
(151,2,true)
(153,2,true)
(156,2,true)
(161,2,true)
(163,2,true)
(164,2,true)
(165,2,true)
(166,2,true)
(168,2,true)
(169,2,true)
(170,2,true)
(171,2,true)
(172,2,true)
(174,2,true)
(175,2,true)
(176,2,false)
(177,2,true)
(179,2,true)
(180,2,true)
(182,2,true)
(183,2,true)
(184,2,true)
(185,2,true)
(186,2,true)
(187,2,true)
(188,2,true)
(190,2,true)
(191,2,true)
(192,2,true)
(193,2,true)
(196,2,true)
(197,2,true)
(198,2,true)
(5,3,false)
(6,3,false)
(7,3,false)
(8,3,false)
(9,3,false)
(10,3,false)
(11,3,false)
(12,3,false)
(13,3,false)
(14,3,false)
(15,3,false)
(17,3,false)
(19,3,false)
(21,3,true)
(23,3,false)
(24,3,false)
(26,3,false)
(30,3,false)
(31,3,false)
(33,3,false)
(34,3,false)
(35,3,false)
(36,3,false)
(37,3,false)
(39,3,false)
(41,3,false)
(42,3,false)
(44,3,false)
(46,3,false)
(48,3,false)
(49,3,false)
(50,3,false)
(51,3,false)
(52,3,false)
(53,3,false)
(54,3,false)
(55,3,false)
(57,3,false)
(60,3,false)
(61,3,false)
(62,3,false)
(63,3,true)
(68,3,false)
(69,3,false)
(70,3,false)
(72,3,false)
(73,3,false)
(75,3,false)
(77,3,true)
(83,3,true)
(84,3,true)
(86,3,true)
(87,3,true)
(89,3,true)
(94,3,true)
(95,3,true)
(100,3,true)
(104,3,true)
(106,3,true)
(108,3,true)
(112,3,true)
(113,3,true)
(114,3,true)
(116,3,true)
(117,3,true)
(120,3,true)
(123,3,true)
(124,3,true)
(125,3,true)
(129,3,true)
(132,3,true)
(135,3,true)
(136,3,false)
(138,3,true)
(142,3,true)
(143,3,true)
(145,3,true)
(147,3,false)
(148,3,true)
(150,3,true)
(151,3,true)
(153,3,true)
(155,3,true)
(157,3,true)
(159,3,true)
(160,3,true)
(162,3,true)
(168,3,true)
(169,3,true)
(172,3,true)
(173,3,true)
(176,3,true)
(179,3,true)
(180,3,true)
(182,3,true)
(183,3,true)
(187,3,true)
(188,3,false)
(190,3,true)
(192,3,true)
(193,3,true)
(199,3,true)
(1,4,false)
(2,4,false)
(3,4,false)
(4,4,false)
(5,4,false)
(6,4,false)
(13,4,false)
(14,4,false)
(16,4,false)
(17,4,false)
(18,4,false)
(19,4,false)
(20,4,false)
(22,4,false)
(23,4,false)
(24,4,false)
(25,4,false)
(26,4,false)
(27,4,false)
(30,4,false)
(32,4,false)
(35,4,false)
(36,4,false)
(37,4,false)
(39,4,false)
(40,4,false)
(41,4,false)
(42,4,false)
(43,4,false)
(44,4,false)
(48,4,false)
(50,4,false)
(51,4,false)
(52,4,false)
(54,4,false)
(55,4,false)
(67,4,false)
(68,4,false)
(75,4,false)
(76,4,false)
(77,4,false)
(78,4,false)
(81,4,true)
(83,4,true)
(84,4,true)
(89,4,true)
(90,4,true)
(91,4,true)
(93,4,true)
(94,4,true)
(97,4,true)
(98,4,true)
(100,4,true)
(101,4,true)
(102,4,true)
(103,4,true)
(104,4,true)
(107,4,true)
(112,4,true)
(113,4,true)
(114,4,true)
(115,4,true)
(116,4,true)
(117,4,true)
(118,4,true)
(119,4,true)
(120,4,true)
(121,4,true)
(123,4,true)
(124,4,true)
(127,4,true)
(130,4,true)
(132,4,true)
(134,4,true)
(136,4,true)
(138,4,true)
(140,4,true)
(141,4,true)
(142,4,true)
(151,4,true)
(152,4,false)
(155,4,true)
(157,4,true)
(159,4,true)
(163,4,true)
(164,4,true)
(166,4,true)
(168,4,true)
(172,4,true)
(173,4,true)
(177,4,true)
(181,4,true)
(183,4,true)
(185,4,true)
(187,4,true)
(188,4,true)
(191,4,true)
(193,4,true)
(194,4,true)
(195,4,true)
(1,5,false)
(5,5,false)
(11,5,false)
(13,5,false)
(14,5,false)
(16,5,false)
(18,5,false)
(21,5,false)
(23,5,false)
(25,5,true)
(26,5,true)
(28,5,false)
(29,5,false)
(31,5,false)
(33,5,false)
(35,5,false)
(36,5,false)
(39,5,false)
(40,5,false)
(41,5,false)
(42,5,false)
(43,5,false)
(44,5,false)
(47,5,false)
(48,5,false)
(49,5,false)
(51,5,false)
(53,5,false)
(59,5,true)
(62,5,false)
(63,5,false)
(69,5,false)
(70,5,false)
(71,5,false)
(72,5,false)
(74,5,false)
(76,5,true)
(79,5,false)
(80,5,true)
(83,5,true)
(85,5,true)
(88,5,true)
(89,5,true)
(93,5,true)
(100,5,true)
(103,5,true)
(105,5,true)
(106,5,true)
(109,5,true)
(110,5,true)
(113,5,true)
(115,5,true)
(118,5,true)
(119,5,true)
(121,5,true)
(125,5,true)
(128,5,true)
(135,5,true)
(138,5,true)
(139,5,true)
(140,5,true)
(143,5,true)
(145,5,true)
(148,5,true)
(149,5,true)
(152,5,true)
(153,5,true)
(154,5,true)
(155,5,true)
(157,5,true)
(164,5,true)
(165,5,true)
(169,5,true)
(170,5,true)
(171,5,true)
(173,5,true)
(176,5,true)
(177,5,false)
(179,5,true)
(182,5,true)
(183,5,true)
(186,5,true)
(189,5,true)
(191,5,false)
(194,5,true)
(195,5,true)
(196,5,true)
(198,5,true)
(2,6,false)
(11,6,false)
(12,6,false)
(14,6,false)
(16,6,false)
(19,6,true)
(21,6,false)
(22,6,false)
(24,6,false)
(28,6,false)
(32,6,false)
(33,6,false)
(37,6,false)
(41,6,false)
(44,6,false)
(49,6,false)
(51,6,false)
(52,6,false)
(53,6,false)
(54,6,false)
(57,6,false)
(58,6,false)
(62,6,false)
(66,6,false)
(69,6,false)
(71,6,true)
(72,6,false)
(78,6,false)
(79,6,false)
(80,6,true)
(82,6,true)
(84,6,true)
(85,6,true)
(86,6,true)
(89,6,true)
(96,6,true)
(97,6,true)
(98,6,true)
(99,6,true)
(102,6,true)
(104,6,true)
(105,6,true)
(107,6,true)
(108,6,false)
(109,6,true)
(110,6,true)
(111,6,true)
(113,6,true)
(115,6,true)
(116,6,true)
(117,6,false)
(119,6,true)
(121,6,true)
(127,6,true)
(133,6,true)
(134,6,true)
(135,6,true)
(136,6,true)
(144,6,true)
(146,6,true)
(147,6,true)
(151,6,true)
(154,6,true)
(156,6,true)
(161,6,true)
(168,6,true)
(172,6,true)
(173,6,true)
(176,6,true)
(177,6,false)
(180,6,true)
(181,6,true)
(187,6,false)
(189,6,true)
(193,6,true)
(194,6,true)
(197,6,true)
(0,7,false)
(1,7,false)
(3,7,false)
(6,7,false)
(9,7,false)
(14,7,false)
(15,7,false)
(17,7,true)
(20,7,false)
(24,7,true)
(25,7,false)
(30,7,false)
(33,7,false)
(35,7,false)
(37,7,false)
(38,7,false)
(41,7,false)
(42,7,false)
(44,7,false)
(46,7,false)
(52,7,false)
(53,7,false)
(56,7,false)
(58,7,false)
(59,7,false)
(60,7,false)
(61,7,false)
(63,7,false)
(68,7,false)
(70,7,false)
(72,7,false)
(76,7,false)
(77,7,false)
(79,7,false)
(80,7,true)
(81,7,true)
(82,7,true)
(83,7,true)
(89,7,true)
(90,7,true)
(91,7,false)
(92,7,true)
(100,7,true)
(103,7,true)
(105,7,false)
(107,7,true)
(108,7,true)
(115,7,true)
(117,7,true)
(122,7,true)
(123,7,true)
(131,7,true)
(135,7,false)
(137,7,true)
(138,7,true)
(141,7,true)
(143,7,true)
(144,7,true)
(149,7,true)
(150,7,true)
(152,7,true)
(153,7,true)
(156,7,false)
(157,7,true)
(158,7,false)
(161,7,true)
(164,7,true)
(167,7,true)
(172,7,true)
(177,7,true)
(178,7,true)
(179,7,true)
(181,7,true)
(186,7,true)
(187,7,true)
(189,7,true)
(191,7,true)
(195,7,true)
(199,7,true)
(8,8,false)
(9,8,false)
(14,8,false)
(16,8,false)
(19,8,false)
(20,8,false)
(21,8,false)
(23,8,false)
(27,8,false)
(31,8,true)
(37,8,false)
(38,8,false)
(43,8,false)
(44,8,false)
(45,8,false)
(46,8,false)
(48,8,false)
(58,8,false)
(59,8,false)
(60,8,false)
(65,8,false)
(70,8,false)
(71,8,false)
(72,8,false)
(74,8,false)
(77,8,false)
(79,8,false)
(80,8,true)
(81,8,true)
(83,8,true)
(86,8,true)
(87,8,true)
(89,8,true)
(90,8,true)
(91,8,true)
(94,8,true)
(95,8,true)
(100,8,true)
(101,8,true)
(105,8,true)
(108,8,true)
(109,8,true)
(111,8,true)
(112,8,true)
(116,8,true)
(122,8,true)
(125,8,true)
(126,8,true)
(128,8,true)
(131,8,true)
(133,8,true)
(135,8,true)
(137,8,true)
(140,8,true)
(142,8,true)
(143,8,false)
(144,8,true)
(145,8,true)
(146,8,true)
(149,8,true)
(150,8,true)
(152,8,true)
(153,8,true)
(155,8,true)
(156,8,true)
(157,8,true)
(158,8,true)
(162,8,true)
(163,8,true)
(164,8,true)
(166,8,true)
(167,8,true)
(169,8,true)
(173,8,true)
(174,8,true)
(175,8,true)
(176,8,true)
(177,8,true)
(178,8,true)
(179,8,true)
(182,8,true)
(186,8,true)
(188,8,true)
(195,8,true)
(196,8,false)
(199,8,true)
(1,9,false)
(2,9,false)
(4,9,false)
(8,9,false)
(11,9,false)
(13,9,false)
(15,9,false)
(17,9,false)
(20,9,false)
(22,9,false)
(24,9,false)
(25,9,false)
(26,9,false)
(28,9,false)
(39,9,false)
(45,9,false)
(46,9,false)
(48,9,false)
(49,9,false)
(52,9,false)
(56,9,false)
(61,9,false)
(66,9,true)
(69,9,false)
(70,9,false)
(75,9,false)
(76,9,false)
(77,9,false)
(78,9,false)
(80,9,true)
(81,9,true)
(85,9,true)
(86,9,true)
(87,9,true)
(90,9,true)
(93,9,true)
(98,9,false)
(100,9,true)
(105,9,true)
(107,9,true)
(108,9,false)
(109,9,false)
(112,9,true)
(113,9,true)
(116,9,true)
(119,9,true)
(121,9,true)
(124,9,true)
(126,9,true)
(131,9,true)
(140,9,true)
(143,9,true)
(145,9,true)
(147,9,true)
(148,9,true)
(150,9,true)
(152,9,true)
(155,9,true)
(156,9,true)
(161,9,true)
(162,9,true)
(164,9,true)
(165,9,false)
(166,9,true)
(169,9,true)
(170,9,true)
(173,9,true)
(174,9,true)
(177,9,true)
(180,9,true)
(185,9,true)
(187,9,true)
(190,9,true)
(191,9,false)
(192,9,true)
(193,9,true)
(197,9,true)
(3,10,false)
(6,10,false)
(9,10,false)
(10,10,false)
(11,10,false)
(15,10,false)
(23,10,false)
(25,10,false)
(27,10,true)
(33,10,false)
(38,10,true)
(39,10,false)
(41,10,false)
(43,10,false)
(45,10,false)
(48,10,false)
(49,10,false)
(50,10,false)
(51,10,false)
(59,10,false)
(62,10,false)
(64,10,false)
(65,10,false)
(68,10,false)
(69,10,false)
(70,10,true)
(74,10,false)
(76,10,false)
(77,10,false)
(78,10,true)
(83,10,true)
(85,10,true)
(89,10,true)
(95,10,true)
(97,10,true)
(98,10,true)
(104,10,true)
(106,10,true)
(108,10,true)
(113,10,true)
(114,10,true)
(117,10,true)
(119,10,true)
(125,10,true)
(126,10,true)
(129,10,true)
(130,10,true)
(131,10,true)
(134,10,true)
(136,10,true)
(139,10,true)
(141,10,true)
(145,10,true)
(151,10,true)
(153,10,true)
(156,10,true)
(157,10,true)
(158,10,true)
(160,10,true)
(161,10,true)
(164,10,true)
(167,10,true)
(171,10,true)
(172,10,true)
(173,10,true)
(177,10,true)
(180,10,true)
(181,10,true)
(188,10,true)
(196,10,true)
(197,10,true)
(198,10,true)
(199,10,true)
(1,11,false)
(2,11,false)
(3,11,false)
(7,11,false)
(8,11,false)
(11,11,false)
(13,11,false)
(14,11,false)
(17,11,false)
(23,11,false)
(24,11,false)
(28,11,false)
(41,11,false)
(43,11,false)
(45,11,false)
(48,11,false)
(50,11,false)
(52,11,false)
(55,11,false)
(59,11,false)
(61,11,false)
(66,11,false)
(67,11,false)
(70,11,false)
(72,11,false)
(73,11,true)
(75,11,false)
(79,11,false)
(83,11,true)
(89,11,true)
(94,11,true)
(96,11,true)
(99,11,true)
(101,11,true)
(102,11,true)
(106,11,true)
(110,11,true)
(112,11,true)
(114,11,true)
(119,11,true)
(120,11,true)
(121,11,true)
(122,11,true)
(123,11,true)
(124,11,true)
(125,11,true)
(126,11,true)
(133,11,true)
(137,11,true)
(140,11,true)
(144,11,true)
(145,11,true)
(146,11,false)
(147,11,true)
(148,11,true)
(152,11,true)
(155,11,true)
(157,11,true)
(159,11,true)
(161,11,true)
(162,11,true)
(167,11,true)
(174,11,false)
(178,11,true)
(187,11,true)
(188,11,true)
(191,11,true)
(196,11,true)
(197,11,true)
(0,12,false)
(3,12,false)
(11,12,false)
(18,12,false)
(19,12,false)
(28,12,true)
(31,12,false)
(32,12,false)
(34,12,false)
(35,12,false)
(37,12,false)
(40,12,false)
(41,12,false)
(42,12,true)
(46,12,false)
(58,12,false)
(63,12,true)
(67,12,false)
(77,12,false)
(80,12,true)
(82,12,true)
(87,12,true)
(89,12,true)
(91,12,true)
(93,12,false)
(95,12,true)
(96,12,true)
(97,12,true)
(101,12,true)
(102,12,true)
(103,12,true)
(107,12,true)
(108,12,true)
(109,12,true)
(110,12,true)
(115,12,true)
(116,12,true)
(117,12,true)
(118,12,true)
(119,12,true)
(123,12,true)
(125,12,true)
(126,12,false)
(128,12,true)
(129,12,true)
(130,12,true)
(132,12,true)
(135,12,false)
(136,12,true)
(139,12,true)
(140,12,true)
(145,12,true)
(146,12,true)
(147,12,true)
(149,12,true)
(150,12,true)
(156,12,false)
(164,12,true)
(166,12,true)
(168,12,false)
(171,12,true)
(177,12,true)
(181,12,true)
(182,12,true)
(183,12,true)
(187,12,true)
(198,12,true)
(1,13,false)
(2,13,false)
(4,13,false)
(5,13,false)
(7,13,true)
(8,13,false)
(11,13,false)
(15,13,false)
(17,13,false)
(22,13,false)
(23,13,false)
(24,13,false)
(34,13,false)
(38,13,false)
(40,13,false)
(41,13,false)
(45,13,false)
(47,13,false)
(48,13,false)
(51,13,false)
(53,13,false)
(54,13,false)
(60,13,false)
(66,13,false)
(69,13,false)
(74,13,true)
(78,13,false)
(80,13,true)
(81,13,true)
(82,13,true)
(92,13,false)
(96,13,false)
(97,13,true)
(101,13,true)
(102,13,true)
(106,13,true)
(107,13,true)
(109,13,true)
(110,13,true)
(113,13,false)
(117,13,true)
(118,13,true)
(120,13,true)
(122,13,true)
(124,13,true)
(126,13,false)
(128,13,true)
(130,13,true)
(131,13,true)
(140,13,true)
(142,13,true)
(143,13,true)
(145,13,true)
(147,13,true)
(148,13,true)
(150,13,true)
(159,13,true)
(161,13,true)
(163,13,true)
(166,13,true)
(170,13,true)
(171,13,true)
(172,13,true)
(174,13,false)
(178,13,true)
(183,13,true)
(191,13,true)
(193,13,true)
(194,13,true)
(195,13,true)
(199,13,true)
(2,14,false)
(7,14,false)
(8,14,false)
(11,14,false)
(13,14,false)
(15,14,false)
(17,14,true)
(21,14,true)
(27,14,true)
(35,14,false)
(39,14,false)
(40,14,false)
(45,14,false)
(49,14,false)
(50,14,false)
(56,14,false)
(57,14,false)
(60,14,false)
(61,14,false)
(62,14,false)
(73,14,false)
(75,14,false)
(76,14,false)
(78,14,false)
(79,14,false)
(92,14,false)
(98,14,true)
(104,14,true)
(112,14,true)
(122,14,true)
(125,14,true)
(126,14,true)
(128,14,true)
(129,14,true)
(131,14,true)
(138,14,true)
(140,14,true)
(142,14,true)
(145,14,true)
(158,14,true)
(160,14,true)
(164,14,true)
(169,14,true)
(171,14,true)
(174,14,true)
(177,14,true)
(179,14,true)
(182,14,true)
(183,14,true)
(187,14,true)
(188,14,true)
(191,14,true)
(193,14,true)
(194,14,true)
(197,14,true)
(199,14,true)
(1,15,false)
(2,15,false)
(6,15,false)
(7,15,false)
(13,15,false)
(16,15,false)
(17,15,false)
(26,15,false)
(27,15,false)
(29,15,false)
(33,15,false)
(35,15,false)
(37,15,false)
(40,15,true)
(42,15,false)
(48,15,false)
(50,15,false)
(52,15,false)
(53,15,false)
(54,15,false)
(57,15,false)
(59,15,false)
(62,15,false)
(63,15,false)
(64,15,false)
(88,15,true)
(91,15,true)
(95,15,true)
(99,15,true)
(107,15,true)
(109,15,true)
(112,15,true)
(113,15,true)
(114,15,true)
(115,15,true)
(116,15,true)
(117,15,true)
(119,15,true)
(120,15,true)
(123,15,true)
(125,15,true)
(127,15,true)
(129,15,true)
(136,15,true)
(141,15,true)
(142,15,true)
(146,15,true)
(150,15,true)
(151,15,true)
(152,15,true)
(153,15,true)
(157,15,true)
(160,15,true)
(163,15,true)
(164,15,true)
(165,15,true)
(169,15,true)
(170,15,true)
(177,15,true)
(179,15,true)
(181,15,true)
(182,15,true)
(185,15,true)
(190,15,true)
(191,15,true)
(197,15,true)
(4,16,false)
(5,16,false)
(6,16,false)
(10,16,false)
(11,16,false)
(15,16,false)
(22,16,false)
(23,16,false)
(24,16,false)
(31,16,false)
(32,16,false)
(33,16,false)
(36,16,false)
(38,16,true)
(42,16,false)
(43,16,false)
(46,16,false)
(49,16,false)
(63,16,true)
(65,16,false)
(66,16,false)
(67,16,false)
(73,16,false)
(75,16,false)
(82,16,true)
(87,16,true)
(88,16,true)
(90,16,true)
(91,16,true)
(93,16,true)
(94,16,true)
(97,16,true)
(101,16,true)
(105,16,true)
(106,16,true)
(107,16,true)
(111,16,true)
(113,16,true)
(114,16,true)
(118,16,true)
(120,16,true)
(131,16,true)
(136,16,true)
(140,16,true)
(154,16,true)
(160,16,false)
(161,16,true)
(164,16,true)
(166,16,true)
(169,16,true)
(171,16,true)
(175,16,false)
(178,16,false)
(182,16,true)
(184,16,true)
(185,16,true)
(186,16,true)
(187,16,true)
(193,16,true)
(197,16,true)
(198,16,false)
(1,17,false)
(3,17,false)
(5,17,false)
(7,17,false)
(9,17,false)
(12,17,false)
(18,17,false)
(23,17,false)
(28,17,false)
(30,17,false)
(38,17,false)
(50,17,true)
(51,17,false)
(52,17,false)
(54,17,false)
(59,17,false)
(61,17,false)
(62,17,false)
(65,17,false)
(67,17,false)
(70,17,false)
(79,17,false)
(81,17,true)
(87,17,true)
(91,17,true)
(92,17,true)
(99,17,true)
(102,17,true)
(110,17,true)
(112,17,true)
(113,17,true)
(115,17,true)
(118,17,true)
(120,17,true)
(122,17,true)
(126,17,true)
(127,17,true)
(129,17,true)
(130,17,true)
(132,17,true)
(136,17,true)
(137,17,true)
(140,17,true)
(146,17,false)
(147,17,true)
(149,17,true)
(153,17,true)
(156,17,true)
(163,17,true)
(164,17,true)
(170,17,true)
(174,17,true)
(177,17,true)
(178,17,true)
(179,17,true)
(185,17,true)
(186,17,true)
(187,17,true)
(194,17,true)
(195,17,true)
(3,18,false)
(7,18,false)
(8,18,false)
(11,18,false)
(18,18,false)
(23,18,false)
(24,18,false)
(31,18,false)
(32,18,false)
(34,18,false)
(36,18,false)
(38,18,false)
(39,18,false)
(44,18,false)
(46,18,false)
(50,18,false)
(51,18,false)
(54,18,false)
(57,18,false)
(66,18,false)
(67,18,false)
(73,18,false)
(74,18,true)
(83,18,true)
(85,18,true)
(86,18,true)
(87,18,true)
(90,18,true)
(92,18,true)
(101,18,true)
(102,18,true)
(105,18,true)
(107,18,true)
(110,18,true)
(115,18,true)
(117,18,true)
(119,18,true)
(123,18,true)
(127,18,true)
(133,18,true)
(146,18,true)
(147,18,true)
(150,18,false)
(151,18,true)
(152,18,true)
(155,18,true)
(161,18,true)
(163,18,true)
(166,18,false)
(176,18,false)
(177,18,true)
(179,18,true)
(185,18,true)
(190,18,true)
(191,18,true)
(193,18,true)
(197,18,true)
(5,19,false)
(7,19,false)
(8,19,false)
(12,19,false)
(21,19,false)
(24,19,false)
(28,19,false)
(29,19,false)
(34,19,false)
(35,19,false)
(37,19,true)
(43,19,false)
(44,19,false)
(45,19,false)
(50,19,false)
(53,19,false)
(60,19,false)
(67,19,false)
(68,19,false)
(75,19,true)
(76,19,false)
(78,19,false)
(80,19,true)
(84,19,true)
(87,19,true)
(95,19,true)
(97,19,false)
(100,19,true)
(106,19,true)
(107,19,true)
(108,19,true)
(111,19,true)
(120,19,true)
(122,19,true)
(127,19,true)
(128,19,true)
(129,19,true)
(133,19,true)
(136,19,true)
(137,19,true)
(143,19,true)
(145,19,true)
(146,19,false)
(149,19,true)
(152,19,true)
(155,19,true)
(159,19,true)
(161,19,true)
(168,19,true)
(170,19,false)
(171,19,true)
(173,19,true)
(177,19,true)
(178,19,true)
(191,19,true)
(193,19,true)
(0,20,false)
(2,20,false)
(3,20,false)
(12,20,false)
(13,20,false)
(18,20,false)
(23,20,false)
(28,20,true)
(30,20,false)
(31,20,false)
(39,20,false)
(43,20,false)
(47,20,false)
(49,20,false)
(51,20,false)
(52,20,false)
(60,20,false)
(69,20,false)
(71,20,false)
(85,20,true)
(87,20,true)
(89,20,true)
(91,20,false)
(92,20,true)
(100,20,true)
(105,20,true)
(108,20,true)
(113,20,true)
(114,20,true)
(119,20,true)
(124,20,true)
(125,20,true)
(130,20,true)
(133,20,true)
(136,20,true)
(137,20,true)
(150,20,true)
(156,20,true)
(159,20,true)
(161,20,false)
(163,20,true)
(165,20,true)
(167,20,true)
(173,20,true)
(175,20,true)
(176,20,true)
(177,20,true)
(180,20,true)
(187,20,false)
(189,20,true)
(191,20,true)
(193,20,false)
(199,20,true)
(3,21,false)
(9,21,false)
(13,21,false)
(18,21,false)
(23,21,false)
(24,21,false)
(29,21,false)
(30,21,false)
(33,21,false)
(34,21,false)
(40,21,false)
(41,21,false)
(43,21,false)
(46,21,false)
(49,21,false)
(57,21,false)
(59,21,false)
(64,21,false)
(65,21,false)
(67,21,false)
(68,21,false)
(75,21,false)
(76,21,false)
(77,21,false)
(89,21,true)
(92,21,true)
(96,21,true)
(106,21,true)
(115,21,true)
(121,21,true)
(122,21,false)
(129,21,true)
(134,21,true)
(140,21,true)
(141,21,true)
(146,21,true)
(149,21,true)
(155,21,true)
(157,21,true)
(160,21,true)
(165,21,true)
(173,21,true)
(177,21,true)
(178,21,true)
(181,21,true)
(182,21,true)
(184,21,true)
(186,21,true)
(187,21,true)
(188,21,true)
(193,21,true)
(196,21,true)
(197,21,true)
(199,21,true)
(8,22,false)
(13,22,false)
(37,22,false)
(40,22,false)
(43,22,false)
(46,22,true)
(52,22,false)
(53,22,false)
(54,22,false)
(60,22,false)
(62,22,false)
(63,22,true)
(64,22,false)
(68,22,false)
(74,22,false)
(76,22,false)
(77,22,false)
(83,22,false)
(89,22,true)
(92,22,false)
(100,22,true)
(103,22,true)
(104,22,true)
(110,22,true)
(126,22,true)
(127,22,true)
(131,22,true)
(139,22,true)
(143,22,true)
(144,22,true)
(145,22,true)
(147,22,true)
(148,22,true)
(160,22,true)
(161,22,true)
(162,22,false)
(164,22,true)
(170,22,false)
(171,22,true)
(176,22,true)
(177,22,true)
(182,22,true)
(194,22,true)
(195,22,true)
(3,23,false)
(11,23,false)
(18,23,false)
(23,23,false)
(24,23,false)
(28,23,false)
(32,23,false)
(34,23,false)
(36,23,false)
(37,23,false)
(38,23,false)
(41,23,false)
(42,23,true)
(46,23,false)
(50,23,false)
(63,23,false)
(74,23,false)
(75,23,false)
(77,23,false)
(79,23,false)
(81,23,true)
(82,23,true)
(83,23,true)
(85,23,true)
(87,23,true)
(89,23,true)
(94,23,true)
(95,23,true)
(101,23,true)
(102,23,true)
(107,23,true)
(108,23,true)
(110,23,true)
(111,23,true)
(115,23,true)
(116,23,true)
(117,23,true)
(127,23,true)
(131,23,true)
(133,23,true)
(135,23,true)
(137,23,true)
(141,23,true)
(151,23,true)
(152,23,true)
(153,23,true)
(167,23,true)
(176,23,true)
(182,23,true)
(183,23,true)
(186,23,true)
(194,23,true)
(197,23,true)
(2,24,false)
(3,24,false)
(4,24,false)
(7,24,false)
(13,24,true)
(19,24,false)
(28,24,false)
(29,24,false)
(33,24,false)
(35,24,false)
(44,24,false)
(55,24,false)
(61,24,false)
(62,24,false)
(65,24,false)
(68,24,false)
(71,24,false)
(76,24,false)
(78,24,false)
(88,24,true)
(90,24,true)
(94,24,true)
(96,24,true)
(100,24,true)
(102,24,true)
(108,24,true)
(113,24,true)
(117,24,true)
(120,24,true)
(121,24,true)
(130,24,true)
(131,24,true)
(135,24,true)
(138,24,true)
(142,24,true)
(146,24,true)
(149,24,true)
(151,24,true)
(159,24,true)
(169,24,true)
(172,24,true)
(180,24,true)
(186,24,true)
(187,24,true)
(188,24,true)
(189,24,true)
(190,24,true)
(194,24,false)
(195,24,true)
(196,24,true)
(1,25,false)
(7,25,false)
(10,25,false)
(12,25,false)
(13,25,false)
(14,25,false)
(24,25,false)
(30,25,false)
(33,25,false)
(40,25,false)
(42,25,false)
(43,25,false)
(44,25,false)
(48,25,false)
(49,25,false)
(54,25,false)
(55,25,false)
(58,25,true)
(61,25,false)
(62,25,false)
(64,25,false)
(67,25,false)
(76,25,false)
(81,25,true)
(82,25,true)
(87,25,true)
(89,25,true)
(90,25,true)
(91,25,true)
(99,25,true)
(100,25,true)
(101,25,false)
(102,25,true)
(103,25,true)
(106,25,true)
(108,25,true)
(110,25,true)
(121,25,true)
(123,25,true)
(126,25,true)
(127,25,true)
(130,25,true)
(132,25,true)
(135,25,true)
(140,25,true)
(141,25,true)
(142,25,true)
(143,25,true)
(146,25,true)
(147,25,true)
(152,25,true)
(153,25,true)
(155,25,true)
(156,25,true)
(158,25,true)
(159,25,true)
(161,25,true)
(162,25,true)
(165,25,true)
(166,25,true)
(167,25,true)
(170,25,true)
(172,25,true)
(174,25,true)
(175,25,true)
(180,25,true)
(182,25,false)
(184,25,true)
(193,25,true)
(195,25,true)
(2,26,false)
(4,26,false)
(6,26,false)
(23,26,false)
(24,26,false)
(26,26,false)
(29,26,false)
(33,26,false)
(34,26,false)
(37,26,false)
(39,26,false)
(40,26,false)
(41,26,false)
(42,26,false)
(45,26,false)
(46,26,false)
(48,26,false)
(51,26,false)
(52,26,false)
(54,26,false)
(55,26,false)
(58,26,false)
(59,26,false)
(60,26,false)
(72,26,false)
(76,26,false)
(82,26,true)
(85,26,true)
(94,26,true)
(96,26,true)
(101,26,true)
(108,26,true)
(112,26,true)
(113,26,true)
(115,26,true)
(116,26,true)
(117,26,true)
(119,26,true)
(121,26,true)
(123,26,true)
(125,26,true)
(129,26,true)
(130,26,true)
(136,26,true)
(145,26,true)
(147,26,true)
(149,26,true)
(152,26,true)
(155,26,true)
(156,26,false)
(157,26,true)
(166,26,true)
(180,26,true)
(191,26,true)
(195,26,true)
(196,26,true)
(198,26,true)
(2,27,false)
(3,27,false)
(5,27,false)
(10,27,false)
(11,27,false)
(13,27,false)
(21,27,false)
(22,27,false)
(28,27,false)
(32,27,false)
(33,27,false)
(35,27,false)
(38,27,false)
(40,27,false)
(48,27,false)
(57,27,false)
(61,27,true)
(62,27,false)
(63,27,false)
(64,27,false)
(70,27,false)
(74,27,false)
(75,27,false)
(76,27,false)
(80,27,true)
(88,27,true)
(93,27,true)
(101,27,true)
(102,27,true)
(112,27,true)
(114,27,true)
(118,27,true)
(119,27,true)
(120,27,true)
(125,27,true)
(128,27,true)
(130,27,true)
(135,27,true)
(138,27,true)
(139,27,true)
(146,27,true)
(148,27,true)
(149,27,true)
(153,27,true)
(159,27,true)
(161,27,true)
(162,27,true)
(171,27,true)
(178,27,true)
(183,27,true)
(184,27,true)
(185,27,true)
(188,27,true)
(189,27,true)
(192,27,true)
(197,27,true)
(199,27,true)
(1,28,false)
(2,28,false)
(10,28,false)
(13,28,false)
(17,28,false)
(18,28,false)
(22,28,false)
(33,28,false)
(36,28,false)
(40,28,false)
(43,28,false)
(44,28,false)
(45,28,false)
(48,28,false)
(52,28,false)
(58,28,false)
(60,28,false)
(64,28,false)
(65,28,false)
(68,28,false)
(69,28,false)
(71,28,false)
(74,28,false)
(75,28,false)
(76,28,false)
(77,28,false)
(80,28,true)
(89,28,true)
(90,28,true)
(93,28,true)
(98,28,true)
(100,28,true)
(102,28,true)
(104,28,true)
(105,28,true)
(113,28,true)
(117,28,true)
(128,28,true)
(146,28,true)
(151,28,true)
(153,28,true)
(158,28,true)
(163,28,true)
(174,28,true)
(179,28,true)
(182,28,false)
(185,28,true)
(190,28,true)
(191,28,true)
(198,28,true)
(0,29,false)
(1,29,false)
(2,29,false)
(8,29,false)
(10,29,false)
(15,29,false)
(23,29,true)
(29,29,false)
(31,29,false)
(33,29,false)
(35,29,false)
(37,29,false)
(38,29,true)
(39,29,false)
(45,29,false)
(48,29,false)
(49,29,false)
(54,29,false)
(60,29,false)
(65,29,false)
(68,29,false)
(74,29,false)
(78,29,false)
(84,29,true)
(88,29,true)
(89,29,true)
(97,29,true)
(98,29,true)
(103,29,true)
(104,29,true)
(106,29,true)
(116,29,true)
(119,29,true)
(120,29,true)
(135,29,true)
(136,29,true)
(145,29,true)
(149,29,true)
(151,29,true)
(152,29,true)
(162,29,true)
(164,29,true)
(165,29,true)
(167,29,true)
(168,29,true)
(170,29,true)
(172,29,true)
(176,29,true)
(179,29,false)
(180,29,false)
(183,29,true)
(184,29,true)
(185,29,true)
(187,29,true)
(188,29,true)
(190,29,true)
(196,29,true)
(199,29,true)
(2,30,false)
(4,30,false)
(5,30,false)
(11,30,false)
(12,30,false)
(15,30,false)
(19,30,false)
(26,30,false)
(27,30,false)
(38,30,false)
(42,30,false)
(48,30,false)
(52,30,false)
(54,30,false)
(55,30,false)
(57,30,false)
(62,30,false)
(67,30,false)
(68,30,false)
(83,30,true)
(89,30,true)
(90,30,true)
(91,30,true)
(100,30,true)
(102,30,true)
(104,30,true)
(105,30,true)
(106,30,true)
(111,30,true)
(118,30,true)
(120,30,true)
(122,30,true)
(131,30,true)
(135,30,true)
(137,30,true)
(138,30,true)
(143,30,true)
(146,30,true)
(147,30,true)
(155,30,true)
(156,30,true)
(157,30,true)
(160,30,true)
(163,30,true)
(164,30,true)
(165,30,true)
(171,30,true)
(175,30,true)
(194,30,true)
(195,30,true)
(198,30,true)
(10,31,false)
(17,31,false)
(18,31,false)
(26,31,false)
(31,31,true)
(33,31,false)
(41,31,false)
(47,31,false)
(50,31,false)
(51,31,true)
(57,31,false)
(63,31,false)
(64,31,false)
(69,31,false)
(73,31,false)
(75,31,false)
(76,31,false)
(84,31,true)
(86,31,true)
(87,31,true)
(91,31,true)
(93,31,true)
(97,31,true)
(124,31,true)
(125,31,true)
(129,31,true)
(130,31,true)
(139,31,true)
(143,31,true)
(147,31,true)
(149,31,true)
(151,31,true)
(154,31,true)
(156,31,false)
(158,31,true)
(163,31,true)
(172,31,true)
(177,31,true)
(181,31,true)
(194,31,true)
(10,32,true)
(12,32,false)
(17,32,false)
(18,32,false)
(19,32,false)
(25,32,false)
(27,32,false)
(30,32,false)
(34,32,false)
(49,32,false)
(51,32,false)
(52,32,false)
(53,32,false)
(54,32,false)
(56,32,false)
(60,32,false)
(61,32,false)
(66,32,false)
(69,32,false)
(70,32,false)
(72,32,true)
(73,32,false)
(80,32,true)
(83,32,true)
(86,32,true)
(94,32,true)
(100,32,true)
(101,32,true)
(103,32,true)
(111,32,true)
(112,32,true)
(114,32,true)
(130,32,true)
(133,32,true)
(134,32,true)
(145,32,true)
(149,32,true)
(154,32,true)
(161,32,false)
(162,32,true)
(177,32,true)
(178,32,true)
(182,32,true)
(185,32,true)
(190,32,true)
(193,32,true)
(197,32,true)
(198,32,true)
(0,33,false)
(2,33,false)
(7,33,false)
(8,33,false)
(10,33,false)
(13,33,false)
(16,33,false)
(19,33,false)
(20,33,false)
(26,33,false)
(30,33,false)
(38,33,false)
(51,33,false)
(54,33,false)
(58,33,false)
(62,33,false)
(70,33,false)
(80,33,true)
(81,33,true)
(82,33,true)
(86,33,true)
(88,33,true)
(89,33,true)
(90,33,true)
(95,33,true)
(108,33,true)
(109,33,true)
(116,33,true)
(118,33,false)
(125,33,true)
(130,33,true)
(131,33,true)
(145,33,true)
(155,33,true)
(159,33,true)
(165,33,true)
(166,33,true)
(167,33,true)
(172,33,true)
(175,33,true)
(176,33,true)
(178,33,true)
(179,33,true)
(180,33,true)
(182,33,false)
(183,33,true)
(187,33,true)
(189,33,true)
(195,33,true)

(42,27)
(134,5)
(48,33)
(168,5)
(133,31)
(163,7)
(31,30)
(181,19)
(192,20)
(102,33)
(30,8)
(140,15)
(115,16)
(158,20)
(10,23)
(7,31)
(37,25)
(180,5)
(145,15)
(109,4)
(106,22)
(127,8)
(161,4)
(24,8)
(125,23)
(128,31)
(144,5)
(78,3)
(139,4)
(24,14)
(154,13)
(161,1)
(5,15)
(52,16)
(15,8)
(136,7)
(53,25)
(61,5)
(141,33)
(19,31)
(170,33)
(41,27)
(131,17)
(128,3)
(168,18)
(81,14)
(189,11)
(154,10)
(4,15)
(144,32)
(120,33)
(155,29)
(48,7)
(127,27)
(44,31)
(10,26)
(116,5)
(148,4)
(178,5)
(34,8)
(168,33)
(77,6)
(195,28)
(37,30)
(67,20)
(191,6)
(62,32)
(185,6)
(179,21)
(43,15)
(122,22)
(191,8)
(135,1)
(152,6)
(67,8)
(53,20)
(132,14)
(25,29)
(105,33)
(174,0)
(177,3)
(4,28)
(2,7)
(132,15)
(115,3)
(144,14)
(123,14)
(8,24)
(37,5)
(85,4)
(84,23)
(67,13)
(22,11)
(95,14)
(189,8)
(173,24)
(115,2)
(9,4)
(53,4)
(129,20)
(101,29)
(96,14)
(106,7)
(137,9)
(127,7)
(150,14)
(109,29)
(63,20)
(44,33)
(90,26)
(171,17)
(30,28)
(79,12)
(58,9)
(72,0)
(86,25)
(16,26)
(35,21)
(94,18)
(145,4)
(74,33)
(195,21)
(24,12)
(69,12)
(71,21)
(18,7)
(17,10)
(101,24)
(122,31)
(3,0)
(172,32)
(104,19)
(21,7)
(190,0)
(116,20)
(118,20)
(151,7)
(165,31)
(129,11)
(28,0)
(63,2)
(1,18)
(52,13)
(84,7)
(149,1)
(121,23)
(163,0)
(168,23)
(161,21)
(118,25)
(183,10)
(14,21)
(74,9)
(53,21)
(50,0)
(51,27)
(141,24)
(111,11)
(85,2)
(162,6)
(172,26)
(67,9)
(145,17)
(1,14)
(47,17)
(65,6)
(32,22)
(131,11)
(132,20)
(74,24)
(198,19)
(188,28)
(195,3)
(45,16)
(94,19)
(83,9)
(6,33)
(7,21)
(190,6)
(83,19)
(61,26)
(94,0)
(191,21)
(191,10)
(94,31)
(42,13)
(56,8)
(147,24)
(111,17)
(186,13)
(191,22)
(9,27)
(34,25)
(174,21)
(123,28)
(187,13)
(48,22)
(130,15)
(179,32)
(112,12)
(97,8)
(6,8)
(109,16)
(8,31)
(107,8)
(41,24)
(25,11)
(27,1)
(47,1)
(101,5)
(150,30)
(42,18)
(18,19)
(56,13)
(128,10)
(98,23)
(184,26)
(9,24)
(66,1)
(22,0)
(194,10)
(58,11)
(19,9)
(41,14)
(44,16)
(104,11)
(157,0)
(9,9)
(145,24)
(48,1)
(53,28)
(79,33)
(156,27)
(76,0)
(38,12)
(189,26)
(150,21)
(174,20)
(104,13)
(119,3)
(118,11)
(184,7)
(63,1)
(189,23)
(68,0)
(109,28)
(184,30)
(94,10)
(115,25)
(99,29)
(119,13)
(150,5)
(124,6)
(94,28)
(140,33)
(194,12)
(73,5)
(30,31)
(131,15)
(134,8)
(183,19)
(102,21)
(193,24)
(83,29)
(103,27)
(151,32)
(110,28)
(78,8)
(57,5)
(64,3)
(11,8)
(60,27)
(60,30)
(53,16)
(89,1)
(179,10)
(104,21)
(22,7)
(59,19)
(150,23)
(24,15)
(120,28)
(89,15)
(99,8)
(70,16)
(10,0)
(40,8)
(98,1)
(67,1)
(84,5)
(189,4)
(145,16)
(158,12)
(87,27)
(113,19)
(173,12)
(130,7)
(27,24)
(27,9)
(127,13)
(162,16)
(57,33)
(67,3)
(86,22)
(145,2)
(161,33)
(62,4)
(189,1)
(83,6)
(130,8)
(13,7)
(139,3)
(196,9)
(114,25)
(92,4)
(46,28)
(142,10)
(183,26)
(109,1)
(149,11)
(188,7)
(92,11)
(111,4)
(124,19)
(92,32)
(37,28)
(176,4)
(106,9)
(139,32)
(171,4)
(146,31)
(32,20)
(74,0)
(18,14)
(37,11)
(9,15)
(31,2)
(107,3)
(107,22)
(39,31)
(32,26)
(130,23)
(84,21)
(151,26)
(96,25)
(41,9)
(159,16)
(196,30)
(27,26)
(5,25)
(154,11)
(143,6)
(28,26)
(60,6)
(38,24)
(177,26)
(121,14)
(166,7)
(56,6)
(176,13)
(40,7)
(152,2)
(100,1)
(17,18)
(120,25)
(53,14)
(91,1)
(79,9)
(84,16)
(55,6)
(115,30)
(47,22)
(171,3)
(137,4)
(192,26)
(121,32)
(183,21)
(113,11)
(193,17)
(33,30)
(167,13)
(34,9)
(69,8)
(2,18)
(74,1)
(190,8)
(90,23)
(125,1)
(24,10)
(179,22)
(45,20)
(107,30)
(51,19)
(105,14)
(136,13)
(163,14)
(115,33)
(64,26)
(88,18)
(131,4)
(83,24)
(15,31)
(169,33)
(146,22)
(114,23)
(20,15)
(54,28)
(153,16)
(184,6)
(149,0)
(85,15)
(191,12)
(1,32)
(131,31)
(63,8)
(21,24)
(48,12)
(127,31)
(86,24)
(176,17)
(198,1)
(199,12)
(84,13)
(145,27)
(33,18)
(135,31)
(162,19)
(77,2)
(57,7)
(140,30)
(101,28)
(146,33)
(192,15)
(22,21)
(193,33)
(14,18)
(61,28)
(62,8)
(91,13)
(185,20)
(99,33)
(62,12)
(28,29)
(33,12)
(53,27)
(119,23)
(10,24)
(52,29)
(69,4)
(119,24)
(80,18)
(31,4)
(121,30)
(93,11)
(9,16)
(49,27)
(137,32)
(171,11)
(66,19)
(79,10)
(3,33)
(187,31)
(197,12)
(95,4)
(68,15)
(35,20)
(39,1)
(190,20)
(86,26)
(190,7)
(31,22)
(190,4)
(36,29)
(50,28)
(139,2)
(19,29)
(198,8)
(72,31)
(159,31)
(57,2)
(7,26)
(149,15)
(168,31)
(146,32)
(15,33)
(6,1)
(159,32)
(81,16)
(58,1)
(22,8)
(178,26)
(199,32)
(49,19)
(19,7)
(71,15)
(138,9)
(32,13)
(35,0)
(162,33)
(21,12)
(1,21)
(106,0)
(119,32)
(102,14)
(17,20)
(54,23)
(126,21)
(33,13)
(148,32)
(113,8)
(7,30)
(122,24)
(83,15)
(148,16)
(174,7)
(116,27)
(118,21)
(0,8)
(13,6)
(173,33)
(34,16)
(114,8)
(121,3)
(185,13)
(141,18)
(155,13)
(56,22)
(155,10)
(89,24)
(78,28)
(51,8)
(77,29)
(154,9)
(183,22)
(143,26)
(17,27)
(114,17)
(128,16)
(114,21)
(5,6)
(178,10)
(195,0)
(184,14)
(196,7)
(40,30)
(156,19)
(44,30)
(1,12)
(61,18)
(78,0)
(174,15)
(23,7)
(35,26)
(21,22)
(41,19)
(157,17)
(21,11)
(15,23)
(142,11)
(156,3)
(153,29)
(130,19)
(103,2)
(192,7)
(170,18)
(195,11)
(162,30)
(18,26)
(74,12)
(39,15)
(124,27)
(108,16)
(21,30)
(109,20)
(22,3)
(12,2)
(176,9)
(147,0)
(175,11)
(31,11)
(1,10)
(172,17)
(115,9)
(85,16)
(177,13)
(20,27)
(58,31)
(92,8)
(129,32)
(132,1)
(179,23)
(183,30)
(120,20)
(103,16)
(192,14)
(27,11)
(144,25)
(126,7)
(163,3)
(168,25)
(23,31)
(52,5)
(125,18)
(24,22)
(40,16)
(192,28)
(127,21)
(160,32)
(171,0)
(88,6)
(89,16)
(114,24)
(97,20)
(141,22)
(111,28)
(193,28)
(59,13)
(71,1)
(68,26)
(80,21)
(199,24)
(172,16)
(41,18)
(119,30)
(146,26)
(172,23)
(8,2)
(119,14)
(64,19)
(51,23)
(19,18)
(33,11)
(82,20)
(58,17)
(99,12)
(91,14)
(125,7)
(135,21)
(35,13)
(183,6)
(148,31)
(145,31)
(62,23)
(13,12)
(8,4)
(145,20)
(131,28)
(96,32)
(6,5)
(76,15)
(63,17)
(8,5)
(57,1)
(149,6)
(142,12)
(17,21)
(106,4)
(191,1)
(111,25)
(148,8)
(83,20)
(119,7)
(103,21)
(105,26)
(53,23)
(177,23)
(108,2)
(109,14)
(41,15)
(63,33)
(83,25)
(2,3)
(41,8)
(156,18)
(161,14)
(11,26)
(183,20)
(94,12)
(175,29)
(191,3)
(85,3)
(10,5)
(13,10)
(7,6)
(176,21)
(113,25)
(104,7)
(57,16)
(4,31)
(32,14)
(5,8)
(110,21)
(144,23)
(164,6)
(36,11)
(102,10)
(102,26)
(38,25)
(169,17)
(170,1)
(64,11)
(90,31)
(150,6)
(150,27)
(79,20)
(64,9)
(5,26)
(163,1)
(155,27)
(111,10)
(55,33)
(60,21)
(33,20)
(94,1)
(49,12)
(143,29)
(65,20)
(68,8)
(16,30)
(98,20)
(146,4)
(197,17)
(139,24)
(109,3)
(60,15)
(5,9)
(20,17)
(45,2)
(154,21)
(28,4)
(134,2)
(157,9)
(40,3)
(27,13)
(162,14)
(185,7)
(12,31)
(118,7)
(79,31)
(130,5)
(40,18)
(92,30)
(42,14)
(29,14)
(112,19)
(105,27)
(33,23)
(21,20)
(70,28)
(44,22)
(109,17)
(43,3)
(0,21)
(37,17)
(22,29)
(60,4)
(76,2)
(13,16)
(107,5)
(139,7)
(29,11)
(32,3)
(26,13)
(195,10)
(188,13)
(166,20)
(5,14)
(126,4)
(42,6)
(98,11)
(74,14)
(103,11)
(2,32)
(49,4)
(75,30)
(14,22)
(189,25)
(119,16)
(147,28)
(154,2)
(27,33)
(199,18)
(199,2)
(189,30)
(80,29)
(142,9)
(2,8)
(66,4)
(116,22)
(67,32)
(119,1)
(128,33)
(63,30)
(30,30)
(19,20)
(33,22)
(42,8)
(53,9)
(68,16)
(36,8)
(61,16)
(170,20)
(77,0)
(199,4)
(183,9)
(186,9)
(168,13)
(42,0)
(148,1)
(113,18)
(119,8)
(181,13)
(66,5)
(94,29)
(76,33)
(181,25)
(111,31)
(85,12)
(182,30)
(110,1)
(175,22)
(126,28)
(30,14)
(19,11)
(42,21)
(75,10)
(91,5)
(56,31)
(51,16)
(99,5)
(188,31)
(168,16)
(69,21)
(20,24)
(139,18)
(77,13)
(66,22)
(131,19)
(69,25)
(192,30)
(157,32)
(16,10)
(96,23)
(77,16)
(18,30)
(99,21)
(16,7)
(6,11)
(165,14)
(177,28)
(100,33)
(97,23)
(58,30)
(48,6)
(50,16)
(139,29)
(72,2)
(29,18)
(12,5)
(34,10)
(103,13)
(169,29)
(114,33)
(39,6)
(167,5)
(179,27)
(13,17)
(103,17)
(47,33)
(65,19)
(112,6)
(125,4)
(31,15)
(131,27)
(106,20)
(176,19)
(68,33)
(182,4)
(111,27)
(44,17)
(112,20)
(93,30)
(138,31)
(155,2)
(39,17)
(35,33)
(88,14)
(111,14)
(92,19)
(49,13)
(49,17)
(187,19)
(162,17)
(22,26)
(166,21)
(91,23)
(10,9)
(8,16)
(10,6)
(92,5)
(32,5)
(38,5)
(198,21)
(150,1)
(195,12)
(23,9)
(194,19)
(169,12)
(98,18)
(55,0)
(128,17)
(111,12)
(192,17)
(111,33)
(9,25)
(162,7)
(51,12)
(182,17)
(45,7)
(95,5)
(102,9)
(123,10)
(88,4)
(133,13)
(54,10)
(37,24)
(94,22)
(164,11)
(50,32)
(179,6)
(109,24)
(122,3)
(195,1)
(134,11)
(145,6)
(21,23)
(162,5)
(173,11)
(126,5)
(59,23)
(70,23)
(89,17)
(55,9)
(167,6)
(10,4)
(16,17)
(61,20)
(138,12)
(90,13)
(147,4)
(64,33)
(95,20)
(22,24)
(68,6)
(198,33)
(149,20)
(163,6)
(73,30)
(25,6)
(128,1)
(40,6)
(68,17)
(83,26)
(84,20)
(28,13)
(184,4)
(181,29)
(189,32)
(155,6)
(60,18)
(196,27)
(4,32)
(5,22)
(7,22)
(158,29)
(18,15)
(128,15)
(138,18)
(98,7)
(10,20)
(82,22)
(36,14)
(79,27)
(47,32)
(123,21)
(15,15)
(60,10)
(57,28)
(56,28)
(30,15)
(116,16)
(51,25)
(94,30)
(29,3)
(1,24)
(127,3)
(123,8)
(64,14)
(111,9)
(164,26)
(63,10)
(193,26)
(190,10)
(75,20)
(95,30)
(169,20)
(55,1)
(173,30)
(20,16)
(164,28)
(72,21)
(14,13)
(181,27)
(65,2)
(49,26)
(94,13)
(100,2)
(83,21)
(96,30)
(17,5)
(185,14)
(81,29)
(160,4)
(30,19)
(19,25)
(11,20)
(58,15)
(5,11)
(126,3)
(110,24)
(18,10)
(149,3)
(157,25)
(109,2)
(147,23)
(138,8)
(197,24)
(171,21)
(185,23)
(151,30)
(51,1)
(136,32)
(73,22)
(176,14)
(21,16)
(12,14)
(26,12)
(27,28)
(120,22)
(120,9)
(164,3)
(47,29)
(70,26)
(128,18)
(186,32)
(3,29)
(86,19)
(4,6)
(64,4)
(113,14)
(28,3)
(57,24)
(23,6)
(185,8)
(85,24)
(102,8)
(51,9)
(35,1)
(191,24)
(24,33)
(46,33)
(39,13)
(125,28)
(88,17)
(86,4)
(99,20)
(175,7)
(35,8)
(64,2)
(106,31)
(47,14)
(66,0)
(109,11)
(35,30)
(113,27)
(157,27)
(145,18)
(123,6)
(29,12)
(129,2)
(12,10)
(26,27)
(6,6)
(21,9)
(137,16)
(160,27)
(195,32)
(61,6)
(61,10)
(135,18)
(153,6)
(172,12)
(187,18)
(147,8)
(133,3)
(180,15)
(108,32)
(23,30)
(109,10)
(125,21)
(116,30)
(5,29)
(191,17)
(194,27)
(30,22)
(20,20)
(55,14)
(197,30)
(116,19)
(153,14)
(15,25)
(69,7)
(23,32)
(181,3)
(193,10)
(63,13)
(150,19)
(79,19)
(20,21)
(81,18)
(100,14)
(108,30)
(109,27)
(138,10)
(9,26)
(116,10)
(98,31)
(109,25)
(185,24)
(23,33)
(188,12)
(98,16)
(33,9)
(168,8)
(63,26)
(17,2)
(33,8)
(125,6)
(98,13)
(199,11)
(90,20)
(89,31)
(41,29)
(48,31)
(152,10)
(36,13)
(192,33)
(139,9)
(9,12)
(46,24)
(107,24)
(124,15)
(180,13)
(8,12)
(73,7)
(78,32)
(89,18)
(37,14)
(77,19)
(178,3)
(58,16)
(15,12)
(17,6)
(28,28)
(80,3)
(28,2)
(105,23)
(19,26)
(111,15)
(182,26)
(84,26)
(76,11)
(168,11)
(190,13)
(68,9)
(27,19)
(92,29)
(93,29)
(11,17)
(102,3)
(19,17)
(174,5)
(144,18)
(44,20)
(170,27)
(88,19)
(100,17)
(58,20)
(108,11)
(184,31)
(167,21)
(156,13)
(91,18)
(100,10)
(49,18)
(129,27)
(76,3)
(51,7)
(116,17)
(195,20)
(181,8)
(120,14)
(80,4)
(45,3)
(84,15)
(106,27)
(126,24)
(94,27)
(131,3)
(52,14)
(47,3)
(158,5)
(14,24)
(197,7)
(82,24)
(166,10)
(187,5)
(53,11)
(128,21)
(98,27)
(123,5)
(74,19)
(173,23)
(171,8)
(106,15)
(149,22)
(65,14)
(74,26)
(175,26)
(150,26)
(188,30)
(116,18)
(17,24)
(31,26)
(195,2)
(192,19)
(194,9)
(129,1)
(57,4)
(112,13)
(181,5)
(59,16)
(6,27)
(101,3)
(173,27)
(177,33)
(80,14)
(172,19)
(120,2)
(103,10)
(138,28)
(138,0)
(167,19)
(88,12)
(164,32)
(190,12)
(43,30)
(185,3)
(189,15)
(104,15)
(147,10)
(115,24)
(152,24)
(195,23)
(83,13)
(43,27)
(157,6)
(108,5)
(189,22)
(37,16)
(154,29)
(170,23)
(179,4)
(185,12)
(158,9)
(184,3)
(144,17)
(166,15)
(11,29)
(175,18)
(166,17)
(23,12)
(121,28)
(76,16)
(7,23)
(135,15)
(169,22)
(173,7)
(130,16)
(39,7)
(136,9)
(104,31)
(1,19)
(37,9)
(195,6)
(161,26)
(13,23)
(3,16)
(11,21)
(91,11)
(188,6)
(59,29)
(87,6)
(43,32)
(55,13)
(143,11)
(12,11)
(127,5)
(65,25)
(83,1)
(29,10)
(192,16)
(176,27)
(82,5)
(136,22)
(133,17)
(197,19)
(174,31)
(120,8)
(179,11)
(162,12)
(19,21)
(170,6)
(118,9)
(110,20)
(180,0)
(168,17)
(159,8)
(152,17)
(67,5)
(127,12)
(159,15)
(178,22)
(84,27)
(25,25)
(189,16)
(97,14)
(180,12)
(137,0)
(107,28)
(177,30)
(180,32)
(33,33)
(126,6)
(94,6)
(113,22)
(16,12)
(66,8)
(25,27)
(61,30)
(97,3)
(0,27)
(38,21)
(60,16)
(13,8)
(74,17)
(176,12)
(177,11)
(139,15)
(123,9)
(124,30)
(75,18)
(43,12)
(72,33)
(52,19)
(92,6)
(184,28)
(15,4)
(102,5)
(79,26)
(61,33)
(139,8)
(104,5)
(123,27)
(51,22)
(91,24)
(197,33)
(127,32)
(82,19)
(192,25)
(10,18)
(168,14)
(40,19)
(143,24)
(33,14)
(76,29)
(128,22)
(38,15)
(192,23)
(97,28)
(159,17)
(152,31)
(180,16)
(93,6)
(5,31)
(49,23)
(134,27)
(131,18)
(13,18)
(148,26)
(57,26)
(70,30)
(185,25)
(89,13)
(56,10)
(130,3)
(119,31)
(38,3)
(20,6)
(13,26)
(110,31)
(147,20)
(108,14)
(141,3)
(163,26)
(48,20)
(160,2)
(123,16)
(88,2)
(190,30)
(155,7)
(65,27)
(174,33)
(161,23)
(147,14)
(16,27)
(75,8)
(113,7)
(11,7)
(73,13)
(81,20)
(43,9)
(21,21)
(57,25)
(133,29)
(88,11)
(169,25)
(39,19)
(131,26)
(46,32)
(79,13)
(191,16)
(15,6)
(180,21)
(107,31)
(105,21)
(106,8)
(137,31)
(40,20)
(87,15)
(177,29)
(48,23)
(9,33)
(105,19)
(95,13)
(199,9)
(0,3)
(8,6)
(16,18)
(171,31)
(18,2)
(163,19)
(143,4)
(49,0)
(37,18)
(93,3)
(98,25)
(30,5)
(195,18)
(46,6)
(54,14)
(28,31)
(155,28)
(92,26)
(166,27)
(87,11)
(72,15)
(169,30)
(97,24)
(92,28)
(87,30)
(53,29)
(73,10)
(26,18)
(45,0)
(140,3)
(143,10)
(95,25)
(62,28)
(168,1)
(88,25)
(65,7)
(137,2)
(27,29)
(60,1)
(58,23)
(79,0)
(57,17)
(128,20)
(86,23)
(23,14)
(134,3)
(22,5)
(165,6)
(31,25)
(97,7)
(35,28)
(167,4)
(161,5)
(165,17)
(45,31)
(15,5)
(80,15)
(38,6)
(21,13)
(144,27)
(20,29)
(24,17)
(191,31)
(50,8)
(59,27)
(138,25)
(93,20)
(156,23)
(177,25)
(34,5)
(184,15)
(93,13)
(6,14)
(196,4)
(168,22)
(53,18)
(198,3)
(188,16)
(185,11)
(192,12)
(8,21)
(137,18)
(141,29)
(80,23)
(0,26)
(168,0)
(158,3)
(40,23)
(6,21)
(53,17)
(79,16)
(69,19)
(131,6)
(127,26)
(128,11)
(120,26)
(176,16)
(36,7)
(181,14)
(19,13)
(40,17)
(97,11)
(95,22)
(156,16)
(194,28)
(144,2)
(66,17)
(53,8)
(141,13)
(77,5)
(108,1)
(6,31)
(111,7)
(68,18)
(92,27)
(56,11)
(122,28)
(134,16)
(9,23)
(12,1)
(194,33)
(36,31)
(135,10)
(165,12)
(41,25)
(192,6)
(156,22)
(180,7)
(21,32)
(169,13)
(113,2)
(48,19)
(174,3)
(155,22)
(103,24)
(194,2)
(102,19)
(192,18)
(171,33)
(28,22)
(148,7)
(158,2)
(87,2)
(26,7)
(75,6)
(27,17)
(139,11)
(74,15)
(81,6)
(45,17)
(65,26)
(196,28)
(144,30)
(199,22)
(105,4)
(15,20)
(138,17)
(65,5)
(74,30)
(121,12)
(151,8)
(45,24)
(142,33)
(6,19)
(195,9)
(174,26)
(171,26)
(106,18)
(101,1)
(23,22)
(82,15)
(142,29)
(38,4)
(54,0)
(183,7)
(15,22)
(120,18)
(129,7)
(45,6)
(190,11)
(6,17)
(71,27)
(68,13)
(55,8)
(191,25)
(142,19)
(175,14)
(41,22)
(49,31)
(184,18)
(66,27)
(101,10)
(155,23)
(48,24)
(125,25)
(142,22)
(44,11)
(138,16)
(81,11)
(63,9)
(32,15)
(122,33)
(138,6)
(27,22)
(113,30)
(134,24)
(124,10)
(40,10)
(69,33)
(65,3)
(152,21)
(2,5)
(76,12)
(134,14)
(177,24)
(4,20)
(196,32)
(18,29)
(3,32)
(104,25)
(42,17)
(70,13)
(53,33)
(45,12)
(170,14)
(37,13)
(170,26)
(83,16)
(196,25)
(106,23)
(76,23)
(110,4)
(73,25)
(169,11)
(157,19)
(82,31)
(197,3)
(82,32)
(114,7)
(141,12)
(124,17)
(193,29)
(71,10)
(35,18)
(8,32)
(157,24)
(27,21)
(174,4)
(9,32)
(185,26)
(40,9)
(170,7)
(103,31)
(193,31)
(137,12)
(197,5)
(147,21)
(82,18)
(164,19)
(73,12)
(176,7)
(92,25)
(45,27)
(37,33)
(124,21)
(159,10)
(190,21)
(147,29)
(48,21)
(36,15)
(91,3)
(43,29)
(68,31)
(19,23)
(70,6)
(57,23)
(159,12)
(20,28)
(172,28)
(138,21)
(82,4)
(18,24)
(55,17)
(98,30)
(46,10)
(51,21)
(182,29)
(10,15)
(163,22)
(108,29)
(20,22)
(78,16)
(9,31)
(108,4)
(124,18)
(58,14)
(152,1)
(107,21)
(189,18)
(126,16)
(45,25)
(62,19)
(26,11)
(114,9)
(54,2)
(111,20)
(93,19)
(119,17)
(152,16)
(1,16)
(135,13)
(39,28)
(178,20)
(130,18)
(185,21)
(163,21)
(69,27)
(136,21)
(199,6)
(80,2)
(35,16)
(58,29)
(146,2)
(89,26)
(153,20)
(148,18)
(87,28)
(197,8)
(160,23)
(90,29)
(123,13)
(149,16)
(76,30)
(112,25)
(54,21)
(198,4)
(183,17)
(121,22)
(104,18)
(173,22)
(178,15)
(66,15)
(0,4)
(153,31)
(40,11)
(170,16)
(121,20)
(139,28)
(14,9)
(147,5)
(20,25)
(69,22)
(183,16)
(76,8)
(17,23)
(28,15)
(145,7)
(15,24)
(175,4)
(49,2)
(97,15)
(52,24)
(149,25)
(124,32)
(87,10)
(173,13)
(84,22)
(63,18)
(30,1)
(124,24)
(15,19)
(171,24)
(42,10)
(184,12)
(59,30)
(139,25)
(152,22)
(109,22)
(39,8)
(62,11)
(95,27)
(87,7)
(131,32)
(58,32)
(7,27)
(21,10)
(28,16)
(38,26)
(4,27)
(182,20)
(131,5)
(112,5)
(167,17)
(18,8)
(116,14)
(44,13)
(148,29)
(113,29)
(36,6)
(180,22)
(6,25)
(108,18)
(149,4)
(141,0)
(72,13)
(74,31)
(12,7)
(152,27)
(39,22)
(60,12)
(32,8)
(1,26)
(132,10)
(80,22)
(21,18)
(40,33)
(61,13)
(168,10)
(185,19)
(6,13)
(147,2)
(183,18)
(26,28)
(195,29)
(18,3)
(99,22)
(103,28)
(168,9)
(114,5)
(22,18)
(42,32)
(69,14)
(16,22)
(1,23)
(185,31)
(29,31)
(66,30)
(92,3)
(81,32)
(0,14)
(184,24)
(19,5)
(123,17)
(30,11)
(101,31)
(6,30)
(118,23)
(69,17)
(140,22)
(47,24)
(31,13)
(175,5)
(73,21)
(168,20)
(132,11)
(69,16)
(122,1)
(88,3)
(150,32)
(99,1)
(71,12)
(31,6)
(144,4)
(93,18)
(83,14)
(23,28)
(114,13)
(160,31)
(6,2)
(173,16)
(181,2)
(145,21)
(134,26)
(13,32)
(197,29)
(169,7)
(145,23)
(192,21)
(182,6)
(125,9)
(37,27)
(32,7)
(76,6)
(160,12)
(174,22)
(64,30)
(129,5)
(182,7)
(145,28)
(3,9)
(198,27)
(40,24)
(23,25)
(140,27)
(181,9)
(46,19)
(46,11)
(118,2)
(97,18)
(117,31)
(23,19)
(74,4)
(184,8)
(130,29)
(103,20)
(115,10)
(184,22)
(90,17)
(120,21)
(45,5)
(102,22)
(176,15)
(135,20)
(47,2)
(166,19)
(107,17)
(5,21)
(166,3)
(91,9)
(131,29)
(18,0)
(182,10)
(39,12)
(5,7)
(152,32)
(20,10)
(89,9)
(160,8)
(77,26)
(187,22)
(59,31)
(85,19)
(26,0)
(179,31)
(138,20)
(28,25)
(91,22)
(115,29)
(32,17)
(87,26)
(17,30)
(124,8)
(168,28)
(199,33)
(62,16)
(29,0)
(56,26)
(173,31)
(116,13)
(194,20)
(141,16)
(89,27)
(106,28)
(163,16)
(26,29)
(75,33)
(187,25)
(96,20)
(35,2)
(41,16)
(24,5)
(48,14)
(120,5)
(43,31)
(159,14)
(106,12)
(123,24)
(188,26)
(142,7)
(60,31)
(103,14)
(6,12)
(115,27)
(125,30)
(15,21)
(25,18)
(172,21)
(37,20)
(75,15)
(76,20)
(6,18)
(158,11)
(26,32)
(138,13)
(110,33)
(104,8)
(18,16)
(79,4)
(115,19)
(48,17)
(109,19)
(65,32)
(187,27)
(187,10)
(163,23)
(43,24)
(183,24)
(120,31)
(106,17)
(165,11)
(2,25)
(136,5)
(87,29)
(164,31)
(158,19)
(161,3)
(194,18)
(92,9)
(146,23)
(121,31)
(33,19)
(18,11)
(6,22)
(95,18)
(87,32)
(57,22)
(114,31)
(60,9)
(68,5)
(195,16)
(181,18)
(29,8)
(156,21)
(91,26)
(56,5)
(66,21)
(26,22)
(84,28)
(36,32)
(128,7)
(63,6)
(188,23)
(103,8)
(83,12)
(123,19)
(165,22)
(44,32)
(147,15)
(86,12)
(60,0)
(183,15)
(127,11)
(22,15)
(89,32)
(45,15)
(41,32)
(11,32)
(101,21)
(3,22)
(161,8)
(42,29)
(51,15)
(150,22)
(195,27)
(174,6)
(5,10)
(118,0)
(50,2)
(52,25)
(146,20)
(6,28)
(78,31)
(131,25)
(38,31)
(111,21)
(160,24)
(106,6)
(126,23)
(52,21)
(176,31)
(139,14)
(83,17)
(18,13)
(150,29)
(9,30)
(112,23)
(128,4)
(56,3)
(192,4)
(17,8)
(78,5)
(93,24)
(37,10)
(18,6)
(43,13)
(191,27)
(4,25)
(7,10)
(147,16)
(179,13)
(4,10)
(36,19)
(23,27)
(42,22)
(149,13)
(178,4)
(16,1)
(50,27)
(35,6)
(77,20)
(155,20)
(130,6)
(53,31)
(158,13)
(169,27)
(136,1)
(47,28)
(198,25)
(116,24)
(166,23)
(173,26)
(112,16)
(137,22)
(20,26)
(24,24)
(13,13)
(181,26)
(170,24)
(97,9)
(169,18)
(137,21)
(136,25)
(135,26)
(160,6)
(30,16)
(146,13)
(171,6)
(193,8)
(103,26)
(28,7)
(149,9)
(169,6)
(111,22)
(95,16)
(188,9)
(75,26)
(170,12)
(53,10)
(9,6)
(137,6)
(36,21)
(144,29)
(72,9)
(41,30)
(163,11)
(68,11)
(149,30)
(98,5)
(17,25)
(180,19)
(51,11)
(143,32)
(182,18)
(185,10)
(191,29)
(172,9)
(95,32)
(186,18)
(175,12)
(183,8)
(14,15)
(81,19)
(94,15)
(198,29)
(65,30)
(156,5)
(119,21)
(3,3)
(86,7)
(108,28)
(154,27)
(109,30)
(16,19)
(71,16)
(7,5)
(56,15)
(50,29)
(79,32)
(198,11)
(164,23)
(119,33)
(110,30)
(72,20)
(75,1)
(39,2)
(160,11)
(138,11)
(175,6)
(127,20)
(5,33)
(178,18)
(176,30)
(44,12)
(190,23)
(88,20)
(56,33)
(68,27)
(156,4)
(108,21)
(70,14)
(198,6)
(101,15)
(49,28)
(176,32)
(41,20)
(90,22)
(2,22)
(122,23)
(12,12)
(129,18)
(88,7)
(5,12)
(104,23)
(38,22)
(21,15)
(101,14)
(178,2)
(98,17)
(101,30)
(22,2)
(50,30)
(56,25)
(187,23)
(133,27)
(20,18)
(154,8)
(189,13)
(102,7)
(173,32)
(10,7)
(79,29)
(136,31)
(96,27)
(191,30)
(84,2)
(46,20)
(32,28)
(83,31)
(142,16)
(137,15)
(24,29)
(47,19)
(32,24)
(72,16)
(194,7)
(67,6)
(153,11)
(23,24)
(19,19)
(2,19)
(12,29)
(149,18)
(142,31)
(79,22)
(79,24)
(191,23)
(144,28)
(32,19)
(193,5)
(33,4)
(87,22)
(5,24)
(197,31)
(58,13)
(49,11)
(92,24)
(26,20)
(21,31)
(28,14)
(11,24)
(27,7)
(94,5)
(21,17)
(73,23)
(135,19)
(85,14)
(19,1)
(39,32)
(36,17)
(126,15)
(88,10)
(99,24)
(119,25)
(136,11)
(62,7)
(99,4)
(23,15)
(134,31)
(53,30)
(24,30)
(25,19)
(111,0)
(64,8)
(12,15)
(95,29)
(81,3)
(8,17)
(53,24)
(20,2)
(100,15)
(113,23)
(199,30)
(137,10)
(62,18)
(154,30)
(142,0)
(55,5)
(76,17)
(122,9)
(144,9)
(103,3)
(162,21)
(127,14)
(20,11)
(28,32)
(197,4)
(15,17)
(111,5)
(45,4)
(61,12)
(60,11)
(102,20)
(110,10)
(173,25)
(161,31)
(145,30)
(165,13)
(150,28)
(84,17)
(100,12)
(169,4)
(134,12)
(162,18)
(63,11)
(94,17)
(90,0)
(151,22)
(61,2)
(94,33)
(148,21)
(185,5)
(83,33)
(55,20)
(33,32)
(62,29)
(125,13)
(69,18)
(142,30)
(191,33)
(181,33)
(101,33)
(173,15)
(1,2)
(158,17)
(165,24)
(126,29)
(176,1)
(159,22)
(42,24)
(157,23)
(104,24)
(110,7)
(193,30)
(82,27)
(13,31)
(157,29)
(57,29)
(30,10)
(184,10)
(68,14)
(182,11)
(13,19)
(194,0)
(13,29)
(116,11)
(115,8)
(119,28)
(179,12)
(44,9)
(75,24)
(8,27)
(25,24)
(63,29)
(36,24)
(127,28)
(198,20)
(115,22)
(66,29)
(144,24)
(198,24)
(186,25)
(59,14)
(35,11)
(127,30)
(120,6)
(1,8)
(6,23)
(160,5)
(160,9)
(1,27)
(18,9)
(91,6)
(171,7)
(31,17)
(194,11)
(116,2)
(110,19)
(130,11)
(123,22)
(135,11)
(143,15)
(76,32)
(4,11)
(191,32)
(168,24)
(197,22)
(115,28)
(5,23)
(125,16)
(198,14)
(30,9)
(163,25)
(22,25)
(75,12)
(183,11)
(180,11)
(54,27)
(174,27)
(28,21)
(127,29)
(25,8)
(100,23)
(176,26)
(147,27)
