200 Users
34 Files
2500 Transactions
2 Maximum Connections
1 Cycle Length per Upload-Download
0 Warm-up Transactions
0.400000 Zipf constant
5 Pre-Trusted Users
80 Well-Behaved (Good) Users
120 Purely Malicious Users
0 Feedback Skewing Users
0 Malignant Providing Users
0 Disguised Malicous Users
0 Sybil Attack Users
true Intelligent Trans. Generation
1561012373951 Trace Generation Seed

(0.033174,0.000000,1,false)
(0.026076,0.000000,1,false)
(0.020696,0.000000,1,false)
(0.043150,0.000000,1,false)
(0.070550,0.000000,1,false)
(0.068257,0.000000,1,false)
(0.016107,0.000000,1,false)
(0.099556,0.000000,1,false)
(0.017983,0.000000,1,false)
(0.068007,0.000000,1,false)
(0.069655,0.000000,1,false)
(0.018946,0.000000,1,false)
(0.013997,0.000000,1,false)
(0.096732,0.000000,1,false)
(0.074894,0.000000,1,false)
(0.056424,0.000000,1,false)
(0.089182,0.000000,1,false)
(0.044665,0.000000,1,false)
(0.007193,0.000000,1,false)
(0.056853,0.000000,1,false)
(0.065923,0.000000,1,false)
(0.040500,0.000000,1,false)
(0.060326,0.000000,1,false)
(0.021996,0.000000,1,false)
(0.086792,0.000000,1,false)
(0.052768,0.000000,1,false)
(0.082298,0.000000,1,false)
(0.013164,0.000000,1,false)
(0.064798,0.000000,1,false)
(0.060877,0.000000,1,false)
(0.009692,0.000000,1,false)
(0.043196,0.000000,1,false)
(0.096077,0.000000,1,false)
(0.006940,0.000000,1,false)
(0.080038,0.000000,1,false)
(0.080041,0.000000,1,false)
(0.013562,0.000000,1,false)
(0.078254,0.000000,1,false)
(0.022480,0.000000,1,false)
(0.018324,0.000000,1,false)
(0.088814,0.000000,1,false)
(0.024684,0.000000,1,false)
(0.088452,0.000000,1,false)
(0.074945,0.000000,1,false)
(0.008410,0.000000,1,false)
(0.085245,0.000000,1,false)
(0.086126,0.000000,1,false)
(0.030129,0.000000,1,false)
(0.061173,0.000000,1,false)
(0.083808,0.000000,1,false)
(0.025058,0.000000,1,false)
(0.066277,0.000000,1,false)
(0.072980,0.000000,1,false)
(0.055120,0.000000,1,false)
(0.060786,0.000000,1,false)
(0.053565,0.000000,1,false)
(0.017045,0.000000,1,false)
(0.079240,0.000000,1,false)
(0.053028,0.000000,1,false)
(0.093435,0.000000,1,false)
(0.009267,0.000000,1,false)
(0.034990,0.000000,1,false)
(0.015696,0.000000,1,false)
(0.058953,0.000000,1,false)
(0.070630,0.000000,1,false)
(0.031191,0.000000,1,false)
(0.042129,0.000000,1,false)
(0.064489,0.000000,1,false)
(0.001604,0.000000,1,false)
(0.038192,0.000000,1,false)
(0.034706,0.000000,1,false)
(0.056218,0.000000,1,false)
(0.067131,0.000000,1,false)
(0.021627,0.000000,1,false)
(0.054493,0.000000,1,false)
(0.039677,0.000000,1,false)
(0.035013,0.000000,1,false)
(0.075329,0.000000,1,false)
(0.033557,0.000000,1,false)
(0.050943,0.000000,1,false)
(0.045361,0.000000,1,false)
(0.060988,0.000000,1,false)
(0.060305,0.000000,1,false)
(0.033928,0.000000,1,false)
(0.014289,0.000000,1,false)
(0.088411,0.000000,1,false)
(0.056496,0.000000,1,false)
(0.007914,0.000000,1,false)
(0.091118,0.000000,1,false)
(0.012119,0.000000,1,false)
(0.013479,0.000000,1,false)
(0.096608,0.000000,1,false)
(0.095112,0.000000,1,false)
(0.077565,0.000000,1,false)
(0.044790,0.000000,1,false)
(0.042870,0.000000,1,false)
(0.055128,0.000000,1,false)
(0.023366,0.000000,1,false)
(0.042402,0.000000,1,false)
(0.051702,0.000000,1,false)
(0.063535,0.000000,1,false)
(0.034749,0.000000,1,false)
(0.094719,0.000000,1,false)
(0.088165,0.000000,1,false)
(0.034405,0.000000,1,false)
(0.047776,0.000000,1,false)
(0.035834,0.000000,1,false)
(0.006627,0.000000,1,false)
(0.025170,0.000000,1,false)
(0.023938,0.000000,1,false)
(0.047642,0.000000,1,false)
(0.003034,0.000000,1,false)
(0.040848,0.000000,1,false)
(0.050377,0.000000,1,false)
(0.029026,0.000000,1,false)
(0.062886,0.000000,1,false)
(0.090400,0.000000,1,false)
(0.072225,0.000000,1,false)
(0.079696,0.000000,1,false)
(0.024179,0.000000,1,false)
(0.994100,1.000000,0,true)
(0.969526,1.000000,0,true)
(0.979860,1.000000,0,true)
(0.913246,1.000000,0,true)
(0.933051,1.000000,0,true)
(0.938700,1.000000,0,false)
(0.916289,1.000000,0,false)
(0.922631,1.000000,0,false)
(0.904894,1.000000,0,false)
(0.989090,1.000000,0,false)
(0.927937,1.000000,0,false)
(0.976782,1.000000,0,false)
(0.903873,1.000000,0,false)
(0.966255,1.000000,0,false)
(0.939073,1.000000,0,false)
(0.904241,1.000000,0,false)
(0.968616,1.000000,0,false)
(0.928728,1.000000,0,false)
(0.920332,1.000000,0,false)
(0.938645,1.000000,0,false)
(0.905904,1.000000,0,false)
(0.946379,1.000000,0,false)
(0.934917,1.000000,0,false)
(0.984366,1.000000,0,false)
(0.949139,1.000000,0,false)
(0.973041,1.000000,0,false)
(0.992380,1.000000,0,false)
(0.915635,1.000000,0,false)
(0.915534,1.000000,0,false)
(0.914229,1.000000,0,false)
(0.933547,1.000000,0,false)
(0.954720,1.000000,0,false)
(0.959931,1.000000,0,false)
(0.918903,1.000000,0,false)
(0.971200,1.000000,0,false)
(0.937547,1.000000,0,false)
(0.966433,1.000000,0,false)
(0.916677,1.000000,0,false)
(0.971575,1.000000,0,false)
(0.972321,1.000000,0,false)
(0.971636,1.000000,0,false)
(0.998768,1.000000,0,false)
(0.981583,1.000000,0,false)
(0.928231,1.000000,0,false)
(0.975296,1.000000,0,false)
(0.902180,1.000000,0,false)
(0.985827,1.000000,0,false)
(0.957257,1.000000,0,false)
(0.965633,1.000000,0,false)
(0.902237,1.000000,0,false)
(0.916101,1.000000,0,false)
(0.952389,1.000000,0,false)
(0.967246,1.000000,0,false)
(0.948557,1.000000,0,false)
(0.933968,1.000000,0,false)
(0.980217,1.000000,0,false)
(0.909725,1.000000,0,false)
(0.993922,1.000000,0,false)
(0.964367,1.000000,0,false)
(0.994922,1.000000,0,false)
(0.914605,1.000000,0,false)
(0.964212,1.000000,0,false)
(0.974879,1.000000,0,false)
(0.944092,1.000000,0,false)
(0.907141,1.000000,0,false)
(0.900684,1.000000,0,false)
(0.971370,1.000000,0,false)
(0.914598,1.000000,0,false)
(0.977675,1.000000,0,false)
(0.973379,1.000000,0,false)
(0.916175,1.000000,0,false)
(0.938919,1.000000,0,false)
(0.945016,1.000000,0,false)
(0.916251,1.000000,0,false)
(0.969795,1.000000,0,false)
(0.988858,1.000000,0,false)
(0.911209,1.000000,0,false)
(0.970893,1.000000,0,false)
(0.911313,1.000000,0,false)
(0.924496,1.000000,0,false)

(0,0,false)
(1,0,false)
(2,0,false)
(3,0,false)
(4,0,false)
(5,0,false)
(7,0,true)
(8,0,false)
(9,0,false)
(10,0,false)
(12,0,false)
(13,0,false)
(15,0,false)
(16,0,false)
(17,0,false)
(18,0,false)
(19,0,false)
(20,0,false)
(23,0,false)
(24,0,false)
(27,0,false)
(28,0,false)
(29,0,false)
(30,0,false)
(31,0,true)
(32,0,false)
(36,0,false)
(37,0,false)
(38,0,false)
(39,0,false)
(40,0,false)
(41,0,false)
(44,0,false)
(45,0,false)
(47,0,false)
(49,0,true)
(51,0,false)
(52,0,false)
(53,0,false)
(54,0,false)
(56,0,false)
(58,0,false)
(59,0,false)
(60,0,false)
(62,0,false)
(63,0,false)
(64,0,false)
(66,0,false)
(67,0,false)
(68,0,false)
(69,0,false)
(71,0,false)
(72,0,false)
(74,0,false)
(76,0,false)
(77,0,false)
(78,0,false)
(79,0,false)
(80,0,true)
(81,0,false)
(82,0,false)
(83,0,false)
(84,0,false)
(86,0,false)
(87,0,false)
(88,0,true)
(89,0,false)
(90,0,false)
(91,0,false)
(92,0,false)
(93,0,true)
(94,0,false)
(95,0,false)
(96,0,false)
(97,0,false)
(98,0,false)
(99,0,false)
(100,0,false)
(104,0,false)
(105,0,false)
(106,0,false)
(107,0,false)
(110,0,false)
(111,0,false)
(112,0,false)
(113,0,false)
(116,0,false)
(118,0,false)
(120,0,true)
(121,0,true)
(122,0,true)
(123,0,true)
(126,0,true)
(127,0,true)
(128,0,true)
(129,0,true)
(130,0,true)
(131,0,true)
(132,0,true)
(133,0,true)
(136,0,true)
(137,0,true)
(138,0,true)
(139,0,true)
(141,0,true)
(142,0,true)
(144,0,true)
(145,0,true)
(146,0,true)
(147,0,true)
(148,0,true)
(149,0,true)
(150,0,true)
(151,0,true)
(152,0,true)
(153,0,true)
(154,0,true)
(157,0,true)
(159,0,true)
(160,0,true)
(161,0,true)
(162,0,true)
(163,0,true)
(166,0,true)
(168,0,true)
(169,0,true)
(171,0,true)
(172,0,true)
(173,0,true)
(174,0,true)
(175,0,true)
(177,0,true)
(178,0,true)
(179,0,true)
(180,0,true)
(181,0,true)
(183,0,true)
(185,0,true)
(186,0,true)
(188,0,true)
(189,0,true)
(190,0,true)
(191,0,true)
(195,0,true)
(196,0,true)
(197,0,true)
(199,0,true)
(1,1,false)
(2,1,false)
(3,1,false)
(4,1,false)
(6,1,false)
(7,1,true)
(8,1,false)
(9,1,true)
(16,1,false)
(18,1,false)
(19,1,false)
(22,1,false)
(23,1,false)
(24,1,false)
(26,1,true)
(27,1,false)
(29,1,false)
(30,1,false)
(31,1,false)
(32,1,false)
(34,1,false)
(35,1,false)
(36,1,false)
(37,1,false)
(38,1,false)
(39,1,false)
(41,1,false)
(42,1,false)
(44,1,false)
(45,1,false)
(48,1,false)
(50,1,false)
(51,1,false)
(53,1,true)
(54,1,false)
(57,1,false)
(60,1,false)
(62,1,false)
(66,1,false)
(67,1,true)
(69,1,false)
(70,1,false)
(71,1,false)
(72,1,false)
(75,1,false)
(76,1,false)
(77,1,false)
(80,1,false)
(81,1,false)
(82,1,false)
(83,1,false)
(84,1,false)
(87,1,false)
(88,1,true)
(89,1,false)
(91,1,false)
(93,1,false)
(94,1,false)
(96,1,false)
(97,1,false)
(98,1,false)
(99,1,false)
(100,1,false)
(103,1,false)
(104,1,false)
(105,1,false)
(106,1,false)
(108,1,false)
(109,1,false)
(110,1,false)
(111,1,false)
(112,1,false)
(114,1,false)
(115,1,false)
(116,1,false)
(118,1,false)
(119,1,false)
(122,1,true)
(124,1,true)
(125,1,true)
(126,1,true)
(128,1,true)
(129,1,true)
(130,1,true)
(132,1,true)
(133,1,true)
(134,1,true)
(135,1,true)
(136,1,true)
(137,1,true)
(139,1,true)
(140,1,true)
(143,1,true)
(144,1,false)
(146,1,true)
(147,1,true)
(151,1,true)
(152,1,true)
(153,1,false)
(154,1,false)
(157,1,true)
(158,1,true)
(159,1,true)
(160,1,true)
(162,1,true)
(164,1,true)
(167,1,true)
(168,1,true)
(169,1,true)
(171,1,true)
(172,1,true)
(173,1,true)
(176,1,true)
(177,1,true)
(178,1,true)
(179,1,true)
(180,1,true)
(181,1,true)
(183,1,true)
(184,1,true)
(185,1,true)
(186,1,true)
(187,1,true)
(189,1,true)
(190,1,true)
(191,1,true)
(192,1,true)
(193,1,true)
(194,1,true)
(195,1,true)
(198,1,true)
(1,2,false)
(2,2,false)
(4,2,false)
(5,2,false)
(6,2,false)
(7,2,false)
(8,2,false)
(11,2,false)
(12,2,false)
(13,2,false)
(14,2,false)
(15,2,false)
(16,2,false)
(18,2,false)
(19,2,false)
(22,2,false)
(25,2,false)
(26,2,false)
(27,2,false)
(28,2,false)
(29,2,false)
(31,2,false)
(33,2,false)
(34,2,false)
(38,2,false)
(39,2,false)
(40,2,false)
(42,2,false)
(45,2,false)
(46,2,true)
(48,2,false)
(49,2,false)
(50,2,false)
(51,2,false)
(53,2,false)
(54,2,false)
(57,2,true)
(59,2,false)
(62,2,false)
(63,2,false)
(64,2,false)
(66,2,false)
(69,2,false)
(70,2,false)
(71,2,false)
(74,2,false)
(75,2,false)
(79,2,false)
(80,2,false)
(82,2,false)
(83,2,false)
(85,2,false)
(86,2,false)
(88,2,false)
(90,2,false)
(91,2,false)
(92,2,false)
(93,2,false)
(96,2,false)
(97,2,false)
(98,2,false)
(99,2,false)
(100,2,false)
(101,2,false)
(102,2,false)
(103,2,false)
(104,2,false)
(105,2,false)
(106,2,false)
(107,2,false)
(112,2,false)
(113,2,false)
(116,2,true)
(121,2,true)
(123,2,true)
(125,2,true)
(126,2,false)
(128,2,true)
(129,2,true)
(130,2,true)
(131,2,true)
(132,2,true)
(133,2,true)
(134,2,true)
(136,2,true)
(138,2,true)
(140,2,true)
(141,2,true)
(142,2,true)
(143,2,true)
(144,2,true)
(145,2,true)
(146,2,true)
(147,2,true)
(148,2,true)
(149,2,false)
(151,2,true)
(153,2,true)
(154,2,true)
(155,2,true)
(156,2,true)
(158,2,true)
(159,2,true)
(162,2,true)
(163,2,true)
(164,2,true)
(165,2,true)
(167,2,true)
(170,2,true)
(171,2,true)
(172,2,true)
(173,2,true)
(175,2,true)
(177,2,true)
(181,2,true)
(183,2,true)
(184,2,true)
(185,2,false)
(187,2,true)
(188,2,true)
(189,2,true)
(190,2,true)
(193,2,true)
(195,2,true)
(0,3,false)
(2,3,false)
(3,3,false)
(4,3,false)
(6,3,false)
(7,3,false)
(8,3,false)
(11,3,false)
(12,3,false)
(15,3,false)
(16,3,true)
(18,3,false)
(23,3,false)
(26,3,false)
(27,3,false)
(31,3,false)
(34,3,false)
(36,3,false)
(38,3,false)
(44,3,false)
(46,3,false)
(47,3,false)
(50,3,false)
(51,3,false)
(52,3,false)
(53,3,false)
(54,3,false)
(56,3,false)
(57,3,false)
(58,3,false)
(59,3,false)
(60,3,false)
(61,3,false)
(62,3,false)
(63,3,false)
(65,3,false)
(69,3,false)
(73,3,false)
(74,3,false)
(76,3,false)
(79,3,false)
(80,3,false)
(81,3,false)
(84,3,false)
(85,3,false)
(86,3,false)
(87,3,true)
(89,3,false)
(90,3,false)
(93,3,false)
(94,3,false)
(95,3,false)
(96,3,false)
(97,3,false)
(102,3,false)
(103,3,false)
(104,3,false)
(106,3,false)
(109,3,false)
(111,3,false)
(112,3,false)
(113,3,false)
(116,3,false)
(117,3,false)
(120,3,true)
(121,3,true)
(129,3,true)
(132,3,true)
(133,3,true)
(134,3,true)
(135,3,true)
(136,3,true)
(137,3,true)
(138,3,true)
(139,3,true)
(142,3,true)
(143,3,true)
(144,3,true)
(145,3,true)
(147,3,true)
(148,3,true)
(149,3,false)
(150,3,true)
(154,3,true)
(155,3,true)
(157,3,true)
(158,3,true)
(159,3,true)
(160,3,true)
(162,3,true)
(163,3,true)
(164,3,true)
(167,3,true)
(170,3,true)
(172,3,true)
(175,3,true)
(178,3,true)
(179,3,true)
(181,3,true)
(182,3,true)
(183,3,true)
(184,3,true)
(189,3,true)
(190,3,false)
(193,3,true)
(195,3,true)
(199,3,true)
(0,4,false)
(2,4,false)
(3,4,false)
(6,4,false)
(9,4,false)
(12,4,false)
(15,4,false)
(20,4,false)
(22,4,false)
(23,4,false)
(25,4,false)
(26,4,false)
(27,4,false)
(29,4,false)
(33,4,false)
(34,4,false)
(38,4,false)
(40,4,false)
(42,4,false)
(43,4,false)
(47,4,false)
(50,4,false)
(52,4,false)
(56,4,false)
(58,4,false)
(59,4,false)
(61,4,false)
(62,4,false)
(64,4,false)
(65,4,false)
(67,4,false)
(68,4,false)
(70,4,true)
(71,4,false)
(72,4,false)
(74,4,false)
(79,4,false)
(80,4,false)
(81,4,true)
(82,4,false)
(85,4,false)
(88,4,false)
(89,4,false)
(92,4,false)
(93,4,false)
(95,4,false)
(100,4,false)
(102,4,false)
(103,4,false)
(105,4,false)
(109,4,false)
(112,4,false)
(115,4,false)
(116,4,false)
(117,4,false)
(121,4,false)
(124,4,true)
(127,4,false)
(129,4,true)
(130,4,true)
(131,4,true)
(133,4,true)
(134,4,true)
(139,4,true)
(140,4,true)
(141,4,true)
(145,4,true)
(151,4,true)
(152,4,true)
(153,4,true)
(155,4,false)
(156,4,true)
(157,4,true)
(158,4,true)
(159,4,true)
(163,4,true)
(164,4,true)
(168,4,false)
(170,4,true)
(171,4,true)
(176,4,true)
(178,4,true)
(180,4,true)
(181,4,true)
(184,4,true)
(185,4,true)
(190,4,true)
(193,4,true)
(194,4,false)
(195,4,true)
(196,4,false)
(197,4,true)
(0,5,false)
(2,5,false)
(9,5,false)
(10,5,true)
(12,5,false)
(20,5,false)
(23,5,false)
(27,5,false)
(30,5,false)
(31,5,false)
(32,5,false)
(33,5,false)
(40,5,false)
(41,5,false)
(42,5,false)
(43,5,false)
(45,5,false)
(49,5,false)
(54,5,true)
(56,5,false)
(59,5,false)
(70,5,false)
(76,5,false)
(77,5,false)
(78,5,false)
(79,5,false)
(80,5,false)
(81,5,false)
(82,5,false)
(83,5,false)
(84,5,false)
(86,5,false)
(90,5,false)
(91,5,false)
(92,5,false)
(94,5,false)
(95,5,false)
(97,5,false)
(98,5,false)
(102,5,false)
(103,5,true)
(109,5,false)
(110,5,true)
(112,5,false)
(116,5,false)
(117,5,false)
(119,5,false)
(122,5,true)
(123,5,true)
(125,5,true)
(130,5,true)
(131,5,true)
(132,5,true)
(137,5,true)
(138,5,true)
(139,5,true)
(141,5,true)
(144,5,true)
(145,5,true)
(147,5,true)
(148,5,true)
(150,5,true)
(151,5,true)
(153,5,true)
(155,5,true)
(156,5,true)
(159,5,true)
(160,5,true)
(164,5,true)
(165,5,true)
(171,5,true)
(172,5,true)
(174,5,true)
(175,5,true)
(176,5,true)
(178,5,true)
(182,5,true)
(183,5,false)
(185,5,false)
(189,5,true)
(190,5,true)
(191,5,true)
(194,5,true)
(197,5,true)
(2,6,false)
(3,6,false)
(4,6,false)
(5,6,false)
(6,6,false)
(7,6,false)
(8,6,false)
(13,6,true)
(16,6,false)
(19,6,false)
(20,6,false)
(21,6,true)
(22,6,false)
(25,6,false)
(26,6,false)
(29,6,false)
(32,6,false)
(34,6,false)
(36,6,false)
(42,6,false)
(43,6,true)
(48,6,false)
(49,6,false)
(50,6,false)
(57,6,false)
(59,6,false)
(65,6,true)
(68,6,false)
(70,6,false)
(73,6,false)
(76,6,false)
(82,6,false)
(84,6,false)
(85,6,false)
(86,6,false)
(88,6,false)
(92,6,false)
(93,6,false)
(95,6,false)
(96,6,false)
(97,6,false)
(98,6,false)
(100,6,false)
(103,6,false)
(104,6,false)
(106,6,false)
(107,6,false)
(108,6,false)
(110,6,false)
(113,6,false)
(120,6,true)
(121,6,true)
(125,6,true)
(127,6,true)
(132,6,true)
(134,6,true)
(136,6,true)
(137,6,true)
(141,6,false)
(144,6,true)
(149,6,true)
(151,6,true)
(155,6,true)
(157,6,true)
(165,6,true)
(170,6,true)
(173,6,true)
(175,6,true)
(176,6,true)
(179,6,true)
(183,6,true)
(187,6,true)
(188,6,true)
(189,6,true)
(190,6,true)
(192,6,true)
(194,6,true)
(199,6,false)
(3,7,false)
(4,7,false)
(7,7,false)
(11,7,true)
(13,7,false)
(15,7,false)
(18,7,false)
(20,7,false)
(22,7,false)
(25,7,false)
(26,7,false)
(27,7,false)
(30,7,false)
(34,7,false)
(38,7,false)
(39,7,false)
(41,7,false)
(44,7,false)
(46,7,false)
(47,7,false)
(48,7,false)
(51,7,false)
(54,7,false)
(55,7,false)
(57,7,false)
(59,7,false)
(62,7,false)
(63,7,false)
(68,7,false)
(69,7,false)
(70,7,false)
(72,7,false)
(77,7,false)
(85,7,false)
(86,7,false)
(97,7,false)
(100,7,false)
(102,7,false)
(106,7,false)
(108,7,false)
(109,7,false)
(110,7,false)
(115,7,false)
(116,7,false)
(119,7,false)
(120,7,true)
(128,7,true)
(129,7,true)
(138,7,true)
(139,7,true)
(140,7,true)
(145,7,true)
(146,7,true)
(148,7,true)
(153,7,true)
(156,7,true)
(157,7,true)
(158,7,true)
(159,7,true)
(163,7,true)
(166,7,true)
(167,7,true)
(168,7,true)
(171,7,true)
(174,7,true)
(180,7,true)
(182,7,true)
(187,7,true)
(189,7,true)
(193,7,true)
(194,7,true)
(195,7,true)
(197,7,true)
(0,8,false)
(5,8,false)
(9,8,false)
(10,8,true)
(11,8,false)
(12,8,false)
(14,8,false)
(17,8,false)
(19,8,false)
(22,8,true)
(23,8,false)
(25,8,false)
(27,8,false)
(28,8,false)
(29,8,false)
(30,8,false)
(31,8,true)
(36,8,false)
(39,8,false)
(43,8,false)
(47,8,false)
(48,8,false)
(49,8,true)
(51,8,false)
(53,8,false)
(55,8,false)
(59,8,false)
(60,8,false)
(61,8,false)
(63,8,true)
(65,8,false)
(67,8,false)
(68,8,false)
(70,8,false)
(71,8,false)
(75,8,false)
(76,8,false)
(78,8,false)
(81,8,false)
(83,8,false)
(84,8,false)
(85,8,false)
(86,8,true)
(90,8,false)
(91,8,false)
(93,8,true)
(97,8,false)
(99,8,false)
(100,8,false)
(105,8,false)
(107,8,false)
(112,8,false)
(113,8,false)
(114,8,false)
(116,8,true)
(118,8,false)
(121,8,true)
(126,8,true)
(130,8,true)
(131,8,true)
(133,8,true)
(136,8,true)
(137,8,true)
(138,8,true)
(148,8,true)
(149,8,true)
(150,8,true)
(153,8,true)
(155,8,true)
(156,8,true)
(159,8,true)
(163,8,true)
(165,8,true)
(166,8,true)
(171,8,true)
(174,8,true)
(175,8,true)
(176,8,false)
(178,8,true)
(179,8,true)
(184,8,false)
(186,8,true)
(188,8,true)
(191,8,true)
(192,8,true)
(194,8,true)
(199,8,true)
(0,9,false)
(1,9,false)
(2,9,false)
(3,9,false)
(4,9,false)
(5,9,true)
(6,9,false)
(8,9,false)
(11,9,false)
(13,9,false)
(15,9,false)
(16,9,true)
(18,9,false)
(20,9,false)
(22,9,false)
(23,9,false)
(24,9,true)
(28,9,false)
(30,9,true)
(31,9,false)
(36,9,false)
(39,9,false)
(40,9,false)
(41,9,false)
(42,9,false)
(43,9,false)
(44,9,false)
(45,9,false)
(49,9,false)
(51,9,false)
(53,9,false)
(55,9,false)
(56,9,false)
(57,9,false)
(58,9,false)
(62,9,false)
(65,9,false)
(68,9,false)
(70,9,false)
(72,9,false)
(75,9,false)
(76,9,false)
(86,9,false)
(87,9,false)
(89,9,false)
(93,9,false)
(95,9,false)
(100,9,false)
(104,9,false)
(107,9,false)
(111,9,false)
(113,9,false)
(123,9,true)
(127,9,true)
(128,9,true)
(129,9,true)
(132,9,true)
(134,9,true)
(135,9,true)
(138,9,true)
(139,9,true)
(142,9,true)
(143,9,true)
(145,9,true)
(147,9,true)
(148,9,true)
(153,9,true)
(154,9,true)
(158,9,true)
(159,9,true)
(163,9,false)
(166,9,true)
(168,9,true)
(169,9,true)
(173,9,true)
(176,9,true)
(178,9,true)
(179,9,true)
(181,9,false)
(183,9,true)
(189,9,true)
(190,9,true)
(192,9,true)
(193,9,false)
(194,9,true)
(196,9,true)
(2,10,false)
(8,10,false)
(14,10,false)
(15,10,false)
(16,10,false)
(19,10,false)
(20,10,false)
(21,10,false)
(23,10,false)
(26,10,false)
(31,10,false)
(36,10,false)
(39,10,false)
(42,10,true)
(45,10,true)
(51,10,false)
(55,10,false)
(56,10,false)
(58,10,false)
(59,10,false)
(62,10,false)
(67,10,false)
(69,10,false)
(72,10,false)
(73,10,false)
(75,10,false)
(76,10,false)
(77,10,false)
(78,10,false)
(91,10,false)
(95,10,false)
(96,10,false)
(97,10,false)
(101,10,true)
(109,10,false)
(112,10,false)
(116,10,false)
(120,10,true)
(121,10,true)
(129,10,true)
(132,10,true)
(133,10,true)
(134,10,true)
(136,10,false)
(139,10,true)
(140,10,true)
(145,10,true)
(146,10,true)
(150,10,true)
(154,10,true)
(155,10,true)
(157,10,true)
(163,10,true)
(168,10,true)
(176,10,true)
(179,10,true)
(182,10,true)
(186,10,true)
(189,10,true)
(190,10,true)
(193,10,true)
(194,10,true)
(196,10,true)
(197,10,true)
(1,11,false)
(2,11,false)
(6,11,false)
(7,11,true)
(12,11,false)
(13,11,false)
(16,11,false)
(21,11,false)
(22,11,false)
(24,11,false)
(27,11,false)
(28,11,false)
(29,11,false)
(35,11,false)
(37,11,false)
(38,11,false)
(39,11,false)
(45,11,false)
(47,11,false)
(49,11,false)
(51,11,false)
(53,11,true)
(56,11,false)
(61,11,false)
(67,11,false)
(70,11,false)
(75,11,false)
(83,11,false)
(84,11,false)
(86,11,false)
(87,11,false)
(90,11,false)
(91,11,false)
(93,11,false)
(96,11,false)
(100,11,false)
(101,11,true)
(102,11,false)
(103,11,false)
(105,11,false)
(108,11,false)
(110,11,false)
(113,11,false)
(114,11,false)
(115,11,false)
(117,11,false)
(119,11,false)
(124,11,false)
(128,11,false)
(131,11,true)
(132,11,true)
(133,11,true)
(137,11,true)
(142,11,true)
(144,11,true)
(145,11,true)
(146,11,true)
(148,11,true)
(149,11,true)
(150,11,true)
(151,11,true)
(156,11,true)
(158,11,true)
(162,11,true)
(164,11,true)
(170,11,true)
(172,11,true)
(176,11,true)
(179,11,true)
(180,11,true)
(185,11,true)
(187,11,true)
(188,11,true)
(189,11,true)
(192,11,true)
(196,11,true)
(0,12,false)
(8,12,false)
(13,12,false)
(15,12,false)
(17,12,false)
(19,12,false)
(20,12,false)
(22,12,false)
(26,12,false)
(33,12,false)
(36,12,false)
(38,12,false)
(39,12,false)
(40,12,false)
(41,12,false)
(42,12,false)
(43,12,false)
(44,12,false)
(48,12,false)
(51,12,false)
(52,12,false)
(53,12,false)
(54,12,false)
(56,12,false)
(58,12,false)
(61,12,false)
(62,12,false)
(65,12,false)
(69,12,false)
(72,12,false)
(78,12,false)
(79,12,false)
(81,12,false)
(84,12,false)
(85,12,false)
(87,12,false)
(88,12,false)
(90,12,false)
(91,12,false)
(93,12,false)
(98,12,false)
(101,12,false)
(104,12,false)
(106,12,false)
(109,12,false)
(110,12,false)
(113,12,false)
(117,12,false)
(119,12,false)
(120,12,true)
(127,12,true)
(129,12,true)
(130,12,true)
(131,12,true)
(136,12,true)
(140,12,true)
(141,12,true)
(149,12,true)
(153,12,true)
(155,12,true)
(157,12,false)
(162,12,true)
(163,12,true)
(166,12,true)
(167,12,true)
(168,12,true)
(170,12,true)
(171,12,true)
(183,12,true)
(187,12,true)
(191,12,true)
(192,12,true)
(194,12,true)
(197,12,true)
(199,12,true)
(2,13,true)
(3,13,true)
(5,13,false)
(10,13,false)
(13,13,false)
(19,13,false)
(21,13,false)
(22,13,false)
(23,13,false)
(24,13,false)
(26,13,false)
(28,13,false)
(37,13,false)
(40,13,false)
(43,13,false)
(45,13,false)
(51,13,false)
(52,13,false)
(53,13,false)
(54,13,false)
(58,13,false)
(59,13,false)
(60,13,false)
(65,13,false)
(69,13,false)
(74,13,false)
(76,13,false)
(77,13,false)
(80,13,true)
(81,13,false)
(91,13,false)
(95,13,false)
(96,13,false)
(97,13,false)
(105,13,true)
(107,13,false)
(109,13,false)
(113,13,false)
(118,13,false)
(119,13,false)
(121,13,true)
(130,13,true)
(131,13,true)
(134,13,true)
(135,13,true)
(136,13,true)
(137,13,true)
(144,13,true)
(149,13,true)
(151,13,true)
(155,13,true)
(157,13,true)
(162,13,true)
(163,13,false)
(164,13,true)
(165,13,true)
(168,13,true)
(177,13,true)
(179,13,true)
(184,13,true)
(196,13,true)
(199,13,true)
(7,14,true)
(8,14,false)
(20,14,false)
(21,14,false)
(22,14,false)
(33,14,false)
(44,14,false)
(47,14,false)
(49,14,false)
(51,14,false)
(57,14,false)
(60,14,false)
(61,14,false)
(64,14,false)
(65,14,false)
(68,14,false)
(69,14,false)
(70,14,false)
(72,14,false)
(73,14,false)
(78,14,false)
(79,14,false)
(84,14,false)
(88,14,false)
(91,14,true)
(95,14,false)
(96,14,false)
(100,14,false)
(102,14,true)
(108,14,false)
(110,14,false)
(114,14,false)
(115,14,false)
(116,14,false)
(117,14,false)
(119,14,false)
(130,14,true)
(131,14,true)
(135,14,true)
(136,14,true)
(137,14,true)
(141,14,true)
(142,14,true)
(148,14,true)
(149,14,true)
(151,14,true)
(156,14,true)
(159,14,true)
(161,14,true)
(163,14,true)
(165,14,true)
(166,14,true)
(167,14,true)
(175,14,true)
(179,14,true)
(180,14,true)
(182,14,true)
(183,14,true)
(186,14,true)
(188,14,true)
(190,14,true)
(191,14,true)
(192,14,true)
(195,14,true)
(196,14,true)
(198,14,true)
(199,14,true)
(1,15,false)
(3,15,false)
(6,15,false)
(13,15,false)
(14,15,false)
(15,15,false)
(20,15,false)
(22,15,false)
(23,15,false)
(26,15,false)
(28,15,false)
(30,15,false)
(35,15,false)
(36,15,true)
(38,15,false)
(41,15,false)
(42,15,false)
(43,15,false)
(47,15,false)
(48,15,false)
(51,15,false)
(57,15,true)
(61,15,false)
(63,15,false)
(64,15,false)
(67,15,false)
(68,15,false)
(72,15,false)
(75,15,false)
(78,15,false)
(82,15,false)
(85,15,false)
(86,15,true)
(89,15,false)
(91,15,false)
(93,15,false)
(100,15,false)
(101,15,false)
(102,15,false)
(103,15,false)
(107,15,false)
(109,15,false)
(119,15,false)
(121,15,true)
(124,15,true)
(130,15,true)
(133,15,true)
(134,15,false)
(135,15,true)
(138,15,true)
(139,15,true)
(140,15,true)
(142,15,true)
(147,15,true)
(149,15,true)
(150,15,true)
(158,15,true)
(159,15,true)
(160,15,true)
(162,15,true)
(164,15,true)
(172,15,true)
(173,15,true)
(177,15,true)
(181,15,true)
(182,15,true)
(183,15,true)
(184,15,true)
(189,15,true)
(197,15,true)
(198,15,true)
(2,16,false)
(4,16,false)
(10,16,false)
(16,16,false)
(17,16,false)
(21,16,false)
(23,16,false)
(25,16,false)
(30,16,false)
(35,16,false)
(39,16,false)
(40,16,true)
(42,16,false)
(48,16,false)
(51,16,false)
(52,16,false)
(58,16,false)
(61,16,false)
(64,16,false)
(70,16,false)
(71,16,false)
(77,16,false)
(81,16,true)
(83,16,false)
(90,16,false)
(94,16,false)
(95,16,false)
(96,16,false)
(102,16,false)
(105,16,false)
(108,16,false)
(117,16,false)
(118,16,false)
(119,16,false)
(129,16,true)
(133,16,true)
(135,16,true)
(136,16,true)
(137,16,true)
(143,16,true)
(145,16,true)
(149,16,true)
(153,16,true)
(158,16,true)
(159,16,true)
(160,16,false)
(173,16,true)
(174,16,true)
(178,16,true)
(181,16,true)
(182,16,true)
(188,16,true)
(192,16,true)
(199,16,true)
(2,17,false)
(3,17,false)
(8,17,false)
(10,17,false)
(16,17,false)
(21,17,false)
(22,17,false)
(25,17,false)
(28,17,false)
(29,17,false)
(39,17,false)
(42,17,false)
(45,17,true)
(49,17,false)
(52,17,false)
(53,17,false)
(58,17,false)
(60,17,false)
(65,17,false)
(68,17,false)
(70,17,false)
(79,17,false)
(83,17,false)
(85,17,false)
(89,17,false)
(94,17,false)
(98,17,false)
(101,17,false)
(103,17,false)
(109,17,true)
(114,17,false)
(116,17,false)
(123,17,true)
(126,17,true)
(136,17,true)
(137,17,true)
(138,17,true)
(141,17,true)
(145,17,true)
(146,17,true)
(149,17,true)
(151,17,true)
(152,17,true)
(153,17,true)
(158,17,true)
(162,17,true)
(165,17,true)
(173,17,true)
(175,17,true)
(176,17,true)
(180,17,false)
(182,17,true)
(183,17,true)
(184,17,true)
(189,17,false)
(192,17,true)
(194,17,true)
(195,17,true)
(196,17,true)
(199,17,true)
(1,18,false)
(2,18,false)
(4,18,false)
(6,18,false)
(15,18,false)
(20,18,false)
(21,18,false)
(28,18,false)
(29,18,false)
(35,18,false)
(36,18,false)
(42,18,false)
(43,18,false)
(46,18,false)
(48,18,false)
(58,18,false)
(60,18,false)
(67,18,false)
(68,18,false)
(71,18,false)
(78,18,false)
(82,18,false)
(83,18,false)
(84,18,false)
(86,18,false)
(91,18,false)
(100,18,false)
(104,18,false)
(105,18,false)
(108,18,false)
(114,18,false)
(122,18,true)
(125,18,true)
(131,18,true)
(134,18,true)
(135,18,false)
(139,18,true)
(140,18,true)
(141,18,true)
(148,18,true)
(151,18,true)
(155,18,true)
(157,18,true)
(158,18,true)
(160,18,true)
(164,18,true)
(168,18,true)
(169,18,true)
(170,18,true)
(171,18,true)
(176,18,true)
(180,18,true)
(181,18,true)
(182,18,true)
(184,18,true)
(190,18,true)
(193,18,true)
(0,19,false)
(5,19,false)
(8,19,false)
(11,19,false)
(16,19,false)
(23,19,false)
(24,19,true)
(34,19,false)
(37,19,false)
(39,19,false)
(47,19,false)
(53,19,true)
(54,19,false)
(55,19,false)
(65,19,true)
(66,19,false)
(71,19,false)
(73,19,false)
(75,19,false)
(81,19,false)
(82,19,false)
(84,19,false)
(88,19,false)
(90,19,false)
(94,19,false)
(96,19,false)
(97,19,false)
(98,19,false)
(103,19,false)
(110,19,false)
(113,19,true)
(115,19,false)
(116,19,false)
(119,19,false)
(122,19,true)
(123,19,true)
(124,19,true)
(127,19,true)
(133,19,true)
(136,19,true)
(137,19,true)
(139,19,true)
(144,19,true)
(158,19,true)
(161,19,true)
(162,19,true)
(168,19,true)
(171,19,true)
(178,19,true)
(186,19,true)
(193,19,true)
(194,19,true)
(197,19,true)
(198,19,true)
(6,20,false)
(9,20,false)
(10,20,false)
(11,20,false)
(12,20,false)
(18,20,false)
(24,20,false)
(25,20,false)
(39,20,false)
(42,20,false)
(44,20,false)
(56,20,false)
(62,20,false)
(63,20,false)
(64,20,false)
(69,20,false)
(73,20,false)
(74,20,false)
(82,20,false)
(85,20,false)
(90,20,false)
(91,20,false)
(95,20,false)
(97,20,false)
(99,20,false)
(101,20,false)
(103,20,false)
(107,20,false)
(108,20,false)
(114,20,false)
(117,20,false)
(123,20,true)
(124,20,true)
(125,20,true)
(126,20,true)
(127,20,true)
(131,20,true)
(137,20,true)
(141,20,true)
(143,20,true)
(145,20,true)
(148,20,true)
(151,20,true)
(157,20,true)
(159,20,true)
(160,20,true)
(163,20,true)
(168,20,false)
(173,20,true)
(175,20,true)
(186,20,true)
(189,20,true)
(190,20,true)
(198,20,true)
(1,21,false)
(4,21,false)
(7,21,true)
(9,21,true)
(11,21,false)
(14,21,false)
(18,21,false)
(19,21,false)
(22,21,false)
(23,21,false)
(25,21,false)
(35,21,false)
(38,21,false)
(40,21,false)
(41,21,false)
(46,21,false)
(47,21,false)
(53,21,false)
(61,21,false)
(64,21,false)
(69,21,false)
(75,21,false)
(78,21,false)
(82,21,false)
(85,21,false)
(86,21,false)
(89,21,false)
(90,21,false)
(94,21,false)
(99,21,false)
(103,21,false)
(104,21,false)
(105,21,false)
(106,21,false)
(107,21,false)
(111,21,false)
(114,21,true)
(117,21,false)
(121,21,true)
(122,21,true)
(130,21,true)
(135,21,true)
(139,21,true)
(142,21,false)
(146,21,true)
(147,21,true)
(153,21,true)
(161,21,true)
(163,21,true)
(166,21,true)
(167,21,true)
(173,21,true)
(174,21,true)
(177,21,true)
(178,21,true)
(182,21,true)
(183,21,true)
(189,21,true)
(191,21,true)
(0,22,false)
(3,22,true)
(5,22,false)
(6,22,false)
(7,22,false)
(10,22,false)
(13,22,false)
(15,22,false)
(20,22,false)
(31,22,false)
(34,22,false)
(36,22,false)
(37,22,false)
(42,22,false)
(45,22,false)
(48,22,false)
(49,22,false)
(58,22,false)
(61,22,false)
(67,22,false)
(70,22,false)
(73,22,false)
(83,22,false)
(84,22,false)
(88,22,false)
(89,22,false)
(90,22,false)
(92,22,false)
(94,22,false)
(95,22,false)
(97,22,false)
(99,22,false)
(100,22,false)
(101,22,false)
(103,22,false)
(111,22,false)
(113,22,false)
(119,22,false)
(123,22,true)
(124,22,true)
(132,22,false)
(137,22,true)
(138,22,true)
(145,22,true)
(148,22,true)
(153,22,true)
(156,22,true)
(158,22,true)
(168,22,true)
(169,22,false)
(181,22,true)
(188,22,false)
(189,22,true)
(193,22,true)
(194,22,true)
(2,23,false)
(4,23,false)
(6,23,false)
(17,23,false)
(18,23,false)
(22,23,false)
(25,23,false)
(26,23,false)
(28,23,false)
(40,23,false)
(41,23,false)
(54,23,false)
(57,23,false)
(62,23,false)
(66,23,false)
(69,23,false)
(81,23,false)
(83,23,false)
(84,23,false)
(88,23,true)
(98,23,false)
(101,23,false)
(102,23,false)
(107,23,false)
(111,23,false)
(113,23,false)
(117,23,false)
(119,23,false)
(120,23,true)
(125,23,true)
(129,23,true)
(130,23,true)
(134,23,false)
(135,23,true)
(139,23,true)
(140,23,true)
(141,23,true)
(143,23,true)
(146,23,true)
(151,23,true)
(155,23,true)
(165,23,true)
(170,23,true)
(172,23,true)
(176,23,true)
(179,23,true)
(180,23,true)
(182,23,true)
(184,23,true)
(187,23,true)
(192,23,true)
(198,23,false)
(199,23,true)
(5,24,false)
(6,24,false)
(9,24,false)
(11,24,false)
(14,24,false)
(15,24,false)
(17,24,false)
(20,24,false)
(24,24,true)
(25,24,false)
(29,24,false)
(33,24,false)
(39,24,false)
(42,24,false)
(44,24,false)
(46,24,false)
(49,24,false)
(52,24,false)
(55,24,false)
(60,24,false)
(62,24,false)
(63,24,false)
(64,24,false)
(66,24,false)
(76,24,false)
(78,24,false)
(79,24,false)
(83,24,false)
(84,24,false)
(85,24,false)
(90,24,false)
(96,24,false)
(97,24,false)
(101,24,false)
(103,24,true)
(105,24,false)
(106,24,false)
(110,24,false)
(115,24,false)
(126,24,true)
(128,24,true)
(130,24,true)
(133,24,true)
(135,24,true)
(136,24,true)
(149,24,true)
(150,24,false)
(156,24,true)
(159,24,true)
(161,24,true)
(163,24,true)
(165,24,false)
(169,24,true)
(171,24,true)
(174,24,false)
(176,24,true)
(183,24,true)
(187,24,true)
(189,24,true)
(195,24,true)
(199,24,true)
(0,25,false)
(6,25,false)
(8,25,false)
(9,25,false)
(10,25,false)
(16,25,true)
(18,25,false)
(22,25,false)
(24,25,true)
(28,25,false)
(39,25,false)
(42,25,false)
(45,25,false)
(47,25,false)
(53,25,false)
(54,25,false)
(59,25,false)
(67,25,false)
(68,25,false)
(71,25,false)
(74,25,false)
(75,25,false)
(76,25,false)
(78,25,false)
(84,25,false)
(85,25,false)
(86,25,false)
(94,25,false)
(104,25,false)
(105,25,false)
(111,25,false)
(123,25,true)
(126,25,true)
(127,25,true)
(134,25,true)
(135,25,true)
(138,25,true)
(142,25,true)
(143,25,true)
(145,25,true)
(146,25,true)
(149,25,true)
(156,25,true)
(160,25,true)
(162,25,true)
(163,25,true)
(168,25,true)
(172,25,true)
(174,25,true)
(175,25,true)
(176,25,true)
(181,25,true)
(184,25,true)
(186,25,true)
(192,25,true)
(6,26,false)
(9,26,false)
(12,26,false)
(21,26,true)
(30,26,false)
(36,26,false)
(37,26,false)
(42,26,false)
(52,26,true)
(59,26,false)
(65,26,false)
(68,26,false)
(70,26,false)
(77,26,false)
(81,26,false)
(83,26,false)
(87,26,false)
(91,26,false)
(94,26,false)
(96,26,false)
(100,26,false)
(103,26,false)
(106,26,false)
(113,26,false)
(115,26,false)
(116,26,false)
(119,26,false)
(125,26,true)
(132,26,true)
(134,26,true)
(139,26,true)
(147,26,true)
(151,26,true)
(158,26,true)
(161,26,true)
(163,26,true)
(169,26,true)
(170,26,true)
(171,26,true)
(174,26,true)
(175,26,true)
(176,26,false)
(179,26,true)
(184,26,true)
(185,26,true)
(186,26,false)
(188,26,true)
(189,26,true)
(194,26,true)
(199,26,true)
(6,27,false)
(7,27,false)
(9,27,false)
(10,27,false)
(12,27,false)
(15,27,false)
(17,27,false)
(18,27,false)
(19,27,false)
(22,27,false)
(30,27,false)
(35,27,false)
(38,27,false)
(40,27,false)
(42,27,false)
(45,27,false)
(48,27,false)
(50,27,false)
(55,27,false)
(56,27,false)
(59,27,false)
(62,27,false)
(64,27,false)
(67,27,false)
(69,27,false)
(76,27,false)
(79,27,false)
(80,27,false)
(84,27,false)
(87,27,false)
(96,27,false)
(97,27,false)
(102,27,false)
(104,27,false)
(111,27,false)
(114,27,false)
(121,27,true)
(125,27,true)
(126,27,true)
(130,27,true)
(136,27,true)
(145,27,true)
(147,27,true)
(149,27,true)
(151,27,true)
(154,27,true)
(156,27,false)
(166,27,true)
(170,27,true)
(174,27,true)
(183,27,true)
(192,27,true)
(193,27,true)
(198,27,false)
(199,27,true)
(11,28,false)
(12,28,false)
(16,28,false)
(19,28,false)
(24,28,false)
(25,28,false)
(28,28,false)
(30,28,false)
(34,28,false)
(36,28,false)
(37,28,false)
(38,28,false)
(43,28,false)
(47,28,false)
(49,28,false)
(50,28,false)
(53,28,false)
(60,28,false)
(62,28,false)
(63,28,false)
(72,28,false)
(78,28,false)
(81,28,false)
(83,28,false)
(85,28,false)
(91,28,false)
(94,28,false)
(98,28,false)
(108,28,false)
(116,28,false)
(119,28,false)
(127,28,true)
(146,28,true)
(152,28,true)
(162,28,true)
(165,28,true)
(166,28,true)
(175,28,true)
(176,28,true)
(189,28,true)
(192,28,true)
(193,28,true)
(197,28,true)
(1,29,false)
(2,29,false)
(7,29,false)
(8,29,false)
(11,29,false)
(12,29,false)
(13,29,false)
(23,29,false)
(24,29,false)
(33,29,false)
(36,29,false)
(43,29,false)
(46,29,false)
(48,29,false)
(49,29,false)
(50,29,false)
(52,29,false)
(54,29,false)
(55,29,false)
(61,29,false)
(70,29,false)
(74,29,false)
(75,29,false)
(79,29,false)
(87,29,false)
(89,29,false)
(91,29,false)
(96,29,false)
(98,29,false)
(108,29,false)
(110,29,false)
(113,29,false)
(114,29,false)
(115,29,false)
(119,29,false)
(127,29,true)
(131,29,true)
(132,29,true)
(143,29,true)
(145,29,true)
(154,29,true)
(156,29,false)
(160,29,true)
(162,29,true)
(165,29,true)
(166,29,true)
(178,29,true)
(188,29,true)
(191,29,true)
(192,29,true)
(194,29,true)
(195,29,true)
(198,29,true)
(9,30,false)
(10,30,true)
(16,30,false)
(17,30,false)
(22,30,false)
(23,30,false)
(24,30,false)
(27,30,false)
(34,30,false)
(35,30,false)
(36,30,false)
(41,30,false)
(43,30,false)
(55,30,false)
(58,30,false)
(59,30,false)
(72,30,false)
(74,30,false)
(77,30,false)
(81,30,false)
(87,30,false)
(92,30,false)
(96,30,false)
(97,30,false)
(107,30,false)
(110,30,false)
(112,30,false)
(116,30,false)
(120,30,true)
(121,30,true)
(122,30,true)
(124,30,true)
(126,30,true)
(138,30,true)
(143,30,true)
(147,30,true)
(150,30,false)
(153,30,true)
(157,30,true)
(169,30,true)
(170,30,true)
(175,30,true)
(177,30,true)
(178,30,true)
(179,30,true)
(180,30,true)
(188,30,true)
(190,30,true)
(191,30,true)
(192,30,true)
(193,30,true)
(195,30,true)
(196,30,true)
(197,30,true)
(3,31,false)
(5,31,true)
(8,31,false)
(10,31,false)
(17,31,false)
(18,31,false)
(24,31,false)
(27,31,false)
(29,31,false)
(31,31,false)
(34,31,false)
(37,31,false)
(42,31,false)
(49,31,false)
(50,31,false)
(52,31,false)
(53,31,true)
(54,31,false)
(56,31,false)
(61,31,false)
(65,31,false)
(73,31,false)
(78,31,false)
(80,31,false)
(85,31,false)
(91,31,false)
(101,31,false)
(103,31,false)
(108,31,false)
(118,31,false)
(121,31,true)
(123,31,true)
(124,31,true)
(125,31,true)
(126,31,true)
(128,31,false)
(129,31,true)
(134,31,true)
(135,31,true)
(146,31,true)
(150,31,true)
(151,31,true)
(152,31,true)
(157,31,true)
(158,31,true)
(160,31,true)
(169,31,true)
(172,31,false)
(173,31,true)
(183,31,true)
(185,31,true)
(192,31,true)
(199,31,true)
(0,32,false)
(3,32,false)
(4,32,true)
(7,32,false)
(9,32,false)
(14,32,false)
(15,32,false)
(24,32,false)
(29,32,false)
(38,32,false)
(42,32,false)
(44,32,false)
(47,32,false)
(56,32,false)
(57,32,false)
(64,32,false)
(65,32,false)
(71,32,false)
(74,32,false)
(76,32,false)
(85,32,false)
(89,32,false)
(105,32,false)
(111,32,false)
(124,32,true)
(127,32,true)
(128,32,true)
(131,32,true)
(133,32,true)
(135,32,false)
(144,32,true)
(145,32,true)
(152,32,true)
(153,32,true)
(154,32,true)
(155,32,true)
(163,32,true)
(164,32,true)
(166,32,true)
(171,32,true)
(178,32,true)
(185,32,true)
(188,32,true)
(190,32,true)
(191,32,true)
(198,32,true)
(0,33,false)
(1,33,false)
(5,33,false)
(19,33,false)
(22,33,false)
(25,33,false)
(26,33,false)
(27,33,false)
(33,33,false)
(34,33,false)
(38,33,false)
(40,33,false)
(42,33,false)
(43,33,false)
(46,33,false)
(51,33,false)
(52,33,false)
(56,33,false)
(65,33,false)
(66,33,false)
(74,33,false)
(77,33,false)
(80,33,false)
(83,33,false)
(84,33,false)
(87,33,false)
(88,33,false)
(90,33,false)
(91,33,false)
(118,33,false)
(121,33,true)
(122,33,true)
(124,33,true)
(125,33,true)
(129,33,true)
(131,33,true)
(141,33,true)
(143,33,true)
(158,33,true)
(160,33,true)
(164,33,true)
(165,33,true)
(169,33,true)
(171,33,true)
(176,33,false)
(177,33,true)
(181,33,true)
(191,33,true)
(192,33,true)
(194,33,true)
(196,33,true)

(134,27)
(69,5)
(117,0)
(76,2)
(173,12)
(3,25)
(147,13)
(141,8)
(94,8)
(165,12)
(15,6)
(195,11)
(50,12)
(52,15)
(10,7)
(164,10)
(130,9)
(181,6)
(105,10)
(154,11)
(38,17)
(112,6)
(167,11)
(85,11)
(186,30)
(195,28)
(182,1)
(20,23)
(105,27)
(90,15)
(88,5)
(88,24)
(110,4)
(22,32)
(145,8)
(74,28)
(82,27)
(22,18)
(92,31)
(42,21)
(66,5)
(5,17)
(137,24)
(195,16)
(130,3)
(39,21)
(13,4)
(141,19)
(93,13)
(152,2)
(40,10)
(137,9)
(36,23)
(5,4)
(39,28)
(7,10)
(184,5)
(173,7)
(152,19)
(180,31)
(177,3)
(186,2)
(176,0)
(127,10)
(111,29)
(86,4)
(52,19)
(147,28)
(97,32)
(59,14)
(100,5)
(76,7)
(72,26)
(28,4)
(191,6)
(112,32)
(100,28)
(164,27)
(176,13)
(68,21)
(179,5)
(141,3)
(161,12)
(77,9)
(117,1)
(167,5)
(75,0)
(166,25)
(0,10)
(164,25)
(143,5)
(81,27)
(61,9)
(125,3)
(129,19)
(192,18)
(64,22)
(18,5)
(138,27)
(85,0)
(89,31)
(155,11)
(117,8)
(81,9)
(28,22)
(133,5)
(22,28)
(8,26)
(108,4)
(140,32)
(18,11)
(123,4)
(99,10)
(39,23)
(66,21)
(13,31)
(54,22)
(163,29)
(176,2)
(174,10)
(91,3)
(144,27)
(134,14)
(2,7)
(193,5)
(187,21)
(145,6)
(78,6)
(164,16)
(92,16)
(163,28)
(195,20)
(9,13)
(149,7)
(62,18)
(173,4)
(107,5)
(8,27)
(43,1)
(158,12)
(78,17)
(115,25)
(144,28)
(124,23)
(159,26)
(197,18)
(65,20)
(135,11)
(73,23)
(139,33)
(185,13)
(129,18)
(1,17)
(111,19)
(113,21)
(9,28)
(34,26)
(33,21)
(53,27)
(119,24)
(133,26)
(52,7)
(158,24)
(103,23)
(98,8)
(191,7)
(116,29)
(156,12)
(159,23)
(195,13)
(138,6)
(61,7)
(9,22)
(160,24)
(198,4)
(105,31)
(150,26)
(161,8)
(19,4)
(111,12)
(131,9)
(172,10)
(67,29)
(131,6)
(124,10)
(156,10)
(179,20)
(88,21)
(86,1)
(181,7)
(21,15)
(117,26)
(149,22)
(100,3)
(12,6)
(20,11)
(185,25)
(175,9)
(33,17)
(75,13)
(42,28)
(69,4)
(39,3)
(59,31)
(20,3)
(88,29)
(98,13)
(104,30)
(26,8)
(172,19)
(165,32)
(127,3)
(14,25)
(1,16)
(199,7)
(128,33)
(58,15)
(57,24)
(91,22)
(103,8)
(109,25)
(11,6)
(73,0)
(40,32)
(186,22)
(54,6)
(159,21)
(58,6)
(177,28)
(12,1)
(166,4)
(108,22)
(126,4)
(146,8)
(104,19)
(155,21)
(116,21)
(154,24)
(102,29)
(101,7)
(109,32)
(66,3)
(17,21)
(14,14)
(71,24)
(64,10)
(85,33)
(199,9)
(116,33)
(18,22)
(126,7)
(123,28)
(41,28)
(176,14)
(155,30)
(173,27)
(121,19)
(41,19)
(194,15)
(59,23)
(143,15)
(171,23)
(33,0)
(8,8)
(179,27)
(67,23)
(153,27)
(41,10)
(147,29)
(189,8)
(87,8)
(169,7)
(124,21)
(132,31)
(177,5)
(130,28)
(143,0)
(22,10)
(128,25)
(70,24)
(12,22)
(14,0)
(6,5)
(19,5)
(176,12)
(3,29)
(180,5)
(29,25)
(153,26)
(161,27)
(20,30)
(138,18)
(37,30)
(184,9)
(144,16)
(168,28)
(9,7)
(123,27)
(44,5)
(189,23)
(3,2)
(14,4)
(17,4)
(16,24)
(88,16)
(7,15)
(98,20)
(178,25)
(99,15)
(64,18)
(26,30)
(78,2)
(142,31)
(151,24)
(173,33)
(2,26)
(8,7)
(124,28)
(162,20)
(50,13)
(175,4)
(145,13)
(40,3)
(126,13)
(132,12)
(127,5)
(15,1)
(9,10)
(146,13)
(172,7)
(74,12)
(186,18)
(49,25)
(179,7)
(170,0)
(60,32)
(79,10)
(123,6)
(80,20)
(131,1)
(126,23)
(147,22)
(137,21)
(111,14)
(107,4)
(119,0)
(126,5)
(134,30)
(65,29)
(7,13)
(88,7)
(170,17)
(196,28)
(61,13)
(55,3)
(110,3)
(168,14)
(24,8)
(43,17)
(27,18)
(2,8)
(51,31)
(122,29)
(2,15)
(25,31)
(100,19)
(131,16)
(103,9)
(162,14)
(113,14)
(149,26)
(80,14)
(101,4)
(64,12)
(118,20)
(179,32)
(40,19)
(189,25)
(138,1)
(181,5)
(31,21)
(48,5)
(90,9)
(127,15)
(125,30)
(113,18)
(157,32)
(8,28)
(179,21)
(92,33)
(58,23)
(79,20)
(146,9)
(4,15)
(187,0)
(13,5)
(99,19)
(134,11)
(129,6)
(46,9)
(36,32)
(107,1)
(87,6)
(167,6)
(144,8)
(197,26)
(186,3)
(37,27)
(105,3)
(135,0)
(106,20)
(68,10)
(81,24)
(96,17)
(56,2)
(9,14)
(186,28)
(105,15)
(78,33)
(116,12)
(30,22)
(145,33)
(107,10)
(39,15)
(40,8)
(169,6)
(33,9)
(145,24)
(161,3)
(77,3)
(131,30)
(91,21)
(171,10)
(69,11)
(116,6)
(43,25)
(120,4)
(57,22)
(130,31)
(54,24)
(118,5)
(112,28)
(69,15)
(199,18)
(132,23)
(67,31)
(171,16)
(38,31)
(60,10)
(186,4)
(29,22)
(63,5)
(73,24)
(149,33)
(82,33)
(14,22)
(193,16)
(28,7)
(17,2)
(135,6)
(72,33)
(45,21)
(189,30)
(58,7)
(0,17)
(92,1)
(194,28)
(167,13)
(85,9)
(147,20)
(61,28)
(120,24)
(59,33)
(47,2)
(141,26)
(92,26)
(186,11)
(109,29)
(102,20)
(145,12)
(69,9)
(196,18)
(53,18)
(102,17)
(167,31)
(145,14)
(32,31)
(24,15)
(111,20)
(79,19)
(150,33)
(146,32)
(141,27)
(155,9)
(178,17)
(101,16)
(151,16)
(197,8)
(16,26)
(32,4)
(127,27)
(158,5)
(174,9)
(10,26)
(132,18)
(28,24)
(7,18)
(131,25)
(50,0)
(112,29)
(0,31)
(136,23)
(115,13)
(55,26)
(163,5)
(92,20)
(194,31)
(29,9)
(145,28)
(73,27)
(190,7)
(13,19)
(111,18)
(2,21)
(136,28)
(153,13)
(192,15)
(180,10)
(191,19)
(41,20)
(190,13)
(106,13)
(121,1)
(172,21)
(115,15)
(49,19)
(33,19)
(166,20)
(153,10)
(178,20)
(25,30)
(39,18)
(47,12)
(22,3)
(89,26)
(179,17)
(164,20)
(180,29)
(164,21)
(171,27)
(131,23)
(197,9)
(198,30)
(154,8)
(146,26)
(5,12)
(103,7)
(72,5)
(94,14)
(88,9)
(165,15)
(47,6)
(130,33)
(155,19)
(156,3)
(54,14)
(138,23)
(94,6)
(132,15)
(179,25)
(7,25)
(73,32)
(189,14)
(20,17)
(151,10)
(42,8)
(74,24)
(92,7)
(147,14)
(3,18)
(0,1)
(16,12)
(164,24)
(69,18)
(199,25)
(33,10)
(108,32)
(0,11)
(62,8)
(139,29)
(148,32)
(159,11)
(72,18)
(120,22)
(127,31)
(198,16)
(10,4)
(177,7)
(142,16)
(67,30)
(70,19)
(52,14)
(37,9)
(72,8)
(18,14)
(35,19)
(179,31)
(9,18)
(80,24)
(51,17)
(161,32)
(199,21)
(36,7)
(176,20)
(83,4)
(68,13)
(167,22)
(182,6)
(79,21)
(155,22)
(55,28)
(163,1)
(30,20)
(178,18)
(190,17)
(50,32)
(175,13)
(115,16)
(46,32)
(33,1)
(133,18)
(103,14)
(148,28)
(5,14)
(162,10)
(48,20)
(136,33)
(113,20)
(125,11)
(17,6)
(185,8)
(9,19)
(60,5)
(93,20)
(56,19)
(20,21)
(129,15)
(34,10)
(62,33)
(13,25)
(51,21)
(10,12)
(108,0)
(58,5)
(176,3)
(9,29)
(39,22)
(95,25)
(191,18)
(64,23)
(197,24)
(176,29)
(24,5)
(70,30)
(111,5)
(188,9)
(10,3)
(144,26)
(51,27)
(45,31)
(34,8)
(23,11)
(120,25)
(167,25)
(157,29)
(171,15)
(187,29)
(59,11)
(68,1)
(175,24)
(122,25)
(91,19)
(21,8)
(71,17)
(99,9)
(163,19)
(120,11)
(95,2)
(121,14)
(121,5)
(49,3)
(138,19)
(101,13)
(51,24)
(136,20)
(33,20)
(121,25)
(100,20)
(103,13)
(146,4)
(128,12)
(130,17)
(78,1)
(142,12)
(91,25)
(121,17)
(56,7)
(168,8)
(83,7)
(45,32)
(193,21)
(47,16)
(167,29)
(158,0)
(177,22)
(18,4)
(63,18)
(129,14)
(48,14)
(131,28)
(100,13)
(120,26)
(137,28)
(65,0)
(131,15)
(101,9)
(187,8)
(97,31)
(12,31)
(8,23)
(105,29)
(171,20)
(166,22)
(193,20)
(62,15)
(24,4)
(168,24)
(59,32)
(57,21)
(41,22)
(108,19)
(146,6)
(75,30)
(50,18)
(163,18)
(89,2)
(124,9)
(54,10)
(72,32)
(4,5)
(33,32)
(119,17)
(186,5)
(95,12)
(185,18)
(136,18)
(81,15)
(156,17)
(189,18)
(199,2)
(28,6)
(174,20)
(193,14)
(43,0)
(24,22)
(132,20)
(159,30)
(114,2)
(122,8)
(178,13)
(178,26)
(57,13)
(87,18)
(96,12)
(168,5)
(160,11)
(166,26)
(51,5)
(122,14)
(6,19)
(113,28)
(115,5)
(30,31)
(139,28)
(147,17)
(165,18)
(115,12)
(93,22)
(50,10)
(63,22)
(92,21)
(137,2)
(46,5)
(13,21)
(129,20)
(44,28)
(191,16)
(77,31)
(128,18)
(29,23)
(197,20)
(124,12)
(17,3)
(67,16)
(152,12)
(104,16)
(170,9)
(89,30)
(91,30)
(159,6)
(77,2)
(82,14)
(63,1)
(121,20)
(51,28)
(50,9)
(39,13)
(26,22)
(3,8)
(46,8)
(24,10)
(1,28)
(93,5)
(107,11)
(134,24)
(27,24)
(28,1)
(76,4)
(136,4)
(125,13)
(67,20)
(94,33)
(49,30)
(166,31)
(139,20)
(59,22)
(20,25)
(141,11)
(121,7)
(32,23)
(144,24)
(169,2)
(41,14)
(77,15)
(164,31)
(61,26)
(111,8)
(64,31)
(36,2)
(75,6)
(3,5)
(113,24)
(45,19)
(99,6)
(10,14)
(191,22)
(162,4)
(49,1)
(35,2)
(15,31)
(84,32)
(62,29)
(162,32)
(187,20)
(180,32)
(114,32)
(114,24)
(121,28)
(119,9)
(96,7)
(81,6)
(180,27)
(150,29)
(148,15)
(181,20)
(33,13)
(8,32)
(186,27)
(135,17)
(127,16)
(110,25)
(159,25)
(122,15)
(0,14)
(170,22)
(137,31)
(88,20)
(19,7)
(179,12)
(186,13)
(1,23)
(179,29)
(37,2)
(1,32)
(36,16)
(37,25)
(162,8)
(111,13)
(6,17)
(82,7)
(119,3)
(134,17)
(186,12)
(144,29)
(169,17)
(193,8)
(98,4)
(12,30)
(129,5)
(156,16)
(148,21)
(133,31)
(169,13)
(7,20)
(110,28)
(105,22)
(29,19)
(69,8)
(113,4)
(118,28)
(194,3)
(96,4)
(56,29)
(109,6)
(22,31)
(186,6)
(82,9)
(81,11)
(13,32)
(117,2)
(88,13)
(61,1)
(97,29)
(24,2)
(169,12)
(74,5)
(21,12)
(106,17)
(40,26)
(58,26)
(61,33)
(86,16)
(189,31)
(29,21)
(164,19)
(67,3)
(71,20)
(98,7)
(82,16)
(80,22)
(65,18)
(159,19)
(168,11)
(112,9)
(196,3)
(114,16)
(9,9)
(192,0)
(193,26)
(36,4)
(187,13)
(36,27)
(179,24)
(149,18)
(102,8)
(48,4)
(61,10)
(1,12)
(167,9)
(116,11)
(165,10)
(97,11)
(117,6)
(174,2)
(94,7)
(57,5)
(172,14)
(119,4)
(192,5)
(47,5)
(29,7)
(163,6)
(74,21)
(9,23)
(127,18)
(130,6)
(26,0)
(173,11)
(62,25)
(130,18)
(140,26)
(66,20)
(8,20)
(174,30)
(183,10)
(3,10)
(181,17)
(55,13)
(83,3)
(78,4)
(8,11)
(126,21)
(159,13)
(127,14)
(188,25)
(23,2)
(90,6)
(23,18)
(197,31)
(46,12)
(195,18)
(190,27)
(168,27)
(86,23)
(18,18)
(17,5)
(31,12)
(180,12)
(111,24)
(98,26)
(45,6)
(62,21)
(41,25)
(80,11)
(170,31)
(34,12)
(109,0)
(196,27)
(119,20)
(87,23)
(198,12)
(115,22)
(41,18)
(60,7)
(149,1)
(12,10)
(16,8)
(35,14)
(30,11)
(87,16)
(25,1)
(158,23)
(144,12)
(58,29)
(71,23)
(90,4)
(19,15)
(36,5)
(81,32)
(37,6)
(1,24)
(188,15)
(144,21)
(133,6)
(104,5)
(130,22)
(65,30)
(34,32)
(44,16)
(20,32)
(150,9)
(131,19)
(43,21)
(133,17)
(86,14)
(152,5)
(141,9)
(114,19)
(167,26)
(104,22)
(155,17)
(10,29)
(8,24)
(171,28)
(199,19)
(186,7)
(99,14)
(52,1)
(127,11)
(43,26)
(41,2)
(182,12)
(85,26)
(95,1)
(54,11)
(161,2)
(105,33)
(13,30)
(172,20)
(82,3)
(28,16)
(166,19)
(162,18)
(33,23)
(36,21)
(198,28)
(166,17)
(157,24)
(84,4)
(19,20)
(77,21)
(139,6)
(153,33)
(94,12)
(157,27)
(77,28)
(61,2)
(169,19)
(2,32)
(5,3)
(113,16)
(177,11)
(2,14)
(165,16)
(64,5)
(108,25)
(187,14)
(150,2)
(69,30)
(148,12)
(41,29)
(127,23)
(134,5)
(153,28)
(117,7)
(129,26)
(146,16)
(67,7)
(157,16)
(31,25)
(70,3)
(13,10)
(76,11)
(108,5)
(148,30)
(169,3)
(44,2)
(112,25)
(37,7)
(40,24)
(88,27)
(29,26)
(55,2)
(88,3)
(159,18)
(125,7)
(92,12)
(42,7)
(81,7)
(150,14)
(145,31)
(13,1)
(29,29)
(34,14)
(178,14)
(17,22)
(147,12)
(114,25)
(190,22)
(87,2)
(31,20)
(89,6)
(171,21)
(61,6)
(20,26)
(49,4)
(79,6)
(148,33)
(149,30)
(139,11)
(85,13)
(62,5)
(79,13)
(83,9)
(135,22)
(43,16)
(69,26)
(103,12)
(4,27)
(172,17)
(158,25)
(32,18)
(59,15)
(11,32)
(44,6)
(108,2)
(86,33)
(108,9)
(44,22)
(174,32)
(176,30)
(100,25)
(32,7)
(165,25)
(125,0)
(8,5)
(13,24)
(5,10)
(111,10)
(163,17)
(62,16)
(137,10)
(125,14)
(34,17)
(8,15)
(6,29)
(17,17)
(106,11)
(127,24)
(90,14)
(43,22)
(173,5)
(58,8)
(73,11)
(174,31)
(5,28)
(134,28)
(131,7)
(29,5)
(159,22)
(27,22)
(186,29)
(151,28)
(9,3)
(122,12)
(131,27)
(117,24)
(15,8)
(167,4)
(27,15)
(175,1)
(79,22)
(1,30)
(184,33)
(12,12)
(173,3)
(103,29)
(41,4)
(182,13)
(113,32)
(64,6)
(72,25)
(181,28)
(174,28)
(67,2)
(39,32)
(20,2)
(73,30)
(75,17)
(54,28)
(138,11)
(116,15)
(88,25)
(169,32)
(4,11)
(132,27)
(161,30)
(66,22)
(190,28)
(120,18)
(66,8)
(111,4)
(96,5)
(115,2)
(132,32)
(117,25)
(175,33)
(113,31)
(80,32)
(45,23)
(75,24)
(100,16)
(190,23)
(82,23)
(124,8)
(71,12)
(195,31)
(90,17)
(148,27)
(182,31)
(158,8)
(100,23)
(171,31)
(188,4)
(75,33)
(151,22)
(139,8)
(156,30)
(101,5)
(48,3)
(120,29)
(73,15)
(95,19)
(148,19)
(139,25)
(199,4)
(108,10)
(169,10)
(83,21)
(133,25)
(151,12)
(161,33)
(109,31)
(29,3)
(147,32)
(115,9)
(147,19)
(140,19)
(151,29)
(11,5)
(70,18)
(168,21)
(66,17)
(28,21)
(0,2)
(153,24)
(135,30)
(106,30)
(98,18)
(116,25)
(139,14)
(94,18)
(143,26)
(145,1)
(133,9)
(71,9)
(78,13)
(77,14)
(108,30)
(41,11)
(113,17)
(47,31)
(89,8)
(40,1)
(180,13)
(44,15)
(81,29)
(95,33)
(16,22)
(5,23)
(84,26)
(166,1)
(24,17)
(108,8)
(57,4)
(1,19)
(27,28)
(88,10)
(138,12)
(81,20)
(34,24)
(123,12)
(2,25)
(114,7)
(32,16)
(185,17)
(41,6)
(179,19)
(196,32)
(192,2)
(148,4)
(10,1)
(11,4)
(52,10)
(127,13)
(171,29)
(16,33)
(57,0)
(191,13)
(122,24)
(81,33)
(150,1)
(146,24)
(9,11)
(157,9)
(145,15)
(10,33)
(149,23)
(186,32)
(96,22)
(164,26)
(26,17)
(69,16)
(117,10)
(61,0)
(0,13)
(39,5)
(126,11)
(154,22)
(55,16)
(171,3)
(156,15)
(150,17)
(101,3)
(199,1)
(46,11)
(31,33)
(73,18)
(3,20)
(81,22)
(68,30)
(93,23)
(17,1)
(91,16)
(108,13)
(131,10)
(107,25)
(120,9)
(158,14)
(69,25)
(132,4)
(152,27)
(191,27)
(168,3)
(89,18)
(42,13)
(140,0)
(176,27)
(132,33)
(20,27)
(171,9)
(31,30)
(51,6)
(22,0)
(93,29)
(7,28)
(181,29)
(198,5)
(41,13)
(33,31)
(41,3)
(59,28)
(54,4)
(163,30)
(115,31)
(30,29)
(79,23)
(107,24)
(117,22)
(47,10)
(71,5)
(135,10)
(61,24)
(134,12)
(155,0)
(146,27)
(35,32)
(163,15)
(180,28)
(163,16)
(44,25)
(56,22)
(101,0)
(140,22)
(101,29)
(134,0)
(73,7)
(153,14)
(180,33)
(47,29)
(132,30)
(31,24)
(185,6)
(74,14)
(186,9)
(51,18)
(96,33)
(48,21)
(27,25)
(13,3)
(96,8)
(45,24)
(91,17)
(153,29)
(157,19)
(25,12)
(97,4)
(199,28)
(166,3)
(14,33)
(72,20)
(127,7)
(123,11)
(137,27)
(35,5)
(105,5)
(188,7)
(66,31)
(15,28)
(13,8)
(128,5)
(151,8)
(138,10)
(17,14)
(152,9)
(194,14)
(63,10)
(90,26)
(134,21)
(2,27)
(89,11)
(21,31)
(33,25)
(106,4)
(166,11)
(104,4)
(104,24)
(197,16)
(116,22)
(105,7)
(107,16)
(105,17)
(3,27)
(169,5)
(62,30)
(129,11)
(72,6)
(22,20)
(56,16)
(49,27)
(54,9)
(184,0)
(5,11)
(85,16)
(113,1)
(43,23)
(40,6)
(15,20)
(156,20)
(103,30)
(198,10)
(89,25)
(142,17)
(113,10)
(106,29)
(174,29)
(191,23)
(49,32)
(127,33)
(1,6)
(163,27)
(106,18)
(198,22)
(11,11)
(165,11)
(153,15)
(73,12)
(102,30)
(6,30)
(74,19)
(69,6)
(127,2)
(2,28)
(26,11)
(4,19)
(31,29)
(119,2)
(18,13)
(15,26)
(142,10)
(132,16)
(30,6)
(60,29)
(133,13)
(63,21)
(147,31)
(49,21)
(70,25)
(98,11)
(59,9)
(115,0)
(168,23)
(38,18)
(152,14)
(110,13)
(169,8)
(157,5)
(5,30)
(67,9)
(55,12)
(90,13)
(133,21)
(161,1)
(64,30)
(33,11)
(61,23)
(59,1)
(132,28)
(5,15)
(79,26)
(21,32)
(188,33)
(142,32)
(127,26)
(45,14)
(62,14)
(120,27)
(114,23)
(167,20)
(59,24)
(96,15)
(165,19)
(127,8)
(51,4)
(184,28)
(189,19)
(115,18)
(186,31)
(11,13)
(112,11)
(26,16)
(30,33)
(184,11)
(101,28)
(110,10)
(198,6)
(199,5)
(174,6)
(135,5)
(76,16)
(119,10)
(152,22)
(102,32)
(74,10)
(176,15)
(52,5)
(53,32)
(68,3)
(27,6)
(74,15)
(69,33)
(183,26)
(152,20)
(189,27)
(183,4)
(141,7)
(104,28)
(137,4)
(194,30)
(148,25)
(42,23)
(79,7)
(125,4)
(124,0)
(137,15)
(191,3)
(136,26)
(174,15)
(183,13)
(117,18)
(72,23)
(140,17)
(162,26)
(60,6)
(107,22)
(9,31)
(65,22)
(91,4)
(186,24)
(87,14)
(110,17)
(84,16)
(160,17)
(135,4)
(189,4)
(137,23)
(71,10)
(98,16)
(152,21)
(0,16)
(17,28)
(99,23)
(189,16)
(187,30)
(152,26)
(155,20)
(181,10)
(28,29)
(187,19)
(20,29)
(27,13)
(97,23)
(11,0)
(102,6)
(173,10)
(159,33)
(178,6)
(150,12)
(54,33)
(55,0)
(7,16)
(53,7)
(32,29)
(151,9)
(21,4)
(145,18)
(6,0)
(26,27)
(155,1)
(32,20)
(66,6)
(190,25)
(114,31)
(15,17)
(179,2)
(129,32)
(61,20)
(22,22)
(79,30)
(14,6)
(62,11)
(82,11)
(159,31)
(21,1)
(27,26)
(95,18)
(37,17)
(160,10)
(198,7)
(113,7)
(47,13)
(134,8)
(34,15)
(162,31)
(92,3)
(189,29)
(103,25)
(115,17)
(96,23)
(158,21)
(38,13)
(119,21)
(138,29)
(148,29)
(92,32)
(199,10)
(188,20)
(46,26)
(71,7)
(190,16)
(181,30)
(158,32)
(196,29)
(139,30)
(192,22)
(87,13)
(179,18)
(92,24)
(164,22)
(55,4)
(71,11)
(52,18)
(60,11)
(130,25)
(73,5)
(75,12)
(168,6)
(170,24)
(187,31)
(56,6)
(77,32)
(133,14)
(123,16)
(190,8)
(18,26)
(2,20)
(99,13)
(5,5)
(181,11)
(76,26)
(90,18)
(92,25)
(63,11)
(36,31)
(79,16)
(20,33)
(152,25)
(164,0)
(55,14)
(50,20)
(90,23)
(112,13)
(148,24)
(156,1)
(53,30)
(72,27)
(184,21)
(5,16)
(199,32)
(34,16)
(150,32)
(133,23)
(157,15)
(131,31)
(153,11)
(32,33)
(45,30)
(175,7)
(87,22)
(161,6)
(166,6)
(175,32)
(81,14)
(135,19)
(6,33)
(162,7)
(14,16)
(148,1)
(12,7)
(17,32)
(120,33)
(126,3)
(19,14)
(162,27)
(8,21)
(132,21)
(88,8)
(176,21)
(81,10)
(41,16)
(37,29)
(105,12)
(80,28)
(60,2)
(56,8)
(164,29)
(78,7)
(4,8)
(114,10)
(105,9)
(45,3)
(186,21)
(54,18)
(178,23)
(73,28)
(106,23)
(141,15)
(137,18)
(141,16)
(81,18)
(21,30)
(6,14)
(182,29)
(100,33)
(119,8)
(38,16)
(16,4)
(83,27)
(176,31)
(88,30)
(91,27)
(92,11)
(175,16)
(143,14)
(171,22)
(72,22)
(166,13)
(12,14)
(190,19)
(14,12)
(120,17)
(171,6)
(65,16)
(71,3)
(120,28)
(153,18)
(101,26)
(189,32)
(37,4)
(72,31)
(71,6)
(115,27)
(46,14)
(103,0)
(53,10)
(86,22)
(77,22)
(81,2)
(141,10)
(162,21)
(92,23)
(134,16)
(20,13)
(127,1)
(163,23)
(196,7)
(180,22)
(58,27)
(154,14)
(148,23)
(175,23)
(102,33)
(21,7)
(151,15)
(105,6)
(147,7)
(180,3)
(95,21)
(143,6)
(95,32)
(64,7)
(136,22)
(46,1)
(168,26)
(133,30)
(111,11)
(138,16)
(38,24)
(5,26)
(2,22)
(125,25)
(70,23)
(139,2)
(74,11)
(28,19)
(115,20)
(16,18)
(71,26)
(40,15)
(17,7)
(158,13)
(30,14)
(71,30)
(169,15)
(120,8)
(9,6)
(108,27)
(105,28)
(179,22)
(0,30)
(91,9)
(41,33)
(123,29)
(86,27)
(28,32)
(81,31)
(115,8)
(64,19)
(196,16)
(66,11)
(40,25)
(133,22)
(115,6)
(75,3)
(100,10)
(92,19)
(189,12)
(165,7)
(43,2)
(143,24)
(159,12)
(92,17)
(142,8)
(26,26)
(19,23)
(9,15)
(145,21)
(1,25)
(193,6)
(99,11)
(105,30)
(97,17)
(78,11)
(195,27)
(30,10)
(174,14)
(120,1)
(52,11)
(58,28)
(84,7)
(187,4)
(161,29)
(128,6)
(45,33)
(14,7)
(165,3)
(193,24)
(104,26)
(152,8)
(42,29)
(92,8)
(198,24)
(82,25)
(174,12)
(105,20)
(13,27)
(164,8)
(166,2)
(181,26)
(33,8)
(194,20)
(96,18)
(184,6)
(65,2)
(70,33)
(193,33)
(16,21)
(192,4)
(31,19)
(4,26)
(142,22)
(188,1)
(27,21)
(129,28)
(165,21)
(25,10)
(86,20)
(179,33)
(71,33)
(100,30)
(199,11)
(54,26)
(193,0)
(149,21)
(148,16)
(168,17)
(75,16)
(72,24)
(23,12)
(185,14)
(142,20)
(126,12)
(78,29)
(150,4)
(135,8)
(54,20)
(38,25)
(28,5)
(180,8)
(76,30)
(188,10)
(181,13)
(72,13)
(152,29)
(136,7)
(179,4)
(113,5)
(150,16)
(29,13)
(107,33)
(49,16)
(86,12)
(66,7)
(196,24)
(73,8)
(142,1)
(77,4)
(147,18)
(139,31)
(101,19)
(150,7)
(198,9)
(154,25)
(173,14)
(130,20)
(152,7)
(131,17)
(86,19)
(132,24)
(48,28)
(87,4)
(6,10)
(169,4)
(7,4)
(112,15)
(112,23)
(144,17)
(197,25)
(128,26)
(160,7)
(128,16)
(157,17)
(75,14)
(112,12)
(184,19)
(6,31)
(162,16)
(13,14)
(92,27)
(71,28)
(86,13)
(110,27)
(11,14)
(6,8)
(157,26)
(45,12)
(31,4)
(136,31)
(199,29)
(12,16)
(95,8)
(56,13)
(83,20)
(145,23)
(12,15)
(39,6)
(25,25)
(141,1)
(149,4)
(140,27)
(142,23)
(25,29)
(49,12)
(18,28)
(182,0)
(82,31)
(161,31)
(62,31)
(97,9)
(72,19)
(189,33)
(181,19)
(25,27)
(41,24)
(181,8)
(17,33)
(41,32)
(196,20)
(183,7)
(68,19)
(97,14)
(155,7)
(175,21)
(24,21)
(37,18)
(175,31)
(195,6)
(159,28)
(124,18)
(89,27)
(16,15)
(146,18)
(149,5)
(96,20)
(133,20)
(32,19)
(48,0)
(39,30)
(121,12)
(19,16)
(61,17)
(124,26)
(38,20)
(153,6)
(83,10)
(35,23)
(180,2)
(171,14)
(140,9)
(184,20)
(59,16)
(47,9)
(98,3)
(21,0)
(191,26)
(170,7)
(124,5)
(198,17)
(174,1)
(10,10)
(42,30)
(109,24)
(81,17)
(102,13)
(66,30)
(10,11)
(68,33)
(138,20)
(174,3)
(118,15)
(131,24)
(2,12)
(136,32)
(86,30)
(168,29)
(157,23)
(47,33)
(172,33)
(17,26)
(198,18)
(116,20)
(121,9)
(105,14)
(35,4)
(99,4)
(52,32)
(59,19)
(17,18)
(190,24)
(14,27)
(55,6)
(125,8)
(31,7)
(31,13)
(83,25)
(98,32)
(42,0)
(79,25)
(79,1)
(32,3)
(95,24)
(144,22)
(111,33)
(97,25)
(1,7)
(99,24)
(147,10)
(53,20)
(68,2)
(116,13)
(23,20)
(13,20)
(28,26)
(13,26)
(9,2)
(42,11)
(185,23)
(78,30)
(64,3)
(199,22)
(64,8)
(136,25)
(109,8)
(24,16)
(96,25)
(105,23)
(6,32)
(3,14)
(55,17)
(51,29)
(78,9)
(61,27)
(95,28)
(138,4)
(68,5)
(104,10)
(61,18)
(178,11)
(140,30)
(147,33)
(117,33)
(52,20)
(170,20)
(82,30)
(183,18)
(118,21)
(146,30)
(60,4)
(83,15)
(97,26)
(92,10)
(86,10)
(114,9)
(128,17)
(157,11)
(106,22)
(131,22)
(105,19)
(140,28)
(65,1)
(165,26)
(161,23)
(69,19)
(2,19)
(135,28)
(151,7)
(30,13)
(129,24)
(183,25)
(37,3)
(111,6)
(137,33)
(82,32)
(158,6)
(182,19)
(183,8)
(48,24)
(121,22)
(43,11)
(172,8)
(168,15)
(19,25)
(130,30)
(114,6)
(153,3)
(116,18)
(192,24)
(45,4)
(170,8)
(91,32)
(197,23)
(116,23)
(106,5)
(40,7)
(122,2)
(92,13)
(8,16)
(167,24)
(123,30)
(103,10)
(86,24)
(36,13)
(123,23)
(100,21)
(123,33)
(147,23)
(33,6)
(126,19)
(179,16)
(122,22)
(69,29)
(11,10)
(84,2)
(120,32)
(31,18)
(75,32)
(86,28)
(192,32)
(108,23)
(5,27)
(48,26)
(89,24)
(116,9)
(126,16)
(127,30)
(166,24)
(118,27)
(76,14)
(17,9)
(171,13)
(86,17)
(150,22)
(104,23)
(63,12)
(96,32)
(60,19)
(27,17)
(144,14)
(181,14)
(29,10)
(175,11)
(132,19)
(148,13)
(94,10)
(159,27)
(45,26)
(194,27)
(197,2)
(174,4)
(26,5)
(64,11)
(182,26)
(89,19)
(115,23)
(64,9)
(106,15)
(53,33)
(198,25)
(47,20)
(167,19)
(167,0)
(21,3)
(58,25)
(189,13)
(26,19)
(176,19)
(14,31)
(69,17)
(22,5)
(177,9)
(172,22)
(23,6)
(104,33)
(47,18)
(64,26)
(174,17)
(35,25)
(124,29)
(69,24)
(184,27)
(24,14)
(61,5)
(30,18)
(29,28)
(18,15)
(193,29)
(22,24)
(51,22)
(88,26)
(123,1)
(136,21)
(195,12)
(86,32)
(192,21)
(143,8)
(55,20)
(77,19)
(77,11)
(62,19)
(154,17)
(185,20)
(15,14)
(145,19)
(63,14)
(126,22)
(184,29)
(181,32)
(15,16)
(137,12)
(145,26)
(101,8)
(121,32)
(120,16)
(17,13)
(170,13)
(69,32)
(130,7)
(69,31)
(32,2)
(9,33)
(135,7)
(86,31)
(13,17)
(47,30)
(139,12)
(186,33)
(122,11)
(126,6)
(29,12)
(50,22)
(10,32)
(73,13)
(151,30)
(116,16)
(148,10)
(50,19)
(108,12)
(31,16)
(82,12)
(153,20)
(49,20)
(29,30)
(75,26)
(149,31)
(134,29)
(190,31)
(58,1)
(154,30)
(6,21)
(83,12)
(182,11)
(57,8)
(134,33)
(130,19)
(146,12)
(181,23)
(36,20)
(198,3)
(106,19)
(7,26)
(64,1)
(100,31)
(48,10)
(115,32)
(52,2)
(62,13)
(57,16)
(109,27)
(99,7)
(176,22)
(147,16)
(127,17)
(1,22)
(59,18)
(106,8)
(178,33)
(93,10)
(174,13)
(162,33)
(3,12)
(125,12)
(182,2)
(21,23)
(102,0)
(14,5)
(164,17)
(149,29)
(166,16)
(1,10)
(79,15)
(79,31)
(27,16)
(146,15)
(116,27)
(127,22)
(17,20)
(98,22)
(21,22)
(133,28)
(18,30)
