200 Users
55 Files
4000 Transactions
2 Maximum Connections
1 Cycle Length per Upload-Download
0 Warm-up Transactions
0.400000 Zipf constant
5 Pre-Trusted Users
80 Well-Behaved (Good) Users
120 Purely Malicious Users
0 Feedback Skewing Users
0 Malignant Providing Users
0 Disguised Malicous Users
0 Sybil Attack Users
true Intelligent Trans. Generation
1561012919319 Trace Generation Seed

(0.014200,0.000000,1,false)
(0.065147,0.000000,1,false)
(0.028306,0.000000,1,false)
(0.028454,0.000000,1,false)
(0.028902,0.000000,1,false)
(0.054708,0.000000,1,false)
(0.017016,0.000000,1,false)
(0.034886,0.000000,1,false)
(0.004020,0.000000,1,false)
(0.004730,0.000000,1,false)
(0.040797,0.000000,1,false)
(0.098554,0.000000,1,false)
(0.087804,0.000000,1,false)
(0.098089,0.000000,1,false)
(0.017833,0.000000,1,false)
(0.080258,0.000000,1,false)
(0.007786,0.000000,1,false)
(0.075325,0.000000,1,false)
(0.023656,0.000000,1,false)
(0.052915,0.000000,1,false)
(0.038060,0.000000,1,false)
(0.087211,0.000000,1,false)
(0.078298,0.000000,1,false)
(0.088986,0.000000,1,false)
(0.079408,0.000000,1,false)
(0.076044,0.000000,1,false)
(0.087979,0.000000,1,false)
(0.025370,0.000000,1,false)
(0.013543,0.000000,1,false)
(0.070597,0.000000,1,false)
(0.072797,0.000000,1,false)
(0.083149,0.000000,1,false)
(0.093218,0.000000,1,false)
(0.080910,0.000000,1,false)
(0.095131,0.000000,1,false)
(0.016092,0.000000,1,false)
(0.021089,0.000000,1,false)
(0.096032,0.000000,1,false)
(0.027438,0.000000,1,false)
(0.024097,0.000000,1,false)
(0.051920,0.000000,1,false)
(0.020315,0.000000,1,false)
(0.062642,0.000000,1,false)
(0.095530,0.000000,1,false)
(0.025124,0.000000,1,false)
(0.032007,0.000000,1,false)
(0.075521,0.000000,1,false)
(0.035906,0.000000,1,false)
(0.097592,0.000000,1,false)
(0.011692,0.000000,1,false)
(0.089266,0.000000,1,false)
(0.099438,0.000000,1,false)
(0.000382,0.000000,1,false)
(0.067470,0.000000,1,false)
(0.087840,0.000000,1,false)
(0.064658,0.000000,1,false)
(0.087086,0.000000,1,false)
(0.078834,0.000000,1,false)
(0.041798,0.000000,1,false)
(0.085703,0.000000,1,false)
(0.076553,0.000000,1,false)
(0.091827,0.000000,1,false)
(0.082904,0.000000,1,false)
(0.006741,0.000000,1,false)
(0.018125,0.000000,1,false)
(0.024317,0.000000,1,false)
(0.071212,0.000000,1,false)
(0.048673,0.000000,1,false)
(0.023677,0.000000,1,false)
(0.082159,0.000000,1,false)
(0.047141,0.000000,1,false)
(0.064382,0.000000,1,false)
(0.017458,0.000000,1,false)
(0.044490,0.000000,1,false)
(0.050709,0.000000,1,false)
(0.011691,0.000000,1,false)
(0.052131,0.000000,1,false)
(0.049590,0.000000,1,false)
(0.020178,0.000000,1,false)
(0.011606,0.000000,1,false)
(0.027374,0.000000,1,false)
(0.001470,0.000000,1,false)
(0.053245,0.000000,1,false)
(0.043531,0.000000,1,false)
(0.026012,0.000000,1,false)
(0.021779,0.000000,1,false)
(0.025267,0.000000,1,false)
(0.078831,0.000000,1,false)
(0.051920,0.000000,1,false)
(0.091612,0.000000,1,false)
(0.011123,0.000000,1,false)
(0.069455,0.000000,1,false)
(0.013764,0.000000,1,false)
(0.063474,0.000000,1,false)
(0.049936,0.000000,1,false)
(0.089303,0.000000,1,false)
(0.049149,0.000000,1,false)
(0.074890,0.000000,1,false)
(0.025224,0.000000,1,false)
(0.072573,0.000000,1,false)
(0.024877,0.000000,1,false)
(0.062087,0.000000,1,false)
(0.006944,0.000000,1,false)
(0.005566,0.000000,1,false)
(0.080712,0.000000,1,false)
(0.054653,0.000000,1,false)
(0.016457,0.000000,1,false)
(0.006227,0.000000,1,false)
(0.006465,0.000000,1,false)
(0.030248,0.000000,1,false)
(0.030620,0.000000,1,false)
(0.069180,0.000000,1,false)
(0.055143,0.000000,1,false)
(0.022210,0.000000,1,false)
(0.037004,0.000000,1,false)
(0.063090,0.000000,1,false)
(0.098581,0.000000,1,false)
(0.002278,0.000000,1,false)
(0.088661,0.000000,1,false)
(0.041881,0.000000,1,false)
(0.973849,1.000000,0,true)
(0.994311,1.000000,0,true)
(0.916062,1.000000,0,true)
(0.928307,1.000000,0,true)
(0.927930,1.000000,0,true)
(0.973452,1.000000,0,false)
(0.985535,1.000000,0,false)
(0.918604,1.000000,0,false)
(0.967750,1.000000,0,false)
(0.912371,1.000000,0,false)
(0.917200,1.000000,0,false)
(0.983924,1.000000,0,false)
(0.902190,1.000000,0,false)
(0.919328,1.000000,0,false)
(0.909912,1.000000,0,false)
(0.989893,1.000000,0,false)
(0.910941,1.000000,0,false)
(0.919242,1.000000,0,false)
(0.966305,1.000000,0,false)
(0.900736,1.000000,0,false)
(0.978849,1.000000,0,false)
(0.938520,1.000000,0,false)
(0.965112,1.000000,0,false)
(0.940229,1.000000,0,false)
(0.929406,1.000000,0,false)
(0.923593,1.000000,0,false)
(0.962492,1.000000,0,false)
(0.903715,1.000000,0,false)
(0.959605,1.000000,0,false)
(0.973265,1.000000,0,false)
(0.920055,1.000000,0,false)
(0.999499,1.000000,0,false)
(0.959110,1.000000,0,false)
(0.994982,1.000000,0,false)
(0.955197,1.000000,0,false)
(0.932587,1.000000,0,false)
(0.986865,1.000000,0,false)
(0.909452,1.000000,0,false)
(0.966666,1.000000,0,false)
(0.912792,1.000000,0,false)
(0.977736,1.000000,0,false)
(0.926807,1.000000,0,false)
(0.905020,1.000000,0,false)
(0.972639,1.000000,0,false)
(0.960717,1.000000,0,false)
(0.900577,1.000000,0,false)
(0.933677,1.000000,0,false)
(0.918291,1.000000,0,false)
(0.988433,1.000000,0,false)
(0.933259,1.000000,0,false)
(0.961715,1.000000,0,false)
(0.908897,1.000000,0,false)
(0.905376,1.000000,0,false)
(0.959081,1.000000,0,false)
(0.924420,1.000000,0,false)
(0.966299,1.000000,0,false)
(0.919258,1.000000,0,false)
(0.965823,1.000000,0,false)
(0.941760,1.000000,0,false)
(0.957948,1.000000,0,false)
(0.986294,1.000000,0,false)
(0.938148,1.000000,0,false)
(0.998536,1.000000,0,false)
(0.971190,1.000000,0,false)
(0.976986,1.000000,0,false)
(0.909875,1.000000,0,false)
(0.962937,1.000000,0,false)
(0.906720,1.000000,0,false)
(0.954083,1.000000,0,false)
(0.901993,1.000000,0,false)
(0.992517,1.000000,0,false)
(0.963087,1.000000,0,false)
(0.968953,1.000000,0,false)
(0.996927,1.000000,0,false)
(0.968326,1.000000,0,false)
(0.962507,1.000000,0,false)
(0.966443,1.000000,0,false)
(0.957695,1.000000,0,false)
(0.949013,1.000000,0,false)
(0.981064,1.000000,0,false)

(0,0,false)
(1,0,false)
(4,0,false)
(5,0,false)
(6,0,false)
(8,0,false)
(9,0,false)
(10,0,false)
(11,0,false)
(14,0,false)
(15,0,true)
(17,0,false)
(18,0,false)
(19,0,true)
(20,0,false)
(22,0,false)
(23,0,false)
(24,0,false)
(25,0,false)
(26,0,false)
(27,0,false)
(29,0,false)
(30,0,false)
(31,0,false)
(33,0,false)
(34,0,false)
(35,0,false)
(36,0,true)
(38,0,false)
(39,0,false)
(41,0,false)
(42,0,false)
(43,0,false)
(44,0,false)
(45,0,false)
(46,0,false)
(47,0,false)
(48,0,true)
(49,0,false)
(50,0,false)
(51,0,false)
(52,0,false)
(53,0,false)
(55,0,false)
(56,0,false)
(57,0,true)
(59,0,false)
(60,0,false)
(61,0,false)
(62,0,true)
(63,0,false)
(64,0,false)
(66,0,false)
(67,0,false)
(68,0,false)
(71,0,false)
(72,0,false)
(74,0,false)
(75,0,false)
(76,0,false)
(77,0,false)
(79,0,false)
(81,0,false)
(82,0,false)
(83,0,false)
(84,0,false)
(85,0,false)
(87,0,false)
(88,0,false)
(89,0,false)
(90,0,false)
(91,0,false)
(93,0,false)
(95,0,false)
(96,0,false)
(97,0,false)
(98,0,false)
(99,0,false)
(101,0,false)
(102,0,false)
(103,0,false)
(105,0,false)
(106,0,false)
(107,0,false)
(109,0,false)
(110,0,false)
(111,0,false)
(113,0,false)
(114,0,false)
(115,0,false)
(116,0,false)
(117,0,false)
(118,0,false)
(119,0,false)
(120,0,true)
(121,0,true)
(122,0,false)
(123,0,true)
(125,0,true)
(127,0,true)
(128,0,true)
(129,0,true)
(130,0,true)
(131,0,true)
(132,0,true)
(134,0,true)
(135,0,true)
(138,0,true)
(140,0,true)
(142,0,true)
(143,0,true)
(144,0,true)
(145,0,true)
(146,0,true)
(147,0,false)
(148,0,true)
(149,0,true)
(150,0,true)
(151,0,true)
(152,0,true)
(153,0,true)
(154,0,true)
(155,0,true)
(157,0,true)
(158,0,true)
(159,0,false)
(160,0,true)
(162,0,true)
(163,0,true)
(164,0,true)
(165,0,true)
(166,0,true)
(167,0,true)
(168,0,true)
(169,0,true)
(170,0,true)
(174,0,true)
(175,0,true)
(178,0,true)
(179,0,true)
(181,0,true)
(186,0,true)
(187,0,true)
(192,0,true)
(193,0,true)
(194,0,true)
(196,0,true)
(197,0,true)
(198,0,true)
(199,0,true)
(0,1,false)
(1,1,false)
(2,1,false)
(4,1,false)
(5,1,false)
(7,1,false)
(8,1,false)
(12,1,false)
(13,1,true)
(16,1,false)
(17,1,false)
(18,1,false)
(19,1,true)
(20,1,false)
(22,1,false)
(24,1,false)
(26,1,false)
(27,1,false)
(29,1,false)
(30,1,false)
(32,1,false)
(33,1,false)
(34,1,false)
(35,1,false)
(37,1,false)
(39,1,false)
(41,1,false)
(44,1,false)
(45,1,false)
(46,1,false)
(47,1,false)
(48,1,false)
(50,1,false)
(51,1,false)
(53,1,false)
(55,1,false)
(56,1,false)
(57,1,false)
(58,1,false)
(59,1,false)
(61,1,true)
(63,1,false)
(64,1,false)
(67,1,false)
(69,1,false)
(71,1,false)
(72,1,false)
(73,1,false)
(75,1,false)
(76,1,false)
(77,1,false)
(79,1,false)
(80,1,false)
(81,1,false)
(82,1,false)
(83,1,false)
(84,1,false)
(85,1,false)
(86,1,false)
(88,1,false)
(90,1,false)
(91,1,false)
(92,1,false)
(93,1,false)
(96,1,false)
(97,1,false)
(98,1,false)
(99,1,false)
(100,1,false)
(101,1,false)
(103,1,false)
(106,1,false)
(107,1,false)
(108,1,false)
(109,1,false)
(111,1,true)
(112,1,false)
(113,1,false)
(117,1,false)
(118,1,false)
(119,1,false)
(121,1,true)
(122,1,true)
(123,1,true)
(124,1,true)
(125,1,true)
(127,1,true)
(131,1,true)
(133,1,true)
(134,1,true)
(135,1,true)
(136,1,true)
(137,1,true)
(138,1,true)
(139,1,false)
(140,1,true)
(141,1,true)
(145,1,true)
(146,1,true)
(147,1,true)
(149,1,true)
(151,1,true)
(152,1,true)
(153,1,true)
(154,1,true)
(155,1,true)
(156,1,true)
(158,1,true)
(159,1,true)
(160,1,true)
(163,1,true)
(164,1,true)
(165,1,true)
(166,1,true)
(168,1,true)
(169,1,true)
(170,1,true)
(171,1,false)
(172,1,true)
(174,1,false)
(175,1,true)
(176,1,true)
(177,1,true)
(178,1,true)
(179,1,true)
(180,1,true)
(181,1,true)
(182,1,true)
(185,1,true)
(186,1,true)
(188,1,true)
(190,1,true)
(191,1,true)
(192,1,true)
(193,1,true)
(194,1,true)
(195,1,true)
(196,1,true)
(197,1,true)
(198,1,true)
(199,1,true)
(3,2,false)
(6,2,false)
(7,2,false)
(9,2,false)
(11,2,false)
(13,2,true)
(14,2,false)
(15,2,false)
(17,2,false)
(18,2,false)
(19,2,false)
(21,2,false)
(22,2,false)
(23,2,false)
(24,2,true)
(25,2,true)
(31,2,false)
(34,2,false)
(35,2,false)
(36,2,false)
(37,2,false)
(38,2,false)
(40,2,false)
(43,2,false)
(47,2,false)
(50,2,true)
(51,2,false)
(55,2,false)
(56,2,false)
(58,2,false)
(60,2,false)
(61,2,false)
(62,2,false)
(64,2,false)
(65,2,false)
(67,2,false)
(74,2,false)
(77,2,false)
(79,2,false)
(84,2,false)
(85,2,false)
(86,2,false)
(87,2,true)
(88,2,false)
(92,2,false)
(93,2,false)
(94,2,false)
(95,2,false)
(96,2,false)
(97,2,false)
(100,2,false)
(103,2,false)
(105,2,false)
(106,2,false)
(108,2,false)
(109,2,false)
(110,2,false)
(113,2,false)
(114,2,false)
(116,2,false)
(117,2,false)
(119,2,false)
(123,2,true)
(125,2,true)
(127,2,true)
(134,2,true)
(136,2,true)
(138,2,true)
(139,2,true)
(140,2,true)
(143,2,true)
(145,2,false)
(148,2,true)
(150,2,true)
(151,2,true)
(153,2,true)
(156,2,true)
(158,2,true)
(160,2,true)
(162,2,true)
(163,2,false)
(164,2,true)
(165,2,true)
(168,2,true)
(169,2,true)
(170,2,true)
(171,2,true)
(172,2,false)
(178,2,true)
(179,2,true)
(180,2,true)
(183,2,true)
(186,2,true)
(187,2,true)
(188,2,false)
(189,2,true)
(191,2,true)
(192,2,true)
(194,2,true)
(196,2,true)
(197,2,true)
(0,3,true)
(5,3,false)
(6,3,false)
(9,3,false)
(10,3,false)
(11,3,false)
(12,3,false)
(15,3,false)
(16,3,false)
(17,3,false)
(20,3,false)
(23,3,false)
(25,3,true)
(30,3,false)
(31,3,false)
(37,3,false)
(41,3,false)
(42,3,false)
(45,3,false)
(46,3,true)
(47,3,false)
(51,3,false)
(56,3,false)
(58,3,false)
(60,3,true)
(63,3,false)
(66,3,false)
(68,3,false)
(71,3,false)
(72,3,false)
(73,3,false)
(77,3,false)
(78,3,false)
(79,3,false)
(80,3,false)
(82,3,true)
(84,3,true)
(85,3,false)
(88,3,true)
(89,3,false)
(90,3,false)
(93,3,false)
(95,3,false)
(97,3,false)
(99,3,false)
(100,3,false)
(105,3,false)
(111,3,false)
(112,3,false)
(113,3,false)
(116,3,false)
(119,3,false)
(124,3,false)
(125,3,true)
(127,3,true)
(128,3,true)
(130,3,true)
(131,3,true)
(133,3,true)
(134,3,true)
(135,3,true)
(136,3,true)
(141,3,true)
(142,3,true)
(143,3,true)
(144,3,true)
(145,3,true)
(146,3,true)
(150,3,true)
(154,3,true)
(155,3,true)
(156,3,true)
(157,3,true)
(158,3,true)
(159,3,true)
(161,3,true)
(162,3,true)
(163,3,true)
(164,3,true)
(165,3,true)
(166,3,true)
(167,3,true)
(168,3,true)
(170,3,true)
(171,3,true)
(173,3,true)
(176,3,false)
(178,3,true)
(179,3,true)
(180,3,true)
(182,3,true)
(183,3,true)
(185,3,true)
(189,3,true)
(191,3,true)
(192,3,true)
(194,3,true)
(195,3,true)
(197,3,true)
(198,3,false)
(3,4,false)
(9,4,false)
(17,4,true)
(18,4,false)
(19,4,false)
(20,4,false)
(23,4,false)
(27,4,false)
(28,4,false)
(29,4,false)
(30,4,false)
(31,4,false)
(33,4,false)
(36,4,false)
(39,4,false)
(40,4,false)
(41,4,false)
(44,4,false)
(50,4,false)
(52,4,false)
(53,4,false)
(54,4,false)
(56,4,false)
(57,4,false)
(59,4,false)
(60,4,false)
(61,4,false)
(64,4,true)
(67,4,false)
(69,4,false)
(70,4,false)
(71,4,false)
(73,4,false)
(74,4,true)
(75,4,false)
(76,4,false)
(77,4,false)
(79,4,false)
(81,4,false)
(85,4,false)
(86,4,false)
(88,4,false)
(93,4,false)
(96,4,false)
(97,4,false)
(98,4,false)
(100,4,false)
(101,4,false)
(103,4,false)
(105,4,false)
(109,4,false)
(110,4,false)
(118,4,false)
(119,4,false)
(120,4,true)
(121,4,true)
(124,4,true)
(125,4,true)
(126,4,true)
(131,4,true)
(133,4,true)
(134,4,true)
(135,4,true)
(136,4,true)
(138,4,true)
(139,4,true)
(140,4,true)
(143,4,true)
(145,4,true)
(147,4,false)
(148,4,true)
(150,4,true)
(151,4,true)
(152,4,true)
(153,4,true)
(154,4,true)
(155,4,true)
(157,4,true)
(159,4,true)
(160,4,true)
(162,4,true)
(165,4,true)
(166,4,true)
(168,4,true)
(170,4,true)
(172,4,true)
(174,4,true)
(176,4,true)
(177,4,true)
(178,4,true)
(180,4,true)
(183,4,true)
(185,4,true)
(186,4,true)
(187,4,true)
(188,4,true)
(189,4,true)
(190,4,true)
(191,4,true)
(193,4,true)
(194,4,true)
(195,4,true)
(198,4,true)
(0,5,true)
(1,5,false)
(5,5,false)
(7,5,false)
(9,5,false)
(10,5,false)
(18,5,false)
(19,5,false)
(20,5,false)
(23,5,false)
(24,5,false)
(25,5,false)
(27,5,false)
(28,5,false)
(29,5,false)
(32,5,false)
(33,5,false)
(34,5,false)
(37,5,false)
(39,5,false)
(40,5,false)
(42,5,false)
(44,5,false)
(45,5,false)
(49,5,false)
(50,5,false)
(51,5,false)
(53,5,false)
(56,5,true)
(57,5,true)
(60,5,false)
(61,5,false)
(62,5,false)
(68,5,false)
(70,5,true)
(71,5,true)
(73,5,false)
(74,5,false)
(75,5,false)
(77,5,false)
(78,5,false)
(85,5,false)
(88,5,false)
(91,5,false)
(92,5,false)
(101,5,false)
(103,5,false)
(104,5,false)
(105,5,false)
(108,5,false)
(109,5,false)
(110,5,false)
(111,5,false)
(120,5,true)
(122,5,true)
(124,5,true)
(128,5,true)
(131,5,true)
(132,5,true)
(134,5,true)
(142,5,true)
(146,5,true)
(147,5,true)
(148,5,true)
(149,5,true)
(151,5,true)
(152,5,true)
(154,5,true)
(158,5,true)
(159,5,true)
(161,5,true)
(164,5,true)
(165,5,true)
(166,5,false)
(168,5,true)
(169,5,true)
(170,5,true)
(171,5,true)
(176,5,true)
(178,5,true)
(179,5,true)
(180,5,true)
(185,5,true)
(187,5,false)
(193,5,true)
(194,5,true)
(195,5,true)
(196,5,true)
(197,5,true)
(1,6,false)
(3,6,false)
(5,6,false)
(6,6,false)
(7,6,false)
(8,6,false)
(9,6,false)
(10,6,false)
(11,6,false)
(16,6,false)
(18,6,false)
(19,6,false)
(21,6,false)
(25,6,false)
(26,6,false)
(31,6,false)
(33,6,false)
(34,6,false)
(36,6,false)
(37,6,false)
(39,6,false)
(44,6,false)
(47,6,false)
(51,6,true)
(53,6,false)
(54,6,false)
(58,6,false)
(60,6,false)
(62,6,false)
(64,6,false)
(66,6,false)
(67,6,false)
(69,6,false)
(70,6,false)
(71,6,false)
(73,6,false)
(77,6,false)
(79,6,false)
(83,6,false)
(86,6,false)
(88,6,false)
(95,6,false)
(96,6,false)
(97,6,false)
(100,6,false)
(101,6,false)
(107,6,false)
(110,6,false)
(113,6,false)
(116,6,false)
(118,6,false)
(122,6,true)
(123,6,true)
(124,6,true)
(126,6,true)
(127,6,true)
(132,6,true)
(134,6,true)
(138,6,true)
(140,6,true)
(141,6,true)
(145,6,true)
(146,6,true)
(148,6,true)
(150,6,true)
(152,6,true)
(156,6,true)
(159,6,true)
(160,6,true)
(161,6,true)
(162,6,true)
(165,6,true)
(168,6,true)
(170,6,true)
(172,6,true)
(173,6,true)
(174,6,false)
(175,6,true)
(176,6,true)
(178,6,false)
(179,6,true)
(180,6,true)
(181,6,true)
(185,6,false)
(186,6,true)
(190,6,true)
(191,6,true)
(194,6,true)
(197,6,true)
(1,7,false)
(10,7,false)
(12,7,false)
(16,7,false)
(21,7,false)
(25,7,false)
(26,7,false)
(29,7,false)
(30,7,false)
(31,7,false)
(32,7,true)
(33,7,false)
(34,7,false)
(38,7,false)
(44,7,false)
(48,7,false)
(52,7,false)
(53,7,false)
(56,7,false)
(59,7,false)
(64,7,false)
(67,7,false)
(68,7,false)
(69,7,false)
(71,7,false)
(72,7,false)
(75,7,false)
(79,7,false)
(81,7,false)
(82,7,false)
(83,7,false)
(84,7,false)
(85,7,false)
(86,7,false)
(87,7,false)
(88,7,false)
(89,7,false)
(90,7,false)
(93,7,false)
(95,7,false)
(96,7,false)
(97,7,false)
(98,7,false)
(104,7,false)
(106,7,false)
(109,7,false)
(110,7,false)
(111,7,false)
(112,7,false)
(117,7,false)
(120,7,true)
(130,7,true)
(134,7,true)
(137,7,true)
(138,7,true)
(144,7,true)
(147,7,true)
(149,7,true)
(150,7,true)
(152,7,true)
(156,7,true)
(157,7,false)
(159,7,false)
(162,7,true)
(167,7,true)
(170,7,true)
(171,7,true)
(173,7,true)
(175,7,true)
(178,7,true)
(184,7,true)
(185,7,true)
(186,7,true)
(195,7,true)
(197,7,true)
(198,7,true)
(4,8,false)
(6,8,false)
(7,8,false)
(9,8,false)
(10,8,false)
(16,8,false)
(17,8,false)
(24,8,false)
(25,8,false)
(29,8,false)
(30,8,false)
(31,8,false)
(37,8,false)
(39,8,false)
(40,8,false)
(41,8,false)
(46,8,false)
(47,8,false)
(48,8,false)
(49,8,false)
(52,8,false)
(58,8,false)
(62,8,false)
(67,8,false)
(68,8,false)
(71,8,false)
(72,8,false)
(73,8,false)
(74,8,false)
(77,8,false)
(79,8,false)
(82,8,false)
(83,8,false)
(89,8,false)
(90,8,false)
(91,8,false)
(97,8,false)
(99,8,false)
(101,8,false)
(102,8,false)
(106,8,false)
(109,8,false)
(111,8,false)
(112,8,false)
(115,8,false)
(116,8,false)
(117,8,false)
(119,8,false)
(120,8,true)
(124,8,true)
(126,8,true)
(128,8,true)
(131,8,true)
(134,8,true)
(136,8,true)
(137,8,true)
(142,8,true)
(146,8,true)
(151,8,true)
(153,8,true)
(156,8,true)
(159,8,true)
(161,8,true)
(164,8,true)
(170,8,false)
(174,8,true)
(176,8,true)
(177,8,true)
(179,8,true)
(187,8,true)
(189,8,true)
(190,8,true)
(191,8,true)
(195,8,true)
(196,8,true)
(0,9,false)
(3,9,false)
(8,9,false)
(10,9,false)
(11,9,false)
(16,9,false)
(18,9,false)
(20,9,false)
(21,9,false)
(23,9,false)
(24,9,false)
(25,9,false)
(26,9,false)
(27,9,false)
(28,9,false)
(30,9,false)
(31,9,false)
(32,9,false)
(34,9,false)
(35,9,false)
(36,9,false)
(42,9,true)
(47,9,false)
(49,9,false)
(50,9,false)
(51,9,true)
(53,9,true)
(54,9,false)
(55,9,false)
(56,9,false)
(57,9,false)
(58,9,false)
(59,9,false)
(62,9,true)
(66,9,false)
(67,9,false)
(69,9,false)
(70,9,false)
(71,9,false)
(75,9,false)
(81,9,false)
(89,9,true)
(90,9,false)
(93,9,false)
(94,9,false)
(95,9,false)
(98,9,false)
(102,9,false)
(105,9,false)
(106,9,false)
(110,9,false)
(111,9,false)
(115,9,false)
(117,9,false)
(119,9,false)
(124,9,true)
(133,9,true)
(134,9,true)
(135,9,true)
(137,9,true)
(138,9,true)
(144,9,true)
(152,9,true)
(153,9,true)
(156,9,true)
(158,9,true)
(159,9,true)
(163,9,true)
(164,9,false)
(165,9,true)
(174,9,true)
(177,9,true)
(179,9,true)
(182,9,true)
(184,9,true)
(185,9,true)
(188,9,true)
(189,9,true)
(190,9,true)
(194,9,true)
(195,9,true)
(196,9,true)
(1,10,false)
(4,10,false)
(5,10,false)
(8,10,false)
(10,10,false)
(12,10,false)
(14,10,false)
(17,10,false)
(18,10,false)
(21,10,true)
(22,10,false)
(24,10,true)
(27,10,false)
(28,10,false)
(29,10,false)
(30,10,false)
(31,10,false)
(33,10,false)
(35,10,false)
(36,10,false)
(37,10,false)
(39,10,false)
(41,10,false)
(44,10,false)
(45,10,false)
(47,10,false)
(50,10,false)
(51,10,true)
(52,10,false)
(53,10,false)
(55,10,false)
(56,10,false)
(60,10,true)
(62,10,false)
(73,10,false)
(75,10,false)
(90,10,false)
(91,10,false)
(92,10,false)
(93,10,false)
(96,10,false)
(97,10,false)
(101,10,false)
(109,10,false)
(112,10,false)
(118,10,false)
(121,10,true)
(124,10,true)
(128,10,true)
(129,10,true)
(130,10,true)
(132,10,false)
(140,10,true)
(142,10,true)
(144,10,true)
(148,10,true)
(149,10,true)
(153,10,true)
(155,10,true)
(158,10,true)
(159,10,true)
(160,10,true)
(163,10,true)
(169,10,true)
(175,10,true)
(177,10,true)
(179,10,true)
(182,10,true)
(187,10,true)
(189,10,true)
(190,10,true)
(195,10,true)
(199,10,true)
(2,11,false)
(8,11,false)
(12,11,false)
(14,11,false)
(16,11,false)
(17,11,true)
(19,11,false)
(24,11,false)
(32,11,false)
(34,11,false)
(35,11,false)
(37,11,false)
(44,11,false)
(49,11,false)
(54,11,false)
(58,11,false)
(64,11,false)
(66,11,false)
(69,11,false)
(73,11,false)
(78,11,false)
(81,11,false)
(83,11,false)
(84,11,false)
(85,11,false)
(86,11,false)
(90,11,false)
(94,11,false)
(95,11,false)
(96,11,false)
(99,11,false)
(100,11,false)
(101,11,false)
(102,11,false)
(103,11,false)
(104,11,false)
(107,11,false)
(109,11,false)
(110,11,false)
(113,11,false)
(119,11,false)
(124,11,false)
(125,11,true)
(128,11,true)
(130,11,true)
(132,11,false)
(134,11,true)
(136,11,true)
(138,11,true)
(139,11,true)
(140,11,true)
(144,11,true)
(145,11,true)
(147,11,true)
(148,11,true)
(149,11,false)
(153,11,true)
(163,11,true)
(164,11,true)
(169,11,true)
(171,11,true)
(172,11,true)
(176,11,true)
(178,11,true)
(179,11,true)
(182,11,true)
(185,11,true)
(186,11,true)
(188,11,true)
(189,11,true)
(190,11,true)
(191,11,true)
(193,11,true)
(196,11,true)
(0,12,false)
(2,12,false)
(5,12,false)
(7,12,false)
(8,12,false)
(12,12,false)
(16,12,false)
(17,12,false)
(19,12,false)
(23,12,false)
(24,12,false)
(25,12,false)
(29,12,true)
(32,12,false)
(34,12,false)
(40,12,false)
(42,12,false)
(47,12,false)
(51,12,false)
(53,12,false)
(56,12,false)
(57,12,false)
(58,12,false)
(59,12,false)
(61,12,false)
(64,12,false)
(69,12,false)
(74,12,false)
(75,12,false)
(77,12,false)
(79,12,false)
(81,12,false)
(87,12,false)
(88,12,false)
(94,12,false)
(95,12,false)
(96,12,false)
(97,12,false)
(99,12,false)
(100,12,false)
(104,12,false)
(107,12,false)
(111,12,false)
(112,12,false)
(117,12,false)
(122,12,true)
(124,12,true)
(131,12,true)
(133,12,true)
(134,12,false)
(138,12,true)
(139,12,true)
(143,12,true)
(146,12,true)
(147,12,true)
(151,12,true)
(152,12,true)
(160,12,true)
(162,12,true)
(164,12,true)
(165,12,true)
(167,12,true)
(168,12,true)
(171,12,true)
(177,12,true)
(179,12,true)
(182,12,true)
(184,12,true)
(186,12,true)
(196,12,true)
(197,12,true)
(198,12,true)
(1,13,false)
(2,13,false)
(5,13,false)
(6,13,false)
(8,13,false)
(9,13,false)
(11,13,false)
(15,13,false)
(16,13,false)
(20,13,false)
(23,13,false)
(27,13,false)
(28,13,false)
(30,13,false)
(34,13,false)
(37,13,false)
(40,13,false)
(43,13,false)
(54,13,true)
(59,13,false)
(61,13,false)
(65,13,false)
(69,13,false)
(71,13,false)
(72,13,false)
(75,13,false)
(81,13,false)
(82,13,false)
(86,13,false)
(87,13,false)
(90,13,false)
(91,13,false)
(93,13,false)
(95,13,false)
(96,13,false)
(97,13,false)
(102,13,false)
(103,13,false)
(104,13,true)
(107,13,false)
(110,13,false)
(111,13,false)
(113,13,false)
(114,13,false)
(115,13,false)
(117,13,false)
(118,13,false)
(120,13,true)
(121,13,true)
(122,13,true)
(125,13,true)
(128,13,true)
(129,13,true)
(130,13,false)
(133,13,true)
(136,13,true)
(139,13,true)
(142,13,true)
(143,13,true)
(144,13,true)
(146,13,true)
(148,13,true)
(149,13,true)
(152,13,true)
(157,13,true)
(159,13,true)
(161,13,true)
(165,13,true)
(166,13,true)
(167,13,true)
(168,13,true)
(169,13,true)
(171,13,true)
(179,13,true)
(180,13,true)
(182,13,true)
(183,13,true)
(188,13,true)
(190,13,true)
(197,13,true)
(198,13,true)
(1,14,false)
(2,14,false)
(5,14,false)
(9,14,false)
(12,14,false)
(17,14,false)
(20,14,false)
(22,14,false)
(27,14,false)
(28,14,false)
(31,14,false)
(32,14,false)
(34,14,false)
(38,14,false)
(39,14,false)
(43,14,false)
(51,14,false)
(54,14,false)
(57,14,false)
(72,14,false)
(74,14,false)
(75,14,false)
(78,14,false)
(81,14,false)
(83,14,false)
(85,14,false)
(88,14,false)
(92,14,false)
(93,14,false)
(99,14,false)
(101,14,false)
(102,14,false)
(103,14,false)
(106,14,false)
(109,14,false)
(110,14,true)
(111,14,false)
(117,14,false)
(119,14,false)
(121,14,true)
(125,14,true)
(126,14,true)
(131,14,true)
(135,14,true)
(139,14,true)
(147,14,true)
(153,14,true)
(161,14,true)
(169,14,true)
(170,14,true)
(171,14,true)
(173,14,true)
(177,14,true)
(186,14,true)
(188,14,true)
(192,14,true)
(0,15,false)
(2,15,false)
(9,15,false)
(10,15,false)
(11,15,false)
(13,15,false)
(28,15,false)
(29,15,false)
(34,15,false)
(35,15,false)
(41,15,false)
(45,15,false)
(51,15,false)
(53,15,false)
(55,15,false)
(57,15,false)
(60,15,false)
(66,15,false)
(67,15,false)
(71,15,false)
(75,15,false)
(76,15,false)
(88,15,false)
(89,15,false)
(90,15,false)
(101,15,true)
(102,15,false)
(111,15,false)
(114,15,false)
(117,15,false)
(124,15,true)
(128,15,true)
(131,15,true)
(138,15,true)
(142,15,false)
(147,15,true)
(148,15,true)
(149,15,true)
(151,15,true)
(157,15,true)
(159,15,true)
(167,15,true)
(168,15,true)
(172,15,true)
(181,15,true)
(182,15,true)
(187,15,true)
(198,15,true)
(6,16,false)
(8,16,false)
(9,16,false)
(15,16,false)
(21,16,false)
(22,16,false)
(24,16,false)
(29,16,false)
(32,16,false)
(36,16,false)
(37,16,false)
(40,16,false)
(41,16,false)
(52,16,false)
(56,16,false)
(57,16,false)
(66,16,false)
(68,16,false)
(71,16,false)
(72,16,false)
(75,16,false)
(77,16,false)
(78,16,false)
(81,16,false)
(86,16,false)
(88,16,false)
(90,16,false)
(94,16,false)
(95,16,false)
(104,16,false)
(107,16,false)
(110,16,false)
(113,16,false)
(114,16,false)
(118,16,false)
(120,16,true)
(125,16,true)
(129,16,true)
(130,16,false)
(134,16,true)
(141,16,false)
(144,16,true)
(146,16,true)
(148,16,true)
(151,16,true)
(155,16,true)
(156,16,true)
(158,16,true)
(160,16,true)
(161,16,true)
(162,16,true)
(164,16,true)
(165,16,true)
(167,16,true)
(169,16,true)
(177,16,true)
(183,16,true)
(189,16,true)
(191,16,true)
(192,16,true)
(199,16,true)
(0,17,false)
(1,17,false)
(2,17,false)
(3,17,false)
(4,17,false)
(9,17,false)
(11,17,true)
(12,17,false)
(17,17,false)
(20,17,false)
(24,17,false)
(27,17,false)
(32,17,false)
(35,17,false)
(36,17,false)
(37,17,false)
(39,17,false)
(42,17,false)
(44,17,false)
(53,17,false)
(65,17,false)
(72,17,false)
(76,17,false)
(81,17,false)
(82,17,false)
(85,17,false)
(87,17,false)
(89,17,false)
(99,17,true)
(100,17,false)
(102,17,false)
(110,17,true)
(113,17,false)
(114,17,false)
(122,17,true)
(127,17,false)
(133,17,true)
(138,17,true)
(141,17,true)
(143,17,true)
(144,17,true)
(146,17,true)
(147,17,true)
(150,17,true)
(161,17,true)
(162,17,true)
(163,17,true)
(164,17,true)
(168,17,true)
(170,17,true)
(171,17,true)
(173,17,true)
(175,17,true)
(182,17,true)
(183,17,true)
(184,17,true)
(187,17,true)
(188,17,true)
(189,17,true)
(191,17,true)
(192,17,true)
(194,17,true)
(195,17,true)
(196,17,true)
(197,17,true)
(0,18,false)
(1,18,false)
(5,18,false)
(10,18,false)
(11,18,false)
(22,18,false)
(29,18,false)
(42,18,false)
(43,18,false)
(44,18,false)
(45,18,false)
(48,18,false)
(49,18,false)
(51,18,false)
(52,18,false)
(54,18,false)
(58,18,true)
(59,18,false)
(60,18,false)
(61,18,false)
(64,18,false)
(65,18,false)
(68,18,false)
(71,18,false)
(76,18,false)
(82,18,false)
(84,18,false)
(91,18,false)
(95,18,false)
(97,18,false)
(98,18,false)
(101,18,false)
(103,18,false)
(104,18,false)
(109,18,false)
(114,18,false)
(115,18,false)
(122,18,true)
(123,18,true)
(124,18,true)
(125,18,true)
(126,18,true)
(134,18,true)
(140,18,true)
(141,18,true)
(146,18,true)
(150,18,true)
(151,18,true)
(157,18,true)
(161,18,true)
(163,18,true)
(165,18,true)
(169,18,true)
(171,18,true)
(174,18,true)
(176,18,true)
(177,18,true)
(179,18,true)
(180,18,true)
(193,18,true)
(194,18,true)
(197,18,true)
(198,18,true)
(199,18,true)
(2,19,false)
(7,19,false)
(11,19,false)
(15,19,false)
(16,19,false)
(19,19,false)
(31,19,false)
(32,19,false)
(33,19,true)
(34,19,true)
(36,19,false)
(37,19,false)
(40,19,false)
(42,19,false)
(51,19,false)
(52,19,false)
(53,19,false)
(56,19,false)
(57,19,false)
(61,19,false)
(63,19,false)
(64,19,false)
(66,19,false)
(72,19,false)
(73,19,false)
(74,19,false)
(76,19,false)
(79,19,false)
(80,19,false)
(82,19,false)
(83,19,false)
(90,19,false)
(92,19,false)
(95,19,false)
(97,19,false)
(99,19,false)
(100,19,false)
(110,19,false)
(113,19,false)
(118,19,false)
(120,19,true)
(122,19,true)
(124,19,true)
(131,19,true)
(132,19,true)
(133,19,true)
(134,19,true)
(136,19,true)
(139,19,true)
(140,19,true)
(142,19,true)
(144,19,true)
(145,19,true)
(146,19,true)
(148,19,true)
(149,19,true)
(154,19,true)
(158,19,true)
(161,19,true)
(165,19,true)
(167,19,true)
(168,19,true)
(169,19,false)
(171,19,true)
(174,19,true)
(177,19,true)
(178,19,false)
(179,19,true)
(180,19,true)
(189,19,true)
(190,19,true)
(192,19,true)
(193,19,true)
(194,19,true)
(195,19,true)
(197,19,true)
(10,20,false)
(22,20,false)
(23,20,false)
(28,20,false)
(30,20,false)
(32,20,false)
(35,20,false)
(39,20,false)
(43,20,false)
(44,20,false)
(51,20,false)
(53,20,false)
(55,20,false)
(56,20,false)
(61,20,false)
(66,20,false)
(72,20,false)
(77,20,false)
(78,20,false)
(79,20,false)
(82,20,false)
(91,20,false)
(95,20,false)
(96,20,false)
(99,20,false)
(106,20,false)
(107,20,false)
(111,20,true)
(112,20,false)
(117,20,false)
(120,20,true)
(121,20,true)
(125,20,true)
(126,20,true)
(127,20,true)
(129,20,true)
(130,20,true)
(138,20,true)
(140,20,true)
(141,20,true)
(143,20,true)
(144,20,true)
(146,20,true)
(150,20,true)
(151,20,true)
(152,20,true)
(155,20,true)
(159,20,true)
(160,20,true)
(162,20,true)
(163,20,true)
(164,20,true)
(169,20,true)
(170,20,true)
(173,20,true)
(176,20,true)
(178,20,true)
(182,20,true)
(190,20,true)
(192,20,true)
(195,20,true)
(196,20,true)
(1,21,false)
(5,21,false)
(6,21,false)
(7,21,false)
(10,21,false)
(14,21,false)
(15,21,false)
(16,21,false)
(25,21,false)
(31,21,false)
(32,21,true)
(37,21,false)
(38,21,false)
(42,21,false)
(45,21,false)
(50,21,false)
(51,21,true)
(52,21,false)
(56,21,false)
(61,21,false)
(62,21,false)
(66,21,false)
(70,21,false)
(75,21,false)
(76,21,false)
(77,21,false)
(79,21,false)
(80,21,false)
(81,21,false)
(91,21,false)
(92,21,false)
(94,21,false)
(97,21,false)
(98,21,false)
(99,21,false)
(107,21,false)
(111,21,false)
(112,21,false)
(114,21,false)
(120,21,true)
(125,21,true)
(127,21,true)
(136,21,true)
(139,21,true)
(141,21,true)
(142,21,true)
(145,21,true)
(150,21,true)
(155,21,true)
(159,21,true)
(165,21,true)
(169,21,true)
(182,21,true)
(187,21,true)
(192,21,true)
(194,21,true)
(195,21,true)
(197,21,true)
(1,22,false)
(2,22,false)
(8,22,false)
(9,22,false)
(11,22,false)
(18,22,false)
(23,22,false)
(24,22,false)
(26,22,false)
(32,22,false)
(33,22,false)
(39,22,false)
(40,22,false)
(42,22,false)
(46,22,false)
(47,22,false)
(58,22,false)
(62,22,false)
(63,22,false)
(64,22,true)
(66,22,false)
(68,22,false)
(71,22,false)
(73,22,false)
(79,22,false)
(81,22,false)
(88,22,false)
(96,22,false)
(100,22,false)
(102,22,false)
(110,22,false)
(111,22,false)
(113,22,false)
(117,22,false)
(118,22,false)
(131,22,true)
(132,22,true)
(136,22,false)
(143,22,true)
(145,22,true)
(149,22,true)
(150,22,true)
(159,22,true)
(160,22,true)
(163,22,true)
(164,22,true)
(167,22,true)
(168,22,true)
(170,22,true)
(171,22,true)
(177,22,true)
(181,22,true)
(182,22,true)
(190,22,true)
(193,22,true)
(197,22,true)
(2,23,false)
(3,23,false)
(13,23,true)
(23,23,false)
(31,23,false)
(37,23,false)
(39,23,false)
(41,23,false)
(43,23,false)
(49,23,false)
(52,23,false)
(54,23,false)
(65,23,false)
(67,23,false)
(69,23,false)
(75,23,false)
(77,23,false)
(79,23,false)
(83,23,false)
(85,23,false)
(86,23,false)
(87,23,false)
(90,23,false)
(93,23,false)
(94,23,false)
(96,23,false)
(99,23,false)
(100,23,false)
(101,23,true)
(103,23,false)
(111,23,false)
(115,23,false)
(116,23,false)
(117,23,false)
(123,23,true)
(127,23,true)
(128,23,true)
(134,23,true)
(135,23,true)
(140,23,true)
(143,23,true)
(144,23,false)
(147,23,true)
(150,23,true)
(154,23,true)
(164,23,false)
(171,23,true)
(172,23,true)
(174,23,false)
(176,23,true)
(179,23,true)
(180,23,true)
(183,23,true)
(191,23,true)
(0,24,false)
(7,24,false)
(8,24,false)
(9,24,false)
(12,24,false)
(16,24,false)
(19,24,false)
(23,24,false)
(24,24,false)
(31,24,false)
(33,24,false)
(35,24,false)
(37,24,false)
(48,24,false)
(52,24,false)
(57,24,false)
(58,24,false)
(72,24,false)
(73,24,false)
(77,24,false)
(78,24,false)
(79,24,true)
(81,24,false)
(85,24,false)
(89,24,true)
(92,24,false)
(93,24,false)
(99,24,false)
(105,24,false)
(106,24,false)
(121,24,true)
(122,24,true)
(124,24,true)
(128,24,true)
(130,24,false)
(132,24,true)
(133,24,true)
(134,24,true)
(136,24,true)
(139,24,true)
(143,24,false)
(144,24,true)
(154,24,true)
(155,24,true)
(163,24,true)
(168,24,true)
(170,24,true)
(175,24,true)
(176,24,true)
(179,24,true)
(182,24,true)
(187,24,false)
(192,24,false)
(196,24,true)
(2,25,false)
(8,25,false)
(14,25,false)
(17,25,true)
(18,25,false)
(20,25,false)
(25,25,true)
(31,25,false)
(32,25,false)
(34,25,true)
(35,25,false)
(42,25,false)
(46,25,true)
(48,25,false)
(51,25,false)
(57,25,true)
(58,25,false)
(59,25,false)
(63,25,false)
(66,25,false)
(70,25,false)
(75,25,false)
(82,25,false)
(86,25,false)
(88,25,false)
(99,25,true)
(102,25,false)
(103,25,false)
(104,25,false)
(109,25,true)
(111,25,false)
(112,25,false)
(113,25,false)
(116,25,false)
(117,25,false)
(118,25,false)
(124,25,true)
(130,25,true)
(132,25,true)
(142,25,true)
(143,25,true)
(144,25,true)
(150,25,true)
(151,25,true)
(154,25,true)
(160,25,true)
(166,25,true)
(169,25,true)
(172,25,true)
(175,25,true)
(177,25,true)
(193,25,true)
(1,26,false)
(2,26,false)
(5,26,false)
(7,26,false)
(8,26,false)
(11,26,false)
(12,26,false)
(13,26,false)
(17,26,false)
(18,26,false)
(25,26,false)
(27,26,false)
(32,26,false)
(34,26,false)
(37,26,false)
(44,26,false)
(46,26,false)
(52,26,false)
(54,26,false)
(58,26,false)
(62,26,false)
(65,26,false)
(70,26,false)
(73,26,false)
(74,26,false)
(76,26,false)
(82,26,false)
(83,26,false)
(85,26,false)
(89,26,false)
(92,26,false)
(93,26,false)
(98,26,false)
(103,26,false)
(116,26,false)
(124,26,true)
(127,26,true)
(128,26,true)
(130,26,true)
(132,26,true)
(133,26,true)
(135,26,true)
(138,26,true)
(141,26,true)
(142,26,true)
(143,26,true)
(144,26,false)
(149,26,true)
(152,26,true)
(156,26,true)
(157,26,true)
(161,26,true)
(164,26,true)
(167,26,true)
(168,26,true)
(170,26,true)
(172,26,true)
(173,26,true)
(180,26,true)
(187,26,true)
(188,26,true)
(191,26,true)
(194,26,true)
(197,26,true)
(8,27,false)
(17,27,false)
(18,27,false)
(23,27,false)
(27,27,false)
(31,27,false)
(32,27,false)
(33,27,false)
(35,27,false)
(39,27,false)
(43,27,false)
(48,27,false)
(54,27,false)
(57,27,false)
(59,27,false)
(60,27,false)
(61,27,false)
(62,27,false)
(64,27,false)
(69,27,true)
(70,27,false)
(71,27,true)
(73,27,false)
(78,27,false)
(79,27,false)
(86,27,false)
(87,27,false)
(88,27,false)
(100,27,false)
(102,27,false)
(104,27,false)
(105,27,false)
(107,27,false)
(109,27,false)
(111,27,false)
(113,27,false)
(114,27,false)
(118,27,true)
(119,27,false)
(126,27,true)
(129,27,true)
(132,27,true)
(147,27,true)
(150,27,true)
(155,27,true)
(156,27,true)
(157,27,true)
(158,27,true)
(161,27,true)
(162,27,false)
(163,27,true)
(168,27,true)
(176,27,true)
(180,27,true)
(181,27,true)
(188,27,true)
(191,27,true)
(197,27,true)
(198,27,true)
(199,27,true)
(3,28,false)
(5,28,false)
(6,28,false)
(14,28,false)
(18,28,false)
(24,28,false)
(40,28,false)
(44,28,false)
(45,28,false)
(46,28,false)
(52,28,false)
(56,28,false)
(57,28,false)
(61,28,false)
(64,28,false)
(77,28,false)
(80,28,false)
(83,28,false)
(88,28,false)
(90,28,false)
(91,28,false)
(94,28,true)
(100,28,false)
(103,28,false)
(104,28,true)
(106,28,false)
(107,28,false)
(112,28,false)
(116,28,false)
(118,28,false)
(119,28,false)
(120,28,true)
(124,28,true)
(126,28,true)
(128,28,true)
(129,28,true)
(133,28,true)
(135,28,true)
(136,28,true)
(141,28,true)
(148,28,true)
(151,28,true)
(152,28,true)
(160,28,true)
(165,28,false)
(174,28,false)
(176,28,true)
(177,28,true)
(180,28,true)
(188,28,true)
(191,28,true)
(195,28,true)
(198,28,true)
(1,29,false)
(11,29,false)
(16,29,false)
(19,29,false)
(22,29,false)
(26,29,false)
(28,29,false)
(30,29,false)
(31,29,false)
(32,29,false)
(33,29,false)
(39,29,false)
(40,29,false)
(41,29,false)
(43,29,false)
(47,29,false)
(49,29,false)
(50,29,false)
(51,29,false)
(57,29,false)
(60,29,false)
(64,29,false)
(66,29,false)
(67,29,false)
(69,29,false)
(77,29,false)
(81,29,false)
(85,29,false)
(86,29,false)
(97,29,false)
(98,29,false)
(99,29,false)
(103,29,false)
(114,29,false)
(118,29,false)
(120,29,true)
(121,29,true)
(124,29,true)
(138,29,true)
(146,29,true)
(149,29,true)
(150,29,true)
(151,29,true)
(153,29,true)
(154,29,true)
(157,29,true)
(161,29,true)
(163,29,true)
(164,29,true)
(166,29,true)
(167,29,true)
(173,29,true)
(175,29,true)
(179,29,true)
(189,29,true)
(190,29,true)
(4,30,false)
(6,30,false)
(8,30,false)
(10,30,false)
(14,30,false)
(21,30,false)
(22,30,false)
(24,30,true)
(26,30,false)
(27,30,false)
(30,30,false)
(35,30,false)
(44,30,false)
(47,30,false)
(49,30,false)
(52,30,false)
(57,30,false)
(61,30,false)
(64,30,false)
(67,30,false)
(69,30,false)
(70,30,false)
(72,30,false)
(74,30,false)
(76,30,false)
(78,30,false)
(83,30,false)
(91,30,false)
(98,30,false)
(99,30,false)
(101,30,false)
(102,30,false)
(104,30,false)
(106,30,false)
(113,30,false)
(118,30,false)
(122,30,true)
(123,30,true)
(124,30,true)
(125,30,true)
(127,30,true)
(131,30,true)
(138,30,true)
(141,30,true)
(143,30,true)
(144,30,true)
(161,30,true)
(163,30,true)
(166,30,false)
(171,30,true)
(172,30,true)
(177,30,true)
(184,30,true)
(188,30,true)
(195,30,true)
(196,30,true)
(0,31,false)
(2,31,false)
(5,31,false)
(12,31,false)
(13,31,true)
(15,31,false)
(18,31,false)
(23,31,false)
(25,31,false)
(27,31,false)
(29,31,false)
(31,31,false)
(36,31,false)
(40,31,false)
(43,31,false)
(44,31,false)
(48,31,false)
(51,31,false)
(57,31,false)
(59,31,false)
(60,31,false)
(62,31,false)
(63,31,false)
(65,31,false)
(72,31,false)
(73,31,true)
(75,31,false)
(77,31,false)
(81,31,false)
(82,31,false)
(92,31,false)
(98,31,false)
(100,31,false)
(120,31,true)
(124,31,true)
(126,31,true)
(127,31,true)
(137,31,true)
(139,31,true)
(140,31,true)
(141,31,true)
(142,31,true)
(144,31,true)
(146,31,false)
(148,31,true)
(163,31,true)
(172,31,true)
(176,31,true)
(177,31,true)
(180,31,true)
(184,31,true)
(189,31,false)
(191,31,true)
(7,32,false)
(11,32,false)
(26,32,false)
(28,32,false)
(36,32,false)
(38,32,true)
(39,32,false)
(43,32,false)
(47,32,false)
(64,32,false)
(68,32,false)
(69,32,false)
(71,32,false)
(76,32,false)
(83,32,false)
(85,32,false)
(93,32,false)
(96,32,false)
(104,32,false)
(105,32,false)
(107,32,false)
(110,32,false)
(114,32,false)
(117,32,false)
(119,32,false)
(121,32,true)
(125,32,true)
(146,32,true)
(148,32,true)
(151,32,true)
(156,32,true)
(161,32,false)
(172,32,false)
(176,32,true)
(192,32,true)
(196,32,true)
(197,32,false)
(5,33,false)
(10,33,false)
(11,33,false)
(14,33,false)
(18,33,false)
(21,33,false)
(24,33,false)
(29,33,true)
(46,33,false)
(61,33,false)
(64,33,false)
(69,33,true)
(73,33,false)
(84,33,false)
(86,33,true)
(87,33,false)
(95,33,false)
(97,33,false)
(99,33,false)
(104,33,false)
(108,33,false)
(110,33,false)
(112,33,false)
(114,33,false)
(119,33,false)
(134,33,true)
(138,33,true)
(139,33,true)
(140,33,true)
(143,33,true)
(144,33,true)
(147,33,true)
(148,33,true)
(150,33,false)
(159,33,true)
(178,33,true)
(183,33,true)
(187,33,true)
(189,33,false)
(195,33,true)
(196,33,true)
(199,33,true)
(3,34,false)
(11,34,false)
(18,34,false)
(22,34,true)
(26,34,false)
(34,34,false)
(41,34,false)
(43,34,false)
(46,34,false)
(48,34,false)
(49,34,false)
(52,34,false)
(58,34,false)
(63,34,false)
(65,34,false)
(67,34,false)
(70,34,true)
(73,34,false)
(75,34,false)
(79,34,false)
(84,34,false)
(87,34,false)
(89,34,false)
(91,34,false)
(93,34,false)
(99,34,false)
(106,34,false)
(113,34,false)
(121,34,true)
(130,34,true)
(134,34,true)
(136,34,false)
(137,34,true)
(138,34,true)
(139,34,true)
(140,34,true)
(144,34,true)
(145,34,true)
(147,34,true)
(152,34,true)
(155,34,true)
(156,34,true)
(157,34,true)
(160,34,true)
(162,34,true)
(165,34,true)
(173,34,true)
(178,34,true)
(188,34,true)
(189,34,true)
(190,34,true)
(191,34,true)
(193,34,true)
(194,34,true)
(195,34,true)
(198,34,true)
(0,35,false)
(10,35,false)
(11,35,false)
(19,35,false)
(26,35,false)
(29,35,false)
(38,35,false)
(42,35,false)
(48,35,true)
(51,35,false)
(57,35,false)
(58,35,false)
(59,35,false)
(76,35,false)
(83,35,false)
(88,35,false)
(90,35,false)
(92,35,false)
(96,35,false)
(105,35,false)
(112,35,false)
(113,35,false)
(116,35,false)
(117,35,false)
(118,35,false)
(120,35,false)
(122,35,true)
(123,35,false)
(129,35,true)
(131,35,true)
(135,35,true)
(138,35,true)
(140,35,true)
(142,35,true)
(143,35,true)
(149,35,true)
(151,35,true)
(155,35,true)
(156,35,true)
(160,35,true)
(161,35,true)
(165,35,true)
(169,35,true)
(170,35,true)
(173,35,true)
(175,35,true)
(179,35,true)
(181,35,true)
(182,35,true)
(187,35,true)
(191,35,true)
(192,35,true)
(199,35,true)
(1,36,false)
(3,36,false)
(13,36,false)
(17,36,false)
(21,36,false)
(24,36,true)
(26,36,true)
(29,36,false)
(34,36,false)
(35,36,false)
(42,36,false)
(46,36,false)
(51,36,false)
(52,36,false)
(57,36,false)
(58,36,false)
(59,36,false)
(60,36,false)
(65,36,false)
(74,36,false)
(75,36,false)
(81,36,false)
(86,36,false)
(89,36,false)
(90,36,false)
(91,36,false)
(93,36,false)
(94,36,false)
(97,36,false)
(99,36,false)
(102,36,false)
(106,36,false)
(111,36,false)
(117,36,false)
(119,36,false)
(120,36,true)
(124,36,true)
(127,36,true)
(132,36,true)
(133,36,true)
(135,36,true)
(147,36,true)
(152,36,true)
(153,36,true)
(154,36,true)
(163,36,true)
(166,36,true)
(167,36,true)
(169,36,true)
(171,36,true)
(175,36,true)
(177,36,true)
(179,36,true)
(187,36,true)
(188,36,true)
(190,36,true)
(191,36,true)
(194,36,true)
(195,36,true)
(197,36,true)
(199,36,true)
(0,37,false)
(1,37,false)
(2,37,false)
(11,37,false)
(19,37,false)
(26,37,false)
(32,37,true)
(36,37,false)
(40,37,false)
(41,37,false)
(43,37,false)
(45,37,false)
(46,37,false)
(47,37,false)
(49,37,false)
(51,37,false)
(55,37,false)
(63,37,false)
(65,37,false)
(67,37,false)
(69,37,true)
(71,37,false)
(76,37,false)
(86,37,false)
(88,37,false)
(92,37,false)
(94,37,true)
(107,37,false)
(118,37,false)
(120,37,true)
(126,37,true)
(130,37,true)
(134,37,true)
(135,37,true)
(139,37,true)
(141,37,true)
(160,37,true)
(165,37,true)
(166,37,false)
(173,37,true)
(178,37,true)
(180,37,true)
(186,37,true)
(199,37,true)
(4,38,true)
(8,38,false)
(9,38,false)
(10,38,false)
(20,38,false)
(22,38,false)
(34,38,false)
(37,38,false)
(47,38,false)
(49,38,false)
(55,38,false)
(57,38,false)
(67,38,false)
(71,38,false)
(75,38,false)
(79,38,false)
(81,38,false)
(85,38,false)
(86,38,false)
(94,38,true)
(95,38,false)
(102,38,false)
(104,38,false)
(106,38,false)
(108,38,false)
(110,38,false)
(119,38,false)
(133,38,false)
(134,38,false)
(139,38,true)
(143,38,true)
(144,38,true)
(148,38,true)
(149,38,true)
(157,38,true)
(159,38,true)
(168,38,true)
(188,38,true)
(192,38,true)
(6,39,false)
(9,39,false)
(12,39,false)
(15,39,false)
(25,39,true)
(26,39,false)
(28,39,false)
(29,39,false)
(30,39,true)
(32,39,false)
(34,39,false)
(36,39,false)
(38,39,true)
(42,39,false)
(57,39,false)
(59,39,false)
(67,39,false)
(71,39,false)
(72,39,false)
(73,39,false)
(81,39,false)
(92,39,false)
(94,39,false)
(95,39,false)
(101,39,false)
(102,39,false)
(114,39,false)
(119,39,false)
(121,39,true)
(125,39,true)
(134,39,true)
(138,39,true)
(146,39,true)
(152,39,true)
(165,39,true)
(177,39,true)
(178,39,true)
(186,39,true)
(192,39,true)
(193,39,true)
(194,39,true)
(196,39,true)
(1,40,false)
(5,40,false)
(7,40,false)
(13,40,false)
(15,40,false)
(19,40,false)
(24,40,false)
(26,40,false)
(29,40,false)
(40,40,false)
(45,40,false)
(52,40,false)
(58,40,false)
(59,40,false)
(73,40,false)
(74,40,false)
(77,40,false)
(82,40,true)
(83,40,false)
(97,40,false)
(98,40,false)
(100,40,false)
(105,40,false)
(107,40,false)
(109,40,true)
(114,40,false)
(116,40,false)
(118,40,false)
(126,40,true)
(127,40,true)
(131,40,true)
(136,40,true)
(141,40,true)
(142,40,true)
(143,40,true)
(146,40,true)
(154,40,true)
(156,40,true)
(158,40,true)
(159,40,true)
(166,40,true)
(168,40,true)
(169,40,true)
(172,40,true)
(173,40,true)
(174,40,true)
(176,40,true)
(187,40,true)
(188,40,true)
(190,40,true)
(191,40,true)
(1,41,false)
(8,41,false)
(12,41,false)
(23,41,false)
(24,41,false)
(27,41,false)
(34,41,false)
(40,41,false)
(47,41,false)
(48,41,false)
(50,41,false)
(52,41,false)
(55,41,false)
(58,41,false)
(60,41,false)
(68,41,false)
(71,41,false)
(73,41,false)
(74,41,false)
(75,41,false)
(78,41,false)
(91,41,false)
(93,41,false)
(96,41,false)
(101,41,false)
(102,41,false)
(105,41,false)
(107,41,false)
(115,41,false)
(116,41,false)
(117,41,false)
(118,41,false)
(128,41,true)
(130,41,true)
(132,41,true)
(134,41,true)
(140,41,true)
(141,41,true)
(146,41,true)
(154,41,true)
(163,41,true)
(166,41,true)
(167,41,true)
(174,41,true)
(192,41,true)
(197,41,true)
(7,42,false)
(13,42,false)
(19,42,false)
(22,42,false)
(25,42,false)
(27,42,false)
(30,42,false)
(33,42,false)
(37,42,false)
(38,42,false)
(40,42,false)
(42,42,true)
(43,42,false)
(59,42,false)
(61,42,false)
(67,42,false)
(74,42,false)
(84,42,false)
(90,42,false)
(97,42,false)
(99,42,false)
(103,42,false)
(104,42,true)
(105,42,false)
(106,42,false)
(108,42,false)
(110,42,true)
(115,42,false)
(118,42,false)
(124,42,true)
(125,42,true)
(127,42,true)
(137,42,true)
(142,42,true)
(143,42,true)
(148,42,true)
(152,42,true)
(159,42,true)
(160,42,true)
(161,42,true)
(162,42,false)
(169,42,true)
(177,42,true)
(178,42,true)
(185,42,true)
(194,42,true)
(0,43,false)
(2,43,false)
(4,43,false)
(5,43,false)
(7,43,false)
(11,43,false)
(17,43,false)
(27,43,false)
(29,43,false)
(33,43,false)
(37,43,false)
(47,43,false)
(50,43,false)
(55,43,true)
(56,43,false)
(62,43,true)
(71,43,false)
(77,43,false)
(88,43,false)
(89,43,false)
(90,43,false)
(96,43,false)
(106,43,false)
(109,43,false)
(117,43,false)
(119,43,false)
(121,43,true)
(122,43,true)
(124,43,true)
(125,43,true)
(127,43,true)
(129,43,true)
(131,43,true)
(135,43,true)
(139,43,true)
(147,43,true)
(149,43,true)
(153,43,true)
(154,43,true)
(155,43,true)
(159,43,true)
(169,43,true)
(171,43,true)
(172,43,true)
(176,43,true)
(179,43,true)
(181,43,true)
(182,43,true)
(189,43,true)
(190,43,true)
(191,43,true)
(196,43,true)
(198,43,true)
(7,44,false)
(8,44,false)
(9,44,false)
(12,44,false)
(15,44,false)
(24,44,false)
(25,44,true)
(27,44,false)
(35,44,false)
(39,44,false)
(40,44,true)
(41,44,false)
(46,44,false)
(53,44,false)
(55,44,false)
(60,44,false)
(61,44,false)
(63,44,false)
(65,44,false)
(70,44,true)
(88,44,false)
(89,44,false)
(93,44,false)
(108,44,false)
(112,44,false)
(114,44,false)
(118,44,true)
(126,44,true)
(134,44,true)
(145,44,true)
(149,44,true)
(153,44,true)
(155,44,true)
(163,44,true)
(164,44,true)
(165,44,true)
(166,44,true)
(172,44,true)
(175,44,true)
(181,44,true)
(184,44,true)
(1,45,false)
(2,45,false)
(8,45,false)
(13,45,false)
(19,45,false)
(21,45,true)
(24,45,false)
(25,45,true)
(27,45,false)
(31,45,false)
(36,45,false)
(41,45,false)
(45,45,false)
(48,45,false)
(56,45,false)
(60,45,false)
(71,45,false)
(74,45,false)
(77,45,false)
(79,45,false)
(80,45,false)
(81,45,false)
(83,45,false)
(95,45,false)
(98,45,false)
(106,45,false)
(111,45,false)
(113,45,false)
(118,45,false)
(119,45,false)
(125,45,false)
(126,45,true)
(129,45,true)
(133,45,true)
(134,45,true)
(140,45,true)
(145,45,true)
(151,45,true)
(158,45,true)
(159,45,true)
(162,45,true)
(167,45,false)
(169,45,true)
(174,45,true)
(183,45,true)
(185,45,true)
(191,45,true)
(193,45,true)
(196,45,true)
(198,45,true)
(0,46,false)
(12,46,false)
(13,46,false)
(25,46,true)
(27,46,false)
(31,46,true)
(32,46,false)
(36,46,false)
(42,46,false)
(43,46,false)
(48,46,false)
(60,46,false)
(63,46,false)
(68,46,false)
(71,46,false)
(72,46,false)
(77,46,false)
(87,46,false)
(90,46,false)
(92,46,false)
(98,46,false)
(111,46,false)
(115,46,true)
(122,46,false)
(129,46,true)
(131,46,true)
(134,46,true)
(140,46,true)
(144,46,true)
(147,46,true)
(152,46,true)
(155,46,true)
(157,46,true)
(162,46,true)
(171,46,true)
(185,46,true)
(186,46,true)
(188,46,true)
(189,46,true)
(191,46,true)
(192,46,true)
(197,46,true)
(198,46,true)
(4,47,false)
(10,47,false)
(14,47,false)
(17,47,false)
(21,47,false)
(23,47,false)
(24,47,false)
(27,47,false)
(28,47,false)
(34,47,false)
(37,47,false)
(39,47,false)
(43,47,false)
(48,47,false)
(50,47,false)
(52,47,false)
(58,47,false)
(62,47,true)
(63,47,false)
(64,47,false)
(66,47,false)
(67,47,false)
(72,47,false)
(77,47,false)
(86,47,false)
(88,47,false)
(89,47,false)
(93,47,false)
(94,47,false)
(100,47,false)
(102,47,false)
(103,47,false)
(110,47,false)
(113,47,false)
(127,47,true)
(130,47,true)
(136,47,true)
(142,47,true)
(146,47,true)
(148,47,true)
(150,47,true)
(156,47,true)
(158,47,true)
(166,47,true)
(167,47,true)
(172,47,true)
(186,47,true)
(196,47,true)
(198,47,true)
(199,47,true)
(7,48,false)
(10,48,false)
(19,48,false)
(26,48,false)
(28,48,false)
(30,48,false)
(35,48,false)
(40,48,false)
(44,48,false)
(46,48,false)
(49,48,false)
(64,48,false)
(68,48,false)
(82,48,false)
(84,48,false)
(99,48,false)
(100,48,false)
(101,48,false)
(108,48,false)
(117,48,false)
(119,48,false)
(120,48,true)
(125,48,true)
(137,48,true)
(142,48,true)
(144,48,true)
(146,48,true)
(149,48,true)
(150,48,true)
(151,48,true)
(154,48,true)
(155,48,true)
(156,48,true)
(167,48,true)
(169,48,true)
(172,48,true)
(179,48,true)
(181,48,true)
(183,48,true)
(184,48,true)
(195,48,true)
(197,48,true)
(2,49,false)
(7,49,false)
(12,49,false)
(13,49,false)
(21,49,false)
(26,49,false)
(33,49,false)
(40,49,false)
(45,49,false)
(50,49,false)
(51,49,false)
(73,49,false)
(77,49,false)
(86,49,false)
(97,49,false)
(98,49,false)
(106,49,false)
(113,49,false)
(119,49,false)
(121,49,true)
(124,49,true)
(129,49,true)
(152,49,true)
(154,49,true)
(156,49,true)
(162,49,true)
(167,49,true)
(168,49,true)
(170,49,true)
(175,49,true)
(176,49,true)
(178,49,true)
(183,49,true)
(2,50,false)
(4,50,false)
(12,50,true)
(19,50,false)
(24,50,false)
(34,50,false)
(36,50,false)
(37,50,false)
(38,50,false)
(48,50,false)
(62,50,false)
(64,50,false)
(67,50,false)
(72,50,false)
(75,50,false)
(77,50,false)
(91,50,false)
(95,50,false)
(96,50,false)
(105,50,false)
(106,50,false)
(107,50,false)
(108,50,false)
(109,50,false)
(118,50,false)
(124,50,true)
(126,50,true)
(128,50,true)
(135,50,true)
(148,50,true)
(153,50,true)
(161,50,true)
(162,50,true)
(168,50,true)
(171,50,true)
(174,50,true)
(176,50,true)
(177,50,true)
(181,50,true)
(186,50,true)
(189,50,true)
(196,50,true)
(197,50,true)
(1,51,false)
(3,51,false)
(11,51,false)
(13,51,false)
(17,51,false)
(18,51,false)
(20,51,false)
(21,51,false)
(22,51,false)
(27,51,false)
(29,51,false)
(30,51,false)
(35,51,false)
(36,51,false)
(40,51,false)
(44,51,false)
(47,51,false)
(53,51,false)
(54,51,false)
(64,51,false)
(71,51,false)
(72,51,false)
(83,51,false)
(88,51,false)
(90,51,false)
(94,51,false)
(96,51,false)
(97,51,false)
(103,51,false)
(105,51,false)
(107,51,false)
(112,51,false)
(115,51,false)
(122,51,true)
(128,51,false)
(134,51,true)
(141,51,true)
(151,51,true)
(160,51,true)
(161,51,true)
(162,51,true)
(170,51,true)
(176,51,false)
(183,51,true)
(184,51,true)
(188,51,true)
(192,51,true)
(193,51,true)
(194,51,true)
(196,51,true)
(197,51,true)
(3,52,false)
(5,52,false)
(12,52,false)
(22,52,false)
(24,52,false)
(29,52,false)
(31,52,false)
(41,52,false)
(52,52,false)
(55,52,true)
(58,52,false)
(61,52,false)
(66,52,false)
(70,52,false)
(72,52,false)
(74,52,false)
(76,52,false)
(77,52,false)
(82,52,false)
(84,52,false)
(91,52,false)
(100,52,false)
(102,52,false)
(105,52,false)
(109,52,false)
(117,52,false)
(124,52,true)
(125,52,true)
(131,52,true)
(138,52,true)
(144,52,true)
(146,52,false)
(147,52,true)
(152,52,true)
(158,52,true)
(166,52,true)
(172,52,true)
(179,52,true)
(180,52,true)
(188,52,true)
(193,52,true)
(197,52,true)
(198,52,true)
(0,53,false)
(7,53,false)
(14,53,false)
(19,53,true)
(20,53,false)
(27,53,false)
(29,53,false)
(31,53,false)
(35,53,false)
(40,53,false)
(42,53,false)
(53,53,false)
(54,53,false)
(61,53,false)
(70,53,false)
(71,53,false)
(77,53,false)
(88,53,false)
(93,53,false)
(99,53,false)
(105,53,false)
(114,53,false)
(116,53,false)
(129,53,true)
(132,53,true)
(141,53,true)
(146,53,true)
(153,53,true)
(154,53,true)
(161,53,true)
(163,53,true)
(166,53,true)
(167,53,false)
(173,53,true)
(184,53,true)
(187,53,true)
(198,53,true)
(4,54,false)
(10,54,false)
(12,54,false)
(15,54,true)
(18,54,false)
(19,54,false)
(21,54,false)
(22,54,false)
(28,54,false)
(40,54,false)
(44,54,false)
(66,54,false)
(68,54,false)
(72,54,false)
(77,54,false)
(79,54,false)
(85,54,false)
(89,54,false)
(92,54,false)
(100,54,false)
(116,54,false)
(120,54,true)
(122,54,true)
(125,54,true)
(128,54,true)
(137,54,false)
(139,54,true)
(142,54,true)
(156,54,true)
(158,54,true)
(164,54,true)
(167,54,true)
(170,54,true)
(176,54,true)
(179,54,true)
(180,54,true)
(187,54,true)
(189,54,true)
(190,54,true)

(32,6)
(8,21)
(105,10)
(49,6)
(187,43)
(101,2)
(108,45)
(162,36)
(100,0)
(196,38)
(78,18)
(82,9)
(61,23)
(141,2)
(152,21)
(149,41)
(108,21)
(22,45)
(111,18)
(103,8)
(131,26)
(159,27)
(127,18)
(170,43)
(56,32)
(14,19)
(40,43)
(120,33)
(189,22)
(19,47)
(183,8)
(4,11)
(11,12)
(16,0)
(177,7)
(178,36)
(94,40)
(114,23)
(67,49)
(172,49)
(54,46)
(158,20)
(147,3)
(74,37)
(59,50)
(54,35)
(192,42)
(94,14)
(99,6)
(20,36)
(111,44)
(151,11)
(48,51)
(152,48)
(129,37)
(46,40)
(52,53)
(190,30)
(33,26)
(28,6)
(126,7)
(17,32)
(84,20)
(130,33)
(181,9)
(100,13)
(126,35)
(98,17)
(158,21)
(55,12)
(53,3)
(2,29)
(106,3)
(135,21)
(143,11)
(32,13)
(100,7)
(23,14)
(183,5)
(43,19)
(14,12)
(103,43)
(141,42)
(124,33)
(75,51)
(74,44)
(124,2)
(161,36)
(38,5)
(161,1)
(66,1)
(91,14)
(111,52)
(31,15)
(2,5)
(169,27)
(153,24)
(107,5)
(168,34)
(97,28)
(157,20)
(42,6)
(127,14)
(41,18)
(96,21)
(58,17)
(111,6)
(121,47)
(37,12)
(21,1)
(188,0)
(88,18)
(60,50)
(12,4)
(45,22)
(100,24)
(138,44)
(179,42)
(35,34)
(139,9)
(128,25)
(78,42)
(81,15)
(15,7)
(168,10)
(185,22)
(20,8)
(107,53)
(7,0)
(29,37)
(0,49)
(31,50)
(19,31)
(11,5)
(3,50)
(15,11)
(131,9)
(149,50)
(63,6)
(14,48)
(127,12)
(23,40)
(172,16)
(68,49)
(161,37)
(97,11)
(184,3)
(16,20)
(108,3)
(104,3)
(124,41)
(41,19)
(104,51)
(89,31)
(5,41)
(49,10)
(156,39)
(18,32)
(42,45)
(141,14)
(125,37)
(152,23)
(39,11)
(195,12)
(90,24)
(150,32)
(80,53)
(167,34)
(18,38)
(69,36)
(26,31)
(177,2)
(150,46)
(63,16)
(33,28)
(80,52)
(25,37)
(167,40)
(121,15)
(111,26)
(160,15)
(9,20)
(57,21)
(33,46)
(152,35)
(141,43)
(92,15)
(136,46)
(198,36)
(54,37)
(15,22)
(131,21)
(188,43)
(69,31)
(149,21)
(110,10)
(62,14)
(28,11)
(70,46)
(198,5)
(83,33)
(6,14)
(83,17)
(102,21)
(38,8)
(67,12)
(17,34)
(175,3)
(178,26)
(76,7)
(135,38)
(86,0)
(123,3)
(183,43)
(84,29)
(19,17)
(33,14)
(70,43)
(109,6)
(147,37)
(60,53)
(157,41)
(124,20)
(72,25)
(38,3)
(199,51)
(144,2)
(10,23)
(152,30)
(140,8)
(113,52)
(183,35)
(120,22)
(113,7)
(26,12)
(77,26)
(112,4)
(27,34)
(72,6)
(158,6)
(27,6)
(38,25)
(117,51)
(144,53)
(122,50)
(25,18)
(53,26)
(31,20)
(173,24)
(47,14)
(171,37)
(176,37)
(179,14)
(196,53)
(123,5)
(67,10)
(61,8)
(10,45)
(156,31)
(44,32)
(85,30)
(183,22)
(27,40)
(12,0)
(59,3)
(142,29)
(95,42)
(157,9)
(154,2)
(192,53)
(6,1)
(37,51)
(83,50)
(83,3)
(181,16)
(90,34)
(177,29)
(121,23)
(54,24)
(167,43)
(140,27)
(174,29)
(75,37)
(120,38)
(88,40)
(29,41)
(90,25)
(42,37)
(148,20)
(151,13)
(59,41)
(78,1)
(90,17)
(80,10)
(155,39)
(170,48)
(6,35)
(154,46)
(163,5)
(43,16)
(164,48)
(149,17)
(66,43)
(91,9)
(39,31)
(170,32)
(35,38)
(38,13)
(122,9)
(160,19)
(199,23)
(113,28)
(159,14)
(101,7)
(150,1)
(185,12)
(0,44)
(27,28)
(2,6)
(27,22)
(49,14)
(81,32)
(153,40)
(69,5)
(197,15)
(21,25)
(62,4)
(152,44)
(44,34)
(191,0)
(104,17)
(112,54)
(62,17)
(5,2)
(77,33)
(136,0)
(38,52)
(25,4)
(194,41)
(148,40)
(59,44)
(142,52)
(178,12)
(173,27)
(116,45)
(166,14)
(73,54)
(101,12)
(43,44)
(104,20)
(132,30)
(132,17)
(159,24)
(89,21)
(116,43)
(95,21)
(94,1)
(63,48)
(113,38)
(87,19)
(182,27)
(102,24)
(110,1)
(114,38)
(45,32)
(25,38)
(173,54)
(9,43)
(175,26)
(44,27)
(73,0)
(152,2)
(69,48)
(194,25)
(61,10)
(6,32)
(108,40)
(38,26)
(38,11)
(174,2)
(152,14)
(133,53)
(86,46)
(89,23)
(45,17)
(137,41)
(81,37)
(55,23)
(117,39)
(80,42)
(4,53)
(69,15)
(126,13)
(82,34)
(61,6)
(151,47)
(15,14)
(16,16)
(150,8)
(135,6)
(148,7)
(61,16)
(195,53)
(36,22)
(60,8)
(185,27)
(116,52)
(78,46)
(15,36)
(41,40)
(171,47)
(188,20)
(189,47)
(89,29)
(26,16)
(70,2)
(187,7)
(11,27)
(6,15)
(99,35)
(11,8)
(176,12)
(52,2)
(158,35)
(52,9)
(83,12)
(114,52)
(34,53)
(104,19)
(106,17)
(128,7)
(63,13)
(85,10)
(153,5)
(7,46)
(17,30)
(89,45)
(188,24)
(137,14)
(21,20)
(150,52)
(37,39)
(64,16)
(185,13)
(160,29)
(100,8)
(45,20)
(118,32)
(148,22)
(136,17)
(18,3)
(72,4)
(14,14)
(99,2)
(140,24)
(116,16)
(188,18)
(8,33)
(18,21)
(23,11)
(59,22)
(187,9)
(161,33)
(186,49)
(184,1)
(115,12)
(170,50)
(12,19)
(27,50)
(48,30)
(65,43)
(178,17)
(53,2)
(2,48)
(163,13)
(148,54)
(40,3)
(33,3)
(146,28)
(65,25)
(0,39)
(29,26)
(120,51)
(3,40)
(149,14)
(182,26)
(126,25)
(43,28)
(131,37)
(21,48)
(134,20)
(35,12)
(59,51)
(184,43)
(35,26)
(113,9)
(62,45)
(134,17)
(108,10)
(114,1)
(114,7)
(120,26)
(196,18)
(125,25)
(165,36)
(140,9)
(87,1)
(150,49)
(23,30)
(170,19)
(104,2)
(77,19)
(184,18)
(173,50)
(122,34)
(198,42)
(169,51)
(54,25)
(186,54)
(16,22)
(114,19)
(151,14)
(101,35)
(48,3)
(162,1)
(47,33)
(190,17)
(45,35)
(43,48)
(199,48)
(96,42)
(128,38)
(195,35)
(142,41)
(102,4)
(170,16)
(98,2)
(109,26)
(34,31)
(45,8)
(95,37)
(167,2)
(168,11)
(63,49)
(71,23)
(176,7)
(20,19)
(133,2)
(124,35)
(157,35)
(110,12)
(159,18)
(61,17)
(108,24)
(154,54)
(103,17)
(20,6)
(156,15)
(88,17)
(46,53)
(150,12)
(17,19)
(95,46)
(152,37)
(153,16)
(61,37)
(96,26)
(26,42)
(93,16)
(152,22)
(130,12)
(109,39)
(34,18)
(70,8)
(5,39)
(12,22)
(172,12)
(29,49)
(90,54)
(113,5)
(95,4)
(157,51)
(33,8)
(60,20)
(56,39)
(103,40)
(80,5)
(138,38)
(87,15)
(61,32)
(42,1)
(61,48)
(20,23)
(57,17)
(176,0)
(89,5)
(189,41)
(114,3)
(89,46)
(34,21)
(68,9)
(150,11)
(127,11)
(60,40)
(145,20)
(48,28)
(97,53)
(198,39)
(90,47)
(149,20)
(13,25)
(170,21)
(112,31)
(116,38)
(117,40)
(188,39)
(85,48)
(104,48)
(186,3)
(165,49)
(194,29)
(58,38)
(124,48)
(14,40)
(11,20)
(74,22)
(177,38)
(26,26)
(183,28)
(155,40)
(7,18)
(66,36)
(145,31)
(41,6)
(92,30)
(122,3)
(91,6)
(165,14)
(111,28)
(164,13)
(114,51)
(60,38)
(57,8)
(127,52)
(31,17)
(87,36)
(153,30)
(27,38)
(17,29)
(30,23)
(53,36)
(119,31)
(146,21)
(123,20)
(56,49)
(153,3)
(199,13)
(168,29)
(147,16)
(174,14)
(141,49)
(35,54)
(43,41)
(154,8)
(159,16)
(189,23)
(158,14)
(117,37)
(190,24)
(65,1)
(190,15)
(127,15)
(31,5)
(63,7)
(6,20)
(7,31)
(98,42)
(103,6)
(58,43)
(37,31)
(94,4)
(145,16)
(27,3)
(63,29)
(81,44)
(139,20)
(28,31)
(49,16)
(158,4)
(131,2)
(161,4)
(174,12)
(20,41)
(52,15)
(171,15)
(15,25)
(30,12)
(85,6)
(114,4)
(71,20)
(173,18)
(92,52)
(114,35)
(7,25)
(97,20)
(65,32)
(184,4)
(90,18)
(83,4)
(132,31)
(55,42)
(63,39)
(117,24)
(188,15)
(196,7)
(119,26)
(163,51)
(110,25)
(22,4)
(16,38)
(171,24)
(59,54)
(12,28)
(4,27)
(118,36)
(79,43)
(197,40)
(81,25)
(101,19)
(193,44)
(178,14)
(107,7)
(82,6)
(194,43)
(30,31)
(14,32)
(61,36)
(87,14)
(72,42)
(3,12)
(186,9)
(41,35)
(66,23)
(153,37)
(145,53)
(122,28)
(88,39)
(162,11)
(105,22)
(114,54)
(136,18)
(20,43)
(155,14)
(37,41)
(137,30)
(137,10)
(75,6)
(5,17)
(98,16)
(50,27)
(24,43)
(187,6)
(194,27)
(57,7)
(151,19)
(147,44)
(136,26)
(90,40)
(96,9)
(6,44)
(85,47)
(172,7)
(126,12)
(6,48)
(186,8)
(22,17)
(117,19)
(35,6)
(10,28)
(72,33)
(22,46)
(171,26)
(181,23)
(6,34)
(149,12)
(153,6)
(195,46)
(134,29)
(34,3)
(76,44)
(10,27)
(128,4)
(63,4)
(80,8)
(137,20)
(56,18)
(174,20)
(160,18)
(119,40)
(47,39)
(191,7)
(190,7)
(8,23)
(4,23)
(66,45)
(66,4)
(107,10)
(11,45)
(131,6)
(20,30)
(197,16)
(75,32)
(188,6)
(163,38)
(1,23)
(38,4)
(131,25)
(4,14)
(38,15)
(55,13)
(130,29)
(86,52)
(20,26)
(31,43)
(178,9)
(75,45)
(199,22)
(38,47)
(28,43)
(169,38)
(173,11)
(39,42)
(145,27)
(5,54)
(170,37)
(78,9)
(67,14)
(2,42)
(50,50)
(36,27)
(5,16)
(2,47)
(95,32)
(30,11)
(186,24)
(175,32)
(104,41)
(17,38)
(115,10)
(120,32)
(189,30)
(142,46)
(107,18)
(199,26)
(128,12)
(3,5)
(121,37)
(104,39)
(92,8)
(130,19)
(40,21)
(135,44)
(142,53)
(91,3)
(105,49)
(71,54)
(159,17)
(100,5)
(64,42)
(75,27)
(99,37)
(25,33)
(166,15)
(35,7)
(183,0)
(159,28)
(162,5)
(12,23)
(195,25)
(191,20)
(199,4)
(164,46)
(4,13)
(194,33)
(76,47)
(33,20)
(171,6)
(45,39)
(161,48)
(64,21)
(58,46)
(92,13)
(82,29)
(11,11)
(154,37)
(51,32)
(141,13)
(11,21)
(183,54)
(49,17)
(24,39)
(37,20)
(126,33)
(67,33)
(98,8)
(91,4)
(196,21)
(73,47)
(0,11)
(143,14)
(109,51)
(179,20)
(71,34)
(136,10)
(111,10)
(157,53)
(176,29)
(189,40)
(187,20)
(193,14)
(52,46)
(89,1)
(160,54)
(18,20)
(84,26)
(117,21)
(41,25)
(152,53)
(194,32)
(166,23)
(99,52)
(97,26)
(122,10)
(51,38)
(104,8)
(18,15)
(184,41)
(179,47)
(29,3)
(44,39)
(181,40)
(89,18)
(96,33)
(185,25)
(8,50)
(199,24)
(43,4)
(72,29)
(195,39)
(133,7)
(127,7)
(88,48)
(27,11)
(185,0)
(29,22)
(18,8)
(11,14)
(51,52)
(171,48)
(75,11)
(71,31)
(141,5)
(168,32)
(123,11)
(70,37)
(70,28)
(148,3)
(61,38)
(2,10)
(11,42)
(52,51)
(30,25)
(76,50)
(47,15)
(154,44)
(154,22)
(32,24)
(88,34)
(82,35)
(106,4)
(148,51)
(127,39)
(51,8)
(79,17)
(16,30)
(20,46)
(161,0)
(28,3)
(36,5)
(67,26)
(50,15)
(103,22)
(105,17)
(165,15)
(78,6)
(101,3)
(75,42)
(163,52)
(16,28)
(147,42)
(37,34)
(141,52)
(27,35)
(7,39)
(174,54)
(187,23)
(171,29)
(189,1)
(69,18)
(109,15)
(196,40)
(191,15)
(181,7)
(130,53)
(113,46)
(119,16)
(117,11)
(12,9)
(101,9)
(144,37)
(48,20)
(184,5)
(66,7)
(56,31)
(45,9)
(18,16)
(1,3)
(84,31)
(87,53)
(8,28)
(51,30)
(158,31)
(47,11)
(97,9)
(74,25)
(83,20)
(180,10)
(162,33)
(112,37)
(58,33)
(81,26)
(163,12)
(91,33)
(199,3)
(53,11)
(168,46)
(60,54)
(29,23)
(160,14)
(172,18)
(182,14)
(51,42)
(149,8)
(147,39)
(138,43)
(134,35)
(7,10)
(34,48)
(82,28)
(8,29)
(154,7)
(44,53)
(137,53)
(67,44)
(97,16)
(70,16)
(52,54)
(195,0)
(144,4)
(122,26)
(179,37)
(173,22)
(1,52)
(154,47)
(23,49)
(195,37)
(13,0)
(106,6)
(158,26)
(127,24)
(175,2)
(84,24)
(22,12)
(119,15)
(127,9)
(75,2)
(197,11)
(21,17)
(70,24)
(191,47)
(14,37)
(195,24)
(0,28)
(195,15)
(112,16)
(26,38)
(142,9)
(54,8)
(81,3)
(73,35)
(122,11)
(87,26)
(33,15)
(27,18)
(151,23)
(186,31)
(1,39)
(1,25)
(74,15)
(78,8)
(89,39)
(97,35)
(13,12)
(101,36)
(30,53)
(71,49)
(42,50)
(86,45)
(33,16)
(176,46)
(13,29)
(49,49)
(14,34)
(39,35)
(94,0)
(141,54)
(89,32)
(96,30)
(167,6)
(59,34)
(50,34)
(53,33)
(33,12)
(50,53)
(64,49)
(102,19)
(135,45)
(111,4)
(47,5)
(54,3)
(1,31)
(180,39)
(120,50)
(53,39)
(175,5)
(142,4)
(42,8)
(170,53)
(3,44)
(19,34)
(61,24)
(125,38)
(87,31)
(168,20)
(42,44)
(7,35)
(111,29)
(185,51)
(164,27)
(184,47)
(153,18)
(117,3)
(5,8)
(89,51)
(190,14)
(62,40)
(73,42)
(76,41)
(156,14)
(142,11)
(127,4)
(59,20)
(122,8)
(83,47)
(149,4)
(180,32)
(36,33)
(171,32)
(61,7)
(14,45)
(167,8)
(61,29)
(70,11)
(48,23)
(3,1)
(58,14)
(198,10)
(183,9)
(25,47)
(188,5)
(109,12)
(194,24)
(79,28)
(195,54)
(58,44)
(39,2)
(4,18)
(14,22)
(90,38)
(71,35)
(14,35)
(183,31)
(47,17)
(32,18)
(140,15)
(1,16)
(173,0)
(111,50)
(84,6)
(81,41)
(62,1)
(160,5)
(143,27)
(88,54)
(34,4)
(106,52)
(172,13)
(182,37)
(164,28)
(121,21)
(105,15)
(54,43)
(82,4)
(170,12)
(134,13)
(8,32)
(54,54)
(64,15)
(148,14)
(67,20)
(5,25)
(181,41)
(104,45)
(170,27)
(150,26)
(58,5)
(154,33)
(151,9)
(150,13)
(44,38)
(53,45)
(158,49)
(108,4)
(111,37)
(26,23)
(8,20)
(109,20)
(104,40)
(109,33)
(184,13)
(127,8)
(30,22)
(79,10)
(35,5)
(64,3)
(153,38)
(70,1)
(115,37)
(32,0)
(63,38)
(7,23)
(22,43)
(27,23)
(67,53)
(128,2)
(65,10)
(177,3)
(162,8)
(52,48)
(56,25)
(170,11)
(168,28)
(149,36)
(25,1)
(28,51)
(166,16)
(28,18)
(122,31)
(30,38)
(43,52)
(112,41)
(77,37)
(95,1)
(117,4)
(139,6)
(199,42)
(53,34)
(89,28)
(129,5)
(120,47)
(94,6)
(140,14)
(35,37)
(166,32)
(183,30)
(94,53)
(106,25)
(108,0)
(176,2)
(87,41)
(189,14)
(106,13)
(159,50)
(81,18)
(11,24)
(127,19)
(85,13)
(48,9)
(58,37)
(154,50)
(12,20)
(150,10)
(117,34)
(195,50)
(179,49)
(170,38)
(133,34)
(163,37)
(86,12)
(129,39)
(159,2)
(20,10)
(160,41)
(24,6)
(75,18)
(39,12)
(65,15)
(124,47)
(154,14)
(2,51)
(40,34)
(159,32)
(10,1)
(149,2)
(98,12)
(156,0)
(158,28)
(189,36)
(18,30)
(18,35)
(8,46)
(61,15)
(21,42)
(146,37)
(7,13)
(154,20)
(80,29)
(81,28)
(77,30)
(65,4)
(20,29)
(125,46)
(27,21)
(37,30)
(56,14)
(172,45)
(110,3)
(188,10)
(175,20)
(18,45)
(13,8)
(161,7)
(133,37)
(159,48)
(193,27)
(66,32)
(196,4)
(117,49)
(81,53)
(77,11)
(74,16)
(190,27)
(87,9)
(30,6)
(69,22)
(197,54)
(8,2)
(103,30)
(39,43)
(16,34)
(133,14)
(64,44)
(5,29)
(112,2)
(21,19)
(24,53)
(116,20)
(119,30)
(38,9)
(53,8)
(44,22)
(165,32)
(90,27)
(170,36)
(172,3)
(61,54)
(16,40)
(6,4)
(105,29)
(142,12)
(38,1)
(81,46)
(167,35)
(68,6)
(127,25)
(113,15)
(0,10)
(11,1)
(65,14)
(152,18)
(163,50)
(127,33)
(62,53)
(187,25)
(165,45)
(63,36)
(182,25)
(111,35)
(30,17)
(68,13)
(45,34)
(181,12)
(95,17)
(124,27)
(149,30)
(41,12)
(107,4)
(121,18)
(178,51)
(76,33)
(124,38)
(36,20)
(120,2)
(101,31)
(171,21)
(70,14)
(80,12)
(151,3)
(91,51)
(178,10)
(161,22)
(33,48)
(63,28)
(196,28)
(154,26)
(28,33)
(106,15)
(130,22)
(27,19)
(177,5)
(144,12)
(89,4)
(56,23)
(173,10)
(134,43)
(123,45)
(168,7)
(77,7)
(157,48)
(169,50)
(178,47)
(176,30)
(104,0)
(191,13)
(110,41)
(137,22)
(125,34)
(54,2)
(30,35)
(188,25)
(72,2)
(3,20)
(112,0)
(17,53)
(113,18)
(100,21)
(146,30)
(191,33)
(182,4)
(75,39)
(57,22)
(83,36)
(179,39)
(112,17)
(115,21)
(136,12)
(173,2)
(58,31)
(148,9)
(22,3)
(169,23)
(43,7)
(74,31)
(193,26)
(98,6)
(23,7)
(101,50)
(147,25)
(129,25)
(128,46)
(119,6)
(186,28)
(26,2)
(119,22)
(141,9)
(161,54)
(192,23)
(182,18)
(12,53)
(163,14)
(41,46)
(43,50)
(116,36)
(184,2)
(198,24)
(32,2)
(86,34)
(22,31)
(52,49)
(100,33)
(6,40)
(116,42)
(71,24)
(30,2)
(106,40)
(181,2)
(182,31)
(136,38)
(57,54)
(120,25)
(80,4)
(45,52)
(72,44)
(84,8)
(189,12)
(159,39)
(20,34)
(68,31)
(157,23)
(191,9)
(47,13)
(30,44)
(25,50)
(86,26)
(59,24)
(144,47)
(43,45)
(41,5)
(196,19)
(102,10)
(90,5)
(68,51)
(22,11)
(62,54)
(37,7)
(69,35)
(3,10)
(149,54)
(54,1)
(199,45)
(150,5)
(187,14)
(75,43)
(112,32)
(98,36)
(27,12)
(111,34)
(152,25)
(179,28)
(44,2)
(150,30)
(46,46)
(183,24)
(105,11)
(40,23)
(58,15)
(159,31)
(163,8)
(105,38)
(26,45)
(127,27)
(197,33)
(30,50)
(52,13)
(35,4)
(142,7)
(73,9)
(92,50)
(16,2)
(197,14)
(87,54)
(178,24)
(129,6)
(105,16)
(118,7)
(8,14)
(105,30)
(21,28)
(97,37)
(179,4)
(97,30)
(87,3)
(96,53)
(185,54)
(121,45)
(27,54)
(37,4)
(62,13)
(142,30)
(66,37)
(8,8)
(144,28)
(161,31)
(152,40)
(134,15)
(152,51)
(76,28)
(70,47)
(76,12)
(133,42)
(83,48)
(43,6)
(23,10)
(165,26)
(150,19)
(102,33)
(74,17)
(54,0)
(76,10)
(185,8)
(70,51)
(90,26)
(65,50)
(191,32)
(76,5)
(175,33)
(10,49)
(126,0)
(120,45)
(133,33)
(157,42)
(178,54)
(10,2)
(71,47)
(127,29)
(45,50)
(33,34)
(194,16)
(98,14)
(27,24)
(63,45)
(22,7)
(140,26)
(1,44)
(123,10)
(189,45)
(93,45)
(66,18)
(73,18)
(42,11)
(119,19)
(143,36)
(46,38)
(118,17)
(158,18)
(136,6)
(187,22)
(78,19)
(114,47)
(55,3)
(107,17)
(173,1)
(36,14)
(187,1)
(190,0)
(32,51)
(166,48)
(72,38)
(55,40)
(37,25)
(148,41)
(108,37)
(195,41)
(191,25)
(120,18)
(167,51)
(104,14)
(136,33)
(111,16)
(71,36)
(58,16)
(169,46)
(88,30)
(87,52)
(59,10)
(187,28)
(83,5)
(131,27)
(28,1)
(38,24)
(179,34)
(41,13)
(34,30)
(168,44)
(167,10)
(103,7)
(17,33)
(196,35)
(75,24)
(24,7)
(7,16)
(109,36)
(154,15)
(63,11)
(122,7)
(62,36)
(163,6)
(106,19)
(50,36)
(60,42)
(161,44)
(150,9)
(163,47)
(73,14)
(9,25)
(37,48)
(45,11)
(61,49)
(145,17)
(181,51)
(177,11)
(64,26)
(56,11)
(111,11)
(171,35)
(194,14)
(53,23)
(87,47)
(154,21)
(195,23)
(145,8)
(72,22)
(126,1)
(184,38)
(77,27)
(78,22)
(125,9)
(104,47)
(27,16)
(131,11)
(54,30)
(8,3)
(159,47)
(141,8)
(16,46)
(196,3)
(127,44)
(192,18)
(158,23)
(112,19)
(83,2)
(160,9)
(65,39)
(143,46)
(194,8)
(20,18)
(59,21)
(128,30)
(189,21)
(46,41)
(132,32)
(68,37)
(114,11)
(128,27)
(8,40)
(86,8)
(147,19)
(173,15)
(11,40)
(102,18)
(36,28)
(57,10)
(86,22)
(95,54)
(76,13)
(115,39)
(151,22)
(76,3)
(11,4)
(2,16)
(114,10)
(146,10)
(192,22)
(53,30)
(34,23)
(113,42)
(198,38)
(194,31)
(153,32)
(57,50)
(48,39)
(4,16)
(115,17)
(134,50)
(106,22)
(196,14)
(165,33)
(111,2)
(115,43)
(86,3)
(184,20)
(110,29)
(107,23)
(160,11)
(182,7)
(5,11)
(100,41)
(165,38)
(180,11)
(16,15)
(167,9)
(123,46)
(46,11)
(50,24)
(156,18)
(77,34)
(83,13)
(177,45)
(140,17)
(51,7)
(38,37)
(36,3)
(47,54)
(114,36)
(170,13)
(70,19)
(131,29)
(88,19)
(159,44)
(166,31)
(61,51)
(189,44)
(73,29)
(45,14)
(191,5)
(191,44)
(176,25)
(121,9)
(86,28)
(122,47)
(189,49)
(48,6)
(12,5)
(128,17)
(58,27)
(50,3)
(25,15)
(6,12)
(107,31)
(159,23)
(44,8)
(9,11)
(100,53)
(49,31)
(67,54)
(112,38)
(85,16)
(100,30)
(148,1)
(10,26)
(159,11)
(98,13)
(158,11)
(22,41)
(120,49)
(55,24)
(170,25)
(82,15)
(138,53)
(47,21)
(97,17)
(133,52)
(35,52)
(109,9)
(37,22)
(132,43)
(10,22)
(67,25)
(3,3)
(0,51)
(80,24)
(170,30)
(10,24)
(166,39)
(15,23)
(109,13)
(135,13)
(139,47)
(10,53)
(124,46)
(187,32)
(85,27)
(32,52)
(4,32)
(170,15)
(135,5)
(125,50)
(129,31)
(150,39)
(127,38)
(92,6)
(12,8)
(78,50)
(48,17)
(63,2)
(188,23)
(61,25)
(85,9)
(145,25)
(20,24)
(73,15)
(28,12)
(187,19)
(99,32)
(41,51)
(76,48)
(154,34)
(18,41)
(83,16)
(199,6)
(57,46)
(73,43)
(176,36)
(126,11)
(177,21)
(48,33)
(95,51)
(191,18)
(34,44)
(68,52)
(88,50)
(33,21)
(172,35)
(52,38)
(78,38)
(113,44)
(141,11)
(32,28)
(106,5)
(0,34)
(14,8)
(82,27)
(119,13)
(118,5)
(145,10)
(6,43)
(95,23)
(182,0)
(26,4)
(106,51)
(37,32)
(40,0)
(18,19)
(34,8)
(102,44)
(85,33)
(198,19)
(24,15)
(139,50)
(189,13)
(170,44)
(39,30)
(148,24)
(36,49)
(68,36)
(28,52)
(113,10)
(8,17)
(160,38)
(178,8)
(193,47)
(102,26)
(182,29)
(158,36)
(53,21)
(11,53)
(122,20)
(173,46)
(121,11)
(43,15)
(85,18)
(157,24)
(36,30)
(173,25)
(152,17)
(54,21)
(148,37)
(166,11)
(102,46)
(128,1)
(176,14)
(152,8)
(104,23)
(132,37)
(56,27)
(87,29)
(132,2)
(26,3)
(169,32)
(110,24)
(87,40)
(25,10)
(88,31)
(128,31)
(68,1)
(68,4)
(180,50)
(58,7)
(118,12)
(52,1)
(171,54)
(39,19)
(194,45)
(129,2)
(175,23)
(43,5)
(41,41)
(121,40)
(161,38)
(89,13)
(120,53)
(27,37)
(124,16)
(158,7)
(56,24)
(125,49)
(56,13)
(60,43)
(103,15)
(64,13)
(193,16)
(146,38)
(92,45)
(85,12)
(195,29)
(94,19)
(161,21)
(107,54)
(18,40)
(139,17)
(183,36)
(115,36)
(35,14)
(115,24)
(3,14)
(189,20)
(30,5)
(196,23)
(99,27)
(94,5)
(28,49)
(5,37)
(11,36)
(30,49)
(20,12)
(192,7)
(34,49)
(1,35)
(121,8)
(77,9)
(68,20)
(20,28)
(0,8)
(171,42)
(130,44)
(9,9)
(72,32)
(105,43)
(7,51)
(12,2)
(117,54)
(10,19)
(28,23)
(149,31)
(183,12)
(28,16)
(76,6)
(140,5)
(98,34)
(174,48)
(56,52)
(48,49)
(165,10)
(197,24)
(120,46)
(115,27)
(163,32)
(69,16)
(127,41)
(191,24)
(98,5)
(198,6)
(153,23)
(125,8)
(122,25)
(63,42)
(99,16)
(92,7)
(181,5)
(90,39)
(74,47)
(128,16)
(6,9)
(95,10)
(25,32)
(131,23)
(194,12)
(30,47)
(144,29)
(56,46)
(108,13)
(184,0)
(107,25)
(144,5)
(160,44)
(111,30)
(117,33)
(5,7)
(196,25)
(66,30)
(161,23)
(167,46)
(115,29)
(16,48)
(68,10)
(168,45)
(129,19)
(163,26)
(149,6)
(88,23)
(130,1)
(6,50)
(170,29)
(189,15)
(71,33)
(113,36)
(140,32)
(171,9)
(191,14)
(92,4)
(21,12)
(185,10)
(8,35)
(88,8)
(100,15)
(136,25)
(51,13)
(41,54)
(21,21)
(6,37)
(45,13)
(184,37)
(0,6)
(41,27)
(148,12)
(25,35)
(101,40)
(179,27)
(148,48)
(76,27)
(151,54)
(9,48)
(55,51)
(129,48)
(104,53)
(99,15)
(193,7)
(96,45)
(128,39)
(180,35)
(67,40)
(40,25)
(19,28)
(68,2)
(156,17)
(186,27)
(166,49)
(167,17)
(35,3)
(73,16)
(35,50)
(100,9)
(160,53)
(90,29)
(136,16)
(28,27)
(80,30)
(130,4)
(191,21)
(183,42)
(38,43)
(73,17)
(195,14)
(123,37)
(187,27)
(97,24)
(187,3)
(130,42)
(97,5)
(88,13)
(61,3)
(29,6)
(14,3)
(60,32)
(42,28)
(106,16)
(122,4)
(184,39)
(154,31)
(57,6)
(149,24)
(7,11)
(164,32)
(168,37)
(95,15)
(67,11)
(35,29)
(170,39)
(67,22)
(161,12)
(60,19)
(177,0)
(84,19)
(115,14)
(173,4)
(114,28)
(91,12)
(39,53)
(80,15)
(143,32)
(1,47)
(50,35)
(162,38)
(199,31)
(56,37)
(137,27)
(11,10)
(24,14)
(52,3)
(10,11)
(163,49)
(173,16)
(79,36)
(171,49)
(140,39)
(111,19)
(164,30)
(123,19)
(82,30)
(33,30)
(43,3)
(0,27)
(175,37)
(54,12)
(51,4)
(33,35)
(180,42)
(85,34)
(29,11)
(115,3)
(56,41)
(64,36)
(96,17)
(28,36)
(121,3)
(54,10)
(79,53)
(104,54)
(139,41)
(137,3)
(135,47)
(13,30)
(38,30)
(187,49)
(198,23)
(139,3)
(170,33)
(137,32)
(175,41)
(191,38)
(124,13)
(189,0)
(40,20)
(104,4)
(125,24)
(117,28)
(89,6)
(34,54)
(194,50)
(55,35)
(18,44)
(111,40)
(16,25)
(7,7)
(184,54)
(199,15)
(197,20)
(68,35)
(5,9)
(98,39)
(197,43)
(138,31)
(66,34)
(66,12)
(79,40)
(38,49)
(32,23)
(156,41)
(102,45)
(73,50)
(179,51)
(94,44)
(2,8)
(86,18)
(17,20)
(71,50)
(149,16)
(20,2)
(59,5)
(161,2)
(29,21)
(140,3)
(172,34)
(157,19)
(136,32)
(15,6)
(82,37)
(147,20)
(123,4)
(68,17)
(42,27)
(51,47)
(107,26)
(194,20)
(184,11)
(183,1)
(60,28)
(33,11)
(150,14)
(152,43)
(75,40)
(31,54)
(88,32)
(165,7)
(63,14)
(77,13)
(132,20)
(89,11)
(162,15)
(38,6)
(26,20)
(24,25)
(8,39)
(190,2)
(115,1)
(55,19)
(104,35)
(145,54)
(155,13)
(154,32)
(80,32)
(160,30)
(80,23)
(105,1)
(10,29)
(157,16)
(61,41)
(191,30)
(48,13)
(60,21)
(186,13)
(24,37)
(148,30)
(66,42)
(100,34)
(151,26)
(153,19)
(167,5)
(96,47)
(190,23)
(93,40)
(14,16)
(151,44)
(19,14)
(194,13)
(52,11)
(123,38)
(89,30)
(13,24)
(28,26)
(181,10)
(6,17)
(130,2)
(154,17)
(120,14)
(5,4)
(117,44)
(115,44)
(179,7)
(2,3)
(47,50)
(126,49)
(84,9)
(78,4)
(108,27)
(87,32)
(132,38)
(157,21)
(88,46)
(154,52)
(33,23)
(84,53)
(133,54)
(140,13)
(130,5)
(136,23)
(27,15)
(140,40)
(108,14)
(85,46)
(72,45)
(174,31)
(147,9)
(34,17)
(195,38)
(135,25)
(141,36)
(72,10)
(195,22)
(96,16)
(86,10)
(122,40)
(77,48)
(173,39)
(84,25)
(129,24)
(196,52)
(102,23)
(188,44)
(60,35)
(88,45)
(169,6)
(5,22)
(16,52)
(151,52)
(60,16)
(178,35)
(13,50)
(2,0)
(194,15)
(55,47)
(26,52)
(42,7)
(137,29)
(33,41)
(156,42)
(21,50)
(135,29)
(118,3)
(95,5)
(30,15)
(37,15)
(25,40)
(139,51)
(131,41)
(5,20)
(143,43)
(127,37)
(178,38)
(156,13)
(174,46)
(198,51)
(9,7)
(44,13)
(119,37)
(99,26)
(53,29)
(145,46)
(85,35)
(199,2)
(96,36)
(196,6)
(142,34)
(147,50)
(146,2)
(34,16)
(25,19)
(135,19)
(140,16)
(145,38)
(129,4)
(145,12)
(74,24)
(121,31)
(58,49)
(29,13)
(34,20)
(12,29)
(2,7)
(126,17)
(37,0)
(57,51)
(126,9)
(49,24)
(139,25)
(193,28)
(34,29)
(68,19)
(44,15)
(123,15)
(179,41)
(126,5)
(129,30)
(198,37)
(150,53)
(177,43)
(99,13)
(29,42)
(93,5)
(142,28)
(170,47)
(189,5)
(175,46)
(146,42)
(22,5)
(165,42)
(152,10)
(189,32)
(41,26)
(161,20)
(113,40)
(149,39)
(193,43)
(175,21)
(85,21)
(13,4)
(121,44)
(34,52)
(175,11)
(179,21)
(68,27)
(95,24)
(24,18)
(65,27)
(71,14)
(116,14)
(150,24)
(18,14)
(27,2)
(177,49)
(109,49)
(111,42)
(135,54)
(151,10)
(77,15)
(173,33)
(23,50)
(189,26)
(51,48)
(21,29)
(177,27)
(180,8)
(165,48)
(187,41)
(194,7)
(61,14)
(75,8)
(46,35)
(134,49)
(124,14)
(81,2)
(156,23)
(27,32)
(194,40)
(37,44)
(44,43)
(157,6)
(115,19)
(164,51)
(171,51)
(15,29)
(171,27)
(101,51)
(168,16)
(70,3)
(80,31)
(72,15)
(134,36)
(120,39)
(167,32)
(115,6)
(104,6)
(48,16)
(157,49)
(180,34)
(59,28)
(57,2)
(109,17)
(174,16)
(109,48)
(167,4)
(54,28)
(7,9)
(9,19)
(1,32)
(121,50)
(103,33)
(150,44)
(130,15)
(19,26)
(56,36)
(198,16)
(92,40)
(97,25)
(74,9)
(136,36)
(187,37)
(66,13)
(84,15)
(131,38)
(48,10)
(14,7)
(97,38)
(4,26)
(170,9)
(138,28)
(54,41)
(144,45)
(153,17)
(0,7)
(93,12)
(68,26)
(59,30)
(179,38)
(197,47)
(172,10)
(82,2)
(57,45)
(74,3)
(48,2)
(17,28)
(85,42)
(198,17)
(148,21)
(139,7)
(52,20)
(87,43)
(6,22)
(172,46)
(124,40)
(143,6)
(36,24)
(151,38)
(194,54)
(2,2)
(151,37)
(177,47)
(165,23)
(48,36)
(186,25)
(9,40)
(52,50)
(146,33)
(146,7)
(87,16)
(102,49)
(134,21)
(57,18)
(116,46)
(199,38)
(171,45)
(17,16)
(9,37)
(131,45)
(45,54)
(143,9)
(131,54)
(39,21)
(179,30)
(40,27)
(59,19)
(144,27)
(181,52)
(128,18)
(78,49)
(123,16)
(177,40)
(88,11)
(116,4)
(4,46)
(170,46)
(61,22)
(44,14)
(192,10)
(53,22)
(149,27)
(49,51)
(70,15)
(194,30)
(154,13)
(107,8)
(30,14)
(50,51)
(173,12)
(126,3)
(107,9)
(144,35)
(119,5)
(81,6)
(168,36)
(92,9)
(157,10)
(7,14)
(61,31)
(56,34)
(20,15)
(4,6)
(52,44)
(163,35)
(191,37)
(141,48)
(142,36)
(106,35)
(192,52)
(61,39)
(46,21)
(165,29)
(1,42)
(104,1)
(198,21)
(77,14)
(6,31)
(161,40)
(43,8)
(35,23)
(91,2)
(61,35)
(186,53)
(123,50)
(58,20)
(164,14)
(24,54)
(74,34)
(68,39)
(106,11)
(121,36)
(66,5)
(129,23)
(148,52)
(84,44)
(134,53)
(105,37)
(191,51)
(41,11)
(4,4)
(179,16)
(62,3)
(75,3)
(113,14)
(166,27)
(40,9)
(118,18)
(31,39)
(50,8)
(147,10)
(58,0)
(164,4)
(193,17)
(131,17)
(46,30)
(178,41)
(192,13)
(149,33)
(29,44)
(81,40)
(70,0)
(92,42)
(93,46)
(26,24)
(69,53)
(55,22)
(14,13)
(195,44)
(99,28)
(53,13)
(39,39)
(60,26)
(51,54)
(73,28)
(83,10)
(119,20)
(180,40)
(191,41)
(148,29)
(52,6)
(122,53)
(185,47)
(21,4)
(183,15)
(138,41)
(104,34)
(20,33)
(187,34)
(173,9)
(80,13)
(184,16)
(113,4)
(53,42)
(2,4)
(45,43)
(113,23)
(3,25)
(94,29)
(194,48)
(97,50)
(9,1)
(150,38)
(124,32)
(172,29)
(138,8)
(167,24)
(36,13)
(53,43)
(122,23)
(159,52)
(148,26)
(52,12)
(10,41)
(98,23)
(36,12)
(123,42)
(150,16)
(53,54)
(179,50)
(43,22)
(151,27)
(26,27)
(71,2)
(189,53)
(29,9)
(185,35)
(121,48)
(51,45)
(148,18)
(198,41)
(117,5)
(198,8)
(194,46)
(23,18)
(138,27)
(88,20)
(18,7)
(39,34)
(47,42)
(124,22)
(86,20)
(135,34)
(183,19)
(47,23)
(53,14)
(22,26)
(58,42)
(5,42)
(98,24)
(150,43)
(0,4)
(16,54)
(34,42)
(52,35)
(19,30)
(112,47)
(40,7)
(28,2)
(30,34)
(74,28)
(44,33)
(182,2)
(107,22)
(124,39)
(58,28)
(18,23)
(91,24)
(6,52)
(50,17)
(102,53)
(180,0)
(64,17)
(25,13)
(164,39)
(129,47)
(85,19)
(178,23)
(145,13)
(64,39)
(4,24)
(71,10)
(113,37)
(102,6)
(70,7)
(185,17)
(88,21)
(86,41)
(41,47)
(103,27)
(71,29)
(146,4)
(72,12)
(132,14)
(59,11)
(68,50)
(172,9)
(24,21)
(127,10)
(119,51)
(98,48)
(51,43)
(39,41)
(90,32)
(108,31)
(91,38)
(116,50)
(126,48)
(182,32)
(127,49)
(43,30)
(35,39)
(36,47)
(11,47)
(137,18)
(106,37)
(42,13)
(26,11)
(25,52)
(109,22)
(12,34)
(114,14)
(102,2)
(30,28)
(91,40)
(120,1)
(187,46)
(85,39)
(100,29)
(189,35)
(77,42)
(104,52)
(125,17)
(66,8)
(67,17)
(14,49)
(160,8)
(145,49)
(104,21)
(179,45)
(196,46)
(114,12)
(175,43)
(65,53)
(165,43)
(104,43)
(72,9)
(142,2)
(0,48)
(3,24)
(134,48)
(70,13)
(92,3)
(98,11)
(155,26)
(198,29)
(111,17)
(189,25)
(30,26)
(69,45)
(20,16)
(43,53)
(117,18)
(129,42)
(22,9)
(115,28)
(174,7)
(115,16)
(57,3)
(96,25)
(5,23)
(166,7)
(20,7)
(176,44)
(66,50)
(97,54)
(176,26)
(125,26)
(177,33)
(22,13)
(65,16)
(164,31)
(29,47)
(147,6)
(123,7)
(26,14)
(40,18)
(45,25)
(113,29)
(126,10)
(16,37)
(21,38)
(149,28)
(8,47)
(25,23)
(42,14)
(96,19)
(157,25)
(168,25)
(135,2)
(121,30)
(170,52)
(49,3)
(192,25)
(11,49)
(45,7)
(114,22)
(161,11)
(33,47)
(124,23)
(51,16)
(48,22)
(15,8)
(41,53)
(82,54)
(132,16)
(199,7)
(133,50)
(195,13)
(40,6)
(195,2)
(102,1)
(168,41)
(44,9)
(144,22)
(139,16)
(113,50)
(92,43)
(51,28)
(16,45)
(143,41)
(80,47)
(76,16)
(37,27)
(88,52)
(150,41)
(52,17)
(123,28)
(106,21)
(83,18)
(35,22)
(16,31)
(5,35)
(61,43)
(173,47)
(18,13)
(187,52)
(115,50)
(86,54)
(190,25)
(14,15)
(92,49)
(7,37)
(36,38)
(11,38)
(100,38)
(10,31)
(60,7)
(171,16)
(131,13)
(117,47)
(73,36)
(91,29)
(152,3)
(135,48)
(82,11)
(38,51)
(68,29)
(86,15)
(145,9)
(70,50)
(39,45)
(122,14)
(62,38)
(23,36)
(47,47)
(88,41)
(132,18)
(136,14)
(193,21)
(77,17)
(53,37)
(17,6)
(106,12)
(46,15)
(199,19)
(155,5)
(154,28)
(60,12)
(112,13)
(162,44)
(4,28)
(199,5)
(147,21)
(16,39)
(97,23)
(81,47)
(152,31)
(94,8)
(80,11)
(198,31)
(8,5)
(39,54)
(193,6)
(136,29)
(4,12)
(102,50)
(67,3)
(75,17)
(194,11)
(94,35)
(50,22)
(143,7)
(41,31)
(72,53)
(43,36)
(51,17)
(22,23)
(64,40)
(80,17)
(100,37)
(137,11)
(31,30)
(101,21)
(68,42)
(182,30)
(84,38)
(24,20)
(8,36)
(78,12)
(96,18)
(168,53)
(15,18)
(66,17)
(180,14)
(184,22)
(59,52)
(57,41)
(10,39)
(49,45)
(181,25)
(50,14)
(10,4)
(186,21)
(152,19)
(5,24)
(88,29)
(29,29)
(22,22)
(131,48)
(8,4)
(1,19)
(139,23)
(86,9)
(125,22)
(32,3)
(162,21)
(99,9)
(77,51)
(103,50)
(147,38)
(36,54)
(0,23)
(193,38)
(192,11)
(7,27)
(11,44)
(185,48)
(176,21)
(147,24)
(80,44)
(153,49)
(106,48)
(191,53)
(145,37)
(152,32)
(6,33)
(187,12)
(38,40)
(8,34)
(163,43)
(63,53)
(34,51)
(38,16)
(105,12)
(148,8)
(107,15)
(80,18)
(190,46)
(156,52)
(174,3)
(97,27)
(198,9)
(96,44)
(42,24)
(89,41)
(38,31)
(134,10)
(170,10)
(22,36)
(126,39)
(21,0)
(194,37)
(118,26)
(97,15)
(141,25)
(98,54)
(48,43)
(80,0)
(84,36)
(173,8)
(141,27)
(85,36)
(39,33)
(177,26)
(68,28)
(147,53)
(171,41)
(188,3)
(63,24)
(95,28)
(5,27)
(155,33)
(38,44)
(76,43)
(167,42)
(57,33)
(190,50)
(104,10)
(143,52)
(5,47)
(171,8)
(122,15)
(84,22)
(36,29)
(156,28)
(121,6)
(87,8)
(107,52)
(140,36)
(194,44)
(50,20)
(176,22)
(143,53)
(120,10)
(25,20)
(138,18)
(135,42)
(6,5)
(72,18)
(39,37)
(139,22)
(8,37)
(44,12)
(68,38)
(74,27)
(183,18)
(173,42)
(121,7)
(146,54)
(164,38)
(81,50)
(189,42)
(148,43)
(188,50)
(10,50)
(166,2)
(174,33)
(82,36)
(0,42)
(23,42)
(82,47)
(44,3)
(172,42)
(122,36)
(53,24)
(7,3)
(177,52)
(85,8)
(127,5)
(5,15)
(47,18)
(59,2)
(183,29)
(187,11)
(164,24)
(30,43)
(141,12)
(39,16)
(49,44)
(105,23)
(36,34)
(96,54)
(136,39)
(99,10)
(33,51)
(144,54)
(17,15)
(163,34)
(85,40)
(29,48)
(114,34)
(198,48)
(143,45)
(86,43)
(117,6)
(4,36)
(5,50)
(116,51)
(117,17)
(49,15)
(184,24)
(197,37)
(42,47)
(65,7)
(89,50)
(34,28)
(143,31)
(59,16)
(173,23)
(70,31)
(76,49)
(108,18)
(128,42)
(30,21)
(64,9)
(189,28)
(182,6)
(25,28)
(168,31)
(17,35)
(4,21)
(48,11)
(85,44)
(123,48)
(108,41)
(74,32)
(104,44)
(154,12)
(140,25)
(78,7)
(75,46)
(183,34)
(123,33)
(115,38)
(7,41)
(175,18)
(191,39)
(140,12)
(59,15)
(76,36)
(6,27)
(116,10)
(125,19)
(137,47)
(51,39)
(83,24)
(78,43)
(166,50)
(177,32)
(107,30)
(34,33)
(181,13)
(102,7)
(91,46)
(123,51)
(73,38)
(115,33)
(12,6)
(153,22)
(150,37)
(85,20)
(165,41)
(161,15)
(153,21)
(75,47)
(178,46)
(112,22)
(102,43)
(73,7)
(69,2)
(39,3)
(15,4)
(190,31)
(42,2)
(162,19)
(19,10)
(5,46)
(154,16)
(160,33)
(8,43)
(104,22)
(171,34)
(6,46)
(165,25)
(31,44)
(9,30)
(2,30)
(102,3)
(55,8)
(126,15)
(46,31)
(40,39)
(37,9)
(88,9)
(186,29)
(180,44)
(33,25)
(42,43)
(26,21)
(136,43)
(145,32)
(149,49)
(156,53)
(50,7)
(77,10)
(77,25)
(39,40)
(162,29)
(7,22)
(158,12)
(59,47)
(61,11)
(167,38)
(172,54)
(134,27)
(87,5)
(110,26)
(31,40)
(97,41)
(184,45)
(60,34)
(9,32)
(49,4)
(191,22)
(26,28)
(180,20)
(189,51)
(66,44)
(12,48)
(142,22)
(60,47)
(87,4)
(139,53)
(93,17)
(94,24)
(147,30)
(197,9)
(9,27)
(102,51)
(172,38)
(157,45)
(132,7)
(12,45)
(145,33)
(186,36)
(121,52)
(171,20)
(176,45)
(170,31)
(160,21)
(154,10)
(11,46)
(166,6)
(56,26)
(17,48)
(9,33)
(12,43)
(106,44)
(68,40)
(193,15)
(145,24)
(122,41)
(70,42)
(127,32)
(118,31)
(69,3)
(77,44)
(166,17)
(12,42)
(86,51)
(33,53)
(146,15)
(9,50)
(62,44)
(112,52)
(136,48)
(55,18)
(187,38)
(81,35)
(45,29)
(6,41)
(10,40)
(163,21)
(124,0)
(88,42)
(163,46)
(142,18)
(95,47)
(47,46)
(110,20)
(1,4)
(61,26)
(81,52)
(98,25)
(53,40)
(145,26)
(109,3)
(55,6)
(48,14)
(123,36)
(0,45)
(97,45)
(40,52)
(11,25)
(19,13)
(150,15)
(172,8)
(8,54)
(152,41)
(81,8)
(61,40)
(109,46)
(18,29)
(153,31)
(6,51)
(122,49)
(159,12)
(49,36)
(4,29)
(74,6)
(48,15)
(176,41)
(68,25)
(58,51)
(195,47)
(23,44)
(82,51)
(13,28)
(119,42)
(134,52)
(197,29)
(68,11)
(118,38)
(88,24)
(190,3)
(127,51)
(45,19)
(95,26)
(61,46)
(72,5)
(170,28)
(95,44)
(181,34)
(156,43)
(152,16)
(151,6)
(113,41)
(170,45)
(135,32)
(176,16)
(70,23)
(4,45)
(38,22)
(2,39)
(107,49)
(49,20)
(0,32)
(147,18)
(199,9)
(61,50)
(34,45)
(50,31)
(178,31)
(69,54)
(152,15)
(133,20)
(52,42)
(120,52)
(138,21)
(67,5)
(113,54)
(180,41)
(93,20)
(72,40)
(9,41)
(96,5)
(158,43)
(27,52)
(43,12)
(176,39)
(23,1)
(189,38)
(62,30)
(60,22)
(129,40)
(51,22)
(146,49)
(127,53)
(84,41)
(55,31)
(141,10)
(112,45)
(57,44)
(105,34)
(196,26)
(52,27)
(172,51)
(117,10)
(56,30)
(168,8)
(150,40)
(4,41)
(120,27)
(148,39)
(158,39)
(69,20)
(85,52)
(8,51)
(181,17)
(149,9)
(125,53)
(89,2)
(156,37)
(27,48)
(26,44)
(107,3)
(54,29)
(169,4)
(34,10)
(94,41)
(81,34)
(41,43)
(149,42)
(72,37)
(171,53)
(58,13)
(196,37)
(174,24)
(175,15)
(156,51)
(170,23)
(115,11)
(173,38)
(175,30)
(173,13)
(109,47)
(137,21)
(172,39)
(83,44)
(185,50)
(67,13)
(27,39)
(148,53)
(139,27)
(179,26)
(166,28)
(84,27)
(88,33)
(6,49)
(154,42)
(76,2)
(24,3)
(14,17)
(112,5)
(70,12)
(104,46)
(36,36)
(123,34)
(112,15)
(111,33)
(170,41)
(130,14)
(137,43)
(131,33)
(104,26)
(80,35)
(127,54)
(81,23)
(27,8)
(85,15)
(185,36)
(87,37)
(55,5)
(169,33)
(24,29)
(73,44)
(129,52)
(7,30)
(143,19)
(179,25)
(143,5)
(73,45)
(126,24)
(62,46)
(23,43)
(27,25)
(15,32)
(181,11)
(161,49)
(77,39)
(167,1)
(57,34)
(12,15)
(176,13)
(96,34)
(64,25)
(197,28)
(156,44)
(191,10)
(58,32)
(9,52)
(195,52)
(98,19)
(191,49)
(187,29)
(83,27)
(135,20)
(162,54)
(174,49)
(93,33)
(64,46)
(39,24)
(71,28)
(63,18)
(154,27)
(31,12)
(132,51)
(160,32)
(46,7)
(27,7)
(51,24)
(97,31)
(184,15)
(58,50)
(164,25)
(144,40)
(92,29)
(11,48)
(41,14)
(79,18)
(168,21)
(173,32)
(78,35)
(113,21)
(94,32)
(62,49)
(50,42)
(67,24)
(187,39)
(26,5)
(97,44)
(72,23)
(18,11)
(190,33)
(20,31)
(79,9)
(150,54)
(75,35)
(59,49)
(37,49)
(13,14)
(131,32)
(54,45)
(59,8)
(16,36)
(196,10)
(177,6)
(59,14)
(99,7)
(160,23)
(71,11)
(156,4)
(85,50)
(72,34)
(30,16)
(46,9)
(142,16)
(50,11)
(21,43)
(61,9)
(188,8)
(186,23)
(30,33)
(188,29)
(192,45)
(24,4)
(137,46)
(170,18)
(153,15)
(20,45)
(72,27)
(82,5)
(58,21)
(179,15)
(37,37)
(76,31)
(160,27)
(189,24)
(64,20)
(103,12)
(24,26)
(109,42)
(196,36)
(156,25)
(175,40)
(12,16)
(35,41)
(120,6)
(84,45)
(27,33)
(127,50)
(49,2)
(48,40)
(94,49)
(133,48)
(145,35)
(142,32)
(50,30)
(76,29)
(63,15)
(71,26)
(17,9)
(12,32)
(130,38)
(8,18)
(44,16)
(15,15)
(43,51)
(47,16)
(108,11)
(178,27)
(77,18)
(137,16)
(25,11)
(64,10)
(191,48)
(168,9)
(128,9)
(89,40)
(193,8)
(178,50)
(171,31)
(126,2)
(43,21)
(48,21)
(197,8)
(79,50)
(179,44)
(163,39)
(111,48)
(130,45)
(18,24)
(5,30)
(52,5)
(126,38)
(12,27)
(108,17)
(199,28)
(30,54)
(42,4)
(174,35)
(194,22)
(129,12)
(24,49)
(124,21)
(193,24)
(95,52)
(155,7)
(103,19)
(60,33)
(19,33)
(116,17)
(16,43)
(163,40)
(114,49)
(132,48)
(56,6)
(127,48)
(74,21)
(91,7)
(35,40)
(39,49)
(199,52)
(19,8)
(74,7)
(179,40)
(44,49)
(121,54)
(13,44)
(14,4)
(121,17)
(7,20)
(52,14)
(117,46)
(129,33)
(20,47)
(66,10)
(6,26)
(169,44)
(199,14)
(59,32)
(11,16)
(174,15)
(177,46)
(176,17)
(30,40)
(127,34)
(159,49)
(151,7)
(56,8)
(92,0)
(67,16)
(23,45)
(18,53)
(109,32)
(182,45)
(167,18)
(45,6)
(192,8)
(72,35)
(87,45)
(160,26)
(19,43)
(6,38)
(95,31)
(130,54)
(71,25)
(99,49)
(44,24)
(26,8)
(144,41)
(163,54)
(108,30)
(150,45)
(176,52)
(177,48)
(183,47)
(12,30)
(125,40)
(76,20)
(129,9)
(163,4)
(59,17)
(58,39)
(72,21)
(186,51)
(142,6)
(6,25)
(19,18)
(12,36)
(67,21)
(143,39)
(90,6)
(119,47)
(171,33)
(91,26)
(163,15)
(181,21)
(175,39)
(148,46)
(129,50)
(184,52)
(84,39)
(133,47)
(130,9)
(140,52)
(180,36)
(143,37)
(109,53)
(31,16)
(153,47)
(98,53)
(155,6)
(36,53)
(10,34)
