200 Users
27 Files
2000 Transactions
2 Maximum Connections
1 Cycle Length per Upload-Download
0 Warm-up Transactions
0.400000 Zipf constant
5 Pre-Trusted Users
80 Well-Behaved (Good) Users
120 Purely Malicious Users
0 Feedback Skewing Users
0 Malignant Providing Users
0 Disguised Malicous Users
0 Sybil Attack Users
true Intelligent Trans. Generation
1561009626411 Trace Generation Seed

(0.081921,0.000000,1,false)
(0.058726,0.000000,1,false)
(0.002403,0.000000,1,false)
(0.075880,0.000000,1,false)
(0.050751,0.000000,1,false)
(0.017431,0.000000,1,false)
(0.035347,0.000000,1,false)
(0.020497,0.000000,1,false)
(0.020517,0.000000,1,false)
(0.044360,0.000000,1,false)
(0.034385,0.000000,1,false)
(0.096111,0.000000,1,false)
(0.098526,0.000000,1,false)
(0.023171,0.000000,1,false)
(0.047872,0.000000,1,false)
(0.085389,0.000000,1,false)
(0.049108,0.000000,1,false)
(0.096645,0.000000,1,false)
(0.018510,0.000000,1,false)
(0.042048,0.000000,1,false)
(0.025442,0.000000,1,false)
(0.034765,0.000000,1,false)
(0.092788,0.000000,1,false)
(0.099402,0.000000,1,false)
(0.050818,0.000000,1,false)
(0.025064,0.000000,1,false)
(0.004150,0.000000,1,false)
(0.059686,0.000000,1,false)
(0.053505,0.000000,1,false)
(0.051780,0.000000,1,false)
(0.003472,0.000000,1,false)
(0.041069,0.000000,1,false)
(0.045855,0.000000,1,false)
(0.055026,0.000000,1,false)
(0.054639,0.000000,1,false)
(0.054289,0.000000,1,false)
(0.065313,0.000000,1,false)
(0.051554,0.000000,1,false)
(0.047924,0.000000,1,false)
(0.091510,0.000000,1,false)
(0.062658,0.000000,1,false)
(0.054604,0.000000,1,false)
(0.009317,0.000000,1,false)
(0.036243,0.000000,1,false)
(0.031137,0.000000,1,false)
(0.051963,0.000000,1,false)
(0.000093,0.000000,1,false)
(0.045076,0.000000,1,false)
(0.019049,0.000000,1,false)
(0.088507,0.000000,1,false)
(0.007619,0.000000,1,false)
(0.009491,0.000000,1,false)
(0.057903,0.000000,1,false)
(0.052393,0.000000,1,false)
(0.025802,0.000000,1,false)
(0.079165,0.000000,1,false)
(0.068446,0.000000,1,false)
(0.082473,0.000000,1,false)
(0.011526,0.000000,1,false)
(0.016960,0.000000,1,false)
(0.077657,0.000000,1,false)
(0.098615,0.000000,1,false)
(0.082070,0.000000,1,false)
(0.060143,0.000000,1,false)
(0.091226,0.000000,1,false)
(0.006308,0.000000,1,false)
(0.087723,0.000000,1,false)
(0.082470,0.000000,1,false)
(0.018096,0.000000,1,false)
(0.042274,0.000000,1,false)
(0.053679,0.000000,1,false)
(0.087339,0.000000,1,false)
(0.036315,0.000000,1,false)
(0.008750,0.000000,1,false)
(0.035781,0.000000,1,false)
(0.013552,0.000000,1,false)
(0.022738,0.000000,1,false)
(0.090695,0.000000,1,false)
(0.075804,0.000000,1,false)
(0.002061,0.000000,1,false)
(0.043080,0.000000,1,false)
(0.062385,0.000000,1,false)
(0.073690,0.000000,1,false)
(0.054646,0.000000,1,false)
(0.013306,0.000000,1,false)
(0.067694,0.000000,1,false)
(0.016533,0.000000,1,false)
(0.013579,0.000000,1,false)
(0.098605,0.000000,1,false)
(0.001794,0.000000,1,false)
(0.017077,0.000000,1,false)
(0.005116,0.000000,1,false)
(0.011912,0.000000,1,false)
(0.031125,0.000000,1,false)
(0.018119,0.000000,1,false)
(0.019045,0.000000,1,false)
(0.010427,0.000000,1,false)
(0.063159,0.000000,1,false)
(0.013442,0.000000,1,false)
(0.041552,0.000000,1,false)
(0.065614,0.000000,1,false)
(0.017838,0.000000,1,false)
(0.020771,0.000000,1,false)
(0.019284,0.000000,1,false)
(0.099809,0.000000,1,false)
(0.058508,0.000000,1,false)
(0.017720,0.000000,1,false)
(0.008796,0.000000,1,false)
(0.040928,0.000000,1,false)
(0.011766,0.000000,1,false)
(0.017830,0.000000,1,false)
(0.057422,0.000000,1,false)
(0.045627,0.000000,1,false)
(0.042823,0.000000,1,false)
(0.020520,0.000000,1,false)
(0.069162,0.000000,1,false)
(0.080864,0.000000,1,false)
(0.055848,0.000000,1,false)
(0.016147,0.000000,1,false)
(0.032305,0.000000,1,false)
(0.966040,1.000000,0,true)
(0.942808,1.000000,0,true)
(0.934644,1.000000,0,true)
(0.975717,1.000000,0,true)
(0.957922,1.000000,0,true)
(0.946527,1.000000,0,false)
(0.999497,1.000000,0,false)
(0.936354,1.000000,0,false)
(0.906556,1.000000,0,false)
(0.943769,1.000000,0,false)
(0.983797,1.000000,0,false)
(0.950941,1.000000,0,false)
(0.945294,1.000000,0,false)
(0.969832,1.000000,0,false)
(0.974121,1.000000,0,false)
(0.989121,1.000000,0,false)
(0.978519,1.000000,0,false)
(0.947038,1.000000,0,false)
(0.938297,1.000000,0,false)
(0.997859,1.000000,0,false)
(0.927535,1.000000,0,false)
(0.948776,1.000000,0,false)
(0.913570,1.000000,0,false)
(0.927354,1.000000,0,false)
(0.968623,1.000000,0,false)
(0.960640,1.000000,0,false)
(0.932650,1.000000,0,false)
(0.997581,1.000000,0,false)
(0.994404,1.000000,0,false)
(0.984040,1.000000,0,false)
(0.965032,1.000000,0,false)
(0.981111,1.000000,0,false)
(0.924516,1.000000,0,false)
(0.934239,1.000000,0,false)
(0.988014,1.000000,0,false)
(0.914042,1.000000,0,false)
(0.945771,1.000000,0,false)
(0.925665,1.000000,0,false)
(0.948202,1.000000,0,false)
(0.967504,1.000000,0,false)
(0.975567,1.000000,0,false)
(0.912646,1.000000,0,false)
(0.930070,1.000000,0,false)
(0.917166,1.000000,0,false)
(0.915252,1.000000,0,false)
(0.963391,1.000000,0,false)
(0.913275,1.000000,0,false)
(0.937552,1.000000,0,false)
(0.992478,1.000000,0,false)
(0.989066,1.000000,0,false)
(0.974928,1.000000,0,false)
(0.921667,1.000000,0,false)
(0.983273,1.000000,0,false)
(0.928252,1.000000,0,false)
(0.976934,1.000000,0,false)
(0.984578,1.000000,0,false)
(0.955645,1.000000,0,false)
(0.999855,1.000000,0,false)
(0.971739,1.000000,0,false)
(0.952046,1.000000,0,false)
(0.986964,1.000000,0,false)
(0.984703,1.000000,0,false)
(0.962505,1.000000,0,false)
(0.962183,1.000000,0,false)
(0.977207,1.000000,0,false)
(0.977608,1.000000,0,false)
(0.965689,1.000000,0,false)
(0.919318,1.000000,0,false)
(0.909338,1.000000,0,false)
(0.967605,1.000000,0,false)
(0.945456,1.000000,0,false)
(0.934873,1.000000,0,false)
(0.996693,1.000000,0,false)
(0.954350,1.000000,0,false)
(0.920045,1.000000,0,false)
(0.970034,1.000000,0,false)
(0.905143,1.000000,0,false)
(0.993339,1.000000,0,false)
(0.980408,1.000000,0,false)
(0.959351,1.000000,0,false)

(0,0,false)
(1,0,false)
(2,0,false)
(3,0,true)
(8,0,false)
(9,0,false)
(10,0,false)
(11,0,false)
(12,0,false)
(14,0,false)
(16,0,false)
(17,0,false)
(18,0,false)
(19,0,false)
(20,0,false)
(21,0,false)
(22,0,false)
(23,0,false)
(24,0,false)
(25,0,false)
(26,0,false)
(27,0,false)
(28,0,false)
(29,0,false)
(30,0,false)
(32,0,false)
(33,0,false)
(34,0,false)
(35,0,false)
(36,0,false)
(37,0,true)
(39,0,true)
(40,0,false)
(41,0,false)
(42,0,false)
(43,0,false)
(46,0,false)
(48,0,false)
(49,0,false)
(50,0,false)
(51,0,false)
(52,0,false)
(53,0,false)
(54,0,false)
(55,0,true)
(56,0,false)
(57,0,false)
(58,0,false)
(59,0,false)
(60,0,false)
(61,0,false)
(62,0,false)
(63,0,false)
(64,0,false)
(65,0,false)
(66,0,false)
(67,0,false)
(68,0,false)
(72,0,false)
(73,0,false)
(74,0,false)
(75,0,false)
(76,0,false)
(77,0,false)
(78,0,true)
(81,0,false)
(82,0,false)
(83,0,false)
(84,0,false)
(85,0,false)
(86,0,false)
(88,0,false)
(89,0,false)
(90,0,false)
(93,0,false)
(95,0,false)
(96,0,false)
(97,0,false)
(98,0,true)
(100,0,false)
(101,0,false)
(102,0,false)
(103,0,false)
(104,0,false)
(108,0,false)
(109,0,false)
(112,0,false)
(113,0,false)
(114,0,false)
(115,0,true)
(116,0,false)
(117,0,false)
(118,0,false)
(121,0,true)
(122,0,true)
(123,0,true)
(124,0,true)
(125,0,true)
(126,0,true)
(127,0,true)
(130,0,true)
(131,0,true)
(132,0,true)
(133,0,true)
(134,0,true)
(135,0,true)
(136,0,true)
(138,0,false)
(139,0,true)
(140,0,true)
(141,0,true)
(142,0,true)
(143,0,true)
(144,0,true)
(145,0,true)
(146,0,true)
(148,0,true)
(149,0,true)
(150,0,true)
(151,0,true)
(152,0,true)
(153,0,true)
(154,0,true)
(155,0,true)
(156,0,true)
(158,0,true)
(159,0,true)
(160,0,true)
(161,0,true)
(163,0,true)
(164,0,true)
(166,0,true)
(168,0,true)
(169,0,true)
(170,0,true)
(173,0,true)
(174,0,true)
(175,0,true)
(177,0,true)
(178,0,false)
(179,0,true)
(180,0,true)
(181,0,true)
(182,0,true)
(183,0,true)
(184,0,true)
(185,0,true)
(186,0,true)
(187,0,true)
(188,0,false)
(189,0,true)
(190,0,true)
(191,0,true)
(192,0,true)
(193,0,true)
(198,0,true)
(2,1,false)
(5,1,false)
(6,1,false)
(7,1,false)
(8,1,false)
(9,1,false)
(11,1,false)
(13,1,false)
(14,1,false)
(15,1,false)
(16,1,false)
(17,1,false)
(18,1,false)
(19,1,false)
(20,1,false)
(21,1,false)
(22,1,false)
(24,1,false)
(25,1,false)
(27,1,false)
(28,1,false)
(31,1,false)
(34,1,false)
(35,1,false)
(36,1,false)
(38,1,false)
(39,1,false)
(41,1,false)
(43,1,false)
(44,1,false)
(45,1,false)
(47,1,false)
(48,1,false)
(49,1,true)
(52,1,false)
(53,1,false)
(55,1,false)
(56,1,false)
(57,1,false)
(60,1,false)
(61,1,false)
(63,1,false)
(64,1,false)
(67,1,false)
(68,1,false)
(70,1,false)
(71,1,false)
(72,1,false)
(73,1,false)
(74,1,false)
(75,1,false)
(77,1,false)
(78,1,false)
(80,1,false)
(81,1,false)
(84,1,false)
(86,1,false)
(89,1,false)
(92,1,false)
(93,1,false)
(94,1,false)
(98,1,false)
(99,1,false)
(101,1,false)
(102,1,false)
(103,1,false)
(104,1,false)
(105,1,false)
(106,1,false)
(111,1,false)
(113,1,false)
(114,1,false)
(115,1,false)
(116,1,true)
(117,1,false)
(120,1,true)
(122,1,true)
(123,1,true)
(126,1,true)
(127,1,true)
(128,1,true)
(129,1,true)
(130,1,true)
(131,1,true)
(133,1,true)
(135,1,true)
(136,1,true)
(139,1,true)
(140,1,true)
(144,1,true)
(145,1,true)
(146,1,true)
(148,1,true)
(151,1,true)
(152,1,true)
(153,1,true)
(154,1,true)
(155,1,true)
(156,1,true)
(163,1,true)
(164,1,true)
(165,1,true)
(167,1,true)
(168,1,true)
(170,1,true)
(172,1,true)
(173,1,true)
(175,1,true)
(176,1,true)
(177,1,true)
(179,1,true)
(182,1,true)
(185,1,true)
(187,1,false)
(189,1,true)
(190,1,true)
(193,1,true)
(195,1,true)
(199,1,true)
(0,2,true)
(1,2,false)
(2,2,false)
(3,2,false)
(4,2,false)
(5,2,false)
(6,2,false)
(8,2,false)
(9,2,false)
(10,2,false)
(11,2,false)
(15,2,false)
(17,2,false)
(19,2,false)
(20,2,false)
(21,2,false)
(22,2,false)
(23,2,false)
(24,2,false)
(26,2,false)
(28,2,false)
(34,2,false)
(35,2,false)
(36,2,false)
(43,2,false)
(45,2,false)
(46,2,false)
(47,2,false)
(48,2,false)
(57,2,false)
(58,2,false)
(60,2,false)
(63,2,false)
(64,2,false)
(65,2,false)
(66,2,false)
(68,2,false)
(70,2,false)
(73,2,false)
(74,2,false)
(76,2,false)
(78,2,false)
(79,2,false)
(81,2,false)
(82,2,false)
(83,2,false)
(84,2,false)
(85,2,true)
(86,2,false)
(87,2,false)
(88,2,false)
(90,2,false)
(91,2,false)
(92,2,false)
(93,2,false)
(94,2,true)
(98,2,false)
(100,2,false)
(101,2,false)
(102,2,false)
(103,2,false)
(104,2,false)
(105,2,false)
(106,2,false)
(107,2,false)
(108,2,false)
(110,2,false)
(111,2,false)
(112,2,false)
(114,2,false)
(115,2,true)
(117,2,false)
(119,2,false)
(120,2,true)
(121,2,true)
(123,2,true)
(125,2,false)
(126,2,true)
(127,2,true)
(128,2,true)
(130,2,true)
(131,2,true)
(133,2,true)
(134,2,true)
(135,2,true)
(139,2,true)
(144,2,true)
(145,2,true)
(148,2,true)
(151,2,true)
(152,2,true)
(156,2,true)
(157,2,true)
(158,2,true)
(160,2,true)
(161,2,false)
(162,2,true)
(165,2,true)
(166,2,true)
(171,2,true)
(172,2,true)
(173,2,true)
(174,2,true)
(177,2,true)
(178,2,true)
(180,2,true)
(181,2,true)
(182,2,true)
(183,2,true)
(184,2,true)
(185,2,true)
(186,2,true)
(191,2,true)
(192,2,true)
(193,2,true)
(195,2,true)
(196,2,true)
(197,2,true)
(199,2,true)
(0,3,false)
(2,3,false)
(6,3,false)
(7,3,false)
(8,3,false)
(10,3,false)
(11,3,false)
(12,3,false)
(14,3,false)
(16,3,false)
(19,3,false)
(21,3,false)
(22,3,false)
(23,3,false)
(24,3,false)
(25,3,false)
(26,3,false)
(27,3,false)
(29,3,false)
(32,3,true)
(33,3,false)
(35,3,false)
(37,3,false)
(38,3,false)
(39,3,false)
(40,3,false)
(42,3,false)
(43,3,false)
(44,3,false)
(45,3,false)
(46,3,false)
(47,3,false)
(49,3,true)
(50,3,false)
(53,3,false)
(54,3,false)
(56,3,false)
(57,3,false)
(60,3,false)
(62,3,false)
(64,3,false)
(66,3,false)
(67,3,false)
(68,3,false)
(71,3,false)
(72,3,false)
(75,3,false)
(76,3,false)
(77,3,false)
(81,3,false)
(82,3,false)
(83,3,false)
(86,3,false)
(89,3,false)
(91,3,false)
(95,3,false)
(96,3,false)
(98,3,false)
(99,3,false)
(103,3,false)
(104,3,true)
(105,3,false)
(106,3,false)
(108,3,false)
(109,3,false)
(112,3,false)
(113,3,false)
(115,3,false)
(116,3,false)
(119,3,false)
(122,3,true)
(123,3,true)
(130,3,true)
(131,3,true)
(132,3,true)
(133,3,true)
(136,3,true)
(138,3,true)
(140,3,true)
(142,3,true)
(143,3,true)
(144,3,true)
(149,3,true)
(150,3,false)
(151,3,true)
(153,3,true)
(155,3,false)
(157,3,true)
(158,3,true)
(161,3,true)
(162,3,true)
(163,3,true)
(164,3,true)
(165,3,true)
(166,3,true)
(167,3,true)
(168,3,true)
(170,3,true)
(176,3,false)
(177,3,true)
(182,3,true)
(184,3,true)
(187,3,true)
(188,3,true)
(189,3,true)
(194,3,false)
(195,3,true)
(197,3,true)
(198,3,true)
(199,3,true)
(0,4,false)
(3,4,false)
(5,4,false)
(7,4,false)
(10,4,false)
(11,4,false)
(13,4,false)
(16,4,false)
(18,4,false)
(19,4,false)
(20,4,false)
(21,4,false)
(22,4,false)
(23,4,false)
(24,4,true)
(25,4,false)
(27,4,false)
(28,4,false)
(30,4,false)
(32,4,false)
(34,4,false)
(35,4,false)
(36,4,false)
(39,4,false)
(40,4,false)
(41,4,false)
(46,4,false)
(51,4,false)
(52,4,false)
(53,4,false)
(54,4,false)
(58,4,false)
(59,4,false)
(60,4,true)
(62,4,false)
(69,4,false)
(70,4,false)
(72,4,true)
(73,4,false)
(74,4,false)
(77,4,true)
(78,4,false)
(79,4,false)
(81,4,false)
(83,4,false)
(84,4,false)
(86,4,false)
(88,4,false)
(90,4,false)
(92,4,false)
(94,4,false)
(96,4,false)
(97,4,false)
(98,4,false)
(99,4,false)
(103,4,false)
(109,4,false)
(111,4,false)
(112,4,false)
(115,4,false)
(116,4,false)
(117,4,false)
(120,4,true)
(125,4,true)
(126,4,true)
(127,4,false)
(128,4,true)
(129,4,true)
(130,4,true)
(131,4,true)
(132,4,true)
(133,4,true)
(135,4,true)
(140,4,true)
(142,4,true)
(143,4,true)
(144,4,true)
(146,4,true)
(147,4,true)
(149,4,true)
(151,4,true)
(160,4,true)
(164,4,true)
(166,4,true)
(169,4,true)
(171,4,true)
(172,4,true)
(174,4,true)
(179,4,true)
(180,4,true)
(184,4,true)
(186,4,true)
(188,4,true)
(190,4,true)
(191,4,true)
(195,4,true)
(197,4,true)
(198,4,true)
(199,4,true)
(2,5,false)
(5,5,false)
(8,5,false)
(10,5,false)
(12,5,false)
(13,5,false)
(15,5,false)
(17,5,false)
(19,5,false)
(20,5,false)
(21,5,false)
(25,5,false)
(27,5,true)
(28,5,false)
(29,5,false)
(31,5,false)
(32,5,false)
(33,5,false)
(35,5,false)
(38,5,false)
(40,5,false)
(42,5,false)
(46,5,false)
(47,5,false)
(51,5,false)
(54,5,false)
(56,5,false)
(60,5,false)
(62,5,false)
(63,5,false)
(68,5,false)
(69,5,false)
(72,5,false)
(77,5,false)
(80,5,false)
(81,5,false)
(82,5,false)
(87,5,false)
(89,5,false)
(90,5,false)
(91,5,false)
(93,5,false)
(94,5,false)
(95,5,false)
(96,5,false)
(98,5,false)
(99,5,false)
(100,5,false)
(108,5,false)
(109,5,false)
(111,5,false)
(112,5,false)
(116,5,false)
(122,5,true)
(124,5,true)
(127,5,true)
(129,5,true)
(130,5,true)
(131,5,false)
(135,5,true)
(136,5,true)
(137,5,true)
(139,5,true)
(141,5,true)
(144,5,true)
(146,5,false)
(150,5,true)
(154,5,true)
(155,5,true)
(157,5,true)
(160,5,true)
(161,5,true)
(167,5,true)
(168,5,true)
(169,5,true)
(173,5,true)
(174,5,true)
(179,5,true)
(182,5,true)
(184,5,true)
(186,5,true)
(187,5,true)
(193,5,true)
(194,5,true)
(195,5,true)
(197,5,true)
(199,5,true)
(0,6,false)
(4,6,false)
(8,6,false)
(18,6,false)
(19,6,false)
(20,6,false)
(22,6,false)
(25,6,false)
(26,6,false)
(27,6,false)
(28,6,false)
(29,6,false)
(31,6,false)
(32,6,false)
(36,6,false)
(38,6,false)
(40,6,false)
(41,6,true)
(43,6,false)
(45,6,false)
(48,6,false)
(50,6,false)
(54,6,false)
(56,6,false)
(57,6,false)
(58,6,false)
(59,6,false)
(61,6,false)
(62,6,false)
(66,6,false)
(67,6,false)
(73,6,false)
(74,6,false)
(76,6,true)
(78,6,false)
(81,6,false)
(82,6,false)
(83,6,false)
(84,6,false)
(85,6,false)
(87,6,false)
(88,6,false)
(89,6,false)
(92,6,false)
(94,6,false)
(95,6,false)
(99,6,true)
(104,6,false)
(105,6,false)
(109,6,false)
(113,6,false)
(117,6,false)
(118,6,false)
(119,6,false)
(120,6,true)
(121,6,true)
(122,6,true)
(125,6,true)
(127,6,true)
(128,6,false)
(129,6,true)
(130,6,true)
(131,6,true)
(132,6,true)
(138,6,true)
(140,6,true)
(141,6,true)
(143,6,true)
(145,6,true)
(146,6,true)
(148,6,true)
(149,6,true)
(150,6,true)
(151,6,true)
(152,6,true)
(157,6,true)
(158,6,true)
(159,6,true)
(161,6,true)
(162,6,true)
(164,6,true)
(168,6,true)
(169,6,true)
(171,6,true)
(172,6,true)
(173,6,true)
(177,6,true)
(178,6,true)
(180,6,true)
(181,6,true)
(182,6,true)
(185,6,true)
(187,6,true)
(189,6,true)
(191,6,true)
(193,6,true)
(195,6,true)
(198,6,true)
(1,7,false)
(3,7,false)
(4,7,false)
(7,7,false)
(11,7,true)
(12,7,false)
(13,7,false)
(14,7,false)
(15,7,false)
(20,7,false)
(21,7,false)
(23,7,true)
(29,7,true)
(30,7,false)
(31,7,false)
(32,7,false)
(34,7,false)
(36,7,false)
(38,7,false)
(41,7,false)
(45,7,false)
(53,7,false)
(56,7,false)
(57,7,true)
(61,7,false)
(63,7,false)
(64,7,false)
(68,7,false)
(70,7,false)
(71,7,false)
(74,7,false)
(80,7,false)
(81,7,false)
(85,7,false)
(88,7,false)
(89,7,false)
(91,7,false)
(93,7,false)
(94,7,false)
(95,7,false)
(96,7,false)
(99,7,false)
(103,7,false)
(105,7,false)
(107,7,false)
(110,7,false)
(112,7,false)
(114,7,false)
(116,7,false)
(117,7,false)
(119,7,false)
(121,7,true)
(122,7,true)
(125,7,true)
(126,7,true)
(129,7,true)
(130,7,true)
(133,7,true)
(134,7,true)
(135,7,true)
(136,7,true)
(139,7,true)
(140,7,true)
(142,7,true)
(148,7,true)
(150,7,true)
(159,7,true)
(161,7,true)
(162,7,true)
(169,7,true)
(170,7,true)
(171,7,false)
(172,7,false)
(174,7,true)
(175,7,true)
(177,7,true)
(179,7,true)
(181,7,true)
(182,7,true)
(189,7,true)
(191,7,true)
(193,7,true)
(196,7,false)
(198,7,true)
(2,8,false)
(6,8,false)
(7,8,false)
(8,8,false)
(17,8,false)
(20,8,false)
(21,8,false)
(26,8,false)
(27,8,false)
(29,8,false)
(33,8,false)
(34,8,false)
(47,8,false)
(49,8,false)
(50,8,false)
(52,8,false)
(59,8,false)
(60,8,false)
(62,8,false)
(65,8,false)
(66,8,false)
(69,8,false)
(74,8,false)
(76,8,false)
(78,8,false)
(80,8,false)
(87,8,false)
(91,8,false)
(93,8,false)
(95,8,false)
(97,8,false)
(100,8,false)
(104,8,false)
(109,8,false)
(110,8,false)
(111,8,false)
(117,8,false)
(118,8,false)
(122,8,true)
(124,8,true)
(125,8,true)
(130,8,true)
(132,8,false)
(134,8,true)
(137,8,true)
(142,8,true)
(143,8,true)
(149,8,true)
(151,8,true)
(152,8,true)
(153,8,true)
(155,8,true)
(156,8,true)
(157,8,true)
(158,8,true)
(160,8,true)
(162,8,true)
(167,8,true)
(169,8,true)
(170,8,true)
(174,8,true)
(176,8,true)
(177,8,true)
(179,8,true)
(181,8,true)
(189,8,true)
(190,8,true)
(192,8,true)
(195,8,true)
(197,8,true)
(198,8,true)
(2,9,false)
(3,9,false)
(4,9,true)
(5,9,false)
(6,9,false)
(7,9,false)
(10,9,false)
(16,9,false)
(25,9,false)
(26,9,false)
(28,9,false)
(30,9,false)
(31,9,false)
(38,9,false)
(39,9,false)
(45,9,false)
(47,9,true)
(50,9,false)
(51,9,false)
(52,9,false)
(55,9,false)
(56,9,false)
(63,9,false)
(65,9,false)
(68,9,false)
(71,9,false)
(72,9,false)
(75,9,false)
(77,9,false)
(80,9,true)
(81,9,false)
(84,9,false)
(85,9,true)
(88,9,false)
(89,9,false)
(93,9,false)
(99,9,false)
(100,9,false)
(103,9,false)
(105,9,false)
(107,9,false)
(108,9,false)
(109,9,false)
(110,9,false)
(115,9,false)
(116,9,false)
(117,9,true)
(119,9,false)
(120,9,true)
(123,9,true)
(124,9,true)
(126,9,true)
(128,9,true)
(129,9,true)
(132,9,true)
(134,9,true)
(140,9,true)
(142,9,true)
(144,9,true)
(146,9,true)
(147,9,true)
(148,9,true)
(150,9,true)
(151,9,true)
(157,9,true)
(162,9,true)
(167,9,true)
(169,9,true)
(170,9,false)
(173,9,true)
(177,9,true)
(178,9,true)
(180,9,true)
(182,9,true)
(188,9,false)
(191,9,true)
(193,9,true)
(194,9,false)
(2,10,false)
(6,10,false)
(10,10,false)
(13,10,false)
(17,10,false)
(19,10,false)
(29,10,false)
(30,10,false)
(31,10,false)
(33,10,false)
(34,10,false)
(36,10,false)
(37,10,false)
(39,10,false)
(42,10,false)
(44,10,false)
(50,10,false)
(57,10,false)
(58,10,false)
(59,10,false)
(60,10,false)
(63,10,true)
(64,10,false)
(66,10,false)
(67,10,false)
(68,10,false)
(69,10,false)
(71,10,false)
(75,10,false)
(83,10,false)
(85,10,false)
(87,10,false)
(96,10,false)
(99,10,false)
(100,10,false)
(102,10,false)
(103,10,false)
(104,10,false)
(106,10,false)
(107,10,false)
(110,10,false)
(113,10,false)
(115,10,false)
(116,10,false)
(118,10,false)
(125,10,true)
(128,10,false)
(130,10,true)
(134,10,true)
(137,10,true)
(138,10,true)
(141,10,true)
(142,10,true)
(143,10,true)
(147,10,true)
(151,10,true)
(156,10,true)
(157,10,true)
(159,10,true)
(162,10,false)
(164,10,false)
(174,10,true)
(175,10,true)
(176,10,true)
(179,10,true)
(181,10,true)
(182,10,true)
(183,10,true)
(186,10,true)
(190,10,true)
(193,10,true)
(196,10,true)
(198,10,true)
(1,11,false)
(3,11,false)
(4,11,false)
(5,11,false)
(12,11,true)
(14,11,false)
(17,11,false)
(21,11,false)
(22,11,false)
(26,11,false)
(29,11,false)
(30,11,false)
(32,11,true)
(36,11,false)
(39,11,false)
(40,11,false)
(41,11,false)
(44,11,false)
(45,11,false)
(46,11,false)
(47,11,false)
(48,11,false)
(49,11,false)
(52,11,true)
(53,11,false)
(61,11,false)
(62,11,false)
(68,11,false)
(69,11,false)
(76,11,false)
(78,11,false)
(91,11,false)
(93,11,false)
(94,11,false)
(95,11,false)
(103,11,false)
(104,11,false)
(108,11,false)
(109,11,false)
(111,11,false)
(116,11,false)
(119,11,false)
(122,11,true)
(123,11,true)
(129,11,true)
(131,11,true)
(133,11,true)
(141,11,false)
(142,11,true)
(143,11,true)
(145,11,false)
(151,11,true)
(155,11,true)
(157,11,true)
(161,11,true)
(164,11,true)
(168,11,true)
(172,11,true)
(178,11,true)
(180,11,true)
(186,11,true)
(188,11,true)
(192,11,true)
(194,11,true)
(195,11,true)
(196,11,true)
(1,12,false)
(2,12,false)
(3,12,false)
(6,12,false)
(7,12,false)
(11,12,true)
(16,12,false)
(18,12,false)
(23,12,false)
(27,12,false)
(29,12,false)
(33,12,false)
(35,12,true)
(36,12,false)
(40,12,false)
(43,12,false)
(44,12,false)
(45,12,false)
(47,12,false)
(53,12,false)
(54,12,false)
(55,12,false)
(56,12,true)
(58,12,false)
(60,12,false)
(61,12,false)
(68,12,false)
(69,12,false)
(76,12,false)
(82,12,false)
(83,12,false)
(84,12,false)
(85,12,false)
(91,12,false)
(93,12,false)
(94,12,false)
(101,12,false)
(103,12,false)
(106,12,false)
(109,12,false)
(111,12,false)
(115,12,true)
(116,12,false)
(117,12,false)
(118,12,false)
(120,12,true)
(123,12,true)
(126,12,true)
(128,12,false)
(130,12,true)
(131,12,true)
(133,12,true)
(136,12,true)
(140,12,true)
(143,12,false)
(146,12,true)
(147,12,true)
(148,12,true)
(149,12,true)
(153,12,true)
(154,12,true)
(155,12,true)
(161,12,true)
(165,12,true)
(166,12,true)
(167,12,true)
(169,12,true)
(170,12,true)
(172,12,true)
(174,12,true)
(181,12,true)
(183,12,true)
(184,12,true)
(187,12,true)
(190,12,true)
(198,12,true)
(3,13,false)
(4,13,false)
(5,13,false)
(6,13,false)
(7,13,false)
(8,13,false)
(10,13,false)
(11,13,false)
(12,13,true)
(24,13,false)
(30,13,false)
(34,13,false)
(36,13,false)
(37,13,false)
(43,13,false)
(44,13,false)
(47,13,false)
(53,13,false)
(56,13,false)
(62,13,false)
(65,13,false)
(69,13,false)
(72,13,false)
(75,13,false)
(79,13,false)
(85,13,false)
(87,13,false)
(94,13,false)
(100,13,false)
(103,13,false)
(105,13,false)
(106,13,false)
(108,13,false)
(110,13,false)
(116,13,false)
(117,13,false)
(120,13,true)
(123,13,true)
(125,13,true)
(128,13,true)
(130,13,true)
(131,13,true)
(132,13,true)
(133,13,true)
(135,13,true)
(140,13,true)
(141,13,true)
(143,13,true)
(144,13,true)
(145,13,true)
(148,13,true)
(150,13,true)
(153,13,true)
(157,13,true)
(158,13,true)
(159,13,true)
(160,13,true)
(161,13,true)
(162,13,true)
(163,13,true)
(174,13,true)
(182,13,true)
(184,13,true)
(187,13,true)
(188,13,true)
(6,14,false)
(7,14,false)
(9,14,false)
(13,14,false)
(18,14,false)
(21,14,false)
(23,14,false)
(24,14,false)
(29,14,false)
(30,14,false)
(38,14,false)
(44,14,false)
(52,14,false)
(56,14,false)
(67,14,false)
(70,14,false)
(76,14,false)
(79,14,false)
(83,14,true)
(87,14,false)
(88,14,false)
(90,14,false)
(94,14,false)
(101,14,false)
(108,14,false)
(113,14,false)
(115,14,false)
(117,14,false)
(120,14,true)
(123,14,true)
(124,14,true)
(125,14,true)
(128,14,true)
(131,14,true)
(135,14,true)
(137,14,true)
(138,14,true)
(140,14,true)
(155,14,false)
(156,14,true)
(157,14,true)
(158,14,true)
(160,14,true)
(166,14,true)
(167,14,true)
(170,14,true)
(172,14,true)
(173,14,true)
(175,14,true)
(176,14,true)
(179,14,true)
(181,14,true)
(188,14,false)
(0,15,false)
(1,15,false)
(2,15,false)
(5,15,false)
(9,15,false)
(10,15,false)
(11,15,false)
(14,15,false)
(16,15,false)
(17,15,false)
(18,15,false)
(20,15,false)
(21,15,false)
(36,15,false)
(39,15,true)
(45,15,false)
(46,15,false)
(51,15,false)
(57,15,false)
(58,15,false)
(60,15,false)
(61,15,false)
(62,15,false)
(65,15,false)
(69,15,false)
(73,15,false)
(74,15,false)
(76,15,false)
(79,15,false)
(81,15,false)
(95,15,false)
(96,15,false)
(98,15,false)
(102,15,false)
(106,15,false)
(107,15,false)
(108,15,false)
(109,15,false)
(110,15,false)
(119,15,false)
(124,15,true)
(126,15,true)
(141,15,true)
(143,15,true)
(145,15,true)
(147,15,true)
(148,15,true)
(150,15,true)
(153,15,true)
(158,15,false)
(159,15,true)
(160,15,false)
(161,15,true)
(169,15,true)
(174,15,true)
(176,15,true)
(191,15,true)
(192,15,true)
(196,15,true)
(197,15,true)
(198,15,true)
(0,16,false)
(1,16,false)
(3,16,false)
(4,16,false)
(7,16,false)
(11,16,false)
(12,16,false)
(18,16,false)
(19,16,false)
(30,16,false)
(34,16,false)
(38,16,false)
(39,16,true)
(40,16,false)
(46,16,false)
(51,16,false)
(52,16,false)
(54,16,false)
(56,16,false)
(57,16,false)
(60,16,false)
(62,16,false)
(65,16,false)
(67,16,false)
(68,16,false)
(69,16,true)
(71,16,false)
(72,16,false)
(77,16,false)
(78,16,false)
(81,16,false)
(84,16,false)
(86,16,false)
(88,16,false)
(89,16,false)
(105,16,false)
(106,16,false)
(107,16,false)
(112,16,false)
(116,16,false)
(117,16,false)
(119,16,false)
(122,16,true)
(123,16,true)
(129,16,true)
(131,16,true)
(132,16,true)
(133,16,true)
(137,16,true)
(138,16,true)
(139,16,true)
(140,16,true)
(142,16,true)
(147,16,true)
(148,16,true)
(154,16,true)
(158,16,true)
(159,16,true)
(161,16,false)
(165,16,true)
(166,16,true)
(172,16,true)
(176,16,false)
(178,16,true)
(182,16,true)
(183,16,true)
(184,16,true)
(185,16,true)
(187,16,true)
(194,16,true)
(197,16,true)
(1,17,false)
(3,17,false)
(8,17,false)
(9,17,false)
(10,17,true)
(16,17,false)
(21,17,true)
(24,17,false)
(26,17,false)
(34,17,false)
(35,17,false)
(40,17,false)
(45,17,false)
(49,17,false)
(54,17,false)
(55,17,false)
(59,17,false)
(66,17,false)
(67,17,false)
(71,17,false)
(75,17,false)
(79,17,false)
(80,17,false)
(82,17,false)
(86,17,false)
(87,17,false)
(91,17,false)
(95,17,false)
(100,17,false)
(102,17,false)
(104,17,false)
(106,17,false)
(118,17,false)
(119,17,false)
(120,17,true)
(121,17,true)
(125,17,true)
(130,17,true)
(135,17,true)
(137,17,true)
(142,17,true)
(147,17,true)
(151,17,true)
(153,17,true)
(157,17,true)
(160,17,true)
(164,17,false)
(170,17,true)
(172,17,true)
(178,17,true)
(180,17,true)
(181,17,true)
(182,17,true)
(183,17,true)
(185,17,true)
(189,17,true)
(191,17,true)
(195,17,true)
(197,17,true)
(199,17,true)
(8,18,false)
(10,18,false)
(11,18,false)
(12,18,false)
(15,18,false)
(18,18,false)
(26,18,false)
(27,18,true)
(28,18,false)
(35,18,false)
(43,18,false)
(44,18,false)
(46,18,false)
(47,18,false)
(53,18,false)
(61,18,true)
(62,18,false)
(64,18,false)
(66,18,false)
(67,18,false)
(68,18,false)
(69,18,false)
(70,18,false)
(72,18,false)
(74,18,false)
(76,18,false)
(77,18,false)
(78,18,false)
(82,18,false)
(86,18,false)
(88,18,false)
(93,18,false)
(96,18,false)
(98,18,false)
(102,18,false)
(111,18,false)
(115,18,false)
(121,18,true)
(122,18,false)
(126,18,true)
(130,18,false)
(131,18,true)
(133,18,false)
(137,18,true)
(138,18,true)
(142,18,true)
(144,18,true)
(150,18,true)
(154,18,true)
(157,18,false)
(163,18,true)
(167,18,true)
(168,18,true)
(170,18,true)
(176,18,true)
(178,18,true)
(180,18,true)
(184,18,true)
(188,18,true)
(190,18,true)
(192,18,true)
(194,18,true)
(195,18,true)
(197,18,true)
(199,18,true)
(4,19,false)
(5,19,false)
(7,19,false)
(9,19,false)
(15,19,false)
(18,19,false)
(26,19,false)
(27,19,false)
(28,19,false)
(36,19,false)
(41,19,false)
(42,19,false)
(44,19,false)
(46,19,false)
(48,19,false)
(49,19,false)
(60,19,false)
(61,19,false)
(63,19,false)
(64,19,false)
(65,19,false)
(68,19,false)
(71,19,false)
(75,19,false)
(81,19,false)
(83,19,false)
(84,19,false)
(85,19,false)
(87,19,false)
(88,19,false)
(89,19,false)
(90,19,false)
(99,19,false)
(100,19,false)
(102,19,false)
(107,19,false)
(113,19,false)
(116,19,false)
(117,19,false)
(123,19,true)
(129,19,true)
(131,19,true)
(132,19,true)
(133,19,true)
(139,19,true)
(140,19,true)
(144,19,true)
(147,19,true)
(153,19,false)
(154,19,true)
(159,19,true)
(163,19,true)
(169,19,true)
(170,19,true)
(174,19,true)
(178,19,true)
(179,19,true)
(180,19,true)
(181,19,true)
(184,19,true)
(187,19,true)
(188,19,true)
(190,19,true)
(196,19,true)
(4,20,false)
(10,20,false)
(17,20,false)
(18,20,false)
(19,20,false)
(22,20,false)
(24,20,true)
(25,20,false)
(30,20,false)
(32,20,false)
(33,20,false)
(34,20,false)
(39,20,false)
(41,20,false)
(42,20,false)
(43,20,false)
(45,20,false)
(55,20,false)
(56,20,false)
(57,20,true)
(58,20,false)
(59,20,false)
(61,20,false)
(66,20,false)
(67,20,false)
(69,20,false)
(70,20,false)
(72,20,false)
(79,20,false)
(81,20,false)
(85,20,false)
(90,20,false)
(95,20,false)
(101,20,false)
(103,20,false)
(104,20,false)
(109,20,false)
(110,20,false)
(114,20,false)
(120,20,true)
(122,20,true)
(123,20,true)
(125,20,true)
(126,20,true)
(130,20,true)
(135,20,true)
(140,20,true)
(152,20,true)
(156,20,true)
(163,20,true)
(164,20,true)
(168,20,true)
(171,20,true)
(172,20,true)
(192,20,true)
(197,20,true)
(6,21,false)
(7,21,false)
(8,21,false)
(16,21,false)
(23,21,false)
(25,21,false)
(26,21,false)
(35,21,false)
(39,21,false)
(44,21,false)
(49,21,false)
(50,21,false)
(53,21,false)
(57,21,false)
(59,21,false)
(65,21,false)
(68,21,true)
(70,21,false)
(73,21,false)
(74,21,false)
(82,21,false)
(83,21,false)
(95,21,false)
(105,21,false)
(107,21,false)
(108,21,true)
(111,21,false)
(112,21,false)
(114,21,false)
(118,21,false)
(123,21,true)
(131,21,true)
(152,21,true)
(153,21,true)
(155,21,true)
(161,21,true)
(171,21,true)
(176,21,true)
(180,21,true)
(181,21,true)
(186,21,true)
(189,21,true)
(193,21,false)
(199,21,true)
(1,22,false)
(4,22,false)
(11,22,false)
(13,22,false)
(15,22,false)
(19,22,false)
(26,22,false)
(39,22,false)
(42,22,false)
(55,22,false)
(60,22,false)
(63,22,false)
(66,22,false)
(68,22,false)
(73,22,false)
(84,22,false)
(93,22,false)
(94,22,false)
(100,22,false)
(114,22,false)
(129,22,true)
(130,22,true)
(132,22,true)
(133,22,true)
(134,22,true)
(142,22,true)
(143,22,true)
(147,22,true)
(148,22,true)
(151,22,true)
(153,22,true)
(159,22,true)
(163,22,true)
(164,22,true)
(167,22,true)
(172,22,true)
(183,22,true)
(187,22,true)
(196,22,false)
(0,23,false)
(2,23,false)
(5,23,false)
(6,23,false)
(8,23,false)
(11,23,false)
(15,23,true)
(19,23,false)
(20,23,false)
(25,23,false)
(26,23,false)
(27,23,false)
(34,23,false)
(44,23,false)
(50,23,false)
(53,23,false)
(55,23,false)
(58,23,false)
(70,23,false)
(72,23,false)
(77,23,false)
(80,23,false)
(84,23,true)
(86,23,false)
(94,23,false)
(98,23,false)
(102,23,false)
(106,23,false)
(111,23,true)
(112,23,false)
(113,23,true)
(116,23,false)
(119,23,true)
(124,23,true)
(125,23,true)
(126,23,true)
(130,23,true)
(131,23,true)
(138,23,true)
(143,23,true)
(145,23,true)
(148,23,true)
(152,23,true)
(156,23,false)
(172,23,true)
(174,23,true)
(175,23,true)
(180,23,true)
(187,23,true)
(188,23,true)
(190,23,true)
(191,23,true)
(193,23,true)
(195,23,true)
(2,24,false)
(8,24,false)
(10,24,false)
(11,24,false)
(13,24,false)
(16,24,false)
(18,24,false)
(23,24,false)
(26,24,false)
(29,24,false)
(31,24,false)
(38,24,true)
(39,24,false)
(40,24,false)
(46,24,false)
(51,24,false)
(52,24,false)
(53,24,false)
(61,24,false)
(68,24,false)
(71,24,false)
(73,24,false)
(75,24,false)
(76,24,false)
(80,24,false)
(91,24,false)
(94,24,false)
(96,24,false)
(99,24,false)
(100,24,false)
(105,24,false)
(106,24,false)
(109,24,false)
(110,24,false)
(112,24,false)
(114,24,false)
(120,24,true)
(122,24,true)
(125,24,true)
(134,24,true)
(140,24,true)
(156,24,true)
(159,24,true)
(161,24,true)
(165,24,true)
(168,24,true)
(170,24,true)
(174,24,true)
(180,24,true)
(182,24,true)
(184,24,true)
(188,24,false)
(194,24,true)
(195,24,true)
(2,25,false)
(8,25,false)
(9,25,false)
(11,25,false)
(14,25,false)
(16,25,false)
(22,25,false)
(27,25,false)
(34,25,false)
(41,25,false)
(47,25,false)
(49,25,false)
(51,25,false)
(59,25,false)
(61,25,false)
(62,25,false)
(63,25,false)
(67,25,false)
(70,25,true)
(73,25,false)
(75,25,false)
(82,25,true)
(84,25,false)
(86,25,false)
(89,25,false)
(91,25,false)
(96,25,false)
(101,25,false)
(105,25,false)
(116,25,true)
(119,25,false)
(123,25,true)
(136,25,true)
(141,25,true)
(152,25,true)
(157,25,true)
(158,25,true)
(159,25,true)
(163,25,true)
(164,25,true)
(169,25,true)
(170,25,true)
(173,25,true)
(174,25,true)
(177,25,true)
(178,25,true)
(182,25,true)
(185,25,true)
(189,25,true)
(190,25,true)
(192,25,true)
(194,25,true)
(198,25,true)
(199,25,true)
(1,26,false)
(5,26,false)
(7,26,false)
(10,26,false)
(18,26,false)
(27,26,false)
(28,26,false)
(29,26,false)
(32,26,false)
(41,26,true)
(42,26,false)
(43,26,false)
(45,26,false)
(48,26,false)
(55,26,false)
(56,26,false)
(59,26,false)
(60,26,false)
(66,26,true)
(68,26,false)
(69,26,false)
(71,26,false)
(75,26,false)
(80,26,false)
(83,26,false)
(84,26,false)
(86,26,false)
(89,26,false)
(90,26,false)
(91,26,false)
(93,26,false)
(101,26,false)
(105,26,false)
(108,26,false)
(111,26,false)
(113,26,false)
(116,26,false)
(126,26,true)
(127,26,false)
(130,26,true)
(133,26,true)
(141,26,true)
(147,26,true)
(149,26,true)
(157,26,true)
(160,26,true)
(163,26,true)
(168,26,true)
(175,26,true)
(180,26,true)
(187,26,true)
(188,26,false)
(194,26,true)

(69,22)
(124,10)
(37,15)
(165,18)
(73,5)
(110,22)
(70,24)
(117,26)
(167,15)
(133,20)
(44,0)
(10,23)
(162,4)
(58,1)
(24,24)
(104,5)
(123,23)
(134,18)
(55,8)
(167,17)
(7,17)
(14,8)
(125,21)
(67,4)
(157,7)
(198,13)
(109,10)
(193,18)
(137,2)
(139,26)
(141,18)
(28,10)
(130,16)
(121,21)
(124,4)
(43,24)
(129,3)
(127,11)
(99,2)
(83,1)
(87,26)
(158,20)
(79,8)
(54,13)
(77,7)
(55,5)
(191,5)
(165,8)
(177,22)
(106,8)
(196,0)
(70,8)
(174,21)
(164,26)
(136,24)
(154,25)
(163,6)
(95,12)
(49,15)
(73,7)
(93,21)
(139,8)
(24,26)
(57,22)
(96,13)
(77,21)
(137,9)
(165,0)
(130,9)
(34,19)
(19,18)
(56,19)
(3,6)
(173,3)
(34,3)
(46,7)
(11,6)
(175,4)
(4,0)
(120,0)
(85,24)
(119,4)
(35,19)
(9,13)
(56,17)
(191,13)
(76,7)
(14,17)
(186,19)
(46,6)
(162,25)
(59,2)
(87,3)
(56,10)
(66,19)
(193,8)
(117,5)
(181,13)
(80,3)
(36,8)
(11,8)
(181,11)
(28,3)
(190,17)
(172,26)
(132,5)
(63,3)
(26,20)
(144,8)
(177,10)
(188,2)
(138,7)
(8,7)
(120,25)
(79,1)
(112,11)
(158,10)
(99,22)
(190,5)
(93,24)
(101,17)
(87,1)
(66,13)
(3,10)
(54,9)
(118,18)
(110,5)
(87,21)
(37,20)
(102,7)
(102,26)
(50,11)
(47,10)
(16,19)
(41,8)
(125,22)
(70,5)
(151,24)
(78,26)
(154,22)
(167,10)
(79,11)
(62,19)
(89,4)
(166,7)
(106,7)
(181,24)
(156,7)
(121,23)
(105,19)
(64,9)
(184,21)
(98,8)
(52,21)
(136,2)
(44,2)
(181,5)
(91,0)
(119,8)
(138,21)
(139,23)
(10,25)
(151,25)
(175,3)
(143,19)
(196,1)
(90,8)
(196,25)
(183,15)
(98,9)
(64,13)
(148,19)
(102,20)
(91,20)
(99,0)
(65,7)
(146,25)
(56,15)
(65,20)
(73,8)
(29,19)
(118,20)
(48,7)
(21,26)
(142,1)
(114,8)
(99,26)
(9,5)
(123,8)
(51,17)
(10,8)
(145,21)
(92,5)
(59,23)
(43,15)
(106,4)
(65,5)
(99,15)
(171,12)
(128,7)
(41,2)
(141,17)
(184,8)
(115,5)
(102,25)
(35,16)
(188,8)
(6,0)
(170,20)
(199,13)
(52,13)
(10,14)
(129,21)
(194,21)
(96,12)
(85,15)
(28,16)
(108,18)
(3,1)
(171,3)
(123,10)
(141,9)
(76,1)
(154,10)
(137,1)
(184,6)
(58,22)
(22,17)
(57,8)
(163,17)
(72,17)
(34,22)
(176,2)
(17,19)
(2,13)
(37,23)
(138,22)
(81,17)
(107,11)
(176,4)
(178,3)
(135,11)
(49,24)
(78,5)
(140,2)
(93,17)
(65,24)
(70,19)
(178,13)
(159,21)
(169,14)
(4,3)
(66,5)
(64,23)
(15,26)
(148,14)
(190,6)
(198,17)
(52,5)
(133,14)
(102,6)
(16,8)
(27,7)
(170,22)
(82,19)
(109,7)
(187,15)
(21,12)
(156,19)
(66,1)
(67,8)
(13,18)
(120,22)
(49,10)
(22,7)
(131,26)
(90,23)
(194,22)
(113,13)
(63,16)
(33,25)
(94,16)
(48,23)
(186,22)
(194,2)
(131,22)
(88,22)
(100,1)
(199,7)
(170,2)
(116,15)
(74,9)
(41,17)
(33,4)
(182,12)
(164,19)
(149,16)
(146,13)
(1,1)
(134,11)
(180,12)
(19,13)
(190,11)
(32,8)
(94,8)
(172,0)
(136,20)
(181,16)
(103,19)
(5,0)
(168,19)
(43,19)
(189,4)
(7,24)
(98,22)
(173,21)
(94,20)
(156,3)
(72,26)
(52,26)
(51,10)
(99,13)
(78,21)
(41,5)
(36,20)
(34,11)
(8,19)
(53,15)
(76,16)
(74,11)
(171,25)
(152,16)
(143,24)
(73,23)
(18,17)
(86,20)
(28,7)
(185,11)
(71,13)
(148,24)
(57,5)
(44,22)
(126,6)
(195,7)
(137,11)
(151,15)
(44,4)
(188,1)
(57,13)
(33,1)
(37,11)
(103,18)
(128,24)
(108,1)
(187,17)
(145,8)
(95,13)
(32,1)
(94,3)
(81,12)
(138,25)
(18,9)
(160,20)
(151,14)
(97,14)
(133,9)
(50,24)
(29,15)
(126,19)
(64,11)
(68,15)
(12,2)
(10,1)
(81,8)
(24,12)
(145,9)
(13,9)
(24,10)
(29,9)
(148,5)
(197,0)
(133,21)
(157,19)
(132,10)
(55,2)
(118,2)
(164,13)
(148,10)
(122,25)
(135,22)
(21,10)
(39,14)
(124,1)
(148,3)
(52,20)
(183,6)
(119,0)
(173,20)
(150,21)
(30,21)
(91,1)
(40,19)
(63,8)
(13,26)
(152,4)
(165,6)
(104,7)
(39,2)
(123,4)
(143,2)
(167,2)
(41,24)
(146,7)
(27,10)
(41,14)
(196,17)
(89,15)
(69,2)
(98,14)
(196,26)
(178,7)
(134,15)
(86,5)
(127,3)
(169,11)
(33,16)
(166,10)
(118,5)
(110,11)
(192,14)
(61,5)
(165,5)
(159,12)
(142,19)
(102,8)
(190,2)
(47,22)
(39,19)
(105,10)
(43,9)
(56,2)
(171,11)
(60,21)
(83,24)
(29,2)
(65,22)
(46,9)
(132,1)
(15,6)
(77,2)
(61,4)
(56,4)
(113,24)
(161,1)
(64,6)
(164,9)
(180,8)
(53,6)
(144,21)
(50,7)
(94,15)
(34,15)
(24,5)
(119,10)
(84,17)
(5,12)
(182,22)
(34,24)
(166,8)
(64,15)
(98,10)
(78,23)
(44,24)
(195,0)
(172,19)
(185,8)
(42,16)
(62,9)
(24,7)
(170,6)
(48,17)
(60,14)
(38,22)
(121,13)
(143,17)
(109,22)
(161,4)
(127,12)
(10,16)
(14,13)
(81,24)
(74,16)
(27,13)
(111,19)
(96,2)
(31,3)
(151,13)
(155,26)
(118,4)
(188,22)
(19,17)
(148,8)
(186,1)
(87,18)
(87,25)
(115,15)
(23,20)
(102,11)
(134,3)
(114,9)
(164,16)
(126,24)
(174,6)
(186,15)
(72,22)
(134,20)
(22,5)
(144,24)
(181,23)
(1,10)
(62,7)
(191,18)
(44,20)
(187,8)
(169,1)
(119,18)
(44,26)
(153,2)
(99,18)
(53,16)
(50,1)
(94,10)
(193,22)
(91,6)
(197,7)
(104,13)
(145,16)
(106,5)
(11,26)
(199,24)
(9,23)
(24,11)
(56,25)
(33,19)
(71,18)
(75,2)
(147,3)
(109,16)
(18,5)
(114,10)
(72,10)
(150,26)
(157,1)
(154,21)
(89,21)
(40,1)
(55,24)
(170,15)
(13,11)
(4,15)
(39,5)
(36,5)
(190,3)
(7,23)
(63,15)
(182,15)
(185,19)
(131,17)
(142,12)
(182,20)
(50,2)
(118,1)
(66,12)
(148,11)
(73,10)
(101,21)
(33,6)
(183,7)
(145,20)
(146,26)
(130,24)
(140,21)
(135,19)
(42,2)
(65,3)
(109,14)
(57,19)
(27,16)
(197,14)
(39,7)
(84,10)
(52,3)
(31,0)
(137,22)
(166,22)
(38,17)
(94,26)
(116,2)
(9,3)
(118,14)
(121,1)
(99,20)
(164,21)
(45,0)
(143,14)
(153,25)
(61,2)
(67,11)
(6,24)
(146,20)
(150,24)
(180,1)
(4,18)
(83,22)
(169,16)
(170,5)
(128,17)
(10,21)
(13,19)
(118,9)
(149,25)
(136,11)
(191,11)
(5,25)
(5,20)
(38,8)
(81,23)
(22,22)
(94,0)
(144,23)
(2,17)
(197,23)
(144,16)
(145,4)
(187,20)
(143,21)
(3,19)
(101,7)
(90,10)
(129,13)
(189,9)
(47,0)
(92,23)
(176,13)
(169,3)
(116,24)
(90,11)
(152,11)
(147,11)
(96,6)
(24,15)
(111,7)
(35,10)
(56,18)
(110,23)
(181,26)
(114,17)
(133,10)
(0,13)
(13,23)
(28,14)
(171,15)
(154,13)
(27,17)
(154,11)
(101,4)
(166,9)
(121,11)
(196,16)
(2,6)
(34,21)
(85,17)
(193,12)
(18,21)
(19,8)
(159,3)
(35,6)
(194,1)
(182,11)
(162,12)
(172,9)
(98,20)
(101,5)
(71,11)
(42,18)
(38,2)
(105,4)
(11,9)
(46,26)
(1,6)
(69,24)
(100,23)
(49,13)
(37,14)
(77,12)
(186,26)
(30,19)
(44,15)
(4,14)
(115,13)
(171,26)
(106,25)
(38,15)
(69,0)
(195,16)
(61,16)
(96,8)
(190,21)
(77,22)
(57,17)
(108,25)
(188,16)
(122,26)
(79,5)
(159,26)
(62,2)
(135,25)
(115,25)
(128,19)
(144,22)
(8,12)
(133,6)
(168,4)
(138,1)
(119,12)
(108,23)
(62,14)
(159,2)
(76,13)
(188,10)
(39,26)
(16,6)
(134,1)
(75,6)
(104,16)
(64,4)
(118,11)
(93,23)
(53,5)
(8,14)
(192,16)
(169,13)
(196,5)
(39,13)
(163,5)
(11,5)
(77,15)
(6,16)
(33,13)
(195,9)
(185,3)
(139,15)
(195,10)
(130,11)
(187,9)
(104,18)
(131,9)
(196,8)
(29,16)
(105,15)
(124,6)
(89,17)
(12,26)
(114,4)
(146,18)
(136,10)
(33,26)
(46,12)
(39,23)
(20,10)
(144,10)
(40,9)
(194,12)
(123,7)
(117,24)
(187,7)
(111,10)
(187,4)
(115,6)
(39,18)
(81,13)
(25,7)
(57,11)
(24,16)
(51,6)
(117,25)
(184,26)
(157,16)
(127,7)
(120,26)
(61,21)
(141,7)
(191,16)
(131,15)
(49,16)
(127,14)
(59,9)
(180,13)
(63,20)
(131,24)
(14,20)
(24,8)
(149,1)
(9,8)
(175,22)
(133,8)
(142,2)
(199,10)
(106,18)
(84,15)
(7,18)
(72,2)
(164,2)
(80,14)
(65,23)
(123,24)
(59,19)
(52,2)
(147,20)
(138,12)
(177,13)
(90,13)
(67,21)
(161,8)
(107,4)
(53,9)
(168,10)
(189,23)
(123,18)
(147,7)
(135,23)
(66,25)
(21,18)
(27,20)
(111,15)
(119,1)
(123,22)
(29,23)
(89,22)
(20,12)
(198,5)
(193,15)
(23,15)
(191,26)
(24,25)
(6,11)
(13,3)
(11,10)
(164,8)
(163,24)
(17,14)
(180,20)
(190,20)
(141,8)
(180,16)
(57,4)
(77,19)
(13,2)
(87,11)
(154,9)
(45,23)
(32,18)
(129,0)
(143,5)
(185,10)
(187,14)
(157,24)
(26,26)
(88,10)
(154,26)
(126,14)
(75,11)
(187,2)
(13,8)
(121,24)
(66,15)
(47,16)
(195,12)
(61,23)
(137,19)
(123,17)
(170,13)
(109,1)
(199,11)
(32,15)
(164,5)
(150,8)
(58,3)
(135,26)
(87,15)
(29,4)
(21,16)
(74,25)
(127,19)
(143,20)
(93,4)
(60,7)
(150,14)
(9,10)
(99,16)
(37,5)
(22,15)
(191,12)
(34,6)
(151,16)
(130,14)
(93,14)
(4,1)
(161,20)
(24,9)
(70,9)
(34,9)
(24,19)
(134,12)
(133,24)
(18,2)
(158,7)
(144,11)
(151,12)
(120,19)
(34,26)
(31,23)
(141,24)
(47,19)
(76,21)
(88,20)
(196,3)
(145,3)
(80,12)
(161,9)
(179,13)
(105,0)
(51,8)
(46,10)
(154,8)
(9,11)
(33,2)
(39,6)
(5,7)
(184,20)
(91,16)
(102,14)
(152,22)
(121,3)
(55,6)
(164,23)
(63,11)
(63,21)
(59,1)
(120,3)
(90,7)
(116,22)
(177,11)
(116,14)
(114,13)
(116,18)
(184,23)
(52,17)
(165,26)
(153,10)
(167,21)
(177,24)
(91,23)
(102,22)
(38,0)
(171,13)
(186,8)
(123,6)
(162,11)
(121,5)
(89,14)
(46,21)
(51,3)
(174,14)
(59,14)
(81,26)
(11,21)
(14,5)
(155,20)
(167,16)
(197,11)
(88,5)
(64,5)
(34,5)
(15,0)
(69,7)
(110,4)
(139,24)
(174,3)
(64,17)
(163,2)
(19,21)
(119,26)
(29,17)
(10,7)
(116,20)
(78,24)
(157,0)
(93,13)
(173,16)
(49,5)
(144,7)
(9,21)
(101,13)
(27,9)
(58,8)
(188,6)
(189,5)
(89,23)
(140,18)
(165,15)
(28,22)
(52,10)
(168,22)
(81,22)
(13,12)
(146,2)
(16,20)
(143,7)
(125,5)
(18,13)
(20,11)
(1,13)
(143,1)
(19,19)
(136,8)
(136,17)
(83,15)
(140,23)
(101,19)
(183,5)
(48,18)
(160,9)
(73,14)
(39,25)
(143,18)
(93,6)
(186,16)
(82,4)
(134,26)
(97,5)
(184,14)
(186,7)
(194,13)
(135,12)
(188,15)
(140,22)
(82,26)
(77,17)
(99,14)
(142,24)
(175,25)
(45,19)
(96,21)
(197,1)
(96,9)
(18,8)
(140,17)
(154,20)
(116,21)
(87,0)
(175,5)
(139,11)
(39,8)
(127,15)
(190,26)
(144,15)
(142,20)
(141,19)
(157,21)
(143,25)
(137,3)
(147,21)
(174,1)
(157,23)
(86,7)
(157,4)
(93,20)
(5,22)
(18,25)
(172,5)
(55,16)
(56,22)
(69,25)
(83,9)
(104,9)
(8,10)
(160,24)
(118,22)
(57,23)
(20,19)
(58,9)
(182,4)
(171,22)
(99,17)
(135,6)
(28,11)
(179,6)
(190,16)
(174,20)
(176,20)
(157,12)
(58,17)
(39,12)
(93,3)
(93,19)
(147,5)
(151,18)
(18,7)
(76,4)
(35,11)
(137,26)
(8,4)
(91,15)
(187,21)
(152,12)
(197,12)
(78,12)
(178,4)
(14,10)
(185,24)
(178,1)
(114,5)
(120,8)
(111,3)
(118,7)
(47,21)
(52,19)
(157,22)
(171,0)
(161,22)
(5,18)
(28,12)
(5,14)
(95,25)
(122,13)
(65,14)
(188,17)
(102,24)
(126,13)
(140,15)
(193,20)
(129,20)
(181,4)
(182,18)
(156,6)
(50,16)
(15,24)
(135,15)
(124,12)
(180,7)
(96,11)
(141,20)
(180,10)
(101,9)
(26,13)
(172,18)
(176,0)
(100,6)
(120,10)
(185,7)
(55,14)
(86,9)
(40,21)
(67,23)
(65,11)
(72,15)
(135,16)
(31,13)
(159,5)
(99,8)
(65,12)
(75,21)
(159,1)
(169,26)
(28,21)
(101,3)
(53,20)
(122,12)
(125,15)
(119,20)
(92,24)
(47,20)
(70,16)
(122,17)
(153,11)
(83,17)
(121,4)
(120,23)
(174,11)
(130,25)
(64,8)
(85,3)
(114,15)
(94,17)
(135,3)
(49,20)
(178,10)
(30,23)
(187,10)
(84,3)
(27,14)
(27,22)
(169,23)
(31,8)
(106,9)
(188,12)
(106,0)
(112,6)
(197,19)
(185,14)
(131,7)
(164,14)
(162,1)
(101,15)
(92,3)
(148,25)
(28,17)
(88,11)
(64,16)
(37,1)
(46,13)
(74,26)
(161,17)
(156,4)
(193,4)
(138,13)
(109,19)
(139,6)
(104,23)
(55,11)
(33,11)
(175,2)
(3,22)
(87,12)
(147,1)
(82,1)
(10,6)
(38,26)
(145,24)
(77,8)
(131,10)
(188,21)
(105,23)
(127,16)
(159,18)
(34,18)
(17,13)
(131,8)
(174,18)
(129,18)
(99,11)
(99,23)
(81,10)
(109,25)
(93,16)
(152,18)
(179,23)
(57,14)
(121,19)
(29,20)
(186,25)
(194,0)
(59,7)
(76,20)
(90,6)
(22,14)
(74,3)
(103,21)
(174,26)
(8,26)
(118,26)
(64,21)
(72,8)
(194,7)
(174,9)
(110,25)
(30,1)
(112,10)
(76,17)
(65,10)
(194,8)
(29,21)
(181,3)
(170,10)
(33,15)
(122,2)
(139,25)
(146,8)
(69,17)
(81,18)
(174,16)
(31,2)
(120,5)
(17,9)
(66,11)
(69,23)
(5,8)
(97,1)
(91,13)
(24,22)
(179,17)
(171,9)
(59,3)
(156,5)
(106,21)
(86,21)
(35,7)
(197,24)
(84,7)
(118,23)
(20,9)
(24,6)
(25,24)
(89,20)
(94,21)
(138,20)
(7,6)
(80,16)
(151,7)
(35,24)
(14,6)
(38,4)
(148,26)
(19,12)
(109,18)
(63,4)
(190,7)
(26,1)
(144,12)
(14,22)
(24,18)
(41,12)
(152,17)
(103,5)
(78,3)
(133,15)
(89,13)
(183,8)
(105,8)
(79,23)
(164,12)
(183,20)
(96,23)
(13,6)
(85,11)
(182,19)
(169,10)
(144,6)
(199,8)
(29,13)
(49,4)
(14,14)
(136,26)
(135,24)
(107,25)
(195,13)
(50,25)
(127,8)
(140,5)
(7,11)
(56,24)
(71,0)
(199,26)
(88,1)
(123,26)
(93,10)
(12,17)
(187,24)
(102,5)
(159,23)
(73,11)
(62,21)
(187,11)
(63,13)
(125,19)
(41,21)
(40,20)
(170,16)
(82,10)
(144,14)
(157,20)
(135,8)
(5,3)
(171,23)
(64,25)
(180,14)
(51,1)
(171,16)
(18,10)
(87,4)
(196,12)
(13,25)
(160,6)
(86,14)
(61,8)
(173,17)
(94,9)
(93,15)
(141,16)
(155,4)
(122,21)
(126,3)
(199,6)
(94,18)
(188,25)
(52,18)
(142,6)
(176,6)
(151,20)
(48,21)
(39,17)
(30,17)
(180,22)
(57,18)
(176,17)
(116,6)
(194,4)
(55,10)
(151,26)
(132,7)
(153,9)
(20,17)
(133,17)
(166,21)
(44,16)
(171,5)
(199,20)
(140,8)
(93,25)
(57,25)
(6,5)
(187,18)
(57,12)
(182,21)
(28,8)
(142,21)
(75,5)
(97,7)
(20,24)
(103,17)
(156,26)
(85,21)
(36,3)
(175,24)
(42,21)
(127,9)
(50,20)
(134,5)
(132,24)
(9,12)
(194,10)
(151,19)
(161,10)
(135,10)
(184,9)
(139,22)
(76,26)
(77,14)
(189,14)
(44,7)
(43,16)
(160,7)
(12,1)
(125,9)
(87,22)
(16,5)
(60,6)
(131,20)
(35,20)
(109,13)
(152,14)
(197,25)
(14,23)
(80,15)
(136,4)
(140,10)
(2,20)
(76,22)
(73,9)
(6,18)
(65,1)
(40,26)
(97,16)
(40,8)
(191,8)
(124,18)
(23,9)
(61,17)
(84,13)
(74,13)
(127,21)
(176,11)
(199,0)
(54,1)
(165,17)
(38,11)
(169,20)
(145,10)
(118,15)
(132,25)
(44,6)
(140,11)
(48,9)
(107,3)
(105,11)
(171,1)
(83,5)
(143,9)
(23,10)
(27,15)
(159,8)
(107,12)
(40,10)
(188,5)
(18,23)
(146,3)
(121,12)
(97,21)
(23,16)
(159,9)
(41,3)
(60,23)
(141,21)
(106,26)
(73,19)
(89,10)
(185,22)
(88,25)
(105,5)
(40,7)
(124,13)
(15,15)
(49,9)
(63,6)
(54,22)
(127,24)
(38,25)
(76,5)
(11,17)
(186,6)
(121,22)
(56,11)
(160,18)
(99,25)
(31,15)
(106,6)
(73,17)
(102,4)
(129,2)
(173,11)
(81,25)
(154,4)
(178,22)
(63,24)
(33,21)
(14,4)
(14,9)
(70,11)
(76,19)
(10,12)
(9,20)
(157,15)
(193,24)
(27,24)
(18,11)
(105,22)
(112,14)
(25,22)
(62,26)
(59,13)
(107,26)
(92,7)
(19,14)
(127,18)
(61,3)
(127,20)
(6,17)
(101,22)
(151,21)
(137,21)
(154,23)
(100,20)
(69,9)
(46,25)
(155,17)
(66,16)
(174,17)
(132,14)
(158,21)
(50,17)
(166,20)
(152,3)
(65,4)
(26,10)
(64,14)
(115,8)
(54,26)
(94,19)
(133,5)
(182,14)
(165,4)
(162,19)
(109,23)
(112,1)
(82,20)
(190,22)
(113,8)
(34,12)
(19,7)
(142,5)
(33,9)
(153,18)
(65,25)
(18,22)
(73,18)
(162,0)
(113,4)
(76,10)
(138,2)
(112,13)
(27,2)
(103,14)
(73,3)
(44,25)
(182,26)
(30,25)
(71,25)
(180,3)
(82,22)
(81,21)
(46,8)
(5,17)
(192,22)
(155,15)
(102,16)
(19,25)
(159,17)
(67,7)
(116,8)
(128,5)
(4,17)
(141,4)
(150,4)
(35,9)
(33,22)
(29,22)
(57,9)
(129,12)
(124,16)
(16,2)
(10,11)
(94,25)
(163,8)
(175,21)
(191,21)
(101,16)
(166,1)
(145,17)
(6,7)
(55,15)
(120,16)
(132,23)
(71,6)
(66,24)
(179,2)
(156,9)
(168,13)
(21,9)
(118,13)
(123,15)
(37,8)
(48,25)
(2,14)
(133,23)
(171,10)
(66,21)
(144,26)
(20,21)
(143,16)
(45,8)
(65,18)
(122,10)
(66,14)
(62,22)
(45,25)
(69,1)
(48,5)
(42,9)
(191,1)
(199,12)
(49,18)
(92,18)
(62,23)
(113,9)
(110,19)
(7,25)
(161,26)
(67,26)
(14,19)
(184,22)
(105,17)
(0,5)
(174,22)
(126,17)
(2,18)
(18,3)
(10,22)
(54,20)
(45,21)
(141,2)
(135,9)
(119,24)
(187,25)
(16,22)
(160,25)
(130,21)
(106,20)
(86,10)
(57,24)
(20,13)
(59,16)
(184,17)
(4,24)
(87,16)
(184,15)
(90,16)
(164,24)
(85,23)
(168,9)
(159,4)
(65,17)
(183,1)
(182,8)
(97,6)
(109,2)
(53,2)
(116,17)
(31,4)
(60,24)
(171,18)
(36,26)
(195,20)
(64,24)
(38,21)
(199,19)
(85,4)
(23,23)
(110,6)
(86,19)
(58,7)
(1,5)
(85,1)
(193,11)
(142,13)
(81,11)
(48,24)
(90,3)
(62,20)
(173,7)
(71,12)
(135,18)
(17,26)
(21,25)
(80,19)
(60,11)
(59,15)
(69,6)
(40,2)
(139,10)
(50,4)
(95,24)
(120,15)
(72,19)
(17,18)
(139,12)
(117,15)
(55,21)
(107,17)
(125,1)
(92,26)
(159,20)
(21,6)
(113,2)
(96,1)
(52,7)
(4,5)
(54,15)
(143,26)
(152,5)
(30,3)
(0,1)
(138,26)
(170,23)
(89,8)
(81,14)
(124,26)
(172,10)
(126,10)
(22,24)
(50,5)
(0,25)
(50,13)
(188,20)
(68,13)
(172,3)
(42,17)
(175,12)
(110,1)
(34,14)
(15,4)
(84,8)
(2,11)
(74,5)
(129,10)
(76,9)
(167,20)
(155,13)
(25,19)
(134,4)
(64,20)
(125,16)
(19,11)
(46,1)
(151,5)
(122,9)
(90,15)
(96,22)
(12,19)
(138,5)
(99,12)
(72,7)
(195,21)
(26,5)
(17,16)
(114,3)
(189,22)
(52,15)
(44,5)
(62,12)
(195,26)
(134,23)
(183,26)
(193,13)
(191,3)
(115,11)
(5,6)
(1,4)
(166,17)
(138,9)
(47,14)
(186,24)
(71,20)
(51,22)
(88,17)
(57,26)
(70,10)
(123,5)
(122,23)
(9,18)
(184,25)
(27,11)
(66,4)
(90,1)
(189,12)
(49,23)
(144,20)
(60,18)
(111,9)
(71,2)
(79,24)
(126,11)
(117,22)
(178,5)
(196,9)
(33,24)
(125,3)
(103,24)
(141,1)
(55,4)
(41,13)
(175,11)
(76,25)
(155,2)
(85,14)
(87,7)
(152,7)
(188,7)
(159,14)
(196,18)
(75,22)
(101,11)
(149,15)
(1,25)
(1,20)
(144,25)
(177,4)
(196,20)
(159,11)
(158,5)
(45,14)
(45,5)
(151,23)
(129,15)
(158,12)
(186,3)
(79,9)
(23,22)
(191,19)
(172,8)
(3,5)
(24,21)
(12,23)
(35,14)
(26,14)
(40,25)
(122,4)
(186,9)
(61,9)
(33,7)
(105,20)
(121,16)
(163,16)
(169,17)
(40,22)
(107,18)
(125,12)
(102,21)
(42,13)
(85,5)
(148,20)
(182,23)
(111,0)
(193,26)
(106,22)
(128,23)
(79,6)
(130,19)
(48,4)
(49,6)
(171,19)
(84,11)
(41,10)
(3,15)
(125,11)
(55,25)
(85,25)
(167,7)
(115,19)
(88,23)
(35,13)
(21,24)
(178,21)
(4,10)
(177,14)
(5,10)
(170,11)
(89,18)
(138,11)
(10,19)
(128,20)
(12,9)
(170,21)
(70,26)
(199,22)
(35,8)
(166,13)
(100,7)
(193,19)
(40,18)
(155,10)
(27,21)
(171,8)
(90,21)
(15,12)
(58,24)
(50,14)
(130,15)
(134,25)
(19,24)
(107,24)
(147,0)
(128,18)
(126,21)
(108,16)
(76,23)
(145,5)
(99,21)
(108,19)
(15,10)
(65,26)
(144,17)
(169,24)
(173,4)
(28,23)
(35,23)
(55,7)
(91,21)
(105,14)
(98,17)
