300 Users
20 Files
1000 Transactions
2 Maximum Connections
1 Cycle Length per Upload-Download
0 Warm-up Transactions
0.400000 Zipf constant
5 Pre-Trusted Users
120 Well-Behaved (Good) Users
180 Purely Malicious Users
0 Feedback Skewing Users
0 Malignant Providing Users
0 Disguised Malicous Users
0 Sybil Attack Users
true Intelligent Trans. Generation
1561013011635 Trace Generation Seed

(0.044548,0.000000,1,false)
(0.068609,0.000000,1,false)
(0.010370,0.000000,1,false)
(0.080777,0.000000,1,false)
(0.046979,0.000000,1,false)
(0.060373,0.000000,1,false)
(0.071730,0.000000,1,false)
(0.014205,0.000000,1,false)
(0.037158,0.000000,1,false)
(0.095061,0.000000,1,false)
(0.087409,0.000000,1,false)
(0.002958,0.000000,1,false)
(0.044541,0.000000,1,false)
(0.084059,0.000000,1,false)
(0.068631,0.000000,1,false)
(0.065417,0.000000,1,false)
(0.094025,0.000000,1,false)
(0.016857,0.000000,1,false)
(0.081815,0.000000,1,false)
(0.092019,0.000000,1,false)
(0.057097,0.000000,1,false)
(0.018477,0.000000,1,false)
(0.088058,0.000000,1,false)
(0.001954,0.000000,1,false)
(0.064449,0.000000,1,false)
(0.097346,0.000000,1,false)
(0.005434,0.000000,1,false)
(0.015167,0.000000,1,false)
(0.063819,0.000000,1,false)
(0.057049,0.000000,1,false)
(0.045714,0.000000,1,false)
(0.059427,0.000000,1,false)
(0.065169,0.000000,1,false)
(0.017026,0.000000,1,false)
(0.043226,0.000000,1,false)
(0.024168,0.000000,1,false)
(0.014174,0.000000,1,false)
(0.024424,0.000000,1,false)
(0.050305,0.000000,1,false)
(0.080295,0.000000,1,false)
(0.074609,0.000000,1,false)
(0.042201,0.000000,1,false)
(0.021155,0.000000,1,false)
(0.008311,0.000000,1,false)
(0.080340,0.000000,1,false)
(0.067000,0.000000,1,false)
(0.043920,0.000000,1,false)
(0.015885,0.000000,1,false)
(0.038481,0.000000,1,false)
(0.064415,0.000000,1,false)
(0.009385,0.000000,1,false)
(0.080364,0.000000,1,false)
(0.026645,0.000000,1,false)
(0.008956,0.000000,1,false)
(0.023977,0.000000,1,false)
(0.021771,0.000000,1,false)
(0.029332,0.000000,1,false)
(0.081381,0.000000,1,false)
(0.084565,0.000000,1,false)
(0.097470,0.000000,1,false)
(0.001108,0.000000,1,false)
(0.006992,0.000000,1,false)
(0.033080,0.000000,1,false)
(0.010929,0.000000,1,false)
(0.027597,0.000000,1,false)
(0.015090,0.000000,1,false)
(0.000077,0.000000,1,false)
(0.043942,0.000000,1,false)
(0.079158,0.000000,1,false)
(0.061990,0.000000,1,false)
(0.028093,0.000000,1,false)
(0.054154,0.000000,1,false)
(0.016753,0.000000,1,false)
(0.087819,0.000000,1,false)
(0.038032,0.000000,1,false)
(0.027904,0.000000,1,false)
(0.014610,0.000000,1,false)
(0.070791,0.000000,1,false)
(0.064782,0.000000,1,false)
(0.042166,0.000000,1,false)
(0.010140,0.000000,1,false)
(0.001726,0.000000,1,false)
(0.041884,0.000000,1,false)
(0.068735,0.000000,1,false)
(0.077975,0.000000,1,false)
(0.026289,0.000000,1,false)
(0.059340,0.000000,1,false)
(0.048881,0.000000,1,false)
(0.052030,0.000000,1,false)
(0.092753,0.000000,1,false)
(0.053449,0.000000,1,false)
(0.077268,0.000000,1,false)
(0.087190,0.000000,1,false)
(0.099059,0.000000,1,false)
(0.013125,0.000000,1,false)
(0.060277,0.000000,1,false)
(0.060526,0.000000,1,false)
(0.054518,0.000000,1,false)
(0.003191,0.000000,1,false)
(0.055698,0.000000,1,false)
(0.060828,0.000000,1,false)
(0.058703,0.000000,1,false)
(0.011942,0.000000,1,false)
(0.058331,0.000000,1,false)
(0.004867,0.000000,1,false)
(0.052925,0.000000,1,false)
(0.027585,0.000000,1,false)
(0.069150,0.000000,1,false)
(0.048888,0.000000,1,false)
(0.018135,0.000000,1,false)
(0.036192,0.000000,1,false)
(0.074457,0.000000,1,false)
(0.034715,0.000000,1,false)
(0.077172,0.000000,1,false)
(0.012385,0.000000,1,false)
(0.065862,0.000000,1,false)
(0.021224,0.000000,1,false)
(0.008996,0.000000,1,false)
(0.043225,0.000000,1,false)
(0.051922,0.000000,1,false)
(0.004004,0.000000,1,false)
(0.097869,0.000000,1,false)
(0.085640,0.000000,1,false)
(0.047939,0.000000,1,false)
(0.018713,0.000000,1,false)
(0.021402,0.000000,1,false)
(0.008214,0.000000,1,false)
(0.081673,0.000000,1,false)
(0.056928,0.000000,1,false)
(0.027977,0.000000,1,false)
(0.009263,0.000000,1,false)
(0.019620,0.000000,1,false)
(0.097207,0.000000,1,false)
(0.066245,0.000000,1,false)
(0.034887,0.000000,1,false)
(0.001038,0.000000,1,false)
(0.068649,0.000000,1,false)
(0.007260,0.000000,1,false)
(0.043006,0.000000,1,false)
(0.065026,0.000000,1,false)
(0.019389,0.000000,1,false)
(0.043224,0.000000,1,false)
(0.072442,0.000000,1,false)
(0.069757,0.000000,1,false)
(0.058302,0.000000,1,false)
(0.055953,0.000000,1,false)
(0.079645,0.000000,1,false)
(0.032334,0.000000,1,false)
(0.074571,0.000000,1,false)
(0.022826,0.000000,1,false)
(0.099970,0.000000,1,false)
(0.062784,0.000000,1,false)
(0.016868,0.000000,1,false)
(0.068360,0.000000,1,false)
(0.075226,0.000000,1,false)
(0.026326,0.000000,1,false)
(0.031541,0.000000,1,false)
(0.075466,0.000000,1,false)
(0.064724,0.000000,1,false)
(0.044328,0.000000,1,false)
(0.017511,0.000000,1,false)
(0.042075,0.000000,1,false)
(0.023182,0.000000,1,false)
(0.036278,0.000000,1,false)
(0.054524,0.000000,1,false)
(0.005966,0.000000,1,false)
(0.085542,0.000000,1,false)
(0.012573,0.000000,1,false)
(0.000929,0.000000,1,false)
(0.063529,0.000000,1,false)
(0.046159,0.000000,1,false)
(0.051130,0.000000,1,false)
(0.037337,0.000000,1,false)
(0.076596,0.000000,1,false)
(0.057781,0.000000,1,false)
(0.029538,0.000000,1,false)
(0.053333,0.000000,1,false)
(0.095579,0.000000,1,false)
(0.004376,0.000000,1,false)
(0.038902,0.000000,1,false)
(0.964186,1.000000,0,true)
(0.973121,1.000000,0,true)
(0.978933,1.000000,0,true)
(0.924468,1.000000,0,true)
(0.980405,1.000000,0,true)
(0.962180,1.000000,0,false)
(0.955652,1.000000,0,false)
(0.907709,1.000000,0,false)
(0.996412,1.000000,0,false)
(0.976648,1.000000,0,false)
(0.923809,1.000000,0,false)
(0.907354,1.000000,0,false)
(0.980827,1.000000,0,false)
(0.944654,1.000000,0,false)
(0.963201,1.000000,0,false)
(0.932571,1.000000,0,false)
(0.938704,1.000000,0,false)
(0.902511,1.000000,0,false)
(0.937503,1.000000,0,false)
(0.993252,1.000000,0,false)
(0.942626,1.000000,0,false)
(0.903353,1.000000,0,false)
(0.922406,1.000000,0,false)
(0.932273,1.000000,0,false)
(0.945706,1.000000,0,false)
(0.944997,1.000000,0,false)
(0.967932,1.000000,0,false)
(0.957575,1.000000,0,false)
(0.950462,1.000000,0,false)
(0.953643,1.000000,0,false)
(0.949485,1.000000,0,false)
(0.950222,1.000000,0,false)
(0.921041,1.000000,0,false)
(0.935289,1.000000,0,false)
(0.917948,1.000000,0,false)
(0.929668,1.000000,0,false)
(0.999278,1.000000,0,false)
(0.916459,1.000000,0,false)
(0.924277,1.000000,0,false)
(0.946737,1.000000,0,false)
(0.917351,1.000000,0,false)
(0.939823,1.000000,0,false)
(0.968546,1.000000,0,false)
(0.948608,1.000000,0,false)
(0.991536,1.000000,0,false)
(0.958760,1.000000,0,false)
(0.907295,1.000000,0,false)
(0.918184,1.000000,0,false)
(0.932591,1.000000,0,false)
(0.987669,1.000000,0,false)
(0.946288,1.000000,0,false)
(0.932685,1.000000,0,false)
(0.918804,1.000000,0,false)
(0.912029,1.000000,0,false)
(0.948430,1.000000,0,false)
(0.913202,1.000000,0,false)
(0.947505,1.000000,0,false)
(0.943728,1.000000,0,false)
(0.998594,1.000000,0,false)
(0.948132,1.000000,0,false)
(0.910101,1.000000,0,false)
(0.923121,1.000000,0,false)
(0.988505,1.000000,0,false)
(0.969062,1.000000,0,false)
(0.924204,1.000000,0,false)
(0.919549,1.000000,0,false)
(0.915594,1.000000,0,false)
(0.937625,1.000000,0,false)
(0.904437,1.000000,0,false)
(0.966745,1.000000,0,false)
(0.929843,1.000000,0,false)
(0.966207,1.000000,0,false)
(0.960768,1.000000,0,false)
(0.988557,1.000000,0,false)
(0.912204,1.000000,0,false)
(0.944130,1.000000,0,false)
(0.979962,1.000000,0,false)
(0.923886,1.000000,0,false)
(0.927010,1.000000,0,false)
(0.974027,1.000000,0,false)
(0.971796,1.000000,0,false)
(0.947486,1.000000,0,false)
(0.959090,1.000000,0,false)
(0.940612,1.000000,0,false)
(0.947141,1.000000,0,false)
(0.905459,1.000000,0,false)
(0.923926,1.000000,0,false)
(0.935903,1.000000,0,false)
(0.939821,1.000000,0,false)
(0.940830,1.000000,0,false)
(0.926203,1.000000,0,false)
(0.951179,1.000000,0,false)
(0.988392,1.000000,0,false)
(0.975490,1.000000,0,false)
(0.938492,1.000000,0,false)
(0.916578,1.000000,0,false)
(0.957515,1.000000,0,false)
(0.940086,1.000000,0,false)
(0.977556,1.000000,0,false)
(0.924192,1.000000,0,false)
(0.901592,1.000000,0,false)
(0.903130,1.000000,0,false)
(0.970929,1.000000,0,false)
(0.909901,1.000000,0,false)
(0.955610,1.000000,0,false)
(0.944603,1.000000,0,false)
(0.930907,1.000000,0,false)
(0.992899,1.000000,0,false)
(0.979887,1.000000,0,false)
(0.947787,1.000000,0,false)
(0.986981,1.000000,0,false)
(0.979980,1.000000,0,false)
(0.986446,1.000000,0,false)
(0.945826,1.000000,0,false)
(0.971026,1.000000,0,false)
(0.934125,1.000000,0,false)
(0.935216,1.000000,0,false)
(0.956683,1.000000,0,false)
(0.902160,1.000000,0,false)
(0.983802,1.000000,0,false)

(1,0,false)
(3,0,false)
(5,0,true)
(6,0,true)
(7,0,false)
(10,0,false)
(11,0,false)
(12,0,false)
(15,0,false)
(16,0,false)
(17,0,false)
(19,0,false)
(20,0,false)
(21,0,false)
(22,0,false)
(23,0,false)
(24,0,false)
(25,0,false)
(26,0,false)
(27,0,false)
(28,0,false)
(29,0,false)
(30,0,false)
(31,0,false)
(32,0,true)
(33,0,false)
(34,0,false)
(35,0,false)
(36,0,false)
(37,0,false)
(40,0,false)
(42,0,false)
(43,0,false)
(45,0,false)
(46,0,false)
(48,0,false)
(49,0,false)
(50,0,false)
(51,0,false)
(52,0,false)
(53,0,false)
(54,0,false)
(56,0,false)
(57,0,false)
(58,0,false)
(59,0,false)
(60,0,false)
(63,0,false)
(64,0,false)
(65,0,false)
(66,0,false)
(68,0,false)
(71,0,false)
(72,0,false)
(74,0,false)
(75,0,false)
(77,0,false)
(79,0,false)
(80,0,false)
(84,0,false)
(85,0,false)
(86,0,false)
(87,0,false)
(88,0,false)
(89,0,false)
(90,0,false)
(91,0,false)
(93,0,false)
(94,0,false)
(95,0,false)
(96,0,false)
(97,0,false)
(98,0,false)
(99,0,false)
(100,0,false)
(101,0,false)
(102,0,false)
(105,0,false)
(106,0,false)
(107,0,false)
(108,0,false)
(109,0,false)
(110,0,false)
(115,0,false)
(116,0,false)
(117,0,false)
(118,0,false)
(119,0,false)
(122,0,false)
(123,0,false)
(124,0,false)
(125,0,false)
(126,0,false)
(127,0,false)
(128,0,false)
(129,0,false)
(130,0,false)
(131,0,false)
(132,0,false)
(134,0,false)
(135,0,false)
(136,0,false)
(137,0,false)
(138,0,false)
(140,0,false)
(141,0,false)
(143,0,false)
(145,0,false)
(146,0,false)
(147,0,false)
(148,0,true)
(149,0,false)
(150,0,false)
(151,0,false)
(152,0,false)
(153,0,false)
(154,0,false)
(155,0,false)
(156,0,false)
(158,0,false)
(159,0,false)
(160,0,false)
(161,0,false)
(163,0,false)
(166,0,false)
(170,0,false)
(172,0,false)
(173,0,false)
(174,0,false)
(175,0,false)
(176,0,false)
(177,0,false)
(178,0,false)
(179,0,false)
(181,0,true)
(182,0,true)
(183,0,true)
(186,0,true)
(187,0,true)
(188,0,true)
(189,0,true)
(191,0,true)
(192,0,true)
(194,0,true)
(195,0,true)
(196,0,true)
(198,0,true)
(199,0,true)
(200,0,true)
(202,0,true)
(204,0,true)
(205,0,true)
(206,0,true)
(207,0,true)
(208,0,true)
(209,0,true)
(210,0,true)
(211,0,true)
(212,0,true)
(213,0,true)
(214,0,true)
(216,0,true)
(217,0,true)
(218,0,true)
(219,0,true)
(220,0,false)
(221,0,true)
(224,0,true)
(225,0,true)
(226,0,true)
(227,0,true)
(229,0,true)
(230,0,true)
(231,0,true)
(232,0,true)
(233,0,true)
(234,0,true)
(235,0,true)
(236,0,true)
(237,0,true)
(238,0,true)
(240,0,true)
(242,0,true)
(243,0,true)
(244,0,true)
(245,0,true)
(246,0,true)
(252,0,true)
(253,0,true)
(254,0,true)
(255,0,true)
(257,0,true)
(258,0,true)
(259,0,true)
(260,0,true)
(261,0,true)
(265,0,true)
(267,0,true)
(268,0,true)
(270,0,true)
(271,0,true)
(272,0,true)
(275,0,true)
(276,0,true)
(277,0,true)
(280,0,true)
(281,0,true)
(282,0,false)
(283,0,true)
(284,0,true)
(285,0,true)
(287,0,true)
(288,0,true)
(290,0,true)
(291,0,true)
(292,0,true)
(293,0,true)
(294,0,true)
(296,0,true)
(297,0,false)
(298,0,true)
(299,0,true)
(0,1,false)
(1,1,false)
(2,1,false)
(3,1,false)
(4,1,false)
(7,1,false)
(9,1,false)
(10,1,false)
(11,1,false)
(15,1,false)
(16,1,false)
(18,1,false)
(19,1,true)
(20,1,false)
(21,1,false)
(23,1,false)
(26,1,false)
(27,1,false)
(28,1,false)
(29,1,false)
(30,1,false)
(32,1,false)
(33,1,false)
(34,1,false)
(35,1,false)
(39,1,false)
(40,1,false)
(41,1,false)
(42,1,false)
(43,1,false)
(47,1,false)
(48,1,false)
(49,1,false)
(50,1,false)
(52,1,false)
(53,1,false)
(54,1,false)
(57,1,false)
(59,1,false)
(61,1,false)
(62,1,false)
(63,1,false)
(64,1,false)
(67,1,false)
(68,1,false)
(69,1,false)
(71,1,false)
(73,1,false)
(75,1,false)
(76,1,false)
(79,1,false)
(81,1,false)
(82,1,false)
(83,1,false)
(85,1,false)
(86,1,false)
(87,1,true)
(88,1,false)
(89,1,true)
(91,1,false)
(92,1,false)
(93,1,false)
(96,1,false)
(97,1,true)
(99,1,false)
(100,1,false)
(102,1,false)
(103,1,false)
(105,1,false)
(106,1,false)
(107,1,false)
(109,1,false)
(110,1,false)
(112,1,false)
(114,1,true)
(116,1,false)
(117,1,false)
(120,1,false)
(122,1,false)
(124,1,false)
(125,1,false)
(128,1,false)
(129,1,false)
(130,1,false)
(131,1,false)
(132,1,true)
(134,1,false)
(137,1,false)
(138,1,false)
(142,1,false)
(143,1,false)
(144,1,false)
(147,1,true)
(151,1,false)
(152,1,false)
(153,1,false)
(154,1,false)
(155,1,false)
(157,1,false)
(159,1,false)
(160,1,false)
(162,1,false)
(164,1,false)
(165,1,false)
(171,1,false)
(172,1,false)
(177,1,false)
(178,1,false)
(180,1,true)
(181,1,false)
(182,1,true)
(183,1,true)
(184,1,true)
(185,1,true)
(186,1,true)
(189,1,true)
(190,1,false)
(191,1,true)
(192,1,true)
(193,1,true)
(195,1,true)
(196,1,false)
(197,1,true)
(198,1,true)
(201,1,true)
(204,1,true)
(206,1,true)
(207,1,true)
(208,1,true)
(211,1,true)
(212,1,true)
(214,1,true)
(216,1,true)
(218,1,true)
(219,1,true)
(220,1,true)
(221,1,true)
(222,1,true)
(223,1,true)
(225,1,true)
(228,1,true)
(229,1,true)
(230,1,true)
(231,1,true)
(234,1,true)
(236,1,true)
(237,1,true)
(239,1,true)
(240,1,true)
(241,1,true)
(242,1,true)
(243,1,true)
(244,1,true)
(245,1,true)
(246,1,true)
(247,1,true)
(250,1,true)
(251,1,true)
(253,1,true)
(254,1,true)
(255,1,false)
(256,1,true)
(257,1,false)
(259,1,true)
(260,1,true)
(262,1,true)
(263,1,true)
(264,1,true)
(265,1,true)
(266,1,true)
(268,1,true)
(271,1,true)
(272,1,true)
(275,1,true)
(276,1,true)
(279,1,true)
(280,1,true)
(283,1,true)
(285,1,true)
(286,1,true)
(289,1,true)
(290,1,true)
(292,1,true)
(293,1,true)
(294,1,true)
(297,1,true)
(298,1,true)
(1,2,false)
(4,2,false)
(8,2,false)
(10,2,false)
(11,2,false)
(12,2,false)
(14,2,false)
(16,2,false)
(17,2,false)
(18,2,false)
(20,2,false)
(23,2,false)
(28,2,false)
(29,2,false)
(30,2,false)
(33,2,false)
(36,2,false)
(38,2,false)
(41,2,false)
(42,2,false)
(44,2,false)
(45,2,false)
(47,2,false)
(48,2,false)
(50,2,false)
(52,2,false)
(53,2,false)
(54,2,false)
(55,2,false)
(56,2,true)
(59,2,false)
(61,2,false)
(62,2,false)
(63,2,false)
(65,2,false)
(66,2,false)
(67,2,false)
(69,2,false)
(70,2,false)
(72,2,false)
(74,2,false)
(76,2,false)
(80,2,false)
(81,2,false)
(82,2,false)
(83,2,false)
(84,2,false)
(86,2,false)
(94,2,false)
(95,2,false)
(97,2,false)
(100,2,true)
(101,2,false)
(103,2,true)
(104,2,false)
(105,2,false)
(106,2,false)
(108,2,false)
(111,2,false)
(113,2,false)
(114,2,false)
(116,2,false)
(117,2,false)
(119,2,false)
(120,2,false)
(121,2,false)
(122,2,false)
(124,2,false)
(125,2,false)
(126,2,false)
(130,2,false)
(132,2,true)
(135,2,false)
(137,2,false)
(138,2,false)
(139,2,true)
(140,2,false)
(141,2,false)
(147,2,false)
(148,2,false)
(149,2,false)
(150,2,false)
(151,2,false)
(153,2,false)
(154,2,false)
(157,2,false)
(159,2,false)
(160,2,false)
(162,2,false)
(163,2,false)
(165,2,false)
(167,2,false)
(168,2,false)
(170,2,false)
(171,2,false)
(176,2,false)
(177,2,false)
(180,2,true)
(181,2,true)
(183,2,true)
(184,2,true)
(185,2,false)
(187,2,true)
(190,2,true)
(192,2,true)
(193,2,true)
(194,2,false)
(195,2,true)
(196,2,true)
(198,2,true)
(199,2,true)
(201,2,true)
(203,2,true)
(206,2,true)
(208,2,true)
(209,2,true)
(211,2,false)
(212,2,true)
(213,2,false)
(215,2,true)
(216,2,true)
(218,2,true)
(219,2,true)
(220,2,false)
(223,2,true)
(224,2,true)
(225,2,true)
(226,2,true)
(228,2,true)
(229,2,true)
(230,2,false)
(231,2,true)
(232,2,true)
(235,2,true)
(236,2,true)
(238,2,true)
(239,2,true)
(241,2,true)
(243,2,true)
(245,2,true)
(246,2,false)
(247,2,true)
(248,2,true)
(249,2,true)
(250,2,true)
(252,2,true)
(254,2,true)
(255,2,true)
(257,2,true)
(258,2,true)
(259,2,false)
(261,2,true)
(262,2,true)
(263,2,true)
(265,2,true)
(268,2,true)
(270,2,true)
(272,2,true)
(275,2,true)
(276,2,true)
(277,2,true)
(278,2,true)
(280,2,true)
(281,2,true)
(282,2,true)
(283,2,true)
(285,2,true)
(286,2,true)
(288,2,true)
(289,2,true)
(291,2,true)
(292,2,true)
(294,2,true)
(297,2,true)
(0,3,false)
(1,3,false)
(3,3,false)
(4,3,false)
(5,3,false)
(9,3,false)
(10,3,false)
(12,3,false)
(14,3,false)
(17,3,false)
(18,3,false)
(19,3,false)
(22,3,false)
(26,3,false)
(27,3,false)
(31,3,false)
(34,3,false)
(36,3,false)
(37,3,false)
(40,3,false)
(42,3,true)
(43,3,false)
(45,3,false)
(46,3,false)
(49,3,false)
(50,3,false)
(54,3,false)
(56,3,false)
(58,3,false)
(59,3,false)
(61,3,false)
(64,3,false)
(65,3,false)
(69,3,false)
(70,3,false)
(71,3,false)
(72,3,false)
(78,3,false)
(80,3,false)
(83,3,false)
(84,3,false)
(86,3,false)
(87,3,false)
(89,3,false)
(92,3,false)
(94,3,false)
(97,3,false)
(99,3,false)
(100,3,false)
(101,3,false)
(102,3,false)
(104,3,false)
(105,3,false)
(108,3,false)
(112,3,false)
(115,3,false)
(117,3,false)
(118,3,false)
(120,3,false)
(121,3,false)
(122,3,false)
(123,3,false)
(127,3,false)
(130,3,false)
(131,3,false)
(138,3,false)
(139,3,false)
(140,3,false)
(141,3,false)
(142,3,false)
(144,3,false)
(145,3,false)
(146,3,false)
(156,3,false)
(160,3,false)
(164,3,false)
(165,3,false)
(166,3,true)
(168,3,false)
(170,3,false)
(171,3,false)
(173,3,false)
(174,3,false)
(175,3,false)
(176,3,false)
(179,3,false)
(180,3,true)
(181,3,true)
(182,3,true)
(183,3,true)
(184,3,true)
(185,3,true)
(188,3,true)
(190,3,true)
(192,3,true)
(193,3,true)
(194,3,true)
(195,3,true)
(197,3,true)
(199,3,true)
(200,3,true)
(203,3,true)
(209,3,true)
(211,3,true)
(212,3,true)
(214,3,true)
(215,3,true)
(216,3,true)
(218,3,true)
(219,3,true)
(220,3,true)
(221,3,true)
(223,3,true)
(228,3,true)
(229,3,true)
(230,3,true)
(231,3,true)
(232,3,true)
(234,3,true)
(235,3,true)
(236,3,true)
(237,3,true)
(240,3,true)
(241,3,true)
(242,3,true)
(243,3,false)
(244,3,true)
(246,3,false)
(248,3,true)
(249,3,true)
(252,3,false)
(254,3,true)
(255,3,true)
(256,3,true)
(260,3,true)
(262,3,false)
(266,3,true)
(268,3,false)
(270,3,true)
(271,3,true)
(273,3,true)
(274,3,true)
(275,3,true)
(278,3,true)
(279,3,false)
(280,3,true)
(282,3,true)
(283,3,true)
(284,3,true)
(285,3,true)
(286,3,true)
(288,3,true)
(290,3,true)
(291,3,false)
(294,3,true)
(295,3,true)
(296,3,true)
(298,3,true)
(0,4,true)
(1,4,false)
(3,4,false)
(5,4,false)
(7,4,false)
(8,4,false)
(9,4,true)
(11,4,false)
(12,4,false)
(18,4,false)
(19,4,false)
(20,4,false)
(21,4,false)
(22,4,false)
(23,4,false)
(24,4,false)
(25,4,false)
(27,4,false)
(28,4,false)
(29,4,false)
(30,4,false)
(36,4,false)
(40,4,false)
(41,4,false)
(43,4,false)
(46,4,false)
(47,4,false)
(55,4,false)
(56,4,true)
(58,4,false)
(61,4,false)
(62,4,false)
(64,4,false)
(65,4,false)
(67,4,false)
(68,4,false)
(78,4,false)
(83,4,false)
(85,4,false)
(87,4,false)
(88,4,false)
(95,4,false)
(96,4,false)
(98,4,false)
(101,4,false)
(104,4,false)
(106,4,false)
(109,4,false)
(113,4,false)
(114,4,false)
(122,4,false)
(123,4,false)
(125,4,false)
(126,4,false)
(128,4,false)
(129,4,false)
(131,4,false)
(133,4,false)
(134,4,false)
(135,4,false)
(136,4,false)
(138,4,true)
(141,4,false)
(148,4,false)
(149,4,false)
(150,4,false)
(159,4,false)
(163,4,true)
(164,4,false)
(165,4,false)
(166,4,false)
(169,4,true)
(171,4,false)
(172,4,false)
(174,4,false)
(175,4,false)
(177,4,false)
(178,4,false)
(182,4,true)
(183,4,true)
(184,4,true)
(185,4,true)
(187,4,true)
(189,4,true)
(191,4,true)
(194,4,true)
(195,4,true)
(197,4,true)
(199,4,true)
(201,4,true)
(203,4,true)
(208,4,true)
(209,4,true)
(210,4,true)
(212,4,true)
(214,4,true)
(215,4,true)
(217,4,true)
(223,4,true)
(224,4,true)
(226,4,true)
(228,4,true)
(229,4,true)
(230,4,true)
(235,4,true)
(237,4,true)
(240,4,true)
(242,4,true)
(244,4,false)
(245,4,true)
(250,4,true)
(254,4,true)
(255,4,true)
(256,4,true)
(258,4,true)
(261,4,true)
(263,4,true)
(265,4,true)
(269,4,false)
(275,4,true)
(278,4,true)
(279,4,true)
(286,4,true)
(288,4,true)
(292,4,true)
(295,4,true)
(297,4,true)
(299,4,true)
(0,5,false)
(1,5,false)
(2,5,false)
(3,5,false)
(4,5,false)
(5,5,false)
(10,5,false)
(11,5,false)
(12,5,false)
(13,5,false)
(14,5,false)
(16,5,false)
(18,5,false)
(21,5,false)
(22,5,false)
(24,5,true)
(25,5,false)
(26,5,false)
(27,5,false)
(30,5,false)
(32,5,false)
(34,5,false)
(35,5,false)
(38,5,false)
(39,5,false)
(41,5,false)
(43,5,false)
(45,5,false)
(46,5,false)
(47,5,true)
(49,5,false)
(50,5,false)
(55,5,false)
(59,5,true)
(61,5,false)
(62,5,false)
(67,5,false)
(71,5,false)
(72,5,false)
(74,5,false)
(77,5,false)
(78,5,false)
(83,5,false)
(88,5,false)
(92,5,false)
(93,5,false)
(94,5,false)
(95,5,false)
(96,5,false)
(97,5,false)
(99,5,false)
(103,5,false)
(104,5,false)
(110,5,false)
(111,5,false)
(113,5,true)
(116,5,false)
(123,5,false)
(129,5,false)
(131,5,false)
(132,5,false)
(135,5,false)
(136,5,true)
(137,5,false)
(141,5,false)
(142,5,false)
(143,5,true)
(146,5,false)
(147,5,false)
(152,5,false)
(154,5,false)
(158,5,true)
(159,5,false)
(160,5,false)
(161,5,false)
(162,5,false)
(163,5,false)
(164,5,false)
(168,5,false)
(170,5,false)
(171,5,false)
(175,5,false)
(176,5,true)
(178,5,false)
(179,5,false)
(181,5,true)
(182,5,true)
(183,5,true)
(185,5,true)
(186,5,true)
(187,5,true)
(193,5,true)
(198,5,false)
(200,5,true)
(201,5,true)
(202,5,true)
(203,5,true)
(204,5,true)
(206,5,true)
(212,5,true)
(213,5,true)
(216,5,true)
(218,5,true)
(219,5,true)
(223,5,true)
(224,5,true)
(229,5,true)
(231,5,true)
(233,5,true)
(234,5,true)
(240,5,true)
(243,5,true)
(244,5,true)
(245,5,true)
(246,5,true)
(252,5,true)
(254,5,true)
(255,5,true)
(260,5,true)
(264,5,true)
(266,5,true)
(268,5,true)
(269,5,true)
(272,5,true)
(273,5,true)
(274,5,true)
(275,5,true)
(279,5,true)
(280,5,true)
(282,5,true)
(283,5,true)
(284,5,true)
(285,5,true)
(288,5,true)
(289,5,false)
(290,5,true)
(291,5,true)
(293,5,true)
(295,5,true)
(298,5,false)
(3,6,false)
(6,6,false)
(7,6,false)
(13,6,false)
(14,6,false)
(17,6,false)
(22,6,false)
(28,6,false)
(36,6,false)
(43,6,false)
(44,6,false)
(45,6,false)
(46,6,false)
(48,6,false)
(49,6,false)
(54,6,false)
(56,6,false)
(58,6,false)
(59,6,false)
(62,6,false)
(63,6,false)
(68,6,false)
(71,6,false)
(75,6,false)
(76,6,false)
(79,6,false)
(80,6,false)
(83,6,false)
(84,6,false)
(86,6,false)
(87,6,false)
(89,6,false)
(101,6,true)
(102,6,false)
(106,6,false)
(108,6,false)
(115,6,false)
(116,6,false)
(117,6,false)
(119,6,false)
(121,6,false)
(123,6,true)
(126,6,false)
(129,6,false)
(131,6,false)
(134,6,false)
(136,6,false)
(140,6,false)
(142,6,false)
(147,6,false)
(148,6,false)
(149,6,false)
(152,6,false)
(153,6,false)
(154,6,false)
(156,6,false)
(157,6,false)
(159,6,false)
(160,6,false)
(162,6,false)
(163,6,false)
(167,6,false)
(170,6,false)
(172,6,false)
(176,6,false)
(181,6,true)
(184,6,true)
(188,6,true)
(189,6,true)
(190,6,true)
(192,6,true)
(196,6,true)
(197,6,true)
(200,6,true)
(203,6,true)
(204,6,true)
(207,6,true)
(208,6,true)
(210,6,true)
(212,6,true)
(219,6,true)
(221,6,true)
(222,6,true)
(227,6,true)
(228,6,true)
(230,6,true)
(231,6,true)
(232,6,false)
(235,6,true)
(237,6,true)
(238,6,true)
(240,6,false)
(245,6,true)
(250,6,true)
(251,6,true)
(253,6,true)
(258,6,true)
(260,6,true)
(261,6,true)
(263,6,true)
(264,6,true)
(265,6,true)
(266,6,true)
(267,6,true)
(269,6,true)
(272,6,true)
(274,6,true)
(275,6,true)
(276,6,true)
(281,6,true)
(282,6,true)
(283,6,false)
(284,6,true)
(286,6,true)
(288,6,true)
(292,6,true)
(293,6,true)
(294,6,true)
(295,6,true)
(297,6,true)
(1,7,false)
(2,7,false)
(3,7,false)
(4,7,false)
(5,7,false)
(6,7,false)
(9,7,false)
(10,7,false)
(14,7,false)
(15,7,false)
(16,7,false)
(20,7,false)
(21,7,true)
(23,7,false)
(25,7,true)
(26,7,false)
(27,7,false)
(28,7,false)
(29,7,true)
(30,7,false)
(31,7,false)
(32,7,false)
(35,7,false)
(36,7,false)
(41,7,false)
(42,7,false)
(45,7,false)
(47,7,false)
(48,7,false)
(56,7,false)
(57,7,false)
(60,7,false)
(62,7,false)
(63,7,false)
(64,7,false)
(70,7,true)
(74,7,false)
(77,7,false)
(80,7,false)
(81,7,false)
(88,7,false)
(89,7,false)
(92,7,false)
(98,7,false)
(99,7,false)
(101,7,false)
(104,7,false)
(107,7,false)
(111,7,true)
(116,7,false)
(119,7,false)
(123,7,false)
(124,7,false)
(125,7,false)
(126,7,false)
(128,7,false)
(129,7,false)
(130,7,false)
(131,7,false)
(132,7,false)
(133,7,false)
(135,7,false)
(138,7,false)
(139,7,false)
(140,7,false)
(141,7,false)
(143,7,false)
(144,7,false)
(145,7,false)
(147,7,false)
(149,7,false)
(150,7,true)
(158,7,false)
(159,7,false)
(160,7,false)
(162,7,false)
(164,7,false)
(165,7,false)
(167,7,false)
(178,7,false)
(182,7,true)
(185,7,true)
(188,7,true)
(190,7,true)
(192,7,true)
(193,7,true)
(194,7,true)
(196,7,true)
(197,7,true)
(200,7,true)
(201,7,true)
(202,7,true)
(205,7,false)
(207,7,true)
(211,7,true)
(212,7,true)
(215,7,true)
(217,7,true)
(221,7,true)
(222,7,true)
(230,7,true)
(231,7,false)
(232,7,true)
(233,7,true)
(239,7,true)
(242,7,true)
(243,7,true)
(244,7,true)
(249,7,true)
(251,7,true)
(256,7,true)
(257,7,true)
(258,7,true)
(259,7,true)
(262,7,true)
(263,7,true)
(265,7,true)
(267,7,true)
(268,7,true)
(272,7,true)
(276,7,true)
(279,7,true)
(280,7,true)
(287,7,true)
(288,7,true)
(289,7,true)
(294,7,true)
(295,7,true)
(296,7,true)
(298,7,true)
(299,7,true)
(1,8,false)
(2,8,false)
(4,8,false)
(6,8,false)
(9,8,false)
(15,8,false)
(18,8,false)
(20,8,false)
(22,8,true)
(24,8,false)
(28,8,false)
(29,8,false)
(31,8,false)
(33,8,false)
(34,8,false)
(36,8,false)
(37,8,false)
(39,8,false)
(40,8,false)
(44,8,false)
(45,8,true)
(46,8,false)
(47,8,false)
(48,8,false)
(49,8,false)
(50,8,false)
(51,8,false)
(53,8,false)
(57,8,true)
(58,8,false)
(62,8,false)
(64,8,false)
(67,8,false)
(71,8,false)
(72,8,false)
(75,8,false)
(77,8,false)
(80,8,false)
(82,8,false)
(84,8,false)
(85,8,false)
(94,8,false)
(99,8,false)
(100,8,false)
(102,8,false)
(103,8,false)
(111,8,false)
(112,8,false)
(115,8,false)
(118,8,false)
(119,8,true)
(122,8,false)
(123,8,false)
(125,8,false)
(127,8,false)
(129,8,false)
(132,8,false)
(133,8,false)
(134,8,false)
(136,8,false)
(145,8,false)
(147,8,false)
(148,8,false)
(150,8,false)
(152,8,false)
(155,8,false)
(156,8,false)
(157,8,false)
(158,8,false)
(160,8,false)
(164,8,false)
(168,8,false)
(170,8,false)
(173,8,false)
(174,8,false)
(176,8,false)
(178,8,false)
(180,8,true)
(183,8,true)
(190,8,true)
(191,8,true)
(192,8,true)
(193,8,true)
(196,8,true)
(200,8,true)
(201,8,true)
(204,8,true)
(205,8,true)
(210,8,true)
(212,8,true)
(213,8,true)
(214,8,true)
(215,8,true)
(228,8,true)
(229,8,true)
(230,8,true)
(238,8,true)
(239,8,true)
(240,8,true)
(241,8,true)
(244,8,true)
(248,8,true)
(249,8,true)
(253,8,true)
(256,8,true)
(260,8,true)
(261,8,true)
(265,8,true)
(266,8,true)
(268,8,true)
(272,8,true)
(278,8,true)
(279,8,true)
(283,8,true)
(284,8,true)
(287,8,true)
(289,8,false)
(293,8,true)
(298,8,true)
(299,8,true)
(0,9,false)
(2,9,false)
(7,9,false)
(11,9,false)
(15,9,false)
(16,9,false)
(25,9,false)
(29,9,false)
(34,9,false)
(39,9,false)
(40,9,true)
(41,9,false)
(44,9,false)
(49,9,false)
(50,9,false)
(52,9,false)
(54,9,false)
(55,9,false)
(57,9,false)
(62,9,false)
(64,9,false)
(65,9,false)
(66,9,false)
(68,9,false)
(69,9,false)
(71,9,false)
(74,9,false)
(76,9,false)
(77,9,false)
(82,9,false)
(83,9,false)
(86,9,false)
(92,9,false)
(93,9,true)
(94,9,false)
(97,9,false)
(101,9,false)
(103,9,true)
(107,9,false)
(108,9,false)
(109,9,false)
(110,9,false)
(113,9,false)
(116,9,false)
(118,9,false)
(119,9,false)
(121,9,false)
(125,9,false)
(130,9,false)
(131,9,false)
(134,9,true)
(136,9,false)
(138,9,false)
(140,9,false)
(146,9,false)
(148,9,false)
(151,9,false)
(153,9,false)
(155,9,false)
(156,9,false)
(157,9,false)
(158,9,false)
(162,9,false)
(165,9,false)
(166,9,false)
(167,9,false)
(168,9,false)
(172,9,false)
(175,9,false)
(178,9,false)
(180,9,true)
(185,9,true)
(186,9,true)
(188,9,true)
(191,9,true)
(194,9,true)
(195,9,true)
(198,9,true)
(199,9,true)
(201,9,true)
(203,9,true)
(207,9,true)
(210,9,true)
(213,9,true)
(220,9,true)
(225,9,true)
(226,9,true)
(227,9,true)
(247,9,true)
(249,9,true)
(251,9,true)
(252,9,true)
(256,9,true)
(257,9,true)
(258,9,true)
(263,9,true)
(270,9,true)
(271,9,true)
(276,9,true)
(278,9,true)
(279,9,false)
(281,9,true)
(282,9,true)
(284,9,true)
(285,9,true)
(286,9,true)
(2,10,false)
(3,10,false)
(9,10,false)
(10,10,false)
(12,10,false)
(13,10,false)
(15,10,false)
(19,10,false)
(21,10,false)
(22,10,false)
(23,10,false)
(24,10,true)
(28,10,false)
(31,10,false)
(32,10,false)
(33,10,false)
(39,10,false)
(45,10,false)
(50,10,false)
(51,10,false)
(54,10,false)
(56,10,false)
(63,10,false)
(69,10,false)
(70,10,false)
(71,10,false)
(73,10,false)
(75,10,true)
(84,10,false)
(88,10,false)
(93,10,false)
(100,10,false)
(101,10,false)
(103,10,false)
(110,10,false)
(112,10,false)
(113,10,false)
(116,10,false)
(122,10,false)
(124,10,false)
(126,10,false)
(127,10,false)
(129,10,false)
(134,10,false)
(139,10,false)
(140,10,false)
(142,10,false)
(143,10,false)
(146,10,false)
(147,10,false)
(151,10,false)
(153,10,false)
(159,10,false)
(160,10,false)
(173,10,false)
(174,10,false)
(175,10,false)
(182,10,true)
(183,10,true)
(184,10,true)
(185,10,true)
(187,10,true)
(189,10,true)
(190,10,false)
(191,10,true)
(194,10,true)
(197,10,true)
(198,10,true)
(199,10,true)
(200,10,true)
(204,10,true)
(207,10,false)
(208,10,true)
(210,10,true)
(214,10,false)
(216,10,true)
(218,10,true)
(219,10,true)
(221,10,true)
(227,10,true)
(229,10,true)
(230,10,true)
(233,10,true)
(236,10,false)
(238,10,true)
(244,10,true)
(246,10,true)
(247,10,true)
(254,10,true)
(257,10,true)
(259,10,true)
(260,10,false)
(267,10,true)
(269,10,true)
(270,10,true)
(274,10,true)
(275,10,false)
(280,10,true)
(283,10,true)
(284,10,true)
(287,10,true)
(288,10,true)
(290,10,true)
(1,11,false)
(4,11,false)
(7,11,false)
(11,11,false)
(12,11,false)
(14,11,false)
(15,11,false)
(17,11,false)
(19,11,false)
(25,11,false)
(27,11,false)
(29,11,false)
(32,11,false)
(43,11,false)
(47,11,false)
(49,11,false)
(53,11,false)
(57,11,false)
(58,11,false)
(62,11,false)
(64,11,false)
(65,11,false)
(66,11,false)
(69,11,false)
(73,11,false)
(80,11,false)
(84,11,false)
(86,11,false)
(87,11,false)
(88,11,false)
(89,11,false)
(90,11,true)
(93,11,false)
(94,11,false)
(95,11,false)
(100,11,false)
(101,11,false)
(102,11,false)
(103,11,false)
(105,11,false)
(107,11,false)
(111,11,false)
(113,11,false)
(114,11,false)
(116,11,false)
(119,11,false)
(120,11,false)
(127,11,false)
(128,11,false)
(129,11,false)
(130,11,false)
(133,11,false)
(134,11,false)
(136,11,false)
(137,11,false)
(141,11,false)
(146,11,false)
(147,11,false)
(158,11,false)
(161,11,false)
(169,11,false)
(170,11,false)
(171,11,false)
(172,11,false)
(173,11,false)
(175,11,false)
(176,11,false)
(181,11,true)
(182,11,true)
(183,11,true)
(185,11,true)
(189,11,true)
(192,11,true)
(195,11,true)
(196,11,true)
(197,11,false)
(198,11,true)
(202,11,true)
(204,11,true)
(208,11,true)
(209,11,true)
(210,11,true)
(211,11,true)
(212,11,true)
(216,11,true)
(217,11,false)
(223,11,true)
(231,11,true)
(232,11,true)
(236,11,true)
(237,11,true)
(241,11,true)
(244,11,true)
(245,11,true)
(250,11,true)
(251,11,true)
(252,11,true)
(254,11,true)
(264,11,true)
(265,11,true)
(268,11,true)
(270,11,true)
(271,11,true)
(272,11,true)
(273,11,true)
(275,11,true)
(276,11,true)
(278,11,true)
(279,11,true)
(282,11,true)
(285,11,true)
(286,11,true)
(290,11,true)
(291,11,true)
(293,11,true)
(299,11,true)
(1,12,false)
(4,12,false)
(7,12,false)
(12,12,false)
(14,12,false)
(15,12,false)
(16,12,false)
(21,12,false)
(22,12,false)
(25,12,true)
(26,12,false)
(27,12,false)
(31,12,false)
(32,12,false)
(33,12,false)
(39,12,false)
(40,12,false)
(45,12,false)
(48,12,false)
(51,12,false)
(52,12,false)
(53,12,false)
(55,12,false)
(57,12,true)
(61,12,false)
(63,12,false)
(68,12,true)
(70,12,false)
(75,12,false)
(81,12,false)
(85,12,false)
(93,12,false)
(94,12,false)
(95,12,false)
(96,12,false)
(97,12,false)
(101,12,false)
(102,12,false)
(112,12,false)
(114,12,false)
(115,12,false)
(116,12,false)
(117,12,false)
(120,12,false)
(126,12,false)
(127,12,false)
(130,12,false)
(131,12,false)
(132,12,false)
(135,12,false)
(141,12,false)
(142,12,false)
(145,12,false)
(150,12,false)
(154,12,false)
(155,12,false)
(158,12,false)
(164,12,false)
(167,12,false)
(168,12,false)
(169,12,false)
(179,12,false)
(181,12,true)
(182,12,true)
(184,12,true)
(188,12,true)
(191,12,true)
(196,12,true)
(201,12,true)
(205,12,false)
(207,12,true)
(210,12,true)
(211,12,true)
(212,12,true)
(219,12,true)
(225,12,true)
(226,12,true)
(231,12,true)
(232,12,true)
(234,12,true)
(235,12,true)
(236,12,true)
(237,12,true)
(238,12,true)
(239,12,true)
(240,12,true)
(242,12,true)
(246,12,true)
(250,12,true)
(254,12,true)
(256,12,true)
(261,12,true)
(265,12,true)
(267,12,true)
(274,12,true)
(275,12,true)
(277,12,true)
(278,12,true)
(281,12,true)
(283,12,true)
(287,12,true)
(293,12,true)
(294,12,true)
(296,12,true)
(297,12,true)
(3,13,false)
(4,13,true)
(5,13,false)
(8,13,false)
(9,13,false)
(11,13,false)
(12,13,false)
(14,13,false)
(15,13,false)
(16,13,true)
(18,13,true)
(19,13,false)
(22,13,true)
(23,13,false)
(24,13,false)
(26,13,false)
(28,13,false)
(32,13,false)
(34,13,false)
(43,13,false)
(47,13,false)
(49,13,false)
(51,13,false)
(52,13,false)
(56,13,false)
(58,13,false)
(60,13,false)
(63,13,false)
(65,13,false)
(66,13,false)
(67,13,false)
(69,13,false)
(70,13,false)
(80,13,false)
(83,13,false)
(84,13,false)
(85,13,false)
(87,13,false)
(88,13,false)
(100,13,false)
(101,13,false)
(103,13,false)
(105,13,true)
(106,13,false)
(107,13,false)
(117,13,false)
(121,13,false)
(125,13,false)
(127,13,false)
(130,13,false)
(135,13,false)
(140,13,false)
(143,13,true)
(145,13,false)
(146,13,false)
(147,13,false)
(150,13,false)
(156,13,false)
(157,13,false)
(160,13,false)
(164,13,false)
(167,13,false)
(169,13,false)
(173,13,false)
(186,13,true)
(188,13,true)
(190,13,true)
(199,13,true)
(201,13,true)
(203,13,true)
(206,13,true)
(209,13,true)
(211,13,true)
(212,13,true)
(217,13,true)
(218,13,true)
(219,13,true)
(220,13,true)
(227,13,true)
(229,13,true)
(236,13,true)
(238,13,true)
(240,13,true)
(241,13,true)
(244,13,true)
(252,13,true)
(255,13,true)
(258,13,false)
(263,13,true)
(266,13,false)
(270,13,true)
(271,13,true)
(276,13,true)
(277,13,true)
(281,13,true)
(283,13,true)
(284,13,true)
(286,13,true)
(292,13,true)
(294,13,true)
(299,13,true)
(3,14,false)
(5,14,false)
(9,14,false)
(11,14,false)
(13,14,false)
(20,14,false)
(25,14,false)
(28,14,false)
(36,14,false)
(42,14,false)
(44,14,false)
(46,14,false)
(47,14,false)
(49,14,false)
(52,14,false)
(53,14,false)
(55,14,false)
(56,14,false)
(57,14,false)
(58,14,false)
(62,14,false)
(66,14,false)
(70,14,false)
(72,14,false)
(73,14,false)
(81,14,false)
(82,14,false)
(84,14,false)
(85,14,false)
(91,14,false)
(92,14,false)
(95,14,false)
(96,14,false)
(100,14,false)
(102,14,false)
(103,14,false)
(104,14,false)
(105,14,false)
(108,14,false)
(110,14,false)
(113,14,false)
(120,14,false)
(124,14,false)
(127,14,false)
(129,14,false)
(134,14,false)
(136,14,false)
(140,14,false)
(143,14,false)
(147,14,false)
(156,14,false)
(160,14,false)
(163,14,false)
(164,14,false)
(172,14,true)
(174,14,false)
(176,14,false)
(181,14,true)
(189,14,true)
(191,14,true)
(194,14,true)
(196,14,true)
(204,14,true)
(205,14,true)
(206,14,true)
(208,14,true)
(209,14,true)
(211,14,false)
(212,14,true)
(216,14,true)
(217,14,true)
(226,14,true)
(227,14,true)
(228,14,true)
(231,14,true)
(235,14,true)
(239,14,true)
(240,14,true)
(242,14,true)
(246,14,true)
(249,14,true)
(252,14,true)
(255,14,true)
(256,14,true)
(257,14,true)
(258,14,true)
(263,14,true)
(265,14,true)
(268,14,true)
(271,14,true)
(278,14,true)
(285,14,true)
(286,14,true)
(287,14,true)
(288,14,true)
(289,14,true)
(294,14,true)
(297,14,true)
(298,14,true)
(6,15,false)
(8,15,false)
(10,15,false)
(12,15,false)
(13,15,false)
(19,15,false)
(20,15,false)
(23,15,false)
(24,15,false)
(25,15,false)
(32,15,false)
(41,15,false)
(46,15,false)
(51,15,true)
(56,15,false)
(61,15,false)
(64,15,false)
(65,15,false)
(66,15,false)
(68,15,false)
(71,15,false)
(72,15,false)
(73,15,false)
(76,15,false)
(78,15,false)
(83,15,false)
(85,15,false)
(89,15,false)
(96,15,false)
(99,15,false)
(100,15,false)
(102,15,false)
(103,15,false)
(104,15,false)
(107,15,false)
(110,15,false)
(118,15,false)
(119,15,false)
(120,15,false)
(122,15,false)
(126,15,false)
(132,15,false)
(138,15,false)
(139,15,false)
(142,15,false)
(145,15,true)
(149,15,true)
(150,15,false)
(154,15,false)
(157,15,false)
(160,15,false)
(164,15,false)
(166,15,false)
(167,15,false)
(168,15,false)
(169,15,false)
(173,15,true)
(180,15,true)
(184,15,true)
(189,15,true)
(192,15,true)
(195,15,true)
(200,15,true)
(210,15,true)
(212,15,true)
(213,15,true)
(214,15,true)
(216,15,true)
(219,15,true)
(220,15,true)
(227,15,true)
(228,15,true)
(229,15,true)
(239,15,true)
(244,15,true)
(246,15,true)
(247,15,true)
(248,15,false)
(249,15,true)
(251,15,true)
(254,15,true)
(255,15,true)
(260,15,true)
(265,15,true)
(267,15,true)
(269,15,true)
(276,15,true)
(278,15,true)
(279,15,true)
(281,15,true)
(283,15,true)
(287,15,true)
(293,15,true)
(296,15,true)
(298,15,true)
(299,15,true)
(0,16,false)
(1,16,false)
(2,16,false)
(3,16,false)
(4,16,false)
(11,16,false)
(15,16,false)
(20,16,false)
(22,16,false)
(23,16,false)
(25,16,false)
(27,16,false)
(30,16,false)
(31,16,false)
(33,16,false)
(34,16,false)
(36,16,false)
(38,16,false)
(42,16,false)
(43,16,false)
(44,16,false)
(50,16,false)
(53,16,false)
(54,16,false)
(55,16,false)
(61,16,false)
(62,16,false)
(66,16,false)
(67,16,false)
(68,16,false)
(71,16,false)
(72,16,false)
(73,16,false)
(76,16,false)
(80,16,false)
(81,16,false)
(82,16,false)
(83,16,false)
(84,16,false)
(101,16,false)
(105,16,false)
(107,16,false)
(116,16,false)
(118,16,false)
(119,16,false)
(122,16,false)
(125,16,true)
(128,16,false)
(132,16,true)
(133,16,true)
(135,16,false)
(141,16,false)
(145,16,false)
(147,16,false)
(148,16,false)
(152,16,false)
(153,16,false)
(166,16,false)
(168,16,false)
(177,16,false)
(183,16,true)
(187,16,true)
(189,16,true)
(198,16,true)
(199,16,true)
(200,16,true)
(201,16,true)
(206,16,true)
(209,16,true)
(213,16,true)
(214,16,true)
(218,16,true)
(219,16,true)
(232,16,true)
(235,16,true)
(240,16,true)
(242,16,true)
(243,16,true)
(249,16,true)
(250,16,true)
(251,16,true)
(252,16,true)
(253,16,true)
(255,16,true)
(258,16,true)
(260,16,true)
(263,16,true)
(264,16,true)
(266,16,true)
(267,16,true)
(269,16,true)
(270,16,true)
(274,16,true)
(277,16,true)
(278,16,true)
(286,16,true)
(289,16,true)
(293,16,true)
(294,16,true)
(296,16,true)
(297,16,true)
(3,17,false)
(11,17,false)
(13,17,false)
(20,17,false)
(21,17,false)
(22,17,false)
(26,17,false)
(29,17,false)
(33,17,false)
(37,17,false)
(39,17,false)
(43,17,false)
(44,17,false)
(46,17,false)
(48,17,false)
(49,17,false)
(50,17,false)
(51,17,false)
(52,17,false)
(58,17,false)
(60,17,false)
(61,17,false)
(64,17,false)
(65,17,false)
(66,17,false)
(72,17,false)
(73,17,false)
(76,17,false)
(78,17,false)
(79,17,false)
(86,17,false)
(91,17,false)
(92,17,false)
(93,17,false)
(95,17,false)
(99,17,false)
(105,17,true)
(110,17,false)
(111,17,true)
(112,17,false)
(113,17,false)
(123,17,false)
(130,17,false)
(137,17,false)
(138,17,false)
(144,17,false)
(147,17,false)
(148,17,false)
(154,17,false)
(157,17,false)
(162,17,false)
(168,17,false)
(170,17,false)
(176,17,false)
(177,17,false)
(179,17,false)
(180,17,true)
(182,17,true)
(183,17,true)
(194,17,true)
(195,17,true)
(196,17,false)
(199,17,true)
(203,17,true)
(206,17,true)
(210,17,true)
(217,17,true)
(219,17,true)
(221,17,false)
(222,17,false)
(223,17,true)
(224,17,true)
(227,17,true)
(228,17,false)
(229,17,true)
(238,17,true)
(239,17,true)
(241,17,true)
(245,17,true)
(248,17,true)
(251,17,true)
(255,17,true)
(256,17,true)
(259,17,true)
(262,17,true)
(266,17,true)
(267,17,true)
(268,17,true)
(269,17,true)
(271,17,false)
(273,17,true)
(277,17,true)
(279,17,true)
(281,17,true)
(282,17,true)
(283,17,true)
(288,17,true)
(292,17,true)
(296,17,true)
(5,18,false)
(7,18,false)
(9,18,false)
(19,18,false)
(21,18,false)
(25,18,false)
(29,18,false)
(33,18,false)
(34,18,false)
(35,18,false)
(36,18,false)
(37,18,false)
(38,18,false)
(39,18,false)
(47,18,false)
(50,18,false)
(54,18,false)
(65,18,false)
(69,18,false)
(71,18,true)
(72,18,false)
(74,18,false)
(78,18,false)
(93,18,false)
(104,18,false)
(106,18,false)
(109,18,false)
(115,18,false)
(117,18,false)
(118,18,false)
(119,18,false)
(121,18,false)
(126,18,false)
(127,18,false)
(129,18,false)
(131,18,false)
(132,18,false)
(141,18,false)
(144,18,false)
(146,18,false)
(148,18,false)
(155,18,false)
(160,18,false)
(162,18,false)
(168,18,false)
(169,18,false)
(170,18,false)
(171,18,false)
(175,18,false)
(183,18,true)
(187,18,true)
(190,18,true)
(192,18,true)
(197,18,true)
(201,18,true)
(207,18,true)
(208,18,true)
(210,18,true)
(211,18,true)
(219,18,true)
(220,18,false)
(224,18,true)
(226,18,true)
(227,18,true)
(228,18,true)
(230,18,true)
(233,18,true)
(236,18,true)
(239,18,true)
(241,18,true)
(244,18,true)
(246,18,true)
(250,18,false)
(258,18,true)
(260,18,true)
(267,18,true)
(269,18,true)
(275,18,true)
(279,18,true)
(283,18,true)
(284,18,true)
(287,18,true)
(298,18,true)
(0,19,true)
(8,19,false)
(9,19,false)
(11,19,false)
(14,19,false)
(25,19,false)
(29,19,false)
(30,19,false)
(31,19,false)
(32,19,false)
(34,19,false)
(35,19,false)
(40,19,false)
(44,19,false)
(51,19,false)
(54,19,false)
(59,19,false)
(61,19,false)
(62,19,false)
(67,19,false)
(77,19,false)
(80,19,false)
(83,19,false)
(86,19,false)
(89,19,false)
(91,19,false)
(94,19,false)
(101,19,false)
(102,19,false)
(103,19,false)
(107,19,false)
(112,19,false)
(122,19,false)
(131,19,false)
(136,19,false)
(139,19,false)
(141,19,true)
(145,19,false)
(146,19,false)
(147,19,false)
(154,19,false)
(158,19,false)
(170,19,false)
(174,19,false)
(177,19,false)
(179,19,false)
(180,19,true)
(181,19,true)
(188,19,true)
(195,19,true)
(196,19,true)
(202,19,true)
(218,19,true)
(221,19,true)
(223,19,true)
(226,19,true)
(228,19,true)
(229,19,true)
(237,19,true)
(239,19,true)
(244,19,true)
(245,19,true)
(248,19,true)
(250,19,true)
(257,19,false)
(259,19,true)
(261,19,true)
(262,19,true)
(266,19,true)
(267,19,true)
(271,19,true)
(272,19,true)
(274,19,true)
(280,19,true)
(281,19,true)
(282,19,true)
(284,19,true)
(292,19,true)
(293,19,true)
(294,19,true)
(295,19,true)
(298,19,true)

(106,5)
(8,8)
(221,8)
(251,3)
(38,3)
(124,17)
(117,19)
(105,8)
(156,19)
(27,13)
(284,17)
(188,11)
(261,1)
(185,12)
(298,11)
(298,6)
(244,9)
(261,13)
(146,4)
(132,10)
(242,2)
(180,5)
(199,11)
(104,17)
(30,12)
(22,19)
(19,6)
(95,10)
(160,4)
(162,3)
(184,7)
(212,18)
(230,15)
(89,2)
(69,6)
(237,7)
(236,5)
(299,1)
(97,13)
(248,0)
(130,6)
(72,1)
(250,3)
(259,15)
(95,19)
(167,0)
(241,19)
(253,18)
(234,2)
(269,3)
(134,19)
(50,15)
(232,4)
(162,14)
(41,0)
(255,8)
(267,2)
(109,2)
(246,6)
(17,4)
(107,12)
(293,13)
(55,15)
(136,12)
(259,12)
(293,17)
(60,18)
(78,14)
(88,15)
(118,2)
(72,11)
(66,4)
(81,5)
(192,12)
(167,11)
(126,3)
(242,5)
(180,6)
(97,18)
(139,5)
(180,13)
(180,0)
(72,13)
(60,9)
(224,6)
(270,5)
(297,8)
(236,4)
(150,1)
(157,18)
(170,7)
(133,0)
(239,0)
(162,13)
(264,0)
(255,10)
(60,19)
(259,9)
(204,3)
(86,10)
(184,8)
(119,3)
(217,9)
(72,7)
(71,19)
(239,5)
(298,12)
(289,0)
(44,0)
(32,16)
(221,12)
(164,11)
(58,5)
(135,8)
(71,13)
(21,15)
(239,10)
(229,11)
(203,8)
(143,9)
(285,6)
(135,9)
(7,14)
(18,15)
(170,10)
(242,10)
(124,3)
(176,4)
(166,17)
(147,15)
(109,3)
(285,10)
(38,1)
(21,2)
(112,11)
(158,6)
(236,15)
(27,14)
(209,1)
(109,8)
(180,4)
(294,18)
(42,11)
(103,0)
(266,10)
(213,4)
(236,8)
(120,4)
(53,6)
(20,19)
(4,0)
(287,2)
(51,3)
(270,1)
(166,12)
(119,10)
(124,4)
(130,18)
(175,15)
(135,10)
(16,3)
(149,13)
(273,7)
(4,6)
(151,12)
(263,3)
(133,3)
(126,5)
(294,4)
(297,11)
(56,19)
(219,9)
(150,5)
(139,11)
(242,15)
(29,12)
(150,11)
(103,18)
(220,19)
(114,13)
(172,13)
(168,0)
(239,3)
(116,18)
(123,2)
(222,4)
(37,14)
(221,13)
(97,14)
(18,12)
(227,11)
(199,6)
(288,1)
(183,15)
(187,13)
(50,12)
(24,6)
(299,18)
(252,19)
(219,8)
(231,18)
(141,8)
(57,4)
(285,18)
(283,19)
(76,11)
(72,10)
(2,17)
(190,0)
(206,7)
(41,18)
(121,4)
(180,10)
(18,9)
(170,1)
(170,9)
(71,7)
(53,5)
(268,10)
(168,6)
(33,3)
(135,15)
(258,1)
(21,3)
(140,4)
(292,12)
(182,9)
(253,2)
(152,12)
(43,19)
(98,14)
(194,11)
(207,3)
(106,16)
(239,11)
(258,19)
(130,16)
(67,0)
(242,19)
(55,17)
(297,7)
(39,7)
(244,17)
(97,16)
(98,18)
(151,6)
(150,6)
(77,18)
(201,0)
(68,10)
(162,8)
(275,13)
(201,3)
(70,5)
(232,13)
(140,8)
(131,15)
(78,6)
(277,8)
(26,2)
(224,3)
(175,8)
(119,19)
(42,5)
(168,7)
(64,5)
(264,13)
(263,5)
(253,7)
(27,15)
(153,17)
(48,15)
(89,16)
(214,14)
(192,13)
(182,15)
(251,19)
(286,19)
(182,13)
(125,17)
(110,8)
(108,12)
(128,12)
(27,2)
(43,12)
(63,4)
(255,9)
(137,8)
(170,16)
(266,2)
(286,5)
(244,14)
(132,3)
(226,3)
(164,17)
(256,6)
(67,11)
(257,15)
(152,7)
(151,15)
(133,9)
(235,7)
(296,8)
(86,5)
(118,1)
(22,9)
(175,1)
(112,7)
(284,12)
(149,18)
(213,11)
(137,10)
(75,11)
(216,17)
(0,14)
(258,3)
(292,3)
(84,12)
(45,16)
(262,15)
(166,13)
(85,16)
(123,1)
(100,4)
(115,11)
(0,18)
(190,16)
(240,2)
(155,2)
(194,19)
(27,10)
(224,9)
(257,8)
(243,8)
(94,15)
(45,1)
(241,5)
(102,17)
(16,16)
(270,19)
(160,19)
(26,11)
(245,15)
(125,14)
(110,6)
(78,7)
(266,4)
(299,17)
(219,11)
(147,18)
(213,14)
(80,17)
(227,1)
(231,8)
(210,5)
(87,17)
(7,5)
(236,17)
(177,7)
(50,14)
(121,17)
(122,5)
(72,19)
(243,4)
(50,4)
(121,0)
(87,12)
(200,2)
(249,6)
(263,0)
(3,12)
(200,13)
(144,8)
(26,9)
(95,18)
(80,4)
(48,11)
(286,7)
(106,10)
(125,3)
(293,10)
(98,19)
(84,17)
(196,4)
(175,7)
(192,9)
(266,18)
(261,17)
(213,19)
(243,6)
(30,14)
(275,16)
(159,11)
(94,6)
(132,11)
(198,12)
(38,8)
(208,19)
(223,16)
(2,4)
(272,15)
(263,8)
(255,6)
(114,7)
(116,14)
(168,4)
(11,3)
(258,5)
(81,4)
(49,10)
(127,15)
(143,6)
(243,19)
(41,12)
(278,13)
(146,1)
(271,10)
(117,5)
(198,3)
(292,11)
(291,8)
(93,19)
(66,12)
(123,18)
(108,8)
(34,6)
(79,2)
(118,17)
(175,14)
(166,8)
(218,17)
(112,5)
(145,2)
(90,16)
(227,5)
(134,5)
(59,8)
(115,4)
(153,8)
(131,8)
(104,11)
(27,18)
(196,9)
(147,12)
(193,17)
(163,7)
(95,1)
(168,11)
(98,5)
(237,16)
(11,15)
(223,18)
(266,0)
(37,10)
(184,0)
(274,0)
(286,12)
(126,19)
(33,11)
(63,15)
(129,13)
(111,10)
(280,8)
(284,4)
(229,6)
(243,13)
(40,18)
(207,2)
(258,12)
(250,15)
(154,13)
(23,19)
(235,9)
(262,0)
(257,11)
(190,11)
(70,9)
(84,1)
(299,10)
(269,2)
(238,14)
(43,9)
(152,4)
(58,16)
(129,16)
(261,5)
(201,10)
(296,10)
(34,10)
(110,13)
(130,15)
(160,16)
(269,9)
(71,17)
(26,19)
(162,10)
(242,11)
(22,1)
(85,3)
(239,4)
(241,7)
(88,8)
(107,10)
(118,10)
(89,18)
(207,13)
(161,2)
(115,2)
(251,8)
(276,17)
(61,13)
(154,14)
(264,17)
(295,13)
(0,6)
(279,10)
(262,6)
(245,18)
(111,19)
(145,10)
(296,14)
(48,14)
(25,6)
(127,4)
(262,13)
(271,6)
(216,18)
(279,2)
(61,14)
(194,8)
(146,14)
(52,4)
(223,10)
(53,18)
(152,2)
(203,12)
(171,12)
(124,13)
(137,16)
(238,4)
(231,16)
(225,8)
(62,3)
(70,6)
(5,11)
(192,5)
(181,7)
(155,10)
(249,11)
(185,14)
(247,0)
(212,9)
(203,11)
(142,2)
(8,11)
(246,8)
(153,7)
(89,8)
(288,12)
(164,6)
(12,16)
(110,2)
(75,17)
(34,11)
(225,19)
(284,7)
(131,2)
(67,9)
(183,12)
(72,12)
(61,9)
(283,11)
(50,6)
(73,6)
(183,19)
(74,8)
(44,13)
(115,1)
(276,18)
(189,8)
(217,18)
(43,2)
(135,11)
(48,9)
(5,1)
(221,11)
(272,9)
(24,12)
(277,11)
(32,6)
(74,3)
(206,6)
(256,11)
(67,18)
(53,4)
(297,3)
(284,2)
(96,6)
(139,18)
(166,10)
(126,13)
(239,16)
(146,12)
(101,17)
(19,16)
(113,3)
(175,2)
(82,5)
(191,3)
(143,18)
(179,8)
(33,5)
(80,14)
(23,18)
(289,18)
(278,1)
(169,9)
(43,10)
(227,2)
(104,0)
(37,4)
(12,7)
(108,7)
(50,7)
(45,4)
(237,14)
(110,3)
(286,15)
(154,8)
(99,6)
(291,9)
(153,3)
(28,16)
(287,5)
(189,19)
(45,9)
(251,5)
(1,17)
(270,12)
(218,8)
(242,9)
(44,15)
(187,7)
(129,9)
(52,15)
(147,3)
(236,6)
(72,9)
(74,13)
(274,4)
(148,3)
(134,13)
(102,4)
(234,15)
(284,11)
(188,15)
(141,15)
(193,19)
(250,8)
(225,15)
(68,3)
(78,19)
(153,4)
(103,12)
(224,1)
(155,7)
(295,2)
(177,8)
(151,17)
(241,14)
(243,11)
(81,15)
(153,14)
(224,13)
(220,6)
(89,9)
(214,19)
(273,0)
(218,6)
(136,17)
(12,8)
(135,6)
(158,16)
(171,0)
(180,7)
(158,10)
(176,19)
(169,2)
(223,7)
(139,9)
(243,18)
(114,18)
(236,9)
(7,16)
(183,9)
(70,1)
(180,12)
(234,6)
(293,3)
(292,9)
(91,15)
(292,15)
(284,15)
(287,3)
(112,13)
(80,9)
(198,8)
(147,4)
(122,12)
(284,1)
(239,6)
(288,15)
(187,14)
(240,7)
(265,9)
(30,15)
(17,10)
(132,13)
(26,18)
(199,14)
(45,14)
(36,5)
(125,10)
(289,10)
(208,12)
(104,6)
(30,8)
(8,7)
(1,15)
(79,10)
(71,4)
(35,11)
(166,5)
(282,4)
(88,2)
(161,8)
(67,14)
(240,11)
(75,5)
(226,16)
(15,19)
(268,4)
(12,19)
(284,16)
(32,17)
(91,11)
(8,3)
(8,16)
(109,14)
(156,18)
(194,12)
(91,18)
(100,5)
(17,16)
(223,8)
(296,1)
(291,6)
(41,6)
(233,11)
(264,9)
(89,4)
(263,11)
(180,11)
(97,10)
(93,15)
(262,14)
(93,4)
(137,18)
(264,4)
(90,12)
(78,12)
(44,11)
(172,10)
(82,7)
(25,2)
(273,9)
(220,11)
(119,14)
(154,3)
(73,12)
(203,7)
(78,8)
(182,6)
(219,19)
(146,2)
(192,4)
(18,17)
(64,2)
(216,16)
(108,19)
(50,13)
(14,10)
(193,16)
(167,18)
(49,2)
(274,2)
(122,11)
(109,6)
(37,9)
(209,10)
(39,14)
(197,2)
(125,6)
(94,18)
(168,1)
(210,1)
(251,2)
(197,15)
(68,19)
(6,10)
(133,13)
(212,17)
(210,3)
(71,14)
(36,1)
(74,1)
(48,10)
(73,4)
(159,14)
(72,4)
(179,13)
(19,2)
(268,19)
(101,18)
(104,8)
(4,9)
(164,16)
(235,8)
(77,1)
(133,1)
(104,19)
(27,8)
(53,9)
(137,6)
(15,4)
(177,5)
(141,13)
(214,13)
(231,4)
(188,1)
(117,4)
(201,11)
(111,0)
(38,7)
(97,19)
(126,8)
(137,3)
(213,6)
(284,14)
(150,10)
(276,8)
(34,7)
(268,6)
(118,7)
(276,10)
(73,8)
(43,14)
(107,8)
(262,18)
(210,2)
(94,1)
(103,6)
(180,14)
(173,7)
(285,4)
(258,10)
(58,10)
(294,17)
(191,18)
(19,14)
(65,8)
(184,14)
(131,13)
(234,13)
(249,12)
(181,8)
(149,10)
(189,3)
(253,9)
(150,19)
(221,16)
(274,17)
(81,18)
(135,19)
(230,16)
(215,0)
(132,19)
(122,13)
(0,7)
(43,7)
(268,9)
(279,0)
(31,6)
(47,17)
(216,9)
(162,4)
(143,2)
(223,0)
(16,11)
(221,14)
(227,4)
(156,2)
(22,2)
(47,9)
(52,8)
(71,2)
(79,11)
(180,18)
(208,5)
(268,13)
(297,15)
(162,11)
(57,19)
(238,1)
(59,16)
(126,11)
(226,5)
(248,11)
(3,18)
(47,6)
(148,5)
(120,19)
(207,4)
(14,14)
(142,0)
(131,11)
(184,9)
(215,10)
(162,0)
(129,17)
(275,7)
(94,7)
(29,16)
(23,14)
(236,19)
(199,19)
(180,16)
(53,13)
(139,1)
(37,15)
(164,0)
(92,4)
(254,17)
(4,18)
(128,10)
(24,1)
(80,1)
(13,16)
(76,8)
(267,5)
(76,3)
(34,17)
(27,19)
(120,0)
(215,18)
(294,10)
(81,10)
(115,14)
(120,5)
(184,17)
(28,11)
(27,6)
(15,17)
(152,3)
(108,1)
(34,4)
(226,1)
(103,4)
(234,17)
(243,12)
(255,12)
(193,0)
(84,4)
(216,6)
(184,16)
(68,7)
(153,5)
(251,12)
(245,9)
(175,12)
(52,19)
(183,6)
(182,2)
(204,19)
(130,5)
(249,4)
(71,12)
(292,7)
(88,18)
(107,6)
(144,5)
(181,16)
(236,16)
(231,19)
(233,3)
(83,18)
(261,3)
(215,6)
(39,3)
(105,5)
