300 Users
20 Files
1000 Transactions
2 Maximum Connections
1 Cycle Length per Upload-Download
0 Warm-up Transactions
0.400000 Zipf constant
5 Pre-Trusted Users
180 Well-Behaved (Good) Users
120 Purely Malicious Users
0 Feedback Skewing Users
0 Malignant Providing Users
0 Disguised Malicous Users
0 Sybil Attack Users
true Intelligent Trans. Generation
1561012990860 Trace Generation Seed

(0.017352,0.000000,1,false)
(0.085136,0.000000,1,false)
(0.038779,0.000000,1,false)
(0.096162,0.000000,1,false)
(0.066895,0.000000,1,false)
(0.084097,0.000000,1,false)
(0.068308,0.000000,1,false)
(0.052393,0.000000,1,false)
(0.098795,0.000000,1,false)
(0.009729,0.000000,1,false)
(0.065680,0.000000,1,false)
(0.070600,0.000000,1,false)
(0.075159,0.000000,1,false)
(0.053127,0.000000,1,false)
(0.038662,0.000000,1,false)
(0.044682,0.000000,1,false)
(0.081242,0.000000,1,false)
(0.034721,0.000000,1,false)
(0.095302,0.000000,1,false)
(0.061068,0.000000,1,false)
(0.016375,0.000000,1,false)
(0.005061,0.000000,1,false)
(0.067462,0.000000,1,false)
(0.090896,0.000000,1,false)
(0.054294,0.000000,1,false)
(0.072534,0.000000,1,false)
(0.077259,0.000000,1,false)
(0.019299,0.000000,1,false)
(0.014428,0.000000,1,false)
(0.069220,0.000000,1,false)
(0.083735,0.000000,1,false)
(0.001997,0.000000,1,false)
(0.096779,0.000000,1,false)
(0.074844,0.000000,1,false)
(0.009703,0.000000,1,false)
(0.062131,0.000000,1,false)
(0.072168,0.000000,1,false)
(0.080530,0.000000,1,false)
(0.089401,0.000000,1,false)
(0.066175,0.000000,1,false)
(0.086897,0.000000,1,false)
(0.089076,0.000000,1,false)
(0.096466,0.000000,1,false)
(0.046723,0.000000,1,false)
(0.036307,0.000000,1,false)
(0.016466,0.000000,1,false)
(0.008704,0.000000,1,false)
(0.072145,0.000000,1,false)
(0.085236,0.000000,1,false)
(0.080581,0.000000,1,false)
(0.041212,0.000000,1,false)
(0.098275,0.000000,1,false)
(0.065045,0.000000,1,false)
(0.037363,0.000000,1,false)
(0.032664,0.000000,1,false)
(0.075760,0.000000,1,false)
(0.056653,0.000000,1,false)
(0.052123,0.000000,1,false)
(0.000881,0.000000,1,false)
(0.028130,0.000000,1,false)
(0.076962,0.000000,1,false)
(0.074257,0.000000,1,false)
(0.093320,0.000000,1,false)
(0.060328,0.000000,1,false)
(0.022046,0.000000,1,false)
(0.017344,0.000000,1,false)
(0.045675,0.000000,1,false)
(0.005161,0.000000,1,false)
(0.084679,0.000000,1,false)
(0.033368,0.000000,1,false)
(0.027534,0.000000,1,false)
(0.066033,0.000000,1,false)
(0.056033,0.000000,1,false)
(0.009815,0.000000,1,false)
(0.097867,0.000000,1,false)
(0.068315,0.000000,1,false)
(0.041804,0.000000,1,false)
(0.011389,0.000000,1,false)
(0.015109,0.000000,1,false)
(0.088836,0.000000,1,false)
(0.071548,0.000000,1,false)
(0.034342,0.000000,1,false)
(0.046678,0.000000,1,false)
(0.093229,0.000000,1,false)
(0.056682,0.000000,1,false)
(0.040706,0.000000,1,false)
(0.001007,0.000000,1,false)
(0.074266,0.000000,1,false)
(0.057372,0.000000,1,false)
(0.092142,0.000000,1,false)
(0.061516,0.000000,1,false)
(0.050784,0.000000,1,false)
(0.051465,0.000000,1,false)
(0.008710,0.000000,1,false)
(0.036410,0.000000,1,false)
(0.056471,0.000000,1,false)
(0.059622,0.000000,1,false)
(0.036556,0.000000,1,false)
(0.050808,0.000000,1,false)
(0.020506,0.000000,1,false)
(0.070016,0.000000,1,false)
(0.020306,0.000000,1,false)
(0.098404,0.000000,1,false)
(0.017936,0.000000,1,false)
(0.023196,0.000000,1,false)
(0.040918,0.000000,1,false)
(0.038729,0.000000,1,false)
(0.046693,0.000000,1,false)
(0.063161,0.000000,1,false)
(0.097804,0.000000,1,false)
(0.073053,0.000000,1,false)
(0.070246,0.000000,1,false)
(0.034213,0.000000,1,false)
(0.085230,0.000000,1,false)
(0.057055,0.000000,1,false)
(0.050172,0.000000,1,false)
(0.004810,0.000000,1,false)
(0.037297,0.000000,1,false)
(0.011615,0.000000,1,false)
(0.081297,0.000000,1,false)
(0.970558,1.000000,0,true)
(0.906713,1.000000,0,true)
(0.925561,1.000000,0,true)
(0.966447,1.000000,0,true)
(0.982548,1.000000,0,true)
(0.934319,1.000000,0,false)
(0.905317,1.000000,0,false)
(0.900664,1.000000,0,false)
(0.936250,1.000000,0,false)
(0.923120,1.000000,0,false)
(0.989645,1.000000,0,false)
(0.957098,1.000000,0,false)
(0.989442,1.000000,0,false)
(0.932540,1.000000,0,false)
(0.936003,1.000000,0,false)
(0.950778,1.000000,0,false)
(0.948425,1.000000,0,false)
(0.931265,1.000000,0,false)
(0.994023,1.000000,0,false)
(0.926303,1.000000,0,false)
(0.939616,1.000000,0,false)
(0.924525,1.000000,0,false)
(0.993282,1.000000,0,false)
(0.998694,1.000000,0,false)
(0.976551,1.000000,0,false)
(0.949187,1.000000,0,false)
(0.950725,1.000000,0,false)
(0.966032,1.000000,0,false)
(0.915288,1.000000,0,false)
(0.955312,1.000000,0,false)
(0.998100,1.000000,0,false)
(0.961691,1.000000,0,false)
(0.936418,1.000000,0,false)
(0.990379,1.000000,0,false)
(0.923428,1.000000,0,false)
(0.997482,1.000000,0,false)
(0.908971,1.000000,0,false)
(0.946823,1.000000,0,false)
(0.936046,1.000000,0,false)
(0.929399,1.000000,0,false)
(0.980485,1.000000,0,false)
(0.924831,1.000000,0,false)
(0.902162,1.000000,0,false)
(0.954896,1.000000,0,false)
(0.998333,1.000000,0,false)
(0.900531,1.000000,0,false)
(0.957157,1.000000,0,false)
(0.924744,1.000000,0,false)
(0.900126,1.000000,0,false)
(0.974778,1.000000,0,false)
(0.982004,1.000000,0,false)
(0.923529,1.000000,0,false)
(0.915586,1.000000,0,false)
(0.909637,1.000000,0,false)
(0.934198,1.000000,0,false)
(0.940703,1.000000,0,false)
(0.998774,1.000000,0,false)
(0.938527,1.000000,0,false)
(0.948516,1.000000,0,false)
(0.918858,1.000000,0,false)
(0.957872,1.000000,0,false)
(0.961624,1.000000,0,false)
(0.969678,1.000000,0,false)
(0.927507,1.000000,0,false)
(0.969939,1.000000,0,false)
(0.910704,1.000000,0,false)
(0.947645,1.000000,0,false)
(0.969165,1.000000,0,false)
(0.960164,1.000000,0,false)
(0.987046,1.000000,0,false)
(0.916822,1.000000,0,false)
(0.979875,1.000000,0,false)
(0.989088,1.000000,0,false)
(0.942297,1.000000,0,false)
(0.992821,1.000000,0,false)
(0.938586,1.000000,0,false)
(0.927121,1.000000,0,false)
(0.985413,1.000000,0,false)
(0.954732,1.000000,0,false)
(0.948908,1.000000,0,false)
(0.903370,1.000000,0,false)
(0.958841,1.000000,0,false)
(0.936993,1.000000,0,false)
(0.902748,1.000000,0,false)
(0.995426,1.000000,0,false)
(0.934021,1.000000,0,false)
(0.932980,1.000000,0,false)
(0.978242,1.000000,0,false)
(0.978173,1.000000,0,false)
(0.930121,1.000000,0,false)
(0.912338,1.000000,0,false)
(0.964088,1.000000,0,false)
(0.973062,1.000000,0,false)
(0.960600,1.000000,0,false)
(0.975862,1.000000,0,false)
(0.939068,1.000000,0,false)
(0.934491,1.000000,0,false)
(0.959724,1.000000,0,false)
(0.915367,1.000000,0,false)
(0.968982,1.000000,0,false)
(0.977015,1.000000,0,false)
(0.935635,1.000000,0,false)
(0.911545,1.000000,0,false)
(0.913641,1.000000,0,false)
(0.986093,1.000000,0,false)
(0.937840,1.000000,0,false)
(0.990173,1.000000,0,false)
(0.963777,1.000000,0,false)
(0.965903,1.000000,0,false)
(0.915214,1.000000,0,false)
(0.966349,1.000000,0,false)
(0.951867,1.000000,0,false)
(0.960476,1.000000,0,false)
(0.975627,1.000000,0,false)
(0.937555,1.000000,0,false)
(0.901848,1.000000,0,false)
(0.938999,1.000000,0,false)
(0.940268,1.000000,0,false)
(0.939394,1.000000,0,false)
(0.900599,1.000000,0,false)
(0.962580,1.000000,0,false)
(0.914538,1.000000,0,false)
(0.952743,1.000000,0,false)
(0.988776,1.000000,0,false)
(0.948138,1.000000,0,false)
(0.973062,1.000000,0,false)
(0.947840,1.000000,0,false)
(0.980238,1.000000,0,false)
(0.915260,1.000000,0,false)
(0.978941,1.000000,0,false)
(0.969470,1.000000,0,false)
(0.927776,1.000000,0,false)
(0.943996,1.000000,0,false)
(0.926790,1.000000,0,false)
(0.907968,1.000000,0,false)
(0.958250,1.000000,0,false)
(0.985491,1.000000,0,false)
(0.915411,1.000000,0,false)
(0.963114,1.000000,0,false)
(0.902457,1.000000,0,false)
(0.953221,1.000000,0,false)
(0.919149,1.000000,0,false)
(0.992327,1.000000,0,false)
(0.944209,1.000000,0,false)
(0.980297,1.000000,0,false)
(0.937036,1.000000,0,false)
(0.940659,1.000000,0,false)
(0.909053,1.000000,0,false)
(0.957901,1.000000,0,false)
(0.955729,1.000000,0,false)
(0.978180,1.000000,0,false)
(0.905985,1.000000,0,false)
(0.971379,1.000000,0,false)
(0.966117,1.000000,0,false)
(0.920188,1.000000,0,false)
(0.925211,1.000000,0,false)
(0.923854,1.000000,0,false)
(0.924095,1.000000,0,false)
(0.977494,1.000000,0,false)
(0.981665,1.000000,0,false)
(0.982438,1.000000,0,false)
(0.943600,1.000000,0,false)
(0.977672,1.000000,0,false)
(0.977459,1.000000,0,false)
(0.999223,1.000000,0,false)
(0.954422,1.000000,0,false)
(0.913693,1.000000,0,false)
(0.936841,1.000000,0,false)
(0.948168,1.000000,0,false)
(0.948616,1.000000,0,false)
(0.913755,1.000000,0,false)
(0.944457,1.000000,0,false)
(0.979870,1.000000,0,false)
(0.977524,1.000000,0,false)
(0.985422,1.000000,0,false)
(0.991854,1.000000,0,false)
(0.928909,1.000000,0,false)
(0.946475,1.000000,0,false)
(0.968299,1.000000,0,false)
(0.908143,1.000000,0,false)

(1,0,false)
(2,0,false)
(3,0,false)
(4,0,false)
(5,0,false)
(6,0,false)
(7,0,false)
(10,0,false)
(11,0,false)
(13,0,false)
(14,0,false)
(15,0,false)
(17,0,true)
(19,0,false)
(20,0,false)
(21,0,false)
(23,0,false)
(24,0,false)
(25,0,false)
(26,0,false)
(27,0,false)
(29,0,false)
(30,0,false)
(32,0,false)
(34,0,false)
(35,0,false)
(37,0,false)
(38,0,false)
(39,0,false)
(40,0,false)
(41,0,true)
(42,0,false)
(43,0,false)
(45,0,false)
(46,0,false)
(48,0,false)
(49,0,false)
(50,0,false)
(51,0,false)
(52,0,false)
(53,0,false)
(54,0,false)
(55,0,false)
(56,0,false)
(57,0,false)
(58,0,false)
(59,0,false)
(60,0,false)
(63,0,false)
(64,0,false)
(68,0,true)
(69,0,false)
(70,0,false)
(71,0,false)
(72,0,false)
(73,0,false)
(74,0,false)
(75,0,false)
(76,0,false)
(77,0,false)
(78,0,false)
(79,0,false)
(80,0,false)
(82,0,false)
(83,0,false)
(84,0,false)
(85,0,false)
(86,0,false)
(88,0,false)
(89,0,false)
(91,0,false)
(92,0,false)
(95,0,false)
(96,0,false)
(97,0,false)
(98,0,false)
(99,0,false)
(100,0,false)
(101,0,false)
(102,0,false)
(103,0,false)
(104,0,false)
(106,0,false)
(107,0,false)
(109,0,false)
(110,0,false)
(111,0,false)
(112,0,false)
(113,0,false)
(114,0,false)
(115,0,false)
(116,0,false)
(117,0,false)
(119,0,false)
(122,0,true)
(125,0,true)
(127,0,true)
(130,0,true)
(131,0,true)
(132,0,true)
(133,0,true)
(134,0,true)
(135,0,true)
(136,0,true)
(137,0,true)
(138,0,true)
(139,0,true)
(141,0,true)
(142,0,true)
(143,0,true)
(146,0,true)
(148,0,true)
(149,0,true)
(151,0,true)
(152,0,true)
(153,0,true)
(155,0,true)
(157,0,true)
(159,0,true)
(160,0,true)
(161,0,true)
(162,0,false)
(163,0,true)
(164,0,true)
(165,0,true)
(167,0,true)
(169,0,false)
(170,0,true)
(172,0,true)
(173,0,true)
(174,0,true)
(175,0,true)
(176,0,true)
(177,0,true)
(178,0,true)
(179,0,true)
(180,0,true)
(181,0,true)
(183,0,true)
(185,0,true)
(186,0,true)
(187,0,true)
(188,0,true)
(189,0,true)
(190,0,true)
(193,0,true)
(195,0,true)
(196,0,true)
(197,0,true)
(200,0,true)
(202,0,false)
(203,0,false)
(204,0,true)
(206,0,false)
(207,0,true)
(209,0,true)
(212,0,true)
(213,0,false)
(214,0,true)
(216,0,true)
(217,0,true)
(218,0,true)
(220,0,true)
(221,0,true)
(222,0,true)
(223,0,true)
(224,0,true)
(227,0,true)
(228,0,true)
(229,0,true)
(234,0,true)
(235,0,true)
(236,0,true)
(237,0,true)
(238,0,true)
(243,0,true)
(244,0,true)
(245,0,true)
(246,0,true)
(247,0,true)
(248,0,true)
(249,0,true)
(250,0,true)
(251,0,true)
(252,0,true)
(253,0,true)
(254,0,false)
(255,0,true)
(257,0,true)
(258,0,true)
(260,0,true)
(261,0,true)
(263,0,true)
(264,0,true)
(265,0,true)
(266,0,true)
(267,0,false)
(268,0,true)
(269,0,true)
(270,0,true)
(272,0,true)
(273,0,true)
(274,0,true)
(276,0,true)
(278,0,true)
(279,0,true)
(281,0,true)
(283,0,true)
(284,0,true)
(285,0,true)
(286,0,true)
(287,0,false)
(288,0,true)
(289,0,true)
(290,0,true)
(291,0,true)
(292,0,true)
(294,0,true)
(296,0,true)
(297,0,true)
(299,0,true)
(0,1,false)
(1,1,true)
(2,1,false)
(3,1,false)
(4,1,false)
(9,1,false)
(10,1,false)
(11,1,false)
(12,1,false)
(13,1,false)
(15,1,false)
(17,1,false)
(18,1,false)
(19,1,false)
(20,1,false)
(21,1,false)
(22,1,false)
(24,1,false)
(25,1,false)
(26,1,false)
(30,1,false)
(31,1,false)
(32,1,false)
(33,1,false)
(35,1,false)
(36,1,true)
(37,1,true)
(38,1,false)
(39,1,false)
(40,1,false)
(41,1,false)
(43,1,false)
(44,1,false)
(45,1,false)
(46,1,false)
(47,1,false)
(48,1,false)
(49,1,false)
(50,1,false)
(52,1,false)
(56,1,true)
(57,1,false)
(59,1,false)
(61,1,false)
(64,1,false)
(65,1,false)
(66,1,false)
(67,1,false)
(69,1,false)
(70,1,false)
(71,1,false)
(72,1,false)
(73,1,false)
(76,1,false)
(77,1,false)
(78,1,false)
(79,1,false)
(80,1,false)
(81,1,false)
(82,1,false)
(83,1,false)
(85,1,false)
(87,1,false)
(89,1,false)
(90,1,false)
(91,1,false)
(92,1,false)
(93,1,false)
(94,1,false)
(95,1,false)
(96,1,false)
(98,1,false)
(99,1,false)
(100,1,false)
(102,1,false)
(103,1,false)
(104,1,false)
(108,1,false)
(109,1,false)
(111,1,false)
(113,1,false)
(114,1,false)
(116,1,false)
(117,1,false)
(118,1,false)
(119,1,false)
(120,1,true)
(123,1,true)
(125,1,true)
(127,1,true)
(128,1,true)
(129,1,true)
(131,1,true)
(132,1,true)
(135,1,true)
(136,1,true)
(137,1,true)
(138,1,true)
(139,1,true)
(140,1,true)
(141,1,true)
(142,1,true)
(143,1,true)
(144,1,true)
(146,1,true)
(147,1,true)
(150,1,true)
(152,1,true)
(153,1,true)
(156,1,true)
(158,1,true)
(160,1,true)
(161,1,true)
(164,1,true)
(165,1,true)
(167,1,true)
(168,1,true)
(169,1,true)
(170,1,true)
(172,1,true)
(173,1,true)
(174,1,true)
(175,1,true)
(176,1,true)
(177,1,true)
(178,1,true)
(179,1,true)
(180,1,true)
(181,1,true)
(184,1,true)
(185,1,true)
(186,1,true)
(187,1,true)
(191,1,true)
(192,1,true)
(194,1,true)
(195,1,true)
(196,1,true)
(197,1,true)
(198,1,true)
(200,1,false)
(201,1,true)
(203,1,true)
(207,1,true)
(208,1,true)
(211,1,true)
(214,1,true)
(215,1,true)
(216,1,true)
(217,1,true)
(220,1,true)
(222,1,true)
(223,1,true)
(224,1,true)
(225,1,true)
(227,1,true)
(229,1,true)
(230,1,true)
(232,1,true)
(233,1,true)
(234,1,true)
(235,1,true)
(236,1,true)
(238,1,true)
(239,1,true)
(241,1,true)
(242,1,true)
(243,1,true)
(244,1,true)
(246,1,true)
(247,1,true)
(248,1,true)
(250,1,true)
(251,1,true)
(253,1,true)
(254,1,true)
(257,1,true)
(258,1,true)
(259,1,true)
(262,1,true)
(265,1,true)
(267,1,true)
(269,1,true)
(270,1,true)
(271,1,true)
(272,1,true)
(273,1,true)
(274,1,false)
(275,1,true)
(276,1,true)
(277,1,true)
(278,1,true)
(280,1,true)
(281,1,true)
(282,1,true)
(283,1,true)
(284,1,true)
(285,1,true)
(287,1,true)
(289,1,true)
(290,1,true)
(291,1,true)
(292,1,true)
(293,1,true)
(295,1,true)
(298,1,true)
(299,1,true)
(1,2,false)
(2,2,false)
(3,2,false)
(4,2,true)
(5,2,false)
(6,2,false)
(7,2,false)
(9,2,false)
(10,2,false)
(12,2,false)
(13,2,false)
(14,2,true)
(16,2,false)
(18,2,false)
(19,2,false)
(21,2,false)
(23,2,true)
(25,2,false)
(29,2,false)
(30,2,false)
(33,2,true)
(38,2,false)
(40,2,false)
(44,2,false)
(47,2,false)
(48,2,false)
(50,2,false)
(51,2,true)
(52,2,false)
(58,2,false)
(61,2,false)
(62,2,false)
(64,2,false)
(65,2,false)
(66,2,false)
(67,2,false)
(68,2,false)
(69,2,false)
(71,2,false)
(72,2,false)
(73,2,false)
(74,2,false)
(75,2,false)
(76,2,false)
(77,2,false)
(79,2,true)
(80,2,false)
(83,2,true)
(85,2,false)
(86,2,false)
(88,2,false)
(89,2,true)
(90,2,false)
(92,2,false)
(93,2,false)
(94,2,false)
(95,2,false)
(97,2,false)
(98,2,false)
(99,2,false)
(100,2,false)
(102,2,false)
(103,2,false)
(105,2,false)
(108,2,false)
(110,2,false)
(111,2,false)
(112,2,false)
(116,2,false)
(118,2,false)
(119,2,false)
(122,2,true)
(123,2,true)
(124,2,true)
(126,2,true)
(127,2,true)
(128,2,true)
(130,2,true)
(131,2,true)
(132,2,true)
(133,2,true)
(134,2,true)
(136,2,true)
(138,2,true)
(139,2,true)
(140,2,true)
(141,2,true)
(142,2,true)
(143,2,true)
(144,2,true)
(145,2,true)
(149,2,true)
(152,2,true)
(153,2,true)
(157,2,true)
(161,2,true)
(164,2,true)
(165,2,true)
(169,2,true)
(172,2,true)
(173,2,true)
(175,2,true)
(176,2,true)
(177,2,false)
(182,2,true)
(185,2,false)
(186,2,true)
(187,2,true)
(188,2,true)
(189,2,true)
(190,2,true)
(191,2,true)
(193,2,true)
(194,2,true)
(196,2,true)
(197,2,true)
(200,2,true)
(203,2,true)
(205,2,true)
(207,2,true)
(211,2,true)
(212,2,true)
(214,2,true)
(216,2,true)
(221,2,true)
(222,2,true)
(223,2,true)
(224,2,false)
(226,2,true)
(227,2,true)
(228,2,true)
(230,2,true)
(231,2,true)
(232,2,true)
(233,2,true)
(237,2,true)
(238,2,true)
(240,2,true)
(241,2,false)
(244,2,true)
(245,2,true)
(246,2,true)
(247,2,true)
(249,2,true)
(251,2,true)
(252,2,true)
(253,2,true)
(255,2,true)
(257,2,true)
(259,2,true)
(260,2,true)
(262,2,true)
(264,2,true)
(265,2,true)
(266,2,true)
(267,2,true)
(269,2,true)
(270,2,true)
(273,2,true)
(274,2,true)
(275,2,true)
(277,2,true)
(278,2,true)
(282,2,true)
(283,2,true)
(284,2,true)
(286,2,true)
(287,2,true)
(288,2,true)
(292,2,true)
(293,2,true)
(295,2,true)
(297,2,true)
(298,2,true)
(2,3,false)
(3,3,true)
(4,3,false)
(7,3,false)
(8,3,false)
(9,3,false)
(10,3,false)
(12,3,false)
(13,3,false)
(15,3,false)
(16,3,false)
(20,3,false)
(22,3,false)
(23,3,false)
(24,3,false)
(25,3,false)
(28,3,false)
(29,3,false)
(31,3,false)
(32,3,false)
(33,3,false)
(34,3,false)
(42,3,false)
(45,3,false)
(47,3,false)
(49,3,false)
(50,3,false)
(52,3,false)
(53,3,false)
(57,3,false)
(58,3,false)
(63,3,false)
(64,3,false)
(65,3,false)
(66,3,false)
(68,3,false)
(69,3,false)
(70,3,false)
(72,3,false)
(73,3,false)
(75,3,false)
(76,3,false)
(77,3,false)
(78,3,false)
(79,3,false)
(80,3,false)
(81,3,false)
(85,3,false)
(87,3,true)
(88,3,false)
(89,3,false)
(90,3,false)
(92,3,false)
(93,3,false)
(94,3,false)
(96,3,false)
(98,3,false)
(102,3,false)
(104,3,false)
(105,3,false)
(108,3,false)
(109,3,false)
(110,3,false)
(113,3,false)
(114,3,false)
(115,3,false)
(116,3,false)
(117,3,false)
(118,3,false)
(120,3,true)
(122,3,true)
(126,3,true)
(129,3,true)
(130,3,true)
(134,3,true)
(140,3,true)
(141,3,true)
(144,3,true)
(147,3,true)
(149,3,true)
(150,3,true)
(151,3,true)
(152,3,true)
(154,3,true)
(155,3,true)
(157,3,true)
(160,3,true)
(161,3,false)
(164,3,true)
(165,3,false)
(167,3,true)
(169,3,true)
(170,3,true)
(172,3,true)
(173,3,true)
(174,3,true)
(178,3,true)
(179,3,true)
(180,3,true)
(181,3,true)
(182,3,true)
(183,3,true)
(184,3,true)
(185,3,true)
(186,3,true)
(187,3,true)
(188,3,true)
(189,3,true)
(192,3,true)
(194,3,true)
(195,3,true)
(196,3,false)
(198,3,true)
(203,3,true)
(204,3,true)
(206,3,false)
(207,3,true)
(208,3,true)
(212,3,true)
(213,3,true)
(214,3,true)
(215,3,true)
(216,3,true)
(221,3,true)
(223,3,true)
(225,3,true)
(227,3,true)
(230,3,true)
(232,3,true)
(233,3,true)
(234,3,true)
(235,3,true)
(237,3,true)
(240,3,true)
(243,3,true)
(244,3,true)
(245,3,true)
(246,3,true)
(247,3,true)
(248,3,true)
(249,3,true)
(250,3,true)
(252,3,false)
(253,3,true)
(254,3,true)
(256,3,true)
(263,3,true)
(264,3,true)
(266,3,true)
(267,3,true)
(270,3,true)
(271,3,false)
(274,3,true)
(276,3,true)
(277,3,true)
(278,3,true)
(279,3,true)
(284,3,true)
(285,3,true)
(286,3,true)
(287,3,true)
(291,3,false)
(293,3,true)
(295,3,true)
(297,3,true)
(298,3,true)
(299,3,true)
(0,4,false)
(1,4,false)
(3,4,false)
(4,4,false)
(7,4,false)
(8,4,false)
(11,4,false)
(13,4,false)
(14,4,false)
(15,4,false)
(17,4,false)
(22,4,false)
(24,4,false)
(25,4,false)
(28,4,false)
(29,4,false)
(30,4,false)
(34,4,false)
(35,4,false)
(36,4,false)
(37,4,false)
(38,4,true)
(39,4,false)
(43,4,true)
(44,4,false)
(46,4,false)
(47,4,false)
(48,4,false)
(55,4,false)
(60,4,false)
(62,4,false)
(63,4,false)
(64,4,false)
(65,4,false)
(66,4,false)
(68,4,false)
(69,4,false)
(70,4,false)
(71,4,false)
(73,4,false)
(74,4,false)
(77,4,false)
(78,4,false)
(79,4,false)
(83,4,false)
(84,4,false)
(85,4,false)
(86,4,false)
(87,4,true)
(88,4,false)
(89,4,false)
(90,4,false)
(91,4,false)
(93,4,false)
(94,4,false)
(100,4,false)
(101,4,false)
(103,4,false)
(105,4,false)
(106,4,false)
(107,4,false)
(110,4,false)
(112,4,false)
(114,4,false)
(115,4,false)
(117,4,false)
(120,4,true)
(123,4,true)
(126,4,true)
(127,4,true)
(131,4,true)
(138,4,true)
(141,4,true)
(142,4,true)
(146,4,true)
(148,4,true)
(152,4,true)
(153,4,true)
(154,4,false)
(155,4,true)
(156,4,true)
(159,4,true)
(162,4,true)
(163,4,true)
(164,4,true)
(165,4,false)
(166,4,true)
(168,4,true)
(169,4,true)
(174,4,true)
(176,4,true)
(177,4,true)
(178,4,true)
(180,4,true)
(182,4,true)
(184,4,true)
(186,4,true)
(188,4,true)
(189,4,true)
(191,4,true)
(192,4,true)
(193,4,true)
(197,4,true)
(200,4,true)
(202,4,true)
(203,4,true)
(204,4,true)
(205,4,true)
(213,4,true)
(214,4,true)
(215,4,true)
(216,4,true)
(220,4,true)
(221,4,true)
(222,4,true)
(223,4,false)
(224,4,true)
(226,4,true)
(228,4,true)
(235,4,true)
(238,4,true)
(239,4,true)
(240,4,true)
(242,4,true)
(245,4,true)
(248,4,true)
(251,4,true)
(252,4,true)
(253,4,true)
(257,4,true)
(258,4,true)
(259,4,true)
(262,4,true)
(264,4,true)
(265,4,true)
(266,4,true)
(268,4,true)
(270,4,true)
(271,4,true)
(272,4,true)
(274,4,true)
(276,4,true)
(278,4,false)
(279,4,true)
(280,4,true)
(281,4,true)
(282,4,true)
(283,4,true)
(284,4,true)
(286,4,true)
(288,4,true)
(292,4,true)
(294,4,true)
(296,4,true)
(1,5,true)
(2,5,false)
(3,5,false)
(5,5,false)
(6,5,false)
(15,5,false)
(17,5,false)
(19,5,false)
(22,5,false)
(23,5,false)
(27,5,false)
(29,5,false)
(33,5,false)
(34,5,false)
(35,5,false)
(37,5,false)
(38,5,false)
(39,5,false)
(40,5,false)
(46,5,false)
(49,5,false)
(50,5,false)
(57,5,false)
(58,5,false)
(60,5,false)
(61,5,false)
(62,5,true)
(63,5,false)
(65,5,false)
(66,5,false)
(67,5,false)
(68,5,false)
(70,5,false)
(71,5,false)
(76,5,false)
(81,5,false)
(83,5,false)
(85,5,false)
(88,5,false)
(90,5,false)
(91,5,false)
(93,5,false)
(94,5,false)
(95,5,false)
(98,5,false)
(102,5,false)
(104,5,false)
(108,5,false)
(111,5,false)
(112,5,false)
(113,5,true)
(115,5,false)
(119,5,false)
(121,5,true)
(122,5,true)
(123,5,true)
(124,5,true)
(125,5,true)
(126,5,true)
(129,5,true)
(132,5,true)
(133,5,true)
(134,5,true)
(135,5,true)
(137,5,true)
(138,5,true)
(141,5,true)
(144,5,true)
(145,5,true)
(146,5,true)
(147,5,true)
(148,5,true)
(149,5,true)
(150,5,true)
(152,5,true)
(155,5,true)
(157,5,true)
(158,5,true)
(162,5,true)
(163,5,true)
(172,5,true)
(173,5,true)
(178,5,true)
(180,5,true)
(184,5,true)
(186,5,true)
(187,5,true)
(191,5,true)
(193,5,true)
(195,5,true)
(197,5,true)
(200,5,false)
(201,5,true)
(203,5,true)
(204,5,true)
(205,5,true)
(206,5,true)
(207,5,true)
(211,5,true)
(212,5,true)
(215,5,true)
(219,5,true)
(221,5,true)
(223,5,true)
(226,5,true)
(229,5,true)
(230,5,false)
(231,5,true)
(235,5,true)
(236,5,true)
(243,5,true)
(245,5,true)
(248,5,false)
(249,5,true)
(251,5,true)
(252,5,true)
(255,5,true)
(256,5,true)
(261,5,true)
(265,5,true)
(268,5,true)
(269,5,true)
(271,5,true)
(273,5,true)
(275,5,true)
(282,5,true)
(283,5,true)
(284,5,true)
(287,5,true)
(293,5,true)
(295,5,true)
(297,5,true)
(298,5,true)
(0,6,false)
(1,6,false)
(4,6,false)
(5,6,false)
(7,6,false)
(9,6,false)
(11,6,false)
(17,6,true)
(19,6,false)
(20,6,true)
(22,6,true)
(26,6,false)
(33,6,false)
(36,6,false)
(37,6,false)
(39,6,false)
(40,6,false)
(41,6,false)
(42,6,false)
(44,6,false)
(47,6,false)
(49,6,false)
(51,6,false)
(53,6,false)
(55,6,false)
(56,6,false)
(59,6,false)
(62,6,false)
(71,6,false)
(72,6,false)
(74,6,false)
(75,6,false)
(79,6,false)
(86,6,false)
(87,6,false)
(88,6,false)
(92,6,true)
(95,6,false)
(97,6,false)
(99,6,false)
(100,6,false)
(102,6,false)
(103,6,false)
(110,6,false)
(111,6,false)
(112,6,false)
(115,6,false)
(119,6,false)
(123,6,true)
(126,6,true)
(127,6,true)
(128,6,true)
(129,6,true)
(130,6,true)
(132,6,true)
(134,6,true)
(137,6,true)
(139,6,true)
(146,6,true)
(148,6,false)
(152,6,true)
(153,6,true)
(155,6,true)
(156,6,true)
(158,6,true)
(162,6,true)
(163,6,true)
(169,6,true)
(170,6,true)
(171,6,true)
(172,6,true)
(175,6,false)
(176,6,true)
(177,6,true)
(183,6,true)
(186,6,true)
(187,6,true)
(189,6,true)
(192,6,true)
(194,6,true)
(195,6,true)
(197,6,true)
(198,6,true)
(201,6,true)
(203,6,true)
(206,6,true)
(208,6,true)
(209,6,true)
(210,6,true)
(211,6,true)
(213,6,true)
(215,6,true)
(216,6,true)
(218,6,true)
(219,6,true)
(222,6,true)
(223,6,true)
(225,6,true)
(229,6,false)
(230,6,true)
(236,6,true)
(237,6,true)
(238,6,true)
(240,6,true)
(241,6,false)
(245,6,true)
(247,6,true)
(250,6,true)
(252,6,true)
(256,6,true)
(257,6,true)
(258,6,true)
(259,6,true)
(260,6,true)
(261,6,true)
(263,6,true)
(265,6,true)
(269,6,false)
(270,6,true)
(271,6,true)
(272,6,true)
(273,6,true)
(277,6,false)
(279,6,false)
(281,6,true)
(282,6,true)
(287,6,true)
(291,6,true)
(295,6,true)
(296,6,true)
(298,6,true)
(299,6,true)
(0,7,false)
(1,7,false)
(2,7,false)
(3,7,true)
(4,7,false)
(6,7,false)
(9,7,false)
(18,7,false)
(21,7,false)
(24,7,false)
(31,7,false)
(32,7,false)
(33,7,false)
(38,7,false)
(39,7,false)
(45,7,false)
(47,7,false)
(49,7,false)
(50,7,false)
(53,7,false)
(54,7,false)
(55,7,false)
(57,7,false)
(59,7,false)
(61,7,false)
(62,7,false)
(65,7,false)
(67,7,false)
(68,7,false)
(71,7,false)
(73,7,false)
(74,7,false)
(75,7,false)
(77,7,false)
(85,7,false)
(90,7,true)
(92,7,false)
(94,7,false)
(96,7,false)
(97,7,false)
(99,7,false)
(105,7,false)
(111,7,false)
(112,7,false)
(113,7,false)
(117,7,false)
(122,7,true)
(123,7,true)
(127,7,true)
(129,7,true)
(132,7,true)
(133,7,true)
(138,7,true)
(144,7,true)
(147,7,true)
(148,7,true)
(152,7,true)
(154,7,true)
(155,7,true)
(156,7,false)
(157,7,true)
(159,7,true)
(160,7,true)
(164,7,true)
(168,7,true)
(170,7,true)
(172,7,true)
(173,7,false)
(175,7,true)
(176,7,true)
(177,7,true)
(184,7,true)
(186,7,true)
(188,7,true)
(189,7,true)
(190,7,false)
(192,7,true)
(198,7,true)
(199,7,true)
(200,7,true)
(202,7,true)
(204,7,true)
(205,7,false)
(208,7,true)
(211,7,true)
(213,7,true)
(214,7,true)
(215,7,true)
(217,7,true)
(218,7,true)
(219,7,true)
(221,7,true)
(223,7,true)
(229,7,true)
(231,7,true)
(232,7,true)
(233,7,true)
(237,7,true)
(238,7,true)
(239,7,true)
(244,7,true)
(247,7,true)
(248,7,true)
(250,7,true)
(251,7,true)
(252,7,true)
(257,7,true)
(259,7,false)
(261,7,true)
(268,7,true)
(271,7,true)
(273,7,true)
(274,7,true)
(276,7,true)
(281,7,true)
(285,7,true)
(287,7,true)
(289,7,true)
(291,7,true)
(295,7,true)
(297,7,true)
(299,7,true)
(1,8,false)
(8,8,false)
(11,8,false)
(12,8,false)
(13,8,false)
(14,8,false)
(16,8,false)
(17,8,false)
(18,8,false)
(19,8,false)
(21,8,false)
(22,8,false)
(23,8,false)
(26,8,false)
(27,8,false)
(29,8,false)
(30,8,false)
(32,8,false)
(33,8,false)
(35,8,false)
(43,8,false)
(44,8,false)
(47,8,false)
(52,8,false)
(55,8,false)
(57,8,false)
(60,8,false)
(61,8,false)
(62,8,false)
(69,8,false)
(71,8,false)
(72,8,false)
(73,8,false)
(78,8,false)
(79,8,false)
(84,8,false)
(87,8,false)
(90,8,false)
(94,8,false)
(95,8,false)
(97,8,false)
(100,8,false)
(106,8,false)
(107,8,false)
(108,8,false)
(109,8,false)
(110,8,false)
(113,8,false)
(117,8,false)
(118,8,false)
(119,8,false)
(120,8,true)
(122,8,true)
(124,8,true)
(125,8,true)
(126,8,true)
(127,8,true)
(129,8,true)
(134,8,true)
(136,8,true)
(142,8,true)
(143,8,true)
(145,8,true)
(158,8,false)
(159,8,true)
(162,8,true)
(165,8,true)
(167,8,true)
(169,8,true)
(170,8,true)
(171,8,true)
(174,8,true)
(176,8,true)
(177,8,true)
(178,8,true)
(180,8,true)
(185,8,true)
(187,8,true)
(191,8,true)
(192,8,true)
(195,8,true)
(196,8,true)
(197,8,true)
(199,8,true)
(202,8,true)
(203,8,false)
(204,8,true)
(205,8,true)
(209,8,true)
(212,8,true)
(213,8,true)
(214,8,true)
(217,8,true)
(218,8,true)
(220,8,true)
(222,8,true)
(226,8,true)
(229,8,true)
(234,8,true)
(236,8,true)
(240,8,true)
(241,8,true)
(242,8,true)
(247,8,true)
(249,8,true)
(253,8,true)
(254,8,true)
(262,8,true)
(266,8,true)
(268,8,true)
(271,8,true)
(274,8,true)
(277,8,true)
(279,8,true)
(281,8,true)
(282,8,true)
(284,8,true)
(285,8,true)
(286,8,true)
(289,8,true)
(290,8,true)
(292,8,true)
(294,8,true)
(295,8,true)
(296,8,true)
(297,8,true)
(299,8,false)
(2,9,false)
(6,9,false)
(8,9,false)
(13,9,false)
(14,9,false)
(16,9,false)
(19,9,false)
(23,9,false)
(24,9,false)
(25,9,false)
(27,9,false)
(30,9,false)
(31,9,false)
(36,9,false)
(40,9,false)
(41,9,true)
(42,9,false)
(45,9,false)
(49,9,true)
(51,9,false)
(52,9,false)
(53,9,false)
(56,9,false)
(57,9,false)
(58,9,false)
(60,9,false)
(61,9,false)
(64,9,false)
(66,9,false)
(67,9,false)
(70,9,false)
(74,9,false)
(76,9,false)
(78,9,false)
(79,9,false)
(81,9,false)
(83,9,false)
(85,9,false)
(87,9,false)
(88,9,false)
(90,9,false)
(93,9,false)
(94,9,false)
(95,9,false)
(97,9,false)
(98,9,false)
(103,9,false)
(111,9,false)
(112,9,false)
(116,9,false)
(117,9,false)
(118,9,false)
(119,9,true)
(120,9,true)
(121,9,true)
(122,9,true)
(125,9,true)
(127,9,true)
(128,9,true)
(130,9,true)
(132,9,true)
(134,9,true)
(137,9,true)
(140,9,true)
(141,9,true)
(145,9,true)
(148,9,true)
(157,9,true)
(169,9,true)
(172,9,true)
(173,9,true)
(174,9,true)
(178,9,true)
(180,9,true)
(181,9,true)
(182,9,true)
(188,9,false)
(190,9,true)
(195,9,true)
(197,9,true)
(198,9,true)
(203,9,false)
(204,9,true)
(206,9,true)
(209,9,true)
(211,9,true)
(213,9,true)
(218,9,true)
(223,9,true)
(225,9,true)
(226,9,true)
(228,9,true)
(232,9,true)
(234,9,true)
(235,9,true)
(242,9,true)
(243,9,true)
(247,9,true)
(248,9,true)
(250,9,true)
(251,9,true)
(259,9,true)
(260,9,true)
(261,9,true)
(263,9,true)
(273,9,true)
(274,9,true)
(279,9,true)
(283,9,true)
(285,9,true)
(286,9,true)
(287,9,true)
(289,9,true)
(290,9,true)
(291,9,false)
(292,9,true)
(294,9,true)
(296,9,true)
(297,9,true)
(298,9,true)
(299,9,true)
(1,10,false)
(4,10,false)
(8,10,false)
(9,10,false)
(12,10,false)
(16,10,false)
(20,10,false)
(21,10,false)
(22,10,false)
(24,10,false)
(25,10,false)
(29,10,false)
(30,10,false)
(36,10,false)
(37,10,false)
(38,10,false)
(41,10,false)
(45,10,false)
(50,10,false)
(51,10,false)
(52,10,false)
(55,10,false)
(58,10,false)
(59,10,false)
(60,10,false)
(62,10,false)
(63,10,false)
(75,10,false)
(78,10,false)
(80,10,false)
(82,10,false)
(84,10,false)
(86,10,false)
(87,10,false)
(88,10,false)
(91,10,false)
(92,10,false)
(97,10,false)
(103,10,false)
(104,10,false)
(106,10,false)
(111,10,false)
(115,10,true)
(117,10,false)
(119,10,false)
(122,10,true)
(123,10,true)
(124,10,true)
(128,10,true)
(129,10,true)
(133,10,true)
(134,10,true)
(135,10,true)
(136,10,true)
(139,10,true)
(145,10,true)
(146,10,true)
(149,10,true)
(150,10,true)
(151,10,true)
(153,10,true)
(160,10,true)
(163,10,true)
(165,10,true)
(167,10,true)
(168,10,true)
(169,10,true)
(172,10,true)
(173,10,true)
(175,10,true)
(176,10,true)
(180,10,true)
(183,10,true)
(184,10,true)
(187,10,true)
(188,10,true)
(191,10,true)
(196,10,true)
(199,10,true)
(200,10,true)
(208,10,true)
(214,10,true)
(216,10,true)
(220,10,true)
(222,10,true)
(228,10,true)
(231,10,true)
(232,10,true)
(234,10,true)
(235,10,true)
(245,10,true)
(247,10,true)
(250,10,true)
(253,10,true)
(254,10,true)
(255,10,true)
(257,10,false)
(258,10,true)
(261,10,true)
(268,10,true)
(271,10,false)
(272,10,true)
(273,10,true)
(274,10,true)
(277,10,true)
(280,10,true)
(296,10,true)
(297,10,true)
(298,10,true)
(299,10,true)
(0,11,false)
(1,11,false)
(5,11,false)
(8,11,false)
(10,11,false)
(11,11,false)
(14,11,false)
(15,11,false)
(19,11,false)
(22,11,false)
(27,11,false)
(28,11,false)
(31,11,false)
(39,11,true)
(41,11,true)
(43,11,false)
(47,11,false)
(48,11,false)
(50,11,false)
(54,11,false)
(59,11,false)
(63,11,false)
(65,11,false)
(66,11,false)
(68,11,false)
(69,11,false)
(71,11,false)
(73,11,false)
(75,11,false)
(77,11,false)
(81,11,false)
(83,11,false)
(85,11,false)
(87,11,false)
(88,11,false)
(90,11,true)
(91,11,false)
(94,11,false)
(99,11,false)
(103,11,true)
(105,11,false)
(106,11,false)
(108,11,false)
(110,11,false)
(115,11,false)
(122,11,false)
(128,11,true)
(130,11,true)
(131,11,true)
(135,11,true)
(136,11,true)
(138,11,true)
(140,11,true)
(141,11,true)
(142,11,true)
(146,11,true)
(148,11,true)
(150,11,true)
(151,11,true)
(152,11,true)
(153,11,true)
(156,11,true)
(159,11,true)
(160,11,true)
(163,11,true)
(169,11,false)
(171,11,true)
(172,11,false)
(173,11,true)
(176,11,true)
(178,11,true)
(179,11,true)
(181,11,true)
(185,11,false)
(186,11,true)
(190,11,false)
(191,11,true)
(192,11,true)
(199,11,true)
(210,11,true)
(223,11,false)
(226,11,true)
(227,11,true)
(228,11,true)
(229,11,true)
(235,11,true)
(239,11,true)
(241,11,true)
(245,11,true)
(247,11,true)
(249,11,true)
(252,11,true)
(254,11,true)
(256,11,true)
(259,11,true)
(265,11,true)
(266,11,true)
(269,11,true)
(270,11,true)
(274,11,true)
(277,11,true)
(280,11,true)
(281,11,true)
(282,11,true)
(285,11,true)
(286,11,true)
(287,11,true)
(290,11,true)
(292,11,true)
(1,12,false)
(4,12,false)
(12,12,false)
(14,12,false)
(15,12,false)
(16,12,false)
(19,12,false)
(22,12,false)
(23,12,false)
(32,12,false)
(39,12,false)
(40,12,false)
(41,12,false)
(45,12,false)
(51,12,false)
(52,12,false)
(53,12,false)
(54,12,false)
(58,12,false)
(60,12,true)
(63,12,false)
(64,12,false)
(65,12,false)
(72,12,false)
(77,12,false)
(82,12,false)
(86,12,false)
(90,12,false)
(93,12,false)
(103,12,false)
(104,12,false)
(107,12,false)
(108,12,false)
(109,12,false)
(110,12,false)
(112,12,false)
(116,12,false)
(129,12,true)
(130,12,true)
(131,12,true)
(132,12,true)
(140,12,true)
(143,12,true)
(144,12,true)
(145,12,true)
(154,12,true)
(157,12,true)
(161,12,true)
(162,12,true)
(164,12,true)
(165,12,true)
(166,12,true)
(170,12,true)
(173,12,true)
(177,12,true)
(181,12,true)
(193,12,true)
(196,12,true)
(198,12,true)
(199,12,true)
(202,12,true)
(203,12,true)
(206,12,true)
(208,12,true)
(212,12,true)
(213,12,true)
(214,12,true)
(215,12,true)
(216,12,true)
(217,12,true)
(220,12,true)
(226,12,true)
(232,12,true)
(238,12,true)
(239,12,true)
(241,12,true)
(247,12,true)
(253,12,true)
(254,12,true)
(255,12,true)
(257,12,true)
(258,12,true)
(259,12,true)
(260,12,true)
(261,12,true)
(262,12,true)
(266,12,true)
(269,12,true)
(271,12,true)
(272,12,true)
(273,12,true)
(275,12,true)
(277,12,true)
(278,12,true)
(281,12,true)
(284,12,true)
(287,12,true)
(289,12,true)
(291,12,true)
(292,12,true)
(293,12,true)
(298,12,true)
(5,13,false)
(10,13,false)
(14,13,false)
(16,13,false)
(19,13,true)
(21,13,false)
(24,13,false)
(31,13,false)
(32,13,false)
(34,13,false)
(36,13,false)
(38,13,true)
(40,13,true)
(43,13,false)
(46,13,false)
(50,13,false)
(53,13,false)
(54,13,false)
(56,13,false)
(59,13,false)
(60,13,false)
(61,13,false)
(63,13,false)
(65,13,false)
(66,13,false)
(71,13,false)
(73,13,false)
(77,13,false)
(82,13,false)
(87,13,false)
(89,13,false)
(90,13,false)
(92,13,false)
(95,13,false)
(97,13,false)
(100,13,false)
(104,13,false)
(108,13,false)
(112,13,false)
(116,13,false)
(119,13,false)
(128,13,true)
(129,13,true)
(131,13,true)
(136,13,true)
(139,13,true)
(140,13,true)
(143,13,true)
(144,13,true)
(145,13,true)
(147,13,true)
(148,13,false)
(151,13,true)
(157,13,true)
(158,13,true)
(159,13,true)
(164,13,true)
(179,13,true)
(183,13,true)
(187,13,true)
(188,13,true)
(192,13,true)
(193,13,true)
(195,13,true)
(196,13,true)
(198,13,true)
(199,13,true)
(200,13,true)
(201,13,true)
(202,13,true)
(205,13,true)
(206,13,true)
(207,13,true)
(209,13,true)
(210,13,true)
(211,13,true)
(215,13,true)
(216,13,true)
(223,13,true)
(224,13,true)
(227,13,true)
(229,13,true)
(232,13,true)
(234,13,true)
(237,13,true)
(238,13,true)
(239,13,false)
(243,13,true)
(250,13,true)
(255,13,true)
(256,13,true)
(262,13,true)
(266,13,true)
(268,13,true)
(269,13,true)
(271,13,true)
(272,13,true)
(282,13,true)
(284,13,true)
(285,13,true)
(286,13,true)
(287,13,true)
(288,13,true)
(289,13,true)
(291,13,true)
(292,13,true)
(293,13,true)
(298,13,true)
(0,14,false)
(2,14,false)
(7,14,false)
(9,14,false)
(10,14,false)
(12,14,false)
(20,14,false)
(38,14,false)
(39,14,false)
(43,14,false)
(44,14,false)
(48,14,false)
(55,14,true)
(56,14,false)
(58,14,false)
(61,14,false)
(63,14,false)
(64,14,false)
(66,14,false)
(68,14,false)
(74,14,false)
(76,14,false)
(78,14,false)
(81,14,false)
(84,14,false)
(85,14,false)
(87,14,false)
(94,14,false)
(95,14,false)
(97,14,false)
(100,14,false)
(104,14,false)
(105,14,false)
(109,14,false)
(111,14,false)
(113,14,false)
(116,14,false)
(118,14,false)
(119,14,false)
(125,14,true)
(127,14,true)
(133,14,true)
(135,14,true)
(136,14,true)
(139,14,true)
(142,14,true)
(143,14,true)
(144,14,true)
(147,14,true)
(152,14,true)
(158,14,true)
(163,14,true)
(164,14,true)
(166,14,true)
(169,14,true)
(174,14,true)
(175,14,true)
(179,14,true)
(186,14,true)
(192,14,true)
(194,14,true)
(195,14,true)
(196,14,true)
(204,14,true)
(208,14,true)
(211,14,true)
(215,14,true)
(219,14,true)
(220,14,true)
(224,14,true)
(227,14,true)
(228,14,true)
(231,14,true)
(234,14,true)
(240,14,true)
(242,14,true)
(244,14,true)
(246,14,true)
(248,14,true)
(249,14,true)
(255,14,true)
(256,14,true)
(257,14,true)
(264,14,true)
(267,14,true)
(271,14,true)
(272,14,true)
(273,14,true)
(284,14,true)
(285,14,false)
(289,14,false)
(292,14,true)
(294,14,true)
(295,14,true)
(0,15,false)
(2,15,false)
(3,15,false)
(4,15,false)
(5,15,false)
(12,15,false)
(13,15,false)
(15,15,false)
(16,15,false)
(17,15,false)
(21,15,false)
(22,15,false)
(23,15,false)
(27,15,false)
(41,15,false)
(43,15,false)
(44,15,false)
(45,15,false)
(51,15,false)
(52,15,false)
(53,15,false)
(55,15,false)
(58,15,false)
(59,15,false)
(62,15,false)
(63,15,false)
(66,15,false)
(67,15,false)
(68,15,false)
(69,15,false)
(70,15,false)
(72,15,false)
(74,15,false)
(75,15,false)
(82,15,false)
(83,15,false)
(92,15,false)
(95,15,false)
(102,15,false)
(106,15,false)
(107,15,false)
(108,15,false)
(110,15,false)
(115,15,false)
(120,15,true)
(121,15,true)
(122,15,true)
(123,15,true)
(125,15,false)
(129,15,true)
(130,15,true)
(132,15,true)
(135,15,true)
(136,15,true)
(138,15,true)
(141,15,true)
(145,15,true)
(147,15,true)
(152,15,false)
(156,15,true)
(160,15,true)
(167,15,true)
(168,15,true)
(173,15,true)
(175,15,true)
(180,15,true)
(187,15,true)
(189,15,false)
(193,15,true)
(197,15,true)
(198,15,true)
(199,15,false)
(201,15,true)
(202,15,true)
(206,15,false)
(208,15,true)
(210,15,true)
(215,15,true)
(217,15,true)
(218,15,true)
(223,15,false)
(229,15,true)
(230,15,true)
(231,15,true)
(236,15,false)
(237,15,true)
(238,15,true)
(241,15,true)
(247,15,true)
(253,15,true)
(256,15,true)
(258,15,true)
(260,15,true)
(263,15,true)
(268,15,true)
(270,15,true)
(271,15,true)
(278,15,true)
(279,15,true)
(280,15,true)
(281,15,true)
(283,15,true)
(284,15,true)
(294,15,true)
(295,15,true)
(297,15,true)
(0,16,false)
(14,16,false)
(19,16,false)
(21,16,false)
(32,16,false)
(33,16,false)
(36,16,false)
(38,16,false)
(40,16,false)
(43,16,false)
(45,16,false)
(52,16,false)
(53,16,false)
(60,16,false)
(62,16,true)
(67,16,false)
(68,16,false)
(69,16,false)
(79,16,false)
(80,16,false)
(83,16,false)
(85,16,false)
(86,16,false)
(89,16,false)
(91,16,false)
(99,16,false)
(101,16,false)
(107,16,false)
(109,16,false)
(118,16,false)
(122,16,true)
(123,16,true)
(125,16,true)
(128,16,true)
(130,16,true)
(131,16,true)
(134,16,true)
(136,16,true)
(140,16,true)
(141,16,true)
(152,16,true)
(157,16,true)
(159,16,true)
(161,16,true)
(164,16,true)
(172,16,true)
(178,16,false)
(180,16,false)
(181,16,true)
(185,16,true)
(187,16,true)
(191,16,true)
(192,16,true)
(194,16,true)
(195,16,true)
(196,16,true)
(199,16,true)
(200,16,true)
(201,16,true)
(206,16,true)
(208,16,true)
(212,16,false)
(219,16,true)
(220,16,true)
(221,16,true)
(224,16,true)
(227,16,true)
(228,16,true)
(229,16,false)
(234,16,true)
(238,16,true)
(241,16,true)
(242,16,true)
(246,16,true)
(251,16,true)
(252,16,true)
(259,16,true)
(260,16,false)
(262,16,true)
(265,16,true)
(267,16,true)
(268,16,true)
(269,16,true)
(275,16,true)
(278,16,true)
(280,16,true)
(285,16,true)
(286,16,true)
(290,16,true)
(299,16,true)
(7,17,false)
(12,17,false)
(16,17,false)
(21,17,false)
(22,17,false)
(29,17,false)
(33,17,false)
(36,17,false)
(39,17,false)
(41,17,false)
(43,17,false)
(45,17,false)
(48,17,true)
(49,17,false)
(50,17,false)
(52,17,false)
(55,17,false)
(56,17,false)
(58,17,false)
(63,17,false)
(68,17,false)
(69,17,false)
(72,17,false)
(74,17,false)
(75,17,true)
(76,17,false)
(77,17,false)
(81,17,false)
(87,17,false)
(93,17,false)
(96,17,false)
(104,17,false)
(108,17,false)
(110,17,false)
(111,17,false)
(113,17,false)
(115,17,false)
(116,17,false)
(118,17,false)
(121,17,true)
(127,17,true)
(130,17,true)
(131,17,true)
(136,17,true)
(140,17,true)
(141,17,true)
(144,17,true)
(146,17,true)
(147,17,true)
(149,17,true)
(156,17,true)
(158,17,true)
(162,17,true)
(166,17,true)
(186,17,true)
(188,17,true)
(191,17,true)
(200,17,true)
(209,17,true)
(210,17,true)
(212,17,true)
(219,17,true)
(227,17,true)
(233,17,true)
(236,17,true)
(237,17,true)
(240,17,true)
(245,17,true)
(247,17,true)
(249,17,true)
(255,17,true)
(257,17,false)
(261,17,true)
(266,17,true)
(270,17,true)
(275,17,true)
(277,17,true)
(280,17,true)
(288,17,true)
(292,17,true)
(293,17,true)
(4,18,false)
(6,18,false)
(8,18,false)
(13,18,false)
(14,18,false)
(20,18,false)
(21,18,false)
(24,18,false)
(25,18,false)
(27,18,false)
(29,18,false)
(32,18,false)
(33,18,false)
(40,18,false)
(47,18,true)
(63,18,false)
(69,18,false)
(70,18,false)
(73,18,false)
(74,18,false)
(76,18,false)
(77,18,false)
(79,18,false)
(81,18,false)
(85,18,false)
(87,18,false)
(93,18,false)
(95,18,false)
(98,18,false)
(99,18,false)
(101,18,false)
(104,18,false)
(105,18,false)
(109,18,false)
(117,18,false)
(121,18,true)
(132,18,true)
(142,18,true)
(143,18,true)
(146,18,true)
(151,18,true)
(156,18,true)
(158,18,true)
(162,18,true)
(171,18,true)
(173,18,true)
(177,18,true)
(178,18,true)
(180,18,true)
(181,18,true)
(184,18,true)
(186,18,true)
(188,18,true)
(189,18,true)
(194,18,true)
(196,18,true)
(197,18,true)
(198,18,true)
(202,18,true)
(213,18,true)
(220,18,true)
(221,18,true)
(224,18,true)
(227,18,true)
(228,18,true)
(231,18,true)
(232,18,true)
(233,18,true)
(235,18,true)
(237,18,true)
(240,18,true)
(242,18,true)
(245,18,true)
(248,18,true)
(249,18,true)
(258,18,true)
(265,18,false)
(266,18,true)
(271,18,true)
(280,18,true)
(282,18,true)
(284,18,true)
(293,18,true)
(296,18,false)
(2,19,false)
(3,19,false)
(6,19,false)
(9,19,false)
(10,19,false)
(14,19,false)
(16,19,false)
(21,19,false)
(24,19,false)
(27,19,false)
(30,19,false)
(31,19,false)
(35,19,false)
(38,19,false)
(42,19,false)
(44,19,false)
(45,19,false)
(47,19,false)
(48,19,false)
(53,19,false)
(63,19,false)
(64,19,false)
(66,19,false)
(68,19,false)
(72,19,false)
(79,19,false)
(81,19,true)
(85,19,false)
(90,19,false)
(93,19,false)
(97,19,false)
(98,19,false)
(100,19,false)
(106,19,false)
(110,19,false)
(115,19,false)
(125,19,true)
(127,19,true)
(136,19,true)
(137,19,true)
(138,19,true)
(140,19,true)
(141,19,true)
(143,19,true)
(145,19,true)
(146,19,true)
(147,19,true)
(152,19,true)
(156,19,true)
(161,19,true)
(163,19,true)
(168,19,true)
(175,19,true)
(182,19,true)
(185,19,true)
(186,19,true)
(189,19,true)
(191,19,true)
(192,19,true)
(196,19,true)
(197,19,true)
(202,19,true)
(203,19,true)
(204,19,true)
(205,19,true)
(207,19,true)
(209,19,true)
(212,19,true)
(213,19,true)
(214,19,true)
(215,19,true)
(216,19,true)
(220,19,true)
(221,19,true)
(233,19,true)
(236,19,true)
(239,19,false)
(241,19,true)
(242,19,true)
(243,19,true)
(248,19,true)
(255,19,true)
(258,19,true)
(267,19,false)
(268,19,true)
(270,19,true)
(271,19,true)
(273,19,true)
(275,19,true)
(276,19,true)
(284,19,true)
(286,19,true)
(290,19,true)
(291,19,true)
(294,19,true)

(47,9)
(187,7)
(97,5)
(101,19)
(105,17)
(201,10)
(36,0)
(17,14)
(279,2)
(56,4)
(281,17)
(39,15)
(121,0)
(68,18)
(226,1)
(6,15)
(262,5)
(44,12)
(96,2)
(143,3)
(66,18)
(195,12)
(85,15)
(25,15)
(150,0)
(113,10)
(82,17)
(126,15)
(64,8)
(47,5)
(130,14)
(284,11)
(216,9)
(134,7)
(100,10)
(213,5)
(29,14)
(173,16)
(283,18)
(27,2)
(279,18)
(286,5)
(101,5)
(237,4)
(188,5)
(150,6)
(44,7)
(205,0)
(269,18)
(121,7)
(53,10)
(5,7)
(40,7)
(73,15)
(207,11)
(198,14)
(114,16)
(125,2)
(232,5)
(171,4)
(190,8)
(100,5)
(47,13)
(195,15)
(124,3)
(129,9)
(179,12)
(228,5)
(76,11)
(65,15)
(100,16)
(228,7)
(57,16)
(177,3)
(62,0)
(140,10)
(299,14)
(99,9)
(255,4)
(41,7)
(292,7)
(7,12)
(95,17)
(218,3)
(18,3)
(65,0)
(32,10)
(252,1)
(27,16)
(11,15)
(90,0)
(178,12)
(207,14)
(56,10)
(15,2)
(231,0)
(270,7)
(177,19)
(87,7)
(227,5)
(102,10)
(204,11)
(97,17)
(81,6)
(267,6)
(56,2)
(267,17)
(186,12)
(145,16)
(140,7)
(95,16)
(239,5)
(66,7)
(4,9)
(110,10)
(85,13)
(211,17)
(247,5)
(160,19)
(104,2)
(232,4)
(45,18)
(52,7)
(140,5)
(210,16)
(106,16)
(75,8)
(270,5)
(204,18)
(279,7)
(212,15)
(48,6)
(273,4)
(39,2)
(99,13)
(120,13)
(19,10)
(86,3)
(68,10)
(205,16)
(144,10)
(274,14)
(267,13)
(14,14)
(99,14)
(162,15)
(237,10)
(266,1)
(205,15)
(106,1)
(128,19)
(253,19)
(296,5)
(189,8)
(290,3)
(169,13)
(211,3)
(288,16)
(235,15)
(293,7)
(244,4)
(143,5)
(281,10)
(123,0)
(285,6)
(295,13)
(102,11)
(247,19)
(69,7)
(157,15)
(107,6)
(18,4)
(259,15)
(186,9)
(207,6)
(36,12)
(56,5)
(12,9)
(62,3)
(123,12)
(121,13)
(282,10)
(81,2)
(158,4)
(169,16)
(72,9)
(82,2)
(108,19)
(208,5)
(157,1)
(213,15)
(31,6)
(83,7)
(12,19)
(3,14)
(97,11)
(94,16)
(30,16)
(100,12)
(262,3)
(68,1)
(45,2)
(173,13)
(212,13)
(137,18)
(247,4)
(24,8)
(65,8)
(109,13)
(6,8)
(99,19)
(239,16)
(217,14)
(19,4)
(261,4)
(15,6)
(121,2)
(64,11)
(152,9)
(154,0)
(234,4)
(230,13)
(255,18)
(53,4)
(1,18)
(187,17)
(83,12)
(49,2)
(29,16)
(51,4)
(99,8)
(283,13)
(262,17)
(67,10)
(230,9)
(269,8)
(69,13)
(204,1)
(164,8)
(107,11)
(212,9)
(16,5)
(126,1)
(73,5)
(102,14)
(257,3)
(132,13)
(143,11)
(222,17)
(277,5)
(279,16)
(133,11)
(189,13)
(224,11)
(177,13)
(79,5)
(98,8)
(77,6)
(101,10)
(88,7)
(107,5)
(148,17)
(242,15)
(257,15)
(43,9)
(43,3)
(79,14)
(166,8)
(113,15)
(34,12)
(11,9)
(141,18)
(196,17)
(80,5)
(178,10)
(23,4)
(67,11)
(130,7)
(85,6)
(73,12)
(111,18)
(40,15)
(6,13)
(188,15)
(109,19)
(135,8)
(290,6)
(299,17)
(162,7)
(111,11)
(65,19)
(67,19)
(281,18)
(284,7)
(1,19)
(39,13)
(12,0)
(92,9)
(49,15)
(199,9)
(156,0)
(130,4)
(274,5)
(162,3)
(66,0)
(242,0)
(212,4)
(22,14)
(97,18)
(259,3)
(275,18)
(82,7)
(179,15)
(274,12)
(8,14)
(148,16)
(177,10)
(191,6)
(157,6)
(217,18)
(295,12)
(64,6)
(228,17)
(49,16)
(49,14)
(90,16)
(43,10)
(22,13)
(201,3)
(230,0)
(162,16)
(48,16)
(23,11)
(207,10)
(247,18)
(159,1)
(38,17)
(286,17)
(211,12)
(104,9)
(107,19)
(125,7)
(22,0)
(265,10)
(35,15)
(266,5)
(38,11)
(114,2)
(100,11)
(165,5)
(101,9)
(291,11)
(15,10)
(259,17)
(41,2)
(285,19)
(46,12)
(35,16)
(102,7)
(27,12)
(176,13)
(128,12)
(296,19)
(141,10)
(189,9)
(54,8)
(152,13)
(212,14)
(100,3)
(272,11)
(213,14)
(65,17)
(80,6)
(80,9)
(34,14)
(148,14)
(122,12)
(114,14)
(280,5)
(135,4)
(284,6)
(174,17)
(222,3)
(99,4)
(67,0)
(219,10)
(196,7)
(167,12)
(127,13)
(101,14)
(40,17)
(146,13)
(126,0)
(205,14)
(132,16)
(45,13)
(190,1)
(172,13)
(22,16)
(286,14)
(210,14)
(8,0)
(257,13)
(77,14)
(239,14)
(194,8)
(46,10)
(215,0)
(166,9)
(104,6)
(11,2)
(98,13)
(216,17)
(212,10)
(189,1)
(40,19)
(225,17)
(146,12)
(43,7)
(204,12)
(68,9)
(285,18)
(52,13)
(277,7)
(164,6)
(50,19)
(0,3)
(281,5)
(32,15)
(15,16)
(266,15)
(116,5)
(90,17)
(294,5)
(281,2)
(56,11)
(112,19)
(28,6)
(187,14)
(234,2)
(203,14)
(267,5)
(159,18)
(32,6)
(122,13)
(134,1)
(92,19)
(91,13)
(248,10)
(55,12)
(213,10)
(247,13)
(161,15)
(265,3)
(171,14)
(283,3)
(198,10)
(75,12)
(172,18)
(196,5)
(177,11)
(13,5)
(29,1)
(122,1)
(192,2)
(82,14)
(35,7)
(217,2)
(35,6)
(137,11)
(59,19)
(61,6)
(111,19)
(283,14)
(60,7)
(126,17)
(156,9)
(146,7)
(147,0)
(83,3)
(99,5)
(264,12)
(148,8)
(100,9)
(279,5)
(117,2)
(139,16)
(51,7)
(285,10)
(284,10)
(230,8)
(167,5)
(87,15)
(159,17)
(248,2)
(29,7)
(273,3)
(215,9)
(187,9)
(294,2)
(193,1)
(208,0)
(289,11)
(147,2)
(214,17)
(276,8)
(206,1)
(172,8)
(125,6)
(140,15)
(82,19)
(13,10)
(171,10)
(193,7)
(82,3)
(4,11)
(84,17)
(244,10)
(285,17)
(69,19)
(238,9)
(251,6)
(69,10)
(172,4)
(56,15)
(46,2)
(212,1)
(15,7)
(208,17)
(103,5)
(113,16)
(133,6)
(223,16)
(169,17)
(55,3)
(257,5)
(34,15)
(173,4)
(88,17)
(35,9)
(166,15)
(67,8)
(262,10)
(51,19)
(70,13)
(296,16)
(156,3)
(275,7)
(93,7)
(93,14)
(57,12)
(288,19)
(34,2)
(103,15)
(154,18)
(84,2)
(72,18)
(115,2)
(168,5)
(190,5)
(159,14)
(72,14)
(258,2)
(266,14)
(143,17)
(0,9)
(39,9)
(68,13)
(56,12)
(64,16)
(143,4)
(206,4)
(255,8)
(98,4)
(203,7)
(62,12)
(282,19)
(248,15)
(139,15)
(72,7)
(31,0)
(230,17)
(282,12)
(282,3)
(84,11)
(263,4)
(174,2)
(271,2)
(4,17)
(165,16)
(175,9)
(110,1)
(287,15)
(115,18)
(35,2)
(108,7)
(212,18)
(182,12)
(209,1)
(115,1)
(165,15)
(86,13)
(101,17)
(105,0)
(292,5)
(241,4)
(201,0)
(103,14)
(11,5)
(163,16)
(27,1)
(203,13)
(104,8)
(23,6)
(164,10)
(89,9)
(237,14)
(210,0)
(98,12)
(29,13)
(67,18)
(61,16)
(268,1)
(135,3)
(92,14)
(275,0)
(235,16)
(237,11)
(295,11)
(139,5)
(199,5)
(175,12)
(83,14)
(179,7)
(171,9)
(23,1)
(180,19)
(129,11)
(241,18)
(235,2)
(8,1)
(88,19)
(11,19)
(172,19)
(139,17)
(63,16)
(92,17)
(185,15)
(96,19)
(251,17)
(44,13)
(215,18)
(252,13)
(190,4)
(176,3)
(35,3)
(113,4)
(249,15)
(258,8)
(29,15)
(276,14)
(146,9)
(294,3)
(14,6)
(172,12)
(99,12)
(8,12)
(122,6)
(92,11)
(36,7)
(222,9)
(223,14)
(262,11)
(68,6)
(254,7)
(27,3)
(167,2)
(172,14)
(31,10)
(168,12)
(200,18)
(110,16)
(10,4)
(211,15)
(93,11)
(176,12)
(191,18)
(224,3)
(133,16)
(90,15)
(137,4)
(0,2)
(43,2)
(244,15)
(149,13)
(83,18)
(126,9)
(282,16)
(52,19)
(233,14)
(71,14)
(235,8)
(174,7)
(248,8)
(257,8)
(59,3)
(53,11)
(26,2)
(226,7)
(17,3)
(227,7)
(286,1)
(164,11)
(72,10)
(246,4)
(236,10)
(243,11)
(54,5)
(100,15)
(284,17)
(22,2)
(255,11)
(250,18)
(167,6)
(208,11)
(13,7)
(39,3)
(157,11)
(225,2)
(244,6)
(288,6)
(266,6)
(148,1)
(6,4)
(7,9)
(109,6)
(98,6)
(142,7)
(138,18)
(156,8)
(146,2)
(125,13)
(49,18)
(181,5)
(90,6)
(18,0)
(292,15)
(5,4)
(46,16)
(10,16)
(99,3)
(172,17)
(103,13)
(282,0)
(49,4)
(114,19)
(110,9)
(216,15)
(182,1)
(288,11)
(9,17)
(23,14)
(96,10)
(287,10)
(21,4)
(40,3)
(127,10)
(241,10)
(171,0)
(43,6)
(122,4)
(102,13)
(139,3)
(36,19)
(206,2)
(125,18)
(84,6)
(146,15)
(40,10)
(175,5)
(265,15)
(131,18)
(280,14)
(108,14)
(71,17)
(169,18)
(144,0)
(125,4)
(289,3)
(193,6)
(125,10)
(224,10)
(276,16)
(36,14)
(172,15)
(165,9)
(95,4)
(245,14)
(250,5)
(269,7)
(93,6)
(34,9)
(164,5)
(28,12)
(157,10)
(126,14)
(56,18)
(25,13)
(296,1)
(163,1)
(77,8)
(209,4)
(23,16)
(238,3)
(126,16)
(154,1)
(75,1)
(74,13)
(236,3)
(179,17)
(150,17)
(259,10)
(124,0)
(219,2)
(246,11)
(216,8)
(173,19)
(195,18)
(167,7)
(216,5)
(233,12)
(140,14)
(180,17)
(33,9)
(14,1)
(299,2)
(78,17)
(3,10)
(242,3)
(196,4)
(0,18)
(52,6)
(53,5)
(294,6)
(54,4)
(224,19)
(275,15)
(8,2)
(216,18)
(32,2)
(144,19)
(170,11)
(71,3)
(150,12)
(71,15)
(297,17)
(245,7)
(229,4)
(143,16)
(168,8)
(187,18)
(27,14)
(262,14)
(233,16)
(33,13)
(63,1)
(57,4)
(198,0)
(3,6)
(266,9)
(186,16)
(183,5)
(276,18)
(87,0)
(297,18)
(228,1)
(184,16)
(293,14)
(195,11)
(229,17)
(64,13)
(99,10)
(179,16)
(82,6)
(4,5)
(286,6)
(203,10)
(153,7)
(56,3)
(186,13)
(46,8)
(18,12)
(174,11)
(242,2)
(87,2)
(194,5)
(115,13)
(112,15)
(48,5)
(26,18)
(283,7)
(21,12)
(194,15)
(201,2)
(204,6)
(133,1)
(124,12)
(136,9)
(191,0)
(164,18)
(12,16)
(112,16)
(122,14)
(290,15)
(6,17)
(243,14)
(266,7)
(6,3)
(98,16)
(95,11)
(67,3)
(293,15)
(236,4)
(159,15)
(191,15)
(28,9)
(199,0)
(149,6)
(122,17)
(103,18)
(8,5)
(96,13)
(130,5)
(238,5)
(176,5)
(3,12)
(281,9)
(105,19)
(150,2)
(49,13)
(234,5)
(275,10)
(203,17)
(281,19)
(212,7)
(110,7)
(134,11)
(270,8)
(253,13)
(42,14)
(100,7)
(12,13)
(221,13)
(220,5)
(197,12)
(228,19)
(254,19)
(133,8)
(26,15)
(76,13)
(189,17)
(2,4)
(182,16)
(271,11)
(164,15)
(128,7)
(160,16)
(286,7)
(234,18)
(5,10)
(29,12)
(31,12)
(189,5)
(101,2)
(157,8)
(118,12)
(153,14)
(149,7)
(288,3)
(171,19)
(225,0)
(280,3)
(188,6)
(135,7)
(81,15)
(249,6)
(291,16)
(27,10)
(43,5)
(101,3)
(254,2)
(25,11)
(150,16)
(234,6)
(108,10)
(169,19)
(202,1)
(174,16)
(237,5)
(265,14)
