200 Users
34 Files
2500 Transactions
2 Maximum Connections
1 Cycle Length per Upload-Download
0 Warm-up Transactions
0.400000 Zipf constant
5 Pre-Trusted Users
160 Well-Behaved (Good) Users
40 Purely Malicious Users
0 Feedback Skewing Users
0 Malignant Providing Users
0 Disguised Malicous Users
0 Sybil Attack Users
true Intelligent Trans. Generation
1561012343531 Trace Generation Seed

(0.037500,0.000000,1,false)
(0.049853,0.000000,1,false)
(0.006296,0.000000,1,false)
(0.081403,0.000000,1,false)
(0.091020,0.000000,1,false)
(0.096501,0.000000,1,false)
(0.082828,0.000000,1,false)
(0.092511,0.000000,1,false)
(0.066271,0.000000,1,false)
(0.024266,0.000000,1,false)
(0.062635,0.000000,1,false)
(0.020058,0.000000,1,false)
(0.078573,0.000000,1,false)
(0.015143,0.000000,1,false)
(0.095793,0.000000,1,false)
(0.046666,0.000000,1,false)
(0.077428,0.000000,1,false)
(0.091401,0.000000,1,false)
(0.036089,0.000000,1,false)
(0.043163,0.000000,1,false)
(0.072071,0.000000,1,false)
(0.048109,0.000000,1,false)
(0.020081,0.000000,1,false)
(0.091401,0.000000,1,false)
(0.044360,0.000000,1,false)
(0.051524,0.000000,1,false)
(0.058181,0.000000,1,false)
(0.072447,0.000000,1,false)
(0.060229,0.000000,1,false)
(0.008136,0.000000,1,false)
(0.030877,0.000000,1,false)
(0.047832,0.000000,1,false)
(0.002354,0.000000,1,false)
(0.058873,0.000000,1,false)
(0.052444,0.000000,1,false)
(0.081591,0.000000,1,false)
(0.098725,0.000000,1,false)
(0.068321,0.000000,1,false)
(0.024339,0.000000,1,false)
(0.086456,0.000000,1,false)
(0.985499,1.000000,0,true)
(0.940261,1.000000,0,true)
(0.949019,1.000000,0,true)
(0.971170,1.000000,0,true)
(0.992184,1.000000,0,true)
(0.906737,1.000000,0,false)
(0.968264,1.000000,0,false)
(0.905921,1.000000,0,false)
(0.975848,1.000000,0,false)
(0.903140,1.000000,0,false)
(0.925370,1.000000,0,false)
(0.903814,1.000000,0,false)
(0.981591,1.000000,0,false)
(0.962514,1.000000,0,false)
(0.900272,1.000000,0,false)
(0.986039,1.000000,0,false)
(0.950986,1.000000,0,false)
(0.936713,1.000000,0,false)
(0.986941,1.000000,0,false)
(0.950229,1.000000,0,false)
(0.915808,1.000000,0,false)
(0.943178,1.000000,0,false)
(0.964391,1.000000,0,false)
(0.963857,1.000000,0,false)
(0.903050,1.000000,0,false)
(0.986036,1.000000,0,false)
(0.933872,1.000000,0,false)
(0.939378,1.000000,0,false)
(0.997619,1.000000,0,false)
(0.996527,1.000000,0,false)
(0.958636,1.000000,0,false)
(0.960100,1.000000,0,false)
(0.991432,1.000000,0,false)
(0.931802,1.000000,0,false)
(0.967165,1.000000,0,false)
(0.949488,1.000000,0,false)
(0.989333,1.000000,0,false)
(0.999556,1.000000,0,false)
(0.914659,1.000000,0,false)
(0.984721,1.000000,0,false)
(0.943323,1.000000,0,false)
(0.938766,1.000000,0,false)
(0.940818,1.000000,0,false)
(0.947795,1.000000,0,false)
(0.947047,1.000000,0,false)
(0.983939,1.000000,0,false)
(0.914611,1.000000,0,false)
(0.984323,1.000000,0,false)
(0.942307,1.000000,0,false)
(0.971864,1.000000,0,false)
(0.918716,1.000000,0,false)
(0.901410,1.000000,0,false)
(0.968559,1.000000,0,false)
(0.915733,1.000000,0,false)
(0.997725,1.000000,0,false)
(0.981599,1.000000,0,false)
(0.924945,1.000000,0,false)
(0.971823,1.000000,0,false)
(0.974946,1.000000,0,false)
(0.919839,1.000000,0,false)
(0.912341,1.000000,0,false)
(0.958592,1.000000,0,false)
(0.932786,1.000000,0,false)
(0.904821,1.000000,0,false)
(0.980244,1.000000,0,false)
(0.957058,1.000000,0,false)
(0.951211,1.000000,0,false)
(0.964709,1.000000,0,false)
(0.919996,1.000000,0,false)
(0.924800,1.000000,0,false)
(0.907655,1.000000,0,false)
(0.980444,1.000000,0,false)
(0.921955,1.000000,0,false)
(0.993655,1.000000,0,false)
(0.960018,1.000000,0,false)
(0.937250,1.000000,0,false)
(0.949623,1.000000,0,false)
(0.993403,1.000000,0,false)
(0.962035,1.000000,0,false)
(0.936846,1.000000,0,false)
(0.978615,1.000000,0,false)
(0.950234,1.000000,0,false)
(0.997301,1.000000,0,false)
(0.929072,1.000000,0,false)
(0.902514,1.000000,0,false)
(0.949749,1.000000,0,false)
(0.964626,1.000000,0,false)
(0.942281,1.000000,0,false)
(0.921249,1.000000,0,false)
(0.929494,1.000000,0,false)
(0.903163,1.000000,0,false)
(0.996791,1.000000,0,false)
(0.900592,1.000000,0,false)
(0.975738,1.000000,0,false)
(0.910869,1.000000,0,false)
(0.975069,1.000000,0,false)
(0.923659,1.000000,0,false)
(0.943227,1.000000,0,false)
(0.984404,1.000000,0,false)
(0.996050,1.000000,0,false)
(0.947038,1.000000,0,false)
(0.995055,1.000000,0,false)
(0.992424,1.000000,0,false)
(0.999078,1.000000,0,false)
(0.925227,1.000000,0,false)
(0.972612,1.000000,0,false)
(0.987506,1.000000,0,false)
(0.985475,1.000000,0,false)
(0.977495,1.000000,0,false)
(0.952713,1.000000,0,false)
(0.964580,1.000000,0,false)
(0.992548,1.000000,0,false)
(0.941142,1.000000,0,false)
(0.930571,1.000000,0,false)
(0.985745,1.000000,0,false)
(0.986126,1.000000,0,false)
(0.984298,1.000000,0,false)
(0.983182,1.000000,0,false)
(0.912742,1.000000,0,false)
(0.953294,1.000000,0,false)
(0.939985,1.000000,0,false)
(0.917996,1.000000,0,false)
(0.919108,1.000000,0,false)
(0.956971,1.000000,0,false)
(0.971142,1.000000,0,false)
(0.996407,1.000000,0,false)
(0.994190,1.000000,0,false)
(0.978351,1.000000,0,false)
(0.983582,1.000000,0,false)
(0.940638,1.000000,0,false)
(0.900683,1.000000,0,false)
(0.921951,1.000000,0,false)
(0.970609,1.000000,0,false)
(0.986018,1.000000,0,false)
(0.906271,1.000000,0,false)
(0.991091,1.000000,0,false)
(0.999057,1.000000,0,false)
(0.928450,1.000000,0,false)
(0.978192,1.000000,0,false)
(0.959168,1.000000,0,false)
(0.931974,1.000000,0,false)
(0.939011,1.000000,0,false)
(0.907192,1.000000,0,false)
(0.963867,1.000000,0,false)
(0.928005,1.000000,0,false)
(0.974196,1.000000,0,false)
(0.914343,1.000000,0,false)
(0.937749,1.000000,0,false)
(0.961719,1.000000,0,false)
(0.901224,1.000000,0,false)
(0.990595,1.000000,0,false)
(0.959230,1.000000,0,false)
(0.972699,1.000000,0,false)
(0.983108,1.000000,0,false)
(0.924671,1.000000,0,false)
(0.962929,1.000000,0,false)
(0.974170,1.000000,0,false)
(0.927882,1.000000,0,false)
(0.990085,1.000000,0,false)
(0.987772,1.000000,0,false)

(0,0,false)
(1,0,false)
(2,0,false)
(3,0,false)
(4,0,false)
(5,0,false)
(7,0,false)
(8,0,true)
(9,0,false)
(10,0,false)
(11,0,false)
(13,0,true)
(14,0,true)
(15,0,false)
(16,0,false)
(17,0,false)
(18,0,false)
(19,0,false)
(20,0,false)
(21,0,false)
(22,0,false)
(23,0,false)
(24,0,false)
(27,0,false)
(29,0,false)
(30,0,false)
(31,0,false)
(32,0,false)
(33,0,false)
(34,0,false)
(35,0,false)
(36,0,false)
(37,0,false)
(39,0,false)
(40,0,true)
(41,0,true)
(42,0,true)
(43,0,true)
(44,0,true)
(45,0,true)
(46,0,true)
(47,0,true)
(50,0,true)
(51,0,true)
(52,0,true)
(53,0,true)
(55,0,true)
(56,0,true)
(57,0,true)
(58,0,true)
(59,0,true)
(60,0,true)
(61,0,false)
(62,0,true)
(63,0,true)
(65,0,true)
(66,0,true)
(67,0,true)
(68,0,true)
(71,0,true)
(72,0,true)
(73,0,true)
(76,0,true)
(77,0,true)
(78,0,true)
(79,0,true)
(81,0,true)
(84,0,true)
(85,0,true)
(86,0,true)
(88,0,true)
(89,0,true)
(90,0,true)
(91,0,true)
(92,0,true)
(94,0,true)
(95,0,true)
(96,0,true)
(97,0,true)
(98,0,true)
(100,0,true)
(101,0,true)
(102,0,true)
(106,0,true)
(108,0,true)
(110,0,true)
(111,0,true)
(113,0,true)
(114,0,true)
(115,0,true)
(116,0,true)
(117,0,true)
(118,0,true)
(119,0,true)
(120,0,true)
(121,0,true)
(123,0,true)
(124,0,true)
(125,0,true)
(127,0,true)
(128,0,true)
(129,0,false)
(130,0,true)
(132,0,true)
(133,0,true)
(134,0,true)
(135,0,true)
(136,0,true)
(137,0,true)
(138,0,true)
(139,0,true)
(140,0,true)
(143,0,true)
(144,0,true)
(145,0,true)
(146,0,true)
(147,0,true)
(148,0,true)
(149,0,true)
(151,0,true)
(154,0,true)
(155,0,true)
(156,0,true)
(158,0,true)
(160,0,true)
(164,0,true)
(165,0,true)
(166,0,true)
(168,0,true)
(171,0,false)
(173,0,true)
(174,0,true)
(176,0,true)
(177,0,true)
(178,0,true)
(180,0,true)
(181,0,true)
(182,0,true)
(183,0,true)
(184,0,true)
(185,0,true)
(186,0,true)
(187,0,true)
(188,0,true)
(189,0,true)
(191,0,true)
(192,0,true)
(195,0,true)
(196,0,true)
(197,0,true)
(198,0,true)
(199,0,true)
(0,1,false)
(1,1,false)
(3,1,false)
(7,1,false)
(8,1,false)
(10,1,false)
(11,1,false)
(13,1,false)
(14,1,false)
(16,1,false)
(17,1,false)
(18,1,false)
(22,1,false)
(24,1,false)
(26,1,false)
(27,1,false)
(31,1,false)
(32,1,false)
(33,1,false)
(36,1,false)
(37,1,false)
(38,1,false)
(39,1,false)
(42,1,true)
(44,1,true)
(45,1,true)
(46,1,true)
(47,1,true)
(49,1,true)
(50,1,true)
(51,1,true)
(52,1,true)
(53,1,true)
(55,1,true)
(56,1,true)
(57,1,false)
(58,1,true)
(59,1,true)
(64,1,false)
(66,1,true)
(67,1,true)
(69,1,true)
(71,1,true)
(74,1,true)
(75,1,true)
(77,1,true)
(79,1,true)
(80,1,true)
(83,1,true)
(84,1,true)
(87,1,true)
(89,1,true)
(91,1,true)
(93,1,true)
(96,1,true)
(97,1,false)
(98,1,true)
(99,1,false)
(105,1,true)
(106,1,true)
(107,1,true)
(109,1,true)
(110,1,true)
(111,1,true)
(112,1,true)
(113,1,true)
(114,1,true)
(115,1,true)
(116,1,true)
(117,1,true)
(118,1,true)
(119,1,true)
(120,1,true)
(121,1,true)
(122,1,true)
(124,1,true)
(125,1,true)
(126,1,true)
(127,1,true)
(128,1,true)
(129,1,true)
(130,1,true)
(131,1,true)
(134,1,true)
(136,1,true)
(137,1,true)
(138,1,true)
(139,1,true)
(141,1,true)
(142,1,true)
(143,1,true)
(144,1,true)
(147,1,true)
(148,1,true)
(150,1,false)
(151,1,true)
(152,1,true)
(153,1,true)
(155,1,true)
(156,1,true)
(157,1,true)
(161,1,false)
(162,1,true)
(164,1,true)
(165,1,true)
(166,1,true)
(168,1,true)
(171,1,true)
(172,1,true)
(173,1,true)
(174,1,false)
(176,1,true)
(177,1,true)
(178,1,true)
(179,1,true)
(180,1,false)
(181,1,true)
(182,1,true)
(183,1,true)
(186,1,true)
(189,1,true)
(190,1,true)
(192,1,true)
(193,1,true)
(194,1,true)
(195,1,true)
(199,1,true)
(0,2,false)
(5,2,false)
(8,2,false)
(10,2,false)
(11,2,false)
(14,2,false)
(18,2,false)
(19,2,false)
(20,2,true)
(21,2,true)
(23,2,false)
(25,2,false)
(27,2,false)
(28,2,false)
(30,2,false)
(31,2,false)
(36,2,false)
(38,2,false)
(39,2,false)
(40,2,true)
(43,2,true)
(44,2,true)
(45,2,true)
(47,2,true)
(48,2,true)
(49,2,true)
(51,2,true)
(52,2,true)
(55,2,true)
(56,2,true)
(58,2,true)
(59,2,true)
(60,2,true)
(62,2,false)
(63,2,true)
(64,2,true)
(66,2,true)
(67,2,true)
(70,2,true)
(73,2,true)
(74,2,true)
(75,2,true)
(77,2,true)
(78,2,true)
(79,2,true)
(80,2,true)
(85,2,true)
(86,2,true)
(88,2,true)
(90,2,true)
(91,2,true)
(94,2,true)
(96,2,true)
(99,2,true)
(101,2,true)
(102,2,false)
(104,2,true)
(105,2,true)
(106,2,true)
(107,2,true)
(108,2,true)
(111,2,true)
(113,2,true)
(114,2,true)
(116,2,true)
(117,2,true)
(120,2,true)
(121,2,true)
(123,2,true)
(132,2,true)
(133,2,true)
(134,2,true)
(135,2,true)
(136,2,true)
(137,2,true)
(138,2,true)
(140,2,true)
(145,2,true)
(146,2,true)
(147,2,true)
(150,2,false)
(151,2,true)
(152,2,true)
(153,2,true)
(154,2,true)
(155,2,false)
(156,2,true)
(157,2,true)
(158,2,true)
(159,2,false)
(162,2,true)
(169,2,true)
(171,2,true)
(173,2,true)
(174,2,true)
(178,2,true)
(180,2,true)
(181,2,true)
(182,2,false)
(185,2,true)
(187,2,true)
(188,2,true)
(189,2,true)
(190,2,true)
(194,2,true)
(196,2,true)
(0,3,false)
(1,3,false)
(2,3,false)
(3,3,false)
(4,3,false)
(6,3,true)
(7,3,false)
(8,3,false)
(9,3,false)
(10,3,false)
(15,3,false)
(17,3,true)
(18,3,false)
(19,3,false)
(22,3,false)
(25,3,false)
(27,3,false)
(28,3,false)
(29,3,false)
(33,3,false)
(34,3,false)
(35,3,false)
(36,3,false)
(38,3,false)
(39,3,false)
(40,3,true)
(41,3,true)
(42,3,false)
(44,3,true)
(45,3,true)
(47,3,true)
(48,3,true)
(49,3,true)
(50,3,true)
(51,3,true)
(53,3,true)
(56,3,true)
(58,3,true)
(66,3,true)
(67,3,true)
(68,3,true)
(69,3,true)
(70,3,true)
(72,3,true)
(74,3,true)
(75,3,true)
(76,3,true)
(78,3,true)
(79,3,true)
(82,3,true)
(83,3,true)
(84,3,true)
(86,3,true)
(87,3,true)
(88,3,true)
(90,3,true)
(91,3,true)
(92,3,true)
(93,3,true)
(97,3,true)
(98,3,true)
(100,3,true)
(101,3,true)
(103,3,true)
(104,3,true)
(106,3,true)
(108,3,true)
(109,3,true)
(110,3,true)
(114,3,true)
(115,3,true)
(118,3,false)
(120,3,true)
(122,3,true)
(123,3,true)
(125,3,true)
(126,3,true)
(128,3,true)
(130,3,true)
(131,3,true)
(133,3,true)
(134,3,true)
(135,3,true)
(136,3,true)
(139,3,true)
(140,3,true)
(144,3,true)
(145,3,true)
(146,3,true)
(147,3,true)
(148,3,true)
(151,3,true)
(152,3,true)
(153,3,true)
(154,3,true)
(156,3,true)
(161,3,true)
(163,3,true)
(164,3,true)
(165,3,true)
(166,3,true)
(167,3,true)
(168,3,true)
(171,3,true)
(173,3,true)
(176,3,true)
(177,3,true)
(179,3,true)
(182,3,true)
(184,3,true)
(190,3,true)
(193,3,true)
(194,3,false)
(197,3,true)
(1,4,false)
(2,4,false)
(3,4,false)
(4,4,false)
(7,4,false)
(8,4,false)
(13,4,false)
(14,4,false)
(17,4,false)
(20,4,false)
(21,4,false)
(22,4,false)
(24,4,false)
(26,4,false)
(28,4,false)
(30,4,false)
(31,4,false)
(36,4,false)
(42,4,true)
(45,4,true)
(48,4,true)
(49,4,true)
(52,4,true)
(53,4,false)
(54,4,true)
(56,4,true)
(58,4,true)
(59,4,true)
(60,4,true)
(61,4,true)
(64,4,true)
(66,4,true)
(68,4,true)
(69,4,true)
(70,4,true)
(71,4,true)
(72,4,true)
(73,4,true)
(74,4,true)
(78,4,true)
(79,4,true)
(83,4,true)
(85,4,true)
(91,4,true)
(93,4,true)
(94,4,true)
(95,4,true)
(98,4,true)
(101,4,true)
(102,4,true)
(103,4,true)
(107,4,true)
(114,4,true)
(115,4,true)
(119,4,true)
(123,4,true)
(126,4,true)
(127,4,true)
(128,4,true)
(130,4,true)
(131,4,true)
(135,4,true)
(140,4,true)
(141,4,true)
(142,4,true)
(143,4,true)
(148,4,true)
(150,4,true)
(151,4,true)
(153,4,true)
(155,4,true)
(158,4,true)
(161,4,true)
(163,4,true)
(164,4,true)
(166,4,true)
(170,4,true)
(178,4,true)
(180,4,true)
(181,4,true)
(182,4,true)
(183,4,true)
(184,4,true)
(186,4,false)
(188,4,true)
(190,4,true)
(195,4,true)
(196,4,true)
(198,4,true)
(0,5,false)
(2,5,false)
(4,5,false)
(6,5,false)
(8,5,false)
(10,5,false)
(17,5,false)
(18,5,false)
(19,5,false)
(20,5,false)
(24,5,false)
(26,5,false)
(27,5,false)
(28,5,false)
(29,5,false)
(30,5,false)
(32,5,false)
(34,5,false)
(35,5,false)
(37,5,false)
(38,5,false)
(39,5,false)
(40,5,true)
(42,5,true)
(43,5,true)
(48,5,true)
(49,5,true)
(50,5,true)
(52,5,true)
(53,5,true)
(54,5,true)
(58,5,true)
(60,5,true)
(65,5,true)
(68,5,true)
(69,5,true)
(71,5,false)
(72,5,true)
(73,5,true)
(75,5,true)
(76,5,true)
(77,5,true)
(78,5,true)
(79,5,true)
(80,5,true)
(85,5,true)
(87,5,true)
(88,5,true)
(90,5,true)
(91,5,true)
(92,5,true)
(93,5,false)
(95,5,true)
(96,5,true)
(99,5,true)
(100,5,true)
(101,5,true)
(105,5,true)
(110,5,true)
(112,5,true)
(114,5,true)
(115,5,true)
(116,5,true)
(118,5,true)
(120,5,true)
(121,5,false)
(122,5,true)
(126,5,true)
(128,5,true)
(130,5,true)
(133,5,true)
(134,5,true)
(136,5,true)
(137,5,true)
(139,5,true)
(140,5,true)
(143,5,true)
(144,5,true)
(145,5,true)
(147,5,true)
(149,5,true)
(150,5,true)
(151,5,true)
(152,5,true)
(153,5,true)
(154,5,true)
(155,5,true)
(158,5,true)
(160,5,false)
(161,5,true)
(162,5,true)
(163,5,true)
(170,5,true)
(173,5,true)
(174,5,true)
(177,5,true)
(178,5,true)
(179,5,true)
(181,5,true)
(183,5,true)
(185,5,true)
(188,5,true)
(192,5,true)
(194,5,true)
(1,6,false)
(3,6,false)
(5,6,false)
(7,6,false)
(9,6,false)
(13,6,false)
(14,6,false)
(15,6,false)
(17,6,false)
(18,6,false)
(19,6,false)
(22,6,false)
(26,6,false)
(32,6,false)
(36,6,true)
(39,6,false)
(40,6,true)
(41,6,true)
(42,6,true)
(44,6,true)
(49,6,false)
(50,6,true)
(51,6,true)
(55,6,true)
(61,6,true)
(62,6,true)
(64,6,true)
(65,6,true)
(66,6,true)
(67,6,true)
(69,6,true)
(73,6,true)
(76,6,true)
(79,6,true)
(80,6,true)
(83,6,false)
(84,6,true)
(85,6,true)
(86,6,true)
(92,6,true)
(95,6,true)
(96,6,true)
(97,6,true)
(98,6,true)
(99,6,true)
(100,6,true)
(103,6,true)
(105,6,true)
(106,6,true)
(107,6,true)
(109,6,true)
(110,6,true)
(111,6,true)
(119,6,true)
(121,6,true)
(122,6,true)
(124,6,false)
(133,6,true)
(134,6,true)
(135,6,true)
(136,6,true)
(137,6,true)
(139,6,true)
(141,6,true)
(142,6,true)
(143,6,true)
(144,6,true)
(147,6,true)
(152,6,true)
(155,6,true)
(159,6,true)
(163,6,true)
(166,6,true)
(169,6,true)
(172,6,true)
(173,6,true)
(174,6,true)
(178,6,true)
(180,6,true)
(182,6,true)
(185,6,true)
(186,6,true)
(190,6,true)
(192,6,true)
(193,6,true)
(194,6,false)
(198,6,true)
(3,7,false)
(6,7,false)
(9,7,false)
(10,7,false)
(12,7,false)
(14,7,false)
(15,7,false)
(17,7,false)
(18,7,false)
(21,7,false)
(24,7,false)
(25,7,false)
(30,7,false)
(31,7,false)
(32,7,false)
(33,7,false)
(34,7,false)
(35,7,false)
(37,7,false)
(38,7,false)
(43,7,true)
(44,7,true)
(46,7,true)
(47,7,true)
(61,7,true)
(64,7,true)
(65,7,true)
(66,7,false)
(70,7,true)
(71,7,true)
(76,7,true)
(77,7,true)
(81,7,true)
(83,7,true)
(85,7,true)
(87,7,true)
(88,7,true)
(91,7,false)
(93,7,true)
(98,7,true)
(101,7,true)
(107,7,true)
(108,7,true)
(110,7,true)
(111,7,true)
(116,7,true)
(118,7,true)
(120,7,true)
(124,7,true)
(130,7,true)
(138,7,true)
(141,7,true)
(149,7,true)
(150,7,true)
(151,7,true)
(154,7,true)
(156,7,true)
(158,7,true)
(160,7,true)
(164,7,true)
(166,7,true)
(169,7,true)
(175,7,true)
(176,7,true)
(180,7,true)
(183,7,true)
(184,7,true)
(188,7,true)
(191,7,true)
(194,7,true)
(198,7,true)
(199,7,true)
(3,8,false)
(6,8,false)
(11,8,false)
(13,8,false)
(17,8,false)
(18,8,false)
(19,8,false)
(21,8,false)
(28,8,false)
(29,8,false)
(33,8,false)
(34,8,false)
(36,8,false)
(38,8,false)
(41,8,true)
(44,8,true)
(45,8,true)
(46,8,true)
(48,8,true)
(49,8,true)
(54,8,true)
(59,8,true)
(60,8,true)
(62,8,true)
(65,8,true)
(66,8,true)
(70,8,true)
(72,8,true)
(74,8,true)
(75,8,true)
(76,8,true)
(77,8,true)
(79,8,true)
(81,8,true)
(87,8,true)
(89,8,true)
(91,8,false)
(92,8,true)
(93,8,true)
(95,8,true)
(104,8,true)
(106,8,true)
(108,8,true)
(110,8,true)
(112,8,true)
(114,8,true)
(121,8,true)
(122,8,true)
(126,8,true)
(127,8,true)
(130,8,true)
(133,8,true)
(137,8,true)
(140,8,true)
(146,8,true)
(149,8,true)
(150,8,true)
(151,8,true)
(152,8,true)
(153,8,true)
(155,8,true)
(157,8,true)
(159,8,true)
(161,8,true)
(164,8,true)
(165,8,true)
(166,8,true)
(167,8,true)
(169,8,true)
(170,8,true)
(171,8,true)
(172,8,true)
(173,8,true)
(175,8,true)
(176,8,true)
(177,8,true)
(180,8,true)
(182,8,true)
(185,8,true)
(186,8,true)
(189,8,true)
(190,8,true)
(197,8,true)
(199,8,true)
(0,9,false)
(3,9,false)
(4,9,false)
(5,9,false)
(7,9,false)
(12,9,false)
(14,9,false)
(36,9,false)
(37,9,false)
(38,9,false)
(40,9,true)
(48,9,true)
(51,9,true)
(52,9,true)
(53,9,true)
(58,9,true)
(60,9,true)
(61,9,true)
(63,9,true)
(64,9,true)
(66,9,true)
(67,9,true)
(69,9,true)
(70,9,true)
(74,9,true)
(76,9,true)
(85,9,true)
(87,9,true)
(88,9,true)
(93,9,true)
(96,9,true)
(104,9,true)
(107,9,true)
(108,9,true)
(110,9,true)
(113,9,true)
(114,9,true)
(115,9,true)
(117,9,true)
(118,9,true)
(119,9,true)
(120,9,true)
(121,9,true)
(124,9,true)
(131,9,true)
(133,9,true)
(134,9,true)
(136,9,true)
(139,9,true)
(142,9,true)
(146,9,true)
(147,9,true)
(149,9,true)
(153,9,true)
(154,9,true)
(155,9,true)
(156,9,true)
(158,9,true)
(163,9,true)
(167,9,true)
(168,9,true)
(169,9,true)
(170,9,true)
(171,9,true)
(174,9,true)
(176,9,true)
(177,9,true)
(179,9,true)
(180,9,true)
(181,9,true)
(182,9,true)
(185,9,true)
(187,9,true)
(190,9,true)
(191,9,true)
(195,9,true)
(199,9,true)
(3,10,false)
(8,10,false)
(13,10,false)
(14,10,true)
(15,10,false)
(16,10,false)
(18,10,false)
(27,10,false)
(28,10,false)
(29,10,false)
(31,10,false)
(32,10,false)
(33,10,false)
(37,10,false)
(39,10,false)
(43,10,true)
(44,10,true)
(46,10,true)
(47,10,true)
(50,10,true)
(51,10,true)
(52,10,true)
(54,10,true)
(55,10,true)
(56,10,true)
(58,10,true)
(64,10,true)
(70,10,true)
(75,10,false)
(81,10,true)
(90,10,true)
(94,10,true)
(95,10,true)
(98,10,true)
(99,10,true)
(104,10,true)
(111,10,true)
(113,10,true)
(117,10,true)
(122,10,true)
(124,10,true)
(126,10,true)
(127,10,true)
(129,10,true)
(131,10,true)
(133,10,true)
(136,10,true)
(137,10,true)
(149,10,true)
(151,10,true)
(154,10,true)
(155,10,true)
(159,10,true)
(160,10,true)
(162,10,true)
(166,10,true)
(168,10,true)
(170,10,true)
(175,10,true)
(179,10,true)
(180,10,true)
(190,10,true)
(191,10,true)
(193,10,false)
(194,10,true)
(196,10,false)
(197,10,true)
(199,10,true)
(3,11,false)
(7,11,false)
(8,11,false)
(9,11,false)
(12,11,false)
(13,11,false)
(16,11,false)
(17,11,false)
(20,11,false)
(22,11,false)
(23,11,false)
(32,11,false)
(37,11,false)
(48,11,true)
(50,11,false)
(54,11,true)
(56,11,true)
(57,11,true)
(58,11,true)
(60,11,false)
(62,11,true)
(64,11,true)
(65,11,true)
(70,11,true)
(71,11,true)
(73,11,true)
(76,11,true)
(77,11,true)
(80,11,true)
(81,11,true)
(82,11,true)
(89,11,true)
(90,11,true)
(94,11,true)
(96,11,false)
(97,11,true)
(100,11,true)
(102,11,true)
(103,11,true)
(105,11,true)
(108,11,true)
(109,11,true)
(116,11,true)
(120,11,true)
(124,11,true)
(126,11,true)
(129,11,true)
(131,11,true)
(132,11,true)
(136,11,true)
(144,11,true)
(145,11,true)
(146,11,true)
(147,11,true)
(150,11,true)
(155,11,true)
(156,11,true)
(157,11,true)
(167,11,true)
(171,11,true)
(172,11,true)
(174,11,true)
(175,11,true)
(178,11,true)
(184,11,true)
(185,11,true)
(186,11,true)
(194,11,true)
(195,11,true)
(196,11,true)
(197,11,true)
(198,11,true)
(199,11,true)
(2,12,false)
(4,12,false)
(6,12,false)
(9,12,false)
(12,12,false)
(17,12,false)
(18,12,false)
(19,12,false)
(25,12,false)
(30,12,false)
(31,12,false)
(32,12,false)
(40,12,true)
(42,12,true)
(50,12,true)
(52,12,true)
(56,12,true)
(58,12,true)
(62,12,true)
(65,12,true)
(68,12,true)
(72,12,true)
(75,12,false)
(77,12,true)
(78,12,false)
(79,12,true)
(81,12,true)
(85,12,true)
(86,12,true)
(87,12,true)
(88,12,true)
(89,12,true)
(93,12,true)
(94,12,true)
(96,12,true)
(97,12,true)
(101,12,true)
(106,12,true)
(107,12,true)
(109,12,true)
(110,12,true)
(111,12,true)
(112,12,true)
(114,12,true)
(115,12,true)
(117,12,true)
(120,12,true)
(121,12,true)
(125,12,true)
(127,12,false)
(134,12,true)
(135,12,true)
(136,12,true)
(139,12,true)
(141,12,true)
(142,12,true)
(144,12,true)
(149,12,true)
(152,12,true)
(154,12,true)
(155,12,true)
(159,12,true)
(168,12,true)
(172,12,true)
(174,12,true)
(176,12,true)
(179,12,true)
(180,12,true)
(181,12,true)
(186,12,true)
(187,12,true)
(188,12,true)
(190,12,true)
(191,12,true)
(192,12,true)
(193,12,true)
(195,12,true)
(197,12,true)
(199,12,true)
(1,13,false)
(3,13,false)
(5,13,false)
(11,13,false)
(14,13,false)
(19,13,false)
(20,13,true)
(21,13,false)
(25,13,false)
(30,13,false)
(34,13,false)
(37,13,false)
(38,13,false)
(41,13,true)
(43,13,true)
(53,13,true)
(55,13,false)
(57,13,false)
(64,13,true)
(65,13,true)
(70,13,true)
(71,13,true)
(74,13,true)
(77,13,true)
(78,13,true)
(83,13,true)
(85,13,true)
(90,13,true)
(95,13,true)
(100,13,true)
(101,13,true)
(103,13,true)
(105,13,true)
(107,13,true)
(108,13,true)
(110,13,false)
(111,13,true)
(113,13,true)
(115,13,true)
(122,13,true)
(125,13,true)
(127,13,true)
(128,13,true)
(138,13,true)
(142,13,true)
(147,13,true)
(149,13,true)
(150,13,true)
(153,13,true)
(155,13,true)
(156,13,true)
(157,13,true)
(159,13,true)
(161,13,true)
(162,13,true)
(166,13,true)
(171,13,true)
(173,13,true)
(177,13,true)
(180,13,false)
(185,13,true)
(188,13,true)
(190,13,true)
(194,13,true)
(195,13,true)
(196,13,true)
(197,13,false)
(198,13,true)
(199,13,true)
(1,14,false)
(2,14,false)
(3,14,false)
(5,14,false)
(12,14,false)
(18,14,false)
(24,14,false)
(30,14,false)
(34,14,false)
(37,14,false)
(42,14,true)
(44,14,true)
(47,14,true)
(50,14,true)
(52,14,true)
(53,14,true)
(56,14,true)
(63,14,true)
(65,14,true)
(69,14,true)
(71,14,true)
(73,14,true)
(74,14,true)
(79,14,true)
(80,14,true)
(81,14,true)
(85,14,true)
(88,14,true)
(90,14,true)
(93,14,false)
(95,14,true)
(96,14,true)
(99,14,true)
(101,14,true)
(105,14,true)
(107,14,true)
(117,14,true)
(118,14,true)
(120,14,true)
(122,14,true)
(123,14,true)
(125,14,true)
(126,14,true)
(127,14,true)
(128,14,true)
(129,14,true)
(130,14,true)
(144,14,true)
(145,14,true)
(148,14,true)
(152,14,true)
(154,14,true)
(164,14,false)
(167,14,true)
(173,14,true)
(176,14,true)
(177,14,true)
(178,14,true)
(180,14,true)
(181,14,true)
(184,14,true)
(185,14,false)
(187,14,true)
(191,14,false)
(195,14,true)
(199,14,true)
(5,15,false)
(8,15,false)
(13,15,false)
(14,15,false)
(15,15,false)
(17,15,false)
(18,15,false)
(20,15,false)
(26,15,false)
(27,15,false)
(30,15,false)
(39,15,false)
(40,15,true)
(46,15,true)
(50,15,true)
(52,15,true)
(55,15,true)
(57,15,true)
(58,15,true)
(60,15,true)
(61,15,true)
(63,15,true)
(70,15,true)
(71,15,true)
(72,15,true)
(74,15,true)
(76,15,true)
(77,15,true)
(86,15,true)
(87,15,true)
(88,15,true)
(90,15,true)
(91,15,false)
(94,15,true)
(96,15,true)
(100,15,true)
(102,15,true)
(103,15,true)
(105,15,true)
(106,15,true)
(107,15,true)
(110,15,true)
(111,15,true)
(120,15,true)
(121,15,true)
(123,15,true)
(127,15,true)
(129,15,true)
(132,15,true)
(134,15,false)
(136,15,true)
(138,15,true)
(145,15,true)
(146,15,true)
(151,15,true)
(152,15,true)
(153,15,true)
(161,15,true)
(163,15,true)
(165,15,true)
(167,15,true)
(172,15,true)
(175,15,true)
(176,15,true)
(185,15,true)
(186,15,true)
(188,15,true)
(193,15,true)
(194,15,true)
(195,15,true)
(0,16,false)
(5,16,false)
(7,16,false)
(8,16,false)
(12,16,true)
(25,16,false)
(31,16,false)
(36,16,false)
(45,16,true)
(46,16,true)
(48,16,true)
(58,16,true)
(62,16,true)
(68,16,true)
(69,16,true)
(70,16,false)
(79,16,true)
(83,16,true)
(84,16,true)
(88,16,true)
(89,16,true)
(93,16,true)
(97,16,true)
(102,16,false)
(105,16,true)
(107,16,true)
(113,16,true)
(114,16,true)
(123,16,true)
(124,16,true)
(132,16,true)
(134,16,true)
(141,16,true)
(143,16,true)
(144,16,true)
(146,16,true)
(155,16,true)
(156,16,true)
(157,16,true)
(158,16,true)
(159,16,true)
(161,16,true)
(168,16,true)
(170,16,true)
(174,16,true)
(177,16,true)
(186,16,true)
(188,16,true)
(190,16,true)
(193,16,true)
(194,16,true)
(195,16,true)
(196,16,true)
(199,16,true)
(0,17,false)
(6,17,false)
(9,17,false)
(10,17,false)
(11,17,false)
(14,17,false)
(17,17,false)
(19,17,false)
(21,17,false)
(24,17,false)
(25,17,false)
(33,17,false)
(34,17,false)
(37,17,false)
(40,17,true)
(41,17,true)
(47,17,true)
(48,17,true)
(60,17,true)
(64,17,true)
(70,17,true)
(72,17,true)
(75,17,true)
(76,17,true)
(80,17,true)
(82,17,true)
(87,17,true)
(88,17,true)
(90,17,false)
(91,17,true)
(94,17,true)
(95,17,true)
(101,17,true)
(102,17,true)
(105,17,true)
(106,17,true)
(109,17,true)
(111,17,true)
(113,17,true)
(119,17,true)
(125,17,true)
(134,17,true)
(136,17,true)
(142,17,true)
(153,17,true)
(155,17,true)
(156,17,true)
(158,17,true)
(167,17,true)
(168,17,true)
(169,17,false)
(170,17,true)
(173,17,true)
(176,17,true)
(177,17,true)
(178,17,true)
(179,17,true)
(184,17,true)
(186,17,true)
(193,17,true)
(194,17,true)
(198,17,true)
(1,18,false)
(5,18,false)
(11,18,false)
(14,18,true)
(15,18,false)
(18,18,false)
(20,18,false)
(21,18,false)
(22,18,false)
(23,18,false)
(24,18,false)
(26,18,false)
(28,18,false)
(29,18,false)
(32,18,false)
(33,18,false)
(35,18,false)
(36,18,false)
(56,18,true)
(59,18,true)
(74,18,true)
(75,18,true)
(83,18,true)
(88,18,true)
(89,18,true)
(93,18,true)
(94,18,true)
(96,18,true)
(97,18,true)
(108,18,true)
(117,18,true)
(118,18,true)
(119,18,true)
(121,18,true)
(122,18,true)
(123,18,true)
(124,18,true)
(126,18,true)
(130,18,true)
(132,18,true)
(143,18,true)
(144,18,true)
(146,18,true)
(148,18,true)
(149,18,true)
(151,18,true)
(156,18,true)
(157,18,true)
(159,18,true)
(161,18,false)
(178,18,true)
(179,18,true)
(181,18,true)
(183,18,true)
(187,18,true)
(190,18,true)
(195,18,true)
(197,18,true)
(4,19,false)
(5,19,false)
(8,19,false)
(9,19,false)
(11,19,false)
(13,19,false)
(15,19,false)
(16,19,false)
(26,19,false)
(28,19,false)
(30,19,false)
(34,19,false)
(35,19,false)
(41,19,true)
(52,19,true)
(53,19,true)
(56,19,true)
(62,19,true)
(63,19,true)
(64,19,false)
(68,19,true)
(70,19,true)
(72,19,true)
(79,19,true)
(87,19,true)
(90,19,true)
(91,19,true)
(92,19,true)
(94,19,true)
(102,19,true)
(103,19,true)
(107,19,true)
(110,19,true)
(112,19,true)
(113,19,true)
(117,19,true)
(121,19,true)
(122,19,true)
(125,19,true)
(127,19,true)
(128,19,true)
(130,19,true)
(135,19,true)
(137,19,true)
(139,19,true)
(151,19,true)
(153,19,true)
(156,19,true)
(158,19,true)
(163,19,true)
(165,19,true)
(170,19,true)
(172,19,true)
(179,19,true)
(182,19,true)
(186,19,true)
(187,19,true)
(189,19,false)
(193,19,true)
(194,19,true)
(1,20,false)
(3,20,false)
(4,20,false)
(6,20,false)
(7,20,false)
(8,20,false)
(14,20,false)
(17,20,false)
(18,20,false)
(20,20,false)
(21,20,false)
(24,20,false)
(25,20,false)
(31,20,false)
(40,20,true)
(46,20,true)
(47,20,true)
(48,20,true)
(52,20,true)
(55,20,true)
(58,20,true)
(59,20,true)
(60,20,true)
(61,20,true)
(62,20,true)
(70,20,true)
(78,20,true)
(87,20,true)
(88,20,true)
(92,20,true)
(95,20,true)
(102,20,true)
(104,20,true)
(106,20,true)
(108,20,true)
(112,20,true)
(123,20,true)
(126,20,false)
(127,20,true)
(131,20,true)
(137,20,true)
(139,20,true)
(140,20,true)
(144,20,true)
(145,20,true)
(155,20,true)
(163,20,true)
(170,20,true)
(182,20,true)
(188,20,true)
(189,20,true)
(191,20,true)
(195,20,true)
(0,21,false)
(2,21,false)
(5,21,false)
(8,21,false)
(9,21,false)
(16,21,true)
(25,21,false)
(27,21,false)
(29,21,false)
(35,21,true)
(36,21,false)
(37,21,false)
(39,21,false)
(51,21,true)
(66,21,true)
(67,21,true)
(75,21,true)
(78,21,true)
(86,21,true)
(87,21,true)
(88,21,true)
(89,21,true)
(93,21,true)
(94,21,true)
(109,21,true)
(116,21,true)
(121,21,false)
(129,21,true)
(137,21,true)
(143,21,true)
(148,21,true)
(153,21,true)
(154,21,true)
(155,21,true)
(161,21,false)
(168,21,true)
(174,21,true)
(176,21,true)
(181,21,true)
(186,21,true)
(187,21,true)
(189,21,true)
(194,21,true)
(196,21,true)
(198,21,true)
(199,21,true)
(2,22,false)
(5,22,false)
(8,22,false)
(9,22,false)
(12,22,false)
(13,22,false)
(18,22,false)
(19,22,false)
(21,22,false)
(23,22,false)
(24,22,false)
(32,22,false)
(35,22,false)
(39,22,false)
(48,22,true)
(49,22,true)
(52,22,true)
(53,22,true)
(55,22,true)
(59,22,true)
(68,22,true)
(69,22,true)
(72,22,true)
(81,22,true)
(91,22,true)
(92,22,true)
(95,22,true)
(96,22,true)
(97,22,true)
(101,22,true)
(102,22,true)
(104,22,true)
(107,22,true)
(108,22,true)
(109,22,true)
(116,22,true)
(118,22,true)
(124,22,true)
(130,22,true)
(145,22,true)
(146,22,true)
(149,22,true)
(155,22,true)
(156,22,true)
(161,22,true)
(166,22,true)
(168,22,true)
(169,22,true)
(175,22,true)
(176,22,true)
(185,22,true)
(186,22,true)
(187,22,true)
(189,22,true)
(192,22,true)
(5,23,false)
(12,23,false)
(16,23,false)
(23,23,false)
(26,23,false)
(27,23,false)
(40,23,true)
(45,23,false)
(61,23,true)
(63,23,true)
(70,23,true)
(71,23,true)
(77,23,true)
(83,23,true)
(84,23,true)
(86,23,true)
(95,23,true)
(97,23,true)
(99,23,true)
(101,23,true)
(102,23,true)
(111,23,true)
(112,23,true)
(113,23,true)
(121,23,true)
(123,23,true)
(131,23,true)
(136,23,true)
(137,23,true)
(139,23,true)
(140,23,true)
(145,23,true)
(149,23,true)
(151,23,true)
(157,23,true)
(161,23,true)
(164,23,true)
(167,23,true)
(168,23,true)
(169,23,true)
(179,23,true)
(180,23,true)
(182,23,true)
(187,23,true)
(190,23,true)
(194,23,true)
(196,23,true)
(198,23,true)
(199,23,true)
(10,24,false)
(11,24,false)
(12,24,false)
(19,24,true)
(21,24,false)
(35,24,false)
(37,24,false)
(44,24,true)
(57,24,true)
(65,24,true)
(68,24,true)
(71,24,true)
(72,24,true)
(78,24,true)
(79,24,true)
(84,24,true)
(86,24,true)
(92,24,true)
(94,24,true)
(96,24,true)
(97,24,true)
(99,24,true)
(104,24,true)
(110,24,true)
(111,24,true)
(120,24,true)
(123,24,true)
(126,24,true)
(131,24,true)
(133,24,true)
(134,24,true)
(146,24,true)
(153,24,true)
(154,24,true)
(160,24,true)
(163,24,true)
(167,24,true)
(168,24,false)
(172,24,true)
(177,24,true)
(179,24,true)
(184,24,true)
(185,24,true)
(192,24,true)
(196,24,true)
(199,24,true)
(2,25,false)
(9,25,false)
(10,25,false)
(12,25,false)
(15,25,false)
(17,25,false)
(19,25,false)
(21,25,false)
(22,25,false)
(23,25,false)
(25,25,false)
(28,25,false)
(32,25,false)
(34,25,false)
(36,25,false)
(42,25,true)
(53,25,true)
(56,25,true)
(59,25,true)
(63,25,true)
(64,25,true)
(65,25,true)
(69,25,true)
(71,25,true)
(75,25,true)
(78,25,true)
(87,25,true)
(90,25,true)
(95,25,true)
(97,25,true)
(98,25,true)
(100,25,true)
(102,25,true)
(103,25,true)
(104,25,true)
(107,25,true)
(108,25,true)
(109,25,true)
(110,25,true)
(112,25,true)
(114,25,false)
(119,25,true)
(123,25,true)
(124,25,true)
(126,25,true)
(130,25,true)
(131,25,true)
(132,25,true)
(137,25,true)
(140,25,true)
(142,25,true)
(145,25,true)
(146,25,true)
(147,25,true)
(153,25,true)
(159,25,true)
(160,25,true)
(161,25,true)
(163,25,true)
(167,25,true)
(179,25,true)
(187,25,true)
(193,25,true)
(195,25,true)
(197,25,true)
(2,26,false)
(3,26,true)
(5,26,false)
(7,26,false)
(9,26,false)
(10,26,false)
(12,26,false)
(13,26,false)
(15,26,false)
(17,26,false)
(20,26,false)
(22,26,false)
(24,26,true)
(28,26,false)
(30,26,false)
(38,26,false)
(39,26,false)
(40,26,true)
(42,26,true)
(43,26,true)
(44,26,true)
(46,26,true)
(47,26,true)
(51,26,true)
(58,26,true)
(59,26,true)
(60,26,true)
(61,26,true)
(63,26,true)
(64,26,false)
(66,26,true)
(70,26,true)
(71,26,true)
(72,26,true)
(73,26,true)
(74,26,true)
(76,26,true)
(77,26,true)
(81,26,true)
(85,26,true)
(86,26,true)
(88,26,true)
(95,26,true)
(97,26,true)
(98,26,true)
(105,26,true)
(107,26,true)
(109,26,true)
(111,26,true)
(121,26,true)
(128,26,true)
(135,26,true)
(136,26,true)
(138,26,true)
(139,26,true)
(142,26,true)
(143,26,true)
(151,26,true)
(152,26,true)
(154,26,true)
(155,26,true)
(156,26,true)
(163,26,true)
(164,26,true)
(165,26,true)
(172,26,true)
(176,26,true)
(181,26,true)
(185,26,true)
(187,26,true)
(188,26,true)
(190,26,true)
(195,26,true)
(197,26,true)
(198,26,true)
(199,26,true)
(2,27,false)
(9,27,false)
(10,27,false)
(17,27,false)
(21,27,false)
(24,27,false)
(34,27,false)
(40,27,true)
(47,27,true)
(51,27,true)
(57,27,false)
(63,27,false)
(82,27,true)
(84,27,true)
(88,27,false)
(92,27,true)
(96,27,false)
(98,27,true)
(100,27,true)
(105,27,true)
(112,27,false)
(113,27,true)
(114,27,true)
(118,27,true)
(120,27,true)
(121,27,true)
(123,27,true)
(135,27,true)
(136,27,true)
(140,27,true)
(146,27,true)
(150,27,true)
(155,27,true)
(156,27,true)
(158,27,true)
(167,27,true)
(171,27,true)
(174,27,true)
(181,27,true)
(183,27,true)
(184,27,true)
(187,27,true)
(193,27,true)
(194,27,true)
(198,27,true)
(4,28,false)
(12,28,false)
(24,28,false)
(27,28,false)
(29,28,false)
(31,28,false)
(34,28,false)
(40,28,true)
(44,28,true)
(45,28,true)
(46,28,true)
(53,28,true)
(54,28,true)
(55,28,true)
(56,28,true)
(60,28,true)
(64,28,true)
(65,28,true)
(67,28,true)
(73,28,false)
(83,28,true)
(86,28,true)
(91,28,true)
(92,28,true)
(98,28,true)
(99,28,true)
(101,28,true)
(107,28,true)
(108,28,true)
(109,28,true)
(114,28,true)
(119,28,true)
(121,28,true)
(122,28,true)
(127,28,true)
(129,28,true)
(130,28,true)
(144,28,true)
(146,28,true)
(153,28,true)
(163,28,true)
(168,28,true)
(172,28,true)
(173,28,true)
(177,28,true)
(178,28,true)
(180,28,true)
(181,28,true)
(185,28,false)
(195,28,true)
(1,29,false)
(3,29,false)
(8,29,false)
(10,29,false)
(13,29,false)
(23,29,false)
(24,29,false)
(26,29,false)
(32,29,false)
(36,29,false)
(37,29,false)
(39,29,false)
(41,29,true)
(42,29,true)
(43,29,true)
(52,29,true)
(55,29,true)
(60,29,true)
(64,29,true)
(65,29,true)
(70,29,true)
(72,29,true)
(74,29,true)
(76,29,true)
(78,29,true)
(79,29,true)
(89,29,true)
(93,29,true)
(94,29,true)
(103,29,true)
(106,29,true)
(107,29,true)
(108,29,true)
(109,29,true)
(110,29,true)
(114,29,true)
(122,29,true)
(123,29,true)
(134,29,true)
(143,29,true)
(151,29,true)
(165,29,true)
(167,29,true)
(170,29,true)
(171,29,true)
(184,29,true)
(185,29,true)
(186,29,true)
(191,29,true)
(192,29,false)
(5,30,false)
(6,30,false)
(10,30,false)
(11,30,false)
(13,30,false)
(14,30,false)
(15,30,false)
(16,30,false)
(18,30,false)
(25,30,false)
(33,30,false)
(37,30,false)
(39,30,false)
(41,30,true)
(43,30,true)
(44,30,true)
(45,30,true)
(47,30,true)
(53,30,true)
(54,30,true)
(62,30,true)
(63,30,true)
(68,30,true)
(73,30,true)
(75,30,true)
(77,30,true)
(82,30,true)
(83,30,true)
(89,30,true)
(91,30,true)
(102,30,true)
(103,30,false)
(113,30,true)
(130,30,true)
(137,30,true)
(141,30,true)
(142,30,true)
(143,30,true)
(153,30,true)
(163,30,true)
(165,30,true)
(166,30,true)
(168,30,true)
(177,30,true)
(178,30,false)
(184,30,true)
(187,30,true)
(191,30,true)
(195,30,true)
(196,30,true)
(3,31,false)
(8,31,false)
(14,31,false)
(19,31,false)
(20,31,false)
(27,31,false)
(28,31,false)
(30,31,false)
(34,31,false)
(59,31,true)
(60,31,true)
(63,31,true)
(71,31,true)
(87,31,true)
(94,31,true)
(97,31,true)
(99,31,true)
(100,31,true)
(114,31,false)
(116,31,true)
(118,31,true)
(123,31,true)
(124,31,true)
(127,31,true)
(132,31,true)
(137,31,true)
(140,31,true)
(147,31,true)
(153,31,false)
(158,31,true)
(159,31,false)
(165,31,true)
(170,31,true)
(172,31,true)
(173,31,true)
(196,31,true)
(198,31,true)
(2,32,false)
(4,32,true)
(11,32,false)
(13,32,false)
(14,32,false)
(20,32,false)
(23,32,false)
(24,32,false)
(25,32,false)
(28,32,false)
(32,32,false)
(43,32,true)
(47,32,true)
(50,32,true)
(51,32,true)
(55,32,true)
(57,32,true)
(60,32,true)
(62,32,true)
(63,32,true)
(65,32,true)
(84,32,true)
(93,32,true)
(95,32,true)
(100,32,true)
(102,32,true)
(117,32,true)
(121,32,true)
(126,32,true)
(128,32,true)
(146,32,true)
(152,32,true)
(156,32,true)
(157,32,true)
(172,32,true)
(175,32,true)
(176,32,true)
(181,32,false)
(189,32,true)
(2,33,false)
(4,33,false)
(7,33,false)
(15,33,false)
(17,33,false)
(18,33,false)
(22,33,false)
(27,33,false)
(28,33,false)
(31,33,false)
(35,33,false)
(36,33,false)
(42,33,true)
(48,33,true)
(50,33,true)
(55,33,true)
(68,33,true)
(72,33,true)
(75,33,true)
(76,33,true)
(77,33,true)
(78,33,true)
(80,33,true)
(82,33,true)
(84,33,true)
(91,33,true)
(98,33,true)
(99,33,true)
(101,33,true)
(105,33,true)
(106,33,true)
(112,33,true)
(114,33,true)
(117,33,true)
(118,33,true)
(120,33,true)
(121,33,true)
(128,33,false)
(130,33,true)
(131,33,true)
(132,33,true)
(134,33,true)
(137,33,true)
(138,33,true)
(143,33,true)
(146,33,true)
(149,33,true)
(152,33,true)
(154,33,true)
(157,33,true)
(158,33,true)
(162,33,false)
(168,33,true)
(178,33,true)
(181,33,true)
(194,33,true)
(195,33,true)

(78,16)
(61,8)
(171,21)
(160,18)
(113,22)
(162,0)
(149,16)
(183,17)
(101,9)
(129,2)
(19,27)
(71,2)
(18,24)
(56,16)
(192,20)
(199,30)
(118,28)
(6,15)
(13,27)
(29,13)
(195,31)
(46,13)
(49,0)
(19,7)
(167,20)
(137,26)
(27,13)
(93,19)
(60,12)
(184,8)
(26,13)
(6,27)
(151,9)
(126,6)
(18,13)
(51,7)
(81,15)
(1,21)
(173,16)
(144,10)
(107,8)
(2,11)
(192,3)
(53,2)
(34,15)
(29,2)
(123,17)
(146,4)
(28,1)
(88,29)
(73,25)
(50,22)
(163,21)
(192,4)
(114,19)
(162,29)
(130,29)
(194,26)
(0,8)
(19,10)
(38,0)
(60,1)
(81,21)
(164,2)
(115,32)
(168,18)
(116,28)
(195,23)
(48,1)
(190,27)
(122,4)
(160,17)
(151,13)
(18,17)
(56,26)
(25,5)
(5,5)
(35,2)
(19,4)
(10,8)
(179,32)
(92,12)
(151,32)
(43,8)
(77,10)
(160,20)
(81,20)
(52,27)
(158,3)
(3,2)
(180,24)
(180,17)
(158,11)
(31,9)
(154,17)
(177,19)
(173,10)
(40,10)
(137,13)
(93,15)
(110,31)
(72,21)
(60,16)
(90,22)
(2,8)
(189,14)
(27,17)
(136,19)
(185,18)
(167,0)
(182,31)
(190,11)
(146,17)
(164,10)
(152,23)
(111,8)
(14,28)
(18,4)
(103,16)
(188,29)
(131,6)
(60,33)
(69,2)
(159,5)
(133,25)
(96,7)
(170,12)
(196,8)
(173,9)
(178,24)
(72,10)
(109,19)
(157,5)
(179,2)
(28,17)
(116,19)
(36,22)
(20,6)
(13,12)
(160,2)
(150,26)
(61,28)
(116,32)
(44,25)
(39,32)
(39,4)
(196,6)
(95,3)
(127,33)
(59,5)
(31,8)
(80,26)
(167,26)
(10,18)
(45,12)
(170,11)
(170,13)
(97,15)
(184,1)
(28,9)
(199,28)
(193,9)
(144,27)
(120,10)
(191,16)
(83,5)
(99,25)
(141,3)
(139,24)
(119,24)
(106,16)
(34,26)
(124,28)
(50,4)
(178,27)
(111,25)
(59,29)
(60,3)
(108,6)
(115,20)
(154,16)
(122,7)
(148,13)
(116,16)
(164,24)
(144,19)
(21,29)
(79,22)
(187,3)
(84,2)
(57,14)
(135,7)
(20,29)
(172,4)
(127,17)
(193,30)
(153,16)
(84,7)
(116,23)
(99,9)
(104,26)
(1,11)
(69,33)
(184,6)
(43,4)
(149,2)
(99,20)
(44,23)
(127,3)
(153,11)
(22,9)
(34,33)
(17,10)
(142,3)
(50,17)
(173,12)
(4,8)
(30,3)
(109,8)
(167,2)
(11,6)
(106,21)
(61,5)
(199,2)
(97,27)
(28,7)
(0,23)
(188,32)
(157,3)
(158,1)
(34,18)
(81,30)
(181,25)
(35,26)
(75,28)
(13,17)
(180,33)
(142,8)
(8,18)
(27,7)
(6,22)
(96,3)
(117,6)
(102,9)
(49,30)
(117,24)
(163,27)
(97,28)
(124,4)
(131,5)
(69,20)
(7,17)
(144,23)
(44,22)
(13,13)
(143,22)
(63,1)
(95,29)
(32,17)
(88,25)
(104,30)
(32,9)
(144,9)
(94,3)
(126,15)
(151,6)
(15,1)
(49,10)
(96,29)
(94,14)
(188,22)
(133,17)
(142,18)
(66,11)
(88,30)
(59,24)
(155,3)
(84,20)
(102,3)
(22,30)
(52,31)
(77,6)
(102,6)
(101,15)
(81,2)
(20,24)
(15,23)
(175,21)
(77,3)
(17,2)
(28,23)
(123,12)
(199,3)
(151,21)
(152,31)
(101,8)
(180,31)
(25,8)
(116,10)
(88,6)
(102,1)
(17,22)
(94,27)
(162,20)
(43,23)
(196,5)
(23,1)
(155,25)
(116,9)
(17,23)
(156,4)
(124,3)
(36,24)
(173,15)
(194,18)
(11,5)
(133,21)
(30,20)
(115,27)
(86,11)
(131,8)
(126,16)
(42,7)
(69,11)
(100,17)
(180,3)
(60,14)
(161,31)
(18,11)
(165,14)
(41,11)
(1,2)
(37,18)
(153,7)
(172,22)
(138,25)
(161,2)
(61,13)
(5,1)
(82,6)
(63,13)
(178,7)
(28,28)
(188,23)
(131,29)
(41,16)
(100,1)
(147,16)
(127,23)
(171,10)
(183,11)
(193,33)
(158,20)
(121,16)
(185,3)
(189,26)
(66,32)
(48,25)
(13,5)
(11,15)
(115,8)
(32,3)
(28,27)
(80,4)
(2,30)
(41,27)
(174,10)
(33,21)
(110,23)
(63,20)
(78,1)
(190,29)
(27,20)
(90,4)
(124,20)
(198,3)
(139,21)
(6,29)
(111,4)
(24,23)
(141,31)
(115,2)
(142,33)
(44,15)
(54,2)
(11,11)
(79,30)
(159,21)
(71,29)
(21,14)
(87,18)
(10,4)
(3,15)
(96,16)
(172,13)
(71,32)
(178,26)
(112,4)
(16,4)
(195,19)
(107,20)
(161,33)
(194,8)
(174,3)
(127,18)
(99,7)
(80,23)
(94,16)
(30,1)
(59,6)
(65,9)
(168,14)
(156,28)
(104,4)
(157,0)
(0,24)
(63,10)
(33,12)
(123,33)
(29,19)
(20,8)
(156,30)
(131,19)
(36,32)
(99,8)
(27,18)
(94,28)
(167,16)
(132,19)
(90,33)
(51,12)
(86,1)
(85,16)
(161,24)
(136,16)
(165,18)
(61,14)
(144,2)
(87,33)
(160,23)
(58,30)
(103,2)
(197,7)
(162,11)
(178,22)
(160,19)
(156,12)
(195,27)
(52,25)
(30,24)
(47,22)
(41,4)
(125,25)
(190,0)
(188,8)
(26,26)
(170,2)
(1,33)
(174,7)
(77,4)
(188,19)
(168,4)
(185,12)
(104,5)
(186,26)
(104,0)
(76,10)
(43,20)
(192,26)
(195,10)
(22,14)
(61,12)
(72,14)
(197,1)
(193,0)
(164,29)
(54,0)
(170,14)
(106,5)
(94,1)
(146,10)
(38,31)
(73,1)
(103,8)
(91,24)
(121,7)
(180,30)
(120,25)
(187,10)
(154,27)
(15,16)
(31,6)
(131,26)
(153,27)
(176,10)
(147,24)
(138,28)
(7,14)
(30,22)
(38,11)
(194,12)
(110,11)
(76,21)
(140,13)
(187,17)
(147,28)
(164,13)
(168,5)
(108,12)
(157,27)
(41,18)
(196,3)
(102,7)
(52,6)
(189,4)
(93,13)
(159,27)
(89,24)
(64,3)
(10,13)
(56,7)
(179,26)
(100,8)
(18,23)
(39,17)
(21,6)
(160,27)
(52,16)
(3,25)
(165,28)
(52,7)
(98,23)
(53,7)
(171,14)
(198,5)
(32,24)
(54,33)
(56,8)
(157,12)
(78,6)
(56,9)
(157,4)
(65,15)
(40,14)
(38,27)
(137,29)
(60,27)
(124,30)
(68,9)
(138,8)
(77,27)
(27,30)
(84,19)
(199,6)
(5,12)
(82,12)
(94,25)
(46,27)
(171,31)
(171,7)
(115,19)
(71,17)
(34,1)
(43,9)
(18,29)
(23,10)
(172,25)
(77,21)
(126,2)
(71,18)
(176,4)
(20,1)
(89,7)
(154,20)
(198,33)
(193,18)
(95,19)
(15,22)
(30,6)
(32,4)
(76,2)
(195,5)
(34,6)
(126,12)
(48,32)
(74,33)
(127,9)
(137,4)
(126,9)
(134,19)
(143,10)
(182,11)
(140,30)
(37,12)
(129,32)
(71,12)
(2,9)
(97,10)
(34,4)
(124,12)
(15,13)
(122,12)
(112,0)
(184,16)
(62,1)
(150,18)
(14,11)
(79,25)
(28,29)
(15,5)
(110,28)
(105,23)
(124,24)
(88,1)
(177,7)
(126,0)
(5,11)
(3,27)
(108,31)
(25,10)
(113,20)
(21,16)
(87,16)
(147,27)
(44,29)
(41,7)
(90,8)
(30,30)
(171,24)
(121,20)
(36,28)
(64,16)
(0,32)
(34,30)
(182,15)
(34,16)
(159,22)
(27,22)
(80,21)
(180,19)
(90,26)
(168,7)
(93,2)
(154,32)
(19,15)
(176,33)
(26,16)
(86,8)
(79,21)
(146,20)
(23,31)
(79,27)
(48,15)
(74,0)
(0,29)
(35,4)
(180,25)
(98,14)
(177,25)
(101,25)
(8,13)
(153,29)
(40,31)
(123,6)
(127,7)
(107,30)
(0,10)
(157,20)
(181,8)
(49,29)
(114,13)
(26,2)
(17,13)
(0,25)
(9,1)
(65,22)
(30,32)
(94,20)
(16,9)
(92,2)
(96,23)
(70,31)
(196,26)
(123,5)
(162,3)
(23,7)
(172,5)
(195,24)
(192,8)
(194,4)
(129,20)
(90,6)
(165,4)
(149,29)
(161,10)
(133,16)
(105,28)
(9,24)
(86,4)
(15,28)
(195,2)
(53,10)
(108,1)
(36,7)
(95,11)
(45,7)
(19,21)
(22,21)
(84,26)
(186,25)
(126,30)
(30,17)
(149,26)
(162,19)
(105,25)
(189,17)
(9,2)
(129,24)
(38,19)
(55,12)
(160,32)
(76,30)
(143,25)
(153,23)
(31,31)
(177,20)
(125,21)
(43,1)
(4,22)
(144,13)
(183,26)
(16,28)
(63,3)
(162,26)
(44,16)
(13,28)
(2,23)
(97,2)
(18,21)
(100,20)
(4,16)
(23,21)
(198,29)
(179,15)
(66,14)
(22,27)
(68,10)
(30,33)
(27,8)
(119,10)
(145,7)
(62,5)
(93,22)
(86,19)
(194,14)
(105,30)
(122,22)
(150,0)
(116,25)
(181,24)
(26,0)
(154,30)
(45,17)
(131,17)
(8,12)
(171,5)
(79,7)
(93,28)
(148,12)
(39,20)
(66,29)
(64,22)
(43,6)
(117,3)
(145,18)
(36,11)
(178,9)
(14,25)
(137,3)
(64,24)
(195,17)
(187,33)
(21,3)
(165,21)
(188,9)
(45,19)
(128,2)
(6,16)
(158,12)
(174,26)
(100,12)
(54,26)
(169,4)
(30,9)
(74,28)
(104,23)
(41,22)
(20,12)
(85,23)
(13,7)
(16,33)
(141,32)
(81,33)
(190,28)
(64,20)
(59,11)
(189,6)
(89,25)
(78,11)
(30,11)
(12,10)
(19,28)
(173,27)
(162,6)
(7,5)
(173,7)
(48,0)
(199,27)
(58,17)
(66,22)
(10,6)
(78,27)
(2,20)
(153,10)
(52,18)
(49,18)
(147,21)
(3,17)
(23,3)
(139,8)
(64,0)
(151,22)
(54,22)
(25,28)
(52,32)
(16,27)
(157,21)
(120,4)
(166,15)
(118,12)
(53,11)
(27,27)
(53,15)
(2,13)
(14,23)
(39,19)
(33,15)
(77,17)
(181,3)
(79,20)
(28,0)
(105,29)
(92,4)
(139,7)
(71,10)
(189,15)
(38,21)
(108,5)
(4,14)
(45,5)
(93,0)
(191,6)
(179,13)
(70,1)
(47,8)
(127,21)
(143,11)
(184,21)
(151,24)
(140,26)
(175,1)
(23,24)
(164,17)
(49,23)
(135,16)
(16,17)
(60,7)
(0,26)
(78,7)
(50,25)
(145,10)
(136,4)
(185,4)
(147,10)
(126,22)
(185,1)
(109,2)
(6,21)
(3,12)
(19,32)
(173,32)
(176,2)
(51,25)
(87,23)
(54,27)
(185,25)
(37,16)
(24,11)
(173,11)
(143,13)
(33,27)
(31,21)
(3,5)
(45,32)
(100,9)
(124,14)
(167,5)
(27,32)
(171,6)
(42,20)
(167,31)
(136,21)
(4,21)
(28,14)
(174,32)
(118,23)
(101,30)
(83,22)
(138,31)
(62,18)
(70,6)
(38,6)
(34,2)
(39,8)
(76,31)
(108,23)
(24,24)
(193,13)
(143,12)
(166,25)
(104,28)
(179,31)
(144,4)
(181,15)
(119,3)
(130,26)
(88,33)
(127,27)
(39,24)
(114,14)
(76,16)
(55,8)
(132,4)
(63,21)
(75,31)
(114,15)
(32,21)
(54,6)
(15,17)
(93,20)
(71,6)
(57,12)
(27,24)
(156,29)
(98,20)
(67,15)
(79,11)
(156,21)
(62,23)
(111,19)
(120,21)
(27,19)
(1,7)
(43,33)
(119,14)
(113,18)
(39,27)
(183,23)
(62,17)
(71,3)
(154,6)
(86,17)
(75,15)
(166,14)
(63,5)
(83,27)
(84,13)
(90,23)
(32,19)
(194,28)
(174,15)
(190,17)
(196,7)
(192,14)
(92,23)
(96,10)
(105,22)
(183,19)
(123,22)
(105,4)
(158,13)
(187,5)
(135,13)
(93,17)
(158,30)
(2,28)
(154,18)
(127,16)
(108,32)
(109,32)
(193,22)
(55,19)
(148,17)
(20,14)
(60,24)
(135,5)
(169,16)
(118,11)
(163,31)
(110,32)
(69,28)
(170,33)
(79,17)
(113,12)
(96,21)
(73,8)
(104,1)
(103,22)
(14,5)
(140,7)
(131,2)
(89,5)
(107,3)
(90,16)
(48,10)
(122,30)
(57,19)
(161,27)
(24,21)
(41,25)
(48,7)
(4,6)
(21,31)
(128,7)
(13,31)
(135,1)
(126,21)
(42,16)
(165,32)
(98,22)
(9,16)
(130,10)
(97,8)
(52,3)
(94,6)
(147,8)
(197,14)
(18,31)
(48,6)
(95,24)
(39,31)
(148,22)
(190,33)
(61,10)
(113,5)
(182,26)
(197,5)
(157,6)
(67,5)
(137,32)
(146,12)
(25,22)
(124,29)
(111,27)
(66,17)
(66,15)
(113,4)
(18,28)
(43,15)
(18,19)
(44,17)
(197,2)
(116,27)
(89,20)
(102,27)
(134,20)
(127,26)
(90,21)
(30,27)
(133,19)
(190,15)
(47,15)
(195,3)
(177,4)
(139,18)
(60,25)
(146,5)
(155,31)
(115,25)
(129,27)
(139,15)
(8,27)
(30,10)
(89,6)
(140,28)
(178,15)
(40,1)
(88,19)
(96,30)
(65,1)
(14,26)
(39,12)
(8,6)
(43,17)
(186,28)
(15,21)
(132,12)
(150,28)
(23,28)
(177,32)
(12,29)
(98,5)
(31,22)
(79,33)
(138,4)
(20,30)
(101,1)
(1,23)
(1,25)
(49,20)
(15,9)
(106,27)
(67,33)
(14,16)
(124,19)
(164,6)
(199,31)
(180,20)
(83,2)
(76,24)
(20,16)
(33,32)
(173,19)
(111,31)
(169,0)
(122,0)
(46,31)
(166,12)
(177,2)
(174,20)
(95,18)
(116,17)
(2,24)
(95,1)
(117,16)
(0,14)
(117,22)
(99,12)
(108,19)
(173,18)
(43,22)
(178,20)
(108,27)
(47,12)
(161,9)
(119,7)
(116,3)
(93,27)
(168,6)
(129,12)
(1,5)
(11,3)
(48,14)
(167,1)
(54,15)
(25,33)
(26,9)
(187,32)
(4,25)
(10,32)
(172,30)
(157,19)
(80,8)
(174,25)
(140,16)
(44,5)
(80,29)
(63,12)
(70,25)
(38,14)
(141,11)
(124,13)
(164,33)
(156,25)
(140,6)
(64,31)
(192,2)
(56,21)
(159,30)
(117,15)
(149,15)
(111,30)
(146,23)
(4,2)
(19,29)
(160,31)
(45,9)
(50,23)
(88,10)
(101,16)
(6,4)
(156,5)
(17,24)
(44,13)
(129,8)
(63,28)
(50,2)
(65,30)
(51,28)
(117,25)
(101,6)
(131,0)
(41,20)
(120,18)
(8,28)
(52,21)
(193,24)
(94,8)
(58,21)
(134,4)
(26,22)
(110,22)
(135,29)
(171,16)
(155,24)
(37,6)
(126,17)
(126,23)
(136,14)
(136,30)
(109,0)
(41,14)
(109,4)
(131,32)
(183,10)
(122,15)
(61,32)
(80,22)
(191,13)
(175,4)
(96,4)
(170,15)
(174,28)
(67,24)
(110,14)
(132,20)
(174,17)
(192,11)
(152,11)
(45,22)
(87,22)
(132,14)
(193,23)
(71,19)
(164,21)
(133,13)
(24,9)
(132,24)
(140,1)
(18,16)
(153,32)
(84,17)
(77,19)
(98,32)
(146,1)
(51,17)
(155,30)
(168,19)
(86,13)
(185,10)
(57,5)
(120,13)
(186,10)
(173,30)
(82,24)
(164,22)
(30,28)
(180,32)
(127,22)
(136,24)
(189,9)
(5,3)
(173,25)
(2,2)
(45,27)
(113,3)
(186,27)
(154,15)
(157,14)
(197,27)
(53,27)
(0,4)
(136,18)
(77,22)
(37,2)
(165,12)
(163,13)
(85,19)
(97,5)
(50,21)
(171,15)
(35,1)
(37,4)
(0,6)
(36,26)
(193,2)
(127,29)
(122,26)
(4,1)
(191,5)
(186,24)
(181,13)
(164,12)
(93,6)
(120,29)
(185,17)
(128,24)
(99,3)
(98,2)
(5,32)
(97,14)
(98,16)
(135,17)
(59,23)
(69,0)
(127,5)
(136,29)
(71,30)
(155,32)
(182,14)
(138,18)
(79,23)
(158,28)
(61,11)
(95,2)
(108,21)
(15,2)
(144,25)
(150,3)
(71,9)
(108,14)
(165,7)
(48,27)
(131,7)
(73,29)
(35,29)
(66,5)
(176,5)
(170,1)
(37,23)
(8,26)
(43,31)
(199,17)
(197,17)
(149,14)
(138,27)
(149,28)
(192,10)
(24,31)
(106,25)
(68,13)
(3,28)
(160,9)
(32,8)
(131,14)
(53,23)
(194,20)
(42,21)
(7,31)
(95,28)
(146,26)
(77,25)
(174,18)
(155,14)
(59,13)
(33,2)
(117,8)
(27,26)
(141,13)
(49,31)
(192,9)
(4,27)
(89,9)
(47,24)
(47,16)
(13,18)
(13,2)
(56,13)
(87,10)
(125,8)
(74,24)
(196,19)
(17,14)
(130,31)
(43,11)
(123,1)
(88,23)
(98,18)
(36,14)
(36,19)
(65,20)
(113,15)
(36,17)
(40,24)
(146,7)
(166,2)
(20,21)
(27,12)
(166,17)
(26,30)
(20,19)
(135,30)
(193,20)
(173,20)
(70,12)
(181,11)
(45,25)
(29,6)
(82,9)
(100,14)
(141,8)
(27,14)
(42,9)
(98,29)
(2,10)
(93,31)
(172,0)
(51,15)
(143,24)
(19,33)
(49,14)
(64,21)
(128,23)
(40,30)
(190,5)
(97,13)
(182,24)
(155,18)
(98,8)
(133,20)
(133,22)
(104,19)
(168,13)
(185,21)
(185,30)
(123,11)
(34,12)
(88,31)
(44,18)
(0,33)
(131,12)
(51,23)
(28,6)
(189,30)
(89,4)
(159,7)
(43,12)
(157,24)
(21,23)
(164,5)
(83,33)
(150,20)
(163,7)
(29,9)
(79,31)
(52,33)
(105,0)
(152,0)
(167,33)
(94,32)
(55,3)
(63,4)
(173,22)
(42,15)
(178,3)
(62,7)
(87,0)
(136,7)
(117,29)
(158,29)
(41,1)
(61,19)
(186,13)
(24,8)
(191,15)
(151,33)
(15,29)
(118,8)
(184,12)
(72,18)
(2,7)
(63,7)
(96,20)
(27,11)
(133,26)
(37,15)
(72,30)
(26,10)
(25,18)
(126,7)
(161,19)
(91,29)
(142,31)
(19,30)
(155,19)
(182,21)
(73,10)
(68,27)
(149,31)
(44,4)
(171,22)
(51,14)
(177,15)
(23,14)
(98,30)
(168,2)
(194,0)
(100,4)
(130,2)
(18,27)
(58,25)
(28,11)
(104,6)
(164,32)
(196,9)
(164,16)
(61,1)
(133,12)
(112,14)
(182,30)
(180,11)
(177,6)
(4,29)
(75,0)
(132,23)
(43,19)
(56,30)
(171,4)
(81,1)
(143,14)
(193,32)
(3,19)
(8,25)
(118,2)
(179,27)
(160,26)
(52,28)
(108,10)
(58,31)
(41,32)
(19,26)
(6,11)
(83,10)
(40,4)
(161,6)
(24,12)
(147,20)
(169,5)
(184,9)
(141,27)
(171,19)
(23,12)
(49,17)
(168,8)
(17,19)
(136,20)
(181,30)
(68,2)
(27,4)
(180,21)
(108,33)
(111,11)
(72,7)
(161,26)
(147,7)
(75,27)
(153,22)
(55,11)
(6,25)
(12,18)
(32,16)
(83,17)
(95,30)
(32,26)
(50,26)
(189,18)
(144,8)
(140,24)
(91,23)
(57,26)
(175,2)
(34,29)
(48,23)
(179,14)
(166,26)
(77,14)
(103,32)
(137,24)
(161,17)
(70,27)
(190,32)
(94,5)
(66,28)
(37,3)
(2,15)
(77,28)
(22,10)
(0,12)
(97,4)
(18,32)
(188,24)
(14,19)
(67,4)
(181,16)
(57,18)
(151,12)
(124,5)
(93,10)
(127,24)
(116,12)
(139,29)
(182,13)
(49,16)
(7,18)
(94,22)
(41,23)
(3,16)
(102,5)
(102,14)
(9,8)
(132,32)
(44,12)
(0,22)
(8,30)
(107,5)
(87,4)
(35,16)
(21,12)
(64,5)
(45,14)
(40,21)
(144,15)
(7,21)
(9,4)
(90,29)
(75,4)
(142,24)
(38,15)
(66,30)
(112,6)
(180,22)
(37,22)
(151,16)
(33,29)
(30,18)
(26,32)
(128,29)
(137,9)
(58,32)
(32,2)
(71,27)
(49,12)
(55,14)
(71,8)
(174,29)
(27,6)
(5,28)
(111,5)
(2,19)
(142,23)
(86,14)
(83,31)
(89,3)
(118,17)
(97,20)
(59,10)
(135,24)
(51,19)
(19,16)
(112,18)
(83,26)
(103,31)
(154,1)
(84,28)
(45,6)
(125,22)
(170,23)
(49,13)
(144,32)
(99,30)
(12,5)
(163,0)
(50,7)
(47,28)
(69,10)
(14,3)
(59,3)
(180,5)
(36,23)
(166,5)
(49,33)
(45,10)
(114,6)
(105,10)
(85,30)
(91,31)
(131,27)
(169,11)
(197,23)
(85,8)
(34,9)
(116,24)
(138,11)
(176,19)
(114,20)
(194,9)
(183,30)
(181,20)
(59,14)
(38,4)
(124,17)
(152,29)
(91,20)
(79,32)
(26,25)
(196,1)
(47,9)
(104,31)
(105,3)
(56,23)
(18,25)
(197,22)
(72,2)
(182,16)
(45,11)
(193,11)
(49,11)
(188,1)
(73,32)
(156,14)
(57,2)
(140,11)
(7,2)
(148,29)
(113,28)
(189,11)
(111,32)
(5,4)
(174,4)
(190,21)
(92,21)
(132,17)
(146,21)
(123,32)
(78,18)
(166,19)
(184,5)
(194,30)
(59,9)
(125,29)
(39,11)
(101,18)
(49,9)
(80,25)
(80,30)
(131,16)
(28,21)
(18,9)
(58,19)
(107,32)
(9,20)
(132,22)
(52,11)
(10,11)
(119,5)
(97,32)
(83,9)
(157,29)
(191,24)
(92,15)
(100,2)
(23,9)
(105,7)
(67,12)
(86,22)
(66,19)
(81,25)
(73,9)
(143,3)
(159,4)
(102,12)
(129,17)
(130,9)
(167,13)
(106,32)
(102,8)
(36,12)
(22,5)
(104,15)
(158,8)
(75,9)
(88,4)
(80,3)
(83,24)
(5,29)
(105,9)
(28,13)
(76,1)
(84,18)
(39,25)
(155,28)
(113,6)
(122,2)
(27,16)
(115,14)
(104,33)
(101,29)
(176,23)
(74,30)
(133,7)
(125,18)
(189,24)
(75,32)
(149,1)
(143,20)
(118,25)
(151,27)
(196,15)
(155,33)
(40,25)
(89,28)
(138,5)
(151,31)
(42,18)
(97,17)
(79,15)
(14,12)
(31,25)
(139,17)
(72,1)
(42,28)
(89,31)
(129,25)
(111,3)
(199,4)
(54,14)
(126,31)
(138,17)
(167,4)
(122,33)
(115,28)
(77,32)
(66,27)
(192,16)
(143,8)
(121,4)
(148,6)
(107,21)
(146,30)
(176,6)
(170,32)
(75,14)
(124,26)
(166,16)
(88,32)
(118,10)
(117,5)
(179,21)
(48,31)
(37,28)
(188,28)
(71,33)
(195,22)
(146,6)
(42,32)
(92,10)
(3,21)
(110,17)
(141,17)
(12,21)
(166,28)
(104,29)
(143,15)
(55,7)
(156,24)
(20,22)
(190,14)
(7,25)
(181,10)
(72,32)
(186,3)
(97,21)
(181,17)
(175,6)
(47,29)
(162,25)
(72,9)
(41,10)
(147,33)
(171,18)
(69,12)
(63,17)
(6,10)
(97,7)
(117,28)
(117,7)
(119,8)
(114,10)
(148,25)
(106,11)
(103,10)
(85,28)
(92,1)
(128,10)
(175,29)
(167,10)
(50,18)
(56,5)
(165,33)
(192,13)
(61,17)
(145,29)
(34,21)
(98,17)
(102,28)
(198,25)
(187,29)
(66,12)
(142,7)
(26,7)
(88,28)
(138,16)
(90,1)
(109,27)
(2,31)
(18,26)
(70,33)
(51,4)
(164,30)
(47,21)
(146,13)
(43,3)
(56,6)
(20,23)
(75,6)
(28,22)
(117,26)
(83,14)
(82,1)
(104,27)
(154,4)
(77,31)
(17,29)
(53,16)
(119,26)
(99,13)
(126,27)
(88,11)
(39,14)
(159,11)
(193,28)
(16,6)
(73,33)
(113,33)
(151,20)
(172,7)
(0,27)
(30,25)
(178,32)
(148,23)
(137,14)
(180,18)
(54,19)
(116,4)
(85,24)
(89,2)
(112,22)
(106,9)
(124,21)
(96,25)
(115,29)
(192,7)
(156,23)
(172,33)
(83,29)
(115,31)
(77,29)
(80,15)
(179,16)
(34,24)
(12,32)
(76,28)
(57,25)
(173,26)
(0,30)
(122,9)
(20,28)
(67,18)
(30,8)
(95,16)
(189,16)
(196,22)
(47,18)
(169,12)
(93,26)
(154,22)
(73,24)
(105,8)
(24,13)
(199,25)
(69,29)
(144,24)
(13,20)
(60,13)
(14,8)
(113,25)
(19,1)
(22,17)
(13,21)
(129,3)
(13,3)
(0,15)
(39,18)
(48,24)
(28,30)
(48,21)
(20,10)
(184,31)
(191,2)
(148,2)
(158,6)
(83,0)
(49,24)
(116,14)
(145,19)
(116,29)
(61,3)
(82,7)
(92,18)
(102,13)
(148,15)
(57,6)
(105,21)
(133,1)
(59,32)
(57,17)
(174,30)
(80,9)
(17,18)
(61,21)
(105,20)
(149,25)
(124,2)
(197,20)
(106,18)
(31,23)
(145,6)
(88,22)
(113,26)
(152,18)
(171,12)
(128,8)
(149,19)
(175,31)
(123,13)
(88,13)
(83,21)
(144,22)
(187,8)
(58,13)
(157,9)
(109,7)
(192,18)
(192,33)
(192,23)
(26,33)
(15,14)
(38,32)
(174,19)
(71,22)
(92,33)
(156,10)
(16,26)
(98,24)
(30,23)
(121,10)
(39,33)
(88,8)
(41,33)
(3,18)
(121,17)
(116,13)
(159,1)
(186,33)
(115,15)
(164,20)
(124,32)
(175,0)
(188,6)
(143,28)
(88,24)
(174,14)
(41,5)
(72,11)
(44,27)
(83,25)
(90,27)
(96,28)
(100,29)
(192,27)
(16,15)
(158,26)
(15,12)
(148,8)
(38,17)
(170,3)
(6,1)
(11,21)
(167,12)
(152,25)
(122,20)
(49,19)
(126,26)
(100,24)
(100,10)
(163,11)
(150,32)
(116,18)
(59,17)
(91,12)
(71,16)
(147,26)
(154,13)
(24,3)
(95,9)
(44,21)
(181,29)
(147,29)
(122,16)
(139,22)
(186,20)
(49,7)
(186,5)
(74,20)
(95,12)
(87,14)
(154,23)
(52,24)
(163,8)
(164,9)
(56,15)
(66,31)
(28,12)
(87,29)
(15,11)
(126,13)
(132,13)
(171,17)
(192,31)
(63,11)
(176,24)
(192,28)
(195,21)
(94,7)
(105,18)
(194,22)
(69,24)
(76,13)
(27,29)
(121,31)
(86,20)
(43,28)
(46,14)
(84,8)
(141,25)
(196,25)
(157,31)
(19,11)
(149,21)
(25,26)
(82,16)
(154,8)
(20,9)
(152,7)
(28,15)
(83,12)
(46,2)
(108,15)
(40,8)
(23,4)
(14,22)
(99,27)
(50,19)
(157,28)
(177,23)
(13,9)
(110,26)
(66,20)
(137,27)
(113,21)
(132,8)
(92,16)
(151,14)
(95,21)
(69,21)
(190,22)
(36,5)
(189,3)
(121,25)
(189,33)
(2,18)
(6,19)
(111,20)
(110,4)
(176,28)
(129,7)
(114,17)
(156,20)
(136,8)
(106,13)
(115,6)
(59,19)
(173,24)
(129,13)
(186,30)
(37,33)
(7,8)
(150,30)
(73,18)
(102,21)
(158,10)
(20,3)
(55,26)
(46,30)
(126,29)
(157,15)
(193,5)
(22,2)
(154,11)
(98,13)
(15,31)
(99,18)
(36,13)
(41,24)
(42,8)
(23,5)
(73,3)
(174,13)
(178,23)
(35,6)
(9,15)
(47,23)
(91,16)
(129,31)
(134,27)
(12,31)
(70,32)
(31,13)
(44,20)
(188,18)
(54,13)
(57,21)
(46,23)
(160,8)
(87,27)
(174,22)
(3,24)
(130,24)
(40,13)
(119,11)
(136,31)
(84,25)
(106,30)
(170,22)
(124,23)
(1,19)
(162,21)
(13,24)
(118,6)
(46,9)
(68,1)
(53,6)
(171,25)
(117,30)
(19,23)
(50,13)
(192,32)
(21,11)
(37,32)
(86,18)
(116,26)
(102,18)
(186,9)
(77,18)
(76,22)
(115,26)
(181,6)
(57,3)
(92,14)
(99,15)
(152,21)
(146,19)
(94,9)
(130,27)
(184,32)
(31,5)
(168,29)
(172,10)
(191,26)
(23,8)
(169,1)
(177,29)
(101,20)
(118,21)
(61,27)
(81,6)
(77,9)
(15,32)
(138,12)
(102,10)
(59,7)
(23,6)
(146,29)
(28,16)
(27,9)
(22,15)
(108,30)
(32,23)
(45,18)
(150,17)
(158,32)
(101,32)
(65,31)
(141,9)
(174,24)
(0,20)
(13,14)
(193,31)
(162,31)
(127,2)
(2,17)
(59,30)
(176,11)
(177,12)
(50,20)
(70,0)
(144,7)
(148,5)
(37,8)
(62,10)
(177,11)
(170,0)
(146,14)
(144,26)
(190,25)
(160,30)
(19,18)
(79,28)
(198,15)
(86,27)
(5,27)
(109,15)
(92,26)
(91,21)
(25,0)
(96,33)
(34,10)
(109,20)
(13,23)
(138,6)
(102,26)
(169,15)
(172,21)
(148,24)
(194,32)
(90,18)
(167,30)
(159,28)
(90,28)
(173,33)
(164,31)
(171,23)
(105,19)
(56,17)
(172,23)
(99,17)
(128,9)
(150,9)
(173,29)
(147,30)
(81,16)
(136,32)
(166,18)
(81,3)
(189,12)
(32,20)
(35,9)
(16,20)
(43,16)
(69,13)
(142,29)
(11,28)
(86,30)
(179,0)
(122,27)
(176,27)
(85,31)
(1,17)
(172,29)
(102,31)
(197,15)
(174,33)
(48,29)
(156,6)
(54,12)
(95,7)
(121,3)
(0,13)
(8,23)
(70,24)
(16,29)
(57,33)
(192,21)
(123,21)
(92,11)
(25,19)
(93,23)
(4,17)
(69,32)
(151,11)
(50,29)
(174,8)
(61,29)
(112,9)
(7,19)
(130,20)
(140,14)
(39,13)
(19,19)
(80,24)
(31,3)
(114,24)
(109,33)
(32,27)
(47,33)
(6,33)
(107,27)
(151,28)
(191,27)
(192,15)
(85,25)
(2,29)
(120,19)
(52,30)
(122,25)
(174,23)
(136,28)
(23,13)
(133,31)
(3,30)
(41,28)
(35,12)
(71,21)
(57,30)
(182,12)
(19,20)
(90,7)
(35,8)
(14,33)
(90,20)
(77,24)
(38,23)
(68,15)
(62,4)
(194,24)
(182,10)
(197,32)
(35,20)
(52,13)
(109,18)
(11,23)
(157,30)
(37,20)
(171,28)
(67,16)
(62,33)
(68,11)
(65,19)
(5,8)
(87,32)
(189,7)
(113,11)
(69,26)
(119,12)
(52,8)
(101,10)
(151,25)
(149,30)
(100,26)
(2,6)
