200 Users
27 Files
1500 Transactions
2 Maximum Connections
1 Cycle Length per Upload-Download
0 Warm-up Transactions
0.400000 Zipf constant
5 Pre-Trusted Users
160 Well-Behaved (Good) Users
40 Purely Malicious Users
0 Feedback Skewing Users
0 Malignant Providing Users
0 Disguised Malicous Users
0 Sybil Attack Users
true Intelligent Trans. Generation
1561009488889 Trace Generation Seed

(0.054649,0.000000,1,false)
(0.066751,0.000000,1,false)
(0.038503,0.000000,1,false)
(0.051450,0.000000,1,false)
(0.091687,0.000000,1,false)
(0.088514,0.000000,1,false)
(0.082946,0.000000,1,false)
(0.074683,0.000000,1,false)
(0.038370,0.000000,1,false)
(0.084565,0.000000,1,false)
(0.015315,0.000000,1,false)
(0.094963,0.000000,1,false)
(0.013693,0.000000,1,false)
(0.031735,0.000000,1,false)
(0.067167,0.000000,1,false)
(0.027559,0.000000,1,false)
(0.023190,0.000000,1,false)
(0.064821,0.000000,1,false)
(0.070420,0.000000,1,false)
(0.051249,0.000000,1,false)
(0.090466,0.000000,1,false)
(0.079531,0.000000,1,false)
(0.029162,0.000000,1,false)
(0.056467,0.000000,1,false)
(0.001771,0.000000,1,false)
(0.035479,0.000000,1,false)
(0.063511,0.000000,1,false)
(0.039734,0.000000,1,false)
(0.008141,0.000000,1,false)
(0.045572,0.000000,1,false)
(0.065603,0.000000,1,false)
(0.089138,0.000000,1,false)
(0.087106,0.000000,1,false)
(0.027653,0.000000,1,false)
(0.060571,0.000000,1,false)
(0.003010,0.000000,1,false)
(0.039138,0.000000,1,false)
(0.024432,0.000000,1,false)
(0.083877,0.000000,1,false)
(0.071891,0.000000,1,false)
(0.917241,1.000000,0,true)
(0.931426,1.000000,0,true)
(0.929579,1.000000,0,true)
(0.967467,1.000000,0,true)
(0.983353,1.000000,0,true)
(0.918804,1.000000,0,false)
(0.999458,1.000000,0,false)
(0.928092,1.000000,0,false)
(0.962926,1.000000,0,false)
(0.955892,1.000000,0,false)
(0.936603,1.000000,0,false)
(0.980953,1.000000,0,false)
(0.965324,1.000000,0,false)
(0.921209,1.000000,0,false)
(0.920870,1.000000,0,false)
(0.986967,1.000000,0,false)
(0.954198,1.000000,0,false)
(0.901584,1.000000,0,false)
(0.932173,1.000000,0,false)
(0.923411,1.000000,0,false)
(0.999385,1.000000,0,false)
(0.926877,1.000000,0,false)
(0.934512,1.000000,0,false)
(0.943578,1.000000,0,false)
(0.907404,1.000000,0,false)
(0.936661,1.000000,0,false)
(0.934969,1.000000,0,false)
(0.986127,1.000000,0,false)
(0.907716,1.000000,0,false)
(0.968908,1.000000,0,false)
(0.996142,1.000000,0,false)
(0.937618,1.000000,0,false)
(0.958161,1.000000,0,false)
(0.964935,1.000000,0,false)
(0.971462,1.000000,0,false)
(0.948089,1.000000,0,false)
(0.903601,1.000000,0,false)
(0.948429,1.000000,0,false)
(0.958090,1.000000,0,false)
(0.905286,1.000000,0,false)
(0.976753,1.000000,0,false)
(0.959316,1.000000,0,false)
(0.921770,1.000000,0,false)
(0.988332,1.000000,0,false)
(0.969577,1.000000,0,false)
(0.905579,1.000000,0,false)
(0.942080,1.000000,0,false)
(0.946094,1.000000,0,false)
(0.927299,1.000000,0,false)
(0.937812,1.000000,0,false)
(0.954892,1.000000,0,false)
(0.979394,1.000000,0,false)
(0.925254,1.000000,0,false)
(0.952377,1.000000,0,false)
(0.931700,1.000000,0,false)
(0.949521,1.000000,0,false)
(0.981232,1.000000,0,false)
(0.989496,1.000000,0,false)
(0.932607,1.000000,0,false)
(0.988064,1.000000,0,false)
(0.932840,1.000000,0,false)
(0.912394,1.000000,0,false)
(0.901310,1.000000,0,false)
(0.945162,1.000000,0,false)
(0.970643,1.000000,0,false)
(0.932866,1.000000,0,false)
(0.936351,1.000000,0,false)
(0.984609,1.000000,0,false)
(0.963440,1.000000,0,false)
(0.987154,1.000000,0,false)
(0.973196,1.000000,0,false)
(0.915053,1.000000,0,false)
(0.942031,1.000000,0,false)
(0.964018,1.000000,0,false)
(0.946345,1.000000,0,false)
(0.936620,1.000000,0,false)
(0.922148,1.000000,0,false)
(0.944183,1.000000,0,false)
(0.969763,1.000000,0,false)
(0.981851,1.000000,0,false)
(0.946011,1.000000,0,false)
(0.927050,1.000000,0,false)
(0.977294,1.000000,0,false)
(0.938685,1.000000,0,false)
(0.905004,1.000000,0,false)
(0.996631,1.000000,0,false)
(0.902557,1.000000,0,false)
(0.961528,1.000000,0,false)
(0.973525,1.000000,0,false)
(0.914130,1.000000,0,false)
(0.949942,1.000000,0,false)
(0.904031,1.000000,0,false)
(0.935845,1.000000,0,false)
(0.919386,1.000000,0,false)
(0.914925,1.000000,0,false)
(0.944263,1.000000,0,false)
(0.924101,1.000000,0,false)
(0.977639,1.000000,0,false)
(0.952778,1.000000,0,false)
(0.919321,1.000000,0,false)
(0.906111,1.000000,0,false)
(0.921600,1.000000,0,false)
(0.970098,1.000000,0,false)
(0.942189,1.000000,0,false)
(0.966710,1.000000,0,false)
(0.911811,1.000000,0,false)
(0.923201,1.000000,0,false)
(0.938786,1.000000,0,false)
(0.915639,1.000000,0,false)
(0.970554,1.000000,0,false)
(0.951505,1.000000,0,false)
(0.917687,1.000000,0,false)
(0.928763,1.000000,0,false)
(0.936305,1.000000,0,false)
(0.952425,1.000000,0,false)
(0.968836,1.000000,0,false)
(0.987501,1.000000,0,false)
(0.936785,1.000000,0,false)
(0.917100,1.000000,0,false)
(0.980880,1.000000,0,false)
(0.923805,1.000000,0,false)
(0.989112,1.000000,0,false)
(0.993440,1.000000,0,false)
(0.969357,1.000000,0,false)
(0.904934,1.000000,0,false)
(0.905386,1.000000,0,false)
(0.924523,1.000000,0,false)
(0.920008,1.000000,0,false)
(0.903436,1.000000,0,false)
(0.911234,1.000000,0,false)
(0.926304,1.000000,0,false)
(0.972840,1.000000,0,false)
(0.993403,1.000000,0,false)
(0.973416,1.000000,0,false)
(0.918858,1.000000,0,false)
(0.903360,1.000000,0,false)
(0.994027,1.000000,0,false)
(0.980550,1.000000,0,false)
(0.910086,1.000000,0,false)
(0.997519,1.000000,0,false)
(0.945841,1.000000,0,false)
(0.928326,1.000000,0,false)
(0.949824,1.000000,0,false)
(0.966416,1.000000,0,false)
(0.953759,1.000000,0,false)
(0.927291,1.000000,0,false)
(0.925737,1.000000,0,false)
(0.905704,1.000000,0,false)
(0.964132,1.000000,0,false)
(0.977342,1.000000,0,false)
(0.960157,1.000000,0,false)
(0.972904,1.000000,0,false)
(0.960541,1.000000,0,false)
(0.938548,1.000000,0,false)
(0.989196,1.000000,0,false)
(0.933462,1.000000,0,false)
(0.964853,1.000000,0,false)
(0.972701,1.000000,0,false)
(0.962012,1.000000,0,false)
(0.913404,1.000000,0,false)

(1,0,false)
(2,0,false)
(4,0,false)
(5,0,false)
(6,0,false)
(7,0,false)
(8,0,false)
(9,0,false)
(10,0,false)
(11,0,true)
(12,0,false)
(13,0,false)
(14,0,false)
(15,0,false)
(16,0,false)
(18,0,false)
(19,0,false)
(20,0,false)
(22,0,false)
(24,0,false)
(25,0,false)
(27,0,false)
(28,0,false)
(31,0,false)
(32,0,false)
(33,0,false)
(34,0,false)
(35,0,false)
(37,0,false)
(38,0,false)
(39,0,false)
(40,0,true)
(41,0,true)
(42,0,true)
(43,0,true)
(44,0,true)
(45,0,true)
(47,0,true)
(48,0,true)
(50,0,true)
(51,0,true)
(52,0,true)
(53,0,true)
(54,0,true)
(55,0,true)
(56,0,true)
(57,0,true)
(58,0,true)
(59,0,true)
(61,0,true)
(65,0,true)
(66,0,true)
(69,0,true)
(72,0,true)
(73,0,false)
(74,0,true)
(75,0,true)
(78,0,true)
(79,0,true)
(80,0,true)
(81,0,true)
(82,0,true)
(83,0,true)
(84,0,true)
(85,0,true)
(86,0,true)
(88,0,false)
(89,0,true)
(90,0,true)
(91,0,true)
(92,0,true)
(93,0,true)
(94,0,true)
(95,0,false)
(98,0,true)
(99,0,true)
(100,0,true)
(101,0,false)
(102,0,true)
(103,0,true)
(106,0,true)
(107,0,true)
(108,0,true)
(111,0,true)
(115,0,true)
(119,0,true)
(120,0,true)
(121,0,true)
(122,0,true)
(123,0,true)
(127,0,true)
(129,0,false)
(130,0,true)
(131,0,true)
(132,0,true)
(133,0,true)
(134,0,true)
(135,0,true)
(137,0,true)
(138,0,true)
(139,0,true)
(142,0,true)
(143,0,true)
(144,0,true)
(145,0,true)
(146,0,true)
(147,0,true)
(148,0,true)
(149,0,true)
(151,0,true)
(152,0,true)
(153,0,true)
(154,0,true)
(155,0,true)
(156,0,true)
(157,0,true)
(158,0,true)
(159,0,true)
(160,0,true)
(161,0,true)
(162,0,true)
(163,0,true)
(165,0,true)
(166,0,true)
(168,0,false)
(170,0,true)
(171,0,true)
(172,0,true)
(173,0,true)
(176,0,true)
(177,0,true)
(178,0,true)
(179,0,true)
(180,0,true)
(181,0,true)
(182,0,true)
(183,0,true)
(184,0,true)
(185,0,true)
(186,0,true)
(189,0,true)
(190,0,true)
(191,0,false)
(192,0,true)
(194,0,true)
(195,0,true)
(197,0,true)
(198,0,true)
(2,1,false)
(4,1,false)
(5,1,false)
(6,1,false)
(8,1,false)
(11,1,false)
(12,1,false)
(14,1,false)
(15,1,false)
(17,1,false)
(19,1,false)
(23,1,false)
(26,1,false)
(27,1,false)
(28,1,false)
(29,1,false)
(31,1,false)
(32,1,false)
(35,1,false)
(36,1,false)
(37,1,false)
(38,1,false)
(42,1,true)
(43,1,true)
(44,1,true)
(47,1,true)
(49,1,true)
(51,1,true)
(52,1,true)
(53,1,true)
(54,1,true)
(55,1,true)
(56,1,true)
(58,1,true)
(60,1,true)
(61,1,false)
(62,1,true)
(63,1,true)
(64,1,true)
(65,1,true)
(66,1,true)
(68,1,true)
(69,1,true)
(74,1,true)
(75,1,true)
(76,1,true)
(77,1,true)
(80,1,true)
(81,1,true)
(82,1,true)
(83,1,true)
(85,1,true)
(87,1,true)
(88,1,false)
(91,1,true)
(93,1,true)
(94,1,true)
(95,1,true)
(96,1,true)
(97,1,true)
(98,1,true)
(99,1,true)
(102,1,true)
(103,1,true)
(105,1,true)
(106,1,true)
(107,1,true)
(108,1,true)
(109,1,true)
(110,1,true)
(112,1,true)
(114,1,true)
(115,1,true)
(120,1,true)
(121,1,true)
(122,1,true)
(123,1,true)
(124,1,true)
(127,1,true)
(128,1,true)
(130,1,true)
(131,1,true)
(132,1,true)
(133,1,true)
(134,1,true)
(137,1,true)
(139,1,true)
(140,1,true)
(142,1,true)
(143,1,true)
(144,1,true)
(146,1,true)
(147,1,true)
(148,1,true)
(149,1,true)
(151,1,true)
(152,1,true)
(154,1,false)
(155,1,true)
(156,1,true)
(157,1,true)
(158,1,false)
(160,1,true)
(163,1,true)
(164,1,true)
(166,1,true)
(168,1,true)
(169,1,true)
(171,1,true)
(174,1,true)
(177,1,true)
(178,1,true)
(180,1,true)
(182,1,true)
(184,1,true)
(188,1,true)
(190,1,true)
(191,1,true)
(192,1,true)
(193,1,true)
(194,1,true)
(195,1,true)
(198,1,true)
(199,1,true)
(0,2,false)
(2,2,false)
(3,2,false)
(4,2,false)
(5,2,false)
(6,2,false)
(7,2,false)
(9,2,false)
(10,2,false)
(13,2,false)
(14,2,false)
(18,2,false)
(19,2,false)
(20,2,false)
(22,2,false)
(23,2,false)
(24,2,false)
(26,2,false)
(29,2,false)
(30,2,false)
(31,2,false)
(34,2,false)
(36,2,false)
(38,2,false)
(41,2,true)
(42,2,true)
(43,2,true)
(45,2,true)
(46,2,true)
(49,2,true)
(50,2,true)
(51,2,true)
(52,2,true)
(53,2,true)
(54,2,true)
(56,2,true)
(57,2,true)
(58,2,true)
(60,2,true)
(63,2,true)
(64,2,true)
(69,2,true)
(71,2,true)
(74,2,true)
(76,2,true)
(77,2,true)
(78,2,true)
(80,2,true)
(81,2,true)
(82,2,true)
(87,2,true)
(89,2,true)
(91,2,true)
(93,2,true)
(94,2,true)
(95,2,true)
(97,2,true)
(98,2,true)
(101,2,true)
(102,2,true)
(104,2,true)
(105,2,true)
(107,2,true)
(110,2,true)
(112,2,true)
(113,2,true)
(114,2,true)
(116,2,true)
(117,2,true)
(118,2,true)
(121,2,true)
(122,2,true)
(123,2,true)
(124,2,true)
(125,2,true)
(127,2,true)
(128,2,true)
(129,2,false)
(130,2,true)
(132,2,true)
(133,2,true)
(134,2,true)
(135,2,true)
(138,2,true)
(139,2,true)
(141,2,true)
(143,2,true)
(144,2,true)
(145,2,true)
(147,2,true)
(148,2,true)
(149,2,false)
(150,2,true)
(151,2,true)
(153,2,true)
(156,2,true)
(158,2,true)
(162,2,true)
(163,2,false)
(165,2,true)
(166,2,true)
(168,2,true)
(169,2,true)
(172,2,true)
(173,2,true)
(176,2,true)
(177,2,true)
(180,2,true)
(181,2,true)
(182,2,true)
(183,2,true)
(184,2,true)
(185,2,true)
(186,2,true)
(188,2,true)
(192,2,true)
(193,2,true)
(199,2,true)
(0,3,false)
(1,3,false)
(2,3,false)
(3,3,false)
(6,3,false)
(9,3,false)
(10,3,false)
(11,3,false)
(19,3,false)
(20,3,false)
(21,3,false)
(25,3,false)
(26,3,false)
(27,3,false)
(29,3,false)
(30,3,false)
(31,3,false)
(36,3,false)
(39,3,false)
(41,3,true)
(47,3,false)
(51,3,true)
(53,3,true)
(54,3,true)
(56,3,true)
(57,3,true)
(62,3,true)
(65,3,true)
(66,3,true)
(67,3,true)
(68,3,true)
(70,3,true)
(75,3,true)
(76,3,false)
(77,3,true)
(80,3,true)
(82,3,true)
(85,3,true)
(88,3,true)
(91,3,true)
(92,3,true)
(95,3,true)
(97,3,true)
(101,3,true)
(102,3,false)
(105,3,true)
(107,3,true)
(108,3,true)
(113,3,true)
(115,3,true)
(117,3,true)
(118,3,true)
(119,3,true)
(122,3,true)
(128,3,true)
(130,3,true)
(131,3,true)
(135,3,true)
(137,3,true)
(138,3,true)
(140,3,true)
(142,3,true)
(143,3,false)
(145,3,true)
(148,3,true)
(149,3,true)
(151,3,true)
(155,3,true)
(156,3,true)
(160,3,true)
(162,3,true)
(163,3,true)
(165,3,true)
(170,3,true)
(172,3,true)
(175,3,true)
(176,3,true)
(177,3,true)
(178,3,true)
(179,3,true)
(185,3,true)
(186,3,true)
(187,3,true)
(191,3,true)
(192,3,true)
(193,3,true)
(197,3,true)
(198,3,true)
(0,4,false)
(3,4,false)
(6,4,false)
(7,4,false)
(10,4,true)
(11,4,false)
(12,4,false)
(13,4,false)
(15,4,false)
(16,4,false)
(19,4,false)
(20,4,false)
(24,4,false)
(25,4,false)
(26,4,false)
(30,4,false)
(31,4,false)
(32,4,false)
(35,4,false)
(38,4,false)
(40,4,true)
(45,4,true)
(50,4,true)
(53,4,true)
(56,4,true)
(58,4,true)
(61,4,true)
(62,4,true)
(64,4,true)
(66,4,true)
(67,4,true)
(72,4,true)
(73,4,true)
(74,4,true)
(76,4,false)
(77,4,true)
(79,4,true)
(80,4,true)
(81,4,true)
(82,4,true)
(83,4,true)
(84,4,true)
(85,4,true)
(88,4,true)
(89,4,true)
(93,4,true)
(94,4,true)
(96,4,true)
(98,4,true)
(102,4,true)
(103,4,false)
(105,4,true)
(106,4,true)
(107,4,true)
(109,4,true)
(111,4,true)
(112,4,true)
(113,4,true)
(118,4,true)
(119,4,true)
(122,4,true)
(123,4,true)
(125,4,true)
(126,4,true)
(127,4,true)
(128,4,true)
(131,4,true)
(134,4,true)
(135,4,true)
(136,4,true)
(137,4,true)
(138,4,true)
(139,4,true)
(140,4,true)
(145,4,true)
(147,4,true)
(149,4,true)
(152,4,false)
(153,4,false)
(154,4,true)
(155,4,true)
(156,4,true)
(157,4,true)
(159,4,true)
(161,4,true)
(166,4,true)
(169,4,true)
(173,4,true)
(176,4,true)
(177,4,true)
(178,4,true)
(180,4,true)
(181,4,true)
(183,4,true)
(185,4,true)
(186,4,false)
(189,4,true)
(193,4,true)
(194,4,true)
(196,4,true)
(197,4,true)
(198,4,true)
(3,5,false)
(4,5,false)
(10,5,false)
(11,5,false)
(12,5,false)
(13,5,false)
(14,5,false)
(15,5,false)
(18,5,true)
(20,5,false)
(22,5,false)
(27,5,false)
(28,5,false)
(29,5,false)
(30,5,false)
(32,5,false)
(35,5,false)
(36,5,true)
(37,5,false)
(41,5,true)
(46,5,true)
(47,5,true)
(51,5,true)
(54,5,true)
(55,5,true)
(56,5,true)
(57,5,true)
(58,5,true)
(62,5,true)
(66,5,true)
(69,5,true)
(70,5,true)
(74,5,true)
(75,5,true)
(76,5,true)
(77,5,true)
(79,5,true)
(82,5,true)
(83,5,true)
(84,5,true)
(91,5,true)
(92,5,true)
(94,5,false)
(95,5,true)
(96,5,true)
(97,5,true)
(99,5,true)
(100,5,true)
(104,5,true)
(105,5,true)
(117,5,true)
(118,5,true)
(120,5,true)
(121,5,false)
(126,5,true)
(127,5,true)
(129,5,true)
(131,5,true)
(132,5,true)
(134,5,true)
(135,5,true)
(137,5,true)
(140,5,true)
(141,5,true)
(142,5,true)
(144,5,true)
(147,5,true)
(153,5,true)
(154,5,true)
(155,5,true)
(156,5,true)
(157,5,true)
(158,5,false)
(160,5,true)
(162,5,true)
(164,5,true)
(165,5,true)
(166,5,true)
(168,5,true)
(171,5,true)
(172,5,true)
(176,5,true)
(177,5,true)
(180,5,true)
(183,5,true)
(184,5,true)
(185,5,true)
(188,5,true)
(192,5,true)
(196,5,true)
(198,5,true)
(199,5,true)
(0,6,false)
(1,6,false)
(10,6,false)
(12,6,false)
(14,6,false)
(17,6,false)
(19,6,true)
(20,6,false)
(21,6,false)
(24,6,false)
(25,6,false)
(26,6,false)
(28,6,false)
(29,6,false)
(32,6,false)
(34,6,false)
(35,6,false)
(37,6,false)
(39,6,false)
(40,6,true)
(44,6,true)
(47,6,true)
(48,6,true)
(49,6,true)
(50,6,true)
(53,6,true)
(56,6,true)
(58,6,false)
(61,6,true)
(65,6,true)
(68,6,true)
(70,6,true)
(71,6,true)
(74,6,true)
(75,6,true)
(79,6,true)
(84,6,true)
(86,6,true)
(88,6,true)
(92,6,true)
(93,6,true)
(94,6,true)
(95,6,true)
(96,6,true)
(97,6,true)
(98,6,true)
(99,6,true)
(101,6,true)
(102,6,true)
(103,6,true)
(107,6,true)
(109,6,true)
(110,6,true)
(111,6,true)
(114,6,true)
(117,6,true)
(120,6,true)
(122,6,true)
(123,6,false)
(124,6,true)
(129,6,true)
(130,6,true)
(132,6,true)
(136,6,true)
(139,6,true)
(144,6,true)
(145,6,true)
(148,6,true)
(149,6,true)
(156,6,true)
(159,6,true)
(160,6,true)
(164,6,true)
(167,6,true)
(168,6,true)
(169,6,true)
(171,6,true)
(172,6,true)
(174,6,true)
(175,6,true)
(177,6,true)
(180,6,true)
(186,6,true)
(190,6,true)
(191,6,true)
(192,6,true)
(1,7,false)
(2,7,false)
(3,7,false)
(4,7,false)
(9,7,false)
(11,7,false)
(14,7,true)
(15,7,false)
(16,7,false)
(17,7,false)
(18,7,false)
(20,7,false)
(21,7,false)
(29,7,false)
(31,7,false)
(36,7,false)
(38,7,false)
(39,7,false)
(44,7,true)
(45,7,true)
(48,7,true)
(49,7,true)
(50,7,true)
(51,7,true)
(52,7,true)
(53,7,false)
(56,7,true)
(60,7,true)
(65,7,true)
(70,7,true)
(72,7,false)
(73,7,true)
(76,7,true)
(77,7,true)
(78,7,true)
(83,7,true)
(87,7,true)
(88,7,true)
(89,7,true)
(92,7,true)
(93,7,true)
(97,7,true)
(99,7,true)
(105,7,true)
(107,7,true)
(108,7,true)
(110,7,true)
(113,7,false)
(116,7,true)
(117,7,true)
(119,7,true)
(122,7,true)
(126,7,true)
(128,7,true)
(131,7,true)
(134,7,false)
(138,7,true)
(144,7,true)
(145,7,false)
(146,7,true)
(150,7,true)
(151,7,true)
(152,7,true)
(153,7,true)
(155,7,true)
(157,7,true)
(158,7,true)
(160,7,true)
(161,7,true)
(162,7,true)
(167,7,true)
(168,7,true)
(175,7,true)
(176,7,true)
(178,7,false)
(181,7,true)
(189,7,true)
(190,7,true)
(196,7,true)
(199,7,true)
(0,8,false)
(1,8,false)
(2,8,false)
(5,8,false)
(6,8,false)
(10,8,false)
(11,8,false)
(13,8,false)
(16,8,false)
(19,8,false)
(20,8,false)
(21,8,false)
(22,8,false)
(23,8,false)
(32,8,false)
(40,8,true)
(43,8,true)
(45,8,true)
(46,8,true)
(50,8,true)
(51,8,true)
(54,8,true)
(56,8,true)
(60,8,true)
(66,8,true)
(67,8,true)
(68,8,false)
(69,8,true)
(71,8,true)
(72,8,true)
(74,8,true)
(75,8,false)
(76,8,true)
(77,8,true)
(78,8,true)
(82,8,true)
(83,8,true)
(84,8,true)
(85,8,true)
(86,8,true)
(90,8,true)
(91,8,true)
(92,8,true)
(95,8,true)
(96,8,true)
(99,8,true)
(104,8,true)
(106,8,true)
(107,8,true)
(111,8,true)
(114,8,true)
(115,8,true)
(117,8,true)
(118,8,true)
(123,8,true)
(132,8,true)
(137,8,true)
(140,8,true)
(141,8,true)
(144,8,true)
(145,8,false)
(147,8,true)
(149,8,true)
(152,8,true)
(153,8,false)
(155,8,true)
(157,8,true)
(158,8,true)
(164,8,true)
(165,8,true)
(169,8,true)
(171,8,true)
(176,8,true)
(184,8,true)
(188,8,true)
(189,8,true)
(190,8,true)
(191,8,true)
(194,8,true)
(1,9,false)
(8,9,false)
(9,9,false)
(10,9,false)
(14,9,false)
(17,9,false)
(23,9,false)
(30,9,false)
(37,9,false)
(38,9,false)
(49,9,true)
(51,9,true)
(55,9,true)
(57,9,false)
(60,9,true)
(61,9,true)
(62,9,true)
(63,9,true)
(64,9,true)
(65,9,true)
(70,9,true)
(73,9,true)
(76,9,true)
(77,9,true)
(78,9,true)
(85,9,false)
(92,9,false)
(96,9,true)
(98,9,true)
(102,9,true)
(103,9,true)
(104,9,true)
(108,9,true)
(109,9,true)
(110,9,true)
(112,9,true)
(113,9,true)
(114,9,true)
(116,9,true)
(117,9,true)
(118,9,true)
(119,9,true)
(121,9,true)
(123,9,true)
(125,9,true)
(128,9,true)
(132,9,true)
(133,9,true)
(134,9,true)
(135,9,true)
(138,9,true)
(139,9,true)
(142,9,true)
(143,9,true)
(148,9,true)
(149,9,true)
(153,9,true)
(159,9,true)
(161,9,true)
(162,9,true)
(163,9,true)
(166,9,true)
(168,9,true)
(169,9,true)
(171,9,true)
(174,9,true)
(177,9,true)
(179,9,true)
(181,9,true)
(184,9,false)
(185,9,true)
(191,9,true)
(192,9,true)
(197,9,true)
(2,10,false)
(3,10,true)
(4,10,false)
(5,10,false)
(6,10,false)
(9,10,true)
(10,10,false)
(11,10,false)
(12,10,false)
(14,10,false)
(18,10,false)
(20,10,false)
(22,10,false)
(25,10,false)
(28,10,false)
(34,10,false)
(37,10,false)
(42,10,true)
(47,10,true)
(49,10,false)
(56,10,true)
(59,10,true)
(61,10,false)
(63,10,true)
(64,10,true)
(65,10,true)
(68,10,true)
(71,10,true)
(72,10,true)
(75,10,true)
(81,10,true)
(82,10,true)
(85,10,true)
(86,10,true)
(88,10,true)
(91,10,true)
(92,10,true)
(99,10,true)
(106,10,true)
(108,10,true)
(110,10,true)
(114,10,true)
(126,10,true)
(127,10,true)
(132,10,true)
(134,10,true)
(135,10,true)
(136,10,true)
(137,10,true)
(138,10,true)
(139,10,true)
(140,10,true)
(141,10,true)
(144,10,true)
(150,10,true)
(152,10,true)
(154,10,true)
(158,10,true)
(160,10,true)
(162,10,true)
(163,10,true)
(167,10,true)
(169,10,true)
(171,10,true)
(172,10,true)
(175,10,true)
(178,10,true)
(180,10,true)
(185,10,true)
(186,10,true)
(190,10,true)
(191,10,true)
(192,10,true)
(193,10,true)
(195,10,true)
(197,10,true)
(1,11,false)
(2,11,false)
(3,11,false)
(5,11,false)
(6,11,false)
(8,11,false)
(9,11,false)
(14,11,false)
(16,11,false)
(36,11,false)
(38,11,false)
(40,11,false)
(44,11,true)
(46,11,true)
(47,11,true)
(49,11,true)
(51,11,true)
(52,11,true)
(55,11,true)
(56,11,true)
(60,11,true)
(63,11,true)
(64,11,true)
(67,11,true)
(68,11,true)
(71,11,true)
(77,11,true)
(82,11,true)
(83,11,true)
(87,11,true)
(93,11,true)
(94,11,true)
(100,11,true)
(101,11,true)
(102,11,true)
(105,11,true)
(107,11,true)
(114,11,true)
(115,11,true)
(119,11,true)
(121,11,true)
(123,11,true)
(126,11,true)
(129,11,true)
(130,11,true)
(131,11,true)
(132,11,true)
(133,11,true)
(135,11,true)
(141,11,true)
(146,11,true)
(147,11,true)
(151,11,true)
(152,11,false)
(153,11,true)
(156,11,true)
(157,11,true)
(158,11,true)
(159,11,true)
(160,11,true)
(161,11,true)
(165,11,true)
(166,11,true)
(172,11,true)
(175,11,true)
(177,11,true)
(180,11,true)
(182,11,true)
(185,11,true)
(191,11,true)
(194,11,true)
(196,11,true)
(197,11,true)
(198,11,true)
(2,12,false)
(15,12,false)
(27,12,false)
(28,12,true)
(31,12,true)
(32,12,false)
(34,12,false)
(36,12,false)
(40,12,true)
(45,12,false)
(47,12,true)
(51,12,true)
(52,12,true)
(55,12,true)
(57,12,true)
(58,12,true)
(64,12,true)
(65,12,true)
(66,12,true)
(69,12,true)
(70,12,true)
(73,12,true)
(76,12,true)
(77,12,true)
(80,12,true)
(82,12,true)
(87,12,true)
(89,12,true)
(90,12,true)
(92,12,true)
(94,12,true)
(95,12,true)
(97,12,true)
(98,12,true)
(101,12,false)
(103,12,true)
(105,12,true)
(107,12,true)
(115,12,true)
(122,12,true)
(123,12,true)
(125,12,true)
(128,12,true)
(130,12,true)
(133,12,false)
(134,12,true)
(136,12,true)
(137,12,false)
(140,12,true)
(142,12,true)
(144,12,true)
(148,12,true)
(152,12,true)
(153,12,true)
(154,12,true)
(156,12,true)
(158,12,true)
(164,12,true)
(172,12,true)
(180,12,true)
(181,12,false)
(182,12,true)
(184,12,true)
(185,12,true)
(187,12,true)
(188,12,true)
(190,12,true)
(191,12,true)
(192,12,true)
(193,12,true)
(194,12,true)
(196,12,true)
(197,12,true)
(2,13,true)
(5,13,true)
(6,13,false)
(13,13,false)
(16,13,false)
(18,13,false)
(21,13,false)
(22,13,false)
(25,13,false)
(26,13,false)
(29,13,true)
(32,13,false)
(33,13,false)
(36,13,false)
(37,13,false)
(39,13,false)
(40,13,true)
(47,13,true)
(48,13,true)
(52,13,true)
(53,13,true)
(55,13,true)
(62,13,true)
(66,13,true)
(72,13,true)
(76,13,true)
(78,13,true)
(81,13,true)
(89,13,true)
(91,13,true)
(97,13,true)
(99,13,true)
(103,13,true)
(105,13,true)
(109,13,true)
(113,13,true)
(114,13,true)
(116,13,true)
(118,13,true)
(121,13,true)
(122,13,true)
(127,13,true)
(129,13,true)
(132,13,true)
(133,13,true)
(138,13,true)
(142,13,true)
(145,13,true)
(153,13,true)
(156,13,true)
(159,13,true)
(160,13,true)
(161,13,true)
(162,13,true)
(163,13,true)
(164,13,true)
(167,13,true)
(172,13,true)
(174,13,true)
(176,13,true)
(177,13,true)
(181,13,true)
(182,13,true)
(187,13,true)
(189,13,true)
(190,13,true)
(193,13,true)
(194,13,true)
(195,13,true)
(199,13,true)
(4,14,false)
(8,14,false)
(9,14,false)
(10,14,false)
(11,14,false)
(16,14,false)
(22,14,false)
(24,14,false)
(28,14,false)
(29,14,false)
(32,14,false)
(36,14,false)
(37,14,false)
(39,14,false)
(40,14,true)
(49,14,true)
(55,14,true)
(58,14,true)
(59,14,true)
(61,14,true)
(65,14,true)
(66,14,true)
(69,14,true)
(73,14,false)
(75,14,true)
(76,14,true)
(81,14,true)
(82,14,true)
(84,14,true)
(85,14,false)
(86,14,true)
(95,14,true)
(100,14,true)
(105,14,true)
(108,14,true)
(113,14,true)
(114,14,true)
(121,14,true)
(124,14,true)
(126,14,false)
(129,14,true)
(134,14,false)
(135,14,true)
(136,14,true)
(138,14,true)
(139,14,true)
(140,14,true)
(142,14,true)
(143,14,true)
(146,14,true)
(147,14,true)
(149,14,true)
(153,14,true)
(155,14,true)
(159,14,true)
(160,14,true)
(161,14,true)
(167,14,true)
(170,14,true)
(171,14,true)
(172,14,true)
(173,14,true)
(175,14,true)
(176,14,true)
(181,14,true)
(186,14,true)
(189,14,true)
(191,14,true)
(195,14,true)
(196,14,true)
(199,14,true)
(0,15,false)
(2,15,false)
(5,15,false)
(7,15,false)
(9,15,false)
(16,15,false)
(18,15,false)
(19,15,false)
(23,15,false)
(26,15,false)
(27,15,false)
(28,15,false)
(35,15,false)
(36,15,false)
(39,15,false)
(42,15,true)
(43,15,true)
(50,15,true)
(55,15,true)
(61,15,true)
(65,15,true)
(71,15,false)
(72,15,true)
(74,15,true)
(76,15,true)
(77,15,true)
(82,15,true)
(84,15,true)
(88,15,true)
(90,15,false)
(95,15,true)
(96,15,true)
(102,15,true)
(103,15,true)
(104,15,true)
(106,15,true)
(110,15,true)
(112,15,true)
(113,15,true)
(117,15,true)
(121,15,true)
(126,15,true)
(131,15,true)
(135,15,true)
(139,15,true)
(141,15,true)
(145,15,true)
(146,15,true)
(147,15,true)
(154,15,true)
(162,15,true)
(163,15,true)
(167,15,true)
(169,15,true)
(179,15,true)
(180,15,true)
(182,15,true)
(184,15,true)
(188,15,true)
(191,15,true)
(195,15,true)
(196,15,true)
(4,16,false)
(10,16,false)
(14,16,false)
(17,16,false)
(18,16,false)
(19,16,false)
(20,16,false)
(23,16,false)
(25,16,false)
(27,16,false)
(28,16,false)
(36,16,false)
(44,16,true)
(48,16,true)
(49,16,true)
(53,16,true)
(63,16,true)
(65,16,true)
(66,16,true)
(68,16,true)
(70,16,true)
(73,16,false)
(74,16,true)
(78,16,true)
(81,16,true)
(83,16,true)
(84,16,true)
(87,16,true)
(93,16,true)
(95,16,true)
(97,16,true)
(98,16,true)
(99,16,true)
(103,16,true)
(105,16,true)
(109,16,true)
(114,16,true)
(119,16,true)
(124,16,true)
(127,16,true)
(128,16,true)
(129,16,true)
(130,16,true)
(132,16,true)
(135,16,true)
(139,16,true)
(144,16,true)
(145,16,true)
(147,16,true)
(149,16,true)
(150,16,true)
(153,16,true)
(154,16,true)
(155,16,true)
(156,16,true)
(164,16,true)
(169,16,true)
(172,16,true)
(173,16,true)
(174,16,true)
(176,16,true)
(178,16,true)
(181,16,true)
(186,16,true)
(188,16,true)
(5,17,false)
(11,17,true)
(14,17,false)
(16,17,false)
(17,17,true)
(19,17,false)
(21,17,false)
(23,17,false)
(25,17,false)
(35,17,false)
(36,17,false)
(45,17,true)
(46,17,true)
(50,17,false)
(51,17,true)
(52,17,true)
(55,17,true)
(63,17,true)
(65,17,true)
(75,17,true)
(81,17,true)
(83,17,true)
(85,17,true)
(90,17,true)
(92,17,true)
(94,17,true)
(100,17,true)
(103,17,true)
(104,17,true)
(107,17,true)
(109,17,true)
(116,17,true)
(124,17,true)
(125,17,true)
(126,17,true)
(128,17,true)
(129,17,true)
(130,17,true)
(132,17,true)
(133,17,true)
(136,17,false)
(143,17,true)
(144,17,true)
(149,17,true)
(150,17,true)
(151,17,true)
(153,17,true)
(155,17,true)
(156,17,true)
(161,17,true)
(168,17,true)
(171,17,true)
(176,17,true)
(188,17,true)
(191,17,true)
(196,17,true)
(199,17,true)
(10,18,false)
(13,18,false)
(15,18,false)
(16,18,false)
(23,18,false)
(24,18,false)
(25,18,false)
(26,18,false)
(30,18,false)
(33,18,false)
(36,18,false)
(38,18,false)
(42,18,true)
(48,18,true)
(49,18,true)
(54,18,true)
(60,18,true)
(62,18,true)
(65,18,true)
(67,18,true)
(69,18,true)
(83,18,true)
(90,18,true)
(96,18,true)
(97,18,true)
(98,18,true)
(100,18,true)
(107,18,true)
(115,18,true)
(116,18,false)
(117,18,true)
(121,18,true)
(122,18,true)
(125,18,true)
(128,18,true)
(130,18,true)
(137,18,true)
(139,18,true)
(140,18,true)
(144,18,false)
(148,18,true)
(152,18,true)
(154,18,true)
(155,18,true)
(158,18,true)
(161,18,true)
(169,18,true)
(173,18,true)
(176,18,true)
(178,18,false)
(184,18,true)
(186,18,true)
(187,18,true)
(190,18,true)
(2,19,false)
(4,19,true)
(5,19,false)
(11,19,true)
(13,19,false)
(16,19,false)
(22,19,false)
(25,19,false)
(31,19,false)
(34,19,false)
(37,19,false)
(41,19,true)
(48,19,true)
(56,19,false)
(64,19,false)
(67,19,true)
(71,19,true)
(74,19,true)
(75,19,true)
(96,19,true)
(100,19,true)
(104,19,true)
(106,19,true)
(110,19,true)
(117,19,true)
(119,19,true)
(127,19,true)
(128,19,true)
(130,19,true)
(137,19,true)
(140,19,true)
(142,19,true)
(148,19,true)
(151,19,true)
(154,19,true)
(157,19,true)
(159,19,true)
(160,19,true)
(166,19,true)
(167,19,true)
(171,19,true)
(172,19,true)
(174,19,false)
(184,19,true)
(191,19,true)
(192,19,true)
(195,19,true)
(196,19,true)
(198,19,true)
(0,20,false)
(2,20,true)
(3,20,false)
(6,20,false)
(9,20,false)
(10,20,false)
(11,20,false)
(12,20,false)
(14,20,false)
(18,20,false)
(22,20,false)
(25,20,false)
(33,20,false)
(40,20,true)
(42,20,true)
(46,20,true)
(49,20,true)
(51,20,true)
(60,20,true)
(67,20,true)
(68,20,true)
(69,20,true)
(71,20,true)
(76,20,true)
(81,20,true)
(82,20,true)
(85,20,true)
(87,20,true)
(90,20,true)
(95,20,true)
(98,20,true)
(108,20,true)
(112,20,true)
(114,20,true)
(117,20,true)
(127,20,true)
(131,20,true)
(137,20,true)
(144,20,true)
(147,20,true)
(148,20,true)
(157,20,true)
(160,20,true)
(162,20,true)
(164,20,true)
(170,20,true)
(171,20,true)
(175,20,true)
(179,20,true)
(189,20,true)
(190,20,true)
(193,20,true)
(0,21,false)
(4,21,false)
(12,21,false)
(15,21,false)
(19,21,false)
(23,21,false)
(27,21,false)
(32,21,false)
(33,21,false)
(36,21,false)
(44,21,false)
(47,21,true)
(50,21,true)
(61,21,true)
(62,21,true)
(64,21,true)
(65,21,true)
(66,21,true)
(67,21,true)
(76,21,true)
(84,21,true)
(87,21,false)
(90,21,true)
(91,21,true)
(96,21,true)
(98,21,true)
(101,21,true)
(106,21,true)
(108,21,true)
(110,21,true)
(111,21,true)
(119,21,true)
(121,21,true)
(122,21,true)
(128,21,true)
(129,21,true)
(132,21,true)
(134,21,true)
(135,21,true)
(136,21,true)
(138,21,true)
(140,21,true)
(142,21,true)
(143,21,false)
(146,21,true)
(149,21,true)
(156,21,true)
(161,21,true)
(169,21,false)
(172,21,true)
(175,21,true)
(177,21,true)
(182,21,true)
(186,21,true)
(187,21,true)
(189,21,true)
(4,22,false)
(6,22,false)
(10,22,false)
(11,22,false)
(14,22,false)
(21,22,false)
(22,22,false)
(23,22,false)
(24,22,false)
(26,22,false)
(27,22,true)
(31,22,true)
(33,22,false)
(34,22,false)
(36,22,false)
(40,22,false)
(42,22,true)
(43,22,true)
(44,22,true)
(46,22,true)
(59,22,false)
(62,22,true)
(70,22,true)
(71,22,true)
(72,22,true)
(75,22,true)
(81,22,true)
(82,22,true)
(84,22,true)
(85,22,true)
(92,22,true)
(95,22,true)
(97,22,true)
(98,22,true)
(104,22,true)
(107,22,true)
(109,22,true)
(110,22,true)
(111,22,false)
(115,22,true)
(116,22,true)
(117,22,false)
(123,22,true)
(125,22,true)
(127,22,true)
(130,22,true)
(137,22,true)
(141,22,true)
(142,22,true)
(145,22,true)
(146,22,true)
(148,22,true)
(152,22,true)
(160,22,true)
(161,22,true)
(165,22,true)
(166,22,true)
(168,22,false)
(171,22,true)
(185,22,true)
(188,22,true)
(193,22,true)
(1,23,false)
(3,23,false)
(6,23,false)
(8,23,false)
(9,23,false)
(11,23,false)
(13,23,false)
(17,23,false)
(19,23,false)
(23,23,false)
(24,23,false)
(26,23,false)
(37,23,false)
(41,23,true)
(47,23,true)
(50,23,false)
(55,23,true)
(56,23,true)
(59,23,true)
(66,23,true)
(68,23,true)
(71,23,true)
(72,23,true)
(76,23,true)
(81,23,true)
(88,23,true)
(94,23,true)
(98,23,true)
(100,23,false)
(103,23,true)
(106,23,true)
(108,23,true)
(110,23,true)
(116,23,true)
(122,23,true)
(123,23,true)
(130,23,false)
(132,23,true)
(134,23,false)
(141,23,true)
(144,23,true)
(150,23,true)
(151,23,true)
(156,23,true)
(169,23,true)
(170,23,true)
(172,23,true)
(180,23,true)
(182,23,true)
(186,23,true)
(187,23,false)
(188,23,true)
(196,23,true)
(199,23,true)
(0,24,false)
(3,24,false)
(5,24,false)
(7,24,false)
(8,24,false)
(9,24,false)
(12,24,false)
(15,24,false)
(16,24,false)
(17,24,false)
(18,24,false)
(19,24,false)
(22,24,false)
(24,24,false)
(25,24,false)
(29,24,false)
(30,24,false)
(31,24,false)
(37,24,false)
(42,24,true)
(43,24,true)
(50,24,false)
(53,24,true)
(55,24,true)
(57,24,false)
(58,24,true)
(61,24,true)
(63,24,true)
(68,24,true)
(79,24,true)
(84,24,true)
(87,24,true)
(93,24,true)
(102,24,true)
(107,24,true)
(110,24,true)
(111,24,true)
(112,24,false)
(113,24,true)
(120,24,true)
(126,24,true)
(127,24,false)
(129,24,true)
(134,24,true)
(135,24,true)
(136,24,true)
(140,24,true)
(142,24,true)
(144,24,true)
(147,24,true)
(153,24,true)
(154,24,true)
(157,24,true)
(161,24,true)
(162,24,true)
(165,24,true)
(166,24,true)
(168,24,true)
(170,24,true)
(174,24,true)
(179,24,true)
(180,24,true)
(182,24,true)
(191,24,true)
(194,24,true)
(195,24,true)
(198,24,true)
(4,25,false)
(7,25,false)
(10,25,false)
(11,25,false)
(17,25,true)
(21,25,false)
(27,25,false)
(29,25,false)
(34,25,false)
(41,25,true)
(47,25,true)
(48,25,true)
(52,25,true)
(56,25,true)
(58,25,true)
(66,25,true)
(67,25,true)
(68,25,true)
(73,25,true)
(85,25,false)
(90,25,true)
(98,25,true)
(101,25,false)
(103,25,true)
(107,25,true)
(114,25,true)
(116,25,true)
(117,25,true)
(123,25,true)
(124,25,true)
(129,25,true)
(132,25,true)
(141,25,true)
(148,25,true)
(178,25,false)
(181,25,false)
(0,26,false)
(2,26,false)
(12,26,false)
(17,26,false)
(19,26,false)
(20,26,false)
(28,26,false)
(29,26,false)
(33,26,false)
(46,26,true)
(48,26,true)
(57,26,true)
(69,26,true)
(72,26,true)
(73,26,true)
(76,26,true)
(79,26,true)
(82,26,true)
(84,26,true)
(90,26,true)
(91,26,true)
(93,26,true)
(99,26,true)
(103,26,true)
(105,26,true)
(106,26,true)
(109,26,true)
(112,26,true)
(115,26,true)
(122,26,true)
(123,26,true)
(126,26,true)
(131,26,true)
(133,26,true)
(134,26,false)
(135,26,true)
(136,26,true)
(140,26,true)
(141,26,true)
(146,26,true)
(151,26,true)
(155,26,true)
(167,26,true)
(172,26,true)
(173,26,true)
(186,26,true)
(188,26,true)
(190,26,true)
(193,26,true)
(198,26,true)
(199,26,true)

(26,24)
(54,15)
(32,15)
(31,18)
(33,11)
(131,6)
(156,7)
(21,10)
(57,11)
(107,9)
(0,16)
(52,14)
(71,1)
(52,21)
(46,10)
(96,23)
(170,25)
(94,15)
(79,19)
(84,13)
(97,0)
(156,19)
(168,15)
(74,7)
(156,18)
(102,10)
(198,10)
(38,23)
(172,9)
(156,14)
(29,17)
(115,7)
(133,19)
(93,25)
(174,2)
(145,23)
(184,25)
(15,16)
(129,3)
(102,19)
(193,11)
(189,5)
(95,23)
(8,7)
(22,18)
(7,19)
(137,21)
(9,5)
(172,7)
(26,14)
(87,25)
(127,23)
(83,3)
(70,24)
(180,8)
(8,10)
(127,15)
(42,8)
(148,4)
(109,12)
(2,14)
(78,23)
(3,16)
(145,10)
(141,4)
(33,14)
(175,8)
(44,10)
(107,21)
(90,10)
(16,25)
(147,6)
(24,11)
(15,11)
(64,26)
(178,8)
(199,9)
(107,5)
(198,20)
(32,18)
(99,17)
(71,4)
(195,2)
(81,26)
(4,4)
(133,21)
(16,23)
(27,4)
(176,26)
(136,22)
(9,1)
(4,26)
(153,25)
(90,22)
(76,10)
(89,1)
(24,1)
(165,9)
(102,20)
(109,25)
(137,17)
(155,22)
(174,4)
(83,9)
(168,12)
(115,10)
(8,26)
(48,5)
(111,12)
(95,4)
(71,26)
(119,13)
(15,9)
(166,13)
(110,13)
(5,9)
(25,2)
(35,24)
(11,16)
(147,10)
(47,18)
(67,16)
(160,8)
(79,22)
(53,17)
(128,10)
(72,5)
(94,10)
(26,20)
(177,16)
(2,5)
(134,11)
(169,22)
(133,6)
(181,15)
(65,20)
(53,5)
(76,19)
(126,3)
(194,19)
(5,23)
(181,18)
(84,9)
(36,10)
(170,11)
(18,12)
(66,7)
(155,15)
(188,4)
(48,15)
(184,10)
(188,6)
(147,3)
(36,4)
(60,25)
(149,25)
(152,19)
(4,11)
(158,4)
(151,5)
(17,13)
(9,6)
(81,18)
(96,26)
(30,11)
(141,17)
(20,15)
(182,17)
(89,18)
(179,8)
(166,23)
(43,21)
(85,23)
(119,25)
(126,0)
(180,25)
(77,24)
(171,23)
(45,21)
(183,16)
(3,0)
(30,19)
(39,17)
(60,15)
(73,24)
(183,14)
(169,5)
(174,11)
(86,18)
(116,16)
(74,23)
(121,16)
(162,12)
(190,11)
(14,3)
(90,6)
(158,9)
(190,15)
(112,12)
(16,6)
(47,8)
(0,10)
(121,8)
(54,4)
(109,21)
(7,7)
(60,5)
(0,11)
(195,4)
(14,12)
(84,11)
(117,17)
(132,14)
(21,1)
(141,18)
(157,3)
(168,23)
(54,14)
(53,8)
(52,6)
(29,8)
(20,14)
(140,20)
(71,12)
(141,13)
(13,11)
(165,16)
(180,13)
(29,23)
(174,15)
(145,5)
(27,2)
(100,6)
(16,5)
(159,7)
(113,22)
(70,10)
(47,4)
(121,3)
(75,21)
(10,12)
(46,4)
(135,12)
(124,22)
(68,5)
(53,14)
(116,19)
(165,7)
(196,1)
(162,4)
(115,2)
(170,15)
(54,13)
(17,11)
(171,3)
(79,14)
(34,9)
(87,23)
(150,4)
(185,7)
(171,2)
(165,13)
(71,13)
(138,6)
(19,11)
(140,2)
(67,12)
(14,18)
(135,17)
(66,6)
(11,2)
(75,16)
(28,20)
(9,16)
(37,7)
(93,3)
(191,25)
(70,0)
(164,0)
(23,19)
(189,6)
(150,11)
(110,5)
(147,12)
(197,1)
(101,22)
(185,13)
(153,3)
(116,5)
(38,16)
(150,22)
(81,8)
(59,3)
(166,21)
(155,25)
(82,17)
(116,21)
(58,19)
(14,23)
(94,26)
(121,25)
(142,17)
(37,4)
(99,22)
(33,24)
(129,23)
(95,25)
(156,24)
(86,7)
(34,1)
(165,20)
(192,17)
(112,19)
(85,21)
(27,9)
(86,12)
(122,5)
(95,10)
(35,16)
(74,11)
(41,20)
(143,18)
(110,17)
(49,23)
(135,1)
(95,13)
(93,19)
(108,19)
(198,16)
(20,22)
(19,7)
(113,21)
(3,15)
(140,0)
(195,3)
(173,25)
(7,21)
(29,15)
(195,18)
(171,7)
(171,15)
(104,12)
(34,7)
(36,24)
(21,12)
(68,22)
(186,5)
(35,10)
(137,25)
(81,12)
(77,0)
(170,9)
(62,23)
(122,17)
(155,11)
(137,26)
(94,3)
(123,7)
(30,13)
(57,1)
(121,6)
(115,24)
(79,18)
(80,18)
(182,5)
(143,25)
(52,9)
(160,2)
(28,11)
(46,21)
(72,21)
(20,18)
(86,5)
(192,13)
(183,3)
(28,23)
(159,24)
(147,13)
(122,25)
(55,4)
(178,13)
(128,25)
(77,14)
(171,12)
(73,23)
(127,3)
(9,12)
(20,23)
(162,22)
(176,6)
(119,22)
(60,16)
(31,11)
(174,10)
(55,16)
(41,17)
(24,8)
(42,13)
(144,14)
(182,10)
(176,12)
(113,8)
(98,26)
(164,19)
(142,4)
(24,13)
(75,11)
(88,16)
(198,6)
(22,4)
(171,21)
(7,18)
(121,4)
(51,14)
(164,4)
(118,14)
(100,7)
(13,1)
(161,6)
(146,8)
(12,15)
(10,24)
(49,22)
(9,18)
(182,14)
(50,11)
(40,15)
(16,10)
(138,8)
(74,21)
(39,1)
(90,11)
(178,14)
(129,20)
(148,14)
(56,16)
(35,11)
(34,4)
(6,5)
(49,5)
(116,8)
(99,14)
(196,3)
(59,12)
(28,3)
(154,26)
(117,16)
(59,6)
(179,14)
(34,26)
(46,3)
(67,7)
(21,11)
(112,22)
(39,8)
(164,21)
(190,2)
(45,9)
(59,16)
(150,0)
(118,25)
(174,23)
(40,9)
(134,6)
(191,13)
(127,6)
(27,14)
(131,19)
(154,11)
(112,0)
(14,26)
(58,18)
(40,2)
(7,1)
(27,17)
(125,5)
(180,16)
(194,23)
(29,4)
(124,0)
(81,3)
(127,14)
(172,20)
(48,17)
(61,2)
(177,7)
(66,24)
(189,2)
(0,19)
(24,20)
(164,17)
(143,26)
(103,2)
(162,21)
(22,9)
(121,22)
(145,9)
(137,2)
(191,4)
(131,14)
(16,3)
(125,19)
(149,15)
(196,26)
(158,13)
(47,19)
(158,6)
(109,7)
(66,10)
(129,7)
(161,2)
(49,4)
(30,10)
(40,3)
(62,16)
(127,17)
(133,15)
(176,1)
(17,10)
(0,13)
(107,23)
(138,19)
(28,4)
(9,22)
(103,10)
(34,21)
(107,20)
(52,4)
(70,1)
(98,3)
(165,10)
(17,21)
(102,14)
(19,5)
(7,6)
(50,22)
(173,10)
(158,16)
(170,6)
(20,20)
(162,14)
(62,2)
(84,2)
(127,21)
(27,11)
(107,13)
(12,22)
(83,19)
(33,7)
(189,17)
(172,18)
(116,1)
(116,15)
(25,5)
(45,10)
(174,18)
(184,4)
(139,3)
(84,17)
(53,20)
(160,18)
(23,24)
(116,26)
(87,19)
(72,17)
(112,13)
(134,22)
(124,21)
(5,4)
(69,21)
(34,17)
(169,13)
(51,6)
(44,20)
(138,20)
(148,21)
(131,10)
(141,7)
(144,9)
(87,18)
(33,3)
(51,25)
(155,2)
(97,4)
(180,14)
(63,5)
(175,26)
(143,11)
(36,23)
(128,23)
(78,19)
(161,16)
(140,6)
(104,0)
(50,25)
(158,17)
(132,22)
(148,24)
(46,1)
(188,19)
(98,13)
(99,4)
(34,8)
(196,9)
(111,17)
(135,13)
(11,9)
(23,14)
(63,18)
(41,14)
(152,2)
(193,0)
(7,5)
(12,13)
(86,15)
(19,13)
(180,20)
(102,13)
(69,10)
(66,17)
(50,13)
(83,6)
(110,26)
(128,22)
(157,26)
(169,12)
(149,13)
(46,13)
(22,3)
(62,8)
(147,7)
(159,8)
(30,12)
(81,6)
(98,14)
(86,19)
(3,19)
(121,12)
(102,17)
(140,13)
(188,7)
(44,2)
(57,6)
(129,1)
(132,3)
(117,12)
(102,16)
(157,21)
(106,3)
(4,18)
(96,14)
(36,9)
(170,12)
(28,13)
(158,22)
(43,3)
(131,21)
(74,3)
(181,6)
(166,10)
(133,4)
(148,11)
(101,19)
(157,12)
(45,18)
(65,13)
(120,20)
(95,18)
(31,9)
(187,9)
(86,3)
(132,20)
(194,18)
(190,23)
(190,22)
(56,24)
(149,5)
(48,3)
(139,5)
(161,1)
(95,9)
(21,5)
(158,26)
(66,22)
(27,10)
(75,7)
(127,11)
(26,9)
(6,24)
(82,16)
(41,15)
(198,15)
(12,25)
(85,2)
(173,1)
(42,3)
(177,14)
(133,3)
(28,2)
(199,22)
(5,14)
(158,24)
(127,8)
(33,12)
(92,24)
(54,17)
(33,8)
(132,18)
(192,26)
(160,24)
(181,3)
(161,20)
(131,17)
(37,22)
(193,17)
(116,11)
(134,18)
(80,16)
(73,11)
(57,4)
(184,21)
(100,21)
(6,15)
(140,17)
(91,6)
(37,21)
(103,5)
(58,7)
(28,25)
(15,10)
(61,3)
(71,7)
(109,2)
(122,14)
(102,7)
(171,13)
(74,10)
(122,20)
(185,21)
(142,8)
(166,25)
(80,10)
(68,4)
(131,8)
(149,24)
(94,18)
(198,13)
(105,6)
(77,19)
(140,15)
(144,25)
(2,18)
(131,2)
(45,1)
(127,18)
(19,20)
(58,17)
(0,0)
(34,18)
(160,21)
(141,1)
(5,21)
(0,14)
(72,18)
(36,26)
(33,6)
(71,0)
(33,23)
(98,11)
(5,7)
(100,15)
(165,14)
(141,14)
(42,16)
(156,9)
(117,0)
(141,12)
(169,20)
(189,1)
(169,25)
(60,6)
(67,1)
(34,11)
(30,8)
(117,24)
(135,8)
(88,14)
(141,19)
(13,6)
(19,12)
(40,10)
(96,3)
(135,19)
(100,2)
(133,24)
(176,22)
(75,25)
(177,15)
(129,26)
(139,20)
(12,11)
(159,10)
(155,19)
(134,25)
(63,0)
(19,18)
(36,19)
(97,24)
(90,1)
(188,9)
(21,0)
(8,22)
(75,2)
(41,4)
(112,16)
(58,8)
(89,15)
(33,15)
(118,6)
(118,19)
(126,23)
(199,11)
(190,5)
(171,24)
(123,3)
(3,9)
(82,25)
(190,19)
(151,18)
(108,8)
(90,23)
(168,14)
(114,5)
(139,21)
(89,8)
(100,4)
(35,12)
(144,21)
(136,16)
(91,12)
(117,23)
(45,5)
(187,1)
(94,25)
(124,4)
(183,26)
(30,0)
(13,17)
(186,1)
(132,26)
(85,15)
(121,23)
(106,5)
(114,3)
(83,21)
(142,16)
(197,18)
(189,23)
(164,22)
(87,3)
(41,24)
(113,6)
(22,16)
(163,18)
(6,12)
(95,17)
(53,25)
(115,21)
(125,6)
(149,20)
(84,1)
(17,14)
(27,20)
(5,6)
(40,16)
(7,3)
(7,26)
(99,12)
(62,11)
(90,2)
(83,14)
(46,16)
(42,11)
(167,2)
(128,0)
(4,12)
(42,17)
(47,9)
(76,0)
(128,8)
(116,6)
(115,15)
(36,25)
(23,3)
(161,12)
(13,15)
(124,7)
(180,17)
(156,10)
(152,6)
(66,20)
(79,21)
(99,15)
(131,22)
(78,6)
(176,11)
(15,23)
(119,24)
(153,6)
(3,14)
(180,3)
(199,6)
(157,9)
(176,21)
(84,7)
(151,4)
(92,20)
(36,8)
(104,7)
(120,15)
(140,9)
(108,26)
(128,13)
(184,23)
(46,12)
(76,25)
(136,3)
(139,13)
(55,2)
(147,23)
(150,12)
(47,14)
(113,12)
(67,2)
(154,21)
(170,26)
(58,26)
(136,20)
(69,4)
(15,8)
(88,2)
(152,3)
(189,18)
(85,7)
(54,12)
(89,26)
(133,23)
(25,14)
(48,2)
(57,14)
(193,8)
(138,26)
(23,6)
(199,0)
(66,9)
(124,12)
(41,22)
(166,18)
(164,2)
(13,7)
(38,22)
(117,4)
(126,2)
(138,11)
(107,15)
(190,14)
(155,10)
(71,17)
(120,18)
(122,24)
(184,16)
(159,1)
(188,3)
(124,10)
(109,14)
(36,20)
(76,17)
(39,23)
(101,14)
(142,25)
(154,9)
(78,4)
(155,23)
(192,24)
(171,11)
(167,4)
(57,10)
(167,1)
(52,19)
(73,10)
(45,3)
(123,5)
(143,6)
(189,25)
(36,0)
(127,9)
(44,14)
(47,15)
(123,13)
(126,20)
(157,14)
(140,23)
(0,1)
(148,16)
(98,5)
(137,15)
(6,25)
(196,10)
(168,4)
(95,24)
(124,8)
(87,22)
(83,23)
(61,25)
(117,21)
(47,2)
(40,23)
(126,16)
(163,21)
(79,11)
(188,13)
(174,17)
(177,22)
(34,13)
(8,18)
(32,10)
(23,5)
(168,25)
(21,2)
(64,3)
(26,21)
(169,7)
(53,12)
(56,12)
(102,26)
(91,9)
(67,0)
(158,14)
(42,21)
(26,11)
(159,5)
(140,11)
(192,16)
(96,13)
(143,16)
(164,10)
(94,7)
(46,19)
(167,25)
(190,3)
(32,22)
(19,19)
(3,13)
(109,8)
(142,15)
(100,26)
(37,17)
(162,17)
(150,6)
(41,26)
(196,22)
(75,20)
(111,3)
(23,7)
(39,18)
(171,16)
(167,0)
(102,5)
(62,26)
(31,6)
(13,12)
(54,7)
(19,22)
(31,8)
(26,26)
(33,2)
(148,17)
(129,22)
(80,7)
(118,17)
(191,21)
(129,8)
(104,11)
(144,11)
(20,9)
(112,14)
(93,8)
(173,12)
(106,7)
(175,16)
(186,13)
(35,21)
(156,15)
(2,6)
(6,7)
(183,8)
(1,22)
(13,14)
(156,26)
(41,6)
(41,16)
(84,20)
(178,12)
(142,11)
(55,10)
(88,12)
(28,24)
(52,5)
(9,19)
(6,6)
(75,9)
(108,11)
(129,19)
(183,6)
(123,17)
(113,19)
(22,15)
(28,21)
(169,24)
(77,13)
(133,25)
(120,9)
(36,6)
(38,21)
(27,18)
(122,19)
(169,14)
(52,16)
(122,10)
(106,25)
(74,9)
(156,22)
(101,16)
(188,21)
(154,14)
(144,22)
(74,13)
(127,26)
(191,20)
(45,14)
(103,14)
(103,11)
(155,6)
(50,14)
(24,26)
(72,2)
(89,22)
(108,24)
(198,23)
(30,6)
(84,25)
(190,21)
(115,13)
(60,24)
(58,11)
(183,7)
(176,15)
(100,10)
(130,14)
(197,21)
(103,20)
(100,12)
(105,18)
(7,9)
(166,17)
(173,5)
(96,0)
(96,17)
(168,3)
(147,18)
(105,17)
(156,20)
(73,5)
(112,3)
(2,16)
(94,8)
(140,7)
(65,4)
(106,13)
(40,1)
(80,5)
(87,5)
(152,17)
(25,25)
(75,13)
(163,6)
(53,11)
(117,1)
(64,24)
(106,22)
(176,10)
(118,0)
(46,6)
(91,7)
(126,1)
(108,18)
(2,21)
(131,12)
(33,1)
(183,25)
(84,18)
(64,17)
(161,26)
(174,0)
(195,12)
(91,25)
(96,25)
(87,4)
(95,11)
(50,19)
(27,6)
(160,15)
(95,26)
(74,22)
(62,0)
(129,9)
(195,6)
(15,13)
(126,25)
(148,7)
(127,25)
(5,5)
(153,18)
(51,10)
(151,8)
(41,1)
(0,5)
(198,2)
(129,10)
(140,25)
(73,15)
(67,22)
(103,19)
(140,22)
(101,8)
(193,24)
(120,22)
(87,26)
(168,20)
(35,3)
(192,23)
(113,25)
(175,1)
(122,9)
(81,19)
(196,13)
(49,0)
(71,3)
(81,11)
(55,3)
(63,4)
(23,25)
(145,1)
(75,15)
(6,16)
(172,1)
(82,18)
(34,24)
(132,4)
(28,19)
(166,7)
(150,15)
(12,19)
(31,15)
(108,5)
(97,25)
(86,16)
(63,13)
(161,19)
(114,17)
(42,6)
(52,22)
(111,5)
(186,19)
(15,22)
(87,9)
(38,3)
(15,20)
(182,6)
(15,17)
(190,4)
(183,24)
(55,7)
(63,20)
(19,9)
(179,18)
(177,20)
(57,21)
(52,15)
(172,25)
(16,26)
(192,4)
(75,26)
(158,20)
(28,22)
(17,2)
(45,11)
(143,10)
(172,17)
(138,17)
(126,22)
(71,18)
(37,18)
(34,3)
(108,4)
(182,7)
(177,18)
(83,22)
(107,16)
(67,14)
(104,13)
(104,26)
(74,18)
(130,4)
(183,21)
(70,8)
(50,1)
(77,6)
(162,6)
(52,8)
(146,17)
(135,20)
(49,24)
(72,19)
(82,21)
(116,20)
(16,16)
(0,22)
(100,8)
(29,22)
(90,4)
(95,21)
(7,8)
(123,19)
(20,24)
(46,0)
(9,21)
(192,11)
(2,17)
(67,23)
(181,21)
(23,11)
(79,17)
(52,18)
(164,15)
(183,13)
(15,14)
(38,6)
(34,23)
(18,21)
(181,22)
(22,17)
(45,26)
(133,20)
(106,12)
(151,14)
(65,2)
(25,7)
(30,22)
(145,20)
(158,3)
(73,22)
(12,16)
(119,15)
(169,0)
(3,21)
(97,10)
(165,18)
(0,25)
(8,3)
(52,3)
(170,4)
(32,24)
(81,9)
(84,12)
(75,18)
(170,5)
(119,8)
(193,6)
(143,4)
(71,14)
(3,18)
(86,9)
(90,7)
(99,9)
(83,15)
(13,26)
(81,25)
(12,12)
(26,12)
(62,24)
(94,22)
(53,21)
(197,13)
(97,20)
(80,17)
(161,25)
(32,2)
(60,0)
(132,7)
(19,14)
(2,4)
(27,26)
(114,0)
(1,25)
(110,18)
(87,8)
(179,2)
(12,18)
(109,0)
(196,0)
(159,2)
(71,9)
(109,10)
(173,7)
(124,5)
(70,11)
(13,25)
(191,22)
(159,21)
(78,1)
(174,3)
(60,19)
(153,15)
(141,6)
(11,18)
(94,14)
(131,16)
(170,21)
(99,3)
(147,17)
(71,5)
(89,19)
(159,25)
(91,22)
(84,3)
(190,24)
(105,10)
(108,2)
(122,15)
(43,4)
(96,2)
(153,23)
(184,22)
(101,5)
(183,23)
(115,17)
(30,26)
(39,12)
(134,13)
(74,17)
(171,4)
(48,24)
(169,3)
(60,12)
(169,11)
(111,13)
(77,10)
(138,1)
(128,6)
(12,17)
(198,14)
(52,20)
(198,21)
(163,19)
(141,0)
(143,7)
(189,12)
(101,13)
(175,0)
(19,10)
(122,22)
(45,24)
(16,9)
(39,11)
(81,7)
(198,17)
(0,17)
(138,16)
(30,7)
(48,22)
(5,26)
(43,23)
(192,7)
(140,16)
(157,2)
(82,19)
(190,25)
(132,19)
(39,10)
(71,25)
(148,5)
(83,10)
(10,1)
(94,13)
(156,8)
(70,4)
(138,24)
(197,22)
(3,17)
