100 Users
41 Files
2500 Transactions
2 Maximum Connections
1 Cycle Length per Upload-Download
0 Warm-up Transactions
0.400000 Zipf constant
5 Pre-Trusted Users
40 Well-Behaved (Good) Users
60 Purely Malicious Users
0 Feedback Skewing Users
0 Malignant Providing Users
0 Disguised Malicous Users
0 Sybil Attack Users
true Intelligent Trans. Generation
1561006783008 Trace Generation Seed

(0.023042,0.000000,1,false)
(0.050405,0.000000,1,false)
(0.087475,0.000000,1,false)
(0.099771,0.000000,1,false)
(0.029252,0.000000,1,false)
(0.077371,0.000000,1,false)
(0.060543,0.000000,1,false)
(0.041260,0.000000,1,false)
(0.012790,0.000000,1,false)
(0.004198,0.000000,1,false)
(0.099274,0.000000,1,false)
(0.039757,0.000000,1,false)
(0.072457,0.000000,1,false)
(0.094817,0.000000,1,false)
(0.072339,0.000000,1,false)
(0.009256,0.000000,1,false)
(0.064515,0.000000,1,false)
(0.083512,0.000000,1,false)
(0.089470,0.000000,1,false)
(0.083985,0.000000,1,false)
(0.038075,0.000000,1,false)
(0.044993,0.000000,1,false)
(0.058751,0.000000,1,false)
(0.063757,0.000000,1,false)
(0.017776,0.000000,1,false)
(0.004877,0.000000,1,false)
(0.030312,0.000000,1,false)
(0.035479,0.000000,1,false)
(0.062400,0.000000,1,false)
(0.018161,0.000000,1,false)
(0.056300,0.000000,1,false)
(0.051607,0.000000,1,false)
(0.037536,0.000000,1,false)
(0.087920,0.000000,1,false)
(0.033006,0.000000,1,false)
(0.079966,0.000000,1,false)
(0.028003,0.000000,1,false)
(0.044196,0.000000,1,false)
(0.055223,0.000000,1,false)
(0.026239,0.000000,1,false)
(0.081472,0.000000,1,false)
(0.053926,0.000000,1,false)
(0.005161,0.000000,1,false)
(0.070327,0.000000,1,false)
(0.018554,0.000000,1,false)
(0.086779,0.000000,1,false)
(0.018684,0.000000,1,false)
(0.050851,0.000000,1,false)
(0.066622,0.000000,1,false)
(0.018879,0.000000,1,false)
(0.020147,0.000000,1,false)
(0.078290,0.000000,1,false)
(0.074717,0.000000,1,false)
(0.016646,0.000000,1,false)
(0.093789,0.000000,1,false)
(0.056521,0.000000,1,false)
(0.045104,0.000000,1,false)
(0.006393,0.000000,1,false)
(0.064399,0.000000,1,false)
(0.045003,0.000000,1,false)
(0.926597,1.000000,0,true)
(0.998216,1.000000,0,true)
(0.907078,1.000000,0,true)
(0.900600,1.000000,0,true)
(0.976299,1.000000,0,true)
(0.969094,1.000000,0,false)
(0.946340,1.000000,0,false)
(0.912872,1.000000,0,false)
(0.922380,1.000000,0,false)
(0.922526,1.000000,0,false)
(0.951084,1.000000,0,false)
(0.913874,1.000000,0,false)
(0.912936,1.000000,0,false)
(0.973467,1.000000,0,false)
(0.965794,1.000000,0,false)
(0.959893,1.000000,0,false)
(0.970786,1.000000,0,false)
(0.915939,1.000000,0,false)
(0.927432,1.000000,0,false)
(0.938410,1.000000,0,false)
(0.990708,1.000000,0,false)
(0.978021,1.000000,0,false)
(0.989962,1.000000,0,false)
(0.954774,1.000000,0,false)
(0.918258,1.000000,0,false)
(0.914654,1.000000,0,false)
(0.933976,1.000000,0,false)
(0.921782,1.000000,0,false)
(0.936329,1.000000,0,false)
(0.913118,1.000000,0,false)
(0.937914,1.000000,0,false)
(0.987871,1.000000,0,false)
(0.904240,1.000000,0,false)
(0.994516,1.000000,0,false)
(0.929451,1.000000,0,false)
(0.909128,1.000000,0,false)
(0.934676,1.000000,0,false)
(0.900003,1.000000,0,false)
(0.949584,1.000000,0,false)
(0.986582,1.000000,0,false)

(0,0,false)
(1,0,false)
(3,0,false)
(4,0,false)
(5,0,false)
(6,0,false)
(7,0,false)
(8,0,false)
(9,0,false)
(10,0,true)
(11,0,false)
(12,0,false)
(13,0,false)
(14,0,true)
(15,0,false)
(16,0,false)
(18,0,false)
(20,0,false)
(23,0,false)
(25,0,false)
(26,0,false)
(27,0,false)
(28,0,false)
(29,0,false)
(31,0,false)
(33,0,false)
(34,0,true)
(35,0,false)
(36,0,false)
(38,0,false)
(39,0,false)
(40,0,false)
(42,0,false)
(45,0,true)
(46,0,false)
(47,0,false)
(48,0,false)
(49,0,false)
(50,0,false)
(52,0,false)
(53,0,false)
(54,0,false)
(55,0,false)
(56,0,false)
(59,0,false)
(61,0,true)
(62,0,false)
(63,0,true)
(64,0,true)
(66,0,true)
(67,0,true)
(68,0,true)
(69,0,true)
(70,0,true)
(71,0,true)
(72,0,true)
(74,0,true)
(75,0,false)
(76,0,true)
(81,0,true)
(82,0,true)
(84,0,false)
(85,0,true)
(87,0,true)
(88,0,true)
(89,0,true)
(90,0,true)
(91,0,true)
(92,0,true)
(94,0,true)
(97,0,true)
(98,0,true)
(99,0,true)
(0,1,false)
(1,1,false)
(3,1,false)
(7,1,false)
(8,1,false)
(10,1,false)
(11,1,false)
(12,1,false)
(13,1,false)
(15,1,false)
(16,1,false)
(17,1,false)
(19,1,false)
(21,1,false)
(22,1,false)
(26,1,false)
(30,1,false)
(33,1,false)
(34,1,false)
(35,1,false)
(36,1,false)
(37,1,false)
(39,1,false)
(40,1,false)
(41,1,false)
(42,1,false)
(43,1,false)
(44,1,false)
(45,1,false)
(46,1,false)
(47,1,false)
(49,1,false)
(52,1,false)
(53,1,false)
(55,1,false)
(56,1,false)
(57,1,false)
(58,1,false)
(59,1,false)
(61,1,true)
(62,1,false)
(64,1,true)
(67,1,true)
(68,1,true)
(69,1,false)
(70,1,true)
(72,1,true)
(74,1,true)
(75,1,true)
(76,1,true)
(77,1,true)
(79,1,true)
(80,1,true)
(81,1,true)
(82,1,true)
(84,1,true)
(85,1,true)
(88,1,true)
(89,1,false)
(92,1,true)
(96,1,true)
(98,1,true)
(99,1,true)
(0,2,false)
(1,2,false)
(3,2,true)
(6,2,false)
(7,2,false)
(8,2,false)
(9,2,false)
(10,2,false)
(12,2,false)
(14,2,false)
(16,2,false)
(17,2,false)
(18,2,false)
(19,2,false)
(24,2,false)
(25,2,false)
(27,2,false)
(30,2,false)
(33,2,false)
(34,2,false)
(37,2,false)
(38,2,false)
(40,2,false)
(41,2,false)
(42,2,false)
(43,2,false)
(44,2,false)
(45,2,false)
(46,2,false)
(47,2,false)
(48,2,true)
(52,2,false)
(57,2,false)
(58,2,false)
(59,2,false)
(64,2,true)
(65,2,true)
(66,2,true)
(68,2,true)
(69,2,true)
(70,2,true)
(71,2,true)
(75,2,true)
(76,2,true)
(78,2,true)
(79,2,true)
(81,2,true)
(82,2,true)
(83,2,true)
(84,2,true)
(86,2,true)
(87,2,true)
(89,2,true)
(91,2,true)
(93,2,true)
(94,2,true)
(95,2,true)
(98,2,true)
(99,2,true)
(0,3,false)
(1,3,false)
(2,3,false)
(6,3,true)
(7,3,false)
(10,3,false)
(12,3,false)
(15,3,false)
(19,3,false)
(20,3,false)
(21,3,false)
(22,3,false)
(23,3,false)
(24,3,false)
(26,3,false)
(27,3,false)
(32,3,false)
(33,3,false)
(34,3,false)
(35,3,true)
(36,3,false)
(38,3,false)
(40,3,false)
(41,3,false)
(43,3,false)
(44,3,false)
(45,3,false)
(46,3,false)
(47,3,false)
(48,3,false)
(49,3,false)
(50,3,false)
(59,3,false)
(60,3,true)
(61,3,true)
(66,3,true)
(67,3,true)
(68,3,true)
(69,3,true)
(70,3,true)
(71,3,true)
(73,3,true)
(74,3,true)
(75,3,true)
(76,3,true)
(79,3,true)
(82,3,true)
(84,3,true)
(85,3,true)
(86,3,true)
(89,3,true)
(90,3,false)
(92,3,true)
(94,3,true)
(95,3,true)
(96,3,true)
(97,3,true)
(98,3,true)
(99,3,true)
(2,4,false)
(5,4,false)
(8,4,false)
(10,4,false)
(11,4,false)
(16,4,false)
(22,4,false)
(23,4,false)
(24,4,false)
(25,4,false)
(28,4,false)
(30,4,false)
(32,4,false)
(33,4,false)
(34,4,false)
(35,4,false)
(36,4,false)
(38,4,false)
(43,4,false)
(47,4,true)
(48,4,false)
(49,4,false)
(50,4,false)
(53,4,false)
(54,4,true)
(57,4,false)
(60,4,true)
(61,4,true)
(62,4,true)
(63,4,true)
(64,4,true)
(69,4,true)
(70,4,true)
(74,4,true)
(76,4,true)
(78,4,true)
(80,4,true)
(81,4,true)
(82,4,true)
(83,4,true)
(84,4,true)
(88,4,true)
(90,4,true)
(94,4,true)
(95,4,true)
(96,4,true)
(2,5,false)
(4,5,false)
(5,5,false)
(6,5,false)
(7,5,false)
(9,5,false)
(10,5,false)
(12,5,false)
(13,5,false)
(14,5,false)
(20,5,false)
(21,5,false)
(22,5,true)
(24,5,false)
(26,5,false)
(28,5,false)
(30,5,false)
(37,5,false)
(38,5,false)
(41,5,false)
(43,5,false)
(47,5,false)
(49,5,false)
(50,5,false)
(52,5,false)
(54,5,false)
(55,5,false)
(60,5,true)
(65,5,true)
(67,5,true)
(69,5,true)
(70,5,true)
(73,5,true)
(74,5,true)
(80,5,true)
(81,5,true)
(85,5,true)
(86,5,true)
(89,5,true)
(90,5,true)
(91,5,true)
(99,5,true)
(1,6,false)
(4,6,false)
(5,6,false)
(6,6,false)
(9,6,false)
(19,6,false)
(22,6,false)
(26,6,false)
(29,6,false)
(30,6,false)
(33,6,false)
(36,6,false)
(39,6,false)
(40,6,false)
(41,6,false)
(42,6,false)
(44,6,false)
(46,6,false)
(48,6,false)
(49,6,false)
(51,6,false)
(52,6,false)
(53,6,false)
(56,6,false)
(57,6,false)
(58,6,false)
(59,6,false)
(61,6,true)
(62,6,true)
(64,6,true)
(66,6,true)
(69,6,true)
(70,6,true)
(71,6,true)
(72,6,true)
(75,6,false)
(76,6,true)
(77,6,true)
(79,6,true)
(80,6,true)
(83,6,true)
(85,6,false)
(90,6,true)
(94,6,true)
(97,6,true)
(98,6,false)
(99,6,true)
(1,7,false)
(4,7,false)
(6,7,false)
(7,7,false)
(12,7,false)
(13,7,false)
(14,7,false)
(15,7,false)
(17,7,false)
(18,7,false)
(19,7,false)
(20,7,false)
(23,7,false)
(27,7,false)
(29,7,false)
(32,7,false)
(33,7,false)
(35,7,false)
(37,7,false)
(46,7,false)
(48,7,false)
(49,7,false)
(51,7,false)
(54,7,false)
(55,7,false)
(57,7,false)
(58,7,false)
(59,7,false)
(60,7,true)
(66,7,true)
(67,7,true)
(68,7,true)
(78,7,true)
(85,7,true)
(86,7,true)
(88,7,true)
(90,7,true)
(92,7,true)
(93,7,true)
(94,7,true)
(96,7,true)
(99,7,true)
(2,8,false)
(4,8,false)
(5,8,false)
(6,8,false)
(9,8,false)
(12,8,false)
(15,8,false)
(19,8,false)
(20,8,false)
(22,8,false)
(23,8,false)
(27,8,false)
(31,8,false)
(33,8,false)
(35,8,false)
(40,8,true)
(41,8,false)
(44,8,false)
(45,8,true)
(46,8,false)
(48,8,false)
(51,8,false)
(53,8,false)
(55,8,false)
(62,8,true)
(65,8,true)
(69,8,true)
(72,8,false)
(73,8,true)
(75,8,true)
(83,8,true)
(84,8,true)
(86,8,true)
(87,8,true)
(88,8,true)
(89,8,true)
(90,8,true)
(91,8,true)
(0,9,false)
(1,9,false)
(2,9,false)
(5,9,false)
(8,9,false)
(12,9,false)
(13,9,false)
(19,9,false)
(20,9,false)
(27,9,false)
(28,9,false)
(30,9,false)
(31,9,false)
(34,9,false)
(35,9,false)
(37,9,false)
(39,9,false)
(40,9,true)
(41,9,false)
(44,9,false)
(46,9,false)
(49,9,false)
(51,9,false)
(53,9,false)
(56,9,false)
(57,9,false)
(58,9,false)
(59,9,false)
(64,9,true)
(66,9,true)
(69,9,true)
(71,9,true)
(72,9,true)
(80,9,true)
(81,9,true)
(87,9,false)
(89,9,true)
(90,9,true)
(93,9,true)
(94,9,true)
(99,9,true)
(1,10,false)
(9,10,false)
(12,10,false)
(15,10,false)
(16,10,false)
(18,10,false)
(22,10,false)
(25,10,false)
(27,10,false)
(29,10,false)
(35,10,false)
(37,10,false)
(38,10,false)
(39,10,false)
(40,10,false)
(44,10,false)
(47,10,false)
(49,10,false)
(51,10,false)
(53,10,false)
(55,10,false)
(56,10,false)
(57,10,false)
(62,10,true)
(63,10,true)
(66,10,true)
(67,10,true)
(72,10,true)
(74,10,true)
(75,10,true)
(78,10,true)
(80,10,true)
(87,10,true)
(92,10,true)
(95,10,true)
(99,10,true)
(2,11,false)
(3,11,false)
(6,11,false)
(11,11,false)
(17,11,false)
(20,11,false)
(26,11,false)
(28,11,false)
(29,11,false)
(30,11,false)
(31,11,false)
(34,11,false)
(38,11,false)
(41,11,false)
(43,11,false)
(47,11,false)
(48,11,false)
(54,11,false)
(55,11,false)
(58,11,true)
(59,11,false)
(60,11,true)
(63,11,true)
(65,11,true)
(69,11,true)
(71,11,true)
(72,11,true)
(76,11,true)
(77,11,false)
(80,11,true)
(81,11,true)
(84,11,true)
(85,11,true)
(86,11,true)
(89,11,true)
(90,11,true)
(0,12,false)
(1,12,false)
(2,12,false)
(4,12,false)
(6,12,false)
(7,12,false)
(8,12,false)
(9,12,false)
(11,12,false)
(12,12,false)
(13,12,false)
(21,12,false)
(26,12,false)
(27,12,false)
(28,12,false)
(29,12,false)
(30,12,false)
(35,12,false)
(37,12,false)
(39,12,false)
(41,12,false)
(43,12,false)
(45,12,false)
(46,12,false)
(51,12,false)
(52,12,false)
(56,12,false)
(58,12,true)
(67,12,true)
(71,12,true)
(75,12,true)
(77,12,true)
(82,12,true)
(84,12,true)
(85,12,true)
(99,12,true)
(0,13,false)
(4,13,false)
(6,13,false)
(9,13,false)
(14,13,false)
(16,13,false)
(21,13,false)
(26,13,false)
(27,13,false)
(28,13,false)
(29,13,false)
(31,13,false)
(47,13,false)
(51,13,false)
(54,13,true)
(61,13,true)
(62,13,true)
(66,13,true)
(69,13,true)
(70,13,true)
(73,13,true)
(76,13,true)
(77,13,true)
(84,13,true)
(85,13,true)
(88,13,true)
(89,13,true)
(93,13,true)
(95,13,true)
(99,13,true)
(2,14,false)
(4,14,false)
(8,14,false)
(9,14,false)
(11,14,false)
(12,14,false)
(25,14,false)
(26,14,false)
(27,14,false)
(29,14,false)
(36,14,false)
(37,14,false)
(43,14,false)
(47,14,false)
(49,14,false)
(51,14,false)
(52,14,false)
(55,14,false)
(59,14,false)
(62,14,true)
(72,14,true)
(73,14,true)
(76,14,true)
(77,14,true)
(79,14,true)
(83,14,true)
(85,14,true)
(86,14,true)
(87,14,true)
(88,14,true)
(97,14,true)
(99,14,true)
(1,15,false)
(3,15,false)
(6,15,false)
(10,15,false)
(12,15,false)
(13,15,false)
(14,15,false)
(16,15,false)
(18,15,false)
(21,15,false)
(25,15,false)
(33,15,false)
(35,15,false)
(41,15,false)
(46,15,false)
(53,15,false)
(59,15,false)
(63,15,true)
(66,15,false)
(67,15,true)
(68,15,true)
(74,15,true)
(80,15,true)
(85,15,true)
(89,15,true)
(96,15,true)
(99,15,true)
(1,16,false)
(4,16,false)
(6,16,false)
(8,16,false)
(10,16,false)
(11,16,false)
(12,16,false)
(19,16,false)
(24,16,false)
(26,16,false)
(29,16,false)
(36,16,false)
(37,16,false)
(40,16,false)
(41,16,false)
(44,16,false)
(47,16,true)
(48,16,false)
(49,16,false)
(55,16,false)
(59,16,false)
(60,16,true)
(67,16,true)
(71,16,true)
(77,16,true)
(82,16,true)
(85,16,true)
(87,16,true)
(88,16,true)
(98,16,true)
(1,17,false)
(2,17,false)
(3,17,false)
(4,17,false)
(14,17,false)
(15,17,false)
(19,17,false)
(23,17,false)
(28,17,false)
(29,17,false)
(31,17,false)
(33,17,false)
(34,17,false)
(39,17,false)
(40,17,false)
(42,17,false)
(44,17,false)
(45,17,false)
(46,17,false)
(49,17,false)
(56,17,false)
(58,17,false)
(65,17,true)
(66,17,true)
(67,17,true)
(75,17,true)
(82,17,true)
(83,17,true)
(87,17,true)
(92,17,true)
(95,17,true)
(96,17,true)
(98,17,true)
(15,18,false)
(18,18,false)
(27,18,false)
(36,18,false)
(44,18,false)
(45,18,true)
(48,18,false)
(50,18,false)
(52,18,false)
(63,18,true)
(65,18,true)
(72,18,true)
(75,18,true)
(76,18,true)
(77,18,true)
(80,18,true)
(86,18,true)
(87,18,false)
(89,18,true)
(98,18,true)
(0,19,false)
(3,19,false)
(6,19,true)
(9,19,false)
(12,19,false)
(16,19,false)
(19,19,false)
(27,19,false)
(30,19,false)
(33,19,false)
(35,19,false)
(41,19,false)
(48,19,false)
(51,19,false)
(52,19,false)
(59,19,false)
(63,19,true)
(65,19,true)
(67,19,true)
(78,19,true)
(86,19,true)
(88,19,true)
(90,19,true)
(91,19,true)
(94,19,true)
(98,19,true)
(5,20,false)
(6,20,false)
(7,20,false)
(10,20,false)
(27,20,true)
(30,20,false)
(31,20,false)
(48,20,false)
(53,20,false)
(60,20,true)
(64,20,true)
(73,20,true)
(74,20,true)
(77,20,true)
(1,21,false)
(3,21,false)
(4,21,false)
(7,21,false)
(14,21,false)
(17,21,false)
(19,21,false)
(20,21,false)
(22,21,false)
(29,21,false)
(31,21,false)
(34,21,false)
(36,21,false)
(37,21,false)
(49,21,false)
(57,21,false)
(58,21,false)
(65,21,true)
(66,21,true)
(70,21,true)
(71,21,true)
(73,21,true)
(90,21,true)
(92,21,false)
(95,21,true)
(96,21,true)
(97,21,true)
(1,22,false)
(2,22,false)
(12,22,false)
(17,22,false)
(27,22,false)
(28,22,false)
(36,22,false)
(42,22,false)
(43,22,false)
(58,22,false)
(62,22,true)
(63,22,true)
(65,22,true)
(72,22,false)
(79,22,true)
(81,22,true)
(82,22,true)
(98,22,true)
(99,22,true)
(3,23,false)
(4,23,false)
(6,23,false)
(11,23,false)
(12,23,true)
(17,23,false)
(25,23,false)
(31,23,false)
(34,23,false)
(39,23,false)
(40,23,false)
(41,23,false)
(43,23,false)
(44,23,false)
(45,23,false)
(48,23,false)
(52,23,false)
(61,23,true)
(62,23,true)
(70,23,true)
(71,23,true)
(72,23,true)
(77,23,true)
(80,23,true)
(88,23,true)
(91,23,true)
(96,23,true)
(99,23,true)
(11,24,false)
(17,24,false)
(21,24,false)
(24,24,false)
(27,24,false)
(29,24,false)
(31,24,false)
(32,24,false)
(34,24,false)
(38,24,false)
(39,24,false)
(42,24,false)
(46,24,false)
(49,24,false)
(52,24,false)
(54,24,false)
(55,24,true)
(56,24,false)
(57,24,false)
(61,24,true)
(62,24,true)
(64,24,true)
(67,24,true)
(68,24,true)
(70,24,true)
(72,24,true)
(73,24,true)
(75,24,true)
(78,24,true)
(80,24,true)
(81,24,true)
(82,24,true)
(85,24,true)
(88,24,true)
(99,24,true)
(5,25,false)
(6,25,false)
(15,25,false)
(19,25,false)
(21,25,false)
(24,25,false)
(35,25,false)
(36,25,true)
(37,25,false)
(39,25,false)
(42,25,false)
(47,25,false)
(48,25,false)
(49,25,false)
(53,25,false)
(54,25,false)
(61,25,true)
(65,25,true)
(68,25,true)
(70,25,true)
(71,25,true)
(72,25,true)
(73,25,true)
(74,25,true)
(77,25,true)
(78,25,true)
(85,25,true)
(87,25,true)
(90,25,true)
(92,25,true)
(96,25,true)
(99,25,true)
(3,26,false)
(5,26,false)
(14,26,false)
(18,26,false)
(21,26,false)
(34,26,false)
(37,26,false)
(38,26,false)
(46,26,false)
(51,26,false)
(52,26,false)
(54,26,true)
(60,26,true)
(65,26,true)
(68,26,true)
(72,26,true)
(73,26,true)
(79,26,true)
(80,26,true)
(83,26,true)
(1,27,true)
(11,27,false)
(12,27,false)
(13,27,false)
(15,27,false)
(16,27,false)
(19,27,false)
(20,27,false)
(25,27,false)
(31,27,false)
(34,27,false)
(39,27,false)
(43,27,false)
(45,27,false)
(53,27,false)
(59,27,false)
(61,27,true)
(62,27,true)
(63,27,true)
(65,27,true)
(71,27,true)
(72,27,true)
(73,27,true)
(76,27,true)
(82,27,true)
(83,27,true)
(90,27,true)
(93,27,true)
(94,27,false)
(97,27,true)
(99,27,true)
(4,28,false)
(13,28,false)
(15,28,false)
(19,28,false)
(23,28,false)
(30,28,false)
(31,28,false)
(32,28,false)
(41,28,false)
(47,28,false)
(51,28,false)
(58,28,false)
(62,28,true)
(66,28,true)
(68,28,true)
(69,28,false)
(72,28,false)
(73,28,true)
(83,28,true)
(93,28,true)
(97,28,true)
(1,29,false)
(4,29,false)
(6,29,false)
(11,29,false)
(20,29,false)
(22,29,false)
(26,29,false)
(27,29,false)
(32,29,false)
(39,29,false)
(41,29,false)
(46,29,false)
(48,29,false)
(50,29,false)
(51,29,false)
(55,29,false)
(61,29,true)
(62,29,true)
(66,29,true)
(68,29,true)
(75,29,false)
(76,29,true)
(80,29,true)
(85,29,true)
(86,29,true)
(92,29,true)
(96,29,true)
(97,29,true)
(0,30,false)
(1,30,false)
(4,30,false)
(5,30,false)
(13,30,false)
(14,30,false)
(15,30,false)
(16,30,false)
(18,30,false)
(20,30,false)
(30,30,false)
(39,30,false)
(40,30,false)
(55,30,false)
(58,30,false)
(63,30,false)
(67,30,true)
(73,30,true)
(74,30,true)
(76,30,true)
(78,30,true)
(79,30,true)
(84,30,true)
(90,30,true)
(92,30,true)
(95,30,true)
(97,30,true)
(3,31,false)
(16,31,false)
(18,31,false)
(26,31,false)
(29,31,false)
(31,31,false)
(32,31,false)
(34,31,false)
(44,31,false)
(45,31,false)
(47,31,true)
(65,31,true)
(66,31,true)
(70,31,true)
(71,31,true)
(75,31,true)
(82,31,true)
(85,31,true)
(90,31,true)
(91,31,true)
(98,31,true)
(0,32,false)
(1,32,false)
(12,32,false)
(14,32,false)
(15,32,false)
(16,32,false)
(20,32,false)
(26,32,false)
(33,32,false)
(34,32,false)
(35,32,false)
(36,32,false)
(43,32,false)
(46,32,false)
(59,32,false)
(64,32,true)
(65,32,true)
(66,32,true)
(67,32,true)
(73,32,true)
(78,32,true)
(81,32,true)
(82,32,true)
(84,32,true)
(86,32,true)
(92,32,true)
(93,32,true)
(99,32,false)
(7,33,false)
(8,33,false)
(9,33,false)
(13,33,false)
(14,33,false)
(16,33,false)
(19,33,false)
(22,33,false)
(25,33,false)
(26,33,false)
(27,33,false)
(28,33,false)
(30,33,false)
(33,33,false)
(39,33,false)
(45,33,false)
(46,33,false)
(51,33,false)
(52,33,false)
(55,33,false)
(61,33,true)
(65,33,true)
(75,33,true)
(79,33,true)
(80,33,true)
(89,33,true)
(97,33,true)
(5,34,false)
(7,34,false)
(9,34,false)
(10,34,true)
(21,34,false)
(23,34,false)
(28,34,false)
(29,34,false)
(34,34,false)
(40,34,false)
(62,34,true)
(69,34,true)
(70,34,true)
(76,34,true)
(79,34,true)
(84,34,true)
(85,34,true)
(89,34,true)
(93,34,true)
(0,35,false)
(9,35,false)
(11,35,false)
(14,35,false)
(24,35,true)
(25,35,false)
(26,35,false)
(27,35,false)
(40,35,false)
(43,35,false)
(45,35,false)
(46,35,false)
(51,35,false)
(56,35,false)
(58,35,false)
(59,35,false)
(63,35,true)
(66,35,true)
(69,35,true)
(71,35,true)
(77,35,true)
(2,36,false)
(5,36,false)
(10,36,false)
(13,36,false)
(16,36,false)
(18,36,false)
(20,36,false)
(21,36,false)
(23,36,false)
(35,36,false)
(40,36,false)
(45,36,false)
(48,36,false)
(55,36,false)
(61,36,true)
(66,36,true)
(68,36,true)
(69,36,true)
(71,36,false)
(73,36,true)
(76,36,true)
(94,36,true)
(96,36,true)
(97,36,true)
(98,36,true)
(1,37,false)
(3,37,false)
(6,37,false)
(9,37,false)
(14,37,false)
(16,37,false)
(17,37,false)
(30,37,false)
(41,37,false)
(43,37,false)
(50,37,false)
(51,37,false)
(56,37,false)
(57,37,false)
(62,37,true)
(66,37,true)
(68,37,true)
(69,37,true)
(70,37,true)
(71,37,true)
(75,37,true)
(76,37,true)
(77,37,false)
(79,37,true)
(80,37,true)
(84,37,true)
(1,38,false)
(3,38,false)
(4,38,false)
(11,38,false)
(12,38,false)
(14,38,false)
(15,38,false)
(27,38,false)
(33,38,false)
(35,38,false)
(37,38,false)
(38,38,false)
(40,38,false)
(52,38,false)
(60,38,true)
(74,38,true)
(77,38,true)
(78,38,true)
(82,38,true)
(84,38,true)
(92,38,true)
(96,38,true)
(17,39,false)
(18,39,false)
(20,39,false)
(22,39,false)
(23,39,false)
(30,39,false)
(31,39,true)
(32,39,false)
(39,39,true)
(49,39,false)
(63,39,true)
(64,39,true)
(67,39,true)
(78,39,true)
(80,39,true)
(87,39,true)
(90,39,true)
(93,39,true)
(94,39,true)
(97,39,true)
(1,40,true)
(8,40,false)
(9,40,false)
(11,40,false)
(12,40,false)
(17,40,false)
(21,40,false)
(30,40,false)
(32,40,false)
(37,40,false)
(38,40,false)
(44,40,false)
(50,40,false)
(56,40,false)
(57,40,false)
(59,40,false)
(67,40,true)
(68,40,true)
(71,40,true)
(73,40,true)
(74,40,true)
(77,40,true)
(79,40,true)
(87,40,true)
(88,40,true)
(98,40,false)
(99,40,true)

(57,38)
(60,0)
(88,38)
(34,10)
(82,14)
(14,29)
(39,28)
(58,8)
(40,24)
(16,35)
(63,25)
(50,26)
(41,27)
(33,11)
(62,38)
(99,31)
(97,9)
(0,29)
(62,17)
(18,3)
(60,1)
(93,26)
(67,6)
(26,17)
(50,16)
(51,21)
(53,22)
(1,20)
(59,17)
(19,36)
(38,9)
(34,19)
(20,6)
(55,9)
(93,10)
(14,20)
(26,40)
(86,4)
(92,22)
(61,10)
(1,8)
(81,38)
(27,25)
(39,19)
(47,18)
(93,16)
(5,7)
(22,13)
(39,3)
(69,20)
(83,35)
(18,23)
(26,7)
(5,35)
(18,5)
(44,21)
(79,12)
(58,25)
(3,22)
(29,36)
(91,25)
(85,8)
(64,36)
(21,6)
(19,10)
(63,12)
(61,34)
(82,26)
(75,4)
(53,35)
(24,22)
(89,10)
(39,36)
(61,38)
(25,19)
(65,16)
(61,15)
(71,38)
(88,26)
(8,32)
(4,11)
(86,35)
(1,34)
(66,24)
(16,7)
(15,15)
(89,39)
(60,34)
(62,16)
(81,26)
(95,12)
(86,23)
(49,2)
(82,11)
(23,12)
(27,5)
(77,0)
(77,24)
(59,29)
(61,2)
(18,25)
(79,13)
(2,20)
(9,30)
(27,1)
(45,4)
(44,26)
(96,27)
(7,38)
(32,32)
(85,33)
(79,0)
(52,31)
(72,37)
(21,10)
(13,24)
(28,20)
(25,26)
(97,18)
(11,33)
(69,23)
(89,37)
(73,0)
(73,18)
(80,34)
(53,21)
(63,36)
(46,18)
(18,13)
(73,22)
(21,35)
(15,29)
(95,6)
(40,25)
(52,9)
(73,34)
(58,34)
(79,8)
(68,16)
(50,10)
(35,17)
(64,22)
(91,36)
(27,17)
(69,30)
(3,6)
(54,9)
(35,11)
(23,22)
(71,24)
(3,14)
(76,5)
(46,14)
(8,18)
(36,39)
(86,9)
(70,8)
(71,7)
(2,35)
(48,27)
(38,27)
(25,9)
(55,2)
(17,30)
(9,9)
(47,38)
(94,24)
(34,28)
(77,7)
(55,21)
(6,4)
(11,5)
(15,2)
(50,31)
(97,10)
(7,23)
(90,24)
(46,27)
(90,32)
(54,16)
(30,8)
(53,40)
(50,13)
(96,40)
(97,4)
(73,17)
(78,13)
(61,30)
(98,9)
(62,18)
(66,20)
(49,22)
(29,1)
(20,28)
(82,23)
(26,22)
(80,17)
(90,18)
(12,18)
(90,2)
(24,7)
(93,11)
(54,36)
(62,20)
(73,11)
(68,21)
(52,32)
(93,21)
(62,15)
(99,33)
(88,37)
(42,11)
(50,19)
(18,12)
(3,24)
(91,7)
(97,1)
(51,11)
(73,16)
(16,23)
(9,15)
(91,6)
(11,8)
(96,39)
(23,21)
(8,19)
(74,2)
(17,10)
(68,13)
(22,0)
(30,23)
(47,26)
(96,6)
(94,31)
(50,12)
(85,30)
(58,19)
(20,17)
(98,33)
(33,26)
(44,36)
(37,37)
(56,19)
(31,15)
(58,38)
(36,13)
(92,14)
(9,23)
(66,30)
(95,15)
(34,30)
(51,38)
(44,0)
(79,18)
(13,39)
(90,15)
(97,37)
(84,39)
(10,13)
(36,2)
(57,15)
(70,22)
(39,32)
(32,18)
(17,15)
(60,18)
(4,22)
(59,38)
(72,3)
(34,7)
(33,21)
(87,35)
(77,4)
(62,33)
(38,34)
(59,39)
(88,28)
(32,13)
(94,18)
(25,3)
(26,18)
(4,26)
(92,4)
(41,14)
(30,7)
(26,30)
(62,7)
(55,25)
(45,26)
(29,29)
(89,22)
(19,39)
(14,6)
(99,8)
(64,38)
(56,15)
(47,9)
(59,12)
(42,15)
(25,40)
(11,30)
(23,29)
(28,10)
(5,33)
(48,34)
(7,16)
(31,1)
(2,39)
(92,31)
(55,3)
(19,13)
(20,34)
(62,40)
(76,19)
(94,11)
(67,27)
(98,25)
(11,20)
(20,22)
(6,9)
(47,20)
(1,5)
(76,9)
(60,22)
(36,38)
(32,0)
(2,7)
(39,8)
(88,2)
(87,34)
(67,29)
(15,12)
(38,18)
(88,12)
(91,32)
(71,34)
(21,18)
(56,18)
(38,31)
(27,21)
(47,30)
(10,23)
(67,2)
(65,0)
(19,20)
(69,15)
(20,4)
(86,16)
(56,2)
(50,35)
(75,20)
(59,10)
(54,31)
(75,35)
(73,38)
(14,12)
(47,33)
(3,28)
(93,15)
(25,16)
(43,21)
(35,28)
(90,28)
(34,18)
(72,38)
(94,13)
(51,25)
(23,13)
(56,3)
(35,5)
(62,35)
(54,27)
(52,22)
(24,15)
(45,6)
(29,18)
(83,11)
(93,1)
(23,9)
(11,13)
(77,26)
(92,35)
(57,3)
(12,29)
(8,5)
(25,5)
(12,34)
(8,24)
(25,1)
(11,26)
(57,16)
(53,34)
(40,37)
(54,14)
(48,15)
(4,31)
(70,9)
(8,10)
(23,10)
(16,12)
(2,32)
(90,35)
(94,33)
(54,8)
(55,28)
(85,37)
(8,8)
(98,15)
(87,36)
(43,28)
(14,39)
(11,2)
(71,8)
(43,18)
(78,15)
(44,35)
(49,23)
(1,24)
(52,3)
(82,39)
(27,31)
(3,35)
(53,2)
(98,12)
(35,2)
(27,23)
(68,11)
(4,27)
(46,40)
(31,36)
(70,16)
(90,26)
(87,19)
(57,22)
(85,18)
(31,4)
(56,36)
(86,37)
(71,1)
(49,13)
(41,20)
(45,7)
(83,5)
(9,1)
(34,38)
(92,13)
(87,11)
(6,28)
(85,9)
(11,34)
(65,20)
(21,22)
(7,11)
(17,25)
(43,7)
(96,0)
(66,22)
(20,40)
(6,39)
(71,13)
(72,16)
(68,30)
(16,25)
(11,3)
(94,8)
(51,5)
(93,4)
(47,32)
(4,19)
(69,17)
(85,2)
(53,3)
(9,21)
(35,24)
(65,13)
(13,35)
(49,12)
(50,20)
(59,33)
(65,12)
(64,37)
(63,8)
(11,39)
(58,20)
(12,28)
(69,39)
(17,4)
(86,0)
(63,2)
(64,26)
(47,39)
(72,35)
(41,36)
(32,15)
(72,40)
(58,23)
(76,31)
(75,15)
(8,13)
(85,38)
(24,0)
(33,30)
(81,14)
(30,13)
(7,30)
(36,27)
(57,18)
(21,21)
(91,37)
(22,25)
(48,21)
(30,35)
(46,21)
(22,30)
(43,24)
(92,34)
(12,21)
(24,10)
(52,7)
(98,30)
(78,6)
(35,27)
(82,36)
(83,22)
(32,9)
(74,18)
(78,1)
(15,4)
(79,28)
(84,15)
(3,12)
(84,33)
(54,34)
(86,20)
(8,3)
(92,16)
(3,9)
(26,9)
(3,5)
(21,8)
(83,0)
(34,33)
(89,19)
(37,22)
(64,3)
(11,32)
(32,11)
(82,37)
(12,37)
(27,39)
(65,36)
(95,14)
(95,22)
(58,5)
(1,19)
(94,30)
(93,3)
(27,4)
(28,26)
(72,36)
(40,31)
(75,26)
(9,36)
(34,39)
(62,31)
(16,40)
(16,29)
(17,18)
(76,17)
(71,33)
(25,8)
(77,2)
(78,16)
(45,11)
(24,1)
(41,25)
(63,26)
(30,38)
(42,23)
(31,14)
(58,26)
(93,8)
(87,12)
(94,21)
(22,24)
(30,15)
(66,5)
(43,26)
(66,4)
(59,5)
(40,28)
(3,3)
(45,20)
(86,31)
(34,16)
(43,30)
(3,29)
(62,2)
(34,5)
(41,10)
(81,19)
(12,11)
(72,4)
(72,2)
(10,29)
(63,16)
(47,29)
(82,9)
(88,39)
(60,40)
(58,29)
(78,17)
(27,37)
(40,15)
(5,38)
(85,40)
(54,29)
(23,23)
(59,31)
(57,35)
(7,10)
(3,36)
(7,26)
(13,31)
(42,16)
(58,14)
(67,21)
(37,23)
(23,6)
(88,10)
(63,23)
(62,5)
(21,14)
(81,31)
(74,8)
(95,16)
(87,23)
(18,9)
(60,25)
(56,38)
(97,11)
(63,29)
(94,1)
(59,28)
(68,32)
(76,26)
(11,7)
(45,40)
(28,25)
(84,27)
(85,20)
(77,28)
(88,11)
(14,31)
(19,18)
(88,6)
(97,15)
(35,18)
(82,5)
(66,19)
(27,16)
(13,2)
(50,2)
(47,24)
(73,7)
(63,3)
(99,19)
(72,21)
(4,15)
(26,8)
(64,18)
(29,8)
(83,29)
(51,32)
(97,23)
(95,23)
(94,26)
(99,37)
(41,24)
(16,16)
(33,18)
(14,9)
(86,10)
(48,31)
(39,2)
(36,12)
(9,3)
(49,26)
(60,19)
(79,19)
(10,40)
(80,40)
(0,23)
(92,28)
(47,23)
(56,11)
(39,31)
(25,20)
(11,19)
(67,33)
(16,34)
(4,37)
(93,36)
(73,6)
(12,4)
(96,2)
(48,39)
(61,16)
(58,10)
(79,9)
(92,15)
(22,15)
(8,26)
(54,35)
(6,35)
(47,15)
(36,7)
(50,8)
(62,25)
(27,28)
(99,20)
(81,17)
(44,11)
(62,30)
(68,5)
(68,12)
(65,39)
(49,34)
(51,3)
(79,25)
(51,2)
(7,13)
(4,24)
(94,25)
(95,19)
(19,31)
(1,35)
(66,8)
(92,37)
(75,5)
(65,29)
(65,9)
(99,17)
(58,4)
(99,16)
(89,20)
(94,15)
(37,19)
(11,36)
(13,40)
(85,23)
(37,34)
(13,11)
(47,8)
(76,21)
(48,32)
(99,18)
(62,36)
(55,19)
(87,5)
(91,17)
(82,7)
(61,12)
(69,26)
(58,24)
(24,21)
(2,38)
(61,21)
(85,19)
(90,40)
(21,4)
(84,6)
(90,20)
(20,13)
(61,7)
(26,10)
(99,35)
(27,11)
(47,21)
(47,17)
(28,6)
(89,29)
(18,14)
(90,10)
(36,20)
(95,38)
(52,13)
(82,30)
(72,15)
(11,31)
(74,19)
(44,14)
(32,5)
(64,5)
(33,14)
(70,26)
(14,8)
(13,6)
(32,10)
(59,34)
(57,25)
(75,39)
(55,12)
(49,27)
(83,7)
(52,17)
(96,18)
(62,11)
(95,32)
(32,1)
(96,14)
(20,19)
(74,9)
(29,30)
(21,2)
(72,32)
(33,5)
(26,19)
(47,6)
(36,31)
(58,15)
(31,34)
(9,24)
(94,28)
(65,24)
(10,6)
(83,1)
(73,4)
(0,38)
(20,15)
(4,32)
(14,18)
(34,6)
(57,14)
(51,23)
(96,5)
(96,16)
(60,13)
(79,29)
(39,40)
(63,9)
(16,5)
(1,18)
(92,6)
(40,40)
(71,19)
(91,40)
(76,7)
(35,20)
(92,26)
(0,6)
(38,7)
(74,11)
(17,0)
(53,36)
(20,14)
(7,35)
(2,19)
(58,13)
(28,39)
(21,33)
(34,37)
(58,33)
(38,12)
(42,10)
(11,25)
(73,23)
(39,15)
(0,8)
(9,25)
(61,5)
(74,32)
(52,16)
(65,30)
(49,31)
(15,40)
(26,26)
(58,3)
(54,33)
(58,31)
(15,31)
(48,1)
(58,16)
(77,10)
(80,2)
(29,4)
(1,25)
(5,3)
(35,29)
(57,17)
(49,38)
(11,18)
(70,17)
(46,25)
(24,19)
(68,23)
(93,35)
(56,14)
(16,28)
(13,37)
(9,18)
(77,5)
(11,9)
(75,19)
(88,20)
(50,25)
(58,18)
(36,30)
(24,13)
(33,10)
(15,24)
(68,35)
(7,14)
(15,23)
(45,10)
(13,34)
(19,11)
(96,34)
(88,32)
(60,28)
(42,19)
(95,5)
(43,17)
(12,17)
(95,0)
(8,27)
(96,35)
(62,3)
(12,20)
(16,26)
(25,32)
(55,32)
(1,13)
(22,18)
(26,2)
(97,20)
(74,26)
(87,3)
(71,18)
(28,35)
(71,10)
(65,15)
(38,20)
(9,27)
(86,25)
(2,31)
(82,13)
(70,10)
(11,6)
(52,25)
(29,15)
(44,39)
(18,24)
(58,0)
(80,16)
(27,6)
(10,7)
(19,29)
(60,24)
(33,28)
(99,39)
(12,33)
(4,4)
(17,5)
(41,38)
(64,13)
(62,32)
(69,22)
(9,28)
(15,36)
(89,23)
(54,15)
(72,13)
(12,35)
(39,26)
(67,34)
(72,17)
(93,20)
(11,22)
(71,15)
(27,26)
(12,39)
(11,15)
(24,8)
(63,31)
(13,38)
(52,28)
(72,5)
(10,8)
(74,28)
(75,23)
(69,40)
(84,29)
(38,30)
(62,21)
(48,24)
(9,7)
(33,20)
(2,2)
(98,11)
(88,9)
(15,20)
(16,3)
(66,33)
(44,4)
(15,33)
(20,25)
(98,28)
(14,10)
(23,11)
(74,13)
(61,9)
(31,6)
(76,38)
(91,21)
(60,27)
(35,21)
(95,31)
(22,2)
(42,37)
(29,19)
(43,9)
(38,33)
(7,8)
(93,37)
(7,39)
(56,27)
(49,8)
(26,4)
(34,15)
(80,20)
(40,14)
(82,10)
(36,33)
(21,16)
(2,6)
(40,13)
(96,24)
(17,20)
(0,14)
(51,16)
(61,8)
(94,40)
(42,13)
(30,26)
(97,32)
(94,34)
(89,31)
(81,33)
(55,37)
(88,17)
(74,21)
(40,22)
(77,19)
(75,13)
(82,25)
(76,16)
(67,37)
(65,35)
(4,1)
(91,15)
(43,6)
(7,32)
(75,16)
(35,14)
(10,19)
(2,16)
(91,12)
(0,5)
(84,23)
(3,4)
(25,30)
(4,35)
(51,0)
(88,29)
(2,0)
(23,37)
(92,2)
(92,8)
(90,38)
(91,1)
(40,39)
(89,17)
(50,21)
(13,13)
(96,12)
(48,35)
(4,20)
(39,21)
(5,22)
(41,26)
(83,33)
(32,21)
(14,1)
(51,4)
(86,6)
(76,15)
(70,30)
(73,37)
(48,9)
(50,11)
(86,15)
(6,36)
(66,38)
(96,26)
(34,22)
(11,10)
(67,18)
(83,12)
(86,13)
(39,34)
(57,20)
(27,30)
(97,5)
(36,17)
(47,22)
(80,25)
(90,1)
(77,32)
(51,34)
(78,8)
(48,28)
(42,21)
(46,38)
(87,4)
(59,18)
(58,36)
(61,31)
(80,0)
(85,32)
(77,3)
(34,35)
(87,21)
(7,18)
(58,27)
(63,13)
(87,1)
(32,38)
(37,24)
(60,9)
(95,7)
(59,8)
(74,7)
(93,40)
(48,33)
(79,23)
(47,34)
(25,34)
(77,39)
(39,7)
(40,21)
(40,20)
(59,37)
(71,22)
(77,22)
(12,24)
(67,23)
(54,17)
(63,40)
(85,10)
(7,4)
(63,6)
(60,23)
(43,40)
(40,5)
(2,23)
(56,29)
(34,20)
(57,30)
(79,10)
(32,27)
(69,21)
(29,27)
(61,26)
(16,17)
(21,39)
(10,11)
(11,21)
(75,7)
(38,39)
(11,37)
(5,21)
(61,17)
(78,31)
(72,12)
(42,7)
(95,24)
(82,28)
(71,28)
(69,14)
(68,38)
(21,32)
(54,3)
(45,38)
(66,27)
(33,40)
(20,23)
(21,19)
(70,35)
(16,6)
(28,28)
(99,21)
(30,34)
(25,21)
(20,2)
(28,14)
(34,25)
(99,34)
(39,5)
(81,8)
(93,5)
(84,7)
(71,5)
(17,8)
(69,25)
(57,31)
(32,33)
(82,34)
(99,4)
(92,5)
(47,12)
(57,29)
(9,29)
(39,4)
(52,4)
(19,32)
(77,34)
(44,20)
(40,26)
(5,11)
(69,12)
(3,18)
(22,12)
(23,20)
(34,13)
(64,35)
(35,26)
(82,18)
(86,34)
(83,21)
(80,3)
(79,35)
(80,32)
(8,6)
(13,32)
(26,15)
(43,25)
(13,29)
(34,29)
(35,33)
(35,16)
(31,25)
(32,25)
(26,25)
(5,29)
(57,34)
(37,0)
(57,33)
(57,27)
(8,31)
(87,24)
(30,10)
(14,3)
(23,35)
(31,7)
(86,26)
(27,27)
(44,13)
(89,14)
(30,3)
(76,33)
(97,19)
(20,26)
(42,3)
(83,23)
(13,4)
(38,1)
(70,32)
(6,24)
(4,36)
(87,30)
(19,35)
(99,38)
(77,21)
(46,16)
(64,30)
(38,8)
(77,33)
(51,27)
(32,22)
(55,38)
(56,25)
(83,18)
(65,38)
(35,35)
(51,31)
(42,27)
(5,10)
(0,4)
(51,1)
(57,0)
(74,37)
(14,36)
(38,32)
(88,22)
(86,27)
(24,9)
(64,12)
(40,4)
(4,2)
(28,1)
(1,4)
(14,40)
(96,33)
(8,34)
(25,25)
(22,28)
(62,39)
(5,17)
(97,17)
(73,19)
(78,33)
(38,19)
(75,9)
(65,28)
(12,25)
(49,33)
(50,7)
(93,33)
(20,20)
(71,29)
(52,27)
(84,20)
(12,13)
(81,16)
(27,15)
(29,40)
(71,17)
(76,12)
(62,12)
(56,23)
(8,29)
(15,11)
(14,23)
(48,38)
(86,1)
(94,10)
(36,28)
(56,8)
(14,14)
(81,29)
(70,28)
(12,31)
(95,8)
(35,40)
(81,10)
(5,15)
(67,20)
(37,20)
(50,9)
(57,32)
(48,5)
(41,4)
(4,40)
(28,3)
(32,16)
(67,28)
(33,27)
(12,36)
(84,19)
(85,26)
(46,36)
(24,20)
(6,17)
(87,26)
(95,1)
(20,1)
(69,7)
(91,24)
(47,7)
(21,0)
(46,4)
(58,40)
(68,9)
(84,26)
(61,14)
(87,13)
(8,22)
(56,5)
(18,1)
(35,6)
(72,7)
(95,33)
(31,5)
(40,11)
(69,27)
(23,25)
(42,8)
(73,29)
(92,27)
(54,37)
(52,11)
(22,9)
(0,7)
(89,21)
(17,34)
(8,36)
(95,9)
(92,39)
(64,29)
(16,8)
(17,9)
(85,17)
(29,37)
(67,31)
(22,16)
(45,29)
(36,34)
(35,30)
(90,22)
(86,36)
(63,14)
(7,17)
(2,21)
(59,23)
(72,39)
(43,38)
(32,14)
(35,37)
(77,8)
(71,30)
(25,29)
(5,14)
(39,18)
(58,37)
(64,8)
(84,17)
(10,26)
(91,18)
(62,9)
(56,7)
(39,22)
(19,34)
(43,39)
(53,7)
(12,30)
(6,27)
(88,30)
(50,1)
(88,25)
(63,1)
(71,14)
(0,20)
(0,39)
(79,7)
(98,5)
(84,24)
(18,29)
(41,22)
(77,29)
(97,13)
(82,29)
(1,28)
(51,40)
(72,33)
(97,8)
(40,12)
(40,7)
(83,34)
(52,20)
(3,39)
(16,22)
(11,17)
(89,4)
(99,11)
(35,22)
(44,12)
(8,28)
(16,39)
(9,39)
(48,40)
(79,17)
(51,18)
(75,22)
(81,20)
(90,12)
(5,2)
(83,39)
(70,20)
(10,28)
(74,16)
(50,39)
(53,39)
(49,30)
(69,18)
(80,30)
(50,22)
(25,11)
(76,8)
(56,39)
(71,32)
(69,24)
(23,27)
(40,32)
(99,29)
(80,35)
(77,36)
(31,19)
(62,26)
(98,32)
(31,10)
(7,29)
(30,22)
(91,16)
(11,28)
(51,30)
(59,13)
(17,6)
(63,17)
(70,7)
(22,19)
(21,17)
(12,6)
(40,29)
(92,36)
(13,25)
(31,22)
(32,2)
(19,0)
(51,15)
(9,26)
(20,38)
(77,31)
(54,6)
(50,33)
(70,29)
(79,11)
(10,18)
(16,20)
(47,19)
(96,19)
(29,9)
(3,16)
(15,35)
(89,7)
(42,39)
(92,33)
(19,40)
(47,35)
(22,36)
(86,28)
(25,13)
(16,11)
(5,1)
(16,24)
(63,37)
(62,19)
(0,33)
(16,38)
(44,15)
(2,13)
(50,36)
(67,22)
(65,4)
(33,37)
(65,3)
(21,9)
(32,6)
(80,13)
(59,30)
(87,31)
(13,14)
(76,32)
(53,23)
(60,35)
(1,39)
(25,36)
(97,40)
(1,36)
(6,30)
(51,36)
(80,21)
(4,33)
(50,6)
(23,16)
(50,32)
(6,21)
(83,40)
(50,34)
(60,2)
(48,14)
(16,21)
(55,13)
(78,9)
(56,22)
(90,17)
(46,30)
(40,18)
(42,14)
(36,8)
(93,6)
(39,11)
(32,30)
(42,12)
(93,31)
(47,36)
(87,38)
(48,13)
(87,22)
(34,8)
(74,34)
(41,13)
(28,2)
(68,17)
(63,34)
(20,16)
(21,30)
(91,4)
(49,20)
(88,34)
(32,35)
(24,12)
(65,7)
(16,18)
(98,27)
(52,15)
(5,23)
(63,5)
(92,9)
(52,10)
(73,10)
(86,33)
(24,6)
(63,20)
(80,14)
(80,28)
(89,26)
(90,13)
(50,23)
(38,14)
(56,31)
(57,5)
(87,7)
(30,16)
(70,12)
(30,21)
(76,24)
(65,6)
(51,17)
(96,8)
(27,34)
(91,30)
(83,30)
(75,14)
(23,33)
(26,38)
(38,29)
(10,38)
(8,30)
(22,23)
(50,30)
(52,40)
(65,40)
(2,10)
(7,40)
(23,38)
(52,39)
(56,13)
(60,6)
(20,37)
(82,6)
(93,0)
(65,14)
(46,10)
(76,28)
(24,27)
(23,5)
(31,30)
(51,22)
(34,14)
(10,14)
(35,23)
(3,34)
(75,25)
(0,11)
(96,11)
(67,4)
(52,34)
(17,16)
(38,17)
(66,26)
(51,24)
(93,38)
(13,10)
(19,4)
(90,23)
(18,33)
(47,27)
(15,16)
(52,37)
(88,33)
(37,13)
(36,10)
(16,14)
(15,5)
(64,16)
(75,11)
(43,19)
(0,21)
(31,32)
(16,9)
(61,39)
(40,33)
(98,4)
(29,25)
(9,16)
(31,3)
(29,38)
(68,4)
(70,14)
(51,20)
(46,19)
(22,20)
(46,37)
(63,38)
(77,27)
(70,18)
(51,39)
(23,19)
(48,26)
(66,14)
(42,9)
(48,10)
(99,26)
(37,6)
(55,4)
(27,40)
(65,1)
(87,27)
(23,2)
(43,16)
(84,35)
(43,34)
(38,23)
(95,26)
(3,32)
(63,32)
(93,24)
(66,12)
(21,28)
(64,28)
(23,1)
(8,20)
(1,33)
(1,14)
(26,24)
(12,26)
(49,32)
(97,12)
(49,36)
(8,35)
(71,26)
(82,21)
(27,36)
(68,33)
(87,37)
(65,34)
(29,32)
(95,28)
(55,17)
(70,36)
(24,34)
(74,29)
(76,25)
(22,17)
(26,21)
(22,37)
(28,32)
(28,27)
(28,40)
(66,1)
(66,34)
(23,18)
(74,22)
(57,26)
(46,23)
(73,12)
(88,15)
(27,32)
(28,31)
(5,19)
(87,20)
(8,17)
(67,25)
(75,32)
(33,9)
(73,15)
(82,33)
(26,20)
(0,16)
(89,30)
(49,28)
(36,19)
(67,13)
(96,10)
(10,17)
(80,8)
(69,19)
(97,2)
(17,28)
(97,16)
(73,2)
(76,40)
(70,19)
(29,2)
(67,26)
(56,16)
(97,31)
(20,12)
(75,21)
(24,17)
(53,12)
(87,15)
(61,37)
(60,8)
(80,7)
(68,8)
(55,35)
(45,15)
(84,25)
(84,18)
(52,35)
(22,7)
(88,21)
(50,17)
(8,38)
(87,6)
(68,20)
(99,36)
(66,16)
(28,8)
(1,23)
(50,14)
(45,5)
(88,18)
(4,25)
(24,18)
(73,33)
(69,29)
(69,31)
(52,29)
(35,34)
(85,39)
(92,23)
(70,40)
(44,25)
(50,27)
(44,38)
(13,16)
(24,37)
(3,10)
(2,26)
(30,24)
(89,40)
(82,8)
(82,20)
(55,18)
(77,30)
(55,34)
(32,8)
(81,40)
(57,13)
(71,20)
(22,34)
(13,20)
(1,26)
(82,15)
(99,30)
(30,27)
(41,39)
(43,8)
(43,0)
(1,11)
(9,38)
(98,39)
(25,7)
(17,38)
(2,24)
(87,28)
(36,24)
(0,22)
(66,25)
(75,28)
(42,33)
(66,11)
(25,12)
(87,29)
(39,14)
(32,17)
(42,20)
(77,15)
(14,28)
(70,27)
(57,8)
(13,23)
(13,22)
(2,30)
(18,34)
(7,19)
(25,28)
(53,32)
(57,23)
(79,16)
(91,11)
(80,19)
(9,11)
(91,3)
(86,21)
(13,17)
(41,7)
(35,31)
(10,25)
(63,7)
(48,12)
(26,23)
(92,18)
(35,39)
(9,17)
(65,10)
(60,37)
(63,33)
(85,36)
(40,19)
(53,33)
(85,22)
(33,35)
(36,37)
(64,11)
(77,17)
(83,13)
(89,12)
(44,28)
(23,14)
(44,27)
(17,17)
(18,20)
(48,30)
(50,15)
(53,26)
(33,13)
(1,31)
(77,9)
(49,35)
(49,29)
(68,6)
(20,33)
(28,30)
(32,23)
(17,12)
(74,14)
(64,27)
(95,25)
(72,19)
(49,18)
(24,33)
(13,21)
(93,17)
(5,27)
(31,26)
(46,13)
(35,13)
(20,18)
(72,34)
(17,36)
(0,17)
(15,9)
(37,3)
(28,38)
(14,25)
(52,8)
(8,23)
(4,10)
(61,11)
(84,14)
(46,28)
(9,4)
(89,25)
(0,36)
(97,7)
(22,40)
(18,38)
(24,28)
(99,28)
(97,38)
(54,22)
(82,40)
(25,37)
(56,21)
(84,9)
(5,13)
(49,19)
(71,39)
(69,38)
(47,37)
(88,5)
(50,38)
(84,5)
(60,12)
(73,35)
(90,16)
(61,19)
(76,10)
(70,11)
(61,18)
(93,19)
(87,32)
(84,16)
(9,32)
(42,36)
(30,25)
(24,29)
(49,15)
(90,14)
(81,6)
(36,35)
(25,38)
(95,18)
(44,5)
(70,33)
(97,25)
(53,16)
(45,19)
(2,1)
(96,9)
(42,32)
(58,39)
(14,19)
(0,15)
(5,31)
(56,4)
(38,13)
(30,36)
(97,22)
(40,27)
(44,7)
(22,11)
(58,32)
(94,22)
(34,12)
(59,22)
(52,21)
(29,26)
(30,18)
(88,3)
(4,34)
(63,24)
(66,40)
(31,18)
(79,15)
(38,16)
(33,24)
(54,2)
(28,36)
(41,17)
(3,7)
(79,31)
(25,24)
(41,0)
(74,6)
(56,33)
(75,27)
(3,13)
(67,36)
(46,5)
(29,5)
(50,28)
(23,40)
(79,24)
(24,32)
(85,28)
(25,17)
(78,11)
(19,5)
(82,19)
(97,26)
(71,4)
(55,23)
(50,24)
(88,27)
(34,36)
(3,40)
(23,26)
(31,37)
(53,31)
(96,22)
(57,12)
(28,7)
(31,16)
(76,22)
(39,35)
(63,28)
(79,38)
(42,34)
(26,34)
(46,11)
(10,12)
(44,29)
(31,2)
(87,33)
(33,16)
(93,29)
(25,31)
(85,4)
(90,33)
(9,22)
(18,6)
(53,14)
(5,12)
(73,31)
(0,27)
(3,27)
(4,18)
(97,24)
(48,37)
(66,39)
(94,35)
(44,22)
(45,39)
(8,37)
(88,35)
(43,15)
(54,38)
(0,10)
(80,22)
(88,36)
(82,35)
(47,40)
(43,31)
(36,40)
(23,24)
(92,24)
(73,1)
(15,39)
(89,16)
(76,35)
(13,26)
(65,37)
(85,35)
(20,24)
(10,9)
(69,10)
(9,31)
(30,32)
(92,20)
(68,34)
(68,18)
(17,19)
(95,40)
(72,29)
(13,3)
(60,14)
(86,12)
(49,37)
(79,4)
(68,19)
(33,25)
(10,31)
(37,4)
(54,12)
(37,39)
(7,24)
(98,38)
(30,0)
(78,0)
(73,9)
(29,20)
(7,28)
(79,5)
(54,40)
(96,32)
(32,12)
(61,35)
(55,26)
(74,36)
(83,15)
(59,4)
(68,14)
(18,11)
(2,34)
(25,6)
(79,20)
(26,28)
(21,31)
(81,28)
(97,35)
(91,20)
(89,35)
(74,33)
(39,20)
(7,15)
(78,14)
(19,15)
(46,39)
(95,20)
(55,6)
(84,36)
(33,29)
(43,10)
(72,31)
(98,10)
(48,22)
(9,20)
(79,21)
(13,8)
(78,12)
(59,24)
(13,18)
(13,19)
(34,40)
(33,34)
(76,20)
(49,11)
(17,14)
(72,30)
(2,33)
(90,37)
(75,38)
(95,11)
(6,31)
(29,33)
(26,37)
(61,28)
(86,17)
(78,40)
(76,39)
(96,13)
(76,23)
(88,31)
(56,32)
(15,21)
(38,22)
(28,24)
(49,40)
(48,17)
(52,36)
(55,27)
(5,24)
(5,18)
(57,19)
(64,17)
(98,7)
(25,18)
(23,15)
(37,28)
(33,39)
(56,30)
(26,36)
(18,40)
(83,32)
(97,34)
(96,31)
(52,30)
(94,12)
(46,34)
(43,29)
(41,21)
(60,30)
(36,15)
(92,11)
(44,33)
(53,5)
(38,35)
(91,9)
(69,33)
(95,34)
(86,38)
(6,18)
(93,25)
(66,18)
(73,39)
(69,16)
(38,21)
(3,20)
(44,24)
(37,31)
(32,36)
(43,36)
(83,16)
(15,13)
(69,32)
(80,36)
(61,22)
(29,39)
(61,20)
(68,22)
(56,28)
(85,27)
(56,20)
(21,29)
(41,34)
(36,11)
(79,27)
(19,26)
(38,15)
(19,22)
(54,1)
(67,9)
(89,6)
(72,20)
(91,26)
(98,34)
(2,28)
(41,30)
(24,39)
(95,29)
(36,36)
(79,36)
(32,19)
(70,15)
(29,28)
(5,16)
(22,27)
(59,36)
(53,17)
(46,31)
(45,32)
(83,19)
(20,31)
(74,27)
(94,5)
(95,36)
(22,14)
(14,11)
(64,21)
(93,14)
(66,23)
(23,32)
(3,33)
(4,3)
(57,28)
(81,15)
(64,40)
(14,34)
(20,35)
(54,28)
(18,28)
(24,11)
(30,17)
(7,6)
(10,32)
(36,23)
(79,32)
(25,22)
(30,29)
(6,1)
(42,30)
(3,30)
(6,22)
(54,32)
(79,39)
(36,5)
(36,9)
(23,31)
(20,10)
(55,15)
(57,39)
(68,31)
(17,35)
(57,36)
(15,22)
(10,21)
(42,40)
(10,37)
(81,23)
(65,23)
(39,13)
(67,38)
(41,18)
(38,28)
(21,37)
(57,11)
(78,3)
(31,12)
(5,32)
(63,21)
(84,10)
(23,30)
(84,31)
(70,38)
(85,21)
(92,40)
(89,24)
(15,14)
(86,24)
(8,25)
(59,26)
(75,30)
(15,37)
(5,40)
(61,40)
(54,30)
(6,34)
(0,24)
(96,28)
(28,16)
(68,10)
(68,39)
(14,22)
(78,27)
(31,40)
(32,37)
(42,4)
(64,34)
(44,19)
(91,34)
(84,40)
(22,22)
(3,8)
(22,26)
(31,33)
(46,22)
(84,28)
(46,20)
(36,26)
(41,33)
(98,21)
(54,20)
(25,39)
(17,27)
(70,39)
(86,39)
(95,27)
(54,21)
(6,32)
(39,37)
(90,29)
(41,32)
(91,27)
(6,14)
(56,26)
(75,36)
(90,36)
(29,3)
(37,17)
(28,37)
(42,35)
(38,6)
(14,4)
(95,37)
(61,32)
(36,29)
(39,16)
(42,5)
(91,39)
(89,27)
(64,7)
(8,11)
(42,26)
(91,14)
(94,29)
(10,27)
(33,23)
(80,31)
(22,35)
(45,9)
(14,24)
(67,14)
(30,31)
(90,34)
(17,29)
(75,40)
(3,25)
(41,40)
(32,34)
(89,28)
(53,19)
(2,29)
(74,23)
(44,30)
(83,3)
(98,14)
(26,27)
(56,34)
(19,23)
(30,14)
(45,14)
(28,15)
(18,22)
(41,31)
(14,16)
(67,8)
(75,34)
(78,28)
(81,7)
(44,32)
(19,38)
(17,31)
(4,9)
(55,20)
(10,22)
