100 Users
20 Files
1000 Transactions
2 Maximum Connections
1 Cycle Length per Upload-Download
0 Warm-up Transactions
0.400000 Zipf constant
5 Pre-Trusted Users
40 Well-Behaved (Good) Users
60 Purely Malicious Users
0 Feedback Skewing Users
0 Malignant Providing Users
0 Disguised Malicous Users
0 Sybil Attack Users
true Intelligent Trans. Generation
1561006083148 Trace Generation Seed

(0.079824,0.000000,1,false)
(0.017772,0.000000,1,false)
(0.099615,0.000000,1,false)
(0.077147,0.000000,1,false)
(0.025531,0.000000,1,false)
(0.099176,0.000000,1,false)
(0.046166,0.000000,1,false)
(0.089507,0.000000,1,false)
(0.027686,0.000000,1,false)
(0.034115,0.000000,1,false)
(0.073005,0.000000,1,false)
(0.000968,0.000000,1,false)
(0.093402,0.000000,1,false)
(0.029872,0.000000,1,false)
(0.038238,0.000000,1,false)
(0.098402,0.000000,1,false)
(0.072042,0.000000,1,false)
(0.074875,0.000000,1,false)
(0.033560,0.000000,1,false)
(0.093187,0.000000,1,false)
(0.085101,0.000000,1,false)
(0.058434,0.000000,1,false)
(0.090957,0.000000,1,false)
(0.029750,0.000000,1,false)
(0.005494,0.000000,1,false)
(0.030404,0.000000,1,false)
(0.011129,0.000000,1,false)
(0.021184,0.000000,1,false)
(0.006723,0.000000,1,false)
(0.097176,0.000000,1,false)
(0.092399,0.000000,1,false)
(0.049801,0.000000,1,false)
(0.038442,0.000000,1,false)
(0.084064,0.000000,1,false)
(0.026427,0.000000,1,false)
(0.018194,0.000000,1,false)
(0.049118,0.000000,1,false)
(0.081009,0.000000,1,false)
(0.092797,0.000000,1,false)
(0.087320,0.000000,1,false)
(0.068734,0.000000,1,false)
(0.028404,0.000000,1,false)
(0.028375,0.000000,1,false)
(0.092047,0.000000,1,false)
(0.084931,0.000000,1,false)
(0.092985,0.000000,1,false)
(0.069326,0.000000,1,false)
(0.081811,0.000000,1,false)
(0.094485,0.000000,1,false)
(0.029845,0.000000,1,false)
(0.063765,0.000000,1,false)
(0.094220,0.000000,1,false)
(0.088702,0.000000,1,false)
(0.026023,0.000000,1,false)
(0.031227,0.000000,1,false)
(0.032867,0.000000,1,false)
(0.036085,0.000000,1,false)
(0.073488,0.000000,1,false)
(0.001532,0.000000,1,false)
(0.087086,0.000000,1,false)
(0.941465,1.000000,0,true)
(0.975034,1.000000,0,true)
(0.999971,1.000000,0,true)
(0.998960,1.000000,0,true)
(0.941596,1.000000,0,true)
(0.955296,1.000000,0,false)
(0.941126,1.000000,0,false)
(0.927745,1.000000,0,false)
(0.957155,1.000000,0,false)
(0.921891,1.000000,0,false)
(0.975355,1.000000,0,false)
(0.964374,1.000000,0,false)
(0.990782,1.000000,0,false)
(0.970868,1.000000,0,false)
(0.998487,1.000000,0,false)
(0.932105,1.000000,0,false)
(0.999288,1.000000,0,false)
(0.947671,1.000000,0,false)
(0.983896,1.000000,0,false)
(0.970254,1.000000,0,false)
(0.985137,1.000000,0,false)
(0.962268,1.000000,0,false)
(0.984665,1.000000,0,false)
(0.952078,1.000000,0,false)
(0.950656,1.000000,0,false)
(0.909028,1.000000,0,false)
(0.988322,1.000000,0,false)
(0.971880,1.000000,0,false)
(0.900859,1.000000,0,false)
(0.911462,1.000000,0,false)
(0.928298,1.000000,0,false)
(0.919040,1.000000,0,false)
(0.922819,1.000000,0,false)
(0.981368,1.000000,0,false)
(0.996819,1.000000,0,false)
(0.962075,1.000000,0,false)
(0.983510,1.000000,0,false)
(0.998253,1.000000,0,false)
(0.966325,1.000000,0,false)
(0.968059,1.000000,0,false)

(0,0,false)
(1,0,false)
(2,0,false)
(4,0,false)
(5,0,false)
(7,0,false)
(8,0,false)
(9,0,false)
(10,0,true)
(11,0,false)
(13,0,false)
(14,0,false)
(15,0,false)
(16,0,false)
(17,0,false)
(19,0,false)
(20,0,false)
(22,0,false)
(25,0,false)
(26,0,false)
(27,0,false)
(29,0,true)
(31,0,false)
(32,0,false)
(36,0,false)
(37,0,false)
(38,0,false)
(39,0,false)
(40,0,false)
(41,0,false)
(42,0,false)
(45,0,false)
(46,0,false)
(47,0,false)
(49,0,false)
(50,0,false)
(51,0,false)
(52,0,false)
(53,0,false)
(54,0,false)
(55,0,false)
(56,0,false)
(59,0,false)
(60,0,true)
(61,0,true)
(62,0,true)
(63,0,true)
(64,0,true)
(65,0,true)
(67,0,true)
(68,0,true)
(69,0,true)
(70,0,true)
(71,0,true)
(72,0,true)
(73,0,true)
(75,0,true)
(79,0,true)
(80,0,true)
(82,0,true)
(83,0,true)
(84,0,true)
(85,0,true)
(86,0,true)
(88,0,true)
(89,0,true)
(90,0,true)
(91,0,true)
(92,0,true)
(94,0,true)
(95,0,true)
(96,0,true)
(97,0,true)
(98,0,true)
(99,0,true)
(1,1,false)
(2,1,false)
(3,1,false)
(5,1,false)
(6,1,false)
(7,1,false)
(8,1,false)
(9,1,false)
(11,1,false)
(14,1,false)
(15,1,false)
(17,1,false)
(21,1,false)
(22,1,false)
(23,1,false)
(24,1,false)
(25,1,false)
(27,1,false)
(30,1,false)
(32,1,false)
(34,1,false)
(35,1,false)
(37,1,false)
(38,1,false)
(39,1,false)
(40,1,false)
(41,1,false)
(42,1,false)
(43,1,false)
(44,1,false)
(45,1,false)
(46,1,false)
(47,1,true)
(48,1,true)
(49,1,false)
(51,1,false)
(53,1,false)
(54,1,false)
(55,1,false)
(56,1,false)
(57,1,false)
(58,1,false)
(60,1,true)
(61,1,true)
(65,1,true)
(68,1,true)
(69,1,true)
(71,1,true)
(73,1,true)
(74,1,true)
(75,1,true)
(76,1,true)
(78,1,true)
(81,1,true)
(82,1,true)
(83,1,true)
(84,1,true)
(86,1,true)
(87,1,true)
(88,1,true)
(89,1,true)
(90,1,true)
(91,1,true)
(94,1,true)
(96,1,true)
(97,1,true)
(98,1,true)
(0,2,false)
(1,2,false)
(3,2,false)
(4,2,false)
(5,2,false)
(7,2,false)
(8,2,false)
(12,2,false)
(14,2,false)
(15,2,false)
(16,2,false)
(17,2,false)
(20,2,true)
(21,2,false)
(23,2,false)
(25,2,false)
(28,2,false)
(29,2,false)
(31,2,false)
(32,2,false)
(34,2,false)
(36,2,false)
(37,2,false)
(40,2,false)
(42,2,false)
(43,2,false)
(45,2,false)
(46,2,false)
(48,2,false)
(49,2,false)
(53,2,false)
(55,2,false)
(56,2,false)
(58,2,false)
(60,2,true)
(61,2,true)
(62,2,true)
(63,2,true)
(64,2,true)
(65,2,true)
(67,2,true)
(68,2,true)
(69,2,true)
(70,2,true)
(72,2,true)
(77,2,true)
(78,2,true)
(82,2,true)
(83,2,true)
(84,2,true)
(85,2,true)
(87,2,true)
(90,2,true)
(92,2,false)
(93,2,true)
(97,2,true)
(98,2,true)
(99,2,true)
(1,3,false)
(3,3,false)
(4,3,false)
(6,3,false)
(7,3,false)
(14,3,false)
(17,3,false)
(19,3,false)
(20,3,false)
(22,3,false)
(23,3,false)
(26,3,false)
(27,3,false)
(30,3,true)
(33,3,false)
(35,3,false)
(37,3,false)
(39,3,false)
(42,3,false)
(44,3,false)
(45,3,false)
(46,3,true)
(48,3,false)
(50,3,false)
(51,3,false)
(52,3,false)
(54,3,false)
(56,3,true)
(58,3,false)
(61,3,true)
(63,3,true)
(64,3,true)
(66,3,true)
(67,3,true)
(69,3,true)
(71,3,true)
(72,3,true)
(74,3,true)
(76,3,true)
(77,3,true)
(80,3,true)
(84,3,true)
(89,3,true)
(91,3,true)
(93,3,true)
(94,3,true)
(95,3,true)
(98,3,true)
(1,4,false)
(7,4,false)
(9,4,false)
(10,4,true)
(12,4,false)
(13,4,false)
(15,4,false)
(16,4,true)
(17,4,false)
(18,4,false)
(19,4,false)
(20,4,false)
(21,4,false)
(22,4,false)
(25,4,false)
(29,4,false)
(30,4,false)
(31,4,false)
(34,4,false)
(35,4,true)
(41,4,false)
(42,4,false)
(43,4,true)
(44,4,true)
(45,4,false)
(54,4,false)
(55,4,false)
(56,4,false)
(57,4,false)
(62,4,true)
(63,4,true)
(64,4,true)
(65,4,true)
(66,4,true)
(68,4,true)
(69,4,false)
(70,4,true)
(78,4,true)
(79,4,false)
(81,4,true)
(82,4,true)
(84,4,true)
(86,4,false)
(88,4,true)
(91,4,true)
(92,4,true)
(93,4,true)
(97,4,true)
(98,4,true)
(99,4,true)
(0,5,false)
(1,5,false)
(3,5,false)
(6,5,false)
(7,5,true)
(9,5,false)
(12,5,false)
(14,5,false)
(17,5,false)
(19,5,false)
(23,5,false)
(24,5,false)
(30,5,false)
(32,5,false)
(34,5,false)
(38,5,false)
(39,5,false)
(41,5,false)
(42,5,false)
(43,5,false)
(44,5,false)
(45,5,false)
(48,5,false)
(54,5,false)
(61,5,true)
(62,5,true)
(63,5,true)
(66,5,true)
(68,5,true)
(69,5,true)
(70,5,true)
(72,5,true)
(75,5,true)
(76,5,true)
(80,5,true)
(83,5,true)
(84,5,true)
(85,5,false)
(90,5,true)
(93,5,true)
(94,5,true)
(95,5,true)
(96,5,true)
(97,5,true)
(98,5,true)
(0,6,false)
(4,6,false)
(5,6,false)
(6,6,false)
(7,6,false)
(10,6,false)
(11,6,false)
(12,6,false)
(14,6,false)
(17,6,false)
(21,6,false)
(23,6,false)
(24,6,false)
(25,6,false)
(26,6,false)
(28,6,false)
(30,6,false)
(33,6,false)
(41,6,false)
(43,6,false)
(53,6,false)
(55,6,false)
(59,6,false)
(61,6,true)
(62,6,true)
(63,6,true)
(64,6,true)
(69,6,true)
(73,6,true)
(74,6,true)
(83,6,true)
(85,6,true)
(86,6,true)
(87,6,true)
(90,6,true)
(95,6,true)
(97,6,true)
(98,6,true)
(1,7,false)
(5,7,false)
(8,7,false)
(10,7,false)
(11,7,false)
(12,7,false)
(14,7,false)
(17,7,false)
(18,7,false)
(20,7,false)
(22,7,true)
(25,7,false)
(27,7,false)
(28,7,false)
(35,7,false)
(36,7,false)
(39,7,false)
(40,7,false)
(42,7,false)
(43,7,false)
(44,7,false)
(45,7,false)
(51,7,false)
(53,7,false)
(54,7,false)
(57,7,false)
(58,7,false)
(61,7,true)
(62,7,true)
(63,7,true)
(64,7,true)
(65,7,true)
(66,7,true)
(67,7,true)
(68,7,false)
(69,7,true)
(72,7,true)
(73,7,true)
(75,7,true)
(77,7,false)
(81,7,true)
(84,7,true)
(86,7,true)
(89,7,true)
(93,7,true)
(97,7,true)
(4,8,false)
(7,8,true)
(8,8,false)
(10,8,false)
(15,8,false)
(17,8,false)
(23,8,false)
(24,8,false)
(26,8,false)
(27,8,false)
(33,8,false)
(36,8,false)
(37,8,false)
(38,8,false)
(39,8,false)
(46,8,false)
(49,8,false)
(50,8,false)
(58,8,false)
(61,8,true)
(64,8,true)
(68,8,true)
(70,8,true)
(71,8,true)
(76,8,true)
(77,8,true)
(81,8,true)
(82,8,true)
(90,8,true)
(91,8,true)
(93,8,true)
(95,8,true)
(96,8,true)
(3,9,false)
(4,9,false)
(5,9,false)
(8,9,false)
(14,9,false)
(15,9,false)
(18,9,true)
(19,9,false)
(20,9,false)
(23,9,false)
(24,9,false)
(25,9,true)
(26,9,false)
(27,9,false)
(31,9,false)
(35,9,false)
(36,9,true)
(38,9,false)
(39,9,true)
(40,9,false)
(41,9,false)
(42,9,false)
(44,9,false)
(47,9,false)
(53,9,false)
(55,9,true)
(58,9,false)
(61,9,true)
(65,9,true)
(67,9,true)
(68,9,true)
(72,9,true)
(76,9,true)
(79,9,true)
(80,9,true)
(81,9,true)
(82,9,true)
(83,9,true)
(90,9,true)
(91,9,true)
(99,9,true)
(0,10,true)
(1,10,false)
(3,10,false)
(4,10,false)
(5,10,false)
(7,10,false)
(9,10,false)
(11,10,false)
(13,10,false)
(14,10,false)
(15,10,true)
(19,10,true)
(21,10,false)
(24,10,false)
(29,10,false)
(34,10,false)
(36,10,false)
(43,10,false)
(46,10,false)
(48,10,false)
(51,10,false)
(53,10,false)
(55,10,false)
(62,10,true)
(63,10,true)
(64,10,true)
(65,10,true)
(68,10,true)
(71,10,true)
(72,10,true)
(75,10,true)
(77,10,true)
(81,10,true)
(85,10,true)
(86,10,true)
(89,10,false)
(90,10,true)
(93,10,true)
(97,10,true)
(99,10,true)
(5,11,false)
(6,11,false)
(9,11,false)
(18,11,false)
(20,11,false)
(24,11,false)
(25,11,false)
(29,11,false)
(30,11,true)
(31,11,false)
(32,11,false)
(33,11,false)
(39,11,false)
(41,11,false)
(44,11,false)
(46,11,false)
(51,11,true)
(53,11,false)
(54,11,false)
(55,11,false)
(56,11,false)
(57,11,false)
(61,11,true)
(63,11,true)
(67,11,true)
(68,11,true)
(70,11,true)
(71,11,true)
(74,11,true)
(77,11,true)
(79,11,true)
(80,11,true)
(82,11,true)
(87,11,true)
(89,11,false)
(90,11,true)
(91,11,true)
(92,11,true)
(94,11,true)
(95,11,true)
(96,11,true)
(98,11,true)
(0,12,false)
(1,12,false)
(4,12,false)
(6,12,false)
(8,12,false)
(14,12,false)
(17,12,false)
(18,12,false)
(19,12,true)
(21,12,false)
(22,12,false)
(23,12,false)
(29,12,false)
(30,12,true)
(32,12,false)
(33,12,false)
(35,12,false)
(39,12,false)
(41,12,false)
(43,12,false)
(46,12,false)
(53,12,false)
(54,12,false)
(59,12,false)
(61,12,true)
(63,12,true)
(64,12,true)
(66,12,true)
(67,12,false)
(70,12,true)
(72,12,true)
(74,12,true)
(76,12,true)
(79,12,true)
(82,12,true)
(86,12,true)
(88,12,true)
(89,12,true)
(92,12,true)
(93,12,true)
(96,12,true)
(1,13,false)
(3,13,false)
(5,13,false)
(7,13,false)
(16,13,false)
(20,13,false)
(21,13,false)
(26,13,false)
(37,13,false)
(41,13,false)
(42,13,false)
(43,13,false)
(45,13,false)
(50,13,false)
(51,13,false)
(56,13,false)
(61,13,true)
(62,13,true)
(65,13,true)
(67,13,true)
(68,13,true)
(69,13,true)
(80,13,true)
(81,13,true)
(85,13,true)
(88,13,false)
(89,13,true)
(93,13,true)
(95,13,true)
(99,13,true)
(4,14,false)
(7,14,true)
(8,14,false)
(12,14,false)
(13,14,false)
(15,14,false)
(18,14,false)
(20,14,true)
(21,14,true)
(22,14,true)
(26,14,false)
(29,14,true)
(30,14,false)
(31,14,false)
(33,14,false)
(35,14,false)
(40,14,false)
(53,14,false)
(55,14,false)
(56,14,false)
(65,14,true)
(66,14,true)
(68,14,true)
(69,14,true)
(71,14,true)
(72,14,true)
(73,14,true)
(74,14,true)
(78,14,true)
(81,14,true)
(82,14,true)
(86,14,true)
(89,14,true)
(91,14,true)
(93,14,true)
(1,15,false)
(6,15,false)
(7,15,false)
(10,15,false)
(11,15,false)
(14,15,false)
(16,15,false)
(18,15,false)
(20,15,false)
(21,15,false)
(29,15,false)
(34,15,false)
(38,15,false)
(40,15,false)
(45,15,false)
(46,15,false)
(48,15,false)
(50,15,false)
(52,15,false)
(53,15,false)
(58,15,false)
(63,15,true)
(64,15,false)
(70,15,true)
(72,15,true)
(73,15,true)
(77,15,true)
(83,15,true)
(86,15,true)
(87,15,true)
(90,15,true)
(98,15,true)
(3,16,false)
(5,16,false)
(12,16,false)
(16,16,false)
(21,16,false)
(26,16,false)
(28,16,false)
(29,16,true)
(33,16,false)
(35,16,false)
(36,16,false)
(38,16,false)
(42,16,false)
(46,16,false)
(48,16,false)
(52,16,false)
(54,16,false)
(57,16,false)
(63,16,true)
(68,16,true)
(69,16,true)
(70,16,true)
(71,16,true)
(72,16,true)
(74,16,true)
(75,16,true)
(77,16,true)
(79,16,true)
(80,16,true)
(81,16,true)
(86,16,true)
(89,16,false)
(92,16,true)
(96,16,true)
(99,16,true)
(3,17,false)
(5,17,false)
(6,17,false)
(13,17,false)
(20,17,true)
(21,17,false)
(24,17,false)
(30,17,false)
(31,17,false)
(36,17,false)
(37,17,false)
(40,17,true)
(45,17,false)
(56,17,false)
(58,17,false)
(61,17,true)
(63,17,true)
(65,17,true)
(66,17,true)
(68,17,true)
(70,17,true)
(71,17,true)
(73,17,true)
(76,17,true)
(79,17,true)
(84,17,true)
(88,17,true)
(89,17,true)
(90,17,true)
(93,17,true)
(96,17,true)
(97,17,true)
(1,18,false)
(4,18,false)
(5,18,false)
(10,18,false)
(12,18,false)
(13,18,false)
(14,18,false)
(17,18,false)
(18,18,false)
(21,18,true)
(39,18,false)
(40,18,false)
(47,18,true)
(51,18,false)
(52,18,false)
(61,18,true)
(64,18,true)
(67,18,true)
(74,18,true)
(78,18,true)
(85,18,true)
(91,18,true)
(92,18,true)
(93,18,true)
(94,18,false)
(98,18,true)
(0,19,false)
(1,19,false)
(4,19,false)
(5,19,false)
(12,19,false)
(16,19,false)
(19,19,false)
(21,19,false)
(22,19,false)
(24,19,false)
(26,19,false)
(28,19,false)
(30,19,false)
(32,19,false)
(37,19,false)
(41,19,false)
(42,19,false)
(47,19,false)
(48,19,true)
(50,19,false)
(53,19,false)
(55,19,false)
(60,19,true)
(63,19,true)
(64,19,true)
(67,19,true)
(73,19,true)
(75,19,false)
(86,19,true)
(87,19,true)
(88,19,true)
(91,19,true)
(94,19,true)
(98,19,true)
(99,19,true)

(2,2)
(74,9)
(64,11)
(61,4)
(58,5)
(96,2)
(59,11)
(86,8)
(9,15)
(94,6)
(65,12)
(56,18)
(15,11)
(87,10)
(51,8)
(71,6)
(66,0)
(26,1)
(63,18)
(41,14)
(0,1)
(9,13)
(29,1)
(57,15)
(12,11)
(60,3)
(39,2)
(3,4)
(71,12)
(20,6)
(82,7)
(28,4)
(29,7)
(59,1)
(45,9)
(22,13)
(56,12)
(32,6)
(23,10)
(12,1)
(90,7)
(91,7)
(78,7)
(69,9)
(85,3)
(29,18)
(29,19)
(31,10)
(25,3)
(18,3)
(47,17)
(55,17)
(18,13)
(73,13)
(83,19)
(26,17)
(28,3)
(35,8)
(6,0)
(78,11)
(74,19)
(4,7)
(50,6)
(68,6)
(89,4)
(59,7)
(62,15)
(32,13)
(11,13)
(91,13)
(83,8)
(32,15)
(11,16)
(40,5)
(9,17)
(68,19)
(75,3)
(40,4)
(63,14)
(46,6)
(23,11)
(84,16)
(9,16)
(85,14)
(51,15)
(53,3)
(35,0)
(33,19)
(48,12)
(79,1)
(90,3)
(44,13)
(89,2)
(46,4)
(66,19)
(81,15)
(20,5)
(98,13)
(10,2)
(74,10)
(50,1)
(65,6)
(76,14)
(26,18)
(57,14)
(22,16)
(73,18)
(10,1)
(5,15)
(42,18)
(47,12)
(25,8)
(64,14)
(80,7)
(55,5)
(87,16)
(60,14)
(65,5)
(29,3)
(38,17)
(72,13)
(25,14)
(8,5)
(3,15)
(88,8)
(20,10)
(78,0)
(63,8)
(14,4)
(4,5)
(31,3)
(48,9)
(13,11)
(61,10)
(68,18)
(29,6)
(24,4)
(87,4)
(69,10)
(97,3)
(92,13)
(17,16)
(74,17)
(85,19)
(2,5)
(66,1)
(77,1)
(43,0)
(59,3)
(50,11)
(39,4)
(48,13)
(78,16)
(27,11)
(35,6)
(5,4)
(82,10)
(19,13)
(41,7)
(34,9)
(64,17)
(41,8)
(35,5)
(99,6)
(55,15)
(14,11)
(75,18)
(77,4)
(27,13)
(5,12)
(84,9)
(38,4)
(91,16)
(4,1)
(46,5)
(90,19)
(68,3)
(42,15)
(0,11)
(42,12)
(82,17)
(76,4)
(92,5)
(14,13)
(85,1)
(51,6)
(91,17)
(48,0)
(80,4)
(15,3)
(90,4)
(83,7)
(29,13)
(5,8)
(59,19)
(72,4)
(49,12)
(44,12)
(90,12)
(38,13)
(72,8)
(55,13)
(5,3)
(23,0)
(44,0)
(92,15)
(52,19)
(64,9)
(14,19)
(45,8)
(28,18)
(3,12)
(25,12)
(43,8)
(48,7)
(93,16)
(5,5)
(47,7)
(38,10)
(66,16)
(36,11)
(6,18)
(53,5)
(60,4)
(50,7)
(96,15)
(33,10)
(60,5)
(2,15)
(86,18)
(87,14)
(82,18)
(68,15)
(78,10)
(87,7)
(60,11)
(40,8)
(29,5)
(36,3)
(2,6)
(37,7)
(53,16)
(85,16)
(64,1)
(64,16)
(99,7)
(18,8)
(72,11)
(52,4)
(40,3)
(97,14)
(33,2)
(7,17)
(38,7)
(36,13)
(99,11)
(30,16)
(0,9)
(50,12)
(46,9)
(91,6)
(92,7)
(56,6)
(80,1)
(18,2)
(88,2)
(14,8)
(37,4)
(87,9)
(82,19)
(33,0)
(36,1)
(46,18)
(91,10)
(33,18)
(98,16)
(16,6)
(61,16)
(81,18)
(51,14)
(1,8)
(18,0)
(40,12)
(9,14)
(32,8)
(24,18)
(80,19)
(91,2)
(22,8)
(87,8)
(96,14)
(75,11)
(67,16)
(95,9)
(49,6)
(70,6)
(64,13)
(35,18)
(66,8)
(13,3)
(88,11)
(15,6)
(72,1)
(3,7)
(5,14)
(54,10)
(84,14)
(40,11)
(65,3)
(2,3)
(75,2)
(17,17)
(65,19)
(28,0)
(1,16)
(58,0)
(92,3)
(10,3)
(69,15)
(76,0)
(81,0)
(91,15)
(22,6)
(15,13)
(6,19)
(53,8)
(64,5)
(32,16)
(21,0)
(93,1)
(65,18)
(77,18)
(23,15)
(72,19)
(47,10)
(39,6)
(32,7)
(56,7)
(51,4)
(71,2)
(21,8)
(86,13)
(36,15)
(9,8)
(37,18)
(82,3)
(77,9)
(35,15)
(80,10)
(91,5)
(46,17)
(29,8)
(49,10)
(11,5)
(0,8)
(16,7)
(24,0)
(60,9)
(71,7)
(27,19)
(92,1)
(15,16)
(39,19)
(8,15)
(77,6)
(80,2)
(95,15)
(11,4)
(27,4)
(89,5)
(51,5)
(52,11)
(83,10)
(97,8)
(74,8)
(44,2)
(71,5)
(8,11)
(56,9)
(13,6)
(88,5)
(76,16)
(87,12)
(82,6)
(59,10)
(53,17)
(37,14)
(25,5)
(24,15)
(87,0)
(60,8)
(41,10)
(1,11)
(19,6)
(31,7)
(56,19)
(44,6)
(80,8)
(80,14)
(73,9)
(19,17)
(29,9)
(99,3)
(58,12)
(90,16)
(35,19)
(89,8)
(39,16)
(44,10)
(39,10)
(16,1)
(77,5)
(85,7)
(8,4)
(97,18)
(55,18)
(35,17)
(2,8)
(89,6)
(26,7)
(98,10)
(25,16)
(12,9)
(10,13)
(84,15)
(99,1)
(0,14)
(49,3)
(7,12)
(40,6)
(63,1)
(89,9)
(41,18)
(57,2)
(18,1)
(35,10)
(55,7)
(15,19)
(84,11)
(31,15)
(55,12)
(25,19)
(76,15)
(55,8)
(24,3)
(88,9)
(87,5)
(76,19)
(7,16)
(68,12)
(9,12)
(35,11)
(14,14)
(31,18)
(2,11)
(28,1)
(78,12)
(30,18)
(59,8)
(92,17)
(45,10)
(67,5)
(31,12)
(32,9)
(65,15)
(26,12)
(6,14)
(42,8)
(49,9)
(17,14)
(30,2)
(33,15)
(71,4)
(31,13)
(95,4)
(17,13)
(28,12)
(62,9)
(35,2)
(10,10)
(12,12)
(65,11)
(79,2)
(18,5)
(81,6)
(6,10)
(10,12)
(0,15)
(97,19)
(51,12)
(15,7)
(69,11)
(56,8)
(30,0)
(24,2)
(87,17)
(87,3)
(52,1)
(58,11)
(88,3)
(86,3)
(96,10)
(37,16)
(48,8)
(62,14)
(43,3)
(85,15)
(13,13)
(76,2)
(36,12)
(3,0)
(58,6)
(67,1)
(86,5)
(76,18)
(29,17)
(83,3)
(72,17)
(75,12)
(7,7)
(97,15)
(56,16)
(6,16)
(87,18)
(65,16)
(77,14)
(61,14)
(95,10)
(22,11)
(53,13)
(65,8)
(14,17)
(60,12)
(42,14)
(31,8)
(47,3)
(56,15)
(90,13)
(37,5)
(0,3)
(24,14)
(3,14)
(96,3)
(19,8)
(52,10)
(71,9)
(71,19)
(23,7)
(37,10)
(47,13)
(76,7)
(77,12)
(66,10)
(44,16)
(4,4)
(1,6)
(59,4)
(4,16)
(45,16)
(84,13)
(85,11)
(93,6)
(43,18)
(45,6)
(27,14)
(71,18)
(2,16)
(10,9)
(86,2)
(94,10)
(71,13)
(6,7)
(14,16)
(4,11)
(92,14)
(61,15)
(37,12)
(31,5)
(21,7)
(15,15)
(17,19)
(6,8)
(45,14)
(77,0)
(11,12)
(6,4)
(56,5)
(18,19)
(93,15)
(69,12)
(60,13)
(27,6)
(53,18)
(20,12)
(32,4)
(92,6)
(1,9)
(23,4)
(1,14)
(28,9)
(60,18)
(13,5)
(32,3)
(45,12)
(82,13)
(82,5)
(12,3)
(63,9)
(50,9)
(6,9)
(72,6)
(3,6)
(24,16)
(97,9)
(27,2)
(36,18)
(34,13)
(71,15)
(55,16)
(91,12)
(32,14)
(7,9)
(21,9)
(42,6)
(61,19)
(62,18)
(22,9)
(62,11)
(85,4)
(50,16)
(75,8)
(82,16)
(20,19)
(73,12)
(52,12)
(93,9)
(80,15)
(59,16)
(98,17)
(2,14)
(25,15)
(74,0)
(7,11)
(0,7)
(4,13)
(1,17)
(96,19)
(59,2)
(96,13)
(42,10)
(4,15)
(81,12)
(51,17)
(47,4)
(26,10)
(30,15)
(20,1)
(49,4)
(21,5)
(96,18)
(45,18)
(18,10)
(99,15)
(52,14)
(9,7)
(77,17)
(58,19)
(74,7)
(87,13)
(23,16)
(44,15)
(72,18)
(25,18)
(48,4)
(28,11)
(63,13)
(80,6)
(51,16)
(79,15)
(30,7)
(88,7)
(9,9)
(19,1)
(22,2)
(34,17)
(18,16)
(13,19)
(34,6)
(45,19)
(47,2)
(81,2)
(58,18)
(46,14)
(6,13)
(11,2)
(24,13)
(83,16)
(90,18)
(60,7)
(94,9)
(86,11)
(21,3)
(53,4)
(67,10)
(26,2)
(99,17)
(93,0)
(80,12)
(30,9)
(42,17)
(32,10)
(15,12)
(83,4)
(73,11)
(81,3)
(30,8)
(89,19)
(57,0)
(17,10)
(9,19)
(80,17)
(82,15)
(58,13)
(62,12)
(24,7)
(47,11)
(74,2)
(31,1)
(47,6)
(27,16)
(3,8)
(18,6)
(43,15)
(95,17)
(36,4)
(16,14)
(90,14)
(48,14)
(50,5)
(24,12)
(33,17)
(69,8)
(80,18)
(39,14)
(89,15)
(21,11)
(38,19)
(70,9)
(32,18)
(86,17)
(36,14)
(75,4)
(36,5)
(25,17)
(36,6)
(89,18)
(81,11)
(49,16)
(9,6)
(26,4)
(51,2)
(0,4)
(3,11)
(59,15)
(25,10)
(99,5)
(74,13)
(15,17)
(9,18)
(99,14)
(79,10)
(51,9)
(94,14)
(96,7)
(23,13)
(74,5)
(78,19)
(16,3)
(83,18)
(13,1)
(41,16)
(12,10)
(58,4)
(10,5)
(11,17)
(12,8)
(96,6)
(20,8)
(23,14)
(73,3)
(3,18)
(86,9)
(47,5)
(38,14)
(0,18)
(39,17)
(78,6)
(23,19)
(58,16)
(66,18)
(55,3)
(3,19)
(17,9)
(41,3)
(34,11)
(6,2)
(10,16)
(77,13)
(23,17)
(94,13)
(74,15)
(11,14)
(4,17)
(78,8)
(27,12)
(47,16)
(7,19)
(48,6)
(33,13)
(74,4)
(30,13)
(41,17)
(60,17)
(33,1)
(95,18)
(81,5)
(36,19)
(17,11)
(66,11)
(97,16)
(70,7)
(23,18)
(37,15)
(25,13)
(34,0)
(11,3)
(22,5)
(78,3)
(17,15)
(44,19)
(79,19)
(83,11)
(22,18)
(26,5)
(58,14)
(10,14)
(97,11)
(77,19)
(46,19)
(59,18)
(43,11)
(48,17)
(40,13)
(67,6)
(70,10)
(27,5)
(7,18)
(95,14)
(92,8)
(41,15)
(69,17)
(16,12)
(30,10)
(16,8)
(28,13)
(97,13)
(84,8)
(48,11)
(35,13)
(78,5)
(42,11)
(49,15)
(85,8)
(69,18)
(33,4)
(76,6)
(79,6)
(99,8)
(54,14)
(0,16)
(47,15)
(44,18)
(20,16)
(44,8)
(51,19)
(12,13)
(54,18)
(46,13)
(84,12)
(34,18)
(39,13)
(22,10)
(92,9)
(97,12)
(54,19)
(28,8)
(46,7)
(49,13)
(12,0)
(52,17)
(98,14)
(10,17)
(60,15)
(38,18)
(33,5)
(15,5)
(58,10)
(54,15)
(48,18)
(62,16)
(26,11)
(96,4)
(54,8)
(99,18)
(99,12)
(85,17)
(59,9)
(92,10)
(34,12)
(34,3)
(95,2)
(59,13)
(10,19)
(85,9)
(67,14)
(26,15)
(59,17)
(10,11)
(38,6)
(15,18)
(78,15)
(52,13)
(16,10)
(79,5)
(19,18)
(41,2)
(78,9)
(45,11)
(81,17)
(69,19)
(39,15)
(96,9)
(13,9)
(93,11)
(88,15)
(78,13)
(34,8)
(19,14)
(93,19)
(44,17)
(8,19)
(83,13)
(54,6)
(8,3)
(59,5)
(40,19)
(62,3)
(85,12)
(49,7)
(2,10)
(32,17)
(98,9)
(43,16)
(47,8)
(67,4)
(22,15)
(31,16)
(56,10)
(83,17)
(28,10)
(49,18)
(67,15)
(12,15)
(27,17)
(79,3)
(40,16)
(49,14)
(59,14)
(44,14)
(79,18)
(84,18)
(70,3)
(11,9)
(76,11)
(11,8)
(11,11)
(54,9)
(70,18)
(2,13)
(18,17)
(20,18)
(57,6)
(40,10)
(78,17)
(66,2)
(28,5)
(66,6)
(84,10)
(57,9)
(2,7)
