200 Users
48 Files
3500 Transactions
2 Maximum Connections
1 Cycle Length per Upload-Download
0 Warm-up Transactions
0.400000 Zipf constant
5 Pre-Trusted Users
120 Well-Behaved (Good) Users
80 Purely Malicious Users
0 Feedback Skewing Users
0 Malignant Providing Users
0 Disguised Malicous Users
0 Sybil Attack Users
true Intelligent Trans. Generation
1561012720250 Trace Generation Seed

(0.034955,0.000000,1,false)
(0.054879,0.000000,1,false)
(0.066027,0.000000,1,false)
(0.078938,0.000000,1,false)
(0.096636,0.000000,1,false)
(0.026241,0.000000,1,false)
(0.004338,0.000000,1,false)
(0.059566,0.000000,1,false)
(0.093853,0.000000,1,false)
(0.068901,0.000000,1,false)
(0.006944,0.000000,1,false)
(0.073744,0.000000,1,false)
(0.078798,0.000000,1,false)
(0.020408,0.000000,1,false)
(0.045196,0.000000,1,false)
(0.054723,0.000000,1,false)
(0.002516,0.000000,1,false)
(0.006384,0.000000,1,false)
(0.040101,0.000000,1,false)
(0.034431,0.000000,1,false)
(0.027504,0.000000,1,false)
(0.021365,0.000000,1,false)
(0.062666,0.000000,1,false)
(0.084932,0.000000,1,false)
(0.000108,0.000000,1,false)
(0.097104,0.000000,1,false)
(0.048801,0.000000,1,false)
(0.056282,0.000000,1,false)
(0.089722,0.000000,1,false)
(0.074645,0.000000,1,false)
(0.034256,0.000000,1,false)
(0.093112,0.000000,1,false)
(0.062011,0.000000,1,false)
(0.073101,0.000000,1,false)
(0.014367,0.000000,1,false)
(0.090527,0.000000,1,false)
(0.016791,0.000000,1,false)
(0.052867,0.000000,1,false)
(0.085859,0.000000,1,false)
(0.006239,0.000000,1,false)
(0.087679,0.000000,1,false)
(0.003923,0.000000,1,false)
(0.033487,0.000000,1,false)
(0.080327,0.000000,1,false)
(0.070269,0.000000,1,false)
(0.050893,0.000000,1,false)
(0.083008,0.000000,1,false)
(0.026613,0.000000,1,false)
(0.018335,0.000000,1,false)
(0.055701,0.000000,1,false)
(0.053790,0.000000,1,false)
(0.050384,0.000000,1,false)
(0.023449,0.000000,1,false)
(0.015953,0.000000,1,false)
(0.009296,0.000000,1,false)
(0.015996,0.000000,1,false)
(0.072396,0.000000,1,false)
(0.002571,0.000000,1,false)
(0.021767,0.000000,1,false)
(0.034929,0.000000,1,false)
(0.058917,0.000000,1,false)
(0.053751,0.000000,1,false)
(0.038594,0.000000,1,false)
(0.069895,0.000000,1,false)
(0.011523,0.000000,1,false)
(0.043970,0.000000,1,false)
(0.062205,0.000000,1,false)
(0.053870,0.000000,1,false)
(0.087563,0.000000,1,false)
(0.076567,0.000000,1,false)
(0.032726,0.000000,1,false)
(0.004256,0.000000,1,false)
(0.075175,0.000000,1,false)
(0.006302,0.000000,1,false)
(0.033251,0.000000,1,false)
(0.071841,0.000000,1,false)
(0.039413,0.000000,1,false)
(0.084377,0.000000,1,false)
(0.021219,0.000000,1,false)
(0.001831,0.000000,1,false)
(0.953420,1.000000,0,true)
(0.967489,1.000000,0,true)
(0.973735,1.000000,0,true)
(0.900046,1.000000,0,true)
(0.998307,1.000000,0,true)
(0.905000,1.000000,0,false)
(0.955214,1.000000,0,false)
(0.909520,1.000000,0,false)
(0.962016,1.000000,0,false)
(0.911943,1.000000,0,false)
(0.995406,1.000000,0,false)
(0.975025,1.000000,0,false)
(0.995501,1.000000,0,false)
(0.935709,1.000000,0,false)
(0.930826,1.000000,0,false)
(0.949312,1.000000,0,false)
(0.991909,1.000000,0,false)
(0.963168,1.000000,0,false)
(0.999596,1.000000,0,false)
(0.924265,1.000000,0,false)
(0.920520,1.000000,0,false)
(0.937604,1.000000,0,false)
(0.998976,1.000000,0,false)
(0.925459,1.000000,0,false)
(0.950419,1.000000,0,false)
(0.934497,1.000000,0,false)
(0.986278,1.000000,0,false)
(0.938495,1.000000,0,false)
(0.958098,1.000000,0,false)
(0.902924,1.000000,0,false)
(0.937626,1.000000,0,false)
(0.976551,1.000000,0,false)
(0.990417,1.000000,0,false)
(0.940168,1.000000,0,false)
(0.917183,1.000000,0,false)
(0.957881,1.000000,0,false)
(0.928483,1.000000,0,false)
(0.999861,1.000000,0,false)
(0.994546,1.000000,0,false)
(0.943134,1.000000,0,false)
(0.968985,1.000000,0,false)
(0.938543,1.000000,0,false)
(0.979931,1.000000,0,false)
(0.985389,1.000000,0,false)
(0.907413,1.000000,0,false)
(0.982039,1.000000,0,false)
(0.925587,1.000000,0,false)
(0.970722,1.000000,0,false)
(0.972337,1.000000,0,false)
(0.941328,1.000000,0,false)
(0.967543,1.000000,0,false)
(0.973876,1.000000,0,false)
(0.921510,1.000000,0,false)
(0.927856,1.000000,0,false)
(0.954388,1.000000,0,false)
(0.922275,1.000000,0,false)
(0.969105,1.000000,0,false)
(0.910291,1.000000,0,false)
(0.929174,1.000000,0,false)
(0.952140,1.000000,0,false)
(0.968723,1.000000,0,false)
(0.918696,1.000000,0,false)
(0.996868,1.000000,0,false)
(0.952875,1.000000,0,false)
(0.929086,1.000000,0,false)
(0.937958,1.000000,0,false)
(0.922957,1.000000,0,false)
(0.930160,1.000000,0,false)
(0.988423,1.000000,0,false)
(0.939978,1.000000,0,false)
(0.968866,1.000000,0,false)
(0.974344,1.000000,0,false)
(0.919584,1.000000,0,false)
(0.983771,1.000000,0,false)
(0.976784,1.000000,0,false)
(0.998767,1.000000,0,false)
(0.980757,1.000000,0,false)
(0.964043,1.000000,0,false)
(0.970295,1.000000,0,false)
(0.912525,1.000000,0,false)
(0.966435,1.000000,0,false)
(0.912190,1.000000,0,false)
(0.937912,1.000000,0,false)
(0.913978,1.000000,0,false)
(0.949878,1.000000,0,false)
(0.948848,1.000000,0,false)
(0.914151,1.000000,0,false)
(0.934970,1.000000,0,false)
(0.941836,1.000000,0,false)
(0.954233,1.000000,0,false)
(0.967228,1.000000,0,false)
(0.931217,1.000000,0,false)
(0.920647,1.000000,0,false)
(0.961467,1.000000,0,false)
(0.943761,1.000000,0,false)
(0.901767,1.000000,0,false)
(0.916083,1.000000,0,false)
(0.988927,1.000000,0,false)
(0.909058,1.000000,0,false)
(0.929680,1.000000,0,false)
(0.953434,1.000000,0,false)
(0.910367,1.000000,0,false)
(0.956609,1.000000,0,false)
(0.967240,1.000000,0,false)
(0.985326,1.000000,0,false)
(0.916158,1.000000,0,false)
(0.942357,1.000000,0,false)
(0.942054,1.000000,0,false)
(0.956610,1.000000,0,false)
(0.945453,1.000000,0,false)
(0.928110,1.000000,0,false)
(0.935252,1.000000,0,false)
(0.962457,1.000000,0,false)
(0.967412,1.000000,0,false)
(0.994153,1.000000,0,false)
(0.979841,1.000000,0,false)
(0.971352,1.000000,0,false)
(0.959869,1.000000,0,false)
(0.903684,1.000000,0,false)
(0.945855,1.000000,0,false)

(0,0,false)
(1,0,false)
(2,0,false)
(3,0,false)
(4,0,false)
(5,0,false)
(6,0,false)
(10,0,false)
(11,0,false)
(12,0,false)
(14,0,false)
(15,0,false)
(17,0,false)
(18,0,false)
(19,0,false)
(21,0,false)
(22,0,false)
(23,0,false)
(25,0,false)
(28,0,false)
(29,0,false)
(30,0,false)
(31,0,false)
(32,0,false)
(33,0,false)
(34,0,false)
(35,0,false)
(37,0,false)
(38,0,true)
(40,0,true)
(42,0,false)
(43,0,false)
(46,0,false)
(48,0,false)
(49,0,false)
(50,0,false)
(51,0,false)
(53,0,false)
(54,0,false)
(55,0,false)
(58,0,false)
(59,0,false)
(61,0,false)
(62,0,false)
(63,0,false)
(64,0,false)
(65,0,false)
(66,0,false)
(67,0,false)
(68,0,false)
(70,0,false)
(71,0,false)
(72,0,false)
(74,0,false)
(75,0,false)
(78,0,false)
(79,0,false)
(82,0,false)
(83,0,true)
(84,0,true)
(85,0,true)
(86,0,true)
(87,0,true)
(88,0,true)
(89,0,true)
(90,0,true)
(91,0,true)
(93,0,true)
(94,0,true)
(97,0,true)
(99,0,true)
(100,0,true)
(101,0,true)
(104,0,true)
(105,0,true)
(107,0,true)
(108,0,true)
(109,0,true)
(110,0,true)
(111,0,true)
(112,0,true)
(113,0,true)
(114,0,true)
(115,0,true)
(116,0,true)
(117,0,true)
(118,0,true)
(119,0,true)
(120,0,true)
(125,0,true)
(126,0,true)
(127,0,true)
(128,0,true)
(130,0,true)
(131,0,false)
(134,0,false)
(135,0,true)
(136,0,true)
(137,0,false)
(139,0,true)
(140,0,true)
(142,0,true)
(143,0,true)
(145,0,true)
(146,0,true)
(147,0,true)
(148,0,true)
(150,0,true)
(152,0,true)
(154,0,true)
(155,0,true)
(156,0,true)
(157,0,true)
(159,0,false)
(160,0,true)
(162,0,true)
(163,0,true)
(164,0,true)
(165,0,true)
(166,0,true)
(167,0,true)
(168,0,true)
(169,0,true)
(170,0,true)
(171,0,true)
(173,0,true)
(176,0,true)
(177,0,true)
(179,0,true)
(180,0,true)
(181,0,true)
(183,0,true)
(184,0,true)
(185,0,true)
(186,0,true)
(187,0,true)
(188,0,true)
(189,0,true)
(190,0,true)
(193,0,true)
(196,0,true)
(197,0,true)
(198,0,true)
(0,1,false)
(2,1,false)
(4,1,false)
(5,1,false)
(8,1,true)
(9,1,false)
(11,1,false)
(12,1,false)
(13,1,false)
(14,1,false)
(15,1,false)
(18,1,false)
(19,1,false)
(20,1,false)
(21,1,false)
(22,1,false)
(23,1,false)
(25,1,false)
(27,1,true)
(28,1,false)
(31,1,false)
(33,1,false)
(34,1,false)
(35,1,false)
(36,1,false)
(39,1,false)
(41,1,false)
(43,1,false)
(44,1,false)
(45,1,false)
(46,1,false)
(47,1,false)
(51,1,false)
(53,1,false)
(54,1,false)
(55,1,false)
(56,1,false)
(57,1,false)
(59,1,false)
(60,1,false)
(61,1,false)
(62,1,false)
(63,1,false)
(65,1,false)
(67,1,true)
(73,1,false)
(74,1,false)
(76,1,false)
(77,1,false)
(78,1,false)
(79,1,false)
(80,1,true)
(81,1,true)
(82,1,true)
(83,1,true)
(84,1,true)
(85,1,true)
(86,1,true)
(87,1,true)
(92,1,true)
(95,1,true)
(96,1,true)
(97,1,true)
(98,1,true)
(99,1,true)
(100,1,true)
(101,1,true)
(102,1,true)
(104,1,true)
(105,1,true)
(107,1,true)
(110,1,true)
(111,1,true)
(112,1,true)
(113,1,true)
(114,1,true)
(115,1,true)
(118,1,true)
(120,1,true)
(121,1,true)
(123,1,true)
(124,1,true)
(125,1,true)
(128,1,true)
(129,1,true)
(131,1,true)
(132,1,true)
(133,1,true)
(136,1,true)
(138,1,true)
(140,1,true)
(141,1,true)
(143,1,true)
(148,1,true)
(149,1,true)
(150,1,true)
(154,1,true)
(157,1,true)
(158,1,true)
(159,1,true)
(161,1,true)
(162,1,true)
(163,1,true)
(164,1,true)
(165,1,true)
(167,1,true)
(168,1,true)
(169,1,true)
(172,1,true)
(174,1,true)
(177,1,true)
(178,1,true)
(180,1,true)
(182,1,true)
(183,1,true)
(184,1,true)
(185,1,true)
(186,1,true)
(187,1,false)
(188,1,true)
(189,1,true)
(194,1,true)
(195,1,true)
(197,1,true)
(198,1,true)
(0,2,false)
(1,2,false)
(2,2,false)
(6,2,false)
(7,2,false)
(8,2,false)
(11,2,true)
(13,2,false)
(14,2,false)
(15,2,false)
(17,2,false)
(18,2,false)
(19,2,false)
(20,2,false)
(22,2,false)
(23,2,false)
(24,2,false)
(27,2,false)
(28,2,false)
(29,2,false)
(30,2,false)
(33,2,false)
(34,2,false)
(35,2,true)
(36,2,false)
(37,2,false)
(38,2,false)
(39,2,false)
(40,2,false)
(42,2,false)
(43,2,false)
(44,2,false)
(45,2,false)
(46,2,false)
(48,2,false)
(49,2,false)
(50,2,false)
(51,2,false)
(54,2,false)
(55,2,false)
(59,2,false)
(60,2,false)
(61,2,false)
(62,2,false)
(66,2,false)
(67,2,false)
(71,2,false)
(72,2,false)
(74,2,false)
(76,2,false)
(78,2,false)
(80,2,true)
(81,2,true)
(85,2,true)
(88,2,true)
(91,2,true)
(93,2,true)
(94,2,true)
(95,2,true)
(98,2,true)
(100,2,true)
(101,2,true)
(102,2,true)
(104,2,true)
(106,2,true)
(107,2,true)
(108,2,true)
(109,2,true)
(110,2,true)
(111,2,true)
(112,2,true)
(116,2,true)
(118,2,true)
(119,2,true)
(121,2,true)
(123,2,true)
(124,2,true)
(125,2,true)
(126,2,true)
(128,2,true)
(129,2,true)
(131,2,true)
(132,2,true)
(133,2,true)
(135,2,true)
(136,2,true)
(137,2,true)
(138,2,true)
(140,2,true)
(143,2,true)
(144,2,true)
(145,2,true)
(147,2,true)
(149,2,true)
(150,2,true)
(151,2,true)
(153,2,true)
(157,2,true)
(160,2,true)
(161,2,true)
(162,2,true)
(163,2,true)
(164,2,false)
(168,2,true)
(171,2,true)
(175,2,true)
(176,2,true)
(177,2,true)
(178,2,true)
(180,2,true)
(181,2,true)
(184,2,true)
(186,2,true)
(187,2,true)
(189,2,true)
(190,2,false)
(191,2,true)
(194,2,true)
(195,2,true)
(196,2,true)
(199,2,true)
(3,3,false)
(4,3,false)
(7,3,false)
(8,3,false)
(9,3,false)
(10,3,false)
(11,3,false)
(12,3,false)
(13,3,false)
(14,3,false)
(15,3,false)
(18,3,false)
(19,3,false)
(20,3,false)
(21,3,false)
(22,3,false)
(23,3,false)
(24,3,false)
(27,3,false)
(28,3,false)
(30,3,false)
(31,3,true)
(32,3,false)
(33,3,false)
(34,3,false)
(35,3,false)
(36,3,false)
(39,3,false)
(40,3,false)
(41,3,false)
(43,3,false)
(45,3,false)
(48,3,false)
(49,3,true)
(51,3,false)
(52,3,false)
(54,3,false)
(55,3,false)
(57,3,false)
(58,3,false)
(59,3,false)
(61,3,false)
(63,3,false)
(65,3,false)
(66,3,true)
(67,3,false)
(68,3,false)
(70,3,false)
(71,3,false)
(73,3,false)
(75,3,false)
(76,3,false)
(87,3,true)
(88,3,true)
(89,3,true)
(90,3,true)
(91,3,true)
(92,3,true)
(93,3,false)
(96,3,true)
(100,3,true)
(102,3,true)
(105,3,true)
(106,3,true)
(109,3,true)
(110,3,true)
(111,3,true)
(112,3,true)
(113,3,true)
(114,3,true)
(118,3,true)
(120,3,true)
(124,3,true)
(125,3,true)
(128,3,true)
(129,3,true)
(131,3,true)
(132,3,true)
(133,3,true)
(134,3,true)
(135,3,true)
(136,3,true)
(140,3,false)
(142,3,true)
(143,3,true)
(144,3,true)
(146,3,true)
(150,3,true)
(153,3,true)
(154,3,true)
(155,3,true)
(160,3,true)
(162,3,true)
(166,3,true)
(167,3,true)
(168,3,true)
(169,3,true)
(170,3,true)
(171,3,true)
(172,3,false)
(173,3,true)
(174,3,true)
(176,3,true)
(181,3,false)
(182,3,true)
(185,3,true)
(186,3,true)
(187,3,true)
(189,3,true)
(190,3,true)
(191,3,true)
(195,3,true)
(196,3,true)
(198,3,true)
(4,4,false)
(5,4,false)
(7,4,false)
(8,4,false)
(10,4,false)
(12,4,true)
(16,4,false)
(17,4,false)
(18,4,false)
(21,4,false)
(22,4,true)
(26,4,false)
(27,4,false)
(30,4,false)
(31,4,false)
(33,4,false)
(35,4,false)
(36,4,false)
(39,4,false)
(40,4,false)
(42,4,false)
(45,4,false)
(46,4,false)
(47,4,false)
(49,4,false)
(51,4,false)
(53,4,false)
(54,4,false)
(56,4,false)
(57,4,false)
(58,4,false)
(59,4,false)
(61,4,false)
(62,4,false)
(63,4,false)
(65,4,false)
(68,4,false)
(69,4,false)
(71,4,false)
(72,4,false)
(74,4,false)
(76,4,false)
(80,4,true)
(81,4,true)
(90,4,true)
(92,4,true)
(93,4,true)
(95,4,true)
(96,4,true)
(97,4,true)
(99,4,true)
(101,4,true)
(102,4,true)
(103,4,true)
(104,4,true)
(106,4,true)
(109,4,true)
(116,4,true)
(119,4,true)
(120,4,true)
(128,4,true)
(130,4,true)
(132,4,true)
(135,4,true)
(136,4,true)
(139,4,true)
(140,4,true)
(141,4,true)
(142,4,true)
(144,4,true)
(146,4,false)
(147,4,true)
(149,4,true)
(150,4,true)
(153,4,true)
(154,4,true)
(155,4,true)
(157,4,true)
(158,4,false)
(159,4,true)
(161,4,true)
(162,4,true)
(163,4,false)
(165,4,true)
(169,4,true)
(171,4,true)
(177,4,true)
(184,4,true)
(186,4,true)
(187,4,true)
(188,4,true)
(191,4,true)
(192,4,true)
(199,4,true)
(1,5,false)
(9,5,false)
(10,5,false)
(13,5,false)
(14,5,false)
(15,5,false)
(18,5,false)
(20,5,false)
(21,5,false)
(22,5,false)
(23,5,false)
(24,5,false)
(25,5,false)
(27,5,false)
(29,5,false)
(30,5,false)
(37,5,false)
(42,5,false)
(43,5,false)
(46,5,false)
(47,5,false)
(49,5,false)
(50,5,false)
(53,5,false)
(55,5,false)
(59,5,false)
(61,5,false)
(62,5,false)
(63,5,false)
(64,5,false)
(67,5,false)
(77,5,false)
(78,5,false)
(94,5,true)
(98,5,true)
(105,5,true)
(109,5,true)
(111,5,true)
(113,5,true)
(114,5,true)
(116,5,true)
(118,5,true)
(121,5,true)
(122,5,true)
(123,5,true)
(124,5,true)
(129,5,true)
(131,5,true)
(134,5,true)
(138,5,true)
(140,5,true)
(141,5,true)
(144,5,true)
(145,5,true)
(146,5,true)
(147,5,true)
(151,5,true)
(152,5,true)
(154,5,true)
(157,5,true)
(159,5,true)
(160,5,true)
(164,5,true)
(167,5,true)
(170,5,true)
(173,5,true)
(174,5,true)
(179,5,true)
(182,5,true)
(183,5,false)
(184,5,true)
(186,5,true)
(187,5,true)
(188,5,true)
(191,5,true)
(193,5,true)
(194,5,true)
(196,5,true)
(197,5,true)
(199,5,true)
(1,6,false)
(2,6,false)
(3,6,false)
(4,6,false)
(6,6,false)
(7,6,false)
(8,6,false)
(10,6,false)
(12,6,false)
(13,6,false)
(18,6,false)
(19,6,false)
(20,6,false)
(22,6,false)
(24,6,false)
(27,6,false)
(33,6,false)
(34,6,false)
(35,6,false)
(36,6,false)
(37,6,false)
(38,6,false)
(40,6,false)
(41,6,false)
(42,6,false)
(45,6,false)
(46,6,false)
(47,6,false)
(48,6,false)
(50,6,false)
(53,6,false)
(61,6,false)
(63,6,false)
(65,6,false)
(66,6,false)
(70,6,false)
(74,6,false)
(79,6,false)
(83,6,true)
(84,6,true)
(85,6,false)
(88,6,true)
(90,6,true)
(94,6,true)
(96,6,true)
(100,6,true)
(101,6,true)
(102,6,true)
(104,6,true)
(105,6,true)
(106,6,true)
(107,6,true)
(109,6,true)
(113,6,true)
(115,6,true)
(120,6,true)
(123,6,true)
(124,6,false)
(126,6,true)
(128,6,true)
(129,6,true)
(131,6,true)
(134,6,true)
(143,6,true)
(146,6,true)
(147,6,true)
(148,6,true)
(150,6,true)
(151,6,true)
(159,6,true)
(160,6,true)
(162,6,true)
(163,6,true)
(164,6,true)
(165,6,false)
(167,6,true)
(168,6,true)
(169,6,true)
(172,6,true)
(173,6,true)
(174,6,false)
(180,6,false)
(181,6,true)
(182,6,true)
(183,6,true)
(184,6,true)
(185,6,true)
(187,6,true)
(190,6,true)
(192,6,true)
(194,6,true)
(4,7,false)
(5,7,false)
(7,7,false)
(8,7,false)
(12,7,false)
(16,7,false)
(17,7,false)
(18,7,false)
(22,7,false)
(28,7,true)
(30,7,false)
(31,7,false)
(34,7,false)
(35,7,true)
(38,7,false)
(39,7,false)
(41,7,false)
(48,7,false)
(52,7,false)
(54,7,false)
(56,7,false)
(59,7,false)
(61,7,false)
(64,7,false)
(65,7,false)
(67,7,false)
(70,7,false)
(76,7,false)
(78,7,false)
(80,7,true)
(82,7,true)
(83,7,true)
(84,7,true)
(87,7,true)
(89,7,true)
(91,7,true)
(92,7,true)
(96,7,true)
(99,7,true)
(100,7,true)
(101,7,true)
(102,7,true)
(104,7,true)
(106,7,true)
(109,7,true)
(110,7,true)
(113,7,false)
(114,7,true)
(116,7,true)
(121,7,true)
(124,7,true)
(125,7,true)
(129,7,true)
(130,7,true)
(133,7,true)
(134,7,true)
(138,7,true)
(139,7,true)
(145,7,false)
(147,7,true)
(149,7,true)
(151,7,true)
(152,7,true)
(153,7,true)
(158,7,true)
(159,7,true)
(161,7,true)
(162,7,true)
(163,7,true)
(164,7,false)
(165,7,true)
(166,7,true)
(171,7,true)
(181,7,true)
(187,7,false)
(188,7,true)
(189,7,true)
(191,7,true)
(196,7,true)
(0,8,false)
(3,8,false)
(5,8,false)
(6,8,false)
(7,8,true)
(8,8,false)
(9,8,false)
(10,8,false)
(11,8,false)
(14,8,false)
(16,8,false)
(22,8,true)
(23,8,true)
(24,8,false)
(27,8,false)
(29,8,false)
(30,8,false)
(32,8,false)
(35,8,true)
(36,8,false)
(39,8,false)
(40,8,false)
(41,8,false)
(44,8,false)
(47,8,false)
(54,8,false)
(55,8,false)
(56,8,false)
(59,8,false)
(60,8,false)
(63,8,false)
(66,8,false)
(69,8,false)
(74,8,false)
(75,8,false)
(83,8,true)
(87,8,true)
(88,8,false)
(91,8,true)
(94,8,false)
(95,8,true)
(97,8,true)
(98,8,true)
(100,8,true)
(101,8,true)
(103,8,true)
(104,8,true)
(107,8,true)
(111,8,true)
(113,8,true)
(118,8,true)
(119,8,true)
(120,8,true)
(121,8,true)
(125,8,true)
(126,8,true)
(129,8,true)
(131,8,true)
(135,8,true)
(137,8,true)
(138,8,true)
(140,8,true)
(143,8,true)
(145,8,true)
(146,8,true)
(148,8,true)
(152,8,true)
(154,8,true)
(156,8,true)
(159,8,true)
(160,8,true)
(161,8,true)
(166,8,false)
(167,8,true)
(170,8,true)
(172,8,true)
(173,8,true)
(176,8,false)
(178,8,true)
(179,8,true)
(184,8,true)
(185,8,true)
(188,8,true)
(189,8,true)
(194,8,true)
(197,8,true)
(199,8,true)
(0,9,false)
(4,9,false)
(9,9,false)
(12,9,false)
(13,9,false)
(14,9,false)
(21,9,false)
(26,9,true)
(28,9,false)
(29,9,false)
(31,9,false)
(33,9,false)
(36,9,false)
(37,9,false)
(40,9,false)
(41,9,false)
(43,9,false)
(47,9,false)
(48,9,false)
(53,9,false)
(60,9,false)
(63,9,false)
(66,9,false)
(67,9,false)
(72,9,false)
(76,9,false)
(80,9,true)
(83,9,true)
(84,9,true)
(86,9,true)
(94,9,true)
(95,9,false)
(97,9,true)
(98,9,true)
(99,9,true)
(100,9,true)
(101,9,true)
(105,9,true)
(114,9,true)
(115,9,true)
(121,9,true)
(124,9,false)
(125,9,true)
(126,9,true)
(128,9,true)
(131,9,true)
(136,9,true)
(138,9,true)
(139,9,false)
(140,9,true)
(141,9,true)
(144,9,true)
(146,9,true)
(149,9,true)
(150,9,true)
(151,9,true)
(154,9,true)
(156,9,true)
(157,9,true)
(160,9,true)
(161,9,false)
(165,9,true)
(167,9,true)
(169,9,true)
(176,9,true)
(177,9,true)
(179,9,false)
(189,9,true)
(190,9,true)
(191,9,true)
(0,10,false)
(1,10,false)
(2,10,false)
(6,10,false)
(7,10,false)
(8,10,false)
(10,10,false)
(17,10,false)
(19,10,false)
(21,10,false)
(27,10,false)
(30,10,false)
(31,10,false)
(36,10,false)
(37,10,false)
(38,10,false)
(39,10,false)
(45,10,false)
(47,10,false)
(50,10,false)
(56,10,false)
(69,10,false)
(70,10,false)
(71,10,false)
(74,10,false)
(75,10,false)
(76,10,false)
(77,10,false)
(79,10,false)
(80,10,true)
(81,10,true)
(85,10,true)
(86,10,true)
(91,10,true)
(99,10,true)
(100,10,true)
(101,10,true)
(104,10,true)
(105,10,false)
(107,10,false)
(108,10,true)
(109,10,true)
(110,10,true)
(111,10,true)
(117,10,true)
(120,10,true)
(121,10,true)
(122,10,true)
(123,10,true)
(125,10,true)
(126,10,true)
(129,10,true)
(134,10,true)
(144,10,true)
(148,10,true)
(149,10,true)
(150,10,true)
(153,10,true)
(156,10,true)
(157,10,true)
(164,10,true)
(166,10,true)
(167,10,true)
(171,10,true)
(177,10,true)
(180,10,true)
(181,10,true)
(182,10,true)
(188,10,true)
(189,10,true)
(195,10,true)
(198,10,true)
(199,10,true)
(0,11,false)
(2,11,false)
(4,11,false)
(7,11,false)
(12,11,false)
(14,11,false)
(17,11,true)
(21,11,false)
(22,11,false)
(23,11,false)
(24,11,false)
(27,11,false)
(32,11,false)
(34,11,false)
(37,11,true)
(39,11,false)
(43,11,false)
(44,11,false)
(46,11,false)
(50,11,false)
(53,11,false)
(69,11,false)
(71,11,false)
(74,11,false)
(75,11,false)
(76,11,false)
(77,11,false)
(79,11,false)
(80,11,true)
(86,11,true)
(93,11,true)
(95,11,true)
(96,11,true)
(97,11,true)
(98,11,true)
(103,11,true)
(104,11,true)
(117,11,true)
(118,11,true)
(120,11,true)
(126,11,false)
(128,11,true)
(133,11,true)
(141,11,true)
(145,11,true)
(146,11,true)
(147,11,true)
(149,11,true)
(153,11,true)
(155,11,true)
(156,11,true)
(161,11,true)
(171,11,true)
(175,11,true)
(176,11,true)
(184,11,true)
(185,11,true)
(189,11,true)
(190,11,true)
(192,11,true)
(196,11,true)
(0,12,false)
(1,12,false)
(2,12,false)
(8,12,true)
(10,12,false)
(15,12,false)
(19,12,false)
(20,12,false)
(23,12,false)
(26,12,false)
(27,12,false)
(28,12,false)
(32,12,false)
(33,12,false)
(34,12,false)
(37,12,false)
(38,12,false)
(39,12,false)
(45,12,false)
(46,12,false)
(47,12,false)
(48,12,false)
(49,12,false)
(50,12,false)
(57,12,false)
(58,12,false)
(63,12,false)
(64,12,false)
(65,12,true)
(67,12,false)
(68,12,false)
(69,12,false)
(70,12,false)
(72,12,false)
(80,12,true)
(86,12,true)
(88,12,true)
(89,12,true)
(91,12,true)
(94,12,true)
(97,12,true)
(100,12,true)
(106,12,true)
(108,12,true)
(114,12,true)
(129,12,true)
(130,12,true)
(131,12,true)
(132,12,false)
(133,12,true)
(141,12,true)
(142,12,true)
(144,12,true)
(145,12,true)
(146,12,false)
(150,12,true)
(163,12,true)
(164,12,true)
(166,12,true)
(170,12,true)
(174,12,true)
(175,12,true)
(177,12,true)
(182,12,true)
(184,12,true)
(189,12,true)
(190,12,true)
(191,12,true)
(193,12,true)
(194,12,true)
(197,12,true)
(199,12,true)
(8,13,false)
(11,13,false)
(17,13,false)
(23,13,false)
(24,13,false)
(25,13,false)
(27,13,false)
(30,13,false)
(33,13,false)
(34,13,false)
(35,13,false)
(38,13,false)
(39,13,false)
(43,13,false)
(46,13,false)
(49,13,false)
(53,13,false)
(54,13,false)
(55,13,false)
(57,13,false)
(60,13,false)
(62,13,false)
(69,13,false)
(70,13,false)
(72,13,false)
(76,13,false)
(80,13,true)
(82,13,true)
(84,13,true)
(85,13,false)
(86,13,false)
(88,13,true)
(90,13,true)
(91,13,true)
(96,13,true)
(98,13,true)
(99,13,true)
(100,13,true)
(106,13,true)
(108,13,true)
(109,13,true)
(111,13,true)
(118,13,true)
(122,13,true)
(123,13,true)
(125,13,true)
(128,13,true)
(130,13,true)
(131,13,true)
(135,13,false)
(136,13,true)
(137,13,true)
(138,13,true)
(140,13,true)
(141,13,true)
(142,13,true)
(143,13,true)
(144,13,true)
(150,13,true)
(154,13,true)
(161,13,true)
(162,13,true)
(163,13,true)
(170,13,true)
(174,13,true)
(177,13,true)
(178,13,false)
(179,13,true)
(180,13,true)
(182,13,true)
(187,13,true)
(188,13,true)
(189,13,false)
(192,13,true)
(193,13,true)
(194,13,true)
(195,13,true)
(198,13,true)
(1,14,false)
(4,14,false)
(5,14,false)
(6,14,false)
(7,14,false)
(8,14,false)
(13,14,true)
(14,14,false)
(17,14,false)
(21,14,false)
(23,14,false)
(24,14,false)
(25,14,false)
(30,14,false)
(35,14,true)
(38,14,false)
(39,14,false)
(50,14,true)
(52,14,false)
(53,14,false)
(59,14,false)
(63,14,false)
(75,14,false)
(79,14,false)
(81,14,true)
(83,14,true)
(84,14,true)
(85,14,true)
(86,14,true)
(87,14,true)
(89,14,false)
(90,14,true)
(95,14,true)
(97,14,true)
(99,14,true)
(100,14,true)
(111,14,true)
(118,14,true)
(121,14,true)
(132,14,true)
(134,14,true)
(137,14,false)
(138,14,true)
(142,14,true)
(145,14,true)
(147,14,true)
(151,14,true)
(152,14,true)
(156,14,true)
(158,14,true)
(159,14,true)
(160,14,true)
(161,14,true)
(162,14,true)
(165,14,true)
(167,14,true)
(175,14,true)
(176,14,true)
(184,14,true)
(185,14,true)
(188,14,true)
(193,14,true)
(194,14,true)
(198,14,true)
(1,15,false)
(2,15,false)
(4,15,false)
(5,15,false)
(7,15,false)
(9,15,true)
(11,15,false)
(13,15,false)
(15,15,false)
(17,15,false)
(26,15,false)
(27,15,false)
(29,15,false)
(31,15,false)
(32,15,false)
(34,15,false)
(37,15,false)
(43,15,false)
(49,15,false)
(50,15,false)
(52,15,false)
(53,15,false)
(58,15,false)
(59,15,false)
(64,15,false)
(66,15,false)
(69,15,false)
(70,15,false)
(73,15,false)
(79,15,false)
(80,15,true)
(89,15,true)
(91,15,true)
(93,15,true)
(94,15,true)
(95,15,true)
(96,15,true)
(101,15,true)
(103,15,true)
(107,15,true)
(112,15,true)
(113,15,true)
(116,15,true)
(125,15,true)
(126,15,true)
(128,15,true)
(132,15,true)
(133,15,true)
(136,15,true)
(137,15,true)
(138,15,true)
(140,15,true)
(146,15,true)
(150,15,true)
(151,15,true)
(154,15,true)
(157,15,false)
(163,15,true)
(164,15,true)
(166,15,true)
(175,15,true)
(176,15,true)
(178,15,true)
(179,15,true)
(181,15,true)
(186,15,true)
(188,15,true)
(190,15,true)
(195,15,true)
(7,16,false)
(10,16,false)
(13,16,false)
(18,16,false)
(24,16,false)
(30,16,false)
(31,16,false)
(32,16,false)
(41,16,false)
(48,16,false)
(50,16,false)
(53,16,false)
(61,16,false)
(65,16,false)
(68,16,false)
(71,16,false)
(73,16,false)
(74,16,false)
(78,16,false)
(81,16,true)
(83,16,true)
(87,16,true)
(89,16,true)
(95,16,true)
(96,16,true)
(99,16,true)
(111,16,true)
(112,16,true)
(114,16,true)
(121,16,true)
(122,16,true)
(126,16,true)
(127,16,true)
(128,16,true)
(131,16,true)
(133,16,true)
(134,16,true)
(135,16,true)
(136,16,true)
(144,16,true)
(146,16,true)
(147,16,true)
(148,16,true)
(155,16,true)
(158,16,true)
(160,16,true)
(166,16,true)
(167,16,false)
(170,16,true)
(183,16,true)
(185,16,true)
(186,16,true)
(189,16,true)
(191,16,true)
(0,17,false)
(3,17,false)
(6,17,false)
(7,17,false)
(10,17,false)
(11,17,false)
(13,17,false)
(14,17,false)
(15,17,false)
(16,17,false)
(25,17,false)
(26,17,false)
(27,17,false)
(33,17,false)
(34,17,false)
(36,17,false)
(37,17,false)
(42,17,false)
(43,17,false)
(51,17,false)
(54,17,false)
(60,17,false)
(61,17,false)
(64,17,false)
(66,17,false)
(68,17,false)
(73,17,false)
(78,17,false)
(79,17,false)
(94,17,true)
(101,17,true)
(107,17,true)
(110,17,true)
(111,17,true)
(114,17,false)
(115,17,true)
(118,17,true)
(120,17,true)
(121,17,true)
(123,17,true)
(124,17,true)
(125,17,true)
(130,17,true)
(131,17,false)
(132,17,true)
(133,17,true)
(135,17,true)
(142,17,true)
(144,17,true)
(145,17,true)
(151,17,true)
(156,17,true)
(157,17,true)
(163,17,true)
(164,17,true)
(166,17,true)
(167,17,true)
(168,17,true)
(170,17,false)
(171,17,true)
(174,17,true)
(176,17,true)
(179,17,true)
(181,17,true)
(186,17,true)
(194,17,true)
(1,18,false)
(2,18,false)
(4,18,false)
(9,18,true)
(14,18,false)
(15,18,false)
(17,18,false)
(22,18,true)
(27,18,false)
(34,18,false)
(37,18,false)
(41,18,false)
(42,18,false)
(48,18,false)
(51,18,false)
(54,18,false)
(55,18,false)
(58,18,false)
(67,18,false)
(76,18,false)
(77,18,true)
(81,18,true)
(83,18,true)
(88,18,true)
(90,18,true)
(93,18,true)
(95,18,true)
(100,18,true)
(102,18,true)
(104,18,true)
(107,18,true)
(110,18,true)
(113,18,true)
(116,18,true)
(117,18,true)
(120,18,true)
(123,18,true)
(125,18,true)
(128,18,true)
(129,18,true)
(135,18,true)
(138,18,true)
(148,18,true)
(149,18,true)
(151,18,true)
(152,18,false)
(154,18,true)
(155,18,true)
(159,18,true)
(167,18,true)
(168,18,true)
(171,18,true)
(180,18,true)
(183,18,true)
(184,18,true)
(187,18,true)
(193,18,true)
(195,18,true)
(3,19,false)
(4,19,true)
(8,19,false)
(19,19,false)
(21,19,false)
(24,19,false)
(32,19,false)
(36,19,false)
(37,19,false)
(44,19,false)
(48,19,false)
(52,19,false)
(64,19,false)
(65,19,false)
(67,19,false)
(82,19,true)
(84,19,true)
(86,19,true)
(88,19,true)
(91,19,true)
(92,19,true)
(96,19,true)
(100,19,true)
(103,19,true)
(108,19,true)
(122,19,true)
(128,19,true)
(133,19,true)
(134,19,true)
(143,19,true)
(145,19,true)
(149,19,true)
(156,19,true)
(157,19,true)
(158,19,true)
(165,19,true)
(170,19,true)
(172,19,true)
(175,19,true)
(178,19,true)
(187,19,true)
(191,19,true)
(194,19,true)
(0,20,false)
(2,20,false)
(9,20,false)
(13,20,false)
(15,20,false)
(19,20,false)
(21,20,false)
(24,20,false)
(29,20,false)
(30,20,false)
(31,20,true)
(33,20,false)
(34,20,false)
(36,20,false)
(42,20,false)
(48,20,false)
(56,20,false)
(62,20,false)
(64,20,false)
(65,20,false)
(69,20,false)
(71,20,false)
(74,20,false)
(78,20,false)
(79,20,false)
(84,20,true)
(86,20,true)
(90,20,true)
(91,20,true)
(92,20,true)
(99,20,true)
(102,20,true)
(105,20,true)
(109,20,true)
(111,20,true)
(116,20,true)
(117,20,true)
(119,20,true)
(120,20,true)
(124,20,true)
(125,20,true)
(128,20,true)
(131,20,true)
(133,20,true)
(139,20,true)
(146,20,true)
(150,20,true)
(153,20,true)
(160,20,true)
(165,20,true)
(167,20,true)
(168,20,true)
(169,20,true)
(174,20,true)
(189,20,true)
(190,20,true)
(191,20,true)
(194,20,true)
(5,21,false)
(8,21,false)
(10,21,false)
(12,21,false)
(17,21,false)
(18,21,false)
(19,21,false)
(20,21,false)
(21,21,false)
(23,21,false)
(25,21,false)
(28,21,false)
(29,21,false)
(33,21,false)
(35,21,false)
(38,21,false)
(39,21,false)
(40,21,false)
(41,21,false)
(42,21,false)
(47,21,false)
(49,21,false)
(52,21,false)
(55,21,true)
(56,21,false)
(57,21,false)
(62,21,false)
(66,21,false)
(67,21,false)
(69,21,false)
(74,21,false)
(80,21,true)
(82,21,true)
(85,21,true)
(90,21,true)
(100,21,true)
(106,21,false)
(108,21,true)
(116,21,true)
(117,21,true)
(118,21,true)
(123,21,true)
(131,21,true)
(134,21,true)
(136,21,true)
(137,21,true)
(139,21,true)
(142,21,true)
(146,21,true)
(147,21,false)
(151,21,true)
(155,21,true)
(156,21,true)
(158,21,true)
(161,21,true)
(165,21,true)
(166,21,false)
(167,21,true)
(170,21,true)
(173,21,true)
(174,21,true)
(177,21,true)
(179,21,true)
(185,21,true)
(190,21,true)
(193,21,true)
(2,22,false)
(4,22,false)
(5,22,false)
(9,22,false)
(13,22,false)
(17,22,false)
(20,22,false)
(23,22,false)
(30,22,false)
(31,22,false)
(34,22,true)
(36,22,false)
(39,22,false)
(43,22,false)
(44,22,false)
(49,22,false)
(52,22,false)
(53,22,false)
(57,22,false)
(59,22,false)
(65,22,false)
(67,22,false)
(69,22,false)
(80,22,true)
(84,22,true)
(98,22,true)
(100,22,true)
(104,22,true)
(105,22,true)
(108,22,true)
(109,22,true)
(112,22,true)
(113,22,false)
(120,22,true)
(123,22,true)
(124,22,true)
(125,22,true)
(132,22,true)
(134,22,true)
(137,22,true)
(140,22,true)
(142,22,true)
(143,22,true)
(151,22,true)
(153,22,true)
(155,22,true)
(156,22,true)
(162,22,true)
(165,22,false)
(170,22,true)
(171,22,true)
(172,22,true)
(176,22,true)
(179,22,true)
(182,22,true)
(185,22,true)
(188,22,true)
(189,22,true)
(191,22,true)
(194,22,true)
(2,23,false)
(3,23,false)
(6,23,false)
(8,23,false)
(10,23,false)
(19,23,false)
(20,23,false)
(21,23,false)
(22,23,false)
(24,23,false)
(28,23,false)
(29,23,false)
(31,23,false)
(39,23,false)
(45,23,false)
(52,23,false)
(56,23,false)
(59,23,false)
(60,23,false)
(64,23,false)
(67,23,false)
(68,23,true)
(71,23,false)
(74,23,false)
(78,23,false)
(79,23,false)
(82,23,true)
(83,23,true)
(85,23,true)
(87,23,true)
(88,23,false)
(92,23,true)
(93,23,true)
(94,23,true)
(95,23,false)
(98,23,true)
(103,23,true)
(104,23,true)
(107,23,true)
(108,23,true)
(109,23,true)
(112,23,true)
(117,23,true)
(118,23,true)
(134,23,true)
(140,23,true)
(145,23,true)
(157,23,true)
(164,23,true)
(165,23,true)
(166,23,true)
(167,23,true)
(169,23,true)
(171,23,true)
(173,23,true)
(176,23,true)
(180,23,false)
(182,23,true)
(185,23,true)
(186,23,true)
(188,23,true)
(189,23,true)
(190,23,true)
(194,23,true)
(198,23,true)
(199,23,false)
(5,24,false)
(8,24,false)
(9,24,true)
(10,24,false)
(13,24,false)
(16,24,false)
(21,24,false)
(26,24,false)
(31,24,false)
(32,24,false)
(33,24,false)
(38,24,false)
(39,24,false)
(41,24,false)
(42,24,false)
(43,24,false)
(44,24,false)
(47,24,false)
(49,24,false)
(58,24,false)
(62,24,false)
(65,24,false)
(68,24,false)
(72,24,true)
(76,24,false)
(84,24,true)
(88,24,true)
(89,24,true)
(90,24,true)
(93,24,true)
(100,24,true)
(104,24,true)
(105,24,true)
(109,24,true)
(116,24,true)
(118,24,true)
(126,24,false)
(136,24,true)
(138,24,true)
(152,24,true)
(158,24,true)
(159,24,true)
(163,24,true)
(168,24,true)
(175,24,true)
(176,24,true)
(178,24,true)
(179,24,true)
(185,24,false)
(190,24,true)
(192,24,true)
(198,24,true)
(1,25,false)
(2,25,false)
(4,25,false)
(7,25,false)
(9,25,false)
(12,25,false)
(16,25,false)
(17,25,false)
(18,25,false)
(19,25,false)
(29,25,false)
(34,25,false)
(35,25,false)
(37,25,false)
(39,25,false)
(41,25,false)
(42,25,false)
(45,25,false)
(48,25,true)
(51,25,false)
(56,25,false)
(59,25,false)
(67,25,false)
(72,25,false)
(80,25,true)
(81,25,true)
(90,25,true)
(91,25,true)
(96,25,true)
(100,25,true)
(101,25,true)
(103,25,true)
(112,25,true)
(117,25,true)
(119,25,true)
(120,25,true)
(129,25,true)
(132,25,true)
(134,25,false)
(136,25,true)
(137,25,true)
(138,25,false)
(139,25,true)
(148,25,true)
(156,25,true)
(157,25,true)
(160,25,true)
(162,25,true)
(163,25,true)
(170,25,true)
(173,25,true)
(175,25,true)
(183,25,true)
(184,25,true)
(185,25,true)
(189,25,true)
(194,25,true)
(195,25,true)
(197,25,true)
(5,26,false)
(11,26,false)
(14,26,false)
(17,26,false)
(20,26,false)
(22,26,false)
(26,26,false)
(32,26,false)
(33,26,false)
(34,26,false)
(38,26,false)
(40,26,false)
(41,26,false)
(42,26,false)
(43,26,false)
(55,26,false)
(60,26,false)
(62,26,false)
(63,26,false)
(65,26,false)
(71,26,false)
(74,26,false)
(75,26,true)
(76,26,false)
(79,26,false)
(82,26,true)
(83,26,false)
(95,26,true)
(98,26,true)
(102,26,true)
(105,26,true)
(108,26,true)
(116,26,true)
(121,26,true)
(130,26,true)
(131,26,true)
(133,26,true)
(136,26,true)
(137,26,true)
(140,26,true)
(142,26,true)
(146,26,true)
(150,26,true)
(151,26,true)
(153,26,true)
(155,26,true)
(184,26,true)
(186,26,true)
(187,26,true)
(189,26,true)
(190,26,true)
(193,26,true)
(196,26,true)
(197,26,true)
(199,26,true)
(12,27,false)
(16,27,false)
(23,27,false)
(26,27,true)
(33,27,false)
(36,27,false)
(37,27,false)
(43,27,false)
(46,27,false)
(48,27,false)
(54,27,false)
(55,27,false)
(57,27,false)
(58,27,false)
(62,27,true)
(70,27,false)
(71,27,false)
(72,27,false)
(73,27,false)
(74,27,false)
(76,27,false)
(78,27,false)
(80,27,true)
(86,27,true)
(98,27,true)
(102,27,true)
(112,27,true)
(113,27,true)
(118,27,true)
(119,27,true)
(126,27,true)
(129,27,true)
(130,27,true)
(140,27,true)
(145,27,true)
(148,27,true)
(154,27,true)
(156,27,true)
(160,27,true)
(161,27,true)
(163,27,true)
(176,27,true)
(179,27,true)
(184,27,true)
(185,27,true)
(187,27,true)
(7,28,false)
(10,28,false)
(17,28,false)
(20,28,false)
(29,28,false)
(31,28,false)
(32,28,true)
(37,28,false)
(39,28,false)
(42,28,false)
(44,28,false)
(47,28,false)
(50,28,true)
(51,28,false)
(53,28,false)
(54,28,false)
(57,28,false)
(63,28,false)
(65,28,false)
(72,28,true)
(74,28,false)
(79,28,false)
(82,28,true)
(84,28,true)
(85,28,true)
(93,28,true)
(96,28,true)
(98,28,true)
(99,28,true)
(102,28,true)
(113,28,true)
(126,28,true)
(131,28,true)
(137,28,true)
(138,28,true)
(140,28,true)
(142,28,true)
(143,28,true)
(147,28,true)
(148,28,true)
(152,28,false)
(155,28,true)
(156,28,true)
(164,28,true)
(167,28,true)
(174,28,true)
(181,28,true)
(184,28,true)
(187,28,true)
(188,28,true)
(191,28,true)
(194,28,true)
(195,28,true)
(197,28,true)
(198,28,true)
(6,29,false)
(8,29,false)
(10,29,false)
(11,29,false)
(16,29,false)
(19,29,false)
(21,29,false)
(23,29,false)
(24,29,false)
(25,29,false)
(32,29,false)
(33,29,false)
(38,29,false)
(40,29,false)
(51,29,false)
(53,29,false)
(61,29,false)
(65,29,false)
(71,29,false)
(78,29,false)
(80,29,true)
(84,29,true)
(86,29,true)
(88,29,true)
(90,29,true)
(92,29,true)
(93,29,true)
(94,29,true)
(95,29,true)
(104,29,true)
(106,29,true)
(107,29,true)
(120,29,true)
(121,29,true)
(124,29,true)
(129,29,true)
(131,29,true)
(134,29,true)
(143,29,true)
(145,29,true)
(146,29,true)
(160,29,true)
(161,29,true)
(169,29,true)
(172,29,true)
(175,29,true)
(177,29,true)
(186,29,false)
(190,29,true)
(193,29,true)
(196,29,true)
(197,29,true)
(198,29,true)
(1,30,false)
(9,30,false)
(12,30,false)
(15,30,false)
(19,30,false)
(24,30,false)
(30,30,false)
(44,30,false)
(49,30,false)
(52,30,false)
(58,30,false)
(60,30,false)
(66,30,false)
(68,30,false)
(73,30,false)
(76,30,false)
(84,30,true)
(85,30,true)
(89,30,true)
(93,30,true)
(100,30,true)
(102,30,true)
(104,30,true)
(106,30,true)
(116,30,true)
(117,30,true)
(118,30,true)
(120,30,true)
(121,30,true)
(127,30,true)
(128,30,true)
(138,30,false)
(152,30,true)
(160,30,true)
(166,30,false)
(169,30,true)
(181,30,true)
(182,30,true)
(183,30,true)
(184,30,true)
(186,30,true)
(192,30,true)
(195,30,true)
(196,30,true)
(199,30,true)
(4,31,false)
(7,31,false)
(8,31,false)
(10,31,true)
(15,31,false)
(21,31,false)
(24,31,false)
(25,31,false)
(26,31,true)
(37,31,false)
(42,31,false)
(49,31,false)
(55,31,false)
(56,31,false)
(61,31,false)
(63,31,false)
(73,31,false)
(77,31,false)
(79,31,false)
(84,31,true)
(97,31,true)
(101,31,true)
(103,31,false)
(105,31,true)
(107,31,true)
(113,31,true)
(119,31,true)
(138,31,true)
(140,31,true)
(145,31,true)
(147,31,true)
(149,31,true)
(151,31,true)
(158,31,true)
(159,31,true)
(168,31,true)
(170,31,true)
(184,31,true)
(185,31,true)
(187,31,true)
(188,31,true)
(191,31,true)
(193,31,true)
(194,31,true)
(195,31,true)
(198,31,true)
(0,32,false)
(2,32,false)
(3,32,false)
(5,32,false)
(6,32,false)
(7,32,false)
(9,32,false)
(16,32,false)
(18,32,false)
(26,32,false)
(27,32,false)
(32,32,true)
(33,32,false)
(36,32,false)
(37,32,false)
(45,32,false)
(49,32,false)
(52,32,false)
(54,32,false)
(57,32,false)
(58,32,false)
(63,32,false)
(65,32,false)
(69,32,false)
(79,32,false)
(80,32,false)
(87,32,true)
(89,32,true)
(97,32,true)
(99,32,true)
(112,32,true)
(119,32,false)
(122,32,true)
(127,32,true)
(132,32,true)
(134,32,true)
(139,32,true)
(144,32,true)
(148,32,true)
(150,32,true)
(151,32,true)
(153,32,true)
(159,32,true)
(162,32,false)
(167,32,true)
(172,32,false)
(174,32,false)
(177,32,true)
(179,32,true)
(180,32,true)
(185,32,true)
(187,32,true)
(199,32,true)
(1,33,false)
(2,33,false)
(3,33,false)
(5,33,false)
(9,33,false)
(15,33,false)
(24,33,false)
(25,33,false)
(26,33,false)
(30,33,false)
(32,33,false)
(35,33,false)
(40,33,false)
(43,33,true)
(46,33,false)
(49,33,false)
(51,33,false)
(59,33,false)
(60,33,false)
(64,33,false)
(65,33,false)
(69,33,false)
(75,33,false)
(77,33,false)
(87,33,true)
(92,33,true)
(93,33,true)
(94,33,true)
(97,33,true)
(102,33,true)
(105,33,true)
(108,33,true)
(114,33,true)
(127,33,true)
(133,33,false)
(135,33,true)
(138,33,true)
(140,33,true)
(145,33,true)
(151,33,true)
(154,33,true)
(156,33,true)
(167,33,true)
(173,33,true)
(179,33,true)
(181,33,true)
(186,33,true)
(192,33,true)
(199,33,true)
(0,34,false)
(3,34,false)
(4,34,false)
(6,34,false)
(7,34,false)
(8,34,false)
(12,34,false)
(15,34,false)
(16,34,false)
(17,34,false)
(20,34,false)
(22,34,false)
(33,34,false)
(37,34,false)
(38,34,false)
(40,34,false)
(42,34,false)
(51,34,false)
(53,34,false)
(54,34,false)
(60,34,false)
(61,34,false)
(63,34,false)
(67,34,false)
(72,34,false)
(78,34,false)
(96,34,true)
(98,34,true)
(101,34,true)
(106,34,true)
(129,34,true)
(139,34,true)
(142,34,false)
(150,34,true)
(154,34,false)
(156,34,true)
(159,34,true)
(163,34,true)
(167,34,true)
(168,34,true)
(169,34,true)
(174,34,true)
(175,34,true)
(183,34,true)
(185,34,true)
(187,34,true)
(189,34,true)
(198,34,true)
(199,34,true)
(6,35,false)
(8,35,false)
(13,35,false)
(16,35,false)
(18,35,false)
(20,35,false)
(21,35,false)
(28,35,false)
(30,35,false)
(35,35,false)
(46,35,false)
(50,35,false)
(57,35,false)
(59,35,false)
(62,35,true)
(64,35,false)
(65,35,false)
(67,35,false)
(69,35,false)
(70,35,false)
(75,35,false)
(77,35,false)
(80,35,true)
(92,35,true)
(96,35,true)
(97,35,true)
(100,35,false)
(102,35,true)
(109,35,true)
(112,35,true)
(122,35,true)
(127,35,true)
(133,35,true)
(138,35,true)
(140,35,true)
(143,35,true)
(144,35,true)
(154,35,true)
(162,35,true)
(170,35,true)
(172,35,true)
(176,35,true)
(183,35,true)
(189,35,true)
(191,35,true)
(196,35,true)
(199,35,true)
(1,36,false)
(12,36,false)
(16,36,false)
(17,36,true)
(18,36,false)
(20,36,false)
(28,36,false)
(34,36,false)
(36,36,false)
(44,36,false)
(45,36,false)
(50,36,false)
(52,36,false)
(57,36,false)
(64,36,false)
(70,36,false)
(78,36,false)
(88,36,true)
(89,36,true)
(91,36,true)
(97,36,true)
(98,36,true)
(106,36,true)
(110,36,true)
(113,36,true)
(114,36,true)
(116,36,true)
(124,36,true)
(128,36,true)
(133,36,true)
(141,36,true)
(143,36,true)
(155,36,true)
(157,36,true)
(160,36,true)
(165,36,true)
(166,36,true)
(167,36,true)
(171,36,true)
(178,36,true)
(183,36,true)
(185,36,true)
(190,36,true)
(2,37,false)
(3,37,false)
(5,37,false)
(10,37,false)
(17,37,false)
(18,37,false)
(19,37,false)
(31,37,true)
(34,37,false)
(39,37,false)
(40,37,false)
(41,37,false)
(42,37,false)
(44,37,false)
(45,37,false)
(52,37,false)
(53,37,false)
(55,37,false)
(57,37,false)
(64,37,false)
(66,37,false)
(70,37,false)
(84,37,true)
(85,37,true)
(95,37,true)
(99,37,true)
(110,37,true)
(111,37,true)
(115,37,true)
(123,37,true)
(125,37,true)
(131,37,true)
(142,37,true)
(148,37,true)
(153,37,true)
(155,37,true)
(161,37,true)
(164,37,true)
(167,37,true)
(168,37,true)
(170,37,true)
(183,37,true)
(184,37,true)
(185,37,false)
(189,37,true)
(198,37,true)
(199,37,true)
(6,38,false)
(7,38,false)
(10,38,false)
(11,38,false)
(13,38,false)
(26,38,false)
(28,38,false)
(29,38,false)
(30,38,true)
(35,38,false)
(55,38,false)
(56,38,false)
(60,38,false)
(68,38,false)
(85,38,false)
(91,38,true)
(96,38,true)
(99,38,true)
(108,38,true)
(109,38,true)
(110,38,true)
(118,38,true)
(126,38,true)
(132,38,true)
(134,38,true)
(135,38,true)
(137,38,true)
(138,38,true)
(142,38,true)
(143,38,true)
(145,38,true)
(146,38,true)
(153,38,true)
(156,38,true)
(164,38,true)
(168,38,true)
(173,38,false)
(179,38,false)
(180,38,true)
(181,38,true)
(188,38,true)
(191,38,true)
(194,38,true)
(197,38,true)
(1,39,false)
(8,39,false)
(11,39,false)
(19,39,false)
(22,39,false)
(37,39,false)
(55,39,true)
(56,39,false)
(60,39,false)
(61,39,false)
(70,39,false)
(71,39,false)
(75,39,false)
(85,39,true)
(88,39,true)
(91,39,true)
(92,39,true)
(101,39,true)
(104,39,true)
(110,39,true)
(119,39,true)
(121,39,true)
(124,39,true)
(125,39,true)
(128,39,true)
(130,39,true)
(133,39,true)
(134,39,true)
(138,39,true)
(142,39,true)
(153,39,true)
(155,39,true)
(158,39,true)
(159,39,false)
(162,39,true)
(168,39,true)
(171,39,true)
(172,39,true)
(174,39,true)
(177,39,true)
(188,39,true)
(194,39,true)
(197,39,true)
(198,39,true)
(0,40,false)
(11,40,false)
(21,40,false)
(28,40,false)
(37,40,false)
(38,40,false)
(39,40,false)
(41,40,false)
(46,40,false)
(53,40,false)
(55,40,false)
(59,40,false)
(60,40,false)
(61,40,false)
(70,40,false)
(72,40,false)
(74,40,false)
(75,40,false)
(81,40,true)
(85,40,true)
(86,40,true)
(98,40,true)
(113,40,false)
(119,40,true)
(120,40,true)
(123,40,true)
(127,40,true)
(138,40,true)
(146,40,false)
(149,40,false)
(151,40,true)
(156,40,true)
(160,40,true)
(162,40,true)
(166,40,true)
(167,40,true)
(171,40,true)
(173,40,true)
(174,40,true)
(176,40,true)
(177,40,true)
(179,40,true)
(185,40,true)
(189,40,true)
(192,40,true)
(195,40,true)
(197,40,true)
(2,41,false)
(5,41,false)
(12,41,false)
(29,41,false)
(32,41,false)
(33,41,false)
(45,41,false)
(47,41,false)
(48,41,false)
(60,41,false)
(61,41,false)
(69,41,false)
(71,41,false)
(81,41,true)
(89,41,true)
(90,41,true)
(91,41,true)
(109,41,true)
(120,41,true)
(124,41,true)
(133,41,false)
(135,41,true)
(138,41,true)
(141,41,false)
(142,41,true)
(144,41,true)
(147,41,true)
(152,41,true)
(153,41,true)
(154,41,true)
(171,41,true)
(176,41,true)
(177,41,true)
(179,41,true)
(183,41,true)
(185,41,false)
(196,41,true)
(0,42,false)
(13,42,false)
(14,42,false)
(17,42,false)
(23,42,false)
(24,42,false)
(28,42,false)
(35,42,true)
(39,42,false)
(41,42,false)
(47,42,false)
(55,42,false)
(65,42,false)
(68,42,false)
(69,42,false)
(70,42,false)
(71,42,false)
(74,42,false)
(76,42,false)
(77,42,false)
(79,42,false)
(80,42,true)
(85,42,true)
(86,42,true)
(89,42,true)
(92,42,true)
(94,42,true)
(97,42,true)
(99,42,true)
(102,42,true)
(103,42,true)
(106,42,true)
(108,42,true)
(113,42,true)
(114,42,false)
(116,42,true)
(118,42,true)
(125,42,true)
(127,42,true)
(134,42,true)
(141,42,true)
(142,42,true)
(144,42,true)
(147,42,true)
(158,42,true)
(159,42,true)
(160,42,true)
(163,42,true)
(168,42,true)
(169,42,true)
(170,42,true)
(174,42,true)
(186,42,true)
(188,42,true)
(191,42,true)
(197,42,true)
(4,43,false)
(5,43,false)
(11,43,false)
(12,43,false)
(16,43,false)
(18,43,false)
(23,43,false)
(26,43,false)
(34,43,false)
(35,43,false)
(38,43,false)
(39,43,false)
(41,43,false)
(42,43,false)
(43,43,false)
(47,43,false)
(50,43,false)
(53,43,false)
(59,43,false)
(73,43,false)
(75,43,false)
(77,43,false)
(81,43,true)
(94,43,true)
(96,43,true)
(102,43,true)
(107,43,true)
(111,43,true)
(133,43,true)
(135,43,true)
(136,43,true)
(145,43,true)
(149,43,true)
(162,43,true)
(163,43,true)
(170,43,true)
(178,43,true)
(181,43,true)
(187,43,true)
(193,43,true)
(0,44,true)
(7,44,false)
(20,44,false)
(24,44,false)
(28,44,false)
(31,44,false)
(42,44,false)
(44,44,false)
(53,44,false)
(61,44,false)
(63,44,false)
(64,44,false)
(65,44,false)
(71,44,false)
(74,44,false)
(77,44,false)
(79,44,false)
(83,44,true)
(88,44,true)
(90,44,true)
(92,44,true)
(98,44,true)
(101,44,true)
(103,44,true)
(106,44,true)
(107,44,true)
(135,44,true)
(137,44,true)
(148,44,true)
(154,44,true)
(156,44,true)
(169,44,true)
(177,44,true)
(184,44,true)
(185,44,true)
(187,44,true)
(189,44,true)
(191,44,true)
(192,44,true)
(1,45,false)
(2,45,false)
(8,45,false)
(14,45,true)
(18,45,false)
(23,45,false)
(33,45,true)
(37,45,false)
(38,45,false)
(39,45,false)
(42,45,false)
(43,45,false)
(44,45,false)
(46,45,false)
(56,45,false)
(58,45,false)
(59,45,false)
(60,45,false)
(63,45,false)
(71,45,false)
(73,45,false)
(74,45,false)
(82,45,true)
(86,45,false)
(95,45,true)
(97,45,true)
(128,45,true)
(133,45,true)
(142,45,true)
(152,45,true)
(163,45,true)
(172,45,true)
(173,45,true)
(175,45,false)
(186,45,true)
(187,45,true)
(199,45,true)
(11,46,false)
(15,46,true)
(21,46,false)
(22,46,false)
(34,46,false)
(43,46,false)
(51,46,false)
(57,46,false)
(59,46,false)
(60,46,false)
(63,46,false)
(65,46,false)
(77,46,false)
(82,46,true)
(87,46,true)
(109,46,true)
(119,46,true)
(128,46,true)
(134,46,true)
(142,46,true)
(147,46,true)
(151,46,true)
(153,46,true)
(162,46,true)
(165,46,true)
(167,46,true)
(168,46,true)
(171,46,false)
(172,46,true)
(174,46,true)
(188,46,true)
(191,46,true)
(192,46,true)
(193,46,true)
(1,47,false)
(4,47,true)
(17,47,false)
(23,47,false)
(24,47,false)
(38,47,false)
(42,47,false)
(46,47,false)
(51,47,false)
(54,47,false)
(62,47,false)
(63,47,false)
(67,47,false)
(68,47,false)
(72,47,false)
(85,47,false)
(91,47,true)
(93,47,true)
(94,47,false)
(96,47,true)
(97,47,true)
(100,47,true)
(103,47,true)
(105,47,true)
(106,47,true)
(127,47,true)
(129,47,true)
(130,47,true)
(132,47,true)
(135,47,true)
(141,47,true)
(143,47,true)
(150,47,true)
(156,47,true)
(158,47,true)
(169,47,true)
(171,47,true)
(174,47,true)
(180,47,true)
(181,47,true)
(183,47,true)
(192,47,true)

(100,36)
(129,13)
(128,38)
(123,8)
(145,4)
(7,9)
(55,11)
(14,23)
(51,40)
(1,35)
(73,13)
(91,31)
(43,21)
(92,32)
(44,9)
(52,38)
(148,35)
(160,4)
(198,30)
(171,34)
(49,43)
(28,15)
(29,22)
(8,15)
(189,19)
(144,28)
(178,14)
(108,45)
(13,28)
(15,9)
(16,19)
(170,4)
(43,6)
(67,37)
(81,11)
(90,2)
(179,19)
(154,7)
(18,14)
(176,1)
(177,3)
(26,5)
(97,43)
(96,27)
(138,42)
(182,31)
(138,23)
(189,45)
(169,7)
(67,6)
(91,37)
(189,41)
(33,19)
(23,38)
(171,38)
(24,24)
(159,17)
(32,1)
(147,45)
(156,39)
(102,24)
(103,41)
(132,11)
(88,26)
(44,0)
(80,0)
(81,9)
(81,12)
(160,1)
(188,18)
(53,7)
(17,44)
(134,31)
(71,24)
(143,10)
(171,30)
(152,21)
(4,8)
(193,19)
(59,21)
(104,46)
(13,47)
(28,31)
(133,0)
(118,15)
(43,18)
(156,18)
(136,23)
(117,12)
(73,39)
(185,20)
(109,37)
(45,14)
(68,20)
(101,29)
(146,13)
(113,2)
(88,34)
(128,37)
(22,12)
(111,11)
(48,1)
(33,43)
(112,6)
(35,39)
(88,16)
(123,3)
(82,2)
(181,11)
(129,31)
(113,10)
(6,1)
(101,22)
(166,9)
(176,6)
(185,18)
(37,35)
(41,14)
(102,31)
(159,15)
(131,27)
(47,40)
(17,45)
(53,20)
(87,47)
(178,10)
(171,5)
(141,2)
(109,26)
(97,13)
(198,21)
(169,8)
(44,43)
(141,45)
(58,36)
(73,26)
(96,10)
(75,23)
(24,4)
(115,30)
(103,22)
(91,1)
(135,11)
(92,17)
(84,35)
(182,39)
(79,29)
(87,37)
(51,6)
(136,32)
(189,28)
(46,14)
(91,40)
(182,11)
(95,22)
(183,23)
(146,35)
(28,43)
(96,9)
(61,15)
(155,6)
(0,6)
(48,5)
(93,7)
(158,18)
(166,4)
(114,44)
(48,45)
(130,35)
(141,35)
(76,17)
(23,18)
(9,2)
(63,18)
(179,26)
(151,37)
(68,32)
(15,13)
(135,36)
(125,27)
(88,7)
(73,11)
(135,24)
(113,4)
(21,33)
(18,27)
(68,5)
(36,0)
(188,17)
(128,25)
(173,4)
(72,32)
(199,3)
(37,33)
(53,19)
(81,37)
(131,44)
(7,43)
(134,4)
(114,30)
(67,24)
(5,25)
(63,2)
(89,22)
(142,31)
(105,7)
(110,41)
(102,41)
(142,1)
(106,31)
(137,32)
(16,1)
(145,3)
(17,8)
(54,38)
(116,35)
(130,46)
(40,43)
(167,22)
(137,12)
(199,1)
(138,16)
(52,31)
(128,23)
(179,28)
(39,18)
(32,10)
(57,2)
(27,31)
(136,11)
(147,15)
(142,5)
(13,45)
(65,36)
(184,22)
(130,30)
(48,46)
(75,13)
(71,17)
(179,29)
(50,18)
(0,30)
(65,2)
(68,21)
(124,4)
(102,36)
(111,40)
(49,18)
(179,37)
(82,6)
(100,5)
(198,2)
(125,28)
(12,46)
(57,14)
(195,0)
(195,8)
(39,5)
(81,27)
(76,21)
(134,15)
(81,0)
(83,13)
(154,40)
(129,21)
(147,1)
(129,11)
(85,26)
(82,27)
(85,7)
(60,3)
(57,25)
(23,9)
(9,42)
(181,29)
(25,22)
(137,5)
(67,42)
(87,12)
(19,15)
(187,40)
(168,43)
(123,43)
(126,39)
(65,8)
(40,7)
(0,36)
(52,46)
(167,35)
(154,17)
(113,47)
(93,31)
(95,12)
(1,31)
(173,10)
(150,36)
(195,5)
(52,13)
(20,29)
(47,2)
(116,22)
(45,5)
(194,35)
(82,4)
(85,3)
(108,5)
(31,33)
(109,17)
(66,27)
(96,14)
(151,20)
(187,12)
(9,41)
(60,29)
(62,33)
(181,4)
(153,1)
(104,16)
(100,46)
(93,5)
(50,9)
(193,9)
(17,20)
(10,20)
(51,24)
(166,2)
(119,36)
(160,13)
(179,45)
(156,15)
(61,28)
(99,21)
(123,14)
(186,18)
(52,10)
(24,15)
(149,14)
(168,32)
(124,24)
(39,17)
(41,15)
(80,5)
(195,6)
(124,30)
(23,37)
(86,36)
(21,45)
(144,0)
(58,11)
(95,34)
(45,20)
(155,31)
(23,19)
(66,14)
(95,35)
(15,39)
(75,47)
(167,7)
(23,24)
(147,18)
(92,11)
(160,11)
(102,22)
(71,32)
(167,29)
(128,12)
(84,8)
(147,12)
(15,7)
(116,12)
(127,2)
(48,43)
(98,42)
(105,36)
(180,5)
(39,16)
(67,8)
(151,43)
(195,33)
(164,18)
(86,8)
(136,35)
(168,23)
(4,28)
(10,19)
(28,24)
(100,41)
(185,10)
(115,33)
(187,8)
(169,10)
(109,39)
(50,37)
(145,6)
(32,36)
(60,10)
(109,32)
(67,11)
(189,5)
(196,1)
(190,44)
(195,45)
(93,37)
(101,27)
(37,8)
(60,20)
(68,29)
(133,47)
(69,23)
(120,28)
(40,5)
(110,29)
(168,7)
(140,32)
(111,12)
(157,44)
(155,47)
(61,10)
(160,7)
(155,46)
(25,44)
(158,46)
(86,5)
(170,23)
(163,40)
(163,44)
(35,22)
(136,7)
(20,30)
(113,19)
(64,2)
(101,11)
(37,14)
(18,31)
(81,7)
(51,20)
(161,0)
(65,15)
(186,8)
(107,16)
(102,9)
(199,46)
(142,9)
(47,13)
(127,17)
(19,14)
(20,38)
(65,34)
(110,33)
(15,38)
(105,41)
(116,38)
(18,9)
(122,38)
(94,21)
(32,38)
(50,38)
(144,40)
(43,25)
(171,9)
(159,3)
(93,21)
(90,23)
(166,26)
(27,20)
(159,30)
(142,33)
(52,17)
(120,31)
(169,11)
(185,35)
(183,46)
(194,29)
(90,42)
(28,13)
(197,14)
(79,8)
(71,1)
(123,30)
(34,38)
(78,12)
(110,4)
(9,12)
(191,32)
(101,32)
(159,25)
(26,45)
(38,28)
(32,4)
(109,34)
(41,34)
(74,18)
(187,15)
(194,10)
(35,37)
(9,31)
(163,20)
(33,8)
(186,47)
(41,11)
(98,31)
(78,10)
(66,12)
(12,45)
(73,46)
(27,38)
(106,1)
(153,29)
(102,11)
(164,31)
(196,36)
(156,30)
(2,8)
(156,6)
(139,26)
(63,37)
(63,20)
(148,24)
(138,34)
(165,27)
(79,3)
(169,2)
(83,31)
(10,44)
(46,7)
(191,23)
(67,28)
(33,38)
(113,24)
(6,16)
(125,12)
(32,25)
(47,31)
(171,25)
(63,21)
(96,36)
(188,20)
(42,36)
(31,8)
(133,13)
(164,35)
(22,31)
(10,33)
(119,10)
(9,26)
(56,3)
(62,41)
(198,4)
(160,24)
(147,30)
(185,38)
(3,10)
(167,4)
(181,22)
(117,38)
(33,10)
(179,36)
(78,19)
(172,41)
(116,31)
(67,45)
(108,32)
(80,17)
(71,8)
(52,4)
(113,16)
(2,3)
(72,14)
(85,44)
(145,18)
(14,6)
(129,43)
(22,38)
(25,6)
(90,10)
(69,39)
(62,36)
(162,29)
(9,16)
(17,39)
(84,44)
(135,35)
(31,26)
(75,27)
(113,35)
(66,10)
(160,12)
(77,4)
(134,26)
(185,26)
(35,40)
(3,36)
(141,3)
(78,13)
(188,19)
(133,38)
(85,11)
(25,4)
(177,47)
(111,30)
(130,23)
(12,18)
(10,7)
(49,37)
(22,10)
(39,44)
(124,26)
(96,17)
(139,16)
(142,36)
(143,16)
(3,20)
(40,10)
(125,44)
(66,31)
(102,23)
(23,41)
(117,9)
(188,36)
(73,22)
(181,46)
(81,6)
(59,38)
(143,9)
(186,46)
(86,32)
(64,9)
(135,29)
(132,6)
(82,47)
(66,41)
(24,25)
(16,3)
(22,19)
(94,1)
(28,11)
(158,33)
(107,4)
(143,34)
(106,0)
(64,6)
(1,44)
(110,24)
(39,0)
(61,27)
(73,9)
(39,36)
(174,4)
(113,14)
(172,16)
(19,4)
(83,21)
(32,40)
(190,45)
(12,44)
(132,16)
(67,26)
(28,6)
(151,1)
(36,15)
(120,24)
(137,3)
(188,33)
(182,35)
(88,42)
(80,41)
(177,27)
(117,42)
(107,7)
(154,14)
(170,29)
(17,1)
(0,43)
(7,1)
(75,45)
(175,35)
(179,11)
(77,14)
(13,4)
(81,5)
(14,46)
(189,33)
(60,5)
(41,45)
(49,8)
(152,29)
(43,37)
(74,32)
(140,43)
(170,1)
(145,34)
(81,23)
(56,15)
(117,26)
(172,9)
(53,36)
(141,33)
(187,42)
(6,42)
(25,8)
(9,40)
(65,9)
(45,45)
(8,32)
(101,23)
(117,3)
(107,25)
(144,6)
(111,18)
(148,5)
(51,7)
(167,27)
(87,44)
(157,6)
(31,25)
(28,26)
(79,36)
(191,21)
(198,42)
(105,8)
(179,2)
(144,31)
(136,6)
(120,34)
(104,5)
(14,20)
(185,30)
(198,19)
(172,23)
(2,27)
(2,26)
(69,1)
(35,31)
(143,5)
(189,17)
(148,4)
(46,32)
(123,47)
(127,45)
(114,41)
(51,30)
(132,7)
(169,17)
(94,28)
(113,26)
(1,43)
(152,13)
(185,15)
(28,14)
(2,4)
(15,6)
(149,35)
(93,6)
(37,44)
(77,16)
(67,13)
(186,32)
(26,7)
(26,40)
(50,24)
(57,29)
(139,8)
(144,27)
(168,14)
(26,0)
(100,33)
(2,19)
(32,7)
(85,27)
(90,39)
(43,28)
(57,10)
(50,39)
(25,37)
(43,44)
(75,1)
(10,25)
(179,4)
(59,11)
(123,25)
(124,45)
(192,26)
(167,39)
(90,33)
(67,40)
(76,47)
(47,16)
(174,23)
(67,31)
(126,3)
(52,43)
(89,43)
(132,34)
(105,11)
(118,31)
(62,25)
(5,9)
(19,46)
(82,8)
(1,1)
(178,33)
(76,19)
(110,46)
(142,19)
(56,18)
(193,35)
(130,28)
(3,31)
(65,11)
(30,6)
(94,41)
(128,27)
(97,23)
(142,32)
(136,38)
(43,16)
(188,27)
(11,10)
(32,6)
(57,0)
(68,43)
(113,45)
(35,16)
(99,2)
(112,14)
(146,2)
(53,2)
(4,13)
(102,17)
(194,11)
(130,1)
(92,6)
(154,20)
(89,6)
(36,45)
(146,41)
(26,1)
(104,33)
(161,5)
(74,25)
(171,1)
(164,24)
(83,22)
(31,5)
(127,6)
(145,13)
(29,45)
(118,45)
(177,38)
(102,44)
(139,3)
(83,3)
(79,40)
(130,45)
(26,8)
(36,16)
(167,38)
(156,23)
(190,4)
(41,0)
(53,18)
(168,12)
(160,38)
(21,2)
(177,24)
(90,1)
(26,46)
(6,31)
(26,41)
(55,6)
(199,38)
(95,30)
(142,20)
(133,22)
(181,23)
(167,2)
(189,6)
(20,45)
(197,4)
(152,37)
(80,30)
(181,14)
(31,41)
(143,43)
(40,42)
(120,16)
(111,32)
(156,43)
(128,42)
(26,42)
(128,10)
(30,36)
(64,31)
(195,34)
(195,23)
(25,19)
(36,28)
(73,47)
(187,10)
(164,30)
(25,40)
(191,33)
(187,47)
(173,28)
(185,9)
(5,6)
(114,47)
(19,35)
(157,24)
(151,8)
(97,16)
(116,8)
(123,20)
(57,16)
(168,5)
(69,28)
(154,6)
(95,13)
(139,2)
(159,2)
(167,44)
(120,44)
(52,47)
(137,42)
(86,31)
(53,45)
(121,11)
(34,10)
(172,17)
(71,30)
(165,15)
(63,42)
(147,26)
(163,35)
(5,13)
(93,43)
(133,18)
(156,12)
(122,11)
(11,18)
(25,11)
(90,8)
(126,23)
(94,7)
(52,39)
(72,35)
(8,25)
(36,13)
(139,35)
(184,45)
(35,46)
(77,3)
(62,17)
(139,5)
(142,15)
(47,20)
(95,40)
(165,13)
(39,26)
(111,25)
(82,3)
(42,16)
(165,12)
(133,46)
(47,35)
(183,45)
(189,27)
(39,27)
(95,43)
(65,21)
(16,16)
(82,25)
(57,42)
(60,27)
(197,24)
(87,21)
(171,14)
(104,21)
(158,28)
(13,12)
(65,17)
(181,36)
(55,32)
(78,8)
(186,27)
(75,9)
(177,6)
(64,27)
(116,44)
(137,1)
(146,46)
(15,10)
(78,30)
(21,13)
(51,14)
(168,4)
(102,8)
(79,4)
(106,28)
(151,39)
(199,17)
(9,45)
(119,28)
(65,40)
(31,18)
(9,0)
(10,47)
(181,27)
(49,11)
(191,37)
(89,11)
(105,29)
(80,19)
(51,23)
(127,36)
(132,28)
(91,43)
(160,18)
(124,0)
(186,10)
(48,17)
(62,22)
(58,40)
(197,37)
(197,19)
(111,9)
(9,13)
(44,14)
(174,11)
(27,16)
(59,10)
(40,45)
(138,6)
(75,15)
(149,30)
(118,40)
(189,31)
(20,43)
(51,39)
(89,4)
(141,14)
(85,16)
(51,16)
(39,32)
(183,3)
(98,47)
(67,36)
(119,13)
(78,15)
(188,25)
(118,43)
(12,13)
(18,22)
(52,11)
(193,30)
(174,7)
(39,46)
(29,4)
(71,25)
(16,2)
(80,37)
(169,12)
(172,13)
(59,20)
(110,5)
(103,24)
(117,39)
(20,40)
(46,30)
(135,31)
(186,7)
(129,24)
(76,0)
(7,12)
(41,33)
(195,37)
(197,16)
(68,28)
(24,38)
(134,36)
(27,43)
(172,2)
(185,45)
(106,27)
(190,28)
(59,17)
(9,7)
(8,18)
(63,13)
(28,20)
(147,9)
(182,14)
(9,44)
(63,17)
(75,4)
(81,3)
(53,38)
(160,33)
(98,37)
(138,37)
(3,16)
(64,25)
(56,35)
(172,38)
(83,41)
(151,47)
(23,16)
(37,42)
(20,46)
(20,7)
(66,45)
(26,3)
(18,29)
(128,24)
(47,23)
(57,18)
(5,3)
(4,5)
(82,9)
(130,11)
(114,22)
(167,42)
(63,15)
(69,46)
(4,21)
(24,0)
(4,2)
(47,47)
(12,40)
(126,5)
(52,18)
(67,44)
(1,9)
(186,11)
(108,7)
(134,47)
(133,27)
(15,8)
(50,29)
(99,11)
(194,47)
(32,9)
(138,26)
(165,2)
(7,33)
(30,12)
(105,45)
(98,3)
(37,21)
(131,32)
(57,43)
(105,16)
(95,25)
(9,21)
(34,27)
(108,6)
(9,10)
(196,12)
(186,21)
(5,38)
(25,16)
(135,45)
(119,1)
(187,41)
(124,12)
(165,11)
(163,22)
(78,24)
(118,46)
(5,29)
(67,30)
(35,28)
(43,42)
(80,31)
(154,28)
(177,23)
(65,10)
(68,6)
(191,17)
(32,2)
(4,36)
(111,34)
(156,46)
(36,24)
(101,24)
(75,12)
(181,1)
(105,12)
(143,18)
(90,9)
(55,35)
(181,24)
(94,3)
(100,43)
(79,24)
(46,15)
(173,1)
(80,45)
(178,0)
(120,13)
(115,31)
(19,24)
(189,4)
(75,6)
(189,18)
(145,9)
(145,32)
(178,17)
(101,3)
(125,34)
(141,7)
(83,46)
(146,1)
(0,45)
(116,23)
(136,36)
(16,42)
(160,44)
(7,5)
(173,16)
(37,1)
(112,28)
(95,0)
(140,44)
(180,21)
(38,11)
(190,13)
(76,15)
(192,39)
(93,46)
(83,39)
(62,37)
(80,43)
(75,19)
(163,9)
(117,14)
(25,35)
(180,39)
(135,42)
(131,47)
(142,6)
(11,27)
(199,11)
(199,15)
(2,34)
(0,21)
(181,9)
(178,41)
(176,39)
(17,32)
(89,2)
(76,43)
(133,8)
(139,6)
(103,27)
(132,24)
(184,16)
(98,16)
(106,15)
(177,28)
(194,26)
(7,18)
(115,47)
(58,8)
(181,21)
(146,44)
(164,34)
(99,30)
(18,12)
(128,29)
(72,39)
(37,16)
(82,32)
(79,18)
(70,23)
(167,11)
(109,19)
(84,10)
(52,27)
(1,46)
(0,24)
(168,26)
(83,11)
(89,9)
(132,18)
(130,6)
(34,19)
(169,24)
(185,28)
(129,36)
(34,4)
(30,18)
(174,14)
(105,27)
(99,3)
(183,20)
(38,44)
(123,11)
(97,46)
(39,35)
(84,11)
(11,32)
(86,2)
(8,17)
(15,14)
(64,29)
(183,12)
(198,5)
(40,16)
(89,38)
(194,0)
(83,29)
(21,47)
(57,31)
(41,17)
(160,46)
(106,43)
(181,5)
(75,30)
(161,28)
(187,25)
(96,21)
(192,16)
(63,16)
(153,0)
(167,12)
(165,37)
(37,22)
(5,47)
(71,9)
(94,16)
(86,16)
(20,18)
(102,0)
(2,17)
(127,7)
(192,9)
(36,39)
(102,45)
(75,44)
(159,43)
(171,21)
(191,6)
(138,32)
(33,33)
(25,34)
(6,41)
(53,21)
(23,10)
(93,12)
(168,22)
(35,36)
(76,5)
(176,5)
(108,36)
(152,6)
(189,47)
(53,25)
(187,46)
(111,42)
(105,38)
(82,16)
(38,1)
(61,19)
(172,10)
(132,5)
(163,16)
(188,9)
(79,34)
(147,36)
(50,42)
(93,32)
(137,10)
(177,35)
(44,6)
(73,0)
(55,15)
(117,37)
(169,40)
(67,20)
(156,4)
(40,14)
(157,13)
(37,20)
(196,15)
(33,7)
(94,14)
(150,38)
(124,8)
(33,40)
(150,14)
(141,27)
(50,44)
(119,21)
(79,12)
(88,4)
(107,26)
(187,23)
(74,41)
(94,27)
(55,19)
(162,21)
(154,37)
(39,6)
(140,38)
(137,24)
(163,18)
(106,11)
(141,31)
(104,13)
(1,7)
(26,2)
(133,44)
(145,47)
(45,38)
(39,15)
(112,41)
(163,19)
(16,9)
(127,9)
(88,27)
(164,22)
(26,37)
(143,26)
(156,3)
(10,2)
(196,17)
(14,29)
(76,6)
(17,5)
(122,1)
(167,26)
(157,8)
(9,35)
(134,20)
(183,15)
(18,42)
(142,25)
(7,26)
(71,43)
(92,8)
(53,23)
(150,18)
(118,35)
(117,1)
(74,13)
(181,34)
(62,28)
(122,7)
(78,25)
(198,47)
(113,44)
(135,12)
(67,27)
(64,14)
(156,45)
(115,35)
(163,41)
(182,26)
(51,37)
(122,34)
(119,43)
(28,18)
(184,23)
(19,45)
(53,31)
(166,35)
(83,38)
(186,12)
(2,9)
(193,36)
(19,32)
(33,47)
(27,24)
(98,43)
(190,38)
(115,41)
(194,4)
(149,47)
(189,24)
(129,35)
(131,30)
(197,6)
(118,7)
(80,14)
(115,18)
(8,9)
(7,23)
(86,18)
(60,21)
(184,7)
(191,0)
(26,30)
(53,10)
(62,40)
(5,5)
(94,18)
(115,40)
(135,30)
(197,15)
(63,39)
(165,24)
(173,35)
(102,12)
(36,21)
(19,47)
(10,35)
(131,34)
(101,40)
(82,24)
(106,10)
(47,32)
(97,20)
(33,11)
(35,15)
(179,3)
(10,11)
(57,45)
(24,17)
(95,28)
(82,43)
(170,44)
(85,31)
(148,3)
(183,9)
(156,5)
(137,43)
(159,28)
(161,6)
(96,32)
(167,31)
(144,19)
(86,21)
(176,10)
(176,7)
(77,32)
(14,16)
(146,33)
(198,41)
(36,25)
(114,21)
(185,2)
(118,22)
(145,40)
(152,16)
(198,12)
(9,46)
(148,33)
(13,19)
(123,7)
(155,10)
(13,39)
(17,27)
(184,33)
(150,43)
(139,22)
(90,34)
(97,29)
(149,39)
(184,35)
(136,20)
(128,21)
(104,34)
(115,24)
(83,34)
(195,19)
(67,39)
(10,14)
(117,4)
(65,5)
(190,14)
(112,18)
(191,10)
(106,37)
(159,11)
(74,5)
(90,12)
(158,11)
(136,47)
(10,42)
(151,38)
(135,10)
(90,5)
(142,40)
(16,28)
(136,30)
(127,14)
(119,35)
(170,40)
(120,42)
(187,38)
(150,40)
(190,16)
(33,39)
(119,30)
(1,29)
(171,42)
(184,29)
(140,16)
(81,42)
(133,10)
(142,18)
(198,15)
(56,5)
(178,46)
(184,40)
(160,28)
(122,36)
(177,20)
(106,32)
(118,34)
(172,7)
(35,23)
(9,6)
(72,45)
(189,21)
(119,44)
(146,39)
(20,25)
(152,19)
(195,4)
(50,27)
(133,32)
(12,24)
(35,26)
(135,40)
(78,18)
(138,3)
(197,21)
(113,32)
(87,45)
(67,4)
(18,24)
(193,34)
(3,2)
(142,29)
(138,19)
(36,43)
(55,16)
(21,7)
(79,47)
(182,42)
(135,6)
(93,34)
(95,32)
(185,43)
(161,25)
(61,23)
(15,28)
(42,10)
(161,39)
(109,29)
(42,15)
(74,24)
(98,41)
(78,41)
(89,5)
(136,8)
(86,3)
(182,45)
(89,21)
(140,29)
(52,29)
(36,44)
(36,31)
(151,45)
(130,3)
(164,11)
(112,7)
(6,47)
(84,3)
(80,33)
(156,42)
(140,25)
(104,32)
(118,36)
(58,28)
(70,1)
(96,24)
(190,39)
(0,26)
(70,11)
(197,17)
(13,11)
(131,4)
(199,0)
(122,0)
(1,38)
(83,5)
(8,38)
(54,39)
(103,0)
(148,2)
(195,44)
(73,18)
(166,39)
(44,4)
(122,18)
(120,14)
(158,6)
(158,12)
(154,23)
(31,35)
(137,27)
(12,35)
(138,43)
(152,1)
(23,25)
(40,35)
(24,28)
(165,40)
(148,20)
(174,2)
(38,3)
(175,33)
(191,47)
(90,26)
(19,9)
(88,14)
(178,6)
(54,22)
(56,24)
(9,28)
(62,16)
(46,29)
(46,20)
(174,16)
(70,5)
(149,3)
(11,19)
(90,15)
(172,34)
(134,30)
(1,17)
(35,27)
(6,11)
(165,31)
(55,30)
(52,2)
(68,36)
(56,12)
(156,2)
(44,20)
(148,13)
(158,3)
(24,39)
(156,7)
(198,32)
(40,12)
(113,29)
(94,44)
(46,17)
(133,4)
(42,8)
(105,25)
(123,0)
(193,7)
(130,31)
(156,32)
(126,1)
(83,4)
(41,41)
(48,11)
(94,26)
(30,25)
(91,6)
(121,24)
(65,38)
(21,8)
(103,9)
(127,21)
(159,35)
(173,43)
(14,4)
(181,20)
(170,14)
(156,37)
(59,24)
(114,4)
(182,8)
(22,45)
(87,20)
(108,44)
(97,10)
(6,3)
(12,17)
(95,7)
(59,13)
(55,20)
(19,34)
(182,17)
(75,24)
(185,19)
(32,42)
(170,47)
(14,43)
(57,40)
(30,28)
(181,12)
(11,34)
(17,12)
(126,36)
(44,29)
(42,35)
(40,11)
(145,45)
(42,3)
(66,1)
(27,7)
(1,3)
(11,20)
(171,28)
(82,12)
(184,32)
(199,16)
(24,9)
(135,32)
(82,44)
(37,13)
(194,34)
(100,28)
(115,43)
(84,16)
(53,12)
(137,33)
(8,0)
(181,8)
(72,33)
(191,40)
(146,23)
(49,34)
(30,23)
(4,24)
(72,19)
(35,9)
(182,18)
(68,26)
(99,15)
(99,34)
(68,8)
(140,46)
(95,44)
(168,28)
(20,15)
(120,35)
(128,5)
(196,4)
(178,30)
(37,43)
(189,32)
(9,19)
(19,38)
(138,11)
(154,36)
(37,4)
(122,3)
(102,15)
(162,9)
(197,23)
(196,22)
(29,27)
(155,13)
(1,21)
(143,20)
(11,31)
(96,30)
(152,42)
(99,45)
(45,7)
(123,26)
(56,6)
(144,46)
(61,24)
(0,22)
(76,12)
(40,1)
(111,27)
(81,28)
(3,38)
(63,43)
(109,45)
(177,17)
(17,40)
(22,9)
(126,4)
(53,32)
(110,32)
(145,42)
(26,13)
(50,21)
(163,21)
(63,38)
(110,22)
(189,42)
(149,23)
(150,44)
(115,26)
(8,42)
(116,1)
(147,8)
(139,37)
(33,5)
(65,39)
(50,34)
(145,39)
(96,29)
(61,12)
(60,36)
(66,7)
(5,44)
(149,6)
(152,10)
(187,33)
(14,7)
(63,29)
(102,46)
(107,5)
(198,22)
(46,10)
(25,25)
(127,13)
(85,19)
(168,19)
(68,9)
(75,28)
(29,31)
(88,9)
(168,44)
(27,29)
(100,26)
(64,1)
(52,8)
(6,43)
(92,0)
(103,20)
(99,23)
(171,6)
(12,14)
(17,35)
(32,17)
(175,13)
(89,26)
(199,40)
(72,7)
(151,10)
(110,25)
(127,46)
(59,12)
(181,26)
(13,34)
(177,22)
(148,43)
(39,41)
(43,30)
(122,28)
(68,1)
(110,8)
(30,42)
(196,46)
(115,29)
(71,22)
(52,25)
(175,17)
(13,40)
(25,10)
(114,6)
(178,25)
(103,26)
(97,18)
(149,32)
(162,42)
(140,10)
(160,37)
(193,33)
(182,0)
(168,33)
(196,40)
(120,12)
(182,32)
(79,30)
(124,11)
(1,32)
(85,5)
(65,41)
(1,13)
(42,46)
(63,19)
(188,21)
(101,26)
(174,43)
(5,39)
(183,8)
(115,14)
(121,47)
(153,14)
(139,1)
(10,1)
(130,22)
(179,10)
(34,41)
(82,17)
(21,37)
(195,36)
(195,17)
(53,41)
(113,41)
(79,37)
(140,7)
(14,24)
(194,24)
(139,47)
(42,33)
(79,2)
(199,36)
(181,31)
(199,18)
(56,16)
(101,37)
(102,34)
(76,16)
(68,13)
(152,4)
(65,14)
(55,4)
(149,45)
(15,25)
(154,42)
(185,4)
(33,16)
(109,31)
(88,25)
(90,7)
(54,42)
(138,21)
(82,37)
(94,11)
(71,18)
(160,34)
(70,8)
(90,16)
(85,20)
(164,19)
(65,31)
(81,35)
(194,9)
(125,5)
(47,11)
(139,23)
(150,23)
(3,45)
(148,45)
(153,21)
(11,11)
(179,23)
(34,32)
(190,42)
(2,14)
(29,3)
(93,1)
(177,46)
(100,32)
(174,44)
(150,39)
(67,14)
(104,36)
(64,13)
(117,43)
(104,37)
(63,27)
(174,24)
(76,14)
(60,15)
(120,5)
(15,22)
(124,37)
(150,19)
(155,9)
(85,15)
(32,35)
(84,4)
(32,20)
(8,44)
(108,11)
(116,16)
(158,26)
(190,5)
(59,32)
(76,32)
(169,15)
(87,24)
(121,3)
(183,26)
(121,42)
(55,36)
(145,1)
(159,23)
(131,31)
(150,16)
(81,45)
(73,24)
(193,4)
(143,45)
(119,6)
(48,38)
(27,42)
(189,15)
(42,29)
(20,33)
(39,39)
(195,39)
(127,23)
(91,5)
(41,39)
(10,18)
(55,28)
(24,7)
(6,22)
(69,45)
(70,14)
(89,13)
(118,6)
(188,6)
(73,42)
(16,33)
(187,14)
(99,40)
(178,9)
(16,5)
(47,3)
(140,36)
(24,40)
(193,20)
(122,4)
(172,26)
(78,44)
(70,9)
(101,14)
(47,37)
(36,12)
(29,47)
(122,26)
(99,47)
(129,44)
(93,26)
(190,10)
(164,25)
(130,5)
(143,41)
(162,24)
(164,9)
(189,38)
(77,9)
(160,10)
(103,21)
(3,21)
(151,12)
(117,44)
(132,39)
(47,15)
(89,35)
(177,11)
(70,47)
(80,23)
(110,31)
(199,6)
(139,17)
(33,14)
(73,34)
(2,31)
(27,47)
(177,7)
(43,36)
(108,3)
(158,17)
(138,45)
(51,5)
(187,36)
(28,27)
(186,34)
(71,12)
(178,16)
(152,17)
(194,27)
(94,36)
(59,30)
(98,19)
(163,32)
(56,2)
(45,31)
(95,3)
(0,18)
(11,24)
(67,29)
(46,41)
(34,33)
(106,45)
(15,40)
(48,22)
(55,10)
(58,41)
(122,22)
(53,17)
(32,31)
(14,47)
(62,19)
(181,40)
(36,30)
(89,1)
(70,20)
(116,9)
(54,43)
(143,39)
(104,19)
(138,36)
(112,31)
(114,20)
(73,5)
(145,25)
(71,33)
(141,20)
(47,22)
(29,35)
(154,24)
(189,14)
(132,13)
(35,30)
(20,39)
(105,4)
(143,32)
(60,18)
(81,34)
(83,12)
(179,7)
(120,37)
(164,8)
(4,37)
(136,10)
(70,2)
(81,24)
(150,8)
(189,30)
(72,8)
(12,5)
(97,37)
(10,9)
(151,3)
(67,15)
(123,38)
(137,23)
(114,31)
(181,25)
(190,25)
(3,11)
(9,23)
(96,39)
(156,1)
(173,39)
(166,44)
(87,17)
(100,15)
(139,14)
(152,40)
(57,19)
(179,20)
(160,22)
(142,11)
(131,25)
(64,34)
(92,31)
(78,38)
(113,25)
(199,21)
(113,17)
(3,39)
(184,38)
(97,24)
(93,25)
(98,14)
(131,11)
(34,8)
(125,33)
(152,9)
(44,47)
(131,40)
(42,11)
(29,19)
(11,25)
(190,1)
(152,43)
(45,47)
(38,36)
(112,17)
(138,12)
(7,40)
(117,36)
(117,8)
(6,13)
(110,28)
(84,21)
(166,37)
(93,16)
(5,2)
(129,42)
(25,23)
(11,16)
(97,30)
(30,47)
(117,17)
(10,13)
(16,0)
(183,14)
(64,4)
(104,12)
(126,20)
(34,31)
(82,38)
(176,42)
(29,39)
(68,15)
(59,16)
(123,16)
(134,13)
(92,38)
(22,42)
(127,44)
(141,21)
(121,21)
(187,35)
(9,4)
(160,43)
(197,47)
(32,45)
(71,5)
(42,42)
(1,20)
(4,23)
(143,33)
(38,46)
(22,25)
(29,30)
(116,3)
(158,30)
(159,41)
(46,22)
(92,47)
(152,39)
(72,15)
(168,36)
(26,23)
(42,38)
(89,27)
(39,34)
(198,44)
(3,28)
(143,40)
(6,9)
(79,22)
(3,35)
(159,16)
(187,29)
(93,42)
(101,5)
(134,8)
(54,12)
(181,13)
(59,27)
(74,3)
(163,3)
(177,5)
(187,21)
(177,14)
(144,15)
(110,23)
(153,15)
(131,19)
(169,13)
(152,36)
(76,37)
(38,33)
(139,11)
(47,38)
(35,34)
(103,28)
(102,29)
(50,40)
(24,37)
(52,5)
(138,20)
(65,30)
(192,0)
(145,36)
(9,39)
(65,25)
(12,26)
(38,23)
(165,33)
(192,17)
(82,42)
(160,15)
(151,19)
(89,31)
(92,24)
(95,42)
(124,28)
(129,39)
(78,40)
(15,43)
(32,5)
(63,22)
(158,0)
(130,8)
(16,41)
(7,30)
(36,34)
(97,44)
(155,30)
(123,24)
(45,0)
(127,1)
(110,14)
(154,45)
(90,37)
(133,9)
(182,37)
(10,43)
(137,39)
(198,38)
(50,23)
(157,12)
(36,29)
(128,22)
(124,34)
(78,4)
(0,29)
(10,22)
(46,38)
(60,32)
(185,5)
(141,15)
(162,5)
(110,27)
(147,20)
(60,0)
(186,31)
(64,43)
(30,9)
(110,43)
(120,36)
(4,38)
(9,47)
(89,44)
(174,18)
(6,26)
(21,6)
(69,17)
(84,12)
(40,22)
(59,36)
(9,29)
(175,39)
(84,2)
(72,41)
(143,42)
(54,6)
(186,13)
(134,2)
(107,39)
(164,33)
(85,35)
(87,35)
(31,6)
(103,18)
(191,25)
(50,20)
(84,5)
(36,41)
(153,8)
(181,44)
(107,47)
(86,38)
(69,9)
(104,3)
(12,19)
(37,26)
(148,39)
(16,38)
(170,32)
(40,41)
(111,6)
(31,29)
(19,17)
(62,45)
(0,4)
(186,37)
(122,30)
(41,47)
(10,34)
(93,14)
(130,21)
(113,11)
(67,16)
(156,31)
(172,4)
(163,39)
(84,34)
(9,11)
(163,36)
(63,24)
(38,22)
(5,18)
(155,32)
(114,39)
(38,35)
(20,9)
(163,8)
(106,46)
(162,38)
(62,31)
(55,22)
(26,19)
(23,46)
(135,20)
(75,20)
(198,20)
(189,39)
(44,23)
(114,2)
(130,32)
(136,41)
(8,36)
(56,42)
(95,5)
(48,29)
(139,27)
(191,15)
(57,5)
(199,41)
(78,3)
(64,10)
(27,34)
(180,8)
(136,17)
(166,42)
(15,35)
(143,4)
(68,44)
(90,45)
(133,34)
(61,43)
(172,20)
(140,6)
(124,44)
(89,17)
(139,43)
(62,6)
(138,0)
(91,46)
(2,21)
(80,38)
(151,13)
(193,23)
(125,4)
(189,29)
(89,8)
(53,8)
(112,42)
(42,7)
(138,4)
(41,5)
(59,6)
(149,33)
(165,32)
(89,46)
(186,6)
(78,47)
(166,19)
(71,36)
(87,31)
(86,6)
(171,8)
(43,40)
(13,18)
(179,35)
(174,22)
(51,11)
(26,47)
(16,22)
(177,16)
(114,13)
(46,9)
(90,46)
(69,19)
(87,4)
(26,14)
(198,6)
(189,36)
(172,12)
(195,27)
(180,12)
(89,39)
(10,15)
(12,22)
(27,36)
(165,3)
(79,41)
(161,43)
(3,42)
(192,20)
(179,43)
(101,28)
(54,36)
(199,9)
(38,5)
(51,35)
(121,27)
(199,20)
(154,16)
(187,17)
(131,14)
(113,46)
(99,22)
(192,10)
(16,31)
(93,38)
(32,37)
(33,23)
(132,31)
(95,17)
(8,37)
(180,28)
(83,19)
(197,10)
(0,23)
(163,5)
(123,12)
(154,22)
(40,24)
(182,28)
(141,22)
(124,21)
(24,34)
(119,12)
(151,27)
(128,17)
(31,21)
(65,47)
(92,25)
(193,40)
(65,23)
(58,22)
(172,28)
(35,47)
(191,18)
(112,10)
(8,28)
(101,47)
(17,16)
(63,36)
(8,5)
(100,29)
(115,39)
(62,8)
(89,29)
(109,42)
(95,31)
(24,26)
(95,6)
(175,32)
(191,13)
(146,30)
(52,0)
(102,40)
(20,0)
(166,46)
(114,10)
(54,45)
(82,33)
(63,10)
(197,13)
(164,20)
(107,14)
(172,15)
(93,20)
(49,28)
(93,22)
(13,23)
(56,28)
(26,39)
(37,41)
(72,17)
(163,46)
(162,44)
(141,8)
(177,18)
(118,28)
(75,29)
(110,19)
(189,43)
(50,41)
(167,15)
(165,5)
(129,33)
(137,9)
(84,15)
(52,45)
(12,29)
(170,24)
(155,2)
(16,13)
(159,10)
(89,28)
(70,44)
(103,2)
(163,14)
(73,10)
(151,35)
(44,15)
(145,24)
(178,40)
(71,34)
(172,18)
(134,12)
(116,47)
(1,27)
(191,41)
(70,24)
(30,29)
(5,35)
(80,3)
(199,24)
(49,23)
(126,22)
(175,16)
(29,17)
(177,34)
(103,13)
(101,43)
(190,18)
(48,24)
(42,39)
(159,20)
(164,43)
(100,45)
(199,7)
(91,28)
(126,47)
(33,36)
(31,27)
(59,37)
(4,10)
(180,41)
(116,34)
(66,29)
(97,17)
(97,7)
(52,42)
(70,38)
(139,40)
(67,38)
(196,13)
(153,18)
(6,5)
(66,18)
(72,1)
(7,19)
(8,40)
(121,41)
(7,29)
(72,6)
(97,26)
(173,42)
(31,17)
(112,5)
(124,10)
(76,23)
(37,29)
(128,40)
(46,36)
(95,20)
(179,25)
(90,36)
(2,42)
(78,46)
(175,23)
(167,24)
(136,5)
(67,33)
(163,31)
(32,13)
(85,9)
(154,38)
(55,17)
(13,13)
(114,37)
(6,30)
(24,12)
(87,42)
(97,6)
(81,15)
(91,14)
(54,29)
(95,19)
(33,30)
(179,18)
(24,22)
(88,15)
(74,30)
(29,13)
(122,41)
(13,25)
(143,44)
(39,38)
(197,41)
(82,14)
(17,9)
(153,33)
(166,6)
(147,23)
(186,22)
(178,4)
(17,46)
(191,30)
(8,26)
(90,11)
(165,28)
(57,9)
(161,31)
(198,16)
(139,42)
(174,8)
(84,26)
(99,8)
(35,41)
(102,5)
(73,2)
(0,27)
(186,20)
(47,18)
(113,9)
(37,24)
(61,46)
(82,5)
(46,19)
(53,3)
(23,31)
(113,39)
(88,5)
(49,9)
(54,26)
(14,25)
(41,28)
(194,15)
(37,30)
(112,34)
(122,8)
(16,15)
(107,20)
(64,8)
(88,22)
(99,44)
(199,39)
(99,43)
(109,15)
(162,12)
(148,14)
(150,27)
(50,25)
(10,46)
(107,38)
(101,41)
(133,37)
(7,37)
(60,24)
(187,16)
(183,2)
(101,20)
(127,34)
(49,14)
(144,18)
(19,27)
(40,32)
(54,21)
(55,34)
(13,0)
(190,19)
(74,7)
(21,38)
(5,34)
(67,10)
(25,36)
(44,38)
(164,36)
(70,22)
(28,41)
(103,32)
(27,27)
(113,12)
(193,8)
(73,4)
(51,45)
(138,17)
(104,25)
(55,14)
(57,38)
(23,20)
(149,0)
(73,6)
(149,26)
(21,41)
(144,33)
(4,41)
(187,37)
(177,25)
(194,46)
(11,36)
(35,5)
(117,2)
(26,34)
(18,46)
(99,26)
(87,6)
(194,45)
(81,17)
(46,46)
(153,16)
(45,19)
(107,36)
(103,38)
(33,25)
(170,11)
(52,28)
(25,9)
(129,4)
(12,2)
(176,4)
(54,19)
(188,45)
(30,21)
(199,22)
(178,11)
(125,46)
(161,47)
(148,21)
(160,45)
(99,19)
(119,45)
(146,45)
(57,23)
(146,43)
(162,33)
(165,26)
(135,7)
(169,43)
(167,30)
(69,2)
(46,21)
(101,30)
(5,28)
(52,12)
(137,30)
(175,27)
(73,23)
(138,10)
(142,7)
(123,28)
(52,16)
(73,7)
(128,26)
(71,40)
(53,26)
(101,12)
(73,33)
(103,1)
(130,18)
(51,27)
(139,30)
(198,9)
(163,30)
(39,29)
(98,0)
(134,11)
(42,19)
(114,35)
(143,46)
(169,14)
(102,10)
(130,14)
(117,29)
(68,10)
(161,36)
(95,27)
(127,29)
(118,18)
(181,37)
(196,9)
(133,24)
(100,4)
(160,31)
(99,35)
(175,0)
(11,4)
(67,17)
(187,9)
(133,21)
(28,4)
(80,26)
(10,45)
(115,16)
(28,5)
(105,17)
(90,17)
(137,18)
(59,42)
(152,27)
(74,15)
(81,31)
(71,37)
(99,6)
(52,33)
(64,38)
(199,44)
(165,42)
(116,37)
(98,7)
(27,30)
(126,19)
(11,45)
(38,4)
(42,22)
(144,36)
(151,0)
(193,17)
(120,27)
(113,37)
(103,10)
(0,47)
(178,42)
(29,16)
(188,47)
(94,20)
(41,44)
(115,2)
(118,32)
(139,10)
(76,34)
(177,15)
(113,34)
(191,43)
(36,11)
(115,25)
(59,29)
(54,9)
(41,22)
(111,29)
(197,20)
(51,9)
(135,21)
(73,35)
(25,46)
(181,16)
(104,38)
(7,42)
(154,26)
(18,33)
(53,35)
(188,12)
(24,21)
(49,40)
(42,14)
(170,39)
(85,18)
(33,15)
(102,39)
(186,25)
(162,34)
(181,32)
(82,41)
(114,19)
(74,9)
(26,6)
(50,4)
(180,3)
(176,13)
(144,37)
(40,40)
(193,32)
(131,24)
(115,13)
(13,31)
(29,44)
(162,11)
(69,6)
(91,29)
(155,7)
(29,10)
(5,10)
(66,33)
(53,39)
(188,2)
(74,39)
(111,23)
(118,19)
(150,5)
(127,26)
(196,20)
(20,41)
(33,18)
(35,18)
(82,40)
(135,1)
(187,39)
(199,14)
(130,2)
(172,5)
(139,28)
(29,7)
(187,20)
(12,20)
(190,8)
(171,13)
(78,37)
(103,3)
(72,18)
(1,40)
(65,37)
(130,37)
(150,25)
(160,39)
(141,34)
(117,28)
(170,34)
(128,33)
(76,8)
(64,26)
(122,43)
(37,47)
(5,46)
(127,19)
(131,43)
(24,43)
(78,22)
(181,35)
(96,23)
(62,7)
(188,3)
(11,47)
(138,27)
(52,44)
(140,30)
(151,23)
(4,45)
(171,32)
(159,27)
(178,27)
(64,32)
(80,36)
(132,20)
(25,7)
(58,17)
(129,32)
(62,30)
(42,13)
(4,26)
(193,42)
(190,7)
(102,14)
(50,1)
(35,20)
(57,20)
(118,16)
(111,46)
(105,21)
(152,3)
(11,6)
(37,3)
(150,22)
(170,2)
(125,6)
(82,18)
(178,26)
(167,43)
(54,10)
(123,9)
(174,35)
(74,47)
(141,43)
(56,13)
(56,44)
(3,46)
(74,14)
(33,42)
(66,42)
(65,18)
(172,37)
(91,23)
(96,31)
(44,3)
(76,33)
(128,8)
(179,1)
(28,33)
(0,15)
(35,29)
(186,43)
(46,8)
(51,41)
(141,0)
(163,10)
(160,19)
(138,29)
(44,34)
(181,42)
(121,19)
(142,30)
(157,16)
(115,38)
(66,11)
(75,22)
(63,11)
(58,29)
(27,0)
(159,47)
(139,41)
(145,30)
(167,47)
(118,12)
(199,28)
(142,8)
(115,12)
(35,44)
(84,40)
(15,27)
(172,31)
(100,11)
(197,32)
(190,35)
(16,37)
(36,46)
(112,20)
(30,45)
(143,27)
(106,26)
(117,19)
(109,18)
(19,8)
(85,41)
(196,14)
(39,47)
(45,29)
(135,5)
(65,45)
(78,42)
(143,12)
(120,21)
(184,15)
(147,33)
(163,11)
(175,1)
(28,10)
(36,18)
(65,43)
(176,29)
(124,35)
(107,21)
(37,37)
(168,29)
(135,22)
(127,5)
(190,22)
(67,43)
(11,7)
(168,16)
(131,22)
(88,21)
(104,9)
(20,14)
(58,13)
(10,39)
(174,10)
(106,8)
(66,40)
(20,13)
(38,19)
(50,31)
(66,20)
(16,18)
(111,47)
(99,46)
(135,26)
(3,41)
(15,19)
(5,12)
(48,4)
(159,21)
(93,9)
(166,25)
(93,36)
(25,43)
(104,44)
(0,13)
(184,21)
(175,3)
(28,19)
(126,12)
(36,47)
(105,37)
(173,22)
(36,40)
(109,1)
(141,19)
(160,21)
(197,31)
(199,29)
(1,23)
(176,25)
(73,20)
(98,32)
(122,2)
(64,3)
(23,33)
(60,25)
(51,43)
(37,7)
(171,15)
(143,14)
(38,17)
(19,13)
(42,1)
(157,22)
(158,25)
(58,23)
(146,10)
(45,13)
(63,30)
(35,19)
(81,47)
(74,19)
(161,3)
(119,19)
(133,30)
(27,41)
(1,19)
(159,40)
(165,10)
(177,31)
(165,29)
(72,36)
(41,30)
(114,23)
(171,27)
(65,27)
(135,9)
(131,46)
(171,12)
(69,3)
(128,14)
(151,42)
(152,25)
(45,26)
(110,12)
(37,36)
(29,26)
(105,15)
(24,1)
(30,1)
(135,25)
(45,8)
(177,33)
(97,3)
(64,45)
(130,43)
(148,11)
(56,0)
(138,47)
(124,13)
(136,19)
(175,22)
(186,39)
(155,17)
(195,32)
(90,47)
(86,25)
(35,10)
(36,5)
(28,32)
(114,25)
(154,30)
(41,13)
(113,23)
(115,10)
(73,37)
(166,24)
(112,21)
(111,26)
(174,29)
(13,46)
(155,5)
(90,31)
(19,22)
(99,27)
(187,24)
(194,18)
(111,4)
(115,5)
(50,17)
(15,36)
(162,31)
(150,7)
(75,21)
(190,30)
(175,21)
(137,35)
(131,38)
(67,32)
(65,13)
(190,31)
(88,1)
(31,14)
(196,37)
(32,39)
(34,39)
(144,24)
(59,28)
(99,36)
(98,38)
(154,19)
(74,34)
(71,15)
(154,39)
(91,9)
(35,45)
(115,32)
(183,44)
(199,31)
(68,37)
(147,34)
(83,42)
(70,21)
(81,26)
(187,30)
(199,27)
(169,31)
(129,26)
(49,35)
(27,39)
(50,30)
(151,4)
(63,25)
(149,29)
(62,14)
(24,35)
(9,14)
(199,19)
(170,33)
(133,5)
(133,23)
(52,34)
(51,12)
(145,46)
(160,32)
(98,30)
(143,7)
(31,2)
(15,29)
(57,6)
(16,11)
(192,1)
(117,27)
(186,9)
(35,12)
(121,23)
(7,21)
(14,10)
(166,38)
(75,2)
(58,43)
(176,33)
(20,11)
(159,22)
(123,4)
(46,26)
(145,10)
(130,10)
(127,8)
(38,25)
(95,38)
(133,25)
(50,26)
(81,44)
(75,5)
(148,12)
(41,4)
(120,23)
(34,42)
(142,2)
(10,26)
(78,43)
(60,16)
(189,46)
(64,47)
