300 Users
41 Files
2500 Transactions
2 Maximum Connections
1 Cycle Length per Upload-Download
0 Warm-up Transactions
0.400000 Zipf constant
5 Pre-Trusted Users
260 Well-Behaved (Good) Users
40 Purely Malicious Users
0 Feedback Skewing Users
0 Malignant Providing Users
0 Disguised Malicous Users
0 Sybil Attack Users
true Intelligent Trans. Generation
1561014778190 Trace Generation Seed

(0.040646,0.000000,1,false)
(0.090850,0.000000,1,false)
(0.085483,0.000000,1,false)
(0.045840,0.000000,1,false)
(0.013261,0.000000,1,false)
(0.040515,0.000000,1,false)
(0.020011,0.000000,1,false)
(0.020113,0.000000,1,false)
(0.014408,0.000000,1,false)
(0.024442,0.000000,1,false)
(0.096467,0.000000,1,false)
(0.000271,0.000000,1,false)
(0.036119,0.000000,1,false)
(0.010285,0.000000,1,false)
(0.036902,0.000000,1,false)
(0.060361,0.000000,1,false)
(0.054541,0.000000,1,false)
(0.042051,0.000000,1,false)
(0.071651,0.000000,1,false)
(0.030627,0.000000,1,false)
(0.095006,0.000000,1,false)
(0.056455,0.000000,1,false)
(0.091655,0.000000,1,false)
(0.071186,0.000000,1,false)
(0.054542,0.000000,1,false)
(0.004055,0.000000,1,false)
(0.041293,0.000000,1,false)
(0.067974,0.000000,1,false)
(0.054403,0.000000,1,false)
(0.051950,0.000000,1,false)
(0.084462,0.000000,1,false)
(0.074266,0.000000,1,false)
(0.066357,0.000000,1,false)
(0.069936,0.000000,1,false)
(0.061954,0.000000,1,false)
(0.022759,0.000000,1,false)
(0.080817,0.000000,1,false)
(0.005201,0.000000,1,false)
(0.046505,0.000000,1,false)
(0.062976,0.000000,1,false)
(0.937693,1.000000,0,true)
(0.967954,1.000000,0,true)
(0.906560,1.000000,0,true)
(0.963329,1.000000,0,true)
(0.931641,1.000000,0,true)
(0.977477,1.000000,0,false)
(0.920574,1.000000,0,false)
(0.910058,1.000000,0,false)
(0.908402,1.000000,0,false)
(0.978457,1.000000,0,false)
(0.980356,1.000000,0,false)
(0.965089,1.000000,0,false)
(0.978399,1.000000,0,false)
(0.974324,1.000000,0,false)
(0.945482,1.000000,0,false)
(0.983856,1.000000,0,false)
(0.986936,1.000000,0,false)
(0.941238,1.000000,0,false)
(0.998810,1.000000,0,false)
(0.992638,1.000000,0,false)
(0.910141,1.000000,0,false)
(0.990628,1.000000,0,false)
(0.927966,1.000000,0,false)
(0.937453,1.000000,0,false)
(0.989226,1.000000,0,false)
(0.954695,1.000000,0,false)
(0.927248,1.000000,0,false)
(0.927801,1.000000,0,false)
(0.927966,1.000000,0,false)
(0.951501,1.000000,0,false)
(0.994003,1.000000,0,false)
(0.969700,1.000000,0,false)
(0.975857,1.000000,0,false)
(0.979914,1.000000,0,false)
(0.977052,1.000000,0,false)
(0.999570,1.000000,0,false)
(0.963841,1.000000,0,false)
(0.910184,1.000000,0,false)
(0.915096,1.000000,0,false)
(0.919482,1.000000,0,false)
(0.950802,1.000000,0,false)
(0.973375,1.000000,0,false)
(0.980291,1.000000,0,false)
(0.995091,1.000000,0,false)
(0.977210,1.000000,0,false)
(0.912095,1.000000,0,false)
(0.916282,1.000000,0,false)
(0.910358,1.000000,0,false)
(0.907368,1.000000,0,false)
(0.936165,1.000000,0,false)
(0.931012,1.000000,0,false)
(0.977684,1.000000,0,false)
(0.973620,1.000000,0,false)
(0.929882,1.000000,0,false)
(0.972466,1.000000,0,false)
(0.978584,1.000000,0,false)
(0.914718,1.000000,0,false)
(0.982415,1.000000,0,false)
(0.980271,1.000000,0,false)
(0.958373,1.000000,0,false)
(0.926216,1.000000,0,false)
(0.959687,1.000000,0,false)
(0.967687,1.000000,0,false)
(0.918512,1.000000,0,false)
(0.913310,1.000000,0,false)
(0.904708,1.000000,0,false)
(0.947030,1.000000,0,false)
(0.942405,1.000000,0,false)
(0.955983,1.000000,0,false)
(0.943880,1.000000,0,false)
(0.966925,1.000000,0,false)
(0.954355,1.000000,0,false)
(0.962640,1.000000,0,false)
(0.989190,1.000000,0,false)
(0.982038,1.000000,0,false)
(0.947253,1.000000,0,false)
(0.901564,1.000000,0,false)
(0.960476,1.000000,0,false)
(0.925070,1.000000,0,false)
(0.922294,1.000000,0,false)
(0.959622,1.000000,0,false)
(0.908112,1.000000,0,false)
(0.996774,1.000000,0,false)
(0.963574,1.000000,0,false)
(0.984548,1.000000,0,false)
(0.994486,1.000000,0,false)
(0.932635,1.000000,0,false)
(0.921920,1.000000,0,false)
(0.920978,1.000000,0,false)
(0.992542,1.000000,0,false)
(0.944598,1.000000,0,false)
(0.905624,1.000000,0,false)
(0.951054,1.000000,0,false)
(0.981431,1.000000,0,false)
(0.972856,1.000000,0,false)
(0.970979,1.000000,0,false)
(0.998001,1.000000,0,false)
(0.962987,1.000000,0,false)
(0.916193,1.000000,0,false)
(0.972592,1.000000,0,false)
(0.945505,1.000000,0,false)
(0.988245,1.000000,0,false)
(0.939764,1.000000,0,false)
(0.972429,1.000000,0,false)
(0.967034,1.000000,0,false)
(0.970642,1.000000,0,false)
(0.986424,1.000000,0,false)
(0.917366,1.000000,0,false)
(0.947413,1.000000,0,false)
(0.971812,1.000000,0,false)
(0.941851,1.000000,0,false)
(0.977771,1.000000,0,false)
(0.914044,1.000000,0,false)
(0.977025,1.000000,0,false)
(0.924707,1.000000,0,false)
(0.994182,1.000000,0,false)
(0.977073,1.000000,0,false)
(0.930377,1.000000,0,false)
(0.990928,1.000000,0,false)
(0.905653,1.000000,0,false)
(0.906636,1.000000,0,false)
(0.974710,1.000000,0,false)
(0.956016,1.000000,0,false)
(0.931668,1.000000,0,false)
(0.950989,1.000000,0,false)
(0.938039,1.000000,0,false)
(0.950798,1.000000,0,false)
(0.949717,1.000000,0,false)
(0.921873,1.000000,0,false)
(0.926903,1.000000,0,false)
(0.934623,1.000000,0,false)
(0.952756,1.000000,0,false)
(0.942929,1.000000,0,false)
(0.927592,1.000000,0,false)
(0.995347,1.000000,0,false)
(0.984695,1.000000,0,false)
(0.973259,1.000000,0,false)
(0.978599,1.000000,0,false)
(0.967686,1.000000,0,false)
(0.937944,1.000000,0,false)
(0.981427,1.000000,0,false)
(0.961928,1.000000,0,false)
(0.900655,1.000000,0,false)
(0.954713,1.000000,0,false)
(0.955245,1.000000,0,false)
(0.967042,1.000000,0,false)
(0.900794,1.000000,0,false)
(0.903397,1.000000,0,false)
(0.989630,1.000000,0,false)
(0.909245,1.000000,0,false)
(0.970754,1.000000,0,false)
(0.902808,1.000000,0,false)
(0.998621,1.000000,0,false)
(0.934235,1.000000,0,false)
(0.952580,1.000000,0,false)
(0.940372,1.000000,0,false)
(0.948327,1.000000,0,false)
(0.912288,1.000000,0,false)
(0.971619,1.000000,0,false)
(0.975630,1.000000,0,false)
(0.905146,1.000000,0,false)
(0.919230,1.000000,0,false)
(0.960506,1.000000,0,false)
(0.937445,1.000000,0,false)
(0.938017,1.000000,0,false)
(0.916865,1.000000,0,false)
(0.923027,1.000000,0,false)
(0.912320,1.000000,0,false)
(0.904778,1.000000,0,false)
(0.982922,1.000000,0,false)
(0.974936,1.000000,0,false)
(0.982034,1.000000,0,false)
(0.990895,1.000000,0,false)
(0.999869,1.000000,0,false)
(0.972874,1.000000,0,false)
(0.901546,1.000000,0,false)
(0.953871,1.000000,0,false)
(0.993103,1.000000,0,false)
(0.913602,1.000000,0,false)
(0.912693,1.000000,0,false)
(0.958596,1.000000,0,false)
(0.912035,1.000000,0,false)
(0.953562,1.000000,0,false)
(0.965676,1.000000,0,false)
(0.967687,1.000000,0,false)
(0.972494,1.000000,0,false)
(0.963574,1.000000,0,false)
(0.968667,1.000000,0,false)
(0.976568,1.000000,0,false)
(0.925677,1.000000,0,false)
(0.995081,1.000000,0,false)
(0.906087,1.000000,0,false)
(0.955588,1.000000,0,false)
(0.987485,1.000000,0,false)
(0.992843,1.000000,0,false)
(0.958193,1.000000,0,false)
(0.980921,1.000000,0,false)
(0.952633,1.000000,0,false)
(0.944372,1.000000,0,false)
(0.918578,1.000000,0,false)
(0.902269,1.000000,0,false)
(0.930341,1.000000,0,false)
(0.908624,1.000000,0,false)
(0.942026,1.000000,0,false)
(0.908630,1.000000,0,false)
(0.972647,1.000000,0,false)
(0.915599,1.000000,0,false)
(0.962880,1.000000,0,false)
(0.913385,1.000000,0,false)
(0.922582,1.000000,0,false)
(0.974497,1.000000,0,false)
(0.903677,1.000000,0,false)
(0.986938,1.000000,0,false)
(0.987438,1.000000,0,false)
(0.970932,1.000000,0,false)
(0.945247,1.000000,0,false)
(0.918942,1.000000,0,false)
(0.942287,1.000000,0,false)
(0.973482,1.000000,0,false)
(0.952853,1.000000,0,false)
(0.992812,1.000000,0,false)
(0.990672,1.000000,0,false)
(0.906443,1.000000,0,false)
(0.948111,1.000000,0,false)
(0.902800,1.000000,0,false)
(0.953049,1.000000,0,false)
(0.979169,1.000000,0,false)
(0.983574,1.000000,0,false)
(0.938336,1.000000,0,false)
(0.919086,1.000000,0,false)
(0.992747,1.000000,0,false)
(0.915784,1.000000,0,false)
(0.901652,1.000000,0,false)
(0.987325,1.000000,0,false)
(0.972006,1.000000,0,false)
(0.983459,1.000000,0,false)
(0.912872,1.000000,0,false)
(0.924992,1.000000,0,false)
(0.994968,1.000000,0,false)
(0.980196,1.000000,0,false)
(0.991841,1.000000,0,false)
(0.911900,1.000000,0,false)
(0.912859,1.000000,0,false)
(0.965654,1.000000,0,false)
(0.987867,1.000000,0,false)
(0.985393,1.000000,0,false)
(0.971664,1.000000,0,false)
(0.985646,1.000000,0,false)
(0.957375,1.000000,0,false)
(0.978217,1.000000,0,false)
(0.960947,1.000000,0,false)
(0.969910,1.000000,0,false)
(0.965162,1.000000,0,false)
(0.937950,1.000000,0,false)
(0.927302,1.000000,0,false)
(0.946559,1.000000,0,false)
(0.907485,1.000000,0,false)
(0.935290,1.000000,0,false)
(0.998264,1.000000,0,false)
(0.954264,1.000000,0,false)

(0,0,false)
(1,0,false)
(2,0,false)
(3,0,false)
(4,0,false)
(5,0,false)
(6,0,false)
(7,0,false)
(8,0,false)
(9,0,false)
(10,0,true)
(11,0,false)
(12,0,false)
(13,0,false)
(15,0,false)
(16,0,false)
(17,0,false)
(18,0,false)
(20,0,false)
(21,0,false)
(22,0,false)
(24,0,false)
(26,0,false)
(27,0,false)
(28,0,false)
(30,0,false)
(31,0,false)
(32,0,false)
(33,0,false)
(35,0,false)
(36,0,false)
(37,0,false)
(38,0,false)
(39,0,false)
(40,0,true)
(41,0,true)
(42,0,false)
(43,0,true)
(44,0,true)
(45,0,true)
(46,0,true)
(48,0,true)
(52,0,true)
(53,0,true)
(54,0,false)
(58,0,true)
(59,0,true)
(60,0,true)
(61,0,true)
(62,0,true)
(65,0,true)
(66,0,true)
(68,0,false)
(69,0,true)
(71,0,true)
(72,0,true)
(73,0,true)
(74,0,true)
(75,0,true)
(77,0,true)
(78,0,true)
(81,0,true)
(82,0,true)
(84,0,true)
(85,0,true)
(86,0,true)
(87,0,true)
(88,0,true)
(89,0,true)
(90,0,true)
(91,0,true)
(93,0,true)
(94,0,true)
(95,0,true)
(97,0,true)
(99,0,true)
(101,0,true)
(102,0,true)
(103,0,true)
(104,0,true)
(105,0,true)
(107,0,true)
(109,0,true)
(110,0,true)
(111,0,true)
(112,0,true)
(113,0,true)
(115,0,true)
(116,0,true)
(117,0,true)
(118,0,true)
(119,0,true)
(120,0,true)
(122,0,true)
(123,0,true)
(124,0,true)
(125,0,true)
(126,0,true)
(127,0,true)
(128,0,true)
(129,0,true)
(130,0,true)
(132,0,true)
(133,0,true)
(136,0,true)
(137,0,true)
(138,0,true)
(139,0,true)
(140,0,true)
(141,0,true)
(142,0,true)
(143,0,true)
(144,0,true)
(145,0,true)
(146,0,true)
(147,0,true)
(148,0,true)
(149,0,true)
(150,0,true)
(153,0,true)
(154,0,true)
(156,0,true)
(158,0,true)
(159,0,true)
(161,0,true)
(163,0,true)
(164,0,true)
(167,0,true)
(168,0,true)
(170,0,true)
(171,0,true)
(172,0,true)
(173,0,true)
(175,0,true)
(176,0,true)
(177,0,true)
(178,0,true)
(179,0,true)
(180,0,true)
(181,0,true)
(183,0,true)
(184,0,true)
(185,0,true)
(186,0,false)
(187,0,false)
(188,0,true)
(190,0,true)
(191,0,true)
(192,0,true)
(194,0,true)
(195,0,true)
(196,0,true)
(197,0,true)
(198,0,true)
(199,0,true)
(202,0,true)
(203,0,true)
(204,0,true)
(205,0,true)
(206,0,true)
(207,0,true)
(209,0,true)
(210,0,true)
(214,0,true)
(215,0,true)
(216,0,true)
(217,0,true)
(218,0,false)
(219,0,false)
(221,0,true)
(222,0,false)
(224,0,true)
(225,0,true)
(228,0,true)
(230,0,true)
(231,0,true)
(232,0,true)
(233,0,true)
(234,0,true)
(235,0,true)
(237,0,true)
(238,0,true)
(240,0,true)
(241,0,true)
(242,0,true)
(243,0,true)
(245,0,true)
(246,0,false)
(247,0,true)
(250,0,true)
(252,0,true)
(254,0,true)
(255,0,true)
(256,0,true)
(257,0,true)
(258,0,true)
(259,0,true)
(261,0,true)
(262,0,true)
(263,0,true)
(265,0,true)
(266,0,true)
(268,0,false)
(269,0,true)
(270,0,true)
(271,0,true)
(272,0,false)
(275,0,true)
(277,0,true)
(279,0,true)
(280,0,true)
(282,0,true)
(284,0,true)
(285,0,true)
(286,0,true)
(287,0,true)
(288,0,true)
(289,0,true)
(290,0,true)
(291,0,true)
(292,0,true)
(295,0,true)
(296,0,true)
(298,0,true)
(0,1,false)
(2,1,false)
(4,1,false)
(5,1,false)
(6,1,false)
(8,1,false)
(9,1,false)
(10,1,false)
(12,1,false)
(13,1,false)
(14,1,false)
(15,1,false)
(16,1,false)
(18,1,false)
(19,1,false)
(20,1,false)
(22,1,false)
(26,1,false)
(27,1,false)
(29,1,false)
(30,1,false)
(31,1,false)
(33,1,true)
(35,1,false)
(36,1,false)
(37,1,false)
(38,1,false)
(39,1,false)
(40,1,false)
(43,1,true)
(45,1,true)
(47,1,true)
(50,1,true)
(51,1,true)
(54,1,true)
(55,1,true)
(56,1,true)
(57,1,true)
(58,1,true)
(60,1,true)
(61,1,true)
(63,1,true)
(64,1,true)
(65,1,true)
(67,1,true)
(68,1,true)
(69,1,true)
(70,1,true)
(71,1,true)
(75,1,true)
(76,1,false)
(78,1,true)
(79,1,true)
(80,1,true)
(82,1,true)
(83,1,true)
(85,1,true)
(86,1,true)
(87,1,true)
(89,1,true)
(91,1,true)
(93,1,true)
(96,1,true)
(97,1,true)
(105,1,true)
(106,1,true)
(110,1,true)
(111,1,true)
(112,1,true)
(114,1,true)
(116,1,true)
(117,1,true)
(118,1,true)
(119,1,true)
(120,1,true)
(121,1,true)
(123,1,true)
(124,1,true)
(125,1,true)
(126,1,true)
(128,1,true)
(132,1,true)
(133,1,true)
(134,1,true)
(135,1,true)
(137,1,true)
(138,1,true)
(139,1,true)
(140,1,true)
(142,1,true)
(144,1,true)
(145,1,true)
(147,1,true)
(149,1,true)
(150,1,true)
(151,1,true)
(155,1,true)
(156,1,true)
(160,1,true)
(161,1,true)
(163,1,true)
(165,1,true)
(166,1,true)
(168,1,true)
(170,1,true)
(171,1,true)
(173,1,true)
(174,1,true)
(175,1,true)
(181,1,true)
(182,1,true)
(183,1,true)
(187,1,true)
(188,1,true)
(191,1,true)
(196,1,true)
(197,1,true)
(198,1,true)
(199,1,true)
(200,1,true)
(204,1,true)
(205,1,true)
(208,1,true)
(211,1,true)
(212,1,true)
(213,1,true)
(215,1,true)
(216,1,true)
(217,1,true)
(218,1,true)
(221,1,true)
(224,1,true)
(225,1,true)
(227,1,true)
(228,1,true)
(230,1,true)
(231,1,true)
(232,1,true)
(234,1,true)
(235,1,true)
(236,1,true)
(237,1,true)
(239,1,true)
(240,1,true)
(241,1,true)
(244,1,true)
(245,1,true)
(250,1,true)
(253,1,true)
(254,1,true)
(255,1,true)
(257,1,true)
(259,1,true)
(260,1,true)
(262,1,true)
(263,1,true)
(266,1,true)
(268,1,true)
(269,1,true)
(270,1,true)
(271,1,true)
(272,1,true)
(273,1,true)
(274,1,true)
(275,1,true)
(276,1,true)
(277,1,true)
(278,1,true)
(279,1,true)
(282,1,true)
(285,1,true)
(286,1,true)
(287,1,true)
(289,1,true)
(291,1,true)
(292,1,true)
(293,1,true)
(294,1,false)
(295,1,true)
(296,1,true)
(297,1,true)
(298,1,true)
(299,1,true)
(0,2,false)
(1,2,false)
(2,2,false)
(4,2,false)
(6,2,false)
(7,2,false)
(8,2,false)
(9,2,false)
(10,2,false)
(13,2,false)
(14,2,false)
(15,2,false)
(16,2,false)
(18,2,false)
(19,2,false)
(20,2,false)
(22,2,false)
(25,2,false)
(36,2,true)
(41,2,true)
(43,2,true)
(44,2,true)
(50,2,true)
(51,2,true)
(52,2,true)
(53,2,true)
(56,2,true)
(57,2,true)
(58,2,true)
(59,2,true)
(61,2,true)
(62,2,true)
(63,2,true)
(64,2,true)
(65,2,true)
(66,2,true)
(68,2,true)
(69,2,true)
(74,2,true)
(75,2,true)
(76,2,true)
(79,2,true)
(80,2,true)
(82,2,true)
(83,2,true)
(84,2,true)
(85,2,false)
(86,2,true)
(92,2,true)
(93,2,true)
(96,2,true)
(97,2,true)
(101,2,true)
(103,2,true)
(105,2,true)
(106,2,true)
(107,2,true)
(110,2,true)
(113,2,true)
(114,2,true)
(118,2,false)
(119,2,true)
(121,2,true)
(122,2,true)
(124,2,true)
(126,2,true)
(127,2,true)
(128,2,true)
(132,2,false)
(135,2,true)
(139,2,true)
(141,2,true)
(142,2,false)
(144,2,true)
(145,2,true)
(146,2,true)
(148,2,true)
(152,2,true)
(154,2,true)
(158,2,true)
(160,2,true)
(162,2,true)
(164,2,true)
(166,2,true)
(168,2,true)
(169,2,true)
(170,2,true)
(171,2,true)
(174,2,true)
(175,2,true)
(176,2,true)
(177,2,true)
(181,2,true)
(182,2,true)
(188,2,true)
(190,2,true)
(191,2,true)
(192,2,true)
(193,2,true)
(194,2,false)
(195,2,false)
(197,2,true)
(198,2,true)
(199,2,true)
(200,2,true)
(204,2,true)
(205,2,true)
(206,2,true)
(207,2,false)
(208,2,true)
(210,2,true)
(212,2,true)
(214,2,true)
(215,2,true)
(216,2,true)
(217,2,true)
(218,2,false)
(219,2,true)
(222,2,true)
(223,2,true)
(224,2,true)
(225,2,true)
(227,2,true)
(228,2,true)
(229,2,true)
(231,2,true)
(232,2,true)
(233,2,true)
(237,2,true)
(241,2,true)
(244,2,true)
(249,2,false)
(250,2,true)
(251,2,true)
(253,2,true)
(256,2,true)
(257,2,true)
(258,2,true)
(259,2,false)
(260,2,true)
(263,2,true)
(264,2,true)
(266,2,true)
(268,2,true)
(271,2,true)
(274,2,true)
(275,2,true)
(276,2,true)
(279,2,true)
(280,2,true)
(281,2,true)
(282,2,true)
(283,2,true)
(284,2,true)
(285,2,true)
(286,2,true)
(290,2,false)
(291,2,true)
(292,2,true)
(298,2,true)
(299,2,true)
(0,3,false)
(2,3,false)
(3,3,false)
(4,3,false)
(5,3,false)
(6,3,false)
(9,3,false)
(10,3,false)
(12,3,false)
(13,3,false)
(14,3,false)
(16,3,false)
(18,3,false)
(20,3,false)
(22,3,false)
(24,3,false)
(25,3,false)
(26,3,true)
(27,3,false)
(29,3,false)
(31,3,false)
(33,3,false)
(34,3,false)
(35,3,false)
(39,3,false)
(41,3,true)
(42,3,true)
(44,3,true)
(47,3,true)
(49,3,true)
(50,3,true)
(52,3,true)
(53,3,true)
(54,3,true)
(55,3,true)
(56,3,true)
(57,3,true)
(58,3,true)
(59,3,true)
(60,3,true)
(62,3,true)
(63,3,true)
(64,3,true)
(65,3,true)
(66,3,true)
(68,3,true)
(70,3,true)
(72,3,true)
(74,3,true)
(75,3,true)
(76,3,true)
(77,3,true)
(78,3,true)
(81,3,true)
(84,3,true)
(85,3,true)
(86,3,true)
(87,3,true)
(90,3,true)
(92,3,true)
(93,3,true)
(95,3,true)
(96,3,true)
(97,3,true)
(99,3,true)
(101,3,true)
(102,3,false)
(104,3,true)
(105,3,true)
(107,3,false)
(109,3,true)
(110,3,true)
(111,3,true)
(112,3,true)
(113,3,true)
(116,3,true)
(118,3,true)
(124,3,true)
(125,3,true)
(128,3,true)
(130,3,true)
(131,3,false)
(133,3,true)
(134,3,true)
(136,3,true)
(137,3,true)
(138,3,true)
(139,3,true)
(142,3,true)
(144,3,true)
(145,3,true)
(150,3,true)
(151,3,true)
(152,3,true)
(153,3,true)
(154,3,true)
(155,3,true)
(156,3,true)
(157,3,true)
(158,3,true)
(159,3,true)
(160,3,true)
(161,3,true)
(162,3,true)
(164,3,true)
(165,3,true)
(166,3,true)
(168,3,true)
(170,3,true)
(173,3,true)
(174,3,true)
(175,3,true)
(178,3,true)
(179,3,true)
(181,3,true)
(182,3,true)
(184,3,true)
(188,3,true)
(189,3,true)
(190,3,true)
(192,3,true)
(194,3,true)
(195,3,true)
(196,3,true)
(197,3,true)
(201,3,true)
(202,3,true)
(203,3,true)
(208,3,false)
(210,3,true)
(212,3,true)
(216,3,false)
(217,3,true)
(218,3,true)
(221,3,true)
(223,3,true)
(225,3,true)
(226,3,true)
(229,3,true)
(232,3,true)
(234,3,true)
(235,3,true)
(236,3,true)
(238,3,true)
(241,3,true)
(243,3,true)
(244,3,true)
(248,3,true)
(249,3,true)
(252,3,true)
(255,3,true)
(257,3,true)
(259,3,true)
(260,3,true)
(262,3,true)
(265,3,true)
(268,3,true)
(270,3,true)
(274,3,true)
(275,3,true)
(278,3,true)
(284,3,true)
(286,3,true)
(290,3,true)
(291,3,true)
(292,3,true)
(295,3,true)
(296,3,true)
(298,3,true)
(299,3,false)
(1,4,true)
(4,4,false)
(5,4,false)
(6,4,false)
(7,4,false)
(10,4,false)
(11,4,false)
(13,4,false)
(14,4,false)
(15,4,false)
(17,4,false)
(20,4,false)
(21,4,false)
(22,4,false)
(23,4,false)
(27,4,false)
(28,4,false)
(29,4,false)
(30,4,false)
(37,4,false)
(39,4,false)
(40,4,true)
(43,4,true)
(44,4,true)
(46,4,true)
(47,4,true)
(48,4,true)
(50,4,true)
(52,4,false)
(54,4,true)
(60,4,true)
(62,4,true)
(64,4,true)
(65,4,true)
(66,4,true)
(67,4,true)
(70,4,true)
(72,4,true)
(73,4,true)
(74,4,true)
(76,4,true)
(77,4,true)
(79,4,true)
(82,4,true)
(85,4,true)
(87,4,true)
(89,4,true)
(93,4,true)
(95,4,true)
(97,4,true)
(100,4,true)
(101,4,true)
(105,4,false)
(106,4,true)
(108,4,true)
(109,4,true)
(110,4,true)
(111,4,true)
(112,4,true)
(114,4,true)
(117,4,true)
(119,4,true)
(121,4,true)
(124,4,true)
(127,4,true)
(131,4,true)
(133,4,true)
(137,4,true)
(142,4,true)
(146,4,true)
(149,4,true)
(150,4,true)
(152,4,true)
(153,4,true)
(154,4,true)
(156,4,true)
(157,4,true)
(159,4,true)
(160,4,true)
(161,4,true)
(162,4,false)
(164,4,true)
(167,4,true)
(168,4,true)
(172,4,true)
(173,4,true)
(176,4,true)
(178,4,true)
(179,4,true)
(185,4,true)
(187,4,true)
(188,4,false)
(189,4,true)
(193,4,true)
(196,4,true)
(198,4,true)
(204,4,true)
(207,4,true)
(209,4,true)
(210,4,true)
(212,4,true)
(213,4,true)
(215,4,true)
(216,4,true)
(219,4,true)
(220,4,true)
(222,4,true)
(223,4,true)
(224,4,true)
(225,4,true)
(228,4,true)
(230,4,true)
(231,4,true)
(233,4,true)
(234,4,true)
(235,4,true)
(236,4,true)
(237,4,true)
(239,4,true)
(241,4,true)
(244,4,true)
(246,4,true)
(250,4,true)
(253,4,true)
(255,4,true)
(258,4,true)
(259,4,true)
(261,4,true)
(262,4,true)
(263,4,true)
(264,4,true)
(265,4,false)
(266,4,true)
(269,4,true)
(271,4,true)
(272,4,true)
(273,4,true)
(274,4,true)
(278,4,true)
(282,4,false)
(283,4,true)
(284,4,true)
(286,4,true)
(287,4,true)
(288,4,true)
(291,4,true)
(293,4,true)
(294,4,true)
(295,4,true)
(298,4,true)
(299,4,true)
(0,5,false)
(6,5,false)
(10,5,true)
(11,5,false)
(12,5,false)
(15,5,false)
(16,5,false)
(17,5,false)
(19,5,false)
(20,5,false)
(21,5,false)
(22,5,false)
(23,5,false)
(28,5,false)
(31,5,false)
(32,5,false)
(36,5,false)
(38,5,false)
(39,5,false)
(40,5,true)
(42,5,false)
(43,5,true)
(44,5,true)
(45,5,true)
(47,5,false)
(48,5,true)
(49,5,true)
(51,5,true)
(52,5,true)
(53,5,true)
(57,5,true)
(58,5,true)
(65,5,true)
(67,5,true)
(69,5,false)
(71,5,true)
(74,5,true)
(77,5,true)
(84,5,true)
(86,5,true)
(88,5,true)
(89,5,true)
(92,5,true)
(101,5,true)
(103,5,true)
(107,5,true)
(108,5,false)
(110,5,true)
(112,5,true)
(114,5,true)
(115,5,true)
(116,5,true)
(119,5,true)
(122,5,false)
(126,5,true)
(128,5,true)
(132,5,true)
(138,5,true)
(140,5,true)
(142,5,true)
(143,5,true)
(145,5,true)
(146,5,true)
(149,5,true)
(155,5,true)
(156,5,true)
(157,5,true)
(159,5,true)
(160,5,true)
(161,5,true)
(162,5,true)
(165,5,true)
(167,5,true)
(169,5,true)
(170,5,true)
(174,5,true)
(175,5,true)
(176,5,true)
(178,5,true)
(180,5,true)
(181,5,true)
(182,5,false)
(183,5,true)
(184,5,true)
(186,5,true)
(187,5,false)
(188,5,true)
(190,5,true)
(192,5,true)
(194,5,true)
(195,5,false)
(204,5,true)
(205,5,false)
(206,5,true)
(208,5,true)
(210,5,true)
(211,5,true)
(212,5,true)
(214,5,true)
(217,5,true)
(218,5,true)
(219,5,true)
(220,5,true)
(221,5,true)
(223,5,true)
(226,5,true)
(230,5,true)
(231,5,true)
(232,5,true)
(234,5,true)
(236,5,true)
(240,5,true)
(241,5,false)
(242,5,false)
(243,5,true)
(248,5,true)
(252,5,true)
(254,5,true)
(260,5,true)
(263,5,true)
(265,5,true)
(269,5,true)
(270,5,true)
(271,5,true)
(272,5,true)
(274,5,true)
(275,5,true)
(277,5,true)
(278,5,true)
(279,5,true)
(281,5,false)
(287,5,true)
(288,5,true)
(292,5,true)
(294,5,true)
(296,5,true)
(297,5,true)
(0,6,true)
(1,6,false)
(2,6,false)
(6,6,false)
(7,6,false)
(8,6,false)
(9,6,false)
(11,6,false)
(12,6,false)
(14,6,false)
(16,6,false)
(17,6,false)
(20,6,false)
(23,6,false)
(25,6,false)
(26,6,false)
(27,6,false)
(29,6,false)
(32,6,false)
(38,6,false)
(40,6,true)
(41,6,true)
(42,6,true)
(43,6,true)
(45,6,true)
(46,6,true)
(48,6,true)
(54,6,true)
(56,6,true)
(58,6,true)
(61,6,false)
(63,6,true)
(66,6,true)
(68,6,true)
(74,6,true)
(75,6,true)
(76,6,true)
(77,6,true)
(78,6,true)
(81,6,true)
(82,6,true)
(86,6,true)
(87,6,true)
(90,6,true)
(93,6,true)
(94,6,true)
(98,6,true)
(99,6,true)
(100,6,true)
(101,6,true)
(102,6,true)
(103,6,true)
(107,6,true)
(108,6,true)
(112,6,true)
(116,6,true)
(124,6,true)
(126,6,true)
(128,6,true)
(131,6,true)
(132,6,true)
(137,6,true)
(141,6,true)
(146,6,true)
(149,6,true)
(151,6,true)
(155,6,true)
(160,6,true)
(161,6,true)
(164,6,true)
(166,6,true)
(170,6,false)
(178,6,true)
(179,6,true)
(181,6,true)
(183,6,true)
(184,6,true)
(186,6,true)
(192,6,true)
(197,6,true)
(199,6,true)
(200,6,true)
(204,6,true)
(205,6,true)
(209,6,true)
(210,6,true)
(213,6,true)
(214,6,true)
(216,6,true)
(217,6,true)
(220,6,true)
(221,6,true)
(224,6,true)
(225,6,true)
(226,6,true)
(227,6,true)
(228,6,true)
(231,6,false)
(232,6,true)
(234,6,true)
(235,6,true)
(239,6,true)
(241,6,false)
(243,6,true)
(245,6,true)
(246,6,true)
(248,6,true)
(255,6,true)
(256,6,true)
(266,6,true)
(267,6,true)
(268,6,true)
(269,6,true)
(271,6,true)
(275,6,true)
(280,6,true)
(281,6,true)
(283,6,true)
(284,6,true)
(293,6,true)
(294,6,true)
(297,6,true)
(3,7,false)
(5,7,false)
(7,7,false)
(11,7,false)
(14,7,false)
(19,7,false)
(22,7,false)
(25,7,false)
(26,7,false)
(32,7,true)
(33,7,false)
(34,7,false)
(35,7,false)
(44,7,true)
(47,7,true)
(49,7,true)
(52,7,true)
(53,7,true)
(54,7,true)
(66,7,true)
(68,7,true)
(71,7,true)
(74,7,true)
(75,7,true)
(76,7,true)
(79,7,true)
(81,7,true)
(84,7,true)
(86,7,true)
(88,7,true)
(90,7,true)
(91,7,true)
(95,7,true)
(96,7,true)
(97,7,true)
(98,7,true)
(99,7,true)
(101,7,true)
(104,7,true)
(105,7,true)
(106,7,true)
(107,7,true)
(108,7,true)
(110,7,true)
(111,7,true)
(112,7,true)
(113,7,true)
(114,7,true)
(116,7,true)
(119,7,true)
(120,7,true)
(121,7,true)
(125,7,true)
(126,7,false)
(129,7,true)
(131,7,false)
(133,7,true)
(134,7,true)
(135,7,true)
(136,7,true)
(138,7,true)
(143,7,true)
(144,7,true)
(145,7,true)
(148,7,true)
(150,7,true)
(152,7,true)
(153,7,true)
(157,7,true)
(164,7,true)
(167,7,true)
(170,7,true)
(171,7,true)
(173,7,false)
(179,7,true)
(181,7,true)
(184,7,true)
(185,7,false)
(187,7,true)
(188,7,true)
(189,7,true)
(193,7,true)
(198,7,true)
(200,7,true)
(201,7,true)
(207,7,true)
(215,7,true)
(216,7,true)
(220,7,true)
(223,7,true)
(224,7,true)
(229,7,true)
(231,7,true)
(234,7,true)
(236,7,true)
(237,7,true)
(238,7,true)
(240,7,true)
(241,7,true)
(243,7,true)
(244,7,true)
(247,7,true)
(248,7,true)
(250,7,true)
(251,7,true)
(252,7,true)
(253,7,true)
(255,7,true)
(256,7,true)
(258,7,true)
(259,7,true)
(263,7,true)
(267,7,true)
(268,7,true)
(273,7,true)
(277,7,true)
(279,7,true)
(286,7,true)
(292,7,true)
(295,7,true)
(299,7,true)
(1,8,true)
(2,8,false)
(4,8,false)
(7,8,false)
(8,8,false)
(9,8,false)
(11,8,false)
(12,8,false)
(13,8,false)
(20,8,false)
(25,8,false)
(26,8,false)
(27,8,false)
(28,8,false)
(29,8,false)
(30,8,false)
(32,8,false)
(34,8,false)
(36,8,false)
(37,8,false)
(39,8,true)
(44,8,true)
(45,8,true)
(48,8,true)
(51,8,true)
(53,8,true)
(55,8,true)
(59,8,true)
(61,8,true)
(64,8,true)
(65,8,true)
(69,8,true)
(72,8,true)
(76,8,true)
(81,8,true)
(82,8,true)
(84,8,true)
(86,8,false)
(94,8,true)
(95,8,true)
(96,8,true)
(97,8,true)
(101,8,true)
(103,8,true)
(106,8,false)
(108,8,true)
(109,8,true)
(111,8,true)
(112,8,true)
(113,8,true)
(116,8,true)
(119,8,true)
(121,8,true)
(124,8,true)
(126,8,true)
(130,8,true)
(131,8,true)
(140,8,true)
(141,8,true)
(144,8,true)
(146,8,true)
(147,8,true)
(150,8,true)
(152,8,true)
(155,8,true)
(157,8,true)
(163,8,false)
(164,8,true)
(165,8,true)
(168,8,true)
(169,8,true)
(172,8,false)
(173,8,true)
(174,8,true)
(176,8,true)
(177,8,true)
(181,8,true)
(184,8,true)
(185,8,true)
(186,8,true)
(187,8,true)
(191,8,true)
(193,8,true)
(195,8,true)
(196,8,true)
(199,8,true)
(200,8,true)
(201,8,true)
(204,8,true)
(205,8,true)
(211,8,true)
(212,8,true)
(213,8,true)
(214,8,true)
(217,8,true)
(218,8,true)
(220,8,true)
(223,8,true)
(226,8,true)
(227,8,true)
(228,8,true)
(229,8,true)
(230,8,true)
(232,8,true)
(233,8,true)
(234,8,true)
(235,8,true)
(239,8,true)
(240,8,true)
(243,8,false)
(245,8,true)
(246,8,true)
(253,8,false)
(259,8,true)
(261,8,true)
(268,8,true)
(274,8,true)
(275,8,true)
(276,8,true)
(280,8,true)
(281,8,true)
(283,8,true)
(285,8,false)
(287,8,true)
(289,8,true)
(290,8,true)
(298,8,true)
(299,8,true)
(1,9,false)
(2,9,false)
(3,9,false)
(5,9,false)
(10,9,false)
(11,9,false)
(13,9,false)
(16,9,false)
(17,9,false)
(18,9,false)
(24,9,false)
(27,9,false)
(33,9,false)
(35,9,false)
(41,9,true)
(44,9,true)
(47,9,true)
(49,9,true)
(53,9,true)
(59,9,true)
(60,9,true)
(64,9,true)
(69,9,true)
(70,9,true)
(71,9,true)
(72,9,true)
(73,9,true)
(74,9,true)
(82,9,true)
(84,9,true)
(90,9,true)
(92,9,true)
(93,9,true)
(94,9,true)
(98,9,true)
(99,9,true)
(102,9,true)
(107,9,true)
(109,9,true)
(110,9,false)
(113,9,true)
(114,9,true)
(116,9,true)
(119,9,true)
(121,9,false)
(126,9,false)
(128,9,true)
(129,9,true)
(134,9,true)
(137,9,true)
(145,9,true)
(146,9,true)
(147,9,false)
(148,9,true)
(152,9,true)
(158,9,true)
(160,9,true)
(162,9,true)
(164,9,true)
(168,9,true)
(172,9,true)
(178,9,true)
(179,9,true)
(189,9,false)
(190,9,true)
(191,9,true)
(194,9,true)
(198,9,true)
(201,9,true)
(204,9,false)
(209,9,true)
(213,9,true)
(216,9,true)
(219,9,true)
(225,9,true)
(230,9,true)
(232,9,true)
(235,9,true)
(236,9,true)
(237,9,true)
(238,9,true)
(241,9,true)
(242,9,true)
(243,9,true)
(245,9,true)
(247,9,true)
(248,9,true)
(251,9,true)
(252,9,true)
(253,9,true)
(260,9,true)
(261,9,true)
(263,9,true)
(265,9,true)
(267,9,true)
(268,9,true)
(269,9,true)
(270,9,true)
(279,9,true)
(286,9,true)
(287,9,true)
(289,9,true)
(292,9,true)
(295,9,false)
(297,9,true)
(298,9,true)
(2,10,false)
(3,10,false)
(5,10,false)
(10,10,false)
(12,10,false)
(13,10,false)
(14,10,false)
(20,10,false)
(23,10,false)
(25,10,false)
(28,10,false)
(30,10,false)
(31,10,false)
(34,10,false)
(35,10,false)
(37,10,false)
(38,10,false)
(39,10,false)
(41,10,true)
(43,10,false)
(46,10,false)
(47,10,true)
(49,10,true)
(50,10,true)
(54,10,true)
(56,10,true)
(58,10,true)
(59,10,true)
(60,10,true)
(61,10,true)
(62,10,true)
(67,10,true)
(69,10,true)
(75,10,true)
(77,10,true)
(79,10,true)
(81,10,true)
(88,10,true)
(93,10,true)
(96,10,true)
(97,10,true)
(98,10,true)
(102,10,true)
(103,10,false)
(105,10,true)
(106,10,true)
(107,10,true)
(114,10,true)
(115,10,true)
(120,10,true)
(121,10,true)
(124,10,true)
(129,10,true)
(131,10,true)
(136,10,true)
(137,10,true)
(141,10,true)
(144,10,true)
(145,10,true)
(146,10,true)
(147,10,true)
(149,10,true)
(153,10,true)
(156,10,true)
(159,10,true)
(162,10,false)
(163,10,true)
(168,10,true)
(171,10,true)
(177,10,true)
(179,10,true)
(182,10,true)
(183,10,true)
(184,10,true)
(186,10,true)
(188,10,true)
(191,10,true)
(193,10,true)
(195,10,true)
(197,10,true)
(198,10,true)
(201,10,true)
(203,10,true)
(205,10,true)
(206,10,true)
(208,10,true)
(211,10,true)
(216,10,true)
(219,10,true)
(221,10,true)
(222,10,true)
(223,10,true)
(224,10,true)
(225,10,true)
(230,10,true)
(231,10,true)
(233,10,true)
(236,10,true)
(237,10,true)
(239,10,true)
(241,10,true)
(242,10,true)
(243,10,true)
(246,10,true)
(249,10,false)
(256,10,true)
(258,10,true)
(259,10,true)
(265,10,true)
(266,10,true)
(268,10,true)
(271,10,true)
(274,10,true)
(277,10,true)
(279,10,true)
(280,10,true)
(282,10,true)
(287,10,true)
(296,10,true)
(298,10,true)
(0,11,false)
(12,11,false)
(17,11,false)
(18,11,true)
(20,11,false)
(22,11,false)
(26,11,false)
(28,11,false)
(32,11,false)
(33,11,false)
(34,11,false)
(36,11,false)
(38,11,false)
(42,11,true)
(45,11,true)
(48,11,true)
(53,11,true)
(54,11,true)
(59,11,true)
(64,11,true)
(65,11,true)
(70,11,true)
(83,11,true)
(84,11,true)
(87,11,false)
(90,11,true)
(92,11,true)
(98,11,true)
(101,11,true)
(102,11,true)
(103,11,true)
(104,11,true)
(105,11,true)
(106,11,true)
(108,11,true)
(110,11,true)
(112,11,true)
(113,11,true)
(114,11,true)
(117,11,true)
(119,11,true)
(120,11,true)
(121,11,true)
(127,11,true)
(130,11,true)
(131,11,true)
(132,11,true)
(135,11,true)
(136,11,true)
(142,11,true)
(145,11,true)
(146,11,true)
(147,11,true)
(148,11,true)
(151,11,true)
(156,11,true)
(159,11,true)
(160,11,true)
(163,11,true)
(165,11,true)
(167,11,true)
(169,11,true)
(178,11,true)
(181,11,true)
(183,11,true)
(186,11,true)
(187,11,true)
(189,11,true)
(190,11,false)
(193,11,true)
(195,11,true)
(196,11,true)
(200,11,true)
(205,11,true)
(207,11,true)
(216,11,false)
(219,11,true)
(220,11,true)
(221,11,true)
(222,11,true)
(223,11,true)
(225,11,true)
(226,11,true)
(228,11,true)
(229,11,true)
(236,11,true)
(239,11,true)
(243,11,true)
(244,11,true)
(247,11,true)
(255,11,true)
(257,11,true)
(258,11,true)
(259,11,true)
(261,11,true)
(262,11,true)
(266,11,true)
(270,11,true)
(274,11,false)
(275,11,true)
(277,11,true)
(283,11,true)
(289,11,true)
(291,11,true)
(297,11,true)
(0,12,false)
(6,12,false)
(7,12,false)
(8,12,false)
(15,12,false)
(22,12,false)
(24,12,false)
(26,12,false)
(27,12,false)
(28,12,false)
(35,12,false)
(37,12,false)
(41,12,true)
(52,12,true)
(54,12,true)
(55,12,true)
(65,12,true)
(67,12,true)
(71,12,true)
(80,12,true)
(86,12,true)
(88,12,true)
(89,12,true)
(91,12,true)
(92,12,true)
(93,12,true)
(95,12,true)
(96,12,true)
(97,12,true)
(104,12,true)
(109,12,false)
(111,12,true)
(112,12,true)
(117,12,true)
(118,12,true)
(123,12,true)
(125,12,true)
(128,12,true)
(131,12,true)
(135,12,true)
(139,12,true)
(142,12,true)
(145,12,true)
(146,12,true)
(147,12,true)
(148,12,true)
(155,12,true)
(161,12,true)
(163,12,true)
(166,12,true)
(167,12,true)
(171,12,true)
(172,12,true)
(173,12,true)
(175,12,true)
(179,12,true)
(183,12,true)
(188,12,true)
(189,12,true)
(191,12,true)
(195,12,true)
(196,12,true)
(199,12,true)
(201,12,true)
(202,12,true)
(205,12,true)
(210,12,true)
(211,12,true)
(213,12,true)
(214,12,true)
(215,12,true)
(217,12,true)
(218,12,true)
(220,12,true)
(225,12,true)
(226,12,true)
(230,12,true)
(238,12,true)
(239,12,true)
(242,12,true)
(244,12,true)
(245,12,true)
(250,12,true)
(251,12,true)
(255,12,true)
(256,12,true)
(258,12,true)
(259,12,true)
(261,12,true)
(262,12,true)
(264,12,true)
(267,12,true)
(269,12,false)
(271,12,true)
(277,12,true)
(279,12,true)
(284,12,true)
(287,12,true)
(290,12,true)
(291,12,true)
(294,12,true)
(296,12,true)
(1,13,false)
(7,13,false)
(9,13,false)
(12,13,true)
(13,13,false)
(14,13,false)
(17,13,false)
(25,13,false)
(26,13,false)
(27,13,false)
(30,13,false)
(40,13,true)
(50,13,true)
(51,13,true)
(54,13,true)
(59,13,true)
(60,13,false)
(61,13,true)
(62,13,true)
(63,13,true)
(64,13,true)
(67,13,true)
(68,13,true)
(69,13,true)
(73,13,true)
(74,13,true)
(79,13,true)
(80,13,true)
(84,13,true)
(90,13,true)
(93,13,true)
(97,13,true)
(101,13,true)
(106,13,true)
(107,13,true)
(108,13,true)
(114,13,true)
(117,13,true)
(119,13,true)
(125,13,true)
(127,13,true)
(134,13,true)
(136,13,true)
(138,13,false)
(139,13,true)
(146,13,true)
(148,13,true)
(149,13,true)
(150,13,true)
(152,13,true)
(155,13,true)
(156,13,true)
(163,13,true)
(168,13,true)
(175,13,true)
(178,13,true)
(180,13,true)
(183,13,true)
(192,13,true)
(193,13,true)
(198,13,true)
(200,13,true)
(201,13,true)
(202,13,true)
(203,13,true)
(205,13,true)
(206,13,true)
(207,13,true)
(209,13,true)
(211,13,true)
(213,13,true)
(215,13,false)
(216,13,true)
(217,13,true)
(221,13,true)
(225,13,true)
(228,13,true)
(229,13,true)
(232,13,true)
(234,13,true)
(235,13,true)
(237,13,true)
(238,13,true)
(239,13,false)
(243,13,true)
(244,13,true)
(246,13,true)
(252,13,true)
(253,13,true)
(255,13,true)
(259,13,true)
(268,13,true)
(269,13,true)
(272,13,true)
(274,13,true)
(275,13,true)
(276,13,true)
(280,13,true)
(281,13,true)
(292,13,true)
(297,13,true)
(298,13,true)
(4,14,false)
(5,14,false)
(6,14,false)
(12,14,false)
(16,14,false)
(19,14,false)
(21,14,false)
(22,14,false)
(25,14,false)
(28,14,false)
(29,14,false)
(37,14,false)
(40,14,true)
(43,14,true)
(45,14,true)
(46,14,true)
(48,14,true)
(49,14,true)
(53,14,true)
(56,14,true)
(57,14,true)
(58,14,true)
(59,14,true)
(60,14,true)
(68,14,true)
(71,14,true)
(78,14,true)
(85,14,true)
(87,14,true)
(89,14,true)
(90,14,true)
(91,14,true)
(92,14,true)
(94,14,true)
(101,14,true)
(102,14,true)
(103,14,false)
(106,14,true)
(118,14,true)
(121,14,true)
(124,14,true)
(125,14,true)
(130,14,true)
(138,14,true)
(143,14,true)
(144,14,true)
(147,14,true)
(149,14,true)
(152,14,true)
(154,14,true)
(157,14,true)
(160,14,true)
(162,14,true)
(164,14,true)
(165,14,true)
(166,14,true)
(169,14,true)
(171,14,true)
(178,14,true)
(180,14,true)
(184,14,true)
(185,14,false)
(188,14,true)
(192,14,true)
(198,14,true)
(200,14,true)
(205,14,true)
(206,14,true)
(209,14,true)
(210,14,true)
(212,14,true)
(222,14,true)
(223,14,true)
(229,14,true)
(231,14,true)
(236,14,true)
(237,14,true)
(238,14,true)
(239,14,true)
(245,14,true)
(250,14,true)
(253,14,true)
(260,14,true)
(263,14,false)
(283,14,true)
(287,14,true)
(291,14,true)
(292,14,true)
(293,14,true)
(294,14,true)
(1,15,false)
(2,15,false)
(12,15,false)
(19,15,false)
(20,15,false)
(27,15,false)
(33,15,false)
(34,15,false)
(36,15,false)
(37,15,false)
(39,15,false)
(40,15,true)
(44,15,true)
(48,15,true)
(51,15,true)
(52,15,true)
(54,15,true)
(59,15,true)
(61,15,true)
(64,15,true)
(68,15,true)
(72,15,true)
(74,15,true)
(75,15,true)
(78,15,false)
(83,15,true)
(84,15,true)
(85,15,true)
(86,15,false)
(93,15,true)
(103,15,true)
(104,15,true)
(106,15,true)
(108,15,true)
(113,15,true)
(116,15,true)
(119,15,true)
(122,15,true)
(136,15,true)
(138,15,true)
(140,15,true)
(144,15,true)
(149,15,true)
(160,15,true)
(161,15,true)
(162,15,true)
(166,15,true)
(167,15,true)
(169,15,true)
(172,15,true)
(174,15,true)
(178,15,true)
(180,15,true)
(188,15,true)
(189,15,false)
(192,15,true)
(194,15,true)
(196,15,false)
(199,15,true)
(200,15,true)
(207,15,true)
(208,15,true)
(209,15,true)
(213,15,true)
(217,15,true)
(222,15,true)
(225,15,true)
(230,15,true)
(233,15,true)
(234,15,true)
(236,15,true)
(237,15,true)
(238,15,false)
(242,15,true)
(244,15,true)
(251,15,true)
(253,15,true)
(254,15,true)
(255,15,true)
(256,15,true)
(257,15,true)
(261,15,true)
(263,15,true)
(266,15,true)
(267,15,true)
(272,15,true)
(277,15,true)
(279,15,true)
(280,15,true)
(288,15,true)
(289,15,true)
(291,15,true)
(3,16,false)
(5,16,false)
(6,16,false)
(7,16,false)
(9,16,false)
(12,16,false)
(13,16,false)
(29,16,false)
(30,16,false)
(32,16,false)
(34,16,false)
(36,16,false)
(42,16,false)
(50,16,true)
(54,16,true)
(57,16,true)
(59,16,true)
(60,16,true)
(66,16,true)
(70,16,true)
(75,16,true)
(77,16,true)
(78,16,true)
(80,16,true)
(81,16,true)
(83,16,true)
(85,16,true)
(87,16,true)
(88,16,false)
(91,16,true)
(95,16,true)
(97,16,true)
(102,16,true)
(105,16,true)
(108,16,true)
(116,16,true)
(117,16,false)
(129,16,true)
(131,16,true)
(134,16,true)
(141,16,true)
(142,16,true)
(143,16,true)
(144,16,true)
(147,16,true)
(154,16,true)
(161,16,false)
(163,16,true)
(164,16,true)
(166,16,true)
(168,16,true)
(172,16,true)
(176,16,true)
(180,16,true)
(184,16,true)
(185,16,true)
(189,16,true)
(192,16,true)
(194,16,true)
(198,16,false)
(203,16,true)
(204,16,true)
(206,16,true)
(211,16,true)
(213,16,true)
(214,16,true)
(215,16,false)
(216,16,true)
(229,16,true)
(233,16,true)
(234,16,true)
(235,16,true)
(237,16,true)
(243,16,true)
(245,16,true)
(247,16,true)
(249,16,true)
(254,16,true)
(255,16,true)
(256,16,true)
(258,16,true)
(265,16,true)
(268,16,true)
(277,16,true)
(281,16,true)
(282,16,true)
(283,16,true)
(284,16,true)
(286,16,true)
(289,16,true)
(290,16,true)
(297,16,true)
(298,16,true)
(2,17,false)
(3,17,false)
(5,17,false)
(6,17,false)
(8,17,false)
(13,17,false)
(16,17,false)
(18,17,false)
(19,17,false)
(20,17,false)
(24,17,false)
(33,17,false)
(41,17,true)
(42,17,true)
(44,17,true)
(48,17,true)
(52,17,true)
(60,17,true)
(61,17,true)
(62,17,true)
(64,17,true)
(66,17,true)
(67,17,true)
(72,17,true)
(75,17,true)
(77,17,true)
(82,17,true)
(86,17,true)
(87,17,true)
(88,17,true)
(90,17,true)
(92,17,true)
(95,17,true)
(96,17,true)
(97,17,true)
(105,17,true)
(106,17,true)
(114,17,true)
(115,17,true)
(116,17,true)
(117,17,true)
(118,17,true)
(119,17,true)
(121,17,true)
(122,17,true)
(123,17,true)
(127,17,true)
(129,17,true)
(133,17,true)
(141,17,true)
(142,17,true)
(146,17,true)
(147,17,true)
(157,17,true)
(162,17,true)
(164,17,true)
(169,17,true)
(178,17,true)
(179,17,false)
(186,17,true)
(187,17,true)
(188,17,true)
(189,17,true)
(194,17,true)
(197,17,true)
(198,17,true)
(199,17,true)
(200,17,true)
(201,17,true)
(203,17,false)
(206,17,true)
(207,17,true)
(213,17,true)
(221,17,true)
(227,17,true)
(229,17,true)
(230,17,true)
(231,17,false)
(237,17,true)
(239,17,true)
(240,17,true)
(242,17,true)
(243,17,true)
(244,17,true)
(245,17,true)
(248,17,true)
(250,17,true)
(252,17,true)
(253,17,true)
(254,17,true)
(258,17,true)
(261,17,true)
(264,17,true)
(265,17,true)
(266,17,true)
(271,17,true)
(275,17,true)
(279,17,true)
(282,17,false)
(283,17,true)
(284,17,true)
(285,17,true)
(289,17,true)
(294,17,true)
(1,18,false)
(2,18,false)
(8,18,false)
(10,18,false)
(11,18,false)
(13,18,false)
(16,18,false)
(21,18,false)
(25,18,false)
(30,18,false)
(31,18,false)
(32,18,false)
(33,18,false)
(37,18,false)
(44,18,false)
(45,18,true)
(52,18,true)
(59,18,true)
(67,18,true)
(72,18,true)
(73,18,true)
(77,18,true)
(78,18,true)
(80,18,true)
(83,18,true)
(84,18,true)
(85,18,true)
(86,18,true)
(87,18,true)
(97,18,true)
(99,18,true)
(100,18,true)
(101,18,true)
(105,18,true)
(106,18,true)
(109,18,false)
(115,18,true)
(122,18,true)
(124,18,false)
(126,18,true)
(130,18,false)
(131,18,true)
(132,18,true)
(139,18,true)
(140,18,true)
(141,18,true)
(142,18,true)
(143,18,true)
(145,18,true)
(149,18,true)
(150,18,true)
(153,18,true)
(155,18,true)
(158,18,true)
(159,18,true)
(161,18,true)
(162,18,true)
(164,18,true)
(172,18,true)
(175,18,true)
(190,18,true)
(199,18,true)
(204,18,true)
(207,18,true)
(208,18,true)
(209,18,false)
(211,18,true)
(212,18,true)
(221,18,true)
(222,18,true)
(225,18,true)
(241,18,true)
(243,18,true)
(246,18,true)
(247,18,true)
(249,18,true)
(257,18,true)
(261,18,true)
(263,18,true)
(266,18,true)
(273,18,true)
(278,18,true)
(281,18,true)
(283,18,true)
(288,18,true)
(298,18,true)
(299,18,true)
(1,19,false)
(5,19,false)
(8,19,false)
(12,19,false)
(15,19,false)
(16,19,false)
(19,19,false)
(21,19,false)
(22,19,false)
(25,19,false)
(29,19,false)
(30,19,false)
(31,19,false)
(33,19,false)
(34,19,true)
(39,19,false)
(40,19,true)
(47,19,true)
(52,19,true)
(56,19,true)
(67,19,true)
(68,19,true)
(72,19,true)
(82,19,true)
(87,19,true)
(90,19,true)
(92,19,true)
(94,19,true)
(96,19,true)
(97,19,true)
(98,19,true)
(100,19,true)
(101,19,true)
(104,19,true)
(108,19,true)
(109,19,true)
(111,19,false)
(113,19,true)
(115,19,true)
(116,19,false)
(120,19,true)
(122,19,true)
(124,19,true)
(125,19,true)
(134,19,true)
(136,19,true)
(138,19,true)
(139,19,true)
(142,19,true)
(144,19,true)
(146,19,true)
(149,19,true)
(156,19,true)
(168,19,true)
(175,19,true)
(182,19,false)
(186,19,false)
(191,19,false)
(192,19,true)
(193,19,true)
(194,19,true)
(195,19,true)
(197,19,true)
(204,19,true)
(205,19,true)
(208,19,true)
(209,19,true)
(211,19,true)
(214,19,false)
(216,19,false)
(217,19,true)
(219,19,true)
(220,19,true)
(221,19,true)
(225,19,true)
(228,19,true)
(234,19,true)
(240,19,true)
(241,19,false)
(242,19,true)
(253,19,true)
(255,19,true)
(256,19,true)
(260,19,true)
(265,19,true)
(275,19,true)
(278,19,true)
(279,19,true)
(280,19,true)
(287,19,true)
(290,19,true)
(292,19,true)
(294,19,true)
(299,19,true)
(3,20,false)
(5,20,false)
(12,20,false)
(23,20,false)
(25,20,false)
(26,20,true)
(30,20,false)
(33,20,false)
(36,20,false)
(46,20,true)
(48,20,true)
(49,20,true)
(54,20,true)
(63,20,true)
(65,20,true)
(66,20,true)
(70,20,true)
(74,20,true)
(77,20,true)
(86,20,true)
(87,20,true)
(89,20,true)
(92,20,true)
(94,20,true)
(96,20,true)
(98,20,true)
(99,20,true)
(103,20,true)
(104,20,true)
(108,20,true)
(114,20,true)
(117,20,true)
(121,20,true)
(122,20,true)
(136,20,true)
(140,20,true)
(143,20,true)
(148,20,true)
(158,20,true)
(159,20,true)
(167,20,true)
(169,20,true)
(172,20,true)
(178,20,true)
(184,20,true)
(185,20,true)
(186,20,true)
(190,20,false)
(194,20,true)
(198,20,true)
(205,20,true)
(210,20,true)
(213,20,true)
(215,20,true)
(216,20,true)
(219,20,false)
(222,20,true)
(232,20,true)
(233,20,true)
(236,20,true)
(240,20,true)
(242,20,true)
(249,20,true)
(252,20,true)
(262,20,true)
(264,20,true)
(274,20,true)
(282,20,true)
(288,20,true)
(289,20,true)
(293,20,true)
(294,20,true)
(296,20,true)
(5,21,false)
(6,21,false)
(9,21,false)
(13,21,false)
(15,21,false)
(23,21,false)
(33,21,false)
(35,21,false)
(41,21,true)
(49,21,false)
(52,21,true)
(57,21,true)
(64,21,true)
(70,21,true)
(71,21,true)
(75,21,true)
(76,21,true)
(78,21,true)
(80,21,true)
(83,21,true)
(86,21,true)
(90,21,true)
(95,21,true)
(96,21,false)
(102,21,true)
(104,21,true)
(106,21,true)
(107,21,true)
(110,21,true)
(112,21,true)
(114,21,true)
(116,21,true)
(120,21,true)
(131,21,true)
(132,21,true)
(133,21,true)
(134,21,true)
(136,21,true)
(140,21,true)
(145,21,true)
(148,21,true)
(158,21,true)
(161,21,true)
(165,21,true)
(170,21,true)
(175,21,true)
(177,21,true)
(178,21,true)
(179,21,true)
(181,21,true)
(184,21,true)
(186,21,true)
(187,21,true)
(197,21,false)
(201,21,true)
(206,21,true)
(213,21,true)
(215,21,true)
(217,21,true)
(218,21,true)
(219,21,true)
(222,21,true)
(223,21,false)
(224,21,true)
(231,21,true)
(243,21,true)
(245,21,true)
(247,21,true)
(259,21,true)
(260,21,false)
(268,21,true)
(269,21,true)
(271,21,true)
(273,21,true)
(275,21,true)
(277,21,true)
(282,21,true)
(283,21,true)
(286,21,true)
(288,21,true)
(289,21,true)
(290,21,true)
(292,21,true)
(293,21,true)
(297,21,true)
(298,21,true)
(11,22,false)
(12,22,false)
(13,22,false)
(17,22,false)
(18,22,false)
(25,22,false)
(33,22,false)
(36,22,false)
(41,22,true)
(51,22,true)
(53,22,true)
(55,22,true)
(59,22,true)
(61,22,true)
(66,22,true)
(81,22,true)
(86,22,true)
(97,22,true)
(99,22,true)
(100,22,true)
(101,22,true)
(102,22,true)
(115,22,true)
(118,22,true)
(120,22,true)
(121,22,true)
(127,22,true)
(128,22,false)
(131,22,false)
(144,22,true)
(146,22,false)
(147,22,true)
(151,22,true)
(153,22,true)
(157,22,true)
(160,22,false)
(162,22,true)
(165,22,true)
(167,22,true)
(176,22,true)
(178,22,true)
(180,22,true)
(182,22,true)
(183,22,true)
(187,22,true)
(188,22,true)
(191,22,true)
(193,22,true)
(194,22,true)
(195,22,true)
(196,22,true)
(200,22,true)
(202,22,true)
(206,22,true)
(208,22,true)
(221,22,true)
(223,22,true)
(224,22,true)
(226,22,true)
(228,22,true)
(232,22,true)
(233,22,true)
(234,22,true)
(237,22,false)
(243,22,true)
(247,22,true)
(259,22,true)
(264,22,true)
(265,22,true)
(276,22,true)
(278,22,true)
(282,22,false)
(292,22,true)
(295,22,true)
(0,23,false)
(3,23,false)
(4,23,false)
(14,23,false)
(20,23,false)
(24,23,false)
(28,23,false)
(31,23,false)
(33,23,false)
(36,23,false)
(37,23,false)
(42,23,true)
(44,23,true)
(46,23,true)
(54,23,true)
(55,23,true)
(59,23,true)
(65,23,true)
(68,23,true)
(71,23,true)
(75,23,true)
(77,23,true)
(81,23,true)
(83,23,true)
(85,23,true)
(89,23,true)
(90,23,true)
(92,23,true)
(93,23,true)
(99,23,true)
(105,23,true)
(106,23,true)
(111,23,true)
(113,23,true)
(115,23,true)
(117,23,true)
(123,23,true)
(125,23,true)
(132,23,true)
(133,23,true)
(134,23,true)
(141,23,true)
(156,23,true)
(158,23,true)
(165,23,true)
(167,23,true)
(170,23,true)
(171,23,true)
(177,23,true)
(180,23,true)
(181,23,true)
(194,23,true)
(196,23,true)
(197,23,true)
(200,23,true)
(202,23,true)
(205,23,true)
(209,23,true)
(210,23,false)
(212,23,true)
(215,23,true)
(217,23,true)
(220,23,true)
(232,23,true)
(235,23,true)
(243,23,true)
(265,23,false)
(269,23,true)
(272,23,true)
(274,23,true)
(281,23,true)
(284,23,true)
(286,23,true)
(287,23,true)
(288,23,true)
(3,24,false)
(12,24,false)
(13,24,false)
(22,24,false)
(25,24,false)
(26,24,false)
(33,24,false)
(40,24,false)
(51,24,true)
(54,24,true)
(58,24,true)
(68,24,true)
(69,24,true)
(70,24,true)
(76,24,true)
(78,24,true)
(80,24,true)
(82,24,true)
(88,24,false)
(89,24,true)
(91,24,true)
(92,24,true)
(98,24,true)
(100,24,true)
(107,24,true)
(114,24,true)
(115,24,true)
(116,24,true)
(117,24,true)
(121,24,true)
(139,24,true)
(140,24,true)
(145,24,true)
(146,24,true)
(153,24,true)
(157,24,false)
(161,24,true)
(169,24,true)
(171,24,true)
(177,24,true)
(181,24,true)
(182,24,true)
(183,24,true)
(187,24,true)
(192,24,true)
(195,24,true)
(196,24,true)
(205,24,true)
(207,24,true)
(208,24,true)
(209,24,true)
(211,24,true)
(213,24,true)
(215,24,true)
(216,24,true)
(220,24,true)
(223,24,true)
(225,24,true)
(230,24,true)
(241,24,true)
(245,24,true)
(250,24,true)
(251,24,true)
(254,24,true)
(255,24,true)
(258,24,true)
(260,24,true)
(263,24,true)
(265,24,true)
(279,24,true)
(281,24,true)
(282,24,true)
(284,24,true)
(285,24,true)
(296,24,true)
(3,25,false)
(4,25,false)
(6,25,false)
(10,25,false)
(11,25,false)
(15,25,false)
(20,25,false)
(22,25,false)
(23,25,false)
(25,25,false)
(29,25,true)
(30,25,false)
(38,25,true)
(45,25,true)
(47,25,false)
(51,25,true)
(52,25,true)
(59,25,true)
(60,25,true)
(62,25,true)
(67,25,true)
(82,25,true)
(88,25,true)
(89,25,true)
(91,25,true)
(92,25,true)
(98,25,true)
(102,25,true)
(105,25,false)
(111,25,true)
(115,25,true)
(116,25,true)
(119,25,false)
(121,25,false)
(122,25,true)
(124,25,true)
(126,25,true)
(127,25,true)
(129,25,true)
(134,25,true)
(139,25,true)
(142,25,true)
(163,25,true)
(168,25,true)
(176,25,true)
(185,25,true)
(205,25,true)
(207,25,true)
(212,25,true)
(213,25,true)
(214,25,true)
(218,25,true)
(220,25,true)
(223,25,true)
(224,25,false)
(230,25,true)
(234,25,true)
(240,25,true)
(243,25,true)
(247,25,true)
(248,25,true)
(267,25,true)
(268,25,true)
(269,25,true)
(270,25,true)
(274,25,true)
(284,25,true)
(291,25,true)
(299,25,true)
(6,26,false)
(15,26,false)
(16,26,true)
(22,26,true)
(23,26,false)
(38,26,false)
(40,26,true)
(53,26,true)
(55,26,true)
(57,26,false)
(59,26,true)
(64,26,true)
(67,26,true)
(77,26,true)
(78,26,true)
(80,26,true)
(90,26,true)
(94,26,true)
(95,26,true)
(96,26,true)
(97,26,true)
(100,26,true)
(102,26,true)
(112,26,true)
(114,26,true)
(115,26,true)
(116,26,true)
(122,26,true)
(126,26,true)
(127,26,true)
(129,26,true)
(130,26,true)
(141,26,true)
(143,26,true)
(145,26,true)
(147,26,true)
(148,26,true)
(159,26,true)
(160,26,true)
(161,26,true)
(163,26,true)
(166,26,true)
(176,26,true)
(178,26,true)
(182,26,true)
(183,26,true)
(187,26,true)
(193,26,true)
(201,26,true)
(203,26,true)
(206,26,true)
(207,26,true)
(210,26,true)
(213,26,true)
(215,26,true)
(220,26,true)
(221,26,true)
(228,26,true)
(231,26,true)
(233,26,true)
(236,26,true)
(238,26,true)
(239,26,true)
(241,26,true)
(246,26,true)
(249,26,true)
(258,26,false)
(260,26,true)
(263,26,true)
(264,26,true)
(265,26,true)
(268,26,true)
(269,26,true)
(270,26,true)
(274,26,true)
(282,26,true)
(285,26,true)
(289,26,true)
(290,26,true)
(293,26,true)
(7,27,false)
(8,27,false)
(9,27,false)
(11,27,false)
(13,27,false)
(16,27,false)
(17,27,false)
(23,27,false)
(25,27,false)
(26,27,false)
(27,27,false)
(38,27,false)
(42,27,false)
(46,27,true)
(47,27,false)
(52,27,true)
(57,27,true)
(59,27,true)
(62,27,true)
(66,27,true)
(71,27,true)
(76,27,true)
(87,27,true)
(99,27,true)
(108,27,true)
(109,27,true)
(113,27,true)
(118,27,true)
(119,27,true)
(124,27,true)
(127,27,true)
(128,27,true)
(133,27,true)
(135,27,true)
(136,27,true)
(139,27,true)
(148,27,true)
(149,27,true)
(152,27,false)
(157,27,true)
(158,27,true)
(160,27,false)
(164,27,true)
(168,27,true)
(171,27,true)
(172,27,true)
(175,27,true)
(180,27,true)
(181,27,true)
(187,27,true)
(196,27,true)
(199,27,true)
(211,27,true)
(212,27,true)
(213,27,true)
(217,27,true)
(218,27,true)
(221,27,true)
(223,27,true)
(228,27,true)
(229,27,true)
(237,27,true)
(240,27,false)
(241,27,true)
(242,27,false)
(243,27,true)
(246,27,true)
(248,27,true)
(252,27,true)
(253,27,true)
(254,27,true)
(255,27,true)
(261,27,true)
(265,27,true)
(266,27,true)
(267,27,true)
(268,27,true)
(271,27,false)
(272,27,true)
(277,27,true)
(279,27,true)
(291,27,true)
(0,28,false)
(4,28,false)
(5,28,false)
(14,28,false)
(16,28,false)
(18,28,false)
(19,28,false)
(25,28,false)
(26,28,false)
(27,28,false)
(30,28,false)
(40,28,true)
(49,28,true)
(50,28,true)
(52,28,true)
(56,28,true)
(62,28,true)
(66,28,true)
(69,28,true)
(74,28,true)
(83,28,true)
(85,28,true)
(88,28,true)
(93,28,true)
(95,28,true)
(99,28,true)
(108,28,true)
(110,28,true)
(111,28,false)
(125,28,true)
(132,28,true)
(133,28,true)
(142,28,true)
(144,28,true)
(146,28,true)
(147,28,true)
(149,28,true)
(150,28,true)
(157,28,true)
(161,28,true)
(162,28,true)
(169,28,true)
(171,28,true)
(172,28,true)
(173,28,true)
(174,28,true)
(177,28,true)
(180,28,true)
(187,28,true)
(191,28,false)
(193,28,true)
(194,28,true)
(198,28,true)
(201,28,true)
(205,28,true)
(212,28,true)
(223,28,true)
(224,28,true)
(226,28,true)
(240,28,true)
(245,28,true)
(246,28,true)
(248,28,true)
(257,28,true)
(259,28,true)
(260,28,true)
(263,28,false)
(264,28,true)
(270,28,true)
(274,28,true)
(275,28,true)
(277,28,true)
(278,28,true)
(294,28,true)
(298,28,true)
(0,29,false)
(4,29,false)
(10,29,true)
(13,29,false)
(18,29,false)
(20,29,false)
(26,29,false)
(31,29,false)
(34,29,false)
(35,29,false)
(40,29,true)
(54,29,true)
(63,29,true)
(64,29,true)
(71,29,true)
(72,29,true)
(74,29,true)
(75,29,true)
(77,29,true)
(78,29,true)
(79,29,false)
(83,29,true)
(90,29,true)
(93,29,true)
(94,29,true)
(95,29,true)
(97,29,true)
(100,29,true)
(103,29,true)
(111,29,true)
(117,29,true)
(118,29,true)
(119,29,true)
(121,29,true)
(128,29,true)
(137,29,true)
(139,29,true)
(141,29,true)
(149,29,true)
(151,29,true)
(153,29,true)
(155,29,true)
(159,29,true)
(165,29,false)
(171,29,true)
(176,29,true)
(177,29,true)
(180,29,true)
(181,29,true)
(182,29,true)
(187,29,true)
(192,29,true)
(198,29,true)
(200,29,true)
(202,29,true)
(203,29,true)
(214,29,true)
(215,29,true)
(217,29,true)
(223,29,true)
(239,29,true)
(251,29,true)
(252,29,true)
(258,29,true)
(265,29,true)
(267,29,true)
(268,29,true)
(275,29,true)
(281,29,true)
(287,29,true)
(292,29,true)
(295,29,true)
(0,30,false)
(6,30,false)
(9,30,false)
(16,30,false)
(20,30,false)
(26,30,false)
(34,30,false)
(38,30,false)
(39,30,false)
(41,30,true)
(48,30,true)
(60,30,true)
(61,30,true)
(62,30,true)
(75,30,true)
(80,30,true)
(83,30,true)
(87,30,true)
(88,30,true)
(89,30,true)
(92,30,true)
(97,30,true)
(99,30,true)
(100,30,true)
(102,30,true)
(103,30,true)
(109,30,true)
(115,30,true)
(125,30,true)
(129,30,true)
(130,30,true)
(137,30,true)
(139,30,true)
(143,30,true)
(145,30,true)
(150,30,true)
(152,30,true)
(160,30,true)
(165,30,true)
(166,30,true)
(167,30,true)
(169,30,true)
(177,30,true)
(178,30,false)
(183,30,true)
(187,30,true)
(190,30,true)
(192,30,true)
(193,30,true)
(196,30,true)
(198,30,true)
(208,30,true)
(209,30,true)
(211,30,true)
(217,30,true)
(222,30,true)
(227,30,true)
(228,30,true)
(232,30,true)
(235,30,true)
(237,30,true)
(238,30,true)
(245,30,true)
(247,30,true)
(248,30,true)
(252,30,true)
(256,30,false)
(261,30,true)
(277,30,true)
(286,30,true)
(289,30,true)
(291,30,true)
(299,30,true)
(1,31,false)
(2,31,false)
(3,31,false)
(4,31,false)
(6,31,false)
(7,31,false)
(14,31,false)
(17,31,false)
(28,31,false)
(37,31,false)
(39,31,false)
(43,31,true)
(46,31,true)
(47,31,true)
(48,31,false)
(56,31,true)
(57,31,true)
(60,31,true)
(67,31,true)
(70,31,true)
(72,31,true)
(73,31,true)
(75,31,true)
(84,31,true)
(88,31,true)
(89,31,true)
(92,31,true)
(101,31,true)
(110,31,true)
(116,31,true)
(118,31,true)
(120,31,true)
(121,31,true)
(124,31,true)
(125,31,true)
(126,31,true)
(135,31,true)
(136,31,true)
(137,31,true)
(139,31,true)
(140,31,false)
(142,31,true)
(143,31,true)
(147,31,true)
(149,31,true)
(156,31,true)
(159,31,true)
(167,31,true)
(171,31,true)
(173,31,true)
(175,31,true)
(178,31,true)
(179,31,true)
(185,31,true)
(189,31,true)
(190,31,true)
(195,31,true)
(197,31,true)
(205,31,true)
(206,31,true)
(215,31,true)
(219,31,true)
(220,31,true)
(221,31,true)
(222,31,true)
(223,31,true)
(224,31,true)
(227,31,true)
(229,31,true)
(232,31,true)
(237,31,true)
(241,31,true)
(243,31,true)
(252,31,true)
(254,31,true)
(263,31,true)
(264,31,true)
(275,31,true)
(277,31,true)
(285,31,true)
(288,31,true)
(289,31,true)
(290,31,true)
(291,31,true)
(292,31,true)
(294,31,true)
(298,31,true)
(2,32,false)
(13,32,false)
(15,32,true)
(16,32,false)
(17,32,false)
(18,32,true)
(20,32,false)
(24,32,false)
(25,32,false)
(27,32,false)
(28,32,false)
(29,32,false)
(35,32,false)
(37,32,false)
(40,32,true)
(44,32,true)
(49,32,true)
(50,32,true)
(52,32,true)
(54,32,true)
(58,32,true)
(68,32,true)
(70,32,true)
(77,32,true)
(78,32,true)
(82,32,true)
(83,32,true)
(89,32,true)
(93,32,true)
(96,32,true)
(99,32,true)
(102,32,true)
(105,32,true)
(108,32,true)
(109,32,true)
(110,32,true)
(117,32,true)
(130,32,true)
(132,32,true)
(134,32,true)
(135,32,true)
(137,32,true)
(155,32,true)
(162,32,true)
(166,32,true)
(167,32,true)
(169,32,true)
(171,32,true)
(173,32,true)
(183,32,true)
(184,32,false)
(187,32,true)
(192,32,true)
(198,32,true)
(200,32,true)
(208,32,true)
(210,32,true)
(211,32,true)
(212,32,true)
(214,32,true)
(215,32,true)
(221,32,true)
(222,32,true)
(231,32,true)
(241,32,true)
(246,32,true)
(250,32,true)
(255,32,true)
(261,32,true)
(262,32,true)
(267,32,true)
(276,32,true)
(279,32,true)
(289,32,true)
(293,32,true)
(296,32,true)
(0,33,false)
(6,33,false)
(11,33,false)
(12,33,false)
(20,33,false)
(21,33,false)
(22,33,true)
(23,33,false)
(29,33,false)
(36,33,false)
(38,33,false)
(40,33,true)
(46,33,true)
(50,33,true)
(52,33,true)
(65,33,true)
(68,33,true)
(70,33,true)
(73,33,true)
(80,33,true)
(87,33,true)
(90,33,true)
(96,33,true)
(100,33,true)
(108,33,true)
(112,33,true)
(115,33,true)
(121,33,true)
(126,33,true)
(136,33,true)
(139,33,true)
(142,33,true)
(145,33,true)
(147,33,true)
(153,33,true)
(158,33,true)
(163,33,true)
(166,33,true)
(168,33,true)
(170,33,true)
(171,33,true)
(176,33,true)
(178,33,true)
(179,33,true)
(180,33,true)
(187,33,true)
(192,33,true)
(195,33,true)
(199,33,true)
(206,33,true)
(210,33,true)
(213,33,true)
(215,33,true)
(221,33,true)
(222,33,true)
(226,33,true)
(228,33,true)
(231,33,true)
(232,33,true)
(235,33,true)
(246,33,true)
(247,33,false)
(252,33,true)
(258,33,true)
(261,33,true)
(262,33,true)
(264,33,true)
(265,33,true)
(275,33,true)
(288,33,true)
(294,33,true)
(297,33,true)
(8,34,false)
(12,34,false)
(17,34,false)
(21,34,false)
(31,34,false)
(33,34,false)
(34,34,false)
(40,34,false)
(43,34,true)
(46,34,true)
(47,34,true)
(48,34,true)
(60,34,true)
(61,34,true)
(64,34,true)
(68,34,true)
(69,34,true)
(82,34,true)
(83,34,true)
(86,34,true)
(88,34,true)
(98,34,true)
(109,34,true)
(112,34,true)
(113,34,true)
(116,34,true)
(121,34,true)
(134,34,true)
(135,34,true)
(138,34,true)
(139,34,true)
(141,34,true)
(142,34,true)
(145,34,true)
(146,34,true)
(148,34,true)
(155,34,true)
(170,34,true)
(171,34,false)
(177,34,true)
(182,34,false)
(183,34,true)
(190,34,true)
(191,34,true)
(192,34,true)
(193,34,true)
(194,34,false)
(196,34,true)
(210,34,true)
(212,34,true)
(214,34,true)
(221,34,true)
(226,34,true)
(230,34,true)
(243,34,true)
(244,34,true)
(250,34,true)
(252,34,true)
(256,34,true)
(258,34,true)
(260,34,true)
(263,34,true)
(267,34,true)
(269,34,true)
(272,34,true)
(274,34,true)
(275,34,true)
(276,34,true)
(279,34,true)
(286,34,true)
(289,34,true)
(291,34,true)
(294,34,true)
(297,34,true)
(0,35,false)
(5,35,false)
(6,35,false)
(7,35,false)
(19,35,false)
(25,35,false)
(26,35,false)
(28,35,false)
(35,35,false)
(41,35,true)
(44,35,true)
(46,35,true)
(50,35,true)
(51,35,true)
(52,35,true)
(57,35,true)
(62,35,true)
(67,35,true)
(70,35,true)
(75,35,true)
(77,35,true)
(83,35,true)
(87,35,true)
(95,35,true)
(99,35,true)
(107,35,true)
(110,35,true)
(111,35,true)
(116,35,true)
(127,35,true)
(132,35,true)
(136,35,true)
(140,35,true)
(146,35,true)
(150,35,true)
(152,35,true)
(162,35,true)
(164,35,true)
(176,35,true)
(177,35,true)
(179,35,true)
(181,35,true)
(186,35,true)
(188,35,true)
(191,35,true)
(198,35,true)
(199,35,true)
(200,35,true)
(202,35,true)
(206,35,true)
(207,35,true)
(210,35,true)
(212,35,true)
(214,35,true)
(215,35,true)
(226,35,false)
(227,35,true)
(228,35,true)
(229,35,true)
(234,35,true)
(236,35,true)
(238,35,true)
(239,35,true)
(240,35,true)
(242,35,true)
(248,35,true)
(255,35,true)
(258,35,true)
(260,35,true)
(265,35,true)
(277,35,false)
(284,35,true)
(288,35,true)
(289,35,true)
(299,35,true)
(6,36,false)
(18,36,false)
(35,36,false)
(37,36,false)
(39,36,false)
(40,36,false)
(45,36,true)
(46,36,true)
(53,36,true)
(54,36,true)
(59,36,true)
(62,36,true)
(70,36,true)
(74,36,true)
(76,36,true)
(77,36,true)
(78,36,true)
(81,36,true)
(82,36,true)
(84,36,true)
(86,36,true)
(95,36,true)
(108,36,true)
(118,36,true)
(119,36,true)
(121,36,true)
(132,36,true)
(150,36,true)
(160,36,true)
(162,36,true)
(167,36,true)
(170,36,true)
(172,36,true)
(175,36,true)
(178,36,true)
(179,36,true)
(186,36,true)
(187,36,true)
(189,36,false)
(191,36,false)
(195,36,true)
(196,36,true)
(200,36,true)
(203,36,true)
(204,36,true)
(207,36,true)
(215,36,true)
(219,36,true)
(220,36,true)
(222,36,true)
(232,36,true)
(235,36,true)
(236,36,true)
(246,36,true)
(247,36,true)
(251,36,true)
(256,36,true)
(259,36,true)
(267,36,true)
(271,36,true)
(280,36,true)
(283,36,true)
(285,36,true)
(289,36,true)
(290,36,true)
(292,36,true)
(297,36,true)
(0,37,false)
(3,37,false)
(6,37,false)
(8,37,false)
(12,37,false)
(18,37,false)
(19,37,false)
(21,37,false)
(28,37,false)
(33,37,false)
(38,37,true)
(45,37,true)
(46,37,true)
(53,37,true)
(56,37,true)
(59,37,true)
(70,37,true)
(71,37,true)
(73,37,true)
(77,37,true)
(82,37,true)
(85,37,true)
(88,37,true)
(89,37,true)
(93,37,true)
(107,37,true)
(108,37,true)
(109,37,true)
(112,37,true)
(117,37,true)
(120,37,true)
(128,37,true)
(129,37,true)
(146,37,true)
(147,37,true)
(153,37,true)
(155,37,true)
(156,37,true)
(160,37,true)
(161,37,true)
(162,37,true)
(163,37,true)
(164,37,true)
(169,37,true)
(173,37,true)
(182,37,true)
(196,37,true)
(201,37,true)
(205,37,true)
(207,37,true)
(208,37,true)
(212,37,true)
(214,37,true)
(220,37,true)
(222,37,true)
(223,37,true)
(226,37,false)
(227,37,true)
(228,37,true)
(230,37,true)
(234,37,true)
(239,37,true)
(245,37,true)
(250,37,true)
(252,37,true)
(253,37,true)
(254,37,true)
(256,37,true)
(257,37,true)
(259,37,true)
(266,37,true)
(267,37,true)
(268,37,true)
(277,37,true)
(278,37,true)
(283,37,true)
(291,37,true)
(293,37,true)
(295,37,true)
(6,38,false)
(10,38,false)
(11,38,false)
(15,38,false)
(16,38,false)
(24,38,false)
(27,38,false)
(36,38,false)
(48,38,true)
(58,38,true)
(60,38,true)
(62,38,true)
(67,38,true)
(72,38,true)
(80,38,true)
(82,38,true)
(84,38,true)
(85,38,true)
(93,38,true)
(105,38,true)
(116,38,true)
(126,38,true)
(142,38,true)
(146,38,true)
(147,38,false)
(152,38,true)
(153,38,true)
(157,38,true)
(159,38,true)
(160,38,true)
(163,38,true)
(173,38,true)
(183,38,true)
(185,38,true)
(186,38,true)
(187,38,true)
(189,38,true)
(190,38,true)
(191,38,true)
(200,38,true)
(206,38,false)
(208,38,true)
(212,38,true)
(214,38,true)
(215,38,true)
(217,38,true)
(222,38,true)
(224,38,true)
(225,38,true)
(227,38,true)
(237,38,true)
(238,38,true)
(240,38,true)
(241,38,true)
(244,38,true)
(245,38,true)
(247,38,true)
(249,38,true)
(251,38,true)
(255,38,true)
(256,38,true)
(259,38,true)
(262,38,true)
(266,38,true)
(267,38,true)
(268,38,true)
(271,38,true)
(275,38,true)
(278,38,true)
(286,38,true)
(287,38,true)
(295,38,true)
(9,39,false)
(10,39,false)
(12,39,false)
(13,39,false)
(19,39,false)
(25,39,false)
(26,39,false)
(27,39,false)
(29,39,false)
(31,39,false)
(32,39,false)
(33,39,false)
(36,39,false)
(44,39,true)
(54,39,true)
(65,39,true)
(68,39,true)
(72,39,true)
(76,39,true)
(78,39,true)
(79,39,true)
(82,39,true)
(89,39,true)
(90,39,true)
(94,39,true)
(105,39,true)
(115,39,true)
(126,39,true)
(127,39,true)
(133,39,true)
(134,39,true)
(135,39,true)
(140,39,true)
(141,39,true)
(150,39,true)
(154,39,true)
(159,39,true)
(165,39,true)
(168,39,true)
(171,39,true)
(175,39,true)
(176,39,true)
(177,39,true)
(181,39,true)
(189,39,true)
(191,39,false)
(193,39,true)
(194,39,true)
(196,39,true)
(204,39,true)
(205,39,false)
(208,39,true)
(213,39,true)
(217,39,true)
(223,39,false)
(229,39,true)
(230,39,true)
(231,39,true)
(237,39,true)
(253,39,true)
(255,39,true)
(256,39,true)
(260,39,true)
(262,39,true)
(265,39,true)
(267,39,true)
(271,39,false)
(281,39,true)
(283,39,true)
(284,39,true)
(285,39,true)
(286,39,true)
(290,39,true)
(291,39,true)
(293,39,true)
(296,39,true)
(0,40,false)
(1,40,false)
(6,40,false)
(9,40,false)
(26,40,false)
(27,40,false)
(28,40,false)
(29,40,false)
(30,40,false)
(34,40,false)
(38,40,false)
(45,40,true)
(46,40,true)
(50,40,true)
(51,40,true)
(75,40,true)
(78,40,true)
(85,40,true)
(98,40,true)
(99,40,true)
(100,40,true)
(110,40,true)
(120,40,true)
(123,40,true)
(143,40,true)
(151,40,false)
(152,40,true)
(156,40,true)
(162,40,true)
(166,40,true)
(170,40,true)
(172,40,true)
(176,40,true)
(179,40,true)
(183,40,true)
(190,40,true)
(201,40,true)
(203,40,true)
(209,40,true)
(218,40,true)
(224,40,true)
(225,40,true)
(226,40,true)
(230,40,true)
(232,40,true)
(237,40,true)
(241,40,true)
(245,40,true)
(246,40,true)
(250,40,true)
(261,40,true)
(262,40,true)
(267,40,true)
(269,40,true)
(273,40,true)
(275,40,true)
(276,40,true)
(278,40,true)
(279,40,true)
(284,40,true)
(289,40,true)
(294,40,true)
(295,40,true)
(297,40,true)

(219,33)
(134,11)
(115,21)
(118,16)
(99,8)
(131,0)
(237,37)
(54,40)
(114,19)
(247,10)
(24,39)
(186,32)
(221,35)
(80,25)
(222,1)
(12,28)
(15,27)
(101,9)
(210,16)
(143,1)
(29,23)
(251,30)
(182,28)
(236,23)
(117,27)
(211,31)
(252,6)
(184,23)
(33,33)
(144,35)
(32,17)
(163,20)
(71,4)
(222,12)
(138,27)
(15,9)
(275,16)
(253,11)
(252,38)
(201,30)
(56,32)
(125,17)
(173,9)
(182,11)
(23,14)
(248,16)
(241,12)
(39,20)
(174,34)
(96,0)
(270,7)
(167,24)
(148,30)
(175,11)
(230,21)
(251,32)
(279,8)
(4,9)
(234,27)
(175,38)
(160,0)
(218,6)
(24,37)
(101,25)
(181,30)
(123,3)
(104,6)
(217,36)
(266,23)
(146,32)
(63,14)
(140,34)
(261,31)
(34,31)
(179,8)
(52,14)
(200,25)
(122,29)
(81,17)
(252,15)
(264,15)
(238,28)
(274,18)
(218,36)
(91,10)
(45,27)
(234,34)
(32,40)
(69,23)
(207,14)
(54,35)
(71,2)
(65,36)
(242,8)
(274,21)
(287,15)
(177,12)
(230,3)
(23,12)
(5,8)
(253,23)
(286,20)
(60,18)
(249,12)
(102,37)
(253,31)
(0,7)
(106,6)
(221,37)
(177,14)
(101,15)
(173,23)
(236,34)
(37,6)
(270,30)
(274,31)
(51,4)
(163,32)
(175,4)
(103,31)
(294,26)
(265,11)
(231,30)
(18,30)
(1,12)
(135,17)
(177,15)
(231,22)
(179,20)
(161,2)
(48,2)
(236,32)
(153,31)
(40,2)
(261,35)
(205,30)
(284,36)
(229,1)
(257,13)
(189,18)
(181,10)
(296,25)
(171,17)
(187,18)
(155,16)
(237,23)
(249,14)
(79,35)
(296,33)
(138,2)
(214,20)
(148,25)
(150,37)
(202,28)
(52,13)
(11,1)
(225,28)
(166,13)
(8,7)
(124,28)
(273,0)
(222,29)
(91,3)
(78,20)
(116,20)
(291,29)
(199,30)
(31,2)
(252,21)
(101,35)
(146,15)
(100,12)
(104,31)
(98,3)
(87,39)
(86,14)
(182,23)
(243,29)
(65,19)
(133,32)
(48,13)
(247,15)
(262,13)
(275,9)
(114,8)
(91,8)
(19,0)
(8,11)
(187,3)
(154,38)
(246,39)
(59,7)
(297,15)
(200,39)
(122,30)
(272,10)
(191,33)
(214,4)
(92,34)
(198,8)
(12,4)
(279,36)
(110,30)
(261,13)
(282,8)
(7,9)
(95,27)
(61,38)
(9,19)
(124,26)
(95,13)
(102,20)
(128,13)
(261,37)
(130,1)
(191,26)
(31,33)
(29,31)
(157,6)
(218,34)
(239,16)
(15,17)
(1,33)
(54,2)
(293,31)
(60,40)
(61,4)
(122,4)
(152,11)
(180,12)
(65,13)
(210,1)
(15,14)
(32,34)
(41,18)
(291,10)
(127,1)
(26,2)
(136,2)
(125,4)
(85,5)
(85,11)
(192,23)
(143,4)
(1,17)
(165,25)
(297,18)
(248,4)
(250,30)
(68,25)
(97,24)
(227,14)
(140,30)
(214,40)
(256,11)
(209,38)
(292,18)
(252,4)
(211,28)
(262,22)
(43,35)
(133,37)
(79,23)
(82,20)
(113,14)
(2,4)
(216,28)
(226,17)
(221,36)
(172,39)
(137,19)
(280,18)
(276,18)
(87,5)
(25,34)
(172,35)
(190,14)
(55,0)
(257,7)
(60,5)
(6,9)
(124,39)
(286,14)
(257,36)
(10,26)
(235,19)
(27,20)
(166,38)
(298,6)
(274,14)
(126,3)
(159,34)
(69,31)
(262,9)
(221,4)
(114,14)
(270,33)
(67,37)
(17,15)
(239,28)
(80,10)
(239,3)
(218,7)
(10,37)
(54,26)
(127,34)
(111,26)
(35,14)
(277,33)
(299,17)
(107,19)
(83,39)
(161,29)
(299,29)
(119,14)
(285,27)
(233,14)
(89,21)
(132,9)
(62,8)
(184,33)
(150,2)
(25,30)
(217,26)
(273,16)
(265,13)
(194,25)
(113,40)
(199,38)
(90,2)
(201,5)
(234,30)
(98,26)
(257,14)
(140,4)
(225,27)
(46,25)
(29,38)
(192,9)
(158,8)
(143,19)
(161,11)
(202,7)
(146,16)
(64,31)
(63,30)
(123,2)
(266,34)
(255,9)
(105,8)
(277,13)
(125,20)
(278,2)
(63,16)
(27,2)
(247,29)
(216,40)
(278,33)
(177,20)
(62,9)
(138,29)
(213,30)
(151,0)
(30,14)
(278,15)
(285,40)
(189,0)
(161,13)
(25,4)
(159,15)
(4,7)
(210,8)
(78,5)
(69,30)
(4,35)
(233,3)
(9,35)
(210,9)
(152,16)
(41,16)
(94,16)
(286,26)
(142,20)
(251,1)
(56,25)
(120,17)
(284,13)
(282,30)
(296,2)
(113,28)
(74,16)
(219,35)
(71,38)
(289,23)
(123,39)
(16,29)
(114,23)
(130,29)
(92,1)
(261,6)
(225,31)
(91,13)
(49,33)
(119,12)
(120,33)
(285,10)
(282,5)
(280,20)
(115,28)
(51,31)
(187,9)
(256,22)
(161,14)
(95,1)
(229,30)
(176,9)
(283,13)
(169,25)
(7,26)
(49,6)
(97,14)
(120,32)
(110,25)
(145,32)
(126,19)
(30,22)
(29,21)
(22,27)
(253,32)
(293,2)
(299,38)
(247,12)
(176,7)
(146,30)
(21,15)
(283,5)
(290,23)
(151,4)
(95,14)
(23,8)
(117,5)
(166,0)
(236,31)
(257,5)
(248,10)
(298,29)
(51,10)
(48,19)
(68,16)
(200,4)
(238,17)
(113,35)
(246,21)
(64,0)
(28,22)
(96,5)
(294,21)
(141,11)
(13,28)
(42,8)
(188,33)
(277,8)
(134,4)
(131,33)
(134,22)
(75,19)
(177,18)
(61,3)
(42,13)
(130,2)
(131,2)
(292,12)
(274,29)
(271,8)
(10,19)
(232,11)
(208,26)
(131,26)
(198,11)
(70,5)
(139,39)
(259,19)
(217,7)
(85,12)
(283,10)
(179,2)
(136,8)
(212,7)
(234,39)
(135,4)
(135,10)
(84,32)
(15,20)
(298,26)
(169,36)
(197,27)
(192,26)
(10,8)
(100,34)
(197,9)
(288,3)
(119,38)
(241,20)
(279,16)
(262,18)
(31,7)
(159,1)
(195,23)
(32,12)
(111,21)
(116,14)
(78,31)
(40,9)
(37,33)
(122,12)
(10,14)
(269,29)
(8,5)
(58,17)
(178,2)
(284,7)
(268,23)
(168,34)
(130,5)
(259,9)
(107,33)
(128,24)
(87,2)
(179,15)
(99,5)
(217,4)
(137,27)
(196,35)
(178,35)
(94,4)
(189,10)
(138,10)
(271,18)
(180,21)
(250,25)
(54,5)
(206,7)
(131,35)
(271,32)
(145,39)
(48,36)
(158,5)
(229,29)
(174,9)
(231,3)
(198,33)
(298,19)
(126,21)
(162,23)
(285,14)
(222,13)
(46,5)
(59,1)
(74,27)
(106,0)
(236,21)
(157,37)
(5,25)
(149,3)
(53,10)
(275,7)
(297,17)
(17,21)
(141,27)
(56,17)
(261,25)
(40,27)
(132,8)
(19,3)
(142,8)
(226,19)
(284,19)
(69,12)
(37,27)
(59,39)
(187,2)
(131,31)
(275,14)
(97,40)
(112,23)
(189,2)
(154,28)
(43,12)
(170,19)
(194,38)
(99,1)
(233,23)
(217,17)
(122,28)
(292,11)
(68,36)
(63,9)
(258,27)
(170,8)
(122,32)
(17,2)
(249,0)
(217,28)
(206,37)
(22,8)
(53,32)
(109,35)
(205,9)
(55,33)
(136,36)
(0,21)
(41,15)
(64,38)
(87,32)
(251,22)
(157,0)
(51,0)
(122,33)
(103,28)
(214,27)
(117,15)
(251,4)
(222,22)
(76,14)
(102,23)
(137,20)
(16,12)
(8,4)
(272,28)
(141,20)
(35,4)
(28,19)
(279,6)
(153,1)
(98,28)
(182,15)
(121,32)
(110,16)
(210,17)
(7,37)
(293,3)
(141,1)
(256,26)
(298,12)
(265,12)
(164,24)
(275,24)
(180,1)
(205,15)
(250,13)
(295,12)
(161,38)
(257,8)
(87,22)
(53,15)
(59,20)
(296,13)
(229,22)
(236,0)
(97,9)
(16,15)
(68,21)
(229,23)
(110,17)
(37,25)
(93,27)
(102,34)
(117,26)
(56,40)
(161,23)
(74,11)
(290,1)
(171,19)
(206,3)
(74,22)
(195,21)
(100,14)
(224,18)
(31,27)
(49,8)
(65,29)
(19,23)
(29,10)
(137,2)
(241,37)
(70,26)
(89,34)
(278,17)
(50,17)
(188,9)
(180,39)
(203,34)
(159,28)
(96,15)
(25,9)
(179,18)
(39,27)
(3,18)
(258,21)
(89,22)
(161,35)
(122,23)
(295,5)
(91,11)
(213,10)
(95,9)
(41,24)
(36,27)
(117,2)
(140,29)
(55,4)
(264,18)
(102,27)
(268,15)
(226,9)
(241,17)
(255,14)
(189,13)
(139,14)
(216,34)
(19,22)
(10,15)
(289,6)
(200,12)
(144,29)
(250,6)
(224,3)
(109,25)
(271,15)
(239,0)
(3,33)
(84,28)
(2,35)
(237,11)
(154,35)
(77,34)
(116,12)
(182,36)
(199,21)
(196,29)
(236,29)
(15,30)
(52,10)
(122,9)
(38,20)
(9,17)
(191,14)
(234,33)
(249,36)
(5,5)
(208,7)
(167,35)
(240,13)
(129,27)
(244,6)
(90,4)
(196,13)
(117,3)
(89,6)
(79,20)
(45,38)
(36,26)
(229,21)
(18,19)
(174,37)
(173,11)
(297,38)
(184,2)
(291,22)
(270,6)
(59,35)
(79,22)
(116,27)
(122,7)
(179,25)
(293,16)
(34,18)
(152,12)
(99,36)
(238,11)
(156,38)
(109,33)
(188,16)
(51,32)
(17,17)
(113,31)
(65,34)
(70,13)
(19,34)
(38,4)
(134,10)
(197,24)
(89,13)
(119,21)
(45,24)
(123,19)
(84,4)
(24,24)
(205,21)
(4,6)
(70,27)
(266,13)
(213,18)
(193,33)
(63,39)
(165,34)
(139,32)
(201,1)
(296,7)
(157,13)
(98,32)
(213,34)
(79,0)
(234,2)
(35,27)
(122,10)
(279,13)
(201,29)
(141,5)
(37,37)
(294,11)
(271,14)
(20,7)
(261,26)
(106,33)
(172,26)
(105,9)
(51,12)
(242,3)
(107,1)
(133,18)
(187,39)
(0,27)
(104,9)
(116,22)
(56,8)
(76,10)
(251,20)
(251,11)
(19,40)
(184,28)
(200,33)
(199,9)
(292,8)
(55,16)
(209,39)
(253,3)
(13,34)
(120,3)
(147,30)
(284,5)
(41,4)
(244,23)
(176,18)
(16,11)
(136,40)
(238,19)
(32,29)
(220,0)
(294,39)
(133,2)
(174,33)
(78,17)
(298,15)
(204,21)
(37,40)
(117,10)
(22,6)
(264,30)
(66,36)
(151,36)
(52,36)
(254,2)
(20,12)
(50,9)
(234,26)
(57,23)
(7,24)
(73,11)
(7,22)
(119,37)
(181,34)
(270,27)
(154,25)
(186,33)
(107,28)
(219,18)
(180,25)
(6,34)
(28,29)
(225,17)
(1,14)
(2,12)
(187,13)
(232,39)
(257,33)
(268,4)
(84,1)
(165,0)
(16,25)
(26,23)
(33,10)
(84,22)
(155,22)
(139,38)
(192,1)
(163,6)
(199,7)
(281,20)
(81,25)
(207,38)
(254,28)
(159,25)
(267,0)
(119,20)
(20,20)
(141,21)
(74,21)
(33,14)
(224,32)
(83,22)
(209,8)
(163,3)
(294,10)
(193,5)
(35,2)
(37,3)
(126,32)
(185,26)
(253,40)
(262,25)
(133,35)
(58,20)
(250,33)
(174,39)
(208,33)
(144,4)
(60,8)
(150,23)
(178,38)
(117,9)
(193,15)
(243,20)
(244,22)
(57,4)
(216,18)
(191,18)
(267,21)
(242,26)
(54,8)
(295,13)
(252,1)
(196,31)
(86,35)
(117,38)
(91,38)
(83,14)
(256,33)
(106,30)
(39,2)
(169,10)
(172,1)
(176,17)
(41,1)
(252,28)
(209,11)
(275,23)
(151,25)
(274,12)
(176,13)
(17,24)
(215,34)
(73,2)
(30,6)
(240,11)
(297,37)
(243,1)
(267,26)
(6,39)
(209,25)
(122,24)
(104,37)
(158,35)
(222,19)
(82,35)
(58,37)
(38,23)
(198,6)
(151,10)
(15,15)
(298,11)
(131,5)
(244,14)
(264,19)
(290,6)
(227,33)
(283,34)
(186,25)
(99,11)
(222,3)
(113,32)
(244,26)
(123,6)
(142,29)
(65,27)
(141,25)
(193,24)
(116,40)
(43,33)
(270,4)
(77,33)
(130,6)
(24,14)
(197,11)
(264,6)
(11,10)
(40,35)
(184,30)
(148,4)
(117,31)
(126,24)
(45,20)
(77,30)
(167,16)
(43,18)
(282,15)
(145,36)
(42,7)
(33,36)
(14,17)
(278,12)
(111,10)
(9,22)
(156,30)
(121,15)
(10,32)
(86,31)
(161,30)
(130,39)
(252,19)
(244,29)
(17,16)
(206,4)
(201,22)
(292,17)
(237,29)
(48,9)
(269,8)
(161,32)
(92,21)
(113,26)
(163,18)
(227,4)
(125,2)
(129,22)
(10,35)
(127,3)
(97,38)
(289,38)
(131,34)
(98,18)
(113,1)
(202,39)
(229,33)
(279,21)
(192,40)
(232,25)
(227,27)
(179,32)
(204,15)
(278,34)
(82,29)
(265,34)
(188,31)
(242,22)
(78,9)
(126,4)
(109,16)
(227,11)
(200,16)
(173,20)
(106,25)
(210,21)
(292,34)
(220,34)
(87,36)
(286,36)
(254,3)
(298,25)
(118,30)
(165,15)
(113,39)
(291,7)
(81,1)
(127,37)
(40,25)
(209,5)
(62,5)
(190,8)
(59,40)
(262,34)
(6,10)
(276,24)
(156,25)
(158,28)
(110,39)
(155,21)
(58,9)
(187,19)
(280,3)
(49,11)
(133,13)
(175,23)
(241,21)
(183,2)
(133,34)
(142,30)
(283,9)
(111,15)
(104,5)
(106,32)
(31,4)
(202,5)
(16,24)
(187,40)
(214,14)
(55,37)
(181,17)
(292,20)
(213,0)
(219,7)
(140,3)
(68,8)
(56,36)
(15,34)
(226,2)
(147,7)
(181,38)
(177,33)
(106,40)
(117,21)
(52,8)
(206,8)
(106,19)
(285,4)
(176,31)
(204,32)
(192,4)
(286,19)
(276,5)
(154,34)
(191,4)
(130,13)
(101,33)
(273,33)
(175,9)
(16,21)
(176,11)
(21,3)
(186,30)
(271,25)
(194,7)
(206,20)
(241,8)
(0,34)
(220,30)
(140,16)
(56,39)
(182,9)
(60,24)
(55,34)
(79,28)
(150,32)
(170,20)
(276,25)
(104,8)
(227,23)
(154,6)
(84,16)
(78,2)
(16,35)
(105,15)
(184,1)
(158,25)
(73,16)
(158,6)
(161,36)
(237,6)
(16,13)
(140,7)
(155,17)
(129,23)
(299,31)
(84,14)
(57,17)
(290,24)
(32,2)
(247,6)
(277,14)
(186,18)
(164,30)
(24,1)
(160,33)
(243,14)
(241,33)
(212,36)
(177,13)
(74,17)
(243,24)
(79,6)
(257,25)
(141,28)
(78,34)
(259,25)
(35,5)
(163,31)
(215,17)
(269,20)
(148,6)
(180,7)
(282,35)
(87,40)
(143,24)
(136,4)
(42,10)
(282,7)
(261,24)
(182,16)
(153,40)
(131,37)
(115,2)
(107,31)
(159,37)
(51,37)
(214,3)
(262,36)
(185,34)
(152,37)
(67,3)
(165,4)
(199,22)
(281,28)
(144,27)
(93,11)
(110,14)
(43,38)
(94,15)
(127,5)
(215,9)
(66,21)
(30,27)
(94,31)
(0,39)
(254,18)
(65,28)
(146,18)
(184,4)
(116,2)
(294,0)
(269,10)
(11,21)
(43,20)
(158,1)
(165,38)
(198,36)
(199,11)
(224,11)
(285,29)
(175,22)
(142,15)
(199,26)
(208,16)
(27,25)
(60,20)
(65,30)
(92,6)
(150,17)
(90,35)
(114,40)
(153,5)
(239,21)
(224,26)
(200,30)
(19,32)
(119,35)
(2,21)
(40,11)
(176,24)
(103,1)
(36,17)
(151,32)
(287,7)
(56,35)
(179,37)
(23,15)
(19,13)
(80,37)
(168,5)
(272,12)
(9,15)
(233,33)
(57,10)
(89,28)
(128,8)
(204,29)
(36,3)
(12,23)
(285,38)
(156,14)
(170,18)
(116,32)
(225,29)
(272,3)
(4,22)
(61,36)
(54,17)
(288,8)
(6,19)
(143,23)
(203,39)
(144,25)
(258,14)
(143,8)
(290,40)
(131,36)
(175,33)
(130,40)
(18,38)
(98,30)
(206,30)
(67,33)
(6,15)
(210,31)
(113,16)
(159,13)
(165,17)
(297,2)
(247,14)
(298,37)
(249,13)
(272,14)
(280,27)
(90,16)
(66,38)
(251,5)
(174,20)
(96,13)
(74,1)
(63,7)
(234,23)
(19,29)
(293,22)
(131,15)
(62,18)
(79,19)
(258,38)
(54,22)
(118,5)
(195,25)
(51,33)
(1,30)
(209,21)
(194,18)
(40,10)
(278,6)
(98,2)
(49,16)
(294,29)
(0,31)
(51,28)
(138,37)
(185,37)
(62,29)
(158,30)
(226,13)
(282,29)
(177,1)
(256,24)
(24,4)
(207,5)
(218,37)
(248,40)
(177,3)
(180,24)
(207,12)
(122,36)
(85,26)
(261,19)
(148,10)
(87,34)
(97,5)
(42,28)
(230,2)
(285,18)
(51,16)
(287,13)
(90,22)
(280,17)
(45,3)
(266,28)
(25,38)
(39,39)
(256,40)
(202,4)
(44,40)
(150,38)
(68,12)
(204,23)
(232,37)
(65,16)
(64,35)
(1,22)
(171,4)
(111,5)
(265,36)
(167,27)
(284,15)
(47,15)
(199,5)
(25,1)
(174,35)
(90,18)
(61,24)
(82,23)
(61,37)
(60,28)
(45,10)
(203,11)
(12,17)
(102,8)
(223,1)
(276,30)
(222,40)
(230,32)
(116,18)
(73,39)
(44,19)
(49,15)
(220,13)
(67,7)
(59,12)
(178,12)
(218,39)
(286,17)
(215,10)
(156,9)
(112,31)
(107,32)
(108,17)
(136,6)
(132,16)
(54,27)
(58,39)
(77,28)
(53,38)
(288,24)
(85,24)
(272,21)
(271,7)
(43,19)
(5,11)
(206,34)
(227,24)
(23,0)
(297,28)
(94,11)
(259,27)
(220,3)
(106,34)
(74,10)
(77,39)
(63,21)
(133,26)
(101,27)
(63,8)
(73,38)
(15,23)
(22,28)
(32,36)
(154,17)
(28,20)
(249,6)
(268,17)
(59,5)
(275,32)
(217,22)
(215,37)
(137,7)
(46,13)
(109,7)
(290,15)
(80,3)
(203,5)
(130,35)
(287,16)
(148,8)
(183,20)
(272,32)
(141,15)
(240,23)
(12,32)
(153,30)
(192,35)
(51,6)
(139,5)
(105,22)
(137,22)
(281,32)
(164,11)
(41,31)
(127,6)
(165,20)
(107,30)
(281,15)
(10,7)
(39,11)
(43,3)
(225,7)
(181,19)
(269,37)
(153,20)
(130,23)
(88,6)
(36,24)
(55,39)
(180,9)
(65,38)
(277,24)
(95,5)
(140,23)
(156,15)
(156,22)
(156,6)
(27,23)
(215,15)
(245,4)
(23,1)
(55,28)
(199,40)
(181,15)
(144,26)
(268,12)
(153,19)
(288,28)
(78,35)
(295,24)
(286,24)
(144,9)
(290,20)
(148,16)
(181,22)
(287,6)
(33,4)
(164,34)
(207,8)
(169,21)
(241,15)
(64,16)
(160,17)
(5,36)
(170,31)
(56,13)
(173,18)
(34,33)
(107,4)
(247,17)
(270,8)
(223,33)
(144,18)
(197,5)
(115,20)
(36,13)
(125,33)
(122,8)
(23,24)
(221,20)
(223,30)
(160,35)
(157,9)
(176,1)
(185,15)
(184,29)
(213,32)
(129,15)
(104,26)
(269,7)
(252,14)
(128,38)
(52,30)
(15,3)
(52,39)
(71,24)
(116,23)
(270,39)
(144,34)
(105,36)
(233,30)
(116,13)
(175,14)
(249,24)
(121,0)
(178,24)
(210,29)
(166,21)
(129,1)
(109,11)
(289,14)
(216,5)
(62,31)
(191,24)
(230,11)
(176,37)
(157,2)
(23,32)
(95,31)
(65,10)
(216,31)
(249,27)
(177,22)
(286,12)
(99,12)
(129,32)
(116,28)
(81,2)
(41,25)
(54,34)
(281,31)
(51,14)
(63,4)
(47,36)
(162,16)
(6,13)
(209,7)
(287,2)
(92,33)
(206,29)
(270,24)
(89,16)
(172,21)
(20,22)
(241,34)
(228,7)
(296,9)
(140,17)
(149,39)
(95,15)
(131,23)
(16,22)
(64,30)
(44,11)
(259,6)
(21,13)
(251,10)
(177,5)
(231,8)
(136,9)
(51,9)
(201,4)
(77,22)
(296,19)
(41,26)
(22,10)
(284,8)
(204,10)
(238,22)
(52,20)
(289,18)
(211,6)
(67,8)
(128,31)
(87,7)
(176,34)
(79,37)
(2,16)
(274,22)
(105,35)
(68,30)
(154,8)
(211,35)
(37,22)
(29,9)
(232,4)
(3,5)
(296,14)
(215,5)
(49,2)
(142,27)
(72,14)
(124,9)
(91,40)
(231,40)
(42,39)
(65,15)
(42,32)
(117,14)
(212,0)
(106,31)
(198,38)
(83,3)
(264,1)
(257,12)
(17,20)
(77,7)
(129,36)
(189,5)
(240,22)
(147,34)
(155,7)
(70,6)
(258,13)
(183,33)
(204,14)
(24,25)
(191,32)
(112,30)
(91,27)
(74,14)
(16,10)
(182,6)
(127,7)
(271,9)
(148,39)
(23,36)
(103,27)
(193,35)
(68,22)
(42,26)
(168,26)
(177,17)
(22,34)
(204,3)
(263,22)
(142,13)
(32,27)
(121,3)
(270,38)
(12,7)
(64,28)
(234,36)
(42,20)
(225,5)
(57,37)
(40,16)
(242,6)
(17,25)
(155,23)
(226,26)
(100,21)
(122,16)
(273,36)
(98,4)
(154,36)
(87,13)
(228,15)
(243,32)
(266,19)
(21,6)
(50,39)
(11,11)
(33,31)
(231,27)
(148,29)
(61,39)
(17,40)
(96,38)
(240,18)
(41,34)
(227,28)
(28,3)
(112,10)
(165,7)
(10,36)
(272,6)
(292,40)
(68,5)
(169,29)
(100,17)
(71,40)
(245,33)
(69,20)
(217,34)
(38,24)
(216,14)
(64,23)
(103,3)
(157,15)
(116,29)
(241,16)
(42,12)
(26,4)
(151,14)
(52,38)
(64,6)
(162,20)
(119,19)
(129,31)
(66,5)
(188,37)
(247,2)
(50,22)
(288,12)
(78,4)
(235,25)
(34,32)
(261,22)
(105,37)
(241,22)
(184,36)
(79,34)
(179,38)
(55,2)
(5,38)
(290,28)
(165,28)
(21,32)
(151,24)
(64,27)
(259,23)
(21,39)
(58,15)
(163,2)
(73,19)
(47,32)
(140,2)
(4,12)
(259,35)
(207,30)
(169,0)
(105,21)
(49,35)
(49,36)
(100,1)
(254,25)
(221,2)
(23,22)
(81,12)
(228,5)
(23,31)
(120,36)
(264,0)
(119,6)
(255,2)
(285,35)
(102,28)
(188,18)
(195,7)
(204,7)
(64,12)
(212,10)
(31,6)
(62,12)
(202,37)
(212,30)
(167,13)
(36,12)
(282,37)
(210,10)
(138,16)
(208,31)
(177,25)
(206,40)
(282,25)
(203,12)
(85,27)
(149,38)
(282,9)
(2,34)
(197,8)
(256,20)
(248,14)
(7,25)
(156,26)
(187,25)
(225,34)
(124,23)
(200,21)
(120,25)
(52,26)
(215,11)
(7,33)
(150,26)
(106,22)
(244,24)
(149,2)
(6,7)
(297,4)
(78,10)
(47,17)
(171,26)
(238,8)
(148,23)
(248,0)
(69,29)
(257,30)
(194,33)
(127,24)
(267,24)
(136,5)
(283,3)
(53,4)
(158,16)
(235,20)
(246,23)
(101,10)
(26,32)
(251,17)
(184,9)
(288,29)
(143,21)
(153,8)
(57,29)
(272,22)
(251,14)
(129,18)
(120,15)
(285,3)
(201,16)
(215,3)
(115,14)
(175,26)
(86,10)
(140,40)
(77,40)
(261,23)
(99,31)
(76,12)
(299,20)
(231,24)
(63,0)
(299,15)
(217,11)
(63,15)
(98,35)
(80,11)
(283,20)
(169,7)
(215,19)
(253,21)
(243,36)
(207,39)
(9,10)
(120,12)
(187,10)
(194,40)
(197,25)
(129,33)
(115,8)
(109,1)
(214,7)
(151,2)
(221,28)
(153,2)
(36,19)
(98,23)
(231,38)
(280,4)
(236,18)
(298,39)
(68,11)
(204,20)
(256,31)
(93,35)
(153,21)
(198,24)
(24,11)
(95,30)
(113,17)
(194,11)
(247,13)
(285,19)
(203,19)
(144,31)
(251,0)
(33,25)
(145,8)
(291,13)
(204,28)
(50,6)
(264,3)
(97,32)
(274,40)
(192,37)
(272,17)
(85,31)
(141,4)
(163,34)
(159,33)
(265,32)
(289,37)
(179,1)
(255,26)
(200,3)
(68,38)
(171,25)
(289,12)
(153,11)
(247,5)
(2,29)
(138,9)
(179,14)
(33,29)
(273,13)
(92,28)
(154,40)
(200,5)
(247,26)
(151,8)
(109,20)
(267,4)
(100,31)
(223,35)
(288,9)
(28,26)
(181,36)
(229,38)
(26,10)
(35,33)
(236,37)
(143,39)
(120,30)
(174,12)
(124,12)
(182,33)
(237,25)
(222,5)
(256,27)
(188,30)
(90,15)
(226,15)
(140,6)
(212,29)
(44,21)
(70,23)
(230,28)
(107,27)
(53,20)
(100,0)
(91,15)
(285,12)
(29,11)
(14,8)
(164,5)
(134,30)
(189,29)
(15,35)
(267,1)
(147,3)
(235,31)
(289,27)
(96,40)
(23,16)
(266,26)
(118,32)
(176,6)
(263,8)
(97,31)
(159,22)
(273,34)
(153,9)
(70,19)
(55,5)
(88,14)
(282,18)
(220,27)
(21,12)
(124,37)
(164,20)
(53,21)
(260,10)
(206,11)
(225,37)
(212,19)
(254,6)
(54,38)
(117,6)
(291,9)
(78,38)
(280,9)
(179,26)
(78,27)
(217,32)
(259,33)
(49,1)
(156,24)
(255,37)
(291,28)
(182,4)
(9,38)
(32,19)
(54,21)
(103,39)
(129,6)
(130,10)
(290,29)
(47,22)
(193,38)
(129,11)
(169,4)
(268,11)
(132,10)
(95,33)
(290,4)
(294,35)
(21,8)
(149,33)
(207,1)
(62,6)
(79,9)
(285,6)
(269,2)
(62,1)
(190,12)
(212,15)
(121,12)
(187,20)
(259,14)
(61,29)
(126,10)
(53,12)
(135,22)
(72,7)
(290,22)
(255,5)
(131,1)
(299,5)
(2,5)
(272,18)
(107,23)
(31,11)
(145,4)
(239,32)
(25,21)
(204,17)
(74,12)
(59,6)
(115,3)
(138,32)
(94,25)
(165,19)
(218,35)
(230,36)
(140,28)
(252,23)
(80,9)
(298,30)
(165,6)
(126,30)
(170,22)
(264,7)
(292,16)
(202,18)
(115,36)
(82,27)
(205,32)
(67,21)
(26,38)
(174,0)
(231,20)
(247,40)
(119,28)
(287,18)
(263,6)
(70,15)
(125,32)
(97,25)
(262,24)
(31,37)
(277,9)
(264,24)
(234,12)
(22,38)
(93,21)
(85,7)
(86,33)
(119,23)
(1,39)
(70,18)
(56,26)
(2,36)
(157,39)
(191,11)
(268,22)
(155,2)
(220,28)
(260,0)
(204,31)
(250,8)
(192,17)
(247,8)
(69,18)
(134,2)
(184,17)
(102,24)
(122,3)
(80,8)
(255,34)
(16,31)
(40,40)
(12,26)
(133,5)
(31,26)
(210,28)
(189,33)
(202,6)
(153,34)
(202,33)
(11,2)
(35,15)
(124,40)
(279,18)
(88,38)
(161,17)
(87,26)
(162,1)
(98,31)
(50,19)
(272,31)
(215,28)
(144,37)
(184,15)
(223,36)
(115,27)
(156,32)
(45,22)
(290,38)
(136,1)
(80,5)
(167,25)
(147,18)
(275,36)
(84,26)
(153,39)
(28,7)
(224,17)
(73,8)
(239,24)
(156,2)
(264,29)
(278,7)
(119,39)
(289,39)
(267,33)
(68,31)
(148,19)
(173,39)
(284,11)
(106,26)
(75,18)
(31,8)
(188,39)
(68,27)
(131,28)
(169,9)
(46,29)
(180,20)
(273,12)
(55,38)
(220,15)
(249,8)
(42,18)
(190,4)
(111,6)
(216,33)
(68,20)
(16,16)
(243,19)
(15,29)
(295,39)
(188,20)
(197,30)
(10,13)
(247,20)
(89,18)
(198,34)
(120,2)
(70,29)
(153,28)
(19,26)
(5,15)
(237,35)
(145,25)
(203,1)
(81,30)
(284,29)
(250,9)
(10,12)
(217,25)
(116,11)
(180,35)
(221,25)
(25,0)
(222,24)
(105,5)
(292,39)
(240,15)
(249,21)
(174,13)
(228,31)
(203,7)
(29,29)
(232,12)
(261,2)
(282,3)
(39,38)
(138,17)
(185,6)
(36,14)
(298,14)
(295,2)
(81,19)
(93,30)
(274,24)
(168,30)
(267,18)
(157,18)
(49,17)
(234,9)
(215,6)
(259,34)
(189,8)
(265,31)
(49,0)
(251,3)
(268,30)
(191,25)
(89,2)
(184,37)
(146,20)
(154,1)
(233,21)
(180,38)
(52,23)
(265,1)
(134,36)
(263,17)
(213,28)
(74,25)
(59,32)
(167,3)
(241,11)
(184,26)
(158,26)
(4,32)
(37,24)
(85,29)
(247,4)
(258,30)
(289,25)
(292,35)
(171,5)
(52,1)
(185,32)
(297,29)
(76,16)
(232,15)
(15,7)
(138,24)
(27,18)
(48,10)
(184,34)
(183,15)
(71,11)
(152,33)
(30,2)
(186,3)
(242,1)
(286,5)
(36,28)
(231,19)
(206,18)
(280,11)
(197,28)
(251,19)
(159,9)
(133,40)
(18,31)
(277,39)
(68,9)
(235,11)
(48,40)
(114,37)
(175,25)
(237,19)
(41,36)
(7,28)
(18,5)
(264,11)
(71,31)
(298,27)
(295,21)
(182,25)
(118,6)
(123,5)
(142,10)
(66,24)
(38,17)
(102,5)
(254,9)
(75,20)
(165,18)
(184,19)
(133,12)
(225,32)
(124,17)
(101,39)
(120,4)
(154,26)
(118,15)
(257,19)
(15,13)
(285,15)
(37,28)
(257,16)
(136,26)
(6,18)
(262,2)
(261,29)
(29,13)
(4,17)
(230,23)
(7,14)
(219,24)
(98,22)
(275,35)
(214,17)
(198,25)
(54,14)
(24,36)
(192,7)
(282,12)
(162,19)
(44,34)
(181,12)
(178,25)
(92,39)
(172,32)
(64,10)
(40,17)
(160,16)
(55,6)
(183,3)
(99,2)
(140,9)
(272,39)
(117,7)
(7,18)
(159,24)
(231,25)
(279,4)
(262,37)
(15,39)
(169,19)
(78,28)
(23,29)
(130,16)
(226,0)
(159,2)
(101,20)
(204,33)
(188,13)
(112,25)
(162,26)
(176,10)
(257,26)
(176,30)
(173,25)
(292,15)
(156,29)
(275,30)
(73,20)
(185,36)
(270,12)
(239,5)
(124,11)
(245,15)
(243,40)
(114,31)
(114,27)
(55,24)
(217,18)
(104,17)
(12,12)
(215,8)
(167,1)
(57,6)
(84,37)
(132,17)
(51,11)
(214,13)
(66,11)
(64,36)
(171,20)
(33,28)
(232,18)
(145,31)
(159,6)
(169,27)
(243,33)
(50,20)
(45,19)
