300 Users
34 Files
2000 Transactions
2 Maximum Connections
1 Cycle Length per Upload-Download
0 Warm-up Transactions
0.400000 Zipf constant
5 Pre-Trusted Users
240 Well-Behaved (Good) Users
60 Purely Malicious Users
0 Feedback Skewing Users
0 Malignant Providing Users
0 Disguised Malicous Users
0 Sybil Attack Users
true Intelligent Trans. Generation
1561013115924 Trace Generation Seed

(0.092223,0.000000,1,false)
(0.049853,0.000000,1,false)
(0.029048,0.000000,1,false)
(0.073719,0.000000,1,false)
(0.022529,0.000000,1,false)
(0.072894,0.000000,1,false)
(0.094740,0.000000,1,false)
(0.071116,0.000000,1,false)
(0.074248,0.000000,1,false)
(0.067750,0.000000,1,false)
(0.037955,0.000000,1,false)
(0.013421,0.000000,1,false)
(0.055458,0.000000,1,false)
(0.059976,0.000000,1,false)
(0.040422,0.000000,1,false)
(0.008535,0.000000,1,false)
(0.023232,0.000000,1,false)
(0.022104,0.000000,1,false)
(0.083027,0.000000,1,false)
(0.004681,0.000000,1,false)
(0.088671,0.000000,1,false)
(0.048337,0.000000,1,false)
(0.022344,0.000000,1,false)
(0.098536,0.000000,1,false)
(0.097984,0.000000,1,false)
(0.010354,0.000000,1,false)
(0.042841,0.000000,1,false)
(0.052587,0.000000,1,false)
(0.013924,0.000000,1,false)
(0.040536,0.000000,1,false)
(0.053270,0.000000,1,false)
(0.032906,0.000000,1,false)
(0.004767,0.000000,1,false)
(0.044442,0.000000,1,false)
(0.080184,0.000000,1,false)
(0.098157,0.000000,1,false)
(0.059093,0.000000,1,false)
(0.053124,0.000000,1,false)
(0.074135,0.000000,1,false)
(0.093393,0.000000,1,false)
(0.083759,0.000000,1,false)
(0.087602,0.000000,1,false)
(0.084838,0.000000,1,false)
(0.028102,0.000000,1,false)
(0.009748,0.000000,1,false)
(0.022849,0.000000,1,false)
(0.080423,0.000000,1,false)
(0.046946,0.000000,1,false)
(0.025999,0.000000,1,false)
(0.006631,0.000000,1,false)
(0.082867,0.000000,1,false)
(0.033767,0.000000,1,false)
(0.084842,0.000000,1,false)
(0.009783,0.000000,1,false)
(0.066815,0.000000,1,false)
(0.024707,0.000000,1,false)
(0.074323,0.000000,1,false)
(0.058793,0.000000,1,false)
(0.022187,0.000000,1,false)
(0.044638,0.000000,1,false)
(0.967480,1.000000,0,true)
(0.970972,1.000000,0,true)
(0.987636,1.000000,0,true)
(0.977369,1.000000,0,true)
(0.913202,1.000000,0,true)
(0.942519,1.000000,0,false)
(0.930833,1.000000,0,false)
(0.913196,1.000000,0,false)
(0.962933,1.000000,0,false)
(0.932373,1.000000,0,false)
(0.946524,1.000000,0,false)
(0.913358,1.000000,0,false)
(0.933815,1.000000,0,false)
(0.914213,1.000000,0,false)
(0.923950,1.000000,0,false)
(0.958225,1.000000,0,false)
(0.946991,1.000000,0,false)
(0.931672,1.000000,0,false)
(0.983051,1.000000,0,false)
(0.929804,1.000000,0,false)
(0.916061,1.000000,0,false)
(0.947878,1.000000,0,false)
(0.996064,1.000000,0,false)
(0.993977,1.000000,0,false)
(0.992610,1.000000,0,false)
(0.913158,1.000000,0,false)
(0.989654,1.000000,0,false)
(0.922832,1.000000,0,false)
(0.947743,1.000000,0,false)
(0.992977,1.000000,0,false)
(0.988894,1.000000,0,false)
(0.923329,1.000000,0,false)
(0.963774,1.000000,0,false)
(0.945766,1.000000,0,false)
(0.908034,1.000000,0,false)
(0.972075,1.000000,0,false)
(0.977297,1.000000,0,false)
(0.934714,1.000000,0,false)
(0.958547,1.000000,0,false)
(0.986312,1.000000,0,false)
(0.953832,1.000000,0,false)
(0.998914,1.000000,0,false)
(0.932329,1.000000,0,false)
(0.988505,1.000000,0,false)
(0.985093,1.000000,0,false)
(0.997431,1.000000,0,false)
(0.927220,1.000000,0,false)
(0.946002,1.000000,0,false)
(0.982621,1.000000,0,false)
(0.974926,1.000000,0,false)
(0.913153,1.000000,0,false)
(0.988281,1.000000,0,false)
(0.996129,1.000000,0,false)
(0.979394,1.000000,0,false)
(0.990269,1.000000,0,false)
(0.922107,1.000000,0,false)
(0.911360,1.000000,0,false)
(0.991396,1.000000,0,false)
(0.965250,1.000000,0,false)
(0.979734,1.000000,0,false)
(0.980611,1.000000,0,false)
(0.999828,1.000000,0,false)
(0.968875,1.000000,0,false)
(0.946863,1.000000,0,false)
(0.909284,1.000000,0,false)
(0.981860,1.000000,0,false)
(0.956484,1.000000,0,false)
(0.925578,1.000000,0,false)
(0.963902,1.000000,0,false)
(0.914067,1.000000,0,false)
(0.973542,1.000000,0,false)
(0.992854,1.000000,0,false)
(0.981030,1.000000,0,false)
(0.958135,1.000000,0,false)
(0.930905,1.000000,0,false)
(0.917480,1.000000,0,false)
(0.942327,1.000000,0,false)
(0.927663,1.000000,0,false)
(0.918668,1.000000,0,false)
(0.997350,1.000000,0,false)
(0.938731,1.000000,0,false)
(0.952671,1.000000,0,false)
(0.993627,1.000000,0,false)
(0.975080,1.000000,0,false)
(0.976310,1.000000,0,false)
(0.915334,1.000000,0,false)
(0.903413,1.000000,0,false)
(0.982786,1.000000,0,false)
(0.977822,1.000000,0,false)
(0.934297,1.000000,0,false)
(0.960253,1.000000,0,false)
(0.956579,1.000000,0,false)
(0.907340,1.000000,0,false)
(0.925586,1.000000,0,false)
(0.949109,1.000000,0,false)
(0.947991,1.000000,0,false)
(0.990528,1.000000,0,false)
(0.965700,1.000000,0,false)
(0.948573,1.000000,0,false)
(0.943003,1.000000,0,false)
(0.920235,1.000000,0,false)
(0.926898,1.000000,0,false)
(0.958439,1.000000,0,false)
(0.979760,1.000000,0,false)
(0.926036,1.000000,0,false)
(0.946014,1.000000,0,false)
(0.965280,1.000000,0,false)
(0.933250,1.000000,0,false)
(0.947208,1.000000,0,false)
(0.926297,1.000000,0,false)
(0.936617,1.000000,0,false)
(0.909406,1.000000,0,false)
(0.981315,1.000000,0,false)
(0.956859,1.000000,0,false)
(0.915434,1.000000,0,false)
(0.962035,1.000000,0,false)
(0.985195,1.000000,0,false)
(0.966208,1.000000,0,false)
(0.989819,1.000000,0,false)
(0.913876,1.000000,0,false)
(0.981583,1.000000,0,false)
(0.905209,1.000000,0,false)
(0.937405,1.000000,0,false)
(0.927835,1.000000,0,false)
(0.972954,1.000000,0,false)
(0.980427,1.000000,0,false)
(0.991076,1.000000,0,false)
(0.936049,1.000000,0,false)
(0.984400,1.000000,0,false)
(0.931438,1.000000,0,false)
(0.941036,1.000000,0,false)
(0.992947,1.000000,0,false)
(0.949401,1.000000,0,false)
(0.965075,1.000000,0,false)
(0.978887,1.000000,0,false)
(0.973835,1.000000,0,false)
(0.916374,1.000000,0,false)
(0.925900,1.000000,0,false)
(0.901753,1.000000,0,false)
(0.992774,1.000000,0,false)
(0.989674,1.000000,0,false)
(0.995399,1.000000,0,false)
(0.928764,1.000000,0,false)
(0.962670,1.000000,0,false)
(0.926459,1.000000,0,false)
(0.972411,1.000000,0,false)
(0.938366,1.000000,0,false)
(0.966435,1.000000,0,false)
(0.990419,1.000000,0,false)
(0.994278,1.000000,0,false)
(0.912964,1.000000,0,false)
(0.951024,1.000000,0,false)
(0.914834,1.000000,0,false)
(0.911990,1.000000,0,false)
(0.977283,1.000000,0,false)
(0.995820,1.000000,0,false)
(0.950758,1.000000,0,false)
(0.933282,1.000000,0,false)
(0.938628,1.000000,0,false)
(0.943529,1.000000,0,false)
(0.971349,1.000000,0,false)
(0.995211,1.000000,0,false)
(0.980881,1.000000,0,false)
(0.915196,1.000000,0,false)
(0.970452,1.000000,0,false)
(0.922162,1.000000,0,false)
(0.929567,1.000000,0,false)
(0.961341,1.000000,0,false)
(0.932513,1.000000,0,false)
(0.966541,1.000000,0,false)
(0.992771,1.000000,0,false)
(0.928474,1.000000,0,false)
(0.961721,1.000000,0,false)
(0.917617,1.000000,0,false)
(0.991929,1.000000,0,false)
(0.944335,1.000000,0,false)
(0.941024,1.000000,0,false)
(0.999001,1.000000,0,false)
(0.927675,1.000000,0,false)
(0.946241,1.000000,0,false)
(0.946219,1.000000,0,false)
(0.957204,1.000000,0,false)
(0.978980,1.000000,0,false)
(0.994754,1.000000,0,false)
(0.966809,1.000000,0,false)
(0.972533,1.000000,0,false)
(0.908668,1.000000,0,false)
(0.929672,1.000000,0,false)
(0.983641,1.000000,0,false)
(0.999241,1.000000,0,false)
(0.945237,1.000000,0,false)
(0.936917,1.000000,0,false)
(0.923567,1.000000,0,false)
(0.964420,1.000000,0,false)
(0.929508,1.000000,0,false)
(0.903438,1.000000,0,false)
(0.953450,1.000000,0,false)
(0.924578,1.000000,0,false)
(0.955183,1.000000,0,false)
(0.942589,1.000000,0,false)
(0.989804,1.000000,0,false)
(0.995109,1.000000,0,false)
(0.994795,1.000000,0,false)
(0.974695,1.000000,0,false)
(0.986208,1.000000,0,false)
(0.931082,1.000000,0,false)
(0.986796,1.000000,0,false)
(0.946636,1.000000,0,false)
(0.918329,1.000000,0,false)
(0.947824,1.000000,0,false)
(0.965689,1.000000,0,false)
(0.970297,1.000000,0,false)
(0.915993,1.000000,0,false)
(0.926699,1.000000,0,false)
(0.945142,1.000000,0,false)
(0.952559,1.000000,0,false)
(0.993210,1.000000,0,false)
(0.955298,1.000000,0,false)
(0.913919,1.000000,0,false)
(0.979313,1.000000,0,false)
(0.900385,1.000000,0,false)
(0.901952,1.000000,0,false)
(0.976238,1.000000,0,false)
(0.902529,1.000000,0,false)
(0.968173,1.000000,0,false)
(0.922003,1.000000,0,false)
(0.961827,1.000000,0,false)
(0.962979,1.000000,0,false)
(0.929521,1.000000,0,false)
(0.937746,1.000000,0,false)
(0.946457,1.000000,0,false)
(0.961525,1.000000,0,false)
(0.995415,1.000000,0,false)
(0.925231,1.000000,0,false)
(0.961172,1.000000,0,false)
(0.969173,1.000000,0,false)
(0.920671,1.000000,0,false)
(0.979312,1.000000,0,false)
(0.927664,1.000000,0,false)
(0.940185,1.000000,0,false)

(0,0,false)
(1,0,false)
(2,0,false)
(3,0,false)
(4,0,false)
(5,0,false)
(6,0,false)
(8,0,false)
(9,0,false)
(11,0,false)
(12,0,false)
(13,0,false)
(14,0,false)
(15,0,false)
(16,0,false)
(17,0,false)
(18,0,false)
(19,0,false)
(20,0,false)
(21,0,false)
(23,0,false)
(25,0,false)
(26,0,false)
(27,0,false)
(28,0,true)
(29,0,false)
(31,0,false)
(33,0,false)
(35,0,true)
(37,0,false)
(41,0,false)
(42,0,false)
(43,0,false)
(44,0,false)
(45,0,false)
(47,0,false)
(48,0,false)
(49,0,false)
(50,0,false)
(52,0,true)
(53,0,false)
(55,0,false)
(56,0,true)
(57,0,false)
(58,0,false)
(60,0,true)
(61,0,true)
(62,0,true)
(63,0,true)
(64,0,true)
(65,0,true)
(66,0,true)
(67,0,true)
(68,0,true)
(70,0,true)
(73,0,true)
(74,0,true)
(76,0,false)
(77,0,true)
(78,0,true)
(79,0,true)
(81,0,true)
(82,0,true)
(83,0,true)
(84,0,true)
(85,0,true)
(86,0,true)
(87,0,false)
(88,0,false)
(89,0,true)
(92,0,true)
(95,0,true)
(98,0,true)
(99,0,true)
(100,0,true)
(101,0,true)
(104,0,true)
(105,0,true)
(107,0,true)
(108,0,true)
(109,0,true)
(110,0,true)
(111,0,true)
(112,0,true)
(113,0,true)
(114,0,true)
(115,0,true)
(118,0,true)
(119,0,true)
(120,0,true)
(121,0,true)
(122,0,true)
(123,0,true)
(125,0,true)
(128,0,true)
(129,0,true)
(130,0,true)
(131,0,true)
(132,0,true)
(133,0,true)
(134,0,true)
(136,0,true)
(137,0,true)
(138,0,false)
(139,0,true)
(141,0,true)
(142,0,true)
(143,0,true)
(144,0,true)
(145,0,true)
(146,0,true)
(147,0,false)
(148,0,true)
(149,0,true)
(150,0,true)
(151,0,true)
(152,0,true)
(153,0,true)
(154,0,true)
(155,0,true)
(156,0,true)
(157,0,true)
(158,0,true)
(159,0,true)
(161,0,true)
(163,0,true)
(164,0,false)
(165,0,true)
(166,0,true)
(167,0,true)
(168,0,true)
(170,0,true)
(171,0,true)
(172,0,true)
(174,0,true)
(175,0,true)
(176,0,true)
(177,0,true)
(179,0,true)
(180,0,true)
(181,0,true)
(182,0,true)
(183,0,true)
(184,0,true)
(185,0,true)
(186,0,true)
(187,0,true)
(188,0,true)
(192,0,true)
(193,0,false)
(194,0,true)
(195,0,true)
(196,0,true)
(198,0,true)
(200,0,true)
(201,0,true)
(202,0,true)
(205,0,true)
(206,0,true)
(207,0,true)
(208,0,true)
(209,0,true)
(210,0,false)
(212,0,true)
(214,0,true)
(215,0,true)
(216,0,false)
(217,0,true)
(218,0,true)
(220,0,true)
(221,0,true)
(222,0,true)
(224,0,true)
(225,0,true)
(227,0,true)
(228,0,true)
(229,0,true)
(230,0,true)
(233,0,true)
(234,0,true)
(235,0,true)
(236,0,true)
(238,0,true)
(239,0,true)
(240,0,true)
(242,0,true)
(244,0,true)
(245,0,true)
(246,0,false)
(247,0,true)
(248,0,true)
(249,0,true)
(251,0,true)
(253,0,true)
(254,0,true)
(255,0,true)
(256,0,true)
(259,0,true)
(260,0,true)
(261,0,true)
(263,0,true)
(264,0,true)
(265,0,true)
(266,0,true)
(267,0,true)
(268,0,true)
(271,0,true)
(272,0,true)
(275,0,true)
(276,0,true)
(278,0,true)
(279,0,true)
(281,0,true)
(283,0,true)
(284,0,true)
(285,0,true)
(286,0,true)
(287,0,true)
(288,0,true)
(289,0,true)
(290,0,true)
(291,0,true)
(292,0,true)
(293,0,true)
(294,0,true)
(296,0,true)
(297,0,true)
(298,0,true)
(299,0,true)
(0,1,false)
(1,1,false)
(4,1,false)
(6,1,false)
(7,1,false)
(8,1,false)
(9,1,false)
(10,1,false)
(11,1,false)
(12,1,false)
(18,1,false)
(19,1,false)
(20,1,false)
(21,1,false)
(23,1,false)
(24,1,false)
(25,1,false)
(27,1,false)
(28,1,false)
(30,1,false)
(31,1,false)
(35,1,false)
(36,1,false)
(37,1,false)
(38,1,false)
(40,1,false)
(42,1,false)
(43,1,false)
(47,1,false)
(48,1,false)
(49,1,false)
(50,1,false)
(53,1,false)
(55,1,false)
(56,1,false)
(57,1,false)
(58,1,false)
(60,1,true)
(61,1,true)
(62,1,true)
(63,1,true)
(64,1,true)
(67,1,true)
(68,1,true)
(69,1,true)
(70,1,true)
(73,1,true)
(74,1,false)
(75,1,false)
(76,1,true)
(77,1,true)
(78,1,true)
(79,1,true)
(80,1,true)
(85,1,true)
(86,1,true)
(88,1,true)
(89,1,true)
(90,1,true)
(91,1,true)
(94,1,true)
(95,1,true)
(99,1,true)
(100,1,true)
(101,1,true)
(103,1,true)
(105,1,true)
(106,1,true)
(107,1,true)
(108,1,true)
(109,1,true)
(110,1,true)
(111,1,true)
(112,1,true)
(113,1,true)
(116,1,true)
(119,1,true)
(120,1,true)
(121,1,true)
(122,1,true)
(123,1,true)
(124,1,true)
(125,1,true)
(126,1,true)
(127,1,true)
(128,1,true)
(129,1,true)
(130,1,true)
(131,1,true)
(132,1,true)
(133,1,true)
(134,1,true)
(135,1,true)
(137,1,true)
(138,1,true)
(139,1,true)
(144,1,true)
(145,1,true)
(146,1,true)
(147,1,true)
(151,1,true)
(152,1,true)
(153,1,true)
(154,1,true)
(155,1,true)
(156,1,true)
(157,1,true)
(161,1,true)
(164,1,true)
(165,1,true)
(167,1,true)
(169,1,true)
(170,1,true)
(171,1,true)
(172,1,true)
(173,1,true)
(174,1,true)
(175,1,true)
(176,1,true)
(177,1,true)
(179,1,true)
(180,1,true)
(181,1,false)
(183,1,true)
(185,1,true)
(186,1,true)
(189,1,true)
(190,1,true)
(191,1,true)
(192,1,true)
(195,1,true)
(198,1,true)
(199,1,true)
(200,1,true)
(202,1,true)
(203,1,true)
(204,1,true)
(208,1,true)
(212,1,true)
(213,1,true)
(215,1,true)
(216,1,true)
(218,1,true)
(219,1,true)
(220,1,true)
(221,1,true)
(224,1,true)
(225,1,true)
(226,1,true)
(227,1,true)
(228,1,true)
(229,1,false)
(230,1,true)
(231,1,true)
(232,1,false)
(233,1,true)
(234,1,true)
(235,1,true)
(236,1,true)
(237,1,true)
(238,1,true)
(241,1,true)
(243,1,true)
(244,1,false)
(246,1,true)
(247,1,true)
(250,1,true)
(251,1,true)
(252,1,true)
(253,1,true)
(254,1,true)
(255,1,true)
(256,1,true)
(257,1,true)
(258,1,true)
(259,1,true)
(260,1,true)
(262,1,true)
(263,1,true)
(264,1,true)
(266,1,true)
(267,1,true)
(268,1,true)
(269,1,false)
(270,1,true)
(273,1,false)
(274,1,true)
(275,1,true)
(276,1,true)
(278,1,true)
(279,1,true)
(280,1,true)
(283,1,true)
(284,1,true)
(287,1,true)
(289,1,true)
(290,1,true)
(293,1,true)
(294,1,true)
(295,1,true)
(296,1,true)
(0,2,false)
(1,2,false)
(2,2,true)
(4,2,false)
(5,2,true)
(6,2,false)
(8,2,false)
(11,2,false)
(13,2,false)
(14,2,false)
(17,2,false)
(21,2,false)
(22,2,false)
(26,2,false)
(27,2,false)
(29,2,false)
(32,2,false)
(36,2,false)
(37,2,false)
(40,2,true)
(48,2,false)
(49,2,false)
(50,2,false)
(53,2,false)
(55,2,false)
(56,2,false)
(59,2,false)
(64,2,true)
(66,2,true)
(68,2,true)
(69,2,true)
(70,2,true)
(71,2,true)
(72,2,true)
(78,2,true)
(79,2,true)
(80,2,true)
(82,2,true)
(85,2,true)
(86,2,true)
(87,2,true)
(89,2,true)
(90,2,true)
(91,2,true)
(92,2,true)
(93,2,true)
(94,2,false)
(95,2,true)
(96,2,true)
(101,2,true)
(103,2,true)
(104,2,true)
(105,2,true)
(106,2,true)
(107,2,true)
(108,2,true)
(109,2,true)
(110,2,true)
(111,2,true)
(112,2,true)
(114,2,true)
(115,2,true)
(117,2,true)
(118,2,true)
(121,2,true)
(124,2,true)
(125,2,true)
(128,2,true)
(129,2,true)
(130,2,true)
(131,2,true)
(132,2,true)
(136,2,true)
(137,2,true)
(139,2,true)
(140,2,true)
(141,2,true)
(143,2,true)
(144,2,true)
(145,2,false)
(149,2,true)
(150,2,true)
(151,2,true)
(153,2,true)
(154,2,true)
(155,2,true)
(156,2,true)
(157,2,true)
(159,2,true)
(160,2,true)
(163,2,true)
(164,2,true)
(165,2,true)
(167,2,true)
(168,2,true)
(170,2,true)
(171,2,true)
(173,2,true)
(174,2,true)
(176,2,true)
(178,2,true)
(179,2,true)
(183,2,false)
(188,2,true)
(189,2,true)
(190,2,false)
(193,2,true)
(196,2,false)
(198,2,true)
(201,2,true)
(202,2,true)
(203,2,true)
(205,2,true)
(207,2,true)
(208,2,true)
(211,2,true)
(214,2,true)
(215,2,true)
(217,2,true)
(220,2,true)
(221,2,true)
(222,2,true)
(226,2,true)
(231,2,true)
(234,2,true)
(240,2,true)
(241,2,true)
(244,2,true)
(245,2,true)
(246,2,true)
(248,2,true)
(250,2,true)
(254,2,true)
(255,2,true)
(256,2,true)
(258,2,true)
(262,2,true)
(263,2,true)
(265,2,true)
(266,2,true)
(267,2,true)
(270,2,true)
(271,2,true)
(274,2,true)
(275,2,true)
(276,2,true)
(277,2,true)
(278,2,true)
(280,2,true)
(282,2,true)
(284,2,true)
(285,2,true)
(288,2,true)
(289,2,false)
(290,2,true)
(291,2,true)
(295,2,true)
(296,2,true)
(2,3,false)
(3,3,false)
(4,3,false)
(5,3,false)
(6,3,false)
(9,3,false)
(10,3,false)
(11,3,false)
(12,3,false)
(14,3,false)
(16,3,false)
(18,3,true)
(20,3,true)
(22,3,false)
(23,3,false)
(25,3,false)
(29,3,false)
(30,3,false)
(32,3,false)
(33,3,false)
(34,3,false)
(35,3,false)
(37,3,false)
(38,3,false)
(39,3,false)
(40,3,false)
(42,3,false)
(43,3,false)
(45,3,false)
(48,3,false)
(51,3,false)
(52,3,false)
(53,3,false)
(54,3,false)
(56,3,false)
(58,3,false)
(61,3,true)
(62,3,true)
(65,3,true)
(66,3,true)
(67,3,true)
(68,3,true)
(71,3,true)
(74,3,true)
(75,3,true)
(83,3,true)
(85,3,true)
(86,3,true)
(88,3,false)
(89,3,true)
(90,3,true)
(93,3,true)
(95,3,false)
(96,3,true)
(97,3,true)
(99,3,true)
(100,3,true)
(101,3,true)
(105,3,true)
(106,3,true)
(108,3,true)
(110,3,true)
(111,3,true)
(112,3,true)
(113,3,true)
(114,3,true)
(117,3,true)
(121,3,true)
(124,3,true)
(125,3,true)
(126,3,true)
(127,3,true)
(128,3,false)
(133,3,true)
(136,3,true)
(140,3,true)
(142,3,true)
(144,3,true)
(145,3,true)
(146,3,true)
(148,3,true)
(150,3,true)
(151,3,false)
(152,3,true)
(153,3,true)
(154,3,true)
(155,3,true)
(156,3,true)
(157,3,true)
(158,3,true)
(160,3,true)
(161,3,true)
(164,3,true)
(167,3,true)
(169,3,true)
(170,3,true)
(171,3,true)
(173,3,true)
(174,3,true)
(175,3,true)
(176,3,true)
(177,3,true)
(178,3,true)
(179,3,true)
(180,3,false)
(182,3,true)
(187,3,true)
(188,3,true)
(190,3,true)
(191,3,true)
(196,3,true)
(199,3,true)
(201,3,true)
(202,3,true)
(204,3,true)
(205,3,true)
(208,3,true)
(209,3,true)
(210,3,true)
(211,3,true)
(212,3,true)
(213,3,true)
(214,3,true)
(216,3,true)
(217,3,true)
(218,3,true)
(220,3,true)
(222,3,true)
(224,3,true)
(226,3,true)
(231,3,true)
(233,3,true)
(234,3,true)
(236,3,true)
(237,3,true)
(240,3,true)
(242,3,true)
(247,3,true)
(248,3,true)
(249,3,true)
(251,3,false)
(253,3,true)
(263,3,true)
(264,3,true)
(265,3,true)
(266,3,true)
(267,3,true)
(268,3,true)
(269,3,true)
(270,3,true)
(275,3,true)
(277,3,true)
(280,3,true)
(281,3,true)
(284,3,true)
(285,3,true)
(287,3,true)
(288,3,true)
(293,3,true)
(294,3,true)
(295,3,true)
(296,3,true)
(298,3,true)
(0,4,false)
(6,4,false)
(9,4,false)
(12,4,false)
(13,4,false)
(16,4,false)
(18,4,false)
(20,4,false)
(24,4,false)
(25,4,false)
(26,4,false)
(27,4,false)
(28,4,false)
(29,4,false)
(33,4,true)
(35,4,false)
(36,4,true)
(37,4,false)
(39,4,false)
(45,4,false)
(47,4,false)
(49,4,false)
(50,4,false)
(54,4,false)
(55,4,false)
(56,4,false)
(58,4,false)
(60,4,true)
(61,4,true)
(62,4,true)
(63,4,true)
(64,4,true)
(65,4,true)
(66,4,true)
(68,4,true)
(69,4,true)
(70,4,true)
(71,4,true)
(72,4,true)
(74,4,true)
(76,4,true)
(77,4,true)
(79,4,true)
(80,4,true)
(82,4,true)
(83,4,true)
(84,4,true)
(85,4,true)
(87,4,true)
(88,4,true)
(89,4,true)
(92,4,true)
(94,4,true)
(97,4,true)
(98,4,true)
(100,4,true)
(102,4,true)
(107,4,true)
(108,4,true)
(109,4,true)
(110,4,true)
(111,4,true)
(113,4,true)
(114,4,true)
(118,4,true)
(120,4,true)
(122,4,true)
(126,4,true)
(127,4,true)
(129,4,true)
(131,4,true)
(133,4,true)
(137,4,false)
(138,4,true)
(139,4,true)
(145,4,false)
(146,4,true)
(147,4,true)
(150,4,true)
(151,4,true)
(152,4,true)
(154,4,true)
(161,4,false)
(163,4,true)
(164,4,true)
(166,4,true)
(167,4,true)
(168,4,true)
(169,4,true)
(170,4,true)
(171,4,true)
(172,4,true)
(173,4,true)
(177,4,true)
(178,4,true)
(179,4,true)
(180,4,true)
(181,4,true)
(189,4,true)
(190,4,true)
(200,4,true)
(202,4,true)
(203,4,true)
(204,4,true)
(207,4,true)
(208,4,true)
(209,4,true)
(211,4,true)
(212,4,true)
(214,4,true)
(215,4,true)
(216,4,true)
(219,4,true)
(221,4,true)
(222,4,true)
(223,4,true)
(225,4,true)
(226,4,true)
(234,4,true)
(235,4,true)
(236,4,true)
(238,4,true)
(240,4,true)
(242,4,true)
(243,4,true)
(244,4,true)
(245,4,true)
(248,4,true)
(250,4,true)
(253,4,true)
(255,4,false)
(258,4,true)
(262,4,true)
(263,4,true)
(265,4,true)
(269,4,true)
(274,4,true)
(276,4,true)
(278,4,true)
(279,4,true)
(281,4,true)
(282,4,true)
(286,4,true)
(288,4,true)
(289,4,true)
(292,4,true)
(294,4,true)
(296,4,true)
(299,4,true)
(0,5,false)
(2,5,false)
(3,5,false)
(4,5,false)
(9,5,false)
(14,5,false)
(16,5,false)
(19,5,false)
(25,5,false)
(26,5,false)
(29,5,false)
(32,5,false)
(33,5,false)
(36,5,false)
(37,5,false)
(38,5,false)
(39,5,false)
(40,5,false)
(42,5,false)
(43,5,false)
(45,5,false)
(48,5,false)
(49,5,false)
(53,5,false)
(55,5,false)
(58,5,false)
(59,5,false)
(61,5,true)
(62,5,true)
(66,5,true)
(70,5,true)
(73,5,true)
(77,5,true)
(79,5,true)
(81,5,true)
(85,5,true)
(87,5,true)
(89,5,true)
(93,5,true)
(94,5,true)
(95,5,true)
(98,5,true)
(100,5,true)
(102,5,true)
(104,5,true)
(105,5,true)
(107,5,true)
(108,5,true)
(112,5,true)
(113,5,true)
(114,5,true)
(115,5,true)
(116,5,true)
(117,5,true)
(118,5,true)
(121,5,true)
(124,5,true)
(126,5,true)
(129,5,true)
(132,5,true)
(138,5,true)
(139,5,true)
(141,5,true)
(144,5,true)
(145,5,true)
(148,5,true)
(149,5,true)
(150,5,true)
(153,5,false)
(154,5,true)
(157,5,true)
(163,5,true)
(165,5,true)
(167,5,true)
(168,5,true)
(171,5,true)
(175,5,true)
(177,5,true)
(180,5,true)
(182,5,true)
(184,5,true)
(185,5,true)
(186,5,true)
(188,5,true)
(189,5,true)
(192,5,true)
(194,5,true)
(196,5,true)
(197,5,true)
(199,5,true)
(200,5,true)
(202,5,true)
(203,5,true)
(206,5,true)
(207,5,true)
(209,5,true)
(210,5,true)
(211,5,true)
(215,5,true)
(217,5,true)
(218,5,false)
(225,5,true)
(226,5,true)
(227,5,true)
(232,5,true)
(233,5,true)
(240,5,false)
(241,5,true)
(244,5,true)
(246,5,false)
(247,5,true)
(251,5,true)
(252,5,true)
(255,5,true)
(256,5,true)
(257,5,true)
(258,5,true)
(260,5,true)
(263,5,true)
(267,5,true)
(271,5,true)
(274,5,true)
(276,5,true)
(281,5,true)
(283,5,true)
(290,5,true)
(291,5,true)
(293,5,true)
(296,5,true)
(0,6,false)
(7,6,false)
(9,6,false)
(11,6,false)
(15,6,false)
(18,6,false)
(19,6,false)
(20,6,true)
(22,6,false)
(25,6,false)
(26,6,false)
(27,6,false)
(34,6,false)
(35,6,false)
(36,6,false)
(41,6,false)
(42,6,false)
(44,6,false)
(46,6,false)
(49,6,false)
(52,6,true)
(54,6,false)
(56,6,false)
(57,6,false)
(62,6,true)
(65,6,true)
(69,6,true)
(71,6,true)
(72,6,true)
(74,6,true)
(78,6,true)
(80,6,true)
(86,6,true)
(89,6,true)
(90,6,true)
(91,6,false)
(95,6,true)
(97,6,true)
(98,6,true)
(99,6,true)
(100,6,true)
(101,6,true)
(103,6,true)
(104,6,true)
(106,6,true)
(110,6,true)
(114,6,true)
(117,6,true)
(120,6,true)
(128,6,true)
(131,6,true)
(132,6,true)
(135,6,true)
(136,6,true)
(138,6,false)
(140,6,true)
(141,6,true)
(143,6,true)
(151,6,true)
(159,6,true)
(162,6,true)
(165,6,true)
(169,6,true)
(170,6,true)
(171,6,true)
(174,6,true)
(175,6,true)
(176,6,true)
(178,6,true)
(181,6,false)
(184,6,true)
(186,6,true)
(187,6,true)
(188,6,true)
(189,6,true)
(190,6,false)
(192,6,true)
(196,6,true)
(198,6,false)
(199,6,true)
(200,6,true)
(201,6,true)
(202,6,true)
(205,6,true)
(206,6,true)
(209,6,true)
(213,6,false)
(214,6,true)
(215,6,true)
(217,6,true)
(221,6,true)
(222,6,true)
(225,6,true)
(227,6,true)
(230,6,true)
(233,6,true)
(234,6,true)
(235,6,true)
(236,6,true)
(237,6,true)
(238,6,true)
(241,6,true)
(242,6,true)
(243,6,true)
(244,6,true)
(245,6,true)
(246,6,true)
(247,6,true)
(248,6,true)
(250,6,true)
(251,6,true)
(252,6,true)
(255,6,true)
(256,6,true)
(260,6,true)
(261,6,true)
(267,6,true)
(268,6,true)
(274,6,true)
(279,6,true)
(282,6,true)
(286,6,true)
(289,6,true)
(292,6,true)
(293,6,true)
(295,6,true)
(297,6,true)
(299,6,true)
(1,7,false)
(2,7,false)
(3,7,false)
(4,7,false)
(5,7,false)
(6,7,false)
(11,7,false)
(13,7,false)
(14,7,false)
(17,7,false)
(18,7,false)
(22,7,false)
(24,7,false)
(27,7,false)
(28,7,false)
(32,7,false)
(33,7,false)
(36,7,false)
(40,7,false)
(41,7,true)
(42,7,false)
(43,7,false)
(46,7,false)
(47,7,false)
(50,7,false)
(52,7,false)
(53,7,false)
(56,7,false)
(63,7,true)
(65,7,true)
(66,7,true)
(70,7,true)
(78,7,true)
(84,7,true)
(86,7,true)
(89,7,true)
(90,7,true)
(93,7,true)
(94,7,true)
(95,7,true)
(97,7,true)
(98,7,true)
(100,7,true)
(104,7,true)
(107,7,false)
(110,7,true)
(111,7,true)
(112,7,true)
(114,7,true)
(116,7,true)
(117,7,true)
(119,7,true)
(120,7,true)
(123,7,true)
(125,7,true)
(127,7,true)
(131,7,true)
(132,7,true)
(136,7,true)
(137,7,true)
(142,7,true)
(153,7,true)
(154,7,false)
(155,7,true)
(160,7,true)
(162,7,true)
(163,7,true)
(164,7,true)
(171,7,true)
(173,7,true)
(175,7,true)
(176,7,true)
(177,7,true)
(183,7,true)
(185,7,true)
(186,7,true)
(187,7,true)
(190,7,true)
(196,7,true)
(200,7,false)
(201,7,true)
(203,7,true)
(204,7,true)
(207,7,true)
(209,7,true)
(210,7,true)
(212,7,true)
(213,7,true)
(214,7,true)
(216,7,true)
(217,7,true)
(218,7,true)
(219,7,true)
(220,7,true)
(223,7,true)
(225,7,true)
(226,7,true)
(230,7,true)
(231,7,true)
(238,7,true)
(239,7,true)
(242,7,true)
(253,7,true)
(255,7,true)
(256,7,true)
(257,7,true)
(258,7,true)
(259,7,true)
(262,7,true)
(263,7,true)
(266,7,true)
(268,7,true)
(273,7,true)
(274,7,true)
(277,7,true)
(279,7,true)
(283,7,false)
(284,7,true)
(286,7,true)
(288,7,true)
(293,7,false)
(296,7,true)
(297,7,true)
(299,7,true)
(0,8,false)
(5,8,false)
(7,8,false)
(8,8,false)
(9,8,false)
(12,8,false)
(14,8,true)
(17,8,false)
(18,8,false)
(21,8,false)
(25,8,false)
(27,8,false)
(31,8,false)
(34,8,false)
(39,8,false)
(42,8,false)
(43,8,false)
(45,8,false)
(46,8,false)
(50,8,false)
(51,8,false)
(52,8,false)
(56,8,false)
(60,8,true)
(69,8,true)
(70,8,true)
(76,8,true)
(78,8,true)
(81,8,true)
(82,8,true)
(84,8,true)
(87,8,true)
(91,8,true)
(92,8,true)
(93,8,true)
(96,8,false)
(106,8,true)
(109,8,true)
(118,8,true)
(119,8,true)
(120,8,true)
(121,8,true)
(123,8,true)
(128,8,true)
(129,8,false)
(131,8,true)
(133,8,true)
(136,8,true)
(140,8,true)
(143,8,true)
(145,8,true)
(148,8,true)
(149,8,true)
(150,8,true)
(155,8,true)
(157,8,true)
(163,8,true)
(166,8,true)
(171,8,true)
(173,8,true)
(175,8,true)
(176,8,true)
(179,8,false)
(184,8,true)
(185,8,true)
(186,8,true)
(187,8,true)
(188,8,true)
(191,8,true)
(193,8,true)
(194,8,true)
(195,8,true)
(197,8,true)
(200,8,true)
(203,8,true)
(211,8,true)
(212,8,true)
(214,8,true)
(218,8,true)
(221,8,true)
(229,8,true)
(231,8,true)
(232,8,true)
(235,8,true)
(236,8,true)
(240,8,true)
(241,8,true)
(244,8,true)
(245,8,true)
(246,8,true)
(255,8,false)
(258,8,false)
(262,8,true)
(268,8,true)
(271,8,true)
(272,8,true)
(274,8,true)
(278,8,true)
(279,8,true)
(288,8,true)
(292,8,true)
(294,8,true)
(297,8,true)
(298,8,true)
(299,8,true)
(1,9,false)
(3,9,false)
(4,9,false)
(5,9,false)
(7,9,false)
(10,9,false)
(11,9,false)
(15,9,false)
(16,9,false)
(19,9,false)
(23,9,false)
(24,9,false)
(29,9,true)
(32,9,false)
(33,9,false)
(34,9,false)
(36,9,true)
(44,9,false)
(45,9,false)
(47,9,false)
(49,9,false)
(52,9,true)
(53,9,false)
(54,9,false)
(56,9,false)
(62,9,true)
(66,9,true)
(69,9,false)
(70,9,true)
(71,9,true)
(81,9,true)
(85,9,true)
(86,9,true)
(87,9,true)
(88,9,true)
(89,9,true)
(91,9,true)
(93,9,true)
(102,9,true)
(105,9,true)
(112,9,true)
(115,9,true)
(117,9,true)
(123,9,true)
(124,9,true)
(129,9,false)
(133,9,true)
(134,9,true)
(136,9,true)
(137,9,true)
(139,9,true)
(146,9,true)
(148,9,true)
(151,9,true)
(153,9,true)
(157,9,true)
(158,9,true)
(159,9,true)
(160,9,true)
(165,9,true)
(167,9,true)
(171,9,true)
(172,9,true)
(174,9,false)
(175,9,true)
(179,9,true)
(182,9,false)
(183,9,true)
(191,9,true)
(192,9,true)
(193,9,true)
(195,9,true)
(196,9,true)
(203,9,true)
(210,9,true)
(211,9,true)
(212,9,true)
(213,9,true)
(219,9,true)
(220,9,true)
(221,9,true)
(229,9,true)
(230,9,true)
(234,9,true)
(236,9,true)
(241,9,true)
(242,9,true)
(243,9,true)
(245,9,true)
(248,9,true)
(253,9,true)
(255,9,true)
(258,9,true)
(259,9,true)
(260,9,true)
(262,9,true)
(263,9,true)
(265,9,true)
(267,9,true)
(271,9,true)
(275,9,true)
(279,9,true)
(284,9,true)
(286,9,true)
(290,9,false)
(291,9,true)
(294,9,true)
(297,9,true)
(299,9,true)
(0,10,false)
(2,10,false)
(6,10,false)
(7,10,false)
(13,10,false)
(14,10,false)
(17,10,false)
(18,10,false)
(19,10,false)
(20,10,false)
(21,10,false)
(24,10,false)
(26,10,false)
(27,10,false)
(32,10,false)
(33,10,false)
(34,10,false)
(36,10,false)
(38,10,false)
(40,10,false)
(41,10,true)
(42,10,true)
(45,10,false)
(47,10,false)
(55,10,false)
(58,10,false)
(61,10,true)
(63,10,true)
(65,10,true)
(69,10,true)
(73,10,true)
(74,10,false)
(83,10,true)
(91,10,false)
(97,10,true)
(98,10,true)
(101,10,true)
(103,10,true)
(104,10,true)
(111,10,true)
(113,10,true)
(115,10,true)
(117,10,true)
(119,10,true)
(120,10,true)
(122,10,false)
(124,10,true)
(126,10,true)
(129,10,false)
(130,10,true)
(131,10,true)
(134,10,true)
(136,10,true)
(138,10,true)
(140,10,false)
(144,10,true)
(146,10,true)
(151,10,true)
(152,10,true)
(154,10,true)
(155,10,true)
(159,10,true)
(160,10,true)
(164,10,false)
(167,10,true)
(171,10,true)
(172,10,true)
(173,10,true)
(175,10,true)
(184,10,true)
(185,10,true)
(186,10,true)
(187,10,true)
(191,10,true)
(192,10,true)
(205,10,true)
(208,10,true)
(213,10,true)
(214,10,true)
(215,10,true)
(218,10,true)
(221,10,true)
(223,10,true)
(224,10,true)
(227,10,true)
(234,10,true)
(235,10,true)
(240,10,true)
(243,10,true)
(246,10,true)
(247,10,false)
(248,10,true)
(249,10,true)
(250,10,true)
(253,10,true)
(254,10,true)
(255,10,true)
(257,10,true)
(258,10,true)
(260,10,true)
(263,10,true)
(268,10,true)
(271,10,true)
(273,10,true)
(276,10,true)
(278,10,false)
(280,10,true)
(283,10,true)
(285,10,true)
(287,10,true)
(288,10,true)
(290,10,true)
(293,10,true)
(294,10,true)
(298,10,true)
(299,10,true)
(2,11,false)
(5,11,true)
(14,11,false)
(16,11,false)
(17,11,false)
(19,11,false)
(20,11,false)
(22,11,false)
(23,11,false)
(24,11,false)
(25,11,false)
(26,11,false)
(30,11,false)
(32,11,false)
(35,11,false)
(39,11,false)
(42,11,false)
(48,11,false)
(49,11,false)
(50,11,false)
(54,11,false)
(55,11,false)
(58,11,false)
(59,11,false)
(61,11,true)
(65,11,true)
(66,11,true)
(69,11,true)
(71,11,true)
(72,11,true)
(73,11,true)
(78,11,true)
(80,11,true)
(82,11,true)
(84,11,true)
(86,11,true)
(88,11,true)
(94,11,true)
(96,11,true)
(97,11,true)
(100,11,true)
(101,11,true)
(104,11,true)
(105,11,true)
(107,11,true)
(108,11,true)
(109,11,true)
(112,11,true)
(113,11,true)
(114,11,true)
(115,11,true)
(116,11,true)
(118,11,true)
(122,11,true)
(123,11,true)
(128,11,true)
(129,11,true)
(130,11,true)
(133,11,true)
(134,11,true)
(136,11,true)
(137,11,true)
(138,11,true)
(140,11,true)
(141,11,true)
(142,11,true)
(148,11,true)
(151,11,true)
(153,11,true)
(154,11,true)
(158,11,true)
(159,11,true)
(162,11,true)
(163,11,true)
(164,11,true)
(165,11,true)
(169,11,true)
(170,11,true)
(172,11,true)
(175,11,true)
(179,11,true)
(181,11,true)
(182,11,true)
(184,11,true)
(185,11,true)
(194,11,true)
(196,11,true)
(197,11,true)
(200,11,true)
(206,11,true)
(210,11,true)
(211,11,true)
(222,11,true)
(226,11,true)
(234,11,true)
(235,11,true)
(243,11,true)
(244,11,true)
(248,11,true)
(255,11,false)
(257,11,false)
(261,11,true)
(265,11,true)
(266,11,true)
(270,11,true)
(275,11,true)
(278,11,true)
(280,11,true)
(285,11,true)
(286,11,true)
(291,11,true)
(295,11,true)
(297,11,true)
(0,12,false)
(3,12,false)
(6,12,false)
(7,12,false)
(9,12,false)
(12,12,false)
(13,12,false)
(17,12,false)
(21,12,false)
(27,12,false)
(28,12,false)
(29,12,false)
(34,12,false)
(35,12,false)
(36,12,false)
(37,12,false)
(38,12,false)
(48,12,false)
(56,12,false)
(59,12,false)
(62,12,true)
(64,12,true)
(68,12,true)
(69,12,true)
(71,12,true)
(74,12,true)
(76,12,true)
(83,12,true)
(89,12,true)
(90,12,true)
(91,12,true)
(92,12,true)
(93,12,true)
(95,12,true)
(97,12,true)
(104,12,true)
(105,12,true)
(118,12,true)
(119,12,true)
(122,12,true)
(123,12,true)
(124,12,true)
(127,12,true)
(129,12,true)
(130,12,true)
(135,12,true)
(140,12,false)
(141,12,true)
(143,12,true)
(144,12,true)
(150,12,false)
(158,12,true)
(160,12,true)
(165,12,false)
(167,12,true)
(172,12,true)
(174,12,true)
(178,12,true)
(180,12,true)
(183,12,true)
(185,12,true)
(196,12,true)
(201,12,true)
(209,12,true)
(210,12,true)
(211,12,true)
(213,12,true)
(214,12,true)
(215,12,true)
(217,12,false)
(218,12,true)
(221,12,true)
(223,12,true)
(224,12,true)
(234,12,true)
(235,12,true)
(238,12,true)
(240,12,true)
(242,12,true)
(245,12,true)
(248,12,true)
(250,12,true)
(253,12,true)
(256,12,true)
(258,12,true)
(264,12,true)
(267,12,true)
(268,12,true)
(271,12,true)
(278,12,true)
(279,12,true)
(283,12,true)
(284,12,true)
(286,12,true)
(292,12,true)
(297,12,true)
(299,12,true)
(3,13,false)
(7,13,false)
(12,13,false)
(13,13,false)
(17,13,false)
(18,13,false)
(20,13,false)
(21,13,false)
(22,13,false)
(24,13,false)
(25,13,false)
(31,13,false)
(40,13,false)
(41,13,false)
(46,13,true)
(48,13,false)
(49,13,false)
(50,13,false)
(53,13,false)
(55,13,false)
(56,13,false)
(59,13,false)
(60,13,true)
(62,13,true)
(63,13,true)
(68,13,true)
(74,13,true)
(81,13,true)
(85,13,true)
(87,13,true)
(89,13,true)
(95,13,true)
(96,13,true)
(102,13,true)
(103,13,true)
(105,13,true)
(107,13,true)
(108,13,true)
(111,13,true)
(113,13,true)
(119,13,true)
(121,13,true)
(122,13,true)
(128,13,true)
(129,13,true)
(137,13,true)
(138,13,true)
(139,13,true)
(150,13,true)
(151,13,true)
(155,13,true)
(156,13,true)
(162,13,true)
(164,13,true)
(167,13,true)
(175,13,true)
(187,13,true)
(189,13,true)
(190,13,true)
(191,13,true)
(193,13,true)
(194,13,true)
(197,13,true)
(199,13,true)
(201,13,true)
(207,13,true)
(208,13,true)
(214,13,true)
(215,13,true)
(216,13,true)
(217,13,true)
(219,13,true)
(222,13,true)
(223,13,true)
(225,13,true)
(226,13,true)
(229,13,true)
(230,13,true)
(233,13,true)
(234,13,true)
(237,13,true)
(238,13,true)
(241,13,true)
(244,13,true)
(256,13,true)
(258,13,true)
(260,13,true)
(262,13,true)
(263,13,true)
(265,13,true)
(266,13,true)
(269,13,true)
(273,13,true)
(278,13,true)
(279,13,true)
(280,13,true)
(281,13,true)
(293,13,true)
(296,13,true)
(1,14,false)
(2,14,false)
(13,14,false)
(16,14,false)
(18,14,false)
(26,14,false)
(30,14,false)
(31,14,false)
(34,14,true)
(38,14,false)
(39,14,false)
(42,14,false)
(43,14,false)
(50,14,false)
(52,14,false)
(53,14,false)
(54,14,false)
(56,14,false)
(57,14,false)
(62,14,true)
(65,14,true)
(67,14,true)
(71,14,true)
(72,14,true)
(77,14,true)
(79,14,true)
(82,14,true)
(86,14,true)
(87,14,true)
(90,14,true)
(93,14,true)
(94,14,true)
(98,14,true)
(99,14,true)
(101,14,true)
(106,14,true)
(109,14,true)
(110,14,false)
(112,14,true)
(115,14,true)
(121,14,true)
(122,14,true)
(123,14,true)
(125,14,true)
(130,14,true)
(131,14,true)
(132,14,true)
(134,14,true)
(136,14,true)
(143,14,true)
(145,14,true)
(147,14,true)
(149,14,true)
(152,14,true)
(156,14,true)
(161,14,true)
(167,14,true)
(168,14,true)
(169,14,true)
(171,14,true)
(173,14,false)
(176,14,true)
(177,14,true)
(179,14,true)
(182,14,true)
(184,14,true)
(187,14,true)
(188,14,true)
(189,14,true)
(192,14,true)
(195,14,true)
(196,14,true)
(202,14,false)
(204,14,true)
(205,14,true)
(206,14,true)
(210,14,true)
(212,14,false)
(217,14,true)
(218,14,true)
(219,14,true)
(221,14,true)
(222,14,true)
(226,14,true)
(228,14,true)
(232,14,true)
(234,14,true)
(239,14,true)
(244,14,true)
(246,14,false)
(247,14,true)
(249,14,true)
(254,14,true)
(255,14,true)
(256,14,true)
(258,14,true)
(259,14,true)
(260,14,true)
(265,14,true)
(266,14,true)
(267,14,true)
(268,14,false)
(271,14,true)
(279,14,true)
(283,14,true)
(284,14,true)
(287,14,true)
(289,14,false)
(290,14,false)
(292,14,true)
(295,14,true)
(298,14,true)
(0,15,false)
(2,15,false)
(3,15,false)
(4,15,false)
(8,15,false)
(10,15,false)
(16,15,false)
(17,15,false)
(19,15,false)
(22,15,false)
(24,15,false)
(25,15,false)
(34,15,false)
(38,15,true)
(39,15,false)
(44,15,false)
(45,15,false)
(48,15,false)
(49,15,false)
(50,15,false)
(54,15,false)
(59,15,false)
(62,15,true)
(64,15,true)
(67,15,true)
(68,15,true)
(71,15,true)
(73,15,false)
(74,15,true)
(75,15,true)
(78,15,true)
(82,15,true)
(83,15,true)
(94,15,true)
(95,15,true)
(100,15,true)
(103,15,true)
(108,15,true)
(109,15,true)
(112,15,true)
(115,15,true)
(116,15,true)
(117,15,true)
(118,15,true)
(120,15,true)
(121,15,true)
(123,15,true)
(127,15,true)
(131,15,true)
(136,15,true)
(143,15,true)
(145,15,true)
(149,15,true)
(153,15,true)
(154,15,true)
(159,15,true)
(161,15,true)
(164,15,true)
(165,15,true)
(170,15,true)
(173,15,true)
(176,15,true)
(178,15,true)
(182,15,true)
(183,15,true)
(185,15,true)
(187,15,true)
(189,15,true)
(191,15,true)
(192,15,true)
(193,15,true)
(196,15,true)
(203,15,true)
(204,15,true)
(206,15,true)
(208,15,true)
(209,15,true)
(210,15,true)
(214,15,true)
(217,15,true)
(234,15,true)
(235,15,true)
(242,15,true)
(246,15,true)
(252,15,false)
(257,15,true)
(259,15,true)
(261,15,true)
(262,15,true)
(272,15,true)
(274,15,true)
(275,15,true)
(277,15,true)
(282,15,true)
(287,15,true)
(288,15,true)
(290,15,true)
(291,15,true)
(292,15,true)
(293,15,true)
(295,15,true)
(297,15,true)
(1,16,false)
(9,16,false)
(12,16,false)
(13,16,false)
(15,16,false)
(16,16,false)
(18,16,false)
(20,16,true)
(21,16,false)
(25,16,false)
(26,16,false)
(27,16,false)
(30,16,false)
(33,16,false)
(38,16,false)
(44,16,true)
(50,16,false)
(54,16,false)
(56,16,false)
(57,16,false)
(59,16,false)
(77,16,true)
(80,16,true)
(81,16,true)
(82,16,true)
(83,16,true)
(85,16,true)
(86,16,true)
(89,16,true)
(93,16,true)
(95,16,true)
(101,16,true)
(104,16,true)
(105,16,true)
(111,16,true)
(113,16,true)
(115,16,true)
(119,16,true)
(120,16,true)
(123,16,true)
(125,16,true)
(126,16,true)
(131,16,true)
(133,16,true)
(143,16,true)
(144,16,true)
(148,16,true)
(149,16,true)
(150,16,true)
(162,16,true)
(163,16,true)
(181,16,true)
(182,16,true)
(184,16,true)
(185,16,true)
(187,16,true)
(195,16,true)
(196,16,false)
(198,16,true)
(202,16,true)
(206,16,true)
(208,16,true)
(209,16,true)
(212,16,true)
(213,16,true)
(216,16,true)
(217,16,true)
(222,16,true)
(226,16,false)
(232,16,true)
(234,16,true)
(243,16,true)
(245,16,true)
(247,16,true)
(264,16,true)
(266,16,true)
(268,16,true)
(278,16,true)
(282,16,true)
(283,16,true)
(288,16,false)
(290,16,true)
(291,16,true)
(293,16,true)
(297,16,true)
(299,16,true)
(1,17,false)
(6,17,false)
(19,17,false)
(24,17,false)
(29,17,false)
(31,17,false)
(36,17,false)
(38,17,false)
(41,17,false)
(42,17,false)
(50,17,false)
(53,17,false)
(61,17,true)
(63,17,true)
(71,17,true)
(72,17,true)
(74,17,true)
(77,17,true)
(80,17,true)
(86,17,true)
(87,17,false)
(94,17,true)
(96,17,true)
(99,17,true)
(107,17,true)
(110,17,true)
(114,17,true)
(119,17,true)
(120,17,true)
(121,17,true)
(125,17,true)
(131,17,true)
(136,17,true)
(137,17,true)
(141,17,true)
(145,17,true)
(146,17,true)
(147,17,true)
(149,17,true)
(151,17,true)
(156,17,true)
(161,17,true)
(163,17,true)
(166,17,true)
(170,17,true)
(171,17,true)
(179,17,true)
(186,17,true)
(190,17,true)
(191,17,true)
(194,17,true)
(198,17,true)
(202,17,true)
(204,17,true)
(210,17,true)
(211,17,false)
(215,17,true)
(230,17,true)
(234,17,true)
(236,17,true)
(239,17,true)
(240,17,true)
(241,17,true)
(244,17,false)
(250,17,true)
(253,17,true)
(257,17,true)
(260,17,true)
(261,17,true)
(265,17,true)
(266,17,true)
(269,17,true)
(270,17,true)
(272,17,true)
(287,17,true)
(289,17,false)
(292,17,true)
(295,17,true)
(5,18,false)
(8,18,false)
(12,18,false)
(14,18,false)
(17,18,false)
(21,18,false)
(30,18,false)
(31,18,false)
(32,18,false)
(35,18,false)
(38,18,false)
(40,18,false)
(44,18,false)
(45,18,false)
(49,18,false)
(50,18,false)
(55,18,false)
(60,18,true)
(66,18,false)
(80,18,true)
(82,18,true)
(85,18,true)
(86,18,true)
(91,18,true)
(92,18,true)
(98,18,true)
(99,18,true)
(100,18,true)
(101,18,true)
(104,18,true)
(109,18,true)
(115,18,true)
(120,18,true)
(122,18,true)
(123,18,true)
(127,18,true)
(130,18,true)
(134,18,true)
(135,18,true)
(138,18,true)
(140,18,true)
(144,18,true)
(146,18,true)
(149,18,true)
(153,18,true)
(156,18,true)
(161,18,true)
(178,18,true)
(181,18,true)
(183,18,true)
(184,18,true)
(188,18,true)
(189,18,true)
(200,18,true)
(203,18,true)
(204,18,true)
(209,18,true)
(212,18,true)
(219,18,true)
(223,18,false)
(225,18,true)
(227,18,true)
(230,18,true)
(233,18,true)
(234,18,true)
(237,18,true)
(242,18,true)
(243,18,true)
(245,18,true)
(247,18,true)
(248,18,true)
(252,18,true)
(258,18,true)
(262,18,true)
(264,18,true)
(267,18,true)
(271,18,true)
(277,18,true)
(279,18,true)
(281,18,true)
(285,18,true)
(287,18,true)
(298,18,true)
(299,18,true)
(2,19,false)
(6,19,false)
(14,19,false)
(19,19,false)
(21,19,false)
(25,19,false)
(32,19,false)
(34,19,false)
(36,19,false)
(38,19,false)
(40,19,false)
(41,19,false)
(42,19,false)
(43,19,false)
(46,19,false)
(49,19,false)
(64,19,true)
(66,19,true)
(68,19,true)
(69,19,true)
(70,19,true)
(74,19,true)
(75,19,true)
(89,19,true)
(93,19,true)
(95,19,true)
(99,19,true)
(100,19,true)
(106,19,true)
(110,19,true)
(112,19,true)
(122,19,true)
(125,19,true)
(126,19,true)
(131,19,true)
(132,19,true)
(136,19,true)
(141,19,true)
(145,19,true)
(148,19,true)
(150,19,true)
(155,19,true)
(159,19,true)
(168,19,true)
(169,19,true)
(171,19,true)
(184,19,true)
(185,19,true)
(189,19,true)
(193,19,true)
(194,19,true)
(197,19,false)
(201,19,true)
(202,19,true)
(205,19,true)
(210,19,true)
(214,19,true)
(215,19,true)
(217,19,true)
(218,19,true)
(220,19,true)
(222,19,true)
(224,19,true)
(225,19,true)
(228,19,true)
(229,19,false)
(234,19,true)
(241,19,true)
(243,19,true)
(244,19,true)
(245,19,true)
(247,19,true)
(250,19,true)
(254,19,true)
(259,19,true)
(266,19,true)
(274,19,true)
(277,19,true)
(278,19,false)
(280,19,true)
(281,19,true)
(285,19,true)
(287,19,true)
(295,19,true)
(296,19,true)
(2,20,false)
(6,20,false)
(8,20,false)
(12,20,false)
(14,20,false)
(16,20,false)
(17,20,false)
(22,20,false)
(25,20,false)
(27,20,false)
(29,20,false)
(38,20,false)
(42,20,false)
(44,20,false)
(46,20,false)
(52,20,false)
(60,20,true)
(67,20,true)
(70,20,true)
(83,20,true)
(85,20,true)
(87,20,false)
(89,20,true)
(92,20,false)
(101,20,true)
(103,20,true)
(106,20,true)
(107,20,true)
(115,20,true)
(119,20,true)
(120,20,true)
(125,20,true)
(126,20,true)
(128,20,true)
(131,20,true)
(132,20,true)
(135,20,true)
(137,20,true)
(139,20,true)
(141,20,true)
(144,20,true)
(154,20,true)
(155,20,true)
(156,20,true)
(157,20,true)
(160,20,true)
(163,20,true)
(168,20,true)
(180,20,true)
(189,20,true)
(190,20,true)
(195,20,true)
(196,20,true)
(203,20,true)
(205,20,true)
(211,20,true)
(215,20,true)
(220,20,true)
(224,20,true)
(232,20,true)
(233,20,true)
(237,20,true)
(244,20,true)
(245,20,true)
(247,20,true)
(252,20,true)
(260,20,true)
(262,20,true)
(263,20,true)
(264,20,true)
(267,20,true)
(271,20,true)
(274,20,true)
(284,20,false)
(287,20,true)
(294,20,true)
(297,20,true)
(1,21,false)
(2,21,false)
(3,21,false)
(6,21,false)
(15,21,false)
(20,21,false)
(21,21,false)
(22,21,false)
(30,21,false)
(31,21,false)
(36,21,false)
(37,21,false)
(41,21,false)
(44,21,false)
(47,21,false)
(56,21,true)
(60,21,true)
(61,21,true)
(66,21,true)
(68,21,true)
(70,21,true)
(72,21,true)
(77,21,true)
(87,21,true)
(93,21,true)
(94,21,true)
(95,21,true)
(96,21,true)
(100,21,true)
(103,21,true)
(105,21,true)
(108,21,true)
(109,21,true)
(113,21,false)
(115,21,true)
(120,21,true)
(127,21,true)
(141,21,true)
(143,21,true)
(146,21,true)
(151,21,true)
(153,21,true)
(156,21,true)
(157,21,true)
(159,21,true)
(162,21,true)
(165,21,true)
(167,21,true)
(176,21,true)
(177,21,true)
(184,21,true)
(192,21,true)
(202,21,true)
(208,21,true)
(210,21,true)
(214,21,true)
(217,21,true)
(218,21,true)
(220,21,true)
(221,21,true)
(226,21,true)
(227,21,true)
(229,21,true)
(240,21,true)
(241,21,true)
(242,21,true)
(245,21,true)
(251,21,true)
(252,21,true)
(255,21,false)
(257,21,true)
(259,21,true)
(261,21,true)
(262,21,true)
(271,21,true)
(273,21,false)
(274,21,true)
(275,21,true)
(279,21,true)
(287,21,true)
(288,21,true)
(293,21,true)
(295,21,true)
(298,21,true)
(299,21,true)
(1,22,true)
(9,22,false)
(12,22,false)
(13,22,false)
(16,22,false)
(19,22,false)
(22,22,true)
(27,22,false)
(34,22,false)
(39,22,false)
(40,22,false)
(41,22,false)
(51,22,false)
(52,22,false)
(54,22,false)
(55,22,false)
(61,22,true)
(73,22,true)
(74,22,true)
(90,22,true)
(98,22,true)
(104,22,true)
(105,22,true)
(107,22,true)
(110,22,true)
(112,22,true)
(116,22,true)
(117,22,true)
(120,22,true)
(121,22,true)
(122,22,true)
(134,22,true)
(136,22,true)
(143,22,true)
(145,22,true)
(153,22,true)
(156,22,true)
(160,22,true)
(161,22,true)
(168,22,true)
(170,22,true)
(172,22,true)
(173,22,true)
(176,22,true)
(181,22,false)
(182,22,true)
(183,22,true)
(187,22,false)
(189,22,true)
(191,22,true)
(194,22,true)
(198,22,true)
(208,22,true)
(209,22,true)
(213,22,true)
(220,22,true)
(225,22,true)
(232,22,true)
(236,22,true)
(240,22,true)
(244,22,true)
(245,22,true)
(255,22,true)
(256,22,true)
(263,22,true)
(269,22,true)
(270,22,true)
(271,22,true)
(272,22,true)
(274,22,true)
(275,22,true)
(278,22,true)
(281,22,true)
(286,22,true)
(293,22,false)
(294,22,true)
(295,22,true)
(1,23,false)
(2,23,false)
(3,23,false)
(6,23,true)
(9,23,false)
(10,23,false)
(13,23,false)
(17,23,false)
(18,23,false)
(22,23,false)
(33,23,false)
(37,23,false)
(43,23,false)
(45,23,false)
(49,23,false)
(50,23,false)
(52,23,false)
(53,23,false)
(55,23,false)
(57,23,false)
(58,23,false)
(59,23,false)
(62,23,true)
(63,23,true)
(64,23,true)
(66,23,true)
(67,23,true)
(70,23,true)
(71,23,true)
(72,23,true)
(77,23,true)
(78,23,true)
(82,23,true)
(84,23,true)
(87,23,true)
(88,23,true)
(91,23,true)
(97,23,true)
(103,23,true)
(108,23,false)
(109,23,true)
(112,23,true)
(113,23,true)
(115,23,true)
(118,23,false)
(123,23,false)
(134,23,true)
(135,23,true)
(136,23,true)
(137,23,true)
(143,23,true)
(153,23,true)
(155,23,true)
(157,23,true)
(160,23,true)
(165,23,true)
(167,23,true)
(168,23,true)
(169,23,true)
(170,23,true)
(174,23,true)
(183,23,true)
(185,23,true)
(188,23,true)
(190,23,true)
(194,23,true)
(201,23,true)
(203,23,true)
(213,23,true)
(223,23,true)
(226,23,true)
(227,23,true)
(234,23,true)
(235,23,true)
(236,23,true)
(238,23,true)
(241,23,true)
(242,23,true)
(249,23,true)
(250,23,true)
(253,23,true)
(257,23,true)
(258,23,true)
(260,23,true)
(263,23,true)
(283,23,false)
(289,23,true)
(290,23,true)
(292,23,true)
(293,23,true)
(296,23,true)
(298,23,true)
(0,24,false)
(1,24,false)
(10,24,false)
(13,24,false)
(23,24,false)
(24,24,false)
(29,24,false)
(30,24,false)
(34,24,false)
(35,24,false)
(41,24,false)
(43,24,false)
(44,24,false)
(51,24,false)
(55,24,true)
(56,24,false)
(61,24,true)
(69,24,true)
(70,24,true)
(72,24,true)
(74,24,true)
(77,24,true)
(79,24,true)
(80,24,true)
(82,24,true)
(91,24,true)
(93,24,true)
(94,24,true)
(97,24,true)
(98,24,true)
(102,24,true)
(105,24,true)
(110,24,true)
(111,24,true)
(115,24,true)
(121,24,true)
(123,24,true)
(124,24,true)
(125,24,true)
(135,24,true)
(136,24,true)
(144,24,true)
(151,24,true)
(158,24,true)
(163,24,true)
(168,24,true)
(170,24,true)
(182,24,false)
(186,24,true)
(188,24,true)
(196,24,true)
(197,24,false)
(201,24,true)
(205,24,true)
(207,24,true)
(209,24,true)
(212,24,true)
(216,24,true)
(223,24,true)
(228,24,true)
(229,24,true)
(231,24,true)
(232,24,true)
(233,24,true)
(234,24,true)
(238,24,true)
(242,24,true)
(243,24,true)
(249,24,true)
(255,24,true)
(256,24,true)
(258,24,true)
(260,24,true)
(266,24,true)
(275,24,true)
(276,24,true)
(277,24,true)
(278,24,true)
(284,24,true)
(285,24,true)
(287,24,true)
(288,24,false)
(294,24,true)
(299,24,true)
(3,25,false)
(14,25,true)
(21,25,false)
(22,25,false)
(24,25,false)
(29,25,false)
(30,25,false)
(32,25,false)
(34,25,false)
(38,25,false)
(44,25,false)
(47,25,false)
(51,25,false)
(55,25,false)
(62,25,true)
(64,25,true)
(65,25,true)
(66,25,true)
(69,25,true)
(70,25,true)
(78,25,true)
(80,25,true)
(83,25,true)
(84,25,true)
(86,25,true)
(87,25,true)
(92,25,true)
(93,25,true)
(113,25,true)
(116,25,true)
(129,25,false)
(141,25,true)
(150,25,true)
(164,25,true)
(165,25,true)
(166,25,true)
(172,25,true)
(180,25,true)
(182,25,true)
(191,25,true)
(193,25,true)
(195,25,true)
(196,25,true)
(197,25,true)
(198,25,true)
(201,25,true)
(202,25,true)
(213,25,true)
(217,25,true)
(219,25,true)
(220,25,true)
(221,25,true)
(228,25,true)
(240,25,true)
(243,25,true)
(245,25,true)
(251,25,true)
(252,25,true)
(253,25,true)
(258,25,true)
(264,25,true)
(267,25,true)
(269,25,true)
(278,25,true)
(280,25,true)
(281,25,true)
(286,25,true)
(290,25,true)
(292,25,true)
(293,25,true)
(295,25,true)
(0,26,false)
(2,26,false)
(9,26,false)
(11,26,false)
(19,26,false)
(25,26,false)
(30,26,false)
(34,26,false)
(36,26,false)
(38,26,true)
(42,26,false)
(51,26,false)
(54,26,false)
(60,26,true)
(65,26,true)
(75,26,true)
(80,26,true)
(85,26,true)
(89,26,true)
(91,26,true)
(92,26,true)
(93,26,true)
(94,26,true)
(98,26,true)
(99,26,true)
(102,26,true)
(103,26,true)
(105,26,true)
(110,26,true)
(113,26,true)
(114,26,true)
(122,26,false)
(125,26,true)
(128,26,true)
(130,26,true)
(131,26,true)
(132,26,true)
(134,26,true)
(135,26,true)
(138,26,false)
(140,26,true)
(151,26,true)
(162,26,true)
(169,26,true)
(172,26,true)
(177,26,true)
(178,26,true)
(186,26,true)
(187,26,true)
(189,26,false)
(195,26,true)
(199,26,true)
(200,26,true)
(203,26,true)
(204,26,true)
(206,26,true)
(207,26,true)
(209,26,true)
(221,26,true)
(223,26,true)
(226,26,true)
(229,26,true)
(230,26,true)
(232,26,true)
(236,26,true)
(245,26,true)
(247,26,true)
(248,26,true)
(249,26,true)
(250,26,true)
(251,26,true)
(256,26,true)
(264,26,true)
(265,26,true)
(266,26,true)
(269,26,true)
(270,26,true)
(272,26,true)
(273,26,false)
(275,26,true)
(277,26,true)
(278,26,true)
(280,26,true)
(282,26,true)
(284,26,true)
(286,26,true)
(297,26,true)
(4,27,false)
(17,27,false)
(18,27,false)
(20,27,false)
(26,27,true)
(30,27,false)
(35,27,false)
(37,27,false)
(38,27,false)
(42,27,false)
(48,27,false)
(49,27,false)
(53,27,false)
(55,27,false)
(57,27,false)
(58,27,false)
(59,27,false)
(69,27,true)
(75,27,true)
(76,27,true)
(77,27,true)
(78,27,true)
(99,27,true)
(100,27,true)
(101,27,true)
(110,27,true)
(111,27,true)
(115,27,true)
(123,27,true)
(124,27,true)
(126,27,true)
(131,27,true)
(132,27,true)
(133,27,true)
(134,27,true)
(140,27,true)
(142,27,true)
(143,27,true)
(156,27,true)
(157,27,true)
(158,27,true)
(172,27,true)
(174,27,true)
(183,27,true)
(184,27,true)
(185,27,true)
(190,27,true)
(197,27,true)
(200,27,true)
(204,27,true)
(208,27,true)
(211,27,true)
(214,27,true)
(217,27,true)
(218,27,true)
(224,27,true)
(226,27,true)
(233,27,false)
(237,27,true)
(238,27,true)
(239,27,true)
(244,27,true)
(246,27,true)
(248,27,true)
(253,27,true)
(257,27,true)
(259,27,true)
(262,27,true)
(275,27,true)
(276,27,true)
(282,27,true)
(285,27,true)
(286,27,true)
(290,27,true)
(299,27,true)
(2,28,false)
(5,28,false)
(6,28,false)
(12,28,false)
(13,28,false)
(23,28,false)
(31,28,false)
(35,28,false)
(36,28,false)
(40,28,false)
(42,28,false)
(53,28,false)
(57,28,false)
(59,28,false)
(62,28,true)
(68,28,true)
(72,28,true)
(85,28,false)
(87,28,true)
(89,28,true)
(96,28,true)
(104,28,true)
(110,28,true)
(113,28,true)
(118,28,true)
(119,28,true)
(125,28,true)
(127,28,true)
(131,28,true)
(137,28,true)
(139,28,true)
(141,28,true)
(147,28,true)
(149,28,true)
(152,28,false)
(155,28,true)
(160,28,true)
(161,28,true)
(163,28,true)
(165,28,true)
(172,28,true)
(175,28,true)
(180,28,true)
(188,28,true)
(189,28,true)
(193,28,true)
(197,28,true)
(203,28,true)
(205,28,true)
(210,28,true)
(212,28,false)
(219,28,true)
(222,28,true)
(223,28,true)
(226,28,true)
(228,28,true)
(233,28,false)
(237,28,true)
(239,28,true)
(240,28,true)
(243,28,true)
(248,28,true)
(250,28,true)
(254,28,true)
(265,28,true)
(267,28,true)
(276,28,true)
(280,28,true)
(283,28,true)
(286,28,true)
(288,28,true)
(293,28,true)
(295,28,true)
(296,28,true)
(0,29,false)
(2,29,false)
(9,29,true)
(16,29,false)
(17,29,false)
(21,29,false)
(24,29,false)
(34,29,false)
(40,29,false)
(41,29,false)
(48,29,false)
(49,29,false)
(54,29,false)
(55,29,false)
(63,29,true)
(65,29,true)
(86,29,true)
(91,29,true)
(96,29,true)
(97,29,true)
(109,29,true)
(113,29,true)
(115,29,true)
(118,29,true)
(125,29,true)
(129,29,true)
(130,29,true)
(142,29,true)
(145,29,true)
(150,29,true)
(158,29,true)
(161,29,true)
(173,29,true)
(174,29,false)
(178,29,true)
(185,29,true)
(190,29,true)
(192,29,true)
(195,29,true)
(207,29,true)
(210,29,true)
(211,29,true)
(215,29,true)
(228,29,true)
(241,29,true)
(247,29,true)
(249,29,true)
(251,29,true)
(261,29,true)
(264,29,true)
(267,29,true)
(268,29,true)
(276,29,true)
(279,29,true)
(283,29,true)
(284,29,true)
(289,29,true)
(4,30,false)
(6,30,false)
(16,30,false)
(17,30,false)
(23,30,false)
(25,30,false)
(38,30,false)
(42,30,false)
(47,30,false)
(52,30,false)
(56,30,true)
(61,30,true)
(63,30,true)
(64,30,true)
(65,30,true)
(66,30,true)
(77,30,true)
(79,30,true)
(85,30,true)
(86,30,true)
(92,30,true)
(93,30,true)
(97,30,true)
(106,30,true)
(116,30,false)
(118,30,true)
(125,30,true)
(127,30,true)
(131,30,true)
(132,30,false)
(136,30,true)
(138,30,true)
(142,30,true)
(153,30,true)
(158,30,false)
(160,30,true)
(161,30,true)
(163,30,true)
(164,30,true)
(169,30,true)
(170,30,true)
(178,30,true)
(180,30,true)
(185,30,true)
(191,30,true)
(192,30,true)
(193,30,true)
(195,30,true)
(198,30,true)
(201,30,true)
(202,30,true)
(204,30,true)
(209,30,true)
(211,30,true)
(223,30,true)
(226,30,true)
(235,30,true)
(236,30,true)
(243,30,true)
(253,30,true)
(256,30,true)
(260,30,true)
(262,30,true)
(269,30,true)
(272,30,true)
(275,30,true)
(278,30,true)
(290,30,true)
(294,30,true)
(297,30,true)
(1,31,false)
(5,31,false)
(6,31,false)
(8,31,false)
(10,31,false)
(11,31,false)
(12,31,false)
(14,31,false)
(15,31,false)
(16,31,false)
(18,31,false)
(20,31,false)
(22,31,false)
(41,31,false)
(43,31,false)
(45,31,false)
(46,31,false)
(48,31,false)
(54,31,false)
(60,31,true)
(61,31,true)
(65,31,true)
(74,31,true)
(80,31,true)
(81,31,true)
(91,31,true)
(94,31,true)
(95,31,true)
(96,31,true)
(101,31,true)
(102,31,true)
(109,31,true)
(113,31,true)
(115,31,true)
(119,31,true)
(121,31,true)
(122,31,true)
(124,31,true)
(139,31,true)
(140,31,true)
(144,31,true)
(145,31,true)
(146,31,true)
(147,31,true)
(148,31,true)
(165,31,true)
(167,31,true)
(173,31,true)
(177,31,true)
(179,31,true)
(180,31,true)
(189,31,true)
(190,31,true)
(191,31,true)
(194,31,true)
(195,31,true)
(203,31,true)
(210,31,true)
(219,31,true)
(220,31,true)
(221,31,true)
(224,31,true)
(225,31,true)
(230,31,true)
(232,31,true)
(233,31,true)
(240,31,true)
(241,31,true)
(249,31,true)
(251,31,true)
(252,31,true)
(257,31,false)
(259,31,true)
(264,31,true)
(268,31,true)
(273,31,true)
(279,31,true)
(282,31,true)
(284,31,true)
(286,31,true)
(287,31,true)
(290,31,true)
(292,31,true)
(294,31,true)
(2,32,false)
(5,32,false)
(12,32,false)
(13,32,false)
(20,32,false)
(22,32,false)
(23,32,true)
(29,32,false)
(36,32,false)
(38,32,false)
(41,32,false)
(44,32,false)
(45,32,false)
(56,32,false)
(57,32,false)
(61,32,true)
(62,32,true)
(67,32,true)
(68,32,true)
(69,32,true)
(71,32,true)
(76,32,true)
(91,32,true)
(98,32,true)
(100,32,true)
(109,32,true)
(111,32,true)
(113,32,true)
(115,32,true)
(116,32,true)
(120,32,true)
(133,32,true)
(138,32,true)
(145,32,true)
(147,32,true)
(149,32,true)
(155,32,true)
(156,32,true)
(157,32,true)
(159,32,true)
(161,32,true)
(163,32,true)
(164,32,true)
(166,32,true)
(171,32,false)
(172,32,true)
(190,32,true)
(197,32,true)
(198,32,true)
(200,32,true)
(206,32,false)
(209,32,true)
(214,32,true)
(215,32,true)
(226,32,true)
(240,32,true)
(243,32,true)
(245,32,true)
(250,32,true)
(260,32,true)
(268,32,true)
(273,32,true)
(278,32,true)
(286,32,true)
(288,32,true)
(293,32,true)
(297,32,true)
(298,32,true)
(1,33,false)
(2,33,false)
(3,33,false)
(14,33,false)
(21,33,false)
(22,33,false)
(24,33,false)
(30,33,false)
(39,33,false)
(42,33,false)
(46,33,true)
(49,33,false)
(50,33,false)
(51,33,false)
(52,33,false)
(58,33,false)
(59,33,false)
(64,33,true)
(65,33,true)
(66,33,true)
(69,33,true)
(70,33,true)
(71,33,true)
(72,33,true)
(76,33,true)
(82,33,true)
(84,33,true)
(85,33,true)
(86,33,true)
(92,33,true)
(95,33,true)
(97,33,true)
(98,33,true)
(100,33,true)
(108,33,true)
(109,33,true)
(115,33,true)
(117,33,true)
(120,33,true)
(121,33,true)
(124,33,true)
(125,33,true)
(126,33,true)
(138,33,false)
(143,33,true)
(148,33,true)
(149,33,true)
(151,33,true)
(154,33,true)
(158,33,true)
(159,33,true)
(161,33,true)
(164,33,true)
(202,33,true)
(204,33,false)
(206,33,true)
(211,33,false)
(212,33,true)
(218,33,true)
(219,33,true)
(220,33,true)
(221,33,true)
(222,33,true)
(230,33,true)
(233,33,true)
(235,33,true)
(238,33,true)
(240,33,false)
(242,33,true)
(244,33,false)
(254,33,true)
(259,33,true)
(261,33,true)
(271,33,true)
(274,33,true)
(279,33,true)
(284,33,true)
(286,33,true)
(290,33,true)
(298,33,true)

(134,16)
(272,4)
(49,28)
(71,30)
(210,4)
(200,23)
(179,6)
(5,6)
(105,8)
(248,7)
(281,32)
(112,33)
(95,10)
(14,16)
(262,16)
(211,13)
(138,2)
(89,33)
(278,5)
(138,8)
(94,29)
(69,3)
(226,31)
(296,11)
(35,26)
(105,10)
(102,18)
(4,28)
(110,5)
(286,2)
(163,13)
(256,15)
(279,30)
(33,12)
(168,26)
(142,5)
(117,29)
(231,10)
(22,0)
(267,22)
(34,28)
(130,20)
(273,16)
(212,11)
(49,7)
(239,13)
(148,17)
(180,2)
(148,15)
(204,10)
(76,19)
(27,15)
(120,28)
(16,1)
(2,8)
(114,16)
(52,17)
(253,19)
(247,24)
(237,33)
(51,11)
(276,25)
(222,21)
(115,12)
(40,25)
(253,2)
(30,0)
(212,10)
(199,0)
(272,10)
(152,2)
(31,11)
(209,2)
(215,23)
(164,31)
(116,23)
(212,27)
(211,6)
(298,19)
(130,23)
(133,22)
(220,12)
(124,16)
(71,7)
(262,17)
(256,11)
(152,20)
(208,32)
(155,4)
(229,4)
(134,5)
(274,26)
(169,0)
(9,21)
(41,1)
(243,12)
(222,26)
(140,20)
(147,9)
(187,20)
(78,19)
(116,10)
(109,10)
(17,17)
(26,3)
(146,7)
(253,26)
(89,32)
(176,29)
(195,2)
(87,26)
(259,26)
(105,4)
(83,22)
(108,7)
(107,14)
(234,29)
(245,13)
(196,10)
(291,4)
(147,2)
(281,2)
(92,5)
(22,29)
(96,32)
(189,3)
(194,30)
(270,28)
(271,25)
(260,31)
(216,5)
(287,2)
(20,14)
(107,9)
(137,29)
(184,26)
(251,2)
(157,7)
(57,12)
(88,27)
(200,3)
(99,13)
(18,11)
(83,5)
(244,28)
(295,24)
(127,20)
(50,5)
(38,8)
(176,4)
(252,26)
(200,13)
(217,28)
(270,20)
(57,29)
(17,9)
(296,25)
(124,7)
(81,20)
(60,6)
(84,19)
(215,11)
(277,30)
(10,33)
(26,18)
(252,27)
(230,32)
(258,17)
(175,16)
(31,9)
(117,24)
(266,20)
(258,0)
(193,6)
(20,8)
(280,5)
(220,18)
(69,17)
(101,15)
(220,29)
(142,10)
(53,19)
(260,4)
(287,13)
(63,8)
(215,31)
(195,18)
(211,1)
(208,33)
(93,10)
(255,18)
(44,2)
(162,18)
(165,3)
(213,29)
(266,4)
(233,2)
(1,15)
(86,32)
(177,22)
(222,9)
(227,3)
(14,30)
(269,16)
(156,28)
(195,12)
(256,32)
(169,7)
(207,9)
(243,7)
(0,11)
(216,11)
(260,15)
(178,13)
(297,14)
(171,23)
(9,11)
(30,23)
(123,5)
(244,15)
(28,18)
(284,22)
(270,23)
(48,25)
(244,3)
(36,0)
(82,10)
(189,9)
(178,9)
(107,28)
(57,13)
(114,24)
(281,6)
(289,9)
(118,9)
(274,16)
(284,10)
(167,18)
(28,6)
(256,25)
(237,29)
(213,4)
(113,15)
(260,8)
(171,22)
(143,11)
(250,0)
(78,17)
(122,9)
(250,22)
(18,9)
(45,29)
(24,23)
(286,19)
(211,21)
(187,28)
(249,25)
(157,15)
(206,31)
(85,8)
(179,5)
(146,16)
(70,13)
(71,0)
(221,18)
(198,19)
(90,8)
(294,26)
(262,11)
(174,14)
(198,31)
(228,6)
(126,31)
(115,3)
(224,11)
(68,8)
(293,4)
(70,11)
(294,2)
(207,6)
(95,28)
(84,1)
(201,26)
(152,31)
(228,3)
(214,25)
(200,29)
(108,32)
(227,16)
(36,3)
(157,13)
(264,13)
(215,9)
(183,5)
(84,13)
(151,7)
(261,7)
(93,1)
(230,12)
(266,21)
(108,18)
(271,31)
(63,3)
(129,24)
(10,17)
(110,15)
(167,7)
(101,12)
(190,10)
(19,33)
(210,20)
(61,8)
(4,32)
(97,9)
(166,16)
(271,11)
(266,5)
(82,13)
(209,17)
(294,21)
(33,20)
(144,8)
(17,32)
(195,7)
(251,32)
(173,5)
(285,14)
(146,2)
(18,5)
(119,32)
(73,32)
(144,13)
(160,33)
(108,8)
(13,29)
(165,29)
(162,30)
(182,1)
(287,11)
(241,11)
(227,17)
(1,20)
(71,16)
(265,23)
(297,1)
(9,7)
(46,5)
(261,25)
(186,32)
(200,12)
(200,24)
(201,15)
(30,4)
(273,0)
(15,8)
(166,28)
(282,0)
(25,22)
(155,18)
(111,11)
(209,10)
(167,28)
(139,14)
(152,19)
(143,24)
(31,10)
(150,14)
(173,9)
(65,5)
(166,3)
(114,22)
(249,11)
(44,33)
(78,22)
(157,25)
(169,9)
(38,33)
(188,20)
(71,13)
(93,6)
(64,20)
(286,15)
(229,11)
(125,10)
(227,12)
(4,24)
(17,16)
(103,4)
(155,6)
(219,22)
(8,12)
(244,31)
(59,14)
(245,29)
(150,11)
(79,26)
(103,3)
(289,5)
(0,19)
(126,9)
(176,5)
(157,6)
(219,26)
(205,5)
(144,21)
(270,24)
(244,9)
(265,27)
(43,16)
(298,9)
(77,7)
(81,24)
(254,9)
(177,10)
(9,20)
(286,5)
(283,19)
(251,14)
(32,1)
(16,33)
(122,24)
(267,15)
(295,27)
(186,4)
(234,28)
(39,17)
(82,26)
(293,2)
(63,19)
(248,1)
(164,12)
(16,7)
(83,19)
(86,15)
(33,21)
(5,23)
(61,25)
(152,17)
(233,23)
(170,31)
(281,24)
(232,27)
(229,25)
(103,31)
(28,29)
(41,9)
(233,17)
(42,22)
(110,23)
(49,12)
(35,10)
(79,13)
(260,19)
(62,8)
(280,15)
(53,29)
(109,5)
(159,25)
(226,25)
(224,33)
(17,3)
(32,0)
(59,26)
(36,33)
(105,28)
(32,6)
(87,3)
(96,1)
(16,27)
(64,27)
(126,12)
(247,31)
(196,1)
(17,19)
(70,6)
(294,6)
(231,0)
(65,2)
(16,23)
(180,14)
(65,21)
(13,11)
(64,24)
(269,0)
(108,16)
(118,14)
(281,33)
(5,4)
(0,25)
(0,22)
(154,25)
(194,20)
(122,33)
(171,25)
(192,28)
(8,16)
(10,0)
(10,6)
(200,20)
(174,18)
(54,19)
(278,33)
(146,5)
(284,11)
(202,7)
(204,11)
(94,0)
(2,17)
(234,27)
(283,18)
(212,23)
(88,12)
(282,12)
(37,11)
(295,5)
(44,27)
(183,30)
(155,25)
(188,26)
(235,21)
(134,13)
(117,13)
(244,7)
(123,13)
(92,31)
(55,3)
(283,13)
(259,5)
(280,6)
(117,18)
(193,22)
(179,22)
(47,2)
(5,16)
(64,8)
(197,14)
(136,1)
(3,1)
(70,3)
(171,21)
(230,20)
(143,1)
(291,7)
(261,32)
(294,7)
(277,13)
(216,29)
(293,20)
(157,17)
(213,2)
(144,9)
(1,3)
(147,29)
(42,2)
(127,17)
(35,15)
(167,27)
(68,10)
(182,10)
(155,14)
(14,28)
(178,28)
(207,10)
(30,2)
(7,31)
(184,33)
(104,33)
(287,29)
(282,22)
(179,25)
(265,12)
(112,12)
(219,30)
(185,4)
(10,18)
(160,8)
(94,23)
(110,25)
(267,21)
(208,6)
(210,2)
(99,2)
(207,25)
(97,5)
(282,8)
(7,3)
(9,27)
(151,16)
(144,26)
(6,9)
(7,14)
(163,18)
(10,4)
(218,32)
(93,11)
(32,17)
(49,31)
(100,9)
(115,26)
(106,11)
(102,2)
(128,7)
(255,30)
(46,2)
(216,21)
(241,33)
(173,19)
(47,6)
(296,26)
(65,17)
(77,32)
(150,23)
(240,16)
(230,19)
(26,23)
(0,33)
(24,0)
(25,17)
(9,17)
(221,16)
(95,27)
(225,32)
(98,2)
(67,21)
(152,9)
(105,31)
(83,13)
(50,6)
(161,21)
(146,11)
(235,32)
(243,29)
(161,9)
(195,5)
(17,21)
(159,30)
(146,30)
(35,31)
(74,7)
(101,24)
(185,6)
(236,13)
(221,30)
(223,15)
(53,22)
(62,18)
(183,8)
(267,16)
(68,9)
(44,10)
(50,12)
(225,3)
(286,16)
(104,14)
(36,18)
(285,15)
(59,3)
(258,31)
(272,11)
(227,9)
(210,24)
(218,4)
(133,12)
(109,3)
(168,28)
(80,5)
(209,27)
(165,33)
(21,23)
(230,21)
(224,5)
(146,29)
(155,11)
(191,19)
(298,5)
(18,26)
(34,1)
(105,18)
(183,4)
(109,16)
(169,22)
(65,1)
(2,13)
(147,6)
(218,6)
(123,2)
(243,8)
(253,20)
(266,6)
(225,8)
(236,32)
(275,33)
(4,13)
(119,9)
(111,18)
(283,11)
(162,22)
(45,21)
(200,22)
(276,32)
(231,9)
(179,27)
(211,31)
(187,33)
(141,16)
(5,12)
(143,30)
(35,8)
(7,16)
(153,33)
(247,8)
(214,18)
(93,31)
(203,29)
(119,5)
(230,30)
(269,5)
(130,32)
(243,13)
(276,3)
(242,30)
(290,11)
(20,23)
(175,15)
(174,24)
(178,16)
(198,3)
(82,12)
(59,17)
(15,12)
(44,8)
(44,17)
(223,5)
(259,12)
(238,26)
(41,14)
(218,16)
(64,6)
(268,20)
(107,26)
(216,32)
(57,24)
(117,23)
(298,11)
(133,13)
(299,28)
(142,23)
(292,2)
(204,31)
(268,21)
(248,25)
(135,29)
(221,28)
(262,6)
(191,24)
(166,31)
(40,0)
(23,2)
(205,12)
(41,23)
(224,15)
(53,24)
(136,21)
(178,11)
(240,13)
(285,17)
(16,24)
(115,7)
(105,20)
(121,12)
(54,21)
(29,11)
(44,3)
(102,1)
(117,27)
(172,29)
(0,7)
(282,5)
(125,4)
(40,16)
(56,20)
(275,8)
(67,18)
(127,9)
(215,30)
(241,14)
(187,5)
(111,5)
(221,27)
(68,14)
(64,16)
(280,7)
(218,15)
(129,3)
(171,15)
(141,10)
(180,23)
(33,26)
(112,24)
(187,25)
(245,7)
(136,5)
(264,30)
(52,10)
(12,9)
(10,28)
(60,14)
(125,6)
(86,13)
(176,27)
(180,17)
(103,0)
(58,16)
(275,19)
(201,16)
(82,3)
(167,20)
(284,15)
(56,19)
(244,21)
(2,22)
(231,18)
(284,13)
(112,25)
(281,1)
(105,29)
(195,4)
(44,12)
(4,23)
(212,2)
(216,17)
(167,32)
(204,24)
(78,14)
(26,20)
(267,7)
(254,15)
(56,5)
(10,12)
(137,19)
(190,28)
(202,24)
(192,26)
(134,2)
(212,25)
(115,4)
(263,6)
(227,2)
(16,17)
(223,1)
(237,10)
(4,29)
(165,20)
(107,3)
(139,24)
(92,13)
(183,11)
(107,16)
(188,30)
(201,31)
(232,18)
(5,24)
(156,25)
(65,15)
(73,12)
(165,19)
(62,2)
(152,29)
(158,15)
(45,25)
(190,14)
(185,24)
(240,11)
(23,25)
(86,5)
(112,4)
(149,20)
(286,24)
(16,12)
(152,12)
(59,20)
(264,11)
(251,30)
(89,21)
(132,24)
(48,6)
(157,11)
(235,26)
(2,25)
(98,16)
(160,5)
(67,8)
(200,16)
(67,6)
(237,17)
(256,21)
(144,22)
(67,12)
(13,6)
(41,8)
(98,21)
(90,5)
(231,13)
(91,7)
(269,11)
(208,28)
(155,26)
(288,20)
(120,2)
(236,21)
(9,32)
(195,24)
(42,31)
(79,29)
(124,13)
(53,11)
(49,3)
(10,32)
(97,27)
(197,9)
(83,1)
(77,25)
(126,13)
(63,2)
(100,16)
(219,3)
(128,28)
(253,24)
(171,13)
(117,19)
(200,9)
(220,27)
(34,11)
(173,24)
(97,31)
(51,15)
(268,11)
(182,21)
(245,1)
(129,7)
(228,23)
(164,26)
(64,31)
(214,30)
(195,6)
(150,7)
(162,27)
(31,16)
(67,17)
(68,20)
(280,16)
(54,0)
(16,8)
(14,15)
(61,2)
(260,22)
(221,7)
(292,20)
(284,4)
(56,17)
(126,2)
(62,24)
(99,12)
(228,5)
(137,10)
(4,31)
(263,31)
(15,20)
(291,29)
(188,33)
(155,33)
(224,18)
(138,28)
(178,23)
(244,10)
(250,25)
(287,9)
(194,12)
(184,3)
(278,7)
(126,0)
(104,29)
(27,3)
(294,15)
(38,13)
(77,2)
(43,11)
(96,14)
(241,0)
(64,21)
(214,24)
(283,22)
(184,28)
(187,1)
(288,13)
(31,4)
(228,16)
(284,25)
(132,29)
(290,17)
(30,10)
(27,26)
(186,23)
(195,10)
(299,17)
(68,16)
(202,20)
(14,21)
(94,28)
(176,20)
(199,12)
(282,25)
(21,15)
(270,30)
(208,30)
(224,2)
(176,11)
(176,13)
(236,10)
(28,23)
(140,28)
(121,6)
(86,12)
(42,18)
(82,1)
(147,21)
(270,33)
(212,21)
(153,14)
(69,15)
(12,27)
(218,20)
(175,2)
(132,3)
(248,23)
(70,28)
(242,25)
(167,33)
(168,1)
(234,33)
(86,26)
(224,32)
(11,14)
(297,22)
(105,25)
(16,6)
(238,30)
(156,31)
(182,33)
(107,19)
(244,24)
(151,5)
(69,5)
(140,19)
(70,15)
(141,4)
(59,19)
(253,29)
(64,7)
(57,4)
(22,14)
(53,12)
(171,27)
(227,33)
(25,21)
(235,24)
(63,15)
(154,27)
(255,27)
(86,10)
(264,19)
(68,23)
(0,30)
(85,14)
(214,9)
(130,9)
(33,15)
(134,12)
(154,23)
(44,5)
(145,24)
(45,17)
(104,8)
(57,3)
(41,27)
(258,27)
(214,23)
(206,20)
(155,17)
(277,11)
(111,6)
(100,2)
(194,32)
(8,5)
(80,21)
(258,3)
(167,11)
(36,20)
(294,11)
(166,9)
(13,17)
(281,12)
(47,18)
(198,20)
(87,33)
(269,31)
(241,3)
(80,27)
(207,8)
(256,18)
(123,29)
(290,26)
(91,11)
(237,0)
(123,21)
(75,6)
(278,3)
(66,22)
(176,31)
(214,33)
(81,28)
(135,32)
(212,29)
(293,31)
(153,29)
(127,10)
(81,7)
(244,12)
(43,26)
(111,22)
(31,15)
(60,30)
(294,5)
(67,31)
(13,25)
(108,17)
(72,13)
(127,25)
(107,18)
(229,12)
(228,20)
(295,29)
(47,24)
(61,14)
(172,13)
(41,18)
(259,2)
(258,6)
(259,30)
(227,14)
(296,15)
(169,24)
(154,29)
(226,0)
(102,3)
(176,23)
(221,11)
(228,30)
(130,5)
(126,14)
(195,17)
(17,4)
(57,5)
(262,5)
(247,15)
(16,10)
(80,28)
(259,8)
(146,28)
(230,8)
(121,16)
(51,13)
(269,19)
(76,10)
(115,8)
(3,4)
(72,18)
(79,32)
(133,2)
(122,8)
(55,8)
(38,9)
(252,7)
(138,21)
(167,17)
(133,24)
(282,3)
(97,32)
(64,13)
(192,7)
(40,21)
(7,4)
(255,3)
(250,3)
(169,10)
(174,32)
(260,12)
(191,16)
(226,15)
(104,24)
(130,7)
(160,19)
(158,19)
(1,4)
(107,31)
(297,19)
(146,27)
(32,12)
(254,11)
(92,22)
(280,9)
(2,18)
(4,10)
(244,18)
(121,19)
(205,25)
(238,9)
(227,28)
(39,2)
(53,8)
(64,17)
(12,2)
(135,0)
(236,16)
(234,5)
(219,16)
(216,9)
(238,28)
(206,18)
(226,24)
(37,18)
(79,6)
(20,12)
(208,24)
(143,4)
(132,28)
(251,9)
(29,23)
(69,22)
(153,24)
(211,22)
(204,0)
(21,27)
(28,2)
(69,16)
(214,14)
(167,15)
(88,25)
(14,24)
(279,24)
(270,10)
(261,19)
(25,28)
(110,30)
(176,24)
(207,15)
(270,15)
(175,22)
(125,12)
(47,3)
(42,12)
(103,7)
(219,6)
(196,13)
(188,12)
(133,15)
(113,8)
(28,10)
(70,31)
(24,28)
(217,32)
(74,26)
(244,16)
(34,2)
(242,28)
(71,25)
(122,29)
(171,20)
(83,8)
(235,3)
(147,22)
(208,19)
(155,15)
(17,5)
(211,18)
(172,19)
(140,1)
(273,17)
(113,20)
(130,27)
(164,21)
(230,10)
(234,32)
(165,32)
(86,8)
(244,30)
(208,5)
(38,0)
(104,27)
(91,33)
(273,19)
(217,17)
(187,18)
(280,20)
(80,20)
(289,10)
(108,6)
(61,6)
(76,3)
(61,12)
(22,28)
(283,9)
(120,3)
(13,18)
(131,13)
(91,0)
(207,28)
(34,5)
(250,11)
(169,25)
(54,33)
(215,26)
(205,32)
(194,1)
(227,29)
(171,28)
(158,21)
(35,16)
(6,27)
(181,13)
(166,29)
(133,5)
(153,20)
(253,6)
(241,32)
(185,18)
(112,26)
(245,31)
(146,20)
(117,21)
(100,20)
(11,11)
(139,10)
(251,20)
(97,19)
(76,2)
(174,8)
(251,12)
(110,33)
(64,14)
(257,24)
(200,17)
(256,17)
(298,16)
(185,21)
(274,31)
(48,8)
(75,23)
(26,17)
(256,27)
(120,26)
(49,8)
(98,12)
(139,3)
(288,33)
(112,6)
(83,6)
(168,12)
(225,17)
(148,7)
(245,5)
(15,1)
(137,15)
(235,25)
(112,31)
(45,7)
(280,18)
(156,24)
(144,25)
(17,6)
(88,21)
(90,32)
(181,26)
(99,5)
(80,14)
(146,15)
(203,3)
(70,22)
(213,24)
(144,15)
(142,13)
(234,8)
(197,33)
(109,22)
(99,20)
(293,27)
(141,15)
(40,15)
(18,24)
(244,25)
(275,29)
(55,16)
(185,31)
(270,19)
(174,17)
(186,11)
(135,31)
(293,12)
(164,9)
(110,31)
(235,2)
(173,25)
(156,9)
(254,29)
(164,24)
(225,11)
(80,19)
(227,8)
(8,33)
(13,1)
(40,8)
(272,2)
(152,32)
(58,7)
(56,10)
(65,9)
(187,12)
(185,20)
(145,12)
(185,2)
(178,25)
(121,18)
(198,27)
(182,28)
(253,21)
(152,18)
(71,5)
(140,23)
(238,32)
(299,23)
(114,10)
(260,2)
(65,20)
(180,6)
(54,28)
(2,6)
(263,15)
(34,18)
(161,25)
(32,14)
(190,24)
(265,22)
(244,23)
(279,2)
(100,28)
(165,16)
(273,18)
(252,3)
(95,20)
(19,18)
(215,15)
(293,8)
(62,33)
(177,11)
(261,12)
(105,14)
(8,4)
(162,24)
(29,8)
(280,0)
(166,1)
(120,12)
(213,20)
(251,28)
(159,7)
(92,16)
(193,1)
(108,19)
(129,16)
(26,24)
(221,22)
(69,0)
(210,23)
(60,32)
(143,7)
(154,9)
(89,11)
(268,4)
(41,5)
(21,31)
(91,28)
(124,32)
(86,4)
(285,5)
(239,5)
(200,31)
(64,28)
(57,33)
(143,10)
(118,25)
(9,30)
(50,29)
(153,31)
(116,14)
(6,25)
(114,19)
(0,14)
(141,1)
(127,0)
(138,15)
(213,19)
(22,19)
(247,2)
(275,18)
(259,3)
(91,16)
(168,3)
(299,2)
(112,13)
(27,25)
(112,21)
(68,33)
(251,17)
(149,22)
(212,12)
(265,19)
(127,5)
(38,21)
(164,19)
(37,17)
(158,4)
(291,13)
(285,32)
(95,17)
(69,14)
(253,15)
(13,15)
(100,22)
(239,4)
(72,27)
(279,32)
(85,12)
(75,24)
(54,20)
(88,7)
(79,31)
(229,30)
(197,2)
(5,10)
(139,19)
(198,33)
(116,6)
(177,16)
(151,8)
(236,12)
(201,21)
(32,27)
(299,1)
(230,27)
(68,7)
(107,8)
(137,6)
(48,17)
(295,18)
(200,14)
(70,32)
(48,26)
(15,3)
(215,27)
(131,29)
(197,1)
(250,33)
(258,11)
(270,0)
(202,9)
(79,8)
(159,22)
(132,10)
(232,11)
(139,15)
(183,28)
(49,21)
(51,5)
(107,10)
(186,3)
(107,32)
(76,22)
(155,30)
(214,11)
(261,2)
(152,6)
(176,16)
(266,10)
(187,9)
(189,23)
(243,3)
(11,16)
(160,32)
(102,8)
(156,6)
(242,11)
(232,28)
(31,3)
(140,15)
(116,21)
(154,8)
(37,26)
(20,2)
(113,27)
(35,5)
(200,25)
(9,19)
(63,25)
(261,22)
(51,4)
(155,12)
(40,12)
(295,23)
(106,10)
(146,13)
(202,22)
(155,5)
(283,21)
(229,17)
(91,20)
(179,19)
(77,29)
(166,12)
(96,5)
(65,23)
(190,0)
(258,16)
(216,20)
(133,26)
(29,26)
(172,7)
(201,14)
(51,19)
(38,6)
(230,29)
(238,22)
(142,26)
(29,15)
(257,3)
(202,15)
(140,4)
(146,8)
(198,12)
(50,26)
(108,30)
(241,4)
(200,21)
(298,25)
(85,7)
(289,25)
(279,10)
(170,20)
(173,33)
(67,7)
(239,12)
(91,3)
(109,17)
(270,6)
(240,18)
(233,22)
(109,20)
(25,12)
(35,2)
(96,16)
(122,28)
(192,11)
(18,20)
(223,6)
(111,14)
(21,7)
(47,11)
(264,10)
(97,25)
(244,29)
(140,24)
(152,11)
(215,24)
(165,17)
(7,0)
(37,25)
(26,8)
(247,30)
(57,25)
(246,12)
(31,25)
(251,8)
(244,26)
(83,23)
(120,29)
(139,6)
(24,27)
(212,30)
(36,14)
(174,5)
(81,2)
(84,20)
(97,13)
(111,33)
(4,4)
(280,30)
(8,26)
(127,31)
(86,24)
(299,15)
(159,8)
(138,12)
(25,27)
(45,14)
(96,22)
(286,14)
(248,19)
(90,16)
(64,5)
(217,23)
(174,13)
(132,11)
(263,18)
(68,17)
(255,29)
(165,7)
(136,4)
(8,7)
(84,17)
(179,23)
(44,7)
(272,13)
(86,21)
(147,27)
(284,6)
(50,19)
(29,18)
(259,11)
(49,17)
(221,3)
(269,27)
(269,14)
(139,17)
(94,20)
(99,7)
(32,4)
(299,22)
(210,32)
(171,11)
(30,19)
(282,9)
(160,1)
(264,7)
(162,23)
(210,1)
(18,12)
(145,9)
(66,10)
(246,28)
(298,24)
(148,1)
(38,22)
(193,33)
(224,9)
(60,3)
(157,30)
(189,29)
(168,21)
(198,14)
(190,16)
(42,29)
(35,13)
(238,3)
(289,33)
(152,23)
(106,7)
(153,32)
(249,1)
(65,12)
(187,19)
(28,31)
(208,9)
(119,3)
(13,3)
(54,17)
(22,8)
(258,20)
(294,19)
(54,2)
(269,33)
(76,6)
(228,12)
(224,23)
(145,27)
(177,2)
(81,27)
(245,11)
(264,9)
(9,14)
(278,27)
(231,6)
(211,14)
(111,23)
(30,22)
(238,29)
(185,3)
(126,30)
(24,3)
(50,22)
(239,9)
(124,8)
(133,33)
(217,1)
(119,22)
(98,1)
(15,15)
(33,28)
(69,7)
(237,12)
(83,31)
(288,5)
(40,32)
(234,21)
(198,5)
(108,12)
(232,6)
(146,23)
(75,17)
(97,15)
(122,32)
(33,2)
(152,27)
(80,32)
(13,8)
(11,8)
(121,10)
(175,31)
(36,23)
(213,14)
(163,33)
(229,5)
(26,9)
(143,5)
(98,9)
(284,17)
(226,20)
(144,7)
(289,12)
(198,21)
(31,2)
(262,14)
(13,26)
(245,10)
(4,26)
(14,27)
(147,18)
(73,9)
(17,14)
(79,23)
(156,10)
(64,18)
(156,5)
(44,14)
(68,6)
(158,13)
(27,21)
(164,20)
(250,14)
(39,13)
(7,5)
(1,5)
(245,23)
(144,30)
(135,33)
(137,12)
(276,31)
(143,18)
(143,19)
(272,6)
(84,21)
(179,32)
(81,3)
(60,28)
(198,15)
(129,30)
(197,7)
(297,10)
(43,25)
(79,11)
(137,32)
(91,19)
(247,21)
(169,32)
(154,6)
(203,12)
(286,21)
(167,24)
(165,8)
(29,29)
(160,18)
(104,17)
(77,8)
(286,13)
(61,23)
(73,8)
(7,27)
(282,10)
(43,29)
(245,27)
(111,25)
(61,27)
(182,6)
(183,32)
(297,2)
(161,6)
(104,30)
(172,23)
(23,8)
(148,14)
(136,12)
(106,12)
(249,8)
(59,31)
(256,4)
(44,19)
(11,24)
(169,28)
(28,21)
(113,14)
(272,1)
(32,8)
(210,22)
(239,29)
(122,27)
(185,17)
(176,26)
(88,29)
(22,5)
(218,2)
(242,20)
(34,27)
(278,23)
(241,30)
(56,25)
(134,6)
(293,17)
(63,32)
(157,10)
(288,18)
(96,0)
(129,31)
(107,33)
(159,13)
(122,6)
(205,4)
(275,10)
(62,10)
(251,4)
(113,24)
(200,33)
(9,13)
(209,25)
(77,22)
(38,29)
(90,25)
(74,16)
(176,17)
(30,15)
(168,15)
(239,6)
(159,1)
(230,28)
(129,15)
(255,16)
(252,24)
(239,8)
(30,5)
(289,21)
(130,16)
(126,32)
(212,19)
(116,3)
(146,32)
(130,21)
(193,29)
(258,19)
(253,8)
(107,24)
(132,8)
(76,30)
(237,5)
(105,7)
(57,20)
(158,8)
(150,9)
(213,18)
(191,6)
(249,28)
(288,31)
(253,33)
(129,33)
