100 Users
34 Files
2000 Transactions
2 Maximum Connections
1 Cycle Length per Upload-Download
0 Warm-up Transactions
0.400000 Zipf constant
5 Pre-Trusted Users
60 Well-Behaved (Good) Users
40 Purely Malicious Users
0 Feedback Skewing Users
0 Malignant Providing Users
0 Disguised Malicous Users
0 Sybil Attack Users
true Intelligent Trans. Generation
1561006566848 Trace Generation Seed

(0.079495,0.000000,1,false)
(0.011521,0.000000,1,false)
(0.089413,0.000000,1,false)
(0.084424,0.000000,1,false)
(0.005884,0.000000,1,false)
(0.053794,0.000000,1,false)
(0.036915,0.000000,1,false)
(0.036287,0.000000,1,false)
(0.016006,0.000000,1,false)
(0.076352,0.000000,1,false)
(0.052235,0.000000,1,false)
(0.011066,0.000000,1,false)
(0.012845,0.000000,1,false)
(0.096449,0.000000,1,false)
(0.024284,0.000000,1,false)
(0.031142,0.000000,1,false)
(0.078436,0.000000,1,false)
(0.059040,0.000000,1,false)
(0.038807,0.000000,1,false)
(0.092972,0.000000,1,false)
(0.094114,0.000000,1,false)
(0.074617,0.000000,1,false)
(0.018331,0.000000,1,false)
(0.008214,0.000000,1,false)
(0.082467,0.000000,1,false)
(0.078389,0.000000,1,false)
(0.066485,0.000000,1,false)
(0.075217,0.000000,1,false)
(0.033601,0.000000,1,false)
(0.006774,0.000000,1,false)
(0.024275,0.000000,1,false)
(0.023728,0.000000,1,false)
(0.075327,0.000000,1,false)
(0.019260,0.000000,1,false)
(0.069449,0.000000,1,false)
(0.096896,0.000000,1,false)
(0.021971,0.000000,1,false)
(0.028998,0.000000,1,false)
(0.041751,0.000000,1,false)
(0.008938,0.000000,1,false)
(0.910294,1.000000,0,true)
(0.956194,1.000000,0,true)
(0.943379,1.000000,0,true)
(0.955686,1.000000,0,true)
(0.902311,1.000000,0,true)
(0.939172,1.000000,0,false)
(0.922143,1.000000,0,false)
(0.955225,1.000000,0,false)
(0.916269,1.000000,0,false)
(0.997326,1.000000,0,false)
(0.944277,1.000000,0,false)
(0.935615,1.000000,0,false)
(0.949153,1.000000,0,false)
(0.969350,1.000000,0,false)
(0.998775,1.000000,0,false)
(0.940595,1.000000,0,false)
(0.973268,1.000000,0,false)
(0.978448,1.000000,0,false)
(0.940512,1.000000,0,false)
(0.980123,1.000000,0,false)
(0.937926,1.000000,0,false)
(0.951499,1.000000,0,false)
(0.934369,1.000000,0,false)
(0.957173,1.000000,0,false)
(0.984406,1.000000,0,false)
(0.936551,1.000000,0,false)
(0.984956,1.000000,0,false)
(0.906844,1.000000,0,false)
(0.926236,1.000000,0,false)
(0.960817,1.000000,0,false)
(0.943351,1.000000,0,false)
(0.902331,1.000000,0,false)
(0.968562,1.000000,0,false)
(0.907884,1.000000,0,false)
(0.977519,1.000000,0,false)
(0.929940,1.000000,0,false)
(0.984096,1.000000,0,false)
(0.926426,1.000000,0,false)
(0.960113,1.000000,0,false)
(0.929696,1.000000,0,false)
(0.928590,1.000000,0,false)
(0.913024,1.000000,0,false)
(0.966380,1.000000,0,false)
(0.939452,1.000000,0,false)
(0.966237,1.000000,0,false)
(0.938967,1.000000,0,false)
(0.985700,1.000000,0,false)
(0.968561,1.000000,0,false)
(0.984661,1.000000,0,false)
(0.915031,1.000000,0,false)
(0.933000,1.000000,0,false)
(0.962239,1.000000,0,false)
(0.910289,1.000000,0,false)
(0.909217,1.000000,0,false)
(0.900902,1.000000,0,false)
(0.999690,1.000000,0,false)
(0.987972,1.000000,0,false)
(0.950306,1.000000,0,false)
(0.919901,1.000000,0,false)
(0.997859,1.000000,0,false)

(0,0,false)
(2,0,false)
(4,0,false)
(5,0,false)
(6,0,false)
(7,0,false)
(8,0,false)
(9,0,true)
(10,0,false)
(11,0,false)
(12,0,false)
(14,0,false)
(15,0,false)
(18,0,false)
(21,0,false)
(22,0,false)
(23,0,false)
(24,0,false)
(25,0,false)
(28,0,false)
(29,0,false)
(30,0,false)
(34,0,false)
(35,0,false)
(38,0,false)
(39,0,false)
(41,0,true)
(44,0,false)
(45,0,true)
(46,0,true)
(47,0,true)
(48,0,true)
(49,0,true)
(50,0,true)
(51,0,false)
(53,0,true)
(54,0,true)
(55,0,true)
(56,0,true)
(58,0,true)
(59,0,true)
(60,0,true)
(61,0,true)
(62,0,true)
(64,0,true)
(65,0,true)
(67,0,true)
(68,0,true)
(69,0,true)
(71,0,true)
(73,0,true)
(75,0,true)
(76,0,true)
(77,0,true)
(78,0,true)
(79,0,false)
(80,0,false)
(81,0,true)
(83,0,true)
(84,0,true)
(85,0,true)
(86,0,true)
(87,0,true)
(88,0,true)
(89,0,true)
(90,0,true)
(92,0,true)
(93,0,true)
(94,0,true)
(95,0,true)
(96,0,true)
(97,0,true)
(98,0,true)
(99,0,true)
(0,1,false)
(1,1,false)
(2,1,false)
(3,1,false)
(5,1,false)
(6,1,false)
(8,1,false)
(10,1,false)
(12,1,false)
(13,1,false)
(15,1,false)
(16,1,false)
(17,1,false)
(18,1,false)
(21,1,false)
(22,1,false)
(24,1,false)
(25,1,false)
(26,1,false)
(27,1,false)
(29,1,false)
(30,1,false)
(31,1,false)
(32,1,false)
(33,1,true)
(34,1,false)
(35,1,false)
(37,1,false)
(39,1,false)
(41,1,true)
(43,1,true)
(44,1,true)
(45,1,false)
(46,1,true)
(47,1,true)
(49,1,true)
(53,1,true)
(54,1,true)
(58,1,true)
(59,1,true)
(60,1,true)
(61,1,true)
(62,1,true)
(65,1,true)
(67,1,true)
(69,1,true)
(70,1,true)
(76,1,true)
(77,1,true)
(78,1,true)
(80,1,true)
(81,1,true)
(82,1,true)
(83,1,true)
(84,1,true)
(85,1,true)
(88,1,true)
(89,1,true)
(90,1,true)
(91,1,true)
(92,1,true)
(93,1,true)
(95,1,true)
(96,1,true)
(97,1,true)
(98,1,true)
(99,1,true)
(3,2,false)
(4,2,false)
(5,2,false)
(6,2,false)
(7,2,false)
(8,2,false)
(9,2,false)
(10,2,false)
(12,2,false)
(13,2,true)
(15,2,false)
(16,2,false)
(18,2,false)
(19,2,true)
(25,2,false)
(26,2,false)
(27,2,false)
(28,2,false)
(30,2,false)
(32,2,false)
(33,2,false)
(35,2,false)
(36,2,false)
(37,2,false)
(40,2,true)
(41,2,true)
(42,2,true)
(43,2,true)
(44,2,true)
(45,2,true)
(46,2,true)
(47,2,true)
(48,2,true)
(49,2,true)
(51,2,true)
(52,2,true)
(53,2,true)
(54,2,true)
(55,2,true)
(59,2,true)
(60,2,true)
(62,2,true)
(63,2,true)
(64,2,true)
(67,2,true)
(72,2,true)
(74,2,true)
(76,2,true)
(77,2,true)
(81,2,true)
(82,2,true)
(83,2,true)
(85,2,true)
(86,2,true)
(88,2,true)
(90,2,true)
(94,2,false)
(96,2,true)
(97,2,true)
(98,2,true)
(1,3,false)
(2,3,false)
(6,3,false)
(7,3,false)
(8,3,false)
(10,3,false)
(11,3,false)
(12,3,false)
(13,3,true)
(14,3,false)
(15,3,false)
(16,3,true)
(21,3,false)
(22,3,false)
(23,3,false)
(26,3,false)
(27,3,false)
(28,3,false)
(29,3,false)
(30,3,false)
(31,3,false)
(37,3,false)
(38,3,false)
(44,3,true)
(45,3,true)
(46,3,true)
(47,3,true)
(51,3,true)
(55,3,true)
(56,3,true)
(57,3,true)
(58,3,true)
(59,3,true)
(61,3,true)
(62,3,true)
(63,3,true)
(66,3,true)
(67,3,true)
(68,3,true)
(71,3,false)
(72,3,true)
(74,3,true)
(76,3,true)
(78,3,true)
(81,3,true)
(83,3,true)
(85,3,true)
(86,3,true)
(90,3,true)
(91,3,true)
(93,3,true)
(98,3,false)
(99,3,true)
(1,4,false)
(3,4,false)
(4,4,false)
(5,4,false)
(6,4,false)
(7,4,false)
(12,4,false)
(14,4,false)
(19,4,false)
(20,4,false)
(21,4,false)
(23,4,false)
(24,4,false)
(25,4,false)
(26,4,false)
(32,4,false)
(33,4,false)
(34,4,false)
(35,4,false)
(39,4,false)
(41,4,true)
(42,4,true)
(43,4,true)
(45,4,true)
(48,4,true)
(49,4,true)
(51,4,true)
(52,4,true)
(56,4,true)
(57,4,true)
(58,4,true)
(59,4,true)
(60,4,true)
(63,4,true)
(65,4,true)
(67,4,true)
(68,4,true)
(72,4,true)
(73,4,true)
(74,4,true)
(81,4,true)
(86,4,true)
(87,4,true)
(88,4,true)
(90,4,true)
(92,4,true)
(94,4,true)
(95,4,true)
(97,4,true)
(98,4,true)
(99,4,true)
(0,5,false)
(1,5,false)
(2,5,false)
(3,5,false)
(5,5,false)
(7,5,false)
(9,5,false)
(10,5,false)
(19,5,false)
(21,5,false)
(23,5,false)
(24,5,false)
(27,5,false)
(28,5,false)
(30,5,false)
(33,5,false)
(36,5,false)
(38,5,false)
(41,5,true)
(45,5,true)
(46,5,true)
(48,5,true)
(52,5,true)
(54,5,true)
(56,5,true)
(57,5,true)
(59,5,true)
(61,5,false)
(62,5,true)
(63,5,true)
(69,5,true)
(70,5,false)
(71,5,true)
(72,5,true)
(73,5,true)
(74,5,true)
(79,5,true)
(80,5,true)
(82,5,true)
(85,5,true)
(88,5,true)
(92,5,true)
(97,5,true)
(98,5,true)
(99,5,true)
(1,6,false)
(2,6,false)
(5,6,false)
(7,6,false)
(8,6,false)
(12,6,true)
(13,6,false)
(16,6,false)
(17,6,true)
(19,6,false)
(23,6,false)
(25,6,false)
(27,6,false)
(31,6,false)
(39,6,false)
(41,6,true)
(42,6,true)
(44,6,true)
(45,6,true)
(49,6,true)
(59,6,true)
(60,6,true)
(61,6,true)
(63,6,true)
(64,6,true)
(65,6,true)
(66,6,true)
(68,6,true)
(74,6,true)
(76,6,true)
(79,6,true)
(83,6,true)
(85,6,true)
(88,6,true)
(91,6,true)
(92,6,true)
(94,6,true)
(96,6,true)
(97,6,true)
(99,6,true)
(3,7,false)
(8,7,false)
(11,7,false)
(14,7,false)
(19,7,false)
(20,7,false)
(22,7,false)
(24,7,false)
(26,7,false)
(28,7,false)
(29,7,false)
(35,7,false)
(36,7,false)
(40,7,true)
(42,7,true)
(51,7,true)
(64,7,true)
(69,7,true)
(70,7,true)
(71,7,true)
(78,7,true)
(81,7,true)
(83,7,true)
(84,7,true)
(88,7,true)
(93,7,true)
(97,7,true)
(0,8,false)
(2,8,false)
(4,8,false)
(5,8,false)
(6,8,false)
(7,8,true)
(10,8,false)
(12,8,false)
(13,8,false)
(15,8,false)
(17,8,false)
(18,8,false)
(20,8,false)
(24,8,false)
(25,8,false)
(27,8,false)
(30,8,false)
(31,8,false)
(33,8,false)
(34,8,false)
(35,8,false)
(40,8,true)
(41,8,true)
(45,8,false)
(46,8,true)
(47,8,true)
(48,8,true)
(50,8,true)
(57,8,true)
(60,8,true)
(61,8,true)
(63,8,true)
(65,8,true)
(68,8,true)
(70,8,false)
(71,8,true)
(76,8,true)
(79,8,true)
(80,8,true)
(84,8,true)
(85,8,true)
(87,8,true)
(88,8,true)
(89,8,true)
(92,8,true)
(93,8,true)
(94,8,true)
(0,9,false)
(1,9,false)
(2,9,false)
(3,9,false)
(5,9,false)
(7,9,false)
(9,9,false)
(18,9,false)
(24,9,false)
(26,9,false)
(27,9,false)
(28,9,false)
(31,9,false)
(32,9,false)
(33,9,false)
(38,9,true)
(39,9,false)
(40,9,true)
(41,9,true)
(45,9,true)
(47,9,true)
(50,9,true)
(51,9,true)
(56,9,true)
(61,9,true)
(64,9,true)
(66,9,true)
(67,9,true)
(70,9,true)
(71,9,true)
(73,9,true)
(76,9,true)
(78,9,true)
(80,9,true)
(87,9,true)
(88,9,true)
(93,9,true)
(95,9,true)
(96,9,true)
(1,10,false)
(2,10,false)
(3,10,false)
(7,10,false)
(8,10,false)
(9,10,false)
(12,10,false)
(16,10,false)
(18,10,false)
(19,10,false)
(20,10,false)
(21,10,false)
(30,10,false)
(34,10,false)
(36,10,false)
(39,10,false)
(45,10,true)
(47,10,true)
(51,10,true)
(52,10,true)
(55,10,true)
(58,10,false)
(64,10,true)
(65,10,true)
(66,10,true)
(71,10,true)
(72,10,true)
(74,10,true)
(78,10,true)
(80,10,false)
(81,10,true)
(82,10,true)
(96,10,true)
(0,11,false)
(7,11,false)
(12,11,false)
(16,11,false)
(19,11,false)
(25,11,false)
(27,11,false)
(28,11,false)
(30,11,false)
(31,11,false)
(32,11,true)
(33,11,false)
(35,11,false)
(37,11,false)
(39,11,false)
(40,11,true)
(41,11,true)
(45,11,true)
(46,11,true)
(52,11,true)
(53,11,true)
(54,11,true)
(55,11,false)
(56,11,true)
(71,11,true)
(77,11,true)
(79,11,true)
(80,11,true)
(82,11,true)
(83,11,true)
(85,11,true)
(87,11,true)
(88,11,true)
(92,11,true)
(94,11,true)
(0,12,false)
(2,12,false)
(10,12,false)
(12,12,false)
(15,12,true)
(16,12,false)
(17,12,false)
(18,12,false)
(23,12,false)
(35,12,false)
(36,12,false)
(40,12,false)
(43,12,false)
(46,12,true)
(47,12,true)
(54,12,true)
(55,12,true)
(56,12,true)
(66,12,true)
(70,12,true)
(71,12,true)
(74,12,true)
(77,12,true)
(78,12,true)
(80,12,true)
(87,12,false)
(92,12,false)
(95,12,true)
(99,12,true)
(4,13,false)
(5,13,false)
(7,13,false)
(8,13,false)
(12,13,false)
(15,13,false)
(16,13,false)
(17,13,false)
(20,13,true)
(23,13,false)
(25,13,false)
(33,13,false)
(34,13,false)
(38,13,false)
(55,13,true)
(61,13,true)
(65,13,true)
(66,13,true)
(67,13,true)
(69,13,true)
(72,13,true)
(75,13,true)
(82,13,true)
(83,13,true)
(85,13,true)
(94,13,true)
(95,13,true)
(98,13,true)
(4,14,false)
(8,14,true)
(10,14,false)
(15,14,false)
(17,14,false)
(19,14,false)
(21,14,false)
(22,14,false)
(23,14,false)
(24,14,false)
(25,14,false)
(27,14,false)
(28,14,false)
(29,14,true)
(39,14,false)
(44,14,true)
(47,14,true)
(51,14,true)
(52,14,true)
(53,14,true)
(54,14,true)
(57,14,true)
(59,14,true)
(60,14,true)
(64,14,true)
(65,14,true)
(68,14,true)
(77,14,true)
(86,14,true)
(90,14,true)
(97,14,true)
(98,14,true)
(1,15,false)
(3,15,false)
(6,15,false)
(17,15,false)
(20,15,false)
(22,15,false)
(23,15,false)
(25,15,false)
(32,15,true)
(35,15,false)
(37,15,false)
(38,15,false)
(40,15,true)
(41,15,true)
(53,15,true)
(55,15,true)
(56,15,true)
(57,15,true)
(59,15,true)
(60,15,true)
(61,15,true)
(74,15,true)
(78,15,true)
(80,15,true)
(82,15,true)
(90,15,true)
(93,15,true)
(94,15,true)
(96,15,true)
(97,15,true)
(98,15,true)
(3,16,false)
(5,16,false)
(6,16,false)
(7,16,false)
(8,16,false)
(9,16,false)
(11,16,false)
(12,16,false)
(19,16,false)
(20,16,true)
(26,16,false)
(27,16,false)
(29,16,false)
(35,16,false)
(37,16,false)
(40,16,true)
(41,16,true)
(49,16,true)
(54,16,true)
(55,16,true)
(59,16,true)
(63,16,true)
(69,16,true)
(71,16,true)
(72,16,true)
(77,16,true)
(78,16,true)
(79,16,true)
(91,16,false)
(97,16,true)
(98,16,true)
(2,17,false)
(3,17,false)
(5,17,false)
(10,17,false)
(11,17,false)
(12,17,false)
(18,17,false)
(22,17,false)
(23,17,false)
(26,17,false)
(34,17,false)
(35,17,false)
(43,17,true)
(45,17,true)
(47,17,true)
(61,17,true)
(63,17,true)
(67,17,true)
(70,17,true)
(71,17,true)
(76,17,true)
(77,17,true)
(80,17,true)
(87,17,true)
(88,17,true)
(93,17,true)
(95,17,true)
(96,17,true)
(97,17,true)
(0,18,false)
(3,18,false)
(8,18,false)
(11,18,false)
(12,18,false)
(16,18,false)
(17,18,false)
(19,18,false)
(23,18,false)
(25,18,true)
(27,18,false)
(33,18,false)
(36,18,false)
(40,18,false)
(42,18,true)
(43,18,true)
(49,18,true)
(51,18,true)
(59,18,true)
(60,18,false)
(66,18,true)
(68,18,true)
(69,18,true)
(77,18,true)
(81,18,true)
(82,18,true)
(87,18,true)
(90,18,true)
(91,18,true)
(95,18,true)
(97,18,true)
(99,18,true)
(1,19,false)
(3,19,false)
(7,19,false)
(8,19,false)
(9,19,false)
(17,19,false)
(23,19,false)
(28,19,false)
(29,19,false)
(34,19,false)
(36,19,false)
(37,19,false)
(42,19,true)
(46,19,true)
(52,19,true)
(58,19,true)
(59,19,true)
(60,19,true)
(61,19,true)
(68,19,true)
(71,19,true)
(74,19,true)
(76,19,true)
(77,19,true)
(79,19,true)
(80,19,true)
(89,19,true)
(4,20,false)
(5,20,false)
(9,20,false)
(12,20,false)
(15,20,false)
(16,20,false)
(17,20,false)
(21,20,false)
(24,20,false)
(28,20,false)
(31,20,false)
(34,20,false)
(36,20,false)
(37,20,false)
(39,20,false)
(40,20,true)
(44,20,true)
(45,20,true)
(46,20,true)
(48,20,true)
(62,20,true)
(63,20,true)
(65,20,true)
(67,20,true)
(69,20,true)
(70,20,true)
(72,20,true)
(73,20,true)
(74,20,true)
(79,20,true)
(80,20,true)
(82,20,true)
(83,20,true)
(88,20,true)
(89,20,true)
(91,20,true)
(92,20,false)
(93,20,true)
(94,20,true)
(0,21,false)
(2,21,false)
(3,21,false)
(6,21,false)
(10,21,false)
(13,21,false)
(22,21,false)
(28,21,false)
(32,21,false)
(39,21,false)
(42,21,true)
(43,21,true)
(45,21,true)
(48,21,true)
(49,21,true)
(53,21,true)
(61,21,true)
(64,21,true)
(66,21,true)
(68,21,false)
(72,21,true)
(76,21,true)
(77,21,false)
(83,21,true)
(85,21,false)
(87,21,true)
(90,21,true)
(95,21,true)
(0,22,false)
(5,22,false)
(6,22,false)
(10,22,false)
(12,22,false)
(13,22,true)
(17,22,false)
(22,22,false)
(26,22,false)
(27,22,false)
(28,22,false)
(30,22,false)
(32,22,false)
(33,22,false)
(36,22,false)
(37,22,false)
(39,22,false)
(51,22,true)
(52,22,true)
(54,22,true)
(57,22,true)
(63,22,true)
(67,22,true)
(68,22,true)
(71,22,true)
(73,22,true)
(87,22,true)
(90,22,true)
(96,22,true)
(97,22,true)
(98,22,false)
(99,22,true)
(1,23,false)
(3,23,false)
(5,23,true)
(6,23,false)
(10,23,false)
(11,23,false)
(14,23,false)
(15,23,false)
(23,23,false)
(33,23,false)
(36,23,false)
(42,23,true)
(44,23,true)
(54,23,true)
(55,23,false)
(57,23,true)
(60,23,true)
(62,23,true)
(64,23,true)
(71,23,true)
(78,23,true)
(82,23,true)
(84,23,true)
(88,23,false)
(90,23,true)
(92,23,false)
(4,24,false)
(9,24,false)
(11,24,false)
(14,24,false)
(15,24,false)
(19,24,false)
(20,24,false)
(28,24,false)
(29,24,false)
(38,24,false)
(43,24,true)
(45,24,true)
(46,24,true)
(51,24,true)
(52,24,false)
(53,24,true)
(54,24,true)
(56,24,true)
(58,24,false)
(65,24,true)
(69,24,true)
(71,24,true)
(80,24,true)
(87,24,true)
(90,24,true)
(91,24,true)
(98,24,true)
(1,25,false)
(10,25,false)
(14,25,false)
(18,25,false)
(19,25,false)
(25,25,false)
(29,25,false)
(30,25,false)
(31,25,false)
(33,25,false)
(36,25,false)
(39,25,false)
(40,25,true)
(45,25,true)
(54,25,true)
(66,25,true)
(67,25,true)
(71,25,true)
(78,25,true)
(94,25,true)
(98,25,true)
(4,26,false)
(8,26,false)
(9,26,true)
(12,26,false)
(21,26,false)
(24,26,false)
(28,26,false)
(30,26,false)
(31,26,false)
(32,26,false)
(53,26,true)
(55,26,true)
(59,26,true)
(61,26,true)
(62,26,true)
(63,26,true)
(68,26,true)
(72,26,true)
(83,26,true)
(84,26,true)
(88,26,true)
(90,26,true)
(92,26,false)
(94,26,true)
(0,27,true)
(16,27,false)
(26,27,false)
(33,27,false)
(40,27,true)
(41,27,false)
(46,27,true)
(47,27,true)
(48,27,true)
(54,27,true)
(62,27,false)
(64,27,true)
(65,27,true)
(67,27,false)
(70,27,true)
(72,27,true)
(77,27,true)
(79,27,true)
(80,27,true)
(83,27,true)
(91,27,true)
(92,27,true)
(93,27,true)
(1,28,false)
(3,28,false)
(8,28,false)
(14,28,false)
(19,28,false)
(21,28,false)
(23,28,false)
(28,28,false)
(40,28,true)
(41,28,true)
(46,28,false)
(48,28,true)
(49,28,true)
(55,28,true)
(56,28,true)
(67,28,true)
(79,28,false)
(81,28,true)
(91,28,true)
(1,29,false)
(7,29,false)
(8,29,false)
(10,29,false)
(12,29,false)
(15,29,false)
(18,29,false)
(21,29,false)
(22,29,false)
(37,29,false)
(38,29,false)
(41,29,true)
(42,29,true)
(50,29,true)
(52,29,true)
(55,29,true)
(56,29,true)
(58,29,true)
(64,29,true)
(66,29,true)
(69,29,true)
(70,29,true)
(74,29,true)
(78,29,true)
(4,30,false)
(9,30,true)
(18,30,false)
(22,30,false)
(37,30,false)
(39,30,false)
(41,30,true)
(42,30,true)
(43,30,true)
(47,30,true)
(53,30,true)
(55,30,true)
(58,30,true)
(61,30,true)
(64,30,true)
(67,30,true)
(68,30,true)
(85,30,true)
(88,30,true)
(95,30,true)
(96,30,true)
(97,30,true)
(4,31,false)
(7,31,false)
(10,31,false)
(13,31,false)
(17,31,false)
(34,31,false)
(54,31,true)
(55,31,true)
(59,31,true)
(65,31,true)
(66,31,true)
(75,31,true)
(84,31,true)
(86,31,true)
(99,31,true)
(3,32,false)
(5,32,false)
(6,32,false)
(8,32,false)
(9,32,false)
(11,32,false)
(13,32,true)
(15,32,false)
(18,32,false)
(20,32,false)
(24,32,false)
(30,32,false)
(40,32,true)
(46,32,true)
(49,32,true)
(53,32,true)
(56,32,true)
(59,32,true)
(64,32,true)
(66,32,true)
(69,32,true)
(70,32,true)
(81,32,true)
(83,32,true)
(86,32,true)
(87,32,true)
(89,32,true)
(92,32,true)
(94,32,true)
(96,32,true)
(2,33,false)
(5,33,false)
(7,33,false)
(11,33,false)
(16,33,false)
(25,33,false)
(30,33,false)
(34,33,false)
(37,33,false)
(45,33,true)
(53,33,true)
(55,33,true)
(58,33,true)
(59,33,true)
(62,33,true)
(63,33,true)
(68,33,true)
(73,33,false)
(74,33,true)
(81,33,true)
(84,33,true)
(88,33,true)
(94,33,true)
(96,33,true)
(99,33,true)

(62,7)
(40,0)
(31,13)
(88,29)
(66,1)
(52,23)
(43,9)
(57,16)
(57,20)
(7,22)
(62,17)
(86,8)
(0,23)
(31,30)
(71,21)
(62,4)
(45,29)
(28,15)
(28,27)
(34,27)
(2,26)
(16,8)
(42,8)
(59,27)
(47,26)
(26,12)
(50,6)
(58,18)
(37,31)
(41,31)
(90,8)
(83,19)
(36,11)
(74,0)
(13,0)
(50,3)
(10,19)
(99,20)
(9,18)
(42,26)
(45,14)
(13,10)
(8,17)
(19,32)
(0,3)
(81,22)
(75,3)
(40,4)
(65,18)
(59,12)
(22,11)
(19,0)
(28,12)
(31,15)
(60,11)
(25,17)
(17,32)
(41,24)
(8,24)
(94,3)
(7,18)
(52,27)
(24,22)
(26,6)
(28,13)
(39,7)
(17,3)
(92,2)
(66,14)
(43,16)
(22,33)
(89,15)
(0,10)
(88,12)
(5,21)
(84,9)
(30,16)
(20,3)
(91,5)
(72,25)
(42,20)
(83,8)
(9,8)
(18,3)
(63,21)
(78,20)
(35,3)
(98,31)
(54,21)
(59,17)
(90,10)
(59,9)
(78,2)
(72,17)
(11,31)
(0,7)
(51,1)
(90,20)
(53,18)
(4,15)
(73,11)
(76,18)
(88,18)
(1,27)
(0,2)
(31,16)
(38,31)
(99,27)
(41,10)
(72,7)
(64,1)
(97,33)
(11,1)
(56,18)
(87,15)
(53,3)
(48,13)
(50,5)
(45,13)
(68,17)
(36,6)
(72,18)
(80,23)
(1,7)
(44,17)
(35,19)
(22,16)
(41,23)
(90,7)
(5,3)
(83,4)
(7,32)
(87,5)
(49,26)
(29,31)
(50,23)
(78,5)
(50,10)
(30,12)
(59,20)
(80,2)
(63,9)
(7,21)
(1,8)
(15,7)
(37,23)
(85,4)
(36,3)
(13,23)
(70,28)
(80,14)
(39,5)
(7,20)
(54,15)
(56,2)
(19,31)
(65,7)
(46,6)
(34,7)
(21,15)
(29,33)
(15,5)
(35,5)
(9,13)
(93,13)
(45,30)
(23,1)
(89,13)
(25,12)
(33,28)
(85,12)
(55,1)
(4,9)
(51,27)
(78,30)
(58,2)
(69,2)
(46,15)
(32,3)
(43,15)
(5,14)
(3,8)
(41,25)
(9,3)
(0,19)
(62,19)
(48,29)
(87,20)
(97,11)
(72,0)
(36,1)
(75,6)
(22,5)
(92,7)
(3,22)
(99,7)
(69,33)
(80,21)
(8,8)
(66,19)
(89,22)
(70,18)
(39,26)
(40,13)
(81,8)
(74,18)
(75,22)
(14,5)
(83,9)
(0,33)
(75,5)
(73,21)
(62,29)
(47,6)
(22,27)
(85,9)
(39,19)
(6,31)
(94,1)
(0,17)
(93,31)
(82,0)
(94,17)
(94,9)
(50,30)
(10,10)
(54,26)
(60,13)
(72,32)
(21,7)
(45,7)
(2,11)
(76,4)
(15,17)
(42,28)
(74,28)
(45,18)
(4,21)
(55,8)
(76,15)
(1,30)
(41,12)
(69,27)
(19,15)
(86,30)
(11,5)
(54,10)
(58,27)
(28,25)
(24,31)
(88,32)
(69,21)
(28,1)
(10,24)
(64,8)
(27,28)
(40,10)
(81,26)
(2,16)
(94,31)
(19,20)
(39,24)
(68,1)
(79,29)
(76,24)
(71,2)
(66,24)
(50,24)
(13,27)
(63,32)
(53,22)
(47,18)
(73,28)
(11,12)
(55,19)
(85,14)
(90,12)
(27,21)
(78,21)
(1,12)
(77,24)
(87,25)
(34,21)
(44,24)
(23,27)
(33,6)
(69,28)
(19,19)
(86,5)
(38,26)
(50,28)
(19,3)
(55,21)
(88,3)
(95,32)
(75,25)
(85,18)
(82,6)
(85,24)
(68,25)
(47,15)
(38,11)
(92,19)
(48,16)
(14,21)
(48,22)
(31,23)
(88,31)
(27,10)
(88,27)
(16,7)
(59,21)
(83,23)
(64,33)
(30,21)
(73,27)
(46,30)
(25,5)
(20,22)
(95,10)
(65,22)
(43,5)
(52,8)
(8,30)
(29,26)
(47,21)
(34,23)
(94,5)
(28,6)
(31,5)
(50,4)
(60,27)
(57,28)
(11,11)
(71,1)
(22,24)
(11,27)
(48,30)
(20,2)
(33,31)
(69,4)
(48,9)
(78,31)
(33,30)
(54,7)
(22,28)
(2,29)
(38,27)
(61,10)
(33,12)
(22,9)
(44,7)
(52,17)
(65,21)
(23,11)
(14,32)
(68,16)
(31,28)
(35,18)
(8,5)
(55,20)
(99,9)
(29,15)
(4,28)
(49,8)
(99,11)
(53,6)
(12,19)
(7,14)
(77,26)
(59,24)
(57,19)
(0,32)
(89,6)
(32,12)
(25,21)
(31,2)
(42,13)
(66,5)
(3,0)
(20,17)
(99,10)
(34,6)
(34,18)
(12,7)
(81,24)
(69,22)
(53,12)
(62,11)
(58,11)
(99,15)
(39,8)
(73,6)
(32,0)
(10,4)
(47,19)
(43,14)
(87,19)
(75,12)
(5,10)
(87,27)
(92,18)
(11,19)
(91,21)
(36,8)
(97,3)
(35,22)
(67,33)
(79,2)
(89,18)
(93,14)
(44,31)
(83,24)
(75,4)
(55,18)
(99,30)
(30,24)
(31,24)
(22,4)
(86,1)
(2,15)
(26,15)
(34,9)
(9,1)
(73,8)
(46,9)
(52,0)
(69,15)
(87,28)
(51,19)
(91,8)
(1,11)
(80,33)
(68,7)
(75,14)
(59,11)
(35,10)
(33,0)
(18,28)
(92,29)
(46,33)
(62,10)
(62,8)
(24,21)
(11,6)
(1,21)
(39,13)
(64,4)
(24,11)
(25,7)
(91,0)
(97,23)
(19,9)
(61,24)
(46,17)
(53,29)
(12,31)
(11,28)
(68,12)
(0,31)
(25,31)
(29,6)
(17,11)
(43,22)
(58,12)
(96,31)
(3,11)
(76,33)
(12,14)
(57,21)
(61,33)
(14,12)
(60,32)
(54,4)
(71,31)
(19,21)
(81,15)
(57,26)
(22,26)
(15,18)
(35,31)
(82,33)
(85,22)
(11,15)
(38,32)
(64,12)
(61,23)
(0,29)
(42,10)
(96,3)
(8,22)
(75,1)
(72,12)
(44,30)
(57,2)
(91,23)
(74,14)
(42,9)
(60,7)
(92,10)
(14,20)
(60,22)
(67,26)
(90,17)
(25,23)
(93,22)
(53,10)
(63,11)
(65,12)
(2,14)
(43,29)
(55,14)
(79,15)
(34,29)
(34,11)
(30,15)
(31,22)
(25,30)
(67,18)
(81,16)
(25,16)
(34,3)
(49,11)
(64,15)
(55,25)
(39,17)
(1,13)
(54,18)
(1,20)
(34,14)
(27,30)
(72,9)
(25,24)
(34,5)
(50,12)
(72,30)
(10,33)
(76,11)
(68,5)
(35,33)
(31,7)
(19,33)
(9,15)
(10,16)
(83,17)
(62,15)
(87,23)
(80,28)
(70,30)
(25,20)
(32,28)
(10,6)
(72,6)
(25,3)
(1,2)
(75,2)
(58,25)
(51,5)
(31,18)
(31,33)
(49,29)
(31,12)
(67,8)
(46,29)
(20,33)
(67,15)
(68,2)
(72,1)
(21,8)
(68,13)
(27,32)
(66,22)
(97,24)
(12,15)
(47,11)
(32,19)
(44,27)
(1,17)
(57,29)
(38,19)
(81,12)
(12,24)
(6,17)
(39,32)
(72,15)
(6,6)
(60,9)
(26,8)
(68,20)
(93,30)
(60,10)
(97,8)
(12,32)
(99,29)
(29,4)
(50,27)
(22,19)
(15,30)
(23,29)
(12,9)
(4,19)
(37,10)
(7,15)
(66,17)
(35,25)
(77,3)
(42,0)
(94,14)
(58,22)
(99,19)
(81,5)
(14,30)
(96,11)
(9,11)
(61,14)
(41,33)
(48,24)
(19,22)
(98,11)
(44,8)
(19,13)
(87,30)
(34,12)
(26,13)
(24,24)
(1,0)
(5,24)
(11,8)
(19,26)
(48,11)
(91,13)
(5,25)
(59,30)
(39,23)
(85,27)
(14,16)
(96,25)
(23,25)
(66,4)
(29,10)
(42,12)
(23,9)
(99,28)
(97,26)
(33,24)
(14,6)
(42,5)
(69,3)
(42,16)
(68,10)
(39,2)
(9,14)
(49,23)
(90,16)
(17,0)
(14,31)
(4,5)
(98,32)
(98,7)
(9,25)
(0,26)
(16,24)
(19,12)
(70,21)
(54,3)
(61,4)
(23,7)
(18,19)
(89,11)
(39,16)
(65,17)
(64,17)
(38,2)
(41,19)
(0,16)
(21,2)
(24,10)
(38,7)
(27,15)
(70,10)
(93,12)
(41,18)
(66,30)
(51,28)
(54,6)
(27,27)
(9,22)
(2,2)
(11,10)
(58,26)
(79,22)
(13,26)
(18,4)
(76,5)
(41,3)
(30,31)
(98,17)
(93,2)
(37,9)
(15,19)
(7,24)
(48,31)
(58,8)
(85,29)
(10,28)
(49,5)
(46,31)
(89,2)
(8,21)
(87,14)
(63,31)
(3,26)
(83,10)
(39,15)
(59,23)
(27,13)
(90,11)
(2,4)
(95,7)
(85,26)
(18,7)
(33,3)
(39,18)
(8,33)
(5,18)
(27,19)
(67,23)
(85,32)
(70,11)
(49,17)
(40,6)
(22,18)
(89,17)
(88,25)
(28,8)
(11,30)
(57,24)
(33,14)
(23,33)
(54,13)
(51,15)
(24,2)
(62,9)
(87,10)
(60,17)
(82,8)
(87,26)
(64,3)
(22,8)
(23,8)
(65,11)
(4,29)
(73,1)
(78,28)
(97,27)
(11,25)
(82,32)
(48,10)
(7,30)
(7,28)
(39,33)
(26,0)
(64,22)
(11,9)
(14,1)
(75,11)
(6,18)
(12,28)
(40,31)
(0,25)
(0,28)
(19,27)
(5,31)
(73,19)
(1,14)
(32,27)
(16,16)
(88,16)
(39,29)
(46,18)
(68,28)
(79,14)
(15,6)
(40,3)
(79,31)
(87,6)
(41,14)
(40,5)
(70,0)
(64,5)
(77,8)
(77,23)
(45,32)
(92,3)
(89,9)
(1,22)
(73,13)
(24,15)
(31,0)
(79,9)
(82,16)
(17,23)
(55,5)
(15,10)
(58,31)
(44,25)
(92,9)
(8,9)
(29,11)
(95,22)
(14,15)
(24,6)
(16,31)
(41,21)
(88,14)
(92,24)
(66,20)
(27,0)
(83,5)
(72,28)
(24,17)
(26,20)
(50,14)
(48,33)
(62,6)
(76,31)
(70,2)
(4,1)
(64,16)
(97,25)
(13,12)
(68,15)
(74,8)
(7,17)
(8,23)
(19,1)
(10,32)
(81,31)
(62,14)
(25,28)
(22,6)
(51,25)
(54,28)
(36,15)
(35,20)
(75,18)
(56,21)
(68,11)
(37,32)
(68,23)
(36,28)
(33,10)
(49,3)
(88,22)
(1,16)
(0,15)
(16,32)
(62,13)
(96,13)
(15,22)
(40,22)
(34,28)
(94,21)
(39,3)
(4,12)
(25,26)
(45,31)
(68,9)
(29,8)
(16,26)
(93,4)
(74,1)
(92,28)
(99,24)
(63,18)
(51,31)
(57,18)
(15,27)
(64,28)
(87,1)
(48,3)
(65,2)
(10,30)
(10,26)
(95,16)
(91,22)
(63,25)
(46,23)
(59,10)
(57,31)
(92,21)
(57,33)
(92,13)
(61,27)
(82,26)
(32,24)
(94,22)
(85,25)
(4,17)
(48,7)
(52,33)
(48,15)
(7,12)
(47,13)
(68,31)
(7,25)
(84,6)
(44,29)
(88,13)
(58,15)
(67,7)
(67,11)
(88,15)
(0,20)
(43,0)
(2,31)
(51,20)
(32,16)
(19,8)
(73,3)
(64,13)
(65,32)
(96,5)
(34,30)
(23,24)
(91,2)
(56,6)
(25,19)
(33,19)
(97,13)
(2,27)
(82,9)
(5,29)
(12,27)
(55,9)
(33,32)
(83,15)
(18,11)
(9,4)
(36,0)
(15,28)
(84,25)
(71,26)
(6,25)
(29,12)
(28,33)
(98,27)
(66,8)
(88,19)
(30,4)
(90,6)
(6,7)
(9,17)
(30,30)
(64,11)
(67,19)
(3,3)
(80,16)
(45,22)
(52,26)
(76,10)
(32,7)
(15,21)
(18,27)
(82,31)
(74,16)
(77,10)
(37,7)
(49,30)
(40,30)
(43,8)
(16,19)
(82,3)
(23,10)
(19,23)
(72,8)
(93,33)
(50,21)
(46,22)
(60,21)
(0,24)
(5,11)
(57,11)
(19,17)
(59,7)
(26,31)
(1,26)
(63,7)
(98,18)
(11,29)
(94,10)
(73,16)
(73,12)
(52,13)
(21,6)
(20,11)
(4,25)
(93,23)
(91,25)
(18,13)
(63,1)
(96,8)
(31,31)
(67,5)
(28,10)
(40,17)
(75,28)
(65,19)
(52,20)
(54,8)
(8,4)
(56,1)
(67,16)
(71,6)
(38,16)
(37,0)
(21,12)
(67,21)
(6,24)
(27,33)
(69,9)
(5,28)
(14,29)
(75,30)
(91,4)
(24,25)
(85,16)
(27,7)
(15,31)
(50,13)
(20,20)
(7,1)
(34,15)
(7,7)
(45,15)
(56,23)
(17,2)
(38,20)
(84,27)
(18,20)
(60,29)
(65,16)
(88,24)
(20,9)
(62,31)
(7,26)
(74,30)
(75,32)
(29,27)
(91,29)
(23,2)
(3,33)
(66,28)
(56,7)
(42,14)
(19,29)
(99,2)
(60,16)
(6,12)
(62,21)
(68,29)
(52,1)
(89,27)
(17,17)
(67,29)
(48,32)
(47,25)
(85,20)
(1,24)
(57,0)
(90,19)
(92,25)
(11,14)
(15,4)
(56,25)
(51,32)
(96,27)
(94,19)
(30,17)
(3,14)
(67,32)
(78,4)
(98,8)
(56,8)
(87,2)
(12,5)
(43,28)
(75,10)
(2,32)
(58,9)
(11,21)
(62,30)
(36,24)
(61,28)
(16,0)
(75,9)
(95,11)
(33,29)
(55,32)
(49,10)
(37,14)
(68,27)
(32,25)
(41,26)
(62,25)
(84,17)
(48,25)
(21,11)
(94,24)
(28,16)
(75,21)
(72,29)
(13,16)
(10,15)
(12,33)
(3,25)
(95,28)
(27,25)
(70,4)
(38,21)
(85,7)
(83,12)
(37,25)
(74,22)
(45,19)
(30,13)
(55,6)
(95,14)
(12,23)
(52,7)
(21,22)
(6,19)
(30,23)
(4,16)
(67,10)
(42,11)
(3,20)
(50,33)
(59,22)
(39,12)
(19,30)
(86,6)
(74,11)
(1,33)
(1,18)
(40,14)
(30,29)
(20,21)
(73,10)
(68,24)
(20,30)
(87,33)
(23,26)
(62,22)
(77,20)
(97,31)
(43,25)
(10,18)
(92,30)
(64,25)
(1,32)
(73,30)
(88,21)
(65,33)
(83,31)
(72,14)
(14,13)
(91,26)
(45,26)
(20,23)
(58,21)
(26,29)
(15,16)
(48,26)
(98,28)
(79,26)
(31,19)
(63,12)
(55,17)
(4,6)
(15,11)
(48,1)
(88,10)
(65,15)
(51,6)
(77,5)
(22,10)
(25,10)
(67,12)
(36,27)
(79,30)
(18,26)
(53,19)
(50,17)
(2,22)
(99,8)
(5,26)
(17,21)
(84,16)
(68,32)
(46,10)
(26,23)
(53,27)
(11,26)
(25,9)
(62,32)
(85,17)
(97,29)
(43,10)
(20,25)
(15,26)
(62,16)
(1,31)
(87,7)
(46,13)
(28,31)
(12,30)
(81,9)
(20,27)
(22,25)
(66,0)
(37,12)
(70,16)
(16,17)
(13,17)
(16,15)
(27,26)
(27,12)
(59,28)
(51,11)
(56,22)
(7,23)
(59,8)
(63,0)
(54,19)
(54,17)
(49,19)
(39,31)
(49,7)
(23,30)
(23,16)
(38,1)
(99,16)
(11,2)
(53,8)
(40,23)
(99,21)
(77,15)
(62,18)
(95,2)
(98,21)
(65,28)
(64,31)
(79,12)
(80,6)
(80,18)
(28,4)
(83,33)
(20,28)
(28,30)
(50,7)
(47,31)
(12,25)
(32,29)
(84,12)
(75,8)
(76,13)
(83,30)
(60,26)
(81,21)
(55,7)
(70,6)
(36,26)
(3,12)
(85,19)
(39,27)
(3,27)
(18,33)
(22,2)
(90,25)
(29,5)
(90,5)
(65,29)
(77,9)
(78,22)
(6,11)
(81,6)
(12,21)
(81,14)
(29,9)
(74,31)
(40,26)
(43,7)
(32,20)
(16,4)
(73,15)
(34,32)
(3,13)
(93,24)
(35,14)
(44,22)
(9,33)
(95,8)
(65,30)
(58,32)
(42,15)
(87,13)
(31,27)
(21,17)
(48,17)
(91,11)
(39,28)
(3,6)
(75,33)
(46,26)
(22,12)
(92,16)
(5,12)
(42,17)
(97,20)
(56,17)
(78,11)
(23,21)
(82,4)
(53,28)
(94,28)
(81,30)
(41,20)
(56,26)
(37,13)
(34,24)
(3,31)
(91,33)
(43,26)
(26,26)
(16,28)
(30,7)
(7,27)
(93,18)
(34,16)
(34,25)
(97,19)
(44,9)
(82,7)
(59,25)
(77,30)
(32,5)
(72,19)
(93,6)
(6,28)
(45,28)
(21,25)
(10,7)
(13,5)
(23,22)
(81,29)
(50,31)
(96,24)
(4,10)
(27,24)
(28,29)
(61,7)
(49,31)
(29,30)
(96,19)
(32,18)
(92,22)
(67,14)
(59,13)
(37,17)
(94,7)
(0,4)
(55,4)
(0,13)
(52,31)
(31,10)
(74,24)
(98,6)
(67,6)
(90,32)
(16,5)
(4,27)
(25,29)
(67,31)
(33,16)
(54,29)
(87,31)
(10,27)
(81,19)
(48,12)
(45,12)
(4,3)
(73,17)
(48,6)
(74,23)
(35,27)
(89,7)
(63,24)
(67,24)
(0,6)
(47,33)
(3,24)
(64,24)
(70,14)
(82,24)
(6,33)
(6,27)
(35,6)
(49,27)
(62,12)
(31,17)
(94,29)
(43,33)
(81,23)
(9,12)
(77,13)
(35,9)
(34,2)
(58,28)
(92,33)
(97,28)
(89,33)
(90,28)
(6,30)
(13,4)
(58,7)
(86,18)
(79,33)
(10,13)
(91,7)
(4,22)
(87,3)
(84,2)
(21,23)
(98,19)
(17,30)
(10,20)
(26,10)
(65,9)
(72,24)
(2,18)
(11,22)
(99,13)
(46,4)
(50,22)
(80,32)
(23,32)
(57,12)
(58,16)
(20,0)
(20,26)
(72,22)
(43,13)
(79,25)
(91,9)
(43,20)
(20,29)
(36,29)
(63,19)
(14,17)
(30,20)
(75,26)
(28,17)
(28,23)
(14,11)
(78,24)
(78,13)
(27,23)
(94,12)
(28,18)
(3,29)
(86,24)
(80,25)
(61,2)
(27,29)
(48,18)
(16,30)
(16,25)
(74,9)
(98,29)
(60,20)
(17,16)
(9,6)
(40,21)
(54,33)
(25,32)
(71,15)
(3,30)
(47,32)
(13,24)
(57,32)
(71,18)
(40,29)
(91,15)
(83,14)
(71,28)
(31,32)
(50,18)
(52,3)
(2,30)
(81,17)
(15,9)
(34,26)
(77,6)
(21,9)
(98,33)
(66,33)
(6,5)
(46,25)
(16,9)
(43,11)
(33,21)
(23,31)
(5,7)
(38,12)
(72,11)
(74,27)
(77,31)
(72,33)
(17,9)
(99,26)
(0,30)
(76,32)
(15,25)
(40,24)
(0,14)
(77,4)
(92,31)
(89,28)
(55,22)
(10,11)
(49,33)
(62,28)
(62,24)
(31,4)
(92,15)
(49,13)
(94,30)
(14,33)
(47,22)
(53,5)
(18,15)
(54,32)
(66,27)
(26,24)
(17,33)
(92,17)
(91,10)
(5,19)
(55,27)
(55,24)
(61,25)
(4,7)
(54,9)
(89,26)
(5,15)
(14,9)
(2,20)
(73,2)
(34,22)
(8,15)
(47,24)
(42,22)
(98,12)
(65,26)
(5,27)
(63,14)
(99,25)
(65,3)
(53,4)
(91,14)
(86,16)
(21,31)
(96,23)
(13,28)
(99,23)
(99,14)
(50,16)
(63,28)
(8,31)
(25,27)
(18,24)
(20,1)
(47,4)
(28,32)
(17,7)
(81,13)
(81,11)
(14,10)
(97,12)
(30,18)
(9,27)
(6,29)
(29,18)
(93,32)
(65,25)
(20,12)
(91,12)
(54,20)
(47,7)
(26,33)
(70,33)
(75,17)
(30,9)
(51,13)
(42,31)
(85,33)
(42,32)
(82,17)
(18,6)
(76,22)
(53,25)
(53,9)
(15,15)
(14,2)
(42,27)
(59,29)
(37,4)
(95,26)
(48,14)
(14,19)
(18,14)
(48,23)
(43,31)
(21,13)
(20,5)
(81,27)
(36,21)
(41,32)
(54,30)
(37,27)
(74,25)
(49,9)
(66,16)
(72,23)
(85,10)
(87,16)
(63,30)
(2,28)
(85,28)
(95,25)
(13,19)
(9,23)
(53,7)
(92,14)
(37,8)
(42,3)
(22,13)
(27,4)
(70,3)
(70,24)
(8,25)
(5,30)
(9,28)
(88,28)
(69,23)
(99,32)
(81,25)
(98,9)
(83,29)
(31,14)
(49,22)
(38,22)
(78,8)
(79,24)
(65,23)
(4,23)
(58,20)
(81,20)
(42,1)
(24,12)
(38,33)
(73,26)
(89,14)
(32,32)
(53,20)
(24,27)
(97,9)
(71,27)
(37,6)
(36,31)
(58,6)
(29,20)
(72,31)
(87,29)
(38,10)
(63,27)
(16,14)
(95,23)
(57,10)
(46,21)
(63,15)
(86,28)
(27,20)
(8,20)
(36,4)
(99,17)
(47,5)
(58,13)
(95,15)
(75,29)
(13,13)
(10,9)
(21,32)
(30,14)
(27,17)
(53,31)
(23,20)
(56,20)
(60,5)
(86,7)
(51,30)
(82,28)
(79,1)
(17,10)
(78,27)
(51,17)
(47,29)
(84,28)
(38,8)
(65,5)
(89,16)
(41,13)
(85,15)
(76,29)
(83,28)
(30,6)
(78,6)
(40,33)
(77,7)
(93,10)
(20,6)
(9,7)
(77,25)
(91,32)
(33,20)
(51,8)
(17,24)
(13,20)
(24,28)
(46,14)
(45,16)
(2,19)
(24,29)
(51,33)
(57,17)
(53,23)
(44,5)
(43,19)
(53,17)
(47,16)
(48,19)
(25,22)
(98,10)
(36,16)
(58,14)
(98,23)
(27,31)
(31,21)
(61,22)
(64,20)
(86,13)
(96,7)
(79,7)
(56,19)
(18,18)
(79,18)
(32,30)
(86,10)
(4,33)
(91,17)
(57,27)
(97,32)
(71,33)
(22,20)
(42,24)
(33,26)
(49,24)
(73,29)
(58,5)
(76,16)
(64,18)
(69,26)
(6,9)
(73,23)
(56,16)
(56,33)
(85,23)
(50,11)
(56,27)
(35,29)
(98,20)
(16,23)
(89,30)
(74,21)
(49,25)
(84,29)
(36,14)
(11,4)
(53,13)
(43,27)
(47,23)
(64,26)
(77,28)
(50,20)
(8,12)
(35,26)
(44,18)
(47,20)
(41,7)
(40,19)
(41,17)
(58,17)
(21,27)
(40,1)
(49,12)
(30,28)
(82,29)
(32,23)
(79,3)
(60,28)
(74,7)
(98,30)
(73,18)
(18,16)
(42,25)
(73,14)
(90,33)
(14,18)
(47,28)
(35,23)
(77,29)
(15,33)
(98,26)
(30,19)
(61,18)
(53,16)
(95,6)
(8,11)
(21,30)
(49,15)
(43,32)
(41,22)
(96,12)
(93,11)
(64,19)
(97,10)
(85,31)
(38,4)
(57,6)
(75,7)
(84,22)
(42,33)
(26,5)
(24,19)
(97,21)
(71,14)
(30,27)
(80,4)
(73,24)
(45,23)
(35,21)
(70,31)
(11,13)
(57,25)
(6,26)
(37,28)
(63,13)
(13,29)
(73,32)
(75,16)
(4,18)
(11,20)
(9,29)
(93,26)
(32,6)
(32,10)
(17,4)
(26,14)
(77,33)
(96,28)
(89,23)
(31,29)
(33,15)
(95,5)
(52,18)
(50,1)
(86,12)
(22,31)
(49,20)
(75,23)
(24,3)
(70,22)
(89,21)
(26,18)
(66,26)
(52,12)
(75,15)
(36,30)
(13,18)
(26,28)
(86,25)
(73,25)
(44,33)
(69,6)
(9,31)
(95,27)
(49,14)
(76,20)
(37,21)
(56,10)
(90,31)
(32,13)
(74,26)
(57,13)
(32,17)
(52,9)
(69,14)
(45,27)
(57,7)
(74,17)
(44,12)
(89,5)
(76,23)
(75,19)
(91,31)
(8,27)
(33,17)
(18,22)
(57,9)
(4,11)
(44,10)
(46,7)
(43,23)
(14,27)
(77,32)
(76,27)
(93,16)
(36,9)
(93,21)
(35,32)
(66,15)
(22,23)
(96,20)
(43,3)
(66,23)
(76,7)
(83,16)
(63,23)
(35,13)
(33,7)
(89,3)
(2,13)
(16,21)
(36,17)
(9,21)
(29,13)
(14,14)
(18,5)
(52,15)
(66,2)
(16,22)
(70,26)
(17,28)
(22,32)
(90,30)
(71,32)
(83,18)
(51,16)
(21,33)
(83,25)
(26,32)
(37,5)
(17,27)
(89,24)
(13,7)
(76,14)
(76,25)
(74,13)
(2,25)
(83,22)
(52,6)
(66,11)
(94,16)
(69,30)
(13,9)
(51,12)
(77,22)
(50,32)
(78,14)
(82,30)
(36,13)
(43,6)
(21,21)
(71,20)
(6,10)
(58,23)
(18,21)
(73,7)
(17,5)
