200 Users
27 Files
2000 Transactions
2 Maximum Connections
1 Cycle Length per Upload-Download
0 Warm-up Transactions
0.400000 Zipf constant
5 Pre-Trusted Users
120 Well-Behaved (Good) Users
80 Purely Malicious Users
0 Feedback Skewing Users
0 Malignant Providing Users
0 Disguised Malicous Users
0 Sybil Attack Users
true Intelligent Trans. Generation
1561009605308 Trace Generation Seed

(0.095537,0.000000,1,false)
(0.025568,0.000000,1,false)
(0.094184,0.000000,1,false)
(0.010107,0.000000,1,false)
(0.012617,0.000000,1,false)
(0.079900,0.000000,1,false)
(0.003981,0.000000,1,false)
(0.063740,0.000000,1,false)
(0.060395,0.000000,1,false)
(0.029414,0.000000,1,false)
(0.022297,0.000000,1,false)
(0.019236,0.000000,1,false)
(0.080865,0.000000,1,false)
(0.022912,0.000000,1,false)
(0.096844,0.000000,1,false)
(0.073407,0.000000,1,false)
(0.032721,0.000000,1,false)
(0.067714,0.000000,1,false)
(0.057689,0.000000,1,false)
(0.077908,0.000000,1,false)
(0.056620,0.000000,1,false)
(0.021790,0.000000,1,false)
(0.077324,0.000000,1,false)
(0.063833,0.000000,1,false)
(0.033190,0.000000,1,false)
(0.062296,0.000000,1,false)
(0.041020,0.000000,1,false)
(0.027409,0.000000,1,false)
(0.093148,0.000000,1,false)
(0.007961,0.000000,1,false)
(0.016977,0.000000,1,false)
(0.042585,0.000000,1,false)
(0.068651,0.000000,1,false)
(0.050201,0.000000,1,false)
(0.097090,0.000000,1,false)
(0.057770,0.000000,1,false)
(0.032946,0.000000,1,false)
(0.078414,0.000000,1,false)
(0.038615,0.000000,1,false)
(0.028647,0.000000,1,false)
(0.061389,0.000000,1,false)
(0.068616,0.000000,1,false)
(0.074667,0.000000,1,false)
(0.036715,0.000000,1,false)
(0.061084,0.000000,1,false)
(0.041348,0.000000,1,false)
(0.077132,0.000000,1,false)
(0.044096,0.000000,1,false)
(0.058672,0.000000,1,false)
(0.084784,0.000000,1,false)
(0.049498,0.000000,1,false)
(0.039160,0.000000,1,false)
(0.006204,0.000000,1,false)
(0.081995,0.000000,1,false)
(0.099021,0.000000,1,false)
(0.034637,0.000000,1,false)
(0.063582,0.000000,1,false)
(0.077524,0.000000,1,false)
(0.087776,0.000000,1,false)
(0.090138,0.000000,1,false)
(0.042695,0.000000,1,false)
(0.067760,0.000000,1,false)
(0.090358,0.000000,1,false)
(0.044398,0.000000,1,false)
(0.053169,0.000000,1,false)
(0.002016,0.000000,1,false)
(0.092330,0.000000,1,false)
(0.059049,0.000000,1,false)
(0.072569,0.000000,1,false)
(0.036807,0.000000,1,false)
(0.048014,0.000000,1,false)
(0.095359,0.000000,1,false)
(0.074918,0.000000,1,false)
(0.094485,0.000000,1,false)
(0.078800,0.000000,1,false)
(0.068130,0.000000,1,false)
(0.090542,0.000000,1,false)
(0.039244,0.000000,1,false)
(0.033863,0.000000,1,false)
(0.046829,0.000000,1,false)
(0.962424,1.000000,0,true)
(0.901585,1.000000,0,true)
(0.945934,1.000000,0,true)
(0.996973,1.000000,0,true)
(0.939165,1.000000,0,true)
(0.974956,1.000000,0,false)
(0.923257,1.000000,0,false)
(0.964657,1.000000,0,false)
(0.962685,1.000000,0,false)
(0.981041,1.000000,0,false)
(0.905804,1.000000,0,false)
(0.961635,1.000000,0,false)
(0.940771,1.000000,0,false)
(0.902170,1.000000,0,false)
(0.968046,1.000000,0,false)
(0.979628,1.000000,0,false)
(0.914710,1.000000,0,false)
(0.962847,1.000000,0,false)
(0.955830,1.000000,0,false)
(0.983797,1.000000,0,false)
(0.941143,1.000000,0,false)
(0.921305,1.000000,0,false)
(0.966964,1.000000,0,false)
(0.913753,1.000000,0,false)
(0.972433,1.000000,0,false)
(0.959401,1.000000,0,false)
(0.913338,1.000000,0,false)
(0.959733,1.000000,0,false)
(0.936711,1.000000,0,false)
(0.950840,1.000000,0,false)
(0.904387,1.000000,0,false)
(0.924323,1.000000,0,false)
(0.926530,1.000000,0,false)
(0.947745,1.000000,0,false)
(0.947867,1.000000,0,false)
(0.926144,1.000000,0,false)
(0.984614,1.000000,0,false)
(0.932559,1.000000,0,false)
(0.941947,1.000000,0,false)
(0.944740,1.000000,0,false)
(0.926664,1.000000,0,false)
(0.936044,1.000000,0,false)
(0.932498,1.000000,0,false)
(0.945702,1.000000,0,false)
(0.964533,1.000000,0,false)
(0.922853,1.000000,0,false)
(0.931281,1.000000,0,false)
(0.961637,1.000000,0,false)
(0.988280,1.000000,0,false)
(0.993676,1.000000,0,false)
(0.934332,1.000000,0,false)
(0.938136,1.000000,0,false)
(0.932707,1.000000,0,false)
(0.947439,1.000000,0,false)
(0.945426,1.000000,0,false)
(0.984214,1.000000,0,false)
(0.992963,1.000000,0,false)
(0.988295,1.000000,0,false)
(0.996860,1.000000,0,false)
(0.993985,1.000000,0,false)
(0.964616,1.000000,0,false)
(0.950364,1.000000,0,false)
(0.969097,1.000000,0,false)
(0.930427,1.000000,0,false)
(0.966322,1.000000,0,false)
(0.948235,1.000000,0,false)
(0.941957,1.000000,0,false)
(0.983113,1.000000,0,false)
(0.957814,1.000000,0,false)
(0.943144,1.000000,0,false)
(0.963074,1.000000,0,false)
(0.929618,1.000000,0,false)
(0.992386,1.000000,0,false)
(0.943608,1.000000,0,false)
(0.994227,1.000000,0,false)
(0.945110,1.000000,0,false)
(0.941396,1.000000,0,false)
(0.934910,1.000000,0,false)
(0.992948,1.000000,0,false)
(0.916202,1.000000,0,false)
(0.998517,1.000000,0,false)
(0.954456,1.000000,0,false)
(0.905448,1.000000,0,false)
(0.923675,1.000000,0,false)
(0.913584,1.000000,0,false)
(0.999406,1.000000,0,false)
(0.987441,1.000000,0,false)
(0.964031,1.000000,0,false)
(0.919793,1.000000,0,false)
(0.969315,1.000000,0,false)
(0.931836,1.000000,0,false)
(0.982101,1.000000,0,false)
(0.903918,1.000000,0,false)
(0.909711,1.000000,0,false)
(0.966552,1.000000,0,false)
(0.986026,1.000000,0,false)
(0.926868,1.000000,0,false)
(0.932556,1.000000,0,false)
(0.991872,1.000000,0,false)
(0.911964,1.000000,0,false)
(0.931530,1.000000,0,false)
(0.946535,1.000000,0,false)
(0.954749,1.000000,0,false)
(0.998699,1.000000,0,false)
(0.976292,1.000000,0,false)
(0.933853,1.000000,0,false)
(0.907425,1.000000,0,false)
(0.922127,1.000000,0,false)
(0.905995,1.000000,0,false)
(0.960958,1.000000,0,false)
(0.969452,1.000000,0,false)
(0.926169,1.000000,0,false)
(0.917260,1.000000,0,false)
(0.908149,1.000000,0,false)
(0.905900,1.000000,0,false)
(0.970177,1.000000,0,false)
(0.992237,1.000000,0,false)
(0.947453,1.000000,0,false)
(0.950035,1.000000,0,false)
(0.993288,1.000000,0,false)

(0,0,false)
(1,0,false)
(2,0,false)
(4,0,false)
(5,0,false)
(6,0,false)
(7,0,false)
(8,0,true)
(10,0,false)
(11,0,false)
(12,0,false)
(13,0,false)
(14,0,false)
(15,0,false)
(16,0,false)
(17,0,false)
(18,0,false)
(19,0,false)
(20,0,false)
(22,0,false)
(23,0,false)
(24,0,false)
(25,0,false)
(26,0,false)
(28,0,false)
(29,0,false)
(30,0,false)
(32,0,false)
(33,0,false)
(34,0,true)
(38,0,false)
(40,0,false)
(41,0,false)
(42,0,false)
(43,0,true)
(44,0,false)
(45,0,false)
(46,0,false)
(48,0,false)
(51,0,false)
(52,0,false)
(54,0,false)
(55,0,true)
(58,0,false)
(59,0,false)
(60,0,false)
(61,0,false)
(62,0,false)
(63,0,false)
(64,0,false)
(66,0,false)
(67,0,false)
(68,0,false)
(69,0,false)
(70,0,false)
(72,0,false)
(73,0,false)
(74,0,false)
(76,0,false)
(77,0,false)
(78,0,false)
(79,0,false)
(80,0,true)
(81,0,true)
(82,0,true)
(83,0,true)
(84,0,true)
(86,0,true)
(87,0,true)
(91,0,true)
(92,0,true)
(93,0,true)
(94,0,true)
(95,0,true)
(96,0,true)
(97,0,true)
(98,0,true)
(99,0,true)
(100,0,true)
(103,0,true)
(104,0,true)
(105,0,true)
(109,0,true)
(110,0,true)
(111,0,true)
(113,0,true)
(114,0,false)
(115,0,true)
(116,0,true)
(117,0,true)
(118,0,true)
(119,0,true)
(120,0,true)
(121,0,true)
(122,0,true)
(123,0,false)
(125,0,true)
(126,0,true)
(127,0,true)
(128,0,true)
(130,0,true)
(131,0,true)
(132,0,true)
(135,0,true)
(136,0,true)
(137,0,true)
(138,0,true)
(141,0,true)
(142,0,true)
(143,0,true)
(145,0,true)
(146,0,true)
(147,0,true)
(148,0,true)
(149,0,true)
(150,0,true)
(151,0,true)
(152,0,true)
(155,0,true)
(156,0,true)
(157,0,true)
(158,0,false)
(160,0,true)
(161,0,true)
(162,0,true)
(163,0,false)
(165,0,true)
(166,0,true)
(167,0,true)
(168,0,true)
(170,0,true)
(171,0,true)
(172,0,true)
(173,0,true)
(174,0,true)
(175,0,true)
(176,0,false)
(177,0,true)
(178,0,true)
(179,0,true)
(180,0,true)
(181,0,true)
(182,0,true)
(183,0,true)
(185,0,true)
(187,0,true)
(188,0,true)
(189,0,true)
(193,0,true)
(194,0,true)
(195,0,true)
(196,0,true)
(197,0,true)
(198,0,true)
(0,1,false)
(3,1,false)
(4,1,false)
(5,1,false)
(6,1,false)
(9,1,true)
(12,1,false)
(13,1,false)
(15,1,false)
(16,1,false)
(17,1,false)
(19,1,false)
(20,1,false)
(21,1,false)
(22,1,false)
(23,1,false)
(24,1,false)
(28,1,false)
(30,1,false)
(32,1,false)
(35,1,false)
(36,1,false)
(37,1,false)
(38,1,false)
(41,1,true)
(42,1,false)
(45,1,false)
(48,1,false)
(49,1,false)
(51,1,false)
(52,1,false)
(53,1,false)
(54,1,false)
(55,1,false)
(56,1,false)
(57,1,false)
(58,1,false)
(60,1,false)
(65,1,false)
(68,1,false)
(71,1,true)
(72,1,false)
(73,1,false)
(74,1,false)
(77,1,false)
(78,1,false)
(79,1,false)
(81,1,true)
(82,1,true)
(83,1,true)
(85,1,true)
(87,1,true)
(88,1,true)
(90,1,true)
(91,1,true)
(92,1,true)
(94,1,true)
(97,1,true)
(98,1,true)
(99,1,true)
(100,1,true)
(104,1,true)
(105,1,true)
(106,1,false)
(108,1,true)
(110,1,true)
(111,1,false)
(113,1,true)
(114,1,true)
(115,1,false)
(116,1,true)
(117,1,true)
(118,1,true)
(119,1,true)
(122,1,false)
(125,1,false)
(126,1,true)
(127,1,true)
(128,1,true)
(129,1,true)
(130,1,true)
(132,1,true)
(134,1,true)
(135,1,true)
(137,1,true)
(138,1,true)
(142,1,true)
(143,1,true)
(144,1,true)
(145,1,true)
(147,1,true)
(148,1,true)
(149,1,true)
(150,1,true)
(151,1,false)
(152,1,true)
(154,1,true)
(155,1,false)
(156,1,true)
(158,1,true)
(159,1,true)
(161,1,true)
(164,1,true)
(166,1,true)
(169,1,true)
(170,1,true)
(172,1,true)
(173,1,true)
(176,1,true)
(177,1,true)
(180,1,true)
(183,1,true)
(184,1,true)
(185,1,true)
(187,1,true)
(188,1,true)
(190,1,true)
(191,1,true)
(192,1,true)
(193,1,true)
(196,1,true)
(197,1,true)
(199,1,true)
(1,2,false)
(5,2,true)
(6,2,false)
(7,2,false)
(11,2,false)
(12,2,true)
(13,2,false)
(15,2,false)
(17,2,false)
(18,2,false)
(24,2,false)
(25,2,false)
(26,2,false)
(28,2,false)
(30,2,false)
(32,2,false)
(37,2,false)
(38,2,false)
(39,2,false)
(40,2,false)
(42,2,false)
(43,2,false)
(45,2,false)
(46,2,false)
(51,2,false)
(52,2,false)
(54,2,false)
(55,2,false)
(57,2,false)
(62,2,false)
(64,2,false)
(67,2,true)
(68,2,true)
(69,2,false)
(70,2,false)
(71,2,false)
(72,2,false)
(73,2,false)
(74,2,false)
(78,2,false)
(83,2,true)
(85,2,true)
(89,2,true)
(91,2,true)
(94,2,true)
(95,2,true)
(97,2,true)
(98,2,true)
(101,2,true)
(102,2,true)
(105,2,true)
(108,2,true)
(109,2,true)
(111,2,true)
(113,2,true)
(114,2,true)
(115,2,true)
(116,2,true)
(118,2,false)
(121,2,true)
(123,2,true)
(124,2,true)
(125,2,true)
(127,2,true)
(129,2,true)
(130,2,true)
(133,2,true)
(134,2,true)
(136,2,true)
(137,2,true)
(139,2,true)
(141,2,true)
(142,2,true)
(143,2,true)
(144,2,true)
(145,2,true)
(148,2,false)
(153,2,true)
(154,2,true)
(157,2,true)
(161,2,true)
(162,2,true)
(163,2,true)
(165,2,true)
(167,2,true)
(171,2,false)
(175,2,true)
(177,2,true)
(178,2,true)
(180,2,true)
(181,2,false)
(182,2,true)
(183,2,true)
(184,2,true)
(185,2,true)
(187,2,true)
(188,2,true)
(190,2,true)
(191,2,true)
(193,2,false)
(197,2,true)
(198,2,true)
(199,2,true)
(0,3,false)
(4,3,false)
(6,3,false)
(8,3,false)
(11,3,false)
(14,3,false)
(16,3,false)
(17,3,false)
(19,3,false)
(25,3,false)
(28,3,true)
(29,3,false)
(30,3,false)
(32,3,true)
(33,3,false)
(34,3,false)
(35,3,false)
(36,3,false)
(37,3,false)
(41,3,false)
(43,3,false)
(46,3,false)
(47,3,false)
(52,3,false)
(55,3,false)
(57,3,false)
(58,3,false)
(60,3,false)
(61,3,false)
(62,3,false)
(64,3,false)
(65,3,false)
(66,3,false)
(67,3,false)
(68,3,false)
(69,3,false)
(70,3,false)
(71,3,false)
(73,3,false)
(74,3,false)
(75,3,false)
(77,3,false)
(78,3,false)
(79,3,false)
(80,3,true)
(81,3,true)
(82,3,true)
(85,3,false)
(87,3,true)
(88,3,true)
(90,3,true)
(92,3,true)
(94,3,true)
(97,3,true)
(99,3,true)
(101,3,false)
(102,3,true)
(105,3,true)
(106,3,true)
(112,3,true)
(113,3,true)
(114,3,true)
(116,3,true)
(117,3,true)
(119,3,true)
(120,3,false)
(122,3,true)
(129,3,true)
(131,3,true)
(133,3,true)
(134,3,true)
(135,3,true)
(136,3,true)
(137,3,true)
(138,3,true)
(140,3,true)
(141,3,true)
(143,3,true)
(144,3,true)
(145,3,true)
(146,3,true)
(149,3,true)
(150,3,true)
(151,3,true)
(152,3,true)
(153,3,true)
(154,3,true)
(155,3,true)
(157,3,true)
(158,3,true)
(159,3,false)
(161,3,false)
(164,3,true)
(166,3,true)
(168,3,true)
(169,3,true)
(170,3,true)
(173,3,true)
(180,3,true)
(184,3,true)
(185,3,true)
(186,3,true)
(189,3,true)
(190,3,true)
(191,3,true)
(192,3,false)
(194,3,true)
(197,3,true)
(198,3,true)
(199,3,true)
(1,4,true)
(4,4,false)
(7,4,false)
(10,4,false)
(11,4,false)
(12,4,false)
(16,4,false)
(18,4,false)
(19,4,false)
(20,4,false)
(23,4,false)
(25,4,false)
(27,4,true)
(28,4,false)
(29,4,false)
(32,4,false)
(34,4,false)
(35,4,false)
(37,4,false)
(38,4,false)
(42,4,false)
(43,4,false)
(44,4,false)
(45,4,true)
(47,4,false)
(53,4,false)
(54,4,false)
(56,4,false)
(57,4,false)
(58,4,false)
(60,4,false)
(62,4,false)
(64,4,false)
(66,4,false)
(67,4,false)
(70,4,false)
(71,4,true)
(73,4,false)
(74,4,false)
(76,4,false)
(77,4,false)
(79,4,false)
(80,4,true)
(82,4,true)
(84,4,true)
(89,4,true)
(92,4,true)
(93,4,true)
(97,4,true)
(98,4,true)
(100,4,true)
(103,4,true)
(104,4,true)
(105,4,true)
(106,4,true)
(107,4,true)
(110,4,true)
(111,4,true)
(113,4,true)
(114,4,true)
(118,4,true)
(120,4,true)
(121,4,true)
(122,4,true)
(123,4,true)
(124,4,true)
(125,4,true)
(126,4,true)
(127,4,true)
(129,4,true)
(130,4,true)
(131,4,true)
(132,4,true)
(136,4,true)
(137,4,true)
(140,4,true)
(141,4,true)
(142,4,true)
(144,4,true)
(146,4,true)
(149,4,true)
(152,4,true)
(154,4,true)
(157,4,true)
(160,4,true)
(161,4,true)
(165,4,true)
(166,4,true)
(170,4,true)
(173,4,false)
(175,4,true)
(176,4,true)
(178,4,true)
(179,4,true)
(180,4,true)
(181,4,true)
(182,4,true)
(185,4,true)
(186,4,true)
(190,4,true)
(191,4,true)
(192,4,true)
(193,4,true)
(195,4,true)
(196,4,true)
(197,4,true)
(199,4,true)
(1,5,false)
(4,5,false)
(7,5,true)
(10,5,false)
(11,5,false)
(13,5,false)
(14,5,false)
(17,5,false)
(18,5,false)
(20,5,false)
(21,5,false)
(22,5,false)
(25,5,false)
(29,5,false)
(30,5,false)
(31,5,false)
(32,5,false)
(36,5,false)
(37,5,false)
(38,5,false)
(39,5,false)
(41,5,false)
(42,5,false)
(44,5,false)
(48,5,false)
(51,5,false)
(55,5,false)
(56,5,false)
(58,5,false)
(59,5,true)
(60,5,false)
(64,5,false)
(65,5,false)
(67,5,false)
(68,5,false)
(69,5,false)
(70,5,false)
(71,5,false)
(75,5,false)
(78,5,false)
(80,5,true)
(82,5,true)
(83,5,true)
(84,5,true)
(90,5,true)
(91,5,true)
(94,5,true)
(97,5,true)
(100,5,true)
(104,5,true)
(105,5,true)
(106,5,true)
(111,5,true)
(113,5,true)
(114,5,true)
(117,5,true)
(120,5,true)
(121,5,true)
(128,5,true)
(131,5,true)
(132,5,true)
(133,5,true)
(134,5,true)
(135,5,true)
(138,5,true)
(139,5,true)
(141,5,true)
(146,5,true)
(147,5,true)
(149,5,true)
(151,5,true)
(152,5,true)
(153,5,true)
(155,5,true)
(160,5,true)
(162,5,true)
(164,5,true)
(168,5,true)
(171,5,true)
(172,5,true)
(177,5,true)
(182,5,true)
(183,5,true)
(185,5,true)
(186,5,true)
(187,5,true)
(188,5,true)
(189,5,false)
(192,5,true)
(1,6,false)
(2,6,false)
(3,6,false)
(7,6,false)
(8,6,false)
(9,6,false)
(10,6,false)
(12,6,false)
(14,6,true)
(15,6,false)
(19,6,false)
(22,6,false)
(27,6,false)
(29,6,false)
(30,6,false)
(31,6,false)
(35,6,false)
(36,6,false)
(42,6,false)
(46,6,true)
(47,6,false)
(48,6,false)
(51,6,false)
(52,6,false)
(53,6,false)
(60,6,false)
(62,6,false)
(64,6,false)
(67,6,false)
(68,6,false)
(71,6,true)
(74,6,false)
(75,6,false)
(78,6,false)
(79,6,false)
(80,6,true)
(81,6,true)
(82,6,true)
(83,6,true)
(84,6,true)
(90,6,true)
(93,6,true)
(95,6,true)
(96,6,true)
(99,6,true)
(101,6,true)
(104,6,true)
(106,6,true)
(110,6,true)
(112,6,true)
(114,6,true)
(117,6,true)
(118,6,true)
(119,6,true)
(122,6,true)
(124,6,false)
(125,6,true)
(126,6,true)
(127,6,true)
(128,6,true)
(130,6,true)
(133,6,true)
(135,6,true)
(138,6,true)
(143,6,true)
(151,6,true)
(155,6,true)
(156,6,true)
(157,6,true)
(159,6,true)
(163,6,true)
(164,6,true)
(165,6,true)
(171,6,true)
(174,6,true)
(175,6,true)
(177,6,true)
(180,6,true)
(181,6,false)
(184,6,true)
(186,6,true)
(1,7,false)
(3,7,false)
(4,7,false)
(5,7,false)
(9,7,false)
(10,7,false)
(11,7,false)
(15,7,false)
(17,7,false)
(18,7,false)
(19,7,false)
(20,7,false)
(23,7,false)
(25,7,false)
(27,7,false)
(34,7,false)
(35,7,false)
(40,7,false)
(43,7,false)
(44,7,false)
(46,7,false)
(47,7,false)
(48,7,false)
(50,7,false)
(51,7,true)
(52,7,false)
(61,7,true)
(66,7,true)
(67,7,false)
(69,7,false)
(70,7,false)
(74,7,false)
(75,7,false)
(78,7,false)
(82,7,true)
(88,7,true)
(89,7,true)
(91,7,true)
(93,7,true)
(94,7,true)
(97,7,true)
(98,7,true)
(100,7,true)
(106,7,true)
(108,7,true)
(109,7,true)
(114,7,true)
(117,7,true)
(119,7,false)
(122,7,true)
(124,7,true)
(125,7,true)
(132,7,true)
(133,7,true)
(134,7,true)
(135,7,true)
(137,7,true)
(139,7,true)
(146,7,false)
(147,7,true)
(151,7,true)
(153,7,true)
(157,7,true)
(162,7,true)
(163,7,true)
(165,7,true)
(168,7,true)
(171,7,true)
(172,7,true)
(176,7,true)
(177,7,true)
(179,7,true)
(182,7,true)
(184,7,true)
(185,7,true)
(186,7,true)
(187,7,true)
(189,7,true)
(190,7,true)
(191,7,true)
(196,7,true)
(199,7,true)
(3,8,false)
(6,8,false)
(7,8,false)
(8,8,false)
(10,8,false)
(13,8,false)
(16,8,false)
(18,8,false)
(20,8,false)
(23,8,false)
(26,8,false)
(27,8,false)
(28,8,false)
(29,8,false)
(35,8,false)
(37,8,false)
(38,8,false)
(45,8,false)
(54,8,false)
(61,8,false)
(63,8,false)
(65,8,false)
(66,8,false)
(71,8,true)
(74,8,false)
(82,8,true)
(84,8,true)
(86,8,true)
(87,8,true)
(91,8,true)
(94,8,true)
(97,8,true)
(104,8,true)
(108,8,true)
(111,8,true)
(117,8,true)
(120,8,true)
(123,8,true)
(128,8,true)
(129,8,true)
(133,8,false)
(135,8,true)
(138,8,true)
(139,8,true)
(142,8,true)
(146,8,true)
(148,8,true)
(149,8,true)
(150,8,true)
(153,8,true)
(155,8,true)
(156,8,false)
(161,8,true)
(169,8,true)
(172,8,true)
(174,8,true)
(175,8,true)
(178,8,true)
(179,8,true)
(180,8,true)
(185,8,true)
(186,8,false)
(188,8,true)
(190,8,true)
(193,8,true)
(196,8,true)
(197,8,true)
(198,8,true)
(199,8,true)
(1,9,false)
(2,9,false)
(4,9,false)
(6,9,false)
(11,9,false)
(16,9,false)
(18,9,false)
(19,9,false)
(24,9,false)
(26,9,false)
(32,9,false)
(33,9,false)
(34,9,false)
(35,9,false)
(37,9,false)
(38,9,false)
(45,9,false)
(46,9,false)
(48,9,false)
(57,9,false)
(58,9,true)
(59,9,false)
(60,9,false)
(62,9,false)
(65,9,false)
(68,9,false)
(70,9,false)
(74,9,false)
(76,9,false)
(78,9,false)
(82,9,true)
(83,9,true)
(84,9,true)
(97,9,true)
(101,9,true)
(104,9,true)
(106,9,false)
(107,9,true)
(112,9,true)
(114,9,true)
(116,9,true)
(117,9,false)
(119,9,true)
(120,9,true)
(122,9,true)
(125,9,true)
(128,9,true)
(129,9,true)
(133,9,true)
(134,9,true)
(136,9,true)
(137,9,true)
(138,9,true)
(141,9,true)
(143,9,true)
(144,9,false)
(146,9,true)
(147,9,true)
(153,9,true)
(155,9,true)
(156,9,true)
(164,9,true)
(166,9,true)
(170,9,true)
(173,9,true)
(174,9,true)
(176,9,true)
(181,9,true)
(182,9,false)
(183,9,true)
(185,9,true)
(186,9,true)
(191,9,true)
(195,9,true)
(0,10,false)
(1,10,false)
(3,10,false)
(5,10,false)
(8,10,false)
(9,10,false)
(13,10,false)
(14,10,false)
(22,10,false)
(23,10,false)
(24,10,false)
(25,10,false)
(26,10,false)
(27,10,false)
(28,10,false)
(31,10,false)
(33,10,false)
(35,10,false)
(36,10,false)
(37,10,false)
(38,10,false)
(40,10,false)
(41,10,false)
(43,10,true)
(46,10,false)
(48,10,false)
(49,10,false)
(50,10,false)
(52,10,false)
(53,10,false)
(54,10,false)
(56,10,true)
(58,10,false)
(60,10,false)
(63,10,false)
(65,10,false)
(66,10,false)
(67,10,false)
(72,10,false)
(75,10,false)
(76,10,true)
(78,10,false)
(80,10,true)
(82,10,true)
(83,10,true)
(84,10,true)
(86,10,true)
(89,10,true)
(90,10,true)
(98,10,true)
(100,10,false)
(103,10,true)
(104,10,true)
(105,10,true)
(111,10,true)
(112,10,true)
(113,10,true)
(118,10,true)
(119,10,true)
(124,10,true)
(130,10,true)
(131,10,true)
(135,10,true)
(143,10,true)
(146,10,true)
(147,10,true)
(149,10,true)
(150,10,true)
(153,10,true)
(155,10,true)
(159,10,true)
(160,10,true)
(166,10,true)
(167,10,true)
(168,10,true)
(179,10,true)
(182,10,true)
(183,10,true)
(190,10,true)
(195,10,true)
(199,10,true)
(1,11,false)
(2,11,false)
(3,11,false)
(4,11,false)
(6,11,false)
(9,11,false)
(11,11,true)
(15,11,false)
(18,11,false)
(22,11,false)
(26,11,false)
(29,11,false)
(31,11,false)
(37,11,false)
(39,11,false)
(42,11,false)
(43,11,false)
(44,11,false)
(46,11,false)
(48,11,false)
(52,11,false)
(58,11,false)
(61,11,false)
(62,11,false)
(64,11,false)
(67,11,false)
(69,11,false)
(70,11,false)
(77,11,false)
(81,11,true)
(85,11,true)
(87,11,true)
(90,11,true)
(92,11,true)
(95,11,true)
(98,11,true)
(102,11,true)
(103,11,true)
(105,11,true)
(106,11,true)
(107,11,true)
(110,11,true)
(112,11,true)
(113,11,true)
(118,11,true)
(122,11,true)
(129,11,true)
(130,11,true)
(132,11,true)
(133,11,true)
(135,11,true)
(137,11,true)
(141,11,true)
(144,11,true)
(145,11,true)
(146,11,true)
(148,11,true)
(155,11,true)
(159,11,true)
(162,11,true)
(163,11,false)
(164,11,true)
(170,11,true)
(171,11,true)
(172,11,true)
(180,11,true)
(181,11,true)
(190,11,true)
(192,11,false)
(193,11,true)
(194,11,true)
(196,11,true)
(0,12,false)
(1,12,false)
(5,12,false)
(7,12,true)
(9,12,false)
(12,12,false)
(14,12,false)
(16,12,false)
(17,12,false)
(21,12,false)
(25,12,false)
(26,12,false)
(28,12,false)
(31,12,false)
(32,12,false)
(33,12,false)
(34,12,false)
(35,12,false)
(38,12,false)
(39,12,false)
(46,12,false)
(48,12,false)
(50,12,false)
(53,12,false)
(54,12,true)
(55,12,false)
(57,12,false)
(58,12,false)
(60,12,false)
(61,12,false)
(67,12,false)
(70,12,false)
(71,12,false)
(75,12,false)
(82,12,true)
(83,12,true)
(86,12,true)
(90,12,true)
(97,12,true)
(104,12,true)
(105,12,true)
(107,12,true)
(111,12,true)
(115,12,true)
(119,12,true)
(120,12,true)
(126,12,true)
(127,12,true)
(129,12,true)
(130,12,true)
(132,12,true)
(136,12,true)
(137,12,true)
(141,12,true)
(144,12,true)
(151,12,false)
(152,12,true)
(154,12,true)
(156,12,true)
(159,12,true)
(160,12,true)
(168,12,false)
(169,12,true)
(172,12,true)
(173,12,true)
(176,12,true)
(178,12,true)
(183,12,true)
(184,12,true)
(187,12,true)
(188,12,true)
(191,12,true)
(198,12,true)
(0,13,false)
(4,13,false)
(5,13,false)
(9,13,false)
(10,13,false)
(12,13,false)
(15,13,false)
(18,13,true)
(19,13,false)
(20,13,false)
(24,13,false)
(26,13,false)
(28,13,false)
(31,13,false)
(35,13,false)
(40,13,false)
(41,13,false)
(42,13,false)
(46,13,false)
(51,13,false)
(52,13,false)
(57,13,true)
(58,13,false)
(62,13,false)
(67,13,false)
(69,13,false)
(74,13,true)
(76,13,false)
(77,13,false)
(79,13,false)
(80,13,true)
(81,13,true)
(82,13,true)
(85,13,true)
(92,13,true)
(93,13,true)
(100,13,false)
(102,13,true)
(103,13,true)
(109,13,true)
(112,13,true)
(122,13,true)
(123,13,true)
(124,13,true)
(126,13,true)
(135,13,true)
(136,13,true)
(143,13,true)
(145,13,true)
(148,13,true)
(149,13,false)
(150,13,true)
(152,13,true)
(155,13,true)
(157,13,true)
(160,13,true)
(163,13,true)
(164,13,true)
(168,13,true)
(173,13,true)
(176,13,true)
(180,13,true)
(184,13,true)
(187,13,true)
(192,13,true)
(194,13,true)
(197,13,true)
(198,13,true)
(1,14,false)
(4,14,false)
(7,14,false)
(13,14,false)
(14,14,false)
(17,14,false)
(18,14,true)
(26,14,false)
(29,14,false)
(30,14,false)
(32,14,false)
(33,14,false)
(34,14,false)
(35,14,false)
(37,14,false)
(47,14,false)
(48,14,false)
(49,14,false)
(54,14,false)
(55,14,false)
(56,14,false)
(64,14,false)
(65,14,false)
(69,14,false)
(70,14,false)
(73,14,false)
(75,14,false)
(80,14,true)
(92,14,true)
(95,14,true)
(96,14,true)
(98,14,true)
(99,14,true)
(100,14,true)
(104,14,true)
(106,14,true)
(109,14,true)
(113,14,true)
(123,14,true)
(130,14,true)
(132,14,true)
(134,14,false)
(140,14,true)
(147,14,true)
(148,14,true)
(149,14,true)
(154,14,true)
(162,14,true)
(169,14,true)
(170,14,true)
(173,14,true)
(177,14,true)
(182,14,true)
(185,14,true)
(187,14,true)
(188,14,true)
(191,14,true)
(193,14,true)
(196,14,true)
(197,14,true)
(199,14,true)
(2,15,false)
(7,15,false)
(10,15,false)
(13,15,false)
(14,15,false)
(15,15,false)
(18,15,false)
(19,15,false)
(20,15,false)
(25,15,false)
(30,15,false)
(32,15,false)
(37,15,true)
(41,15,false)
(44,15,false)
(46,15,false)
(54,15,false)
(55,15,false)
(59,15,false)
(62,15,false)
(65,15,false)
(66,15,false)
(67,15,false)
(78,15,false)
(79,15,false)
(80,15,true)
(81,15,true)
(83,15,true)
(88,15,true)
(89,15,true)
(92,15,true)
(98,15,true)
(99,15,true)
(107,15,true)
(108,15,true)
(110,15,true)
(113,15,true)
(115,15,true)
(116,15,true)
(117,15,true)
(119,15,true)
(121,15,true)
(130,15,true)
(133,15,false)
(135,15,true)
(138,15,true)
(139,15,true)
(141,15,true)
(145,15,true)
(146,15,true)
(148,15,true)
(150,15,false)
(153,15,true)
(155,15,true)
(156,15,true)
(158,15,true)
(161,15,true)
(164,15,true)
(166,15,true)
(167,15,true)
(174,15,true)
(175,15,true)
(176,15,true)
(180,15,true)
(184,15,true)
(185,15,false)
(195,15,true)
(196,15,true)
(197,15,false)
(198,15,true)
(199,15,true)
(0,16,false)
(2,16,false)
(3,16,false)
(5,16,false)
(7,16,false)
(13,16,false)
(19,16,false)
(22,16,false)
(25,16,false)
(31,16,false)
(32,16,false)
(36,16,false)
(44,16,false)
(45,16,false)
(47,16,false)
(48,16,false)
(54,16,true)
(56,16,false)
(63,16,false)
(64,16,false)
(67,16,false)
(73,16,false)
(78,16,false)
(80,16,true)
(83,16,true)
(84,16,true)
(86,16,true)
(88,16,true)
(89,16,true)
(91,16,true)
(94,16,true)
(96,16,true)
(101,16,true)
(103,16,true)
(108,16,true)
(112,16,true)
(113,16,true)
(114,16,true)
(119,16,true)
(123,16,true)
(124,16,true)
(125,16,false)
(127,16,true)
(128,16,true)
(130,16,true)
(137,16,true)
(138,16,true)
(140,16,true)
(143,16,true)
(144,16,true)
(146,16,true)
(147,16,true)
(148,16,true)
(157,16,true)
(160,16,true)
(162,16,true)
(164,16,true)
(168,16,true)
(170,16,true)
(171,16,true)
(184,16,true)
(186,16,true)
(188,16,true)
(189,16,false)
(191,16,true)
(192,16,true)
(194,16,true)
(198,16,true)
(0,17,false)
(2,17,false)
(3,17,false)
(7,17,false)
(9,17,false)
(13,17,false)
(14,17,false)
(15,17,false)
(17,17,false)
(22,17,false)
(24,17,false)
(25,17,false)
(28,17,false)
(29,17,false)
(32,17,false)
(34,17,false)
(35,17,false)
(37,17,true)
(39,17,false)
(40,17,false)
(45,17,false)
(62,17,false)
(63,17,false)
(64,17,false)
(70,17,false)
(74,17,false)
(79,17,false)
(81,17,true)
(82,17,true)
(93,17,true)
(100,17,true)
(103,17,true)
(108,17,true)
(109,17,true)
(112,17,true)
(118,17,true)
(123,17,true)
(124,17,true)
(125,17,true)
(132,17,true)
(134,17,true)
(139,17,true)
(140,17,true)
(146,17,true)
(148,17,true)
(150,17,true)
(156,17,true)
(163,17,true)
(168,17,true)
(173,17,true)
(176,17,true)
(186,17,true)
(193,17,false)
(5,18,true)
(6,18,false)
(10,18,false)
(11,18,false)
(12,18,false)
(16,18,false)
(18,18,false)
(19,18,false)
(21,18,false)
(29,18,false)
(32,18,false)
(34,18,false)
(35,18,false)
(37,18,false)
(38,18,false)
(40,18,false)
(42,18,false)
(44,18,false)
(48,18,false)
(51,18,false)
(54,18,false)
(55,18,false)
(57,18,false)
(60,18,false)
(61,18,false)
(62,18,false)
(63,18,false)
(64,18,false)
(65,18,false)
(71,18,false)
(77,18,false)
(82,18,true)
(83,18,true)
(86,18,true)
(88,18,true)
(92,18,true)
(93,18,true)
(94,18,true)
(101,18,true)
(102,18,true)
(107,18,true)
(108,18,true)
(110,18,true)
(115,18,true)
(117,18,true)
(119,18,false)
(120,18,false)
(121,18,false)
(127,18,true)
(133,18,true)
(139,18,true)
(140,18,true)
(141,18,true)
(142,18,true)
(144,18,true)
(146,18,true)
(148,18,true)
(150,18,true)
(153,18,true)
(158,18,true)
(164,18,true)
(165,18,true)
(167,18,true)
(171,18,true)
(174,18,true)
(176,18,true)
(179,18,true)
(182,18,true)
(186,18,true)
(189,18,true)
(192,18,true)
(193,18,true)
(195,18,true)
(196,18,true)
(197,18,true)
(199,18,true)
(3,19,false)
(4,19,false)
(8,19,false)
(10,19,false)
(12,19,false)
(13,19,false)
(20,19,false)
(21,19,false)
(24,19,false)
(28,19,false)
(33,19,false)
(35,19,false)
(39,19,false)
(46,19,false)
(55,19,false)
(64,19,false)
(66,19,false)
(67,19,false)
(68,19,false)
(74,19,false)
(75,19,false)
(77,19,false)
(79,19,false)
(83,19,true)
(86,19,true)
(87,19,true)
(89,19,true)
(93,19,true)
(94,19,true)
(97,19,true)
(101,19,true)
(105,19,true)
(109,19,true)
(111,19,true)
(118,19,true)
(126,19,true)
(127,19,true)
(128,19,true)
(131,19,true)
(134,19,true)
(135,19,true)
(137,19,true)
(142,19,true)
(143,19,true)
(145,19,true)
(147,19,true)
(149,19,true)
(152,19,true)
(155,19,true)
(159,19,false)
(165,19,true)
(166,19,true)
(171,19,true)
(173,19,true)
(175,19,true)
(182,19,true)
(186,19,true)
(189,19,true)
(190,19,true)
(191,19,true)
(192,19,true)
(195,19,true)
(197,19,true)
(1,20,false)
(5,20,false)
(6,20,false)
(7,20,false)
(9,20,false)
(14,20,false)
(15,20,false)
(19,20,false)
(21,20,false)
(26,20,false)
(27,20,false)
(37,20,false)
(38,20,false)
(39,20,false)
(40,20,false)
(44,20,false)
(45,20,false)
(47,20,false)
(48,20,false)
(58,20,false)
(59,20,false)
(61,20,false)
(64,20,false)
(65,20,false)
(70,20,false)
(72,20,false)
(79,20,false)
(80,20,true)
(81,20,true)
(83,20,true)
(89,20,true)
(90,20,true)
(95,20,true)
(101,20,true)
(104,20,true)
(109,20,true)
(118,20,false)
(119,20,true)
(122,20,true)
(125,20,true)
(127,20,true)
(128,20,true)
(129,20,true)
(130,20,true)
(135,20,true)
(136,20,true)
(141,20,true)
(142,20,false)
(143,20,false)
(144,20,true)
(152,20,true)
(155,20,true)
(157,20,false)
(162,20,true)
(169,20,true)
(175,20,true)
(177,20,true)
(180,20,true)
(183,20,true)
(185,20,true)
(190,20,true)
(195,20,true)
(3,21,false)
(4,21,false)
(8,21,false)
(9,21,false)
(11,21,false)
(13,21,false)
(14,21,false)
(16,21,false)
(20,21,false)
(21,21,false)
(23,21,false)
(24,21,false)
(26,21,false)
(29,21,false)
(30,21,false)
(33,21,false)
(41,21,false)
(42,21,false)
(46,21,false)
(49,21,false)
(55,21,false)
(57,21,false)
(58,21,false)
(60,21,false)
(62,21,false)
(68,21,false)
(69,21,false)
(72,21,false)
(74,21,false)
(76,21,false)
(80,21,true)
(81,21,true)
(83,21,true)
(86,21,true)
(88,21,true)
(93,21,true)
(99,21,true)
(102,21,true)
(106,21,true)
(114,21,true)
(115,21,true)
(118,21,true)
(125,21,true)
(131,21,true)
(136,21,true)
(140,21,true)
(144,21,true)
(145,21,true)
(147,21,true)
(150,21,true)
(160,21,true)
(162,21,true)
(169,21,true)
(171,21,true)
(178,21,true)
(180,21,true)
(182,21,true)
(183,21,true)
(186,21,true)
(187,21,true)
(189,21,true)
(194,21,true)
(199,21,true)
(2,22,false)
(6,22,false)
(7,22,false)
(8,22,false)
(11,22,false)
(17,22,false)
(18,22,false)
(21,22,false)
(34,22,false)
(39,22,false)
(41,22,false)
(47,22,false)
(49,22,false)
(54,22,false)
(56,22,false)
(60,22,false)
(62,22,false)
(63,22,false)
(64,22,false)
(66,22,false)
(68,22,false)
(72,22,false)
(73,22,false)
(74,22,false)
(75,22,true)
(76,22,false)
(79,22,false)
(85,22,true)
(86,22,true)
(94,22,true)
(95,22,true)
(96,22,true)
(101,22,false)
(115,22,true)
(116,22,true)
(117,22,true)
(128,22,true)
(130,22,true)
(132,22,false)
(133,22,true)
(137,22,true)
(138,22,true)
(141,22,true)
(143,22,true)
(148,22,true)
(150,22,true)
(156,22,true)
(165,22,true)
(171,22,true)
(173,22,true)
(174,22,true)
(178,22,true)
(188,22,true)
(190,22,true)
(196,22,true)
(199,22,true)
(4,23,false)
(6,23,false)
(10,23,false)
(12,23,false)
(15,23,false)
(27,23,false)
(30,23,false)
(32,23,false)
(34,23,false)
(35,23,false)
(39,23,false)
(46,23,false)
(47,23,false)
(49,23,false)
(51,23,false)
(54,23,false)
(57,23,false)
(60,23,false)
(63,23,false)
(65,23,false)
(66,23,false)
(70,23,false)
(74,23,false)
(76,23,false)
(77,23,false)
(81,23,true)
(82,23,true)
(83,23,true)
(84,23,true)
(85,23,true)
(86,23,false)
(87,23,true)
(89,23,true)
(90,23,true)
(92,23,true)
(93,23,true)
(100,23,true)
(102,23,true)
(104,23,true)
(106,23,false)
(114,23,true)
(118,23,true)
(133,23,true)
(136,23,true)
(137,23,true)
(139,23,true)
(145,23,true)
(146,23,true)
(154,23,true)
(156,23,false)
(160,23,true)
(161,23,true)
(166,23,true)
(169,23,true)
(172,23,true)
(173,23,true)
(174,23,true)
(180,23,true)
(181,23,true)
(184,23,true)
(186,23,true)
(189,23,true)
(190,23,true)
(193,23,true)
(195,23,true)
(198,23,true)
(5,24,false)
(10,24,false)
(26,24,false)
(32,24,false)
(35,24,false)
(41,24,false)
(44,24,false)
(58,24,false)
(60,24,false)
(62,24,false)
(70,24,false)
(74,24,false)
(75,24,false)
(77,24,false)
(83,24,true)
(85,24,true)
(87,24,true)
(102,24,true)
(104,24,true)
(105,24,true)
(110,24,true)
(112,24,true)
(116,24,true)
(123,24,true)
(125,24,true)
(131,24,true)
(139,24,true)
(140,24,true)
(145,24,true)
(152,24,true)
(155,24,true)
(175,24,true)
(178,24,true)
(180,24,true)
(182,24,true)
(189,24,true)
(191,24,true)
(194,24,true)
(2,25,false)
(4,25,false)
(7,25,false)
(11,25,false)
(16,25,false)
(25,25,false)
(28,25,false)
(31,25,false)
(34,25,false)
(42,25,false)
(54,25,false)
(61,25,false)
(62,25,false)
(68,25,false)
(70,25,false)
(71,25,true)
(74,25,false)
(81,25,false)
(86,25,false)
(87,25,true)
(91,25,true)
(96,25,true)
(99,25,true)
(107,25,true)
(114,25,true)
(121,25,true)
(124,25,true)
(128,25,true)
(129,25,true)
(136,25,true)
(149,25,true)
(151,25,true)
(153,25,true)
(154,25,true)
(155,25,true)
(156,25,true)
(158,25,true)
(160,25,true)
(161,25,true)
(166,25,true)
(173,25,true)
(174,25,true)
(182,25,true)
(185,25,true)
(188,25,true)
(2,26,false)
(4,26,false)
(7,26,false)
(16,26,false)
(20,26,false)
(23,26,false)
(28,26,false)
(41,26,false)
(43,26,false)
(45,26,false)
(52,26,false)
(54,26,false)
(55,26,false)
(59,26,false)
(61,26,false)
(64,26,false)
(65,26,false)
(71,26,false)
(85,26,true)
(87,26,true)
(89,26,true)
(90,26,true)
(95,26,false)
(103,26,false)
(105,26,true)
(107,26,true)
(115,26,true)
(120,26,true)
(123,26,true)
(129,26,true)
(130,26,true)
(132,26,true)
(135,26,true)
(137,26,true)
(141,26,true)
(143,26,false)
(147,26,true)
(149,26,true)
(155,26,true)
(157,26,true)
(158,26,true)
(159,26,false)
(170,26,true)
(172,26,true)
(173,26,true)
(177,26,true)
(179,26,true)
(185,26,true)
(188,26,true)
(189,26,true)
(191,26,true)
(195,26,true)
(196,26,true)

(119,25)
(42,9)
(142,14)
(171,17)
(176,19)
(49,5)
(132,10)
(3,5)
(68,7)
(183,8)
(44,8)
(119,21)
(193,13)
(113,22)
(111,26)
(74,5)
(153,16)
(124,0)
(85,25)
(181,8)
(1,21)
(119,2)
(99,13)
(119,24)
(35,5)
(14,1)
(98,17)
(148,6)
(61,16)
(54,17)
(76,5)
(188,23)
(3,14)
(113,6)
(58,2)
(185,19)
(102,4)
(3,9)
(101,4)
(24,22)
(65,13)
(25,6)
(38,7)
(139,22)
(121,26)
(89,3)
(37,12)
(69,10)
(39,15)
(166,7)
(181,18)
(149,16)
(22,15)
(92,19)
(172,9)
(20,3)
(73,11)
(48,23)
(76,7)
(126,2)
(120,15)
(54,3)
(104,16)
(93,11)
(95,1)
(173,7)
(14,25)
(68,4)
(142,6)
(162,13)
(118,18)
(129,5)
(60,19)
(112,7)
(156,14)
(29,16)
(36,24)
(122,23)
(168,26)
(139,3)
(76,17)
(121,20)
(41,2)
(75,2)
(138,24)
(85,0)
(125,5)
(161,10)
(87,14)
(119,17)
(194,7)
(69,8)
(86,3)
(162,8)
(193,19)
(187,24)
(10,25)
(133,17)
(21,8)
(51,10)
(91,10)
(104,15)
(86,24)
(162,9)
(129,21)
(128,2)
(34,1)
(168,23)
(40,23)
(9,0)
(0,26)
(21,9)
(191,23)
(73,8)
(15,19)
(10,20)
(173,2)
(31,3)
(116,20)
(104,3)
(23,24)
(126,26)
(141,23)
(15,14)
(108,3)
(149,24)
(195,25)
(162,25)
(73,15)
(29,9)
(16,16)
(186,1)
(93,10)
(141,7)
(135,21)
(170,15)
(124,22)
(121,8)
(3,4)
(189,2)
(60,7)
(96,7)
(131,7)
(81,4)
(122,25)
(119,5)
(113,25)
(121,13)
(191,13)
(153,4)
(167,3)
(176,24)
(157,22)
(117,2)
(50,26)
(63,21)
(151,20)
(127,14)
(87,16)
(73,9)
(132,8)
(35,11)
(156,4)
(45,3)
(72,11)
(23,14)
(40,26)
(142,15)
(174,1)
(193,6)
(102,12)
(110,20)
(6,10)
(79,2)
(153,14)
(167,4)
(119,13)
(56,9)
(159,4)
(122,2)
(104,22)
(138,23)
(29,12)
(30,24)
(150,16)
(143,23)
(41,25)
(107,6)
(61,21)
(18,20)
(19,17)
(65,2)
(23,23)
(23,18)
(14,24)
(186,12)
(24,4)
(29,22)
(79,24)
(165,24)
(131,14)
(181,7)
(142,22)
(189,9)
(77,26)
(74,16)
(120,14)
(88,0)
(50,1)
(57,22)
(87,6)
(141,14)
(86,6)
(54,19)
(119,8)
(88,19)
(157,12)
(132,25)
(19,14)
(36,7)
(69,6)
(166,14)
(105,7)
(16,11)
(173,5)
(24,15)
(116,10)
(152,22)
(108,10)
(173,6)
(186,15)
(185,16)
(97,23)
(5,6)
(189,14)
(167,19)
(28,11)
(29,2)
(50,0)
(183,3)
(178,1)
(121,14)
(116,21)
(198,7)
(78,14)
(152,10)
(0,23)
(146,22)
(68,8)
(127,22)
(112,19)
(3,24)
(197,11)
(161,12)
(154,9)
(194,25)
(87,18)
(120,22)
(36,25)
(137,13)
(154,19)
(169,6)
(73,23)
(132,9)
(62,7)
(28,14)
(163,3)
(148,3)
(29,20)
(112,14)
(92,6)
(5,17)
(125,18)
(12,14)
(106,18)
(150,4)
(112,23)
(42,8)
(71,10)
(100,16)
(36,4)
(52,20)
(57,17)
(192,21)
(199,12)
(19,11)
(193,3)
(197,21)
(28,18)
(199,16)
(90,2)
(174,7)
(149,9)
(92,5)
(85,15)
(13,9)
(135,9)
(189,17)
(53,5)
(36,23)
(146,6)
(66,26)
(89,5)
(9,26)
(176,10)
(80,12)
(191,15)
(152,26)
(171,1)
(186,11)
(14,18)
(161,24)
(28,16)
(35,0)
(61,4)
(81,14)
(183,14)
(30,4)
(1,19)
(195,6)
(110,16)
(58,15)
(149,15)
(165,12)
(159,2)
(185,12)
(119,11)
(164,4)
(115,23)
(115,19)
(30,18)
(184,0)
(55,4)
(88,8)
(192,10)
(14,23)
(158,10)
(181,25)
(84,3)
(34,21)
(135,4)
(28,5)
(97,25)
(171,26)
(166,17)
(122,18)
(152,11)
(3,25)
(78,11)
(196,23)
(89,21)
(86,2)
(157,17)
(174,20)
(193,16)
(81,8)
(109,5)
(161,7)
(58,14)
(91,13)
(93,2)
(36,8)
(67,24)
(162,1)
(48,13)
(170,13)
(112,18)
(11,20)
(88,20)
(127,10)
(4,8)
(35,25)
(140,26)
(130,21)
(49,4)
(90,24)
(173,16)
(192,2)
(71,24)
(33,2)
(187,18)
(32,19)
(147,12)
(90,4)
(9,24)
(168,19)
(60,2)
(125,22)
(103,18)
(139,13)
(183,7)
(181,1)
(178,7)
(90,19)
(142,16)
(29,1)
(129,18)
(149,22)
(0,4)
(181,20)
(192,17)
(0,11)
(172,21)
(57,16)
(124,21)
(91,4)
(25,13)
(126,17)
(117,13)
(37,23)
(5,21)
(39,21)
(11,12)
(61,6)
(83,17)
(143,24)
(98,8)
(123,7)
(162,19)
(148,21)
(191,21)
(57,24)
(143,12)
(43,18)
(183,4)
(180,9)
(8,17)
(63,2)
(171,3)
(139,4)
(46,22)
(13,11)
(53,22)
(2,8)
(164,0)
(8,25)
(162,10)
(168,9)
(107,0)
(192,12)
(183,15)
(79,10)
(105,6)
(43,20)
(143,4)
(138,12)
(99,24)
(110,14)
(22,2)
(58,22)
(126,5)
(87,4)
(42,26)
(53,2)
(6,19)
(168,18)
(31,4)
(161,22)
(28,24)
(136,10)
(105,9)
(184,11)
(8,4)
(63,3)
(24,20)
(62,19)
(112,2)
(38,16)
(124,20)
(34,15)
(132,6)
(30,20)
(74,12)
(34,2)
(95,13)
(84,14)
(196,20)
(26,1)
(166,22)
(63,12)
(11,15)
(50,13)
(128,23)
(67,14)
(1,24)
(60,16)
(17,23)
(53,14)
(102,20)
(152,7)
(183,24)
(62,16)
(140,0)
(41,18)
(165,11)
(46,5)
(37,25)
(14,19)
(196,3)
(140,2)
(34,19)
(174,19)
(113,20)
(69,22)
(149,20)
(144,10)
(125,8)
(23,11)
(76,2)
(174,13)
(21,10)
(167,9)
(187,8)
(21,6)
(134,8)
(12,10)
(150,6)
(148,20)
(78,12)
(141,17)
(29,23)
(113,8)
(110,13)
(34,5)
(151,14)
(93,5)
(99,12)
(32,7)
(136,5)
(46,1)
(167,16)
(121,9)
(106,25)
(195,7)
(150,9)
(78,26)
(90,7)
(125,25)
(121,12)
(77,14)
(155,23)
(87,15)
(135,14)
(58,17)
(85,5)
(86,4)
(21,0)
(105,20)
(163,8)
(80,7)
(190,26)
(180,18)
(120,24)
(1,17)
(58,6)
(142,12)
(176,2)
(194,5)
(129,10)
(162,12)
(49,3)
(37,21)
(141,8)
(120,16)
(111,25)
(128,18)
(35,16)
(110,5)
(146,19)
(130,5)
(41,14)
(36,12)
(43,23)
(182,3)
(6,4)
(30,25)
(85,4)
(162,22)
(143,17)
(19,25)
(71,14)
(161,26)
(38,23)
(13,3)
(116,17)
(75,13)
(116,8)
(54,6)
(195,8)
(114,15)
(29,25)
(180,22)
(150,7)
(177,25)
(86,7)
(153,12)
(99,2)
(40,1)
(31,24)
(61,22)
(34,11)
(0,18)
(143,15)
(68,20)
(49,0)
(139,1)
(182,11)
(161,5)
(1,13)
(56,15)
(65,6)
(183,13)
(185,6)
(31,1)
(182,22)
(149,6)
(69,18)
(132,2)
(63,1)
(183,6)
(183,25)
(142,23)
(72,24)
(26,19)
(138,4)
(13,6)
(115,17)
(150,20)
(131,11)
(192,0)
(22,21)
(187,26)
(169,2)
(94,6)
(57,0)
(33,5)
(103,1)
(125,13)
(187,16)
(152,15)
(52,24)
(82,2)
(136,17)
(100,26)
(143,7)
(190,0)
(103,9)
(81,22)
(15,3)
(73,21)
(146,21)
(87,7)
(91,9)
(46,24)
(49,8)
(171,23)
(72,3)
(20,6)
(22,19)
(117,16)
(190,13)
(94,4)
(82,14)
(160,14)
(130,3)
(9,2)
(61,13)
(109,16)
(58,7)
(36,2)
(130,24)
(186,10)
(72,23)
(196,17)
(161,9)
(153,0)
(146,24)
(183,18)
(106,2)
(50,21)
(40,24)
(67,8)
(31,17)
(171,10)
(30,9)
(165,21)
(52,14)
(45,25)
(121,1)
(138,18)
(182,1)
(115,4)
(64,13)
(9,16)
(98,23)
(77,9)
(21,3)
(98,22)
(118,7)
(21,7)
(162,17)
(157,21)
(167,26)
(196,12)
(13,22)
(1,15)
(25,23)
(157,1)
(54,5)
(132,21)
(47,8)
(179,22)
(9,3)
(106,0)
(170,20)
(87,13)
(144,22)
(63,11)
(73,25)
(169,17)
(116,13)
(114,26)
(124,14)
(54,7)
(195,24)
(127,26)
(164,8)
(92,2)
(47,18)
(58,23)
(111,23)
(30,22)
(92,7)
(129,6)
(99,4)
(67,23)
(181,3)
(180,12)
(195,13)
(1,1)
(39,10)
(15,12)
(31,22)
(142,5)
(22,22)
(74,15)
(170,7)
(77,6)
(71,0)
(91,24)
(74,20)
(166,2)
(94,14)
(193,15)
(181,16)
(171,25)
(187,9)
(161,17)
(185,10)
(66,6)
(87,12)
(43,9)
(12,15)
(113,12)
(193,10)
(51,26)
(197,7)
(137,15)
(23,17)
(58,18)
(137,6)
(62,1)
(182,15)
(35,20)
(60,26)
(199,20)
(117,12)
(50,8)
(114,10)
(190,17)
(96,4)
(2,21)
(114,8)
(4,15)
(196,5)
(197,5)
(171,14)
(192,8)
(27,0)
(98,12)
(81,9)
(76,16)
(30,10)
(153,17)
(118,26)
(49,13)
(8,5)
(68,23)
(65,12)
(126,10)
(55,10)
(171,4)
(106,13)
(97,16)
(120,23)
(194,2)
(133,25)
(131,2)
(131,1)
(133,1)
(155,18)
(43,15)
(157,14)
(88,12)
(59,1)
(175,7)
(182,16)
(173,21)
(122,17)
(95,10)
(73,19)
(154,16)
(67,17)
(150,2)
(34,6)
(93,3)
(159,17)
(11,10)
(171,24)
(125,3)
(184,22)
(92,8)
(163,9)
(144,13)
(62,10)
(43,5)
(16,13)
(141,16)
(127,3)
(136,11)
(82,19)
(100,6)
(83,7)
(142,17)
(57,6)
(82,16)
(35,26)
(183,19)
(171,20)
(193,12)
(66,14)
(104,11)
(28,6)
(122,21)
(79,7)
(37,6)
(33,7)
(98,26)
(144,0)
(141,6)
(176,16)
(160,2)
(77,10)
(70,1)
(183,16)
(23,20)
(31,2)
(31,15)
(39,0)
(44,19)
(82,15)
(39,6)
(102,14)
(23,22)
(97,14)
(193,5)
(37,7)
(30,7)
(194,1)
(97,15)
(59,3)
(192,23)
(51,12)
(23,6)
(116,18)
(38,13)
(111,18)
(62,20)
(27,5)
(1,18)
(98,25)
(52,17)
(99,18)
(128,7)
(140,1)
(70,8)
(77,25)
(126,8)
(186,20)
(35,15)
(75,4)
(154,24)
(26,26)
(198,11)
(33,17)
(154,18)
(39,16)
(193,7)
(41,9)
(88,9)
(167,20)
(73,17)
(187,20)
(162,3)
(139,25)
(160,3)
(30,16)
(87,9)
(140,8)
(119,4)
(114,18)
(11,8)
(159,8)
(175,17)
(90,16)
(100,15)
(17,6)
(154,0)
(154,5)
(166,21)
(119,19)
(165,8)
(125,14)
(14,9)
(1,3)
(180,10)
(72,15)
(39,4)
(39,14)
(10,1)
(103,25)
(111,17)
(178,11)
(148,24)
(47,24)
(114,24)
(8,12)
(129,0)
(161,13)
(163,19)
(12,22)
(179,14)
(71,19)
(36,0)
(190,25)
(56,13)
(73,10)
(18,23)
(24,6)
(56,2)
(182,20)
(20,11)
(17,18)
(149,17)
(193,26)
(86,1)
(92,10)
(111,7)
(21,2)
(141,19)
(59,21)
(135,18)
(77,7)
(159,14)
(81,10)
(153,26)
(14,2)
(120,2)
(31,23)
(11,6)
(188,18)
(92,17)
(190,6)
(4,2)
(61,2)
(48,8)
(57,20)
(58,19)
(56,17)
(181,26)
(180,14)
(49,15)
(157,8)
(199,11)
(23,3)
(144,5)
(6,26)
(29,15)
(177,8)
(159,25)
(17,4)
(61,23)
(106,26)
(83,14)
(128,15)
(162,15)
(15,25)
(72,8)
(44,3)
(123,22)
(13,20)
(147,17)
(129,15)
(170,21)
(57,19)
(72,4)
(116,19)
(186,24)
(82,25)
(87,17)
(164,19)
(50,9)
(99,9)
(167,8)
(129,13)
(179,13)
(157,19)
(24,14)
(1,22)
(34,13)
(112,21)
(183,22)
(4,20)
(198,20)
(110,10)
(63,7)
(128,17)
(151,2)
(197,6)
(45,6)
(61,10)
(22,14)
(147,15)
(171,8)
(75,18)
(189,11)
(135,24)
(192,20)
(194,8)
(113,24)
(75,16)
(87,21)
(84,18)
(149,11)
(180,5)
(119,26)
(146,1)
(199,6)
(41,23)
(36,9)
(18,3)
(80,26)
(172,4)
(91,22)
(53,26)
(9,4)
(108,14)
(61,14)
(87,5)
(91,3)
(175,25)
(126,9)
(183,23)
(68,18)
(130,8)
(137,25)
(170,18)
(63,4)
(152,16)
(13,12)
(32,8)
(104,19)
(99,7)
(113,21)
(187,19)
(100,20)
(36,11)
(51,8)
(34,10)
(93,9)
(83,22)
(54,24)
(28,7)
(8,1)
(19,23)
(103,6)
(126,21)
(70,22)
(195,16)
(131,13)
(183,17)
(54,20)
(59,4)
(154,17)
(196,25)
(122,10)
(92,12)
(101,7)
(182,23)
(162,4)
(93,26)
(196,13)
(108,22)
(72,19)
(111,21)
(196,6)
(51,4)
(196,2)
(154,7)
(7,1)
(194,22)
(120,17)
(189,25)
(138,11)
(25,18)
(137,10)
(173,11)
(116,4)
(141,24)
(143,5)
(127,17)
(16,6)
(72,6)
(118,9)
(36,17)
(149,12)
(5,14)
(142,9)
(162,6)
(152,17)
(127,25)
(67,26)
(116,25)
(97,6)
(27,17)
(64,7)
(32,6)
(36,18)
(118,16)
(27,25)
(128,26)
(117,20)
(196,21)
(163,5)
(113,13)
(58,8)
(75,9)
(6,17)
(76,20)
(5,3)
(197,24)
(46,16)
(179,19)
(3,23)
(93,1)
(109,4)
(42,7)
(180,26)
(184,21)
(171,12)
(22,18)
(185,13)
(184,9)
(169,13)
(79,14)
(32,11)
(150,11)
(100,9)
(109,6)
(104,13)
(52,15)
(8,13)
(124,3)
(23,5)
(29,24)
(110,2)
(32,13)
(4,22)
(60,14)
(101,25)
(49,19)
(3,20)
(56,12)
(32,25)
(62,14)
(123,6)
(161,20)
(148,9)
(157,15)
(135,2)
(161,6)
(21,17)
(180,19)
(110,8)
(119,14)
(161,11)
(122,8)
(101,8)
(154,13)
(16,15)
(141,13)
(35,2)
(154,22)
(159,18)
(100,2)
(24,24)
(160,17)
(103,15)
(36,20)
(118,14)
(197,9)
(194,26)
(48,3)
(156,13)
(22,12)
(139,0)
(133,12)
(163,20)
(7,10)
(192,6)
(141,10)
(75,8)
(99,8)
(102,6)
(49,16)
(30,12)
(100,3)
(45,7)
(107,22)
(11,19)
(79,5)
(161,21)
(26,5)
(102,16)
(120,6)
(18,12)
(190,5)
(7,3)
(192,14)
(3,0)
(67,20)
(193,20)
(42,24)
(168,4)
(1,23)
(186,13)
(33,6)
(123,9)
(7,9)
(105,13)
(91,12)
(10,2)
(32,10)
(73,6)
(165,1)
(139,20)
(34,24)
(34,20)
(44,17)
(192,9)
(126,16)
(104,7)
(181,12)
(28,9)
(107,10)
(91,20)
(178,15)
(198,5)
(149,7)
(193,24)
(14,8)
(117,17)
(77,12)
(5,25)
(160,18)
(113,7)
(115,9)
(192,26)
(199,23)
(130,17)
(118,5)
(197,12)
(143,18)
(97,17)
(118,15)
(159,16)
(76,8)
(199,0)
(24,8)
(53,0)
(15,4)
(136,1)
(123,1)
(31,9)
(194,14)
(80,8)
(98,20)
(52,21)
(27,3)
(131,8)
(134,13)
(83,3)
(132,3)
(104,25)
(71,9)
(87,2)
(51,3)
(162,24)
(18,19)
(162,23)
(131,12)
(182,8)
(110,7)
(33,22)
(164,21)
(135,25)
(108,6)
(177,23)
(1,16)
(89,22)
(172,3)
(170,12)
(163,1)
(22,9)
(191,0)
(70,16)
(102,0)
(161,16)
(17,26)
(146,20)
(46,17)
(79,9)
(132,18)
(83,8)
(55,8)
(78,23)
(71,17)
(102,7)
(131,16)
(144,8)
(198,10)
(33,18)
(113,9)
(3,3)
(161,18)
(11,1)
(184,4)
(98,3)
(92,22)
(126,15)
(48,24)
(54,21)
(88,5)
(122,24)
(94,21)
(167,12)
(81,2)
(170,17)
(44,1)
(155,12)
(85,17)
(81,5)
(83,13)
(17,8)
(0,9)
(26,22)
(110,23)
(60,8)
(147,8)
(21,13)
(117,25)
(129,19)
(174,24)
(88,10)
(64,9)
(33,1)
(120,13)
(113,26)
(113,23)
(42,17)
(41,8)
(45,15)
(15,5)
(10,11)
(32,20)
(51,14)
(161,14)
(196,19)
(93,24)
(45,13)
(128,21)
(164,12)
(53,13)
(146,14)
(43,17)
(193,22)
(16,22)
(37,0)
(163,10)
(178,19)
(181,10)
(150,19)
(105,14)
(153,24)
(141,1)
(7,19)
(142,3)
(73,12)
(36,21)
(74,26)
(196,10)
(67,21)
(20,20)
(76,14)
(32,22)
(55,7)
(151,17)
(127,13)
(98,13)
(162,26)
(21,25)
(70,19)
(179,6)
(128,14)
(86,9)
(80,25)
(144,6)
(167,14)
(164,23)
(176,5)
(128,3)
(136,22)
(8,23)
(160,19)
(167,17)
(31,7)
(165,16)
(49,6)
(58,16)
(144,26)
(139,12)
(127,23)
(167,23)
(55,13)
(126,22)
(30,17)
(46,4)
(33,11)
(61,1)
(86,26)
(187,11)
(159,9)
(100,11)
(164,24)
(136,6)
(45,19)
(141,21)
(2,5)
(15,8)
(116,5)
(93,25)
(130,25)
(6,6)
(99,11)
(32,21)
(106,19)
(56,18)
(91,6)
(132,19)
(104,17)
(135,12)
(86,11)
(106,17)
(192,24)
(106,10)
(172,14)
(97,10)
(19,21)
(0,2)
(1,8)
(40,25)
(125,26)
(77,5)
(38,11)
(2,18)
(69,1)
(176,11)
(194,9)
(161,19)
(77,2)
(182,13)
(1,25)
(118,22)
(37,22)
(15,24)
(25,11)
(26,6)
(187,3)
(129,16)
(163,14)
(38,6)
(100,19)
(114,22)
(59,22)
(146,25)
(126,14)
(140,10)
(141,25)
(61,17)
(17,11)
(24,3)
(96,24)
(177,12)
(35,21)
(16,2)
(78,18)
(129,7)
(195,3)
(28,21)
(160,11)
(177,13)
(144,14)
(109,3)
(123,11)
(55,23)
(156,26)
(166,24)
(46,8)
(130,19)
(53,9)
(114,19)
(73,5)
(130,9)
(177,4)
(108,4)
(45,11)
(150,5)
(147,11)
(91,11)
(123,10)
(164,25)
(110,22)
(140,22)
(105,18)
(131,9)
(36,26)
(65,11)
(3,26)
(199,9)
(107,1)
(125,12)
(121,6)
(86,14)
(121,19)
(113,17)
(64,1)
(67,25)
(169,16)
(147,13)
(192,7)
(63,15)
(181,14)
(56,6)
(27,19)
(149,23)
(196,9)
(121,16)
(162,18)
(69,12)
(120,7)
(18,16)
(19,8)
(169,19)
(85,8)
(21,15)
(75,17)
(80,11)
(143,14)
(4,10)
(75,25)
(82,20)
(100,12)
(151,21)
(167,22)
(129,23)
(151,9)
(128,11)
(152,6)
(198,14)
(188,4)
(35,22)
(47,25)
(7,21)
(190,9)
(124,24)
(140,12)
(0,7)
(90,25)
(24,7)
(42,12)
(122,22)
(131,6)
(146,12)
(0,24)
(120,1)
(95,12)
(26,18)
(98,5)
(43,1)
(27,9)
(96,9)
(137,20)
(30,11)
(16,10)
(99,10)
(153,23)
(115,3)
(71,16)
(21,11)
(65,22)
(4,18)
(143,11)
(168,22)
(74,11)
(138,7)
(164,20)
(187,25)
(144,24)
(84,15)
(142,24)
(52,18)
(92,24)
(68,13)
(178,13)
(116,14)
(38,26)
(68,11)
(79,26)
(53,3)
(146,26)
(3,13)
(164,2)
(181,13)
(169,0)
(195,2)
(165,3)
(160,6)
(49,25)
(75,11)
(10,9)
(150,14)
(96,18)
(155,4)
(188,3)
(110,21)
(76,26)
(94,13)
(66,5)
(102,1)
(187,4)
(175,14)
(190,21)
(24,16)
(93,12)
(156,10)
(79,23)
(70,26)
(100,18)
(163,21)
(80,2)
(93,8)
(164,10)
(193,25)
(51,24)
(112,0)
(0,20)
(188,9)
(85,7)
(195,14)
(107,13)
(126,25)
(64,25)
(103,7)
(26,3)
(81,26)
(123,23)
(66,12)
(107,3)
(85,10)
(146,13)
(95,19)
(197,22)
(37,26)
(164,17)
(181,5)
(34,26)
(75,1)
(69,17)
(125,11)
(166,6)
(168,11)
(72,25)
(94,20)
(58,26)
(92,20)
(6,16)
(29,19)
(9,18)
(64,10)
(34,8)
(12,7)
(178,23)
(117,10)
(193,21)
(109,18)
(19,12)
(19,19)
(137,21)
(126,20)
(189,12)
(65,4)
(131,26)
(67,18)
(147,20)
(104,21)
(50,15)
(90,8)
(17,9)
(90,21)
(43,24)
(194,12)
(154,11)
(185,17)
(198,21)
(113,18)
(40,3)
(165,9)
(26,4)
(62,26)
(148,4)
(74,10)
(107,24)
(101,17)
(31,19)
(16,5)
(6,15)
(84,24)
(193,9)
(13,25)
(1,26)
(171,9)
(122,14)
(104,2)
(6,12)
(163,24)
(83,26)
(26,25)
(137,8)
(174,3)
(101,12)
(12,25)
(119,23)
(3,18)
(8,14)
(78,24)
(57,7)
(163,18)
(0,14)
(49,9)
(137,5)
(129,14)
(164,22)
(143,25)
(146,2)
(80,23)
(67,1)
(66,25)
(71,13)
(112,15)
(133,16)
(39,13)
(196,16)
(171,13)
(100,8)
(136,14)
(133,0)
(3,12)
(108,13)
(164,26)
(61,5)
(160,7)
(59,12)
(53,8)
(3,2)
(113,19)
(79,8)
(164,7)
(123,21)
(99,19)
(74,18)
(131,18)
(87,22)
(129,22)
(25,8)
(112,5)
(58,25)
(62,8)
(155,17)
(91,17)
(38,3)
(69,24)
(32,26)
(22,8)
(88,24)
(131,17)
(18,21)
(52,19)
(80,1)
(40,12)
(182,17)
(104,18)
(189,10)
(187,17)
(197,16)
(29,26)
(33,15)
(7,11)
(91,19)
(60,25)
(43,8)
(21,4)
(157,18)
(98,21)
(192,15)
(115,25)
(62,23)
(7,23)
(156,3)
(70,21)
(47,9)
(139,19)
(163,23)
(130,7)
(36,14)
(59,16)
(181,21)
(140,13)
(25,1)
(67,9)
(152,9)
(159,22)
(153,6)
(130,18)
(25,22)
(197,10)
(96,12)
(118,3)
(67,22)
(21,14)
(133,14)
(140,20)
(151,24)
(36,22)
(172,10)
(39,18)
(40,19)
(55,6)
(85,16)
(154,21)
(156,5)
(109,22)
(48,26)
(30,13)
(143,21)
(25,21)
(127,9)
(65,7)
(9,14)
(6,5)
(180,17)
(149,2)
(59,19)
(127,15)
(178,26)
(25,9)
(157,9)
(169,26)
(79,16)
(56,25)
(112,12)
(65,16)
(124,12)
(142,26)
(148,7)
(70,10)
(151,11)
(47,0)
(111,20)
(110,12)
(84,11)
(47,5)
(6,21)
(53,20)
(83,11)
(70,15)
(157,24)
(120,21)
(4,24)
(52,4)
(158,13)
(92,25)
(54,9)
(197,20)
(2,24)
(69,20)
(175,26)
(158,2)
(125,23)
(78,25)
(28,22)
(53,7)
(189,6)
(25,14)
(96,8)
(177,17)
(103,2)
(136,19)
(121,11)
(62,5)
(158,4)
(94,10)
(29,7)
(136,8)
(59,10)
(17,19)
(19,24)
(41,12)
(199,25)
(155,2)
(112,8)
(149,21)
(5,22)
(139,9)
(60,13)
(196,24)
(82,21)
(79,18)
(70,6)
(82,26)
(34,16)
(197,26)
(94,12)
(175,1)
(103,22)
(36,15)
(174,2)
(195,5)
(41,19)
(76,3)
(133,26)
(59,23)
(83,4)
(158,6)
(12,5)
(173,10)
(169,10)
(96,11)
(123,3)
(89,0)
(190,18)
(169,9)
(96,10)
(197,25)
(66,2)
(111,6)
(77,22)
(15,18)
(135,23)
(136,15)
(112,20)
(184,14)
(17,20)
(165,26)
(25,24)
(42,15)
(156,18)
(29,10)
(181,19)
(89,11)
(49,26)
