200 Users
27 Files
2000 Transactions
2 Maximum Connections
1 Cycle Length per Upload-Download
0 Warm-up Transactions
0.400000 Zipf constant
5 Pre-Trusted Users
160 Well-Behaved (Good) Users
40 Purely Malicious Users
0 Feedback Skewing Users
0 Malignant Providing Users
0 Disguised Malicous Users
0 Sybil Attack Users
true Intelligent Trans. Generation
1561009591278 Trace Generation Seed

(0.062248,0.000000,1,false)
(0.003447,0.000000,1,false)
(0.070682,0.000000,1,false)
(0.086955,0.000000,1,false)
(0.050647,0.000000,1,false)
(0.015260,0.000000,1,false)
(0.086403,0.000000,1,false)
(0.064344,0.000000,1,false)
(0.089326,0.000000,1,false)
(0.084270,0.000000,1,false)
(0.070200,0.000000,1,false)
(0.065760,0.000000,1,false)
(0.066399,0.000000,1,false)
(0.003049,0.000000,1,false)
(0.064774,0.000000,1,false)
(0.016166,0.000000,1,false)
(0.029556,0.000000,1,false)
(0.059159,0.000000,1,false)
(0.015430,0.000000,1,false)
(0.096719,0.000000,1,false)
(0.093522,0.000000,1,false)
(0.033216,0.000000,1,false)
(0.080717,0.000000,1,false)
(0.005280,0.000000,1,false)
(0.067941,0.000000,1,false)
(0.032979,0.000000,1,false)
(0.032270,0.000000,1,false)
(0.073355,0.000000,1,false)
(0.071611,0.000000,1,false)
(0.042964,0.000000,1,false)
(0.063758,0.000000,1,false)
(0.009266,0.000000,1,false)
(0.057677,0.000000,1,false)
(0.081723,0.000000,1,false)
(0.001537,0.000000,1,false)
(0.026521,0.000000,1,false)
(0.086210,0.000000,1,false)
(0.049618,0.000000,1,false)
(0.085542,0.000000,1,false)
(0.033631,0.000000,1,false)
(0.954452,1.000000,0,true)
(0.981225,1.000000,0,true)
(0.932078,1.000000,0,true)
(0.992980,1.000000,0,true)
(0.958169,1.000000,0,true)
(0.936122,1.000000,0,false)
(0.940947,1.000000,0,false)
(0.957761,1.000000,0,false)
(0.952636,1.000000,0,false)
(0.942424,1.000000,0,false)
(0.964168,1.000000,0,false)
(0.919670,1.000000,0,false)
(0.977264,1.000000,0,false)
(0.942542,1.000000,0,false)
(0.984468,1.000000,0,false)
(0.964027,1.000000,0,false)
(0.994891,1.000000,0,false)
(0.907054,1.000000,0,false)
(0.910022,1.000000,0,false)
(0.988026,1.000000,0,false)
(0.914400,1.000000,0,false)
(0.980101,1.000000,0,false)
(0.990527,1.000000,0,false)
(0.929324,1.000000,0,false)
(0.917584,1.000000,0,false)
(0.951675,1.000000,0,false)
(0.996378,1.000000,0,false)
(0.952972,1.000000,0,false)
(0.946792,1.000000,0,false)
(0.935680,1.000000,0,false)
(0.972905,1.000000,0,false)
(0.969638,1.000000,0,false)
(0.919979,1.000000,0,false)
(0.938787,1.000000,0,false)
(0.977625,1.000000,0,false)
(0.987709,1.000000,0,false)
(0.996668,1.000000,0,false)
(0.933151,1.000000,0,false)
(0.901327,1.000000,0,false)
(0.903274,1.000000,0,false)
(0.922168,1.000000,0,false)
(0.995945,1.000000,0,false)
(0.963586,1.000000,0,false)
(0.905364,1.000000,0,false)
(0.928093,1.000000,0,false)
(0.950461,1.000000,0,false)
(0.959872,1.000000,0,false)
(0.919035,1.000000,0,false)
(0.964734,1.000000,0,false)
(0.937144,1.000000,0,false)
(0.920967,1.000000,0,false)
(0.925944,1.000000,0,false)
(0.985329,1.000000,0,false)
(0.958507,1.000000,0,false)
(0.925741,1.000000,0,false)
(0.991078,1.000000,0,false)
(0.993532,1.000000,0,false)
(0.979222,1.000000,0,false)
(0.985591,1.000000,0,false)
(0.985086,1.000000,0,false)
(0.903608,1.000000,0,false)
(0.922002,1.000000,0,false)
(0.992987,1.000000,0,false)
(0.924423,1.000000,0,false)
(0.947913,1.000000,0,false)
(0.981012,1.000000,0,false)
(0.997528,1.000000,0,false)
(0.956076,1.000000,0,false)
(0.998159,1.000000,0,false)
(0.977591,1.000000,0,false)
(0.940825,1.000000,0,false)
(0.990110,1.000000,0,false)
(0.945781,1.000000,0,false)
(0.907972,1.000000,0,false)
(0.946234,1.000000,0,false)
(0.931635,1.000000,0,false)
(0.912379,1.000000,0,false)
(0.979437,1.000000,0,false)
(0.921118,1.000000,0,false)
(0.983974,1.000000,0,false)
(0.933824,1.000000,0,false)
(0.900038,1.000000,0,false)
(0.987790,1.000000,0,false)
(0.986939,1.000000,0,false)
(0.980967,1.000000,0,false)
(0.977511,1.000000,0,false)
(0.914660,1.000000,0,false)
(0.918044,1.000000,0,false)
(0.946285,1.000000,0,false)
(0.995417,1.000000,0,false)
(0.971379,1.000000,0,false)
(0.920379,1.000000,0,false)
(0.938917,1.000000,0,false)
(0.968836,1.000000,0,false)
(0.980859,1.000000,0,false)
(0.928524,1.000000,0,false)
(0.990631,1.000000,0,false)
(0.938078,1.000000,0,false)
(0.987081,1.000000,0,false)
(0.943523,1.000000,0,false)
(0.982204,1.000000,0,false)
(0.936902,1.000000,0,false)
(0.900434,1.000000,0,false)
(0.959363,1.000000,0,false)
(0.953475,1.000000,0,false)
(0.971654,1.000000,0,false)
(0.922120,1.000000,0,false)
(0.966780,1.000000,0,false)
(0.961043,1.000000,0,false)
(0.969489,1.000000,0,false)
(0.985732,1.000000,0,false)
(0.955385,1.000000,0,false)
(0.995128,1.000000,0,false)
(0.997503,1.000000,0,false)
(0.987654,1.000000,0,false)
(0.902246,1.000000,0,false)
(0.961555,1.000000,0,false)
(0.920146,1.000000,0,false)
(0.908270,1.000000,0,false)
(0.973970,1.000000,0,false)
(0.976110,1.000000,0,false)
(0.949653,1.000000,0,false)
(0.953227,1.000000,0,false)
(0.980217,1.000000,0,false)
(0.906729,1.000000,0,false)
(0.953543,1.000000,0,false)
(0.968127,1.000000,0,false)
(0.999265,1.000000,0,false)
(0.934011,1.000000,0,false)
(0.914372,1.000000,0,false)
(0.900995,1.000000,0,false)
(0.950844,1.000000,0,false)
(0.982512,1.000000,0,false)
(0.989940,1.000000,0,false)
(0.904777,1.000000,0,false)
(0.917916,1.000000,0,false)
(0.904040,1.000000,0,false)
(0.997096,1.000000,0,false)
(0.986823,1.000000,0,false)
(0.917434,1.000000,0,false)
(0.969909,1.000000,0,false)
(0.939006,1.000000,0,false)
(0.923981,1.000000,0,false)
(0.990298,1.000000,0,false)
(0.951627,1.000000,0,false)
(0.914450,1.000000,0,false)
(0.970375,1.000000,0,false)
(0.922859,1.000000,0,false)
(0.938935,1.000000,0,false)
(0.988222,1.000000,0,false)
(0.990350,1.000000,0,false)
(0.926233,1.000000,0,false)
(0.960447,1.000000,0,false)
(0.964090,1.000000,0,false)
(0.951298,1.000000,0,false)
(0.985580,1.000000,0,false)
(0.935287,1.000000,0,false)
(0.986101,1.000000,0,false)
(0.910183,1.000000,0,false)
(0.949180,1.000000,0,false)

(0,0,false)
(2,0,false)
(3,0,false)
(5,0,false)
(6,0,false)
(7,0,false)
(8,0,false)
(9,0,false)
(10,0,false)
(11,0,false)
(12,0,false)
(13,0,false)
(14,0,false)
(15,0,false)
(16,0,false)
(19,0,false)
(21,0,false)
(22,0,false)
(23,0,false)
(24,0,true)
(25,0,false)
(26,0,false)
(27,0,false)
(30,0,false)
(31,0,false)
(32,0,false)
(33,0,false)
(34,0,false)
(35,0,false)
(36,0,false)
(39,0,false)
(40,0,true)
(41,0,true)
(42,0,true)
(43,0,true)
(45,0,true)
(46,0,true)
(47,0,true)
(48,0,true)
(49,0,true)
(50,0,false)
(51,0,true)
(52,0,true)
(53,0,true)
(54,0,true)
(55,0,true)
(56,0,true)
(59,0,true)
(60,0,true)
(61,0,true)
(62,0,true)
(63,0,true)
(64,0,true)
(65,0,true)
(68,0,false)
(69,0,true)
(70,0,true)
(71,0,true)
(72,0,true)
(73,0,true)
(74,0,true)
(75,0,true)
(76,0,true)
(79,0,false)
(80,0,true)
(81,0,true)
(83,0,true)
(84,0,true)
(85,0,true)
(86,0,true)
(87,0,true)
(88,0,true)
(89,0,true)
(90,0,true)
(91,0,true)
(93,0,true)
(94,0,true)
(95,0,true)
(97,0,true)
(98,0,true)
(100,0,true)
(101,0,true)
(103,0,true)
(104,0,true)
(106,0,true)
(107,0,true)
(109,0,true)
(110,0,true)
(111,0,true)
(113,0,true)
(114,0,true)
(115,0,true)
(116,0,true)
(117,0,true)
(118,0,true)
(119,0,true)
(123,0,true)
(125,0,true)
(126,0,true)
(127,0,true)
(128,0,true)
(130,0,true)
(131,0,true)
(132,0,true)
(133,0,true)
(134,0,true)
(135,0,true)
(136,0,true)
(137,0,true)
(138,0,true)
(140,0,true)
(141,0,true)
(142,0,true)
(143,0,true)
(145,0,true)
(146,0,true)
(148,0,true)
(149,0,true)
(152,0,true)
(153,0,true)
(154,0,true)
(155,0,true)
(157,0,true)
(158,0,true)
(160,0,true)
(161,0,true)
(162,0,true)
(164,0,true)
(165,0,true)
(167,0,true)
(168,0,true)
(169,0,true)
(173,0,true)
(174,0,true)
(175,0,true)
(178,0,true)
(179,0,true)
(180,0,true)
(181,0,true)
(183,0,true)
(184,0,true)
(185,0,true)
(187,0,true)
(188,0,true)
(189,0,true)
(190,0,true)
(191,0,true)
(192,0,true)
(193,0,true)
(194,0,true)
(195,0,true)
(196,0,true)
(197,0,true)
(198,0,true)
(2,1,false)
(4,1,false)
(5,1,false)
(6,1,false)
(8,1,false)
(10,1,false)
(12,1,true)
(13,1,false)
(16,1,false)
(18,1,false)
(19,1,false)
(20,1,false)
(22,1,false)
(23,1,false)
(24,1,true)
(28,1,false)
(29,1,false)
(30,1,false)
(33,1,false)
(34,1,false)
(35,1,false)
(36,1,false)
(38,1,false)
(39,1,false)
(40,1,true)
(41,1,true)
(42,1,true)
(45,1,true)
(47,1,true)
(48,1,true)
(49,1,true)
(50,1,true)
(51,1,true)
(52,1,true)
(53,1,true)
(54,1,true)
(55,1,true)
(56,1,true)
(57,1,true)
(58,1,true)
(60,1,true)
(61,1,true)
(62,1,true)
(63,1,true)
(65,1,true)
(66,1,true)
(67,1,true)
(68,1,true)
(69,1,true)
(71,1,true)
(72,1,true)
(73,1,true)
(74,1,true)
(75,1,true)
(76,1,true)
(77,1,true)
(78,1,true)
(80,1,true)
(81,1,true)
(85,1,true)
(86,1,true)
(87,1,true)
(89,1,true)
(90,1,true)
(91,1,true)
(92,1,true)
(93,1,true)
(94,1,true)
(95,1,true)
(97,1,true)
(98,1,true)
(99,1,true)
(100,1,true)
(101,1,true)
(102,1,true)
(103,1,true)
(104,1,true)
(106,1,true)
(107,1,true)
(109,1,true)
(111,1,true)
(112,1,true)
(113,1,true)
(114,1,true)
(115,1,true)
(116,1,true)
(117,1,true)
(118,1,true)
(119,1,true)
(120,1,true)
(121,1,true)
(122,1,true)
(124,1,true)
(126,1,true)
(128,1,true)
(132,1,true)
(133,1,true)
(134,1,true)
(136,1,true)
(137,1,true)
(138,1,true)
(139,1,true)
(140,1,true)
(141,1,true)
(142,1,true)
(144,1,true)
(145,1,true)
(146,1,true)
(149,1,true)
(154,1,true)
(155,1,true)
(157,1,true)
(158,1,true)
(159,1,true)
(162,1,false)
(163,1,true)
(166,1,true)
(169,1,true)
(170,1,true)
(172,1,true)
(173,1,true)
(175,1,true)
(176,1,true)
(178,1,true)
(180,1,true)
(182,1,true)
(183,1,true)
(185,1,false)
(188,1,true)
(189,1,true)
(190,1,true)
(192,1,true)
(193,1,true)
(194,1,true)
(196,1,true)
(197,1,true)
(0,2,false)
(1,2,false)
(2,2,false)
(5,2,false)
(6,2,false)
(7,2,false)
(10,2,false)
(11,2,false)
(12,2,false)
(13,2,false)
(14,2,false)
(16,2,false)
(17,2,false)
(18,2,false)
(19,2,false)
(20,2,false)
(22,2,false)
(24,2,false)
(27,2,false)
(28,2,false)
(31,2,false)
(32,2,false)
(33,2,false)
(35,2,false)
(37,2,false)
(41,2,true)
(42,2,true)
(44,2,true)
(45,2,true)
(46,2,true)
(48,2,true)
(55,2,true)
(56,2,true)
(58,2,true)
(60,2,true)
(61,2,true)
(64,2,true)
(66,2,true)
(68,2,true)
(69,2,true)
(70,2,true)
(71,2,true)
(73,2,true)
(74,2,true)
(75,2,true)
(77,2,true)
(79,2,true)
(80,2,true)
(86,2,true)
(87,2,true)
(88,2,true)
(91,2,true)
(92,2,true)
(93,2,true)
(95,2,true)
(96,2,true)
(97,2,true)
(98,2,true)
(102,2,true)
(105,2,true)
(107,2,true)
(108,2,true)
(110,2,true)
(112,2,true)
(113,2,true)
(115,2,true)
(116,2,true)
(123,2,true)
(126,2,true)
(127,2,true)
(131,2,true)
(133,2,true)
(134,2,true)
(135,2,true)
(136,2,true)
(137,2,true)
(138,2,true)
(139,2,true)
(142,2,true)
(143,2,true)
(144,2,true)
(145,2,true)
(146,2,true)
(147,2,true)
(148,2,true)
(150,2,true)
(151,2,true)
(154,2,true)
(156,2,true)
(159,2,true)
(161,2,true)
(163,2,true)
(169,2,true)
(170,2,true)
(171,2,true)
(174,2,true)
(178,2,true)
(179,2,true)
(181,2,true)
(183,2,true)
(184,2,true)
(185,2,true)
(187,2,true)
(188,2,true)
(189,2,true)
(192,2,true)
(193,2,true)
(194,2,false)
(195,2,true)
(197,2,true)
(198,2,true)
(1,3,false)
(3,3,false)
(4,3,false)
(8,3,true)
(12,3,false)
(13,3,false)
(14,3,false)
(15,3,false)
(19,3,false)
(20,3,false)
(21,3,false)
(22,3,false)
(23,3,false)
(25,3,false)
(27,3,false)
(29,3,false)
(30,3,false)
(38,3,true)
(39,3,false)
(42,3,true)
(43,3,true)
(44,3,true)
(45,3,true)
(46,3,true)
(47,3,true)
(48,3,true)
(49,3,true)
(50,3,true)
(51,3,true)
(53,3,true)
(54,3,true)
(57,3,true)
(58,3,true)
(59,3,true)
(61,3,true)
(62,3,true)
(64,3,true)
(65,3,true)
(67,3,true)
(68,3,true)
(71,3,true)
(72,3,true)
(73,3,true)
(75,3,true)
(76,3,true)
(77,3,true)
(81,3,true)
(82,3,true)
(84,3,true)
(85,3,true)
(87,3,true)
(89,3,true)
(91,3,true)
(92,3,true)
(93,3,true)
(94,3,true)
(96,3,true)
(100,3,true)
(101,3,true)
(103,3,true)
(104,3,true)
(106,3,true)
(108,3,true)
(109,3,true)
(110,3,true)
(111,3,true)
(112,3,true)
(113,3,true)
(114,3,true)
(117,3,true)
(118,3,true)
(121,3,true)
(124,3,true)
(125,3,true)
(126,3,true)
(127,3,true)
(128,3,true)
(129,3,true)
(133,3,true)
(134,3,true)
(135,3,true)
(136,3,true)
(137,3,true)
(138,3,true)
(141,3,true)
(142,3,true)
(144,3,true)
(146,3,true)
(147,3,true)
(148,3,false)
(149,3,true)
(151,3,true)
(154,3,true)
(156,3,true)
(157,3,false)
(159,3,true)
(163,3,true)
(164,3,true)
(165,3,false)
(166,3,true)
(168,3,true)
(169,3,true)
(172,3,true)
(175,3,true)
(177,3,true)
(182,3,true)
(183,3,true)
(188,3,false)
(192,3,true)
(194,3,true)
(195,3,true)
(196,3,true)
(197,3,true)
(198,3,true)
(1,4,false)
(2,4,false)
(3,4,false)
(4,4,false)
(5,4,false)
(7,4,false)
(11,4,false)
(12,4,false)
(16,4,false)
(18,4,false)
(20,4,false)
(22,4,false)
(23,4,false)
(24,4,true)
(26,4,false)
(28,4,false)
(30,4,true)
(35,4,false)
(37,4,false)
(38,4,true)
(39,4,false)
(40,4,true)
(41,4,true)
(42,4,true)
(43,4,true)
(45,4,true)
(46,4,true)
(48,4,true)
(51,4,true)
(56,4,true)
(57,4,true)
(58,4,true)
(59,4,true)
(62,4,true)
(63,4,true)
(65,4,true)
(66,4,true)
(68,4,true)
(70,4,true)
(71,4,true)
(72,4,true)
(73,4,false)
(75,4,true)
(76,4,true)
(77,4,true)
(78,4,false)
(79,4,true)
(82,4,true)
(85,4,true)
(87,4,true)
(89,4,true)
(90,4,true)
(93,4,true)
(94,4,true)
(95,4,true)
(98,4,true)
(99,4,true)
(100,4,true)
(101,4,true)
(103,4,true)
(104,4,true)
(106,4,true)
(110,4,true)
(112,4,true)
(113,4,true)
(116,4,true)
(117,4,true)
(118,4,true)
(122,4,true)
(123,4,true)
(127,4,true)
(129,4,true)
(130,4,true)
(133,4,true)
(135,4,true)
(137,4,false)
(147,4,true)
(149,4,true)
(150,4,true)
(155,4,false)
(158,4,false)
(161,4,true)
(163,4,true)
(172,4,true)
(173,4,true)
(175,4,true)
(176,4,true)
(178,4,true)
(179,4,true)
(181,4,true)
(182,4,false)
(183,4,true)
(185,4,true)
(186,4,true)
(191,4,true)
(197,4,true)
(1,5,false)
(4,5,false)
(6,5,false)
(8,5,false)
(9,5,false)
(10,5,false)
(11,5,false)
(13,5,false)
(15,5,false)
(17,5,false)
(18,5,false)
(21,5,false)
(24,5,false)
(25,5,false)
(30,5,false)
(33,5,false)
(34,5,false)
(36,5,false)
(39,5,false)
(40,5,true)
(45,5,true)
(47,5,false)
(50,5,true)
(55,5,true)
(57,5,true)
(58,5,true)
(59,5,true)
(61,5,true)
(64,5,true)
(67,5,true)
(68,5,true)
(70,5,true)
(71,5,true)
(77,5,true)
(80,5,false)
(84,5,true)
(85,5,true)
(87,5,true)
(89,5,true)
(93,5,true)
(94,5,true)
(96,5,true)
(98,5,true)
(99,5,true)
(102,5,true)
(105,5,true)
(106,5,true)
(108,5,true)
(110,5,true)
(111,5,true)
(113,5,true)
(118,5,false)
(119,5,true)
(120,5,true)
(122,5,true)
(123,5,true)
(126,5,true)
(130,5,true)
(131,5,false)
(132,5,true)
(138,5,true)
(139,5,true)
(140,5,true)
(142,5,true)
(143,5,true)
(145,5,true)
(146,5,true)
(147,5,true)
(149,5,true)
(150,5,true)
(151,5,true)
(153,5,true)
(154,5,true)
(155,5,true)
(156,5,true)
(162,5,true)
(163,5,true)
(165,5,true)
(166,5,true)
(168,5,true)
(170,5,true)
(171,5,true)
(172,5,true)
(173,5,true)
(180,5,true)
(181,5,true)
(182,5,true)
(183,5,true)
(187,5,false)
(189,5,true)
(190,5,true)
(192,5,true)
(193,5,true)
(194,5,true)
(195,5,true)
(196,5,true)
(197,5,true)
(198,5,true)
(1,6,false)
(2,6,true)
(7,6,false)
(8,6,false)
(9,6,false)
(10,6,false)
(12,6,false)
(13,6,false)
(15,6,false)
(21,6,false)
(24,6,false)
(28,6,false)
(32,6,false)
(35,6,false)
(37,6,false)
(39,6,false)
(40,6,true)
(43,6,true)
(44,6,true)
(46,6,true)
(47,6,true)
(48,6,true)
(50,6,true)
(51,6,true)
(52,6,true)
(53,6,true)
(59,6,true)
(60,6,true)
(61,6,true)
(62,6,true)
(64,6,true)
(65,6,false)
(66,6,true)
(68,6,false)
(70,6,true)
(72,6,true)
(74,6,true)
(75,6,true)
(77,6,true)
(80,6,false)
(85,6,true)
(89,6,true)
(90,6,true)
(93,6,true)
(96,6,true)
(97,6,true)
(98,6,true)
(101,6,true)
(102,6,true)
(103,6,true)
(104,6,true)
(108,6,true)
(110,6,true)
(111,6,true)
(113,6,true)
(115,6,true)
(116,6,true)
(118,6,true)
(119,6,true)
(120,6,false)
(123,6,true)
(124,6,true)
(125,6,false)
(128,6,true)
(129,6,true)
(131,6,true)
(132,6,true)
(135,6,true)
(136,6,true)
(137,6,true)
(142,6,true)
(143,6,true)
(147,6,true)
(149,6,true)
(150,6,true)
(156,6,true)
(161,6,true)
(163,6,true)
(165,6,true)
(175,6,true)
(176,6,true)
(178,6,true)
(179,6,true)
(180,6,true)
(183,6,true)
(185,6,true)
(186,6,true)
(188,6,true)
(193,6,true)
(194,6,true)
(195,6,true)
(196,6,true)
(197,6,true)
(199,6,true)
(2,7,false)
(3,7,false)
(7,7,false)
(9,7,false)
(10,7,false)
(12,7,false)
(13,7,false)
(17,7,false)
(19,7,false)
(22,7,false)
(23,7,false)
(24,7,false)
(25,7,false)
(28,7,false)
(29,7,false)
(37,7,false)
(38,7,false)
(41,7,true)
(42,7,true)
(45,7,true)
(48,7,true)
(50,7,true)
(53,7,false)
(54,7,true)
(55,7,true)
(57,7,true)
(58,7,true)
(63,7,true)
(72,7,true)
(78,7,true)
(81,7,true)
(83,7,true)
(84,7,true)
(85,7,true)
(86,7,true)
(91,7,true)
(96,7,true)
(99,7,true)
(101,7,true)
(102,7,true)
(103,7,true)
(105,7,true)
(106,7,true)
(108,7,true)
(111,7,true)
(112,7,true)
(115,7,true)
(118,7,true)
(119,7,true)
(121,7,true)
(122,7,true)
(127,7,true)
(128,7,true)
(129,7,true)
(133,7,true)
(135,7,true)
(136,7,true)
(140,7,true)
(141,7,true)
(142,7,true)
(143,7,true)
(144,7,true)
(147,7,true)
(148,7,true)
(149,7,true)
(150,7,true)
(151,7,true)
(153,7,true)
(154,7,true)
(155,7,true)
(157,7,true)
(160,7,true)
(162,7,true)
(164,7,true)
(165,7,true)
(166,7,true)
(167,7,true)
(169,7,true)
(174,7,true)
(175,7,true)
(176,7,true)
(177,7,true)
(184,7,true)
(197,7,true)
(1,8,false)
(3,8,false)
(8,8,false)
(9,8,false)
(23,8,false)
(25,8,false)
(26,8,false)
(27,8,false)
(29,8,false)
(31,8,false)
(37,8,false)
(39,8,false)
(44,8,false)
(47,8,true)
(48,8,true)
(50,8,true)
(51,8,true)
(57,8,false)
(66,8,true)
(69,8,true)
(70,8,true)
(71,8,true)
(73,8,true)
(77,8,true)
(79,8,true)
(84,8,true)
(85,8,true)
(87,8,true)
(89,8,true)
(93,8,true)
(97,8,true)
(98,8,true)
(99,8,true)
(103,8,true)
(104,8,true)
(105,8,true)
(108,8,true)
(109,8,true)
(110,8,true)
(112,8,true)
(113,8,true)
(115,8,true)
(116,8,true)
(117,8,true)
(118,8,true)
(119,8,true)
(120,8,true)
(121,8,true)
(123,8,true)
(124,8,true)
(126,8,true)
(129,8,true)
(130,8,true)
(136,8,true)
(137,8,true)
(140,8,true)
(141,8,true)
(146,8,true)
(150,8,true)
(151,8,true)
(153,8,true)
(155,8,true)
(159,8,true)
(161,8,true)
(162,8,true)
(164,8,true)
(168,8,true)
(173,8,true)
(175,8,false)
(176,8,true)
(180,8,false)
(182,8,true)
(184,8,true)
(185,8,true)
(186,8,true)
(188,8,true)
(189,8,true)
(190,8,true)
(192,8,true)
(197,8,true)
(1,9,false)
(2,9,false)
(3,9,false)
(4,9,false)
(5,9,false)
(8,9,false)
(9,9,false)
(10,9,false)
(16,9,false)
(18,9,false)
(20,9,false)
(21,9,false)
(22,9,true)
(23,9,false)
(27,9,false)
(31,9,false)
(32,9,false)
(35,9,false)
(38,9,false)
(40,9,true)
(41,9,true)
(44,9,true)
(46,9,true)
(47,9,true)
(51,9,true)
(52,9,true)
(53,9,true)
(57,9,true)
(58,9,true)
(59,9,true)
(64,9,true)
(67,9,true)
(68,9,true)
(70,9,true)
(71,9,true)
(74,9,true)
(75,9,true)
(77,9,true)
(79,9,true)
(82,9,true)
(83,9,true)
(85,9,true)
(87,9,true)
(89,9,true)
(90,9,true)
(94,9,true)
(98,9,true)
(100,9,true)
(101,9,true)
(102,9,true)
(103,9,true)
(104,9,true)
(105,9,true)
(108,9,true)
(110,9,true)
(111,9,true)
(115,9,true)
(116,9,true)
(119,9,true)
(120,9,true)
(123,9,true)
(126,9,true)
(129,9,true)
(130,9,true)
(132,9,false)
(133,9,true)
(136,9,true)
(142,9,true)
(144,9,true)
(145,9,true)
(146,9,false)
(147,9,true)
(152,9,true)
(153,9,true)
(154,9,true)
(158,9,true)
(160,9,true)
(161,9,true)
(163,9,true)
(167,9,true)
(169,9,true)
(171,9,true)
(172,9,true)
(173,9,true)
(175,9,true)
(181,9,true)
(183,9,true)
(184,9,true)
(186,9,true)
(188,9,true)
(189,9,true)
(191,9,true)
(192,9,true)
(193,9,true)
(194,9,true)
(3,10,false)
(10,10,false)
(15,10,false)
(18,10,false)
(19,10,false)
(20,10,false)
(22,10,false)
(23,10,false)
(24,10,false)
(25,10,false)
(26,10,false)
(31,10,false)
(35,10,false)
(39,10,false)
(41,10,true)
(42,10,true)
(52,10,true)
(53,10,false)
(54,10,true)
(55,10,true)
(56,10,true)
(57,10,true)
(69,10,true)
(75,10,true)
(77,10,true)
(78,10,true)
(85,10,true)
(87,10,true)
(91,10,true)
(96,10,true)
(98,10,true)
(102,10,true)
(104,10,false)
(107,10,true)
(109,10,true)
(110,10,true)
(115,10,true)
(119,10,true)
(120,10,true)
(121,10,true)
(128,10,true)
(129,10,true)
(130,10,true)
(134,10,true)
(135,10,false)
(136,10,true)
(137,10,true)
(138,10,true)
(139,10,true)
(141,10,true)
(145,10,false)
(147,10,true)
(148,10,true)
(151,10,true)
(159,10,true)
(163,10,true)
(164,10,true)
(172,10,true)
(174,10,true)
(175,10,true)
(176,10,false)
(178,10,true)
(179,10,false)
(182,10,true)
(195,10,true)
(0,11,false)
(2,11,false)
(12,11,false)
(15,11,false)
(16,11,false)
(26,11,false)
(27,11,false)
(29,11,false)
(30,11,false)
(31,11,false)
(34,11,false)
(41,11,true)
(42,11,true)
(47,11,true)
(49,11,true)
(50,11,true)
(55,11,true)
(57,11,true)
(58,11,true)
(59,11,true)
(64,11,true)
(65,11,true)
(66,11,true)
(75,11,true)
(76,11,true)
(79,11,true)
(80,11,true)
(81,11,true)
(88,11,true)
(92,11,true)
(93,11,true)
(94,11,true)
(95,11,true)
(96,11,true)
(99,11,true)
(104,11,true)
(105,11,true)
(106,11,true)
(108,11,true)
(113,11,true)
(118,11,true)
(119,11,true)
(122,11,true)
(128,11,true)
(129,11,true)
(133,11,true)
(134,11,true)
(137,11,true)
(145,11,true)
(148,11,true)
(149,11,true)
(152,11,true)
(157,11,true)
(158,11,true)
(170,11,true)
(175,11,true)
(176,11,true)
(182,11,true)
(185,11,true)
(188,11,true)
(192,11,true)
(193,11,true)
(195,11,true)
(196,11,true)
(197,11,true)
(198,11,true)
(199,11,true)
(0,12,false)
(1,12,false)
(2,12,false)
(6,12,false)
(9,12,false)
(11,12,false)
(13,12,false)
(20,12,false)
(22,12,false)
(25,12,false)
(31,12,false)
(32,12,false)
(33,12,false)
(38,12,false)
(40,12,true)
(41,12,true)
(42,12,false)
(50,12,true)
(51,12,true)
(52,12,true)
(56,12,true)
(57,12,true)
(61,12,true)
(64,12,true)
(65,12,true)
(66,12,true)
(67,12,true)
(68,12,true)
(72,12,true)
(83,12,true)
(89,12,true)
(90,12,true)
(93,12,true)
(99,12,true)
(101,12,true)
(103,12,true)
(113,12,true)
(115,12,true)
(116,12,true)
(121,12,true)
(124,12,true)
(126,12,true)
(131,12,false)
(132,12,true)
(133,12,true)
(135,12,true)
(139,12,false)
(146,12,true)
(150,12,true)
(153,12,true)
(156,12,true)
(157,12,true)
(159,12,true)
(162,12,true)
(164,12,true)
(170,12,true)
(174,12,true)
(175,12,false)
(182,12,true)
(184,12,false)
(186,12,true)
(187,12,true)
(190,12,true)
(191,12,true)
(194,12,true)
(196,12,true)
(199,12,true)
(3,13,false)
(6,13,false)
(8,13,false)
(12,13,false)
(19,13,false)
(21,13,false)
(22,13,false)
(23,13,false)
(25,13,false)
(27,13,false)
(31,13,false)
(32,13,false)
(33,13,false)
(34,13,false)
(35,13,false)
(37,13,true)
(40,13,true)
(41,13,true)
(43,13,true)
(47,13,true)
(52,13,true)
(54,13,true)
(58,13,false)
(63,13,true)
(65,13,true)
(68,13,true)
(71,13,true)
(74,13,true)
(77,13,true)
(79,13,true)
(80,13,true)
(83,13,true)
(87,13,true)
(88,13,true)
(89,13,true)
(96,13,true)
(98,13,true)
(101,13,true)
(107,13,true)
(113,13,true)
(115,13,true)
(120,13,true)
(121,13,true)
(122,13,true)
(124,13,true)
(127,13,true)
(128,13,true)
(130,13,true)
(131,13,true)
(132,13,true)
(133,13,true)
(138,13,true)
(145,13,true)
(152,13,true)
(153,13,true)
(160,13,true)
(162,13,true)
(164,13,false)
(165,13,true)
(184,13,true)
(190,13,true)
(195,13,true)
(198,13,true)
(199,13,true)
(6,14,false)
(9,14,false)
(12,14,false)
(15,14,false)
(18,14,false)
(21,14,false)
(26,14,false)
(29,14,false)
(30,14,false)
(31,14,false)
(34,14,false)
(40,14,true)
(41,14,true)
(44,14,true)
(46,14,true)
(49,14,true)
(50,14,true)
(51,14,true)
(52,14,true)
(54,14,true)
(56,14,true)
(57,14,true)
(58,14,true)
(60,14,true)
(62,14,true)
(64,14,true)
(68,14,true)
(70,14,true)
(72,14,true)
(78,14,true)
(79,14,true)
(80,14,true)
(83,14,true)
(86,14,true)
(89,14,true)
(94,14,true)
(101,14,true)
(103,14,true)
(108,14,true)
(109,14,true)
(110,14,true)
(113,14,true)
(115,14,true)
(117,14,true)
(119,14,true)
(122,14,true)
(123,14,true)
(125,14,true)
(127,14,true)
(128,14,true)
(130,14,true)
(132,14,false)
(137,14,true)
(139,14,true)
(140,14,true)
(141,14,true)
(142,14,true)
(144,14,true)
(148,14,true)
(149,14,true)
(152,14,true)
(157,14,true)
(160,14,true)
(162,14,true)
(169,14,true)
(170,14,false)
(173,14,true)
(174,14,true)
(176,14,true)
(182,14,true)
(186,14,true)
(187,14,true)
(189,14,true)
(198,14,true)
(3,15,false)
(6,15,false)
(10,15,false)
(12,15,false)
(13,15,false)
(14,15,false)
(16,15,false)
(20,15,false)
(21,15,false)
(22,15,false)
(25,15,false)
(28,15,false)
(31,15,false)
(32,15,false)
(44,15,true)
(45,15,true)
(46,15,true)
(55,15,true)
(57,15,true)
(58,15,true)
(60,15,true)
(61,15,true)
(63,15,true)
(65,15,true)
(66,15,true)
(67,15,true)
(70,15,true)
(73,15,true)
(78,15,true)
(81,15,true)
(86,15,true)
(87,15,true)
(89,15,true)
(97,15,true)
(101,15,true)
(102,15,true)
(106,15,true)
(107,15,true)
(109,15,true)
(113,15,false)
(123,15,true)
(125,15,true)
(126,15,true)
(128,15,true)
(129,15,true)
(133,15,true)
(140,15,true)
(145,15,true)
(146,15,true)
(148,15,true)
(151,15,true)
(157,15,true)
(158,15,false)
(162,15,true)
(163,15,true)
(164,15,true)
(167,15,true)
(170,15,true)
(173,15,true)
(178,15,true)
(180,15,true)
(181,15,true)
(183,15,true)
(186,15,true)
(188,15,true)
(190,15,true)
(191,15,true)
(193,15,true)
(194,15,true)
(0,16,true)
(6,16,false)
(7,16,false)
(12,16,false)
(14,16,false)
(15,16,false)
(17,16,false)
(18,16,false)
(19,16,false)
(20,16,false)
(25,16,false)
(26,16,false)
(29,16,false)
(33,16,false)
(34,16,false)
(35,16,false)
(39,16,false)
(42,16,true)
(53,16,true)
(57,16,false)
(60,16,true)
(62,16,true)
(65,16,true)
(67,16,true)
(69,16,true)
(76,16,true)
(80,16,true)
(81,16,true)
(86,16,true)
(89,16,true)
(94,16,true)
(100,16,true)
(101,16,false)
(107,16,true)
(108,16,true)
(110,16,false)
(115,16,true)
(116,16,false)
(119,16,true)
(120,16,true)
(123,16,true)
(126,16,true)
(129,16,true)
(131,16,true)
(133,16,true)
(136,16,true)
(137,16,true)
(149,16,true)
(151,16,true)
(155,16,true)
(159,16,true)
(165,16,true)
(176,16,true)
(177,16,true)
(178,16,true)
(188,16,true)
(189,16,true)
(190,16,true)
(192,16,true)
(2,17,false)
(3,17,false)
(6,17,false)
(8,17,false)
(12,17,false)
(13,17,false)
(16,17,false)
(17,17,false)
(18,17,false)
(22,17,false)
(26,17,false)
(32,17,false)
(34,17,false)
(36,17,false)
(38,17,true)
(39,17,false)
(40,17,true)
(41,17,true)
(43,17,true)
(46,17,true)
(48,17,true)
(49,17,true)
(50,17,true)
(51,17,true)
(53,17,true)
(56,17,true)
(61,17,true)
(62,17,true)
(65,17,false)
(67,17,true)
(68,17,true)
(72,17,true)
(74,17,true)
(76,17,true)
(78,17,true)
(83,17,true)
(85,17,true)
(91,17,true)
(97,17,true)
(99,17,true)
(111,17,true)
(114,17,true)
(116,17,true)
(119,17,true)
(120,17,true)
(121,17,true)
(125,17,true)
(126,17,true)
(129,17,true)
(135,17,true)
(136,17,true)
(138,17,true)
(142,17,true)
(146,17,true)
(147,17,true)
(150,17,true)
(157,17,true)
(159,17,true)
(160,17,true)
(164,17,true)
(171,17,true)
(175,17,true)
(178,17,true)
(181,17,true)
(182,17,true)
(192,17,true)
(194,17,true)
(195,17,true)
(2,18,false)
(3,18,false)
(4,18,false)
(5,18,false)
(7,18,false)
(9,18,false)
(13,18,false)
(15,18,false)
(18,18,false)
(21,18,false)
(25,18,false)
(28,18,false)
(29,18,true)
(37,18,false)
(38,18,false)
(42,18,true)
(44,18,true)
(46,18,true)
(49,18,true)
(50,18,true)
(51,18,true)
(53,18,true)
(57,18,true)
(62,18,true)
(63,18,true)
(64,18,false)
(67,18,true)
(68,18,true)
(74,18,true)
(75,18,true)
(84,18,true)
(85,18,true)
(87,18,true)
(93,18,false)
(96,18,true)
(97,18,true)
(99,18,true)
(103,18,true)
(107,18,true)
(119,18,true)
(120,18,true)
(122,18,true)
(124,18,true)
(125,18,true)
(126,18,true)
(130,18,true)
(133,18,true)
(135,18,true)
(137,18,true)
(139,18,true)
(140,18,true)
(145,18,true)
(150,18,true)
(152,18,true)
(158,18,true)
(161,18,true)
(172,18,true)
(173,18,true)
(175,18,true)
(185,18,true)
(191,18,true)
(193,18,true)
(194,18,false)
(196,18,true)
(0,19,false)
(2,19,false)
(4,19,false)
(7,19,false)
(9,19,false)
(11,19,false)
(17,19,false)
(20,19,false)
(25,19,false)
(26,19,false)
(28,19,false)
(33,19,false)
(35,19,false)
(40,19,true)
(41,19,true)
(44,19,true)
(45,19,true)
(48,19,true)
(49,19,true)
(50,19,true)
(53,19,true)
(56,19,true)
(58,19,true)
(59,19,true)
(61,19,true)
(63,19,true)
(64,19,true)
(66,19,true)
(68,19,true)
(73,19,true)
(74,19,true)
(83,19,true)
(95,19,true)
(98,19,true)
(100,19,true)
(101,19,true)
(105,19,true)
(106,19,true)
(108,19,true)
(111,19,true)
(121,19,true)
(123,19,true)
(126,19,true)
(133,19,true)
(136,19,true)
(140,19,true)
(141,19,true)
(146,19,true)
(150,19,true)
(151,19,true)
(154,19,true)
(156,19,true)
(157,19,false)
(159,19,true)
(163,19,true)
(164,19,true)
(166,19,true)
(169,19,true)
(176,19,true)
(180,19,true)
(182,19,false)
(183,19,true)
(184,19,true)
(189,19,true)
(190,19,true)
(191,19,true)
(192,19,true)
(198,19,true)
(1,20,false)
(3,20,false)
(5,20,false)
(8,20,false)
(22,20,false)
(24,20,false)
(26,20,false)
(30,20,false)
(31,20,false)
(38,20,true)
(41,20,true)
(43,20,true)
(50,20,true)
(55,20,true)
(57,20,true)
(58,20,false)
(59,20,true)
(60,20,false)
(69,20,true)
(78,20,true)
(80,20,true)
(90,20,true)
(94,20,true)
(96,20,false)
(103,20,true)
(106,20,true)
(111,20,true)
(113,20,true)
(129,20,true)
(130,20,true)
(135,20,true)
(136,20,true)
(142,20,true)
(143,20,true)
(146,20,true)
(148,20,true)
(150,20,true)
(159,20,true)
(160,20,true)
(165,20,true)
(166,20,true)
(172,20,true)
(180,20,true)
(181,20,true)
(197,20,true)
(199,20,true)
(1,21,false)
(4,21,false)
(7,21,false)
(13,21,false)
(17,21,false)
(19,21,false)
(20,21,false)
(22,21,true)
(26,21,false)
(28,21,false)
(31,21,false)
(33,21,false)
(37,21,false)
(42,21,true)
(47,21,true)
(48,21,true)
(50,21,true)
(52,21,true)
(60,21,true)
(63,21,true)
(65,21,true)
(66,21,true)
(67,21,true)
(70,21,true)
(73,21,true)
(77,21,true)
(81,21,true)
(84,21,true)
(87,21,true)
(89,21,true)
(97,21,true)
(99,21,true)
(101,21,true)
(104,21,true)
(105,21,true)
(109,21,true)
(112,21,true)
(114,21,true)
(115,21,true)
(116,21,true)
(117,21,true)
(118,21,true)
(121,21,true)
(125,21,true)
(139,21,true)
(140,21,true)
(141,21,true)
(144,21,true)
(152,21,true)
(155,21,true)
(159,21,true)
(160,21,true)
(163,21,true)
(166,21,true)
(167,21,true)
(168,21,true)
(173,21,true)
(174,21,true)
(176,21,true)
(177,21,true)
(178,21,true)
(180,21,true)
(184,21,true)
(195,21,true)
(197,21,true)
(199,21,true)
(0,22,true)
(4,22,false)
(5,22,false)
(6,22,false)
(7,22,false)
(9,22,false)
(13,22,false)
(14,22,false)
(22,22,false)
(26,22,false)
(29,22,false)
(33,22,false)
(38,22,false)
(45,22,true)
(48,22,true)
(52,22,true)
(53,22,true)
(61,22,true)
(69,22,false)
(76,22,true)
(80,22,true)
(84,22,true)
(85,22,true)
(86,22,true)
(89,22,true)
(90,22,true)
(91,22,false)
(94,22,true)
(107,22,true)
(108,22,true)
(112,22,true)
(115,22,true)
(116,22,true)
(117,22,false)
(118,22,true)
(125,22,true)
(132,22,true)
(134,22,true)
(137,22,true)
(139,22,true)
(141,22,true)
(142,22,true)
(148,22,true)
(149,22,true)
(153,22,true)
(156,22,true)
(157,22,true)
(160,22,true)
(162,22,false)
(167,22,true)
(171,22,true)
(181,22,true)
(182,22,true)
(184,22,true)
(188,22,true)
(190,22,true)
(196,22,true)
(197,22,true)
(2,23,false)
(3,23,false)
(6,23,false)
(8,23,false)
(10,23,false)
(14,23,false)
(15,23,false)
(17,23,false)
(20,23,false)
(21,23,false)
(23,23,false)
(25,23,false)
(26,23,false)
(29,23,false)
(30,23,false)
(41,23,true)
(53,23,true)
(54,23,true)
(56,23,true)
(59,23,true)
(61,23,true)
(65,23,true)
(67,23,true)
(69,23,true)
(70,23,true)
(73,23,true)
(77,23,true)
(84,23,true)
(86,23,true)
(87,23,true)
(88,23,true)
(93,23,true)
(94,23,true)
(95,23,true)
(105,23,true)
(116,23,true)
(128,23,true)
(131,23,true)
(134,23,true)
(135,23,false)
(142,23,true)
(154,23,true)
(158,23,true)
(169,23,true)
(171,23,true)
(173,23,true)
(180,23,false)
(182,23,true)
(184,23,true)
(189,23,true)
(193,23,true)
(194,23,true)
(199,23,true)
(1,24,false)
(3,24,false)
(6,24,false)
(9,24,false)
(15,24,false)
(17,24,true)
(20,24,false)
(23,24,false)
(26,24,false)
(27,24,false)
(35,24,false)
(37,24,true)
(40,24,true)
(41,24,true)
(44,24,true)
(47,24,true)
(53,24,true)
(56,24,true)
(58,24,true)
(71,24,true)
(72,24,true)
(73,24,true)
(74,24,true)
(82,24,true)
(88,24,true)
(89,24,true)
(91,24,true)
(95,24,true)
(98,24,true)
(100,24,true)
(112,24,true)
(117,24,true)
(118,24,true)
(119,24,true)
(121,24,true)
(124,24,true)
(127,24,true)
(136,24,true)
(139,24,false)
(142,24,true)
(149,24,true)
(150,24,true)
(153,24,true)
(161,24,true)
(163,24,true)
(165,24,true)
(171,24,true)
(172,24,true)
(174,24,true)
(175,24,true)
(177,24,true)
(185,24,true)
(187,24,true)
(188,24,true)
(190,24,true)
(193,24,true)
(195,24,true)
(199,24,true)
(0,25,false)
(11,25,false)
(13,25,false)
(21,25,false)
(23,25,false)
(27,25,false)
(30,25,false)
(32,25,false)
(33,25,false)
(35,25,false)
(37,25,false)
(46,25,true)
(48,25,true)
(50,25,true)
(51,25,true)
(54,25,true)
(56,25,true)
(57,25,true)
(65,25,true)
(67,25,false)
(70,25,true)
(77,25,true)
(81,25,true)
(85,25,true)
(88,25,true)
(103,25,true)
(104,25,true)
(108,25,true)
(120,25,true)
(122,25,true)
(127,25,true)
(129,25,true)
(131,25,true)
(133,25,true)
(134,25,true)
(135,25,true)
(147,25,true)
(148,25,true)
(152,25,true)
(155,25,true)
(159,25,true)
(162,25,true)
(163,25,true)
(169,25,true)
(179,25,true)
(180,25,false)
(198,25,true)
(199,25,true)
(6,26,false)
(22,26,false)
(28,26,false)
(30,26,false)
(44,26,true)
(54,26,true)
(57,26,true)
(58,26,true)
(59,26,true)
(62,26,true)
(71,26,true)
(73,26,true)
(76,26,true)
(80,26,true)
(82,26,true)
(83,26,true)
(87,26,true)
(90,26,true)
(91,26,false)
(93,26,true)
(96,26,true)
(98,26,true)
(108,26,true)
(110,26,true)
(112,26,true)
(113,26,true)
(123,26,true)
(124,26,true)
(125,26,true)
(126,26,true)
(131,26,true)
(134,26,true)
(135,26,true)
(138,26,true)
(149,26,true)
(151,26,true)
(155,26,true)
(156,26,true)
(163,26,true)
(165,26,true)
(166,26,true)
(172,26,true)
(174,26,true)
(177,26,true)
(188,26,true)
(190,26,true)
(194,26,true)
(197,26,true)

(45,25)
(165,11)
(186,3)
(15,17)
(119,25)
(94,21)
(175,23)
(85,13)
(56,16)
(22,11)
(122,3)
(147,0)
(55,23)
(193,16)
(157,4)
(32,5)
(104,18)
(194,7)
(54,12)
(19,9)
(67,10)
(175,14)
(186,1)
(169,16)
(151,25)
(65,26)
(184,3)
(166,2)
(167,17)
(64,16)
(12,12)
(126,10)
(129,0)
(151,9)
(159,4)
(122,2)
(35,26)
(105,13)
(11,9)
(128,8)
(117,18)
(177,20)
(167,4)
(6,10)
(55,18)
(119,22)
(175,22)
(2,25)
(167,13)
(181,25)
(24,19)
(117,20)
(25,26)
(154,18)
(111,2)
(80,9)
(7,26)
(164,26)
(51,11)
(141,5)
(183,11)
(18,21)
(58,17)
(68,26)
(76,12)
(111,21)
(87,11)
(183,16)
(32,23)
(96,19)
(94,26)
(123,1)
(116,11)
(84,17)
(17,20)
(102,11)
(95,12)
(14,6)
(151,14)
(69,21)
(74,4)
(194,14)
(10,13)
(59,14)
(79,1)
(175,21)
(123,12)
(23,20)
(189,4)
(82,2)
(184,26)
(141,9)
(61,25)
(85,11)
(61,16)
(177,4)
(113,9)
(178,18)
(21,24)
(152,26)
(115,24)
(52,26)
(193,8)
(38,23)
(136,21)
(2,8)
(70,10)
(101,2)
(163,0)
(190,17)
(3,5)
(27,14)
(43,26)
(126,24)
(1,15)
(99,0)
(166,6)
(176,17)
(143,4)
(194,10)
(138,4)
(187,1)
(137,13)
(197,25)
(11,1)
(188,13)
(51,21)
(67,6)
(54,8)
(124,0)
(144,10)
(21,2)
(168,7)
(6,7)
(14,18)
(25,4)
(23,22)
(27,5)
(59,2)
(57,21)
(48,16)
(46,16)
(9,17)
(112,14)
(6,3)
(21,16)
(67,11)
(133,5)
(104,14)
(138,21)
(83,6)
(147,21)
(135,21)
(176,5)
(90,16)
(165,2)
(69,24)
(35,23)
(88,19)
(96,15)
(1,14)
(160,4)
(115,17)
(52,2)
(116,7)
(24,8)
(4,25)
(71,14)
(181,14)
(115,5)
(188,18)
(126,6)
(146,4)
(127,9)
(78,24)
(109,24)
(4,6)
(178,8)
(95,6)
(163,17)
(91,15)
(77,14)
(59,18)
(123,7)
(52,19)
(139,4)
(154,16)
(16,13)
(199,14)
(4,16)
(81,13)
(78,5)
(53,13)
(145,16)
(194,21)
(110,23)
(162,11)
(69,18)
(193,26)
(34,12)
(39,11)
(21,12)
(27,19)
(39,21)
(15,1)
(74,14)
(178,23)
(147,24)
(173,22)
(89,11)
(194,11)
(128,25)
(165,4)
(134,4)
(57,13)
(23,11)
(37,0)
(56,3)
(23,18)
(102,3)
(113,21)
(74,3)
(181,10)
(169,4)
(183,13)
(184,18)
(86,20)
(95,14)
(148,8)
(3,1)
(181,21)
(172,2)
(36,16)
(167,10)
(15,19)
(181,8)
(132,24)
(107,11)
(95,22)
(54,2)
(25,20)
(80,18)
(10,12)
(184,1)
(101,26)
(75,24)
(99,16)
(186,10)
(114,18)
(43,1)
(28,0)
(110,1)
(164,11)
(65,19)
(17,3)
(66,25)
(51,20)
(46,24)
(86,18)
(92,13)
(157,6)
(167,2)
(120,4)
(0,23)
(84,1)
(138,8)
(37,20)
(131,14)
(89,2)
(164,1)
(72,2)
(145,6)
(116,18)
(161,22)
(42,6)
(180,4)
(58,25)
(31,4)
(80,4)
(6,20)
(170,6)
(97,11)
(8,11)
(32,19)
(114,11)
(154,6)
(163,14)
(27,7)
(181,23)
(198,12)
(100,10)
(186,13)
(170,4)
(58,12)
(46,8)
(170,0)
(101,5)
(123,21)
(170,17)
(26,9)
(152,4)
(52,20)
(180,11)
(80,17)
(57,19)
(89,23)
(58,8)
(169,24)
(94,18)
(54,18)
(136,4)
(166,14)
(40,20)
(64,13)
(28,16)
(190,3)
(91,9)
(52,8)
(159,5)
(0,13)
(164,5)
(45,11)
(79,15)
(139,0)
(128,12)
(100,17)
(121,2)
(4,15)
(190,2)
(43,5)
(89,18)
(43,23)
(141,17)
(101,10)
(57,0)
(91,13)
(165,14)
(47,25)
(150,25)
(130,1)
(87,6)
(149,8)
(16,12)
(149,12)
(42,15)
(36,14)
(190,20)
(53,2)
(7,9)
(153,14)
(86,9)
(155,14)
(13,8)
(53,25)
(141,16)
(133,20)
(34,25)
(51,26)
(57,2)
(120,0)
(37,19)
(183,22)
(117,23)
(39,19)
(18,13)
(175,5)
(142,11)
(84,6)
(191,7)
(82,6)
(190,6)
(16,18)
(132,2)
(90,7)
(102,0)
(150,13)
(198,1)
(20,14)
(16,19)
(116,19)
(189,25)
(9,3)
(122,20)
(47,2)
(126,4)
(46,23)
(57,6)
(72,11)
(137,17)
(85,12)
(124,14)
(99,9)
(9,13)
(79,18)
(19,14)
(32,21)
(158,14)
(57,24)
(81,12)
(153,20)
(12,23)
(11,26)
(123,13)
(88,20)
(65,22)
(116,20)
(181,16)
(2,20)
(130,2)
(116,14)
(194,20)
(37,15)
(44,5)
(108,10)
(76,23)
(6,21)
(60,25)
(149,13)
(126,14)
(156,8)
(162,2)
(87,22)
(105,4)
(196,20)
(106,22)
(9,15)
(4,10)
(137,26)
(157,9)
(88,14)
(20,25)
(15,12)
(7,20)
(22,19)
(198,23)
(151,0)
(166,4)
(72,22)
(181,7)
(60,23)
(41,22)
(62,24)
(39,26)
(95,7)
(106,17)
(112,15)
(139,9)
(176,18)
(138,22)
(119,3)
(28,12)
(106,6)
(85,2)
(166,22)
(161,19)
(90,23)
(54,19)
(18,26)
(160,12)
(135,14)
(128,9)
(68,10)
(162,4)
(47,7)
(89,10)
(5,10)
(7,5)
(129,19)
(94,24)
(105,1)
(168,13)
(86,21)
(43,11)
(25,1)
(18,15)
(83,24)
(121,9)
(163,8)
(27,4)
(89,17)
(96,22)
(178,12)
(73,22)
(41,21)
(112,6)
(94,12)
(94,19)
(129,13)
(151,12)
(126,23)
(174,22)
(160,3)
(42,26)
(16,6)
(71,18)
(50,4)
(103,2)
(37,14)
(103,16)
(112,23)
(26,1)
(85,23)
(42,8)
(167,19)
(174,5)
(150,1)
(108,4)
(15,26)
(14,13)
(150,3)
(6,25)
(51,24)
(176,23)
(199,10)
(17,8)
(53,8)
(25,2)
(107,20)
(29,0)
(120,2)
(90,5)
(107,12)
(144,20)
(194,13)
(3,26)
(132,3)
(58,16)
(56,7)
(31,7)
(30,17)
(159,24)
(79,5)
(50,9)
(180,7)
(175,26)
(31,19)
(71,25)
(19,23)
(18,7)
(32,16)
(179,9)
(50,15)
(50,10)
(75,19)
(33,11)
(109,18)
(158,16)
(111,25)
(33,24)
(78,8)
(76,18)
(70,3)
(122,0)
(150,22)
(130,6)
(76,15)
(23,16)
(164,14)
(183,10)
(43,15)
(187,23)
(120,11)
(177,0)
(93,7)
(107,17)
(62,2)
(191,8)
(6,11)
(32,3)
(159,7)
(30,22)
(49,25)
(139,25)
(118,18)
(75,23)
(45,9)
(128,16)
(10,26)
(6,9)
(58,22)
(95,16)
(30,12)
(44,0)
(128,2)
(172,11)
(59,12)
(182,15)
(95,3)
(12,10)
(25,14)
(17,6)
(60,5)
(112,16)
(145,12)
(115,3)
(147,11)
(96,25)
(7,24)
(197,24)
(186,26)
(132,7)
(56,8)
(185,25)
(192,25)
(67,20)
(166,0)
(145,3)
(99,2)
(15,21)
(155,9)
(139,11)
(24,15)
(48,26)
(27,6)
(8,14)
(129,2)
(71,12)
(110,13)
(188,7)
(70,12)
(65,18)
(41,6)
(96,0)
(88,5)
(0,1)
(96,4)
(66,22)
(8,25)
(86,13)
(110,24)
(90,13)
(15,4)
(161,15)
(113,22)
(57,23)
(11,21)
(32,11)
(40,7)
(140,4)
(155,3)
(115,15)
(40,10)
(165,25)
(111,10)
(84,24)
(171,25)
(171,1)
(80,24)
(1,16)
(164,9)
(161,21)
(189,26)
(143,18)
(53,11)
(195,7)
(111,14)
(96,8)
(172,15)
(120,22)
(54,6)
(182,24)
(56,5)
(83,15)
(139,15)
(19,24)
(130,11)
(87,19)
(157,8)
(4,13)
(79,17)
(3,14)
(26,5)
(28,24)
(9,20)
(16,14)
(65,20)
(77,0)
(38,0)
(44,4)
(6,8)
(128,24)
(51,2)
(60,10)
(127,22)
(125,11)
(117,15)
(21,8)
(54,11)
(113,24)
(31,16)
(146,10)
(47,18)
(197,15)
(114,5)
(113,25)
(120,3)
(187,21)
(10,20)
(39,18)
(28,10)
(51,7)
(73,5)
(45,26)
(8,2)
(24,11)
(132,25)
(134,17)
(54,17)
(67,7)
(51,5)
(199,17)
(159,0)
(110,11)
(28,9)
(130,15)
(181,1)
(38,13)
(188,4)
(114,6)
(11,10)
(29,2)
(98,3)
(68,8)
(46,20)
(197,19)
(24,14)
(52,16)
(8,7)
(95,20)
(96,12)
(149,18)
(31,23)
(195,1)
(139,6)
(152,7)
(174,13)
(23,17)
(118,14)
(63,10)
(156,24)
(105,6)
(107,4)
(69,3)
(47,19)
(179,3)
(106,23)
(24,23)
(8,21)
(146,14)
(166,15)
(26,6)
(106,2)
(146,16)
(107,3)
(86,10)
(54,20)
(198,4)
(72,25)
(135,13)
(198,15)
(37,22)
(83,8)
(42,9)
(51,15)
(123,17)
(102,4)
(26,3)
(134,24)
(29,24)
(133,21)
(54,16)
(133,23)
(156,17)
(25,9)
(40,3)
(161,14)
(108,15)
(93,10)
(165,15)
(151,6)
(157,2)
(107,23)
(9,26)
(56,22)
(43,10)
(135,9)
(151,1)
(112,19)
(142,16)
(53,4)
(110,25)
(56,9)
(87,24)
(117,11)
(106,14)
(123,23)
(8,10)
(8,18)
(198,18)
(86,6)
(197,18)
(73,6)
(124,10)
(121,22)
(92,10)
(132,21)
(124,4)
(54,9)
(14,17)
(67,0)
(46,5)
(2,24)
(42,24)
(153,6)
(165,18)
(135,22)
(122,12)
(185,3)
(46,12)
(21,17)
(136,15)
(24,18)
(151,11)
(133,8)
(8,15)
(42,19)
(167,23)
(173,10)
(48,20)
(186,21)
(44,13)
(0,26)
(127,23)
(9,10)
(64,10)
(199,7)
(179,16)
(87,17)
(94,2)
(9,4)
(46,22)
(84,25)
(109,16)
(49,12)
(12,8)
(192,6)
(184,5)
(195,16)
(12,19)
(2,14)
(76,14)
(128,20)
(31,26)
(101,24)
(181,6)
(38,6)
(113,23)
(40,22)
(195,26)
(199,15)
(131,4)
(110,21)
(103,11)
(81,22)
(146,6)
(55,4)
(57,22)
(173,2)
(89,26)
(173,24)
(130,21)
(157,10)
(35,15)
(164,22)
(14,21)
(170,16)
(10,3)
(53,5)
(98,20)
(70,20)
(180,26)
(198,9)
(159,18)
(122,19)
(134,9)
(177,1)
(170,8)
(86,26)
(141,12)
(62,20)
(179,14)
(52,25)
(59,17)
(120,23)
(44,1)
(156,4)
(111,16)
(5,8)
(130,17)
(2,26)
(124,25)
(161,1)
(155,20)
(101,22)
(42,13)
(57,17)
(112,25)
(48,11)
(112,10)
(45,14)
(88,21)
(40,21)
(28,17)
(27,1)
(104,12)
(130,16)
(27,10)
(75,21)
(18,23)
(78,21)
(106,16)
(9,2)
(119,12)
(76,21)
(72,26)
(43,9)
(48,12)
(164,2)
(37,1)
(144,8)
(168,11)
(78,6)
(120,7)
(54,5)
(61,13)
(127,11)
(84,12)
(60,7)
(136,22)
(89,20)
(79,7)
(11,22)
(95,5)
(12,18)
(197,23)
(175,25)
(117,9)
(66,17)
(52,18)
(48,15)
(180,16)
(132,15)
(50,2)
(79,25)
(110,7)
(108,1)
(171,15)
(95,17)
(139,13)
(89,19)
(151,4)
(185,21)
(174,11)
(0,10)
(77,17)
(141,6)
(15,9)
(5,6)
(150,21)
(132,8)
(148,5)
(90,2)
(4,0)
(39,14)
(158,22)
(20,13)
(82,7)
(111,11)
(141,2)
(2,22)
(48,23)
(63,14)
(198,22)
(36,20)
(116,5)
(44,10)
(181,11)
(60,13)
(52,4)
(64,15)
(55,8)
(172,8)
(84,11)
(29,26)
(53,12)
(140,23)
(115,23)
(132,17)
(123,11)
(75,26)
(133,26)
(145,4)
(137,7)
(68,21)
(43,16)
(16,16)
(155,6)
(144,17)
(176,9)
(56,6)
(162,26)
(56,18)
(76,20)
(113,18)
(171,4)
(157,5)
(102,21)
(152,2)
(86,8)
(51,10)
(98,11)
(126,21)
(73,14)
(122,16)
(34,21)
(2,5)
(116,13)
(199,19)
(87,20)
(139,20)
(15,15)
(8,16)
(84,4)
(194,19)
(79,21)
(63,25)
(169,6)
(165,22)
(134,6)
(17,14)
(191,5)
(139,23)
(1,11)
(16,7)
(177,2)
(23,21)
(130,19)
(76,10)
(90,24)
(128,26)
(78,25)
(194,22)
(152,1)
(103,22)
(118,23)
(74,7)
(127,19)
(21,10)
(112,5)
(73,10)
(11,17)
(12,9)
(147,20)
(151,13)
(178,11)
(116,3)
(165,9)
(15,8)
(84,14)
(23,2)
(99,20)
(128,18)
(13,23)
(190,14)
(83,22)
(129,1)
(7,17)
(170,13)
(68,16)
(83,2)
(138,24)
(114,8)
(174,6)
(79,22)
(15,2)
(84,2)
(170,18)
(63,2)
(27,15)
(39,24)
(55,22)
(117,5)
(160,8)
(138,12)
(186,0)
(80,23)
(98,14)
(118,19)
(19,6)
(50,23)
(25,11)
(21,1)
(90,15)
(100,14)
(52,3)
(39,23)
(74,12)
(25,17)
(9,25)
(82,18)
(140,16)
(173,11)
(137,15)
(188,14)
(144,0)
(52,11)
(106,26)
(164,16)
(105,3)
(75,8)
(50,22)
(79,20)
(180,10)
(15,13)
(160,26)
(154,24)
(22,24)
(79,6)
(96,1)
(4,20)
(128,22)
(147,22)
(19,4)
(27,16)
(164,24)
(198,17)
(178,13)
(41,16)
(17,1)
(42,25)
(176,3)
(131,24)
(156,0)
(94,6)
(154,15)
(5,3)
(136,26)
(178,19)
(15,7)
(39,25)
(25,24)
(151,18)
(128,4)
(128,19)
(192,23)
(154,4)
(83,23)
(117,16)
(36,11)
(36,18)
(45,23)
(106,12)
(152,12)
(122,8)
(24,12)
(158,7)
(178,14)
(92,6)
(72,5)
(188,25)
(111,23)
(141,15)
(192,26)
(197,17)
(182,2)
(164,21)
(152,6)
(171,3)
(41,3)
(119,26)
(47,15)
(118,16)
(14,4)
(197,12)
(6,19)
(135,19)
(155,19)
(132,23)
(171,26)
(54,21)
(88,4)
(21,20)
(188,5)
(29,4)
(169,8)
(155,15)
(98,18)
(120,15)
(92,17)
(136,12)
(68,11)
(195,19)
(88,16)
(88,15)
(154,20)
(66,3)
(156,1)
(95,15)
(167,5)
(155,23)
(75,20)
(180,2)
(108,20)
(150,26)
(156,13)
(111,4)
(120,12)
(77,16)
(178,20)
(67,24)
(74,10)
(74,8)
(6,4)
(189,20)
(78,9)
(23,14)
(50,26)
(118,2)
(71,6)
(121,14)
(183,26)
(180,13)
(14,9)
(163,11)
(81,26)
(95,26)
(141,24)
(102,16)
(61,24)
(111,22)
(10,17)
(95,10)
(117,13)
(53,20)
(78,11)
(114,23)
(87,14)
(170,23)
(95,25)
(133,6)
(181,3)
(4,14)
(101,18)
(135,24)
(104,22)
(153,16)
(59,24)
(114,10)
(150,10)
(182,18)
(61,10)
(142,8)
(195,12)
(17,4)
(16,8)
(165,23)
(169,22)
(34,2)
(145,24)
(166,25)
(155,2)
(133,24)
(48,9)
(92,20)
(76,2)
(100,2)
(38,25)
(144,5)
(54,22)
(185,7)
(188,12)
(74,15)
(2,3)
(40,2)
(131,20)
(19,25)
(61,21)
(83,21)
(161,5)
(32,4)
(130,25)
(174,18)
(109,7)
(144,25)
(60,17)
(179,19)
(193,12)
(55,25)
(121,4)
(29,21)
(27,20)
(46,1)
(183,8)
(141,11)
(151,22)
(116,24)
(160,24)
(185,13)
(41,25)
(68,22)
(144,26)
(88,3)
(64,26)
(33,9)
(148,24)
(186,18)
(9,16)
(129,5)
(194,4)
(144,16)
(85,14)
(46,10)
(146,25)
(164,25)
(36,7)
(56,11)
(167,18)
(170,10)
(33,14)
(6,6)
(146,13)
(14,10)
(150,11)
(43,7)
(163,16)
(140,9)
(188,10)
(144,11)
(168,12)
(167,14)
(198,26)
(42,14)
(59,10)
(100,5)
(113,7)
(160,11)
(42,17)
(116,15)
(19,22)
(137,21)
(27,17)
(141,26)
(64,24)
(69,14)
(98,23)
(154,10)
(148,13)
(147,18)
(126,25)
(187,13)
(193,7)
(116,25)
(113,10)
(159,9)
(21,21)
(159,23)
(75,17)
(45,6)
(141,18)
(183,21)
(90,11)
(139,7)
(147,14)
(193,20)
(56,21)
(71,16)
(120,26)
(161,20)
(167,24)
(26,15)
(77,20)
(81,19)
(115,20)
(29,13)
(88,17)
(122,15)
(44,12)
(189,13)
(8,22)
(25,6)
(56,26)
(170,7)
(195,8)
(162,16)
(198,21)
(77,15)
(10,24)
(189,6)
(119,15)
(125,9)
(113,19)
(30,21)
(100,13)
(111,8)
(133,10)
(62,9)
(147,15)
(114,20)
(136,25)
(142,21)
(147,16)
(11,15)
(56,20)
(168,22)
(32,18)
(54,24)
(23,6)
(60,8)
(155,22)
(170,26)
(33,18)
(54,15)
(165,8)
(177,13)
(4,26)
(95,13)
(83,25)
(198,6)
(1,10)
(66,20)
(85,16)
(99,6)
(119,13)
(168,10)
(40,15)
(115,18)
(90,3)
(138,6)
(197,10)
(13,10)
(178,26)
(14,14)
(14,20)
(71,20)
(16,10)
(83,20)
(82,1)
(148,12)
(82,11)
(121,26)
(94,10)
(96,9)
(120,20)
(193,4)
(31,1)
(141,4)
(4,23)
(85,15)
(30,6)
(70,22)
(49,5)
(198,7)
(76,7)
(174,20)
(61,11)
(51,23)
(122,10)
(195,14)
(23,26)
(116,26)
(32,10)
(133,14)
(76,6)
(68,24)
(122,6)
(97,16)
(128,21)
(134,16)
(119,19)
(175,2)
(137,5)
(199,1)
(167,25)
(151,24)
(9,11)
(65,5)
(112,12)
(69,15)
(129,22)
(79,19)
(4,12)
(189,7)
(47,22)
(193,19)
(16,22)
(155,18)
(20,22)
(4,11)
(148,16)
(150,0)
(154,26)
(115,4)
(182,0)
(195,20)
(42,5)
(11,18)
(50,16)
(190,7)
(68,23)
(86,25)
(134,15)
(6,18)
(103,10)
(176,12)
(133,22)
(76,19)
(91,14)
(2,10)
(133,17)
(193,21)
(155,10)
(68,20)
(171,7)
(162,17)
(113,17)
(191,20)
(143,13)
(164,23)
(67,22)
(198,16)
(122,26)
(138,18)
(197,14)
(165,10)
(145,14)
(18,6)
(67,13)
(63,5)
(93,15)
(97,10)
(187,19)
(10,25)
(66,26)
(90,14)
(183,20)
(147,23)
(63,11)
(197,16)
(77,18)
(87,7)
(4,2)
(26,12)
(81,14)
(40,26)
(198,10)
(186,2)
(178,9)
(117,12)
(140,13)
(186,7)
(58,0)
(163,12)
(106,24)
(170,22)
(8,12)
(127,21)
(39,15)
(38,14)
(61,4)
(184,24)
(59,7)
(2,16)
(160,25)
(136,14)
(14,7)
(119,2)
(2,15)
(55,17)
(76,5)
(146,21)
(88,12)
(161,12)
(137,9)
(37,17)
(13,20)
(163,20)
(48,14)
(98,25)
(73,17)
(0,7)
(66,13)
(159,6)
(168,15)
(198,20)
(199,3)
(187,4)
(83,11)
(47,10)
(109,4)
(58,18)
(129,24)
(84,26)
(82,20)
(146,7)
(92,22)
(2,13)
(146,11)
(197,9)
(137,23)
(140,17)
(79,10)
(18,0)
(70,17)
(136,5)
(54,4)
(106,9)
(42,20)
(145,26)
(150,9)
(79,24)
(67,2)
(82,22)
(131,17)
(90,19)
(49,20)
(152,5)
(106,8)
(75,7)
(198,8)
(20,8)
(159,14)
(60,4)
(97,7)
(111,24)
(78,12)
(119,21)
(34,23)
(88,9)
(123,18)
(195,4)
(38,21)
(35,5)
(11,8)
(45,16)
(165,17)
(32,26)
(10,8)
(33,8)
(167,3)
(115,19)
(120,14)
(92,0)
(88,1)
(64,4)
(25,22)
(156,18)
(70,19)
(193,3)
(26,26)
(71,21)
(87,12)
(172,23)
(51,19)
(155,13)
(121,0)
(181,13)
(45,13)
(180,3)
(102,12)
(67,26)
(104,5)
(104,15)
(123,25)
(60,24)
(172,19)
(55,26)
(5,26)
(158,24)
(189,3)
(91,25)
(109,5)
(146,18)
(49,8)
(44,11)
(111,15)
(152,15)
(19,11)
(178,7)
(66,5)
(5,14)
(36,13)
(116,10)
(142,15)
(150,15)
(117,2)
(152,22)
(13,26)
(55,3)
(50,24)
(102,20)
(55,21)
(170,20)
(37,11)
(142,4)
(66,18)
(95,8)
(184,4)
(131,1)
(109,20)
(80,15)
(74,16)
(132,26)
(44,16)
(48,13)
(172,21)
(134,14)
(67,4)
(99,3)
(9,21)
(146,24)
(124,2)
(170,3)
(24,24)
(103,5)
(18,8)
(198,24)
(75,15)
(156,9)
(157,26)
(153,3)
(103,24)
(160,1)
(47,4)
(38,16)
(87,16)
(47,26)
(147,26)
(73,7)
(106,21)
(118,10)
(19,20)
(96,14)
(132,10)
(186,16)
(109,17)
(88,6)
(75,13)
(80,19)
(87,25)
(179,12)
(142,19)
(148,4)
(151,17)
(73,11)
(199,4)
(113,16)
(145,20)
(124,22)
(93,20)
(147,13)
(176,13)
(136,23)
(127,20)
(77,24)
(193,17)
(28,5)
(9,1)
(151,20)
(137,25)
(43,14)
(158,3)
(121,5)
(145,22)
(100,25)
(146,26)
(45,12)
(149,21)
(92,25)
(39,7)
(78,13)
(37,5)
(137,12)
(141,13)
(131,18)
(135,1)
(83,4)
(61,26)
(154,11)
(117,25)
(62,12)
(12,25)
(102,13)
(160,2)
(142,13)
(135,5)
(156,15)
(38,26)
(100,18)
(186,25)
(70,11)
(185,14)
(105,26)
(137,24)
(110,18)
(25,25)
(22,6)
(70,18)
(82,8)
(157,18)
(24,9)
(152,3)
(114,22)
(157,21)
(41,5)
(38,15)
(117,6)
(131,19)
(118,20)
(117,10)
(96,16)
(131,11)
(193,10)
(195,9)
(21,22)
(145,7)
(147,1)
(99,14)
(120,24)
(90,8)
(79,3)
(46,13)
(28,3)
(143,24)
(140,6)
(97,3)
(17,9)
(186,5)
(98,7)
(2,21)
(143,23)
(10,14)
(56,13)
(102,26)
(174,1)
(199,2)
(149,25)
(99,24)
(37,12)
(177,18)
(69,12)
(167,8)
(124,20)
(176,0)
(40,11)
(42,22)
(95,9)
(100,11)
(59,1)
(160,19)
(78,26)
(142,10)
(31,6)
(175,16)
(112,20)
(91,4)
(28,14)
(30,7)
(53,21)
(140,12)
(196,17)
(190,11)
(111,13)
(123,3)
(15,22)
(33,10)
(119,4)
(110,19)
(12,24)
(94,17)
(7,3)
(191,21)
(43,24)
(71,11)
(79,12)
(160,16)
(79,23)
(126,7)
(127,12)
(119,20)
(192,24)
(92,4)
(4,8)
(53,14)
(46,26)
(160,18)
(145,17)
(48,18)
(73,18)
(170,24)
(194,8)
(139,3)
(157,16)
(146,22)
(189,12)
(126,22)
(104,20)
(103,13)
(124,23)
(34,20)
(76,25)
(73,16)
(93,13)
(173,25)
(103,19)
(31,5)
(61,14)
(162,3)
(59,16)
(128,5)
(173,13)
(15,25)
(178,5)
(21,7)
(156,20)
(175,20)
(47,12)
(110,22)
(110,15)
(36,22)
(114,13)
(33,17)
(8,19)
(124,5)
(38,2)
(131,10)
(53,15)
(42,23)
(119,23)
(89,7)
(80,7)
(183,7)
(129,21)
(0,21)
(146,23)
(186,11)
(72,10)
(47,16)
(43,25)
(153,1)
(141,20)
(165,1)
(160,15)
(191,3)
(98,17)
(53,26)
(169,5)
(181,18)
(36,2)
(62,23)
(185,19)
(121,25)
(77,7)
(23,12)
(76,9)
(199,8)
(137,19)
(172,12)
(172,6)
(154,8)
(59,25)
(156,25)
(23,19)
(126,11)
(169,26)
(128,17)
(141,25)
(8,4)
(190,18)
(165,12)
(55,13)
(10,19)
(75,25)
(29,15)
(40,23)
(187,6)
(104,7)
(59,8)
(139,19)
(68,25)
(108,17)
(177,15)
(182,21)
(143,17)
(17,0)
(99,10)
(169,17)
(108,13)
(134,20)
(26,13)
(83,10)
