300 Users
27 Files
1500 Transactions
2 Maximum Connections
1 Cycle Length per Upload-Download
0 Warm-up Transactions
0.400000 Zipf constant
5 Pre-Trusted Users
120 Well-Behaved (Good) Users
180 Purely Malicious Users
0 Feedback Skewing Users
0 Malignant Providing Users
0 Disguised Malicous Users
0 Sybil Attack Users
true Intelligent Trans. Generation
1561013075681 Trace Generation Seed

(0.054731,0.000000,1,false)
(0.054544,0.000000,1,false)
(0.006472,0.000000,1,false)
(0.021087,0.000000,1,false)
(0.091200,0.000000,1,false)
(0.053377,0.000000,1,false)
(0.015562,0.000000,1,false)
(0.076077,0.000000,1,false)
(0.048485,0.000000,1,false)
(0.030500,0.000000,1,false)
(0.048809,0.000000,1,false)
(0.020265,0.000000,1,false)
(0.047763,0.000000,1,false)
(0.010438,0.000000,1,false)
(0.048166,0.000000,1,false)
(0.069933,0.000000,1,false)
(0.077864,0.000000,1,false)
(0.094306,0.000000,1,false)
(0.081834,0.000000,1,false)
(0.029958,0.000000,1,false)
(0.000551,0.000000,1,false)
(0.018235,0.000000,1,false)
(0.002037,0.000000,1,false)
(0.073917,0.000000,1,false)
(0.072087,0.000000,1,false)
(0.024644,0.000000,1,false)
(0.027465,0.000000,1,false)
(0.041608,0.000000,1,false)
(0.076664,0.000000,1,false)
(0.045470,0.000000,1,false)
(0.083689,0.000000,1,false)
(0.041228,0.000000,1,false)
(0.084162,0.000000,1,false)
(0.020381,0.000000,1,false)
(0.097076,0.000000,1,false)
(0.025206,0.000000,1,false)
(0.077220,0.000000,1,false)
(0.037574,0.000000,1,false)
(0.065558,0.000000,1,false)
(0.081023,0.000000,1,false)
(0.040752,0.000000,1,false)
(0.089921,0.000000,1,false)
(0.023063,0.000000,1,false)
(0.041371,0.000000,1,false)
(0.070811,0.000000,1,false)
(0.085022,0.000000,1,false)
(0.073512,0.000000,1,false)
(0.071586,0.000000,1,false)
(0.039089,0.000000,1,false)
(0.034153,0.000000,1,false)
(0.094973,0.000000,1,false)
(0.036561,0.000000,1,false)
(0.044369,0.000000,1,false)
(0.072166,0.000000,1,false)
(0.004910,0.000000,1,false)
(0.084171,0.000000,1,false)
(0.092898,0.000000,1,false)
(0.028045,0.000000,1,false)
(0.033416,0.000000,1,false)
(0.007762,0.000000,1,false)
(0.075884,0.000000,1,false)
(0.074135,0.000000,1,false)
(0.072909,0.000000,1,false)
(0.066355,0.000000,1,false)
(0.054277,0.000000,1,false)
(0.030999,0.000000,1,false)
(0.059950,0.000000,1,false)
(0.047952,0.000000,1,false)
(0.018432,0.000000,1,false)
(0.094391,0.000000,1,false)
(0.097729,0.000000,1,false)
(0.058709,0.000000,1,false)
(0.063487,0.000000,1,false)
(0.081009,0.000000,1,false)
(0.046146,0.000000,1,false)
(0.008699,0.000000,1,false)
(0.009968,0.000000,1,false)
(0.060520,0.000000,1,false)
(0.090573,0.000000,1,false)
(0.043644,0.000000,1,false)
(0.003609,0.000000,1,false)
(0.052724,0.000000,1,false)
(0.050037,0.000000,1,false)
(0.041199,0.000000,1,false)
(0.048333,0.000000,1,false)
(0.020838,0.000000,1,false)
(0.000909,0.000000,1,false)
(0.050236,0.000000,1,false)
(0.062018,0.000000,1,false)
(0.084491,0.000000,1,false)
(0.073162,0.000000,1,false)
(0.002098,0.000000,1,false)
(0.095935,0.000000,1,false)
(0.009384,0.000000,1,false)
(0.022813,0.000000,1,false)
(0.063861,0.000000,1,false)
(0.025627,0.000000,1,false)
(0.004441,0.000000,1,false)
(0.096389,0.000000,1,false)
(0.035410,0.000000,1,false)
(0.003543,0.000000,1,false)
(0.071876,0.000000,1,false)
(0.081085,0.000000,1,false)
(0.014489,0.000000,1,false)
(0.061852,0.000000,1,false)
(0.010719,0.000000,1,false)
(0.077738,0.000000,1,false)
(0.066876,0.000000,1,false)
(0.067667,0.000000,1,false)
(0.070224,0.000000,1,false)
(0.042825,0.000000,1,false)
(0.042438,0.000000,1,false)
(0.062265,0.000000,1,false)
(0.085914,0.000000,1,false)
(0.020397,0.000000,1,false)
(0.072079,0.000000,1,false)
(0.060958,0.000000,1,false)
(0.008158,0.000000,1,false)
(0.025194,0.000000,1,false)
(0.065430,0.000000,1,false)
(0.050859,0.000000,1,false)
(0.050784,0.000000,1,false)
(0.044145,0.000000,1,false)
(0.004649,0.000000,1,false)
(0.000097,0.000000,1,false)
(0.045565,0.000000,1,false)
(0.095041,0.000000,1,false)
(0.095779,0.000000,1,false)
(0.083916,0.000000,1,false)
(0.087345,0.000000,1,false)
(0.018367,0.000000,1,false)
(0.095886,0.000000,1,false)
(0.040610,0.000000,1,false)
(0.094098,0.000000,1,false)
(0.081117,0.000000,1,false)
(0.081531,0.000000,1,false)
(0.093396,0.000000,1,false)
(0.086407,0.000000,1,false)
(0.039883,0.000000,1,false)
(0.062131,0.000000,1,false)
(0.013083,0.000000,1,false)
(0.011654,0.000000,1,false)
(0.044565,0.000000,1,false)
(0.070393,0.000000,1,false)
(0.050823,0.000000,1,false)
(0.099625,0.000000,1,false)
(0.063784,0.000000,1,false)
(0.081204,0.000000,1,false)
(0.040202,0.000000,1,false)
(0.038283,0.000000,1,false)
(0.078399,0.000000,1,false)
(0.020270,0.000000,1,false)
(0.053614,0.000000,1,false)
(0.001163,0.000000,1,false)
(0.020477,0.000000,1,false)
(0.024248,0.000000,1,false)
(0.099107,0.000000,1,false)
(0.041110,0.000000,1,false)
(0.031673,0.000000,1,false)
(0.005245,0.000000,1,false)
(0.060800,0.000000,1,false)
(0.089027,0.000000,1,false)
(0.077151,0.000000,1,false)
(0.054303,0.000000,1,false)
(0.018473,0.000000,1,false)
(0.060854,0.000000,1,false)
(0.079040,0.000000,1,false)
(0.090827,0.000000,1,false)
(0.030096,0.000000,1,false)
(0.081156,0.000000,1,false)
(0.026856,0.000000,1,false)
(0.027937,0.000000,1,false)
(0.024807,0.000000,1,false)
(0.077518,0.000000,1,false)
(0.081405,0.000000,1,false)
(0.077299,0.000000,1,false)
(0.033279,0.000000,1,false)
(0.086358,0.000000,1,false)
(0.013406,0.000000,1,false)
(0.061264,0.000000,1,false)
(0.922609,1.000000,0,true)
(0.962173,1.000000,0,true)
(0.991624,1.000000,0,true)
(0.965016,1.000000,0,true)
(0.948188,1.000000,0,true)
(0.944857,1.000000,0,false)
(0.974692,1.000000,0,false)
(0.953330,1.000000,0,false)
(0.943669,1.000000,0,false)
(0.988009,1.000000,0,false)
(0.981778,1.000000,0,false)
(0.919729,1.000000,0,false)
(0.920313,1.000000,0,false)
(0.959435,1.000000,0,false)
(0.983084,1.000000,0,false)
(0.968408,1.000000,0,false)
(0.906826,1.000000,0,false)
(0.927623,1.000000,0,false)
(0.983973,1.000000,0,false)
(0.933778,1.000000,0,false)
(0.914582,1.000000,0,false)
(0.975883,1.000000,0,false)
(0.959982,1.000000,0,false)
(0.904342,1.000000,0,false)
(0.941476,1.000000,0,false)
(0.988334,1.000000,0,false)
(0.964244,1.000000,0,false)
(0.913418,1.000000,0,false)
(0.989846,1.000000,0,false)
(0.913211,1.000000,0,false)
(0.905944,1.000000,0,false)
(0.912468,1.000000,0,false)
(0.953860,1.000000,0,false)
(0.956932,1.000000,0,false)
(0.983070,1.000000,0,false)
(0.982966,1.000000,0,false)
(0.996134,1.000000,0,false)
(0.969660,1.000000,0,false)
(0.971819,1.000000,0,false)
(0.992222,1.000000,0,false)
(0.982060,1.000000,0,false)
(0.949825,1.000000,0,false)
(0.928380,1.000000,0,false)
(0.957486,1.000000,0,false)
(0.973459,1.000000,0,false)
(0.921121,1.000000,0,false)
(0.946644,1.000000,0,false)
(0.950910,1.000000,0,false)
(0.900615,1.000000,0,false)
(0.920959,1.000000,0,false)
(0.937551,1.000000,0,false)
(0.955574,1.000000,0,false)
(0.933640,1.000000,0,false)
(0.984169,1.000000,0,false)
(0.952310,1.000000,0,false)
(0.969809,1.000000,0,false)
(0.960315,1.000000,0,false)
(0.909952,1.000000,0,false)
(0.962682,1.000000,0,false)
(0.953429,1.000000,0,false)
(0.948198,1.000000,0,false)
(0.963646,1.000000,0,false)
(0.936768,1.000000,0,false)
(0.915243,1.000000,0,false)
(0.923715,1.000000,0,false)
(0.987846,1.000000,0,false)
(0.908441,1.000000,0,false)
(0.956365,1.000000,0,false)
(0.940376,1.000000,0,false)
(0.979695,1.000000,0,false)
(0.932595,1.000000,0,false)
(0.908333,1.000000,0,false)
(0.931915,1.000000,0,false)
(0.932915,1.000000,0,false)
(0.946792,1.000000,0,false)
(0.938956,1.000000,0,false)
(0.954322,1.000000,0,false)
(0.944184,1.000000,0,false)
(0.922703,1.000000,0,false)
(0.942067,1.000000,0,false)
(0.913165,1.000000,0,false)
(0.943930,1.000000,0,false)
(0.987887,1.000000,0,false)
(0.979962,1.000000,0,false)
(0.949491,1.000000,0,false)
(0.931433,1.000000,0,false)
(0.929995,1.000000,0,false)
(0.909386,1.000000,0,false)
(0.918815,1.000000,0,false)
(0.973328,1.000000,0,false)
(0.961431,1.000000,0,false)
(0.993229,1.000000,0,false)
(0.943295,1.000000,0,false)
(0.963172,1.000000,0,false)
(0.922756,1.000000,0,false)
(0.980939,1.000000,0,false)
(0.947194,1.000000,0,false)
(0.937689,1.000000,0,false)
(0.937811,1.000000,0,false)
(0.930726,1.000000,0,false)
(0.900078,1.000000,0,false)
(0.902642,1.000000,0,false)
(0.902590,1.000000,0,false)
(0.946192,1.000000,0,false)
(0.990926,1.000000,0,false)
(0.937946,1.000000,0,false)
(0.993278,1.000000,0,false)
(0.908886,1.000000,0,false)
(0.939430,1.000000,0,false)
(0.927771,1.000000,0,false)
(0.916687,1.000000,0,false)
(0.906548,1.000000,0,false)
(0.918263,1.000000,0,false)
(0.996755,1.000000,0,false)
(0.998497,1.000000,0,false)
(0.984436,1.000000,0,false)
(0.911913,1.000000,0,false)
(0.928345,1.000000,0,false)
(0.911218,1.000000,0,false)
(0.984172,1.000000,0,false)

(0,0,true)
(2,0,false)
(3,0,false)
(4,0,false)
(5,0,false)
(6,0,false)
(8,0,false)
(9,0,false)
(10,0,false)
(12,0,false)
(13,0,false)
(14,0,false)
(15,0,false)
(16,0,false)
(17,0,false)
(18,0,false)
(22,0,false)
(23,0,false)
(24,0,false)
(25,0,true)
(26,0,false)
(27,0,false)
(28,0,false)
(29,0,true)
(30,0,true)
(32,0,false)
(34,0,false)
(35,0,false)
(36,0,false)
(37,0,false)
(38,0,true)
(39,0,false)
(42,0,false)
(43,0,false)
(44,0,false)
(45,0,false)
(49,0,false)
(50,0,false)
(51,0,false)
(53,0,false)
(54,0,false)
(55,0,true)
(56,0,false)
(57,0,false)
(58,0,false)
(60,0,false)
(61,0,false)
(62,0,false)
(63,0,false)
(65,0,false)
(66,0,false)
(67,0,false)
(68,0,false)
(69,0,false)
(71,0,false)
(72,0,false)
(73,0,false)
(74,0,true)
(76,0,false)
(80,0,false)
(81,0,false)
(82,0,false)
(84,0,true)
(85,0,false)
(87,0,false)
(88,0,false)
(90,0,false)
(91,0,false)
(92,0,true)
(93,0,false)
(94,0,false)
(95,0,false)
(96,0,false)
(97,0,false)
(98,0,false)
(99,0,false)
(100,0,false)
(102,0,false)
(103,0,false)
(104,0,false)
(105,0,false)
(106,0,false)
(108,0,false)
(109,0,false)
(110,0,false)
(111,0,false)
(112,0,true)
(113,0,false)
(114,0,false)
(115,0,false)
(119,0,false)
(121,0,false)
(122,0,false)
(123,0,false)
(124,0,false)
(125,0,false)
(126,0,false)
(127,0,false)
(128,0,false)
(129,0,false)
(130,0,false)
(132,0,false)
(133,0,true)
(135,0,false)
(136,0,false)
(138,0,false)
(139,0,false)
(140,0,false)
(141,0,false)
(142,0,false)
(143,0,false)
(144,0,false)
(146,0,false)
(148,0,false)
(149,0,false)
(151,0,false)
(152,0,false)
(153,0,false)
(154,0,false)
(155,0,false)
(156,0,false)
(157,0,false)
(158,0,false)
(159,0,false)
(160,0,false)
(161,0,false)
(162,0,false)
(163,0,false)
(168,0,false)
(169,0,false)
(171,0,false)
(172,0,false)
(173,0,false)
(175,0,false)
(176,0,false)
(179,0,false)
(180,0,true)
(182,0,true)
(184,0,true)
(185,0,true)
(187,0,true)
(190,0,true)
(192,0,true)
(193,0,true)
(196,0,true)
(197,0,true)
(198,0,true)
(200,0,true)
(201,0,true)
(202,0,true)
(203,0,true)
(204,0,true)
(205,0,true)
(206,0,true)
(207,0,true)
(211,0,false)
(212,0,true)
(215,0,true)
(217,0,true)
(218,0,true)
(219,0,true)
(220,0,true)
(221,0,true)
(222,0,true)
(223,0,true)
(224,0,true)
(225,0,true)
(226,0,true)
(227,0,true)
(228,0,true)
(229,0,true)
(230,0,true)
(231,0,true)
(233,0,true)
(234,0,true)
(235,0,true)
(237,0,true)
(238,0,true)
(239,0,true)
(240,0,true)
(241,0,true)
(244,0,true)
(245,0,true)
(246,0,true)
(247,0,true)
(248,0,true)
(249,0,true)
(250,0,true)
(251,0,true)
(252,0,true)
(253,0,true)
(255,0,true)
(256,0,true)
(257,0,true)
(258,0,false)
(260,0,false)
(261,0,true)
(262,0,true)
(263,0,true)
(264,0,true)
(265,0,true)
(266,0,true)
(267,0,true)
(269,0,true)
(270,0,true)
(271,0,true)
(272,0,true)
(273,0,true)
(275,0,true)
(277,0,true)
(278,0,true)
(279,0,true)
(281,0,true)
(283,0,true)
(284,0,true)
(286,0,true)
(289,0,true)
(290,0,true)
(293,0,true)
(296,0,true)
(297,0,true)
(298,0,true)
(299,0,true)
(0,1,false)
(1,1,false)
(2,1,false)
(3,1,false)
(4,1,false)
(8,1,false)
(9,1,false)
(10,1,false)
(11,1,false)
(12,1,false)
(14,1,false)
(16,1,false)
(17,1,false)
(18,1,false)
(21,1,false)
(23,1,false)
(24,1,false)
(26,1,false)
(27,1,false)
(30,1,false)
(31,1,false)
(32,1,false)
(33,1,false)
(34,1,true)
(38,1,false)
(39,1,false)
(40,1,false)
(41,1,false)
(43,1,false)
(44,1,false)
(45,1,true)
(46,1,false)
(48,1,true)
(50,1,false)
(51,1,false)
(52,1,false)
(57,1,false)
(59,1,false)
(63,1,false)
(64,1,false)
(67,1,false)
(68,1,false)
(69,1,false)
(70,1,false)
(72,1,false)
(73,1,false)
(74,1,false)
(75,1,false)
(79,1,false)
(81,1,false)
(82,1,false)
(83,1,false)
(84,1,false)
(85,1,false)
(88,1,false)
(89,1,false)
(90,1,false)
(92,1,false)
(93,1,false)
(94,1,false)
(98,1,false)
(100,1,false)
(103,1,false)
(105,1,false)
(107,1,false)
(108,1,false)
(110,1,false)
(112,1,false)
(113,1,false)
(115,1,false)
(119,1,false)
(121,1,false)
(124,1,false)
(129,1,false)
(131,1,false)
(132,1,false)
(133,1,false)
(138,1,false)
(139,1,false)
(142,1,false)
(143,1,false)
(144,1,false)
(146,1,false)
(147,1,false)
(148,1,false)
(149,1,false)
(151,1,false)
(153,1,false)
(154,1,false)
(155,1,false)
(161,1,false)
(162,1,false)
(163,1,false)
(164,1,false)
(167,1,false)
(168,1,false)
(169,1,false)
(171,1,false)
(173,1,false)
(177,1,false)
(178,1,false)
(181,1,true)
(184,1,true)
(185,1,true)
(189,1,true)
(192,1,true)
(193,1,true)
(194,1,true)
(195,1,true)
(197,1,true)
(198,1,true)
(200,1,true)
(202,1,true)
(203,1,false)
(204,1,true)
(205,1,true)
(206,1,true)
(208,1,true)
(209,1,true)
(210,1,true)
(211,1,true)
(212,1,true)
(213,1,true)
(214,1,true)
(215,1,true)
(216,1,true)
(218,1,true)
(220,1,true)
(221,1,false)
(225,1,true)
(228,1,true)
(229,1,true)
(230,1,true)
(232,1,true)
(233,1,true)
(234,1,true)
(236,1,false)
(239,1,true)
(241,1,true)
(244,1,true)
(247,1,true)
(248,1,true)
(250,1,true)
(255,1,true)
(257,1,true)
(258,1,true)
(260,1,true)
(261,1,true)
(262,1,true)
(266,1,true)
(267,1,true)
(268,1,true)
(269,1,true)
(271,1,true)
(272,1,true)
(275,1,true)
(278,1,true)
(279,1,false)
(280,1,true)
(281,1,true)
(285,1,true)
(287,1,false)
(288,1,true)
(289,1,true)
(291,1,true)
(295,1,true)
(297,1,true)
(298,1,true)
(299,1,true)
(0,2,false)
(1,2,false)
(2,2,false)
(3,2,false)
(4,2,false)
(6,2,false)
(7,2,false)
(8,2,false)
(9,2,false)
(10,2,false)
(12,2,false)
(13,2,false)
(16,2,false)
(17,2,true)
(18,2,true)
(19,2,false)
(20,2,false)
(21,2,false)
(22,2,false)
(25,2,false)
(26,2,false)
(29,2,false)
(32,2,false)
(33,2,false)
(34,2,true)
(35,2,false)
(36,2,false)
(37,2,false)
(38,2,false)
(39,2,false)
(40,2,false)
(42,2,false)
(43,2,false)
(45,2,false)
(46,2,true)
(47,2,false)
(48,2,false)
(51,2,false)
(52,2,false)
(53,2,false)
(54,2,false)
(56,2,false)
(57,2,false)
(59,2,false)
(60,2,false)
(61,2,false)
(62,2,false)
(63,2,false)
(65,2,false)
(72,2,true)
(73,2,false)
(79,2,false)
(80,2,false)
(81,2,false)
(82,2,false)
(83,2,false)
(84,2,false)
(85,2,true)
(86,2,false)
(87,2,false)
(89,2,false)
(90,2,false)
(91,2,false)
(92,2,false)
(93,2,false)
(95,2,false)
(96,2,false)
(97,2,false)
(98,2,false)
(101,2,false)
(106,2,false)
(107,2,false)
(108,2,false)
(115,2,false)
(116,2,false)
(118,2,false)
(120,2,false)
(123,2,false)
(124,2,false)
(125,2,false)
(126,2,false)
(128,2,false)
(129,2,false)
(131,2,false)
(133,2,false)
(134,2,false)
(135,2,true)
(136,2,false)
(137,2,false)
(140,2,false)
(141,2,false)
(144,2,false)
(146,2,false)
(147,2,false)
(148,2,false)
(149,2,false)
(150,2,true)
(153,2,false)
(158,2,false)
(159,2,false)
(160,2,false)
(162,2,false)
(163,2,false)
(165,2,false)
(167,2,false)
(169,2,false)
(171,2,false)
(172,2,false)
(173,2,false)
(174,2,false)
(175,2,false)
(176,2,false)
(177,2,false)
(180,2,true)
(181,2,true)
(183,2,true)
(186,2,true)
(187,2,true)
(188,2,true)
(190,2,true)
(191,2,false)
(194,2,true)
(196,2,true)
(197,2,true)
(199,2,true)
(200,2,true)
(201,2,true)
(204,2,true)
(206,2,true)
(210,2,true)
(212,2,true)
(214,2,true)
(215,2,true)
(216,2,true)
(217,2,false)
(218,2,true)
(219,2,true)
(220,2,true)
(224,2,true)
(225,2,true)
(226,2,true)
(229,2,true)
(231,2,true)
(232,2,true)
(233,2,true)
(235,2,true)
(238,2,true)
(239,2,true)
(240,2,true)
(241,2,true)
(243,2,true)
(246,2,true)
(250,2,true)
(251,2,true)
(254,2,false)
(255,2,false)
(256,2,true)
(257,2,true)
(260,2,true)
(261,2,true)
(267,2,true)
(268,2,true)
(269,2,true)
(270,2,true)
(271,2,true)
(273,2,true)
(275,2,true)
(278,2,true)
(280,2,true)
(282,2,true)
(283,2,true)
(286,2,true)
(287,2,true)
(288,2,true)
(290,2,true)
(293,2,true)
(294,2,true)
(295,2,true)
(296,2,true)
(1,3,false)
(2,3,false)
(3,3,false)
(4,3,false)
(5,3,false)
(6,3,false)
(8,3,false)
(9,3,false)
(10,3,false)
(11,3,false)
(12,3,false)
(15,3,false)
(17,3,false)
(18,3,false)
(19,3,false)
(20,3,false)
(21,3,false)
(22,3,false)
(28,3,false)
(29,3,false)
(30,3,false)
(32,3,false)
(33,3,false)
(34,3,false)
(36,3,false)
(39,3,false)
(41,3,false)
(42,3,false)
(45,3,false)
(46,3,true)
(47,3,false)
(49,3,false)
(51,3,false)
(53,3,false)
(54,3,false)
(57,3,false)
(58,3,false)
(59,3,false)
(61,3,false)
(65,3,false)
(70,3,false)
(72,3,false)
(73,3,true)
(75,3,false)
(78,3,false)
(79,3,false)
(80,3,false)
(81,3,false)
(83,3,false)
(84,3,false)
(90,3,false)
(92,3,false)
(93,3,false)
(94,3,false)
(95,3,false)
(97,3,false)
(103,3,false)
(106,3,false)
(108,3,false)
(113,3,false)
(115,3,false)
(117,3,false)
(118,3,false)
(119,3,false)
(120,3,false)
(122,3,false)
(123,3,false)
(124,3,false)
(127,3,true)
(128,3,false)
(129,3,false)
(130,3,false)
(131,3,false)
(132,3,true)
(135,3,false)
(136,3,false)
(137,3,false)
(140,3,false)
(141,3,false)
(143,3,false)
(145,3,true)
(146,3,false)
(148,3,false)
(152,3,false)
(154,3,false)
(155,3,false)
(156,3,false)
(158,3,false)
(159,3,false)
(160,3,false)
(162,3,false)
(163,3,false)
(165,3,false)
(166,3,false)
(175,3,false)
(177,3,false)
(178,3,false)
(179,3,false)
(180,3,true)
(184,3,true)
(185,3,true)
(187,3,true)
(190,3,true)
(193,3,true)
(196,3,true)
(197,3,true)
(198,3,true)
(199,3,true)
(201,3,true)
(202,3,true)
(203,3,true)
(204,3,true)
(206,3,true)
(209,3,true)
(210,3,true)
(213,3,true)
(218,3,true)
(221,3,false)
(222,3,true)
(223,3,true)
(227,3,true)
(228,3,true)
(229,3,true)
(230,3,true)
(231,3,true)
(236,3,true)
(237,3,true)
(238,3,true)
(239,3,true)
(241,3,true)
(242,3,true)
(244,3,true)
(246,3,true)
(248,3,true)
(250,3,true)
(251,3,true)
(254,3,true)
(255,3,true)
(256,3,true)
(258,3,true)
(263,3,true)
(268,3,true)
(269,3,true)
(270,3,true)
(271,3,true)
(272,3,true)
(273,3,true)
(274,3,true)
(275,3,true)
(276,3,true)
(277,3,true)
(278,3,false)
(280,3,true)
(281,3,true)
(282,3,true)
(283,3,true)
(285,3,true)
(286,3,true)
(288,3,true)
(289,3,true)
(290,3,true)
(291,3,true)
(292,3,true)
(293,3,true)
(294,3,true)
(297,3,true)
(298,3,true)
(0,4,false)
(2,4,false)
(3,4,false)
(4,4,false)
(5,4,false)
(6,4,false)
(8,4,false)
(9,4,false)
(12,4,false)
(15,4,false)
(16,4,false)
(17,4,false)
(20,4,false)
(21,4,false)
(23,4,false)
(24,4,false)
(26,4,false)
(32,4,false)
(33,4,false)
(36,4,false)
(38,4,false)
(39,4,false)
(40,4,false)
(42,4,false)
(43,4,false)
(45,4,false)
(46,4,false)
(49,4,false)
(52,4,false)
(60,4,false)
(62,4,false)
(65,4,false)
(68,4,false)
(69,4,false)
(70,4,false)
(71,4,false)
(72,4,false)
(77,4,false)
(82,4,false)
(84,4,false)
(85,4,false)
(90,4,false)
(91,4,false)
(92,4,false)
(93,4,false)
(94,4,false)
(96,4,false)
(99,4,false)
(100,4,false)
(102,4,false)
(105,4,false)
(109,4,false)
(110,4,false)
(111,4,false)
(115,4,false)
(121,4,false)
(124,4,false)
(126,4,false)
(130,4,false)
(132,4,false)
(135,4,true)
(142,4,false)
(143,4,false)
(146,4,false)
(149,4,false)
(156,4,false)
(158,4,false)
(159,4,false)
(160,4,false)
(161,4,false)
(162,4,false)
(164,4,false)
(166,4,false)
(167,4,false)
(171,4,false)
(173,4,false)
(174,4,false)
(175,4,false)
(178,4,false)
(182,4,true)
(183,4,true)
(184,4,true)
(185,4,true)
(186,4,true)
(187,4,true)
(188,4,true)
(192,4,false)
(193,4,true)
(195,4,true)
(196,4,true)
(200,4,true)
(202,4,true)
(203,4,true)
(204,4,true)
(206,4,true)
(208,4,true)
(209,4,true)
(212,4,true)
(214,4,true)
(217,4,true)
(223,4,true)
(224,4,true)
(231,4,true)
(234,4,true)
(236,4,true)
(237,4,true)
(240,4,true)
(242,4,true)
(243,4,true)
(246,4,true)
(247,4,true)
(252,4,true)
(254,4,true)
(255,4,true)
(256,4,true)
(257,4,false)
(258,4,true)
(259,4,true)
(260,4,true)
(261,4,true)
(262,4,true)
(263,4,true)
(265,4,true)
(266,4,true)
(268,4,true)
(269,4,true)
(270,4,true)
(271,4,true)
(275,4,true)
(277,4,true)
(278,4,true)
(279,4,true)
(280,4,true)
(282,4,true)
(287,4,true)
(288,4,true)
(292,4,true)
(295,4,true)
(296,4,true)
(297,4,true)
(0,5,false)
(1,5,false)
(2,5,false)
(4,5,false)
(6,5,false)
(7,5,false)
(10,5,false)
(11,5,false)
(14,5,false)
(18,5,true)
(21,5,false)
(22,5,false)
(27,5,false)
(29,5,false)
(30,5,false)
(31,5,false)
(32,5,true)
(33,5,false)
(34,5,false)
(36,5,false)
(37,5,false)
(40,5,false)
(42,5,false)
(44,5,false)
(45,5,false)
(48,5,false)
(51,5,true)
(54,5,false)
(55,5,false)
(56,5,true)
(58,5,true)
(59,5,false)
(60,5,false)
(62,5,false)
(63,5,false)
(64,5,false)
(68,5,false)
(69,5,true)
(75,5,false)
(76,5,false)
(78,5,false)
(79,5,false)
(81,5,true)
(83,5,false)
(84,5,false)
(86,5,false)
(87,5,false)
(88,5,false)
(90,5,false)
(92,5,false)
(93,5,false)
(94,5,false)
(95,5,false)
(96,5,false)
(97,5,false)
(100,5,false)
(101,5,false)
(103,5,false)
(105,5,false)
(108,5,false)
(110,5,false)
(111,5,false)
(114,5,false)
(115,5,false)
(118,5,false)
(121,5,false)
(127,5,false)
(128,5,false)
(130,5,false)
(131,5,false)
(132,5,false)
(133,5,false)
(134,5,false)
(137,5,false)
(138,5,false)
(145,5,false)
(150,5,false)
(158,5,false)
(160,5,false)
(161,5,false)
(166,5,true)
(168,5,false)
(172,5,false)
(173,5,false)
(176,5,false)
(178,5,false)
(179,5,false)
(181,5,true)
(182,5,true)
(187,5,true)
(188,5,true)
(190,5,true)
(192,5,true)
(193,5,true)
(195,5,true)
(197,5,true)
(204,5,true)
(207,5,false)
(209,5,true)
(210,5,true)
(211,5,true)
(212,5,true)
(213,5,true)
(214,5,true)
(215,5,true)
(216,5,true)
(218,5,true)
(219,5,true)
(221,5,true)
(223,5,true)
(226,5,true)
(227,5,true)
(228,5,true)
(230,5,true)
(231,5,true)
(233,5,true)
(234,5,true)
(235,5,true)
(237,5,true)
(238,5,true)
(239,5,true)
(244,5,true)
(246,5,true)
(247,5,true)
(252,5,true)
(253,5,true)
(256,5,true)
(257,5,true)
(260,5,true)
(261,5,true)
(269,5,true)
(273,5,true)
(275,5,true)
(276,5,true)
(277,5,true)
(278,5,true)
(280,5,true)
(282,5,true)
(283,5,true)
(285,5,true)
(287,5,true)
(288,5,true)
(290,5,true)
(294,5,true)
(295,5,true)
(296,5,true)
(1,6,false)
(2,6,false)
(3,6,false)
(9,6,false)
(12,6,false)
(13,6,false)
(19,6,false)
(23,6,false)
(29,6,false)
(33,6,false)
(34,6,false)
(36,6,false)
(41,6,false)
(45,6,false)
(46,6,false)
(50,6,false)
(54,6,false)
(58,6,false)
(61,6,false)
(62,6,false)
(63,6,false)
(64,6,false)
(65,6,false)
(71,6,false)
(75,6,false)
(80,6,false)
(86,6,false)
(87,6,false)
(90,6,false)
(91,6,false)
(92,6,true)
(97,6,false)
(103,6,false)
(104,6,false)
(105,6,false)
(106,6,false)
(108,6,false)
(109,6,false)
(111,6,false)
(112,6,false)
(113,6,false)
(119,6,false)
(122,6,false)
(125,6,false)
(129,6,false)
(131,6,true)
(132,6,false)
(136,6,false)
(137,6,true)
(140,6,false)
(144,6,false)
(146,6,false)
(150,6,false)
(155,6,false)
(157,6,false)
(159,6,false)
(160,6,false)
(161,6,false)
(163,6,false)
(168,6,false)
(169,6,false)
(170,6,false)
(172,6,false)
(174,6,false)
(175,6,false)
(176,6,false)
(179,6,false)
(183,6,false)
(185,6,true)
(187,6,true)
(188,6,true)
(190,6,true)
(192,6,true)
(195,6,true)
(197,6,true)
(203,6,true)
(206,6,true)
(207,6,true)
(208,6,true)
(210,6,true)
(215,6,true)
(217,6,true)
(220,6,true)
(221,6,true)
(222,6,true)
(223,6,false)
(226,6,true)
(228,6,true)
(229,6,true)
(231,6,true)
(232,6,true)
(234,6,true)
(236,6,true)
(237,6,true)
(238,6,true)
(242,6,true)
(244,6,true)
(248,6,false)
(249,6,true)
(252,6,true)
(255,6,true)
(263,6,false)
(264,6,true)
(267,6,true)
(269,6,true)
(273,6,false)
(274,6,true)
(275,6,true)
(279,6,true)
(280,6,true)
(281,6,true)
(282,6,true)
(283,6,true)
(285,6,true)
(287,6,true)
(291,6,true)
(293,6,true)
(294,6,true)
(299,6,true)
(0,7,false)
(4,7,false)
(5,7,false)
(9,7,false)
(10,7,false)
(12,7,false)
(16,7,false)
(19,7,false)
(20,7,false)
(29,7,false)
(31,7,false)
(33,7,false)
(36,7,false)
(37,7,false)
(39,7,false)
(40,7,false)
(44,7,false)
(46,7,false)
(48,7,false)
(49,7,false)
(50,7,false)
(56,7,false)
(57,7,false)
(59,7,false)
(62,7,false)
(63,7,false)
(65,7,false)
(66,7,false)
(68,7,false)
(70,7,false)
(71,7,false)
(73,7,false)
(79,7,false)
(83,7,false)
(88,7,false)
(89,7,true)
(96,7,false)
(97,7,false)
(100,7,false)
(102,7,false)
(104,7,false)
(108,7,false)
(111,7,false)
(115,7,false)
(121,7,false)
(122,7,false)
(123,7,false)
(124,7,false)
(127,7,false)
(129,7,false)
(133,7,false)
(140,7,false)
(145,7,true)
(146,7,false)
(148,7,false)
(150,7,true)
(153,7,false)
(156,7,false)
(157,7,false)
(161,7,true)
(162,7,false)
(164,7,false)
(165,7,false)
(167,7,false)
(171,7,false)
(172,7,false)
(175,7,false)
(177,7,false)
(178,7,false)
(179,7,false)
(183,7,true)
(184,7,true)
(189,7,true)
(193,7,true)
(197,7,true)
(199,7,true)
(200,7,true)
(203,7,true)
(204,7,true)
(206,7,true)
(208,7,true)
(209,7,true)
(210,7,true)
(214,7,true)
(218,7,true)
(219,7,true)
(221,7,true)
(223,7,true)
(227,7,true)
(228,7,true)
(230,7,true)
(234,7,true)
(237,7,true)
(241,7,true)
(243,7,true)
(244,7,true)
(246,7,true)
(249,7,true)
(256,7,true)
(257,7,true)
(260,7,true)
(261,7,true)
(263,7,true)
(265,7,true)
(267,7,true)
(268,7,true)
(270,7,false)
(272,7,true)
(277,7,true)
(280,7,true)
(284,7,true)
(294,7,true)
(6,8,true)
(8,8,false)
(10,8,false)
(14,8,false)
(17,8,false)
(21,8,false)
(24,8,false)
(26,8,false)
(29,8,false)
(30,8,true)
(36,8,false)
(39,8,false)
(42,8,false)
(44,8,false)
(46,8,false)
(50,8,false)
(53,8,false)
(54,8,false)
(58,8,false)
(60,8,false)
(68,8,false)
(69,8,false)
(71,8,false)
(72,8,false)
(75,8,false)
(79,8,false)
(80,8,false)
(82,8,false)
(85,8,false)
(90,8,false)
(92,8,false)
(96,8,false)
(98,8,false)
(105,8,false)
(112,8,false)
(116,8,false)
(120,8,false)
(122,8,true)
(123,8,false)
(124,8,false)
(125,8,false)
(127,8,false)
(129,8,false)
(135,8,false)
(139,8,true)
(141,8,false)
(143,8,false)
(144,8,false)
(146,8,false)
(147,8,true)
(151,8,false)
(156,8,false)
(158,8,false)
(163,8,false)
(165,8,false)
(166,8,false)
(171,8,false)
(172,8,false)
(174,8,false)
(178,8,false)
(181,8,true)
(187,8,true)
(190,8,true)
(195,8,true)
(202,8,true)
(204,8,true)
(205,8,true)
(206,8,true)
(209,8,true)
(210,8,true)
(212,8,true)
(215,8,true)
(219,8,true)
(220,8,true)
(222,8,true)
(224,8,true)
(225,8,true)
(227,8,true)
(229,8,true)
(234,8,true)
(236,8,true)
(238,8,true)
(239,8,false)
(240,8,true)
(252,8,true)
(253,8,true)
(256,8,true)
(258,8,true)
(260,8,false)
(262,8,true)
(266,8,true)
(267,8,true)
(268,8,true)
(269,8,true)
(272,8,true)
(273,8,true)
(279,8,true)
(283,8,true)
(284,8,true)
(288,8,true)
(290,8,true)
(292,8,true)
(294,8,true)
(295,8,true)
(296,8,true)
(297,8,true)
(298,8,true)
(299,8,true)
(2,9,false)
(7,9,false)
(11,9,false)
(13,9,false)
(16,9,true)
(17,9,false)
(20,9,false)
(22,9,false)
(26,9,false)
(27,9,false)
(29,9,false)
(33,9,false)
(34,9,false)
(39,9,false)
(41,9,false)
(43,9,false)
(45,9,false)
(50,9,false)
(59,9,false)
(61,9,true)
(62,9,false)
(63,9,false)
(65,9,false)
(73,9,false)
(74,9,false)
(76,9,false)
(78,9,false)
(79,9,false)
(85,9,false)
(92,9,false)
(93,9,false)
(96,9,false)
(97,9,false)
(100,9,false)
(101,9,false)
(103,9,false)
(104,9,false)
(107,9,false)
(109,9,false)
(111,9,false)
(115,9,false)
(117,9,false)
(118,9,false)
(121,9,false)
(122,9,false)
(123,9,false)
(124,9,false)
(127,9,true)
(132,9,false)
(139,9,false)
(142,9,false)
(145,9,false)
(146,9,false)
(149,9,false)
(150,9,false)
(152,9,false)
(157,9,false)
(158,9,false)
(159,9,false)
(160,9,false)
(161,9,true)
(163,9,false)
(170,9,false)
(172,9,false)
(178,9,false)
(181,9,true)
(186,9,true)
(188,9,true)
(191,9,true)
(192,9,true)
(193,9,true)
(198,9,true)
(199,9,true)
(200,9,false)
(202,9,true)
(204,9,true)
(206,9,true)
(207,9,true)
(208,9,true)
(209,9,true)
(213,9,false)
(214,9,true)
(215,9,true)
(216,9,true)
(219,9,true)
(222,9,true)
(223,9,false)
(224,9,true)
(225,9,true)
(226,9,true)
(228,9,true)
(234,9,true)
(236,9,true)
(237,9,true)
(238,9,true)
(239,9,true)
(240,9,false)
(242,9,true)
(246,9,false)
(253,9,true)
(254,9,true)
(256,9,true)
(257,9,true)
(262,9,true)
(264,9,true)
(265,9,true)
(266,9,true)
(268,9,true)
(270,9,true)
(273,9,true)
(278,9,true)
(280,9,true)
(282,9,true)
(284,9,true)
(286,9,true)
(291,9,true)
(297,9,true)
(298,9,true)
(3,10,false)
(5,10,false)
(7,10,false)
(11,10,false)
(13,10,false)
(14,10,false)
(15,10,true)
(18,10,false)
(19,10,false)
(21,10,false)
(22,10,false)
(23,10,false)
(24,10,false)
(27,10,false)
(29,10,false)
(31,10,false)
(32,10,false)
(33,10,false)
(34,10,false)
(36,10,false)
(38,10,false)
(39,10,false)
(40,10,false)
(44,10,false)
(45,10,false)
(52,10,false)
(54,10,false)
(55,10,false)
(56,10,true)
(59,10,false)
(60,10,false)
(61,10,false)
(62,10,false)
(63,10,false)
(64,10,false)
(67,10,false)
(68,10,false)
(69,10,false)
(70,10,true)
(71,10,false)
(74,10,false)
(75,10,false)
(77,10,false)
(89,10,false)
(91,10,false)
(93,10,false)
(94,10,false)
(95,10,false)
(100,10,false)
(101,10,false)
(102,10,false)
(108,10,false)
(109,10,true)
(112,10,false)
(113,10,true)
(114,10,false)
(117,10,false)
(119,10,true)
(125,10,false)
(138,10,false)
(140,10,false)
(142,10,false)
(144,10,false)
(145,10,false)
(146,10,false)
(147,10,false)
(153,10,false)
(154,10,false)
(156,10,false)
(160,10,false)
(163,10,false)
(170,10,false)
(171,10,false)
(174,10,false)
(185,10,true)
(187,10,true)
(189,10,true)
(190,10,true)
(191,10,true)
(194,10,true)
(198,10,true)
(200,10,true)
(204,10,true)
(207,10,true)
(208,10,true)
(209,10,true)
(210,10,true)
(211,10,true)
(212,10,true)
(213,10,true)
(214,10,true)
(216,10,true)
(219,10,true)
(221,10,true)
(222,10,true)
(223,10,true)
(224,10,true)
(227,10,true)
(229,10,true)
(231,10,true)
(233,10,true)
(234,10,true)
(236,10,true)
(237,10,true)
(239,10,true)
(240,10,true)
(241,10,true)
(242,10,true)
(245,10,true)
(249,10,true)
(251,10,true)
(262,10,true)
(263,10,true)
(269,10,true)
(272,10,true)
(274,10,true)
(275,10,true)
(277,10,true)
(278,10,true)
(279,10,true)
(280,10,true)
(281,10,true)
(283,10,true)
(286,10,true)
(288,10,true)
(290,10,true)
(295,10,true)
(297,10,true)
(0,11,false)
(1,11,false)
(2,11,false)
(6,11,false)
(7,11,false)
(8,11,false)
(12,11,false)
(13,11,false)
(14,11,false)
(15,11,false)
(17,11,false)
(19,11,false)
(22,11,false)
(24,11,true)
(31,11,false)
(33,11,true)
(34,11,false)
(37,11,false)
(41,11,false)
(44,11,true)
(48,11,false)
(49,11,false)
(52,11,false)
(57,11,false)
(59,11,false)
(62,11,false)
(64,11,false)
(65,11,false)
(72,11,false)
(73,11,true)
(75,11,false)
(76,11,false)
(82,11,false)
(83,11,false)
(86,11,false)
(93,11,false)
(101,11,false)
(103,11,false)
(106,11,true)
(108,11,false)
(109,11,false)
(112,11,false)
(114,11,false)
(117,11,false)
(120,11,false)
(122,11,false)
(123,11,false)
(124,11,false)
(126,11,false)
(127,11,false)
(128,11,false)
(133,11,false)
(134,11,false)
(135,11,false)
(138,11,false)
(140,11,false)
(142,11,false)
(143,11,false)
(145,11,false)
(149,11,false)
(152,11,false)
(155,11,false)
(156,11,false)
(165,11,false)
(169,11,false)
(171,11,false)
(174,11,false)
(177,11,false)
(179,11,false)
(180,11,true)
(182,11,true)
(186,11,true)
(187,11,true)
(190,11,true)
(191,11,true)
(194,11,true)
(195,11,true)
(198,11,true)
(199,11,true)
(204,11,true)
(207,11,true)
(208,11,true)
(209,11,true)
(210,11,true)
(213,11,true)
(220,11,true)
(222,11,true)
(224,11,true)
(225,11,true)
(228,11,true)
(229,11,true)
(236,11,true)
(237,11,true)
(241,11,true)
(248,11,true)
(250,11,true)
(251,11,true)
(253,11,true)
(255,11,true)
(258,11,true)
(264,11,true)
(265,11,true)
(267,11,true)
(268,11,true)
(269,11,true)
(272,11,true)
(273,11,true)
(278,11,true)
(281,11,true)
(283,11,true)
(284,11,true)
(285,11,true)
(286,11,true)
(288,11,true)
(295,11,true)
(296,11,false)
(297,11,true)
(1,12,false)
(3,12,false)
(8,12,false)
(9,12,false)
(12,12,true)
(15,12,false)
(16,12,false)
(17,12,false)
(21,12,false)
(22,12,false)
(25,12,false)
(30,12,false)
(37,12,false)
(38,12,false)
(40,12,false)
(42,12,false)
(43,12,false)
(46,12,true)
(51,12,false)
(56,12,false)
(64,12,true)
(68,12,false)
(72,12,false)
(73,12,false)
(74,12,false)
(79,12,false)
(87,12,false)
(90,12,false)
(91,12,false)
(92,12,false)
(96,12,false)
(102,12,false)
(104,12,false)
(105,12,false)
(108,12,false)
(114,12,false)
(115,12,false)
(116,12,false)
(121,12,false)
(125,12,false)
(128,12,false)
(132,12,false)
(136,12,false)
(138,12,false)
(142,12,false)
(143,12,false)
(145,12,false)
(146,12,false)
(149,12,false)
(153,12,false)
(154,12,false)
(157,12,false)
(160,12,false)
(164,12,false)
(166,12,false)
(167,12,false)
(169,12,true)
(172,12,false)
(178,12,false)
(183,12,true)
(188,12,true)
(189,12,true)
(191,12,true)
(192,12,true)
(194,12,true)
(195,12,true)
(197,12,true)
(200,12,true)
(202,12,true)
(208,12,true)
(211,12,true)
(212,12,true)
(220,12,true)
(221,12,true)
(225,12,true)
(235,12,true)
(239,12,true)
(241,12,true)
(247,12,true)
(250,12,true)
(251,12,true)
(255,12,true)
(256,12,true)
(260,12,true)
(262,12,true)
(265,12,true)
(272,12,true)
(274,12,true)
(275,12,true)
(276,12,true)
(284,12,true)
(292,12,true)
(293,12,true)
(296,12,true)
(0,13,false)
(4,13,false)
(8,13,false)
(10,13,false)
(12,13,false)
(15,13,false)
(16,13,false)
(18,13,false)
(19,13,true)
(22,13,false)
(23,13,false)
(25,13,false)
(26,13,false)
(27,13,false)
(33,13,false)
(42,13,false)
(44,13,false)
(52,13,false)
(53,13,false)
(56,13,false)
(66,13,false)
(67,13,false)
(68,13,false)
(73,13,false)
(74,13,false)
(79,13,false)
(80,13,false)
(81,13,false)
(82,13,false)
(84,13,false)
(85,13,false)
(92,13,false)
(93,13,false)
(94,13,false)
(98,13,false)
(99,13,false)
(103,13,false)
(104,13,true)
(108,13,false)
(113,13,false)
(115,13,false)
(117,13,false)
(119,13,false)
(120,13,false)
(121,13,false)
(126,13,false)
(129,13,true)
(130,13,false)
(131,13,false)
(133,13,false)
(135,13,false)
(136,13,true)
(137,13,true)
(138,13,false)
(139,13,false)
(142,13,false)
(143,13,false)
(144,13,false)
(145,13,false)
(147,13,false)
(148,13,false)
(152,13,false)
(160,13,false)
(161,13,false)
(163,13,false)
(165,13,false)
(166,13,false)
(169,13,false)
(170,13,false)
(172,13,false)
(174,13,false)
(176,13,false)
(184,13,true)
(187,13,true)
(188,13,true)
(191,13,true)
(193,13,true)
(195,13,true)
(197,13,true)
(200,13,true)
(205,13,true)
(209,13,true)
(212,13,true)
(213,13,true)
(215,13,true)
(216,13,true)
(217,13,true)
(219,13,true)
(224,13,true)
(227,13,true)
(235,13,true)
(242,13,true)
(244,13,true)
(247,13,true)
(251,13,true)
(252,13,true)
(253,13,true)
(254,13,false)
(256,13,true)
(257,13,true)
(258,13,true)
(261,13,true)
(266,13,true)
(270,13,true)
(272,13,true)
(275,13,true)
(276,13,true)
(281,13,true)
(282,13,true)
(288,13,true)
(291,13,true)
(292,13,true)
(293,13,true)
(296,13,true)
(299,13,true)
(0,14,false)
(4,14,false)
(5,14,true)
(6,14,false)
(11,14,false)
(16,14,true)
(19,14,false)
(20,14,false)
(22,14,false)
(26,14,false)
(42,14,false)
(45,14,false)
(46,14,false)
(50,14,false)
(55,14,false)
(56,14,true)
(59,14,false)
(60,14,false)
(65,14,false)
(67,14,false)
(68,14,false)
(73,14,false)
(75,14,true)
(76,14,false)
(78,14,false)
(79,14,false)
(81,14,false)
(82,14,false)
(87,14,false)
(89,14,false)
(90,14,false)
(93,14,false)
(95,14,false)
(96,14,false)
(99,14,false)
(101,14,false)
(104,14,false)
(105,14,false)
(106,14,false)
(109,14,false)
(112,14,false)
(114,14,false)
(118,14,false)
(122,14,false)
(123,14,false)
(130,14,false)
(132,14,false)
(133,14,false)
(138,14,false)
(139,14,false)
(143,14,false)
(144,14,false)
(147,14,false)
(151,14,false)
(152,14,false)
(158,14,false)
(161,14,false)
(162,14,false)
(163,14,false)
(166,14,false)
(169,14,false)
(171,14,false)
(175,14,false)
(177,14,false)
(182,14,true)
(190,14,true)
(194,14,true)
(195,14,true)
(196,14,true)
(197,14,true)
(198,14,true)
(201,14,true)
(202,14,true)
(204,14,true)
(216,14,true)
(219,14,true)
(221,14,true)
(222,14,true)
(230,14,true)
(233,14,true)
(235,14,true)
(239,14,true)
(242,14,true)
(248,14,true)
(250,14,true)
(252,14,true)
(253,14,false)
(254,14,true)
(255,14,true)
(256,14,true)
(257,14,true)
(258,14,true)
(260,14,true)
(262,14,true)
(268,14,true)
(271,14,true)
(283,14,true)
(285,14,true)
(291,14,true)
(294,14,true)
(296,14,true)
(299,14,true)
(8,15,false)
(9,15,false)
(10,15,true)
(16,15,false)
(23,15,false)
(24,15,false)
(27,15,false)
(29,15,false)
(32,15,false)
(40,15,false)
(46,15,false)
(48,15,false)
(52,15,false)
(55,15,true)
(56,15,false)
(61,15,false)
(66,15,true)
(69,15,false)
(71,15,false)
(72,15,false)
(74,15,false)
(75,15,false)
(76,15,false)
(94,15,false)
(96,15,false)
(97,15,false)
(100,15,false)
(107,15,false)
(109,15,true)
(113,15,false)
(114,15,false)
(117,15,false)
(118,15,false)
(119,15,false)
(123,15,false)
(126,15,false)
(129,15,false)
(131,15,false)
(132,15,false)
(139,15,false)
(140,15,false)
(141,15,false)
(144,15,false)
(150,15,false)
(151,15,false)
(154,15,false)
(157,15,false)
(158,15,false)
(171,15,false)
(172,15,false)
(184,15,true)
(187,15,true)
(192,15,true)
(194,15,true)
(196,15,true)
(197,15,true)
(203,15,true)
(204,15,true)
(207,15,true)
(210,15,false)
(212,15,false)
(214,15,true)
(216,15,true)
(223,15,true)
(230,15,true)
(234,15,true)
(238,15,true)
(239,15,true)
(241,15,true)
(251,15,true)
(253,15,true)
(261,15,true)
(270,15,true)
(274,15,true)
(279,15,true)
(282,15,true)
(298,15,true)
(3,16,false)
(6,16,false)
(11,16,false)
(12,16,false)
(18,16,false)
(23,16,false)
(25,16,false)
(28,16,false)
(31,16,false)
(34,16,false)
(36,16,false)
(38,16,false)
(43,16,false)
(50,16,false)
(54,16,false)
(56,16,false)
(57,16,false)
(60,16,false)
(61,16,false)
(77,16,false)
(78,16,true)
(81,16,false)
(82,16,false)
(84,16,false)
(88,16,false)
(92,16,true)
(93,16,false)
(94,16,false)
(95,16,false)
(98,16,false)
(99,16,false)
(101,16,false)
(107,16,false)
(109,16,false)
(113,16,false)
(114,16,false)
(116,16,false)
(118,16,false)
(120,16,false)
(123,16,false)
(125,16,false)
(126,16,false)
(128,16,false)
(129,16,false)
(138,16,false)
(140,16,false)
(141,16,false)
(142,16,false)
(146,16,true)
(153,16,false)
(156,16,false)
(157,16,true)
(160,16,true)
(161,16,false)
(165,16,false)
(167,16,false)
(168,16,false)
(173,16,false)
(174,16,false)
(176,16,false)
(182,16,true)
(186,16,true)
(190,16,true)
(191,16,true)
(192,16,true)
(194,16,true)
(198,16,true)
(202,16,true)
(203,16,false)
(208,16,true)
(209,16,true)
(212,16,true)
(213,16,true)
(214,16,true)
(215,16,true)
(224,16,true)
(228,16,false)
(230,16,false)
(232,16,true)
(234,16,true)
(235,16,true)
(238,16,true)
(241,16,true)
(243,16,true)
(244,16,true)
(248,16,true)
(249,16,true)
(253,16,true)
(269,16,true)
(272,16,true)
(274,16,false)
(277,16,true)
(283,16,true)
(288,16,true)
(291,16,true)
(299,16,true)
(1,17,false)
(3,17,false)
(6,17,false)
(8,17,false)
(13,17,false)
(14,17,false)
(16,17,false)
(17,17,false)
(19,17,false)
(20,17,false)
(24,17,false)
(26,17,false)
(33,17,false)
(40,17,false)
(44,17,false)
(45,17,false)
(46,17,false)
(48,17,false)
(49,17,false)
(63,17,false)
(67,17,false)
(71,17,false)
(72,17,false)
(77,17,false)
(78,17,false)
(83,17,false)
(84,17,false)
(85,17,false)
(89,17,false)
(92,17,false)
(94,17,false)
(95,17,false)
(96,17,false)
(98,17,false)
(101,17,false)
(103,17,false)
(104,17,false)
(106,17,false)
(107,17,false)
(108,17,false)
(114,17,false)
(118,17,false)
(126,17,false)
(131,17,false)
(132,17,false)
(142,17,false)
(146,17,true)
(147,17,false)
(149,17,false)
(151,17,false)
(156,17,false)
(157,17,false)
(158,17,false)
(160,17,false)
(163,17,false)
(165,17,false)
(168,17,false)
(172,17,false)
(173,17,false)
(174,17,false)
(177,17,false)
(179,17,false)
(180,17,true)
(186,17,true)
(189,17,true)
(190,17,true)
(200,17,true)
(201,17,true)
(205,17,true)
(209,17,true)
(216,17,false)
(221,17,true)
(224,17,true)
(230,17,true)
(233,17,true)
(241,17,true)
(244,17,false)
(252,17,true)
(253,17,true)
(258,17,true)
(266,17,true)
(270,17,true)
(272,17,true)
(276,17,true)
(277,17,true)
(278,17,true)
(281,17,true)
(282,17,true)
(283,17,true)
(284,17,true)
(285,17,true)
(286,17,true)
(287,17,true)
(292,17,true)
(297,17,true)
(299,17,true)
(1,18,false)
(2,18,false)
(4,18,false)
(5,18,false)
(9,18,false)
(13,18,false)
(15,18,false)
(16,18,false)
(18,18,false)
(21,18,false)
(22,18,false)
(24,18,false)
(26,18,false)
(28,18,false)
(29,18,false)
(34,18,false)
(37,18,false)
(39,18,true)
(45,18,false)
(49,18,false)
(50,18,false)
(51,18,false)
(52,18,false)
(53,18,false)
(54,18,false)
(56,18,false)
(59,18,false)
(60,18,false)
(61,18,false)
(64,18,false)
(65,18,false)
(66,18,false)
(68,18,false)
(78,18,false)
(86,18,false)
(87,18,false)
(89,18,false)
(96,18,false)
(100,18,false)
(109,18,false)
(115,18,false)
(118,18,false)
(121,18,false)
(124,18,false)
(125,18,false)
(127,18,false)
(129,18,false)
(132,18,false)
(144,18,false)
(150,18,false)
(152,18,false)
(155,18,true)
(161,18,false)
(163,18,false)
(168,18,false)
(175,18,false)
(181,18,true)
(185,18,true)
(193,18,true)
(197,18,true)
(198,18,false)
(201,18,true)
(203,18,true)
(208,18,true)
(215,18,true)
(217,18,true)
(219,18,false)
(223,18,true)
(224,18,true)
(226,18,true)
(230,18,true)
(231,18,true)
(238,18,true)
(239,18,true)
(260,18,true)
(262,18,true)
(264,18,true)
(268,18,true)
(272,18,true)
(277,18,true)
(280,18,true)
(281,18,true)
(290,18,true)
(292,18,true)
(294,18,true)
(0,19,false)
(1,19,false)
(6,19,false)
(24,19,false)
(25,19,false)
(30,19,false)
(33,19,false)
(34,19,false)
(37,19,false)
(40,19,false)
(41,19,false)
(45,19,false)
(48,19,false)
(51,19,false)
(52,19,false)
(55,19,true)
(59,19,false)
(60,19,false)
(63,19,false)
(70,19,false)
(77,19,false)
(84,19,false)
(86,19,false)
(88,19,false)
(89,19,false)
(91,19,false)
(93,19,false)
(97,19,false)
(102,19,false)
(105,19,false)
(112,19,false)
(115,19,false)
(116,19,false)
(118,19,false)
(119,19,false)
(120,19,false)
(132,19,false)
(144,19,false)
(148,19,false)
(149,19,false)
(152,19,false)
(153,19,false)
(156,19,false)
(157,19,false)
(158,19,false)
(165,19,false)
(167,19,false)
(168,19,false)
(174,19,false)
(176,19,false)
(177,19,false)
(178,19,false)
(182,19,true)
(183,19,true)
(187,19,true)
(189,19,true)
(191,19,true)
(195,19,true)
(196,19,true)
(197,19,true)
(198,19,true)
(200,19,true)
(205,19,true)
(208,19,true)
(217,19,true)
(232,19,true)
(237,19,true)
(238,19,true)
(239,19,true)
(240,19,true)
(244,19,true)
(247,19,true)
(254,19,true)
(259,19,true)
(267,19,true)
(275,19,true)
(276,19,true)
(282,19,true)
(287,19,true)
(288,19,true)
(290,19,true)
(291,19,true)
(292,19,true)
(3,20,false)
(9,20,true)
(18,20,false)
(19,20,false)
(21,20,false)
(23,20,false)
(27,20,true)
(31,20,false)
(35,20,false)
(39,20,false)
(45,20,true)
(54,20,false)
(59,20,false)
(66,20,false)
(76,20,false)
(85,20,false)
(86,20,false)
(89,20,false)
(99,20,false)
(100,20,false)
(104,20,false)
(111,20,true)
(113,20,false)
(116,20,false)
(117,20,false)
(118,20,false)
(122,20,false)
(124,20,false)
(126,20,false)
(132,20,false)
(135,20,false)
(137,20,false)
(143,20,false)
(146,20,false)
(149,20,false)
(154,20,false)
(156,20,false)
(157,20,false)
(161,20,false)
(167,20,false)
(168,20,false)
(170,20,false)
(173,20,false)
(177,20,false)
(179,20,false)
(182,20,true)
(184,20,true)
(185,20,true)
(188,20,true)
(193,20,true)
(195,20,true)
(197,20,true)
(201,20,true)
(202,20,true)
(206,20,true)
(207,20,false)
(214,20,true)
(215,20,true)
(217,20,true)
(225,20,true)
(230,20,true)
(231,20,true)
(232,20,true)
(234,20,true)
(235,20,true)
(238,20,true)
(239,20,true)
(240,20,true)
(247,20,true)
(252,20,true)
(254,20,true)
(256,20,false)
(257,20,true)
(265,20,true)
(269,20,true)
(271,20,true)
(272,20,true)
(276,20,true)
(287,20,true)
(290,20,true)
(296,20,true)
(298,20,true)
(1,21,false)
(3,21,false)
(4,21,false)
(10,21,false)
(18,21,false)
(19,21,false)
(20,21,false)
(23,21,false)
(26,21,false)
(27,21,false)
(28,21,false)
(34,21,false)
(36,21,false)
(41,21,false)
(52,21,false)
(53,21,false)
(57,21,false)
(61,21,false)
(63,21,false)
(66,21,false)
(67,21,false)
(70,21,false)
(73,21,false)
(86,21,false)
(89,21,false)
(93,21,false)
(102,21,true)
(106,21,false)
(107,21,false)
(108,21,false)
(109,21,false)
(112,21,false)
(115,21,false)
(119,21,false)
(124,21,false)
(128,21,false)
(137,21,false)
(140,21,false)
(143,21,false)
(144,21,false)
(146,21,false)
(147,21,false)
(151,21,false)
(153,21,false)
(155,21,false)
(158,21,false)
(164,21,false)
(166,21,false)
(167,21,false)
(169,21,false)
(176,21,false)
(179,21,false)
(182,21,true)
(188,21,true)
(193,21,false)
(195,21,true)
(199,21,false)
(200,21,true)
(202,21,true)
(203,21,true)
(205,21,true)
(206,21,true)
(211,21,true)
(219,21,true)
(220,21,true)
(222,21,true)
(223,21,true)
(226,21,true)
(227,21,true)
(233,21,true)
(239,21,true)
(242,21,true)
(248,21,true)
(252,21,true)
(253,21,true)
(257,21,true)
(258,21,true)
(260,21,true)
(268,21,true)
(273,21,true)
(279,21,true)
(281,21,true)
(284,21,true)
(286,21,true)
(288,21,true)
(295,21,true)
(296,21,true)
(0,22,false)
(1,22,false)
(2,22,false)
(3,22,false)
(7,22,false)
(8,22,false)
(9,22,false)
(10,22,false)
(13,22,false)
(15,22,false)
(16,22,false)
(23,22,false)
(28,22,false)
(30,22,false)
(33,22,false)
(41,22,false)
(45,22,false)
(53,22,false)
(56,22,false)
(61,22,false)
(66,22,false)
(68,22,false)
(70,22,false)
(71,22,false)
(72,22,false)
(73,22,false)
(74,22,false)
(84,22,false)
(89,22,true)
(91,22,false)
(96,22,false)
(108,22,false)
(112,22,false)
(115,22,false)
(116,22,true)
(122,22,false)
(124,22,false)
(129,22,false)
(135,22,false)
(136,22,false)
(141,22,false)
(142,22,false)
(146,22,false)
(152,22,false)
(155,22,false)
(157,22,false)
(162,22,false)
(163,22,false)
(170,22,false)
(175,22,false)
(181,22,true)
(184,22,true)
(186,22,true)
(189,22,true)
(190,22,true)
(191,22,true)
(194,22,true)
(198,22,true)
(201,22,true)
(204,22,true)
(209,22,true)
(216,22,true)
(219,22,true)
(220,22,true)
(222,22,true)
(223,22,true)
(224,22,true)
(227,22,true)
(230,22,true)
(232,22,true)
(233,22,true)
(234,22,true)
(241,22,true)
(247,22,true)
(255,22,true)
(259,22,true)
(261,22,true)
(264,22,true)
(267,22,true)
(268,22,true)
(273,22,true)
(284,22,true)
(290,22,true)
(292,22,true)
(294,22,true)
(295,22,true)
(296,22,true)
(298,22,true)
(2,23,false)
(4,23,false)
(5,23,false)
(6,23,false)
(7,23,false)
(8,23,false)
(10,23,false)
(14,23,false)
(17,23,true)
(19,23,false)
(21,23,false)
(30,23,false)
(31,23,false)
(32,23,false)
(37,23,false)
(42,23,false)
(43,23,false)
(46,23,false)
(56,23,false)
(59,23,false)
(60,23,true)
(63,23,false)
(66,23,false)
(68,23,false)
(77,23,false)
(78,23,false)
(81,23,false)
(83,23,true)
(85,23,false)
(87,23,false)
(88,23,false)
(89,23,false)
(93,23,false)
(97,23,false)
(108,23,true)
(111,23,false)
(112,23,false)
(119,23,false)
(125,23,false)
(128,23,false)
(130,23,false)
(131,23,false)
(133,23,false)
(135,23,false)
(142,23,false)
(144,23,false)
(146,23,false)
(148,23,false)
(155,23,false)
(157,23,false)
(159,23,false)
(160,23,true)
(163,23,false)
(176,23,false)
(179,23,false)
(190,23,true)
(191,23,false)
(195,23,false)
(200,23,true)
(201,23,true)
(207,23,true)
(215,23,true)
(220,23,true)
(223,23,true)
(228,23,true)
(235,23,true)
(236,23,true)
(238,23,true)
(239,23,true)
(241,23,true)
(245,23,true)
(248,23,true)
(249,23,true)
(254,23,true)
(258,23,true)
(262,23,true)
(263,23,true)
(273,23,true)
(276,23,true)
(279,23,true)
(280,23,true)
(281,23,true)
(292,23,true)
(296,23,true)
(1,24,false)
(3,24,false)
(9,24,false)
(10,24,false)
(11,24,false)
(13,24,false)
(14,24,false)
(18,24,false)
(19,24,false)
(23,24,false)
(28,24,false)
(29,24,false)
(32,24,false)
(39,24,false)
(40,24,false)
(41,24,false)
(47,24,false)
(48,24,false)
(49,24,false)
(51,24,false)
(56,24,true)
(58,24,false)
(59,24,false)
(61,24,false)
(62,24,false)
(63,24,false)
(73,24,false)
(75,24,false)
(78,24,false)
(84,24,false)
(85,24,false)
(94,24,false)
(96,24,false)
(97,24,false)
(98,24,false)
(103,24,false)
(107,24,false)
(108,24,false)
(109,24,false)
(110,24,false)
(111,24,false)
(121,24,false)
(128,24,true)
(130,24,false)
(131,24,true)
(133,24,false)
(134,24,false)
(135,24,false)
(138,24,false)
(140,24,false)
(142,24,false)
(146,24,false)
(151,24,false)
(155,24,false)
(157,24,false)
(159,24,false)
(170,24,false)
(171,24,false)
(173,24,false)
(174,24,false)
(177,24,false)
(178,24,false)
(181,24,true)
(189,24,true)
(191,24,true)
(195,24,true)
(196,24,false)
(202,24,true)
(207,24,true)
(213,24,true)
(220,24,true)
(222,24,true)
(227,24,false)
(229,24,true)
(230,24,true)
(234,24,true)
(236,24,true)
(248,24,true)
(249,24,true)
(250,24,true)
(254,24,true)
(258,24,true)
(260,24,true)
(261,24,false)
(267,24,true)
(269,24,true)
(270,24,true)
(271,24,true)
(274,24,true)
(280,24,true)
(285,24,true)
(292,24,true)
(299,24,true)
(0,25,false)
(1,25,false)
(4,25,false)
(5,25,false)
(6,25,false)
(7,25,false)
(13,25,false)
(16,25,false)
(18,25,false)
(31,25,false)
(36,25,false)
(45,25,false)
(50,25,false)
(51,25,false)
(55,25,false)
(57,25,false)
(62,25,true)
(63,25,false)
(65,25,false)
(67,25,false)
(68,25,false)
(76,25,false)
(80,25,false)
(81,25,false)
(84,25,false)
(86,25,false)
(89,25,false)
(90,25,false)
(91,25,false)
(92,25,false)
(94,25,false)
(114,25,false)
(120,25,false)
(122,25,false)
(124,25,false)
(132,25,false)
(135,25,false)
(141,25,false)
(142,25,false)
(145,25,false)
(153,25,false)
(154,25,false)
(155,25,false)
(159,25,false)
(169,25,false)
(171,25,false)
(172,25,false)
(173,25,false)
(174,25,false)
(177,25,false)
(180,25,true)
(184,25,true)
(185,25,true)
(194,25,true)
(200,25,true)
(201,25,true)
(204,25,true)
(208,25,true)
(220,25,true)
(224,25,true)
(227,25,true)
(230,25,true)
(235,25,true)
(236,25,true)
(240,25,true)
(242,25,true)
(255,25,true)
(256,25,true)
(261,25,true)
(262,25,true)
(265,25,true)
(270,25,true)
(275,25,true)
(277,25,true)
(280,25,true)
(284,25,true)
(287,25,true)
(289,25,true)
(294,25,true)
(1,26,false)
(2,26,false)
(3,26,false)
(11,26,false)
(15,26,false)
(16,26,false)
(20,26,false)
(24,26,false)
(26,26,false)
(27,26,false)
(35,26,false)
(38,26,false)
(41,26,false)
(43,26,true)
(46,26,false)
(48,26,false)
(49,26,false)
(50,26,false)
(54,26,false)
(58,26,false)
(62,26,false)
(67,26,false)
(68,26,false)
(70,26,true)
(73,26,false)
(79,26,false)
(82,26,false)
(83,26,false)
(85,26,false)
(86,26,false)
(89,26,false)
(97,26,false)
(100,26,false)
(105,26,false)
(107,26,false)
(108,26,false)
(112,26,false)
(113,26,false)
(120,26,false)
(124,26,false)
(128,26,false)
(129,26,false)
(131,26,false)
(138,26,false)
(140,26,false)
(141,26,false)
(143,26,false)
(148,26,false)
(150,26,false)
(154,26,false)
(156,26,false)
(157,26,false)
(158,26,false)
(159,26,true)
(162,26,false)
(178,26,false)
(183,26,true)
(194,26,true)
(213,26,true)
(216,26,true)
(226,26,true)
(231,26,true)
(233,26,true)
(235,26,true)
(241,26,true)
(253,26,true)
(256,26,true)
(264,26,true)
(265,26,false)
(272,26,true)
(284,26,true)
(285,26,true)
(290,26,true)
(293,26,true)
(296,26,true)
(297,26,true)

(158,11)
(148,17)
(6,7)
(138,17)
(132,2)
(46,21)
(157,5)
(83,22)
(184,10)
(72,18)
(99,17)
(162,21)
(113,14)
(68,2)
(239,4)
(252,26)
(167,17)
(269,22)
(297,7)
(116,10)
(246,21)
(37,9)
(282,7)
(272,4)
(154,24)
(154,11)
(65,16)
(0,8)
(77,21)
(54,17)
(63,22)
(274,4)
(50,2)
(208,5)
(115,15)
(77,0)
(275,11)
(9,25)
(275,22)
(212,9)
(288,17)
(297,15)
(273,1)
(21,7)
(190,25)
(259,3)
(42,20)
(157,8)
(209,18)
(196,9)
(8,18)
(100,16)
(255,9)
(195,7)
(283,15)
(214,23)
(294,10)
(156,2)
(40,0)
(20,12)
(88,26)
(64,8)
(31,26)
(262,7)
(62,13)
(239,22)
(235,4)
(211,7)
(41,2)
(44,9)
(33,20)
(105,10)
(207,25)
(234,3)
(257,11)
(86,17)
(63,20)
(185,2)
(64,16)
(82,18)
(110,8)
(146,26)
(123,12)
(187,17)
(163,25)
(293,4)
(175,8)
(14,25)
(35,8)
(124,10)
(14,6)
(283,23)
(298,21)
(178,2)
(153,23)
(171,16)
(156,25)
(216,11)
(225,3)
(35,6)
(246,1)
(168,21)
(247,10)
(273,17)
(212,23)
(299,26)
(203,14)
(127,26)
(181,0)
(248,5)
(186,0)
(88,22)
(99,3)
(234,21)
(290,4)
(159,16)
(2,8)
(15,24)
(112,3)
(77,26)
(225,4)
(74,2)
(96,13)
(286,19)
(205,23)
(213,4)
(189,9)
(192,3)
(102,14)
(163,4)
(170,16)
(193,8)
(275,26)
(189,0)
(285,4)
(193,10)
(132,7)
(74,8)
(101,15)
(167,8)
(127,17)
(81,17)
(285,21)
(111,22)
(163,24)
(196,13)
(200,3)
(45,13)
(297,25)
(80,17)
(248,15)
(56,11)
(39,23)
(5,16)
(75,13)
(181,19)
(164,19)
(247,8)
(213,12)
(5,22)
(124,16)
(29,4)
(263,12)
(176,4)
(288,14)
(28,7)
(50,15)
(75,16)
(161,22)
(269,18)
(275,15)
(227,2)
(213,2)
(238,10)
(108,9)
(270,20)
(191,18)
(250,5)
(121,15)
(33,15)
(227,20)
(158,7)
(75,9)
(206,10)
(207,3)
(77,8)
(286,15)
(204,16)
(63,3)
(287,23)
(59,13)
(206,18)
(272,21)
(14,22)
(58,1)
(134,21)
(103,14)
(3,5)
(216,19)
(285,0)
(287,22)
(26,3)
(35,14)
(26,20)
(235,7)
(253,7)
(292,5)
(201,6)
(37,26)
(151,26)
(48,22)
(281,2)
(134,9)
(228,13)
(264,1)
(120,9)
(106,13)
(160,8)
(237,2)
(290,15)
(34,23)
(214,26)
(3,23)
(171,12)
(152,12)
(273,24)
(20,8)
(143,17)
(49,8)
(30,6)
(162,5)
(102,22)
(144,5)
(79,21)
(149,8)
(208,14)
(0,21)
(57,17)
(243,17)
(283,20)
(145,24)
(1,15)
(65,15)
(214,3)
(278,8)
(124,12)
(275,21)
(113,4)
(100,24)
(69,20)
(22,6)
(225,14)
(212,19)
(123,17)
(188,0)
(54,13)
(237,22)
(29,11)
(225,7)
(166,6)
(213,0)
(215,26)
(196,6)
(54,24)
(34,20)
(93,17)
(85,15)
(280,19)
(188,15)
(43,7)
(90,22)
(180,14)
(191,8)
(284,6)
(130,2)
(107,11)
(198,15)
(115,14)
(38,8)
(200,14)
(141,24)
(21,14)
(179,14)
(84,10)
(140,19)
(125,21)
(77,13)
(13,26)
(66,26)
(93,24)
(116,6)
(254,22)
(66,17)
(93,8)
(259,5)
(297,14)
(70,5)
(275,17)
(274,7)
(70,2)
(32,14)
(0,26)
(85,5)
(284,15)
(42,17)
(72,5)
(174,20)
(23,18)
(150,23)
(193,6)
(203,9)
(217,5)
(184,21)
(158,20)
(123,6)
(81,24)
(204,12)
(127,6)
(286,26)
(67,4)
(5,5)
(147,26)
(143,15)
(87,20)
(279,22)
(7,14)
(254,5)
(181,3)
(249,3)
(107,23)
(100,13)
(130,21)
(119,7)
(72,20)
(206,22)
(109,12)
(7,0)
(112,16)
(9,16)
(57,23)
(235,22)
(125,1)
(186,15)
(75,7)
(207,1)
(178,18)
(176,3)
(230,26)
(72,21)
(229,20)
(213,19)
(266,12)
(196,5)
(270,18)
(123,4)
(286,13)
(200,26)
(180,8)
(240,21)
(287,13)
(46,25)
(177,6)
(264,24)
(42,10)
(180,16)
(284,2)
(59,25)
(16,5)
(24,20)
(160,1)
(223,13)
(141,12)
(153,4)
(44,22)
(64,2)
(84,12)
(111,1)
(255,21)
(100,25)
(80,9)
(115,17)
(216,25)
(63,11)
(253,20)
(135,15)
(244,15)
(277,23)
(56,25)
(188,1)
(106,16)
(133,20)
(5,15)
(169,15)
(260,19)
(240,1)
(235,1)
(31,6)
(185,16)
(256,6)
(50,11)
(157,1)
(209,12)
(21,0)
(210,22)
(96,1)
(35,19)
(203,20)
(193,12)
(42,9)
(244,9)
(216,7)
(241,13)
(73,4)
(16,19)
(146,15)
(51,10)
(292,20)
(19,1)
(122,16)
(299,3)
(244,20)
(111,13)
(223,11)
(47,4)
(254,17)
(15,14)
(209,0)
(133,8)
(55,17)
(96,3)
(138,4)
(245,7)
(207,21)
(161,23)
(115,8)
(243,26)
(133,4)
(211,4)
(259,0)
(129,10)
(178,22)
(136,17)
(215,14)
(80,15)
(108,19)
(87,11)
(258,7)
(89,15)
(220,17)
(228,18)
(37,8)
(41,7)
(180,15)
(45,21)
(221,2)
(156,18)
(28,23)
(24,16)
(233,6)
(196,8)
(22,23)
(152,20)
(237,21)
(167,11)
(108,4)
(217,11)
(58,9)
(27,22)
(68,3)
(153,15)
(286,5)
(281,4)
(112,2)
(144,9)
(107,25)
(230,13)
(198,4)
(129,17)
(39,26)
(91,11)
(287,8)
(79,22)
(87,19)
(249,2)
(0,6)
(295,3)
(14,26)
(33,24)
(37,22)
(268,13)
(120,0)
(256,10)
(245,1)
(217,1)
(96,16)
(258,19)
(187,14)
(176,26)
(177,10)
(132,21)
(92,21)
(159,14)
(22,24)
(195,3)
(8,24)
(19,8)
(164,24)
(265,13)
(71,13)
(196,26)
(185,21)
(93,25)
(64,22)
(193,25)
(142,8)
(174,15)
(166,11)
(193,2)
(114,1)
(256,17)
(298,5)
(149,10)
(61,4)
(251,17)
(17,18)
(239,24)
(184,6)
(7,21)
(253,12)
(8,9)
(49,1)
(205,10)
(4,12)
(263,14)
(273,20)
(136,10)
(21,9)
(20,5)
(136,25)
(48,18)
(56,19)
(7,15)
(193,26)
(117,24)
(228,19)
(287,14)
(204,13)
(22,16)
(64,9)
(273,19)
(84,20)
(211,22)
(176,9)
(17,6)
(231,9)
(150,25)
(133,6)
(274,5)
(56,21)
(50,3)
(71,5)
(56,3)
(4,24)
(288,9)
(196,16)
(294,17)
(291,12)
(3,7)
(221,13)
(131,14)
(265,24)
(105,7)
(130,11)
(70,20)
(91,5)
(117,5)
(75,21)
(117,14)
(130,22)
(81,12)
(191,20)
(177,12)
(172,26)
(117,12)
(35,12)
(24,24)
(284,10)
(109,20)
(175,1)
(103,10)
(172,1)
(118,6)
(118,1)
(284,5)
(136,11)
(271,19)
(200,22)
(10,10)
(173,12)
(10,6)
(192,21)
(114,3)
(76,1)
(226,1)
(253,25)
(50,22)
(147,18)
(124,14)
(15,9)
(277,1)
(29,1)
(184,12)
(100,22)
(153,3)
(29,23)
(235,24)
(132,22)
(138,21)
(285,16)
(288,22)
(278,16)
(21,11)
(100,8)
(69,2)
(75,26)
(169,9)
(69,16)
(196,21)
(165,0)
(77,3)
(114,9)
(52,16)
(91,8)
(189,3)
(231,13)
(125,24)
(195,0)
(238,24)
(51,4)
(183,10)
(152,7)
(261,14)
(294,1)
(195,26)
(297,21)
(172,10)
(230,19)
(75,25)
(206,15)
(295,12)
(56,4)
(246,13)
(182,2)
(101,13)
(152,6)
(211,8)
(219,19)
(143,7)
(52,20)
(161,11)
(295,24)
(134,14)
(268,25)
(284,3)
(136,23)
(246,8)
(142,3)
(223,14)
(137,1)
(260,16)
(249,8)
(294,0)
(213,14)
(98,9)
(7,4)
(149,15)
(253,6)
(109,3)
(192,20)
(117,17)
(12,15)
(5,8)
(140,5)
(139,23)
(19,5)
(8,19)
(121,25)
(138,2)
(155,20)
(268,5)
(43,6)
(51,16)
(98,22)
(91,13)
(142,19)
(123,19)
(47,1)
(38,21)
(36,20)
(131,21)
(163,11)
(162,20)
(54,15)
(275,9)
(189,6)
(33,16)
(245,11)
(248,2)
(121,26)
(263,8)
(120,23)
(158,25)
(141,18)
(56,20)
(141,1)
(292,7)
(243,15)
(36,14)
(39,16)
(47,6)
(212,20)
(201,1)
(219,11)
(123,25)
(156,22)
(193,16)
(31,9)
(263,19)
(177,26)
(160,20)
(162,9)
(130,12)
(56,6)
(278,13)
(39,25)
(180,5)
(163,20)
(218,24)
(145,6)
(0,20)
(155,13)
(178,17)
(222,12)
(291,24)
(220,26)
(84,11)
(37,6)
(211,23)
(226,24)
(87,4)
(241,24)
(147,7)
(246,22)
(287,18)
(94,20)
(249,5)
(249,1)
(77,11)
(77,25)
(106,8)
(44,12)
(193,24)
(54,11)
(197,11)
(8,26)
(7,12)
(147,4)
(21,19)
(178,0)
(131,16)
(108,25)
(130,26)
(213,18)
(15,2)
(156,15)
(26,5)
(178,6)
(276,9)
(40,14)
(236,20)
(260,23)
(48,4)
(286,25)
(296,6)
(217,10)
(268,12)
(132,8)
(145,14)
(284,23)
(81,18)
(153,6)
(20,0)
(243,6)
(218,11)
(218,22)
(269,9)
(23,26)
(28,26)
(21,25)
(245,19)
(286,1)
(129,11)
(284,20)
(190,26)
(7,17)
(82,12)
(128,18)
(139,6)
(260,11)
(137,24)
(186,3)
(283,13)
(217,22)
(198,20)
(138,6)
(294,13)
(79,4)
(282,8)
(64,13)
(29,21)
(255,20)
(21,21)
(186,23)
(34,17)
(10,26)
(181,26)
(158,1)
(197,17)
(6,1)
(37,10)
(234,13)
(294,11)
(183,1)
(197,8)
(196,10)
(212,17)
(76,19)
(82,7)
(114,4)
(176,17)
(253,3)
(41,18)
(161,24)
(226,14)
(178,15)
(154,18)
(21,26)
(44,24)
(67,19)
(119,2)
(169,22)
(226,19)
(195,15)
(279,7)
(17,22)
(91,1)
(277,26)
(278,19)
(214,0)
(141,17)
(226,15)
(288,0)
(168,7)
(225,17)
(50,17)
(116,0)
(36,24)
(268,15)
(92,20)
(222,19)
(284,1)
(195,9)
(127,20)
(23,2)
(155,9)
(234,17)
(210,23)
(75,23)
(102,23)
(85,10)
(239,13)
(3,11)
(199,24)
(194,18)
(38,7)
(160,21)
(20,10)
(84,9)
(87,16)
(262,17)
(148,16)
(259,6)
(221,4)
(100,3)
(61,8)
(49,15)
(139,2)
(269,13)
(127,15)
(132,24)
(16,24)
(260,20)
(161,2)
(65,10)
(233,3)
(46,24)
(124,23)
(10,9)
(113,5)
(102,25)
(83,15)
(121,17)
(141,14)
(120,5)
(165,6)
(172,20)
(68,16)
(231,19)
(87,17)
(89,13)
(139,20)
(254,0)
(8,6)
(41,25)
(105,2)
(171,23)
(268,0)
(284,24)
(231,21)
(53,24)
(131,19)
(108,15)
(148,11)
(28,17)
(26,25)
(145,23)
(297,16)
(125,3)
(142,21)
(5,12)
(45,8)
(108,20)
(180,6)
(98,18)
(156,9)
(231,25)
(176,7)
(233,4)
(224,23)
(27,3)
(209,2)
(273,18)
(167,23)
(23,14)
(280,0)
(227,9)
(45,7)
(274,2)
(121,3)
(39,13)
(126,19)
(255,15)
(214,6)
(127,4)
(97,16)
(45,24)
(101,7)
(157,2)
(147,3)
(231,8)
(180,18)
(168,14)
(209,15)
(280,12)
(276,22)
(265,3)
(106,9)
(60,15)
(123,21)
(233,7)
(92,26)
(255,23)
(270,10)
(170,2)
(191,7)
(106,20)
(87,8)
(51,15)
(172,4)
(61,20)
(28,2)
(60,12)
(171,17)
(108,8)
(111,11)
(133,16)
(215,19)
(2,20)
(242,19)
(103,21)
(68,24)
(170,12)
(90,19)
(232,17)
(76,26)
(209,20)
(258,18)
(34,14)
(228,26)
(87,21)
(279,5)
(45,15)
(164,25)
(257,3)
(178,23)
(232,0)
(272,5)
(12,5)
(177,8)
(81,20)
(142,26)
(99,18)
(40,11)
(190,13)
(164,6)
(125,22)
(40,9)
(169,23)
(251,21)
(147,16)
(83,19)
(12,26)
(42,26)
(191,21)
(170,5)
(86,14)
(98,12)
(187,7)
(165,14)
(269,15)
(215,4)
(224,1)
(207,2)
(150,4)
(292,21)
(75,2)
(153,17)
(137,7)
(101,22)
(118,7)
(149,21)
(3,13)
(247,6)
(72,14)
(259,23)
(216,23)
(22,22)
(102,13)
(166,10)
(125,20)
(231,15)
(215,12)
(51,9)
(46,5)
(267,17)
(256,23)
(214,21)
(282,1)
(199,25)
(166,19)
(45,23)
(124,13)
(154,5)
(264,14)
(48,21)
(156,5)
(204,6)
(263,20)
(193,19)
(149,25)
(193,15)
(295,23)
(173,18)
(191,6)
(274,9)
(6,22)
(45,16)
(201,5)
(240,11)
(296,9)
(248,19)
(254,1)
(240,13)
(299,7)
(152,8)
(146,25)
(263,9)
(153,22)
(259,15)
(73,25)
(93,20)
(139,19)
(6,18)
(61,1)
(234,2)
(72,9)
(61,11)
(173,13)
(66,1)
(80,20)
(88,2)
(272,22)
(127,12)
(53,6)
(272,2)
(23,23)
(279,11)
(76,21)
(117,0)
(244,2)
(125,5)
(170,15)
(188,7)
(186,5)
(283,19)
(228,21)
(174,1)
(68,9)
(12,18)
(70,13)
(151,10)
(17,19)
(184,2)
(129,14)
(40,25)
(51,7)
(101,20)
(250,7)
(46,13)
(83,21)
(209,6)
(217,15)
(278,6)
(119,12)
(77,15)
(95,9)
(13,12)
(215,3)
(191,0)
(199,26)
(289,9)
(259,8)
(42,6)
(294,26)
(198,5)
(288,7)
(249,4)
(109,8)
(156,6)
(293,25)
(68,20)
(257,25)
(115,16)
(104,25)
(103,2)
(108,14)
(80,26)
(126,7)
(285,2)
(176,22)
(169,18)
(161,10)
(37,14)
(175,16)
(165,1)
(102,26)
(278,26)
(250,4)
(170,25)
(24,13)
(181,10)
(82,3)
(145,4)
(197,23)
(245,12)
(25,3)
(142,5)
(56,1)
(53,1)
(128,9)
(261,20)
(118,8)
(116,4)
(25,17)
(168,12)
(169,5)
(152,2)
(83,16)
(211,17)
(77,6)
(202,5)
(61,7)
(67,2)
(99,23)
(40,20)
(186,7)
(297,20)
(259,13)
(48,14)
(271,18)
(192,7)
(270,8)
(55,18)
(289,24)
(47,5)
(249,17)
(82,6)
(275,20)
(59,15)
(178,20)
(14,16)
(299,21)
(129,19)
(165,18)
(91,9)
(94,9)
(197,16)
(285,13)
(203,22)
(121,16)
(221,25)
(4,8)
(295,25)
(103,16)
(6,24)
(75,0)
(274,17)
(144,24)
(58,25)
(133,15)
(273,12)
(273,14)
(6,9)
(247,23)
(264,2)
(289,4)
(26,16)
(187,20)
(264,10)
(240,24)
(160,11)
(127,25)
(161,25)
(120,1)
(195,18)
(239,17)
(19,19)
(37,16)
(105,3)
(244,24)
(207,13)
(55,3)
(47,10)
(66,4)
(126,6)
(111,12)
(187,24)
(17,5)
(130,20)
(265,19)
(58,14)
(80,5)
(259,11)
(273,15)
(189,25)
(211,18)
(99,26)
(291,10)
(75,4)
(93,15)
(144,12)
(46,11)
(34,15)
(27,4)
(245,16)
(272,24)
(283,12)
(139,22)
(117,8)
(166,2)
(55,7)
(89,12)
(41,20)
(263,15)
(77,7)
(94,12)
(164,10)
(73,5)
(146,18)
(225,16)
(98,3)
(268,24)
(158,6)
(62,1)
(157,25)
(179,24)
(291,8)
(221,20)
(233,25)
(299,25)
(273,10)
(178,16)
(74,6)
(158,18)
(119,4)
(211,25)
(203,5)
(164,20)
(81,8)
(24,22)
(17,20)
(97,20)
(270,23)
(170,3)
(163,7)
(201,9)
(203,2)
(240,3)
(121,21)
(192,8)
(66,6)
(213,7)
(111,3)
(28,8)
(190,21)
(234,26)
(95,13)
(53,4)
(196,11)
(269,12)
(184,9)
(40,18)
(22,1)
(231,7)
(76,3)
(197,4)
(289,12)
(144,25)
(96,25)
(159,8)
(173,14)
(12,8)
(32,6)
(295,14)
(159,20)
(170,0)
(103,4)
(57,20)
(237,16)
(281,14)
(7,16)
(171,20)
(134,20)
(183,22)
(233,8)
(287,12)
(144,4)
(138,23)
(150,0)
(165,21)
(50,4)
(64,26)
(124,24)
(133,3)
(233,9)
(232,21)
(56,8)
(90,24)
(152,21)
(28,9)
(247,24)
(171,13)
(204,23)
(29,22)
(223,8)
(199,15)
(99,5)
(273,26)
(66,2)
(121,6)
(161,3)
(275,8)
(102,6)
(273,4)
(283,22)
(1,8)
(71,11)
(297,6)
(279,2)
(144,7)
(115,10)
(286,24)
(153,9)
(151,5)
(187,23)
(217,3)
(230,2)
(210,0)
(113,8)
(275,16)
(272,23)
(144,3)
(270,1)
(233,12)
(244,14)
(209,23)
(270,26)
(158,13)
(186,1)
(40,13)
(212,14)
(117,21)
(286,20)
(44,6)
(33,0)
(136,7)
(225,23)
(142,14)
(68,6)
(189,15)
(101,25)
(167,22)
(84,7)
(202,25)
(86,1)
(170,7)
(58,17)
(241,20)
(70,12)
(264,7)
(20,15)
(18,17)
(25,22)
(110,26)
(251,14)
(119,5)
(8,7)
(14,14)
(98,20)
(249,13)
(220,10)
(211,24)
(231,11)
(194,0)
(67,18)
(156,14)
(0,9)
(84,26)
(197,22)
(241,19)
(271,5)
(161,15)
(115,25)
(173,3)
(279,25)
(260,13)
(253,10)
(42,7)
(118,24)
(217,24)
(110,22)
(128,20)
(268,10)
(72,10)
(230,6)
(129,12)
(237,26)
(44,21)
(272,14)
(136,21)
(160,25)
(77,20)
(209,14)
(162,8)
(231,12)
(192,14)
(154,19)
(30,7)
(281,22)
(177,0)
(295,16)
(237,14)
(154,14)
(263,13)
(179,2)
(73,10)
(122,12)
(161,19)
(298,18)
(265,6)
