200 Users
20 Files
1000 Transactions
2 Maximum Connections
1 Cycle Length per Upload-Download
0 Warm-up Transactions
0.400000 Zipf constant
5 Pre-Trusted Users
120 Well-Behaved (Good) Users
80 Purely Malicious Users
0 Feedback Skewing Users
0 Malignant Providing Users
0 Disguised Malicous Users
0 Sybil Attack Users
true Intelligent Trans. Generation
1561009399151 Trace Generation Seed

(0.081829,0.000000,1,false)
(0.076620,0.000000,1,false)
(0.002312,0.000000,1,false)
(0.044514,0.000000,1,false)
(0.034259,0.000000,1,false)
(0.058682,0.000000,1,false)
(0.049272,0.000000,1,false)
(0.092967,0.000000,1,false)
(0.092360,0.000000,1,false)
(0.042189,0.000000,1,false)
(0.072026,0.000000,1,false)
(0.051383,0.000000,1,false)
(0.093502,0.000000,1,false)
(0.002828,0.000000,1,false)
(0.077489,0.000000,1,false)
(0.042404,0.000000,1,false)
(0.095331,0.000000,1,false)
(0.079838,0.000000,1,false)
(0.020025,0.000000,1,false)
(0.059113,0.000000,1,false)
(0.034907,0.000000,1,false)
(0.010850,0.000000,1,false)
(0.035481,0.000000,1,false)
(0.008142,0.000000,1,false)
(0.089389,0.000000,1,false)
(0.011723,0.000000,1,false)
(0.002712,0.000000,1,false)
(0.015513,0.000000,1,false)
(0.053165,0.000000,1,false)
(0.065705,0.000000,1,false)
(0.050454,0.000000,1,false)
(0.097299,0.000000,1,false)
(0.037417,0.000000,1,false)
(0.003134,0.000000,1,false)
(0.051345,0.000000,1,false)
(0.059372,0.000000,1,false)
(0.079850,0.000000,1,false)
(0.085412,0.000000,1,false)
(0.009423,0.000000,1,false)
(0.018326,0.000000,1,false)
(0.024698,0.000000,1,false)
(0.055135,0.000000,1,false)
(0.052608,0.000000,1,false)
(0.029172,0.000000,1,false)
(0.096081,0.000000,1,false)
(0.078032,0.000000,1,false)
(0.087507,0.000000,1,false)
(0.064411,0.000000,1,false)
(0.041417,0.000000,1,false)
(0.081751,0.000000,1,false)
(0.060256,0.000000,1,false)
(0.013867,0.000000,1,false)
(0.065829,0.000000,1,false)
(0.091558,0.000000,1,false)
(0.094211,0.000000,1,false)
(0.064942,0.000000,1,false)
(0.013343,0.000000,1,false)
(0.073665,0.000000,1,false)
(0.042937,0.000000,1,false)
(0.078943,0.000000,1,false)
(0.076176,0.000000,1,false)
(0.023152,0.000000,1,false)
(0.005287,0.000000,1,false)
(0.000708,0.000000,1,false)
(0.029509,0.000000,1,false)
(0.075371,0.000000,1,false)
(0.098240,0.000000,1,false)
(0.025946,0.000000,1,false)
(0.095883,0.000000,1,false)
(0.077205,0.000000,1,false)
(0.072758,0.000000,1,false)
(0.003566,0.000000,1,false)
(0.040735,0.000000,1,false)
(0.027742,0.000000,1,false)
(0.088079,0.000000,1,false)
(0.068704,0.000000,1,false)
(0.088558,0.000000,1,false)
(0.086646,0.000000,1,false)
(0.030666,0.000000,1,false)
(0.086256,0.000000,1,false)
(0.972207,1.000000,0,true)
(0.947048,1.000000,0,true)
(0.924539,1.000000,0,true)
(0.965579,1.000000,0,true)
(0.958206,1.000000,0,true)
(0.963025,1.000000,0,false)
(0.960863,1.000000,0,false)
(0.926915,1.000000,0,false)
(0.936922,1.000000,0,false)
(0.916270,1.000000,0,false)
(0.932265,1.000000,0,false)
(0.977135,1.000000,0,false)
(0.901438,1.000000,0,false)
(0.942532,1.000000,0,false)
(0.965664,1.000000,0,false)
(0.972836,1.000000,0,false)
(0.985422,1.000000,0,false)
(0.936123,1.000000,0,false)
(0.903602,1.000000,0,false)
(0.918154,1.000000,0,false)
(0.997770,1.000000,0,false)
(0.931007,1.000000,0,false)
(0.923114,1.000000,0,false)
(0.905072,1.000000,0,false)
(0.934000,1.000000,0,false)
(0.927998,1.000000,0,false)
(0.911470,1.000000,0,false)
(0.917816,1.000000,0,false)
(0.908504,1.000000,0,false)
(0.997086,1.000000,0,false)
(0.983658,1.000000,0,false)
(0.986395,1.000000,0,false)
(0.948138,1.000000,0,false)
(0.954552,1.000000,0,false)
(0.990063,1.000000,0,false)
(0.999623,1.000000,0,false)
(0.993404,1.000000,0,false)
(0.969483,1.000000,0,false)
(0.985724,1.000000,0,false)
(0.947619,1.000000,0,false)
(0.968612,1.000000,0,false)
(0.993666,1.000000,0,false)
(0.914912,1.000000,0,false)
(0.957835,1.000000,0,false)
(0.906909,1.000000,0,false)
(0.932583,1.000000,0,false)
(0.906422,1.000000,0,false)
(0.917080,1.000000,0,false)
(0.949975,1.000000,0,false)
(0.983307,1.000000,0,false)
(0.976089,1.000000,0,false)
(0.934799,1.000000,0,false)
(0.985419,1.000000,0,false)
(0.957598,1.000000,0,false)
(0.993472,1.000000,0,false)
(0.900023,1.000000,0,false)
(0.937572,1.000000,0,false)
(0.985363,1.000000,0,false)
(0.989458,1.000000,0,false)
(0.915975,1.000000,0,false)
(0.989347,1.000000,0,false)
(0.954834,1.000000,0,false)
(0.960770,1.000000,0,false)
(0.962208,1.000000,0,false)
(0.984283,1.000000,0,false)
(0.991484,1.000000,0,false)
(0.965908,1.000000,0,false)
(0.934453,1.000000,0,false)
(0.938584,1.000000,0,false)
(0.907619,1.000000,0,false)
(0.905016,1.000000,0,false)
(0.947037,1.000000,0,false)
(0.983148,1.000000,0,false)
(0.968985,1.000000,0,false)
(0.933488,1.000000,0,false)
(0.951753,1.000000,0,false)
(0.955078,1.000000,0,false)
(0.923438,1.000000,0,false)
(0.975829,1.000000,0,false)
(0.930488,1.000000,0,false)
(0.967048,1.000000,0,false)
(0.919842,1.000000,0,false)
(0.982356,1.000000,0,false)
(0.956720,1.000000,0,false)
(0.901168,1.000000,0,false)
(0.912817,1.000000,0,false)
(0.906770,1.000000,0,false)
(0.993153,1.000000,0,false)
(0.901623,1.000000,0,false)
(0.900855,1.000000,0,false)
(0.977476,1.000000,0,false)
(0.999290,1.000000,0,false)
(0.977372,1.000000,0,false)
(0.981509,1.000000,0,false)
(0.989690,1.000000,0,false)
(0.963693,1.000000,0,false)
(0.972591,1.000000,0,false)
(0.927996,1.000000,0,false)
(0.958980,1.000000,0,false)
(0.950939,1.000000,0,false)
(0.918282,1.000000,0,false)
(0.996525,1.000000,0,false)
(0.949830,1.000000,0,false)
(0.962978,1.000000,0,false)
(0.943640,1.000000,0,false)
(0.963008,1.000000,0,false)
(0.925111,1.000000,0,false)
(0.958609,1.000000,0,false)
(0.900247,1.000000,0,false)
(0.961562,1.000000,0,false)
(0.954098,1.000000,0,false)
(0.953244,1.000000,0,false)
(0.936071,1.000000,0,false)
(0.955295,1.000000,0,false)
(0.967683,1.000000,0,false)
(0.933900,1.000000,0,false)
(0.949514,1.000000,0,false)
(0.912365,1.000000,0,false)
(0.959936,1.000000,0,false)
(0.971529,1.000000,0,false)

(0,0,false)
(3,0,false)
(4,0,false)
(5,0,false)
(6,0,false)
(7,0,false)
(8,0,false)
(9,0,false)
(11,0,false)
(12,0,false)
(13,0,false)
(14,0,false)
(15,0,false)
(16,0,false)
(18,0,false)
(19,0,false)
(20,0,false)
(22,0,false)
(25,0,false)
(27,0,false)
(28,0,false)
(29,0,false)
(30,0,false)
(31,0,false)
(32,0,false)
(33,0,false)
(34,0,false)
(35,0,false)
(36,0,false)
(39,0,false)
(40,0,false)
(41,0,false)
(42,0,false)
(46,0,false)
(47,0,false)
(49,0,false)
(50,0,false)
(53,0,false)
(54,0,false)
(55,0,false)
(57,0,false)
(58,0,false)
(59,0,false)
(60,0,false)
(61,0,false)
(62,0,false)
(64,0,false)
(65,0,false)
(66,0,false)
(67,0,false)
(68,0,false)
(69,0,false)
(70,0,false)
(71,0,false)
(72,0,false)
(74,0,false)
(75,0,false)
(76,0,true)
(77,0,false)
(80,0,true)
(82,0,true)
(83,0,true)
(84,0,true)
(88,0,true)
(90,0,true)
(91,0,true)
(92,0,true)
(94,0,true)
(95,0,true)
(96,0,true)
(97,0,true)
(98,0,true)
(99,0,true)
(100,0,true)
(101,0,true)
(102,0,true)
(103,0,true)
(104,0,true)
(105,0,true)
(106,0,true)
(107,0,true)
(108,0,true)
(109,0,true)
(111,0,true)
(112,0,true)
(115,0,true)
(116,0,true)
(117,0,false)
(118,0,true)
(121,0,true)
(122,0,true)
(123,0,true)
(126,0,true)
(127,0,true)
(128,0,true)
(129,0,true)
(130,0,true)
(131,0,true)
(132,0,true)
(137,0,true)
(138,0,true)
(139,0,false)
(140,0,true)
(141,0,true)
(142,0,true)
(143,0,true)
(145,0,true)
(146,0,true)
(147,0,true)
(148,0,true)
(151,0,true)
(152,0,true)
(153,0,true)
(154,0,true)
(155,0,true)
(157,0,true)
(158,0,true)
(159,0,true)
(161,0,true)
(162,0,true)
(163,0,true)
(164,0,true)
(166,0,true)
(169,0,true)
(170,0,true)
(171,0,true)
(172,0,true)
(173,0,true)
(174,0,true)
(176,0,true)
(177,0,true)
(178,0,true)
(179,0,true)
(180,0,true)
(181,0,true)
(182,0,true)
(183,0,true)
(185,0,true)
(186,0,true)
(187,0,true)
(188,0,true)
(189,0,true)
(192,0,true)
(194,0,true)
(195,0,true)
(196,0,true)
(197,0,true)
(199,0,true)
(1,1,false)
(4,1,false)
(6,1,false)
(8,1,false)
(9,1,false)
(12,1,false)
(13,1,false)
(16,1,false)
(17,1,true)
(18,1,false)
(19,1,false)
(20,1,false)
(22,1,false)
(23,1,false)
(24,1,false)
(25,1,false)
(26,1,false)
(27,1,false)
(28,1,false)
(29,1,false)
(30,1,true)
(32,1,false)
(33,1,false)
(35,1,false)
(41,1,false)
(44,1,false)
(47,1,false)
(49,1,false)
(50,1,true)
(51,1,false)
(54,1,false)
(55,1,false)
(56,1,false)
(57,1,true)
(58,1,false)
(59,1,false)
(60,1,false)
(61,1,false)
(64,1,false)
(65,1,false)
(66,1,false)
(69,1,false)
(70,1,false)
(71,1,false)
(73,1,false)
(74,1,false)
(76,1,false)
(77,1,false)
(79,1,false)
(80,1,true)
(82,1,true)
(83,1,true)
(84,1,true)
(85,1,true)
(86,1,true)
(87,1,true)
(88,1,true)
(89,1,true)
(90,1,true)
(92,1,true)
(93,1,true)
(94,1,true)
(96,1,true)
(97,1,true)
(100,1,true)
(101,1,true)
(103,1,true)
(106,1,true)
(107,1,true)
(108,1,true)
(110,1,true)
(115,1,true)
(116,1,true)
(119,1,true)
(120,1,true)
(122,1,false)
(123,1,true)
(124,1,true)
(125,1,true)
(127,1,true)
(128,1,true)
(129,1,true)
(131,1,true)
(134,1,true)
(135,1,true)
(136,1,true)
(137,1,true)
(138,1,true)
(139,1,true)
(140,1,true)
(141,1,true)
(142,1,true)
(143,1,true)
(144,1,true)
(145,1,true)
(146,1,true)
(148,1,false)
(149,1,false)
(150,1,true)
(153,1,true)
(154,1,true)
(155,1,true)
(156,1,true)
(157,1,true)
(158,1,true)
(159,1,true)
(160,1,true)
(161,1,true)
(162,1,true)
(163,1,true)
(164,1,true)
(167,1,true)
(168,1,true)
(169,1,true)
(171,1,true)
(172,1,true)
(173,1,true)
(175,1,true)
(177,1,true)
(178,1,false)
(181,1,true)
(182,1,false)
(183,1,true)
(185,1,true)
(186,1,true)
(187,1,true)
(189,1,true)
(190,1,true)
(191,1,true)
(192,1,true)
(193,1,true)
(195,1,true)
(196,1,true)
(198,1,true)
(0,2,false)
(2,2,false)
(4,2,false)
(5,2,false)
(6,2,false)
(7,2,false)
(9,2,false)
(12,2,false)
(14,2,false)
(18,2,false)
(21,2,false)
(22,2,false)
(23,2,false)
(24,2,false)
(25,2,false)
(26,2,false)
(27,2,false)
(29,2,false)
(31,2,false)
(32,2,false)
(33,2,false)
(34,2,false)
(35,2,false)
(37,2,false)
(38,2,false)
(40,2,false)
(41,2,false)
(43,2,false)
(45,2,false)
(47,2,false)
(48,2,false)
(49,2,false)
(50,2,false)
(52,2,true)
(54,2,false)
(55,2,false)
(56,2,false)
(57,2,false)
(58,2,false)
(59,2,false)
(60,2,false)
(62,2,false)
(63,2,false)
(65,2,false)
(66,2,false)
(67,2,false)
(68,2,false)
(69,2,true)
(70,2,false)
(71,2,false)
(73,2,true)
(77,2,false)
(78,2,false)
(79,2,false)
(82,2,true)
(84,2,true)
(85,2,true)
(86,2,true)
(87,2,true)
(89,2,true)
(90,2,true)
(91,2,true)
(92,2,true)
(94,2,true)
(95,2,true)
(98,2,true)
(100,2,true)
(102,2,true)
(103,2,true)
(105,2,true)
(107,2,false)
(108,2,true)
(109,2,true)
(110,2,true)
(111,2,true)
(112,2,true)
(115,2,true)
(116,2,true)
(117,2,true)
(118,2,true)
(119,2,true)
(121,2,true)
(122,2,true)
(123,2,true)
(125,2,true)
(126,2,false)
(128,2,true)
(130,2,true)
(134,2,true)
(135,2,true)
(136,2,true)
(138,2,true)
(139,2,true)
(142,2,true)
(145,2,true)
(152,2,true)
(153,2,true)
(154,2,true)
(155,2,true)
(156,2,true)
(157,2,true)
(159,2,true)
(161,2,true)
(162,2,true)
(163,2,true)
(164,2,true)
(166,2,true)
(170,2,true)
(172,2,true)
(175,2,true)
(176,2,true)
(177,2,true)
(179,2,true)
(180,2,true)
(181,2,true)
(185,2,true)
(186,2,true)
(187,2,true)
(188,2,true)
(189,2,true)
(190,2,true)
(191,2,true)
(192,2,true)
(193,2,true)
(194,2,true)
(196,2,true)
(198,2,true)
(199,2,true)
(2,3,false)
(3,3,false)
(5,3,false)
(6,3,false)
(8,3,false)
(9,3,false)
(10,3,false)
(13,3,false)
(17,3,true)
(18,3,false)
(20,3,false)
(28,3,false)
(29,3,false)
(32,3,false)
(36,3,false)
(37,3,false)
(40,3,false)
(41,3,true)
(44,3,true)
(45,3,false)
(47,3,false)
(49,3,false)
(50,3,false)
(54,3,false)
(58,3,false)
(59,3,false)
(60,3,false)
(61,3,false)
(62,3,false)
(66,3,false)
(67,3,false)
(68,3,false)
(70,3,true)
(71,3,false)
(72,3,false)
(74,3,false)
(78,3,false)
(80,3,true)
(81,3,true)
(82,3,true)
(84,3,true)
(87,3,true)
(90,3,true)
(92,3,true)
(94,3,true)
(99,3,true)
(100,3,true)
(102,3,true)
(104,3,false)
(105,3,true)
(106,3,true)
(107,3,true)
(108,3,true)
(109,3,true)
(111,3,true)
(112,3,true)
(113,3,true)
(118,3,true)
(121,3,true)
(123,3,true)
(124,3,true)
(126,3,true)
(127,3,true)
(129,3,true)
(133,3,true)
(134,3,true)
(138,3,true)
(141,3,true)
(142,3,true)
(143,3,true)
(145,3,true)
(147,3,true)
(150,3,true)
(151,3,true)
(153,3,true)
(156,3,true)
(158,3,true)
(159,3,true)
(160,3,true)
(163,3,true)
(167,3,true)
(168,3,true)
(171,3,true)
(173,3,true)
(174,3,true)
(178,3,true)
(179,3,true)
(182,3,true)
(183,3,true)
(184,3,true)
(185,3,true)
(187,3,true)
(189,3,true)
(193,3,true)
(198,3,true)
(0,4,false)
(1,4,false)
(3,4,false)
(6,4,false)
(7,4,false)
(12,4,false)
(14,4,false)
(15,4,false)
(17,4,true)
(21,4,false)
(23,4,false)
(26,4,false)
(29,4,false)
(31,4,false)
(34,4,false)
(35,4,false)
(36,4,false)
(38,4,false)
(39,4,false)
(40,4,false)
(41,4,false)
(43,4,false)
(46,4,false)
(47,4,false)
(48,4,false)
(49,4,false)
(50,4,true)
(52,4,true)
(53,4,false)
(54,4,false)
(55,4,false)
(58,4,false)
(61,4,false)
(62,4,false)
(63,4,false)
(64,4,false)
(66,4,false)
(68,4,false)
(69,4,false)
(70,4,false)
(72,4,false)
(73,4,false)
(74,4,false)
(76,4,false)
(80,4,true)
(81,4,true)
(87,4,true)
(88,4,true)
(89,4,false)
(90,4,true)
(92,4,true)
(93,4,true)
(94,4,true)
(96,4,true)
(103,4,true)
(105,4,true)
(106,4,true)
(107,4,true)
(111,4,true)
(112,4,true)
(115,4,true)
(116,4,true)
(117,4,true)
(118,4,true)
(120,4,true)
(123,4,true)
(124,4,true)
(134,4,true)
(139,4,false)
(142,4,true)
(144,4,true)
(146,4,true)
(147,4,true)
(150,4,true)
(152,4,true)
(153,4,true)
(156,4,true)
(157,4,true)
(158,4,true)
(159,4,true)
(160,4,true)
(161,4,true)
(163,4,true)
(166,4,true)
(168,4,true)
(169,4,false)
(170,4,true)
(172,4,true)
(176,4,true)
(177,4,false)
(179,4,true)
(183,4,true)
(185,4,false)
(187,4,true)
(188,4,true)
(190,4,true)
(192,4,true)
(194,4,true)
(196,4,true)
(197,4,true)
(0,5,false)
(2,5,false)
(8,5,false)
(9,5,false)
(10,5,false)
(13,5,false)
(15,5,false)
(16,5,false)
(17,5,false)
(20,5,false)
(24,5,false)
(25,5,false)
(26,5,false)
(28,5,false)
(30,5,false)
(31,5,false)
(32,5,false)
(37,5,false)
(39,5,false)
(43,5,false)
(44,5,false)
(45,5,false)
(46,5,false)
(47,5,false)
(50,5,false)
(51,5,false)
(53,5,false)
(54,5,false)
(58,5,false)
(60,5,false)
(61,5,false)
(62,5,false)
(64,5,false)
(65,5,false)
(66,5,false)
(67,5,false)
(68,5,true)
(69,5,false)
(75,5,false)
(78,5,false)
(84,5,true)
(86,5,true)
(92,5,true)
(93,5,true)
(95,5,true)
(98,5,true)
(99,5,true)
(100,5,true)
(102,5,true)
(103,5,true)
(104,5,true)
(106,5,true)
(113,5,true)
(114,5,true)
(115,5,true)
(117,5,true)
(118,5,true)
(119,5,true)
(122,5,true)
(123,5,true)
(128,5,true)
(129,5,true)
(131,5,true)
(140,5,true)
(141,5,true)
(143,5,true)
(148,5,false)
(150,5,true)
(156,5,true)
(160,5,true)
(161,5,true)
(164,5,true)
(165,5,true)
(166,5,true)
(167,5,true)
(168,5,true)
(170,5,true)
(172,5,true)
(174,5,true)
(177,5,true)
(180,5,true)
(184,5,true)
(188,5,true)
(193,5,true)
(194,5,true)
(197,5,true)
(2,6,false)
(4,6,false)
(5,6,false)
(6,6,false)
(7,6,false)
(11,6,false)
(14,6,false)
(17,6,false)
(20,6,false)
(23,6,false)
(26,6,false)
(28,6,false)
(32,6,false)
(35,6,false)
(37,6,false)
(38,6,false)
(39,6,false)
(41,6,false)
(42,6,false)
(43,6,true)
(46,6,false)
(51,6,false)
(52,6,false)
(53,6,false)
(54,6,false)
(55,6,false)
(56,6,true)
(60,6,false)
(62,6,false)
(63,6,false)
(66,6,false)
(68,6,true)
(69,6,false)
(72,6,false)
(73,6,false)
(75,6,false)
(77,6,false)
(78,6,false)
(79,6,false)
(81,6,true)
(82,6,false)
(83,6,false)
(85,6,true)
(88,6,true)
(94,6,true)
(96,6,true)
(99,6,true)
(100,6,true)
(101,6,true)
(102,6,true)
(104,6,true)
(105,6,true)
(107,6,true)
(110,6,true)
(111,6,true)
(113,6,true)
(117,6,true)
(120,6,true)
(121,6,true)
(122,6,true)
(126,6,true)
(140,6,true)
(143,6,true)
(150,6,false)
(156,6,true)
(157,6,true)
(158,6,true)
(161,6,true)
(168,6,true)
(169,6,true)
(170,6,true)
(179,6,true)
(180,6,true)
(186,6,true)
(187,6,true)
(188,6,true)
(191,6,true)
(194,6,true)
(197,6,true)
(198,6,false)
(4,7,false)
(5,7,false)
(9,7,false)
(10,7,false)
(13,7,false)
(15,7,false)
(18,7,false)
(19,7,false)
(22,7,true)
(25,7,false)
(26,7,false)
(27,7,false)
(28,7,false)
(29,7,false)
(40,7,false)
(42,7,false)
(46,7,false)
(49,7,false)
(52,7,false)
(55,7,false)
(57,7,false)
(58,7,false)
(59,7,false)
(63,7,false)
(64,7,false)
(65,7,false)
(66,7,false)
(67,7,false)
(70,7,false)
(72,7,false)
(74,7,false)
(78,7,false)
(80,7,true)
(81,7,true)
(82,7,false)
(87,7,true)
(88,7,true)
(96,7,true)
(97,7,true)
(99,7,true)
(103,7,true)
(107,7,true)
(108,7,true)
(115,7,true)
(116,7,true)
(120,7,true)
(123,7,true)
(124,7,true)
(126,7,true)
(130,7,true)
(131,7,true)
(132,7,true)
(133,7,true)
(137,7,true)
(141,7,true)
(144,7,true)
(149,7,true)
(155,7,true)
(160,7,true)
(168,7,true)
(169,7,true)
(170,7,true)
(179,7,true)
(180,7,false)
(181,7,true)
(182,7,true)
(183,7,true)
(188,7,false)
(189,7,true)
(194,7,true)
(195,7,true)
(197,7,true)
(2,8,false)
(4,8,false)
(5,8,false)
(6,8,false)
(16,8,false)
(19,8,false)
(21,8,false)
(22,8,false)
(27,8,false)
(30,8,false)
(35,8,false)
(36,8,false)
(37,8,false)
(43,8,false)
(45,8,false)
(52,8,false)
(54,8,false)
(55,8,false)
(57,8,false)
(59,8,false)
(60,8,false)
(62,8,false)
(64,8,false)
(69,8,false)
(73,8,false)
(78,8,false)
(79,8,false)
(80,8,true)
(82,8,true)
(84,8,false)
(85,8,true)
(87,8,true)
(91,8,true)
(94,8,true)
(96,8,true)
(97,8,true)
(98,8,false)
(100,8,true)
(102,8,true)
(103,8,false)
(106,8,true)
(118,8,true)
(119,8,true)
(120,8,true)
(121,8,true)
(122,8,false)
(123,8,true)
(126,8,true)
(128,8,false)
(130,8,true)
(133,8,true)
(134,8,true)
(136,8,true)
(138,8,true)
(139,8,true)
(145,8,true)
(153,8,true)
(155,8,true)
(159,8,true)
(160,8,true)
(161,8,true)
(162,8,true)
(164,8,true)
(167,8,true)
(172,8,true)
(173,8,true)
(183,8,true)
(185,8,true)
(187,8,true)
(189,8,true)
(191,8,true)
(193,8,true)
(196,8,true)
(4,9,false)
(6,9,false)
(7,9,false)
(10,9,false)
(11,9,false)
(12,9,false)
(17,9,false)
(22,9,false)
(25,9,false)
(33,9,false)
(34,9,false)
(35,9,false)
(37,9,false)
(39,9,false)
(40,9,false)
(44,9,false)
(45,9,false)
(48,9,false)
(49,9,false)
(50,9,false)
(51,9,false)
(52,9,true)
(54,9,false)
(64,9,false)
(66,9,false)
(68,9,true)
(71,9,false)
(75,9,false)
(77,9,false)
(81,9,true)
(83,9,true)
(85,9,true)
(88,9,true)
(92,9,true)
(93,9,true)
(97,9,true)
(100,9,true)
(101,9,false)
(102,9,true)
(104,9,true)
(105,9,true)
(108,9,true)
(111,9,true)
(114,9,true)
(115,9,true)
(118,9,true)
(121,9,true)
(124,9,true)
(125,9,true)
(127,9,true)
(130,9,true)
(131,9,true)
(132,9,true)
(133,9,true)
(136,9,true)
(138,9,true)
(139,9,false)
(141,9,true)
(144,9,true)
(149,9,true)
(150,9,true)
(155,9,true)
(156,9,true)
(159,9,true)
(160,9,true)
(161,9,true)
(163,9,true)
(165,9,true)
(166,9,true)
(168,9,true)
(170,9,true)
(174,9,true)
(175,9,true)
(177,9,true)
(178,9,true)
(179,9,true)
(180,9,true)
(184,9,true)
(187,9,true)
(188,9,true)
(190,9,true)
(193,9,true)
(195,9,true)
(197,9,true)
(0,10,false)
(7,10,false)
(10,10,false)
(11,10,false)
(12,10,false)
(17,10,false)
(19,10,false)
(20,10,false)
(21,10,false)
(26,10,false)
(27,10,false)
(29,10,false)
(30,10,false)
(34,10,false)
(37,10,false)
(38,10,false)
(39,10,false)
(40,10,false)
(42,10,false)
(44,10,false)
(45,10,false)
(47,10,false)
(49,10,false)
(56,10,false)
(62,10,false)
(64,10,false)
(66,10,false)
(68,10,false)
(69,10,false)
(71,10,false)
(72,10,false)
(73,10,false)
(74,10,false)
(78,10,false)
(79,10,false)
(81,10,true)
(87,10,true)
(88,10,true)
(90,10,true)
(91,10,true)
(92,10,true)
(95,10,true)
(96,10,true)
(100,10,true)
(104,10,true)
(106,10,true)
(108,10,true)
(109,10,true)
(113,10,true)
(114,10,true)
(115,10,true)
(120,10,true)
(123,10,true)
(124,10,true)
(126,10,true)
(131,10,true)
(134,10,true)
(135,10,true)
(136,10,true)
(146,10,true)
(147,10,true)
(157,10,true)
(160,10,true)
(164,10,false)
(168,10,true)
(174,10,true)
(176,10,true)
(179,10,true)
(180,10,true)
(182,10,true)
(188,10,true)
(191,10,true)
(193,10,true)
(194,10,true)
(195,10,true)
(198,10,true)
(3,11,false)
(6,11,false)
(10,11,false)
(12,11,true)
(13,11,false)
(15,11,false)
(17,11,true)
(19,11,false)
(21,11,false)
(22,11,true)
(26,11,false)
(31,11,false)
(32,11,true)
(33,11,false)
(34,11,false)
(38,11,false)
(41,11,false)
(43,11,false)
(46,11,false)
(47,11,true)
(48,11,false)
(49,11,false)
(51,11,false)
(53,11,false)
(58,11,false)
(59,11,false)
(60,11,false)
(64,11,false)
(66,11,false)
(67,11,false)
(70,11,false)
(71,11,false)
(73,11,false)
(76,11,false)
(77,11,false)
(81,11,true)
(82,11,true)
(87,11,false)
(88,11,true)
(90,11,true)
(92,11,false)
(94,11,true)
(100,11,true)
(101,11,true)
(104,11,true)
(106,11,true)
(108,11,true)
(112,11,true)
(115,11,true)
(119,11,true)
(120,11,true)
(121,11,true)
(125,11,true)
(128,11,true)
(131,11,true)
(134,11,true)
(135,11,true)
(139,11,true)
(148,11,true)
(166,11,true)
(174,11,false)
(179,11,true)
(187,11,true)
(192,11,true)
(199,11,true)
(2,12,false)
(3,12,false)
(7,12,true)
(14,12,false)
(16,12,true)
(19,12,true)
(20,12,false)
(21,12,false)
(24,12,false)
(29,12,false)
(34,12,false)
(38,12,false)
(42,12,false)
(44,12,false)
(49,12,false)
(51,12,false)
(53,12,false)
(55,12,false)
(59,12,false)
(60,12,true)
(61,12,false)
(65,12,false)
(66,12,false)
(67,12,false)
(69,12,false)
(70,12,false)
(71,12,false)
(73,12,false)
(81,12,true)
(87,12,true)
(89,12,true)
(91,12,true)
(94,12,true)
(95,12,true)
(96,12,true)
(97,12,true)
(99,12,true)
(100,12,true)
(102,12,true)
(108,12,true)
(109,12,true)
(110,12,true)
(112,12,true)
(113,12,true)
(116,12,true)
(124,12,true)
(128,12,true)
(130,12,true)
(131,12,true)
(133,12,true)
(135,12,true)
(136,12,true)
(139,12,false)
(140,12,true)
(146,12,true)
(148,12,true)
(154,12,true)
(157,12,true)
(158,12,true)
(167,12,true)
(168,12,true)
(171,12,true)
(175,12,true)
(183,12,true)
(186,12,false)
(187,12,true)
(188,12,true)
(190,12,true)
(192,12,true)
(199,12,true)
(0,13,true)
(3,13,false)
(25,13,false)
(26,13,false)
(31,13,false)
(33,13,false)
(34,13,false)
(35,13,false)
(38,13,false)
(42,13,false)
(43,13,false)
(51,13,false)
(55,13,false)
(59,13,false)
(62,13,true)
(64,13,false)
(67,13,true)
(69,13,false)
(70,13,false)
(77,13,true)
(83,13,true)
(84,13,true)
(87,13,true)
(97,13,true)
(99,13,true)
(100,13,true)
(101,13,true)
(102,13,false)
(103,13,true)
(105,13,true)
(108,13,true)
(114,13,true)
(116,13,true)
(120,13,true)
(122,13,true)
(126,13,true)
(127,13,true)
(129,13,true)
(131,13,true)
(132,13,true)
(134,13,true)
(135,13,true)
(139,13,true)
(141,13,true)
(143,13,true)
(144,13,true)
(149,13,true)
(154,13,true)
(155,13,true)
(158,13,true)
(159,13,true)
(167,13,true)
(169,13,false)
(173,13,true)
(185,13,true)
(188,13,true)
(191,13,true)
(198,13,true)
(2,14,false)
(6,14,false)
(9,14,false)
(15,14,false)
(16,14,false)
(17,14,false)
(20,14,false)
(21,14,false)
(22,14,false)
(23,14,false)
(26,14,false)
(30,14,false)
(38,14,false)
(40,14,false)
(41,14,false)
(42,14,false)
(44,14,false)
(51,14,false)
(52,14,false)
(53,14,false)
(57,14,false)
(58,14,false)
(59,14,true)
(61,14,false)
(63,14,false)
(64,14,false)
(65,14,false)
(66,14,false)
(72,14,false)
(73,14,false)
(75,14,false)
(80,14,true)
(84,14,true)
(90,14,true)
(94,14,true)
(100,14,true)
(101,14,true)
(102,14,true)
(106,14,true)
(108,14,true)
(109,14,true)
(110,14,true)
(111,14,true)
(116,14,true)
(121,14,true)
(124,14,true)
(125,14,true)
(128,14,true)
(130,14,true)
(132,14,true)
(136,14,true)
(137,14,true)
(138,14,true)
(139,14,true)
(146,14,true)
(150,14,true)
(153,14,true)
(154,14,true)
(156,14,true)
(159,14,true)
(160,14,true)
(164,14,true)
(168,14,true)
(174,14,true)
(177,14,true)
(181,14,true)
(189,14,true)
(193,14,true)
(194,14,true)
(196,14,true)
(1,15,false)
(6,15,false)
(9,15,false)
(12,15,true)
(13,15,false)
(23,15,false)
(25,15,false)
(28,15,false)
(31,15,false)
(36,15,false)
(39,15,false)
(42,15,false)
(43,15,false)
(49,15,true)
(57,15,false)
(60,15,false)
(62,15,false)
(69,15,false)
(70,15,false)
(71,15,false)
(75,15,false)
(80,15,true)
(81,15,true)
(82,15,true)
(85,15,true)
(86,15,true)
(87,15,true)
(88,15,true)
(91,15,true)
(93,15,true)
(94,15,true)
(97,15,true)
(99,15,true)
(100,15,true)
(104,15,true)
(107,15,true)
(108,15,true)
(110,15,true)
(115,15,true)
(116,15,true)
(117,15,true)
(123,15,true)
(124,15,true)
(134,15,true)
(137,15,true)
(142,15,true)
(144,15,true)
(150,15,false)
(152,15,true)
(153,15,true)
(154,15,true)
(159,15,true)
(161,15,true)
(164,15,true)
(169,15,true)
(181,15,true)
(186,15,true)
(195,15,true)
(1,16,true)
(25,16,false)
(26,16,false)
(27,16,false)
(32,16,false)
(41,16,false)
(42,16,false)
(46,16,false)
(48,16,false)
(49,16,false)
(50,16,false)
(51,16,false)
(53,16,false)
(61,16,false)
(69,16,false)
(70,16,false)
(72,16,false)
(78,16,false)
(80,16,true)
(82,16,true)
(83,16,true)
(85,16,true)
(86,16,true)
(87,16,true)
(95,16,true)
(104,16,true)
(109,16,true)
(113,16,true)
(116,16,true)
(126,16,true)
(128,16,true)
(131,16,false)
(134,16,true)
(143,16,true)
(145,16,true)
(152,16,true)
(153,16,true)
(155,16,true)
(157,16,true)
(158,16,true)
(163,16,true)
(168,16,true)
(170,16,true)
(171,16,true)
(178,16,true)
(179,16,true)
(181,16,true)
(182,16,true)
(184,16,true)
(185,16,true)
(188,16,true)
(189,16,true)
(194,16,true)
(196,16,true)
(197,16,true)
(198,16,true)
(199,16,true)
(0,17,false)
(1,17,false)
(6,17,false)
(7,17,false)
(15,17,false)
(16,17,false)
(17,17,false)
(24,17,false)
(30,17,false)
(36,17,false)
(38,17,false)
(40,17,false)
(48,17,false)
(51,17,false)
(55,17,false)
(56,17,false)
(58,17,true)
(59,17,false)
(60,17,false)
(70,17,false)
(71,17,false)
(76,17,false)
(80,17,true)
(81,17,true)
(83,17,true)
(88,17,true)
(89,17,true)
(99,17,true)
(100,17,true)
(101,17,true)
(107,17,false)
(108,17,true)
(112,17,true)
(113,17,true)
(117,17,true)
(126,17,true)
(127,17,true)
(129,17,true)
(130,17,true)
(131,17,true)
(133,17,true)
(134,17,true)
(136,17,true)
(138,17,true)
(140,17,true)
(143,17,true)
(144,17,true)
(145,17,true)
(147,17,true)
(149,17,true)
(150,17,true)
(151,17,true)
(155,17,true)
(160,17,true)
(161,17,true)
(162,17,true)
(166,17,true)
(168,17,true)
(170,17,true)
(171,17,true)
(179,17,true)
(186,17,true)
(195,17,true)
(196,17,true)
(199,17,true)
(0,18,false)
(3,18,false)
(4,18,false)
(7,18,false)
(8,18,false)
(10,18,false)
(20,18,false)
(23,18,false)
(24,18,false)
(28,18,true)
(29,18,false)
(31,18,false)
(34,18,false)
(35,18,false)
(36,18,false)
(39,18,false)
(45,18,false)
(47,18,false)
(48,18,false)
(49,18,false)
(50,18,false)
(53,18,true)
(57,18,false)
(58,18,false)
(60,18,false)
(62,18,false)
(63,18,false)
(70,18,false)
(71,18,false)
(72,18,false)
(76,18,false)
(77,18,false)
(87,18,true)
(95,18,true)
(96,18,true)
(97,18,true)
(99,18,true)
(101,18,true)
(106,18,true)
(109,18,true)
(111,18,true)
(114,18,true)
(116,18,true)
(118,18,true)
(119,18,true)
(124,18,true)
(126,18,true)
(128,18,true)
(130,18,true)
(133,18,true)
(136,18,true)
(137,18,true)
(142,18,true)
(144,18,true)
(145,18,true)
(146,18,true)
(147,18,true)
(149,18,true)
(151,18,true)
(155,18,true)
(162,18,true)
(166,18,true)
(172,18,true)
(173,18,true)
(174,18,true)
(176,18,true)
(181,18,true)
(187,18,true)
(188,18,true)
(193,18,true)
(2,19,false)
(5,19,false)
(7,19,false)
(14,19,true)
(28,19,false)
(30,19,false)
(31,19,false)
(32,19,false)
(33,19,false)
(37,19,true)
(45,19,false)
(46,19,false)
(49,19,false)
(50,19,false)
(51,19,false)
(61,19,false)
(63,19,false)
(65,19,true)
(66,19,false)
(68,19,false)
(70,19,false)
(75,19,false)
(80,19,false)
(82,19,true)
(83,19,true)
(93,19,true)
(98,19,true)
(100,19,true)
(103,19,true)
(112,19,true)
(114,19,true)
(118,19,true)
(120,19,true)
(131,19,true)
(138,19,true)
(139,19,true)
(143,19,true)
(144,19,true)
(146,19,true)
(149,19,true)
(152,19,true)
(155,19,true)
(156,19,true)
(166,19,true)
(167,19,true)
(169,19,true)
(170,19,true)
(172,19,true)
(173,19,true)
(174,19,true)
(180,19,true)
(181,19,true)
(182,19,false)
(183,19,true)
(191,19,true)
(192,19,true)
(195,19,true)
(196,19,true)
(198,19,true)
(199,19,true)

(3,1)
(131,6)
(111,17)
(35,3)
(94,9)
(184,1)
(169,2)
(119,12)
(142,19)
(192,7)
(153,10)
(165,8)
(82,18)
(97,11)
(49,5)
(51,4)
(149,11)
(164,16)
(169,8)
(99,9)
(153,6)
(116,3)
(3,2)
(47,17)
(82,13)
(54,11)
(7,15)
(38,1)
(126,1)
(8,17)
(130,5)
(89,5)
(102,19)
(165,17)
(116,11)
(178,2)
(145,4)
(122,7)
(88,8)
(128,4)
(154,11)
(111,12)
(3,7)
(182,12)
(85,12)
(103,6)
(173,5)
(87,0)
(78,0)
(76,6)
(80,10)
(171,18)
(175,3)
(178,17)
(155,11)
(69,3)
(129,4)
(162,3)
(75,17)
(185,14)
(160,0)
(12,14)
(76,16)
(68,17)
(36,13)
(38,0)
(50,14)
(46,12)
(139,10)
(1,0)
(154,18)
(130,6)
(36,12)
(15,8)
(164,7)
(166,14)
(161,16)
(101,16)
(168,8)
(146,15)
(53,2)
(92,15)
(119,19)
(106,2)
(74,8)
(85,17)
(163,15)
(75,12)
(147,5)
(52,16)
(67,1)
(40,8)
(7,16)
(11,2)
(74,14)
(55,3)
(2,1)
(104,4)
(12,5)
(151,12)
(114,3)
(137,13)
(141,6)
(34,5)
(27,9)
(0,19)
(63,3)
(47,8)
(190,6)
(146,17)
(66,17)
(75,13)
(60,14)
(66,8)
(155,15)
(156,7)
(88,2)
(83,3)
(21,5)
(163,13)
(59,6)
(154,7)
(161,3)
(23,0)
(139,5)
(58,12)
(130,11)
(108,16)
(39,2)
(145,12)
(75,1)
(63,17)
(197,8)
(15,10)
(70,6)
(38,3)
(160,2)
(93,13)
(71,8)
(92,7)
(30,18)
(167,18)
(36,2)
(56,12)
(138,12)
(48,8)
(179,13)
(111,8)
(195,8)
(179,19)
(146,6)
(113,13)
(163,12)
(18,5)
(101,3)
(190,3)
(140,2)
(195,4)
(73,13)
(2,18)
(113,1)
(168,11)
(73,3)
(40,6)
(91,1)
(54,12)
(183,6)
(16,3)
(125,0)
(42,9)
(103,12)
(121,4)
(172,7)
(66,16)
(125,13)
(121,1)
(134,6)
(5,15)
(170,15)
(28,13)
(54,10)
(176,3)
(106,13)
(126,9)
(149,6)
(167,17)
(69,14)
(90,5)
(27,6)
(13,12)
(68,14)
(155,6)
(194,8)
(36,1)
(50,13)
(166,8)
(4,3)
(192,17)
(31,17)
(199,13)
(78,4)
(51,8)
(49,14)
(180,17)
(144,14)
(122,14)
(13,17)
(196,3)
(74,13)
(64,2)
(101,19)
(32,17)
(52,12)
(186,18)
(167,11)
(65,4)
(50,6)
(181,12)
(41,8)
(55,19)
(157,19)
(12,3)
(150,8)
(106,6)
(19,3)
(170,1)
(164,3)
(180,11)
(168,13)
(8,10)
(186,9)
(187,7)
(172,15)
(27,17)
(114,2)
(54,16)
(193,4)
(142,12)
(179,5)
(71,5)
(52,1)
(16,11)
(178,19)
(2,10)
(28,10)
(3,17)
(80,12)
(148,19)
(53,1)
(167,7)
(169,14)
(185,19)
(153,5)
(6,18)
(90,19)
(73,15)
(170,11)
(136,11)
(65,10)
(123,18)
(68,1)
(53,7)
(185,11)
(40,11)
(6,10)
(167,0)
(166,13)
(125,4)
(115,19)
(4,15)
(141,10)
(145,11)
(106,7)
(75,8)
(140,19)
(49,17)
(8,2)
(198,4)
(123,11)
(76,12)
(124,11)
(31,3)
(161,14)
(55,10)
(96,19)
(62,11)
(158,5)
(40,12)
(197,1)
(149,15)
(13,9)
(188,14)
(100,4)
(26,18)
(44,13)
(40,1)
(168,0)
(126,11)
(40,15)
(3,14)
(102,4)
(17,0)
(64,12)
(56,13)
(175,8)
(156,16)
(132,5)
(167,10)
(87,14)
(114,4)
(117,10)
(43,12)
(74,2)
(73,9)
(15,18)
(109,19)
(160,19)
(151,14)
(173,6)
(138,11)
(35,11)
(184,7)
(93,12)
(6,7)
(2,16)
(127,11)
(158,7)
(145,10)
(120,5)
(194,17)
(61,2)
(133,0)
(173,2)
(48,19)
(173,4)
(165,18)
(179,1)
(95,7)
(106,19)
(29,17)
(148,15)
(179,15)
(171,14)
(144,2)
(145,6)
(187,13)
(24,11)
(18,4)
(104,2)
(184,11)
(197,13)
(49,8)
(145,19)
(87,6)
(104,14)
(106,15)
(127,4)
(28,2)
(92,12)
(165,12)
(93,3)
(41,5)
(172,16)
(57,6)
(24,16)
(91,3)
(63,0)
(138,13)
(24,8)
(27,4)
(138,16)
(83,12)
(140,3)
(47,16)
(82,4)
(144,0)
(50,12)
(129,16)
(85,7)
(56,9)
(98,10)
(124,17)
(177,8)
(36,7)
(129,6)
(189,15)
(141,18)
(195,18)
(193,0)
(122,9)
(124,2)
(48,13)
(12,13)
(128,17)
(85,3)
(197,19)
(13,13)
(5,5)
(179,14)
(168,2)
(132,3)
(137,19)
(81,0)
(198,8)
(104,12)
(84,9)
(13,8)
(161,11)
(112,5)
(198,9)
(108,8)
(42,4)
(48,0)
(32,12)
(170,8)
(178,13)
(160,11)
(100,16)
(136,3)
(184,4)
(0,14)
(9,9)
(73,18)
(96,3)
(123,12)
(29,8)
(141,19)
(120,14)
(128,15)
(177,11)
(93,6)
(29,6)
(103,3)
(21,6)
(118,15)
(37,18)
(189,13)
(155,4)
(31,1)
(102,7)
(74,9)
(187,16)
(69,11)
(83,5)
(182,6)
(102,1)
(86,6)
(108,19)
(78,13)
(177,12)
(141,2)
(159,12)
(14,15)
(111,13)
(158,18)
(141,14)
(124,0)
(30,12)
(186,4)
(135,5)
(124,16)
(114,1)
(103,9)
(101,10)
(165,16)
(90,12)
(69,9)
(138,7)
(181,9)
(20,4)
(169,5)
(134,7)
(184,15)
(183,15)
(111,1)
(111,19)
(142,17)
(176,15)
(20,16)
(120,3)
(12,19)
(112,6)
(44,15)
(47,13)
(86,11)
(2,15)
(158,8)
(107,13)
(134,0)
(61,11)
(124,5)
(169,16)
(151,4)
(121,5)
(143,2)
(115,6)
(157,11)
(47,7)
(172,12)
(159,18)
(120,12)
(155,12)
(107,12)
(137,8)
(144,10)
(63,5)
(93,16)
(195,16)
(75,4)
(55,18)
(80,13)
(56,18)
(97,19)
(175,4)
(175,6)
(46,3)
(30,9)
(144,6)
(63,13)
(164,9)
(44,0)
(146,11)
(168,15)
(124,6)
(13,4)
(191,18)
(49,6)
(47,9)
(4,4)
(105,5)
(67,14)
(34,1)
(169,10)
(115,3)
(84,4)
(5,18)
(32,7)
(172,9)
(80,18)
(3,10)
(169,9)
(158,2)
(28,17)
(52,19)
(60,9)
(72,8)
(27,3)
(56,8)
(109,13)
(49,13)
(14,16)
(13,2)
(100,18)
(120,9)
(74,17)
(182,4)
(101,2)
(77,8)
(21,13)
(178,4)
(198,12)
(63,16)
(135,17)
(11,3)
(171,4)
(151,5)
(149,10)
(22,17)
(15,13)
(144,11)
(135,19)
(84,17)
(174,12)
(169,17)
(105,16)
(145,9)
(15,2)
(3,19)
(9,13)
(111,15)
(79,13)
(198,7)
(89,10)
(158,9)
(55,16)
(170,10)
(130,3)
(157,9)
(107,8)
(180,4)
(32,9)
(81,13)
(172,10)
(121,7)
(183,2)
(140,11)
(176,9)
(67,4)
(7,1)
(126,5)
(71,19)
(63,1)
(166,1)
(32,8)
(177,7)
(72,1)
(25,11)
(162,13)
(36,14)
(115,18)
(39,12)
(160,6)
(77,4)
(146,3)
(147,2)
(45,4)
(74,6)
(22,12)
(150,7)
(151,19)
(190,5)
(175,13)
(182,8)
(101,12)
(18,18)
(138,4)
(116,10)
(124,13)
(83,7)
(93,7)
(38,7)
(177,10)
(110,5)
(178,6)
(96,17)
(134,5)
(160,15)
(173,16)
(79,3)
(120,17)
(63,12)
(163,19)
(93,18)
(158,14)
(55,14)
(20,8)
(125,17)
(177,15)
(28,4)
(163,14)
(71,7)
(132,19)
(155,14)
(60,13)
(60,10)
(128,7)
(82,12)
(113,15)
(121,16)
(154,5)
(125,16)
(84,6)
(184,2)
(122,3)
(157,14)
(57,19)
(144,3)
(170,13)
(2,13)
(125,10)
(138,6)
(12,6)
(105,7)
(194,12)
(128,9)
(109,9)
(103,16)
(84,12)
(71,14)
(159,19)
(50,10)
(26,12)
(99,2)
(118,17)
(185,7)
(18,16)
(169,18)
(36,10)
(101,7)
(14,1)
(123,17)
(177,3)
(126,14)
(100,7)
(154,9)
(139,3)
(80,6)
(142,14)
(143,8)
(171,13)
(29,13)
(179,8)
(125,15)
(158,11)
(123,16)
(128,13)
(156,0)
(12,16)
(111,11)
(165,4)
(1,7)
(20,13)
(19,2)
(86,10)
(94,19)
(172,3)
(187,19)
(13,6)
(110,4)
(157,7)
(43,3)
(141,11)
(150,19)
(171,10)
(71,6)
(22,15)
(169,12)
(78,15)
(196,11)
(159,17)
(63,8)
(63,10)
(192,3)
(79,14)
(175,14)
(93,0)
(2,7)
(95,9)
(161,10)
(51,0)
(141,16)
(136,0)
(99,11)
(140,9)
(193,11)
(153,11)
(1,18)
(112,13)
(172,13)
(70,5)
(14,9)
(103,17)
(65,16)
(162,12)
(103,10)
(120,0)
(50,7)
(0,6)
(129,7)
(73,5)
(162,5)
(101,4)
(35,15)
(50,11)
(29,5)
(184,8)
(104,1)
(11,13)
(166,10)
(136,7)
(107,19)
(18,10)
(113,18)
(143,7)
(163,17)
(128,6)
(155,5)
(28,14)
(198,11)
(109,15)
(102,16)
(93,8)
(50,15)
(150,0)
(82,17)
(76,3)
(20,11)
(169,3)
(88,3)
(67,6)
(47,12)
(138,18)
(192,16)
(165,6)
(126,19)
(63,11)
(156,8)
(34,3)
(119,15)
(114,17)
(179,18)
(6,19)
(120,2)
(107,16)
(112,14)
(46,8)
(107,9)
(150,2)
(18,6)
(197,2)
(150,16)
(3,8)
(102,11)
(173,11)
(95,4)
(113,11)
(12,17)
(190,13)
(174,8)
(155,3)
(101,5)
(134,14)
(194,15)
(75,7)
(38,9)
(101,15)
(34,7)
(130,16)
(130,13)
(54,13)
(22,10)
(120,18)
(175,10)
(50,17)
(4,13)
(169,11)
(172,11)
(134,12)
(12,18)
(23,5)
(18,12)
(190,17)
(73,7)
(151,6)
(86,12)
(193,7)
(115,13)
(182,18)
(110,11)
(59,5)
(31,9)
(29,9)
(70,10)
(186,8)
(47,6)
(129,18)
(107,11)
(5,13)
(146,2)
(150,13)
(152,17)
(58,10)
(38,19)
(14,7)
(66,13)
(88,16)
(124,8)
(11,12)
(106,9)
(11,14)
(53,15)
(94,13)
(126,4)
(48,6)
(54,15)
(70,14)
(78,9)
(93,14)
(4,11)
(193,15)
(54,18)
(137,3)
(150,18)
(44,6)
(153,12)
(115,17)
(43,0)
(97,16)
(62,17)
(183,11)
(133,2)
(93,11)
(143,12)
(70,8)
(63,9)
(134,18)
(64,3)
(143,9)
(113,4)
(83,11)
(44,17)
(151,8)
(91,9)
(102,10)
(79,7)
(154,16)
(35,12)
(28,9)
(58,15)
(11,18)
(75,2)
(172,14)
(41,12)
(122,18)
(82,10)
(18,9)
(188,11)
(192,13)
(153,7)
(74,11)
(135,0)
(35,17)
(27,5)
(178,5)
(94,16)
(46,1)
(59,9)
(94,18)
(135,3)
(113,0)
(184,10)
(163,18)
(42,19)
(173,7)
(30,2)
(166,15)
(99,19)
(191,15)
(175,5)
(3,16)
(128,10)
(54,17)
(79,9)
(166,3)
(6,12)
(44,4)
(5,4)
(94,7)
(185,15)
(47,19)
(101,8)
(127,6)
(115,14)
(81,2)
(77,5)
(14,14)
(132,16)
(103,15)
(74,5)
(90,7)
(199,8)
(47,14)
(2,0)
(110,7)
(2,17)
(109,17)
(35,7)
(190,0)
(175,18)
(158,19)
(52,17)
(51,2)
(116,8)
(176,5)
(83,2)
(36,6)
(183,5)
(170,18)
(17,16)
(184,0)
(2,4)
(39,17)
(194,3)
(151,16)
(103,11)
(180,1)
(180,3)
(71,4)
(116,5)
(172,6)
(46,14)
(51,3)
(77,12)
(4,10)
(149,0)
(139,15)
(42,18)
(27,13)
(93,2)
(28,11)
