200 Users
41 Files
3000 Transactions
2 Maximum Connections
1 Cycle Length per Upload-Download
0 Warm-up Transactions
0.400000 Zipf constant
5 Pre-Trusted Users
120 Well-Behaved (Good) Users
80 Purely Malicious Users
0 Feedback Skewing Users
0 Malignant Providing Users
0 Disguised Malicous Users
0 Sybil Attack Users
true Intelligent Trans. Generation
1561012637487 Trace Generation Seed

(0.069804,0.000000,1,false)
(0.014156,0.000000,1,false)
(0.035388,0.000000,1,false)
(0.068038,0.000000,1,false)
(0.015297,0.000000,1,false)
(0.053188,0.000000,1,false)
(0.046718,0.000000,1,false)
(0.020940,0.000000,1,false)
(0.048220,0.000000,1,false)
(0.031559,0.000000,1,false)
(0.036183,0.000000,1,false)
(0.062716,0.000000,1,false)
(0.040870,0.000000,1,false)
(0.072631,0.000000,1,false)
(0.058132,0.000000,1,false)
(0.064301,0.000000,1,false)
(0.027522,0.000000,1,false)
(0.042050,0.000000,1,false)
(0.094901,0.000000,1,false)
(0.050620,0.000000,1,false)
(0.016858,0.000000,1,false)
(0.010063,0.000000,1,false)
(0.097424,0.000000,1,false)
(0.072190,0.000000,1,false)
(0.024427,0.000000,1,false)
(0.011869,0.000000,1,false)
(0.036270,0.000000,1,false)
(0.060112,0.000000,1,false)
(0.000188,0.000000,1,false)
(0.086763,0.000000,1,false)
(0.003621,0.000000,1,false)
(0.045401,0.000000,1,false)
(0.042279,0.000000,1,false)
(0.018679,0.000000,1,false)
(0.055639,0.000000,1,false)
(0.010841,0.000000,1,false)
(0.094908,0.000000,1,false)
(0.058280,0.000000,1,false)
(0.074216,0.000000,1,false)
(0.096388,0.000000,1,false)
(0.025619,0.000000,1,false)
(0.079878,0.000000,1,false)
(0.057276,0.000000,1,false)
(0.097571,0.000000,1,false)
(0.065176,0.000000,1,false)
(0.015245,0.000000,1,false)
(0.017601,0.000000,1,false)
(0.080451,0.000000,1,false)
(0.071918,0.000000,1,false)
(0.010766,0.000000,1,false)
(0.081576,0.000000,1,false)
(0.086400,0.000000,1,false)
(0.051689,0.000000,1,false)
(0.074394,0.000000,1,false)
(0.031309,0.000000,1,false)
(0.015279,0.000000,1,false)
(0.024289,0.000000,1,false)
(0.014539,0.000000,1,false)
(0.026238,0.000000,1,false)
(0.056566,0.000000,1,false)
(0.077895,0.000000,1,false)
(0.024258,0.000000,1,false)
(0.073653,0.000000,1,false)
(0.084565,0.000000,1,false)
(0.094022,0.000000,1,false)
(0.031043,0.000000,1,false)
(0.091497,0.000000,1,false)
(0.046034,0.000000,1,false)
(0.057301,0.000000,1,false)
(0.014981,0.000000,1,false)
(0.021321,0.000000,1,false)
(0.046382,0.000000,1,false)
(0.086758,0.000000,1,false)
(0.096262,0.000000,1,false)
(0.004494,0.000000,1,false)
(0.084090,0.000000,1,false)
(0.038223,0.000000,1,false)
(0.006710,0.000000,1,false)
(0.030529,0.000000,1,false)
(0.092030,0.000000,1,false)
(0.968859,1.000000,0,true)
(0.910521,1.000000,0,true)
(0.997157,1.000000,0,true)
(0.980878,1.000000,0,true)
(0.952708,1.000000,0,true)
(0.983986,1.000000,0,false)
(0.955711,1.000000,0,false)
(0.973943,1.000000,0,false)
(0.966238,1.000000,0,false)
(0.929935,1.000000,0,false)
(0.917498,1.000000,0,false)
(0.925199,1.000000,0,false)
(0.981950,1.000000,0,false)
(0.975215,1.000000,0,false)
(0.986614,1.000000,0,false)
(0.936844,1.000000,0,false)
(0.990762,1.000000,0,false)
(0.969147,1.000000,0,false)
(0.960003,1.000000,0,false)
(0.907128,1.000000,0,false)
(0.984035,1.000000,0,false)
(0.958927,1.000000,0,false)
(0.976367,1.000000,0,false)
(0.937359,1.000000,0,false)
(0.940758,1.000000,0,false)
(0.979949,1.000000,0,false)
(0.935897,1.000000,0,false)
(0.954259,1.000000,0,false)
(0.903814,1.000000,0,false)
(0.973687,1.000000,0,false)
(0.953017,1.000000,0,false)
(0.953795,1.000000,0,false)
(0.900677,1.000000,0,false)
(0.991361,1.000000,0,false)
(0.942965,1.000000,0,false)
(0.972921,1.000000,0,false)
(0.944620,1.000000,0,false)
(0.971616,1.000000,0,false)
(0.940919,1.000000,0,false)
(0.930333,1.000000,0,false)
(0.942666,1.000000,0,false)
(0.994785,1.000000,0,false)
(0.909753,1.000000,0,false)
(0.946364,1.000000,0,false)
(0.936036,1.000000,0,false)
(0.915027,1.000000,0,false)
(0.909173,1.000000,0,false)
(0.955598,1.000000,0,false)
(0.907699,1.000000,0,false)
(0.954769,1.000000,0,false)
(0.975084,1.000000,0,false)
(0.963533,1.000000,0,false)
(0.909935,1.000000,0,false)
(0.913321,1.000000,0,false)
(0.993461,1.000000,0,false)
(0.970834,1.000000,0,false)
(0.992433,1.000000,0,false)
(0.993420,1.000000,0,false)
(0.947836,1.000000,0,false)
(0.995221,1.000000,0,false)
(0.948451,1.000000,0,false)
(0.985679,1.000000,0,false)
(0.973724,1.000000,0,false)
(0.961984,1.000000,0,false)
(0.942979,1.000000,0,false)
(0.971512,1.000000,0,false)
(0.966860,1.000000,0,false)
(0.909397,1.000000,0,false)
(0.942578,1.000000,0,false)
(0.910105,1.000000,0,false)
(0.965078,1.000000,0,false)
(0.964968,1.000000,0,false)
(0.931735,1.000000,0,false)
(0.964344,1.000000,0,false)
(0.956007,1.000000,0,false)
(0.992517,1.000000,0,false)
(0.975047,1.000000,0,false)
(0.994354,1.000000,0,false)
(0.954412,1.000000,0,false)
(0.988472,1.000000,0,false)
(0.968477,1.000000,0,false)
(0.905387,1.000000,0,false)
(0.944149,1.000000,0,false)
(0.918601,1.000000,0,false)
(0.916158,1.000000,0,false)
(0.979310,1.000000,0,false)
(0.990072,1.000000,0,false)
(0.933517,1.000000,0,false)
(0.971858,1.000000,0,false)
(0.945768,1.000000,0,false)
(0.995137,1.000000,0,false)
(0.982883,1.000000,0,false)
(0.996252,1.000000,0,false)
(0.960343,1.000000,0,false)
(0.907070,1.000000,0,false)
(0.964132,1.000000,0,false)
(0.902508,1.000000,0,false)
(0.952643,1.000000,0,false)
(0.967610,1.000000,0,false)
(0.991823,1.000000,0,false)
(0.993474,1.000000,0,false)
(0.987206,1.000000,0,false)
(0.945224,1.000000,0,false)
(0.958412,1.000000,0,false)
(0.933886,1.000000,0,false)
(0.944502,1.000000,0,false)
(0.999575,1.000000,0,false)
(0.976283,1.000000,0,false)
(0.950515,1.000000,0,false)
(0.978006,1.000000,0,false)
(0.992663,1.000000,0,false)
(0.944261,1.000000,0,false)
(0.912080,1.000000,0,false)
(0.936448,1.000000,0,false)
(0.987691,1.000000,0,false)
(0.969669,1.000000,0,false)
(0.908999,1.000000,0,false)
(0.957812,1.000000,0,false)
(0.962110,1.000000,0,false)
(0.999122,1.000000,0,false)

(0,0,false)
(1,0,false)
(2,0,false)
(3,0,false)
(4,0,false)
(5,0,false)
(6,0,false)
(7,0,false)
(8,0,false)
(11,0,false)
(12,0,false)
(13,0,true)
(14,0,false)
(15,0,false)
(16,0,false)
(17,0,false)
(19,0,false)
(20,0,false)
(21,0,false)
(22,0,false)
(25,0,false)
(26,0,false)
(27,0,false)
(28,0,false)
(29,0,false)
(30,0,false)
(31,0,false)
(32,0,false)
(33,0,false)
(35,0,false)
(36,0,false)
(38,0,false)
(40,0,false)
(42,0,false)
(44,0,false)
(45,0,false)
(46,0,false)
(47,0,false)
(48,0,false)
(49,0,false)
(52,0,false)
(54,0,false)
(55,0,false)
(56,0,false)
(57,0,false)
(59,0,true)
(60,0,false)
(61,0,false)
(62,0,false)
(63,0,false)
(64,0,false)
(65,0,false)
(66,0,false)
(67,0,false)
(68,0,true)
(69,0,false)
(71,0,false)
(72,0,false)
(73,0,false)
(74,0,false)
(76,0,false)
(77,0,false)
(78,0,false)
(79,0,false)
(80,0,true)
(81,0,true)
(82,0,true)
(83,0,true)
(84,0,true)
(85,0,true)
(86,0,true)
(87,0,true)
(88,0,true)
(89,0,true)
(93,0,true)
(94,0,true)
(95,0,true)
(96,0,true)
(97,0,true)
(101,0,true)
(105,0,true)
(106,0,true)
(107,0,true)
(108,0,true)
(109,0,true)
(111,0,true)
(112,0,true)
(113,0,true)
(114,0,true)
(115,0,true)
(118,0,true)
(119,0,true)
(120,0,true)
(122,0,true)
(123,0,true)
(124,0,true)
(125,0,false)
(126,0,true)
(128,0,true)
(129,0,true)
(131,0,true)
(132,0,true)
(133,0,true)
(134,0,true)
(135,0,true)
(137,0,true)
(139,0,true)
(140,0,false)
(141,0,true)
(142,0,true)
(144,0,true)
(145,0,true)
(146,0,true)
(147,0,true)
(148,0,true)
(151,0,true)
(152,0,true)
(153,0,true)
(154,0,true)
(155,0,false)
(156,0,true)
(157,0,true)
(159,0,true)
(160,0,true)
(162,0,true)
(164,0,true)
(166,0,true)
(167,0,true)
(168,0,true)
(169,0,true)
(170,0,true)
(171,0,true)
(172,0,true)
(173,0,true)
(175,0,true)
(176,0,true)
(178,0,true)
(179,0,true)
(180,0,true)
(182,0,true)
(184,0,true)
(185,0,true)
(187,0,true)
(188,0,true)
(189,0,true)
(190,0,true)
(192,0,true)
(193,0,true)
(194,0,true)
(195,0,true)
(196,0,true)
(198,0,true)
(4,1,false)
(5,1,true)
(7,1,false)
(9,1,false)
(11,1,false)
(12,1,false)
(14,1,false)
(15,1,false)
(16,1,false)
(18,1,false)
(19,1,false)
(21,1,false)
(22,1,true)
(23,1,false)
(27,1,false)
(28,1,false)
(34,1,false)
(35,1,false)
(36,1,false)
(39,1,false)
(40,1,false)
(43,1,false)
(44,1,false)
(46,1,false)
(47,1,false)
(48,1,false)
(49,1,false)
(50,1,false)
(51,1,false)
(52,1,false)
(57,1,false)
(59,1,false)
(61,1,false)
(62,1,false)
(63,1,false)
(64,1,false)
(65,1,false)
(67,1,false)
(68,1,true)
(69,1,false)
(70,1,false)
(71,1,false)
(72,1,false)
(73,1,false)
(76,1,false)
(77,1,false)
(78,1,false)
(79,1,false)
(81,1,true)
(82,1,true)
(83,1,true)
(87,1,true)
(88,1,true)
(89,1,true)
(90,1,true)
(92,1,true)
(93,1,true)
(94,1,true)
(96,1,true)
(101,1,true)
(102,1,true)
(104,1,true)
(107,1,true)
(108,1,true)
(109,1,true)
(110,1,true)
(112,1,true)
(113,1,true)
(115,1,true)
(116,1,true)
(117,1,true)
(119,1,true)
(121,1,true)
(123,1,true)
(124,1,true)
(125,1,true)
(126,1,true)
(127,1,false)
(128,1,false)
(129,1,true)
(130,1,false)
(132,1,true)
(133,1,true)
(134,1,true)
(135,1,true)
(136,1,false)
(137,1,true)
(140,1,true)
(142,1,true)
(143,1,true)
(144,1,true)
(145,1,true)
(147,1,true)
(149,1,true)
(150,1,true)
(153,1,true)
(154,1,true)
(155,1,true)
(156,1,true)
(157,1,true)
(158,1,true)
(159,1,true)
(160,1,true)
(161,1,true)
(162,1,true)
(163,1,true)
(164,1,false)
(165,1,true)
(166,1,true)
(167,1,true)
(168,1,true)
(169,1,true)
(170,1,true)
(173,1,true)
(174,1,true)
(175,1,true)
(176,1,true)
(177,1,true)
(178,1,false)
(179,1,true)
(181,1,true)
(182,1,true)
(183,1,true)
(186,1,true)
(187,1,true)
(188,1,true)
(191,1,true)
(192,1,true)
(193,1,true)
(194,1,true)
(195,1,true)
(197,1,true)
(199,1,true)
(0,2,false)
(4,2,false)
(5,2,false)
(7,2,false)
(8,2,false)
(11,2,false)
(12,2,true)
(13,2,false)
(14,2,false)
(15,2,false)
(16,2,false)
(17,2,false)
(18,2,false)
(19,2,false)
(20,2,false)
(21,2,false)
(22,2,false)
(23,2,false)
(25,2,false)
(26,2,false)
(29,2,false)
(30,2,false)
(31,2,false)
(33,2,false)
(36,2,false)
(39,2,false)
(40,2,false)
(42,2,false)
(43,2,true)
(44,2,false)
(47,2,false)
(48,2,false)
(50,2,false)
(51,2,false)
(53,2,false)
(54,2,false)
(56,2,false)
(57,2,false)
(59,2,false)
(60,2,true)
(64,2,false)
(68,2,false)
(69,2,false)
(70,2,false)
(72,2,true)
(73,2,false)
(77,2,false)
(78,2,false)
(80,2,false)
(81,2,false)
(85,2,true)
(86,2,true)
(87,2,true)
(90,2,true)
(92,2,true)
(93,2,true)
(95,2,true)
(97,2,true)
(98,2,true)
(103,2,true)
(105,2,true)
(106,2,true)
(108,2,false)
(109,2,true)
(110,2,true)
(114,2,true)
(117,2,true)
(120,2,true)
(121,2,true)
(122,2,true)
(123,2,true)
(125,2,false)
(127,2,true)
(129,2,true)
(130,2,true)
(133,2,true)
(134,2,true)
(135,2,true)
(136,2,false)
(137,2,true)
(140,2,true)
(142,2,true)
(144,2,true)
(146,2,true)
(147,2,true)
(148,2,true)
(149,2,true)
(152,2,true)
(154,2,true)
(155,2,true)
(156,2,true)
(157,2,true)
(159,2,true)
(160,2,true)
(161,2,true)
(162,2,true)
(163,2,true)
(164,2,true)
(167,2,true)
(168,2,true)
(170,2,true)
(171,2,true)
(178,2,true)
(179,2,true)
(184,2,true)
(186,2,true)
(188,2,false)
(189,2,true)
(191,2,true)
(192,2,true)
(193,2,true)
(196,2,true)
(1,3,false)
(2,3,false)
(4,3,false)
(6,3,false)
(11,3,false)
(14,3,false)
(15,3,false)
(16,3,false)
(17,3,false)
(18,3,true)
(19,3,false)
(20,3,false)
(24,3,false)
(25,3,false)
(28,3,false)
(31,3,false)
(32,3,false)
(34,3,false)
(35,3,false)
(36,3,true)
(37,3,false)
(38,3,false)
(40,3,false)
(42,3,true)
(44,3,false)
(46,3,false)
(53,3,false)
(54,3,false)
(56,3,false)
(57,3,false)
(61,3,false)
(62,3,false)
(63,3,false)
(64,3,false)
(66,3,false)
(68,3,false)
(69,3,false)
(73,3,false)
(75,3,false)
(76,3,false)
(77,3,false)
(79,3,false)
(80,3,true)
(85,3,true)
(86,3,true)
(87,3,true)
(88,3,true)
(90,3,true)
(91,3,true)
(92,3,true)
(95,3,true)
(96,3,true)
(100,3,true)
(101,3,true)
(102,3,true)
(106,3,true)
(110,3,true)
(112,3,true)
(113,3,true)
(115,3,true)
(116,3,true)
(117,3,true)
(118,3,true)
(119,3,true)
(120,3,true)
(121,3,true)
(123,3,true)
(124,3,true)
(126,3,true)
(127,3,false)
(128,3,true)
(130,3,true)
(131,3,true)
(137,3,true)
(138,3,true)
(139,3,true)
(140,3,true)
(144,3,true)
(146,3,true)
(147,3,true)
(149,3,true)
(151,3,true)
(152,3,true)
(153,3,true)
(155,3,true)
(156,3,true)
(157,3,true)
(160,3,true)
(162,3,true)
(163,3,true)
(164,3,true)
(165,3,true)
(166,3,true)
(167,3,true)
(172,3,true)
(179,3,true)
(180,3,true)
(181,3,true)
(182,3,true)
(184,3,true)
(188,3,true)
(191,3,true)
(194,3,true)
(196,3,true)
(0,4,false)
(3,4,false)
(5,4,true)
(7,4,false)
(12,4,true)
(13,4,false)
(15,4,false)
(20,4,false)
(24,4,false)
(27,4,false)
(30,4,false)
(31,4,false)
(32,4,false)
(36,4,false)
(39,4,false)
(42,4,false)
(44,4,true)
(45,4,false)
(47,4,false)
(48,4,false)
(53,4,false)
(54,4,false)
(55,4,false)
(56,4,false)
(60,4,false)
(61,4,true)
(62,4,false)
(66,4,false)
(70,4,false)
(71,4,false)
(72,4,false)
(77,4,false)
(78,4,false)
(80,4,true)
(81,4,true)
(82,4,true)
(84,4,true)
(85,4,true)
(87,4,true)
(88,4,true)
(89,4,true)
(90,4,true)
(96,4,true)
(98,4,true)
(99,4,true)
(101,4,true)
(102,4,true)
(103,4,false)
(105,4,true)
(108,4,true)
(112,4,true)
(116,4,true)
(117,4,true)
(118,4,true)
(119,4,true)
(120,4,true)
(123,4,true)
(124,4,true)
(126,4,false)
(132,4,true)
(136,4,true)
(138,4,false)
(139,4,true)
(140,4,true)
(145,4,true)
(147,4,true)
(148,4,true)
(149,4,true)
(150,4,true)
(151,4,true)
(155,4,true)
(156,4,true)
(157,4,true)
(160,4,true)
(161,4,false)
(162,4,true)
(164,4,true)
(166,4,true)
(168,4,true)
(170,4,true)
(172,4,true)
(175,4,true)
(178,4,true)
(180,4,true)
(182,4,true)
(183,4,true)
(184,4,true)
(186,4,true)
(189,4,true)
(190,4,true)
(194,4,true)
(6,5,false)
(8,5,false)
(9,5,false)
(13,5,false)
(14,5,false)
(17,5,false)
(20,5,false)
(23,5,false)
(24,5,false)
(26,5,false)
(27,5,false)
(28,5,false)
(29,5,false)
(30,5,false)
(31,5,false)
(32,5,false)
(33,5,false)
(34,5,false)
(35,5,false)
(38,5,false)
(39,5,false)
(42,5,false)
(43,5,false)
(44,5,false)
(47,5,false)
(48,5,false)
(53,5,false)
(55,5,false)
(56,5,false)
(57,5,false)
(58,5,false)
(59,5,false)
(62,5,false)
(63,5,false)
(64,5,false)
(68,5,false)
(69,5,false)
(70,5,false)
(71,5,false)
(73,5,false)
(77,5,false)
(79,5,false)
(80,5,true)
(82,5,true)
(84,5,true)
(88,5,true)
(98,5,true)
(99,5,true)
(100,5,true)
(102,5,true)
(104,5,true)
(107,5,true)
(108,5,true)
(109,5,true)
(112,5,true)
(113,5,true)
(115,5,true)
(126,5,true)
(128,5,true)
(134,5,true)
(135,5,true)
(137,5,true)
(141,5,true)
(142,5,true)
(145,5,true)
(146,5,true)
(153,5,true)
(155,5,true)
(156,5,true)
(157,5,true)
(158,5,true)
(159,5,true)
(163,5,true)
(165,5,true)
(168,5,true)
(169,5,true)
(170,5,true)
(171,5,true)
(176,5,true)
(181,5,true)
(182,5,true)
(185,5,true)
(189,5,true)
(190,5,true)
(192,5,true)
(194,5,true)
(195,5,true)
(196,5,true)
(197,5,true)
(198,5,true)
(199,5,true)
(0,6,false)
(1,6,false)
(2,6,false)
(5,6,false)
(7,6,false)
(10,6,false)
(11,6,false)
(13,6,false)
(14,6,false)
(16,6,false)
(18,6,false)
(22,6,false)
(23,6,false)
(25,6,false)
(26,6,false)
(37,6,false)
(41,6,false)
(42,6,false)
(45,6,false)
(47,6,false)
(49,6,false)
(52,6,true)
(58,6,false)
(59,6,false)
(60,6,false)
(61,6,false)
(62,6,false)
(64,6,false)
(66,6,false)
(68,6,false)
(69,6,false)
(70,6,false)
(72,6,false)
(73,6,false)
(78,6,false)
(79,6,false)
(80,6,true)
(88,6,true)
(90,6,true)
(92,6,true)
(95,6,true)
(97,6,true)
(99,6,true)
(106,6,true)
(107,6,true)
(108,6,true)
(110,6,true)
(111,6,true)
(112,6,true)
(113,6,true)
(117,6,true)
(118,6,true)
(119,6,false)
(122,6,true)
(127,6,false)
(128,6,true)
(129,6,true)
(130,6,true)
(131,6,true)
(132,6,true)
(134,6,true)
(136,6,true)
(137,6,true)
(143,6,true)
(149,6,true)
(150,6,true)
(155,6,true)
(156,6,true)
(157,6,true)
(161,6,true)
(163,6,true)
(164,6,false)
(165,6,true)
(166,6,true)
(169,6,false)
(170,6,true)
(172,6,true)
(179,6,true)
(180,6,true)
(181,6,true)
(182,6,true)
(183,6,true)
(185,6,true)
(187,6,false)
(188,6,true)
(191,6,true)
(192,6,true)
(195,6,true)
(199,6,true)
(0,7,false)
(2,7,false)
(4,7,false)
(6,7,false)
(7,7,false)
(8,7,false)
(11,7,false)
(12,7,false)
(17,7,false)
(23,7,false)
(25,7,false)
(26,7,false)
(27,7,false)
(30,7,false)
(33,7,false)
(34,7,false)
(35,7,false)
(36,7,false)
(40,7,false)
(41,7,false)
(43,7,false)
(47,7,false)
(49,7,false)
(50,7,true)
(53,7,true)
(56,7,false)
(60,7,false)
(62,7,true)
(65,7,false)
(67,7,false)
(68,7,false)
(73,7,false)
(75,7,false)
(80,7,true)
(81,7,true)
(85,7,true)
(86,7,true)
(88,7,true)
(90,7,true)
(95,7,true)
(98,7,true)
(100,7,true)
(102,7,true)
(103,7,true)
(109,7,true)
(111,7,true)
(114,7,true)
(118,7,true)
(120,7,true)
(121,7,true)
(122,7,true)
(127,7,true)
(128,7,false)
(130,7,true)
(132,7,true)
(135,7,true)
(136,7,true)
(139,7,true)
(142,7,true)
(143,7,true)
(146,7,true)
(150,7,true)
(152,7,true)
(153,7,true)
(158,7,true)
(164,7,true)
(165,7,true)
(171,7,true)
(172,7,true)
(173,7,true)
(179,7,true)
(184,7,true)
(186,7,true)
(187,7,true)
(189,7,true)
(191,7,true)
(192,7,true)
(193,7,true)
(194,7,true)
(196,7,true)
(197,7,true)
(198,7,true)
(0,8,false)
(2,8,false)
(3,8,false)
(6,8,false)
(7,8,false)
(9,8,false)
(11,8,false)
(16,8,false)
(18,8,false)
(19,8,false)
(20,8,false)
(21,8,false)
(24,8,false)
(28,8,false)
(33,8,false)
(36,8,false)
(38,8,true)
(39,8,false)
(42,8,false)
(47,8,false)
(67,8,false)
(70,8,false)
(74,8,false)
(76,8,false)
(83,8,true)
(84,8,true)
(86,8,true)
(88,8,true)
(89,8,true)
(90,8,true)
(91,8,true)
(95,8,true)
(98,8,true)
(104,8,true)
(106,8,true)
(108,8,true)
(109,8,true)
(110,8,true)
(115,8,true)
(120,8,true)
(126,8,true)
(128,8,true)
(130,8,true)
(133,8,true)
(137,8,true)
(138,8,true)
(139,8,true)
(140,8,true)
(143,8,true)
(146,8,true)
(147,8,true)
(148,8,true)
(150,8,true)
(153,8,true)
(154,8,true)
(155,8,true)
(159,8,true)
(161,8,true)
(163,8,true)
(164,8,true)
(169,8,true)
(170,8,true)
(172,8,true)
(173,8,false)
(174,8,false)
(181,8,true)
(182,8,true)
(184,8,true)
(195,8,true)
(196,8,true)
(2,9,false)
(3,9,false)
(6,9,false)
(9,9,false)
(10,9,false)
(12,9,false)
(13,9,false)
(17,9,false)
(21,9,false)
(23,9,false)
(24,9,false)
(25,9,false)
(26,9,false)
(27,9,false)
(36,9,false)
(40,9,false)
(43,9,false)
(44,9,false)
(48,9,false)
(49,9,false)
(51,9,false)
(52,9,false)
(55,9,false)
(56,9,false)
(60,9,false)
(61,9,false)
(63,9,false)
(65,9,false)
(66,9,false)
(73,9,true)
(75,9,false)
(76,9,false)
(80,9,true)
(87,9,true)
(92,9,true)
(93,9,true)
(98,9,true)
(102,9,false)
(103,9,true)
(106,9,true)
(107,9,true)
(110,9,true)
(111,9,false)
(112,9,true)
(114,9,true)
(121,9,true)
(122,9,true)
(125,9,true)
(126,9,true)
(132,9,true)
(133,9,true)
(140,9,true)
(142,9,true)
(143,9,true)
(144,9,true)
(145,9,true)
(146,9,true)
(151,9,true)
(154,9,true)
(155,9,true)
(158,9,true)
(160,9,true)
(161,9,true)
(162,9,true)
(166,9,true)
(168,9,true)
(173,9,true)
(174,9,true)
(177,9,true)
(179,9,true)
(180,9,true)
(188,9,true)
(190,9,true)
(194,9,true)
(195,9,true)
(199,9,true)
(1,10,false)
(3,10,false)
(4,10,false)
(5,10,false)
(7,10,false)
(10,10,false)
(18,10,false)
(19,10,false)
(20,10,false)
(24,10,false)
(25,10,false)
(27,10,false)
(34,10,false)
(40,10,false)
(46,10,false)
(51,10,false)
(52,10,false)
(53,10,false)
(54,10,false)
(55,10,false)
(57,10,false)
(58,10,false)
(59,10,false)
(60,10,false)
(62,10,false)
(63,10,true)
(64,10,false)
(65,10,true)
(66,10,false)
(72,10,false)
(74,10,false)
(81,10,true)
(82,10,true)
(84,10,true)
(86,10,true)
(87,10,true)
(89,10,true)
(95,10,true)
(96,10,true)
(97,10,true)
(100,10,true)
(101,10,true)
(105,10,true)
(109,10,true)
(111,10,true)
(117,10,true)
(119,10,true)
(120,10,true)
(121,10,true)
(123,10,true)
(124,10,true)
(125,10,true)
(126,10,true)
(127,10,true)
(128,10,true)
(129,10,true)
(132,10,true)
(134,10,true)
(137,10,true)
(138,10,true)
(144,10,true)
(147,10,true)
(148,10,true)
(149,10,true)
(152,10,true)
(154,10,true)
(156,10,true)
(158,10,true)
(160,10,true)
(161,10,true)
(163,10,true)
(164,10,true)
(168,10,true)
(169,10,false)
(171,10,true)
(174,10,true)
(176,10,true)
(178,10,true)
(183,10,true)
(184,10,true)
(185,10,true)
(186,10,true)
(188,10,true)
(190,10,true)
(191,10,true)
(196,10,true)
(6,11,false)
(8,11,false)
(9,11,false)
(13,11,false)
(14,11,false)
(17,11,false)
(19,11,false)
(21,11,false)
(22,11,false)
(24,11,false)
(26,11,false)
(30,11,false)
(35,11,false)
(36,11,false)
(37,11,false)
(38,11,false)
(42,11,true)
(47,11,false)
(49,11,false)
(55,11,false)
(58,11,false)
(60,11,true)
(64,11,false)
(65,11,true)
(67,11,false)
(68,11,true)
(70,11,false)
(71,11,false)
(73,11,false)
(75,11,false)
(76,11,false)
(80,11,true)
(89,11,true)
(94,11,true)
(96,11,true)
(98,11,true)
(101,11,true)
(107,11,true)
(109,11,true)
(115,11,true)
(117,11,true)
(119,11,true)
(121,11,true)
(122,11,true)
(125,11,true)
(126,11,true)
(127,11,true)
(129,11,true)
(130,11,true)
(134,11,true)
(135,11,true)
(136,11,true)
(141,11,true)
(143,11,true)
(149,11,true)
(152,11,true)
(157,11,true)
(161,11,true)
(162,11,true)
(163,11,true)
(168,11,true)
(172,11,true)
(176,11,true)
(179,11,true)
(180,11,true)
(181,11,true)
(183,11,true)
(184,11,true)
(185,11,true)
(187,11,true)
(188,11,true)
(190,11,true)
(192,11,true)
(196,11,true)
(199,11,true)
(2,12,false)
(3,12,false)
(6,12,false)
(9,12,false)
(10,12,false)
(15,12,false)
(16,12,false)
(17,12,false)
(18,12,false)
(26,12,false)
(30,12,false)
(38,12,false)
(40,12,false)
(41,12,true)
(42,12,false)
(43,12,false)
(49,12,false)
(51,12,false)
(52,12,false)
(62,12,false)
(63,12,false)
(69,12,false)
(71,12,false)
(76,12,false)
(79,12,false)
(80,12,true)
(91,12,true)
(94,12,true)
(95,12,true)
(96,12,true)
(97,12,true)
(99,12,true)
(101,12,true)
(103,12,true)
(108,12,true)
(111,12,true)
(122,12,true)
(126,12,true)
(127,12,true)
(130,12,true)
(131,12,true)
(135,12,true)
(136,12,true)
(141,12,true)
(142,12,true)
(144,12,true)
(150,12,true)
(157,12,true)
(160,12,true)
(168,12,false)
(172,12,true)
(173,12,true)
(174,12,true)
(180,12,true)
(181,12,true)
(184,12,true)
(185,12,true)
(193,12,true)
(194,12,true)
(195,12,true)
(196,12,true)
(1,13,false)
(2,13,false)
(12,13,false)
(13,13,true)
(15,13,false)
(16,13,false)
(19,13,false)
(25,13,false)
(27,13,false)
(32,13,false)
(35,13,false)
(37,13,false)
(40,13,false)
(44,13,false)
(47,13,false)
(52,13,false)
(53,13,false)
(58,13,false)
(59,13,false)
(61,13,false)
(63,13,false)
(64,13,false)
(65,13,false)
(67,13,false)
(68,13,false)
(70,13,false)
(72,13,false)
(73,13,true)
(76,13,false)
(77,13,false)
(79,13,true)
(80,13,true)
(81,13,true)
(86,13,true)
(90,13,false)
(93,13,true)
(97,13,true)
(100,13,true)
(102,13,true)
(103,13,true)
(106,13,true)
(109,13,true)
(113,13,true)
(115,13,true)
(116,13,true)
(117,13,true)
(124,13,true)
(131,13,true)
(133,13,true)
(138,13,true)
(140,13,true)
(147,13,true)
(149,13,true)
(150,13,true)
(153,13,true)
(168,13,true)
(170,13,true)
(175,13,true)
(176,13,true)
(177,13,true)
(179,13,true)
(183,13,true)
(186,13,true)
(187,13,true)
(188,13,true)
(189,13,true)
(190,13,true)
(192,13,true)
(197,13,true)
(199,13,true)
(0,14,false)
(7,14,false)
(8,14,false)
(12,14,false)
(21,14,false)
(23,14,false)
(24,14,false)
(26,14,false)
(32,14,false)
(34,14,true)
(35,14,false)
(43,14,false)
(44,14,false)
(46,14,false)
(54,14,false)
(55,14,false)
(56,14,false)
(58,14,false)
(61,14,false)
(62,14,false)
(67,14,false)
(70,14,false)
(73,14,true)
(76,14,false)
(80,14,true)
(85,14,true)
(94,14,true)
(95,14,true)
(97,14,true)
(98,14,true)
(101,14,true)
(103,14,true)
(105,14,true)
(108,14,true)
(114,14,true)
(115,14,true)
(116,14,true)
(128,14,true)
(135,14,true)
(139,14,true)
(144,14,true)
(145,14,true)
(146,14,true)
(147,14,true)
(148,14,true)
(157,14,true)
(161,14,true)
(165,14,true)
(168,14,true)
(169,14,true)
(173,14,true)
(175,14,true)
(178,14,true)
(180,14,true)
(182,14,true)
(187,14,false)
(190,14,true)
(193,14,true)
(196,14,true)
(197,14,true)
(198,14,true)
(1,15,false)
(2,15,false)
(4,15,false)
(5,15,false)
(6,15,false)
(10,15,false)
(11,15,false)
(16,15,false)
(18,15,false)
(19,15,false)
(20,15,false)
(22,15,false)
(25,15,false)
(26,15,false)
(27,15,false)
(28,15,false)
(30,15,false)
(33,15,false)
(35,15,false)
(36,15,false)
(37,15,false)
(40,15,false)
(44,15,false)
(49,15,false)
(50,15,false)
(51,15,false)
(54,15,false)
(62,15,false)
(65,15,false)
(66,15,false)
(68,15,false)
(69,15,false)
(74,15,false)
(75,15,false)
(81,15,true)
(83,15,true)
(88,15,true)
(92,15,true)
(97,15,true)
(98,15,true)
(100,15,true)
(105,15,true)
(107,15,true)
(109,15,true)
(111,15,true)
(116,15,true)
(121,15,true)
(125,15,true)
(126,15,true)
(127,15,true)
(133,15,true)
(136,15,true)
(140,15,true)
(142,15,true)
(143,15,true)
(146,15,true)
(150,15,true)
(155,15,true)
(157,15,true)
(159,15,true)
(161,15,true)
(165,15,true)
(166,15,true)
(167,15,true)
(174,15,true)
(186,15,true)
(190,15,true)
(192,15,false)
(194,15,true)
(196,15,true)
(197,15,true)
(198,15,true)
(19,16,true)
(20,16,false)
(24,16,false)
(27,16,false)
(29,16,false)
(33,16,false)
(34,16,false)
(35,16,false)
(37,16,false)
(39,16,false)
(40,16,false)
(46,16,false)
(47,16,false)
(51,16,true)
(53,16,false)
(60,16,false)
(62,16,false)
(64,16,false)
(65,16,false)
(71,16,false)
(78,16,false)
(89,16,true)
(90,16,true)
(92,16,true)
(104,16,true)
(108,16,true)
(109,16,true)
(111,16,true)
(113,16,true)
(114,16,true)
(119,16,true)
(120,16,false)
(123,16,true)
(126,16,true)
(129,16,true)
(135,16,true)
(142,16,true)
(149,16,true)
(152,16,true)
(155,16,true)
(159,16,true)
(160,16,true)
(164,16,true)
(167,16,true)
(174,16,true)
(175,16,true)
(176,16,false)
(177,16,true)
(186,16,true)
(190,16,true)
(194,16,true)
(198,16,true)
(0,17,false)
(1,17,false)
(4,17,false)
(5,17,false)
(7,17,false)
(17,17,false)
(21,17,false)
(28,17,false)
(30,17,false)
(34,17,false)
(36,17,false)
(37,17,false)
(39,17,false)
(45,17,false)
(58,17,false)
(67,17,false)
(68,17,false)
(70,17,false)
(74,17,false)
(75,17,false)
(78,17,false)
(81,17,true)
(82,17,true)
(84,17,true)
(85,17,true)
(92,17,true)
(94,17,true)
(96,17,true)
(98,17,false)
(100,17,true)
(101,17,true)
(104,17,true)
(106,17,true)
(109,17,true)
(113,17,true)
(118,17,true)
(123,17,true)
(124,17,true)
(126,17,true)
(132,17,true)
(135,17,true)
(139,17,true)
(140,17,true)
(143,17,true)
(145,17,true)
(153,17,true)
(154,17,true)
(161,17,false)
(163,17,true)
(169,17,true)
(176,17,true)
(178,17,true)
(181,17,true)
(183,17,false)
(185,17,true)
(187,17,true)
(189,17,true)
(2,18,false)
(5,18,false)
(7,18,false)
(10,18,false)
(21,18,false)
(27,18,false)
(29,18,false)
(33,18,false)
(36,18,false)
(37,18,false)
(38,18,false)
(41,18,false)
(47,18,false)
(51,18,false)
(55,18,false)
(65,18,false)
(68,18,false)
(75,18,false)
(78,18,false)
(79,18,false)
(81,18,true)
(83,18,true)
(91,18,true)
(97,18,true)
(99,18,true)
(105,18,true)
(107,18,true)
(109,18,true)
(112,18,true)
(119,18,true)
(126,18,true)
(128,18,true)
(133,18,true)
(136,18,true)
(138,18,false)
(141,18,true)
(148,18,true)
(149,18,true)
(160,18,true)
(163,18,false)
(165,18,true)
(167,18,true)
(171,18,true)
(175,18,true)
(178,18,true)
(182,18,true)
(189,18,true)
(193,18,true)
(195,18,true)
(196,18,true)
(197,18,true)
(1,19,false)
(2,19,false)
(3,19,false)
(7,19,false)
(8,19,false)
(12,19,false)
(14,19,false)
(15,19,false)
(18,19,true)
(19,19,false)
(27,19,false)
(28,19,false)
(31,19,false)
(37,19,false)
(39,19,false)
(40,19,false)
(42,19,false)
(43,19,false)
(48,19,false)
(51,19,false)
(54,19,false)
(56,19,false)
(58,19,false)
(61,19,false)
(67,19,false)
(71,19,false)
(74,19,false)
(85,19,true)
(90,19,true)
(92,19,true)
(93,19,true)
(94,19,true)
(96,19,true)
(97,19,true)
(99,19,true)
(101,19,true)
(102,19,true)
(117,19,true)
(119,19,true)
(121,19,true)
(122,19,true)
(123,19,true)
(128,19,true)
(131,19,true)
(135,19,true)
(139,19,true)
(142,19,true)
(147,19,true)
(150,19,true)
(153,19,true)
(159,19,true)
(162,19,true)
(165,19,true)
(166,19,true)
(169,19,true)
(170,19,true)
(175,19,true)
(184,19,false)
(190,19,true)
(192,19,true)
(193,19,true)
(196,19,true)
(198,19,true)
(0,20,false)
(9,20,false)
(13,20,false)
(14,20,false)
(15,20,false)
(17,20,false)
(19,20,false)
(20,20,false)
(21,20,false)
(24,20,false)
(27,20,false)
(32,20,false)
(33,20,false)
(37,20,false)
(38,20,false)
(43,20,false)
(45,20,false)
(46,20,false)
(48,20,false)
(49,20,false)
(52,20,false)
(55,20,false)
(61,20,false)
(66,20,true)
(74,20,false)
(75,20,true)
(77,20,false)
(81,20,true)
(85,20,true)
(87,20,true)
(88,20,true)
(94,20,true)
(95,20,true)
(97,20,true)
(99,20,true)
(100,20,true)
(104,20,true)
(107,20,true)
(108,20,true)
(113,20,true)
(115,20,true)
(116,20,true)
(119,20,false)
(121,20,true)
(128,20,true)
(130,20,true)
(131,20,true)
(136,20,true)
(139,20,true)
(153,20,true)
(158,20,true)
(160,20,true)
(163,20,true)
(165,20,true)
(167,20,true)
(172,20,true)
(173,20,true)
(175,20,true)
(177,20,true)
(179,20,true)
(181,20,true)
(184,20,true)
(187,20,true)
(190,20,true)
(191,20,true)
(193,20,true)
(195,20,true)
(198,20,true)
(3,21,false)
(8,21,false)
(10,21,false)
(15,21,false)
(17,21,false)
(19,21,true)
(21,21,false)
(22,21,false)
(26,21,false)
(27,21,false)
(30,21,false)
(33,21,false)
(34,21,false)
(35,21,false)
(37,21,false)
(42,21,false)
(47,21,false)
(52,21,true)
(59,21,false)
(61,21,false)
(68,21,false)
(71,21,false)
(78,21,false)
(80,21,true)
(81,21,true)
(84,21,true)
(85,21,true)
(87,21,true)
(90,21,true)
(91,21,true)
(92,21,true)
(94,21,true)
(95,21,true)
(102,21,true)
(119,21,true)
(122,21,true)
(123,21,true)
(127,21,true)
(135,21,true)
(138,21,true)
(140,21,true)
(141,21,true)
(142,21,true)
(152,21,false)
(155,21,true)
(157,21,true)
(158,21,true)
(170,21,true)
(176,21,true)
(179,21,true)
(183,21,true)
(184,21,true)
(187,21,true)
(189,21,true)
(195,21,true)
(198,21,true)
(2,22,false)
(12,22,false)
(29,22,false)
(32,22,false)
(40,22,false)
(41,22,false)
(42,22,false)
(52,22,false)
(56,22,false)
(69,22,false)
(73,22,false)
(81,22,true)
(86,22,true)
(91,22,true)
(101,22,true)
(103,22,true)
(105,22,true)
(106,22,true)
(111,22,true)
(116,22,true)
(118,22,true)
(126,22,true)
(127,22,true)
(131,22,true)
(135,22,true)
(138,22,true)
(145,22,true)
(146,22,true)
(150,22,true)
(151,22,true)
(162,22,true)
(166,22,true)
(167,22,true)
(171,22,true)
(172,22,true)
(175,22,true)
(187,22,true)
(191,22,true)
(194,22,true)
(196,22,true)
(199,22,true)
(1,23,false)
(3,23,false)
(10,23,false)
(11,23,false)
(13,23,false)
(14,23,false)
(16,23,false)
(20,23,false)
(31,23,false)
(34,23,false)
(42,23,false)
(46,23,false)
(49,23,false)
(53,23,true)
(54,23,false)
(59,23,false)
(64,23,false)
(67,23,false)
(69,23,false)
(70,23,false)
(72,23,false)
(75,23,false)
(77,23,false)
(86,23,true)
(88,23,true)
(94,23,false)
(95,23,true)
(97,23,true)
(100,23,true)
(101,23,true)
(105,23,true)
(107,23,true)
(111,23,true)
(114,23,false)
(115,23,false)
(118,23,true)
(119,23,true)
(121,23,true)
(123,23,true)
(124,23,true)
(125,23,true)
(126,23,true)
(129,23,true)
(130,23,true)
(138,23,true)
(141,23,true)
(147,23,true)
(150,23,true)
(155,23,true)
(156,23,true)
(157,23,true)
(158,23,true)
(161,23,false)
(162,23,true)
(168,23,true)
(175,23,true)
(176,23,true)
(191,23,true)
(193,23,true)
(195,23,true)
(2,24,false)
(3,24,false)
(5,24,false)
(7,24,false)
(9,24,false)
(10,24,false)
(11,24,false)
(17,24,false)
(19,24,false)
(21,24,false)
(28,24,false)
(30,24,false)
(37,24,false)
(41,24,false)
(50,24,false)
(51,24,true)
(52,24,false)
(55,24,false)
(60,24,false)
(62,24,false)
(65,24,false)
(69,24,false)
(72,24,false)
(75,24,false)
(77,24,false)
(79,24,false)
(85,24,true)
(96,24,true)
(98,24,true)
(106,24,true)
(107,24,true)
(115,24,true)
(117,24,true)
(121,24,true)
(127,24,true)
(130,24,true)
(131,24,true)
(136,24,true)
(137,24,true)
(147,24,true)
(149,24,true)
(150,24,true)
(157,24,true)
(159,24,true)
(161,24,true)
(169,24,false)
(170,24,true)
(174,24,true)
(176,24,true)
(182,24,true)
(183,24,true)
(186,24,true)
(187,24,true)
(190,24,true)
(4,25,false)
(5,25,false)
(8,25,true)
(18,25,false)
(27,25,false)
(31,25,false)
(32,25,false)
(44,25,false)
(48,25,false)
(49,25,false)
(52,25,false)
(54,25,false)
(57,25,false)
(59,25,false)
(62,25,true)
(65,25,false)
(66,25,false)
(69,25,false)
(80,25,true)
(87,25,true)
(91,25,true)
(94,25,true)
(104,25,true)
(105,25,true)
(106,25,true)
(109,25,true)
(111,25,true)
(117,25,true)
(118,25,true)
(122,25,true)
(125,25,true)
(129,25,true)
(133,25,true)
(135,25,true)
(136,25,true)
(137,25,true)
(142,25,true)
(143,25,true)
(147,25,true)
(160,25,true)
(161,25,true)
(168,25,true)
(172,25,true)
(173,25,true)
(183,25,true)
(185,25,true)
(186,25,true)
(187,25,true)
(188,25,true)
(193,25,true)
(195,25,true)
(1,26,false)
(2,26,false)
(8,26,false)
(10,26,false)
(14,26,false)
(18,26,false)
(24,26,false)
(31,26,false)
(34,26,false)
(43,26,false)
(49,26,false)
(50,26,false)
(51,26,false)
(52,26,false)
(54,26,false)
(61,26,true)
(66,26,false)
(67,26,false)
(68,26,false)
(71,26,false)
(72,26,false)
(73,26,false)
(75,26,false)
(76,26,false)
(81,26,true)
(91,26,false)
(94,26,true)
(100,26,true)
(102,26,true)
(110,26,true)
(120,26,true)
(122,26,true)
(130,26,true)
(131,26,true)
(134,26,true)
(137,26,true)
(139,26,true)
(142,26,true)
(146,26,true)
(149,26,true)
(151,26,true)
(152,26,false)
(155,26,true)
(156,26,true)
(159,26,true)
(166,26,true)
(171,26,true)
(173,26,true)
(175,26,true)
(182,26,true)
(183,26,true)
(185,26,true)
(187,26,true)
(188,26,true)
(190,26,true)
(191,26,true)
(193,26,true)
(197,26,true)
(2,27,false)
(3,27,false)
(12,27,false)
(17,27,false)
(20,27,false)
(25,27,false)
(26,27,false)
(28,27,false)
(30,27,false)
(31,27,false)
(36,27,false)
(39,27,false)
(41,27,false)
(43,27,false)
(47,27,false)
(49,27,false)
(55,27,false)
(58,27,false)
(66,27,false)
(67,27,false)
(68,27,false)
(72,27,false)
(81,27,true)
(82,27,true)
(85,27,true)
(90,27,true)
(93,27,true)
(100,27,true)
(103,27,true)
(113,27,true)
(116,27,true)
(117,27,true)
(121,27,true)
(122,27,true)
(123,27,true)
(125,27,true)
(128,27,true)
(129,27,true)
(139,27,true)
(141,27,true)
(147,27,true)
(152,27,true)
(154,27,true)
(164,27,true)
(168,27,true)
(172,27,true)
(182,27,true)
(188,27,true)
(192,27,true)
(193,27,true)
(0,28,false)
(5,28,false)
(16,28,false)
(18,28,false)
(19,28,false)
(31,28,false)
(36,28,false)
(44,28,false)
(49,28,false)
(52,28,false)
(55,28,false)
(56,28,false)
(60,28,false)
(61,28,false)
(63,28,false)
(68,28,false)
(71,28,false)
(81,28,true)
(83,28,true)
(87,28,true)
(88,28,true)
(91,28,true)
(93,28,true)
(94,28,true)
(98,28,false)
(101,28,true)
(102,28,true)
(104,28,false)
(105,28,true)
(118,28,true)
(120,28,true)
(125,28,true)
(131,28,true)
(132,28,true)
(133,28,true)
(135,28,true)
(137,28,true)
(140,28,true)
(142,28,true)
(144,28,true)
(147,28,true)
(154,28,true)
(170,28,true)
(174,28,true)
(182,28,true)
(183,28,true)
(188,28,true)
(194,28,true)
(195,28,true)
(196,28,true)
(197,28,true)
(0,29,false)
(5,29,false)
(15,29,false)
(18,29,false)
(20,29,false)
(22,29,false)
(24,29,false)
(25,29,false)
(27,29,false)
(29,29,false)
(39,29,false)
(41,29,false)
(47,29,false)
(57,29,false)
(59,29,false)
(61,29,false)
(72,29,true)
(76,29,false)
(77,29,false)
(80,29,true)
(83,29,true)
(96,29,true)
(97,29,true)
(99,29,true)
(102,29,true)
(106,29,true)
(113,29,true)
(114,29,true)
(116,29,false)
(118,29,true)
(119,29,true)
(120,29,true)
(121,29,true)
(126,29,false)
(128,29,true)
(129,29,true)
(132,29,true)
(133,29,true)
(134,29,true)
(135,29,true)
(142,29,true)
(143,29,true)
(150,29,true)
(157,29,true)
(165,29,true)
(169,29,false)
(170,29,true)
(175,29,true)
(176,29,false)
(182,29,true)
(184,29,true)
(187,29,true)
(192,29,true)
(198,29,true)
(1,30,false)
(2,30,false)
(8,30,false)
(11,30,false)
(15,30,true)
(21,30,false)
(25,30,false)
(28,30,false)
(29,30,false)
(30,30,false)
(40,30,false)
(45,30,false)
(46,30,false)
(49,30,false)
(50,30,false)
(53,30,true)
(54,30,false)
(57,30,false)
(58,30,false)
(69,30,false)
(72,30,false)
(81,30,true)
(84,30,true)
(89,30,true)
(92,30,true)
(97,30,false)
(98,30,true)
(101,30,true)
(103,30,true)
(125,30,false)
(128,30,true)
(136,30,true)
(137,30,true)
(138,30,true)
(144,30,true)
(154,30,true)
(155,30,true)
(158,30,true)
(161,30,true)
(164,30,true)
(167,30,true)
(168,30,true)
(174,30,true)
(175,30,true)
(181,30,true)
(182,30,true)
(189,30,true)
(190,30,false)
(2,31,false)
(9,31,false)
(13,31,false)
(20,31,false)
(23,31,false)
(24,31,false)
(33,31,false)
(35,31,false)
(43,31,true)
(48,31,false)
(52,31,true)
(53,31,false)
(57,31,false)
(58,31,false)
(60,31,false)
(66,31,false)
(67,31,false)
(71,31,true)
(74,31,false)
(76,31,false)
(77,31,false)
(79,31,false)
(91,31,true)
(96,31,true)
(106,31,true)
(114,31,true)
(120,31,true)
(121,31,true)
(127,31,true)
(128,31,true)
(131,31,true)
(135,31,true)
(142,31,true)
(143,31,true)
(153,31,true)
(155,31,true)
(161,31,true)
(168,31,true)
(173,31,true)
(176,31,true)
(179,31,true)
(185,31,true)
(186,31,true)
(194,31,true)
(197,31,true)
(5,32,false)
(10,32,false)
(14,32,false)
(26,32,false)
(28,32,false)
(35,32,false)
(36,32,false)
(39,32,true)
(40,32,false)
(41,32,false)
(42,32,false)
(44,32,false)
(53,32,false)
(60,32,false)
(64,32,false)
(65,32,false)
(66,32,false)
(67,32,false)
(71,32,false)
(75,32,false)
(79,32,false)
(84,32,true)
(85,32,true)
(87,32,true)
(95,32,true)
(99,32,true)
(102,32,false)
(104,32,true)
(107,32,false)
(112,32,true)
(113,32,true)
(116,32,true)
(121,32,true)
(122,32,true)
(125,32,true)
(126,32,true)
(127,32,true)
(134,32,true)
(140,32,true)
(144,32,true)
(152,32,true)
(153,32,true)
(158,32,true)
(159,32,true)
(160,32,true)
(162,32,true)
(166,32,true)
(176,32,true)
(181,32,true)
(182,32,true)
(186,32,true)
(189,32,true)
(194,32,true)
(199,32,true)
(5,33,false)
(7,33,false)
(8,33,false)
(10,33,false)
(11,33,false)
(18,33,false)
(22,33,false)
(23,33,false)
(25,33,false)
(38,33,false)
(44,33,false)
(51,33,false)
(52,33,false)
(53,33,false)
(54,33,false)
(60,33,true)
(66,33,false)
(70,33,false)
(73,33,false)
(74,33,false)
(77,33,false)
(79,33,false)
(83,33,true)
(85,33,true)
(86,33,true)
(87,33,true)
(90,33,true)
(101,33,true)
(108,33,true)
(122,33,true)
(126,33,true)
(127,33,true)
(128,33,true)
(129,33,true)
(131,33,true)
(133,33,true)
(134,33,true)
(145,33,true)
(156,33,true)
(162,33,true)
(165,33,true)
(166,33,true)
(168,33,false)
(170,33,true)
(172,33,true)
(173,33,true)
(176,33,true)
(180,33,true)
(190,33,true)
(195,33,true)
(198,33,true)
(5,34,false)
(7,34,false)
(11,34,false)
(16,34,false)
(17,34,false)
(18,34,false)
(21,34,false)
(26,34,false)
(28,34,false)
(32,34,false)
(33,34,false)
(34,34,false)
(36,34,false)
(40,34,false)
(45,34,false)
(46,34,false)
(57,34,false)
(58,34,false)
(66,34,false)
(69,34,false)
(80,34,true)
(90,34,true)
(91,34,true)
(98,34,true)
(105,34,true)
(107,34,true)
(108,34,false)
(110,34,true)
(111,34,true)
(112,34,true)
(114,34,true)
(116,34,true)
(119,34,true)
(121,34,true)
(125,34,true)
(128,34,true)
(137,34,true)
(140,34,true)
(144,34,true)
(155,34,true)
(159,34,true)
(160,34,true)
(161,34,true)
(163,34,true)
(171,34,true)
(172,34,true)
(184,34,true)
(189,34,true)
(190,34,true)
(197,34,true)
(198,34,true)
(6,35,false)
(9,35,false)
(17,35,false)
(24,35,false)
(25,35,false)
(30,35,false)
(37,35,false)
(41,35,false)
(42,35,false)
(44,35,false)
(46,35,false)
(50,35,false)
(55,35,false)
(73,35,false)
(76,35,false)
(77,35,false)
(79,35,false)
(86,35,true)
(88,35,true)
(99,35,false)
(104,35,true)
(106,35,true)
(107,35,true)
(108,35,true)
(110,35,true)
(113,35,true)
(116,35,true)
(117,35,true)
(121,35,true)
(130,35,true)
(137,35,true)
(140,35,true)
(147,35,true)
(154,35,true)
(159,35,true)
(165,35,true)
(173,35,true)
(175,35,true)
(177,35,true)
(181,35,true)
(186,35,true)
(197,35,true)
(1,36,false)
(12,36,false)
(13,36,false)
(17,36,false)
(30,36,false)
(41,36,false)
(46,36,false)
(50,36,false)
(52,36,false)
(53,36,false)
(61,36,false)
(65,36,false)
(73,36,false)
(81,36,true)
(85,36,true)
(91,36,true)
(92,36,true)
(96,36,true)
(107,36,true)
(112,36,true)
(113,36,true)
(114,36,true)
(117,36,true)
(119,36,true)
(124,36,true)
(136,36,true)
(137,36,true)
(139,36,true)
(144,36,true)
(151,36,true)
(153,36,false)
(157,36,true)
(159,36,true)
(160,36,true)
(161,36,true)
(162,36,true)
(164,36,true)
(175,36,true)
(176,36,true)
(179,36,true)
(180,36,true)
(186,36,true)
(188,36,true)
(194,36,true)
(199,36,true)
(5,37,false)
(6,37,false)
(9,37,false)
(11,37,false)
(16,37,false)
(18,37,false)
(20,37,false)
(26,37,false)
(29,37,false)
(30,37,false)
(34,37,false)
(41,37,false)
(44,37,false)
(45,37,false)
(46,37,false)
(47,37,false)
(49,37,false)
(54,37,false)
(59,37,false)
(78,37,false)
(79,37,true)
(87,37,true)
(88,37,true)
(93,37,true)
(97,37,true)
(99,37,true)
(103,37,false)
(106,37,true)
(109,37,true)
(111,37,true)
(117,37,true)
(127,37,true)
(128,37,true)
(129,37,true)
(134,37,true)
(137,37,true)
(139,37,true)
(148,37,true)
(154,37,true)
(157,37,true)
(160,37,true)
(163,37,true)
(165,37,true)
(177,37,true)
(186,37,true)
(188,37,true)
(190,37,true)
(194,37,true)
(195,37,true)
(4,38,false)
(5,38,false)
(6,38,false)
(8,38,false)
(16,38,false)
(18,38,true)
(19,38,false)
(21,38,false)
(25,38,false)
(27,38,false)
(28,38,false)
(31,38,false)
(32,38,false)
(41,38,false)
(51,38,true)
(53,38,false)
(67,38,false)
(70,38,false)
(72,38,false)
(78,38,false)
(81,38,true)
(86,38,true)
(91,38,true)
(92,38,true)
(94,38,true)
(100,38,true)
(103,38,true)
(109,38,false)
(115,38,true)
(120,38,true)
(121,38,true)
(122,38,true)
(124,38,true)
(125,38,true)
(126,38,true)
(137,38,true)
(143,38,true)
(147,38,false)
(152,38,true)
(168,38,true)
(169,38,true)
(176,38,true)
(180,38,true)
(189,38,true)
(194,38,true)
(198,38,true)
(3,39,false)
(5,39,false)
(14,39,false)
(15,39,false)
(20,39,false)
(21,39,false)
(25,39,false)
(27,39,false)
(33,39,false)
(34,39,false)
(39,39,false)
(46,39,false)
(48,39,false)
(50,39,false)
(56,39,false)
(59,39,false)
(63,39,false)
(64,39,false)
(69,39,false)
(82,39,true)
(84,39,true)
(87,39,true)
(95,39,true)
(99,39,true)
(108,39,false)
(109,39,true)
(110,39,true)
(111,39,true)
(112,39,true)
(115,39,true)
(116,39,true)
(119,39,true)
(122,39,true)
(125,39,true)
(127,39,true)
(134,39,true)
(140,39,true)
(142,39,true)
(144,39,true)
(147,39,true)
(152,39,true)
(157,39,true)
(160,39,true)
(161,39,true)
(164,39,true)
(168,39,true)
(170,39,true)
(172,39,true)
(187,39,true)
(190,39,true)
(194,39,true)
(197,39,true)
(0,40,false)
(2,40,false)
(6,40,false)
(7,40,false)
(10,40,false)
(13,40,false)
(14,40,false)
(21,40,false)
(40,40,false)
(41,40,true)
(60,40,true)
(61,40,false)
(65,40,false)
(69,40,false)
(73,40,false)
(76,40,false)
(79,40,false)
(82,40,true)
(83,40,true)
(86,40,true)
(88,40,true)
(91,40,true)
(94,40,true)
(100,40,true)
(103,40,true)
(105,40,true)
(106,40,true)
(108,40,true)
(110,40,true)
(120,40,true)
(122,40,true)
(125,40,true)
(128,40,true)
(137,40,true)
(145,40,true)
(146,40,true)
(149,40,true)
(169,40,true)
(170,40,true)
(171,40,true)
(172,40,true)
(192,40,true)

(2,1)
(152,20)
(18,20)
(120,30)
(159,28)
(27,8)
(105,13)
(108,29)
(110,5)
(66,12)
(164,29)
(58,15)
(174,19)
(38,24)
(166,21)
(16,10)
(26,18)
(10,16)
(22,9)
(94,2)
(95,40)
(175,25)
(105,16)
(141,10)
(92,4)
(175,2)
(188,22)
(85,25)
(149,29)
(173,5)
(63,24)
(147,30)
(96,2)
(47,10)
(169,36)
(36,21)
(48,18)
(51,0)
(184,6)
(18,32)
(158,0)
(9,7)
(58,0)
(182,19)
(141,8)
(96,28)
(80,17)
(30,29)
(72,12)
(159,33)
(54,22)
(198,8)
(147,6)
(56,11)
(62,35)
(161,3)
(159,17)
(158,3)
(89,6)
(126,21)
(44,22)
(163,16)
(189,25)
(70,16)
(180,20)
(187,34)
(108,28)
(139,38)
(133,3)
(67,28)
(145,13)
(87,17)
(123,18)
(123,14)
(40,38)
(58,28)
(187,37)
(192,36)
(128,25)
(197,37)
(128,17)
(46,6)
(11,13)
(176,25)
(29,4)
(156,29)
(173,28)
(135,30)
(114,20)
(126,24)
(96,22)
(16,19)
(36,35)
(184,16)
(81,14)
(128,23)
(158,25)
(180,34)
(62,2)
(79,9)
(160,30)
(178,6)
(116,5)
(31,1)
(8,28)
(45,1)
(187,10)
(55,7)
(183,12)
(151,38)
(100,34)
(130,5)
(108,7)
(45,9)
(160,26)
(151,5)
(10,1)
(29,6)
(176,8)
(150,26)
(51,6)
(23,32)
(18,13)
(186,5)
(186,9)
(176,19)
(45,25)
(165,23)
(70,20)
(191,16)
(81,40)
(30,26)
(48,38)
(128,11)
(165,27)
(38,40)
(154,23)
(149,17)
(20,32)
(5,30)
(197,33)
(198,26)
(120,14)
(172,29)
(50,10)
(114,3)
(81,34)
(172,32)
(194,29)
(115,28)
(70,39)
(130,21)
(61,30)
(4,35)
(85,10)
(41,16)
(153,9)
(67,34)
(41,13)
(183,22)
(96,9)
(75,1)
(104,2)
(59,36)
(171,15)
(29,8)
(108,31)
(125,16)
(70,24)
(70,28)
(171,29)
(145,26)
(171,17)
(95,16)
(131,7)
(194,18)
(186,23)
(163,27)
(34,4)
(191,33)
(68,23)
(127,0)
(64,19)
(110,19)
(196,37)
(43,36)
(110,4)
(179,4)
(55,6)
(40,6)
(145,7)
(188,30)
(63,26)
(144,15)
(36,16)
(167,7)
(67,24)
(60,21)
(103,19)
(120,15)
(47,33)
(110,36)
(4,8)
(103,11)
(85,8)
(27,26)
(59,12)
(178,36)
(48,22)
(8,12)
(23,3)
(186,3)
(147,11)
(168,3)
(80,10)
(121,39)
(157,9)
(13,10)
(87,11)
(55,19)
(193,30)
(103,35)
(54,18)
(31,35)
(188,29)
(157,32)
(64,26)
(69,27)
(23,17)
(184,14)
(164,18)
(138,28)
(186,33)
(15,38)
(44,21)
(25,23)
(119,5)
(115,12)
(58,26)
(183,33)
(163,0)
(159,31)
(174,2)
(2,28)
(180,13)
(85,22)
(96,23)
(91,6)
(10,36)
(126,27)
(178,7)
(151,28)
(75,0)
(25,32)
(177,0)
(154,25)
(142,3)
(135,33)
(113,9)
(23,27)
(188,14)
(184,5)
(108,10)
(49,5)
(198,10)
(141,34)
(88,36)
(194,23)
(119,37)
(173,10)
(175,12)
(2,14)
(129,5)
(187,3)
(95,35)
(119,30)
(96,8)
(67,15)
(163,31)
(85,15)
(167,35)
(119,17)
(45,32)
(43,33)
(95,19)
(116,37)
(89,31)
(10,14)
(83,22)
(119,26)
(59,3)
(18,0)
(196,38)
(23,4)
(52,15)
(159,27)
(26,30)
(164,31)
(87,6)
(10,7)
(117,30)
(135,24)
(98,20)
(141,32)
(63,19)
(35,34)
(86,24)
(66,28)
(198,13)
(162,7)
(123,29)
(29,36)
(159,25)
(23,21)
(24,17)
(67,5)
(113,14)
(41,3)
(155,35)
(77,26)
(135,15)
(146,35)
(125,14)
(136,5)
(86,15)
(111,38)
(148,15)
(92,14)
(1,1)
(78,39)
(86,36)
(118,16)
(83,12)
(89,32)
(106,4)
(40,39)
(11,31)
(8,18)
(36,23)
(0,25)
(29,12)
(161,7)
(128,28)
(144,11)
(141,13)
(175,15)
(152,28)
(170,27)
(25,5)
(157,8)
(175,9)
(133,23)
(68,25)
(108,17)
(109,26)
(139,29)
(6,29)
(143,32)
(144,37)
(113,39)
(74,7)
(72,3)
(147,32)
(74,1)
(109,22)
(88,12)
(4,29)
(64,21)
(50,3)
(57,15)
(100,8)
(16,16)
(112,17)
(23,0)
(91,16)
(177,5)
(175,3)
(70,34)
(20,35)
(83,25)
(128,15)
(112,11)
(8,34)
(98,0)
(102,22)
(9,0)
(121,5)
(51,37)
(196,6)
(173,21)
(27,36)
(11,5)
(165,10)
(138,40)
(170,18)
(88,21)
(138,27)
(72,33)
(135,26)
(197,0)
(140,40)
(198,23)
(133,16)
(189,1)
(113,2)
(27,27)
(129,18)
(155,18)
(134,3)
(55,34)
(11,29)
(56,31)
(185,2)
(57,33)
(145,19)
(156,34)
(113,11)
(19,5)
(144,6)
(182,16)
(28,2)
(5,5)
(103,1)
(156,14)
(114,6)
(67,6)
(60,37)
(87,38)
(45,19)
(199,26)
(85,6)
(121,12)
(171,6)
(142,34)
(91,35)
(91,14)
(177,3)
(112,29)
(162,31)
(148,5)
(99,27)
(161,5)
(84,40)
(96,38)
(176,6)
(130,0)
(128,21)
(0,18)
(102,15)
(181,9)
(66,5)
(119,40)
(141,25)
(171,32)
(189,40)
(171,11)
(67,18)
(119,27)
(5,9)
(162,35)
(73,30)
(40,31)
(141,17)
(97,11)
(74,2)
(14,21)
(97,35)
(96,30)
(128,39)
(78,23)
(196,1)
(189,29)
(183,5)
(163,38)
(160,11)
(84,38)
(97,9)
(25,21)
(13,3)
(106,5)
(49,39)
(46,15)
(114,11)
(71,29)
(20,11)
(157,34)
(164,13)
(30,25)
(111,14)
(181,33)
(59,38)
(169,33)
(102,20)
(89,15)
(142,35)
(16,5)
(177,22)
(77,22)
(2,5)
(88,18)
(155,19)
(23,8)
(46,8)
(94,37)
(197,29)
(79,22)
(101,29)
(73,10)
(34,31)
(83,36)
(192,33)
(0,26)
(27,32)
(85,31)
(122,14)
(31,20)
(76,18)
(26,20)
(1,11)
(37,2)
(135,18)
(131,15)
(132,15)
(60,1)
(45,14)
(45,10)
(109,12)
(53,40)
(132,22)
(153,33)
(120,5)
(83,11)
(58,3)
(152,35)
(108,13)
(15,10)
(189,19)
(142,40)
(102,17)
(160,15)
(15,36)
(64,24)
(14,36)
(115,27)
(131,25)
(171,1)
(167,32)
(170,32)
(2,37)
(25,12)
(51,21)
(71,9)
(36,22)
(32,11)
(163,4)
(5,20)
(6,1)
(53,12)
(182,23)
(20,12)
(156,38)
(99,8)
(142,38)
(171,4)
(190,1)
(170,7)
(173,23)
(53,6)
(111,18)
(4,39)
(51,31)
(160,17)
(171,16)
(104,13)
(97,5)
(33,28)
(61,5)
(111,17)
(103,31)
(0,12)
(183,40)
(151,30)
(49,8)
(143,10)
(53,21)
(34,15)
(183,15)
(145,38)
(74,30)
(188,32)
(100,9)
(31,8)
(80,37)
(177,25)
(126,6)
(138,1)
(50,29)
(165,40)
(147,29)
(113,31)
(146,12)
(168,37)
(106,39)
(113,12)
(83,7)
(34,0)
(29,15)
(140,25)
(77,27)
(108,37)
(7,11)
(35,17)
(87,22)
(174,0)
(56,1)
(112,35)
(116,23)
(39,10)
(115,17)
(144,25)
(122,17)
(150,18)
(195,3)
(133,4)
(180,30)
(31,29)
(121,0)
(4,18)
(93,21)
(114,1)
(160,14)
(61,22)
(132,13)
(102,14)
(103,0)
(178,40)
(85,23)
(138,20)
(88,30)
(90,18)
(139,22)
(24,34)
(53,24)
(51,5)
(43,28)
(72,16)
(164,20)
(89,2)
(121,4)
(23,25)
(153,23)
(59,8)
(150,38)
(80,31)
(64,38)
(122,29)
(66,1)
(51,32)
(198,40)
(2,10)
(106,36)
(171,14)
(170,9)
(97,32)
(151,11)
(16,9)
(3,20)
(192,35)
(39,6)
(110,13)
(126,34)
(61,16)
(61,10)
(130,14)
(86,14)
(131,30)
(13,21)
(89,38)
(168,8)
(92,0)
(167,21)
(180,26)
(13,19)
(25,28)
(84,28)
(126,28)
(12,34)
(97,4)
(183,36)
(33,29)
(28,14)
(9,17)
(89,33)
(112,7)
(105,20)
(52,27)
(121,8)
(138,17)
(16,32)
(197,12)
(96,5)
(118,18)
(50,6)
(60,36)
(80,16)
(13,25)
(98,1)
(28,9)
(189,31)
(168,17)
(150,32)
(123,28)
(27,28)
(9,19)
(30,28)
(95,25)
(147,20)
(121,16)
(189,3)
(187,2)
(31,33)
(23,40)
(66,16)
(180,25)
(76,4)
(15,11)
(106,1)
(38,1)
(196,20)
(27,35)
(170,11)
(155,22)
(130,9)
(3,5)
(162,6)
(88,9)
(17,22)
(182,11)
(54,36)
(75,38)
(86,37)
(32,29)
(169,21)
(75,12)
(81,24)
(71,38)
(128,24)
(101,9)
(187,5)
(174,29)
(11,40)
(136,33)
(123,11)
(7,39)
(28,7)
(81,23)
(178,21)
(121,22)
(91,9)
(115,34)
(108,15)
(184,9)
(156,25)
(28,4)
(129,4)
(180,27)
(181,7)
(117,5)
(138,7)
(156,28)
(88,33)
(26,4)
(196,21)
(54,9)
(72,39)
(107,2)
(35,19)
(114,25)
(47,9)
(155,25)
(85,12)
(16,33)
(138,26)
(25,25)
(137,17)
(102,12)
(3,16)
(129,3)
(129,9)
(128,26)
(34,6)
(113,37)
(141,22)
(184,31)
(117,33)
(122,37)
(121,17)
(42,14)
(158,28)
(188,18)
(21,4)
(119,9)
(46,13)
(165,4)
(134,34)
(95,22)
(52,34)
(92,5)
(21,10)
(153,24)
(29,31)
(12,16)
(195,10)
(28,35)
(153,4)
(8,1)
(43,16)
(58,32)
(120,39)
(162,21)
(106,23)
(141,36)
(78,11)
(55,3)
(60,15)
(197,6)
(164,19)
(170,22)
(120,18)
(111,2)
(135,38)
(187,31)
(51,11)
(88,11)
(179,25)
(68,39)
(182,34)
(61,38)
(142,23)
(164,28)
(48,26)
(61,18)
(195,39)
(166,27)
(67,21)
(96,21)
(105,37)
(43,29)
(121,25)
(133,17)
(15,22)
(106,20)
(12,5)
(6,18)
(168,6)
(148,22)
(96,7)
(175,11)
(103,6)
(153,2)
(185,4)
(92,29)
(191,4)
(109,4)
(165,22)
(50,17)
(170,36)
(34,18)
(12,20)
(154,6)
(158,27)
(150,20)
(171,21)
(33,6)
(15,9)
(20,6)
(24,24)
(185,14)
(191,34)
(37,32)
(187,27)
(14,25)
(76,2)
(185,15)
(2,17)
(158,15)
(113,19)
(37,26)
(111,36)
(13,30)
(6,34)
(95,11)
(67,25)
(163,29)
(4,31)
(166,16)
(88,17)
(57,21)
(50,28)
(29,9)
(181,18)
(114,17)
(150,0)
(95,9)
(122,34)
(49,32)
(131,36)
(152,12)
(62,18)
(42,36)
(166,7)
(84,27)
(144,35)
(14,4)
(190,22)
(88,19)
(13,8)
(59,9)
(93,34)
(162,5)
(33,1)
(94,7)
(19,25)
(108,23)
(80,32)
(163,26)
(143,0)
(136,9)
(120,19)
(88,34)
(6,27)
(26,36)
(102,31)
(119,12)
(185,3)
(43,24)
(194,19)
(160,23)
(114,8)
(167,9)
(39,33)
(74,18)
(146,1)
(0,24)
(9,33)
(90,38)
(191,27)
(32,1)
(5,27)
(190,25)
(68,34)
(53,19)
(162,39)
(170,15)
(80,8)
(58,8)
(92,23)
(22,8)
(73,28)
(130,31)
(189,12)
(34,28)
(16,24)
(175,6)
(77,16)
(159,12)
(3,13)
(152,36)
(62,26)
(142,36)
(192,23)
(80,18)
(3,34)
(190,21)
(172,26)
(161,22)
(70,19)
(56,18)
(17,38)
(142,8)
(62,31)
(103,25)
(171,24)
(112,2)
(17,31)
(41,2)
(76,30)
(157,13)
(168,21)
(165,38)
(102,33)
(144,18)
(95,28)
(82,31)
(112,21)
(31,18)
(47,36)
(148,39)
(24,27)
(84,23)
(24,22)
(169,18)
(187,28)
(121,40)
(93,32)
(68,30)
(16,29)
(57,26)
(61,2)
(84,16)
(32,2)
(55,13)
(176,2)
(53,14)
(23,28)
(151,7)
(17,28)
(82,20)
(44,7)
(167,28)
(164,12)
(149,7)
(172,13)
(19,23)
(127,9)
(188,23)
(118,15)
(5,12)
(141,1)
(117,38)
(141,4)
(106,19)
(121,33)
(37,25)
(149,33)
(96,20)
(50,32)
(88,26)
(66,11)
(62,11)
(84,9)
(65,4)
(33,30)
(171,35)
(196,17)
(148,11)
(195,4)
(57,24)
(193,3)
(30,9)
(144,20)
(5,21)
(118,9)
(0,30)
(93,36)
(111,13)
(68,10)
(30,22)
(150,33)
(175,38)
(100,2)
(137,19)
(141,39)
(15,15)
(105,1)
(67,36)
(75,8)
(72,15)
(29,1)
(88,24)
(165,17)
(9,36)
(166,8)
(39,9)
(13,22)
(47,22)
(61,8)
(188,20)
(28,39)
(121,14)
(99,23)
(170,34)
(1,34)
(58,1)
(118,32)
(82,30)
(181,13)
(37,38)
(102,18)
(169,34)
(144,23)
(151,2)
(78,34)
(28,28)
(78,33)
(79,39)
(147,7)
(20,13)
(106,27)
(54,8)
(75,14)
(132,16)
(108,19)
(178,19)
(181,15)
(159,23)
(168,7)
(83,3)
(34,32)
(191,36)
(32,26)
(51,30)
(17,19)
(95,24)
(66,17)
(22,31)
(166,17)
(83,39)
(2,2)
(103,20)
(185,27)
(16,30)
(168,28)
(141,24)
(104,4)
(182,7)
(170,12)
(21,19)
(122,1)
(142,20)
(6,14)
(160,8)
(47,25)
(139,18)
(17,10)
(102,0)
(43,0)
(119,13)
(149,14)
(141,19)
(111,26)
(147,21)
(69,10)
(76,19)
(34,2)
(40,28)
(64,9)
(7,13)
(199,31)
(119,2)
(44,23)
(20,28)
(23,29)
(128,4)
(77,19)
(107,40)
(190,36)
(33,9)
(130,36)
(164,24)
(140,19)
(95,36)
(13,28)
(197,38)
(25,1)
(97,27)
(62,29)
(12,10)
(41,11)
(114,28)
(131,9)
(146,31)
(4,32)
(129,22)
(3,6)
(143,40)
(86,11)
(76,10)
(19,40)
(128,13)
(62,8)
(2,35)
(41,15)
(114,22)
(58,2)
(101,5)
(161,21)
(189,39)
(29,28)
(69,35)
(26,39)
(180,22)
(97,38)
(191,37)
(96,40)
(99,38)
(41,14)
(106,34)
(114,38)
(194,13)
(141,7)
(49,10)
(151,17)
(122,4)
(157,25)
(108,18)
(185,24)
(63,7)
(108,3)
(167,23)
(39,13)
(87,26)
(56,13)
(32,9)
(45,38)
(146,11)
(46,32)
(56,37)
(57,11)
(17,29)
(115,10)
(187,9)
(136,39)
(101,7)
(23,39)
(112,13)
(34,22)
(45,24)
(190,27)
(165,24)
(127,20)
(14,37)
(36,37)
(70,29)
(60,13)
(30,38)
(22,28)
(197,32)
(6,2)
(82,3)
(161,33)
(51,14)
(158,8)
(91,27)
(81,6)
(43,35)
(36,20)
(153,15)
(40,11)
(180,10)
(190,12)
(14,8)
(22,5)
(179,40)
(109,28)
(10,38)
(56,30)
(86,21)
(71,8)
(125,26)
(163,15)
(41,34)
(134,25)
(129,38)
(20,14)
(179,19)
(77,10)
(67,12)
(185,8)
(57,17)
(159,39)
(144,31)
(139,6)
(10,11)
(129,8)
(182,10)
(184,13)
(82,21)
(8,23)
(107,3)
(137,9)
(123,9)
(53,35)
(102,25)
(98,10)
(89,26)
(30,23)
(72,17)
(62,23)
(135,20)
(46,11)
(158,22)
(62,21)
(170,35)
(4,16)
(85,39)
(129,14)
(126,13)
(53,27)
(18,16)
(161,26)
(93,7)
(162,34)
(63,21)
(22,13)
(97,21)
(121,18)
(90,5)
(99,3)
(47,40)
(51,29)
(135,40)
(130,15)
(72,35)
(95,34)
(94,9)
(164,23)
(74,39)
(176,12)
(64,31)
(125,6)
(156,7)
(36,38)
(132,21)
(178,27)
(175,24)
(87,18)
(82,12)
(85,29)
(5,31)
(165,12)
(174,13)
(55,39)
(132,32)
(1,33)
(158,4)
(179,26)
(164,26)
(169,13)
(58,18)
(47,30)
(39,31)
(76,37)
(69,28)
(103,16)
(75,6)
(191,13)
(91,4)
(57,9)
(181,34)
(179,39)
(64,29)
(192,21)
(143,23)
(182,39)
(136,35)
(64,18)
(129,21)
(81,35)
(86,5)
(160,27)
(136,29)
(40,23)
(44,6)
(132,34)
(92,27)
(195,14)
(134,15)
(52,38)
(20,17)
(37,40)
(166,30)
(122,13)
(129,36)
(25,8)
(70,12)
(94,4)
(0,3)
(105,17)
(165,26)
(53,1)
(30,3)
(174,31)
(47,20)
(111,1)
(130,38)
(186,11)
(50,12)
(153,16)
(69,13)
(117,26)
(1,24)
(187,4)
(27,12)
(102,27)
(41,30)
(126,2)
(134,21)
(88,14)
(95,1)
(32,8)
(136,8)
(80,1)
(26,23)
(31,14)
(8,17)
(89,37)
(19,31)
(12,18)
(18,21)
(32,24)
(84,12)
(3,3)
(140,30)
(52,8)
(142,6)
(30,33)
(172,1)
(25,40)
(141,9)
(174,25)
(142,33)
(41,1)
(160,35)
(132,2)
(46,22)
(129,31)
(101,2)
(189,35)
(131,1)
(193,36)
(39,20)
(104,12)
(27,17)
(149,9)
(183,9)
(78,5)
(192,3)
(110,32)
(43,13)
(129,13)
(114,13)
(122,30)
(89,5)
(111,27)
(30,39)
(21,22)
(159,11)
(99,10)
(42,37)
(157,33)
(152,24)
(58,25)
(137,11)
(48,15)
(55,31)
(103,5)
(8,9)
(130,22)
(174,4)
(117,9)
(8,37)
(98,6)
(194,6)
(117,28)
(7,21)
(102,34)
(57,18)
(66,8)
(150,36)
(1,25)
(58,16)
(190,2)
(199,3)
(32,17)
(45,36)
(125,4)
(10,22)
(125,12)
(49,14)
(27,6)
(26,25)
(14,22)
(108,36)
(199,2)
(31,32)
(97,26)
(171,28)
(63,8)
(186,30)
(21,3)
(118,14)
(123,36)
(74,11)
(120,6)
(13,1)
(36,19)
(179,22)
(3,7)
(130,29)
(179,35)
(33,35)
(175,28)
(137,20)
(90,11)
(163,30)
(157,40)
(140,37)
(31,7)
(3,33)
(107,17)
(132,18)
(181,2)
(155,28)
(86,17)
(158,36)
(91,2)
(113,23)
(110,10)
(92,34)
(144,5)
(67,30)
(51,39)
(186,8)
(100,11)
(149,22)
(11,20)
(62,33)
(68,4)
(65,3)
(136,3)
(112,28)
(121,6)
(126,14)
(53,0)
(182,12)
(153,34)
(107,37)
(18,4)
(6,31)
(133,5)
(166,2)
(146,21)
(12,3)
(55,26)
(79,15)
(109,21)
(51,27)
(78,3)
(62,9)
(84,2)
(112,20)
(75,22)
(163,19)
(58,4)
(147,15)
(66,19)
(132,30)
(44,16)
(80,22)
(26,19)
(123,25)
(90,10)
(62,20)
(135,36)
(100,0)
(142,13)
(28,26)
(69,4)
(36,13)
(66,21)
(13,37)
(7,35)
(13,7)
(157,7)
(151,19)
(174,40)
(114,32)
(63,35)
(182,15)
(167,13)
(82,6)
(26,31)
(35,36)
(57,16)
(29,3)
(6,39)
(63,6)
(0,5)
(33,27)
(6,6)
(22,24)
(175,7)
(113,30)
(168,24)
(63,40)
(57,28)
(173,11)
(105,3)
(23,38)
(53,22)
(124,37)
(37,9)
(36,30)
(128,38)
(99,24)
(153,12)
(97,36)
(38,35)
(161,16)
(131,14)
(7,22)
(81,9)
(151,21)
(104,30)
(175,8)
(164,40)
(49,33)
(187,15)
(183,32)
(67,29)
(134,9)
(196,24)
(187,36)
(163,32)
(168,20)
(119,25)
(104,22)
(68,19)
(91,17)
(39,21)
(1,28)
(90,9)
(180,18)
(110,33)
(0,22)
(52,16)
(51,7)
(186,18)
(35,29)
(95,27)
(39,12)
(104,6)
(7,23)
(65,14)
(116,24)
(124,9)
(14,13)
(164,15)
(5,14)
(34,13)
(54,31)
(36,40)
(0,9)
(170,31)
(42,26)
(74,12)
(113,8)
(107,13)
(77,6)
(190,28)
(75,35)
(164,38)
(19,22)
(160,40)
(47,28)
(5,7)
(42,10)
(59,30)
(96,25)
(191,0)
(161,20)
(58,29)
(137,31)
(30,18)
(31,17)
(33,14)
(71,7)
(186,12)
(82,29)
(179,32)
(197,8)
(106,11)
(181,19)
(61,15)
(167,37)
(97,17)
(101,26)
(112,10)
(57,20)
(155,14)
(125,8)
(23,26)
(27,23)
(92,40)
(189,22)
(46,9)
(65,21)
(113,40)
(100,30)
(135,13)
(165,11)
(134,36)
(125,35)
(103,10)
(165,9)
(158,37)
(94,29)
(168,22)
(164,14)
(188,12)
(100,31)
(165,30)
(182,33)
(7,32)
(76,28)
(169,37)
(65,23)
(172,23)
(64,25)
(101,6)
(85,16)
(93,35)
(154,33)
(171,25)
(50,20)
(18,39)
(105,26)
(85,9)
(165,2)
(25,18)
(193,38)
(197,20)
(91,15)
(126,19)
(195,2)
(136,19)
(41,17)
(79,4)
(188,24)
(74,22)
(99,31)
(52,37)
(92,28)
(85,13)
(125,31)
(83,38)
(84,18)
(120,36)
(152,9)
(166,39)
(184,15)
(51,35)
(39,0)
(109,35)
(6,21)
(184,36)
(11,12)
(110,15)
(32,10)
(164,34)
(157,17)
(128,32)
(176,28)
(43,11)
(109,3)
(130,10)
(164,21)
(169,2)
(59,22)
(132,20)
(146,6)
(86,31)
(184,26)
(107,26)
(30,10)
(155,13)
(33,19)
(144,24)
(127,25)
(111,8)
(35,26)
(179,38)
(39,11)
(52,14)
(64,8)
(74,40)
(134,16)
(58,24)
(147,17)
(36,6)
(173,36)
(153,11)
(169,11)
(33,4)
(48,6)
(46,24)
(145,15)
(181,0)
(20,19)
(182,17)
(119,15)
(149,5)
(110,25)
(199,25)
(187,19)
(18,22)
(153,26)
(91,0)
(74,34)
(180,7)
(22,27)
(59,19)
(52,11)
(67,39)
(199,39)
(19,26)
(19,6)
(124,12)
(71,6)
(6,26)
(78,7)
(109,20)
(93,38)
(118,1)
(192,39)
(80,27)
(114,12)
(32,21)
(143,28)
(85,1)
(181,31)
(21,7)
(66,29)
(58,23)
(78,15)
(188,40)
(97,39)
(149,34)
(169,12)
(1,20)
(19,30)
(48,23)
(185,9)
(143,26)
(92,22)
(127,16)
(95,18)
(116,17)
(43,30)
(115,4)
(196,35)
(93,11)
(80,36)
(25,4)
(130,34)
(136,0)
(157,10)
(135,10)
(116,11)
(102,30)
(25,16)
(170,20)
(121,13)
(23,13)
(168,35)
(89,3)
(154,24)
(188,39)
(60,38)
(168,34)
(131,16)
(30,16)
(81,5)
(187,35)
(173,38)
(12,33)
(84,33)
(192,26)
(58,22)
(103,8)
(65,22)
(188,8)
(105,19)
(68,14)
(71,24)
(150,10)
(165,25)
(94,13)
(164,9)
(153,29)
(81,12)
(156,13)
(92,7)
(134,18)
(18,17)
(165,0)
(153,21)
(97,22)
(4,12)
(132,37)
(36,12)
(162,18)
(142,27)
(148,3)
(62,17)
(196,25)
(99,2)
(58,9)
(157,18)
(58,33)
(179,33)
(177,10)
(101,15)
(138,16)
(76,5)
(120,33)
(73,27)
(89,7)
(141,38)
(67,22)
(48,32)
(171,12)
(168,40)
(1,16)
(160,29)
(35,2)
(141,6)
(73,20)
(13,15)
(16,40)
(101,16)
(31,10)
(92,18)
(168,32)
(53,11)
(128,22)
(32,32)
(0,21)
(48,16)
(191,21)
(57,8)
(160,31)
(53,15)
(17,4)
(146,37)
(47,17)
(183,19)
(153,37)
(99,14)
(174,37)
(39,30)
(40,4)
(185,28)
(178,8)
(102,24)
(93,24)
(97,8)
(72,20)
(157,31)
(111,3)
(77,34)
(52,19)
(64,30)
(71,37)
(166,14)
(9,2)
(195,7)
(118,5)
(176,15)
(16,39)
(33,37)
(81,31)
(69,7)
(84,22)
(199,29)
(157,19)
(1,18)
(175,27)
(167,39)
(4,5)
(197,24)
(112,15)
(168,29)
(59,7)
(73,16)
(129,7)
(74,3)
(67,10)
(165,28)
(170,25)
(149,0)
(71,36)
(69,17)
(116,26)
(178,39)
(91,29)
(134,7)
(78,31)
(92,8)
(164,5)
(15,5)
(46,17)
(4,11)
(62,38)
(26,1)
(45,12)
(59,14)
(41,0)
(175,40)
(40,24)
(91,24)
(116,0)
(136,31)
(125,17)
(134,12)
(86,6)
(182,40)
(35,6)
(114,26)
(83,2)
(120,11)
(165,16)
(159,13)
(33,3)
(60,8)
(172,5)
(15,40)
(113,10)
(111,32)
(134,19)
(78,13)
(45,11)
(189,26)
(166,23)
(87,40)
(175,32)
(106,10)
(153,25)
(29,38)
(136,27)
(77,28)
(80,23)
(84,1)
(18,27)
(183,0)
(33,38)
(44,24)
(194,25)
(146,24)
(67,3)
(39,38)
(14,33)
(13,16)
(27,22)
(83,4)
(97,3)
(24,7)
(81,25)
(69,14)
(41,9)
(138,14)
(123,5)
(109,29)
(193,13)
(135,39)
(113,4)
(155,33)
(62,13)
(25,37)
(135,35)
(154,22)
(30,19)
(134,24)
(185,37)
(26,24)
(168,16)
(171,23)
(154,40)
(179,10)
(76,17)
(169,20)
(116,25)
(184,28)
(89,14)
(134,8)
(148,9)
(199,0)
(135,4)
(20,18)
(77,37)
(56,6)
(32,33)
(71,20)
(185,1)
(185,19)
(106,7)
(27,2)
(88,10)
(199,20)
(43,4)
(7,12)
(135,8)
(36,5)
(181,27)
(165,32)
(112,22)
(184,37)
(192,8)
(113,15)
(31,22)
(18,5)
(75,19)
(143,33)
(167,33)
(173,18)
(94,6)
(9,25)
(127,4)
(159,10)
(81,37)
(173,3)
(190,3)
(123,40)
(59,28)
(46,19)
(147,33)
(72,7)
(155,29)
(127,18)
(40,21)
(171,38)
(4,40)
(188,16)
(5,11)
(26,16)
(70,25)
(153,6)
(148,1)
(88,16)
(19,29)
(103,23)
(35,12)
(22,36)
(162,20)
(77,11)
(32,12)
(101,25)
(70,15)
(167,5)
(119,32)
(113,25)
(68,33)
(60,20)
(124,40)
(21,35)
(158,2)
(44,8)
(64,37)
(47,35)
(13,14)
(161,40)
(76,39)
(14,34)
(92,37)
(108,32)
(24,0)
(61,7)
(124,25)
(183,7)
(199,16)
(171,31)
(135,34)
(196,26)
(150,2)
(68,32)
(19,27)
(3,1)
(94,33)
(144,16)
(21,5)
(126,20)
(129,24)
(39,40)
(63,18)
(130,33)
(56,20)
(120,23)
(162,17)
(54,35)
(163,14)
(137,21)
(166,37)
(180,40)
(70,27)
(131,4)
(195,40)
(142,17)
(115,18)
(17,16)
(17,39)
(111,21)
(65,26)
(15,7)
(55,23)
(93,18)
(175,5)
(132,19)
(191,11)
(143,4)
(130,4)
(65,19)
(29,21)
(189,33)
(102,10)
(168,15)
(120,24)
(97,7)
(87,24)
(107,19)
(106,14)
(94,10)
(158,18)
(76,16)
(118,30)
(188,38)
(20,33)
(41,5)
(104,40)
(24,25)
(93,22)
(23,24)
(36,10)
(73,18)
(8,27)
(66,30)
(128,12)
(16,4)
(98,29)
(180,5)
(175,10)
(0,10)
(90,24)
(104,7)
(155,7)
(52,23)
(57,23)
(10,13)
(19,17)
(11,17)
(115,15)
(177,24)
(8,16)
(72,19)
(64,28)
(41,31)
(104,10)
(93,3)
(150,37)
(44,38)
(192,20)
(28,20)
(47,19)
(162,12)
(181,25)
(129,17)
(47,23)
(128,2)
(128,35)
(116,9)
(88,2)
(89,39)
(24,28)
(119,33)
(122,36)
(36,29)
(91,39)
(116,21)
(14,12)
(113,24)
(104,29)
(130,25)
(10,3)
(126,35)
(81,3)
(19,39)
(120,27)
(121,37)
(109,24)
(76,23)
(62,40)
(167,8)
(26,28)
(80,30)
(76,36)
(104,34)
(64,36)
(83,32)
(67,35)
(82,24)
(22,23)
(68,8)
(53,20)
(63,23)
(174,34)
(31,36)
(156,16)
(127,30)
(157,30)
(20,40)
(10,4)
(189,20)
(21,31)
(25,24)
(53,34)
(43,39)
(145,6)
(180,8)
(166,12)
(91,19)
(68,20)
(137,12)
(67,40)
(85,11)
(120,22)
(70,21)
(102,38)
(41,10)
(172,16)
(46,2)
(69,19)
(144,22)
(42,28)
(116,8)
(39,35)
(110,0)
(73,15)
(70,0)
(91,13)
(130,32)
(150,25)
(110,14)
(148,40)
(36,33)
(81,29)
(62,30)
(0,13)
(71,14)
(153,14)
(154,4)
(80,20)
(60,27)
(151,13)
(35,4)
(144,13)
(134,27)
(165,8)
(188,21)
(4,13)
(180,37)
(188,34)
(166,18)
(198,6)
(122,22)
(9,6)
(123,7)
(160,5)
(125,37)
(111,11)
(134,40)
(151,35)
(168,18)
(44,34)
(174,17)
(155,36)
(152,13)
(9,23)
(78,12)
(88,31)
(163,7)
(20,22)
(38,14)
(87,12)
(147,26)
(124,18)
(21,23)
(180,16)
(129,28)
(81,11)
(103,17)
(166,38)
(188,15)
(67,2)
(140,18)
(191,32)
(116,7)
(154,20)
(123,26)
(164,35)
(13,18)
(135,9)
(4,4)
(186,26)
(178,26)
(190,35)
(173,29)
(91,1)
(127,38)
(66,18)
(140,38)
(105,36)
(181,14)
(0,34)
(11,26)
(135,6)
(66,14)
(161,19)
(19,33)
(177,4)
(42,31)
(105,21)
(91,7)
(111,31)
(20,1)
(108,27)
(54,1)
(15,6)
(153,39)
(140,12)
(91,20)
(173,4)
(162,27)
(143,19)
(50,8)
(163,22)
(124,7)
(163,25)
(66,35)
(184,22)
(122,8)
(6,4)
(35,9)
(121,30)
(55,30)
(173,16)
(102,2)
(25,26)
(12,21)
(186,14)
(23,11)
(197,11)
(56,32)
(81,39)
(145,2)
(135,32)
(13,33)
(182,38)
(67,16)
(18,35)
(192,30)
(189,10)
(151,8)
(173,30)
(79,25)
(105,33)
(154,15)
(88,32)
(126,36)
(83,10)
(118,39)
(56,23)
(147,40)
(111,20)
(95,17)
(93,12)
(162,30)
(98,25)
(41,8)
(191,24)
(73,34)
(50,19)
(77,25)
(170,37)
(83,5)
(50,16)
(54,16)
(21,27)
(154,36)
(110,20)
(79,11)
(24,33)
(164,25)
(85,5)
(140,7)
(43,21)
(82,13)
(98,35)
(196,4)
(185,39)
(24,1)
(1,8)
(162,37)
(103,15)
(147,16)
(81,32)
(106,26)
(15,25)
(136,17)
(161,0)
(145,18)
(34,24)
(178,28)
(102,8)
(71,10)
(13,27)
(29,27)
(161,28)
(21,13)
(176,7)
(66,38)
(53,26)
(97,24)
(186,39)
(109,19)
(49,21)
(102,39)
(65,37)
(39,22)
(114,27)
(183,3)
(175,31)
(103,32)
(183,34)
(15,14)
(185,23)
(58,21)
(13,39)
(143,34)
(1,31)
(180,24)
(9,32)
(127,14)
(162,14)
(98,39)
(128,9)
(7,36)
(110,29)
(45,28)
(29,20)
(185,16)
(77,17)
(140,33)
(171,19)
(31,21)
(164,32)
(174,11)
(102,40)
(175,33)
(161,29)
(2,36)
(189,9)
(113,34)
(40,35)
(45,27)
(49,4)
(179,16)
(157,35)
(3,22)
(110,31)
(162,13)
(195,29)
(60,14)
(143,36)
(6,23)
(38,36)
(41,23)
(162,16)
(125,7)
(27,33)
(56,27)
(22,25)
(149,20)
(140,10)
(10,20)
(165,21)
(57,38)
(139,34)
(34,33)
(43,34)
(51,23)
(82,2)
(107,8)
(68,29)
(21,26)
(166,35)
(150,5)
(11,4)
(67,9)
(162,10)
(102,37)
(129,20)
(186,19)
(184,17)
(175,34)
(97,34)
(175,17)
(22,4)
(62,19)
(154,3)
(58,12)
(136,22)
(63,20)
(73,32)
(49,34)
(82,7)
(102,11)
(5,36)
(14,38)
(7,15)
(198,36)
(157,38)
(42,7)
(6,10)
(50,4)
(70,18)
(42,39)
(120,1)
(142,37)
(29,40)
(136,16)
(6,33)
(159,40)
(90,40)
(3,36)
(45,8)
(28,37)
(118,11)
(19,18)
(152,1)
(102,35)
(77,15)
(185,38)
(76,20)
(163,24)
(112,38)
(140,14)
(145,29)
(120,35)
(86,32)
(93,6)
(103,34)
(54,6)
(102,6)
(137,15)
(119,28)
(23,30)
(22,38)
(69,9)
(189,27)
(178,3)
(190,29)
(156,15)
(179,37)
(91,5)
(187,16)
(153,18)
(135,27)
(8,20)
(95,37)
(85,35)
(199,12)
(152,6)
(86,1)
(4,19)
(21,25)
(161,13)
(66,23)
(114,15)
(175,39)
(132,11)
(149,27)
(142,11)
(166,28)
(88,29)
(175,37)
(17,18)
(194,34)
(181,22)
(30,31)
(126,26)
(194,35)
(180,2)
(119,7)
(77,7)
(198,27)
(160,19)
(132,5)
(143,27)
(106,12)
(38,9)
(2,11)
(96,33)
(115,7)
(56,29)
(26,3)
(166,36)
(156,40)
(27,37)
(39,15)
(113,38)
(153,38)
(138,15)
(162,24)
(24,2)
(142,22)
(17,6)
(194,21)
(159,38)
(107,14)
(117,29)
(136,37)
(19,9)
(79,27)
(159,37)
(41,33)
(121,36)
(190,38)
(188,33)
(40,25)
(188,4)
(112,8)
(80,19)
(30,40)
(92,11)
(163,36)
(25,19)
(45,7)
(55,16)
(36,14)
(24,40)
(163,23)
(71,13)
(69,32)
(155,12)
(192,22)
(144,4)
(110,21)
(39,36)
(102,23)
(94,22)
(140,16)
(133,34)
(116,33)
(4,23)
(21,37)
(135,3)
(86,9)
(67,20)
(134,17)
(31,16)
(55,33)
(90,29)
(149,25)
(36,39)
(1,12)
(11,39)
(133,6)
(166,5)
(68,35)
(70,31)
(105,31)
(172,14)
(18,9)
(144,7)
(97,40)
(66,13)
(50,9)
(38,2)
(66,7)
(5,16)
(64,27)
(196,30)
(196,9)
(6,19)
(158,38)
(198,37)
(136,26)
(47,12)
(118,27)
(8,13)
(92,26)
(34,11)
(12,17)
(74,28)
(95,5)
(134,31)
(4,6)
(144,26)
(161,32)
(71,2)
(32,40)
(77,8)
(145,21)
(115,33)
(127,27)
(19,36)
(196,16)
(177,8)
(75,37)
(181,28)
(46,29)
(132,27)
(135,37)
(183,39)
(77,36)
(8,10)
(140,5)
(21,6)
(116,31)
(129,32)
(48,11)
(75,2)
(192,17)
(162,25)
(154,29)
(89,9)
(116,6)
(167,31)
(14,24)
(114,30)
(2,29)
(137,33)
(39,24)
(128,16)
(89,19)
(163,28)
(128,36)
(142,10)
(44,29)
(167,19)
(37,0)
(25,31)
(24,36)
(9,18)
(165,13)
(34,30)
(86,29)
(32,7)
(137,13)
(92,32)
(22,37)
(172,21)
(28,40)
(112,16)
(102,16)
(98,13)
(122,31)
(176,4)
(14,14)
(160,7)
(95,13)
(16,20)
(27,40)
(25,17)
(34,19)
(93,20)
(12,24)
(181,38)
(141,20)
(29,10)
(29,32)
(87,31)
(106,15)
(28,13)
(18,24)
(116,16)
(89,13)
(67,33)
(172,17)
(165,34)
(187,32)
(186,28)
(42,25)
(127,17)
(142,4)
(180,23)
(52,5)
(189,14)
(95,33)
(9,28)
(95,4)
(39,34)
(77,38)
(159,6)
(7,9)
(5,8)
(68,38)
(163,12)
(32,6)
(169,30)
(21,29)
(27,30)
(109,6)
(159,21)
(25,11)
(7,3)
(112,27)
(177,12)
(94,39)
(164,11)
(65,33)
(101,34)
(119,24)
(187,40)
(51,28)
(126,7)
(71,40)
(100,19)
(45,16)
(140,22)
(167,17)
(1,27)
(136,38)
(16,26)
(75,31)
(9,26)
(82,35)
(15,8)
(77,12)
(73,37)
(190,7)
(1,2)
(2,20)
(93,16)
(183,37)
(161,27)
(85,18)
(11,27)
(111,28)
(52,4)
(117,22)
(37,14)
(163,40)
(106,28)
(62,34)
(9,30)
(115,16)
(59,20)
(49,35)
(143,35)
(183,14)
(40,29)
(36,24)
(112,40)
(83,19)
(26,13)
(43,10)
(35,20)
(102,36)
(71,17)
(28,18)
(119,22)
(188,17)
(100,28)
(158,17)
(45,29)
(143,2)
(185,22)
(50,38)
(138,19)
(139,40)
(53,9)
(127,5)
(191,19)
(152,29)
(32,19)
(74,6)
(101,18)
(122,18)
(127,34)
(151,16)
(84,37)
(111,40)
(33,40)
(25,36)
(147,18)
(45,13)
(132,24)
(163,39)
(49,2)
(173,15)
(80,15)
(78,22)
(150,31)
(168,36)
(137,22)
(161,12)
(62,32)
(32,30)
(169,26)
