100 Users
34 Files
2000 Transactions
2 Maximum Connections
1 Cycle Length per Upload-Download
0 Warm-up Transactions
0.400000 Zipf constant
5 Pre-Trusted Users
40 Well-Behaved (Good) Users
60 Purely Malicious Users
0 Feedback Skewing Users
0 Malignant Providing Users
0 Disguised Malicous Users
0 Sybil Attack Users
true Intelligent Trans. Generation
1561006584128 Trace Generation Seed

(0.033258,0.000000,1,false)
(0.026879,0.000000,1,false)
(0.066784,0.000000,1,false)
(0.067875,0.000000,1,false)
(0.044280,0.000000,1,false)
(0.010795,0.000000,1,false)
(0.041921,0.000000,1,false)
(0.099662,0.000000,1,false)
(0.072589,0.000000,1,false)
(0.094047,0.000000,1,false)
(0.049651,0.000000,1,false)
(0.029812,0.000000,1,false)
(0.065695,0.000000,1,false)
(0.083064,0.000000,1,false)
(0.089300,0.000000,1,false)
(0.015216,0.000000,1,false)
(0.073355,0.000000,1,false)
(0.035880,0.000000,1,false)
(0.050486,0.000000,1,false)
(0.053257,0.000000,1,false)
(0.052233,0.000000,1,false)
(0.036602,0.000000,1,false)
(0.093014,0.000000,1,false)
(0.078987,0.000000,1,false)
(0.073256,0.000000,1,false)
(0.071845,0.000000,1,false)
(0.070742,0.000000,1,false)
(0.025623,0.000000,1,false)
(0.048982,0.000000,1,false)
(0.047279,0.000000,1,false)
(0.036685,0.000000,1,false)
(0.008402,0.000000,1,false)
(0.045278,0.000000,1,false)
(0.064538,0.000000,1,false)
(0.040192,0.000000,1,false)
(0.063077,0.000000,1,false)
(0.066677,0.000000,1,false)
(0.064036,0.000000,1,false)
(0.028665,0.000000,1,false)
(0.094588,0.000000,1,false)
(0.008016,0.000000,1,false)
(0.027560,0.000000,1,false)
(0.096084,0.000000,1,false)
(0.068952,0.000000,1,false)
(0.046331,0.000000,1,false)
(0.026068,0.000000,1,false)
(0.078518,0.000000,1,false)
(0.011931,0.000000,1,false)
(0.006407,0.000000,1,false)
(0.092716,0.000000,1,false)
(0.082819,0.000000,1,false)
(0.061744,0.000000,1,false)
(0.071026,0.000000,1,false)
(0.098896,0.000000,1,false)
(0.048888,0.000000,1,false)
(0.059925,0.000000,1,false)
(0.022653,0.000000,1,false)
(0.011950,0.000000,1,false)
(0.088147,0.000000,1,false)
(0.054334,0.000000,1,false)
(0.902851,1.000000,0,true)
(0.982756,1.000000,0,true)
(0.988708,1.000000,0,true)
(0.968569,1.000000,0,true)
(0.997911,1.000000,0,true)
(0.905622,1.000000,0,false)
(0.943077,1.000000,0,false)
(0.908919,1.000000,0,false)
(0.997665,1.000000,0,false)
(0.952402,1.000000,0,false)
(0.940677,1.000000,0,false)
(0.973493,1.000000,0,false)
(0.996235,1.000000,0,false)
(0.996162,1.000000,0,false)
(0.951593,1.000000,0,false)
(0.925581,1.000000,0,false)
(0.927622,1.000000,0,false)
(0.991670,1.000000,0,false)
(0.942182,1.000000,0,false)
(0.944061,1.000000,0,false)
(0.989501,1.000000,0,false)
(0.932671,1.000000,0,false)
(0.971847,1.000000,0,false)
(0.962392,1.000000,0,false)
(0.925624,1.000000,0,false)
(0.989700,1.000000,0,false)
(0.968534,1.000000,0,false)
(0.996385,1.000000,0,false)
(0.941809,1.000000,0,false)
(0.930267,1.000000,0,false)
(0.989514,1.000000,0,false)
(0.954730,1.000000,0,false)
(0.911613,1.000000,0,false)
(0.994193,1.000000,0,false)
(0.978598,1.000000,0,false)
(0.958113,1.000000,0,false)
(0.930874,1.000000,0,false)
(0.964779,1.000000,0,false)
(0.907416,1.000000,0,false)
(0.971646,1.000000,0,false)

(1,0,false)
(2,0,false)
(3,0,false)
(4,0,true)
(5,0,false)
(7,0,false)
(11,0,false)
(12,0,false)
(13,0,false)
(14,0,false)
(15,0,false)
(16,0,false)
(17,0,false)
(18,0,false)
(19,0,false)
(20,0,false)
(21,0,false)
(22,0,false)
(24,0,true)
(26,0,false)
(27,0,false)
(28,0,false)
(29,0,false)
(30,0,false)
(31,0,true)
(32,0,false)
(33,0,false)
(34,0,false)
(36,0,false)
(37,0,false)
(38,0,false)
(41,0,false)
(42,0,false)
(43,0,false)
(45,0,false)
(46,0,false)
(50,0,false)
(51,0,false)
(53,0,false)
(54,0,false)
(55,0,true)
(56,0,false)
(57,0,false)
(58,0,false)
(59,0,false)
(60,0,true)
(62,0,true)
(63,0,true)
(65,0,false)
(66,0,true)
(67,0,true)
(68,0,true)
(69,0,true)
(70,0,true)
(71,0,true)
(72,0,true)
(73,0,true)
(74,0,true)
(75,0,true)
(76,0,true)
(79,0,true)
(80,0,true)
(81,0,true)
(82,0,true)
(83,0,true)
(84,0,true)
(85,0,true)
(86,0,true)
(87,0,true)
(88,0,true)
(89,0,true)
(90,0,true)
(91,0,true)
(92,0,false)
(93,0,true)
(94,0,true)
(95,0,true)
(96,0,true)
(97,0,true)
(98,0,true)
(0,1,false)
(2,1,false)
(3,1,false)
(4,1,false)
(5,1,false)
(6,1,false)
(7,1,false)
(11,1,false)
(13,1,false)
(15,1,true)
(16,1,false)
(19,1,false)
(20,1,false)
(21,1,false)
(24,1,false)
(25,1,false)
(26,1,false)
(28,1,false)
(29,1,true)
(31,1,false)
(33,1,false)
(34,1,false)
(35,1,false)
(36,1,false)
(38,1,false)
(39,1,false)
(41,1,false)
(42,1,false)
(44,1,false)
(45,1,false)
(47,1,false)
(48,1,false)
(49,1,false)
(53,1,false)
(54,1,false)
(55,1,false)
(56,1,false)
(58,1,false)
(61,1,true)
(62,1,true)
(64,1,true)
(70,1,true)
(71,1,true)
(72,1,true)
(76,1,true)
(77,1,true)
(78,1,true)
(79,1,true)
(80,1,true)
(82,1,true)
(84,1,true)
(85,1,true)
(86,1,true)
(88,1,true)
(89,1,true)
(90,1,true)
(91,1,true)
(92,1,true)
(94,1,true)
(96,1,false)
(98,1,true)
(0,2,false)
(3,2,false)
(5,2,false)
(6,2,false)
(8,2,false)
(13,2,true)
(14,2,false)
(15,2,false)
(19,2,false)
(24,2,true)
(25,2,false)
(26,2,false)
(27,2,false)
(29,2,false)
(30,2,false)
(32,2,false)
(35,2,false)
(38,2,false)
(39,2,false)
(42,2,false)
(43,2,true)
(44,2,false)
(46,2,false)
(47,2,false)
(48,2,false)
(49,2,false)
(50,2,false)
(52,2,false)
(53,2,false)
(54,2,false)
(57,2,false)
(60,2,true)
(61,2,true)
(62,2,true)
(63,2,true)
(64,2,true)
(67,2,false)
(68,2,true)
(72,2,true)
(74,2,true)
(75,2,true)
(79,2,true)
(86,2,true)
(87,2,true)
(89,2,false)
(91,2,true)
(97,2,true)
(98,2,true)
(99,2,true)
(0,3,false)
(3,3,false)
(4,3,false)
(5,3,false)
(7,3,false)
(10,3,false)
(12,3,false)
(13,3,false)
(15,3,false)
(16,3,false)
(17,3,false)
(18,3,false)
(19,3,false)
(20,3,false)
(21,3,false)
(22,3,false)
(23,3,false)
(26,3,false)
(27,3,false)
(28,3,false)
(29,3,false)
(32,3,false)
(33,3,false)
(35,3,false)
(36,3,false)
(38,3,false)
(40,3,false)
(42,3,false)
(44,3,false)
(45,3,false)
(46,3,false)
(49,3,false)
(50,3,true)
(53,3,false)
(54,3,false)
(55,3,false)
(56,3,false)
(57,3,false)
(58,3,false)
(59,3,false)
(61,3,true)
(62,3,true)
(63,3,true)
(64,3,true)
(65,3,true)
(66,3,true)
(67,3,true)
(68,3,true)
(70,3,true)
(75,3,true)
(76,3,true)
(79,3,true)
(81,3,false)
(82,3,true)
(84,3,true)
(85,3,true)
(86,3,true)
(88,3,true)
(89,3,true)
(90,3,true)
(93,3,true)
(94,3,true)
(99,3,true)
(4,4,false)
(5,4,false)
(6,4,false)
(9,4,false)
(10,4,false)
(11,4,false)
(12,4,false)
(14,4,false)
(16,4,false)
(17,4,false)
(18,4,false)
(19,4,false)
(20,4,false)
(21,4,false)
(22,4,false)
(23,4,false)
(27,4,false)
(28,4,false)
(30,4,false)
(36,4,false)
(37,4,false)
(38,4,false)
(39,4,false)
(41,4,false)
(42,4,false)
(47,4,false)
(49,4,false)
(50,4,false)
(51,4,false)
(54,4,false)
(55,4,false)
(58,4,false)
(60,4,true)
(62,4,true)
(65,4,true)
(71,4,true)
(72,4,true)
(75,4,false)
(77,4,true)
(78,4,true)
(84,4,false)
(87,4,true)
(88,4,true)
(89,4,true)
(91,4,true)
(98,4,true)
(0,5,false)
(2,5,false)
(3,5,false)
(4,5,false)
(7,5,false)
(12,5,false)
(15,5,false)
(17,5,false)
(18,5,false)
(19,5,false)
(22,5,false)
(23,5,false)
(24,5,false)
(25,5,false)
(27,5,false)
(28,5,false)
(29,5,false)
(32,5,false)
(35,5,false)
(37,5,false)
(41,5,false)
(42,5,false)
(44,5,false)
(45,5,false)
(48,5,false)
(51,5,false)
(55,5,false)
(57,5,false)
(66,5,true)
(67,5,true)
(69,5,true)
(74,5,true)
(77,5,true)
(78,5,true)
(79,5,false)
(80,5,true)
(85,5,true)
(87,5,true)
(90,5,true)
(92,5,true)
(97,5,true)
(2,6,false)
(5,6,false)
(6,6,false)
(7,6,false)
(9,6,false)
(12,6,false)
(13,6,false)
(14,6,false)
(15,6,false)
(16,6,false)
(18,6,false)
(19,6,false)
(20,6,false)
(21,6,false)
(23,6,false)
(24,6,false)
(29,6,false)
(30,6,false)
(34,6,false)
(36,6,false)
(39,6,false)
(41,6,false)
(42,6,false)
(43,6,false)
(44,6,false)
(46,6,false)
(48,6,false)
(50,6,false)
(52,6,false)
(58,6,false)
(64,6,true)
(71,6,true)
(73,6,true)
(78,6,true)
(81,6,true)
(83,6,true)
(87,6,true)
(88,6,true)
(95,6,true)
(96,6,true)
(99,6,true)
(4,7,false)
(9,7,false)
(11,7,false)
(15,7,false)
(18,7,false)
(24,7,false)
(26,7,true)
(29,7,false)
(32,7,false)
(34,7,false)
(36,7,false)
(37,7,false)
(38,7,false)
(39,7,false)
(40,7,false)
(46,7,true)
(49,7,false)
(56,7,false)
(57,7,false)
(58,7,false)
(61,7,true)
(64,7,true)
(65,7,true)
(68,7,true)
(80,7,true)
(82,7,true)
(83,7,true)
(91,7,true)
(92,7,true)
(97,7,true)
(99,7,true)
(0,8,false)
(1,8,false)
(2,8,false)
(4,8,false)
(5,8,false)
(7,8,false)
(11,8,false)
(15,8,false)
(19,8,false)
(20,8,false)
(25,8,false)
(27,8,false)
(28,8,false)
(29,8,false)
(31,8,false)
(34,8,false)
(35,8,false)
(38,8,false)
(42,8,false)
(52,8,false)
(53,8,false)
(54,8,false)
(55,8,false)
(56,8,false)
(57,8,false)
(61,8,true)
(65,8,true)
(68,8,true)
(70,8,true)
(72,8,true)
(73,8,true)
(74,8,true)
(76,8,true)
(79,8,true)
(80,8,true)
(81,8,true)
(82,8,true)
(86,8,true)
(88,8,false)
(90,8,true)
(98,8,true)
(1,9,false)
(4,9,false)
(5,9,false)
(6,9,false)
(7,9,false)
(11,9,false)
(14,9,false)
(15,9,false)
(17,9,false)
(18,9,false)
(26,9,false)
(28,9,false)
(30,9,false)
(33,9,false)
(36,9,false)
(41,9,false)
(43,9,false)
(44,9,false)
(49,9,false)
(52,9,false)
(53,9,false)
(55,9,false)
(58,9,false)
(59,9,false)
(61,9,true)
(63,9,true)
(64,9,true)
(66,9,true)
(68,9,true)
(70,9,true)
(72,9,true)
(75,9,true)
(76,9,true)
(78,9,true)
(81,9,true)
(82,9,true)
(84,9,true)
(88,9,true)
(91,9,true)
(92,9,true)
(93,9,true)
(95,9,true)
(98,9,true)
(0,10,false)
(1,10,false)
(3,10,false)
(4,10,false)
(6,10,false)
(7,10,false)
(8,10,false)
(14,10,false)
(15,10,false)
(18,10,false)
(22,10,true)
(23,10,false)
(24,10,false)
(25,10,true)
(32,10,false)
(35,10,false)
(37,10,false)
(38,10,false)
(39,10,false)
(40,10,false)
(43,10,false)
(44,10,false)
(45,10,false)
(46,10,false)
(47,10,false)
(49,10,true)
(54,10,false)
(55,10,false)
(57,10,false)
(61,10,true)
(62,10,true)
(64,10,true)
(65,10,true)
(66,10,true)
(67,10,true)
(71,10,true)
(72,10,true)
(73,10,true)
(74,10,true)
(79,10,true)
(81,10,true)
(83,10,true)
(86,10,true)
(90,10,true)
(91,10,true)
(92,10,true)
(94,10,true)
(96,10,true)
(99,10,false)
(11,11,false)
(13,11,false)
(14,11,false)
(15,11,false)
(20,11,false)
(21,11,false)
(22,11,false)
(23,11,false)
(27,11,false)
(28,11,false)
(29,11,false)
(32,11,false)
(33,11,false)
(34,11,false)
(35,11,false)
(39,11,false)
(43,11,true)
(44,11,false)
(46,11,false)
(50,11,false)
(54,11,false)
(56,11,false)
(61,11,true)
(62,11,true)
(64,11,true)
(66,11,true)
(68,11,true)
(69,11,true)
(71,11,false)
(75,11,true)
(82,11,true)
(87,11,true)
(88,11,true)
(90,11,true)
(91,11,true)
(94,11,true)
(3,12,false)
(5,12,false)
(8,12,false)
(10,12,false)
(11,12,true)
(15,12,false)
(17,12,false)
(21,12,false)
(25,12,false)
(29,12,false)
(33,12,false)
(34,12,false)
(35,12,false)
(36,12,true)
(39,12,false)
(46,12,false)
(54,12,false)
(55,12,false)
(57,12,false)
(61,12,true)
(62,12,true)
(67,12,true)
(70,12,true)
(74,12,true)
(75,12,true)
(79,12,true)
(81,12,true)
(82,12,true)
(86,12,true)
(88,12,true)
(89,12,true)
(90,12,true)
(91,12,true)
(97,12,true)
(99,12,true)
(3,13,false)
(6,13,true)
(7,13,false)
(8,13,true)
(11,13,false)
(13,13,true)
(30,13,false)
(36,13,false)
(39,13,false)
(40,13,false)
(46,13,false)
(55,13,false)
(56,13,false)
(61,13,true)
(62,13,true)
(63,13,true)
(64,13,true)
(72,13,true)
(80,13,true)
(82,13,true)
(85,13,true)
(86,13,true)
(87,13,true)
(90,13,true)
(93,13,true)
(95,13,true)
(96,13,true)
(98,13,true)
(1,14,false)
(2,14,false)
(5,14,false)
(6,14,true)
(10,14,false)
(13,14,false)
(22,14,false)
(24,14,false)
(28,14,false)
(32,14,false)
(33,14,false)
(37,14,false)
(40,14,false)
(42,14,false)
(45,14,false)
(48,14,false)
(49,14,false)
(52,14,false)
(56,14,false)
(59,14,false)
(61,14,true)
(65,14,true)
(68,14,true)
(72,14,true)
(73,14,true)
(74,14,true)
(78,14,true)
(85,14,true)
(87,14,true)
(88,14,true)
(89,14,true)
(92,14,true)
(0,15,false)
(2,15,false)
(5,15,false)
(6,15,false)
(14,15,false)
(23,15,true)
(24,15,false)
(25,15,false)
(26,15,false)
(32,15,false)
(39,15,false)
(41,15,true)
(50,15,false)
(52,15,false)
(53,15,false)
(62,15,true)
(70,15,true)
(72,15,true)
(74,15,true)
(77,15,true)
(78,15,false)
(81,15,true)
(82,15,true)
(83,15,true)
(89,15,true)
(90,15,true)
(93,15,true)
(96,15,true)
(97,15,true)
(1,16,false)
(2,16,false)
(5,16,false)
(9,16,false)
(10,16,false)
(17,16,false)
(20,16,false)
(21,16,false)
(22,16,false)
(24,16,false)
(26,16,false)
(27,16,false)
(28,16,false)
(30,16,true)
(33,16,false)
(36,16,false)
(38,16,false)
(39,16,false)
(42,16,false)
(45,16,false)
(48,16,false)
(49,16,false)
(56,16,false)
(57,16,false)
(61,16,true)
(68,16,true)
(71,16,true)
(74,16,true)
(75,16,true)
(77,16,true)
(78,16,true)
(79,16,true)
(82,16,true)
(83,16,true)
(87,16,true)
(91,16,true)
(99,16,true)
(0,17,false)
(2,17,false)
(7,17,false)
(10,17,false)
(11,17,false)
(15,17,false)
(18,17,true)
(19,17,false)
(26,17,false)
(46,17,false)
(53,17,true)
(56,17,false)
(63,17,true)
(64,17,true)
(65,17,true)
(68,17,true)
(70,17,true)
(76,17,true)
(83,17,true)
(84,17,true)
(85,17,true)
(92,17,true)
(93,17,true)
(96,17,true)
(98,17,true)
(1,18,false)
(4,18,false)
(9,18,false)
(12,18,false)
(15,18,false)
(25,18,false)
(30,18,false)
(33,18,false)
(36,18,false)
(43,18,false)
(45,18,false)
(49,18,false)
(54,18,false)
(56,18,false)
(58,18,true)
(59,18,false)
(63,18,true)
(66,18,true)
(77,18,true)
(87,18,true)
(89,18,true)
(91,18,true)
(1,19,false)
(3,19,false)
(5,19,false)
(7,19,false)
(8,19,false)
(11,19,false)
(12,19,false)
(14,19,false)
(15,19,false)
(16,19,false)
(18,19,false)
(21,19,false)
(29,19,false)
(33,19,false)
(38,19,false)
(44,19,false)
(48,19,false)
(58,19,false)
(62,19,true)
(63,19,true)
(64,19,true)
(66,19,true)
(68,19,true)
(69,19,true)
(71,19,true)
(77,19,true)
(78,19,true)
(80,19,true)
(82,19,true)
(83,19,true)
(85,19,true)
(88,19,true)
(91,19,true)
(92,19,true)
(97,19,true)
(98,19,true)
(0,20,false)
(3,20,false)
(6,20,false)
(9,20,false)
(10,20,false)
(16,20,false)
(19,20,false)
(22,20,false)
(26,20,false)
(31,20,false)
(32,20,false)
(36,20,false)
(38,20,false)
(41,20,false)
(44,20,false)
(46,20,false)
(54,20,false)
(57,20,false)
(59,20,false)
(60,20,true)
(61,20,true)
(64,20,true)
(66,20,true)
(68,20,true)
(70,20,true)
(74,20,true)
(76,20,true)
(78,20,true)
(79,20,true)
(81,20,true)
(84,20,true)
(86,20,true)
(99,20,true)
(0,21,false)
(4,21,false)
(11,21,false)
(12,21,false)
(13,21,false)
(18,21,false)
(23,21,false)
(25,21,false)
(31,21,false)
(39,21,false)
(40,21,false)
(49,21,false)
(57,21,false)
(60,21,true)
(67,21,true)
(68,21,true)
(69,21,true)
(71,21,true)
(76,21,true)
(78,21,true)
(80,21,true)
(88,21,true)
(89,21,true)
(90,21,true)
(1,22,false)
(6,22,false)
(7,22,false)
(8,22,false)
(10,22,false)
(12,22,false)
(13,22,false)
(14,22,true)
(20,22,false)
(21,22,false)
(23,22,false)
(24,22,false)
(25,22,false)
(27,22,true)
(44,22,false)
(45,22,false)
(46,22,false)
(47,22,false)
(55,22,false)
(58,22,true)
(61,22,true)
(64,22,true)
(66,22,true)
(70,22,true)
(71,22,true)
(75,22,true)
(78,22,true)
(79,22,true)
(84,22,true)
(86,22,false)
(89,22,true)
(91,22,true)
(92,22,true)
(96,22,true)
(99,22,true)
(0,23,false)
(1,23,false)
(3,23,false)
(4,23,false)
(16,23,true)
(18,23,false)
(19,23,false)
(22,23,false)
(23,23,false)
(29,23,false)
(30,23,false)
(34,23,false)
(38,23,false)
(41,23,false)
(46,23,false)
(47,23,false)
(48,23,false)
(51,23,false)
(53,23,false)
(54,23,false)
(62,23,true)
(66,23,true)
(68,23,true)
(72,23,true)
(88,23,true)
(95,23,true)
(0,24,false)
(1,24,false)
(3,24,false)
(4,24,false)
(5,24,false)
(8,24,false)
(10,24,false)
(13,24,false)
(18,24,false)
(20,24,false)
(27,24,false)
(28,24,false)
(31,24,false)
(36,24,true)
(40,24,false)
(43,24,true)
(46,24,false)
(50,24,true)
(51,24,false)
(56,24,true)
(60,24,true)
(66,24,true)
(80,24,true)
(81,24,true)
(84,24,true)
(89,24,true)
(90,24,true)
(93,24,true)
(94,24,true)
(95,24,true)
(97,24,true)
(6,25,false)
(9,25,false)
(10,25,false)
(11,25,false)
(27,25,false)
(33,25,false)
(36,25,false)
(43,25,false)
(45,25,false)
(47,25,false)
(54,25,false)
(55,25,false)
(56,25,true)
(57,25,false)
(58,25,false)
(59,25,false)
(65,25,true)
(67,25,false)
(75,25,true)
(80,25,true)
(81,25,true)
(91,25,true)
(93,25,true)
(97,25,true)
(99,25,true)
(2,26,false)
(3,26,false)
(5,26,false)
(11,26,false)
(12,26,false)
(14,26,false)
(17,26,false)
(25,26,false)
(29,26,false)
(30,26,false)
(34,26,false)
(37,26,false)
(38,26,false)
(40,26,false)
(43,26,false)
(48,26,false)
(51,26,false)
(52,26,false)
(54,26,false)
(57,26,false)
(66,26,true)
(70,26,true)
(71,26,true)
(75,26,true)
(77,26,true)
(82,26,true)
(83,26,true)
(85,26,true)
(87,26,true)
(0,27,false)
(4,27,false)
(5,27,false)
(8,27,false)
(9,27,false)
(10,27,false)
(11,27,false)
(13,27,false)
(16,27,false)
(21,27,false)
(22,27,false)
(24,27,false)
(28,27,false)
(29,27,false)
(31,27,false)
(32,27,false)
(36,27,false)
(43,27,false)
(45,27,false)
(49,27,false)
(51,27,false)
(63,27,true)
(67,27,true)
(79,27,true)
(81,27,true)
(89,27,true)
(91,27,true)
(97,27,true)
(98,27,true)
(10,28,false)
(12,28,false)
(21,28,false)
(26,28,false)
(27,28,false)
(29,28,false)
(30,28,false)
(32,28,false)
(36,28,false)
(39,28,false)
(45,28,false)
(46,28,false)
(47,28,false)
(50,28,false)
(53,28,false)
(55,28,false)
(57,28,false)
(60,28,true)
(61,28,true)
(65,28,true)
(71,28,true)
(72,28,true)
(73,28,true)
(79,28,true)
(80,28,true)
(83,28,true)
(85,28,true)
(88,28,true)
(91,28,true)
(95,28,true)
(98,28,true)
(0,29,false)
(14,29,false)
(19,29,false)
(21,29,false)
(22,29,false)
(26,29,false)
(28,29,false)
(31,29,false)
(33,29,true)
(34,29,false)
(45,29,false)
(49,29,false)
(54,29,false)
(55,29,false)
(58,29,false)
(63,29,true)
(65,29,true)
(68,29,true)
(69,29,true)
(70,29,true)
(72,29,true)
(73,29,true)
(74,29,true)
(75,29,true)
(84,29,true)
(3,30,false)
(16,30,false)
(17,30,false)
(18,30,false)
(22,30,false)
(23,30,false)
(24,30,false)
(27,30,false)
(28,30,false)
(32,30,false)
(37,30,false)
(38,30,false)
(39,30,false)
(43,30,false)
(44,30,false)
(52,30,true)
(55,30,false)
(56,30,false)
(64,30,true)
(66,30,true)
(67,30,true)
(70,30,true)
(73,30,true)
(74,30,true)
(76,30,true)
(77,30,true)
(78,30,true)
(79,30,true)
(81,30,true)
(83,30,true)
(89,30,true)
(95,30,true)
(7,31,false)
(8,31,false)
(10,31,false)
(18,31,false)
(21,31,false)
(27,31,false)
(31,31,false)
(40,31,false)
(48,31,false)
(62,31,true)
(63,31,false)
(66,31,true)
(68,31,true)
(72,31,true)
(76,31,true)
(77,31,true)
(80,31,true)
(81,31,true)
(82,31,true)
(87,31,true)
(90,31,true)
(98,31,true)
(99,31,true)
(3,32,false)
(4,32,true)
(10,32,false)
(11,32,false)
(13,32,false)
(14,32,false)
(20,32,true)
(26,32,false)
(38,32,false)
(41,32,false)
(50,32,false)
(54,32,false)
(66,32,true)
(68,32,true)
(69,32,false)
(71,32,true)
(74,32,true)
(77,32,true)
(78,32,true)
(79,32,true)
(80,32,true)
(84,32,true)
(86,32,true)
(87,32,true)
(88,32,false)
(90,32,true)
(99,32,true)
(2,33,false)
(11,33,false)
(13,33,false)
(15,33,false)
(17,33,false)
(19,33,false)
(23,33,true)
(25,33,false)
(27,33,false)
(29,33,false)
(30,33,false)
(32,33,false)
(33,33,false)
(43,33,false)
(44,33,true)
(45,33,false)
(46,33,false)
(72,33,true)
(76,33,true)
(89,33,true)
(90,33,true)
(95,33,true)

(78,33)
(5,18)
(18,22)
(60,17)
(87,23)
(8,17)
(41,33)
(55,17)
(87,28)
(49,6)
(1,25)
(41,10)
(57,14)
(46,26)
(16,33)
(35,27)
(5,5)
(17,23)
(58,14)
(98,10)
(65,33)
(47,3)
(61,6)
(70,27)
(78,2)
(68,1)
(44,23)
(26,13)
(81,1)
(80,14)
(21,25)
(21,7)
(95,19)
(70,16)
(34,21)
(30,14)
(43,20)
(58,8)
(99,9)
(31,28)
(9,26)
(92,27)
(57,6)
(20,2)
(26,4)
(89,5)
(58,21)
(35,15)
(63,6)
(41,26)
(54,30)
(84,27)
(17,32)
(84,30)
(68,33)
(62,33)
(79,15)
(15,4)
(29,32)
(10,26)
(82,24)
(72,16)
(33,28)
(44,14)
(34,20)
(43,21)
(67,1)
(76,13)
(96,19)
(66,14)
(71,12)
(34,17)
(82,29)
(58,5)
(14,14)
(43,31)
(50,33)
(12,1)
(89,11)
(92,6)
(83,20)
(43,22)
(11,6)
(88,17)
(77,2)
(97,22)
(78,0)
(79,31)
(8,18)
(93,28)
(10,33)
(49,5)
(65,15)
(83,21)
(14,3)
(71,20)
(3,28)
(60,8)
(39,29)
(35,7)
(89,17)
(85,4)
(18,13)
(8,7)
(92,2)
(66,17)
(27,14)
(3,4)
(19,22)
(66,16)
(14,7)
(95,7)
(72,11)
(38,6)
(93,1)
(76,32)
(82,28)
(9,22)
(98,5)
(98,26)
(37,8)
(49,20)
(41,29)
(97,8)
(41,14)
(79,33)
(68,6)
(84,15)
(80,2)
(78,8)
(28,32)
(4,17)
(0,12)
(39,3)
(90,2)
(45,23)
(75,18)
(90,7)
(34,30)
(24,12)
(95,12)
(10,7)
(9,5)
(98,33)
(12,14)
(14,1)
(97,11)
(24,29)
(6,28)
(45,24)
(96,4)
(0,14)
(60,10)
(45,4)
(61,0)
(14,31)
(84,12)
(17,7)
(44,25)
(15,21)
(5,11)
(73,3)
(99,0)
(97,6)
(2,2)
(41,19)
(41,3)
(81,28)
(0,9)
(12,24)
(34,27)
(7,2)
(16,32)
(58,17)
(76,26)
(77,8)
(10,6)
(54,5)
(60,9)
(37,17)
(17,28)
(47,26)
(25,11)
(15,20)
(98,29)
(4,2)
(31,32)
(97,18)
(13,31)
(29,9)
(44,12)
(70,25)
(39,0)
(49,31)
(1,11)
(68,5)
(14,5)
(59,21)
(55,19)
(77,11)
(70,5)
(47,0)
(45,8)
(22,17)
(43,14)
(8,33)
(77,23)
(79,23)
(79,4)
(25,6)
(35,20)
(85,22)
(3,11)
(51,31)
(68,12)
(67,13)
(30,1)
(14,30)
(58,26)
(64,12)
(15,32)
(28,13)
(16,28)
(25,24)
(52,4)
(63,7)
(47,30)
(49,0)
(26,19)
(30,32)
(13,4)
(13,20)
(81,11)
(76,19)
(36,11)
(13,18)
(52,1)
(6,18)
(79,21)
(32,18)
(84,5)
(65,16)
(18,18)
(66,29)
(43,17)
(52,0)
(31,9)
(46,16)
(51,1)
(32,16)
(61,23)
(67,4)
(27,23)
(11,14)
(6,26)
(69,24)
(80,27)
(97,21)
(14,8)
(72,25)
(94,8)
(21,20)
(43,23)
(32,17)
(12,2)
(18,12)
(78,17)
(33,20)
(41,18)
(23,31)
(55,24)
(83,4)
(96,9)
(9,1)
(29,10)
(28,17)
(96,2)
(60,5)
(60,7)
(14,33)
(71,27)
(97,16)
(53,6)
(14,17)
(6,3)
(99,27)
(20,25)
(90,19)
(36,21)
(83,27)
(86,18)
(50,30)
(38,18)
(44,21)
(38,15)
(57,32)
(79,18)
(18,32)
(66,8)
(81,21)
(85,12)
(0,30)
(87,17)
(56,31)
(36,5)
(31,6)
(77,25)
(56,2)
(87,9)
(81,22)
(16,26)
(77,27)
(1,27)
(74,3)
(64,4)
(61,5)
(34,4)
(93,5)
(15,15)
(70,4)
(59,10)
(39,5)
(45,12)
(80,23)
(22,31)
(47,27)
(8,0)
(94,33)
(97,9)
(34,25)
(69,23)
(40,23)
(87,21)
(13,5)
(99,1)
(46,15)
(58,12)
(71,30)
(14,24)
(76,2)
(74,1)
(24,33)
(93,21)
(32,8)
(22,25)
(55,23)
(15,23)
(64,15)
(54,31)
(39,26)
(62,21)
(84,8)
(44,8)
(75,1)
(8,4)
(87,10)
(0,0)
(85,9)
(42,30)
(50,9)
(39,8)
(12,9)
(53,11)
(36,8)
(35,17)
(46,29)
(72,3)
(41,2)
(33,10)
(93,26)
(40,18)
(49,23)
(33,31)
(82,32)
(26,8)
(90,20)
(92,16)
(91,5)
(11,5)
(45,7)
(9,10)
(37,2)
(72,5)
(79,26)
(88,20)
(27,27)
(56,10)
(71,15)
(91,6)
(77,0)
(55,15)
(51,2)
(16,25)
(62,17)
(91,17)
(3,9)
(5,10)
(81,26)
(80,6)
(54,19)
(87,7)
(15,28)
(6,0)
(56,15)
(73,13)
(80,20)
(18,28)
(54,24)
(59,16)
(92,25)
(87,15)
(0,22)
(44,18)
(0,19)
(81,5)
(25,17)
(65,1)
(39,27)
(90,16)
(38,21)
(67,18)
(7,7)
(88,10)
(28,28)
(93,8)
(81,32)
(87,3)
(12,11)
(97,4)
(16,16)
(80,10)
(43,32)
(43,4)
(39,20)
(85,23)
(6,8)
(15,22)
(63,15)
(60,30)
(7,15)
(83,11)
(9,14)
(36,33)
(60,6)
(93,32)
(36,30)
(65,27)
(88,5)
(76,16)
(92,15)
(59,24)
(11,29)
(40,8)
(96,7)
(97,32)
(58,16)
(47,33)
(6,7)
(17,31)
(84,2)
(68,22)
(16,31)
(85,10)
(61,18)
(52,17)
(59,30)
(50,21)
(31,5)
(52,20)
(99,33)
(19,26)
(73,23)
(82,2)
(26,30)
(70,31)
(2,21)
(6,12)
(29,18)
(1,32)
(94,27)
(58,33)
(55,33)
(48,8)
(67,20)
(9,21)
(75,6)
(13,10)
(2,11)
(62,30)
(24,17)
(55,20)
(82,6)
(40,4)
(29,21)
(70,2)
(90,29)
(61,19)
(8,1)
(83,33)
(41,31)
(30,10)
(51,19)
(5,21)
(88,33)
(30,8)
(61,15)
(20,5)
(76,29)
(0,32)
(1,29)
(59,13)
(69,28)
(59,15)
(7,24)
(80,11)
(74,17)
(75,21)
(6,24)
(21,24)
(80,12)
(27,7)
(99,5)
(18,2)
(14,16)
(99,19)
(71,8)
(64,29)
(98,6)
(58,15)
(90,26)
(35,32)
(78,3)
(81,14)
(32,6)
(18,25)
(4,29)
(76,11)
(11,24)
(35,0)
(67,7)
(97,20)
(26,14)
(22,18)
(91,8)
(42,26)
(50,22)
(39,32)
(79,29)
(22,7)
(2,24)
(62,24)
(39,31)
(59,23)
(98,11)
(37,21)
(90,6)
(79,7)
(82,5)
(3,31)
(90,14)
(52,3)
(38,12)
(7,14)
(40,30)
(73,20)
(12,15)
(78,29)
(46,5)
(73,2)
(42,17)
(10,8)
(15,27)
(21,23)
(39,23)
(78,13)
(43,7)
(7,33)
(38,5)
(24,3)
(3,29)
(33,6)
(32,26)
(72,12)
(51,22)
(51,10)
(32,25)
(75,7)
(50,10)
(54,6)
(68,4)
(98,3)
(94,5)
(39,24)
(78,24)
(98,12)
(40,17)
(26,6)
(5,32)
(16,5)
(13,7)
(58,10)
(79,24)
(7,30)
(82,23)
(54,15)
(37,18)
(60,29)
(89,6)
(31,25)
(94,15)
(22,1)
(69,2)
(7,23)
(16,29)
(97,1)
(31,3)
(56,6)
(14,21)
(61,17)
(2,27)
(74,18)
(65,23)
(79,17)
(33,4)
(42,12)
(94,9)
(41,13)
(79,25)
(5,20)
(66,2)
(8,9)
(81,23)
(75,32)
(27,13)
(87,8)
(41,16)
(36,15)
(0,6)
(46,30)
(18,16)
(80,3)
(42,20)
(17,21)
(29,29)
(53,10)
(3,17)
(9,2)
(99,13)
(42,11)
(91,30)
(2,25)
(79,9)
(47,6)
(47,12)
(32,32)
(11,30)
(59,6)
(3,16)
(1,20)
(23,13)
(52,16)
(11,23)
(98,25)
(2,20)
(79,11)
(7,28)
(41,17)
(35,16)
(81,29)
(0,28)
(60,25)
(62,26)
(32,22)
(93,27)
(34,28)
(5,23)
(42,13)
(76,24)
(73,5)
(84,26)
(29,13)
(20,13)
(74,6)
(59,1)
(68,28)
(88,24)
(96,5)
(15,31)
(26,18)
(76,23)
(72,19)
(5,29)
(72,22)
(40,12)
(2,9)
(77,17)
(43,1)
(86,23)
(69,22)
(47,18)
(58,2)
(48,28)
(89,26)
(99,14)
(1,2)
(53,19)
(46,18)
(20,10)
(98,20)
(38,24)
(59,17)
(0,4)
(55,21)
(50,14)
(63,11)
(58,11)
(81,7)
(39,19)
(67,31)
(48,13)
(3,25)
(8,8)
(58,31)
(10,21)
(95,31)
(63,16)
(2,3)
(31,14)
(3,6)
(55,27)
(29,15)
(38,22)
(52,18)
(71,2)
(68,15)
(58,24)
(43,5)
(2,23)
(44,28)
(52,19)
(70,32)
(21,2)
(63,10)
(73,31)
(77,22)
(41,21)
(21,32)
(0,16)
(83,22)
(97,26)
(75,15)
(99,4)
(24,19)
(63,1)
(97,30)
(90,17)
(98,24)
(38,27)
(80,26)
(58,23)
(40,1)
(60,23)
(1,1)
(67,26)
(24,13)
(99,18)
(42,9)
(98,7)
(92,23)
(84,10)
(85,16)
(23,9)
(82,22)
(46,1)
(17,22)
(65,24)
(60,18)
(46,14)
(97,23)
(99,15)
(98,22)
(55,7)
(89,25)
(11,2)
(25,25)
(0,31)
(55,14)
(25,0)
(35,25)
(21,30)
(44,15)
(84,14)
(83,1)
(24,11)
(4,25)
(18,15)
(55,11)
(9,8)
(64,27)
(1,26)
(13,8)
(32,1)
(40,20)
(54,21)
(15,25)
(49,30)
(10,1)
(73,25)
(67,16)
(58,27)
(97,33)
(4,12)
(19,18)
(20,21)
(4,19)
(94,18)
(52,21)
(72,26)
(39,18)
(89,23)
(30,25)
(31,22)
(79,13)
(65,12)
(88,29)
(34,3)
(25,29)
(77,13)
(68,10)
(94,21)
(62,27)
(46,27)
(59,27)
(73,33)
(75,5)
(19,19)
(59,28)
(72,24)
(60,11)
(70,21)
(30,3)
(70,6)
(52,31)
(70,13)
(7,18)
(32,12)
(88,31)
(98,23)
(83,32)
(16,8)
(95,4)
(83,3)
(50,8)
(11,20)
(66,15)
(20,31)
(44,13)
(94,12)
(36,10)
(31,2)
(71,3)
(82,33)
(67,8)
(53,4)
(27,26)
(84,19)
(73,21)
(62,8)
(81,2)
(42,25)
(96,30)
(40,2)
(46,19)
(27,29)
(91,14)
(45,15)
(30,21)
(83,25)
(18,1)
(95,2)
(1,21)
(89,32)
(1,4)
(73,1)
(56,28)
(6,30)
(10,19)
(63,4)
(9,33)
(35,28)
(45,13)
(2,22)
(79,14)
(53,25)
(59,29)
(82,4)
(54,7)
(99,24)
(86,25)
(34,22)
(94,4)
(9,19)
(22,15)
(50,1)
(80,29)
(72,30)
(92,11)
(64,0)
(90,4)
(63,21)
(75,13)
(82,25)
(56,26)
(91,21)
(46,31)
(14,23)
(60,31)
(33,5)
(39,9)
(30,27)
(79,6)
(68,27)
(21,5)
(77,20)
(10,0)
(86,9)
(38,29)
(7,12)
(67,14)
(45,2)
(98,21)
(67,19)
(31,12)
(43,28)
(58,32)
(68,18)
(88,15)
(13,29)
(41,7)
(99,23)
(63,5)
(12,8)
(16,13)
(25,9)
(40,0)
(98,15)
(75,30)
(16,2)
(18,29)
(66,1)
(33,2)
(68,30)
(69,20)
(31,18)
(47,9)
(74,19)
(70,18)
(1,5)
(65,9)
(95,20)
(20,18)
(17,1)
(68,24)
(41,12)
(26,21)
(23,7)
(28,20)
(20,15)
(29,20)
(79,19)
(69,13)
(81,19)
(67,6)
(41,22)
(55,16)
(60,16)
(56,20)
(50,12)
(62,22)
(47,29)
(59,11)
(84,16)
(18,33)
(21,14)
(45,6)
(7,27)
(51,8)
(73,11)
(70,7)
(55,18)
(13,12)
(70,33)
(7,11)
(89,9)
(15,26)
(12,7)
(69,30)
(45,19)
(16,18)
(96,25)
(96,32)
(42,31)
(84,23)
(18,11)
(76,7)
(59,2)
(11,16)
(43,15)
(16,24)
(29,4)
(34,13)
(34,5)
(81,16)
(65,31)
(95,11)
(53,33)
(51,12)
(13,26)
(33,13)
(58,13)
(89,31)
(88,2)
(59,7)
(62,7)
(93,30)
(41,24)
(69,9)
(26,5)
(67,29)
(69,3)
(70,10)
(16,11)
(96,24)
(39,14)
(95,5)
(63,24)
(92,12)
(87,1)
(66,4)
(8,15)
(94,32)
(93,7)
(75,10)
(11,3)
(78,11)
(84,7)
(12,17)
(50,23)
(70,19)
(41,30)
(73,15)
(0,18)
(95,32)
(82,18)
(90,30)
(71,18)
(37,20)
(87,12)
(74,28)
(76,27)
(88,18)
(52,25)
(74,9)
(92,13)
(5,13)
(28,31)
(81,18)
(61,33)
(62,25)
(19,11)
(26,33)
(66,12)
(49,22)
(34,2)
(96,26)
(36,17)
(19,25)
(38,33)
(36,23)
(1,3)
(12,20)
(11,15)
(84,21)
(55,6)
(50,19)
(95,1)
(90,28)
(95,18)
(15,13)
(31,30)
(95,25)
(27,12)
(43,29)
(95,8)
(37,16)
(16,10)
(47,11)
(45,21)
(65,11)
(20,28)
(14,12)
(86,14)
(53,18)
(93,4)
(71,7)
(92,8)
(98,18)
(19,24)
(93,23)
(41,8)
(42,27)
(63,30)
(51,13)
(83,2)
(1,15)
(66,21)
(23,0)
(71,9)
(14,27)
(23,26)
(73,27)
(96,12)
(27,20)
(36,32)
(30,5)
(84,25)
(70,23)
(73,18)
(76,25)
(15,30)
(20,20)
(44,16)
(75,27)
(5,7)
(81,13)
(83,29)
(16,9)
(66,25)
(41,25)
(60,12)
(40,25)
(36,14)
(53,20)
(47,5)
(94,13)
(2,10)
(32,23)
(71,17)
(83,13)
(97,3)
(12,16)
(42,15)
(24,24)
(53,24)
(0,7)
(87,30)
(29,17)
(62,28)
(25,19)
(45,11)
(65,30)
(24,23)
(57,4)
(2,28)
(98,32)
(8,26)
(99,21)
(46,4)
(19,31)
(22,12)
(49,11)
(53,30)
(25,28)
(89,8)
(0,11)
(63,28)
(1,7)
(46,9)
(80,17)
(84,28)
(92,20)
(41,11)
(65,32)
(23,18)
(3,22)
(58,20)
(85,24)
(70,14)
(38,25)
(95,22)
(18,8)
(16,21)
(13,17)
(65,20)
(45,26)
(83,14)
(48,10)
(42,7)
(13,23)
(29,30)
(16,22)
(60,22)
(78,26)
(12,33)
(9,13)
(54,9)
(29,16)
(31,17)
(39,17)
(28,7)
(23,14)
(56,19)
(3,15)
(10,9)
(42,19)
(35,19)
(13,16)
(4,14)
(64,8)
(54,14)
(39,25)
(0,26)
(68,13)
(28,19)
(3,21)
(68,26)
(30,7)
(68,25)
(31,11)
(24,20)
(30,12)
(49,17)
(64,25)
(69,12)
(78,7)
(32,13)
(70,28)
(67,33)
(41,28)
(94,19)
(19,16)
(31,15)
(55,2)
(49,32)
(31,26)
(71,25)
(85,18)
(34,24)
(98,14)
(5,25)
(77,24)
(57,33)
(45,17)
(63,22)
(83,8)
(19,30)
(11,28)
(37,3)
(41,27)
(8,20)
(97,14)
(16,17)
(78,28)
(57,17)
(7,4)
(96,3)
(28,26)
(49,26)
(60,13)
(13,30)
(95,16)
(86,33)
(4,15)
(27,10)
(47,19)
(69,10)
(56,23)
(10,10)
(39,22)
(65,13)
(66,27)
(99,30)
(2,29)
(14,18)
(58,30)
(8,32)
(96,18)
(92,4)
(7,21)
(34,19)
(22,19)
(95,3)
(89,7)
(20,14)
(90,27)
(98,16)
(10,2)
(13,25)
(65,22)
(87,25)
(64,26)
(86,29)
(15,29)
(8,6)
(63,14)
(87,33)
(4,11)
(66,6)
(32,9)
(48,17)
(29,31)
(15,24)
(33,7)
(17,25)
(18,14)
(63,12)
(50,20)
(49,19)
(88,27)
(58,28)
(24,4)
(19,21)
(53,31)
(39,33)
(97,13)
(24,18)
(56,12)
(6,23)
(64,14)
(19,13)
(36,2)
(33,26)
(83,12)
(64,32)
(66,28)
(29,14)
(30,24)
(27,19)
(29,22)
(92,21)
(57,24)
(45,9)
(51,14)
(8,25)
(11,22)
(71,24)
(57,1)
(19,12)
(7,16)
(46,8)
(19,14)
(85,30)
(67,11)
(43,8)
(21,13)
(30,20)
(20,30)
(92,31)
(51,9)
(4,22)
(99,26)
(93,6)
(23,20)
(94,22)
(80,33)
(46,32)
(15,16)
(84,11)
(96,23)
(60,19)
(66,33)
(6,21)
(84,13)
(50,5)
(47,17)
(90,22)
(44,4)
(35,22)
(52,7)
(67,15)
(77,28)
(26,24)
(95,27)
(99,28)
(7,29)
(76,15)
(92,24)
(99,8)
(23,8)
(13,19)
(71,5)
(84,31)
(66,7)
(47,8)
(31,33)
(8,3)
(3,27)
(86,28)
(67,28)
(55,31)
(59,5)
(89,19)
(99,11)
(29,24)
(29,25)
(35,13)
(60,15)
(3,8)
(91,3)
(10,11)
(8,30)
(83,5)
(73,26)
(0,13)
(76,5)
(60,33)
(91,15)
(63,20)
(59,26)
(63,33)
(86,15)
(3,7)
(54,28)
(8,29)
(59,22)
(5,33)
(78,10)
(82,21)
(60,1)
(87,29)
(49,28)
(96,31)
(76,18)
(7,26)
(98,30)
(88,26)
(30,30)
(32,29)
(24,21)
(34,33)
(30,19)
(71,13)
(43,16)
(75,17)
(16,14)
(18,27)
(20,9)
(49,33)
(33,15)
(71,29)
(51,16)
(37,25)
(51,21)
(73,24)
(13,28)
(8,5)
(6,27)
(60,26)
(46,25)
(69,33)
(31,23)
(14,13)
(62,20)
(26,25)
(37,9)
(84,33)
(88,16)
(11,10)
(15,14)
(60,32)
(22,9)
(63,26)
(28,2)
(67,23)
(36,19)
(97,31)
(85,8)
(46,21)
(4,28)
(49,13)
(47,13)
(73,16)
(59,4)
(32,4)
(7,32)
(18,20)
(52,27)
(87,22)
(72,27)
(78,23)
(62,18)
(5,17)
(32,24)
(88,22)
(6,29)
(43,13)
(7,20)
(54,22)
(90,25)
(30,15)
(95,14)
(23,32)
(99,29)
(45,32)
(53,13)
(7,25)
(84,6)
(63,25)
(52,33)
(56,33)
(75,28)
(33,8)
(77,10)
(8,21)
(11,31)
(85,2)
(51,11)
(96,27)
(66,13)
(77,9)
(22,33)
(78,25)
(86,26)
(10,5)
(10,23)
(62,5)
(56,9)
(69,17)
(91,29)
(81,17)
(43,3)
(9,0)
(52,22)
(31,13)
(91,20)
(57,15)
(19,28)
(32,19)
(35,9)
(94,2)
(8,23)
(57,11)
(8,16)
(84,18)
(87,24)
(89,13)
(77,33)
(71,33)
(93,12)
(86,31)
(22,13)
(86,5)
(45,20)
(28,18)
(64,23)
(62,9)
(71,31)
(55,26)
(93,16)
(50,16)
(27,18)
(37,1)
(32,21)
(53,27)
(67,9)
(13,9)
(43,12)
(97,28)
(36,31)
(51,32)
(89,28)
(50,18)
(59,12)
(12,12)
(12,10)
(92,26)
(9,9)
(22,2)
(89,16)
(91,24)
(44,0)
(18,26)
(88,7)
(43,19)
(49,25)
(11,18)
(85,25)
(96,29)
(81,4)
(28,10)
(78,12)
(97,29)
(57,27)
(28,33)
(28,21)
(42,10)
(14,20)
(57,22)
(23,19)
(31,7)
(8,11)
(40,22)
(35,31)
(92,18)
(42,18)
(2,19)
(47,7)
(42,28)
(93,10)
(36,22)
(16,15)
(20,17)
(67,32)
(61,4)
(37,31)
(90,9)
(86,30)
(0,25)
(69,16)
(35,21)
(35,24)
(25,32)
(22,8)
(4,26)
(65,21)
(57,29)
(61,24)
(57,30)
(62,32)
(73,12)
(56,21)
(59,8)
(19,27)
(88,13)
(19,7)
(59,32)
(73,19)
(97,17)
(77,21)
(35,6)
(73,17)
(23,2)
(94,6)
(36,26)
(6,16)
(90,23)
(86,4)
(90,18)
(45,30)
(21,9)
(45,31)
(93,14)
(85,32)
(57,9)
(6,11)
(93,11)
(54,27)
(9,12)
(83,23)
(82,17)
(94,14)
(76,12)
(71,14)
(62,14)
(64,16)
(19,9)
(87,19)
(40,15)
(93,19)
(22,26)
(63,8)
(42,22)
(54,13)
(73,9)
(25,30)
(23,17)
(57,18)
(89,20)
(81,33)
(95,29)
(57,23)
(40,32)
(36,29)
(52,11)
(24,9)
(0,33)
(14,25)
(9,29)
(62,16)
(75,31)
(73,7)
(44,31)
(14,28)
(91,26)
(67,24)
(13,15)
(17,29)
(87,27)
(2,30)
(1,6)
(77,3)
(86,6)
(82,14)
(92,33)
(70,11)
(82,30)
(67,22)
(54,33)
(56,22)
(69,4)
(8,28)
(16,12)
(10,18)
(27,17)
(10,29)
(9,11)
(28,25)
(56,32)
(87,20)
(20,23)
(16,7)
(4,13)
(44,26)
(12,31)
(33,21)
(62,29)
(54,16)
(96,20)
(17,11)
(12,27)
(50,7)
(20,26)
(51,15)
(88,25)
(64,21)
(86,27)
(96,16)
(47,15)
(80,9)
(30,11)
(96,21)
(40,9)
(47,16)
(32,31)
(10,13)
(89,29)
(51,29)
(35,18)
(55,32)
(2,4)
(4,31)
(50,13)
(3,18)
(27,32)
(85,31)
(10,15)
(96,14)
(61,21)
(63,23)
(9,28)
(75,8)
(54,17)
(51,18)
(99,17)
(73,4)
(26,26)
(96,8)
(19,10)
(82,10)
(88,30)
(8,14)
(70,24)
(77,6)
(26,23)
(48,9)
(42,24)
(63,32)
(28,15)
(24,28)
(69,27)
(6,17)
(30,22)
(2,18)
(61,25)
(83,31)
(96,33)
(37,27)
(49,8)
(97,10)
(53,16)
(56,4)
(34,32)
(47,20)
(25,4)
(82,20)
(17,19)
(37,33)
(65,2)
(59,31)
(1,30)
(52,10)
(12,29)
(74,7)
(64,24)
(24,25)
(33,24)
(12,23)
(25,27)
(27,6)
(57,13)
(1,28)
(51,33)
(65,19)
(17,20)
(37,28)
(76,6)
(37,19)
(96,11)
(77,12)
(80,4)
(38,14)
(89,10)
(76,22)
(56,5)
(94,16)
(35,26)
(67,17)
(4,20)
(86,17)
(17,6)
(56,29)
(56,27)
(74,25)
(65,26)
(9,17)
(64,5)
(34,31)
(86,24)
(86,16)
(9,3)
(27,21)
(91,33)
(25,3)
(64,18)
(40,16)
(40,27)
(9,23)
(50,17)
(91,31)
(82,27)
(27,1)
(92,30)
(62,6)
(91,32)
(95,15)
(26,11)
(24,31)
(64,31)
(95,26)
(35,14)
(85,11)
(3,14)
(40,5)
(65,5)
(94,17)
(4,16)
(75,14)
(28,12)
(22,21)
(10,30)
(24,8)
(65,6)
(42,32)
(96,28)
(20,7)
(94,25)
(94,23)
(40,33)
(20,33)
(76,14)
(73,22)
(2,12)
(20,27)
(93,31)
(6,33)
(86,21)
(78,27)
(71,23)
(28,6)
(86,19)
(30,29)
(53,12)
(65,18)
(74,13)
(61,29)
(24,32)
(12,13)
(5,28)
(4,33)
(53,5)
(21,15)
(59,19)
(47,21)
(78,18)
(4,30)
(20,19)
(78,31)
(44,7)
(50,25)
(95,21)
(25,13)
(34,15)
(2,13)
(35,4)
(9,15)
(33,22)
(60,3)
(20,29)
(3,33)
(72,17)
(72,6)
(73,32)
(48,0)
(53,26)
(92,32)
(20,12)
(69,25)
(69,7)
(5,22)
(12,25)
(27,9)
(80,22)
(25,14)
(83,9)
(24,26)
(50,26)
(64,33)
(47,24)
(28,22)
(61,30)
(47,31)
(22,24)
(92,3)
(47,32)
(21,8)
(77,14)
(9,32)
(31,10)
(92,29)
(34,14)
(95,17)
(53,21)
(77,7)
(38,13)
(22,28)
(93,2)
(64,28)
(52,5)
(95,10)
(25,23)
(75,24)
(33,32)
(2,31)
(77,29)
(26,27)
(31,16)
(40,11)
(53,22)
(94,7)
(12,32)
(47,14)
(12,30)
(86,7)
(60,14)
(72,32)
(75,20)
(60,27)
(53,29)
(94,28)
(94,31)
(28,23)
(49,15)
(42,33)
(83,18)
(80,15)
(49,12)
(27,15)
(61,32)
(57,31)
(69,1)
(17,17)
(35,30)
(52,29)
(2,32)
(86,11)
(23,27)
(17,10)
(17,18)
(83,24)
(4,6)
