300 Users
34 Files
2000 Transactions
2 Maximum Connections
1 Cycle Length per Upload-Download
0 Warm-up Transactions
0.400000 Zipf constant
5 Pre-Trusted Users
120 Well-Behaved (Good) Users
180 Purely Malicious Users
0 Feedback Skewing Users
0 Malignant Providing Users
0 Disguised Malicous Users
0 Sybil Attack Users
true Intelligent Trans. Generation
1561014552092 Trace Generation Seed

(0.051649,0.000000,1,false)
(0.068062,0.000000,1,false)
(0.058710,0.000000,1,false)
(0.078690,0.000000,1,false)
(0.058119,0.000000,1,false)
(0.059874,0.000000,1,false)
(0.077601,0.000000,1,false)
(0.078198,0.000000,1,false)
(0.033169,0.000000,1,false)
(0.018184,0.000000,1,false)
(0.018333,0.000000,1,false)
(0.048272,0.000000,1,false)
(0.029435,0.000000,1,false)
(0.027478,0.000000,1,false)
(0.037860,0.000000,1,false)
(0.038866,0.000000,1,false)
(0.085338,0.000000,1,false)
(0.020938,0.000000,1,false)
(0.089929,0.000000,1,false)
(0.088678,0.000000,1,false)
(0.040489,0.000000,1,false)
(0.097713,0.000000,1,false)
(0.060870,0.000000,1,false)
(0.077661,0.000000,1,false)
(0.002935,0.000000,1,false)
(0.002731,0.000000,1,false)
(0.092168,0.000000,1,false)
(0.051991,0.000000,1,false)
(0.090488,0.000000,1,false)
(0.050022,0.000000,1,false)
(0.048440,0.000000,1,false)
(0.047008,0.000000,1,false)
(0.010684,0.000000,1,false)
(0.060442,0.000000,1,false)
(0.083281,0.000000,1,false)
(0.037707,0.000000,1,false)
(0.014284,0.000000,1,false)
(0.027784,0.000000,1,false)
(0.027423,0.000000,1,false)
(0.053417,0.000000,1,false)
(0.055816,0.000000,1,false)
(0.023413,0.000000,1,false)
(0.073750,0.000000,1,false)
(0.003628,0.000000,1,false)
(0.021278,0.000000,1,false)
(0.098920,0.000000,1,false)
(0.061920,0.000000,1,false)
(0.075244,0.000000,1,false)
(0.037931,0.000000,1,false)
(0.048703,0.000000,1,false)
(0.071718,0.000000,1,false)
(0.078088,0.000000,1,false)
(0.064007,0.000000,1,false)
(0.049953,0.000000,1,false)
(0.018709,0.000000,1,false)
(0.035095,0.000000,1,false)
(0.067194,0.000000,1,false)
(0.006237,0.000000,1,false)
(0.008380,0.000000,1,false)
(0.036381,0.000000,1,false)
(0.039942,0.000000,1,false)
(0.082654,0.000000,1,false)
(0.045669,0.000000,1,false)
(0.002265,0.000000,1,false)
(0.066870,0.000000,1,false)
(0.035497,0.000000,1,false)
(0.015632,0.000000,1,false)
(0.029311,0.000000,1,false)
(0.055020,0.000000,1,false)
(0.007435,0.000000,1,false)
(0.047968,0.000000,1,false)
(0.025607,0.000000,1,false)
(0.061214,0.000000,1,false)
(0.080388,0.000000,1,false)
(0.053233,0.000000,1,false)
(0.076724,0.000000,1,false)
(0.002401,0.000000,1,false)
(0.052611,0.000000,1,false)
(0.071770,0.000000,1,false)
(0.022210,0.000000,1,false)
(0.014742,0.000000,1,false)
(0.033933,0.000000,1,false)
(0.007758,0.000000,1,false)
(0.063936,0.000000,1,false)
(0.034994,0.000000,1,false)
(0.033673,0.000000,1,false)
(0.030240,0.000000,1,false)
(0.072293,0.000000,1,false)
(0.013884,0.000000,1,false)
(0.049420,0.000000,1,false)
(0.010590,0.000000,1,false)
(0.003935,0.000000,1,false)
(0.035248,0.000000,1,false)
(0.051727,0.000000,1,false)
(0.031600,0.000000,1,false)
(0.095692,0.000000,1,false)
(0.007043,0.000000,1,false)
(0.099656,0.000000,1,false)
(0.047232,0.000000,1,false)
(0.053250,0.000000,1,false)
(0.010733,0.000000,1,false)
(0.015225,0.000000,1,false)
(0.094012,0.000000,1,false)
(0.010334,0.000000,1,false)
(0.044077,0.000000,1,false)
(0.090965,0.000000,1,false)
(0.055203,0.000000,1,false)
(0.094384,0.000000,1,false)
(0.069026,0.000000,1,false)
(0.004133,0.000000,1,false)
(0.057048,0.000000,1,false)
(0.098095,0.000000,1,false)
(0.081211,0.000000,1,false)
(0.063562,0.000000,1,false)
(0.032775,0.000000,1,false)
(0.022690,0.000000,1,false)
(0.050407,0.000000,1,false)
(0.020681,0.000000,1,false)
(0.024509,0.000000,1,false)
(0.028426,0.000000,1,false)
(0.042409,0.000000,1,false)
(0.034961,0.000000,1,false)
(0.005817,0.000000,1,false)
(0.000593,0.000000,1,false)
(0.021902,0.000000,1,false)
(0.095827,0.000000,1,false)
(0.098373,0.000000,1,false)
(0.015135,0.000000,1,false)
(0.053205,0.000000,1,false)
(0.068036,0.000000,1,false)
(0.025031,0.000000,1,false)
(0.067035,0.000000,1,false)
(0.061163,0.000000,1,false)
(0.045585,0.000000,1,false)
(0.088620,0.000000,1,false)
(0.006726,0.000000,1,false)
(0.088019,0.000000,1,false)
(0.070395,0.000000,1,false)
(0.090814,0.000000,1,false)
(0.015052,0.000000,1,false)
(0.083725,0.000000,1,false)
(0.096351,0.000000,1,false)
(0.008708,0.000000,1,false)
(0.035678,0.000000,1,false)
(0.096977,0.000000,1,false)
(0.056697,0.000000,1,false)
(0.028038,0.000000,1,false)
(0.075353,0.000000,1,false)
(0.092133,0.000000,1,false)
(0.023373,0.000000,1,false)
(0.091473,0.000000,1,false)
(0.077056,0.000000,1,false)
(0.003233,0.000000,1,false)
(0.030556,0.000000,1,false)
(0.058007,0.000000,1,false)
(0.068810,0.000000,1,false)
(0.050477,0.000000,1,false)
(0.071495,0.000000,1,false)
(0.085198,0.000000,1,false)
(0.091840,0.000000,1,false)
(0.086834,0.000000,1,false)
(0.067666,0.000000,1,false)
(0.039841,0.000000,1,false)
(0.015730,0.000000,1,false)
(0.012829,0.000000,1,false)
(0.052333,0.000000,1,false)
(0.014644,0.000000,1,false)
(0.055380,0.000000,1,false)
(0.096120,0.000000,1,false)
(0.006808,0.000000,1,false)
(0.078579,0.000000,1,false)
(0.014826,0.000000,1,false)
(0.059116,0.000000,1,false)
(0.037007,0.000000,1,false)
(0.016781,0.000000,1,false)
(0.096339,0.000000,1,false)
(0.052689,0.000000,1,false)
(0.080344,0.000000,1,false)
(0.022244,0.000000,1,false)
(0.029748,0.000000,1,false)
(0.983069,1.000000,0,true)
(0.911425,1.000000,0,true)
(0.913992,1.000000,0,true)
(0.903456,1.000000,0,true)
(0.959059,1.000000,0,true)
(0.959118,1.000000,0,false)
(0.904848,1.000000,0,false)
(0.953912,1.000000,0,false)
(0.927192,1.000000,0,false)
(0.996677,1.000000,0,false)
(0.911389,1.000000,0,false)
(0.972885,1.000000,0,false)
(0.901794,1.000000,0,false)
(0.934291,1.000000,0,false)
(0.960289,1.000000,0,false)
(0.913262,1.000000,0,false)
(0.998535,1.000000,0,false)
(0.944981,1.000000,0,false)
(0.968766,1.000000,0,false)
(0.978724,1.000000,0,false)
(0.953513,1.000000,0,false)
(0.954325,1.000000,0,false)
(0.935996,1.000000,0,false)
(0.901505,1.000000,0,false)
(0.933451,1.000000,0,false)
(0.938685,1.000000,0,false)
(0.906878,1.000000,0,false)
(0.990776,1.000000,0,false)
(0.968172,1.000000,0,false)
(0.909871,1.000000,0,false)
(0.982608,1.000000,0,false)
(0.952199,1.000000,0,false)
(0.928627,1.000000,0,false)
(0.983603,1.000000,0,false)
(0.943087,1.000000,0,false)
(0.934537,1.000000,0,false)
(0.937692,1.000000,0,false)
(0.995425,1.000000,0,false)
(0.958575,1.000000,0,false)
(0.911489,1.000000,0,false)
(0.936816,1.000000,0,false)
(0.940949,1.000000,0,false)
(0.902273,1.000000,0,false)
(0.956015,1.000000,0,false)
(0.939293,1.000000,0,false)
(0.977315,1.000000,0,false)
(0.931691,1.000000,0,false)
(0.910416,1.000000,0,false)
(0.980533,1.000000,0,false)
(0.929727,1.000000,0,false)
(0.984664,1.000000,0,false)
(0.998316,1.000000,0,false)
(0.927171,1.000000,0,false)
(0.900710,1.000000,0,false)
(0.935788,1.000000,0,false)
(0.964426,1.000000,0,false)
(0.930197,1.000000,0,false)
(0.980432,1.000000,0,false)
(0.980834,1.000000,0,false)
(0.964596,1.000000,0,false)
(0.902484,1.000000,0,false)
(0.903981,1.000000,0,false)
(0.960337,1.000000,0,false)
(0.962169,1.000000,0,false)
(0.968214,1.000000,0,false)
(0.995925,1.000000,0,false)
(0.999092,1.000000,0,false)
(0.916991,1.000000,0,false)
(0.970636,1.000000,0,false)
(0.983798,1.000000,0,false)
(0.925692,1.000000,0,false)
(0.980718,1.000000,0,false)
(0.935457,1.000000,0,false)
(0.950333,1.000000,0,false)
(0.945510,1.000000,0,false)
(0.936144,1.000000,0,false)
(0.969847,1.000000,0,false)
(0.929309,1.000000,0,false)
(0.971700,1.000000,0,false)
(0.939301,1.000000,0,false)
(0.931669,1.000000,0,false)
(0.931850,1.000000,0,false)
(0.971801,1.000000,0,false)
(0.940926,1.000000,0,false)
(0.929986,1.000000,0,false)
(0.918766,1.000000,0,false)
(0.962424,1.000000,0,false)
(0.978664,1.000000,0,false)
(0.916230,1.000000,0,false)
(0.910276,1.000000,0,false)
(0.981315,1.000000,0,false)
(0.942965,1.000000,0,false)
(0.995661,1.000000,0,false)
(0.946950,1.000000,0,false)
(0.984700,1.000000,0,false)
(0.928169,1.000000,0,false)
(0.930804,1.000000,0,false)
(0.985176,1.000000,0,false)
(0.958355,1.000000,0,false)
(0.985594,1.000000,0,false)
(0.922540,1.000000,0,false)
(0.926769,1.000000,0,false)
(0.993279,1.000000,0,false)
(0.997745,1.000000,0,false)
(0.940341,1.000000,0,false)
(0.945496,1.000000,0,false)
(0.961065,1.000000,0,false)
(0.991827,1.000000,0,false)
(0.930896,1.000000,0,false)
(0.983371,1.000000,0,false)
(0.930275,1.000000,0,false)
(0.906791,1.000000,0,false)
(0.963907,1.000000,0,false)
(0.946515,1.000000,0,false)
(0.993122,1.000000,0,false)
(0.920971,1.000000,0,false)
(0.975356,1.000000,0,false)
(0.934144,1.000000,0,false)
(0.921655,1.000000,0,false)
(0.937149,1.000000,0,false)

(0,0,false)
(2,0,false)
(3,0,false)
(4,0,false)
(5,0,false)
(6,0,false)
(8,0,false)
(9,0,false)
(10,0,false)
(11,0,false)
(14,0,false)
(15,0,false)
(17,0,false)
(18,0,false)
(19,0,false)
(22,0,false)
(23,0,true)
(24,0,false)
(26,0,false)
(27,0,false)
(28,0,false)
(30,0,false)
(31,0,false)
(32,0,false)
(33,0,false)
(34,0,true)
(35,0,false)
(36,0,false)
(37,0,false)
(38,0,false)
(39,0,false)
(43,0,false)
(44,0,false)
(45,0,false)
(46,0,false)
(48,0,false)
(49,0,false)
(52,0,false)
(53,0,false)
(54,0,false)
(55,0,false)
(56,0,false)
(57,0,false)
(59,0,false)
(60,0,false)
(62,0,false)
(64,0,false)
(66,0,false)
(67,0,false)
(68,0,false)
(69,0,false)
(71,0,false)
(72,0,true)
(74,0,false)
(77,0,false)
(78,0,false)
(79,0,false)
(80,0,false)
(81,0,false)
(82,0,false)
(83,0,false)
(84,0,false)
(86,0,false)
(87,0,false)
(88,0,false)
(89,0,false)
(91,0,false)
(92,0,false)
(93,0,false)
(94,0,false)
(95,0,false)
(96,0,false)
(97,0,false)
(98,0,false)
(99,0,false)
(100,0,false)
(101,0,false)
(102,0,false)
(105,0,false)
(106,0,false)
(107,0,false)
(108,0,false)
(112,0,false)
(114,0,false)
(115,0,false)
(116,0,false)
(118,0,false)
(121,0,false)
(122,0,false)
(123,0,false)
(124,0,false)
(125,0,false)
(126,0,false)
(129,0,false)
(130,0,false)
(131,0,false)
(132,0,false)
(133,0,false)
(134,0,false)
(137,0,false)
(139,0,false)
(140,0,false)
(141,0,false)
(142,0,false)
(143,0,false)
(144,0,false)
(146,0,false)
(147,0,false)
(148,0,false)
(149,0,false)
(150,0,true)
(151,0,false)
(152,0,false)
(154,0,true)
(155,0,false)
(157,0,false)
(158,0,true)
(160,0,false)
(162,0,false)
(163,0,false)
(164,0,false)
(165,0,false)
(166,0,false)
(168,0,false)
(169,0,false)
(170,0,false)
(171,0,false)
(172,0,false)
(173,0,false)
(175,0,false)
(177,0,false)
(178,0,false)
(183,0,true)
(185,0,true)
(186,0,true)
(187,0,true)
(188,0,true)
(189,0,true)
(190,0,true)
(191,0,true)
(192,0,true)
(193,0,true)
(194,0,true)
(196,0,true)
(197,0,true)
(198,0,true)
(200,0,true)
(201,0,true)
(205,0,true)
(206,0,false)
(207,0,true)
(208,0,true)
(209,0,true)
(210,0,true)
(211,0,true)
(212,0,true)
(213,0,true)
(215,0,true)
(216,0,true)
(217,0,true)
(218,0,true)
(219,0,true)
(221,0,false)
(222,0,true)
(223,0,true)
(224,0,true)
(225,0,true)
(226,0,true)
(227,0,true)
(228,0,true)
(229,0,true)
(230,0,true)
(231,0,true)
(232,0,true)
(234,0,true)
(235,0,true)
(236,0,false)
(237,0,true)
(238,0,false)
(240,0,true)
(243,0,true)
(244,0,true)
(247,0,true)
(248,0,true)
(249,0,true)
(250,0,true)
(251,0,true)
(252,0,true)
(256,0,true)
(259,0,true)
(260,0,true)
(261,0,true)
(262,0,true)
(263,0,true)
(264,0,true)
(265,0,true)
(266,0,true)
(267,0,true)
(268,0,true)
(269,0,true)
(270,0,true)
(271,0,true)
(272,0,true)
(273,0,true)
(275,0,true)
(276,0,true)
(278,0,true)
(280,0,true)
(282,0,true)
(283,0,true)
(286,0,true)
(287,0,true)
(288,0,true)
(289,0,true)
(290,0,true)
(291,0,false)
(293,0,true)
(294,0,true)
(295,0,true)
(297,0,true)
(298,0,true)
(299,0,true)
(0,1,false)
(2,1,false)
(3,1,false)
(4,1,false)
(5,1,true)
(6,1,false)
(7,1,false)
(8,1,false)
(10,1,false)
(11,1,false)
(15,1,false)
(16,1,false)
(17,1,false)
(18,1,false)
(22,1,false)
(24,1,false)
(26,1,false)
(27,1,false)
(28,1,false)
(29,1,false)
(30,1,false)
(33,1,false)
(34,1,false)
(35,1,false)
(36,1,false)
(40,1,false)
(41,1,false)
(42,1,false)
(44,1,false)
(49,1,false)
(50,1,false)
(51,1,false)
(52,1,true)
(53,1,true)
(54,1,false)
(57,1,false)
(61,1,false)
(64,1,false)
(65,1,false)
(66,1,false)
(67,1,false)
(68,1,false)
(70,1,false)
(71,1,false)
(73,1,false)
(74,1,false)
(75,1,false)
(77,1,false)
(78,1,false)
(79,1,false)
(80,1,false)
(82,1,false)
(83,1,false)
(86,1,false)
(87,1,false)
(88,1,false)
(89,1,false)
(90,1,false)
(91,1,false)
(93,1,false)
(94,1,false)
(95,1,false)
(96,1,false)
(97,1,false)
(98,1,false)
(99,1,false)
(101,1,false)
(102,1,false)
(103,1,false)
(104,1,false)
(106,1,false)
(107,1,false)
(108,1,false)
(112,1,false)
(113,1,false)
(116,1,false)
(117,1,false)
(119,1,false)
(120,1,false)
(121,1,false)
(122,1,false)
(123,1,false)
(124,1,false)
(125,1,false)
(126,1,false)
(128,1,false)
(129,1,false)
(130,1,false)
(133,1,false)
(134,1,false)
(138,1,false)
(144,1,false)
(145,1,false)
(146,1,false)
(148,1,false)
(149,1,false)
(151,1,false)
(153,1,false)
(154,1,false)
(156,1,false)
(158,1,false)
(160,1,false)
(161,1,false)
(162,1,false)
(163,1,false)
(164,1,false)
(165,1,false)
(166,1,false)
(167,1,false)
(168,1,false)
(169,1,false)
(172,1,false)
(175,1,false)
(176,1,false)
(177,1,false)
(181,1,true)
(182,1,true)
(184,1,true)
(186,1,false)
(187,1,false)
(188,1,false)
(189,1,true)
(190,1,true)
(191,1,true)
(194,1,true)
(195,1,true)
(196,1,true)
(199,1,true)
(200,1,true)
(201,1,true)
(202,1,true)
(203,1,true)
(209,1,true)
(210,1,true)
(213,1,true)
(214,1,true)
(215,1,true)
(217,1,true)
(219,1,true)
(220,1,true)
(221,1,true)
(224,1,true)
(225,1,false)
(226,1,true)
(228,1,true)
(229,1,true)
(230,1,true)
(231,1,true)
(232,1,true)
(234,1,true)
(235,1,true)
(236,1,true)
(239,1,true)
(245,1,true)
(246,1,true)
(248,1,true)
(249,1,true)
(250,1,true)
(251,1,true)
(253,1,true)
(254,1,true)
(256,1,true)
(257,1,true)
(259,1,true)
(261,1,true)
(262,1,false)
(263,1,true)
(265,1,false)
(267,1,true)
(268,1,false)
(270,1,true)
(271,1,true)
(275,1,true)
(276,1,true)
(277,1,true)
(278,1,false)
(279,1,true)
(281,1,true)
(282,1,true)
(283,1,true)
(286,1,true)
(287,1,true)
(289,1,true)
(290,1,true)
(293,1,true)
(294,1,true)
(295,1,true)
(297,1,true)
(0,2,false)
(1,2,false)
(2,2,true)
(3,2,true)
(4,2,false)
(7,2,false)
(8,2,false)
(9,2,false)
(10,2,false)
(12,2,false)
(14,2,false)
(16,2,false)
(19,2,false)
(20,2,true)
(21,2,false)
(22,2,false)
(28,2,false)
(29,2,false)
(31,2,false)
(33,2,false)
(34,2,false)
(36,2,false)
(37,2,false)
(40,2,false)
(41,2,false)
(42,2,true)
(43,2,false)
(44,2,false)
(45,2,false)
(46,2,false)
(47,2,false)
(50,2,false)
(51,2,false)
(52,2,false)
(54,2,false)
(56,2,false)
(59,2,true)
(60,2,false)
(61,2,true)
(62,2,false)
(63,2,false)
(65,2,false)
(66,2,false)
(69,2,false)
(70,2,false)
(72,2,false)
(73,2,false)
(76,2,false)
(77,2,false)
(78,2,false)
(79,2,false)
(81,2,false)
(84,2,false)
(85,2,false)
(88,2,false)
(92,2,false)
(93,2,false)
(94,2,false)
(95,2,false)
(97,2,false)
(99,2,false)
(101,2,false)
(102,2,false)
(103,2,false)
(107,2,false)
(108,2,false)
(109,2,false)
(113,2,false)
(114,2,false)
(115,2,false)
(116,2,false)
(117,2,false)
(120,2,false)
(121,2,false)
(126,2,false)
(127,2,false)
(129,2,false)
(134,2,false)
(136,2,false)
(139,2,false)
(140,2,false)
(143,2,false)
(145,2,false)
(146,2,false)
(150,2,false)
(151,2,false)
(152,2,false)
(155,2,false)
(156,2,false)
(157,2,false)
(158,2,false)
(160,2,false)
(162,2,false)
(165,2,false)
(167,2,false)
(169,2,false)
(171,2,false)
(173,2,false)
(174,2,false)
(175,2,false)
(178,2,false)
(180,2,true)
(181,2,true)
(182,2,false)
(184,2,true)
(185,2,true)
(187,2,true)
(188,2,true)
(189,2,true)
(192,2,true)
(193,2,true)
(194,2,true)
(195,2,true)
(196,2,true)
(197,2,true)
(198,2,true)
(201,2,true)
(202,2,true)
(203,2,true)
(204,2,true)
(205,2,false)
(206,2,true)
(208,2,true)
(210,2,true)
(211,2,true)
(212,2,true)
(214,2,true)
(215,2,true)
(216,2,true)
(217,2,true)
(219,2,true)
(221,2,true)
(224,2,true)
(225,2,true)
(227,2,true)
(228,2,true)
(229,2,true)
(230,2,true)
(231,2,true)
(233,2,true)
(235,2,true)
(236,2,true)
(239,2,true)
(240,2,true)
(242,2,true)
(243,2,true)
(245,2,true)
(247,2,true)
(252,2,true)
(256,2,true)
(257,2,false)
(258,2,true)
(261,2,true)
(262,2,true)
(263,2,true)
(265,2,true)
(267,2,true)
(268,2,true)
(271,2,true)
(272,2,true)
(273,2,true)
(277,2,true)
(280,2,true)
(282,2,true)
(284,2,true)
(285,2,true)
(286,2,true)
(288,2,true)
(290,2,true)
(291,2,true)
(292,2,true)
(295,2,true)
(296,2,true)
(297,2,true)
(2,3,false)
(5,3,false)
(9,3,false)
(10,3,false)
(14,3,false)
(16,3,false)
(17,3,false)
(18,3,false)
(19,3,false)
(24,3,false)
(25,3,false)
(26,3,false)
(27,3,true)
(28,3,false)
(30,3,false)
(31,3,false)
(32,3,false)
(33,3,false)
(38,3,false)
(48,3,false)
(49,3,false)
(51,3,false)
(53,3,false)
(55,3,false)
(60,3,false)
(61,3,false)
(62,3,false)
(65,3,true)
(66,3,false)
(67,3,false)
(68,3,false)
(69,3,false)
(70,3,false)
(71,3,false)
(72,3,false)
(74,3,false)
(75,3,false)
(77,3,true)
(78,3,false)
(79,3,false)
(80,3,false)
(81,3,false)
(84,3,false)
(86,3,false)
(88,3,false)
(89,3,false)
(91,3,false)
(92,3,false)
(94,3,false)
(96,3,false)
(97,3,false)
(98,3,false)
(100,3,false)
(101,3,false)
(103,3,false)
(104,3,false)
(105,3,false)
(107,3,false)
(108,3,false)
(110,3,false)
(112,3,false)
(114,3,false)
(115,3,false)
(116,3,false)
(122,3,false)
(123,3,false)
(124,3,false)
(125,3,true)
(127,3,false)
(129,3,false)
(130,3,false)
(131,3,false)
(134,3,false)
(136,3,false)
(140,3,false)
(142,3,false)
(148,3,false)
(152,3,false)
(154,3,false)
(155,3,false)
(156,3,false)
(158,3,false)
(160,3,true)
(161,3,false)
(164,3,false)
(167,3,false)
(168,3,false)
(169,3,false)
(171,3,false)
(172,3,false)
(174,3,false)
(180,3,true)
(181,3,true)
(183,3,true)
(184,3,true)
(186,3,true)
(189,3,true)
(192,3,true)
(194,3,true)
(196,3,true)
(200,3,true)
(204,3,true)
(206,3,true)
(207,3,true)
(208,3,true)
(209,3,true)
(210,3,true)
(213,3,false)
(215,3,true)
(216,3,true)
(218,3,true)
(219,3,false)
(221,3,true)
(224,3,true)
(225,3,true)
(226,3,true)
(231,3,true)
(232,3,true)
(233,3,true)
(234,3,true)
(235,3,true)
(236,3,true)
(238,3,true)
(242,3,true)
(243,3,true)
(244,3,true)
(245,3,false)
(247,3,true)
(249,3,true)
(250,3,true)
(251,3,true)
(253,3,true)
(258,3,true)
(261,3,false)
(262,3,false)
(265,3,true)
(267,3,true)
(271,3,true)
(272,3,true)
(278,3,true)
(279,3,true)
(280,3,false)
(285,3,true)
(288,3,true)
(289,3,false)
(290,3,true)
(291,3,true)
(292,3,true)
(296,3,true)
(298,3,true)
(299,3,true)
(0,4,false)
(3,4,true)
(4,4,false)
(5,4,false)
(7,4,false)
(10,4,false)
(12,4,false)
(15,4,false)
(16,4,false)
(17,4,false)
(19,4,false)
(20,4,false)
(22,4,false)
(23,4,false)
(24,4,false)
(25,4,false)
(29,4,true)
(30,4,false)
(31,4,false)
(35,4,false)
(42,4,false)
(47,4,false)
(48,4,false)
(49,4,false)
(51,4,false)
(52,4,false)
(53,4,false)
(56,4,false)
(61,4,false)
(64,4,false)
(69,4,false)
(70,4,false)
(71,4,false)
(72,4,false)
(76,4,false)
(77,4,false)
(78,4,false)
(79,4,false)
(82,4,false)
(83,4,false)
(84,4,true)
(86,4,false)
(88,4,false)
(90,4,false)
(91,4,false)
(93,4,false)
(94,4,false)
(95,4,false)
(100,4,false)
(102,4,false)
(104,4,false)
(109,4,false)
(112,4,false)
(114,4,false)
(115,4,false)
(117,4,false)
(119,4,false)
(120,4,false)
(123,4,false)
(124,4,false)
(127,4,false)
(129,4,false)
(130,4,false)
(131,4,false)
(132,4,false)
(134,4,false)
(136,4,false)
(137,4,false)
(138,4,false)
(139,4,false)
(141,4,false)
(143,4,false)
(146,4,false)
(150,4,false)
(152,4,false)
(154,4,false)
(155,4,false)
(156,4,false)
(157,4,false)
(158,4,false)
(159,4,false)
(160,4,false)
(161,4,false)
(162,4,true)
(164,4,false)
(165,4,false)
(167,4,false)
(168,4,false)
(170,4,false)
(171,4,false)
(173,4,false)
(175,4,true)
(176,4,false)
(177,4,false)
(180,4,true)
(181,4,true)
(183,4,true)
(184,4,true)
(186,4,true)
(188,4,true)
(189,4,true)
(190,4,true)
(192,4,true)
(193,4,true)
(195,4,true)
(196,4,true)
(199,4,true)
(200,4,true)
(201,4,true)
(209,4,true)
(211,4,true)
(212,4,true)
(213,4,true)
(214,4,true)
(225,4,true)
(226,4,true)
(228,4,true)
(230,4,true)
(231,4,true)
(233,4,true)
(238,4,true)
(239,4,true)
(241,4,true)
(242,4,true)
(247,4,true)
(248,4,true)
(251,4,true)
(252,4,true)
(255,4,true)
(256,4,true)
(257,4,true)
(258,4,true)
(260,4,true)
(261,4,true)
(265,4,true)
(267,4,true)
(268,4,true)
(269,4,true)
(270,4,true)
(271,4,true)
(272,4,true)
(277,4,true)
(279,4,true)
(286,4,true)
(288,4,true)
(289,4,true)
(290,4,true)
(294,4,true)
(295,4,true)
(296,4,true)
(297,4,true)
(299,4,true)
(2,5,false)
(6,5,false)
(7,5,false)
(9,5,false)
(13,5,false)
(15,5,false)
(19,5,false)
(20,5,false)
(21,5,false)
(22,5,false)
(26,5,true)
(29,5,false)
(35,5,false)
(36,5,false)
(38,5,false)
(40,5,false)
(43,5,false)
(44,5,false)
(46,5,false)
(47,5,false)
(48,5,false)
(49,5,false)
(51,5,false)
(55,5,false)
(56,5,true)
(58,5,false)
(59,5,false)
(62,5,false)
(63,5,false)
(65,5,false)
(67,5,false)
(74,5,false)
(75,5,false)
(76,5,false)
(78,5,false)
(80,5,true)
(81,5,false)
(85,5,false)
(87,5,false)
(88,5,false)
(89,5,false)
(92,5,false)
(93,5,false)
(96,5,false)
(97,5,false)
(98,5,false)
(102,5,false)
(103,5,false)
(106,5,false)
(107,5,false)
(108,5,false)
(111,5,false)
(112,5,false)
(114,5,false)
(115,5,false)
(120,5,false)
(121,5,false)
(126,5,false)
(130,5,false)
(133,5,false)
(135,5,false)
(136,5,false)
(142,5,false)
(148,5,false)
(150,5,false)
(152,5,false)
(154,5,false)
(155,5,false)
(157,5,false)
(158,5,false)
(161,5,false)
(162,5,true)
(165,5,false)
(169,5,false)
(170,5,false)
(171,5,false)
(173,5,false)
(174,5,false)
(177,5,false)
(179,5,false)
(180,5,true)
(181,5,true)
(183,5,true)
(184,5,true)
(186,5,true)
(187,5,true)
(190,5,true)
(191,5,true)
(192,5,true)
(194,5,true)
(195,5,true)
(197,5,true)
(201,5,true)
(204,5,true)
(206,5,false)
(207,5,true)
(210,5,true)
(211,5,true)
(213,5,true)
(214,5,true)
(219,5,true)
(220,5,true)
(221,5,true)
(223,5,true)
(230,5,true)
(232,5,true)
(234,5,true)
(235,5,true)
(238,5,true)
(240,5,true)
(242,5,false)
(244,5,true)
(248,5,true)
(254,5,true)
(255,5,true)
(259,5,true)
(260,5,true)
(261,5,true)
(265,5,true)
(266,5,true)
(272,5,true)
(274,5,true)
(278,5,true)
(279,5,true)
(282,5,true)
(286,5,true)
(287,5,true)
(288,5,true)
(292,5,true)
(295,5,true)
(296,5,true)
(299,5,true)
(0,6,false)
(2,6,false)
(4,6,true)
(5,6,false)
(7,6,false)
(8,6,false)
(10,6,false)
(11,6,false)
(12,6,false)
(14,6,false)
(17,6,false)
(19,6,false)
(20,6,false)
(23,6,false)
(25,6,false)
(26,6,true)
(27,6,false)
(28,6,false)
(31,6,true)
(32,6,false)
(38,6,false)
(39,6,false)
(41,6,false)
(43,6,false)
(45,6,true)
(49,6,false)
(51,6,false)
(52,6,false)
(57,6,false)
(64,6,false)
(66,6,false)
(67,6,false)
(68,6,true)
(69,6,false)
(70,6,false)
(74,6,false)
(77,6,false)
(81,6,false)
(83,6,false)
(84,6,false)
(85,6,false)
(86,6,false)
(90,6,false)
(91,6,false)
(93,6,false)
(94,6,false)
(95,6,false)
(98,6,false)
(104,6,false)
(106,6,false)
(108,6,false)
(109,6,false)
(110,6,false)
(114,6,false)
(117,6,false)
(122,6,false)
(123,6,false)
(124,6,false)
(125,6,false)
(126,6,true)
(128,6,false)
(130,6,false)
(131,6,false)
(133,6,false)
(134,6,false)
(137,6,false)
(142,6,false)
(143,6,false)
(144,6,false)
(145,6,false)
(146,6,false)
(150,6,false)
(151,6,false)
(152,6,false)
(153,6,false)
(156,6,false)
(157,6,false)
(158,6,false)
(159,6,false)
(163,6,false)
(164,6,false)
(167,6,false)
(170,6,false)
(173,6,false)
(176,6,false)
(182,6,true)
(184,6,true)
(186,6,true)
(188,6,true)
(189,6,true)
(190,6,true)
(191,6,true)
(194,6,false)
(195,6,true)
(196,6,true)
(199,6,true)
(200,6,true)
(201,6,true)
(209,6,true)
(214,6,true)
(215,6,true)
(223,6,false)
(225,6,true)
(227,6,false)
(229,6,true)
(230,6,true)
(231,6,true)
(232,6,true)
(234,6,true)
(237,6,true)
(238,6,true)
(241,6,true)
(242,6,true)
(244,6,true)
(245,6,true)
(246,6,true)
(258,6,true)
(259,6,true)
(263,6,true)
(264,6,true)
(266,6,true)
(267,6,true)
(271,6,true)
(275,6,true)
(277,6,true)
(280,6,true)
(283,6,true)
(286,6,true)
(288,6,true)
(294,6,true)
(295,6,true)
(298,6,true)
(2,7,false)
(3,7,false)
(6,7,false)
(9,7,false)
(12,7,false)
(14,7,false)
(15,7,true)
(17,7,false)
(18,7,false)
(19,7,true)
(24,7,false)
(25,7,false)
(26,7,false)
(33,7,false)
(35,7,false)
(37,7,false)
(38,7,false)
(40,7,false)
(41,7,false)
(42,7,false)
(44,7,false)
(45,7,false)
(47,7,true)
(51,7,false)
(54,7,false)
(58,7,false)
(60,7,false)
(61,7,false)
(66,7,false)
(68,7,false)
(69,7,false)
(70,7,false)
(73,7,false)
(76,7,false)
(78,7,false)
(83,7,false)
(84,7,false)
(85,7,false)
(87,7,false)
(88,7,false)
(95,7,false)
(98,7,false)
(102,7,false)
(104,7,false)
(109,7,false)
(110,7,false)
(112,7,false)
(113,7,false)
(120,7,false)
(121,7,false)
(125,7,false)
(126,7,false)
(127,7,false)
(129,7,false)
(131,7,false)
(135,7,false)
(142,7,false)
(143,7,false)
(155,7,false)
(158,7,false)
(159,7,false)
(160,7,false)
(161,7,false)
(166,7,false)
(167,7,false)
(174,7,false)
(175,7,false)
(177,7,false)
(178,7,false)
(181,7,true)
(184,7,true)
(185,7,true)
(189,7,true)
(190,7,true)
(191,7,true)
(195,7,true)
(199,7,true)
(200,7,true)
(202,7,true)
(203,7,true)
(204,7,true)
(205,7,true)
(207,7,true)
(208,7,true)
(209,7,true)
(211,7,true)
(212,7,true)
(216,7,true)
(217,7,true)
(218,7,true)
(220,7,true)
(225,7,true)
(226,7,true)
(227,7,true)
(228,7,true)
(229,7,true)
(235,7,true)
(239,7,true)
(245,7,true)
(248,7,true)
(250,7,true)
(251,7,true)
(252,7,true)
(253,7,true)
(255,7,true)
(257,7,true)
(259,7,true)
(268,7,true)
(271,7,true)
(273,7,true)
(279,7,true)
(281,7,true)
(283,7,true)
(284,7,true)
(288,7,true)
(292,7,true)
(293,7,true)
(296,7,true)
(3,8,false)
(5,8,false)
(7,8,false)
(13,8,false)
(14,8,false)
(16,8,false)
(18,8,false)
(19,8,false)
(20,8,true)
(25,8,false)
(27,8,false)
(28,8,false)
(30,8,false)
(32,8,false)
(33,8,false)
(34,8,false)
(35,8,false)
(36,8,false)
(38,8,false)
(42,8,false)
(43,8,false)
(45,8,false)
(46,8,false)
(50,8,true)
(52,8,false)
(53,8,false)
(54,8,false)
(59,8,false)
(60,8,false)
(66,8,false)
(68,8,false)
(71,8,false)
(82,8,false)
(83,8,false)
(85,8,false)
(88,8,false)
(89,8,false)
(90,8,false)
(93,8,true)
(97,8,false)
(98,8,false)
(105,8,false)
(106,8,false)
(107,8,false)
(110,8,false)
(111,8,false)
(113,8,false)
(116,8,false)
(117,8,false)
(118,8,false)
(120,8,false)
(121,8,false)
(123,8,false)
(127,8,false)
(128,8,false)
(130,8,false)
(131,8,false)
(138,8,true)
(140,8,false)
(143,8,true)
(146,8,false)
(148,8,true)
(149,8,false)
(150,8,false)
(151,8,false)
(153,8,false)
(154,8,false)
(156,8,false)
(157,8,false)
(158,8,false)
(162,8,false)
(164,8,false)
(166,8,false)
(168,8,false)
(175,8,true)
(177,8,false)
(184,8,true)
(187,8,true)
(189,8,true)
(191,8,true)
(194,8,true)
(197,8,true)
(198,8,true)
(201,8,true)
(205,8,false)
(206,8,true)
(211,8,true)
(212,8,true)
(215,8,true)
(216,8,true)
(223,8,true)
(229,8,true)
(230,8,true)
(235,8,true)
(240,8,true)
(242,8,true)
(245,8,true)
(246,8,true)
(247,8,true)
(248,8,true)
(249,8,true)
(250,8,true)
(251,8,true)
(254,8,true)
(255,8,true)
(257,8,true)
(260,8,false)
(261,8,true)
(262,8,true)
(267,8,true)
(272,8,true)
(273,8,true)
(279,8,true)
(283,8,true)
(285,8,true)
(287,8,true)
(290,8,true)
(293,8,true)
(294,8,true)
(296,8,true)
(298,8,true)
(2,9,false)
(4,9,false)
(8,9,false)
(11,9,false)
(13,9,false)
(15,9,false)
(17,9,false)
(20,9,false)
(22,9,false)
(30,9,false)
(32,9,false)
(35,9,true)
(37,9,false)
(41,9,false)
(42,9,true)
(45,9,false)
(48,9,false)
(49,9,false)
(55,9,false)
(56,9,false)
(59,9,false)
(61,9,false)
(65,9,false)
(66,9,false)
(69,9,false)
(71,9,false)
(73,9,false)
(76,9,false)
(77,9,false)
(78,9,true)
(82,9,false)
(87,9,false)
(90,9,false)
(91,9,false)
(101,9,false)
(104,9,false)
(105,9,false)
(107,9,false)
(110,9,false)
(111,9,false)
(112,9,false)
(114,9,false)
(117,9,false)
(120,9,false)
(121,9,false)
(126,9,false)
(127,9,false)
(131,9,false)
(139,9,false)
(142,9,false)
(143,9,false)
(145,9,false)
(148,9,false)
(151,9,false)
(152,9,false)
(154,9,false)
(155,9,false)
(159,9,false)
(166,9,false)
(167,9,false)
(169,9,false)
(172,9,false)
(177,9,false)
(178,9,false)
(179,9,false)
(181,9,true)
(182,9,true)
(190,9,true)
(191,9,true)
(199,9,true)
(202,9,true)
(204,9,true)
(205,9,true)
(207,9,true)
(208,9,true)
(209,9,true)
(212,9,true)
(213,9,true)
(214,9,true)
(216,9,true)
(217,9,true)
(218,9,true)
(219,9,true)
(220,9,true)
(222,9,true)
(225,9,true)
(226,9,true)
(228,9,true)
(230,9,true)
(231,9,true)
(235,9,true)
(238,9,true)
(239,9,true)
(243,9,true)
(246,9,true)
(248,9,true)
(249,9,true)
(250,9,false)
(252,9,true)
(254,9,true)
(256,9,true)
(257,9,true)
(258,9,true)
(261,9,false)
(262,9,true)
(263,9,true)
(264,9,true)
(271,9,true)
(272,9,true)
(276,9,true)
(278,9,true)
(279,9,true)
(280,9,true)
(283,9,true)
(285,9,true)
(286,9,true)
(292,9,true)
(293,9,true)
(296,9,true)
(4,10,false)
(6,10,false)
(7,10,false)
(8,10,false)
(15,10,false)
(16,10,false)
(17,10,false)
(18,10,false)
(20,10,false)
(24,10,false)
(27,10,false)
(28,10,false)
(30,10,false)
(35,10,false)
(38,10,false)
(44,10,false)
(48,10,false)
(51,10,false)
(54,10,false)
(57,10,false)
(62,10,false)
(70,10,false)
(72,10,true)
(73,10,false)
(75,10,false)
(76,10,false)
(78,10,false)
(79,10,false)
(81,10,false)
(82,10,false)
(84,10,false)
(87,10,false)
(88,10,false)
(90,10,false)
(93,10,true)
(94,10,false)
(95,10,false)
(99,10,false)
(104,10,false)
(106,10,false)
(107,10,false)
(108,10,false)
(109,10,false)
(111,10,false)
(113,10,false)
(117,10,false)
(119,10,false)
(120,10,false)
(122,10,false)
(125,10,false)
(126,10,false)
(128,10,false)
(132,10,false)
(133,10,false)
(134,10,false)
(139,10,false)
(140,10,false)
(145,10,false)
(146,10,false)
(149,10,false)
(153,10,false)
(154,10,false)
(155,10,false)
(157,10,false)
(159,10,false)
(161,10,false)
(164,10,false)
(166,10,false)
(174,10,false)
(176,10,false)
(178,10,false)
(182,10,true)
(186,10,true)
(191,10,true)
(192,10,true)
(193,10,true)
(197,10,true)
(199,10,true)
(200,10,true)
(201,10,true)
(204,10,true)
(207,10,true)
(211,10,true)
(214,10,true)
(215,10,true)
(222,10,true)
(227,10,true)
(228,10,true)
(230,10,true)
(232,10,true)
(234,10,true)
(237,10,true)
(238,10,true)
(239,10,true)
(242,10,true)
(247,10,true)
(248,10,true)
(249,10,true)
(250,10,true)
(258,10,true)
(261,10,true)
(262,10,true)
(265,10,true)
(268,10,true)
(270,10,true)
(272,10,true)
(273,10,true)
(277,10,true)
(280,10,true)
(281,10,true)
(282,10,true)
(284,10,true)
(285,10,true)
(288,10,true)
(290,10,true)
(291,10,true)
(7,11,false)
(9,11,false)
(11,11,false)
(13,11,false)
(19,11,false)
(23,11,false)
(25,11,false)
(26,11,false)
(30,11,false)
(38,11,false)
(42,11,false)
(43,11,false)
(46,11,false)
(50,11,false)
(55,11,false)
(57,11,false)
(58,11,false)
(60,11,false)
(62,11,false)
(67,11,false)
(70,11,false)
(71,11,false)
(72,11,false)
(75,11,false)
(77,11,false)
(79,11,false)
(89,11,false)
(90,11,false)
(93,11,false)
(95,11,false)
(105,11,false)
(108,11,false)
(110,11,false)
(111,11,false)
(114,11,false)
(117,11,false)
(121,11,false)
(123,11,false)
(124,11,false)
(126,11,false)
(128,11,false)
(131,11,false)
(134,11,false)
(138,11,false)
(140,11,false)
(141,11,true)
(142,11,false)
(144,11,false)
(148,11,false)
(149,11,false)
(150,11,false)
(151,11,true)
(153,11,false)
(155,11,false)
(157,11,true)
(162,11,false)
(164,11,false)
(165,11,false)
(166,11,false)
(168,11,false)
(173,11,false)
(174,11,false)
(175,11,false)
(182,11,true)
(184,11,true)
(185,11,true)
(189,11,true)
(200,11,true)
(201,11,true)
(202,11,true)
(203,11,true)
(206,11,true)
(210,11,true)
(211,11,true)
(212,11,true)
(213,11,true)
(214,11,true)
(215,11,true)
(216,11,true)
(218,11,true)
(219,11,true)
(220,11,true)
(221,11,true)
(226,11,true)
(229,11,true)
(230,11,true)
(231,11,true)
(232,11,true)
(234,11,true)
(235,11,true)
(236,11,true)
(240,11,true)
(241,11,true)
(245,11,true)
(246,11,true)
(252,11,true)
(253,11,true)
(254,11,true)
(255,11,true)
(256,11,true)
(262,11,true)
(265,11,true)
(266,11,true)
(267,11,true)
(268,11,true)
(273,11,true)
(279,11,true)
(280,11,true)
(286,11,true)
(288,11,true)
(295,11,false)
(298,11,true)
(7,12,false)
(10,12,false)
(12,12,false)
(13,12,false)
(20,12,false)
(24,12,false)
(26,12,false)
(27,12,false)
(36,12,false)
(41,12,false)
(44,12,false)
(45,12,false)
(46,12,true)
(47,12,false)
(51,12,false)
(54,12,false)
(59,12,false)
(60,12,false)
(61,12,false)
(63,12,false)
(67,12,false)
(68,12,false)
(69,12,false)
(75,12,false)
(79,12,false)
(86,12,false)
(90,12,false)
(98,12,false)
(99,12,false)
(102,12,false)
(103,12,false)
(104,12,false)
(105,12,false)
(112,12,false)
(113,12,false)
(117,12,false)
(118,12,false)
(120,12,false)
(121,12,false)
(125,12,false)
(129,12,false)
(131,12,false)
(132,12,false)
(136,12,true)
(137,12,true)
(140,12,false)
(142,12,false)
(146,12,false)
(148,12,false)
(152,12,false)
(155,12,false)
(156,12,false)
(161,12,false)
(162,12,false)
(164,12,false)
(166,12,false)
(167,12,false)
(173,12,false)
(174,12,false)
(178,12,false)
(179,12,false)
(184,12,false)
(185,12,true)
(186,12,true)
(188,12,true)
(189,12,true)
(193,12,true)
(199,12,true)
(200,12,true)
(201,12,true)
(205,12,true)
(210,12,true)
(212,12,true)
(213,12,true)
(215,12,false)
(217,12,true)
(218,12,true)
(219,12,true)
(220,12,true)
(221,12,true)
(223,12,true)
(228,12,true)
(229,12,true)
(230,12,true)
(235,12,true)
(237,12,true)
(238,12,true)
(239,12,true)
(240,12,true)
(241,12,true)
(242,12,true)
(243,12,true)
(244,12,true)
(245,12,true)
(250,12,true)
(251,12,true)
(257,12,true)
(258,12,true)
(259,12,true)
(260,12,true)
(262,12,true)
(263,12,true)
(266,12,true)
(270,12,true)
(271,12,true)
(273,12,true)
(274,12,true)
(281,12,true)
(283,12,true)
(285,12,true)
(286,12,true)
(290,12,false)
(291,12,false)
(292,12,true)
(293,12,true)
(296,12,true)
(5,13,false)
(7,13,false)
(8,13,false)
(19,13,false)
(20,13,false)
(22,13,false)
(26,13,false)
(32,13,false)
(33,13,false)
(42,13,false)
(43,13,false)
(47,13,false)
(48,13,false)
(49,13,false)
(53,13,false)
(58,13,false)
(59,13,false)
(79,13,false)
(81,13,false)
(82,13,false)
(86,13,false)
(88,13,false)
(90,13,false)
(92,13,false)
(94,13,false)
(95,13,false)
(96,13,false)
(97,13,false)
(101,13,false)
(102,13,false)
(108,13,false)
(111,13,false)
(112,13,false)
(118,13,false)
(119,13,false)
(130,13,false)
(134,13,false)
(139,13,false)
(140,13,false)
(141,13,false)
(142,13,false)
(145,13,false)
(146,13,false)
(153,13,false)
(154,13,false)
(155,13,true)
(156,13,false)
(159,13,false)
(176,13,true)
(178,13,false)
(182,13,true)
(187,13,true)
(188,13,true)
(189,13,true)
(191,13,true)
(199,13,true)
(206,13,true)
(213,13,true)
(215,13,true)
(224,13,true)
(227,13,true)
(228,13,true)
(229,13,true)
(233,13,true)
(235,13,true)
(239,13,true)
(242,13,true)
(247,13,true)
(248,13,true)
(259,13,true)
(262,13,true)
(265,13,true)
(266,13,false)
(268,13,true)
(277,13,true)
(279,13,true)
(280,13,true)
(284,13,true)
(289,13,true)
(291,13,true)
(292,13,true)
(0,14,false)
(2,14,false)
(3,14,false)
(4,14,false)
(6,14,false)
(9,14,false)
(12,14,false)
(18,14,false)
(19,14,false)
(20,14,false)
(26,14,false)
(39,14,false)
(50,14,false)
(54,14,false)
(56,14,false)
(58,14,false)
(64,14,false)
(68,14,false)
(70,14,false)
(73,14,false)
(75,14,true)
(76,14,false)
(78,14,false)
(86,14,false)
(94,14,false)
(95,14,false)
(96,14,false)
(101,14,false)
(106,14,false)
(107,14,false)
(113,14,false)
(114,14,false)
(115,14,false)
(116,14,false)
(118,14,false)
(119,14,false)
(120,14,false)
(121,14,false)
(123,14,false)
(124,14,false)
(125,14,false)
(126,14,false)
(130,14,false)
(131,14,false)
(134,14,false)
(135,14,false)
(141,14,false)
(143,14,false)
(145,14,false)
(146,14,false)
(151,14,false)
(154,14,false)
(159,14,true)
(160,14,false)
(163,14,false)
(166,14,false)
(167,14,false)
(177,14,false)
(178,14,false)
(180,14,true)
(181,14,true)
(182,14,false)
(183,14,true)
(185,14,true)
(186,14,true)
(187,14,true)
(188,14,true)
(190,14,true)
(191,14,true)
(196,14,true)
(204,14,true)
(213,14,true)
(216,14,true)
(218,14,true)
(219,14,false)
(224,14,true)
(226,14,true)
(234,14,true)
(236,14,true)
(241,14,true)
(242,14,true)
(248,14,true)
(251,14,true)
(252,14,true)
(255,14,true)
(258,14,true)
(259,14,true)
(260,14,true)
(263,14,true)
(268,14,true)
(269,14,true)
(270,14,true)
(272,14,true)
(274,14,true)
(285,14,true)
(290,14,true)
(296,14,true)
(7,15,false)
(8,15,false)
(11,15,false)
(12,15,false)
(16,15,false)
(19,15,false)
(21,15,false)
(23,15,false)
(27,15,false)
(30,15,false)
(31,15,false)
(32,15,false)
(37,15,false)
(38,15,false)
(39,15,false)
(44,15,false)
(46,15,false)
(48,15,true)
(49,15,false)
(53,15,false)
(57,15,false)
(60,15,true)
(64,15,false)
(65,15,false)
(67,15,false)
(69,15,false)
(73,15,false)
(77,15,false)
(78,15,false)
(82,15,false)
(86,15,false)
(88,15,false)
(90,15,false)
(98,15,false)
(100,15,false)
(101,15,false)
(103,15,false)
(107,15,false)
(110,15,false)
(115,15,false)
(120,15,false)
(124,15,false)
(130,15,false)
(132,15,false)
(133,15,false)
(137,15,false)
(138,15,false)
(139,15,false)
(148,15,false)
(149,15,false)
(151,15,false)
(152,15,false)
(155,15,false)
(157,15,false)
(160,15,false)
(165,15,false)
(169,15,false)
(171,15,false)
(178,15,false)
(179,15,false)
(182,15,true)
(183,15,false)
(185,15,true)
(186,15,true)
(188,15,false)
(190,15,true)
(191,15,true)
(194,15,true)
(196,15,true)
(200,15,true)
(203,15,true)
(204,15,true)
(208,15,true)
(211,15,false)
(213,15,true)
(215,15,true)
(217,15,true)
(228,15,true)
(231,15,true)
(237,15,true)
(238,15,true)
(242,15,true)
(244,15,true)
(245,15,true)
(248,15,true)
(249,15,true)
(250,15,true)
(253,15,true)
(254,15,true)
(264,15,true)
(265,15,true)
(268,15,false)
(272,15,true)
(273,15,true)
(279,15,true)
(280,15,true)
(281,15,true)
(284,15,true)
(295,15,false)
(0,16,false)
(1,16,false)
(2,16,false)
(4,16,false)
(6,16,false)
(7,16,false)
(8,16,false)
(9,16,false)
(12,16,false)
(14,16,false)
(17,16,false)
(18,16,false)
(19,16,false)
(22,16,false)
(23,16,true)
(26,16,true)
(27,16,false)
(28,16,false)
(30,16,false)
(31,16,false)
(32,16,false)
(35,16,false)
(40,16,false)
(41,16,false)
(42,16,false)
(44,16,true)
(50,16,false)
(52,16,false)
(55,16,false)
(61,16,false)
(66,16,false)
(72,16,false)
(77,16,false)
(78,16,false)
(84,16,false)
(87,16,false)
(89,16,false)
(90,16,false)
(93,16,false)
(96,16,false)
(97,16,false)
(101,16,false)
(102,16,true)
(105,16,false)
(106,16,false)
(107,16,false)
(110,16,false)
(111,16,false)
(113,16,false)
(115,16,false)
(118,16,false)
(121,16,false)
(122,16,false)
(123,16,false)
(125,16,true)
(126,16,false)
(127,16,false)
(128,16,false)
(129,16,false)
(132,16,false)
(133,16,false)
(136,16,false)
(137,16,false)
(139,16,false)
(140,16,false)
(141,16,false)
(146,16,false)
(147,16,false)
(149,16,false)
(156,16,false)
(158,16,false)
(163,16,false)
(167,16,false)
(168,16,false)
(175,16,false)
(179,16,false)
(180,16,true)
(184,16,true)
(187,16,true)
(190,16,true)
(194,16,true)
(195,16,true)
(204,16,true)
(205,16,true)
(206,16,true)
(207,16,true)
(211,16,true)
(216,16,true)
(218,16,true)
(219,16,true)
(232,16,true)
(234,16,true)
(241,16,true)
(243,16,false)
(246,16,true)
(248,16,true)
(249,16,true)
(253,16,true)
(254,16,true)
(258,16,true)
(259,16,true)
(263,16,true)
(271,16,false)
(277,16,true)
(279,16,true)
(280,16,true)
(287,16,true)
(288,16,true)
(296,16,true)
(298,16,true)
(3,17,true)
(8,17,false)
(13,17,false)
(24,17,false)
(26,17,false)
(27,17,false)
(29,17,false)
(32,17,false)
(33,17,false)
(34,17,false)
(35,17,false)
(37,17,false)
(41,17,false)
(42,17,false)
(43,17,false)
(44,17,false)
(49,17,false)
(51,17,true)
(52,17,false)
(59,17,false)
(61,17,false)
(62,17,false)
(66,17,false)
(69,17,false)
(74,17,false)
(81,17,false)
(83,17,false)
(84,17,false)
(88,17,false)
(90,17,false)
(91,17,false)
(99,17,false)
(101,17,false)
(102,17,false)
(108,17,false)
(110,17,false)
(116,17,false)
(118,17,false)
(120,17,false)
(124,17,false)
(126,17,false)
(127,17,false)
(128,17,true)
(130,17,false)
(136,17,false)
(141,17,false)
(142,17,false)
(143,17,false)
(149,17,false)
(150,17,false)
(152,17,false)
(154,17,false)
(156,17,false)
(159,17,false)
(160,17,false)
(161,17,false)
(170,17,false)
(173,17,false)
(177,17,false)
(179,17,false)
(181,17,false)
(188,17,true)
(191,17,true)
(196,17,true)
(198,17,true)
(202,17,true)
(205,17,false)
(216,17,false)
(217,17,true)
(221,17,false)
(223,17,true)
(224,17,true)
(227,17,true)
(228,17,true)
(232,17,false)
(240,17,true)
(241,17,false)
(243,17,true)
(244,17,true)
(245,17,true)
(247,17,true)
(249,17,true)
(251,17,true)
(253,17,true)
(261,17,true)
(266,17,true)
(268,17,true)
(277,17,true)
(278,17,true)
(281,17,true)
(285,17,true)
(287,17,true)
(293,17,true)
(298,17,true)
(4,18,false)
(5,18,false)
(6,18,false)
(8,18,false)
(18,18,false)
(19,18,false)
(22,18,false)
(24,18,false)
(26,18,false)
(27,18,false)
(30,18,false)
(31,18,false)
(34,18,false)
(35,18,false)
(39,18,false)
(41,18,true)
(50,18,false)
(55,18,false)
(57,18,false)
(58,18,false)
(60,18,false)
(74,18,false)
(77,18,false)
(83,18,false)
(97,18,false)
(102,18,false)
(105,18,false)
(107,18,false)
(110,18,false)
(112,18,false)
(114,18,false)
(120,18,false)
(121,18,false)
(126,18,true)
(128,18,false)
(135,18,false)
(137,18,false)
(152,18,false)
(154,18,false)
(156,18,false)
(161,18,true)
(164,18,false)
(168,18,false)
(170,18,false)
(173,18,false)
(181,18,false)
(183,18,true)
(187,18,true)
(190,18,true)
(194,18,true)
(197,18,true)
(199,18,true)
(202,18,true)
(203,18,true)
(208,18,true)
(209,18,true)
(210,18,true)
(216,18,false)
(222,18,true)
(223,18,true)
(225,18,true)
(231,18,true)
(234,18,true)
(241,18,true)
(242,18,true)
(246,18,true)
(248,18,true)
(257,18,false)
(258,18,true)
(259,18,true)
(261,18,true)
(266,18,true)
(267,18,true)
(271,18,true)
(287,18,true)
(289,18,true)
(290,18,true)
(291,18,true)
(294,18,true)
(295,18,true)
(296,18,true)
(297,18,true)
(298,18,true)
(299,18,true)
(6,19,false)
(11,19,false)
(23,19,false)
(26,19,false)
(28,19,false)
(29,19,false)
(30,19,false)
(34,19,true)
(35,19,false)
(39,19,false)
(40,19,false)
(42,19,true)
(50,19,false)
(51,19,false)
(54,19,true)
(55,19,false)
(56,19,false)
(58,19,false)
(63,19,false)
(64,19,false)
(66,19,false)
(67,19,false)
(73,19,false)
(75,19,false)
(79,19,false)
(80,19,false)
(81,19,false)
(85,19,false)
(86,19,false)
(89,19,false)
(95,19,false)
(103,19,false)
(111,19,false)
(114,19,false)
(115,19,false)
(117,19,false)
(118,19,false)
(123,19,false)
(125,19,false)
(126,19,true)
(131,19,false)
(133,19,false)
(134,19,false)
(143,19,false)
(148,19,false)
(154,19,false)
(155,19,true)
(160,19,false)
(164,19,false)
(165,19,false)
(169,19,false)
(178,19,false)
(181,19,true)
(185,19,true)
(186,19,false)
(188,19,true)
(190,19,true)
(194,19,true)
(197,19,true)
(202,19,false)
(206,19,true)
(208,19,true)
(209,19,true)
(218,19,true)
(219,19,true)
(225,19,true)
(226,19,true)
(232,19,true)
(234,19,true)
(235,19,false)
(236,19,true)
(241,19,true)
(244,19,false)
(245,19,true)
(247,19,true)
(253,19,false)
(256,19,true)
(258,19,true)
(259,19,true)
(260,19,true)
(261,19,true)
(266,19,true)
(275,19,true)
(279,19,true)
(287,19,false)
(296,19,true)
(8,20,false)
(11,20,false)
(12,20,false)
(14,20,false)
(16,20,false)
(21,20,false)
(23,20,false)
(25,20,false)
(30,20,false)
(33,20,false)
(35,20,false)
(41,20,false)
(46,20,false)
(47,20,false)
(48,20,false)
(49,20,false)
(50,20,false)
(52,20,false)
(54,20,false)
(57,20,false)
(58,20,false)
(60,20,false)
(62,20,false)
(64,20,false)
(75,20,false)
(76,20,false)
(79,20,false)
(80,20,false)
(85,20,false)
(87,20,true)
(90,20,false)
(93,20,false)
(94,20,true)
(96,20,false)
(97,20,false)
(112,20,false)
(115,20,false)
(118,20,false)
(120,20,false)
(121,20,false)
(125,20,false)
(128,20,false)
(129,20,false)
(130,20,false)
(131,20,false)
(138,20,false)
(145,20,false)
(146,20,false)
(150,20,false)
(151,20,false)
(152,20,false)
(153,20,false)
(157,20,false)
(176,20,false)
(178,20,false)
(183,20,true)
(186,20,false)
(188,20,true)
(192,20,true)
(196,20,true)
(200,20,true)
(202,20,true)
(208,20,true)
(210,20,true)
(212,20,true)
(214,20,true)
(217,20,true)
(220,20,true)
(221,20,true)
(223,20,true)
(224,20,true)
(226,20,true)
(231,20,true)
(232,20,true)
(237,20,true)
(238,20,true)
(239,20,true)
(243,20,true)
(248,20,true)
(250,20,true)
(252,20,true)
(255,20,true)
(259,20,true)
(263,20,true)
(264,20,true)
(267,20,true)
(272,20,true)
(275,20,true)
(278,20,true)
(279,20,true)
(281,20,true)
(284,20,true)
(290,20,true)
(291,20,true)
(295,20,true)
(298,20,true)
(299,20,true)
(3,21,false)
(5,21,false)
(6,21,false)
(9,21,false)
(10,21,true)
(13,21,false)
(18,21,false)
(19,21,false)
(25,21,false)
(31,21,false)
(33,21,false)
(35,21,false)
(36,21,false)
(41,21,false)
(44,21,false)
(45,21,false)
(52,21,false)
(53,21,false)
(57,21,false)
(60,21,false)
(65,21,false)
(71,21,true)
(75,21,false)
(76,21,false)
(79,21,false)
(82,21,false)
(84,21,false)
(86,21,false)
(93,21,false)
(95,21,false)
(98,21,false)
(102,21,false)
(103,21,false)
(108,21,false)
(111,21,true)
(112,21,false)
(115,21,false)
(116,21,false)
(118,21,false)
(119,21,false)
(122,21,false)
(124,21,false)
(138,21,false)
(143,21,false)
(151,21,false)
(153,21,false)
(156,21,true)
(157,21,false)
(158,21,false)
(160,21,false)
(163,21,false)
(164,21,false)
(166,21,false)
(173,21,false)
(175,21,false)
(179,21,false)
(181,21,true)
(187,21,true)
(198,21,true)
(205,21,true)
(209,21,true)
(211,21,true)
(213,21,true)
(216,21,true)
(219,21,true)
(220,21,true)
(223,21,true)
(225,21,true)
(227,21,true)
(230,21,true)
(235,21,true)
(238,21,true)
(239,21,true)
(240,21,true)
(242,21,true)
(245,21,true)
(247,21,true)
(252,21,false)
(254,21,true)
(260,21,true)
(265,21,false)
(274,21,true)
(278,21,false)
(282,21,true)
(284,21,true)
(289,21,true)
(297,21,true)
(2,22,true)
(5,22,false)
(7,22,false)
(8,22,false)
(10,22,false)
(11,22,false)
(20,22,false)
(21,22,false)
(27,22,false)
(29,22,false)
(32,22,false)
(38,22,false)
(39,22,false)
(40,22,true)
(41,22,false)
(42,22,false)
(45,22,false)
(47,22,false)
(51,22,false)
(55,22,true)
(58,22,false)
(59,22,false)
(60,22,false)
(64,22,false)
(71,22,false)
(72,22,false)
(74,22,false)
(78,22,false)
(82,22,false)
(83,22,false)
(85,22,true)
(86,22,false)
(87,22,false)
(88,22,false)
(92,22,false)
(93,22,false)
(94,22,false)
(105,22,false)
(107,22,false)
(109,22,false)
(110,22,false)
(111,22,false)
(112,22,false)
(115,22,false)
(121,22,false)
(131,22,false)
(134,22,false)
(145,22,false)
(147,22,false)
(154,22,false)
(159,22,false)
(162,22,false)
(163,22,false)
(166,22,false)
(172,22,false)
(174,22,false)
(178,22,false)
(179,22,false)
(180,22,true)
(181,22,true)
(182,22,true)
(183,22,true)
(194,22,true)
(198,22,true)
(199,22,true)
(205,22,true)
(207,22,true)
(208,22,true)
(210,22,true)
(212,22,false)
(221,22,true)
(222,22,false)
(224,22,true)
(225,22,true)
(228,22,true)
(229,22,true)
(231,22,true)
(232,22,true)
(234,22,true)
(237,22,true)
(238,22,true)
(239,22,true)
(241,22,true)
(243,22,true)
(246,22,true)
(247,22,true)
(248,22,true)
(249,22,true)
(251,22,true)
(254,22,true)
(257,22,true)
(260,22,true)
(267,22,true)
(272,22,true)
(273,22,true)
(276,22,true)
(278,22,true)
(279,22,true)
(284,22,false)
(287,22,true)
(288,22,true)
(292,22,true)
(296,22,true)
(4,23,false)
(16,23,false)
(27,23,false)
(28,23,false)
(36,23,false)
(39,23,false)
(44,23,false)
(46,23,false)
(48,23,false)
(51,23,false)
(53,23,false)
(58,23,false)
(68,23,false)
(70,23,false)
(72,23,false)
(78,23,false)
(82,23,false)
(88,23,false)
(91,23,false)
(99,23,false)
(102,23,false)
(103,23,false)
(104,23,false)
(109,23,false)
(116,23,false)
(117,23,false)
(123,23,false)
(130,23,false)
(131,23,false)
(132,23,false)
(136,23,false)
(137,23,false)
(141,23,false)
(144,23,false)
(145,23,false)
(147,23,false)
(148,23,false)
(151,23,false)
(152,23,false)
(153,23,false)
(155,23,false)
(156,23,false)
(157,23,false)
(167,23,false)
(173,23,false)
(174,23,false)
(180,23,true)
(186,23,true)
(189,23,true)
(194,23,true)
(200,23,true)
(203,23,true)
(204,23,true)
(207,23,true)
(208,23,true)
(212,23,true)
(216,23,true)
(218,23,true)
(219,23,true)
(220,23,true)
(224,23,true)
(225,23,true)
(227,23,true)
(230,23,true)
(231,23,true)
(234,23,true)
(235,23,true)
(236,23,true)
(241,23,false)
(243,23,true)
(244,23,true)
(249,23,true)
(251,23,true)
(252,23,true)
(253,23,true)
(254,23,true)
(257,23,true)
(258,23,true)
(262,23,true)
(265,23,true)
(266,23,true)
(268,23,true)
(274,23,true)
(281,23,true)
(285,23,true)
(292,23,true)
(1,24,false)
(3,24,false)
(5,24,false)
(6,24,false)
(11,24,false)
(15,24,false)
(23,24,false)
(24,24,false)
(27,24,false)
(32,24,false)
(34,24,false)
(35,24,false)
(36,24,true)
(37,24,false)
(40,24,false)
(43,24,false)
(44,24,false)
(47,24,true)
(48,24,false)
(54,24,false)
(60,24,false)
(64,24,false)
(66,24,false)
(69,24,false)
(73,24,false)
(76,24,false)
(78,24,false)
(83,24,false)
(89,24,false)
(91,24,false)
(92,24,false)
(104,24,false)
(107,24,false)
(111,24,false)
(122,24,false)
(127,24,false)
(129,24,false)
(131,24,false)
(139,24,false)
(143,24,false)
(145,24,false)
(147,24,false)
(155,24,false)
(159,24,false)
(163,24,false)
(164,24,false)
(165,24,false)
(166,24,false)
(167,24,false)
(174,24,false)
(176,24,false)
(181,24,true)
(182,24,true)
(188,24,true)
(189,24,true)
(194,24,true)
(195,24,true)
(199,24,true)
(206,24,true)
(207,24,true)
(208,24,true)
(211,24,true)
(218,24,true)
(220,24,true)
(221,24,true)
(222,24,true)
(224,24,true)
(240,24,true)
(242,24,true)
(243,24,true)
(244,24,true)
(258,24,true)
(260,24,true)
(265,24,true)
(271,24,true)
(273,24,true)
(274,24,true)
(281,24,false)
(292,24,true)
(293,24,true)
(295,24,true)
(298,24,false)
(299,24,true)
(3,25,false)
(4,25,false)
(8,25,false)
(19,25,false)
(21,25,false)
(30,25,false)
(34,25,false)
(37,25,false)
(42,25,false)
(49,25,false)
(53,25,false)
(58,25,true)
(62,25,false)
(63,25,false)
(65,25,false)
(67,25,false)
(69,25,false)
(70,25,false)
(71,25,false)
(77,25,false)
(80,25,false)
(84,25,true)
(88,25,false)
(91,25,false)
(93,25,false)
(94,25,false)
(97,25,false)
(99,25,false)
(100,25,false)
(101,25,false)
(104,25,false)
(107,25,false)
(110,25,false)
(115,25,false)
(118,25,false)
(120,25,false)
(125,25,false)
(126,25,false)
(128,25,false)
(129,25,false)
(133,25,false)
(135,25,false)
(140,25,false)
(145,25,false)
(150,25,false)
(151,25,true)
(153,25,false)
(156,25,false)
(157,25,false)
(160,25,false)
(162,25,false)
(163,25,false)
(164,25,false)
(165,25,true)
(166,25,false)
(169,25,false)
(172,25,false)
(173,25,false)
(178,25,false)
(191,25,true)
(193,25,true)
(200,25,true)
(202,25,true)
(206,25,true)
(207,25,true)
(208,25,true)
(211,25,true)
(213,25,true)
(216,25,true)
(217,25,true)
(218,25,true)
(219,25,false)
(223,25,true)
(225,25,true)
(256,25,true)
(258,25,true)
(259,25,true)
(267,25,true)
(272,25,true)
(274,25,true)
(277,25,true)
(284,25,true)
(287,25,true)
(288,25,true)
(289,25,true)
(290,25,true)
(295,25,true)
(297,25,true)
(298,25,true)
(299,25,true)
(1,26,false)
(2,26,false)
(3,26,false)
(9,26,false)
(10,26,false)
(12,26,false)
(18,26,true)
(21,26,false)
(27,26,false)
(31,26,false)
(32,26,false)
(34,26,false)
(35,26,false)
(39,26,false)
(42,26,false)
(46,26,true)
(51,26,false)
(53,26,true)
(55,26,false)
(57,26,false)
(58,26,false)
(67,26,false)
(68,26,false)
(72,26,false)
(73,26,false)
(76,26,false)
(77,26,false)
(80,26,false)
(84,26,false)
(86,26,false)
(87,26,false)
(88,26,false)
(96,26,false)
(97,26,false)
(99,26,false)
(100,26,false)
(104,26,false)
(107,26,false)
(110,26,false)
(111,26,false)
(112,26,false)
(114,26,false)
(120,26,false)
(122,26,false)
(127,26,false)
(129,26,false)
(131,26,false)
(136,26,false)
(147,26,false)
(149,26,false)
(153,26,false)
(156,26,false)
(164,26,false)
(170,26,false)
(174,26,false)
(177,26,false)
(184,26,true)
(188,26,true)
(198,26,true)
(203,26,true)
(207,26,true)
(214,26,true)
(218,26,true)
(228,26,true)
(229,26,true)
(234,26,true)
(235,26,true)
(245,26,true)
(246,26,true)
(254,26,true)
(257,26,true)
(262,26,true)
(266,26,true)
(271,26,true)
(273,26,true)
(279,26,true)
(280,26,true)
(286,26,true)
(294,26,true)
(296,26,true)
(7,27,false)
(8,27,false)
(21,27,false)
(28,27,false)
(31,27,false)
(40,27,false)
(42,27,false)
(46,27,false)
(51,27,false)
(58,27,false)
(62,27,true)
(64,27,false)
(68,27,false)
(69,27,false)
(70,27,false)
(76,27,false)
(81,27,false)
(89,27,false)
(93,27,false)
(96,27,false)
(99,27,false)
(100,27,false)
(101,27,false)
(106,27,false)
(107,27,false)
(111,27,false)
(112,27,false)
(114,27,false)
(115,27,false)
(116,27,false)
(125,27,true)
(143,27,false)
(147,27,false)
(152,27,false)
(158,27,false)
(159,27,false)
(163,27,false)
(167,27,false)
(170,27,false)
(172,27,false)
(174,27,false)
(177,27,false)
(181,27,true)
(184,27,true)
(188,27,true)
(189,27,true)
(193,27,true)
(201,27,true)
(215,27,true)
(218,27,true)
(221,27,true)
(227,27,false)
(229,27,true)
(231,27,true)
(233,27,false)
(240,27,true)
(242,27,true)
(247,27,true)
(249,27,true)
(257,27,true)
(258,27,true)
(260,27,true)
(268,27,true)
(271,27,true)
(275,27,true)
(276,27,true)
(277,27,true)
(281,27,true)
(284,27,true)
(285,27,false)
(286,27,true)
(287,27,true)
(288,27,true)
(291,27,true)
(297,27,true)
(2,28,false)
(4,28,false)
(8,28,false)
(17,28,false)
(20,28,false)
(21,28,false)
(22,28,false)
(27,28,false)
(39,28,false)
(50,28,false)
(52,28,true)
(54,28,false)
(58,28,false)
(63,28,false)
(67,28,false)
(74,28,false)
(80,28,false)
(85,28,false)
(86,28,false)
(88,28,false)
(90,28,false)
(91,28,false)
(92,28,true)
(94,28,false)
(99,28,false)
(100,28,false)
(107,28,false)
(122,28,false)
(127,28,false)
(128,28,false)
(129,28,false)
(132,28,false)
(133,28,false)
(138,28,false)
(141,28,false)
(144,28,false)
(150,28,false)
(151,28,false)
(159,28,false)
(161,28,false)
(164,28,false)
(171,28,true)
(173,28,false)
(182,28,true)
(186,28,true)
(189,28,true)
(190,28,true)
(195,28,true)
(201,28,false)
(202,28,true)
(204,28,true)
(207,28,true)
(215,28,true)
(218,28,true)
(223,28,true)
(225,28,true)
(226,28,false)
(228,28,true)
(231,28,true)
(232,28,true)
(233,28,true)
(234,28,true)
(235,28,true)
(241,28,true)
(247,28,true)
(248,28,true)
(249,28,true)
(253,28,true)
(254,28,true)
(264,28,true)
(265,28,true)
(269,28,true)
(271,28,true)
(274,28,true)
(285,28,true)
(286,28,true)
(293,28,true)
(6,29,false)
(9,29,false)
(11,29,false)
(13,29,false)
(14,29,false)
(17,29,false)
(20,29,false)
(21,29,false)
(43,29,false)
(48,29,true)
(51,29,false)
(57,29,false)
(59,29,false)
(69,29,false)
(74,29,false)
(76,29,false)
(77,29,false)
(78,29,false)
(81,29,false)
(85,29,false)
(87,29,false)
(90,29,false)
(92,29,false)
(100,29,false)
(109,29,false)
(118,29,false)
(121,29,false)
(124,29,false)
(129,29,false)
(134,29,false)
(141,29,true)
(144,29,true)
(149,29,false)
(153,29,false)
(154,29,false)
(155,29,false)
(163,29,false)
(182,29,true)
(186,29,true)
(191,29,true)
(198,29,true)
(201,29,true)
(209,29,true)
(212,29,true)
(218,29,true)
(219,29,true)
(223,29,true)
(224,29,true)
(228,29,true)
(231,29,true)
(232,29,true)
(238,29,true)
(249,29,true)
(257,29,true)
(258,29,true)
(264,29,true)
(270,29,true)
(271,29,true)
(276,29,true)
(277,29,true)
(281,29,true)
(282,29,true)
(283,29,true)
(287,29,true)
(292,29,true)
(293,29,true)
(3,30,false)
(5,30,false)
(7,30,false)
(12,30,false)
(14,30,false)
(21,30,true)
(23,30,false)
(24,30,false)
(34,30,false)
(38,30,false)
(39,30,false)
(40,30,false)
(43,30,false)
(44,30,false)
(45,30,false)
(54,30,false)
(55,30,false)
(57,30,false)
(64,30,false)
(70,30,false)
(78,30,false)
(79,30,false)
(80,30,false)
(94,30,false)
(106,30,false)
(107,30,true)
(115,30,false)
(117,30,false)
(123,30,false)
(124,30,false)
(127,30,false)
(130,30,false)
(137,30,false)
(140,30,false)
(141,30,false)
(146,30,false)
(152,30,false)
(160,30,false)
(162,30,true)
(163,30,false)
(166,30,false)
(170,30,false)
(175,30,false)
(179,30,false)
(181,30,true)
(183,30,false)
(184,30,true)
(195,30,true)
(196,30,true)
(203,30,true)
(207,30,true)
(209,30,true)
(210,30,true)
(213,30,true)
(215,30,true)
(216,30,true)
(219,30,false)
(226,30,true)
(228,30,true)
(253,30,true)
(256,30,true)
(259,30,true)
(269,30,true)
(272,30,true)
(273,30,false)
(274,30,true)
(275,30,true)
(277,30,true)
(278,30,true)
(299,30,true)
(4,31,false)
(13,31,false)
(15,31,false)
(16,31,false)
(18,31,false)
(22,31,false)
(27,31,false)
(28,31,false)
(29,31,false)
(37,31,false)
(39,31,false)
(40,31,false)
(46,31,false)
(50,31,false)
(52,31,false)
(53,31,false)
(70,31,false)
(79,31,false)
(83,31,false)
(84,31,false)
(86,31,false)
(89,31,false)
(94,31,false)
(97,31,false)
(101,31,false)
(102,31,false)
(105,31,false)
(107,31,false)
(111,31,false)
(112,31,false)
(113,31,false)
(118,31,false)
(121,31,false)
(122,31,false)
(128,31,false)
(130,31,false)
(133,31,false)
(134,31,false)
(136,31,false)
(140,31,false)
(141,31,false)
(158,31,false)
(160,31,false)
(170,31,false)
(173,31,false)
(174,31,false)
(177,31,false)
(180,31,true)
(184,31,true)
(187,31,true)
(190,31,true)
(191,31,true)
(194,31,true)
(196,31,true)
(201,31,true)
(203,31,true)
(206,31,true)
(207,31,true)
(208,31,true)
(213,31,true)
(214,31,true)
(219,31,true)
(228,31,true)
(229,31,true)
(232,31,true)
(236,31,true)
(238,31,true)
(249,31,true)
(253,31,true)
(265,31,true)
(266,31,true)
(268,31,true)
(288,31,true)
(290,31,true)
(293,31,true)
(1,32,false)
(9,32,false)
(10,32,false)
(16,32,false)
(18,32,false)
(21,32,false)
(26,32,false)
(27,32,false)
(29,32,false)
(32,32,false)
(34,32,true)
(37,32,false)
(38,32,false)
(42,32,false)
(48,32,false)
(54,32,false)
(55,32,false)
(64,32,false)
(65,32,false)
(66,32,false)
(74,32,false)
(78,32,false)
(91,32,false)
(96,32,false)
(99,32,false)
(107,32,false)
(108,32,false)
(110,32,true)
(113,32,false)
(116,32,false)
(124,32,false)
(132,32,false)
(140,32,false)
(148,32,false)
(151,32,false)
(153,32,false)
(163,32,false)
(169,32,false)
(172,32,false)
(176,32,false)
(178,32,false)
(179,32,false)
(186,32,true)
(189,32,true)
(197,32,true)
(209,32,true)
(217,32,true)
(223,32,true)
(226,32,true)
(227,32,true)
(232,32,true)
(237,32,true)
(238,32,true)
(241,32,true)
(244,32,true)
(247,32,true)
(249,32,true)
(252,32,true)
(255,32,true)
(260,32,true)
(263,32,true)
(264,32,true)
(267,32,true)
(273,32,true)
(274,32,true)
(280,32,false)
(288,32,true)
(291,32,true)
(292,32,true)
(296,32,true)
(4,33,false)
(5,33,false)
(9,33,false)
(20,33,false)
(25,33,false)
(27,33,false)
(30,33,false)
(32,33,true)
(37,33,false)
(48,33,false)
(55,33,true)
(59,33,false)
(70,33,false)
(72,33,true)
(74,33,true)
(82,33,false)
(83,33,false)
(84,33,false)
(86,33,false)
(88,33,false)
(91,33,false)
(92,33,false)
(101,33,false)
(110,33,false)
(112,33,false)
(115,33,false)
(121,33,false)
(122,33,false)
(124,33,false)
(130,33,false)
(131,33,false)
(134,33,false)
(136,33,true)
(138,33,false)
(144,33,false)
(148,33,false)
(149,33,false)
(152,33,false)
(153,33,false)
(154,33,false)
(160,33,false)
(164,33,false)
(166,33,false)
(167,33,false)
(186,33,true)
(193,33,true)
(196,33,true)
(201,33,true)
(203,33,true)
(204,33,true)
(218,33,true)
(220,33,true)
(225,33,true)
(226,33,false)
(234,33,true)
(240,33,true)
(242,33,true)
(250,33,true)
(254,33,true)
(256,33,true)
(259,33,true)
(261,33,true)
(271,33,false)
(273,33,true)
(292,33,true)
(296,33,true)
(299,33,true)

(44,28)
(277,0)
(283,4)
(241,3)
(69,30)
(135,4)
(237,33)
(67,32)
(100,1)
(138,22)
(276,8)
(151,10)
(208,6)
(24,14)
(130,24)
(264,30)
(88,6)
(50,24)
(199,32)
(234,27)
(235,14)
(298,1)
(261,13)
(17,5)
(294,3)
(276,3)
(6,11)
(186,25)
(50,12)
(166,16)
(248,21)
(163,2)
(103,27)
(45,25)
(140,33)
(20,3)
(109,27)
(31,10)
(287,9)
(223,1)
(242,20)
(298,15)
(275,22)
(216,19)
(188,18)
(215,22)
(135,0)
(245,31)
(229,4)
(22,8)
(43,28)
(99,11)
(151,12)
(290,29)
(74,8)
(267,26)
(52,12)
(216,13)
(75,0)
(29,10)
(112,24)
(192,31)
(294,23)
(294,2)
(130,11)
(47,3)
(4,3)
(238,16)
(64,8)
(179,4)
(47,9)
(240,28)
(297,29)
(11,13)
(89,7)
(214,13)
(33,32)
(226,2)
(14,11)
(172,19)
(194,27)
(56,24)
(89,30)
(258,15)
(78,33)
(145,7)
(291,9)
(71,17)
(126,24)
(163,3)
(148,27)
(0,3)
(214,22)
(248,12)
(61,29)
(89,2)
(226,12)
(284,24)
(6,8)
(267,33)
(204,1)
(231,26)
(72,6)
(206,29)
(265,6)
(221,8)
(7,28)
(128,7)
(47,23)
(261,6)
(31,5)
(271,30)
(260,16)
(269,24)
(141,12)
(131,31)
(195,14)
(119,33)
(40,12)
(110,1)
(181,6)
(230,28)
(8,3)
(70,19)
(196,5)
(67,30)
(82,6)
(174,21)
(280,12)
(56,10)
(197,31)
(286,17)
(172,28)
(22,20)
(64,7)
(2,20)
(45,27)
(144,7)
(148,17)
(6,4)
(88,16)
(157,14)
(164,30)
(241,8)
(155,22)
(130,25)
(192,21)
(181,11)
(65,0)
(274,2)
(32,21)
(270,20)
(76,12)
(222,3)
(173,1)
(33,10)
(210,21)
(106,23)
(288,21)
(174,17)
(177,18)
(78,18)
(150,21)
(5,32)
(192,1)
(49,31)
(231,32)
(24,28)
(143,3)
(7,20)
(135,12)
(275,12)
(92,17)
(5,17)
(193,22)
(71,18)
(68,10)
(107,19)
(266,15)
(140,1)
(158,29)
(256,27)
(24,2)
(240,3)
(156,27)
(136,6)
(2,12)
(281,33)
(23,14)
(98,2)
(24,9)
(110,2)
(158,22)
(285,7)
(146,9)
(118,15)
(172,31)
(32,20)
(192,25)
(140,4)
(183,26)
(165,9)
(56,27)
(138,23)
(176,5)
(153,7)
(209,5)
(126,28)
(299,1)
(274,16)
(237,18)
(143,13)
(52,7)
(77,23)
(267,12)
(68,29)
(33,31)
(52,18)
(168,9)
(248,6)
(183,9)
(253,8)
(26,9)
(36,10)
(152,32)
(52,5)
(41,23)
(9,24)
(7,24)
(39,7)
(248,29)
(278,13)
(154,15)
(147,1)
(233,0)
(200,5)
(32,1)
(14,4)
(55,6)
(136,22)
(283,31)
(103,20)
(121,19)
(152,10)
(165,12)
(69,5)
(52,9)
(199,0)
(162,10)
(168,12)
(41,10)
(197,28)
(234,20)
(287,30)
(76,3)
(128,24)
(14,5)
(47,10)
(150,1)
(252,28)
(109,3)
(169,18)
(122,9)
(145,21)
(239,30)
(111,1)
(25,29)
(3,6)
(45,11)
(33,9)
(50,5)
(161,22)
(210,25)
(274,7)
(124,22)
(196,24)
(211,9)
(217,18)
(144,32)
(45,3)
(176,8)
(78,26)
(193,15)
(118,4)
(5,7)
(9,9)
(288,14)
(248,11)
(99,33)
(19,12)
(241,7)
(43,3)
(245,14)
(34,23)
(1,3)
(186,22)
(262,21)
(219,4)
(190,13)
(8,31)
(108,4)
(142,30)
(140,27)
(59,1)
(96,12)
(281,3)
(128,32)
(233,29)
(123,20)
(126,13)
(295,23)
(69,28)
(111,30)
(256,22)
(89,28)
(46,28)
(191,30)
(121,3)
(222,5)
(136,0)
(114,7)
(83,3)
(184,0)
(157,7)
(92,1)
(177,11)
(30,22)
(93,28)
(39,20)
(204,0)
(213,24)
(19,20)
(37,18)
(134,5)
(288,17)
(165,8)
(50,26)
(40,29)
(275,5)
(4,26)
(81,4)
(56,11)
(35,29)
(56,1)
(191,27)
(17,33)
(217,10)
(102,30)
(90,25)
(12,9)
(59,14)
(213,32)
(253,18)
(248,19)
(141,7)
(11,2)
(165,3)
(100,16)
(15,19)
(189,20)
(68,17)
(71,29)
(123,26)
(293,16)
(246,3)
(66,4)
(26,10)
(174,0)
(66,30)
(248,31)
(182,7)
(25,5)
(43,31)
(187,9)
(220,22)
(205,25)
(274,0)
(136,25)
(161,15)
(263,33)
(130,22)
(148,30)
(290,32)
(133,4)
(166,29)
(165,7)
(149,7)
(118,3)
(211,20)
(188,3)
(108,18)
(208,17)
(34,3)
(55,4)
(19,27)
(25,18)
(10,20)
(264,23)
(212,30)
(143,10)
(188,7)
(203,29)
(88,31)
(108,8)
(38,4)
(150,10)
(30,7)
(102,22)
(138,5)
(295,26)
(282,8)
(95,23)
(180,18)
(257,20)
(131,17)
(156,32)
(98,30)
(239,15)
(145,15)
(99,8)
(158,24)
(106,19)
(7,21)
(151,7)
(9,13)
(279,32)
(213,10)
(170,21)
(163,26)
(189,5)
(144,16)
(256,28)
(208,11)
(260,28)
(208,30)
(78,11)
(284,5)
(155,1)
(23,10)
(274,3)
(86,8)
(226,31)
(155,16)
(51,32)
(133,20)
(174,6)
(286,7)
(92,14)
(80,7)
(61,6)
(34,5)
(203,4)
(157,3)
(122,29)
(139,8)
(110,20)
(281,19)
(118,11)
(134,7)
(178,6)
(262,19)
(115,1)
(284,14)
(207,20)
(252,27)
(139,17)
(86,5)
(144,21)
(147,14)
(38,31)
(40,26)
(213,28)
(9,20)
(15,30)
(196,28)
(30,29)
(26,4)
(259,26)
(129,8)
(269,7)
(117,26)
(126,27)
(4,8)
(89,4)
(282,4)
(269,22)
(82,32)
(119,30)
(16,0)
(5,14)
(146,18)
(219,13)
(93,30)
(235,6)
(67,7)
(5,26)
(222,12)
(225,30)
(289,17)
(296,0)
(134,27)
(202,6)
(30,21)
(39,3)
(222,2)
(227,25)
(47,1)
(266,28)
(291,25)
(29,6)
(91,8)
(53,17)
(78,12)
(143,1)
(97,21)
(27,5)
(220,3)
(38,18)
(87,11)
(233,1)
(239,16)
(236,5)
(171,21)
(32,18)
(212,27)
(94,33)
(10,14)
(97,14)
(261,27)
(176,15)
(266,1)
(135,21)
(159,5)
(153,15)
(81,23)
(267,7)
(159,26)
(222,26)
(296,1)
(34,7)
(67,2)
(290,9)
(87,15)
(205,4)
(19,26)
(103,7)
(175,20)
(216,4)
(263,26)
(26,21)
(41,25)
(265,29)
(153,0)
(256,5)
(44,20)
(255,6)
(210,26)
(141,33)
(246,30)
(138,12)
(92,20)
(0,12)
(153,28)
(73,0)
(274,29)
(132,5)
(66,10)
(157,24)
(127,15)
(95,5)
(47,33)
(260,33)
(125,29)
(39,2)
(141,24)
(156,0)
(267,19)
(10,23)
(281,0)
(10,9)
(52,15)
(85,18)
(294,16)
(36,14)
(239,11)
(292,10)
(202,29)
(233,14)
(165,28)
(188,11)
(292,18)
(223,7)
(97,19)
(192,8)
(112,14)
(56,6)
(197,30)
(255,33)
(131,32)
(72,1)
(179,2)
(45,18)
(237,9)
(162,19)
(176,2)
(184,14)
(284,23)
(204,13)
(66,12)
(185,1)
(130,28)
(253,2)
(15,14)
(14,1)
(102,15)
(274,4)
(160,16)
(140,18)
(149,27)
(123,25)
(182,27)
(125,32)
(292,4)
(250,22)
(25,2)
(23,26)
(246,10)
(70,9)
(79,22)
(60,25)
(124,18)
(147,4)
(60,6)
(156,31)
(117,24)
(278,24)
(134,18)
(84,1)
(241,1)
(195,13)
(22,3)
(72,12)
(20,21)
(217,6)
(101,29)
(282,28)
(200,24)
(111,4)
(13,4)
(176,28)
(269,11)
(44,3)
(170,20)
(265,9)
(206,20)
(64,17)
(2,15)
(8,8)
(49,18)
(275,14)
(54,3)
(127,29)
(272,12)
(141,22)
(235,18)
(103,0)
(51,24)
(290,22)
(177,22)
(147,19)
(54,26)
(282,14)
(21,4)
(40,3)
(131,5)
(9,28)
(173,30)
(95,8)
(34,33)
(278,8)
(155,14)
(2,24)
(78,19)
(275,23)
(92,31)
(263,31)
(6,33)
(266,16)
(122,5)
(183,8)
(33,28)
(293,5)
(205,18)
(41,5)
(83,23)
(192,26)
(113,19)
(224,8)
(119,12)
(48,26)
(54,31)
(123,21)
(200,9)
(2,13)
(61,26)
(35,13)
(83,5)
(211,12)
(284,9)
(127,20)
(217,11)
(118,27)
(204,8)
(24,22)
(67,16)
(32,29)
(222,19)
(221,21)
(61,28)
(247,1)
(18,9)
(193,24)
(10,27)
(71,14)
(10,28)
(74,26)
(23,2)
(266,32)
(81,1)
(28,24)
(2,18)
(104,21)
(171,7)
(188,23)
(163,19)
(3,27)
(18,12)
(46,14)
(59,16)
(33,4)
(163,7)
(202,3)
(242,19)
(137,32)
(275,24)
(251,9)
(161,0)
(121,30)
(38,1)
(173,3)
(97,32)
(151,33)
(173,24)
(231,16)
(154,12)
(126,30)
(68,22)
(80,2)
(289,30)
(285,25)
(180,7)
(227,9)
(6,28)
(285,5)
(189,16)
(90,19)
(201,23)
(119,32)
(161,26)
(83,27)
(94,29)
(103,26)
(63,32)
(100,5)
(117,18)
(212,13)
(45,33)
(52,11)
(220,25)
(149,28)
(179,25)
(147,15)
(248,17)
(137,20)
(28,29)
(49,21)
(191,11)
(123,28)
(38,24)
(294,14)
(61,20)
(26,29)
(203,5)
(60,13)
(101,32)
(105,20)
(165,29)
(117,7)
(287,33)
(136,21)
(80,6)
(239,19)
(72,17)
(148,31)
(133,2)
(131,15)
(285,6)
(133,29)
(188,10)
(85,31)
(73,28)
(111,2)
(102,25)
(277,21)
(122,2)
(157,9)
(50,10)
(114,25)
(251,6)
(178,8)
(138,32)
(253,22)
(96,23)
(214,14)
(290,15)
(243,5)
(35,30)
(147,30)
(276,17)
(216,10)
(205,6)
(247,26)
(133,27)
(298,10)
(144,20)
(164,2)
(161,24)
(26,22)
(55,10)
(177,19)
(54,17)
(278,19)
(79,17)
(173,13)
(221,6)
(18,13)
(100,31)
(53,2)
(19,29)
(76,0)
(26,30)
(128,9)
(153,16)
(119,18)
(186,7)
(298,23)
(31,30)
(34,27)
(244,33)
(36,11)
(154,7)
(269,8)
(297,15)
(120,21)
(221,26)
(104,29)
(214,3)
(143,16)
(125,28)
(87,18)
(188,16)
(71,6)
(259,2)
(164,16)
(180,21)
(95,31)
(195,29)
(189,15)
(41,3)
(74,21)
(283,2)
(208,13)
(8,11)
(27,19)
(124,12)
(64,5)
(43,21)
(129,9)
(210,32)
(176,3)
(189,10)
(197,29)
(56,7)
(198,1)
(57,9)
(286,19)
(204,12)
(141,2)
(111,20)
(229,25)
(69,13)
(36,15)
(204,25)
(153,14)
(140,19)
(213,16)
(29,24)
(50,0)
(113,3)
(156,14)
(258,22)
(126,20)
(207,27)
(204,18)
(277,31)
(203,22)
(236,6)
(200,18)
(281,18)
(9,10)
(253,26)
(211,31)
(51,28)
(76,8)
(80,15)
(195,8)
(170,16)
(147,32)
(298,19)
(151,13)
(218,18)
(137,5)
(185,4)
(129,18)
(62,1)
(273,4)
(32,12)
(130,21)
(35,2)
(79,29)
(166,31)
(175,10)
(195,0)
(11,16)
(146,3)
(112,32)
(103,24)
(211,17)
(262,31)
(79,23)
(45,29)
(145,5)
(155,33)
(120,31)
(217,28)
(88,24)
(209,23)
(101,6)
(175,23)
(99,22)
(160,13)
(5,2)
(131,10)
(146,7)
(225,32)
(239,8)
(78,31)
(74,19)
(31,14)
(96,2)
(210,7)
(140,23)
(21,0)
(127,12)
(3,20)
(110,12)
(60,23)
(224,10)
(2,29)
(48,27)
(54,4)
(101,4)
(29,0)
(294,7)
(186,18)
(35,3)
(284,16)
(285,20)
(92,10)
(181,25)
(20,11)
(207,6)
(91,10)
(42,20)
(261,28)
(261,11)
(68,2)
(21,17)
(139,7)
(54,11)
(65,7)
(284,11)
(278,26)
(185,25)
(63,17)
(249,20)
(55,25)
(78,6)
(217,5)
(78,17)
(179,18)
(59,21)
(155,26)
(147,8)
(196,23)
(158,17)
(167,18)
(84,30)
(112,23)
(162,9)
(20,32)
(270,7)
(245,4)
(1,7)
(235,25)
(104,19)
(79,16)
(128,23)
(194,17)
(182,25)
(88,21)
(140,6)
(290,24)
(149,19)
(265,8)
(45,20)
(187,19)
(194,11)
(121,24)
(274,11)
(197,13)
(271,5)
(99,29)
(37,12)
(52,29)
(146,11)
(149,6)
(74,7)
(114,31)
(93,23)
(114,29)
(276,5)
(115,23)
(232,4)
(263,4)
(165,16)
(174,9)
(254,4)
(77,22)
(3,16)
(241,0)
(267,13)
(132,18)
(197,6)
(23,21)
(183,19)
(109,9)
(251,16)
(253,12)
(151,24)
(169,14)
(294,21)
(74,2)
(15,33)
(127,31)
(101,18)
(229,15)
(162,3)
(38,27)
(64,21)
(212,3)
(217,27)
(208,5)
(163,10)
(30,5)
(140,5)
(218,21)
(168,6)
(215,26)
(98,14)
(147,7)
(36,33)
(126,32)
(297,13)
(221,15)
(281,21)
(151,18)
(127,6)
(129,32)
(183,17)
(46,1)
(153,3)
(0,7)
(46,19)
(246,21)
(167,28)
(185,24)
(122,15)
(177,6)
(195,22)
(1,20)
(16,33)
(191,22)
(276,7)
(286,23)
(212,33)
(127,5)
(288,1)
(15,8)
(68,20)
(43,15)
(246,24)
(281,28)
(253,20)
(72,13)
(51,33)
(49,14)
(159,16)
(49,2)
(79,9)
(163,20)
(22,6)
(151,3)
(206,33)
(235,31)
(278,2)
(283,28)
(127,22)
(155,21)
(249,7)
(82,28)
(50,17)
(292,19)
(61,32)
(138,0)
(158,9)
(3,22)
(44,8)
(125,13)
(168,33)
(24,31)
(95,16)
(116,33)
(157,30)
(268,29)
(270,23)
(241,2)
(74,20)
(38,13)
(69,20)
(260,6)
(74,11)
(76,13)
(102,9)
(195,18)
(277,20)
(261,23)
(285,33)
(120,27)
(37,21)
(104,0)
(60,29)
(148,24)
(79,18)
(220,13)
(23,22)
(36,31)
(225,16)
(51,14)
(256,3)
(148,7)
(295,22)
(173,9)
(88,11)
(197,16)
(17,12)
(283,18)
(115,26)
(205,10)
(274,19)
(251,2)
(220,19)
(155,28)
(113,28)
(82,7)
(41,15)
(265,7)
(299,22)
(11,27)
(133,9)
(50,30)
(167,17)
(157,17)
(96,10)
(223,30)
(14,9)
(45,5)
(253,13)
(237,2)
(69,8)
(132,7)
(248,26)
(92,21)
(13,16)
(20,0)
(163,15)
(89,14)
(144,14)
(18,19)
(46,3)
(263,30)
(207,4)
(82,14)
(91,19)
(37,22)
(19,19)
(255,12)
(283,17)
(294,5)
(33,12)
(149,22)
(28,22)
(6,9)
(249,30)
(84,20)
(269,2)
(248,3)
(150,15)
(199,27)
(14,21)
(123,2)
(188,32)
(298,9)
(189,21)
(119,28)
(174,13)
(186,9)
(200,13)
(224,25)
(206,10)
(112,17)
(291,31)
(271,32)
(290,19)
(293,4)
(286,32)
(34,16)
(106,20)
(77,27)
(161,16)
(100,23)
(67,23)
(145,0)
(269,32)
(2,30)
(40,0)
(180,20)
(39,8)
(159,33)
(122,23)
(211,1)
(202,12)
(62,23)
(64,18)
(41,4)
(123,12)
(89,12)
(192,27)
(27,14)
(26,20)
(31,20)
(150,30)
(4,12)
(103,28)
(90,5)
(130,2)
(186,17)
(278,7)
(100,30)
(247,33)
(114,20)
(257,19)
(94,32)
(112,29)
(206,15)
(173,19)
(24,11)
(160,27)
(181,8)
(34,4)
(257,10)
(150,7)
(273,3)
(141,5)
(196,21)
(104,28)
(144,19)
(121,13)
(135,11)
(174,4)
(89,25)
(108,23)
(298,5)
(60,31)
(220,10)
(242,1)
(153,4)
(250,17)
(268,30)
(115,24)
(258,33)
(239,33)
(27,4)
(211,23)
(280,1)
(112,6)
(291,21)
(111,29)
(198,19)
(201,20)
(68,15)
(175,25)
(214,29)
(289,15)
(17,19)
(181,23)
(55,27)
(219,24)
(297,30)
(26,25)
(59,3)
(175,22)
(286,3)
(222,1)
(105,2)
(113,24)
(155,32)
(120,28)
(64,3)
(274,33)
(282,24)
(94,18)
(186,30)
(153,5)
(268,21)
(31,13)
(13,32)
(35,23)
(187,24)
(86,32)
(46,9)
(37,6)
(92,12)
(293,10)
(23,1)
(97,17)
(126,31)
(116,13)
(42,21)
(136,13)
(148,14)
(128,0)
(205,31)
(174,32)
(105,33)
(159,11)
(110,27)
(206,23)
(278,6)
(215,25)
(242,17)
(103,11)
(40,18)
(221,9)
(84,24)
(94,7)
(264,12)
(282,18)
(3,3)
(93,31)
(115,12)
(72,15)
(78,28)
(6,3)
(216,31)
(288,12)
(241,15)
(86,16)
(125,5)
(231,24)
(93,32)
(277,5)
(260,18)
(32,4)
(126,22)
(96,22)
(164,15)
(157,18)
(265,12)
(98,25)
(177,15)
(168,2)
(125,9)
(150,22)
(194,9)
(5,27)
(265,18)
(93,17)
(171,14)
(36,7)
(208,14)
(242,0)
(123,22)
(230,27)
(238,8)
(104,18)
(131,21)
(163,33)
(281,31)
(170,22)
(128,27)
(24,19)
(126,33)
(242,23)
(239,3)
(117,15)
(76,6)
(129,33)
(41,11)
(27,29)
(229,10)
(207,13)
(130,32)
(105,7)
(121,32)
(200,27)
(154,27)
(122,20)
(250,2)
(235,32)
(220,18)
(264,7)
(85,13)
(127,10)
(257,16)
(151,19)
(97,30)
(177,33)
(134,32)
(240,29)
(288,20)
(146,5)
(268,33)
(226,15)
(255,0)
(289,19)
(43,7)
(270,19)
(189,31)
(119,31)
(77,17)
(215,7)
(203,10)
(257,33)
(14,10)
(160,8)
(184,33)
(75,7)
(47,26)
(133,7)
(110,23)
(106,7)
(176,17)
(282,27)
(296,30)
(169,30)
(257,24)
(81,22)
(26,23)
(187,17)
(297,3)
(127,1)
(225,14)
(210,9)
(44,11)
(51,0)
(95,18)
(56,3)
(268,8)
(15,3)
(6,2)
(109,28)
(203,0)
(20,27)
(281,6)
(242,29)
(259,21)
(215,24)
(83,25)
(192,7)
(65,27)
(185,9)
(185,13)
(153,9)
(115,28)
(73,29)
(41,13)
(7,23)
(99,5)
(279,10)
(74,16)
(210,8)
(66,13)
(206,9)
(225,24)
(172,12)
(204,32)
(141,6)
(130,7)
(113,5)
(135,30)
(5,25)
(296,13)
(182,4)
(232,14)
(179,14)
(222,27)
(187,10)
(92,4)
(68,9)
(183,23)
(59,25)
(96,30)
(86,7)
(137,1)
(265,30)
(203,27)
(299,11)
(122,12)
(280,29)
(59,27)
(183,1)
(119,22)
(102,29)
(36,16)
(254,32)
(188,5)
(17,8)
(87,28)
(110,4)
(18,4)
(220,0)
(176,16)
(4,5)
(157,22)
(180,32)
(104,14)
(163,9)
(288,29)
(292,17)
(288,8)
(5,16)
(60,9)
(159,3)
(76,16)
(223,23)
(24,25)
(170,10)
(194,4)
(117,16)
(96,19)
(152,25)
(142,28)
(85,9)
(185,26)
(194,13)
(42,3)
(277,3)
(1,6)
(238,2)
(61,5)
(124,5)
(45,28)
(262,33)
(269,15)
(233,21)
(89,10)
(169,10)
(49,32)
(216,22)
(56,16)
(132,26)
(195,21)
(3,33)
(228,14)
(72,30)
(266,7)
(67,13)
(259,22)
(42,28)
(72,21)
(41,8)
(280,20)
(195,23)
(90,21)
(57,31)
(8,12)
(40,6)
(60,16)
(199,2)
(141,3)
(11,4)
(55,20)
(242,22)
(9,12)
(248,2)
(48,21)
(69,1)
(15,22)
(22,7)
(168,31)
(255,3)
(129,19)
(99,16)
(75,4)
(82,24)
(11,8)
(32,2)
(80,22)
(284,32)
(56,20)
(185,31)
(243,27)
(60,5)
(134,23)
(36,3)
(92,19)
(113,11)
(288,18)
(117,27)
(86,24)
(296,20)
(224,5)
(98,13)
(148,6)
(101,12)
(137,24)
(142,10)
(67,31)
(120,0)
(163,13)
(267,9)
(176,27)
(196,10)
(11,25)
(200,28)
(5,10)
(297,26)
(62,26)
(196,32)
(160,23)
(240,6)
(240,14)
(172,30)
(59,26)
(178,16)
(223,4)
(13,1)
(33,24)
(179,3)
(130,12)
(179,1)
(118,23)
(214,15)
(172,11)
(245,16)
(25,0)
(274,31)
(134,15)
(143,12)
(131,13)
(211,19)
(242,11)
(267,31)
(271,19)
(130,9)
(66,5)
(103,14)
(2,11)
(258,17)
(231,7)
(119,11)
(209,2)
(34,6)
(209,13)
(271,13)
(13,0)
(177,2)
(86,10)
(203,21)
(42,33)
(245,13)
(188,21)
(259,32)
(182,20)
(7,7)
(232,25)
(30,32)
(153,27)
(246,28)
(72,8)
(94,24)
(130,29)
(64,9)
(243,4)
(17,24)
(42,10)
(40,8)
(284,6)
(5,31)
(209,8)
(88,14)
(126,3)
(57,5)
(258,8)
(147,28)
(224,32)
(163,23)
(5,20)
(232,21)
(100,14)
(154,11)
(105,29)
(15,28)
(126,21)
(117,0)
(299,14)
(214,0)
(295,21)
(289,28)
(153,17)
(21,9)
(212,17)
(240,19)
(229,17)
(73,22)
(294,11)
(42,23)
(47,30)
(138,3)
(35,14)
(98,33)
(192,16)
(35,25)
(2,21)
(33,6)
(223,26)
(157,29)
(204,26)
(105,19)
(298,14)
(62,14)
(280,24)
(271,15)
(9,6)
(101,30)
(171,25)
(182,0)
(81,15)
(32,23)
(148,4)
(127,13)
(222,25)
(217,22)
(254,25)
(278,14)
(165,33)
(120,11)
(1,0)
(194,32)
(287,4)
(162,13)
(217,4)
(240,16)
(155,20)
(178,18)
(232,2)
(196,9)
(234,31)
(246,17)
(258,20)
(247,14)
(146,33)
(54,13)
(259,17)
(80,31)
(104,2)
(211,18)
(255,1)
(187,7)
(240,1)
(299,2)
(154,6)
(35,22)
(257,21)
(40,14)
(3,32)
(160,29)
(232,23)
(101,23)
(244,2)
(107,13)
(45,31)
(284,3)
(213,20)
(147,10)
(211,6)
(164,29)
(121,21)
(18,17)
(27,11)
(21,18)
(90,33)
(199,5)
(215,20)
(285,18)
(172,6)
(142,32)
(230,33)
(296,10)
(184,9)
(266,22)
(281,2)
(269,26)
(148,10)
(242,28)
(44,27)
(188,33)
(15,26)
(77,5)
(270,31)
(207,1)
(277,19)
(297,20)
(246,2)
(215,23)
(183,12)
(155,31)
(129,22)
(1,17)
(204,21)
(27,2)
(196,29)
(116,15)
(75,8)
(166,13)
(117,25)
(30,27)
(251,13)
(47,8)
(46,10)
(28,28)
(179,26)
(114,24)
(224,4)
(72,5)
(52,3)
(151,31)
(131,18)
(162,21)
(46,4)
(80,12)
(190,29)
(95,27)
(299,9)
(169,31)
(299,27)
(245,9)
(212,1)
(77,13)
(33,30)
(241,9)
(109,25)
(228,3)
(74,27)
(166,6)
(28,17)
(139,6)
(261,20)
(193,9)
(4,32)
(16,12)
(105,10)
(158,13)
(18,6)
(274,26)
(4,19)
(292,26)
(241,20)
(76,19)
(104,5)
(284,1)
(74,9)
(280,5)
(295,32)
(113,30)
(201,18)
(145,3)
(230,16)
(285,0)
(195,25)
(153,24)
(23,31)
(237,25)
(150,23)
(150,3)
(102,28)
(101,7)
(249,6)
(166,5)
(164,22)
(131,28)
(155,8)
(99,18)
(184,20)
(101,28)
(23,12)
(191,23)
(132,1)
(85,0)
(231,31)
(146,15)
(179,10)
(35,28)
(9,17)
(196,19)
(145,29)
(139,11)
(175,29)
(211,32)
(173,29)
(229,9)
(158,15)
(247,29)
(124,23)
(242,30)
(105,4)
(295,16)
(246,0)
(282,6)
(103,22)
(102,10)
(155,6)
(153,22)
(53,16)
(127,0)
(164,31)
(299,19)
(241,27)
(216,12)
(140,15)
(277,11)
(121,4)
(262,6)
(169,29)
(268,25)
(47,6)
(168,17)
(65,12)
(86,2)
(161,27)
(108,28)
(282,13)
(263,23)
(88,18)
(177,28)
(194,10)
(280,21)
(11,33)
(93,3)
(166,23)
(120,23)
(198,15)
(31,22)
(201,16)
(178,23)
(118,5)
(298,33)
(181,32)
(275,7)
