300 Users
20 Files
1000 Transactions
2 Maximum Connections
1 Cycle Length per Upload-Download
0 Warm-up Transactions
0.400000 Zipf constant
5 Pre-Trusted Users
240 Well-Behaved (Good) Users
60 Purely Malicious Users
0 Feedback Skewing Users
0 Malignant Providing Users
0 Disguised Malicous Users
0 Sybil Attack Users
true Intelligent Trans. Generation
1561012973127 Trace Generation Seed

(0.032670,0.000000,1,false)
(0.030635,0.000000,1,false)
(0.094908,0.000000,1,false)
(0.067068,0.000000,1,false)
(0.094759,0.000000,1,false)
(0.061490,0.000000,1,false)
(0.045145,0.000000,1,false)
(0.050183,0.000000,1,false)
(0.046437,0.000000,1,false)
(0.073956,0.000000,1,false)
(0.031405,0.000000,1,false)
(0.039929,0.000000,1,false)
(0.055846,0.000000,1,false)
(0.071204,0.000000,1,false)
(0.072313,0.000000,1,false)
(0.017768,0.000000,1,false)
(0.012217,0.000000,1,false)
(0.005380,0.000000,1,false)
(0.053770,0.000000,1,false)
(0.091371,0.000000,1,false)
(0.067274,0.000000,1,false)
(0.050182,0.000000,1,false)
(0.035107,0.000000,1,false)
(0.045649,0.000000,1,false)
(0.029606,0.000000,1,false)
(0.050250,0.000000,1,false)
(0.068579,0.000000,1,false)
(0.027846,0.000000,1,false)
(0.034023,0.000000,1,false)
(0.010230,0.000000,1,false)
(0.046240,0.000000,1,false)
(0.018863,0.000000,1,false)
(0.002160,0.000000,1,false)
(0.031382,0.000000,1,false)
(0.065310,0.000000,1,false)
(0.083294,0.000000,1,false)
(0.095423,0.000000,1,false)
(0.064271,0.000000,1,false)
(0.020819,0.000000,1,false)
(0.096646,0.000000,1,false)
(0.036890,0.000000,1,false)
(0.022300,0.000000,1,false)
(0.092591,0.000000,1,false)
(0.019756,0.000000,1,false)
(0.044886,0.000000,1,false)
(0.092808,0.000000,1,false)
(0.092598,0.000000,1,false)
(0.027674,0.000000,1,false)
(0.077672,0.000000,1,false)
(0.089906,0.000000,1,false)
(0.078224,0.000000,1,false)
(0.003056,0.000000,1,false)
(0.036083,0.000000,1,false)
(0.016419,0.000000,1,false)
(0.017175,0.000000,1,false)
(0.072621,0.000000,1,false)
(0.008903,0.000000,1,false)
(0.041044,0.000000,1,false)
(0.010577,0.000000,1,false)
(0.099275,0.000000,1,false)
(0.925590,1.000000,0,true)
(0.948757,1.000000,0,true)
(0.957788,1.000000,0,true)
(0.957782,1.000000,0,true)
(0.909265,1.000000,0,true)
(0.987603,1.000000,0,false)
(0.976094,1.000000,0,false)
(0.937297,1.000000,0,false)
(0.982432,1.000000,0,false)
(0.950593,1.000000,0,false)
(0.950242,1.000000,0,false)
(0.915972,1.000000,0,false)
(0.987793,1.000000,0,false)
(0.931819,1.000000,0,false)
(0.944806,1.000000,0,false)
(0.989015,1.000000,0,false)
(0.965920,1.000000,0,false)
(0.948646,1.000000,0,false)
(0.999249,1.000000,0,false)
(0.923866,1.000000,0,false)
(0.926398,1.000000,0,false)
(0.904906,1.000000,0,false)
(0.934920,1.000000,0,false)
(0.991845,1.000000,0,false)
(0.906423,1.000000,0,false)
(0.997986,1.000000,0,false)
(0.963230,1.000000,0,false)
(0.989050,1.000000,0,false)
(0.965625,1.000000,0,false)
(0.991051,1.000000,0,false)
(0.959532,1.000000,0,false)
(0.998730,1.000000,0,false)
(0.912312,1.000000,0,false)
(0.992221,1.000000,0,false)
(0.980866,1.000000,0,false)
(0.922652,1.000000,0,false)
(0.912048,1.000000,0,false)
(0.987522,1.000000,0,false)
(0.978628,1.000000,0,false)
(0.918666,1.000000,0,false)
(0.994660,1.000000,0,false)
(0.963766,1.000000,0,false)
(0.989597,1.000000,0,false)
(0.925689,1.000000,0,false)
(0.950246,1.000000,0,false)
(0.931269,1.000000,0,false)
(0.980400,1.000000,0,false)
(0.935769,1.000000,0,false)
(0.988667,1.000000,0,false)
(0.914403,1.000000,0,false)
(0.971621,1.000000,0,false)
(0.985680,1.000000,0,false)
(0.930242,1.000000,0,false)
(0.920461,1.000000,0,false)
(0.978161,1.000000,0,false)
(0.987640,1.000000,0,false)
(0.998029,1.000000,0,false)
(0.924184,1.000000,0,false)
(0.972328,1.000000,0,false)
(0.900340,1.000000,0,false)
(0.994071,1.000000,0,false)
(0.916508,1.000000,0,false)
(0.905280,1.000000,0,false)
(0.957326,1.000000,0,false)
(0.963373,1.000000,0,false)
(0.961714,1.000000,0,false)
(0.911085,1.000000,0,false)
(0.920129,1.000000,0,false)
(0.980146,1.000000,0,false)
(0.987123,1.000000,0,false)
(0.965545,1.000000,0,false)
(0.908163,1.000000,0,false)
(0.930976,1.000000,0,false)
(0.993869,1.000000,0,false)
(0.979298,1.000000,0,false)
(0.976469,1.000000,0,false)
(0.919106,1.000000,0,false)
(0.925959,1.000000,0,false)
(0.971401,1.000000,0,false)
(0.965814,1.000000,0,false)
(0.972900,1.000000,0,false)
(0.967996,1.000000,0,false)
(0.995663,1.000000,0,false)
(0.937420,1.000000,0,false)
(0.909798,1.000000,0,false)
(0.959374,1.000000,0,false)
(0.977454,1.000000,0,false)
(0.926787,1.000000,0,false)
(0.984749,1.000000,0,false)
(0.914631,1.000000,0,false)
(0.963541,1.000000,0,false)
(0.907612,1.000000,0,false)
(0.939083,1.000000,0,false)
(0.925876,1.000000,0,false)
(0.991692,1.000000,0,false)
(0.947725,1.000000,0,false)
(0.962190,1.000000,0,false)
(0.993801,1.000000,0,false)
(0.950374,1.000000,0,false)
(0.964233,1.000000,0,false)
(0.984131,1.000000,0,false)
(0.988784,1.000000,0,false)
(0.921821,1.000000,0,false)
(0.944787,1.000000,0,false)
(0.932436,1.000000,0,false)
(0.982934,1.000000,0,false)
(0.984055,1.000000,0,false)
(0.995860,1.000000,0,false)
(0.910875,1.000000,0,false)
(0.917659,1.000000,0,false)
(0.989161,1.000000,0,false)
(0.907394,1.000000,0,false)
(0.991842,1.000000,0,false)
(0.979449,1.000000,0,false)
(0.936189,1.000000,0,false)
(0.985949,1.000000,0,false)
(0.957298,1.000000,0,false)
(0.949050,1.000000,0,false)
(0.917496,1.000000,0,false)
(0.905645,1.000000,0,false)
(0.975801,1.000000,0,false)
(0.966044,1.000000,0,false)
(0.937159,1.000000,0,false)
(0.957757,1.000000,0,false)
(0.965226,1.000000,0,false)
(0.912103,1.000000,0,false)
(0.979330,1.000000,0,false)
(0.945705,1.000000,0,false)
(0.962100,1.000000,0,false)
(0.961762,1.000000,0,false)
(0.942911,1.000000,0,false)
(0.972515,1.000000,0,false)
(0.999295,1.000000,0,false)
(0.979579,1.000000,0,false)
(0.956948,1.000000,0,false)
(0.902454,1.000000,0,false)
(0.983917,1.000000,0,false)
(0.956849,1.000000,0,false)
(0.948401,1.000000,0,false)
(0.947629,1.000000,0,false)
(0.966769,1.000000,0,false)
(0.979826,1.000000,0,false)
(0.950712,1.000000,0,false)
(0.933701,1.000000,0,false)
(0.903628,1.000000,0,false)
(0.904472,1.000000,0,false)
(0.917600,1.000000,0,false)
(0.936727,1.000000,0,false)
(0.926875,1.000000,0,false)
(0.980253,1.000000,0,false)
(0.942020,1.000000,0,false)
(0.955249,1.000000,0,false)
(0.973593,1.000000,0,false)
(0.917346,1.000000,0,false)
(0.975004,1.000000,0,false)
(0.988327,1.000000,0,false)
(0.953336,1.000000,0,false)
(0.927861,1.000000,0,false)
(0.993335,1.000000,0,false)
(0.931125,1.000000,0,false)
(0.985093,1.000000,0,false)
(0.992292,1.000000,0,false)
(0.978548,1.000000,0,false)
(0.974940,1.000000,0,false)
(0.988762,1.000000,0,false)
(0.907358,1.000000,0,false)
(0.942725,1.000000,0,false)
(0.908254,1.000000,0,false)
(0.981599,1.000000,0,false)
(0.960807,1.000000,0,false)
(0.968866,1.000000,0,false)
(0.959398,1.000000,0,false)
(0.904579,1.000000,0,false)
(0.952428,1.000000,0,false)
(0.925315,1.000000,0,false)
(0.999884,1.000000,0,false)
(0.987533,1.000000,0,false)
(0.938666,1.000000,0,false)
(0.964801,1.000000,0,false)
(0.940197,1.000000,0,false)
(0.955166,1.000000,0,false)
(0.920687,1.000000,0,false)
(0.929092,1.000000,0,false)
(0.997059,1.000000,0,false)
(0.978695,1.000000,0,false)
(0.922614,1.000000,0,false)
(0.950103,1.000000,0,false)
(0.992673,1.000000,0,false)
(0.989872,1.000000,0,false)
(0.917872,1.000000,0,false)
(0.967472,1.000000,0,false)
(0.962430,1.000000,0,false)
(0.995536,1.000000,0,false)
(0.957194,1.000000,0,false)
(0.971224,1.000000,0,false)
(0.997779,1.000000,0,false)
(0.961586,1.000000,0,false)
(0.931819,1.000000,0,false)
(0.926057,1.000000,0,false)
(0.935711,1.000000,0,false)
(0.975442,1.000000,0,false)
(0.969760,1.000000,0,false)
(0.941141,1.000000,0,false)
(0.925283,1.000000,0,false)
(0.945524,1.000000,0,false)
(0.911771,1.000000,0,false)
(0.915999,1.000000,0,false)
(0.955065,1.000000,0,false)
(0.955202,1.000000,0,false)
(0.946717,1.000000,0,false)
(0.919120,1.000000,0,false)
(0.913176,1.000000,0,false)
(0.956920,1.000000,0,false)
(0.903563,1.000000,0,false)
(0.941401,1.000000,0,false)
(0.973731,1.000000,0,false)
(0.969828,1.000000,0,false)
(0.999033,1.000000,0,false)
(0.911353,1.000000,0,false)
(0.960085,1.000000,0,false)
(0.931277,1.000000,0,false)
(0.926227,1.000000,0,false)
(0.963170,1.000000,0,false)
(0.926170,1.000000,0,false)
(0.948911,1.000000,0,false)
(0.940085,1.000000,0,false)
(0.912385,1.000000,0,false)
(0.922488,1.000000,0,false)
(0.905861,1.000000,0,false)
(0.950580,1.000000,0,false)
(0.916740,1.000000,0,false)
(0.973050,1.000000,0,false)
(0.986671,1.000000,0,false)
(0.973863,1.000000,0,false)
(0.982246,1.000000,0,false)
(0.983529,1.000000,0,false)
(0.916107,1.000000,0,false)
(0.915317,1.000000,0,false)
(0.916103,1.000000,0,false)
(0.929349,1.000000,0,false)

(0,0,false)
(1,0,false)
(2,0,false)
(3,0,false)
(5,0,false)
(6,0,false)
(8,0,false)
(11,0,false)
(13,0,false)
(14,0,false)
(16,0,false)
(17,0,false)
(18,0,false)
(19,0,false)
(22,0,false)
(23,0,false)
(24,0,false)
(25,0,false)
(26,0,false)
(27,0,false)
(28,0,false)
(31,0,false)
(32,0,false)
(33,0,false)
(34,0,false)
(35,0,false)
(36,0,false)
(37,0,false)
(38,0,false)
(39,0,false)
(40,0,false)
(41,0,false)
(42,0,false)
(43,0,false)
(46,0,true)
(47,0,false)
(48,0,false)
(49,0,false)
(50,0,false)
(51,0,false)
(53,0,false)
(54,0,false)
(55,0,false)
(56,0,false)
(58,0,false)
(59,0,false)
(60,0,true)
(61,0,true)
(62,0,true)
(63,0,true)
(64,0,true)
(65,0,true)
(66,0,true)
(67,0,true)
(68,0,true)
(69,0,false)
(71,0,false)
(72,0,true)
(73,0,true)
(74,0,true)
(76,0,true)
(77,0,true)
(78,0,true)
(79,0,true)
(80,0,true)
(82,0,true)
(83,0,true)
(84,0,true)
(85,0,true)
(86,0,true)
(89,0,true)
(90,0,true)
(91,0,true)
(92,0,true)
(94,0,false)
(95,0,true)
(96,0,true)
(97,0,true)
(98,0,true)
(99,0,true)
(100,0,true)
(101,0,true)
(103,0,true)
(104,0,true)
(106,0,true)
(108,0,true)
(109,0,true)
(110,0,true)
(111,0,true)
(112,0,true)
(113,0,true)
(114,0,true)
(115,0,true)
(117,0,true)
(119,0,true)
(120,0,true)
(121,0,true)
(122,0,true)
(123,0,true)
(124,0,true)
(125,0,true)
(127,0,true)
(128,0,true)
(129,0,true)
(131,0,true)
(132,0,true)
(133,0,true)
(134,0,true)
(135,0,true)
(136,0,true)
(137,0,true)
(138,0,true)
(139,0,true)
(141,0,true)
(142,0,true)
(143,0,true)
(144,0,true)
(146,0,true)
(147,0,true)
(149,0,true)
(150,0,true)
(151,0,false)
(152,0,true)
(153,0,true)
(154,0,true)
(155,0,true)
(156,0,true)
(157,0,true)
(158,0,true)
(159,0,true)
(160,0,true)
(161,0,true)
(162,0,true)
(163,0,true)
(165,0,true)
(166,0,true)
(167,0,true)
(168,0,false)
(170,0,true)
(172,0,true)
(174,0,true)
(177,0,true)
(178,0,true)
(179,0,true)
(181,0,true)
(182,0,true)
(183,0,true)
(184,0,true)
(185,0,true)
(186,0,true)
(187,0,true)
(189,0,true)
(190,0,true)
(191,0,true)
(192,0,true)
(193,0,true)
(194,0,true)
(199,0,true)
(200,0,true)
(201,0,true)
(202,0,true)
(203,0,true)
(204,0,true)
(205,0,true)
(206,0,true)
(208,0,true)
(210,0,true)
(212,0,true)
(213,0,true)
(215,0,true)
(216,0,true)
(217,0,false)
(219,0,true)
(220,0,true)
(221,0,true)
(222,0,true)
(223,0,true)
(224,0,true)
(225,0,true)
(227,0,true)
(229,0,true)
(231,0,true)
(232,0,true)
(233,0,true)
(234,0,true)
(235,0,true)
(236,0,true)
(237,0,true)
(238,0,true)
(239,0,true)
(240,0,true)
(241,0,true)
(242,0,true)
(243,0,true)
(245,0,true)
(246,0,true)
(249,0,true)
(250,0,true)
(251,0,true)
(252,0,true)
(253,0,true)
(254,0,true)
(256,0,true)
(258,0,true)
(259,0,true)
(261,0,true)
(262,0,true)
(263,0,true)
(264,0,true)
(266,0,false)
(268,0,true)
(269,0,true)
(270,0,true)
(271,0,true)
(272,0,true)
(274,0,false)
(277,0,true)
(278,0,true)
(280,0,true)
(281,0,true)
(282,0,false)
(283,0,true)
(286,0,true)
(287,0,true)
(288,0,true)
(289,0,true)
(291,0,true)
(292,0,true)
(293,0,true)
(294,0,true)
(295,0,true)
(297,0,true)
(298,0,true)
(299,0,true)
(1,1,false)
(6,1,false)
(7,1,false)
(9,1,false)
(12,1,false)
(14,1,false)
(15,1,false)
(16,1,false)
(18,1,false)
(21,1,false)
(22,1,false)
(23,1,false)
(25,1,false)
(26,1,false)
(27,1,false)
(28,1,false)
(29,1,false)
(30,1,false)
(31,1,false)
(32,1,false)
(35,1,false)
(36,1,false)
(38,1,false)
(39,1,false)
(41,1,false)
(42,1,false)
(43,1,false)
(44,1,false)
(45,1,false)
(46,1,false)
(48,1,false)
(49,1,false)
(50,1,false)
(51,1,false)
(52,1,false)
(53,1,false)
(54,1,false)
(55,1,false)
(56,1,false)
(57,1,false)
(58,1,false)
(59,1,false)
(64,1,true)
(67,1,true)
(68,1,true)
(74,1,false)
(75,1,true)
(76,1,true)
(79,1,true)
(80,1,true)
(82,1,true)
(83,1,true)
(86,1,true)
(88,1,true)
(89,1,true)
(92,1,true)
(94,1,true)
(95,1,true)
(97,1,true)
(98,1,true)
(100,1,true)
(101,1,true)
(102,1,true)
(103,1,false)
(106,1,true)
(107,1,true)
(108,1,true)
(110,1,true)
(112,1,true)
(113,1,true)
(114,1,true)
(115,1,true)
(116,1,true)
(117,1,true)
(119,1,true)
(120,1,true)
(125,1,true)
(127,1,true)
(128,1,true)
(130,1,true)
(131,1,true)
(134,1,true)
(136,1,true)
(139,1,true)
(140,1,true)
(141,1,true)
(142,1,true)
(143,1,true)
(144,1,true)
(145,1,true)
(146,1,true)
(147,1,true)
(149,1,false)
(151,1,true)
(152,1,true)
(154,1,true)
(155,1,true)
(156,1,true)
(159,1,true)
(160,1,true)
(162,1,true)
(163,1,true)
(164,1,true)
(165,1,true)
(166,1,true)
(167,1,true)
(169,1,true)
(170,1,true)
(171,1,true)
(172,1,true)
(174,1,true)
(175,1,true)
(177,1,true)
(178,1,true)
(179,1,true)
(180,1,true)
(181,1,true)
(182,1,true)
(183,1,true)
(184,1,true)
(185,1,true)
(186,1,true)
(188,1,true)
(189,1,true)
(190,1,true)
(191,1,false)
(192,1,true)
(193,1,true)
(194,1,true)
(196,1,true)
(197,1,true)
(199,1,true)
(201,1,true)
(202,1,true)
(204,1,true)
(205,1,true)
(206,1,true)
(207,1,true)
(208,1,true)
(209,1,true)
(210,1,true)
(212,1,true)
(213,1,true)
(214,1,true)
(216,1,true)
(217,1,false)
(218,1,true)
(220,1,true)
(222,1,true)
(223,1,true)
(224,1,false)
(225,1,true)
(226,1,true)
(227,1,true)
(230,1,true)
(231,1,true)
(232,1,true)
(235,1,true)
(237,1,true)
(238,1,true)
(239,1,true)
(240,1,true)
(243,1,true)
(245,1,true)
(247,1,true)
(248,1,true)
(249,1,true)
(250,1,true)
(251,1,true)
(253,1,true)
(254,1,true)
(258,1,true)
(259,1,false)
(260,1,true)
(261,1,true)
(263,1,true)
(264,1,true)
(267,1,true)
(268,1,true)
(269,1,true)
(270,1,true)
(272,1,false)
(275,1,true)
(277,1,true)
(278,1,true)
(280,1,true)
(281,1,true)
(282,1,true)
(283,1,true)
(284,1,true)
(285,1,true)
(286,1,false)
(287,1,true)
(288,1,true)
(289,1,true)
(291,1,true)
(292,1,true)
(294,1,true)
(295,1,true)
(296,1,true)
(298,1,true)
(299,1,true)
(1,2,false)
(4,2,false)
(8,2,false)
(11,2,false)
(12,2,false)
(13,2,false)
(14,2,false)
(15,2,false)
(17,2,false)
(18,2,true)
(19,2,false)
(21,2,false)
(23,2,false)
(24,2,false)
(25,2,false)
(27,2,false)
(28,2,false)
(29,2,false)
(37,2,false)
(38,2,false)
(40,2,false)
(41,2,true)
(42,2,false)
(44,2,false)
(45,2,false)
(46,2,false)
(47,2,false)
(49,2,false)
(50,2,false)
(53,2,false)
(59,2,false)
(60,2,true)
(65,2,true)
(66,2,true)
(67,2,true)
(68,2,true)
(69,2,true)
(70,2,true)
(71,2,true)
(72,2,true)
(74,2,true)
(80,2,true)
(85,2,true)
(86,2,true)
(88,2,true)
(91,2,true)
(92,2,true)
(93,2,true)
(97,2,true)
(98,2,true)
(100,2,true)
(107,2,true)
(108,2,true)
(110,2,true)
(113,2,true)
(115,2,true)
(116,2,true)
(117,2,true)
(120,2,true)
(121,2,false)
(124,2,true)
(125,2,true)
(128,2,true)
(130,2,true)
(131,2,true)
(132,2,true)
(134,2,true)
(136,2,true)
(138,2,true)
(143,2,true)
(144,2,true)
(145,2,true)
(146,2,true)
(147,2,true)
(149,2,true)
(154,2,true)
(158,2,true)
(159,2,true)
(162,2,true)
(164,2,true)
(165,2,true)
(166,2,true)
(167,2,true)
(168,2,true)
(169,2,true)
(170,2,true)
(171,2,true)
(173,2,true)
(175,2,true)
(176,2,true)
(178,2,true)
(179,2,true)
(181,2,true)
(182,2,true)
(184,2,true)
(185,2,true)
(186,2,true)
(187,2,true)
(189,2,true)
(191,2,true)
(192,2,true)
(193,2,true)
(194,2,true)
(198,2,false)
(199,2,true)
(200,2,true)
(203,2,true)
(204,2,true)
(205,2,true)
(208,2,true)
(209,2,true)
(213,2,true)
(215,2,true)
(216,2,true)
(221,2,true)
(223,2,true)
(225,2,true)
(226,2,true)
(227,2,false)
(228,2,true)
(230,2,true)
(236,2,true)
(238,2,true)
(240,2,true)
(242,2,false)
(243,2,true)
(244,2,true)
(245,2,true)
(247,2,true)
(250,2,true)
(252,2,true)
(253,2,true)
(254,2,true)
(255,2,true)
(256,2,true)
(257,2,true)
(258,2,true)
(259,2,true)
(262,2,true)
(263,2,true)
(264,2,true)
(267,2,true)
(270,2,false)
(271,2,true)
(273,2,true)
(275,2,true)
(276,2,true)
(277,2,true)
(278,2,true)
(280,2,true)
(282,2,true)
(283,2,true)
(284,2,true)
(285,2,true)
(290,2,true)
(291,2,true)
(293,2,true)
(296,2,false)
(297,2,true)
(298,2,true)
(299,2,true)
(0,3,false)
(3,3,false)
(4,3,true)
(10,3,false)
(12,3,false)
(13,3,false)
(15,3,false)
(18,3,false)
(22,3,false)
(23,3,false)
(24,3,false)
(25,3,true)
(26,3,false)
(32,3,false)
(36,3,false)
(37,3,false)
(38,3,false)
(40,3,false)
(41,3,false)
(42,3,false)
(53,3,false)
(58,3,false)
(59,3,false)
(62,3,true)
(63,3,true)
(65,3,true)
(66,3,true)
(67,3,true)
(70,3,true)
(72,3,true)
(75,3,true)
(77,3,true)
(79,3,true)
(84,3,true)
(87,3,true)
(89,3,true)
(90,3,true)
(93,3,true)
(95,3,true)
(97,3,true)
(101,3,true)
(103,3,false)
(104,3,true)
(107,3,true)
(108,3,true)
(109,3,true)
(110,3,true)
(111,3,true)
(112,3,true)
(114,3,true)
(115,3,true)
(117,3,true)
(118,3,true)
(119,3,true)
(120,3,true)
(121,3,true)
(122,3,true)
(128,3,true)
(129,3,true)
(133,3,true)
(134,3,true)
(135,3,true)
(136,3,true)
(141,3,true)
(144,3,false)
(146,3,true)
(147,3,true)
(148,3,true)
(149,3,true)
(150,3,true)
(151,3,true)
(153,3,true)
(154,3,true)
(157,3,true)
(158,3,true)
(159,3,true)
(161,3,true)
(163,3,true)
(164,3,true)
(165,3,true)
(168,3,false)
(169,3,true)
(170,3,true)
(173,3,true)
(174,3,true)
(175,3,true)
(176,3,true)
(179,3,true)
(184,3,true)
(186,3,true)
(187,3,true)
(189,3,true)
(190,3,true)
(191,3,true)
(194,3,true)
(195,3,true)
(200,3,true)
(201,3,true)
(203,3,true)
(204,3,false)
(207,3,false)
(211,3,true)
(212,3,true)
(215,3,true)
(218,3,true)
(219,3,true)
(221,3,true)
(222,3,true)
(223,3,true)
(224,3,true)
(226,3,true)
(232,3,true)
(234,3,true)
(235,3,true)
(238,3,true)
(241,3,true)
(243,3,true)
(244,3,true)
(245,3,true)
(247,3,true)
(248,3,true)
(249,3,true)
(251,3,false)
(252,3,true)
(255,3,true)
(256,3,true)
(257,3,true)
(258,3,true)
(260,3,true)
(263,3,true)
(264,3,true)
(266,3,true)
(270,3,true)
(272,3,true)
(273,3,true)
(274,3,true)
(275,3,true)
(277,3,true)
(278,3,true)
(279,3,true)
(280,3,true)
(282,3,true)
(285,3,true)
(286,3,true)
(287,3,true)
(289,3,true)
(295,3,true)
(297,3,true)
(0,4,false)
(3,4,false)
(4,4,false)
(5,4,false)
(8,4,false)
(10,4,false)
(12,4,false)
(13,4,false)
(16,4,false)
(17,4,false)
(20,4,false)
(21,4,false)
(23,4,false)
(24,4,true)
(25,4,false)
(26,4,false)
(28,4,false)
(33,4,false)
(34,4,false)
(35,4,false)
(36,4,false)
(38,4,false)
(40,4,false)
(46,4,false)
(47,4,true)
(48,4,false)
(49,4,false)
(50,4,false)
(53,4,false)
(56,4,false)
(57,4,false)
(61,4,true)
(62,4,true)
(65,4,true)
(66,4,true)
(67,4,true)
(69,4,true)
(70,4,true)
(71,4,true)
(72,4,true)
(74,4,true)
(76,4,true)
(77,4,true)
(79,4,true)
(81,4,true)
(83,4,true)
(85,4,true)
(86,4,true)
(89,4,true)
(91,4,true)
(92,4,true)
(96,4,true)
(98,4,true)
(100,4,true)
(104,4,true)
(107,4,true)
(109,4,true)
(110,4,true)
(113,4,true)
(114,4,true)
(115,4,true)
(117,4,true)
(120,4,false)
(121,4,true)
(125,4,true)
(127,4,true)
(130,4,true)
(131,4,true)
(133,4,true)
(137,4,true)
(138,4,true)
(144,4,true)
(148,4,true)
(149,4,true)
(150,4,true)
(151,4,true)
(152,4,true)
(153,4,true)
(154,4,true)
(156,4,false)
(157,4,true)
(159,4,true)
(161,4,true)
(162,4,true)
(164,4,true)
(165,4,true)
(166,4,true)
(167,4,true)
(168,4,true)
(169,4,true)
(170,4,true)
(171,4,true)
(174,4,true)
(177,4,true)
(178,4,false)
(182,4,true)
(183,4,true)
(185,4,true)
(187,4,true)
(188,4,true)
(189,4,true)
(191,4,true)
(192,4,true)
(193,4,false)
(196,4,true)
(200,4,true)
(205,4,true)
(206,4,true)
(208,4,true)
(212,4,true)
(214,4,true)
(215,4,true)
(218,4,true)
(219,4,true)
(223,4,true)
(225,4,false)
(229,4,true)
(232,4,true)
(234,4,false)
(237,4,true)
(238,4,true)
(239,4,true)
(240,4,true)
(246,4,true)
(247,4,true)
(249,4,true)
(255,4,true)
(258,4,true)
(259,4,true)
(260,4,true)
(261,4,true)
(262,4,false)
(264,4,true)
(267,4,true)
(268,4,true)
(270,4,true)
(271,4,true)
(274,4,true)
(276,4,true)
(279,4,true)
(280,4,false)
(281,4,true)
(282,4,true)
(283,4,true)
(284,4,true)
(287,4,true)
(288,4,true)
(291,4,true)
(292,4,true)
(294,4,true)
(295,4,true)
(0,5,false)
(3,5,false)
(6,5,false)
(8,5,false)
(10,5,false)
(12,5,false)
(13,5,false)
(15,5,false)
(17,5,false)
(24,5,false)
(25,5,false)
(28,5,false)
(29,5,false)
(30,5,false)
(31,5,false)
(34,5,false)
(39,5,false)
(41,5,false)
(45,5,false)
(46,5,true)
(50,5,false)
(57,5,false)
(59,5,false)
(60,5,true)
(62,5,true)
(64,5,true)
(66,5,true)
(67,5,true)
(68,5,true)
(75,5,true)
(78,5,true)
(79,5,true)
(80,5,true)
(81,5,true)
(82,5,true)
(90,5,true)
(91,5,true)
(92,5,true)
(93,5,true)
(94,5,true)
(96,5,true)
(97,5,true)
(99,5,true)
(103,5,true)
(106,5,true)
(107,5,true)
(113,5,true)
(114,5,true)
(115,5,true)
(116,5,true)
(117,5,true)
(118,5,true)
(119,5,true)
(124,5,true)
(125,5,true)
(128,5,true)
(136,5,true)
(137,5,true)
(138,5,true)
(140,5,true)
(141,5,true)
(142,5,true)
(144,5,true)
(147,5,true)
(148,5,true)
(149,5,true)
(150,5,true)
(152,5,true)
(156,5,true)
(157,5,true)
(158,5,true)
(159,5,true)
(160,5,true)
(162,5,true)
(166,5,true)
(169,5,true)
(171,5,true)
(172,5,true)
(174,5,true)
(175,5,true)
(176,5,true)
(179,5,true)
(180,5,true)
(181,5,true)
(182,5,true)
(184,5,true)
(187,5,true)
(188,5,true)
(190,5,true)
(191,5,true)
(192,5,true)
(194,5,true)
(195,5,true)
(197,5,true)
(198,5,true)
(205,5,true)
(206,5,true)
(209,5,true)
(210,5,true)
(211,5,true)
(214,5,true)
(215,5,true)
(217,5,true)
(218,5,true)
(225,5,true)
(226,5,true)
(233,5,true)
(236,5,true)
(238,5,true)
(240,5,true)
(242,5,true)
(243,5,true)
(246,5,true)
(247,5,true)
(249,5,true)
(250,5,true)
(252,5,true)
(256,5,true)
(261,5,true)
(262,5,true)
(263,5,true)
(264,5,true)
(265,5,true)
(267,5,true)
(268,5,true)
(269,5,true)
(274,5,true)
(276,5,true)
(279,5,true)
(280,5,true)
(284,5,true)
(289,5,true)
(290,5,true)
(293,5,true)
(295,5,true)
(297,5,true)
(298,5,true)
(299,5,true)
(2,6,false)
(3,6,false)
(4,6,false)
(5,6,false)
(6,6,false)
(7,6,false)
(8,6,false)
(9,6,false)
(14,6,false)
(15,6,false)
(17,6,false)
(19,6,false)
(24,6,false)
(25,6,false)
(26,6,false)
(27,6,false)
(31,6,false)
(35,6,false)
(43,6,false)
(47,6,false)
(50,6,false)
(53,6,false)
(54,6,false)
(56,6,false)
(58,6,false)
(63,6,true)
(66,6,true)
(67,6,true)
(69,6,true)
(73,6,true)
(74,6,false)
(77,6,true)
(78,6,true)
(82,6,true)
(84,6,false)
(88,6,true)
(89,6,true)
(91,6,true)
(92,6,false)
(93,6,true)
(94,6,true)
(95,6,true)
(102,6,true)
(105,6,true)
(106,6,true)
(108,6,true)
(109,6,true)
(112,6,true)
(113,6,true)
(117,6,true)
(120,6,true)
(122,6,true)
(131,6,true)
(132,6,true)
(133,6,true)
(135,6,true)
(136,6,true)
(138,6,true)
(139,6,true)
(140,6,true)
(142,6,true)
(143,6,true)
(145,6,true)
(147,6,false)
(150,6,true)
(151,6,true)
(155,6,true)
(157,6,true)
(160,6,true)
(163,6,true)
(165,6,true)
(169,6,true)
(171,6,true)
(172,6,true)
(173,6,true)
(174,6,true)
(175,6,true)
(176,6,true)
(178,6,true)
(179,6,true)
(181,6,true)
(183,6,true)
(184,6,true)
(186,6,true)
(187,6,true)
(188,6,true)
(192,6,true)
(193,6,true)
(202,6,true)
(203,6,true)
(204,6,true)
(210,6,true)
(211,6,true)
(214,6,true)
(215,6,true)
(218,6,true)
(219,6,true)
(221,6,true)
(223,6,true)
(224,6,true)
(227,6,true)
(228,6,true)
(230,6,true)
(233,6,true)
(234,6,true)
(243,6,true)
(246,6,true)
(249,6,true)
(253,6,true)
(254,6,true)
(255,6,true)
(257,6,true)
(260,6,true)
(261,6,true)
(262,6,true)
(271,6,true)
(272,6,true)
(273,6,true)
(275,6,true)
(276,6,true)
(281,6,true)
(282,6,true)
(283,6,true)
(284,6,true)
(285,6,true)
(286,6,true)
(288,6,true)
(291,6,true)
(292,6,true)
(296,6,true)
(298,6,true)
(0,7,false)
(3,7,false)
(5,7,false)
(6,7,false)
(11,7,false)
(12,7,false)
(13,7,false)
(14,7,false)
(21,7,false)
(22,7,false)
(23,7,false)
(27,7,false)
(29,7,false)
(31,7,false)
(39,7,false)
(46,7,false)
(49,7,false)
(51,7,false)
(55,7,false)
(58,7,false)
(59,7,false)
(61,7,true)
(62,7,false)
(65,7,true)
(66,7,true)
(68,7,true)
(73,7,true)
(74,7,true)
(75,7,true)
(81,7,true)
(82,7,true)
(84,7,true)
(85,7,true)
(89,7,true)
(90,7,true)
(94,7,true)
(95,7,true)
(96,7,true)
(100,7,true)
(102,7,true)
(105,7,true)
(110,7,true)
(111,7,true)
(113,7,true)
(121,7,true)
(123,7,true)
(125,7,true)
(127,7,true)
(129,7,true)
(130,7,true)
(132,7,true)
(133,7,true)
(134,7,true)
(135,7,true)
(137,7,true)
(138,7,true)
(140,7,true)
(141,7,true)
(143,7,true)
(144,7,true)
(147,7,true)
(150,7,true)
(154,7,true)
(156,7,true)
(158,7,true)
(159,7,false)
(169,7,true)
(170,7,true)
(172,7,true)
(173,7,true)
(176,7,true)
(178,7,true)
(180,7,true)
(181,7,true)
(182,7,true)
(184,7,true)
(185,7,true)
(187,7,true)
(190,7,true)
(192,7,true)
(196,7,true)
(198,7,true)
(200,7,true)
(202,7,true)
(203,7,true)
(204,7,true)
(205,7,true)
(209,7,true)
(213,7,true)
(214,7,true)
(215,7,true)
(218,7,true)
(223,7,true)
(224,7,true)
(225,7,true)
(228,7,true)
(230,7,true)
(231,7,true)
(234,7,true)
(235,7,true)
(245,7,true)
(248,7,true)
(249,7,true)
(250,7,true)
(252,7,true)
(254,7,true)
(255,7,true)
(262,7,true)
(265,7,true)
(267,7,true)
(270,7,true)
(276,7,true)
(277,7,true)
(278,7,true)
(279,7,true)
(280,7,true)
(281,7,true)
(282,7,true)
(283,7,true)
(284,7,true)
(288,7,false)
(289,7,true)
(291,7,true)
(295,7,true)
(297,7,true)
(298,7,true)
(0,8,false)
(2,8,false)
(4,8,false)
(5,8,false)
(7,8,false)
(9,8,false)
(12,8,false)
(14,8,false)
(16,8,false)
(17,8,false)
(24,8,false)
(26,8,false)
(27,8,false)
(31,8,false)
(35,8,false)
(37,8,false)
(40,8,false)
(41,8,false)
(43,8,false)
(45,8,false)
(46,8,true)
(49,8,false)
(54,8,false)
(56,8,false)
(58,8,false)
(59,8,false)
(73,8,true)
(74,8,true)
(76,8,false)
(79,8,true)
(83,8,true)
(85,8,true)
(86,8,true)
(89,8,true)
(90,8,true)
(94,8,true)
(95,8,true)
(97,8,true)
(99,8,true)
(100,8,true)
(101,8,true)
(103,8,true)
(114,8,true)
(116,8,true)
(117,8,true)
(122,8,false)
(125,8,true)
(129,8,true)
(130,8,true)
(137,8,true)
(140,8,true)
(143,8,true)
(144,8,true)
(145,8,true)
(147,8,true)
(148,8,true)
(150,8,true)
(155,8,true)
(156,8,true)
(157,8,true)
(158,8,true)
(159,8,true)
(160,8,true)
(165,8,true)
(166,8,true)
(168,8,true)
(176,8,true)
(177,8,true)
(178,8,true)
(185,8,true)
(186,8,true)
(187,8,true)
(189,8,true)
(195,8,true)
(198,8,true)
(199,8,true)
(200,8,true)
(203,8,true)
(204,8,true)
(210,8,false)
(211,8,true)
(213,8,true)
(216,8,true)
(221,8,true)
(222,8,true)
(223,8,true)
(224,8,true)
(225,8,true)
(226,8,true)
(227,8,true)
(229,8,true)
(230,8,true)
(233,8,true)
(234,8,true)
(235,8,true)
(240,8,true)
(244,8,true)
(251,8,true)
(252,8,true)
(256,8,true)
(257,8,true)
(258,8,true)
(261,8,true)
(263,8,true)
(264,8,true)
(265,8,true)
(271,8,true)
(276,8,true)
(278,8,true)
(281,8,true)
(282,8,true)
(283,8,true)
(284,8,true)
(285,8,true)
(286,8,true)
(287,8,false)
(288,8,true)
(291,8,true)
(294,8,true)
(296,8,true)
(297,8,true)
(299,8,true)
(4,9,false)
(8,9,false)
(12,9,false)
(13,9,false)
(17,9,false)
(18,9,false)
(20,9,false)
(23,9,false)
(29,9,false)
(31,9,false)
(34,9,false)
(43,9,false)
(46,9,false)
(48,9,false)
(51,9,false)
(58,9,false)
(59,9,false)
(60,9,true)
(61,9,true)
(73,9,true)
(76,9,true)
(81,9,true)
(83,9,true)
(91,9,true)
(94,9,true)
(98,9,true)
(101,9,true)
(111,9,true)
(117,9,true)
(118,9,true)
(120,9,true)
(121,9,false)
(124,9,true)
(125,9,true)
(129,9,true)
(130,9,true)
(132,9,true)
(133,9,true)
(134,9,true)
(139,9,true)
(141,9,true)
(142,9,true)
(143,9,true)
(144,9,false)
(149,9,true)
(151,9,true)
(153,9,true)
(154,9,true)
(156,9,true)
(157,9,true)
(160,9,true)
(161,9,true)
(162,9,true)
(168,9,true)
(175,9,true)
(177,9,true)
(178,9,true)
(179,9,true)
(181,9,true)
(185,9,true)
(186,9,true)
(187,9,true)
(191,9,true)
(198,9,true)
(203,9,true)
(205,9,true)
(206,9,false)
(208,9,true)
(211,9,true)
(214,9,true)
(216,9,true)
(218,9,true)
(223,9,true)
(227,9,true)
(230,9,true)
(234,9,true)
(235,9,true)
(236,9,true)
(237,9,true)
(238,9,true)
(239,9,true)
(241,9,true)
(244,9,true)
(251,9,true)
(253,9,true)
(254,9,true)
(256,9,false)
(261,9,true)
(263,9,true)
(266,9,true)
(267,9,true)
(268,9,true)
(271,9,true)
(273,9,true)
(274,9,true)
(275,9,true)
(276,9,true)
(279,9,true)
(280,9,true)
(283,9,true)
(285,9,true)
(286,9,true)
(287,9,true)
(288,9,true)
(289,9,true)
(290,9,true)
(295,9,true)
(296,9,true)
(298,9,true)
(299,9,true)
(4,10,false)
(8,10,false)
(9,10,false)
(11,10,false)
(15,10,false)
(18,10,false)
(20,10,false)
(24,10,false)
(26,10,false)
(27,10,false)
(30,10,false)
(32,10,false)
(35,10,false)
(38,10,false)
(41,10,false)
(45,10,false)
(49,10,false)
(53,10,false)
(56,10,false)
(61,10,true)
(62,10,true)
(63,10,true)
(64,10,true)
(70,10,true)
(73,10,true)
(76,10,true)
(78,10,true)
(79,10,true)
(82,10,true)
(85,10,true)
(86,10,true)
(89,10,true)
(90,10,true)
(91,10,true)
(99,10,true)
(100,10,true)
(103,10,true)
(104,10,true)
(107,10,true)
(111,10,true)
(116,10,true)
(119,10,true)
(125,10,true)
(127,10,true)
(132,10,true)
(133,10,true)
(135,10,true)
(139,10,true)
(150,10,true)
(152,10,true)
(153,10,true)
(154,10,true)
(155,10,true)
(156,10,true)
(159,10,true)
(164,10,true)
(166,10,true)
(167,10,true)
(168,10,true)
(169,10,true)
(170,10,true)
(171,10,true)
(173,10,true)
(174,10,true)
(180,10,true)
(184,10,true)
(194,10,true)
(195,10,true)
(196,10,true)
(201,10,true)
(202,10,true)
(208,10,true)
(209,10,true)
(210,10,true)
(211,10,true)
(213,10,true)
(217,10,true)
(220,10,true)
(224,10,true)
(228,10,true)
(230,10,true)
(236,10,true)
(241,10,true)
(245,10,true)
(249,10,true)
(250,10,true)
(251,10,true)
(254,10,true)
(262,10,true)
(263,10,true)
(268,10,true)
(269,10,true)
(270,10,true)
(275,10,true)
(276,10,true)
(277,10,true)
(279,10,true)
(285,10,true)
(286,10,true)
(287,10,true)
(288,10,true)
(291,10,false)
(294,10,true)
(295,10,true)
(297,10,true)
(0,11,true)
(8,11,false)
(9,11,true)
(12,11,false)
(16,11,false)
(22,11,false)
(23,11,false)
(26,11,false)
(29,11,false)
(30,11,false)
(33,11,false)
(36,11,false)
(38,11,false)
(40,11,false)
(42,11,false)
(46,11,true)
(53,11,false)
(54,11,false)
(55,11,false)
(59,11,false)
(69,11,true)
(70,11,true)
(86,11,true)
(87,11,true)
(88,11,true)
(89,11,true)
(95,11,true)
(97,11,true)
(103,11,true)
(104,11,true)
(106,11,true)
(107,11,true)
(109,11,true)
(110,11,true)
(111,11,true)
(116,11,true)
(117,11,true)
(118,11,true)
(124,11,true)
(129,11,true)
(130,11,true)
(131,11,true)
(142,11,true)
(144,11,true)
(145,11,true)
(148,11,true)
(151,11,true)
(152,11,true)
(154,11,true)
(155,11,true)
(160,11,true)
(161,11,true)
(163,11,true)
(164,11,true)
(165,11,true)
(167,11,true)
(169,11,true)
(170,11,true)
(171,11,true)
(173,11,true)
(178,11,true)
(179,11,true)
(182,11,true)
(188,11,true)
(191,11,true)
(194,11,true)
(200,11,true)
(205,11,true)
(208,11,true)
(212,11,true)
(216,11,true)
(218,11,true)
(220,11,true)
(221,11,true)
(223,11,true)
(231,11,true)
(240,11,true)
(241,11,false)
(243,11,true)
(247,11,true)
(253,11,true)
(256,11,true)
(262,11,true)
(263,11,true)
(264,11,true)
(269,11,true)
(271,11,true)
(272,11,true)
(279,11,true)
(281,11,true)
(283,11,true)
(284,11,true)
(288,11,true)
(290,11,true)
(292,11,true)
(293,11,true)
(1,12,false)
(2,12,false)
(4,12,false)
(5,12,false)
(8,12,false)
(9,12,false)
(12,12,false)
(13,12,false)
(18,12,false)
(19,12,false)
(22,12,false)
(24,12,false)
(25,12,false)
(26,12,false)
(27,12,false)
(28,12,false)
(29,12,false)
(31,12,false)
(36,12,false)
(37,12,false)
(42,12,false)
(44,12,false)
(45,12,false)
(49,12,false)
(52,12,false)
(53,12,false)
(55,12,false)
(62,12,true)
(72,12,true)
(74,12,true)
(76,12,true)
(77,12,true)
(78,12,true)
(79,12,true)
(81,12,true)
(85,12,true)
(87,12,true)
(89,12,true)
(94,12,true)
(98,12,true)
(99,12,true)
(103,12,true)
(112,12,true)
(114,12,true)
(117,12,true)
(118,12,false)
(121,12,true)
(123,12,true)
(124,12,true)
(129,12,true)
(131,12,true)
(133,12,true)
(143,12,true)
(149,12,true)
(156,12,true)
(158,12,true)
(163,12,true)
(164,12,true)
(167,12,true)
(176,12,true)
(177,12,true)
(179,12,true)
(183,12,true)
(184,12,true)
(185,12,false)
(188,12,true)
(190,12,true)
(194,12,true)
(196,12,true)
(198,12,true)
(200,12,true)
(202,12,true)
(204,12,true)
(205,12,true)
(207,12,false)
(211,12,true)
(213,12,false)
(217,12,false)
(220,12,true)
(221,12,true)
(225,12,true)
(230,12,true)
(232,12,true)
(235,12,true)
(236,12,true)
(237,12,false)
(240,12,true)
(241,12,true)
(243,12,true)
(245,12,true)
(246,12,true)
(248,12,true)
(249,12,true)
(251,12,true)
(253,12,true)
(255,12,true)
(256,12,true)
(260,12,true)
(264,12,true)
(265,12,true)
(267,12,true)
(271,12,false)
(279,12,true)
(280,12,false)
(281,12,true)
(282,12,true)
(286,12,true)
(288,12,true)
(296,12,true)
(297,12,true)
(299,12,true)
(0,13,false)
(10,13,false)
(15,13,false)
(21,13,true)
(24,13,false)
(25,13,false)
(26,13,false)
(27,13,false)
(29,13,false)
(35,13,false)
(38,13,false)
(39,13,false)
(49,13,false)
(51,13,false)
(52,13,false)
(53,13,false)
(54,13,false)
(62,13,true)
(74,13,true)
(79,13,true)
(80,13,true)
(81,13,true)
(91,13,true)
(101,13,true)
(102,13,true)
(106,13,true)
(107,13,true)
(110,13,true)
(112,13,true)
(113,13,false)
(114,13,true)
(121,13,true)
(124,13,true)
(125,13,true)
(126,13,true)
(130,13,true)
(133,13,true)
(134,13,true)
(136,13,true)
(137,13,true)
(140,13,true)
(141,13,true)
(147,13,true)
(148,13,true)
(150,13,true)
(152,13,true)
(153,13,true)
(155,13,true)
(156,13,true)
(162,13,true)
(170,13,true)
(180,13,true)
(183,13,true)
(190,13,true)
(191,13,true)
(194,13,false)
(195,13,true)
(199,13,true)
(200,13,true)
(203,13,false)
(205,13,true)
(211,13,true)
(212,13,true)
(213,13,true)
(214,13,true)
(215,13,true)
(216,13,true)
(217,13,true)
(222,13,true)
(224,13,true)
(225,13,true)
(233,13,true)
(238,13,true)
(245,13,true)
(248,13,true)
(249,13,true)
(250,13,true)
(251,13,true)
(252,13,true)
(259,13,true)
(260,13,true)
(263,13,true)
(265,13,true)
(273,13,true)
(282,13,true)
(291,13,true)
(296,13,true)
(297,13,true)
(2,14,false)
(4,14,false)
(7,14,false)
(12,14,false)
(13,14,false)
(14,14,false)
(17,14,false)
(18,14,false)
(23,14,false)
(26,14,false)
(28,14,false)
(32,14,false)
(33,14,false)
(37,14,false)
(40,14,false)
(41,14,false)
(42,14,false)
(43,14,false)
(44,14,false)
(45,14,false)
(50,14,false)
(54,14,false)
(60,14,true)
(62,14,true)
(66,14,true)
(69,14,true)
(71,14,false)
(72,14,true)
(76,14,true)
(77,14,true)
(78,14,true)
(79,14,true)
(81,14,true)
(86,14,true)
(90,14,true)
(91,14,true)
(95,14,true)
(100,14,true)
(103,14,true)
(104,14,true)
(105,14,true)
(107,14,true)
(108,14,true)
(115,14,true)
(119,14,true)
(126,14,true)
(127,14,true)
(143,14,false)
(146,14,true)
(151,14,true)
(152,14,true)
(156,14,true)
(162,14,true)
(169,14,true)
(177,14,true)
(179,14,true)
(182,14,true)
(184,14,true)
(185,14,true)
(189,14,true)
(190,14,true)
(192,14,true)
(194,14,true)
(197,14,true)
(198,14,true)
(199,14,true)
(202,14,true)
(203,14,true)
(206,14,true)
(207,14,true)
(209,14,true)
(210,14,true)
(213,14,true)
(215,14,true)
(222,14,true)
(226,14,true)
(227,14,true)
(235,14,true)
(238,14,true)
(243,14,true)
(246,14,true)
(248,14,true)
(250,14,true)
(253,14,true)
(254,14,true)
(258,14,true)
(261,14,true)
(262,14,false)
(271,14,true)
(276,14,true)
(279,14,true)
(280,14,true)
(281,14,true)
(282,14,true)
(287,14,true)
(289,14,true)
(296,14,true)
(3,15,false)
(6,15,false)
(12,15,false)
(13,15,false)
(17,15,false)
(18,15,false)
(20,15,false)
(24,15,false)
(26,15,false)
(27,15,false)
(32,15,false)
(34,15,false)
(37,15,true)
(39,15,false)
(40,15,true)
(42,15,true)
(43,15,false)
(45,15,false)
(46,15,false)
(48,15,false)
(49,15,false)
(50,15,false)
(54,15,false)
(56,15,false)
(57,15,false)
(59,15,false)
(69,15,true)
(74,15,true)
(75,15,true)
(76,15,true)
(77,15,true)
(78,15,true)
(80,15,true)
(87,15,true)
(96,15,true)
(99,15,true)
(100,15,true)
(103,15,true)
(108,15,true)
(112,15,true)
(124,15,true)
(125,15,true)
(127,15,true)
(129,15,true)
(131,15,false)
(134,15,true)
(136,15,true)
(140,15,true)
(143,15,true)
(145,15,true)
(146,15,true)
(154,15,true)
(162,15,true)
(164,15,true)
(170,15,true)
(172,15,true)
(180,15,true)
(183,15,true)
(184,15,true)
(185,15,true)
(186,15,true)
(187,15,true)
(195,15,true)
(197,15,true)
(198,15,true)
(201,15,true)
(202,15,true)
(203,15,true)
(204,15,true)
(207,15,true)
(211,15,true)
(212,15,true)
(215,15,true)
(216,15,true)
(222,15,true)
(223,15,true)
(229,15,true)
(231,15,true)
(232,15,true)
(234,15,true)
(235,15,true)
(240,15,true)
(242,15,true)
(247,15,true)
(248,15,true)
(249,15,true)
(252,15,true)
(253,15,true)
(257,15,true)
(261,15,true)
(264,15,true)
(272,15,true)
(276,15,true)
(278,15,true)
(284,15,true)
(285,15,true)
(1,16,false)
(3,16,false)
(4,16,false)
(5,16,false)
(11,16,false)
(14,16,false)
(20,16,false)
(21,16,false)
(25,16,false)
(26,16,false)
(38,16,false)
(40,16,false)
(43,16,false)
(44,16,false)
(45,16,false)
(47,16,false)
(51,16,false)
(53,16,false)
(63,16,true)
(64,16,true)
(66,16,true)
(67,16,true)
(70,16,true)
(72,16,true)
(75,16,true)
(76,16,true)
(77,16,true)
(78,16,true)
(80,16,true)
(81,16,true)
(82,16,true)
(84,16,true)
(87,16,true)
(89,16,true)
(91,16,true)
(93,16,true)
(98,16,true)
(99,16,false)
(106,16,true)
(107,16,true)
(109,16,true)
(110,16,true)
(122,16,true)
(125,16,true)
(126,16,true)
(127,16,true)
(131,16,true)
(136,16,true)
(143,16,true)
(144,16,true)
(147,16,true)
(148,16,true)
(151,16,true)
(158,16,false)
(162,16,true)
(164,16,true)
(167,16,true)
(172,16,true)
(175,16,true)
(179,16,true)
(182,16,true)
(188,16,false)
(190,16,true)
(191,16,true)
(193,16,true)
(195,16,true)
(204,16,true)
(205,16,true)
(209,16,true)
(212,16,true)
(218,16,true)
(220,16,true)
(221,16,true)
(225,16,true)
(228,16,true)
(230,16,true)
(232,16,true)
(236,16,true)
(239,16,true)
(251,16,true)
(252,16,true)
(253,16,true)
(259,16,true)
(263,16,true)
(265,16,true)
(267,16,true)
(279,16,true)
(282,16,true)
(291,16,true)
(295,16,true)
(298,16,true)
(3,17,false)
(9,17,false)
(14,17,false)
(17,17,false)
(21,17,false)
(27,17,false)
(35,17,false)
(36,17,true)
(39,17,false)
(41,17,false)
(43,17,false)
(45,17,false)
(46,17,true)
(47,17,false)
(49,17,false)
(63,17,true)
(66,17,true)
(67,17,true)
(74,17,true)
(76,17,true)
(84,17,true)
(87,17,true)
(89,17,true)
(101,17,true)
(102,17,true)
(111,17,true)
(117,17,true)
(120,17,true)
(125,17,true)
(129,17,true)
(130,17,true)
(131,17,true)
(133,17,true)
(134,17,true)
(136,17,true)
(137,17,true)
(140,17,true)
(141,17,true)
(144,17,true)
(145,17,true)
(148,17,true)
(149,17,true)
(150,17,true)
(151,17,true)
(153,17,true)
(155,17,true)
(157,17,true)
(161,17,true)
(163,17,true)
(167,17,true)
(173,17,true)
(177,17,true)
(179,17,true)
(181,17,true)
(188,17,true)
(189,17,true)
(190,17,true)
(194,17,true)
(200,17,true)
(201,17,true)
(207,17,true)
(209,17,true)
(212,17,true)
(214,17,true)
(216,17,true)
(221,17,true)
(222,17,true)
(223,17,true)
(224,17,true)
(225,17,false)
(230,17,true)
(231,17,true)
(233,17,true)
(234,17,true)
(242,17,true)
(244,17,true)
(245,17,true)
(247,17,true)
(250,17,true)
(254,17,true)
(255,17,true)
(260,17,true)
(263,17,false)
(266,17,true)
(271,17,true)
(274,17,true)
(279,17,true)
(281,17,true)
(282,17,true)
(287,17,true)
(289,17,true)
(292,17,true)
(293,17,true)
(297,17,true)
(299,17,true)
(3,18,false)
(8,18,false)
(11,18,false)
(13,18,false)
(15,18,false)
(18,18,false)
(19,18,false)
(20,18,false)
(21,18,false)
(33,18,false)
(37,18,false)
(39,18,false)
(47,18,false)
(48,18,false)
(50,18,false)
(57,18,false)
(59,18,false)
(60,18,true)
(63,18,true)
(67,18,false)
(72,18,true)
(75,18,true)
(77,18,true)
(82,18,true)
(84,18,true)
(88,18,true)
(90,18,true)
(93,18,true)
(94,18,true)
(96,18,true)
(97,18,true)
(100,18,true)
(104,18,false)
(105,18,true)
(109,18,true)
(110,18,true)
(115,18,true)
(116,18,true)
(117,18,true)
(120,18,true)
(125,18,true)
(128,18,true)
(138,18,true)
(141,18,true)
(143,18,true)
(146,18,true)
(148,18,true)
(151,18,true)
(153,18,true)
(154,18,true)
(156,18,true)
(161,18,true)
(163,18,true)
(164,18,true)
(165,18,true)
(168,18,true)
(170,18,true)
(176,18,true)
(184,18,true)
(186,18,true)
(187,18,true)
(188,18,true)
(193,18,true)
(194,18,true)
(204,18,true)
(207,18,true)
(210,18,true)
(212,18,true)
(216,18,true)
(221,18,true)
(223,18,true)
(226,18,true)
(227,18,true)
(230,18,true)
(234,18,true)
(236,18,true)
(253,18,true)
(254,18,true)
(261,18,true)
(265,18,true)
(266,18,true)
(270,18,true)
(273,18,true)
(279,18,true)
(286,18,true)
(287,18,true)
(289,18,true)
(293,18,true)
(295,18,true)
(299,18,true)
(1,19,false)
(5,19,false)
(7,19,false)
(9,19,false)
(11,19,false)
(13,19,false)
(15,19,false)
(16,19,false)
(17,19,false)
(19,19,false)
(21,19,false)
(22,19,false)
(23,19,false)
(25,19,true)
(30,19,false)
(34,19,false)
(38,19,false)
(41,19,false)
(47,19,false)
(49,19,false)
(51,19,false)
(53,19,false)
(56,19,false)
(57,19,false)
(58,19,false)
(63,19,true)
(66,19,true)
(67,19,true)
(69,19,true)
(72,19,true)
(74,19,true)
(81,19,true)
(85,19,true)
(93,19,true)
(101,19,true)
(102,19,true)
(103,19,true)
(105,19,true)
(107,19,true)
(111,19,true)
(118,19,true)
(124,19,true)
(126,19,false)
(128,19,true)
(130,19,true)
(133,19,true)
(137,19,true)
(138,19,true)
(139,19,true)
(141,19,true)
(150,19,true)
(158,19,true)
(160,19,true)
(161,19,true)
(166,19,true)
(168,19,true)
(170,19,true)
(171,19,true)
(172,19,true)
(174,19,false)
(177,19,true)
(182,19,true)
(184,19,true)
(186,19,true)
(191,19,true)
(198,19,true)
(204,19,true)
(206,19,true)
(207,19,true)
(211,19,true)
(215,19,true)
(224,19,true)
(229,19,true)
(234,19,true)
(242,19,true)
(243,19,true)
(248,19,true)
(253,19,true)
(254,19,true)
(255,19,true)
(257,19,false)
(262,19,true)
(263,19,true)
(267,19,true)
(276,19,true)
(280,19,true)
(281,19,true)
(282,19,true)
(284,19,true)
(286,19,true)
(287,19,true)
(288,19,true)
(291,19,true)
(293,19,true)
(297,19,false)
(298,19,false)
(299,19,true)

(106,2)
(219,18)
(252,10)
(13,10)
(97,10)
(289,4)
(117,15)
(248,8)
(255,1)
(83,14)
(174,15)
(268,7)
(272,14)
(288,13)
(199,4)
(207,16)
(271,1)
(204,9)
(53,15)
(140,3)
(258,11)
(63,15)
(190,6)
(83,12)
(67,13)
(157,16)
(17,7)
(192,3)
(38,12)
(181,8)
(198,11)
(122,10)
(66,9)
(210,11)
(102,2)
(268,2)
(15,0)
(151,2)
(78,11)
(206,15)
(295,19)
(108,5)
(11,15)
(21,10)
(18,4)
(116,6)
(254,5)
(98,19)
(196,6)
(44,10)
(200,10)
(45,6)
(268,19)
(122,9)
(230,11)
(262,16)
(9,9)
(166,3)
(111,5)
(123,18)
(209,0)
(87,10)
(177,18)
(105,8)
(91,19)
(63,8)
(172,12)
(86,17)
(40,6)
(294,19)
(59,6)
(283,16)
(65,8)
(142,3)
(21,11)
(180,14)
(264,17)
(163,5)
(217,19)
(247,0)
(221,15)
(101,10)
(26,9)
(10,15)
(18,16)
(292,10)
(176,1)
(192,18)
(140,2)
(106,8)
(162,3)
(160,4)
(27,11)
(197,0)
(169,15)
(266,8)
(289,2)
(214,3)
(296,3)
(42,4)
(181,15)
(28,11)
(37,11)
(221,9)
(143,10)
(238,6)
(177,3)
(216,5)
(57,0)
(9,18)
(105,11)
(43,3)
(113,9)
(35,2)
(95,10)
(207,2)
(119,11)
(190,4)
(288,17)
(204,11)
(177,6)
(247,8)
(66,10)
(108,4)
(224,12)
(117,13)
(224,16)
(116,0)
(211,4)
(96,13)
(143,11)
(202,9)
(6,18)
(31,10)
(28,13)
(288,3)
(66,1)
(23,15)
(196,15)
(276,1)
(155,18)
(282,15)
(176,0)
(43,18)
(292,5)
(15,9)
(287,15)
(118,7)
(247,13)
(104,1)
(153,2)
(107,7)
(244,12)
(132,14)
(296,17)
(219,2)
(291,9)
(231,6)
(25,8)
(168,17)
(188,0)
(25,14)
(272,12)
(58,2)
(14,15)
(271,19)
(150,16)
(34,18)
(177,2)
(35,15)
(58,14)
(283,3)
(230,0)
(269,16)
(39,19)
(20,0)
(100,11)
(93,4)
(66,13)
(256,17)
(136,4)
(32,13)
(67,12)
(149,8)
(189,16)
(210,2)
(91,7)
(130,0)
(55,9)
(88,9)
(171,16)
(66,11)
(57,3)
(212,9)
(132,1)
(258,9)
(42,5)
(238,15)
(284,10)
(69,7)
(249,14)
(175,11)
(142,10)
(156,6)
(212,5)
(77,5)
(133,15)
(297,14)
(161,2)
(53,17)
(86,5)
(282,5)
(123,16)
(12,10)
(277,18)
(190,15)
(21,5)
(47,12)
(269,17)
(283,17)
(218,8)
(298,8)
(120,8)
(198,1)
(171,9)
(204,5)
(3,9)
(24,9)
(75,4)
(243,10)
(82,3)
(101,11)
(222,11)
(234,14)
(89,5)
(217,14)
(298,4)
(3,10)
(218,2)
(130,3)
(51,14)
(276,18)
(144,12)
(89,2)
(276,0)
(110,10)
(169,9)
(159,19)
(67,15)
(157,14)
(275,13)
(213,6)
(182,12)
(4,7)
(164,9)
(210,17)
(256,16)
(0,15)
(278,4)
(266,11)
(202,4)
(25,15)
(199,9)
(277,19)
(156,19)
(32,6)
(91,18)
(201,12)
(136,14)
(252,9)
(154,8)
(269,13)
(47,7)
(79,9)
(244,0)
(175,14)
(216,3)
(12,16)
(49,3)
(171,3)
(176,10)
(197,4)
(293,1)
(165,10)
(70,7)
(231,4)
(62,19)
(239,8)
(8,14)
(187,10)
(236,1)
(252,1)
(101,6)
(73,3)
(182,18)
(18,8)
(270,6)
(220,4)
(177,5)
(106,18)
(87,7)
(42,9)
(164,19)
(227,11)
(253,4)
(101,2)
(234,12)
(227,12)
(156,2)
(222,19)
(6,17)
(193,3)
(217,9)
(143,19)
(20,17)
(253,7)
(52,6)
(251,4)
(257,7)
(238,10)
(130,5)
(161,14)
(243,13)
(81,6)
(270,17)
(10,7)
(133,14)
(177,16)
(111,14)
(287,12)
(171,17)
(221,13)
(299,15)
(64,15)
(255,18)
(64,12)
(212,14)
(68,4)
(251,7)
(28,3)
(277,13)
(135,2)
(128,9)
(200,1)
(277,5)
(40,18)
(64,18)
(7,9)
(7,3)
(14,3)
(5,3)
(90,19)
(41,6)
(163,10)
(174,8)
(298,14)
(26,5)
(234,2)
(79,19)
(3,11)
(250,15)
(195,0)
(175,19)
(239,11)
(63,4)
(154,16)
(201,8)
(95,17)
(15,8)
(157,1)
(297,18)
(204,17)
(151,13)
(62,11)
(12,6)
(36,2)
(158,17)
(198,18)
(13,8)
(245,8)
(281,5)
(104,15)
(212,12)
(24,7)
(150,9)
(73,4)
(285,19)
(165,12)
(67,8)
(201,13)
(235,5)
(145,18)
(266,16)
(35,19)
(281,2)
(47,10)
(211,17)
(78,17)
(75,2)
(159,11)
(32,11)
(216,4)
(134,4)
(29,8)
(210,12)
(102,9)
(73,2)
(14,19)
(2,3)
(8,19)
(247,9)
(263,15)
(60,15)
(263,7)
(68,11)
(128,14)
(241,8)
(42,7)
(254,13)
(127,18)
(287,11)
(74,5)
(251,2)
(112,5)
(270,11)
(236,8)
(270,19)
(269,4)
(115,9)
(65,14)
(161,16)
(246,16)
(105,3)
(197,3)
(175,4)
(214,16)
(81,11)
(11,3)
(108,8)
(40,7)
(159,16)
(285,5)
(195,19)
(62,15)
(55,10)
(294,7)
(90,16)
(246,1)
(58,18)
(241,18)
(21,3)
(278,5)
(163,7)
(5,10)
(196,3)
(7,5)
(236,17)
(158,11)
(41,13)
(152,18)
(65,17)
(291,14)
(116,15)
(156,11)
(48,5)
(205,6)
(88,0)
(179,7)
(161,12)
(119,8)
(297,11)
(282,11)
(270,5)
(287,16)
(134,5)
(112,16)
(4,5)
(170,8)
(217,4)
(79,15)
(128,6)
(68,16)
(279,8)
(184,17)
(187,16)
(183,19)
(191,17)
(49,18)
(89,19)
(181,4)
(176,9)
(88,4)
(27,3)
(185,10)
(251,11)
(287,6)
(44,9)
(298,11)
(216,14)
(102,4)
(169,17)
(265,19)
(143,17)
(129,14)
(13,1)
(224,18)
(88,7)
(242,8)
(236,4)
(248,17)
(177,7)
(240,19)
(191,8)
(5,18)
(175,0)
(249,9)
(78,4)
(249,19)
(255,9)
(3,1)
(226,15)
(192,15)
(67,9)
(122,5)
(173,9)
(222,6)
(213,5)
(84,2)
(184,8)
(172,3)
(274,10)
(103,18)
(260,2)
(245,9)
(33,2)
(152,15)
(233,4)
(126,4)
(281,16)
(213,17)
(39,6)
(161,15)
(136,9)
(125,6)
(282,9)
(204,4)
(297,1)
(0,1)
(181,14)
(139,3)
(70,0)
(30,8)
(23,8)
(239,3)
(294,3)
(137,2)
(147,19)
(222,2)
(263,4)
(61,1)
(176,13)
(238,16)
(31,19)
(110,8)
(184,13)
(213,3)
(110,15)
(66,12)
(112,2)
(51,2)
(236,3)
(94,2)
(168,14)
(213,18)
(225,18)
(69,1)
(200,5)
(150,2)
(17,10)
(30,12)
(54,12)
(187,12)
(276,13)
(141,10)
(22,14)
(293,9)
(107,0)
(136,12)
(53,7)
(81,17)
(135,16)
(24,16)
(125,3)
(56,16)
(17,16)
(222,16)
(66,15)
(36,16)
(141,2)
(82,2)
(153,14)
(21,0)
(124,4)
(146,17)
(293,13)
(212,7)
(243,9)
(40,10)
(95,19)
(167,3)
(235,18)
(211,1)
(6,10)
(37,13)
(129,4)
(98,18)
(191,6)
(214,18)
(110,9)
(8,3)
(200,16)
(176,11)
(52,10)
(51,18)
(240,10)
(106,3)
(191,12)
(17,13)
(46,3)
(19,17)
(215,18)
(234,13)
(269,12)
(71,1)
(244,11)
(90,15)
(250,4)
(276,16)
(206,18)
(215,17)
(290,18)
(71,12)
(77,19)
(78,7)
(99,11)
(149,19)
(176,16)
(121,10)
(99,17)
(131,5)
(176,15)
(129,5)
(24,11)
(265,2)
(105,1)
(247,10)
(28,6)
(146,6)
(44,0)
(254,3)
(83,15)
(163,15)
(11,11)
(78,2)
(207,4)
(198,4)
(193,9)
(249,2)
(60,12)
(235,4)
(265,0)
(246,13)
(24,19)
(83,10)
(153,12)
(216,10)
(104,13)
(157,2)
(187,13)
(21,14)
(228,14)
(289,16)
(36,14)
(215,8)
(155,9)
(225,6)
(299,11)
(168,11)
(148,14)
(288,14)
(276,3)
(74,11)
(239,17)
(292,9)
(228,0)
(169,12)
(9,3)
(187,19)
(208,19)
(14,5)
(228,15)
(133,1)
(233,19)
(270,15)
(283,5)
(11,14)
(187,11)
(161,7)
(219,11)
(166,15)
(237,17)
(171,8)
(14,12)
(265,17)
(74,3)
(29,15)
(269,9)
(281,3)
(61,15)
(55,19)
(87,4)
(16,13)
(124,1)
(214,14)
(263,12)
(92,13)
(144,18)
(230,5)
(237,14)
(192,17)
(108,10)
(79,16)
(262,1)
(161,1)
(117,10)
(94,16)
(203,10)
(193,11)
(216,16)
(36,7)
(199,19)
(59,16)
(143,3)
(199,16)
(62,2)
(219,9)
(215,16)
(39,10)
(103,17)
(264,9)
(72,15)
(38,18)
(254,11)
(41,11)
(47,1)
(90,2)
(153,8)
(155,3)
(114,18)
(183,7)
(283,14)
(217,3)
(276,12)
(215,1)
(21,6)
(248,9)
(124,6)
(179,10)
(295,14)
(77,2)
(251,5)
(180,9)
(104,2)
(15,12)
(222,5)
(291,18)
(217,7)
(12,0)
(236,13)
(3,19)
(224,11)
(295,15)
(150,11)
(274,6)
(158,14)
(128,17)
(296,0)
(70,1)
(243,17)
(274,7)
(289,19)
(98,14)
(251,14)
(199,5)
(12,18)
(28,15)
(250,9)
(138,11)
(293,14)
(149,15)
(270,14)
(5,14)
(16,14)
(249,11)
(231,14)
(214,12)
(50,12)
(186,16)
(181,3)
(108,7)
(34,16)
(161,8)
(201,11)
(231,18)
(98,13)
(51,4)
(254,16)
(268,13)
(239,6)
(72,17)
(157,18)
(268,3)
(229,5)
(112,18)
(259,14)
(181,12)
(129,1)
(60,19)
(100,16)
(267,6)
(196,14)
(114,15)
(245,16)
(271,10)
(154,12)
(172,14)
(3,2)
(92,11)
(37,9)
(51,3)
(243,18)
(66,18)
(19,13)
(90,6)
(87,6)
(297,9)
(177,11)
(68,3)
(20,7)
(172,18)
(235,6)
(200,15)
(4,1)
(291,12)
(158,6)
(200,19)
(201,6)
(162,8)
(183,9)
(295,2)
(254,8)
(9,5)
(230,15)
(198,0)
(114,7)
(258,15)
(111,15)
(91,15)
(152,8)
(23,6)
(28,19)
(123,1)
(212,8)
(268,18)
(52,0)
(122,15)
(73,12)
(263,6)
(283,13)
(134,12)
(212,6)
(19,1)
(70,17)
(155,16)
(12,19)
(7,15)
(287,7)
(271,18)
(282,18)
(258,19)
(262,12)
(130,15)
(23,16)
(278,17)
(271,3)
(275,7)
(17,12)
(198,16)
(155,2)
(15,11)
(10,6)
(9,2)
(159,12)
(135,4)
(90,17)
(215,10)
(97,12)
(156,17)
(61,6)
(50,10)
(57,7)
(83,17)
(235,17)
(230,13)
(65,15)
(226,6)
(135,1)
(78,1)
(243,15)
(225,3)
(69,3)
(194,4)
(73,14)
(88,8)
(86,16)
(208,7)
(66,8)
(238,17)
(191,15)
(274,16)
(222,4)
(266,12)
(98,3)
(199,15)
(83,7)
(262,8)
(190,9)
(108,13)
(198,10)
(199,6)
(83,13)
(201,2)
(257,5)
(294,5)
(146,12)
(94,3)
(26,19)
(121,6)
(187,1)
(56,3)
(58,11)
(112,4)
(247,6)
(159,13)
(191,7)
(214,2)
(98,10)
(18,6)
(77,11)
(77,7)
(91,12)
(165,9)
(197,8)
(233,7)
(294,14)
(133,2)
(116,19)
(83,2)
(161,10)
(291,3)
(273,1)
(187,14)
(39,14)
(195,6)
(10,1)
(219,13)
(292,3)
(65,6)
(190,8)
(203,1)
(124,8)
(17,1)
(28,8)
(245,18)
(107,6)
(242,1)
(287,2)
(268,6)
(285,4)
(220,2)
(269,14)
(184,11)
(216,7)
(9,15)
(85,11)
(163,8)
(260,5)
(20,3)
(114,14)
(24,17)
