200 Users
55 Files
4000 Transactions
2 Maximum Connections
1 Cycle Length per Upload-Download
0 Warm-up Transactions
0.400000 Zipf constant
5 Pre-Trusted Users
160 Well-Behaved (Good) Users
40 Purely Malicious Users
0 Feedback Skewing Users
0 Malignant Providing Users
0 Disguised Malicous Users
0 Sybil Attack Users
true Intelligent Trans. Generation
1561012879054 Trace Generation Seed

(0.076906,0.000000,1,false)
(0.096841,0.000000,1,false)
(0.051076,0.000000,1,false)
(0.054806,0.000000,1,false)
(0.083110,0.000000,1,false)
(0.054814,0.000000,1,false)
(0.065105,0.000000,1,false)
(0.038794,0.000000,1,false)
(0.028629,0.000000,1,false)
(0.076648,0.000000,1,false)
(0.082766,0.000000,1,false)
(0.024432,0.000000,1,false)
(0.055707,0.000000,1,false)
(0.085412,0.000000,1,false)
(0.073277,0.000000,1,false)
(0.068348,0.000000,1,false)
(0.040534,0.000000,1,false)
(0.078006,0.000000,1,false)
(0.094170,0.000000,1,false)
(0.078601,0.000000,1,false)
(0.000645,0.000000,1,false)
(0.057520,0.000000,1,false)
(0.088666,0.000000,1,false)
(0.026403,0.000000,1,false)
(0.014798,0.000000,1,false)
(0.023443,0.000000,1,false)
(0.071539,0.000000,1,false)
(0.094907,0.000000,1,false)
(0.001330,0.000000,1,false)
(0.007460,0.000000,1,false)
(0.084679,0.000000,1,false)
(0.074301,0.000000,1,false)
(0.022176,0.000000,1,false)
(0.017638,0.000000,1,false)
(0.038810,0.000000,1,false)
(0.064136,0.000000,1,false)
(0.054077,0.000000,1,false)
(0.007068,0.000000,1,false)
(0.096208,0.000000,1,false)
(0.023587,0.000000,1,false)
(0.904099,1.000000,0,true)
(0.985668,1.000000,0,true)
(0.909254,1.000000,0,true)
(0.981747,1.000000,0,true)
(0.938392,1.000000,0,true)
(0.967330,1.000000,0,false)
(0.973755,1.000000,0,false)
(0.951858,1.000000,0,false)
(0.957940,1.000000,0,false)
(0.947696,1.000000,0,false)
(0.958140,1.000000,0,false)
(0.994334,1.000000,0,false)
(0.994299,1.000000,0,false)
(0.913895,1.000000,0,false)
(0.915915,1.000000,0,false)
(0.995295,1.000000,0,false)
(0.951937,1.000000,0,false)
(0.967361,1.000000,0,false)
(0.920995,1.000000,0,false)
(0.957724,1.000000,0,false)
(0.906856,1.000000,0,false)
(0.947422,1.000000,0,false)
(0.944481,1.000000,0,false)
(0.997178,1.000000,0,false)
(0.904141,1.000000,0,false)
(0.965398,1.000000,0,false)
(0.969480,1.000000,0,false)
(0.908173,1.000000,0,false)
(0.905877,1.000000,0,false)
(0.994904,1.000000,0,false)
(0.969587,1.000000,0,false)
(0.909764,1.000000,0,false)
(0.988469,1.000000,0,false)
(0.907668,1.000000,0,false)
(0.910171,1.000000,0,false)
(0.945922,1.000000,0,false)
(0.982813,1.000000,0,false)
(0.909739,1.000000,0,false)
(0.961951,1.000000,0,false)
(0.955285,1.000000,0,false)
(0.992081,1.000000,0,false)
(0.920328,1.000000,0,false)
(0.943619,1.000000,0,false)
(0.935693,1.000000,0,false)
(0.910066,1.000000,0,false)
(0.944820,1.000000,0,false)
(0.934368,1.000000,0,false)
(0.911637,1.000000,0,false)
(0.998096,1.000000,0,false)
(0.924646,1.000000,0,false)
(0.918187,1.000000,0,false)
(0.967333,1.000000,0,false)
(0.960444,1.000000,0,false)
(0.999735,1.000000,0,false)
(0.939660,1.000000,0,false)
(0.934603,1.000000,0,false)
(0.987000,1.000000,0,false)
(0.994153,1.000000,0,false)
(0.965753,1.000000,0,false)
(0.923094,1.000000,0,false)
(0.907613,1.000000,0,false)
(0.932326,1.000000,0,false)
(0.959673,1.000000,0,false)
(0.950560,1.000000,0,false)
(0.925113,1.000000,0,false)
(0.911903,1.000000,0,false)
(0.981414,1.000000,0,false)
(0.973034,1.000000,0,false)
(0.963416,1.000000,0,false)
(0.999820,1.000000,0,false)
(0.934949,1.000000,0,false)
(0.928690,1.000000,0,false)
(0.983466,1.000000,0,false)
(0.980549,1.000000,0,false)
(0.984278,1.000000,0,false)
(0.995014,1.000000,0,false)
(0.982901,1.000000,0,false)
(0.969788,1.000000,0,false)
(0.959677,1.000000,0,false)
(0.916644,1.000000,0,false)
(0.905450,1.000000,0,false)
(0.912985,1.000000,0,false)
(0.971468,1.000000,0,false)
(0.990793,1.000000,0,false)
(0.942932,1.000000,0,false)
(0.916151,1.000000,0,false)
(0.941523,1.000000,0,false)
(0.998678,1.000000,0,false)
(0.916604,1.000000,0,false)
(0.906275,1.000000,0,false)
(0.952439,1.000000,0,false)
(0.944684,1.000000,0,false)
(0.975238,1.000000,0,false)
(0.990474,1.000000,0,false)
(0.900962,1.000000,0,false)
(0.910214,1.000000,0,false)
(0.944888,1.000000,0,false)
(0.976623,1.000000,0,false)
(0.925722,1.000000,0,false)
(0.946279,1.000000,0,false)
(0.909753,1.000000,0,false)
(0.933782,1.000000,0,false)
(0.959713,1.000000,0,false)
(0.917831,1.000000,0,false)
(0.994810,1.000000,0,false)
(0.908092,1.000000,0,false)
(0.935206,1.000000,0,false)
(0.973698,1.000000,0,false)
(0.959123,1.000000,0,false)
(0.969131,1.000000,0,false)
(0.942891,1.000000,0,false)
(0.948666,1.000000,0,false)
(0.993764,1.000000,0,false)
(0.942836,1.000000,0,false)
(0.918058,1.000000,0,false)
(0.908885,1.000000,0,false)
(0.950214,1.000000,0,false)
(0.990169,1.000000,0,false)
(0.994477,1.000000,0,false)
(0.928202,1.000000,0,false)
(0.903940,1.000000,0,false)
(0.915551,1.000000,0,false)
(0.931400,1.000000,0,false)
(0.931389,1.000000,0,false)
(0.983507,1.000000,0,false)
(0.935923,1.000000,0,false)
(0.980726,1.000000,0,false)
(0.960435,1.000000,0,false)
(0.968158,1.000000,0,false)
(0.909900,1.000000,0,false)
(0.919850,1.000000,0,false)
(0.912161,1.000000,0,false)
(0.976220,1.000000,0,false)
(0.917040,1.000000,0,false)
(0.931119,1.000000,0,false)
(0.959405,1.000000,0,false)
(0.932998,1.000000,0,false)
(0.989636,1.000000,0,false)
(0.961034,1.000000,0,false)
(0.903815,1.000000,0,false)
(0.920026,1.000000,0,false)
(0.933727,1.000000,0,false)
(0.941466,1.000000,0,false)
(0.916067,1.000000,0,false)
(0.967569,1.000000,0,false)
(0.932165,1.000000,0,false)
(0.901179,1.000000,0,false)
(0.998855,1.000000,0,false)
(0.959227,1.000000,0,false)
(0.900617,1.000000,0,false)
(0.938764,1.000000,0,false)
(0.959498,1.000000,0,false)
(0.971297,1.000000,0,false)
(0.967270,1.000000,0,false)
(0.967902,1.000000,0,false)
(0.902354,1.000000,0,false)
(0.970229,1.000000,0,false)
(0.968792,1.000000,0,false)
(0.982437,1.000000,0,false)
(0.946411,1.000000,0,false)

(0,0,true)
(1,0,false)
(2,0,false)
(3,0,false)
(4,0,false)
(6,0,false)
(7,0,false)
(8,0,false)
(10,0,false)
(11,0,false)
(16,0,false)
(17,0,false)
(18,0,false)
(19,0,false)
(20,0,false)
(21,0,false)
(22,0,false)
(25,0,false)
(26,0,false)
(27,0,false)
(28,0,false)
(29,0,false)
(31,0,false)
(33,0,false)
(34,0,false)
(35,0,false)
(36,0,false)
(39,0,false)
(42,0,true)
(43,0,true)
(44,0,true)
(47,0,true)
(48,0,true)
(50,0,true)
(51,0,true)
(52,0,true)
(53,0,false)
(56,0,true)
(57,0,true)
(58,0,true)
(60,0,false)
(61,0,true)
(62,0,true)
(63,0,true)
(65,0,true)
(66,0,true)
(69,0,true)
(70,0,true)
(71,0,true)
(72,0,true)
(76,0,true)
(77,0,true)
(78,0,true)
(79,0,true)
(81,0,true)
(82,0,true)
(83,0,true)
(84,0,true)
(85,0,true)
(86,0,false)
(87,0,true)
(88,0,true)
(90,0,true)
(93,0,true)
(97,0,true)
(98,0,true)
(100,0,true)
(102,0,true)
(104,0,true)
(105,0,true)
(106,0,true)
(107,0,true)
(108,0,true)
(109,0,true)
(111,0,true)
(112,0,true)
(114,0,true)
(117,0,true)
(118,0,true)
(119,0,true)
(120,0,true)
(123,0,true)
(124,0,true)
(127,0,true)
(128,0,true)
(129,0,true)
(131,0,true)
(132,0,true)
(133,0,true)
(134,0,true)
(135,0,true)
(136,0,true)
(138,0,true)
(139,0,true)
(140,0,true)
(141,0,true)
(143,0,true)
(144,0,true)
(145,0,true)
(146,0,true)
(147,0,true)
(148,0,true)
(150,0,true)
(151,0,true)
(152,0,true)
(153,0,true)
(154,0,true)
(156,0,true)
(157,0,true)
(158,0,true)
(159,0,true)
(160,0,true)
(161,0,true)
(162,0,true)
(163,0,true)
(165,0,true)
(166,0,true)
(167,0,true)
(169,0,true)
(170,0,true)
(171,0,true)
(172,0,true)
(174,0,true)
(176,0,false)
(178,0,true)
(180,0,true)
(182,0,true)
(183,0,true)
(185,0,true)
(186,0,true)
(188,0,true)
(189,0,true)
(190,0,true)
(191,0,true)
(192,0,false)
(193,0,true)
(195,0,true)
(196,0,true)
(197,0,true)
(198,0,true)
(199,0,true)
(2,1,false)
(3,1,false)
(7,1,false)
(8,1,false)
(9,1,false)
(11,1,false)
(12,1,false)
(13,1,false)
(15,1,false)
(16,1,false)
(17,1,false)
(19,1,false)
(21,1,false)
(22,1,false)
(23,1,false)
(24,1,false)
(25,1,false)
(26,1,false)
(28,1,false)
(30,1,false)
(32,1,false)
(34,1,false)
(36,1,false)
(42,1,true)
(43,1,true)
(44,1,true)
(46,1,true)
(48,1,true)
(49,1,true)
(50,1,true)
(51,1,true)
(52,1,true)
(53,1,true)
(55,1,true)
(58,1,true)
(59,1,true)
(60,1,true)
(62,1,true)
(64,1,true)
(65,1,true)
(67,1,true)
(68,1,true)
(70,1,true)
(71,1,true)
(73,1,false)
(74,1,true)
(75,1,true)
(76,1,true)
(77,1,false)
(78,1,true)
(80,1,true)
(81,1,true)
(82,1,true)
(84,1,true)
(85,1,true)
(86,1,true)
(88,1,true)
(90,1,true)
(91,1,true)
(92,1,true)
(96,1,true)
(98,1,true)
(99,1,true)
(100,1,true)
(101,1,true)
(102,1,true)
(103,1,true)
(104,1,true)
(105,1,true)
(107,1,true)
(108,1,true)
(109,1,true)
(110,1,true)
(111,1,true)
(112,1,true)
(113,1,true)
(114,1,true)
(116,1,true)
(117,1,true)
(119,1,true)
(120,1,true)
(122,1,true)
(126,1,true)
(127,1,true)
(128,1,true)
(130,1,true)
(131,1,true)
(132,1,true)
(133,1,true)
(135,1,true)
(136,1,true)
(138,1,true)
(139,1,true)
(140,1,true)
(142,1,true)
(143,1,true)
(144,1,true)
(145,1,true)
(147,1,true)
(148,1,true)
(150,1,true)
(151,1,true)
(156,1,true)
(159,1,true)
(160,1,false)
(162,1,true)
(164,1,true)
(165,1,true)
(167,1,true)
(168,1,true)
(169,1,false)
(171,1,true)
(172,1,true)
(173,1,true)
(175,1,true)
(178,1,true)
(179,1,true)
(180,1,true)
(181,1,true)
(183,1,true)
(185,1,true)
(186,1,true)
(189,1,true)
(191,1,true)
(192,1,true)
(195,1,true)
(196,1,true)
(197,1,true)
(2,2,false)
(5,2,false)
(6,2,false)
(7,2,false)
(8,2,false)
(10,2,false)
(14,2,false)
(16,2,false)
(17,2,false)
(18,2,false)
(21,2,false)
(22,2,false)
(25,2,false)
(28,2,false)
(32,2,false)
(33,2,false)
(35,2,true)
(37,2,false)
(38,2,false)
(39,2,false)
(40,2,true)
(41,2,true)
(43,2,true)
(45,2,true)
(46,2,true)
(47,2,true)
(49,2,true)
(52,2,true)
(54,2,true)
(55,2,true)
(57,2,true)
(59,2,true)
(63,2,true)
(64,2,true)
(66,2,true)
(67,2,true)
(68,2,true)
(69,2,true)
(71,2,true)
(72,2,true)
(74,2,true)
(75,2,true)
(77,2,true)
(79,2,true)
(80,2,true)
(83,2,true)
(84,2,true)
(88,2,true)
(89,2,true)
(90,2,true)
(92,2,true)
(93,2,true)
(98,2,true)
(101,2,true)
(102,2,true)
(103,2,true)
(104,2,true)
(105,2,true)
(106,2,true)
(107,2,true)
(109,2,true)
(110,2,true)
(112,2,true)
(113,2,true)
(114,2,true)
(116,2,true)
(117,2,true)
(118,2,true)
(120,2,true)
(121,2,true)
(125,2,true)
(126,2,true)
(127,2,true)
(128,2,true)
(129,2,true)
(131,2,true)
(132,2,false)
(134,2,true)
(137,2,true)
(138,2,true)
(139,2,true)
(140,2,true)
(142,2,true)
(143,2,true)
(144,2,true)
(147,2,true)
(148,2,true)
(150,2,true)
(152,2,true)
(156,2,true)
(158,2,true)
(159,2,false)
(160,2,true)
(161,2,true)
(162,2,true)
(163,2,true)
(164,2,true)
(168,2,true)
(171,2,true)
(172,2,true)
(173,2,true)
(174,2,true)
(179,2,true)
(180,2,true)
(182,2,true)
(186,2,true)
(187,2,true)
(188,2,true)
(189,2,false)
(191,2,true)
(192,2,true)
(194,2,true)
(195,2,true)
(199,2,true)
(0,3,false)
(2,3,false)
(5,3,false)
(6,3,false)
(9,3,false)
(11,3,false)
(13,3,false)
(14,3,false)
(17,3,false)
(18,3,false)
(21,3,false)
(22,3,false)
(25,3,false)
(26,3,true)
(28,3,false)
(29,3,false)
(30,3,false)
(31,3,false)
(32,3,false)
(33,3,false)
(34,3,false)
(35,3,false)
(40,3,true)
(41,3,true)
(42,3,false)
(44,3,true)
(45,3,true)
(46,3,true)
(47,3,true)
(49,3,true)
(52,3,true)
(53,3,true)
(55,3,true)
(58,3,true)
(59,3,true)
(61,3,true)
(62,3,false)
(63,3,true)
(70,3,true)
(72,3,true)
(73,3,false)
(74,3,true)
(76,3,true)
(78,3,true)
(79,3,true)
(81,3,true)
(83,3,true)
(85,3,true)
(87,3,true)
(91,3,true)
(93,3,true)
(94,3,true)
(99,3,false)
(103,3,false)
(104,3,true)
(107,3,true)
(108,3,true)
(111,3,true)
(112,3,true)
(115,3,true)
(117,3,true)
(118,3,true)
(119,3,false)
(120,3,true)
(122,3,true)
(124,3,false)
(125,3,true)
(129,3,true)
(130,3,true)
(131,3,true)
(133,3,true)
(135,3,false)
(139,3,true)
(140,3,true)
(144,3,true)
(146,3,true)
(147,3,true)
(151,3,true)
(154,3,true)
(156,3,true)
(158,3,true)
(160,3,true)
(162,3,true)
(163,3,true)
(164,3,true)
(165,3,true)
(167,3,true)
(168,3,false)
(170,3,true)
(171,3,false)
(173,3,true)
(174,3,true)
(175,3,true)
(178,3,true)
(179,3,true)
(180,3,true)
(181,3,false)
(183,3,true)
(184,3,true)
(186,3,false)
(192,3,true)
(193,3,true)
(194,3,true)
(195,3,true)
(196,3,false)
(197,3,true)
(199,3,true)
(0,4,false)
(2,4,false)
(3,4,false)
(5,4,false)
(6,4,false)
(8,4,false)
(11,4,false)
(12,4,false)
(14,4,false)
(16,4,false)
(19,4,true)
(22,4,false)
(24,4,false)
(25,4,false)
(26,4,false)
(33,4,false)
(34,4,false)
(37,4,false)
(38,4,false)
(41,4,true)
(42,4,true)
(45,4,true)
(51,4,true)
(52,4,true)
(58,4,true)
(59,4,true)
(60,4,true)
(62,4,true)
(63,4,true)
(65,4,true)
(66,4,true)
(67,4,true)
(68,4,true)
(69,4,true)
(70,4,true)
(74,4,true)
(75,4,true)
(78,4,true)
(79,4,true)
(82,4,true)
(85,4,true)
(86,4,true)
(88,4,true)
(90,4,true)
(94,4,true)
(99,4,true)
(101,4,true)
(102,4,true)
(104,4,true)
(106,4,true)
(113,4,true)
(116,4,true)
(117,4,true)
(119,4,false)
(123,4,true)
(124,4,true)
(126,4,true)
(127,4,true)
(128,4,true)
(134,4,true)
(136,4,true)
(142,4,true)
(143,4,true)
(145,4,true)
(149,4,true)
(151,4,true)
(152,4,true)
(153,4,true)
(154,4,true)
(155,4,true)
(156,4,true)
(158,4,true)
(160,4,true)
(161,4,true)
(163,4,true)
(167,4,true)
(169,4,true)
(170,4,true)
(172,4,true)
(173,4,true)
(176,4,true)
(179,4,true)
(180,4,true)
(181,4,true)
(186,4,true)
(189,4,true)
(191,4,true)
(194,4,true)
(195,4,true)
(196,4,true)
(198,4,true)
(199,4,true)
(4,5,false)
(5,5,false)
(9,5,false)
(10,5,false)
(11,5,false)
(16,5,false)
(18,5,false)
(19,5,false)
(20,5,false)
(23,5,false)
(29,5,false)
(30,5,false)
(31,5,false)
(32,5,false)
(34,5,false)
(35,5,false)
(37,5,false)
(38,5,false)
(39,5,false)
(40,5,true)
(41,5,true)
(43,5,true)
(45,5,true)
(46,5,true)
(47,5,true)
(49,5,true)
(50,5,true)
(52,5,true)
(53,5,true)
(58,5,true)
(59,5,true)
(60,5,true)
(63,5,true)
(64,5,true)
(67,5,true)
(69,5,true)
(70,5,true)
(72,5,true)
(74,5,true)
(80,5,true)
(84,5,true)
(85,5,true)
(87,5,true)
(91,5,true)
(92,5,true)
(93,5,true)
(96,5,true)
(102,5,true)
(103,5,true)
(104,5,true)
(105,5,true)
(106,5,true)
(107,5,true)
(110,5,true)
(111,5,false)
(112,5,true)
(114,5,true)
(115,5,true)
(116,5,true)
(117,5,true)
(120,5,true)
(121,5,true)
(122,5,true)
(124,5,true)
(125,5,true)
(127,5,true)
(128,5,true)
(130,5,true)
(131,5,true)
(134,5,false)
(136,5,true)
(138,5,true)
(149,5,true)
(150,5,true)
(151,5,true)
(152,5,true)
(153,5,true)
(154,5,true)
(158,5,true)
(160,5,false)
(167,5,true)
(169,5,true)
(170,5,true)
(171,5,true)
(172,5,true)
(174,5,true)
(175,5,true)
(176,5,true)
(177,5,true)
(180,5,true)
(183,5,true)
(184,5,true)
(185,5,true)
(186,5,true)
(189,5,true)
(191,5,true)
(193,5,true)
(196,5,true)
(198,5,true)
(199,5,true)
(0,6,false)
(3,6,false)
(4,6,false)
(5,6,false)
(7,6,false)
(8,6,false)
(13,6,false)
(15,6,true)
(16,6,false)
(19,6,false)
(20,6,false)
(22,6,false)
(26,6,false)
(31,6,false)
(32,6,false)
(35,6,false)
(36,6,false)
(37,6,false)
(38,6,false)
(39,6,false)
(40,6,true)
(43,6,true)
(44,6,true)
(45,6,true)
(47,6,true)
(48,6,true)
(49,6,true)
(50,6,true)
(54,6,true)
(56,6,true)
(58,6,true)
(61,6,true)
(63,6,true)
(68,6,true)
(69,6,true)
(76,6,true)
(77,6,true)
(78,6,true)
(80,6,true)
(81,6,true)
(84,6,true)
(85,6,true)
(89,6,true)
(92,6,true)
(94,6,true)
(98,6,true)
(101,6,true)
(103,6,true)
(105,6,true)
(107,6,true)
(108,6,true)
(111,6,true)
(112,6,true)
(113,6,true)
(115,6,true)
(116,6,true)
(117,6,true)
(122,6,true)
(123,6,true)
(127,6,true)
(129,6,true)
(130,6,true)
(131,6,true)
(132,6,true)
(133,6,true)
(138,6,true)
(143,6,true)
(148,6,true)
(150,6,true)
(151,6,true)
(155,6,true)
(157,6,true)
(158,6,true)
(159,6,true)
(161,6,true)
(163,6,true)
(164,6,true)
(168,6,true)
(170,6,true)
(172,6,true)
(173,6,true)
(175,6,true)
(177,6,true)
(178,6,true)
(180,6,true)
(183,6,true)
(184,6,true)
(185,6,true)
(187,6,true)
(188,6,true)
(191,6,true)
(193,6,true)
(195,6,true)
(197,6,true)
(199,6,true)
(4,7,false)
(11,7,false)
(18,7,false)
(20,7,false)
(25,7,false)
(29,7,false)
(33,7,false)
(35,7,false)
(38,7,true)
(39,7,false)
(41,7,true)
(47,7,true)
(48,7,true)
(50,7,true)
(57,7,true)
(59,7,false)
(60,7,true)
(62,7,true)
(63,7,true)
(64,7,true)
(65,7,true)
(66,7,false)
(68,7,true)
(70,7,true)
(71,7,true)
(74,7,true)
(75,7,true)
(79,7,true)
(80,7,true)
(83,7,false)
(84,7,true)
(90,7,true)
(92,7,true)
(96,7,true)
(97,7,true)
(98,7,true)
(99,7,false)
(101,7,true)
(103,7,true)
(104,7,true)
(108,7,true)
(111,7,true)
(112,7,true)
(113,7,true)
(114,7,true)
(117,7,true)
(119,7,true)
(120,7,true)
(121,7,true)
(128,7,true)
(130,7,true)
(132,7,true)
(133,7,true)
(135,7,true)
(137,7,false)
(140,7,false)
(141,7,true)
(142,7,true)
(143,7,true)
(146,7,true)
(149,7,true)
(152,7,true)
(155,7,true)
(159,7,true)
(160,7,true)
(165,7,true)
(167,7,true)
(169,7,true)
(171,7,false)
(176,7,true)
(178,7,true)
(179,7,true)
(181,7,true)
(183,7,true)
(190,7,true)
(192,7,true)
(194,7,true)
(0,8,false)
(2,8,false)
(4,8,false)
(6,8,false)
(9,8,true)
(10,8,false)
(12,8,false)
(13,8,false)
(15,8,false)
(16,8,false)
(20,8,false)
(24,8,false)
(27,8,false)
(28,8,false)
(30,8,false)
(31,8,false)
(32,8,false)
(33,8,false)
(34,8,false)
(35,8,false)
(36,8,false)
(39,8,false)
(40,8,true)
(43,8,true)
(45,8,true)
(46,8,true)
(53,8,false)
(58,8,true)
(60,8,true)
(61,8,true)
(63,8,true)
(64,8,true)
(68,8,true)
(70,8,true)
(71,8,true)
(74,8,true)
(76,8,true)
(78,8,true)
(79,8,true)
(80,8,true)
(81,8,true)
(82,8,true)
(84,8,true)
(89,8,true)
(90,8,true)
(95,8,true)
(96,8,true)
(107,8,true)
(110,8,true)
(113,8,true)
(119,8,true)
(120,8,false)
(121,8,true)
(122,8,true)
(125,8,true)
(131,8,true)
(134,8,false)
(135,8,true)
(136,8,true)
(138,8,true)
(142,8,true)
(156,8,true)
(157,8,true)
(161,8,true)
(162,8,true)
(163,8,true)
(164,8,true)
(166,8,true)
(169,8,true)
(171,8,true)
(173,8,true)
(176,8,true)
(177,8,true)
(178,8,true)
(182,8,true)
(185,8,true)
(189,8,false)
(191,8,true)
(194,8,true)
(195,8,true)
(196,8,true)
(197,8,true)
(198,8,true)
(1,9,true)
(3,9,false)
(7,9,false)
(9,9,false)
(19,9,false)
(22,9,false)
(23,9,false)
(25,9,true)
(28,9,false)
(29,9,false)
(31,9,false)
(32,9,false)
(33,9,false)
(34,9,false)
(42,9,true)
(43,9,true)
(51,9,true)
(55,9,true)
(56,9,true)
(57,9,true)
(58,9,true)
(61,9,true)
(63,9,true)
(64,9,true)
(66,9,true)
(70,9,false)
(71,9,true)
(75,9,true)
(80,9,true)
(83,9,true)
(88,9,true)
(94,9,true)
(101,9,true)
(106,9,true)
(108,9,true)
(114,9,true)
(117,9,true)
(127,9,true)
(128,9,true)
(130,9,true)
(131,9,true)
(136,9,true)
(145,9,true)
(146,9,true)
(147,9,false)
(151,9,true)
(152,9,true)
(157,9,true)
(161,9,true)
(163,9,true)
(167,9,true)
(168,9,true)
(171,9,true)
(174,9,true)
(175,9,true)
(177,9,true)
(183,9,true)
(184,9,true)
(185,9,true)
(189,9,true)
(190,9,true)
(193,9,true)
(197,9,true)
(0,10,false)
(3,10,false)
(6,10,false)
(8,10,false)
(9,10,false)
(10,10,false)
(11,10,false)
(13,10,false)
(24,10,false)
(25,10,false)
(26,10,false)
(29,10,false)
(32,10,false)
(33,10,false)
(35,10,false)
(37,10,false)
(38,10,true)
(41,10,true)
(42,10,true)
(43,10,false)
(45,10,true)
(46,10,true)
(49,10,true)
(50,10,true)
(52,10,true)
(54,10,false)
(56,10,true)
(57,10,true)
(58,10,true)
(60,10,false)
(63,10,true)
(65,10,true)
(66,10,true)
(67,10,true)
(74,10,true)
(75,10,true)
(78,10,true)
(83,10,true)
(85,10,true)
(87,10,true)
(90,10,true)
(91,10,false)
(93,10,true)
(94,10,true)
(96,10,true)
(97,10,true)
(102,10,true)
(106,10,true)
(108,10,true)
(109,10,true)
(113,10,true)
(115,10,true)
(116,10,true)
(117,10,true)
(118,10,true)
(120,10,true)
(123,10,true)
(124,10,true)
(128,10,true)
(129,10,true)
(130,10,true)
(131,10,true)
(134,10,true)
(136,10,true)
(138,10,true)
(144,10,true)
(146,10,true)
(148,10,true)
(152,10,true)
(153,10,true)
(155,10,true)
(156,10,true)
(159,10,true)
(172,10,true)
(173,10,true)
(178,10,true)
(179,10,true)
(186,10,true)
(187,10,true)
(191,10,true)
(192,10,true)
(193,10,true)
(194,10,true)
(195,10,true)
(196,10,true)
(199,10,true)
(1,11,false)
(10,11,false)
(19,11,false)
(22,11,false)
(23,11,false)
(24,11,false)
(32,11,false)
(37,11,false)
(38,11,false)
(46,11,true)
(47,11,true)
(51,11,true)
(58,11,false)
(59,11,true)
(62,11,true)
(66,11,true)
(69,11,true)
(70,11,true)
(78,11,true)
(80,11,true)
(82,11,true)
(85,11,true)
(88,11,true)
(91,11,true)
(92,11,true)
(94,11,true)
(97,11,true)
(109,11,true)
(111,11,true)
(112,11,true)
(115,11,true)
(118,11,true)
(119,11,true)
(121,11,true)
(123,11,true)
(124,11,true)
(125,11,true)
(132,11,true)
(134,11,true)
(138,11,false)
(139,11,true)
(149,11,true)
(153,11,true)
(154,11,true)
(157,11,true)
(158,11,true)
(162,11,true)
(169,11,true)
(176,11,true)
(184,11,true)
(186,11,true)
(188,11,true)
(189,11,true)
(192,11,true)
(195,11,true)
(197,11,true)
(199,11,true)
(0,12,false)
(4,12,false)
(5,12,false)
(7,12,false)
(11,12,false)
(16,12,false)
(18,12,false)
(21,12,false)
(22,12,false)
(31,12,false)
(35,12,false)
(42,12,true)
(43,12,true)
(44,12,true)
(45,12,true)
(46,12,true)
(47,12,true)
(49,12,true)
(50,12,true)
(51,12,true)
(53,12,true)
(54,12,true)
(55,12,true)
(57,12,true)
(62,12,true)
(63,12,true)
(64,12,true)
(68,12,true)
(70,12,true)
(71,12,true)
(72,12,true)
(74,12,true)
(75,12,true)
(76,12,true)
(82,12,true)
(83,12,true)
(87,12,true)
(88,12,true)
(89,12,true)
(90,12,true)
(91,12,true)
(93,12,true)
(96,12,true)
(100,12,true)
(102,12,true)
(104,12,true)
(107,12,true)
(108,12,true)
(110,12,true)
(114,12,true)
(118,12,true)
(125,12,false)
(133,12,true)
(137,12,true)
(139,12,true)
(142,12,true)
(143,12,true)
(148,12,true)
(150,12,true)
(152,12,true)
(154,12,true)
(156,12,true)
(157,12,true)
(170,12,true)
(171,12,false)
(172,12,true)
(174,12,true)
(175,12,true)
(176,12,true)
(177,12,true)
(180,12,true)
(183,12,true)
(185,12,true)
(187,12,true)
(191,12,true)
(194,12,true)
(195,12,true)
(196,12,true)
(198,12,true)
(0,13,false)
(1,13,true)
(3,13,false)
(5,13,false)
(13,13,false)
(14,13,false)
(15,13,false)
(16,13,false)
(17,13,false)
(18,13,false)
(22,13,false)
(25,13,true)
(27,13,false)
(29,13,false)
(34,13,false)
(37,13,false)
(41,13,true)
(44,13,true)
(45,13,true)
(48,13,true)
(51,13,true)
(52,13,true)
(54,13,true)
(55,13,true)
(56,13,true)
(59,13,true)
(65,13,true)
(67,13,true)
(68,13,true)
(69,13,true)
(70,13,true)
(71,13,true)
(74,13,true)
(77,13,false)
(78,13,true)
(83,13,true)
(86,13,true)
(87,13,true)
(92,13,true)
(93,13,true)
(96,13,true)
(98,13,true)
(99,13,true)
(101,13,true)
(106,13,true)
(107,13,true)
(111,13,true)
(112,13,true)
(113,13,true)
(114,13,true)
(117,13,true)
(118,13,true)
(128,13,true)
(130,13,true)
(131,13,true)
(134,13,true)
(138,13,true)
(141,13,true)
(145,13,true)
(162,13,true)
(163,13,true)
(164,13,true)
(166,13,true)
(167,13,true)
(168,13,true)
(171,13,true)
(173,13,true)
(174,13,true)
(176,13,true)
(177,13,true)
(180,13,true)
(181,13,true)
(182,13,true)
(183,13,true)
(184,13,true)
(185,13,true)
(187,13,true)
(194,13,true)
(196,13,true)
(197,13,false)
(0,14,false)
(2,14,false)
(10,14,false)
(12,14,false)
(15,14,false)
(17,14,false)
(19,14,false)
(21,14,false)
(23,14,false)
(32,14,false)
(36,14,false)
(37,14,false)
(43,14,true)
(44,14,true)
(48,14,true)
(57,14,true)
(60,14,true)
(61,14,true)
(67,14,true)
(74,14,true)
(85,14,true)
(86,14,true)
(87,14,true)
(95,14,true)
(96,14,true)
(98,14,true)
(102,14,true)
(106,14,true)
(107,14,true)
(108,14,true)
(112,14,true)
(113,14,true)
(118,14,true)
(119,14,true)
(120,14,true)
(127,14,true)
(128,14,true)
(129,14,true)
(131,14,true)
(132,14,true)
(135,14,true)
(141,14,true)
(142,14,true)
(145,14,true)
(147,14,true)
(148,14,true)
(149,14,true)
(151,14,true)
(152,14,true)
(156,14,true)
(162,14,true)
(164,14,true)
(167,14,true)
(168,14,true)
(169,14,true)
(173,14,true)
(174,14,true)
(175,14,true)
(176,14,true)
(180,14,true)
(182,14,true)
(190,14,true)
(192,14,true)
(194,14,true)
(196,14,true)
(197,14,true)
(198,14,true)
(199,14,true)
(3,15,false)
(8,15,false)
(12,15,false)
(13,15,false)
(19,15,false)
(21,15,false)
(27,15,false)
(29,15,false)
(36,15,false)
(37,15,false)
(47,15,true)
(50,15,false)
(52,15,true)
(53,15,true)
(54,15,true)
(58,15,true)
(60,15,true)
(64,15,true)
(65,15,true)
(67,15,true)
(73,15,true)
(74,15,true)
(75,15,true)
(77,15,true)
(79,15,true)
(85,15,true)
(86,15,true)
(87,15,true)
(89,15,true)
(93,15,true)
(94,15,true)
(97,15,true)
(99,15,true)
(100,15,true)
(104,15,true)
(105,15,true)
(113,15,true)
(115,15,true)
(116,15,true)
(117,15,true)
(121,15,true)
(123,15,true)
(125,15,true)
(126,15,true)
(128,15,true)
(133,15,true)
(135,15,true)
(136,15,true)
(138,15,true)
(140,15,true)
(144,15,true)
(146,15,true)
(148,15,true)
(149,15,true)
(153,15,true)
(155,15,true)
(162,15,true)
(164,15,true)
(165,15,true)
(168,15,true)
(169,15,false)
(170,15,true)
(171,15,true)
(172,15,true)
(176,15,true)
(177,15,true)
(186,15,false)
(189,15,true)
(192,15,true)
(194,15,true)
(196,15,true)
(197,15,true)
(199,15,true)
(0,16,false)
(4,16,false)
(6,16,false)
(7,16,false)
(14,16,false)
(15,16,false)
(17,16,false)
(25,16,false)
(28,16,false)
(29,16,false)
(31,16,false)
(33,16,false)
(34,16,false)
(35,16,false)
(36,16,false)
(37,16,false)
(40,16,true)
(43,16,true)
(44,16,true)
(46,16,true)
(47,16,true)
(55,16,true)
(69,16,true)
(70,16,true)
(74,16,true)
(77,16,true)
(79,16,true)
(85,16,false)
(89,16,true)
(93,16,true)
(94,16,true)
(97,16,true)
(98,16,true)
(99,16,true)
(102,16,true)
(105,16,true)
(109,16,true)
(111,16,true)
(113,16,true)
(115,16,true)
(121,16,true)
(130,16,true)
(134,16,true)
(136,16,true)
(137,16,true)
(139,16,true)
(140,16,true)
(142,16,true)
(145,16,true)
(148,16,true)
(152,16,true)
(160,16,true)
(161,16,true)
(166,16,true)
(168,16,true)
(169,16,true)
(174,16,true)
(176,16,true)
(183,16,true)
(184,16,true)
(185,16,true)
(186,16,true)
(187,16,true)
(190,16,true)
(191,16,true)
(193,16,true)
(196,16,true)
(0,17,false)
(1,17,false)
(2,17,false)
(7,17,false)
(9,17,false)
(14,17,false)
(18,17,false)
(19,17,false)
(20,17,false)
(21,17,false)
(27,17,false)
(28,17,false)
(30,17,true)
(32,17,false)
(35,17,false)
(37,17,false)
(39,17,false)
(40,17,true)
(41,17,true)
(47,17,true)
(49,17,true)
(51,17,true)
(56,17,true)
(62,17,true)
(63,17,true)
(66,17,true)
(73,17,true)
(74,17,true)
(79,17,true)
(87,17,true)
(96,17,true)
(97,17,true)
(98,17,true)
(101,17,true)
(114,17,true)
(117,17,true)
(125,17,true)
(126,17,true)
(129,17,true)
(131,17,false)
(132,17,true)
(133,17,true)
(134,17,true)
(137,17,true)
(139,17,true)
(140,17,true)
(141,17,true)
(143,17,true)
(145,17,true)
(150,17,true)
(157,17,true)
(159,17,true)
(164,17,true)
(165,17,true)
(166,17,true)
(168,17,true)
(170,17,true)
(174,17,true)
(175,17,true)
(178,17,true)
(191,17,true)
(192,17,true)
(193,17,true)
(2,18,false)
(7,18,false)
(9,18,false)
(10,18,false)
(11,18,false)
(15,18,false)
(21,18,false)
(23,18,false)
(27,18,false)
(28,18,false)
(30,18,false)
(34,18,false)
(36,18,false)
(39,18,false)
(40,18,true)
(42,18,true)
(43,18,true)
(44,18,false)
(52,18,true)
(53,18,true)
(60,18,true)
(64,18,true)
(65,18,true)
(66,18,true)
(67,18,false)
(68,18,true)
(71,18,true)
(73,18,true)
(74,18,true)
(75,18,true)
(80,18,true)
(82,18,true)
(85,18,true)
(87,18,false)
(89,18,true)
(92,18,true)
(93,18,true)
(102,18,true)
(110,18,true)
(114,18,true)
(118,18,true)
(119,18,true)
(121,18,true)
(122,18,true)
(123,18,true)
(131,18,true)
(138,18,true)
(142,18,true)
(143,18,true)
(145,18,true)
(160,18,true)
(169,18,true)
(170,18,true)
(173,18,true)
(180,18,true)
(186,18,true)
(189,18,true)
(191,18,true)
(0,19,false)
(2,19,true)
(3,19,false)
(4,19,false)
(5,19,false)
(6,19,false)
(8,19,false)
(10,19,false)
(19,19,false)
(26,19,false)
(27,19,false)
(29,19,false)
(32,19,false)
(33,19,false)
(37,19,false)
(45,19,true)
(50,19,true)
(51,19,true)
(55,19,true)
(59,19,true)
(60,19,true)
(62,19,true)
(64,19,true)
(65,19,true)
(66,19,true)
(68,19,true)
(69,19,true)
(75,19,true)
(77,19,true)
(79,19,true)
(83,19,true)
(89,19,true)
(90,19,true)
(94,19,true)
(103,19,true)
(112,19,true)
(115,19,true)
(117,19,true)
(120,19,false)
(126,19,true)
(133,19,true)
(135,19,false)
(136,19,true)
(138,19,true)
(139,19,true)
(144,19,true)
(145,19,true)
(146,19,true)
(148,19,true)
(150,19,true)
(155,19,true)
(157,19,true)
(161,19,true)
(162,19,true)
(163,19,true)
(166,19,true)
(168,19,true)
(170,19,true)
(173,19,true)
(174,19,true)
(181,19,true)
(182,19,true)
(186,19,true)
(188,19,true)
(190,19,true)
(192,19,true)
(194,19,true)
(195,19,true)
(197,19,true)
(4,20,false)
(7,20,false)
(11,20,false)
(14,20,false)
(16,20,true)
(23,20,false)
(24,20,false)
(28,20,false)
(37,20,false)
(38,20,true)
(39,20,false)
(44,20,true)
(48,20,true)
(49,20,true)
(51,20,true)
(60,20,true)
(61,20,true)
(66,20,true)
(74,20,true)
(76,20,true)
(79,20,true)
(80,20,true)
(81,20,true)
(82,20,true)
(86,20,true)
(97,20,true)
(100,20,true)
(101,20,false)
(103,20,true)
(105,20,true)
(106,20,true)
(109,20,true)
(110,20,true)
(111,20,true)
(116,20,true)
(122,20,true)
(125,20,true)
(128,20,true)
(132,20,true)
(137,20,true)
(138,20,true)
(140,20,true)
(141,20,true)
(149,20,true)
(153,20,true)
(154,20,true)
(155,20,true)
(156,20,false)
(159,20,true)
(160,20,true)
(163,20,false)
(175,20,true)
(182,20,false)
(184,20,true)
(185,20,true)
(187,20,true)
(188,20,true)
(190,20,true)
(191,20,true)
(194,20,true)
(195,20,true)
(197,20,true)
(13,21,false)
(24,21,false)
(26,21,false)
(30,21,false)
(44,21,true)
(46,21,true)
(48,21,true)
(53,21,true)
(56,21,true)
(58,21,true)
(60,21,true)
(65,21,true)
(68,21,true)
(74,21,true)
(78,21,true)
(79,21,true)
(81,21,true)
(91,21,true)
(92,21,true)
(93,21,true)
(99,21,true)
(104,21,true)
(107,21,false)
(108,21,true)
(111,21,true)
(115,21,true)
(116,21,true)
(119,21,true)
(127,21,true)
(130,21,true)
(135,21,true)
(139,21,true)
(142,21,true)
(145,21,true)
(150,21,true)
(151,21,true)
(153,21,true)
(154,21,true)
(155,21,true)
(156,21,true)
(161,21,true)
(163,21,true)
(167,21,true)
(169,21,true)
(176,21,true)
(177,21,true)
(179,21,true)
(193,21,true)
(194,21,true)
(195,21,true)
(196,21,false)
(198,21,true)
(199,21,true)
(4,22,false)
(9,22,false)
(13,22,false)
(15,22,false)
(16,22,false)
(18,22,false)
(23,22,false)
(25,22,false)
(26,22,true)
(34,22,false)
(35,22,false)
(36,22,false)
(38,22,false)
(42,22,true)
(43,22,true)
(46,22,true)
(52,22,true)
(53,22,true)
(57,22,true)
(58,22,true)
(62,22,true)
(67,22,true)
(68,22,true)
(74,22,true)
(77,22,true)
(84,22,true)
(90,22,true)
(91,22,true)
(103,22,true)
(105,22,true)
(106,22,true)
(110,22,true)
(111,22,true)
(113,22,true)
(119,22,true)
(120,22,true)
(123,22,true)
(132,22,true)
(135,22,true)
(136,22,true)
(140,22,true)
(145,22,true)
(147,22,true)
(148,22,true)
(150,22,true)
(151,22,true)
(155,22,true)
(156,22,true)
(157,22,true)
(159,22,true)
(165,22,false)
(170,22,true)
(184,22,true)
(186,22,false)
(187,22,true)
(195,22,true)
(2,23,false)
(3,23,true)
(5,23,false)
(7,23,false)
(14,23,false)
(22,23,true)
(33,23,false)
(35,23,false)
(37,23,false)
(48,23,true)
(55,23,true)
(56,23,true)
(63,23,true)
(72,23,true)
(73,23,true)
(77,23,true)
(81,23,true)
(86,23,true)
(88,23,true)
(93,23,true)
(96,23,true)
(98,23,true)
(104,23,true)
(106,23,true)
(110,23,true)
(111,23,true)
(116,23,true)
(122,23,true)
(123,23,true)
(125,23,true)
(126,23,true)
(134,23,true)
(135,23,true)
(137,23,true)
(144,23,true)
(147,23,true)
(151,23,true)
(154,23,true)
(155,23,true)
(156,23,true)
(157,23,true)
(160,23,true)
(162,23,true)
(163,23,true)
(170,23,true)
(172,23,true)
(177,23,true)
(187,23,true)
(189,23,true)
(192,23,true)
(195,23,true)
(199,23,true)
(2,24,false)
(8,24,false)
(10,24,false)
(11,24,false)
(17,24,false)
(24,24,false)
(26,24,false)
(30,24,false)
(31,24,false)
(33,24,false)
(34,24,false)
(35,24,false)
(37,24,false)
(40,24,true)
(43,24,true)
(49,24,true)
(50,24,true)
(52,24,true)
(53,24,true)
(64,24,false)
(69,24,true)
(73,24,true)
(76,24,true)
(79,24,true)
(81,24,true)
(83,24,true)
(84,24,true)
(92,24,true)
(93,24,true)
(96,24,true)
(97,24,true)
(103,24,true)
(105,24,true)
(107,24,true)
(110,24,true)
(112,24,true)
(116,24,true)
(117,24,true)
(123,24,true)
(124,24,true)
(126,24,true)
(128,24,true)
(133,24,true)
(137,24,true)
(139,24,true)
(142,24,true)
(144,24,true)
(145,24,true)
(147,24,true)
(153,24,true)
(166,24,true)
(170,24,true)
(173,24,true)
(176,24,true)
(183,24,true)
(184,24,true)
(190,24,true)
(191,24,true)
(192,24,true)
(196,24,true)
(197,24,true)
(9,25,false)
(12,25,false)
(13,25,true)
(16,25,false)
(20,25,false)
(31,25,false)
(33,25,false)
(34,25,false)
(44,25,false)
(45,25,true)
(49,25,true)
(50,25,true)
(53,25,true)
(54,25,true)
(60,25,true)
(62,25,true)
(71,25,true)
(72,25,true)
(74,25,true)
(75,25,true)
(79,25,true)
(80,25,true)
(85,25,true)
(87,25,true)
(91,25,true)
(92,25,true)
(95,25,true)
(98,25,true)
(99,25,true)
(109,25,true)
(110,25,true)
(111,25,true)
(115,25,true)
(117,25,true)
(119,25,true)
(121,25,false)
(128,25,true)
(129,25,true)
(132,25,true)
(134,25,false)
(138,25,true)
(147,25,true)
(155,25,false)
(161,25,true)
(178,25,true)
(180,25,false)
(182,25,true)
(186,25,true)
(190,25,true)
(191,25,true)
(196,25,true)
(0,26,false)
(2,26,false)
(17,26,false)
(18,26,false)
(19,26,false)
(21,26,false)
(32,26,false)
(36,26,false)
(41,26,true)
(45,26,true)
(46,26,true)
(49,26,true)
(51,26,true)
(55,26,true)
(56,26,true)
(57,26,true)
(60,26,true)
(62,26,true)
(72,26,true)
(85,26,true)
(86,26,true)
(87,26,true)
(88,26,true)
(89,26,true)
(91,26,true)
(92,26,false)
(93,26,true)
(97,26,true)
(101,26,true)
(103,26,true)
(105,26,true)
(110,26,true)
(111,26,false)
(112,26,true)
(116,26,true)
(120,26,true)
(123,26,true)
(124,26,true)
(128,26,true)
(129,26,true)
(133,26,true)
(142,26,true)
(144,26,true)
(151,26,true)
(157,26,true)
(161,26,true)
(165,26,true)
(168,26,true)
(172,26,true)
(174,26,true)
(179,26,true)
(180,26,true)
(187,26,true)
(193,26,true)
(195,26,true)
(196,26,true)
(197,26,true)
(198,26,true)
(199,26,true)
(0,27,false)
(7,27,false)
(12,27,false)
(16,27,false)
(17,27,false)
(18,27,false)
(20,27,false)
(28,27,false)
(31,27,true)
(33,27,false)
(36,27,false)
(49,27,true)
(58,27,true)
(61,27,true)
(63,27,true)
(75,27,true)
(89,27,true)
(90,27,true)
(92,27,true)
(96,27,true)
(98,27,true)
(101,27,true)
(102,27,true)
(104,27,true)
(109,27,true)
(116,27,true)
(123,27,true)
(126,27,true)
(129,27,true)
(132,27,true)
(135,27,true)
(136,27,true)
(138,27,false)
(141,27,true)
(142,27,true)
(147,27,true)
(148,27,true)
(149,27,true)
(150,27,true)
(155,27,true)
(156,27,true)
(159,27,true)
(168,27,true)
(169,27,true)
(172,27,true)
(178,27,true)
(181,27,true)
(185,27,true)
(187,27,true)
(190,27,true)
(193,27,true)
(2,28,false)
(4,28,true)
(6,28,false)
(10,28,false)
(14,28,false)
(19,28,false)
(26,28,false)
(29,28,false)
(35,28,false)
(37,28,false)
(38,28,false)
(39,28,false)
(42,28,true)
(47,28,true)
(53,28,true)
(57,28,true)
(60,28,true)
(65,28,true)
(67,28,true)
(81,28,true)
(88,28,true)
(92,28,true)
(93,28,true)
(94,28,true)
(96,28,true)
(97,28,true)
(98,28,true)
(104,28,true)
(105,28,false)
(106,28,true)
(131,28,true)
(134,28,true)
(137,28,true)
(142,28,true)
(143,28,true)
(145,28,false)
(154,28,true)
(157,28,true)
(167,28,true)
(169,28,true)
(170,28,true)
(173,28,false)
(174,28,true)
(175,28,true)
(177,28,true)
(180,28,true)
(183,28,true)
(186,28,false)
(190,28,true)
(191,28,true)
(195,28,true)
(198,28,true)
(0,29,false)
(8,29,false)
(12,29,false)
(17,29,false)
(21,29,false)
(26,29,false)
(27,29,false)
(30,29,true)
(33,29,true)
(37,29,false)
(41,29,true)
(45,29,true)
(48,29,true)
(51,29,true)
(54,29,true)
(55,29,true)
(63,29,true)
(80,29,true)
(86,29,true)
(88,29,true)
(94,29,true)
(96,29,true)
(98,29,true)
(102,29,true)
(103,29,true)
(105,29,true)
(109,29,true)
(110,29,false)
(112,29,true)
(117,29,true)
(124,29,true)
(127,29,true)
(133,29,true)
(134,29,true)
(135,29,true)
(139,29,true)
(141,29,true)
(160,29,true)
(162,29,true)
(166,29,true)
(168,29,true)
(170,29,true)
(178,29,true)
(179,29,true)
(181,29,true)
(182,29,true)
(183,29,true)
(186,29,true)
(187,29,true)
(190,29,true)
(196,29,true)
(198,29,true)
(0,30,false)
(1,30,true)
(2,30,false)
(8,30,false)
(9,30,false)
(20,30,false)
(24,30,false)
(26,30,false)
(29,30,false)
(35,30,false)
(36,30,false)
(39,30,false)
(41,30,true)
(46,30,true)
(48,30,true)
(50,30,true)
(51,30,true)
(57,30,true)
(58,30,true)
(61,30,true)
(62,30,true)
(64,30,false)
(65,30,true)
(66,30,true)
(72,30,true)
(74,30,true)
(80,30,true)
(81,30,true)
(84,30,true)
(85,30,true)
(87,30,true)
(99,30,true)
(107,30,true)
(115,30,true)
(123,30,true)
(126,30,true)
(130,30,true)
(132,30,true)
(135,30,true)
(136,30,false)
(137,30,true)
(138,30,false)
(139,30,true)
(146,30,true)
(148,30,true)
(149,30,false)
(152,30,true)
(156,30,true)
(161,30,true)
(163,30,true)
(168,30,true)
(169,30,true)
(174,30,true)
(177,30,true)
(178,30,true)
(179,30,true)
(185,30,true)
(187,30,true)
(191,30,true)
(195,30,true)
(196,30,true)
(197,30,true)
(199,30,true)
(9,31,false)
(20,31,false)
(23,31,false)
(29,31,false)
(31,31,false)
(33,31,false)
(34,31,false)
(48,31,true)
(60,31,true)
(64,31,true)
(66,31,true)
(69,31,true)
(71,31,true)
(73,31,true)
(74,31,true)
(77,31,true)
(82,31,true)
(83,31,true)
(84,31,true)
(85,31,true)
(88,31,true)
(93,31,true)
(104,31,true)
(109,31,true)
(110,31,false)
(124,31,true)
(138,31,true)
(144,31,true)
(146,31,true)
(148,31,true)
(149,31,true)
(151,31,true)
(153,31,true)
(158,31,true)
(163,31,true)
(167,31,true)
(169,31,true)
(170,31,false)
(180,31,true)
(188,31,true)
(199,31,true)
(2,32,false)
(6,32,true)
(8,32,false)
(9,32,false)
(11,32,false)
(12,32,false)
(14,32,true)
(18,32,true)
(26,32,false)
(30,32,false)
(38,32,false)
(40,32,true)
(42,32,true)
(46,32,true)
(63,32,true)
(65,32,true)
(69,32,true)
(71,32,true)
(76,32,true)
(90,32,true)
(92,32,true)
(95,32,true)
(96,32,true)
(101,32,true)
(106,32,true)
(110,32,true)
(126,32,true)
(129,32,true)
(143,32,true)
(147,32,true)
(150,32,false)
(153,32,false)
(155,32,true)
(158,32,true)
(161,32,true)
(162,32,true)
(170,32,true)
(173,32,true)
(177,32,true)
(196,32,true)
(197,32,false)
(199,32,true)
(0,33,false)
(3,33,false)
(6,33,false)
(8,33,false)
(13,33,false)
(17,33,false)
(19,33,false)
(20,33,false)
(21,33,false)
(23,33,false)
(26,33,false)
(27,33,false)
(30,33,false)
(37,33,false)
(38,33,false)
(40,33,true)
(42,33,true)
(43,33,true)
(45,33,true)
(53,33,true)
(54,33,true)
(55,33,true)
(57,33,true)
(61,33,true)
(63,33,true)
(68,33,false)
(70,33,true)
(71,33,true)
(76,33,true)
(82,33,true)
(84,33,true)
(91,33,true)
(100,33,true)
(102,33,true)
(103,33,true)
(106,33,true)
(109,33,true)
(116,33,true)
(119,33,true)
(120,33,true)
(123,33,true)
(125,33,false)
(128,33,true)
(129,33,false)
(130,33,true)
(132,33,true)
(138,33,true)
(142,33,true)
(143,33,true)
(147,33,true)
(151,33,true)
(156,33,true)
(158,33,true)
(167,33,true)
(169,33,true)
(172,33,true)
(178,33,true)
(189,33,true)
(196,33,true)
(197,33,true)
(5,34,false)
(8,34,false)
(9,34,false)
(26,34,false)
(28,34,false)
(38,34,false)
(46,34,true)
(47,34,true)
(48,34,true)
(49,34,true)
(54,34,true)
(55,34,true)
(57,34,true)
(59,34,true)
(60,34,true)
(69,34,true)
(73,34,true)
(74,34,true)
(80,34,true)
(88,34,true)
(89,34,true)
(90,34,true)
(94,34,false)
(97,34,true)
(99,34,true)
(100,34,false)
(102,34,true)
(104,34,true)
(106,34,true)
(112,34,false)
(113,34,true)
(116,34,true)
(119,34,true)
(120,34,true)
(121,34,true)
(125,34,true)
(127,34,true)
(130,34,true)
(137,34,true)
(141,34,true)
(143,34,true)
(145,34,true)
(151,34,true)
(153,34,true)
(156,34,true)
(157,34,true)
(159,34,true)
(162,34,true)
(164,34,true)
(165,34,false)
(169,34,true)
(174,34,true)
(176,34,true)
(179,34,false)
(185,34,true)
(186,34,true)
(189,34,false)
(190,34,true)
(191,34,true)
(197,34,true)
(3,35,false)
(4,35,false)
(6,35,false)
(13,35,false)
(14,35,false)
(24,35,false)
(30,35,false)
(33,35,false)
(38,35,false)
(39,35,false)
(41,35,true)
(45,35,true)
(51,35,true)
(52,35,true)
(64,35,true)
(77,35,true)
(78,35,true)
(84,35,true)
(85,35,true)
(91,35,true)
(98,35,true)
(100,35,true)
(101,35,false)
(105,35,true)
(107,35,true)
(108,35,true)
(110,35,true)
(112,35,true)
(115,35,true)
(120,35,true)
(127,35,true)
(135,35,true)
(139,35,true)
(146,35,true)
(148,35,true)
(149,35,true)
(151,35,true)
(158,35,true)
(162,35,true)
(173,35,true)
(179,35,true)
(182,35,true)
(5,36,false)
(10,36,false)
(11,36,false)
(13,36,false)
(21,36,false)
(22,36,false)
(28,36,false)
(36,36,false)
(38,36,false)
(40,36,true)
(47,36,true)
(50,36,true)
(59,36,true)
(63,36,true)
(69,36,true)
(73,36,true)
(80,36,true)
(84,36,true)
(86,36,true)
(87,36,true)
(90,36,true)
(96,36,true)
(101,36,false)
(119,36,true)
(120,36,true)
(130,36,true)
(134,36,true)
(136,36,true)
(173,36,true)
(174,36,true)
(182,36,true)
(183,36,true)
(184,36,true)
(189,36,false)
(195,36,true)
(197,36,true)
(199,36,true)
(6,37,false)
(9,37,false)
(10,37,false)
(15,37,false)
(20,37,false)
(21,37,false)
(26,37,false)
(27,37,false)
(30,37,false)
(33,37,false)
(36,37,false)
(42,37,true)
(44,37,true)
(52,37,true)
(66,37,true)
(69,37,true)
(71,37,true)
(72,37,true)
(78,37,true)
(80,37,true)
(92,37,true)
(93,37,true)
(94,37,true)
(99,37,true)
(101,37,true)
(104,37,true)
(106,37,true)
(108,37,true)
(110,37,false)
(113,37,true)
(114,37,true)
(126,37,true)
(128,37,false)
(131,37,true)
(135,37,true)
(138,37,false)
(144,37,true)
(163,37,true)
(166,37,true)
(167,37,true)
(168,37,true)
(177,37,true)
(180,37,true)
(185,37,true)
(198,37,true)
(2,38,false)
(3,38,false)
(4,38,false)
(7,38,false)
(10,38,false)
(16,38,false)
(20,38,false)
(39,38,false)
(42,38,true)
(45,38,true)
(54,38,true)
(60,38,true)
(64,38,true)
(68,38,true)
(71,38,true)
(72,38,true)
(73,38,false)
(74,38,true)
(75,38,true)
(82,38,true)
(85,38,true)
(86,38,true)
(88,38,true)
(89,38,true)
(92,38,true)
(105,38,false)
(107,38,true)
(109,38,true)
(110,38,true)
(114,38,true)
(116,38,true)
(117,38,true)
(122,38,true)
(139,38,true)
(143,38,true)
(148,38,true)
(150,38,true)
(152,38,true)
(153,38,true)
(174,38,true)
(177,38,true)
(179,38,true)
(182,38,true)
(189,38,false)
(2,39,false)
(3,39,false)
(5,39,false)
(7,39,false)
(13,39,false)
(20,39,false)
(23,39,false)
(28,39,false)
(32,39,false)
(36,39,false)
(40,39,false)
(48,39,true)
(49,39,true)
(55,39,true)
(60,39,true)
(61,39,true)
(67,39,true)
(73,39,true)
(74,39,true)
(76,39,true)
(80,39,true)
(82,39,true)
(83,39,true)
(88,39,true)
(108,39,true)
(109,39,true)
(113,39,true)
(118,39,true)
(121,39,true)
(123,39,true)
(124,39,true)
(127,39,true)
(132,39,true)
(134,39,true)
(137,39,true)
(138,39,true)
(142,39,true)
(144,39,true)
(147,39,true)
(151,39,true)
(152,39,true)
(154,39,true)
(157,39,true)
(158,39,true)
(159,39,false)
(162,39,true)
(166,39,true)
(169,39,true)
(170,39,true)
(171,39,true)
(172,39,false)
(174,39,true)
(175,39,true)
(176,39,true)
(190,39,true)
(191,39,true)
(194,39,true)
(195,39,true)
(0,40,false)
(1,40,false)
(2,40,false)
(5,40,false)
(11,40,false)
(20,40,false)
(21,40,false)
(27,40,true)
(30,40,true)
(36,40,false)
(58,40,true)
(61,40,true)
(70,40,true)
(73,40,true)
(75,40,true)
(78,40,true)
(81,40,true)
(84,40,true)
(87,40,true)
(89,40,true)
(101,40,true)
(110,40,true)
(111,40,true)
(112,40,true)
(113,40,true)
(120,40,true)
(130,40,true)
(136,40,true)
(146,40,true)
(148,40,true)
(149,40,true)
(153,40,true)
(165,40,true)
(167,40,false)
(183,40,true)
(190,40,true)
(0,41,false)
(4,41,false)
(13,41,false)
(16,41,false)
(27,41,false)
(28,41,false)
(31,41,false)
(36,41,false)
(39,41,false)
(47,41,true)
(48,41,true)
(57,41,true)
(59,41,true)
(60,41,true)
(73,41,true)
(74,41,true)
(83,41,true)
(93,41,true)
(97,41,true)
(107,41,true)
(117,41,true)
(118,41,true)
(128,41,true)
(135,41,true)
(136,41,true)
(138,41,true)
(139,41,true)
(145,41,true)
(165,41,true)
(170,41,true)
(172,41,false)
(181,41,true)
(182,41,true)
(183,41,true)
(188,41,true)
(189,41,true)
(193,41,true)
(195,41,true)
(196,41,true)
(6,42,false)
(7,42,false)
(8,42,false)
(24,42,false)
(29,42,false)
(30,42,false)
(32,42,false)
(34,42,false)
(36,42,false)
(37,42,false)
(42,42,true)
(48,42,true)
(53,42,true)
(56,42,true)
(59,42,true)
(62,42,true)
(64,42,true)
(65,42,false)
(74,42,true)
(76,42,true)
(82,42,true)
(85,42,true)
(91,42,true)
(94,42,true)
(96,42,true)
(99,42,true)
(100,42,true)
(101,42,true)
(104,42,true)
(106,42,true)
(108,42,true)
(109,42,true)
(111,42,true)
(119,42,false)
(121,42,true)
(122,42,true)
(124,42,true)
(129,42,true)
(131,42,true)
(132,42,true)
(134,42,true)
(146,42,true)
(149,42,true)
(155,42,true)
(161,42,true)
(165,42,true)
(166,42,true)
(169,42,true)
(171,42,false)
(178,42,true)
(182,42,true)
(187,42,true)
(188,42,true)
(2,43,true)
(4,43,false)
(5,43,false)
(10,43,false)
(11,43,false)
(14,43,false)
(15,43,false)
(17,43,false)
(22,43,false)
(27,43,false)
(37,43,false)
(39,43,false)
(46,43,true)
(48,43,true)
(53,43,true)
(56,43,true)
(58,43,true)
(72,43,true)
(73,43,true)
(78,43,true)
(82,43,true)
(94,43,true)
(96,43,true)
(99,43,true)
(100,43,true)
(108,43,true)
(112,43,true)
(116,43,true)
(122,43,true)
(126,43,true)
(127,43,true)
(128,43,true)
(129,43,true)
(137,43,true)
(143,43,true)
(146,43,true)
(147,43,true)
(148,43,true)
(151,43,true)
(152,43,true)
(153,43,true)
(155,43,true)
(170,43,true)
(171,43,true)
(175,43,true)
(179,43,true)
(183,43,true)
(185,43,true)
(186,43,true)
(188,43,true)
(2,44,false)
(8,44,false)
(9,44,false)
(15,44,false)
(18,44,false)
(26,44,false)
(30,44,false)
(44,44,true)
(50,44,true)
(58,44,true)
(62,44,true)
(66,44,true)
(75,44,true)
(76,44,true)
(78,44,true)
(83,44,true)
(86,44,true)
(88,44,true)
(90,44,true)
(91,44,true)
(92,44,true)
(99,44,false)
(107,44,true)
(111,44,true)
(114,44,true)
(129,44,true)
(134,44,true)
(138,44,true)
(144,44,true)
(153,44,true)
(168,44,true)
(171,44,true)
(184,44,true)
(188,44,true)
(195,44,true)
(6,45,false)
(9,45,false)
(13,45,false)
(24,45,false)
(37,45,false)
(41,45,true)
(50,45,false)
(57,45,true)
(60,45,true)
(67,45,true)
(68,45,true)
(76,45,true)
(78,45,true)
(79,45,true)
(81,45,true)
(82,45,false)
(91,45,true)
(94,45,true)
(95,45,false)
(99,45,true)
(101,45,true)
(104,45,true)
(111,45,true)
(114,45,true)
(121,45,true)
(124,45,true)
(128,45,true)
(133,45,true)
(138,45,true)
(145,45,true)
(146,45,true)
(148,45,true)
(149,45,true)
(150,45,true)
(151,45,true)
(152,45,true)
(155,45,true)
(156,45,true)
(162,45,true)
(164,45,true)
(165,45,true)
(167,45,true)
(168,45,true)
(171,45,true)
(174,45,true)
(178,45,true)
(187,45,true)
(194,45,true)
(6,46,false)
(12,46,true)
(21,46,false)
(25,46,true)
(31,46,false)
(34,46,false)
(36,46,false)
(41,46,true)
(42,46,true)
(54,46,true)
(67,46,false)
(73,46,true)
(89,46,true)
(95,46,true)
(100,46,true)
(101,46,true)
(106,46,true)
(109,46,true)
(110,46,false)
(111,46,true)
(123,46,true)
(124,46,true)
(125,46,true)
(126,46,true)
(128,46,true)
(132,46,true)
(136,46,true)
(140,46,true)
(144,46,true)
(145,46,true)
(146,46,true)
(147,46,true)
(154,46,true)
(156,46,true)
(160,46,true)
(163,46,true)
(175,46,true)
(183,46,true)
(184,46,true)
(185,46,true)
(190,46,true)
(194,46,true)
(198,46,true)
(3,47,false)
(7,47,false)
(10,47,false)
(11,47,false)
(14,47,false)
(20,47,false)
(21,47,false)
(22,47,false)
(27,47,false)
(31,47,false)
(33,47,false)
(35,47,false)
(37,47,false)
(40,47,true)
(44,47,true)
(57,47,true)
(63,47,true)
(65,47,true)
(68,47,true)
(69,47,true)
(70,47,true)
(72,47,true)
(83,47,true)
(91,47,true)
(93,47,true)
(100,47,true)
(105,47,true)
(114,47,true)
(117,47,true)
(118,47,true)
(121,47,true)
(124,47,true)
(125,47,true)
(127,47,true)
(141,47,true)
(142,47,true)
(147,47,true)
(148,47,true)
(153,47,true)
(154,47,true)
(159,47,false)
(161,47,true)
(165,47,true)
(169,47,true)
(170,47,true)
(179,47,true)
(182,47,true)
(186,47,true)
(189,47,true)
(195,47,true)
(5,48,false)
(6,48,false)
(9,48,false)
(14,48,false)
(19,48,true)
(22,48,false)
(32,48,false)
(35,48,false)
(40,48,true)
(42,48,true)
(43,48,true)
(46,48,true)
(49,48,true)
(62,48,true)
(69,48,true)
(77,48,true)
(84,48,true)
(90,48,false)
(92,48,true)
(93,48,true)
(99,48,false)
(110,48,true)
(111,48,true)
(117,48,true)
(127,48,false)
(136,48,true)
(137,48,true)
(141,48,true)
(147,48,true)
(154,48,true)
(159,48,true)
(162,48,true)
(169,48,true)
(177,48,false)
(180,48,true)
(187,48,true)
(188,48,true)
(189,48,true)
(196,48,true)
(197,48,false)
(3,49,true)
(6,49,false)
(7,49,false)
(11,49,false)
(15,49,false)
(24,49,false)
(27,49,false)
(28,49,false)
(29,49,false)
(34,49,false)
(35,49,false)
(36,49,false)
(37,49,false)
(40,49,true)
(43,49,true)
(52,49,true)
(66,49,true)
(68,49,true)
(70,49,true)
(73,49,false)
(89,49,true)
(93,49,true)
(110,49,true)
(112,49,true)
(113,49,true)
(114,49,false)
(124,49,true)
(126,49,true)
(127,49,true)
(135,49,true)
(136,49,true)
(152,49,true)
(160,49,true)
(163,49,true)
(164,49,true)
(175,49,true)
(178,49,true)
(183,49,false)
(186,49,true)
(195,49,true)
(197,49,true)
(3,50,false)
(5,50,false)
(6,50,false)
(9,50,false)
(22,50,false)
(27,50,false)
(29,50,false)
(38,50,false)
(43,50,true)
(44,50,true)
(46,50,true)
(49,50,true)
(51,50,true)
(53,50,true)
(56,50,true)
(57,50,true)
(62,50,true)
(65,50,true)
(74,50,true)
(78,50,true)
(83,50,true)
(85,50,true)
(94,50,true)
(96,50,true)
(102,50,true)
(106,50,true)
(107,50,true)
(114,50,true)
(118,50,true)
(119,50,false)
(123,50,true)
(129,50,true)
(131,50,true)
(132,50,true)
(134,50,true)
(137,50,true)
(138,50,true)
(142,50,true)
(147,50,true)
(148,50,true)
(149,50,true)
(152,50,true)
(157,50,true)
(161,50,true)
(164,50,true)
(166,50,true)
(169,50,true)
(172,50,true)
(176,50,true)
(180,50,true)
(181,50,true)
(186,50,false)
(187,50,true)
(190,50,true)
(192,50,true)
(0,51,false)
(1,51,false)
(6,51,false)
(8,51,false)
(12,51,false)
(17,51,false)
(29,51,false)
(32,51,false)
(35,51,false)
(36,51,false)
(37,51,false)
(39,51,false)
(45,51,true)
(46,51,true)
(55,51,true)
(56,51,true)
(75,51,false)
(87,51,true)
(90,51,true)
(96,51,true)
(109,51,true)
(110,51,true)
(113,51,true)
(121,51,true)
(124,51,true)
(126,51,true)
(133,51,true)
(135,51,true)
(139,51,true)
(140,51,true)
(147,51,true)
(149,51,true)
(155,51,true)
(156,51,true)
(158,51,true)
(164,51,true)
(166,51,true)
(169,51,true)
(172,51,true)
(180,51,true)
(183,51,true)
(184,51,true)
(188,51,true)
(191,51,true)
(195,51,true)
(199,51,true)
(1,52,false)
(3,52,false)
(10,52,false)
(20,52,false)
(21,52,false)
(25,52,false)
(29,52,false)
(36,52,false)
(39,52,false)
(40,52,true)
(43,52,true)
(46,52,true)
(52,52,true)
(55,52,true)
(57,52,true)
(59,52,true)
(65,52,true)
(69,52,true)
(71,52,false)
(79,52,true)
(83,52,true)
(95,52,false)
(105,52,true)
(107,52,true)
(113,52,true)
(127,52,true)
(130,52,true)
(138,52,true)
(142,52,true)
(146,52,true)
(151,52,true)
(152,52,true)
(155,52,true)
(158,52,true)
(160,52,true)
(162,52,true)
(165,52,true)
(174,52,true)
(181,52,true)
(184,52,true)
(193,52,true)
(194,52,true)
(199,52,true)
(5,53,false)
(6,53,false)
(8,53,false)
(13,53,false)
(16,53,false)
(20,53,false)
(30,53,false)
(31,53,false)
(32,53,false)
(36,53,true)
(37,53,false)
(43,53,true)
(44,53,true)
(52,53,true)
(56,53,true)
(59,53,true)
(64,53,true)
(82,53,true)
(86,53,true)
(101,53,true)
(102,53,true)
(108,53,true)
(111,53,true)
(112,53,true)
(114,53,true)
(115,53,true)
(117,53,true)
(118,53,true)
(124,53,true)
(132,53,true)
(135,53,false)
(145,53,true)
(148,53,true)
(150,53,true)
(157,53,true)
(164,53,true)
(166,53,true)
(171,53,true)
(173,53,true)
(175,53,true)
(185,53,true)
(189,53,true)
(193,53,true)
(199,53,true)
(0,54,false)
(6,54,false)
(8,54,false)
(15,54,false)
(22,54,false)
(25,54,false)
(26,54,false)
(29,54,false)
(31,54,false)
(33,54,false)
(36,54,false)
(53,54,true)
(54,54,true)
(74,54,true)
(85,54,true)
(96,54,true)
(97,54,true)
(104,54,true)
(105,54,true)
(112,54,true)
(113,54,true)
(114,54,false)
(115,54,true)
(117,54,true)
(127,54,true)
(131,54,true)
(132,54,true)
(133,54,true)
(138,54,true)
(140,54,true)
(142,54,true)
(145,54,true)
(155,54,true)
(156,54,true)
(158,54,true)
(161,54,true)
(167,54,true)
(171,54,true)
(179,54,true)
(181,54,true)
(183,54,true)
(190,54,true)
(196,54,true)

(102,11)
(199,46)
(25,8)
(19,34)
(199,45)
(139,22)
(28,11)
(121,14)
(115,45)
(182,33)
(134,49)
(58,19)
(149,23)
(72,27)
(0,28)
(33,42)
(11,19)
(173,7)
(24,17)
(86,27)
(177,31)
(45,27)
(186,38)
(129,23)
(18,6)
(18,43)
(33,43)
(31,42)
(164,0)
(161,28)
(72,8)
(160,32)
(86,16)
(151,10)
(100,30)
(149,3)
(190,4)
(193,54)
(112,42)
(133,10)
(87,35)
(183,20)
(132,15)
(43,34)
(88,51)
(117,42)
(92,53)
(94,36)
(117,31)
(50,14)
(179,16)
(151,46)
(77,4)
(1,27)
(145,33)
(0,52)
(186,45)
(166,1)
(16,35)
(170,52)
(12,2)
(60,50)
(112,23)
(175,37)
(85,13)
(123,7)
(45,23)
(193,11)
(154,37)
(96,26)
(191,29)
(141,28)
(171,32)
(141,45)
(157,30)
(76,35)
(134,32)
(109,14)
(172,9)
(29,48)
(6,15)
(118,26)
(90,6)
(47,10)
(65,34)
(42,24)
(166,44)
(103,53)
(121,1)
(110,44)
(47,38)
(21,4)
(88,13)
(196,51)
(103,40)
(94,51)
(130,18)
(78,14)
(167,6)
(125,16)
(59,6)
(29,8)
(5,51)
(190,44)
(44,28)
(17,41)
(189,35)
(129,11)
(118,8)
(45,11)
(35,52)
(161,7)
(32,15)
(142,23)
(27,2)
(69,27)
(199,24)
(13,16)
(170,8)
(72,6)
(74,24)
(35,1)
(126,45)
(199,27)
(44,9)
(22,14)
(42,41)
(55,14)
(1,5)
(7,35)
(139,20)
(15,4)
(117,20)
(40,25)
(179,6)
(166,36)
(1,7)
(14,46)
(171,37)
(105,37)
(137,13)
(153,6)
(196,45)
(112,21)
(97,30)
(133,25)
(1,19)
(123,49)
(22,8)
(33,30)
(94,53)
(150,52)
(41,11)
(81,39)
(41,23)
(110,30)
(155,47)
(30,51)
(70,35)
(122,39)
(69,18)
(36,31)
(36,35)
(109,44)
(168,7)
(165,21)
(4,1)
(29,12)
(8,16)
(12,10)
(131,30)
(99,19)
(111,32)
(125,45)
(51,33)
(77,17)
(19,40)
(174,49)
(155,0)
(24,6)
(166,47)
(73,11)
(57,31)
(39,36)
(7,13)
(102,6)
(47,46)
(62,46)
(191,31)
(34,10)
(48,4)
(188,53)
(26,8)
(83,49)
(163,12)
(73,9)
(102,46)
(196,19)
(194,9)
(94,12)
(106,3)
(69,38)
(77,18)
(107,20)
(183,14)
(1,43)
(15,47)
(73,2)
(163,33)
(41,38)
(4,14)
(72,19)
(143,31)
(80,26)
(121,46)
(167,8)
(152,1)
(171,19)
(22,40)
(173,11)
(20,21)
(73,47)
(114,41)
(172,17)
(184,29)
(178,54)
(54,9)
(129,53)
(77,46)
(18,49)
(165,25)
(142,38)
(118,20)
(127,22)
(101,28)
(122,24)
(190,18)
(10,1)
(183,15)
(190,37)
(75,6)
(16,19)
(164,36)
(163,11)
(3,51)
(176,27)
(60,12)
(198,18)
(13,42)
(57,32)
(184,14)
(85,9)
(150,3)
(19,10)
(108,23)
(162,54)
(24,19)
(48,27)
(135,11)
(7,15)
(190,2)
(10,9)
(7,34)
(58,16)
(129,51)
(161,20)
(5,16)
(23,54)
(153,35)
(39,19)
(183,19)
(165,39)
(164,24)
(115,0)
(164,43)
(0,9)
(41,39)
(173,16)
(113,45)
(115,40)
(150,4)
(86,3)
(140,50)
(127,31)
(151,7)
(103,13)
(72,34)
(133,33)
(131,52)
(25,34)
(52,36)
(155,39)
(27,3)
(87,42)
(136,23)
(59,50)
(17,22)
(186,13)
(137,9)
(11,42)
(39,46)
(48,25)
(37,1)
(181,11)
(142,36)
(94,24)
(192,25)
(171,20)
(199,40)
(110,16)
(92,14)
(163,1)
(28,25)
(193,15)
(168,24)
(47,47)
(141,10)
(66,39)
(84,20)
(98,18)
(0,15)
(130,8)
(176,37)
(137,27)
(155,1)
(148,21)
(132,26)
(153,30)
(43,39)
(14,37)
(86,19)
(165,4)
(60,22)
(107,31)
(170,27)
(50,40)
(80,0)
(89,5)
(49,41)
(41,1)
(24,54)
(188,25)
(197,10)
(182,3)
(75,36)
(194,17)
(156,48)
(108,34)
(74,0)
(11,46)
(192,33)
(134,41)
(93,34)
(83,32)
(41,27)
(194,18)
(47,44)
(28,48)
(86,51)
(77,14)
(9,39)
(117,44)
(62,45)
(37,48)
(190,47)
(42,44)
(140,36)
(156,32)
(188,12)
(163,38)
(52,7)
(69,12)
(67,6)
(108,32)
(59,16)
(164,5)
(27,53)
(123,40)
(157,52)
(3,12)
(38,31)
(85,19)
(182,4)
(99,5)
(57,36)
(148,9)
(9,19)
(45,37)
(87,52)
(183,35)
(79,49)
(150,20)
(103,51)
(24,15)
(135,31)
(110,3)
(186,42)
(34,17)
(95,54)
(145,50)
(143,36)
(53,39)
(186,14)
(99,52)
(145,38)
(130,49)
(83,4)
(89,37)
(143,3)
(3,2)
(128,23)
(98,21)
(46,4)
(170,14)
(195,42)
(112,48)
(135,25)
(125,1)
(157,21)
(88,3)
(144,5)
(10,16)
(185,4)
(94,46)
(84,28)
(9,24)
(119,30)
(117,34)
(165,12)
(40,23)
(3,21)
(149,10)
(84,12)
(89,23)
(45,7)
(94,14)
(75,0)
(71,40)
(69,25)
(98,24)
(9,11)
(125,31)
(60,17)
(9,26)
(68,25)
(34,7)
(188,1)
(14,25)
(186,9)
(124,18)
(4,17)
(121,4)
(16,24)
(74,40)
(163,53)
(89,45)
(77,49)
(187,35)
(83,42)
(53,30)
(186,39)
(125,4)
(88,6)
(84,11)
(166,30)
(161,13)
(44,11)
(177,45)
(95,40)
(119,15)
(157,20)
(186,7)
(38,37)
(123,3)
(8,7)
(173,20)
(127,37)
(111,18)
(136,32)
(42,50)
(171,30)
(24,9)
(2,6)
(159,32)
(89,10)
(104,48)
(5,7)
(50,22)
(137,26)
(160,54)
(186,6)
(36,24)
(110,10)
(159,45)
(118,15)
(120,47)
(192,39)
(54,8)
(24,16)
(78,32)
(86,22)
(187,46)
(57,3)
(176,10)
(71,22)
(64,51)
(106,24)
(194,43)
(129,1)
(161,22)
(58,51)
(186,26)
(195,13)
(77,9)
(91,40)
(67,23)
(7,11)
(0,46)
(100,36)
(178,51)
(153,14)
(106,31)
(97,8)
(63,31)
(80,19)
(51,43)
(90,21)
(56,28)
(112,8)
(3,3)
(115,37)
(169,44)
(15,42)
(171,27)
(59,38)
(182,39)
(16,21)
(164,20)
(24,38)
(62,9)
(183,37)
(119,2)
(141,5)
(156,37)
(40,43)
(44,45)
(172,7)
(114,10)
(188,32)
(62,6)
(149,28)
(146,34)
(95,20)
(26,53)
(164,54)
(194,32)
(22,24)
(141,30)
(79,12)
(195,16)
(103,12)
(80,21)
(106,40)
(56,16)
(196,18)
(68,3)
(187,1)
(146,47)
(104,32)
(137,8)
(157,4)
(76,29)
(137,3)
(179,45)
(92,8)
(147,4)
(93,30)
(11,30)
(79,34)
(48,40)
(179,9)
(44,5)
(83,36)
(154,9)
(147,49)
(30,16)
(25,25)
(160,11)
(185,45)
(190,30)
(91,31)
(57,20)
(141,15)
(148,32)
(7,3)
(152,13)
(96,2)
(40,22)
(168,34)
(18,4)
(178,35)
(137,1)
(59,39)
(169,9)
(149,12)
(41,19)
(64,23)
(126,8)
(147,34)
(55,6)
(102,23)
(38,38)
(125,54)
(109,7)
(168,53)
(60,2)
(111,35)
(126,16)
(65,26)
(23,3)
(40,28)
(130,50)
(170,2)
(69,7)
(185,7)
(188,24)
(107,54)
(37,21)
(35,40)
(58,23)
(134,30)
(30,50)
(197,23)
(37,9)
(60,30)
(153,3)
(128,28)
(116,53)
(123,52)
(185,2)
(73,52)
(155,3)
(73,33)
(142,13)
(119,17)
(81,10)
(3,18)
(43,23)
(0,22)
(137,0)
(66,8)
(95,51)
(83,46)
(144,11)
(178,15)
(70,15)
(126,13)
(121,37)
(1,23)
(39,3)
(127,10)
(87,1)
(171,48)
(5,29)
(109,6)
(6,17)
(191,15)
(115,27)
(171,41)
(80,22)
(189,30)
(134,51)
(80,47)
(133,27)
(189,50)
(37,30)
(171,22)
(107,49)
(126,3)
(151,42)
(15,39)
(78,20)
(21,30)
(7,44)
(89,17)
(80,33)
(101,33)
(166,4)
(136,20)
(138,4)
(30,38)
(105,21)
(51,6)
(193,42)
(119,45)
(198,2)
(60,35)
(140,5)
(198,22)
(153,46)
(101,50)
(142,42)
(27,42)
(143,11)
(123,54)
(6,26)
(156,5)
(144,30)
(152,21)
(161,48)
(127,24)
(0,49)
(45,50)
(147,15)
(74,45)
(63,50)
(101,38)
(24,47)
(189,52)
(26,16)
(179,22)
(9,40)
(190,6)
(34,29)
(93,54)
(124,8)
(83,22)
(102,35)
(148,4)
(89,4)
(19,16)
(114,52)
(91,0)
(106,18)
(6,31)
(161,43)
(76,43)
(70,37)
(49,28)
(197,52)
(195,52)
(131,21)
(30,4)
(11,6)
(186,17)
(34,35)
(85,41)
(152,26)
(77,34)
(131,35)
(172,19)
(43,7)
(195,43)
(146,26)
(148,39)
(3,40)
(26,18)
(103,11)
(81,13)
(89,24)
(45,42)
(144,22)
(151,16)
(49,42)
(168,23)
(28,19)
(38,52)
(0,23)
(129,47)
(31,7)
(95,10)
(53,10)
(1,2)
(58,53)
(32,34)
(170,51)
(184,19)
(117,35)
(46,0)
(106,19)
(180,52)
(79,9)
(197,39)
(162,47)
(94,13)
(142,0)
(112,30)
(194,25)
(33,38)
(191,3)
(121,12)
(15,27)
(96,0)
(2,42)
(66,52)
(152,47)
(195,9)
(127,53)
(183,38)
(180,34)
(142,25)
(14,7)
(130,45)
(121,40)
(22,28)
(19,37)
(59,0)
(76,53)
(101,52)
(72,14)
(4,13)
(161,1)
(109,53)
(110,0)
(199,35)
(103,28)
(127,42)
(103,34)
(118,4)
(76,7)
(167,11)
(130,29)
(152,33)
(4,31)
(183,33)
(130,4)
(111,12)
(165,54)
(39,16)
(132,52)
(20,51)
(23,17)
(27,10)
(2,33)
(173,44)
(2,48)
(22,7)
(181,9)
(190,13)
(171,49)
(187,0)
(6,18)
(149,1)
(84,51)
(48,15)
(60,44)
(102,21)
(27,30)
(32,36)
(155,2)
(180,35)
(61,15)
(161,12)
(92,29)
(102,15)
(38,46)
(32,41)
(115,1)
(23,38)
(179,13)
(39,4)
(176,45)
(188,21)
(22,39)
(55,45)
(68,26)
(169,23)
(131,40)
(141,1)
(94,1)
(90,17)
(22,20)
(84,49)
(129,13)
(88,19)
(6,30)
(53,17)
(27,6)
(89,43)
(198,10)
(20,41)
(186,52)
(137,25)
(81,35)
(10,39)
(140,45)
(44,15)
(47,26)
(171,6)
(104,22)
(152,18)
(56,14)
(98,31)
(150,24)
(98,11)
(151,54)
(11,11)
(85,24)
(80,15)
(38,53)
(187,19)
(187,33)
(30,34)
(24,51)
(41,8)
(38,1)
(177,25)
(55,7)
(12,33)
(123,45)
(126,36)
(31,17)
(64,11)
(91,29)
(124,27)
(30,10)
(140,13)
(187,5)
(189,29)
(183,42)
(146,39)
(101,54)
(14,31)
(188,3)
(33,46)
(165,8)
(185,49)
(189,40)
(51,38)
(22,10)
(52,32)
(42,52)
(101,22)
(67,7)
(170,21)
(4,3)
(118,6)
(41,51)
(22,26)
(58,35)
(57,37)
(69,3)
(190,35)
(139,37)
(145,12)
(92,54)
(174,22)
(179,49)
(38,48)
(102,43)
(120,11)
(32,54)
(136,37)
(9,7)
(60,16)
(49,19)
(96,21)
(122,17)
(103,10)
(100,7)
(131,46)
(106,35)
(147,35)
(129,52)
(98,53)
(170,38)
(176,18)
(45,40)
(170,20)
(158,21)
(70,53)
(33,6)
(55,5)
(67,34)
(134,1)
(149,8)
(45,36)
(51,8)
(134,15)
(14,42)
(13,49)
(157,1)
(130,12)
(3,42)
(15,7)
(118,25)
(46,20)
(12,20)
(103,23)
(159,9)
(29,36)
(36,12)
(27,21)
(70,52)
(98,37)
(190,23)
(89,14)
(90,45)
(15,12)
(33,33)
(142,44)
(78,41)
(141,41)
(184,7)
(52,45)
(178,23)
(56,8)
(27,51)
(85,8)
(87,23)
(49,7)
(81,48)
(84,3)
(26,52)
(108,28)
(58,7)
(152,51)
(7,21)
(13,24)
(135,4)
(75,24)
(165,35)
(183,26)
(102,48)
(192,12)
(196,6)
(38,29)
(47,1)
(195,5)
(97,13)
(84,18)
(167,18)
(15,35)
(124,33)
(45,22)
(179,33)
(29,32)
(184,28)
(17,36)
(85,2)
(138,28)
(48,3)
(151,19)
(118,22)
(125,49)
(142,9)
(138,17)
(179,5)
(153,17)
(168,11)
(42,51)
(129,12)
(33,20)
(189,6)
(106,27)
(18,46)
(19,42)
(63,48)
(151,51)
(146,8)
(145,27)
(154,18)
(90,35)
(185,11)
(161,10)
(0,7)
(181,8)
(63,38)
(164,11)
(9,54)
(155,14)
(192,49)
(103,35)
(61,24)
(173,15)
(12,0)
(166,7)
(61,44)
(77,29)
(46,49)
(77,44)
(137,35)
(49,14)
(21,43)
(111,51)
(184,8)
(180,15)
(70,50)
(71,50)
(28,5)
(147,13)
(75,20)
(131,12)
(154,36)
(110,52)
(190,10)
(30,12)
(173,33)
(0,43)
(182,16)
(192,40)
(197,54)
(36,9)
(87,11)
(35,39)
(177,49)
(61,37)
(115,7)
(43,27)
(144,13)
(121,41)
(93,50)
(141,18)
(46,27)
(104,30)
(11,53)
(25,49)
(64,10)
(5,20)
(14,51)
(6,7)
(31,18)
(14,36)
(64,26)
(74,28)
(11,17)
(99,40)
(130,20)
(118,31)
(24,14)
(174,54)
(28,54)
(21,34)
(104,9)
(93,17)
(158,50)
(101,16)
(21,48)
(26,5)
(126,35)
(142,6)
(4,48)
(162,7)
(149,49)
(36,2)
(187,4)
(113,3)
(89,35)
(81,25)
(176,29)
(43,3)
(127,7)
(154,31)
(10,25)
(16,33)
(145,26)
(43,41)
(176,3)
(60,49)
(21,28)
(56,33)
(55,36)
(84,46)
(93,38)
(104,19)
(83,38)
(93,42)
(13,2)
(1,6)
(75,22)
(97,6)
(113,25)
(96,48)
(197,18)
(100,11)
(109,21)
(121,22)
(45,15)
(158,43)
(77,11)
(24,44)
(125,25)
(31,2)
(69,22)
(53,45)
(108,19)
(97,37)
(90,3)
(12,16)
(117,49)
(12,3)
(17,54)
(6,1)
(27,34)
(72,28)
(126,0)
(78,34)
(60,13)
(95,2)
(101,0)
(199,12)
(136,25)
(23,44)
(170,44)
(35,35)
(188,7)
(96,40)
(175,47)
(6,38)
(24,52)
(3,44)
(12,26)
(114,34)
(191,38)
(81,36)
(146,25)
(49,11)
(102,3)
(86,45)
(132,16)
(67,47)
(3,36)
(62,36)
(70,31)
(52,17)
(55,0)
(170,30)
(19,36)
(17,7)
(133,34)
(181,14)
(1,53)
(2,34)
(49,9)
(1,54)
(152,3)
(7,7)
(72,31)
(73,53)
(41,12)
(104,40)
(121,27)
(47,49)
(182,50)
(83,17)
(151,12)
(2,5)
(2,46)
(56,11)
(48,19)
(104,10)
(170,50)
(171,18)
(37,34)
(40,35)
(33,1)
(29,46)
(64,32)
(50,8)
(100,5)
(172,24)
(6,11)
(169,13)
(163,44)
(91,2)
(169,26)
(166,49)
(41,53)
(48,37)
(117,50)
(190,3)
(35,4)
(191,13)
(54,17)
(87,4)
(114,20)
(189,26)
(56,49)
(175,21)
(62,41)
(49,18)
(67,0)
(182,28)
(119,6)
(157,13)
(57,46)
(154,49)
(192,13)
(176,32)
(123,14)
(91,4)
(175,50)
(138,7)
(78,2)
(111,30)
(154,26)
(84,9)
(174,7)
(40,13)
(161,17)
(191,48)
(58,18)
(144,25)
(49,4)
(78,26)
(80,12)
(160,40)
(35,14)
(110,9)
(84,19)
(48,52)
(194,37)
(190,41)
(19,35)
(151,27)
(95,43)
(177,3)
(156,13)
(107,9)
(187,21)
(67,33)
(95,47)
(106,8)
(175,42)
(156,18)
(70,23)
(87,43)
(48,47)
(46,23)
(82,9)
(129,30)
(85,32)
(169,35)
(11,28)
(94,8)
(170,11)
(175,34)
(37,44)
(77,5)
(103,4)
(197,12)
(141,9)
(173,0)
(146,5)
(24,29)
(12,21)
(133,46)
(193,32)
(101,24)
(81,15)
(153,52)
(126,29)
(13,9)
(111,41)
(159,30)
(177,43)
(68,28)
(41,32)
(128,8)
(87,22)
(14,18)
(146,11)
(34,6)
(47,22)
(158,1)
(91,53)
(164,4)
(63,21)
(126,7)
(96,38)
(96,53)
(133,31)
(66,26)
(19,8)
(177,53)
(89,29)
(137,22)
(94,2)
(135,46)
(28,45)
(165,37)
(141,51)
(76,14)
(117,26)
(178,43)
(192,5)
(150,14)
(158,30)
(169,10)
(31,35)
(96,25)
(117,18)
(175,0)
(123,8)
(154,43)
(30,13)
(95,13)
(187,36)
(19,13)
(16,11)
(114,11)
(118,24)
(58,45)
(97,21)
(92,0)
(187,7)
(87,6)
(30,27)
(147,8)
(152,41)
(116,47)
(93,33)
(98,49)
(9,28)
(12,35)
(57,38)
(120,31)
(49,44)
(45,34)
(61,31)
(163,41)
(74,46)
(34,53)
(158,18)
(102,54)
(12,43)
(38,23)
(98,19)
(48,54)
(75,31)
(120,30)
(53,19)
(158,26)
(182,10)
(100,52)
(112,10)
(74,9)
(170,33)
(30,9)
(30,48)
(19,39)
(189,51)
(0,24)
(19,53)
(4,52)
(58,25)
(166,40)
(123,41)
(119,23)
(129,8)
(6,47)
(79,42)
(103,18)
(91,43)
(169,41)
(132,51)
(149,9)
(80,35)
(94,39)
(175,4)
(97,4)
(150,48)
(144,42)
(178,2)
(90,24)
(59,10)
(78,23)
(177,4)
(88,20)
(98,30)
(172,18)
(87,48)
(1,8)
(45,0)
(44,31)
(187,44)
(170,16)
(102,13)
(24,12)
(100,2)
(157,31)
(52,11)
(129,16)
(17,9)
(179,0)
(22,17)
(146,2)
(110,36)
(199,34)
(113,0)
(91,52)
(44,43)
(154,7)
(150,23)
(188,5)
(188,34)
(193,14)
(85,21)
(186,8)
(42,27)
(78,30)
(161,18)
(69,23)
(83,5)
(107,17)
(183,8)
(117,46)
(170,7)
(21,39)
(0,31)
(73,37)
(104,38)
(196,43)
(102,19)
(192,6)
(119,39)
(160,15)
(121,0)
(175,7)
(96,34)
(142,32)
(196,2)
(114,28)
(89,0)
(60,24)
(65,43)
(174,6)
(151,29)
(63,1)
(12,18)
(32,0)
(122,11)
(26,35)
(19,32)
(9,6)
(50,39)
(194,29)
(90,13)
(131,16)
(99,24)
(173,9)
(140,28)
(108,44)
(125,9)
(14,52)
(50,54)
(87,27)
(195,18)
(122,27)
(168,54)
(93,46)
(172,3)
(109,3)
(35,33)
(158,47)
(13,17)
(156,40)
(144,27)
(91,8)
(179,31)
(86,21)
(8,18)
(158,46)
(103,41)
(67,43)
(127,12)
(43,20)
(95,9)
(154,42)
(175,2)
(13,32)
(152,32)
(94,35)
(173,39)
(104,43)
(67,12)
(47,23)
(117,52)
(47,29)
(170,9)
(188,29)
(14,34)
(127,20)
(34,36)
(156,50)
(73,16)
(100,31)
(138,21)
(156,47)
(75,54)
(35,41)
(122,49)
(90,37)
(198,1)
(145,30)
(49,0)
(149,18)
(167,23)
(42,34)
(89,7)
(177,26)
(192,9)
(29,24)
(34,47)
(146,29)
(25,40)
(152,34)
(143,54)
(132,31)
(1,46)
(60,3)
(3,27)
(158,10)
(133,23)
(113,12)
(114,4)
(152,28)
(165,27)
(74,37)
(63,43)
(63,13)
(81,7)
(95,16)
(103,46)
(28,6)
(90,47)
(98,8)
(179,51)
(77,33)
(111,37)
(133,5)
(0,45)
(32,37)
(186,53)
(175,27)
(111,33)
(38,17)
(86,30)
(83,30)
(5,22)
(122,30)
(75,3)
(105,46)
(197,25)
(61,2)
(193,46)
(26,39)
(13,23)
(41,18)
(110,15)
(14,15)
(134,24)
(185,19)
(81,53)
(22,53)
(48,2)
(148,11)
(137,14)
(52,16)
(99,17)
(19,3)
(23,32)
(148,23)
(60,11)
(124,43)
(165,14)
(24,46)
(104,6)
(151,37)
(51,24)
(135,16)
(192,51)
(150,31)
(165,2)
(55,17)
(9,0)
(174,1)
(54,43)
(86,43)
(56,36)
(59,43)
(25,31)
(199,20)
(2,47)
(56,5)
(36,28)
(24,3)
(74,11)
(197,16)
(139,25)
(154,40)
(165,20)
(56,34)
(61,19)
(155,53)
(81,46)
(153,28)
(73,42)
(89,33)
(112,15)
(123,21)
(37,31)
(132,49)
(173,41)
(177,16)
(63,45)
(130,37)
(44,2)
(87,38)
(19,29)
(76,34)
(113,53)
(51,5)
(164,7)
(89,3)
(88,47)
(141,8)
(176,22)
(181,46)
(109,24)
(85,39)
(23,25)
(101,25)
(142,43)
(21,25)
(77,40)
(71,51)
(194,23)
(113,5)
(103,8)
(46,28)
(49,46)
(116,3)
(32,18)
(2,7)
(144,7)
(107,16)
(168,12)
(153,27)
(134,33)
(196,11)
(81,54)
(124,37)
(86,18)
(59,26)
(199,44)
(49,40)
(39,37)
(14,22)
(47,31)
(15,3)
(153,8)
(66,42)
(62,43)
(178,5)
(112,16)
(122,0)
(141,21)
(100,39)
(39,14)
(197,29)
(166,20)
(111,8)
(169,2)
(81,5)
(144,12)
(121,54)
(191,19)
(195,17)
(93,43)
(157,14)
(50,21)
(15,0)
(116,25)
(49,37)
(163,54)
(68,23)
(138,12)
(107,23)
(182,31)
(170,42)
(43,35)
(131,19)
(189,39)
(166,2)
(19,45)
(126,6)
(3,30)
(26,9)
(189,24)
(57,5)
(123,13)
(185,32)
(90,54)
(77,3)
(69,35)
(31,4)
(151,32)
(163,40)
(115,4)
(118,49)
(193,28)
(90,5)
(191,52)
(37,25)
(64,39)
(131,4)
(123,29)
(83,6)
(79,5)
(21,5)
(109,18)
(156,16)
(7,31)
(189,19)
(181,44)
(83,8)
(163,18)
(24,36)
(38,27)
(169,52)
(88,16)
(67,49)
(125,39)
(35,53)
(138,36)
(88,32)
(55,27)
(97,22)
(100,24)
(121,48)
(54,26)
(98,40)
(165,6)
(171,10)
(169,24)
(146,36)
(19,12)
(21,23)
(133,32)
(118,34)
(160,35)
(164,22)
(91,30)
(153,2)
(48,5)
(183,17)
(74,43)
(140,43)
(46,15)
(78,53)
(89,20)
(137,5)
(158,19)
(36,23)
(105,49)
(175,30)
(113,38)
(54,14)
(141,44)
(91,50)
(2,49)
(155,50)
(107,22)
(179,53)
(119,28)
(197,31)
(153,51)
(157,51)
(161,51)
(50,34)
(184,18)
(87,45)
(7,10)
(140,14)
(138,3)
(56,3)
(62,31)
(116,17)
(90,18)
(4,10)
(101,51)
(70,2)
(64,3)
(67,8)
(159,14)
(149,24)
(13,48)
(106,16)
(46,40)
(155,17)
(132,4)
(143,9)
(123,36)
(78,28)
(72,39)
(152,17)
(170,40)
(60,9)
(76,15)
(178,36)
(169,49)
(31,14)
(104,46)
(5,0)
(61,4)
(20,22)
(92,22)
(67,27)
(134,38)
(82,15)
(75,17)
(42,29)
(183,22)
(134,12)
(69,20)
(59,18)
(12,23)
(115,50)
(141,42)
(62,15)
(172,16)
(175,32)
(42,43)
(70,34)
(41,6)
(188,4)
(127,32)
(198,51)
(196,7)
(77,25)
(188,13)
(96,22)
(137,36)
(5,1)
(0,36)
(40,51)
(165,11)
(27,14)
(25,28)
(134,3)
(11,13)
(174,32)
(169,54)
(155,9)
(100,4)
(153,7)
(42,14)
(8,20)
(169,3)
(72,10)
(110,11)
(120,42)
(1,22)
(198,33)
(4,30)
(97,23)
(103,37)
(0,18)
(57,18)
(30,2)
(100,29)
(140,38)
(48,9)
(15,50)
(161,27)
(7,41)
(96,44)
(114,3)
(55,37)
(125,43)
(22,15)
(32,13)
(24,48)
(185,41)
(95,11)
(132,40)
(4,40)
(190,48)
(51,28)
(196,34)
(142,3)
(198,48)
(107,27)
(137,4)
(89,28)
(178,4)
(56,32)
(132,24)
(94,47)
(164,30)
(10,22)
(132,10)
(140,52)
(165,50)
(168,41)
(33,11)
(167,35)
(185,52)
(186,24)
(112,12)
(9,33)
(95,0)
(147,10)
(80,31)
(187,15)
(140,6)
(126,14)
(103,38)
(163,5)
(81,33)
(115,18)
(72,7)
(35,15)
(45,9)
(51,40)
(24,23)
(103,14)
(95,7)
(99,23)
(157,47)
(157,42)
(78,42)
(96,49)
(21,19)
(50,2)
(126,34)
(122,4)
(25,26)
(46,54)
(184,25)
(61,10)
(92,23)
(119,43)
(11,31)
(166,26)
(86,41)
(173,23)
(99,35)
(139,4)
(33,18)
(106,17)
(139,39)
(148,7)
(105,17)
(89,11)
(95,6)
(156,36)
(120,23)
(56,1)
(72,13)
(157,49)
(173,22)
(25,35)
(183,39)
(120,17)
(167,27)
(86,9)
(63,20)
(191,41)
(134,31)
(148,34)
(78,29)
(181,47)
(110,21)
(197,5)
(62,10)
(103,44)
(137,15)
(45,20)
(110,41)
(18,52)
(130,51)
(68,14)
(18,38)
(168,10)
(114,8)
(152,31)
(14,12)
(186,30)
(74,27)
(150,10)
(62,14)
(76,16)
(174,4)
(105,25)
(47,52)
(49,31)
(35,21)
(198,47)
(161,11)
(23,21)
(85,43)
(179,18)
(1,37)
(21,51)
(79,31)
(35,36)
(61,47)
(96,39)
(94,5)
(3,37)
(79,44)
(141,3)
(168,38)
(19,52)
(115,17)
(165,18)
(50,23)
(88,49)
(47,9)
(181,30)
(125,32)
(85,37)
(197,46)
(164,37)
(129,9)
(156,17)
(111,36)
(90,41)
(72,16)
(87,20)
(127,27)
(98,5)
(130,0)
(87,41)
(114,39)
(162,43)
(4,45)
(137,45)
(183,21)
(130,2)
(92,9)
(126,10)
(73,5)
(166,9)
(58,2)
(85,7)
(160,14)
(188,22)
(23,12)
(154,33)
(18,37)
(151,38)
(115,44)
(20,18)
(193,13)
(24,32)
(175,22)
(103,48)
(135,44)
(87,47)
(159,11)
(126,28)
(25,18)
(31,11)
(2,22)
(124,25)
(24,0)
(198,9)
(4,36)
(128,6)
(194,35)
(91,13)
(62,40)
(178,13)
(67,41)
(32,35)
(139,40)
(94,23)
(13,52)
(118,1)
(17,10)
(9,27)
(11,29)
(40,9)
(27,52)
(102,38)
(0,53)
(32,7)
(3,16)
(104,24)
(187,11)
(61,22)
(105,30)
(154,27)
(122,19)
(174,11)
(49,16)
(66,1)
(183,45)
(63,28)
(21,38)
(148,8)
(17,25)
(41,33)
(3,54)
(67,35)
(165,5)
(41,16)
(107,39)
(176,44)
(176,54)
(58,36)
(135,2)
(158,27)
(141,2)
(16,26)
(6,29)
(58,33)
(23,46)
(25,36)
(56,41)
(161,5)
(28,43)
(183,4)
(42,2)
(107,43)
(190,31)
(20,23)
(173,46)
(85,28)
(50,17)
(158,15)
(50,47)
(36,19)
(67,11)
(117,11)
(134,27)
(157,7)
(124,6)
(14,1)
(45,17)
(101,43)
(53,38)
(106,1)
(191,27)
(91,19)
(36,29)
(46,7)
(90,9)
(179,50)
(111,47)
(88,53)
(178,50)
(146,37)
(142,22)
(159,44)
(179,40)
(155,24)
(119,5)
(11,33)
(16,37)
(127,36)
(89,22)
(167,38)
(136,13)
(78,7)
(101,3)
(56,15)
(61,17)
(113,35)
(133,50)
(15,29)
(27,1)
(188,17)
(25,29)
(32,4)
(185,14)
(29,38)
(128,53)
(155,5)
(190,5)
(157,46)
(126,5)
(40,1)
(126,47)
(48,48)
(53,37)
(27,20)
(29,14)
(81,12)
(199,49)
(185,17)
(52,29)
(3,7)
(78,48)
(142,34)
(73,32)
(146,44)
(188,30)
(182,27)
(108,38)
(88,50)
(36,48)
(36,50)
(173,37)
(170,25)
(89,13)
(159,31)
(192,8)
(63,26)
(97,14)
(108,8)
(53,29)
(118,7)
(97,3)
(151,2)
(30,22)
(1,50)
(60,43)
(81,51)
(7,14)
(139,8)
(49,38)
(49,53)
(49,13)
(54,11)
(47,27)
(65,40)
(166,43)
(148,18)
(159,42)
(81,16)
(22,27)
(174,50)
(106,44)
(122,2)
(84,25)
(141,37)
(142,17)
(126,31)
(20,48)
(199,19)
(145,7)
(114,31)
(63,42)
(109,34)
(56,39)
(169,25)
(91,34)
(67,30)
(139,27)
(21,22)
(113,50)
(82,19)
(1,15)
(120,15)
(147,19)
(85,23)
(94,7)
(139,43)
(118,21)
(111,24)
(184,47)
(168,25)
(182,5)
(11,25)
(146,49)
(131,38)
(127,45)
(113,11)
(6,39)
(16,14)
(131,39)
(135,36)
(113,27)
(188,8)
(60,29)
(117,16)
(127,25)
(133,30)
(184,45)
(148,46)
(171,16)
(16,10)
(161,45)
(193,23)
(164,12)
(122,10)
(56,54)
(71,53)
(145,2)
(103,0)
(192,54)
(31,34)
(191,50)
(73,13)
(59,32)
(123,1)
(76,17)
(1,14)
(18,15)
(65,39)
(113,9)
(26,42)
(47,4)
(75,28)
(29,1)
(28,35)
(140,44)
(21,54)
(21,42)
(17,20)
(21,24)
(6,27)
(6,43)
(84,23)
(114,26)
(21,6)
(51,45)
(100,44)
(17,47)
(174,37)
(99,29)
(61,45)
(181,51)
(19,2)
(189,28)
(140,18)
(94,27)
(64,45)
(59,14)
(187,39)
(198,7)
(119,49)
(175,33)
(103,16)
(131,22)
(191,32)
(189,45)
(7,28)
(151,41)
(93,4)
(102,41)
(167,29)
(157,5)
(71,5)
(163,16)
(152,23)
(125,52)
(27,9)
(83,15)
(131,11)
(119,16)
(45,30)
(130,53)
(67,3)
(45,14)
(6,9)
(102,52)
(60,36)
(51,31)
(107,46)
(76,31)
(86,48)
(70,14)
(28,31)
(70,20)
(124,12)
(10,26)
(75,47)
(139,10)
(55,22)
(147,45)
(193,30)
(70,24)
(70,21)
(51,37)
(130,14)
(87,7)
(68,17)
(10,50)
(76,9)
(97,29)
(154,6)
(107,45)
(116,9)
(9,38)
(87,46)
(197,53)
(148,36)
(172,49)
(148,49)
(128,39)
(26,45)
(37,0)
(31,21)
(175,19)
(162,6)
(161,34)
(150,18)
(99,12)
(199,1)
(37,3)
(173,45)
(162,30)
(137,46)
(10,29)
(122,50)
(8,3)
(78,33)
(120,54)
(108,22)
(130,46)
(89,31)
(175,10)
(136,29)
(133,48)
(71,4)
(172,13)
(86,46)
(95,50)
(165,9)
(5,30)
(106,43)
(32,40)
(49,54)
(69,54)
(21,49)
(191,23)
(125,41)
(3,28)
(161,3)
(15,2)
(45,45)
(17,38)
(193,47)
(197,51)
(78,46)
(140,26)
(177,35)
(160,30)
(9,4)
(0,34)
(137,10)
(43,4)
(105,50)
(179,17)
(28,42)
(84,4)
(139,42)
(50,31)
(77,12)
(59,8)
(148,13)
(6,52)
(104,25)
(138,38)
(44,40)
(100,13)
(166,33)
(147,16)
(189,27)
(174,21)
(98,10)
(80,3)
(169,45)
(106,38)
(114,30)
(20,20)
(73,54)
(195,50)
(155,13)
(171,4)
(44,7)
(96,41)
(90,53)
(99,9)
(190,51)
(109,43)
(58,26)
(10,33)
(64,36)
(62,27)
(36,5)
(147,30)
(7,52)
(107,19)
(27,44)
(38,39)
(176,1)
(55,50)
(181,22)
(65,41)
(129,19)
(117,21)
(179,28)
(191,14)
(70,36)
(55,31)
(89,36)
(172,8)
(121,43)
(51,42)
(120,18)
(132,12)
(16,3)
(104,39)
(163,27)
(78,49)
(24,37)
(131,49)
(112,4)
(191,44)
(28,32)
(98,45)
(161,38)
(127,18)
(72,11)
(72,36)
(89,41)
(178,12)
(144,9)
(147,29)
(46,6)
(84,39)
(6,40)
(67,17)
(59,51)
(161,36)
(9,2)
(34,33)
(42,21)
(67,48)
(176,42)
(138,48)
(164,27)
(111,38)
(73,0)
(14,8)
(6,24)
(37,37)
(188,36)
(155,28)
(109,54)
(9,36)
(15,5)
(92,51)
(105,14)
(15,23)
(53,44)
(15,19)
(94,48)
(50,4)
(19,43)
(10,6)
(90,28)
(29,23)
(75,16)
(150,11)
(129,4)
(112,44)
(141,26)
(82,47)
(39,12)
(144,53)
(34,38)
(146,50)
(99,26)
(170,54)
(135,20)
(198,32)
(65,37)
(40,45)
(172,48)
(185,3)
(196,39)
(163,28)
(1,28)
(181,39)
(52,34)
(198,3)
(44,52)
(181,5)
(24,26)
(57,21)
(88,36)
(76,10)
(20,26)
(21,11)
(164,40)
(187,9)
(23,15)
(148,25)
(14,9)
(105,4)
(39,29)
(29,37)
(120,12)
(163,7)
(158,8)
(1,1)
(119,9)
(46,53)
(8,13)
(97,27)
(157,36)
(174,51)
(77,36)
(102,49)
(74,49)
(88,18)
(82,23)
(171,34)
(19,50)
(82,13)
(136,45)
(43,19)
(43,54)
(141,16)
(182,40)
(112,52)
(69,8)
(123,16)
(12,44)
(44,29)
(94,30)
(179,25)
(117,27)
(117,12)
(181,6)
(185,47)
(80,50)
(184,1)
(60,23)
(133,9)
(42,15)
(141,46)
(92,16)
(182,18)
(101,23)
(152,6)
(167,39)
(94,17)
(112,32)
(32,45)
(182,49)
(166,15)
(37,54)
(190,43)
(80,28)
(39,27)
(131,34)
(93,11)
(173,31)
(177,1)
(59,37)
(146,14)
(152,48)
(161,15)
(17,5)
(162,28)
(130,31)
(5,10)
(30,0)
(130,24)
(139,45)
(111,31)
(79,28)
(113,48)
(35,32)
(43,38)
(119,46)
(154,41)
(50,46)
(4,2)
(76,4)
(58,24)
(88,46)
(40,20)
(105,23)
(107,10)
(136,21)
(92,30)
(15,17)
(23,0)
(13,30)
(91,9)
(76,26)
(97,35)
(113,29)
(148,26)
(160,9)
(174,40)
(160,26)
(122,21)
(41,50)
(123,28)
(17,32)
(93,36)
(71,47)
(172,36)
(8,37)
(60,27)
(141,23)
(112,28)
(32,27)
(3,53)
(169,17)
(89,44)
(11,14)
(44,8)
(127,46)
(34,50)
(162,51)
(87,9)
(186,37)
(74,44)
(138,42)
(18,29)
(32,32)
(181,18)
(123,20)
(97,9)
(127,30)
(126,20)
(46,25)
(167,43)
(199,54)
(111,4)
(102,17)
(28,21)
(167,16)
(4,15)
(126,12)
(52,39)
(50,13)
(67,21)
(79,38)
(92,3)
(51,7)
(95,33)
(112,25)
(44,54)
(88,43)
(95,5)
(30,23)
(96,31)
(186,41)
(187,43)
(168,32)
(74,35)
(198,23)
(188,9)
(191,26)
(67,29)
(133,43)
(7,32)
(32,29)
(177,0)
(76,27)
(197,4)
(83,40)
(70,41)
(131,41)
(76,52)
(46,14)
(102,40)
(83,29)
(8,9)
(150,47)
(130,11)
(119,26)
(113,30)
(176,9)
(32,24)
(182,1)
(30,54)
(133,40)
(179,44)
(114,15)
(106,26)
(68,29)
(83,1)
(170,26)
(154,13)
(48,24)
(102,24)
(95,17)
(104,44)
(130,25)
(27,31)
(105,12)
(42,40)
(176,6)
(7,37)
(191,37)
(86,5)
(96,11)
(96,37)
(81,32)
(14,5)
(45,24)
(102,25)
(135,54)
(77,47)
(41,54)
(148,42)
(90,14)
(47,8)
(82,21)
(68,27)
(83,20)
(73,12)
(46,24)
(43,36)
(148,48)
(165,31)
(19,24)
(153,36)
(90,38)
(59,30)
(118,23)
(45,52)
(135,6)
(122,36)
(72,4)
(118,44)
(25,27)
(93,6)
(1,44)
(18,19)
(167,24)
(62,35)
(86,17)
(194,40)
(48,35)
(76,37)
(61,26)
(185,35)
(97,18)
(52,38)
(6,13)
(124,30)
(0,47)
(163,47)
(76,18)
(146,38)
(80,13)
(153,1)
(8,21)
(142,20)
(107,11)
(18,41)
(58,49)
(54,20)
(49,52)
(137,19)
(90,29)
(31,22)
(151,20)
(90,33)
(137,52)
(2,15)
(32,47)
(0,11)
(2,9)
(8,43)
(149,53)
(6,5)
(163,10)
(116,8)
(124,2)
(37,40)
(183,31)
(0,2)
(97,52)
(114,14)
(56,47)
(163,48)
(98,46)
(157,45)
(1,12)
(168,40)
(71,20)
(66,29)
(146,13)
(149,2)
(95,3)
(124,48)
(152,22)
(196,28)
(2,51)
(196,9)
(14,26)
(40,29)
(60,6)
(173,34)
(54,1)
(28,26)
(43,29)
(32,31)
(177,17)
(111,19)
(22,25)
(153,9)
(190,49)
(103,9)
(52,54)
(159,24)
(153,29)
(86,40)
(2,53)
(94,32)
(170,36)
(39,44)
(90,15)
(70,29)
(162,5)
(21,16)
(147,41)
(82,46)
(108,15)
(188,38)
(180,33)
(157,29)
(18,24)
(63,51)
(190,1)
(177,39)
(163,14)
(122,47)
(152,11)
(156,9)
(101,5)
(45,53)
(77,51)
(65,11)
(59,49)
(38,43)
(14,54)
(184,2)
(193,45)
(127,11)
(73,35)
(88,48)
(74,36)
(5,15)
(171,29)
(155,35)
(156,43)
(80,4)
(80,48)
(188,16)
(164,31)
(169,43)
(184,38)
(106,54)
(81,19)
(162,40)
(137,31)
(127,38)
(139,5)
(65,25)
(12,28)
(9,13)
(49,22)
(150,7)
(13,40)
(176,33)
(36,44)
(148,3)
(130,32)
(176,23)
(107,25)
(102,28)
(163,43)
(167,17)
(123,43)
(98,44)
(5,21)
(129,5)
(36,13)
(28,52)
(126,44)
(54,40)
(115,29)
(94,52)
(4,29)
(10,4)
(127,15)
(119,35)
(147,36)
(53,6)
(120,43)
(22,49)
(69,39)
(110,45)
(97,36)
(184,39)
(79,29)
(135,5)
(198,35)
(46,17)
(22,46)
(51,2)
(175,48)
(139,46)
(45,16)
(118,17)
(107,32)
(188,47)
(85,47)
(173,26)
(64,14)
(136,17)
(198,27)
(182,37)
(113,32)
(77,37)
(19,46)
(87,50)
(34,44)
(132,5)
(112,27)
(183,34)
(80,49)
(177,54)
(77,27)
(126,41)
(4,44)
(92,36)
(197,21)
(87,54)
(34,27)
(127,33)
(188,14)
(181,2)
(75,34)
(77,53)
(38,40)
(51,10)
(83,26)
(10,23)
(101,47)
(38,9)
(123,31)
(60,53)
(4,46)
(161,46)
(40,53)
(140,4)
(131,26)
(55,10)
(34,48)
(61,29)
(133,2)
(102,20)
(31,38)
(105,3)
(190,11)
(106,52)
(70,6)
(37,35)
(116,11)
(33,15)
(181,35)
(75,8)
(139,44)
(127,19)
(184,0)
(178,37)
(56,37)
(82,30)
(43,17)
(32,23)
(30,7)
(154,14)
(39,31)
(40,44)
(49,30)
(72,29)
(163,45)
(7,53)
(18,28)
(164,9)
(182,22)
(10,49)
(167,51)
(80,42)
(121,3)
(147,12)
(66,6)
(149,48)
(23,28)
(146,17)
(105,34)
(6,36)
(175,40)
(22,5)
(162,10)
(196,46)
(168,0)
(87,28)
(91,16)
(1,4)
(136,3)
(122,9)
(185,40)
(190,26)
(186,33)
(94,0)
(93,20)
(104,35)
(102,39)
(65,9)
(166,35)
(106,11)
(139,53)
(150,37)
(27,24)
(85,33)
(131,44)
(44,34)
(101,41)
(57,43)
(129,54)
(105,8)
(193,25)
(166,46)
(161,31)
(150,41)
(144,54)
(197,41)
(11,22)
(2,21)
(24,50)
(123,19)
(11,2)
(113,36)
(180,29)
(180,40)
(166,3)
(98,54)
(4,49)
(143,42)
(182,32)
(80,23)
(57,54)
(140,48)
(83,21)
(38,19)
(63,22)
(137,21)
(191,22)
(6,14)
(43,13)
(36,11)
(28,38)
(83,16)
(161,37)
(3,46)
(170,34)
(8,23)
(153,41)
(181,16)
(163,25)
(194,16)
(120,4)
(20,9)
(186,21)
(70,30)
(64,25)
(63,30)
(1,33)
(77,32)
(96,30)
(77,24)
(116,37)
(134,21)
(7,25)
(32,25)
(17,52)
(125,24)
(190,38)
(121,24)
(6,6)
(116,32)
(132,48)
(162,41)
(68,31)
(157,44)
(7,4)
(197,28)
(75,5)
(197,2)
(137,6)
(41,24)
(46,46)
(7,51)
(156,29)
(192,29)
(10,13)
(82,27)
(157,48)
(18,1)
(132,3)
(127,16)
(182,21)
(139,26)
(105,42)
(136,35)
(103,15)
(187,25)
(45,49)
(77,45)
(19,7)
(109,22)
(12,50)
(31,32)
(168,31)
(92,20)
(93,39)
(22,18)
(151,11)
(44,32)
(27,11)
(108,11)
(29,20)
(91,46)
(41,42)
(66,15)
(0,38)
(39,39)
(130,43)
(165,13)
(164,16)
(116,22)
(147,31)
(159,50)
(99,11)
(188,10)
(59,12)
(197,37)
(125,19)
(196,53)
(36,25)
(174,42)
(52,47)
(132,9)
(58,38)
(15,32)
(81,50)
(87,19)
(52,43)
(129,15)
(79,36)
(42,7)
(182,24)
(77,20)
(81,2)
(105,7)
(29,11)
(47,14)
(8,35)
(53,32)
(136,34)
(74,19)
(34,28)
(183,27)
(142,29)
(51,3)
(193,1)
(78,9)
(40,11)
(87,44)
(128,36)
(126,21)
(148,5)
(1,45)
(144,38)
(94,26)
(22,44)
(91,38)
(12,47)
(11,34)
(7,36)
(159,49)
(116,29)
(88,14)
(143,27)
(129,31)
(1,3)
(187,51)
(75,48)
(16,54)
(159,46)
(150,30)
(149,21)
(9,42)
(129,48)
(72,1)
(158,29)
(93,19)
(18,14)
(20,13)
(28,51)
(81,37)
(68,11)
(179,15)
(120,9)
(134,52)
(144,17)
(34,15)
(77,10)
(91,39)
(61,1)
(131,36)
(83,35)
(136,6)
(42,26)
(89,54)
(163,26)
(131,7)
(150,8)
(183,10)
(176,31)
(99,6)
(89,21)
(155,46)
(169,19)
(28,4)
(144,41)
(101,19)
(41,49)
(86,2)
(150,49)
(180,8)
(160,17)
(76,13)
(73,8)
(56,19)
(97,50)
(5,11)
(52,20)
(190,45)
(156,31)
(70,25)
(77,30)
(22,21)
(64,0)
(153,19)
(96,9)
(65,6)
(154,53)
(50,16)
(132,34)
(6,21)
(46,42)
(189,37)
(119,51)
(48,17)
(82,48)
(114,21)
(162,9)
(159,13)
(1,16)
(63,34)
(52,48)
(143,5)
(150,44)
(171,28)
(116,13)
(139,18)
(101,34)
(118,46)
(84,10)
(107,4)
(15,21)
(147,7)
(111,49)
(134,37)
(108,46)
(22,19)
(40,34)
(173,43)
(102,37)
(20,29)
(58,47)
(189,3)
(44,36)
(118,45)
(22,32)
(4,37)
(70,10)
(192,30)
(115,12)
(129,29)
(150,34)
(188,28)
(145,6)
(182,30)
(97,47)
(10,54)
(42,17)
(47,45)
(121,50)
(153,22)
(101,11)
(104,8)
(40,14)
(161,39)
(138,34)
(165,48)
(152,53)
(51,34)
(144,4)
(189,21)
(158,9)
(157,3)
(133,39)
(163,15)
(91,20)
(8,25)
(43,51)
(25,20)
(7,54)
(79,40)
(11,35)
(103,47)
(193,7)
(158,22)
(179,32)
(71,34)
(52,12)
(111,39)
(5,25)
(34,40)
(165,10)
(41,44)
(145,15)
(55,21)
(80,10)
(67,38)
(66,21)
(89,39)
(19,20)
(6,41)
(27,4)
(92,4)
(87,8)
(118,30)
(117,32)
(119,13)
(69,51)
(170,49)
(157,16)
(2,11)
(94,18)
(34,14)
(109,36)
(86,39)
(21,53)
(151,50)
(130,39)
(129,28)
(158,42)
(104,51)
(133,4)
(126,54)
(161,53)
(9,23)
(38,30)
(2,10)
(106,7)
(7,30)
(40,0)
(62,21)
(31,51)
(187,18)
(123,5)
(25,37)
(155,41)
(61,16)
(100,49)
(1,48)
(158,24)
(116,0)
(162,44)
(158,20)
(145,39)
(171,23)
(157,35)
(13,46)
(196,27)
(4,33)
(44,19)
(47,18)
(117,30)
(109,5)
(180,9)
(114,23)
(7,33)
(22,42)
(114,40)
(182,52)
(87,37)
(64,21)
(168,18)
(144,52)
(171,46)
(66,14)
(93,22)
(174,18)
(174,25)
(116,14)
(129,18)
(6,25)
(75,49)
(199,29)
(176,25)
(62,23)
(107,33)
(147,42)
(60,52)
(54,47)
(191,54)
(169,37)
(143,26)
(53,47)
(49,8)
(88,5)
(194,1)
(169,12)
(50,49)
(76,5)
(147,6)
(44,41)
(54,44)
(81,29)
(173,12)
(50,3)
(182,46)
(162,17)
(181,43)
(143,46)
(166,34)
(148,41)
(179,8)
(125,40)
(21,32)
(149,22)
(183,2)
(130,47)
(157,40)
(4,27)
(109,15)
(78,15)
(156,24)
(11,9)
(180,22)
(67,40)
(98,22)
(113,28)
(101,14)
(82,49)
(35,26)
(76,40)
(13,20)
(154,24)
(68,51)
(109,30)
(198,13)
(36,3)
(126,52)
(70,18)
(180,17)
(111,2)
(63,25)
(174,44)
(11,21)
(49,15)
(172,53)
(184,40)
(80,17)
(119,20)
(152,19)
(41,36)
(96,15)
(80,38)
(40,42)
(87,24)
(59,9)
(29,47)
(111,9)
(32,12)
(83,14)
(132,36)
(7,24)
(134,7)
(159,5)
(112,37)
(51,15)
(41,31)
(180,46)
(139,7)
(109,41)
(72,45)
(108,50)
(39,9)
(165,30)
(19,51)
(128,29)
(190,21)
(44,24)
(52,42)
(123,51)
(152,24)
(175,45)
(54,50)
(74,33)
(93,44)
(183,11)
(20,1)
(152,42)
(11,37)
(89,42)
(72,46)
(142,11)
(80,24)
(175,8)
(140,12)
(94,44)
(94,41)
(32,46)
(42,45)
(113,41)
(47,50)
(107,26)
(74,52)
(46,13)
(123,17)
(175,52)
(71,46)
(166,6)
(13,29)
(142,19)
(173,48)
(165,32)
(52,21)
(94,49)
(27,32)
(199,7)
(146,48)
(96,6)
(147,53)
(72,41)
(65,16)
(179,37)
(23,8)
(92,49)
(161,41)
(82,24)
(58,42)
(110,6)
(165,51)
(67,24)
(12,17)
(115,2)
(127,8)
(26,26)
(6,22)
(7,22)
(162,36)
(135,47)
(175,35)
(57,53)
(190,12)
(94,31)
(112,41)
(71,17)
(175,54)
(164,25)
(181,26)
(34,39)
(13,34)
(150,40)
(65,54)
(89,30)
(177,27)
(62,49)
(78,16)
(28,50)
(163,29)
(45,18)
(91,6)
(99,54)
(194,27)
(6,12)
(20,42)
(106,39)
(15,25)
(94,22)
(88,35)
(21,45)
(56,27)
(35,50)
(164,23)
(111,34)
(69,40)
(74,47)
(106,15)
(85,29)
(95,18)
(100,19)
(192,20)
(80,16)
(115,22)
(61,13)
(43,28)
(194,41)
(46,44)
(148,24)
(51,44)
(128,12)
(11,51)
(76,50)
(36,21)
(71,11)
(133,21)
(108,45)
(5,42)
(45,43)
(107,7)
(145,8)
(132,38)
(161,44)
(142,10)
(161,40)
(148,44)
(8,39)
(98,48)
(36,33)
(175,26)
(134,20)
(133,11)
(160,37)
(133,16)
(187,3)
(15,30)
(130,35)
(156,19)
(73,25)
(142,37)
(90,42)
(97,40)
(126,25)
(126,9)
(21,21)
(91,7)
(75,52)
(63,41)
(13,4)
(25,47)
(146,41)
(182,12)
(114,16)
(82,6)
(150,16)
(192,52)
(43,15)
(58,29)
(183,47)
(131,29)
(198,34)
(49,33)
(132,41)
(116,51)
(12,7)
(118,37)
(154,30)
(145,48)
(133,20)
(167,42)
(44,26)
(74,23)
(134,34)
(196,36)
(11,41)
(137,44)
(36,17)
(178,53)
(37,41)
(172,37)
(14,6)
(77,43)
(64,33)
(94,40)
(39,1)
(149,47)
(104,17)
(114,36)
(87,2)
(62,32)
(198,19)
(112,31)
(175,11)
(166,22)
(116,12)
(111,50)
(166,32)
(9,29)
(10,42)
(125,36)
(71,16)
(130,28)
(62,5)
(190,15)
(43,42)
(123,2)
(121,35)
(11,15)
(73,44)
(169,22)
(188,27)
(165,29)
(163,52)
(5,45)
(100,32)
(158,44)
(151,44)
(179,52)
(177,7)
(89,53)
(66,16)
(146,27)
(39,13)
(60,37)
(155,18)
(91,32)
(15,9)
(196,42)
(112,51)
(182,43)
(95,41)
(195,25)
(61,23)
(43,40)
(46,41)
(108,16)
(112,9)
(142,15)
(14,10)
(184,35)
(182,11)
(142,49)
(121,9)
(51,54)
(85,48)
(40,12)
(25,53)
(81,4)
(153,23)
(11,45)
(39,15)
(34,32)
(199,43)
(182,23)
(162,38)
(61,49)
(121,32)
(117,45)
(177,52)
(159,40)
(39,21)
(175,23)
(127,26)
(88,30)
(115,24)
(42,36)
(135,50)
(77,28)
(52,6)
(35,19)
(16,9)
(22,51)
(171,35)
(8,47)
(192,46)
(37,36)
(50,43)
(21,7)
(104,53)
(48,12)
(86,34)
(94,54)
(49,32)
(75,26)
(191,11)
(52,33)
(77,52)
(12,6)
(89,1)
(121,19)
(85,53)
(162,27)
(87,53)
(142,48)
(188,26)
