100 Users
48 Files
3000 Transactions
2 Maximum Connections
1 Cycle Length per Upload-Download
0 Warm-up Transactions
0.400000 Zipf constant
5 Pre-Trusted Users
80 Well-Behaved (Good) Users
20 Purely Malicious Users
0 Feedback Skewing Users
0 Malignant Providing Users
0 Disguised Malicous Users
0 Sybil Attack Users
true Intelligent Trans. Generation
1561006877351 Trace Generation Seed

(0.081010,0.000000,1,false)
(0.013407,0.000000,1,false)
(0.001990,0.000000,1,false)
(0.067944,0.000000,1,false)
(0.033720,0.000000,1,false)
(0.030737,0.000000,1,false)
(0.009099,0.000000,1,false)
(0.059062,0.000000,1,false)
(0.057494,0.000000,1,false)
(0.004016,0.000000,1,false)
(0.041293,0.000000,1,false)
(0.077179,0.000000,1,false)
(0.045193,0.000000,1,false)
(0.092771,0.000000,1,false)
(0.068383,0.000000,1,false)
(0.029870,0.000000,1,false)
(0.073308,0.000000,1,false)
(0.033513,0.000000,1,false)
(0.050887,0.000000,1,false)
(0.055876,0.000000,1,false)
(0.919235,1.000000,0,true)
(0.985020,1.000000,0,true)
(0.960890,1.000000,0,true)
(0.950583,1.000000,0,true)
(0.963927,1.000000,0,true)
(0.925372,1.000000,0,false)
(0.966359,1.000000,0,false)
(0.903989,1.000000,0,false)
(0.906653,1.000000,0,false)
(0.976608,1.000000,0,false)
(0.943961,1.000000,0,false)
(0.977641,1.000000,0,false)
(0.955554,1.000000,0,false)
(0.936779,1.000000,0,false)
(0.931880,1.000000,0,false)
(0.984298,1.000000,0,false)
(0.928109,1.000000,0,false)
(0.964957,1.000000,0,false)
(0.991647,1.000000,0,false)
(0.913544,1.000000,0,false)
(0.904851,1.000000,0,false)
(0.976390,1.000000,0,false)
(0.915254,1.000000,0,false)
(0.967907,1.000000,0,false)
(0.918465,1.000000,0,false)
(0.949969,1.000000,0,false)
(0.925036,1.000000,0,false)
(0.990136,1.000000,0,false)
(0.937808,1.000000,0,false)
(0.997150,1.000000,0,false)
(0.963477,1.000000,0,false)
(0.958649,1.000000,0,false)
(0.946514,1.000000,0,false)
(0.905853,1.000000,0,false)
(0.977449,1.000000,0,false)
(0.947237,1.000000,0,false)
(0.965372,1.000000,0,false)
(0.921559,1.000000,0,false)
(0.968095,1.000000,0,false)
(0.998526,1.000000,0,false)
(0.926526,1.000000,0,false)
(0.960980,1.000000,0,false)
(0.903603,1.000000,0,false)
(0.948476,1.000000,0,false)
(0.975845,1.000000,0,false)
(0.971096,1.000000,0,false)
(0.977630,1.000000,0,false)
(0.961381,1.000000,0,false)
(0.957406,1.000000,0,false)
(0.948266,1.000000,0,false)
(0.940892,1.000000,0,false)
(0.991377,1.000000,0,false)
(0.921091,1.000000,0,false)
(0.918315,1.000000,0,false)
(0.937694,1.000000,0,false)
(0.977352,1.000000,0,false)
(0.990628,1.000000,0,false)
(0.949118,1.000000,0,false)
(0.942702,1.000000,0,false)
(0.903505,1.000000,0,false)
(0.935239,1.000000,0,false)
(0.922169,1.000000,0,false)
(0.916241,1.000000,0,false)
(0.917399,1.000000,0,false)
(0.903119,1.000000,0,false)
(0.929012,1.000000,0,false)
(0.978700,1.000000,0,false)
(0.991456,1.000000,0,false)
(0.999544,1.000000,0,false)
(0.982092,1.000000,0,false)
(0.946360,1.000000,0,false)
(0.942213,1.000000,0,false)
(0.926262,1.000000,0,false)
(0.937731,1.000000,0,false)
(0.971989,1.000000,0,false)
(0.984497,1.000000,0,false)
(0.942078,1.000000,0,false)
(0.921402,1.000000,0,false)
(0.994040,1.000000,0,false)
(0.994788,1.000000,0,false)

(0,0,false)
(1,0,false)
(2,0,false)
(3,0,false)
(4,0,false)
(6,0,false)
(7,0,false)
(9,0,false)
(10,0,false)
(11,0,false)
(12,0,false)
(13,0,false)
(14,0,false)
(15,0,false)
(16,0,false)
(17,0,false)
(18,0,false)
(19,0,false)
(20,0,true)
(21,0,true)
(22,0,false)
(23,0,false)
(24,0,false)
(25,0,true)
(26,0,true)
(27,0,true)
(28,0,true)
(29,0,true)
(30,0,true)
(33,0,true)
(35,0,true)
(37,0,true)
(39,0,true)
(40,0,true)
(41,0,true)
(42,0,true)
(43,0,true)
(44,0,true)
(46,0,true)
(47,0,true)
(48,0,true)
(49,0,true)
(50,0,true)
(51,0,true)
(52,0,true)
(53,0,true)
(54,0,true)
(57,0,true)
(61,0,true)
(62,0,true)
(63,0,true)
(64,0,true)
(65,0,false)
(66,0,true)
(68,0,true)
(69,0,true)
(71,0,true)
(72,0,true)
(74,0,true)
(76,0,true)
(77,0,true)
(79,0,false)
(80,0,true)
(81,0,true)
(82,0,true)
(83,0,true)
(84,0,true)
(85,0,true)
(86,0,true)
(87,0,true)
(88,0,true)
(92,0,false)
(93,0,true)
(95,0,false)
(97,0,true)
(98,0,true)
(99,0,true)
(2,1,false)
(3,1,false)
(6,1,false)
(7,1,true)
(8,1,false)
(9,1,false)
(11,1,false)
(12,1,false)
(14,1,false)
(15,1,false)
(18,1,false)
(19,1,false)
(20,1,true)
(21,1,true)
(22,1,true)
(23,1,true)
(25,1,true)
(26,1,true)
(27,1,true)
(28,1,true)
(29,1,true)
(30,1,true)
(32,1,true)
(34,1,true)
(36,1,true)
(37,1,true)
(40,1,true)
(41,1,true)
(42,1,true)
(43,1,true)
(44,1,true)
(45,1,true)
(48,1,true)
(50,1,true)
(53,1,true)
(54,1,true)
(55,1,true)
(56,1,false)
(59,1,true)
(60,1,true)
(61,1,true)
(62,1,false)
(63,1,true)
(64,1,true)
(65,1,true)
(70,1,true)
(71,1,true)
(72,1,true)
(73,1,true)
(74,1,true)
(75,1,true)
(77,1,true)
(80,1,true)
(81,1,false)
(82,1,false)
(83,1,false)
(84,1,true)
(85,1,true)
(89,1,true)
(90,1,true)
(91,1,true)
(94,1,true)
(96,1,true)
(98,1,true)
(0,2,false)
(2,2,false)
(4,2,false)
(5,2,true)
(8,2,false)
(10,2,false)
(11,2,false)
(12,2,false)
(13,2,false)
(14,2,false)
(16,2,false)
(19,2,false)
(20,2,true)
(21,2,true)
(24,2,true)
(25,2,true)
(26,2,true)
(27,2,true)
(28,2,true)
(32,2,true)
(34,2,true)
(36,2,true)
(37,2,true)
(38,2,true)
(40,2,true)
(43,2,true)
(44,2,true)
(46,2,true)
(50,2,true)
(51,2,true)
(52,2,true)
(55,2,true)
(56,2,true)
(57,2,true)
(58,2,false)
(59,2,true)
(60,2,true)
(61,2,true)
(62,2,true)
(63,2,true)
(64,2,true)
(65,2,true)
(66,2,true)
(71,2,true)
(72,2,true)
(73,2,true)
(74,2,true)
(75,2,true)
(76,2,true)
(79,2,true)
(80,2,true)
(83,2,true)
(85,2,true)
(86,2,true)
(87,2,true)
(89,2,false)
(90,2,false)
(95,2,true)
(97,2,true)
(98,2,true)
(99,2,true)
(0,3,false)
(1,3,false)
(2,3,false)
(3,3,false)
(6,3,true)
(7,3,false)
(9,3,false)
(10,3,false)
(13,3,false)
(14,3,false)
(15,3,false)
(17,3,false)
(19,3,false)
(20,3,true)
(23,3,true)
(25,3,true)
(29,3,true)
(30,3,true)
(33,3,true)
(35,3,true)
(38,3,true)
(40,3,true)
(43,3,true)
(47,3,true)
(49,3,true)
(50,3,true)
(51,3,true)
(52,3,true)
(53,3,true)
(54,3,true)
(55,3,true)
(57,3,true)
(60,3,true)
(61,3,true)
(63,3,true)
(64,3,true)
(65,3,true)
(66,3,true)
(67,3,true)
(68,3,true)
(69,3,true)
(70,3,true)
(71,3,true)
(74,3,true)
(77,3,true)
(79,3,true)
(81,3,true)
(82,3,true)
(83,3,true)
(85,3,true)
(86,3,true)
(87,3,true)
(88,3,true)
(89,3,true)
(91,3,true)
(93,3,true)
(94,3,true)
(95,3,true)
(96,3,true)
(97,3,true)
(98,3,true)
(99,3,true)
(0,4,false)
(2,4,false)
(3,4,false)
(6,4,false)
(10,4,false)
(12,4,false)
(13,4,false)
(14,4,false)
(19,4,false)
(21,4,true)
(22,4,true)
(24,4,true)
(30,4,true)
(31,4,true)
(32,4,true)
(33,4,true)
(34,4,true)
(36,4,true)
(38,4,true)
(39,4,true)
(41,4,true)
(42,4,true)
(43,4,true)
(44,4,true)
(47,4,true)
(49,4,true)
(50,4,true)
(53,4,false)
(55,4,true)
(59,4,true)
(62,4,true)
(63,4,true)
(66,4,true)
(70,4,true)
(72,4,true)
(73,4,true)
(75,4,true)
(76,4,true)
(77,4,true)
(79,4,true)
(81,4,true)
(85,4,true)
(86,4,false)
(88,4,true)
(89,4,true)
(91,4,true)
(93,4,true)
(95,4,true)
(98,4,true)
(99,4,true)
(0,5,false)
(1,5,false)
(2,5,false)
(8,5,false)
(9,5,false)
(10,5,false)
(11,5,false)
(13,5,false)
(14,5,false)
(17,5,false)
(18,5,false)
(19,5,false)
(22,5,true)
(25,5,true)
(26,5,true)
(28,5,true)
(29,5,true)
(31,5,true)
(32,5,true)
(34,5,true)
(35,5,true)
(36,5,true)
(37,5,true)
(38,5,true)
(43,5,true)
(45,5,true)
(49,5,true)
(53,5,true)
(54,5,true)
(55,5,true)
(56,5,true)
(57,5,false)
(61,5,false)
(63,5,true)
(69,5,true)
(71,5,true)
(72,5,true)
(74,5,false)
(75,5,true)
(78,5,true)
(80,5,true)
(82,5,true)
(84,5,true)
(85,5,true)
(86,5,true)
(87,5,true)
(89,5,true)
(92,5,true)
(93,5,true)
(94,5,true)
(97,5,false)
(98,5,true)
(3,6,false)
(9,6,false)
(12,6,false)
(14,6,false)
(18,6,false)
(21,6,true)
(22,6,true)
(23,6,true)
(24,6,true)
(25,6,true)
(26,6,true)
(29,6,true)
(32,6,true)
(33,6,true)
(34,6,true)
(37,6,true)
(40,6,true)
(44,6,true)
(45,6,true)
(47,6,true)
(48,6,true)
(50,6,true)
(51,6,true)
(53,6,true)
(55,6,true)
(56,6,true)
(57,6,true)
(60,6,true)
(67,6,true)
(70,6,true)
(71,6,true)
(72,6,true)
(74,6,true)
(75,6,true)
(79,6,false)
(80,6,true)
(82,6,true)
(87,6,true)
(90,6,true)
(95,6,true)
(99,6,true)
(2,7,false)
(4,7,false)
(5,7,false)
(8,7,false)
(9,7,false)
(10,7,false)
(11,7,false)
(14,7,false)
(16,7,false)
(19,7,false)
(20,7,true)
(22,7,true)
(23,7,true)
(29,7,true)
(30,7,true)
(32,7,true)
(34,7,true)
(39,7,true)
(40,7,true)
(41,7,true)
(45,7,true)
(47,7,true)
(48,7,true)
(49,7,true)
(51,7,true)
(52,7,true)
(54,7,true)
(57,7,true)
(58,7,true)
(59,7,true)
(61,7,true)
(62,7,true)
(65,7,true)
(70,7,true)
(71,7,true)
(73,7,true)
(74,7,true)
(78,7,true)
(81,7,true)
(84,7,true)
(85,7,true)
(93,7,true)
(95,7,true)
(96,7,true)
(97,7,true)
(98,7,true)
(99,7,true)
(1,8,false)
(4,8,false)
(11,8,false)
(13,8,false)
(16,8,false)
(18,8,true)
(24,8,true)
(26,8,true)
(31,8,true)
(32,8,true)
(33,8,true)
(34,8,true)
(39,8,true)
(40,8,true)
(44,8,true)
(51,8,true)
(52,8,true)
(53,8,false)
(54,8,true)
(57,8,true)
(61,8,true)
(62,8,true)
(63,8,true)
(64,8,true)
(65,8,true)
(66,8,true)
(67,8,true)
(68,8,true)
(69,8,true)
(74,8,true)
(75,8,true)
(76,8,true)
(77,8,true)
(80,8,true)
(82,8,true)
(84,8,true)
(86,8,true)
(87,8,true)
(89,8,true)
(90,8,true)
(91,8,true)
(92,8,true)
(98,8,true)
(99,8,true)
(0,9,false)
(1,9,false)
(3,9,false)
(4,9,false)
(7,9,false)
(8,9,false)
(11,9,false)
(16,9,false)
(17,9,false)
(18,9,false)
(25,9,true)
(30,9,true)
(31,9,true)
(32,9,true)
(33,9,true)
(45,9,true)
(46,9,true)
(48,9,true)
(49,9,true)
(51,9,true)
(53,9,true)
(55,9,true)
(56,9,true)
(57,9,false)
(58,9,true)
(62,9,true)
(63,9,true)
(64,9,true)
(65,9,true)
(66,9,true)
(67,9,true)
(68,9,true)
(75,9,true)
(78,9,true)
(80,9,true)
(81,9,true)
(82,9,true)
(85,9,true)
(88,9,true)
(90,9,true)
(91,9,true)
(97,9,true)
(0,10,false)
(1,10,false)
(2,10,false)
(5,10,false)
(6,10,false)
(7,10,false)
(8,10,false)
(9,10,false)
(16,10,false)
(24,10,false)
(25,10,true)
(29,10,true)
(36,10,true)
(39,10,true)
(40,10,true)
(44,10,false)
(46,10,true)
(47,10,true)
(48,10,true)
(50,10,true)
(54,10,true)
(56,10,true)
(58,10,false)
(60,10,true)
(64,10,true)
(66,10,true)
(69,10,true)
(72,10,true)
(74,10,true)
(76,10,true)
(77,10,true)
(80,10,true)
(81,10,true)
(83,10,true)
(84,10,true)
(86,10,true)
(89,10,true)
(94,10,true)
(95,10,true)
(5,11,false)
(6,11,false)
(9,11,false)
(12,11,false)
(13,11,false)
(14,11,true)
(18,11,true)
(19,11,false)
(24,11,true)
(27,11,true)
(29,11,true)
(31,11,true)
(34,11,true)
(36,11,true)
(38,11,true)
(42,11,true)
(43,11,true)
(44,11,true)
(45,11,true)
(48,11,true)
(51,11,true)
(52,11,true)
(53,11,true)
(56,11,true)
(60,11,true)
(61,11,true)
(64,11,true)
(67,11,true)
(70,11,true)
(72,11,true)
(74,11,false)
(76,11,true)
(77,11,true)
(80,11,true)
(81,11,true)
(85,11,true)
(88,11,true)
(91,11,true)
(92,11,true)
(93,11,true)
(94,11,true)
(95,11,true)
(0,12,false)
(3,12,false)
(7,12,false)
(12,12,false)
(13,12,true)
(15,12,false)
(17,12,false)
(20,12,true)
(27,12,true)
(31,12,true)
(32,12,true)
(33,12,true)
(34,12,true)
(36,12,true)
(37,12,true)
(44,12,true)
(46,12,true)
(47,12,true)
(50,12,true)
(53,12,true)
(55,12,true)
(56,12,true)
(58,12,true)
(59,12,true)
(66,12,true)
(67,12,true)
(68,12,true)
(69,12,true)
(73,12,true)
(80,12,true)
(81,12,true)
(82,12,false)
(84,12,true)
(88,12,true)
(92,12,true)
(98,12,true)
(3,13,false)
(4,13,false)
(5,13,false)
(6,13,false)
(7,13,false)
(9,13,false)
(10,13,false)
(16,13,false)
(20,13,true)
(23,13,true)
(27,13,true)
(28,13,true)
(34,13,true)
(38,13,true)
(42,13,true)
(43,13,false)
(45,13,true)
(48,13,true)
(49,13,true)
(50,13,true)
(55,13,true)
(69,13,true)
(71,13,true)
(73,13,true)
(77,13,true)
(80,13,true)
(81,13,true)
(85,13,true)
(86,13,true)
(89,13,true)
(90,13,true)
(91,13,true)
(92,13,true)
(94,13,true)
(95,13,true)
(97,13,true)
(98,13,true)
(99,13,true)
(2,14,false)
(3,14,false)
(4,14,false)
(5,14,false)
(7,14,false)
(10,14,false)
(14,14,false)
(19,14,false)
(20,14,true)
(22,14,true)
(25,14,true)
(29,14,true)
(34,14,true)
(38,14,true)
(40,14,true)
(46,14,true)
(49,14,true)
(55,14,true)
(58,14,true)
(60,14,true)
(63,14,true)
(64,14,true)
(68,14,true)
(69,14,true)
(72,14,true)
(74,14,true)
(77,14,true)
(79,14,true)
(85,14,true)
(87,14,true)
(91,14,false)
(94,14,true)
(0,15,false)
(3,15,false)
(4,15,false)
(5,15,false)
(6,15,false)
(10,15,false)
(11,15,true)
(20,15,true)
(21,15,true)
(24,15,true)
(25,15,true)
(28,15,true)
(31,15,true)
(34,15,true)
(39,15,true)
(41,15,true)
(42,15,true)
(43,15,true)
(48,15,true)
(49,15,true)
(50,15,true)
(51,15,true)
(54,15,true)
(55,15,true)
(61,15,true)
(62,15,true)
(64,15,true)
(80,15,true)
(81,15,true)
(83,15,true)
(84,15,true)
(86,15,true)
(87,15,true)
(89,15,true)
(90,15,true)
(91,15,true)
(97,15,true)
(98,15,true)
(0,16,true)
(1,16,false)
(3,16,false)
(5,16,false)
(6,16,false)
(8,16,false)
(14,16,false)
(16,16,false)
(21,16,true)
(24,16,true)
(25,16,true)
(29,16,true)
(36,16,false)
(46,16,true)
(50,16,true)
(51,16,true)
(53,16,true)
(54,16,true)
(56,16,true)
(59,16,true)
(69,16,true)
(71,16,true)
(72,16,true)
(73,16,true)
(74,16,true)
(75,16,false)
(78,16,true)
(79,16,true)
(87,16,true)
(95,16,true)
(99,16,true)
(0,17,false)
(3,17,false)
(6,17,false)
(8,17,false)
(17,17,false)
(23,17,true)
(26,17,true)
(29,17,true)
(30,17,true)
(32,17,true)
(34,17,true)
(35,17,true)
(37,17,true)
(45,17,true)
(46,17,true)
(51,17,true)
(54,17,true)
(57,17,true)
(58,17,true)
(61,17,true)
(67,17,true)
(68,17,true)
(70,17,true)
(71,17,true)
(73,17,true)
(78,17,true)
(84,17,false)
(85,17,true)
(86,17,true)
(91,17,true)
(92,17,true)
(96,17,true)
(99,17,true)
(4,18,false)
(10,18,false)
(11,18,false)
(12,18,false)
(16,18,false)
(31,18,true)
(32,18,true)
(33,18,true)
(34,18,true)
(36,18,true)
(43,18,true)
(44,18,true)
(47,18,true)
(49,18,true)
(55,18,true)
(56,18,true)
(57,18,true)
(58,18,true)
(62,18,true)
(63,18,false)
(71,18,true)
(87,18,true)
(90,18,true)
(93,18,true)
(99,18,true)
(0,19,false)
(1,19,false)
(2,19,false)
(5,19,false)
(6,19,false)
(8,19,false)
(18,19,false)
(20,19,true)
(22,19,true)
(30,19,true)
(31,19,true)
(38,19,true)
(46,19,true)
(47,19,true)
(49,19,true)
(58,19,true)
(59,19,true)
(60,19,true)
(61,19,true)
(62,19,true)
(64,19,true)
(67,19,true)
(68,19,true)
(74,19,true)
(76,19,true)
(79,19,true)
(86,19,true)
(89,19,true)
(91,19,true)
(94,19,true)
(2,20,false)
(3,20,false)
(13,20,true)
(14,20,true)
(15,20,false)
(19,20,false)
(24,20,true)
(25,20,true)
(32,20,true)
(37,20,true)
(45,20,true)
(46,20,true)
(47,20,true)
(48,20,false)
(49,20,true)
(50,20,true)
(51,20,true)
(54,20,true)
(55,20,true)
(61,20,true)
(67,20,true)
(71,20,true)
(72,20,true)
(74,20,true)
(75,20,true)
(77,20,true)
(82,20,true)
(83,20,true)
(84,20,true)
(86,20,true)
(89,20,true)
(94,20,true)
(96,20,true)
(98,20,true)
(0,21,false)
(6,21,false)
(7,21,false)
(10,21,false)
(11,21,false)
(12,21,false)
(35,21,true)
(40,21,true)
(41,21,true)
(44,21,false)
(53,21,true)
(54,21,true)
(55,21,true)
(56,21,true)
(57,21,true)
(69,21,true)
(71,21,true)
(72,21,true)
(77,21,true)
(78,21,true)
(81,21,false)
(83,21,true)
(88,21,true)
(89,21,true)
(93,21,true)
(94,21,true)
(95,21,true)
(98,21,true)
(2,22,false)
(5,22,false)
(6,22,false)
(8,22,false)
(13,22,false)
(21,22,true)
(22,22,true)
(24,22,true)
(26,22,false)
(27,22,true)
(30,22,true)
(33,22,true)
(34,22,true)
(35,22,true)
(44,22,true)
(50,22,true)
(55,22,false)
(57,22,true)
(59,22,true)
(60,22,true)
(64,22,true)
(65,22,true)
(66,22,true)
(71,22,true)
(75,22,true)
(76,22,true)
(82,22,true)
(85,22,true)
(96,22,true)
(9,23,false)
(17,23,false)
(23,23,true)
(32,23,true)
(34,23,true)
(39,23,true)
(41,23,true)
(42,23,true)
(48,23,true)
(55,23,true)
(63,23,true)
(66,23,true)
(72,23,true)
(74,23,true)
(76,23,true)
(81,23,true)
(88,23,true)
(92,23,true)
(95,23,true)
(6,24,false)
(11,24,false)
(17,24,false)
(18,24,false)
(24,24,true)
(27,24,true)
(31,24,true)
(33,24,true)
(38,24,true)
(39,24,true)
(46,24,true)
(47,24,true)
(51,24,true)
(54,24,true)
(56,24,true)
(61,24,true)
(64,24,true)
(68,24,true)
(72,24,false)
(77,24,true)
(78,24,true)
(81,24,true)
(85,24,true)
(87,24,true)
(96,24,true)
(97,24,true)
(11,25,false)
(13,25,false)
(24,25,true)
(27,25,true)
(28,25,true)
(30,25,true)
(32,25,true)
(33,25,true)
(34,25,true)
(35,25,true)
(42,25,true)
(43,25,true)
(44,25,true)
(48,25,true)
(51,25,true)
(52,25,true)
(57,25,true)
(68,25,true)
(74,25,true)
(76,25,true)
(77,25,true)
(84,25,true)
(91,25,true)
(92,25,true)
(93,25,true)
(95,25,true)
(98,25,true)
(99,25,true)
(1,26,false)
(2,26,false)
(5,26,false)
(6,26,false)
(9,26,false)
(12,26,false)
(13,26,false)
(14,26,false)
(16,26,false)
(19,26,false)
(22,26,true)
(26,26,true)
(27,26,false)
(28,26,true)
(43,26,true)
(53,26,true)
(56,26,true)
(62,26,true)
(69,26,true)
(71,26,true)
(80,26,true)
(81,26,true)
(83,26,true)
(86,26,true)
(89,26,true)
(91,26,true)
(99,26,true)
(0,27,false)
(1,27,false)
(2,27,false)
(6,27,false)
(10,27,false)
(16,27,false)
(18,27,false)
(27,27,true)
(29,27,true)
(35,27,true)
(36,27,true)
(41,27,true)
(43,27,true)
(44,27,true)
(46,27,true)
(66,27,true)
(68,27,true)
(74,27,true)
(77,27,true)
(82,27,false)
(83,27,true)
(85,27,true)
(88,27,true)
(90,27,true)
(98,27,true)
(6,28,false)
(8,28,true)
(11,28,true)
(22,28,true)
(27,28,true)
(28,28,true)
(29,28,true)
(43,28,true)
(46,28,true)
(52,28,true)
(59,28,true)
(60,28,true)
(62,28,true)
(64,28,true)
(65,28,true)
(66,28,true)
(79,28,true)
(86,28,true)
(99,28,true)
(0,29,false)
(3,29,false)
(6,29,false)
(10,29,false)
(11,29,false)
(15,29,false)
(17,29,false)
(20,29,true)
(27,29,false)
(32,29,true)
(34,29,true)
(40,29,true)
(43,29,true)
(44,29,true)
(46,29,true)
(47,29,true)
(48,29,true)
(52,29,true)
(57,29,true)
(59,29,true)
(61,29,true)
(62,29,true)
(66,29,true)
(67,29,true)
(71,29,true)
(73,29,true)
(76,29,true)
(80,29,true)
(83,29,true)
(85,29,true)
(88,29,true)
(92,29,true)
(94,29,true)
(95,29,true)
(0,30,false)
(4,30,false)
(12,30,false)
(17,30,false)
(18,30,false)
(23,30,true)
(32,30,true)
(43,30,true)
(44,30,true)
(48,30,true)
(49,30,true)
(50,30,true)
(61,30,true)
(69,30,true)
(70,30,true)
(72,30,true)
(74,30,true)
(79,30,true)
(80,30,true)
(81,30,true)
(82,30,true)
(86,30,true)
(92,30,true)
(95,30,true)
(1,31,false)
(5,31,false)
(11,31,true)
(22,31,true)
(24,31,true)
(25,31,true)
(26,31,true)
(27,31,true)
(28,31,true)
(29,31,true)
(35,31,true)
(49,31,true)
(51,31,true)
(53,31,true)
(58,31,true)
(60,31,true)
(61,31,true)
(71,31,true)
(75,31,true)
(81,31,true)
(84,31,true)
(91,31,true)
(92,31,true)
(93,31,true)
(98,31,true)
(2,32,false)
(9,32,false)
(10,32,false)
(17,32,false)
(25,32,true)
(28,32,true)
(34,32,true)
(40,32,true)
(43,32,true)
(46,32,true)
(48,32,true)
(64,32,true)
(66,32,true)
(69,32,true)
(75,32,true)
(77,32,true)
(78,32,true)
(85,32,true)
(86,32,true)
(88,32,true)
(89,32,true)
(91,32,true)
(96,32,true)
(13,33,true)
(15,33,false)
(23,33,true)
(24,33,true)
(35,33,true)
(44,33,true)
(45,33,true)
(46,33,true)
(48,33,true)
(53,33,true)
(55,33,true)
(58,33,true)
(59,33,true)
(64,33,true)
(65,33,true)
(66,33,true)
(68,33,true)
(74,33,true)
(76,33,true)
(77,33,false)
(88,33,true)
(91,33,true)
(99,33,true)
(1,34,false)
(2,34,false)
(3,34,false)
(11,34,false)
(19,34,false)
(27,34,true)
(30,34,true)
(32,34,true)
(33,34,true)
(36,34,true)
(39,34,true)
(53,34,true)
(54,34,true)
(57,34,true)
(67,34,true)
(72,34,true)
(77,34,true)
(85,34,true)
(89,34,true)
(96,34,false)
(99,34,true)
(4,35,false)
(7,35,false)
(11,35,false)
(15,35,false)
(16,35,false)
(17,35,false)
(18,35,false)
(24,35,true)
(29,35,true)
(30,35,true)
(32,35,true)
(33,35,true)
(34,35,true)
(41,35,true)
(44,35,true)
(50,35,true)
(57,35,true)
(58,35,true)
(63,35,true)
(66,35,true)
(69,35,true)
(70,35,true)
(73,35,true)
(94,35,true)
(98,35,true)
(4,36,false)
(18,36,false)
(31,36,true)
(38,36,true)
(42,36,true)
(43,36,true)
(44,36,true)
(46,36,true)
(55,36,true)
(57,36,false)
(67,36,true)
(70,36,true)
(77,36,true)
(78,36,true)
(85,36,true)
(86,36,true)
(91,36,true)
(97,36,true)
(5,37,false)
(10,37,false)
(12,37,false)
(27,37,true)
(35,37,true)
(44,37,true)
(46,37,true)
(52,37,true)
(59,37,true)
(61,37,true)
(62,37,true)
(73,37,true)
(74,37,false)
(92,37,true)
(94,37,true)
(96,37,true)
(99,37,true)
(1,38,false)
(2,38,false)
(6,38,false)
(10,38,false)
(16,38,false)
(24,38,true)
(26,38,true)
(28,38,true)
(30,38,true)
(31,38,true)
(32,38,true)
(34,38,true)
(37,38,true)
(41,38,true)
(46,38,true)
(48,38,true)
(55,38,true)
(57,38,true)
(59,38,true)
(63,38,true)
(64,38,true)
(67,38,true)
(68,38,true)
(71,38,true)
(72,38,true)
(74,38,true)
(84,38,true)
(85,38,true)
(86,38,true)
(92,38,true)
(99,38,true)
(5,39,false)
(7,39,false)
(9,39,false)
(11,39,false)
(13,39,true)
(18,39,false)
(21,39,true)
(28,39,true)
(30,39,true)
(36,39,true)
(39,39,true)
(42,39,true)
(45,39,true)
(46,39,true)
(47,39,true)
(49,39,true)
(51,39,true)
(54,39,true)
(56,39,true)
(57,39,true)
(58,39,true)
(59,39,true)
(61,39,true)
(64,39,true)
(65,39,true)
(66,39,true)
(68,39,true)
(70,39,true)
(74,39,true)
(75,39,true)
(81,39,true)
(87,39,true)
(89,39,true)
(93,39,true)
(97,39,true)
(99,39,true)
(2,40,false)
(8,40,false)
(10,40,false)
(14,40,false)
(15,40,false)
(19,40,false)
(21,40,true)
(29,40,true)
(32,40,true)
(33,40,false)
(41,40,true)
(43,40,true)
(50,40,true)
(54,40,true)
(63,40,true)
(73,40,true)
(76,40,true)
(83,40,false)
(86,40,true)
(87,40,true)
(2,41,false)
(3,41,false)
(4,41,false)
(10,41,false)
(12,41,false)
(23,41,true)
(25,41,true)
(28,41,true)
(32,41,true)
(36,41,true)
(40,41,true)
(41,41,true)
(42,41,true)
(49,41,true)
(50,41,true)
(51,41,true)
(58,41,true)
(63,41,true)
(71,41,true)
(73,41,true)
(74,41,true)
(82,41,true)
(90,41,true)
(16,42,true)
(29,42,true)
(31,42,true)
(35,42,true)
(39,42,true)
(46,42,true)
(49,42,true)
(52,42,true)
(54,42,true)
(57,42,true)
(70,42,true)
(74,42,true)
(75,42,true)
(79,42,true)
(81,42,true)
(83,42,true)
(86,42,true)
(87,42,true)
(94,42,false)
(95,42,true)
(97,42,true)
(99,42,true)
(8,43,false)
(11,43,false)
(12,43,false)
(18,43,false)
(24,43,true)
(29,43,true)
(31,43,true)
(39,43,true)
(40,43,false)
(42,43,true)
(46,43,true)
(47,43,true)
(48,43,true)
(49,43,true)
(53,43,true)
(56,43,true)
(58,43,true)
(62,43,false)
(65,43,true)
(66,43,true)
(75,43,true)
(76,43,true)
(90,43,true)
(95,43,true)
(97,43,true)
(0,44,false)
(4,44,false)
(6,44,false)
(7,44,false)
(8,44,false)
(9,44,false)
(11,44,false)
(29,44,true)
(41,44,true)
(42,44,true)
(44,44,true)
(48,44,false)
(53,44,true)
(57,44,true)
(59,44,true)
(60,44,true)
(63,44,true)
(64,44,true)
(81,44,true)
(84,44,true)
(87,44,true)
(88,44,true)
(89,44,true)
(92,44,true)
(94,44,true)
(0,45,false)
(2,45,false)
(3,45,false)
(4,45,false)
(22,45,true)
(25,45,true)
(28,45,true)
(31,45,true)
(33,45,true)
(42,45,true)
(51,45,true)
(55,45,true)
(60,45,true)
(62,45,true)
(67,45,true)
(71,45,true)
(72,45,true)
(74,45,true)
(78,45,true)
(80,45,true)
(82,45,true)
(90,45,true)
(92,45,true)
(94,45,true)
(7,46,false)
(21,46,true)
(25,46,true)
(30,46,true)
(32,46,true)
(39,46,true)
(41,46,true)
(45,46,true)
(47,46,true)
(57,46,true)
(63,46,true)
(69,46,true)
(86,46,true)
(89,46,true)
(91,46,true)
(92,46,true)
(95,46,true)
(99,46,true)
(1,47,false)
(7,47,false)
(10,47,false)
(13,47,false)
(14,47,false)
(15,47,false)
(19,47,false)
(21,47,true)
(31,47,true)
(36,47,true)
(49,47,true)
(50,47,true)
(52,47,true)
(53,47,true)
(64,47,false)
(65,47,true)
(66,47,false)
(72,47,true)
(84,47,true)
(86,47,true)
(94,47,true)

(10,6)
(31,44)
(90,39)
(33,42)
(27,30)
(26,24)
(98,16)
(87,43)
(83,44)
(54,43)
(72,3)
(16,40)
(15,46)
(68,16)
(79,1)
(42,10)
(54,29)
(45,16)
(58,26)
(85,15)
(2,16)
(93,24)
(41,10)
(51,36)
(27,33)
(3,26)
(68,23)
(85,40)
(19,27)
(38,7)
(96,21)
(47,8)
(11,23)
(46,13)
(4,47)
(36,37)
(32,0)
(30,16)
(70,22)
(17,44)
(51,12)
(12,13)
(50,28)
(19,8)
(20,17)
(98,11)
(64,35)
(35,46)
(69,45)
(72,27)
(41,17)
(39,13)
(17,28)
(71,8)
(67,22)
(11,33)
(25,4)
(50,11)
(76,38)
(87,36)
(14,15)
(80,36)
(96,29)
(48,19)
(65,31)
(7,28)
(45,25)
(97,6)
(91,30)
(86,1)
(31,26)
(40,27)
(8,41)
(24,19)
(87,23)
(14,29)
(34,34)
(33,5)
(33,28)
(70,28)
(72,19)
(39,1)
(18,12)
(98,19)
(1,36)
(12,9)
(31,6)
(26,29)
(9,47)
(62,3)
(24,29)
(87,22)
(58,22)
(99,44)
(83,6)
(99,12)
(16,3)
(5,21)
(75,25)
(17,21)
(44,9)
(89,7)
(7,6)
(37,15)
(56,45)
(27,46)
(34,16)
(94,17)
(53,18)
(76,39)
(48,24)
(38,10)
(7,33)
(81,25)
(19,37)
(5,5)
(63,34)
(28,47)
(30,40)
(22,34)
(5,40)
(23,12)
(48,45)
(49,44)
(53,7)
(16,45)
(53,36)
(12,33)
(50,19)
(12,36)
(91,2)
(96,26)
(58,46)
(18,23)
(95,26)
(39,28)
(16,37)
(96,4)
(42,26)
(17,10)
(53,2)
(36,6)
(33,1)
(38,8)
(70,37)
(38,25)
(87,28)
(42,14)
(14,22)
(25,8)
(36,46)
(32,16)
(9,30)
(7,19)
(90,22)
(26,45)
(10,20)
(27,5)
(70,45)
(17,1)
(50,46)
(0,1)
(53,10)
(91,27)
(5,0)
(28,34)
(12,19)
(71,12)
(92,24)
(57,13)
(47,40)
(92,42)
(25,39)
(79,13)
(26,35)
(36,7)
(77,18)
(95,41)
(1,22)
(32,13)
(67,15)
(59,34)
(24,28)
(87,33)
(68,10)
(58,36)
(56,8)
(35,32)
(29,37)
(98,17)
(63,15)
(84,37)
(10,26)
(67,14)
(13,46)
(39,44)
(26,34)
(20,33)
(18,47)
(48,4)
(4,37)
(47,9)
(61,32)
(39,12)
(76,3)
(64,7)
(80,16)
(70,33)
(6,34)
(66,25)
(92,1)
(98,44)
(94,38)
(6,41)
(69,39)
(8,11)
(40,17)
(84,19)
(51,26)
(41,14)
(51,22)
(71,23)
(43,46)
(84,27)
(53,45)
(61,14)
(81,8)
(27,4)
(72,46)
(1,1)
(15,23)
(19,6)
(99,1)
(79,31)
(2,42)
(16,4)
(53,30)
(3,40)
(81,43)
(61,25)
(95,37)
(23,37)
(18,4)
(78,33)
(62,12)
(10,11)
(42,33)
(55,30)
(35,12)
(99,19)
(41,3)
(60,7)
(49,26)
(1,28)
(79,26)
(79,10)
(87,38)
(61,9)
(87,32)
(94,31)
(2,31)
(47,23)
(57,15)
(85,23)
(83,34)
(96,10)
(80,31)
(52,6)
(36,20)
(71,42)
(37,18)
(66,6)
(99,24)
(36,26)
(18,10)
(21,35)
(62,34)
(0,8)
(4,1)
(52,1)
(84,42)
(6,5)
(71,14)
(79,5)
(9,15)
(46,1)
(28,11)
(58,45)
(51,1)
(86,11)
(18,18)
(62,24)
(10,46)
(82,16)
(39,26)
(55,27)
(7,20)
(11,46)
(35,13)
(99,45)
(68,31)
(75,28)
(62,20)
(27,15)
(70,5)
(24,5)
(49,32)
(34,26)
(87,20)
(53,22)
(80,32)
(27,16)
(83,36)
(54,23)
(10,9)
(86,21)
(45,24)
(4,21)
(34,19)
(47,37)
(14,17)
(17,22)
(81,5)
(95,9)
(78,14)
(85,18)
(19,33)
(77,12)
(93,17)
(64,6)
(96,25)
(89,30)
(24,30)
(84,21)
(21,36)
(91,37)
(60,9)
(58,15)
(91,16)
(24,3)
(73,39)
(55,0)
(44,45)
(73,5)
(27,32)
(73,20)
(52,9)
(90,32)
(80,4)
(52,12)
(21,9)
(40,11)
(55,40)
(1,32)
(18,32)
(21,25)
(68,1)
(88,19)
(64,46)
(62,40)
(40,33)
(92,6)
(18,3)
(25,37)
(41,9)
(60,0)
(18,37)
(30,24)
(16,47)
(88,20)
(17,18)
(79,47)
(86,45)
(45,3)
(96,28)
(34,41)
(39,18)
(75,44)
(0,46)
(40,24)
(87,4)
(18,14)
(24,21)
(76,36)
(83,37)
(76,18)
(48,17)
(91,43)
(97,31)
(85,47)
(64,20)
(45,23)
(1,20)
(20,23)
(19,19)
(18,34)
(32,33)
(78,29)
(47,11)
(95,17)
(46,41)
(4,24)
(67,4)
(33,2)
(85,33)
(33,17)
(44,16)
(14,30)
(66,7)
(11,16)
(42,20)
(81,22)
(32,10)
(87,9)
(44,32)
(21,37)
(55,44)
(59,3)
(96,11)
(79,12)
(12,24)
(14,39)
(9,20)
(83,28)
(86,7)
(47,22)
(7,8)
(58,1)
(57,1)
(43,34)
(59,23)
(20,35)
(38,27)
(83,46)
(9,17)
(67,18)
(55,7)
(40,9)
(22,37)
(71,11)
(33,11)
(89,0)
(26,7)
(39,45)
(95,32)
(97,11)
(31,33)
(37,14)
(64,21)
(44,5)
(66,17)
(80,27)
(25,25)
(21,10)
(13,18)
(46,7)
(26,4)
(4,16)
(56,14)
(94,6)
(37,44)
(63,37)
(82,18)
(33,21)
(62,25)
(93,35)
(0,11)
(63,10)
(1,24)
(0,7)
(64,25)
(70,0)
(62,32)
(89,27)
(84,14)
(20,24)
(15,43)
(68,42)
(69,37)
(34,47)
(22,38)
(87,41)
(46,22)
(22,15)
(67,41)
(75,23)
(99,15)
(40,18)
(3,38)
(60,18)
(73,14)
(98,46)
(14,35)
(81,37)
(17,2)
(77,7)
(21,18)
(27,47)
(20,34)
(6,47)
(23,28)
(61,16)
(80,18)
(53,37)
(34,45)
(59,18)
(74,35)
(55,32)
(72,13)
(24,14)
(12,35)
(68,2)
(4,3)
(67,5)
(9,4)
(58,29)
(20,32)
(73,33)
(90,7)
(18,7)
(67,7)
(23,43)
(96,2)
(92,43)
(66,40)
(41,33)
(8,8)
(95,1)
(35,2)
(71,15)
(18,15)
(93,16)
(94,12)
(44,24)
(70,10)
(67,33)
(45,43)
(76,16)
(53,41)
(46,4)
(88,41)
(95,45)
(62,17)
(77,23)
(58,40)
(98,32)
(74,18)
(37,41)
(14,18)
(14,45)
(30,21)
(0,37)
(5,29)
(46,11)
(21,3)
(18,40)
(66,15)
(4,10)
(33,19)
(6,42)
(3,19)
(50,33)
(75,35)
(63,7)
(28,46)
(76,37)
(66,46)
(35,19)
(29,32)
(88,25)
(87,11)
(63,22)
(82,40)
(32,45)
(1,4)
(76,45)
(76,14)
(12,47)
(10,34)
(39,14)
(69,7)
(34,36)
(26,3)
(50,26)
(51,38)
(90,10)
(20,27)
(96,15)
(61,22)
(72,43)
(52,5)
(23,22)
(55,35)
(39,11)
(5,3)
(79,7)
(14,34)
(94,15)
(27,3)
(17,27)
(13,37)
(56,0)
(48,35)
(97,1)
(4,23)
(78,47)
(78,13)
(49,33)
(92,39)
(32,31)
(52,46)
(95,40)
(85,45)
(53,24)
(10,44)
(60,20)
(77,39)
(59,21)
(80,7)
(5,17)
(31,35)
(96,18)
(60,13)
(3,25)
(23,19)
(15,10)
(60,25)
(33,7)
(52,33)
(83,12)
(16,21)
(78,31)
(74,29)
(66,11)
(52,41)
(35,14)
(7,24)
(65,5)
(63,27)
(72,9)
(85,10)
(50,44)
(76,1)
(23,24)
(87,1)
(24,27)
(38,28)
(71,36)
(51,37)
(69,2)
(78,43)
(30,14)
(10,12)
(99,5)
(79,22)
(31,1)
(3,23)
(54,36)
(63,21)
(43,19)
(76,47)
(77,17)
(87,31)
(28,16)
(9,28)
(40,15)
(46,5)
(8,42)
(53,19)
(88,8)
(72,15)
(33,16)
(62,13)
(47,14)
(51,10)
(72,28)
(70,26)
(40,28)
(41,45)
(56,46)
(47,21)
(48,41)
(46,3)
(90,26)
(34,27)
(61,6)
(58,4)
(96,42)
(45,34)
(42,9)
(90,25)
(74,40)
(18,17)
(99,22)
(45,2)
(96,47)
(66,41)
(76,21)
(53,38)
(20,5)
(55,17)
(45,29)
(41,22)
(38,6)
(42,35)
(94,25)
(50,39)
(63,17)
(92,10)
(90,11)
(17,14)
(85,37)
(56,44)
(94,27)
(21,27)
(3,2)
(37,4)
(72,12)
(50,8)
(23,31)
(30,43)
(85,30)
(59,41)
(0,13)
(66,20)
(69,1)
(53,15)
(6,23)
(57,45)
(13,32)
(75,3)
(92,9)
(52,10)
(53,46)
(41,12)
(50,32)
(48,2)
(23,36)
(94,33)
(10,31)
(66,24)
(33,32)
(35,40)
(61,4)
(81,16)
(61,12)
(7,4)
(64,41)
(50,9)
(19,46)
(75,11)
(38,21)
(30,18)
(71,27)
(34,3)
(56,19)
(53,27)
(66,1)
(10,22)
(26,43)
(13,35)
(50,29)
(95,15)
(91,38)
(98,14)
(62,39)
(96,13)
(62,22)
(41,16)
(29,2)
(55,41)
(92,18)
(4,26)
(62,5)
(32,15)
(0,22)
(44,20)
(31,7)
(4,22)
(59,6)
(47,42)
(31,0)
(32,27)
(77,2)
(72,44)
(8,6)
(87,7)
(18,41)
(39,2)
(41,2)
(31,41)
(78,23)
(23,40)
(90,36)
(39,47)
(7,42)
(45,38)
(92,20)
(39,31)
(91,7)
(72,26)
(22,27)
(4,33)
(12,28)
(78,30)
(61,28)
(76,28)
(6,31)
(50,18)
(83,18)
(76,42)
(21,29)
(52,13)
(66,14)
(34,46)
(37,28)
(59,14)
(24,36)
(43,35)
(94,8)
(13,29)
(25,12)
(78,12)
(7,23)
(88,45)
(16,15)
(67,24)
(82,15)
(78,1)
(59,11)
(25,38)
(18,38)
(26,47)
(54,2)
(99,36)
(97,47)
(42,5)
(8,39)
(64,34)
(14,9)
(23,16)
(35,9)
(15,5)
(18,20)
(88,17)
(57,33)
(57,11)
(78,15)
(56,22)
(62,16)
(84,32)
(97,10)
(35,10)
(35,18)
(51,5)
(71,44)
(4,6)
(73,46)
(16,25)
(20,37)
(82,33)
(41,28)
(86,22)
(23,21)
(35,4)
(60,43)
(80,14)
(12,31)
(86,44)
(87,29)
(59,30)
(40,44)
(27,43)
(28,4)
(72,7)
(8,32)
(20,21)
(18,2)
(9,24)
(98,9)
(7,16)
(6,43)
(79,35)
(69,28)
(73,0)
(43,16)
(39,6)
(10,16)
(86,41)
(2,12)
(23,44)
(4,29)
(27,45)
(83,31)
(99,10)
(62,6)
(6,6)
(69,15)
(15,32)
(97,21)
(65,12)
(93,22)
(95,12)
(54,33)
(37,27)
(22,11)
(95,18)
(91,0)
(63,19)
(74,28)
(2,35)
(81,38)
(16,34)
(27,19)
(29,24)
(52,16)
(44,46)
(76,30)
(51,35)
(21,20)
(87,12)
(46,30)
(3,43)
(31,21)
(10,19)
(73,30)
(44,7)
(73,44)
(44,42)
(81,41)
(81,17)
(76,32)
(82,17)
(98,33)
(91,18)
(22,43)
(19,22)
(51,34)
(77,15)
(1,41)
(16,1)
(26,46)
(20,44)
(30,27)
(54,6)
(87,30)
(83,25)
(6,2)
(22,2)
(99,11)
(77,46)
(96,27)
(42,32)
(8,25)
(15,17)
(42,31)
(16,29)
(24,12)
(44,43)
(41,26)
(82,46)
(75,33)
(7,5)
(56,29)
(6,35)
(39,16)
(86,16)
(19,43)
(43,6)
(60,21)
(68,20)
(7,38)
(70,32)
(26,28)
(84,33)
(48,12)
(96,19)
(52,21)
(12,16)
(22,12)
(24,1)
(69,43)
(54,9)
(76,46)
(16,20)
(40,4)
(65,29)
(94,2)
(27,38)
(33,37)
(80,44)
(99,35)
(99,31)
(26,36)
(60,35)
(32,14)
(84,36)
(99,30)
(75,27)
(26,33)
(25,30)
(79,32)
(57,26)
(76,35)
(65,35)
(82,44)
(97,30)
(85,43)
(51,44)
(46,8)
(27,17)
(69,36)
(56,17)
(69,44)
(24,26)
(61,41)
(85,39)
(15,9)
(46,21)
(28,18)
(97,28)
(22,40)
(28,36)
(60,17)
(71,40)
(85,21)
(48,16)
(48,8)
(19,13)
(39,25)
(55,47)
(85,6)
(3,10)
(48,28)
(13,14)
(78,39)
(26,23)
(99,9)
(33,14)
(93,30)
(3,30)
(22,24)
(24,7)
(55,26)
(3,35)
(26,40)
(33,41)
(34,33)
(4,5)
(38,23)
(83,22)
(47,28)
(4,43)
(36,8)
(32,44)
(85,12)
(74,12)
(12,25)
(89,14)
(0,34)
(15,15)
(77,9)
(53,20)
(5,25)
(23,14)
(20,18)
(0,24)
(81,45)
(58,8)
(18,25)
(35,43)
(7,11)
(71,4)
(92,7)
(83,9)
(43,20)
(11,10)
(85,16)
(38,18)
(94,4)
(79,38)
(21,12)
(13,30)
(53,14)
(31,20)
(26,11)
(79,20)
(41,29)
(33,44)
(61,46)
(78,22)
(45,47)
(82,4)
(24,13)
(87,10)
(59,17)
(21,23)
(12,5)
(80,38)
(92,2)
(2,44)
(62,46)
(61,21)
(90,4)
(47,27)
(40,42)
(92,22)
(13,10)
(27,18)
(57,14)
(68,6)
(56,3)
(83,8)
(67,23)
(98,26)
(4,42)
(15,6)
(81,18)
(48,5)
(39,21)
(67,44)
(1,2)
(26,15)
(47,15)
(61,18)
(10,28)
(4,25)
(94,36)
(31,2)
(63,39)
(44,31)
(91,34)
(79,36)
(69,4)
(80,24)
(16,44)
(48,36)
(64,37)
(20,26)
(33,33)
(5,47)
(73,45)
(30,30)
(33,15)
(37,9)
(54,11)
(88,18)
(40,34)
(43,38)
(93,1)
(39,5)
(47,47)
(64,12)
(59,40)
(92,36)
(56,40)
(63,20)
(0,14)
(54,22)
(52,18)
(87,25)
(7,45)
(42,17)
(44,13)
(64,17)
(58,32)
(67,25)
(84,30)
(42,21)
(83,5)
(91,23)
(3,42)
(83,33)
(69,6)
(93,13)
(90,34)
(11,38)
(29,19)
(18,33)
(77,19)
(21,33)
(35,41)
(66,38)
(49,2)
(16,30)
(59,0)
(71,19)
(81,6)
(28,42)
(56,34)
(59,20)
(93,33)
(32,19)
(90,42)
(64,43)
(15,21)
(37,29)
(19,32)
(23,47)
(5,28)
(63,47)
(56,13)
(9,45)
(23,39)
(74,31)
(2,15)
(16,14)
(63,29)
(93,9)
(26,18)
(39,3)
(5,4)
(27,40)
(47,5)
(47,1)
(28,24)
(58,5)
(38,0)
(21,30)
(95,44)
(61,13)
(26,13)
(46,25)
(43,8)
(90,0)
(88,26)
(95,8)
(93,47)
(36,29)
(64,18)
(48,14)
(25,35)
(32,24)
(3,8)
(7,18)
(33,43)
(53,29)
(96,8)
(39,38)
(3,5)
(27,10)
(52,45)
(91,5)
(12,3)
(45,27)
(55,31)
(56,37)
(89,36)
(91,21)
(27,44)
(20,39)
(76,15)
(62,41)
(46,15)
(92,33)
(80,40)
(2,9)
(33,30)
(62,14)
(21,28)
(53,17)
(93,43)
(79,37)
(95,36)
(48,22)
(64,23)
(67,10)
(58,0)
(82,23)
(59,45)
(77,16)
(94,16)
(96,16)
(24,37)
(79,17)
(91,45)
(41,30)
(23,38)
(54,44)
(7,15)
(86,23)
(28,14)
(70,24)
(52,27)
(29,46)
(29,39)
(96,45)
(80,20)
(72,33)
(11,11)
(14,41)
(11,30)
(85,19)
(27,42)
(51,23)
(30,32)
(19,9)
(51,32)
(43,41)
(33,23)
(66,13)
(21,8)
(83,4)
(13,38)
(36,24)
(69,41)
(14,24)
(59,10)
(4,46)
(28,3)
(47,41)
(74,4)
(10,10)
(85,31)
(16,31)
(69,11)
(94,0)
(1,15)
(0,20)
(79,34)
(40,25)
(91,29)
(54,35)
(17,34)
(71,9)
(20,4)
(48,40)
(3,36)
(18,26)
(84,2)
(83,14)
(88,14)
(51,29)
(60,16)
(78,0)
(21,24)
(31,46)
(24,34)
(64,4)
(14,23)
(66,5)
(32,26)
(94,22)
(52,19)
(1,21)
(74,46)
(84,3)
(70,20)
(7,7)
(56,20)
(80,3)
(40,13)
(47,16)
(22,9)
(11,12)
(85,28)
(52,22)
(75,24)
(67,35)
(60,42)
(82,14)
(83,41)
(43,42)
(24,44)
(36,28)
(16,32)
(12,14)
(15,14)
(54,13)
(71,28)
(82,7)
(61,43)
(50,31)
(56,15)
(31,30)
(41,6)
(54,14)
(55,29)
(52,35)
(46,26)
(39,19)
(13,6)
(97,32)
(44,23)
(13,16)
(1,11)
(9,37)
(6,25)
(5,1)
(85,20)
(10,36)
(67,21)
(80,43)
(4,12)
(71,33)
(69,25)
(80,25)
(35,28)
(46,6)
(98,38)
(92,21)
(37,33)
(68,18)
(82,19)
(8,46)
(82,36)
(87,26)
(7,41)
(49,6)
(87,19)
(83,7)
(42,18)
(16,43)
(84,4)
(16,23)
(87,37)
(97,26)
(89,38)
(0,35)
(95,22)
(58,6)
(54,19)
(88,15)
(68,13)
(14,8)
(64,30)
(18,28)
(4,32)
(45,30)
(74,17)
(15,4)
(73,19)
(90,19)
(66,21)
(93,44)
(89,9)
(4,17)
(76,41)
(33,10)
(65,41)
(87,17)
(12,23)
(99,14)
(70,19)
(1,6)
(76,7)
(53,23)
(17,19)
(84,24)
(16,6)
(93,26)
(71,25)
(24,9)
(8,18)
(69,18)
(7,27)
(35,29)
(46,31)
(90,46)
(59,36)
(33,31)
(15,19)
(61,27)
(99,20)
(81,32)
(11,4)
(52,4)
(1,12)
(75,46)
(47,17)
(43,17)
(40,30)
(27,35)
(37,47)
(79,9)
(94,23)
(55,8)
(36,0)
(5,43)
(36,31)
(48,3)
(29,8)
(89,23)
(99,47)
(39,27)
(15,37)
(5,23)
(8,15)
(62,11)
(71,47)
(49,25)
(19,16)
(80,17)
(18,46)
(49,1)
(79,24)
(24,47)
(19,10)
(7,25)
(47,38)
(86,35)
(48,21)
(86,27)
(41,36)
(52,14)
(76,24)
(76,6)
(39,17)
(47,33)
(54,27)
(36,15)
(19,23)
(58,27)
(2,8)
(94,41)
(25,23)
(30,45)
(69,17)
(53,42)
(22,20)
(46,35)
(76,26)
(0,43)
(29,34)
(95,47)
(65,20)
(76,5)
(96,40)
(47,2)
(34,39)
(6,8)
(63,25)
(36,13)
(76,27)
(45,12)
(2,18)
(86,34)
(39,22)
(72,37)
(49,22)
(88,40)
(31,13)
(22,3)
(65,34)
(62,35)
(37,19)
(96,33)
(47,25)
(58,42)
(95,27)
(23,5)
(59,8)
(65,11)
(74,34)
(78,34)
(58,30)
(72,31)
(28,44)
(39,20)
(62,36)
(67,46)
(15,24)
(75,12)
(92,26)
(27,39)
(78,2)
(17,46)
(15,25)
(85,26)
(74,44)
(38,29)
(87,21)
(11,20)
(33,27)
(85,35)
(97,37)
(82,2)
(61,33)
(26,42)
(41,8)
(68,46)
(60,38)
(7,17)
(42,2)
(33,26)
(87,46)
(57,32)
(60,12)
(35,30)
(52,31)
(22,33)
(57,20)
(36,30)
(93,34)
(51,14)
(68,44)
(4,4)
(10,17)
(65,19)
(90,14)
(62,47)
(74,36)
(3,7)
(24,18)
(26,10)
(89,35)
(30,31)
(93,14)
(90,47)
(50,37)
(72,18)
(58,37)
(83,16)
(30,6)
(29,22)
(69,20)
(49,21)
(46,45)
(78,28)
(37,8)
(66,44)
(80,19)
(69,31)
(74,43)
(84,29)
(74,13)
(63,6)
(83,13)
(96,12)
(67,31)
(62,23)
(13,27)
(11,17)
(16,11)
(5,9)
(64,31)
(73,42)
(15,2)
(80,34)
(86,24)
(80,37)
(5,12)
(45,28)
(82,35)
(26,16)
(27,36)
(42,6)
(93,10)
(66,19)
(83,39)
(53,28)
(89,12)
(71,46)
(68,7)
(81,47)
(30,2)
(43,21)
(34,9)
(19,24)
(69,27)
(63,11)
(8,26)
(9,8)
(6,7)
(75,7)
(20,43)
(78,37)
(93,36)
(32,11)
(23,20)
(13,36)
(16,5)
(82,34)
(9,38)
(98,37)
(18,44)
(25,19)
(93,2)
(5,8)
(61,26)
(15,39)
(97,44)
(33,13)
(56,7)
(1,23)
(53,25)
(91,39)
(81,40)
(13,28)
(24,42)
(74,26)
(66,26)
(88,6)
(38,9)
(51,30)
(51,13)
(73,32)
(90,35)
(21,45)
(94,30)
(42,16)
(26,12)
(85,41)
(28,6)
(52,39)
(86,37)
(26,39)
(67,32)
(64,16)
(36,36)
(61,40)
(4,20)
(49,40)
(36,33)
(20,9)
(53,13)
(26,20)
(12,22)
(85,8)
(57,28)
(91,10)
(96,5)
(6,20)
(66,18)
(17,37)
(25,34)
(47,13)
(67,1)
(99,43)
(19,42)
(75,0)
(17,25)
(19,38)
(35,34)
(81,33)
(21,21)
(97,27)
(87,13)
(31,3)
(56,27)
(48,37)
(38,45)
(17,8)
(67,0)
(12,32)
(49,23)
(76,9)
(64,29)
(1,37)
(71,30)
(1,18)
(24,17)
(49,11)
(79,8)
(94,32)
(81,36)
(95,38)
(47,30)
(35,38)
(77,6)
(57,19)
(31,28)
(65,14)
(75,13)
(39,9)
(88,35)
(36,25)
(40,31)
(25,43)
(73,26)
(87,47)
(42,19)
(96,30)
(16,28)
(85,42)
(37,16)
(13,43)
(20,31)
(7,32)
(59,5)
(24,41)
(44,14)
(84,34)
(42,7)
(68,40)
(2,39)
(22,25)
(83,32)
(79,21)
(49,46)
(49,37)
(77,5)
(46,34)
(9,35)
(47,32)
(61,42)
(76,12)
(18,16)
(31,17)
(10,8)
(54,4)
(70,43)
(80,33)
(52,34)
(81,28)
(28,33)
(68,30)
(65,23)
(96,0)
(69,33)
(47,44)
(20,46)
(77,30)
(36,9)
(99,41)
(38,39)
(30,13)
(93,41)
(6,40)
(7,43)
(92,28)
(36,19)
(3,18)
(76,20)
(40,19)
(22,13)
(59,26)
(25,26)
(61,10)
(34,30)
(59,31)
(57,40)
(48,26)
(71,10)
(33,46)
(14,33)
(38,32)
(25,22)
(64,13)
(44,19)
(82,13)
(56,41)
(91,6)
(1,13)
(88,16)
(26,19)
(60,40)
(69,9)
(91,47)
(6,12)
(25,13)
(70,46)
(16,19)
(52,26)
(18,13)
(31,34)
(95,19)
(8,0)
(85,25)
(7,37)
(39,41)
(52,32)
(17,4)
(13,1)
(79,29)
(96,39)
(2,33)
(7,34)
(53,39)
(35,1)
(47,36)
(82,29)
(12,29)
(22,41)
(62,42)
(21,32)
(71,24)
(87,27)
(45,32)
(58,11)
(7,30)
(2,29)
(53,40)
(77,38)
(8,23)
(83,35)
(66,16)
(73,11)
(33,39)
(42,28)
(15,13)
(52,44)
(8,38)
(34,44)
(79,15)
(42,46)
(12,10)
(98,23)
(1,7)
(25,11)
(55,24)
(2,37)
(51,21)
(84,28)
(69,19)
(81,27)
(45,0)
(55,11)
(35,20)
(97,12)
(55,16)
(53,32)
(76,17)
(31,16)
(70,21)
(24,39)
(67,26)
(24,46)
(81,14)
(95,5)
(11,13)
(7,40)
(50,21)
(87,45)
(0,18)
(42,38)
(11,19)
(49,17)
(33,20)
(1,30)
(72,29)
(33,38)
(51,33)
(78,3)
(0,39)
(18,31)
(82,39)
(20,11)
(38,1)
(77,31)
(32,43)
(23,11)
(90,30)
(31,29)
(44,34)
(18,45)
(20,42)
(4,39)
(84,35)
(61,38)
(73,22)
(43,45)
(67,37)
(32,3)
(61,45)
(37,3)
(91,24)
(96,44)
(11,22)
(20,25)
(86,12)
(64,26)
(40,45)
(40,23)
(8,27)
(68,35)
(89,33)
(16,33)
(52,17)
(14,25)
(97,38)
(8,35)
(12,7)
(50,27)
(75,19)
(0,25)
(17,26)
(78,10)
(29,36)
(7,2)
(64,42)
(41,43)
(72,36)
(43,9)
(15,26)
(54,26)
(15,30)
(26,30)
(94,39)
(93,27)
(37,24)
(11,3)
(36,3)
(46,18)
(73,31)
(20,6)
(75,17)
(22,23)
(18,22)
(92,4)
(91,42)
(63,43)
(79,45)
(39,35)
(41,5)
(60,5)
(8,33)
(53,35)
(29,20)
(73,36)
(24,32)
(15,45)
(40,5)
(87,34)
(22,36)
(46,46)
(84,9)
(51,43)
(36,45)
(93,37)
(43,14)
(84,16)
(65,38)
(37,25)
(24,40)
(24,45)
(17,39)
(85,46)
(47,31)
(10,43)
(86,9)
(85,44)
(94,7)
(27,20)
(27,21)
(67,2)
(37,31)
(45,15)
(77,29)
(55,10)
(20,20)
(57,47)
(5,30)
(88,24)
(17,38)
(69,34)
(98,47)
(33,47)
(64,27)
(43,10)
(34,28)
(17,41)
(18,21)
(5,34)
(71,34)
(18,29)
(64,36)
(96,35)
(64,5)
(90,31)
(72,22)
(20,10)
(82,43)
(22,17)
(77,41)
(32,22)
(81,20)
(30,36)
(93,6)
(27,6)
(18,42)
(93,38)
(81,29)
(7,22)
(55,42)
(50,43)
(3,22)
(74,47)
(79,27)
(60,47)
(28,7)
(88,10)
(59,13)
(10,1)
(56,33)
(17,43)
(44,15)
(32,28)
(71,37)
(74,22)
(10,30)
(90,37)
(63,13)
(93,19)
(98,39)
(96,6)
(30,12)
(93,42)
(33,29)
(49,27)
(69,29)
(15,31)
(61,47)
(43,7)
(70,16)
(38,47)
(79,23)
(56,36)
(51,19)
(1,29)
(16,41)
(34,0)
(88,28)
(92,3)
(24,23)
(48,34)
(84,13)
(2,21)
(34,21)
(12,39)
(6,18)
(88,13)
(74,21)
(48,18)
(51,46)
(69,42)
(57,12)
(91,12)
(86,39)
(2,13)
(40,39)
(59,35)
(63,30)
(36,23)
(56,4)
(92,34)
(14,10)
(42,29)
(54,32)
(67,30)
(68,26)
(0,23)
(25,18)
(60,8)
(77,37)
(51,4)
(70,2)
(41,39)
(22,29)
(0,33)
(14,28)
(63,12)
(10,42)
(21,19)
(55,39)
(5,46)
(95,14)
(95,35)
(88,47)
(51,47)
(83,11)
(87,35)
(20,8)
(11,41)
(76,13)
(37,39)
(96,46)
(50,45)
(98,24)
(62,10)
(76,31)
(10,45)
(31,37)
(35,7)
(95,24)
(21,17)
(10,25)
(58,13)
(91,28)
(73,8)
(71,32)
(70,47)
(65,15)
(22,35)
(94,28)
(7,36)
(7,31)
(31,22)
(55,19)
(76,34)
(54,46)
(40,38)
(77,47)
(46,23)
(52,23)
(96,9)
(44,28)
(96,36)
(52,40)
(95,28)
(76,44)
(96,38)
(55,46)
(70,40)
(66,34)
(11,40)
(6,9)
(2,47)
(89,24)
(57,24)
(3,24)
(82,10)
(93,23)
(45,10)
(17,6)
(74,32)
(54,37)
(64,45)
(31,10)
(72,40)
(96,23)
(83,45)
(4,34)
(95,39)
(63,36)
(23,8)
(38,16)
(23,18)
(3,37)
(46,40)
(42,12)
(46,47)
(58,21)
(31,31)
(73,34)
(69,40)
(32,21)
(92,19)
(44,38)
(92,14)
(34,37)
(41,42)
(28,23)
(14,46)
(4,38)
(40,12)
(64,40)
(14,21)
(20,22)
(19,17)
(59,24)
(79,46)
(93,32)
(6,37)
(88,7)
(6,39)
(0,28)
(90,16)
(0,40)
(16,24)
(48,31)
(55,28)
(46,44)
(33,36)
(57,43)
(51,18)
(81,2)
(99,21)
(77,44)
(38,22)
(57,4)
(20,16)
(70,23)
(39,33)
(93,8)
(51,42)
(91,35)
(61,36)
(28,8)
(21,11)
(41,11)
(43,24)
(90,3)
(2,25)
(5,6)
(88,43)
(17,7)
(35,23)
(78,26)
(49,24)
(86,33)
(5,38)
(48,27)
(98,6)
(84,6)
(4,40)
(62,21)
(7,26)
(22,39)
(95,33)
(89,11)
(23,46)
(59,32)
(26,32)
(58,16)
(1,39)
(84,41)
(45,31)
(62,30)
(99,27)
(96,41)
(29,23)
(83,38)
(36,32)
(61,35)
(42,8)
(6,14)
(8,36)
(57,27)
(49,28)
(74,24)
(74,9)
(26,9)
(39,30)
(93,20)
(2,36)
(60,26)
(44,3)
(28,10)
(6,33)
(34,31)
(86,14)
(4,27)
(2,46)
(19,25)
(1,33)
(62,33)
(43,31)
(55,43)
(10,39)
(22,18)
(75,38)
(38,43)
(31,25)
(65,42)
(26,27)
(69,24)
(22,8)
(63,28)
(92,40)
(67,16)
(90,5)
(86,6)
(2,23)
(16,46)
(9,33)
(11,36)
(56,23)
(69,23)
(82,28)
(45,26)
(59,15)
(11,45)
(26,14)
(36,17)
(86,25)
(6,45)
(75,41)
(3,44)
(67,13)
(7,29)
(78,8)
(6,46)
(16,22)
(83,19)
(74,15)
(92,35)
(22,47)
(1,14)
(1,44)
(50,36)
(83,43)
(47,34)
(28,17)
(47,35)
(61,23)
(43,23)
(20,47)
(84,26)
(94,9)
(13,13)
(91,20)
(62,38)
(50,17)
(1,42)
(9,29)
(45,36)
(67,27)
(35,11)
(48,46)
(57,23)
(38,20)
(15,18)
(21,14)
(58,23)
(11,37)
(0,36)
(95,20)
(43,37)
(97,45)
(58,24)
(43,44)
(16,17)
(41,19)
(13,31)
(42,22)
(72,17)
(55,25)
(78,11)
(16,12)
(34,10)
(36,43)
(63,42)
(6,36)
(13,42)
(69,22)
(48,39)
(73,38)
(42,42)
(37,35)
(27,7)
(39,29)
(72,39)
(79,25)
(26,21)
(43,33)
(84,39)
(29,21)
(27,9)
(95,34)
(77,22)
(20,28)
(68,5)
(41,31)
(45,21)
(11,26)
(26,37)
(42,30)
(89,41)
(2,30)
(72,41)
(68,4)
(23,15)
(88,2)
(31,14)
(38,35)
(91,41)
(69,38)
(39,32)
(91,40)
(54,25)
(15,42)
(9,41)
(48,47)
(93,28)
(60,29)
(65,6)
(1,17)
(31,39)
(73,10)
(75,45)
(65,27)
(60,46)
(28,30)
(91,44)
(5,20)
(73,3)
(75,29)
(44,26)
(34,24)
(47,45)
(73,15)
(47,26)
(90,21)
(20,45)
(15,8)
(78,41)
(90,28)
(55,34)
(8,14)
(25,40)
(82,24)
(5,41)
(32,37)
(26,25)
(56,25)
(61,44)
(48,42)
(9,12)
(56,35)
(41,25)
(26,41)
(29,12)
(12,8)
(35,24)
(61,34)
(23,2)
(34,20)
(88,37)
(90,23)
(6,30)
(26,44)
(95,31)
(98,10)
(43,39)
(6,32)
(34,42)
(19,31)
(17,16)
(78,18)
(31,27)
(35,8)
(96,14)
(23,29)
(8,13)
(91,22)
(98,18)
(54,12)
(4,28)
(60,39)
(60,33)
(30,29)
(28,19)
(19,36)
(96,31)
(39,40)
(88,46)
(41,24)
(27,41)
(97,41)
(45,4)
(39,36)
(51,27)
(1,46)
(14,42)
(71,43)
(93,40)
(82,25)
(17,36)
(70,18)
(54,47)
(50,34)
(71,35)
(42,27)
(75,47)
(94,26)
(98,40)
(77,35)
(40,35)
(67,43)
(0,38)
(27,8)
(58,47)
(55,37)
(75,37)
(31,40)
(67,47)
(37,23)
(42,47)
(51,28)
(4,11)
(66,37)
(84,23)
(94,24)
(80,41)
(11,27)
(75,15)
(71,39)
(31,32)
(12,38)
(4,19)
(83,17)
(2,17)
(25,42)
(51,40)
(92,41)
(37,32)
(28,35)
(11,32)
(96,43)
(50,23)
(14,31)
(17,11)
(67,39)
(32,42)
(57,30)
(57,16)
(70,38)
(37,11)
(81,19)
(43,43)
(60,34)
(40,46)
(15,16)
(45,40)
(20,38)
(69,47)
(45,18)
(68,45)
(68,34)
(9,46)
(5,35)
(50,7)
(77,28)
(84,22)
(88,31)
(0,26)
(15,34)
(43,12)
(9,25)
(90,44)
(36,21)
(19,15)
(0,32)
(92,27)
(27,14)
(40,36)
(45,42)
(8,3)
(19,41)
(4,31)
(66,36)
(36,42)
(40,22)
(80,39)
(66,42)
(94,43)
(15,41)
(30,44)
(10,24)
(94,34)
(72,42)
(50,42)
(88,34)
(15,44)
(93,46)
(25,17)
(54,38)
(60,4)
(90,40)
(29,15)
(78,44)
(50,5)
(75,34)
(82,38)
(58,3)
(72,32)
(89,28)
(89,45)
(49,35)
(67,42)
(59,42)
(9,19)
(30,28)
(49,34)
(60,27)
(92,47)
(73,6)
(88,42)
(99,29)
(88,1)
(20,41)
(99,23)
(80,23)
(82,47)
(14,12)
(40,26)
(15,11)
(41,13)
(54,30)
(66,31)
(41,18)
(72,35)
(79,11)
(42,24)
(70,15)
(68,11)
(32,39)
(31,23)
(2,11)
(42,37)
(19,18)
(58,25)
(66,45)
(50,25)
(22,42)
(79,43)
(38,41)
(72,8)
(25,44)
(57,10)
(25,47)
(3,11)
(15,27)
(65,16)
(45,37)
(79,40)
(44,41)
(65,32)
(79,33)
(82,31)
(23,35)
(8,21)
(73,25)
(45,19)
(72,25)
(93,29)
(11,6)
(15,7)
(65,10)
(75,40)
(89,37)
(49,16)
(93,12)
(52,30)
(54,28)
(25,27)
(59,9)
(28,12)
(0,31)
(32,32)
(15,38)
(54,41)
(82,11)
(79,41)
(45,14)
(42,3)
(32,36)
(39,37)
(89,40)
(59,25)
(63,33)
(56,42)
(23,27)
(59,43)
(25,7)
(67,40)
(67,28)
(45,22)
(62,44)
(25,36)
(82,32)
(8,4)
(78,35)
(59,46)
(3,32)
(73,27)
(10,23)
(75,18)
(77,43)
(50,24)
(99,40)
(62,31)
(65,44)
(35,15)
(1,43)
(68,36)
(60,23)
(13,41)
(36,44)
(44,40)
(56,38)
(66,30)
(11,14)
(11,42)
(59,27)
(49,29)
(1,40)
(83,30)
(27,23)
(9,27)
(94,46)
(14,43)
(93,15)
(5,36)
(49,36)
(23,34)
(57,41)
(56,28)
(15,22)
(19,39)
(19,45)
(79,39)
(73,23)
(0,6)
(1,25)
(97,35)
(97,18)
(92,32)
(89,18)
(82,26)
(43,47)
(82,21)
(11,47)
(28,27)
(41,37)
(54,45)
(5,44)
(1,35)
(50,14)
(17,42)
(83,24)
(36,40)
(93,45)
(42,40)
(20,30)
(50,38)
(62,27)
(73,9)
(32,47)
(77,45)
(3,28)
(42,34)
(44,39)
(5,27)
(78,6)
(63,31)
(79,44)
(5,33)
(15,36)
(44,17)
(73,28)
(86,18)
(0,47)
(56,30)
(65,46)
(92,15)
(22,16)
(38,31)
(20,40)
(3,46)
(56,47)
(84,40)
(49,8)
(77,42)
(15,28)
(88,22)
(0,42)
(90,24)
(78,4)
(57,31)
(9,18)
(89,25)
(63,16)
(22,32)
(88,39)
(38,33)
(1,45)
(43,22)
(81,34)
(77,40)
(97,20)
(94,18)
(12,15)
(38,26)
(81,46)
(22,21)
(54,18)
(8,37)
(16,36)
(5,32)
(58,44)
(14,38)
(52,15)
(86,31)
(68,22)
(20,36)
(17,13)
(78,38)
(30,20)
(37,10)
(25,24)
(25,33)
(56,31)
(56,32)
(9,2)
(68,21)
(81,35)
(88,5)
(79,18)
(30,41)
(70,25)
(41,20)
(86,43)
(59,47)
(49,10)
(49,12)
(98,41)
(17,45)
(89,22)
(97,4)
(36,22)
(94,40)
(17,31)
(5,18)
(83,47)
(40,20)
(58,38)
(10,33)
(9,22)
(58,28)
(49,45)
(77,26)
(10,35)
(3,31)
(49,38)
(80,35)
(99,32)
(40,47)
(34,40)
(82,42)
(28,9)
(5,45)
(29,4)
(2,28)
(86,29)
(37,43)
(22,30)
(57,37)
(16,39)
(88,38)
(17,47)
(78,20)
(14,36)
(17,15)
(21,44)
(88,36)
(40,16)
(58,20)
(54,31)
(78,42)
(21,5)
(2,6)
(44,47)
(60,30)
(92,16)
(97,16)
(21,41)
(13,7)
(23,26)
(84,11)
(37,30)
(90,20)
(78,25)
(28,29)
(84,45)
(8,34)
(5,42)
(98,22)
(2,43)
(5,24)
(29,30)
(12,34)
(36,14)
(89,47)
(52,43)
(30,11)
(84,43)
(28,22)
(68,29)
(83,23)
(90,33)
(3,27)
(2,24)
(19,12)
(17,33)
(41,32)
(63,45)
(0,41)
(88,30)
(34,43)
(80,28)
(90,12)
(80,42)
(98,36)
(58,34)
(37,7)
(73,43)
(98,30)
(19,21)
(19,28)
(23,9)
(41,47)
(75,26)
(40,37)
(9,34)
(41,34)
(52,36)
(80,21)
(80,22)
