200 Users
27 Files
1500 Transactions
2 Maximum Connections
1 Cycle Length per Upload-Download
0 Warm-up Transactions
0.400000 Zipf constant
5 Pre-Trusted Users
120 Well-Behaved (Good) Users
80 Purely Malicious Users
0 Feedback Skewing Users
0 Malignant Providing Users
0 Disguised Malicous Users
0 Sybil Attack Users
true Intelligent Trans. Generation
1561009505087 Trace Generation Seed

(0.007287,0.000000,1,false)
(0.067283,0.000000,1,false)
(0.077761,0.000000,1,false)
(0.002113,0.000000,1,false)
(0.088162,0.000000,1,false)
(0.007017,0.000000,1,false)
(0.041148,0.000000,1,false)
(0.088926,0.000000,1,false)
(0.018762,0.000000,1,false)
(0.029789,0.000000,1,false)
(0.067814,0.000000,1,false)
(0.026327,0.000000,1,false)
(0.077796,0.000000,1,false)
(0.070571,0.000000,1,false)
(0.046132,0.000000,1,false)
(0.078210,0.000000,1,false)
(0.059519,0.000000,1,false)
(0.047666,0.000000,1,false)
(0.053019,0.000000,1,false)
(0.027153,0.000000,1,false)
(0.040922,0.000000,1,false)
(0.081199,0.000000,1,false)
(0.028473,0.000000,1,false)
(0.078670,0.000000,1,false)
(0.002543,0.000000,1,false)
(0.088206,0.000000,1,false)
(0.086022,0.000000,1,false)
(0.026311,0.000000,1,false)
(0.007027,0.000000,1,false)
(0.090721,0.000000,1,false)
(0.044295,0.000000,1,false)
(0.054861,0.000000,1,false)
(0.036945,0.000000,1,false)
(0.046377,0.000000,1,false)
(0.095167,0.000000,1,false)
(0.077381,0.000000,1,false)
(0.081363,0.000000,1,false)
(0.099859,0.000000,1,false)
(0.094681,0.000000,1,false)
(0.085862,0.000000,1,false)
(0.039266,0.000000,1,false)
(0.057875,0.000000,1,false)
(0.074395,0.000000,1,false)
(0.045025,0.000000,1,false)
(0.077191,0.000000,1,false)
(0.010394,0.000000,1,false)
(0.022863,0.000000,1,false)
(0.074087,0.000000,1,false)
(0.038258,0.000000,1,false)
(0.056497,0.000000,1,false)
(0.079615,0.000000,1,false)
(0.042301,0.000000,1,false)
(0.050315,0.000000,1,false)
(0.044489,0.000000,1,false)
(0.017303,0.000000,1,false)
(0.050649,0.000000,1,false)
(0.021991,0.000000,1,false)
(0.002785,0.000000,1,false)
(0.061637,0.000000,1,false)
(0.084261,0.000000,1,false)
(0.047215,0.000000,1,false)
(0.020641,0.000000,1,false)
(0.013234,0.000000,1,false)
(0.097998,0.000000,1,false)
(0.061100,0.000000,1,false)
(0.035892,0.000000,1,false)
(0.090729,0.000000,1,false)
(0.041049,0.000000,1,false)
(0.003111,0.000000,1,false)
(0.000701,0.000000,1,false)
(0.010259,0.000000,1,false)
(0.035525,0.000000,1,false)
(0.047001,0.000000,1,false)
(0.025625,0.000000,1,false)
(0.052889,0.000000,1,false)
(0.098690,0.000000,1,false)
(0.051294,0.000000,1,false)
(0.047428,0.000000,1,false)
(0.048567,0.000000,1,false)
(0.038841,0.000000,1,false)
(0.931090,1.000000,0,true)
(0.973382,1.000000,0,true)
(0.977096,1.000000,0,true)
(0.939217,1.000000,0,true)
(0.969960,1.000000,0,true)
(0.942976,1.000000,0,false)
(0.988651,1.000000,0,false)
(0.911568,1.000000,0,false)
(0.921510,1.000000,0,false)
(0.938408,1.000000,0,false)
(0.955728,1.000000,0,false)
(0.950705,1.000000,0,false)
(0.901558,1.000000,0,false)
(0.943901,1.000000,0,false)
(0.953996,1.000000,0,false)
(0.931609,1.000000,0,false)
(0.984046,1.000000,0,false)
(0.914356,1.000000,0,false)
(0.928923,1.000000,0,false)
(0.912342,1.000000,0,false)
(0.902505,1.000000,0,false)
(0.922471,1.000000,0,false)
(0.978307,1.000000,0,false)
(0.939062,1.000000,0,false)
(0.903548,1.000000,0,false)
(0.991464,1.000000,0,false)
(0.948123,1.000000,0,false)
(0.925616,1.000000,0,false)
(0.982257,1.000000,0,false)
(0.945344,1.000000,0,false)
(0.934162,1.000000,0,false)
(0.992581,1.000000,0,false)
(0.919427,1.000000,0,false)
(0.923086,1.000000,0,false)
(0.939299,1.000000,0,false)
(0.919623,1.000000,0,false)
(0.940164,1.000000,0,false)
(0.901725,1.000000,0,false)
(0.952870,1.000000,0,false)
(0.968503,1.000000,0,false)
(0.922218,1.000000,0,false)
(0.956567,1.000000,0,false)
(0.994782,1.000000,0,false)
(0.971820,1.000000,0,false)
(0.900687,1.000000,0,false)
(0.954121,1.000000,0,false)
(0.902364,1.000000,0,false)
(0.954763,1.000000,0,false)
(0.943370,1.000000,0,false)
(0.925273,1.000000,0,false)
(0.932832,1.000000,0,false)
(0.963681,1.000000,0,false)
(0.908057,1.000000,0,false)
(0.902408,1.000000,0,false)
(0.908430,1.000000,0,false)
(0.916218,1.000000,0,false)
(0.939436,1.000000,0,false)
(0.924822,1.000000,0,false)
(0.944873,1.000000,0,false)
(0.963013,1.000000,0,false)
(0.919044,1.000000,0,false)
(0.921732,1.000000,0,false)
(0.976681,1.000000,0,false)
(0.960674,1.000000,0,false)
(0.946845,1.000000,0,false)
(0.971550,1.000000,0,false)
(0.925314,1.000000,0,false)
(0.999757,1.000000,0,false)
(0.907518,1.000000,0,false)
(0.909814,1.000000,0,false)
(0.947705,1.000000,0,false)
(0.909902,1.000000,0,false)
(0.958419,1.000000,0,false)
(0.916284,1.000000,0,false)
(0.953883,1.000000,0,false)
(0.977063,1.000000,0,false)
(0.969466,1.000000,0,false)
(0.954187,1.000000,0,false)
(0.992810,1.000000,0,false)
(0.954964,1.000000,0,false)
(0.947803,1.000000,0,false)
(0.961439,1.000000,0,false)
(0.975387,1.000000,0,false)
(0.934424,1.000000,0,false)
(0.992133,1.000000,0,false)
(0.904926,1.000000,0,false)
(0.932783,1.000000,0,false)
(0.950121,1.000000,0,false)
(0.942990,1.000000,0,false)
(0.904507,1.000000,0,false)
(0.996821,1.000000,0,false)
(0.954687,1.000000,0,false)
(0.925973,1.000000,0,false)
(0.913406,1.000000,0,false)
(0.937086,1.000000,0,false)
(0.974634,1.000000,0,false)
(0.925114,1.000000,0,false)
(0.905983,1.000000,0,false)
(0.996763,1.000000,0,false)
(0.981722,1.000000,0,false)
(0.973066,1.000000,0,false)
(0.972650,1.000000,0,false)
(0.935914,1.000000,0,false)
(0.966749,1.000000,0,false)
(0.903664,1.000000,0,false)
(0.954758,1.000000,0,false)
(0.916950,1.000000,0,false)
(0.990549,1.000000,0,false)
(0.980690,1.000000,0,false)
(0.969793,1.000000,0,false)
(0.952538,1.000000,0,false)
(0.909172,1.000000,0,false)
(0.994317,1.000000,0,false)
(0.979052,1.000000,0,false)
(0.980986,1.000000,0,false)
(0.926725,1.000000,0,false)
(0.903694,1.000000,0,false)
(0.936228,1.000000,0,false)
(0.938346,1.000000,0,false)
(0.920314,1.000000,0,false)

(2,0,false)
(3,0,false)
(4,0,false)
(6,0,false)
(7,0,false)
(9,0,false)
(10,0,false)
(11,0,false)
(12,0,false)
(13,0,false)
(14,0,false)
(15,0,false)
(16,0,false)
(17,0,false)
(18,0,false)
(19,0,false)
(20,0,false)
(22,0,false)
(23,0,true)
(24,0,false)
(26,0,false)
(27,0,false)
(30,0,false)
(31,0,false)
(32,0,false)
(36,0,false)
(38,0,false)
(39,0,false)
(40,0,false)
(41,0,false)
(44,0,false)
(46,0,false)
(47,0,false)
(48,0,false)
(49,0,false)
(50,0,false)
(51,0,false)
(53,0,false)
(54,0,false)
(56,0,false)
(57,0,false)
(58,0,false)
(60,0,false)
(61,0,false)
(62,0,false)
(63,0,false)
(64,0,false)
(65,0,false)
(66,0,false)
(67,0,false)
(68,0,false)
(69,0,false)
(70,0,false)
(71,0,false)
(72,0,false)
(74,0,false)
(76,0,false)
(77,0,false)
(78,0,false)
(79,0,false)
(82,0,true)
(83,0,true)
(85,0,true)
(88,0,true)
(89,0,true)
(92,0,true)
(93,0,true)
(94,0,true)
(95,0,true)
(96,0,true)
(98,0,true)
(100,0,true)
(101,0,true)
(102,0,true)
(103,0,true)
(105,0,true)
(107,0,true)
(108,0,true)
(109,0,false)
(110,0,false)
(111,0,true)
(113,0,true)
(114,0,true)
(115,0,true)
(117,0,true)
(118,0,true)
(119,0,true)
(120,0,true)
(121,0,true)
(122,0,true)
(124,0,true)
(125,0,true)
(126,0,true)
(127,0,true)
(128,0,true)
(131,0,true)
(132,0,true)
(133,0,true)
(134,0,true)
(135,0,true)
(136,0,true)
(137,0,false)
(138,0,true)
(139,0,true)
(142,0,true)
(143,0,true)
(144,0,true)
(145,0,true)
(147,0,true)
(152,0,true)
(154,0,true)
(155,0,true)
(156,0,true)
(157,0,true)
(158,0,true)
(159,0,true)
(161,0,true)
(162,0,true)
(163,0,true)
(164,0,true)
(165,0,true)
(166,0,true)
(168,0,true)
(169,0,true)
(171,0,true)
(172,0,true)
(173,0,true)
(174,0,true)
(175,0,true)
(176,0,true)
(177,0,true)
(179,0,true)
(180,0,true)
(181,0,true)
(182,0,false)
(184,0,true)
(185,0,true)
(186,0,false)
(187,0,true)
(188,0,true)
(189,0,true)
(190,0,true)
(191,0,false)
(192,0,true)
(194,0,true)
(196,0,true)
(197,0,true)
(198,0,false)
(199,0,true)
(3,1,false)
(4,1,false)
(8,1,false)
(9,1,false)
(10,1,false)
(11,1,false)
(12,1,false)
(17,1,false)
(18,1,false)
(19,1,false)
(22,1,false)
(23,1,true)
(24,1,false)
(26,1,false)
(27,1,false)
(28,1,false)
(30,1,false)
(31,1,true)
(33,1,false)
(34,1,false)
(36,1,false)
(43,1,false)
(45,1,false)
(47,1,false)
(48,1,false)
(49,1,true)
(50,1,false)
(54,1,false)
(55,1,false)
(57,1,false)
(58,1,false)
(59,1,true)
(61,1,false)
(62,1,true)
(65,1,false)
(67,1,false)
(68,1,false)
(69,1,false)
(71,1,false)
(72,1,false)
(73,1,false)
(74,1,false)
(75,1,false)
(76,1,false)
(77,1,false)
(78,1,false)
(80,1,true)
(82,1,true)
(83,1,true)
(84,1,true)
(85,1,true)
(86,1,true)
(87,1,true)
(89,1,true)
(90,1,true)
(91,1,true)
(92,1,true)
(95,1,true)
(96,1,true)
(98,1,true)
(99,1,true)
(100,1,true)
(101,1,true)
(103,1,true)
(104,1,true)
(105,1,true)
(107,1,true)
(108,1,true)
(110,1,true)
(114,1,true)
(117,1,false)
(119,1,true)
(120,1,false)
(121,1,true)
(122,1,true)
(123,1,true)
(124,1,false)
(125,1,true)
(130,1,true)
(131,1,true)
(134,1,true)
(136,1,true)
(138,1,true)
(139,1,true)
(140,1,true)
(143,1,true)
(145,1,true)
(146,1,true)
(149,1,false)
(150,1,true)
(151,1,true)
(152,1,true)
(153,1,true)
(157,1,true)
(159,1,true)
(161,1,true)
(162,1,true)
(163,1,true)
(165,1,true)
(166,1,false)
(167,1,true)
(168,1,true)
(169,1,true)
(171,1,true)
(172,1,true)
(174,1,true)
(175,1,true)
(178,1,true)
(179,1,true)
(180,1,true)
(181,1,true)
(182,1,true)
(186,1,true)
(187,1,true)
(190,1,true)
(192,1,true)
(193,1,true)
(195,1,true)
(196,1,true)
(197,1,true)
(0,2,false)
(4,2,false)
(6,2,false)
(8,2,false)
(9,2,false)
(10,2,false)
(11,2,false)
(12,2,false)
(13,2,false)
(17,2,false)
(22,2,false)
(23,2,false)
(26,2,false)
(28,2,false)
(32,2,false)
(33,2,false)
(35,2,false)
(39,2,false)
(43,2,false)
(44,2,false)
(45,2,false)
(46,2,false)
(47,2,false)
(48,2,false)
(50,2,false)
(52,2,false)
(53,2,false)
(54,2,false)
(55,2,false)
(56,2,false)
(58,2,false)
(59,2,true)
(61,2,false)
(62,2,false)
(63,2,false)
(64,2,false)
(65,2,false)
(66,2,false)
(68,2,false)
(70,2,false)
(76,2,false)
(77,2,false)
(78,2,false)
(79,2,false)
(84,2,true)
(87,2,true)
(88,2,true)
(89,2,true)
(90,2,true)
(91,2,true)
(93,2,true)
(94,2,true)
(95,2,true)
(96,2,true)
(101,2,false)
(103,2,true)
(104,2,true)
(105,2,true)
(106,2,true)
(109,2,true)
(110,2,true)
(111,2,true)
(114,2,true)
(115,2,true)
(116,2,true)
(118,2,true)
(119,2,true)
(120,2,true)
(123,2,true)
(124,2,true)
(125,2,true)
(126,2,true)
(128,2,true)
(131,2,true)
(133,2,false)
(134,2,true)
(135,2,true)
(136,2,true)
(137,2,true)
(139,2,true)
(141,2,true)
(143,2,true)
(145,2,true)
(146,2,false)
(147,2,true)
(151,2,true)
(152,2,true)
(154,2,true)
(156,2,true)
(157,2,true)
(158,2,true)
(160,2,true)
(162,2,true)
(163,2,true)
(164,2,false)
(165,2,false)
(167,2,true)
(168,2,true)
(170,2,true)
(172,2,true)
(178,2,true)
(179,2,true)
(180,2,true)
(181,2,true)
(182,2,true)
(185,2,true)
(186,2,true)
(187,2,true)
(188,2,true)
(189,2,true)
(190,2,true)
(191,2,true)
(192,2,true)
(195,2,true)
(196,2,true)
(197,2,true)
(198,2,false)
(0,3,false)
(1,3,false)
(3,3,false)
(4,3,false)
(5,3,false)
(12,3,false)
(14,3,false)
(15,3,false)
(18,3,false)
(19,3,false)
(21,3,false)
(22,3,false)
(26,3,false)
(28,3,false)
(29,3,false)
(31,3,false)
(33,3,false)
(36,3,false)
(37,3,true)
(38,3,false)
(39,3,false)
(40,3,false)
(41,3,false)
(43,3,false)
(44,3,false)
(46,3,true)
(49,3,false)
(52,3,false)
(55,3,false)
(56,3,false)
(62,3,false)
(63,3,false)
(65,3,false)
(67,3,false)
(68,3,false)
(70,3,false)
(72,3,false)
(73,3,false)
(74,3,false)
(75,3,false)
(76,3,false)
(77,3,false)
(78,3,false)
(81,3,true)
(82,3,true)
(85,3,true)
(86,3,true)
(88,3,true)
(89,3,false)
(91,3,true)
(92,3,true)
(93,3,true)
(94,3,true)
(96,3,true)
(98,3,true)
(102,3,true)
(103,3,true)
(105,3,true)
(107,3,true)
(108,3,true)
(110,3,false)
(111,3,true)
(112,3,true)
(113,3,true)
(116,3,true)
(117,3,true)
(118,3,true)
(120,3,true)
(122,3,true)
(124,3,true)
(126,3,true)
(127,3,true)
(128,3,true)
(138,3,true)
(140,3,true)
(141,3,true)
(142,3,true)
(143,3,true)
(147,3,true)
(148,3,true)
(149,3,true)
(151,3,true)
(152,3,true)
(154,3,true)
(155,3,true)
(161,3,true)
(162,3,true)
(164,3,true)
(166,3,true)
(169,3,true)
(172,3,true)
(173,3,true)
(174,3,true)
(175,3,true)
(178,3,true)
(179,3,true)
(182,3,true)
(184,3,true)
(185,3,true)
(186,3,true)
(187,3,true)
(189,3,true)
(190,3,true)
(193,3,true)
(194,3,true)
(195,3,true)
(196,3,true)
(197,3,true)
(0,4,false)
(1,4,false)
(2,4,false)
(4,4,false)
(5,4,false)
(6,4,false)
(7,4,false)
(8,4,false)
(12,4,false)
(13,4,false)
(18,4,false)
(21,4,false)
(22,4,false)
(23,4,false)
(27,4,false)
(30,4,false)
(34,4,true)
(37,4,false)
(38,4,false)
(41,4,false)
(44,4,false)
(45,4,false)
(47,4,false)
(51,4,false)
(52,4,false)
(53,4,false)
(54,4,false)
(56,4,false)
(57,4,false)
(58,4,false)
(61,4,false)
(64,4,false)
(66,4,false)
(72,4,false)
(73,4,false)
(74,4,false)
(76,4,false)
(77,4,false)
(78,4,false)
(79,4,false)
(81,4,true)
(84,4,true)
(85,4,true)
(87,4,false)
(88,4,true)
(91,4,true)
(93,4,true)
(95,4,true)
(97,4,true)
(100,4,true)
(103,4,true)
(105,4,true)
(106,4,false)
(108,4,true)
(110,4,true)
(111,4,true)
(112,4,true)
(114,4,false)
(117,4,true)
(119,4,true)
(122,4,true)
(125,4,true)
(126,4,true)
(127,4,true)
(130,4,true)
(132,4,true)
(134,4,true)
(139,4,true)
(143,4,true)
(144,4,true)
(145,4,true)
(147,4,true)
(149,4,false)
(152,4,true)
(153,4,true)
(157,4,true)
(158,4,true)
(159,4,true)
(162,4,true)
(163,4,true)
(165,4,true)
(168,4,false)
(169,4,false)
(171,4,true)
(172,4,true)
(174,4,true)
(175,4,true)
(177,4,true)
(178,4,true)
(180,4,true)
(181,4,true)
(182,4,true)
(188,4,true)
(189,4,true)
(191,4,true)
(195,4,true)
(196,4,false)
(198,4,true)
(199,4,true)
(0,5,false)
(2,5,false)
(5,5,false)
(6,5,false)
(9,5,false)
(13,5,false)
(17,5,false)
(20,5,false)
(21,5,false)
(25,5,false)
(26,5,false)
(28,5,false)
(29,5,false)
(30,5,false)
(32,5,true)
(33,5,false)
(34,5,false)
(35,5,false)
(38,5,false)
(40,5,false)
(42,5,false)
(47,5,false)
(48,5,false)
(49,5,false)
(51,5,false)
(53,5,false)
(56,5,false)
(58,5,false)
(63,5,false)
(64,5,false)
(66,5,false)
(67,5,false)
(68,5,false)
(69,5,false)
(71,5,false)
(72,5,false)
(76,5,false)
(81,5,true)
(82,5,true)
(83,5,true)
(85,5,true)
(88,5,true)
(99,5,true)
(102,5,true)
(103,5,true)
(105,5,true)
(106,5,true)
(107,5,false)
(108,5,true)
(109,5,true)
(118,5,true)
(119,5,true)
(120,5,true)
(123,5,true)
(124,5,true)
(125,5,true)
(128,5,true)
(133,5,true)
(134,5,true)
(135,5,true)
(139,5,true)
(140,5,true)
(141,5,true)
(142,5,true)
(145,5,true)
(148,5,true)
(149,5,false)
(151,5,true)
(152,5,true)
(153,5,true)
(155,5,true)
(156,5,true)
(157,5,true)
(160,5,true)
(161,5,true)
(162,5,true)
(163,5,true)
(166,5,true)
(168,5,false)
(170,5,true)
(171,5,true)
(172,5,true)
(175,5,true)
(176,5,true)
(177,5,true)
(179,5,true)
(180,5,true)
(181,5,true)
(182,5,true)
(185,5,true)
(189,5,true)
(190,5,true)
(191,5,true)
(193,5,true)
(194,5,true)
(195,5,true)
(197,5,true)
(199,5,true)
(0,6,false)
(2,6,false)
(3,6,false)
(4,6,false)
(5,6,false)
(6,6,false)
(9,6,false)
(14,6,false)
(15,6,false)
(16,6,false)
(17,6,false)
(18,6,false)
(19,6,false)
(20,6,false)
(24,6,false)
(25,6,false)
(27,6,false)
(28,6,false)
(30,6,false)
(32,6,false)
(35,6,false)
(36,6,false)
(37,6,false)
(41,6,false)
(42,6,false)
(44,6,false)
(46,6,false)
(48,6,false)
(51,6,false)
(54,6,false)
(56,6,false)
(57,6,false)
(58,6,false)
(59,6,false)
(61,6,false)
(62,6,false)
(64,6,false)
(65,6,false)
(66,6,false)
(68,6,false)
(71,6,false)
(72,6,false)
(75,6,true)
(76,6,false)
(77,6,false)
(83,6,true)
(84,6,true)
(87,6,true)
(88,6,true)
(98,6,true)
(99,6,true)
(103,6,true)
(104,6,true)
(112,6,true)
(116,6,true)
(117,6,true)
(118,6,true)
(120,6,true)
(121,6,true)
(123,6,true)
(125,6,true)
(126,6,true)
(128,6,true)
(130,6,true)
(132,6,false)
(137,6,true)
(140,6,true)
(142,6,true)
(151,6,true)
(153,6,true)
(155,6,true)
(160,6,true)
(164,6,true)
(167,6,true)
(170,6,true)
(172,6,true)
(177,6,true)
(178,6,true)
(179,6,true)
(184,6,true)
(188,6,true)
(189,6,true)
(190,6,true)
(193,6,true)
(194,6,true)
(199,6,true)
(0,7,false)
(1,7,false)
(4,7,false)
(6,7,false)
(7,7,false)
(10,7,false)
(11,7,false)
(13,7,false)
(14,7,false)
(15,7,false)
(16,7,false)
(19,7,false)
(20,7,false)
(21,7,false)
(22,7,false)
(30,7,false)
(35,7,false)
(38,7,false)
(42,7,false)
(43,7,false)
(46,7,false)
(47,7,false)
(48,7,false)
(50,7,false)
(51,7,false)
(55,7,false)
(58,7,false)
(59,7,false)
(62,7,false)
(67,7,false)
(68,7,false)
(70,7,false)
(72,7,false)
(73,7,false)
(74,7,false)
(80,7,true)
(82,7,true)
(83,7,true)
(84,7,true)
(88,7,true)
(89,7,true)
(90,7,true)
(92,7,true)
(96,7,true)
(102,7,true)
(106,7,true)
(107,7,true)
(108,7,true)
(109,7,true)
(110,7,true)
(112,7,true)
(113,7,true)
(115,7,true)
(121,7,true)
(128,7,true)
(131,7,true)
(133,7,true)
(134,7,true)
(136,7,true)
(137,7,true)
(139,7,true)
(140,7,true)
(141,7,true)
(144,7,true)
(146,7,true)
(147,7,true)
(152,7,true)
(153,7,true)
(154,7,true)
(159,7,true)
(161,7,true)
(162,7,true)
(164,7,true)
(165,7,true)
(166,7,true)
(168,7,true)
(169,7,true)
(170,7,true)
(171,7,true)
(172,7,true)
(173,7,false)
(175,7,true)
(176,7,true)
(178,7,true)
(180,7,true)
(182,7,true)
(183,7,true)
(186,7,true)
(187,7,true)
(188,7,true)
(191,7,true)
(195,7,true)
(197,7,true)
(198,7,true)
(3,8,false)
(4,8,false)
(5,8,false)
(6,8,false)
(8,8,false)
(12,8,false)
(16,8,false)
(18,8,false)
(20,8,false)
(22,8,false)
(23,8,false)
(25,8,false)
(26,8,false)
(27,8,false)
(29,8,false)
(30,8,false)
(33,8,false)
(34,8,false)
(42,8,false)
(43,8,false)
(46,8,false)
(49,8,false)
(50,8,false)
(51,8,false)
(57,8,false)
(59,8,false)
(64,8,false)
(68,8,false)
(70,8,false)
(80,8,true)
(86,8,true)
(87,8,true)
(88,8,true)
(90,8,false)
(92,8,true)
(93,8,true)
(94,8,true)
(96,8,true)
(99,8,true)
(102,8,true)
(103,8,true)
(105,8,true)
(106,8,true)
(107,8,true)
(108,8,true)
(109,8,true)
(111,8,true)
(114,8,true)
(115,8,true)
(118,8,true)
(123,8,false)
(132,8,true)
(133,8,true)
(138,8,true)
(139,8,true)
(140,8,true)
(143,8,true)
(146,8,true)
(147,8,true)
(149,8,true)
(151,8,true)
(159,8,true)
(161,8,true)
(163,8,true)
(167,8,true)
(170,8,true)
(171,8,true)
(172,8,true)
(173,8,false)
(174,8,true)
(175,8,true)
(180,8,true)
(182,8,true)
(183,8,true)
(185,8,true)
(186,8,true)
(188,8,true)
(189,8,true)
(192,8,true)
(195,8,true)
(197,8,true)
(198,8,true)
(199,8,true)
(0,9,false)
(2,9,false)
(5,9,false)
(7,9,false)
(8,9,false)
(11,9,false)
(12,9,false)
(18,9,false)
(19,9,false)
(21,9,false)
(25,9,false)
(28,9,false)
(30,9,false)
(31,9,false)
(36,9,false)
(37,9,false)
(38,9,false)
(39,9,false)
(41,9,false)
(44,9,true)
(46,9,false)
(47,9,false)
(53,9,false)
(55,9,false)
(57,9,false)
(59,9,false)
(72,9,false)
(73,9,false)
(79,9,false)
(81,9,true)
(84,9,true)
(86,9,true)
(88,9,true)
(92,9,true)
(98,9,true)
(99,9,true)
(106,9,true)
(109,9,true)
(111,9,true)
(112,9,true)
(113,9,true)
(123,9,true)
(127,9,true)
(130,9,true)
(132,9,true)
(134,9,true)
(137,9,true)
(141,9,true)
(142,9,true)
(145,9,true)
(147,9,true)
(148,9,true)
(149,9,true)
(150,9,true)
(151,9,true)
(153,9,true)
(155,9,true)
(158,9,true)
(160,9,true)
(163,9,true)
(165,9,true)
(168,9,false)
(169,9,true)
(173,9,true)
(174,9,false)
(175,9,true)
(179,9,true)
(180,9,true)
(183,9,true)
(186,9,true)
(188,9,true)
(191,9,true)
(193,9,true)
(195,9,true)
(196,9,true)
(198,9,true)
(0,10,false)
(1,10,false)
(3,10,false)
(12,10,false)
(14,10,false)
(19,10,false)
(25,10,false)
(27,10,false)
(28,10,false)
(29,10,false)
(31,10,false)
(35,10,false)
(39,10,false)
(45,10,false)
(54,10,false)
(59,10,false)
(60,10,false)
(61,10,false)
(62,10,false)
(63,10,false)
(69,10,false)
(71,10,false)
(75,10,false)
(76,10,false)
(79,10,false)
(80,10,true)
(81,10,true)
(85,10,true)
(92,10,true)
(93,10,true)
(96,10,true)
(97,10,false)
(98,10,true)
(99,10,true)
(100,10,true)
(101,10,true)
(102,10,true)
(105,10,true)
(109,10,false)
(111,10,true)
(113,10,true)
(114,10,true)
(119,10,true)
(121,10,true)
(124,10,true)
(126,10,true)
(127,10,true)
(137,10,true)
(138,10,true)
(139,10,true)
(142,10,true)
(146,10,true)
(148,10,true)
(149,10,false)
(150,10,true)
(152,10,true)
(153,10,true)
(155,10,true)
(159,10,false)
(160,10,true)
(161,10,true)
(163,10,true)
(166,10,true)
(170,10,true)
(178,10,true)
(182,10,true)
(183,10,true)
(185,10,true)
(188,10,true)
(189,10,true)
(192,10,true)
(194,10,true)
(196,10,true)
(198,10,true)
(3,11,false)
(4,11,false)
(8,11,false)
(14,11,false)
(15,11,false)
(18,11,false)
(20,11,false)
(23,11,false)
(24,11,false)
(26,11,false)
(33,11,false)
(36,11,false)
(42,11,false)
(43,11,false)
(51,11,false)
(53,11,false)
(55,11,false)
(56,11,false)
(57,11,false)
(60,11,false)
(71,11,false)
(77,11,false)
(81,11,true)
(85,11,true)
(86,11,true)
(90,11,true)
(95,11,true)
(98,11,true)
(100,11,true)
(101,11,true)
(102,11,true)
(103,11,true)
(104,11,true)
(106,11,true)
(111,11,true)
(115,11,true)
(117,11,true)
(120,11,true)
(122,11,true)
(123,11,true)
(124,11,true)
(125,11,true)
(126,11,true)
(127,11,true)
(130,11,true)
(131,11,true)
(134,11,true)
(141,11,true)
(144,11,true)
(145,11,true)
(148,11,true)
(150,11,true)
(154,11,true)
(156,11,true)
(159,11,true)
(160,11,true)
(162,11,false)
(163,11,true)
(165,11,true)
(170,11,true)
(175,11,true)
(177,11,true)
(182,11,true)
(187,11,true)
(189,11,true)
(190,11,true)
(195,11,true)
(199,11,true)
(3,12,false)
(10,12,false)
(12,12,false)
(13,12,false)
(18,12,false)
(19,12,false)
(20,12,false)
(23,12,false)
(26,12,false)
(27,12,false)
(28,12,false)
(29,12,false)
(34,12,false)
(38,12,false)
(39,12,false)
(41,12,false)
(42,12,false)
(44,12,false)
(45,12,false)
(46,12,false)
(49,12,false)
(54,12,false)
(55,12,false)
(57,12,false)
(59,12,false)
(67,12,false)
(70,12,false)
(81,12,true)
(83,12,true)
(85,12,true)
(86,12,true)
(89,12,true)
(91,12,true)
(94,12,true)
(98,12,true)
(99,12,true)
(101,12,true)
(102,12,true)
(103,12,true)
(105,12,true)
(106,12,true)
(121,12,true)
(122,12,true)
(126,12,true)
(127,12,true)
(133,12,false)
(138,12,true)
(144,12,true)
(145,12,true)
(147,12,true)
(154,12,true)
(156,12,true)
(157,12,true)
(164,12,true)
(171,12,true)
(172,12,true)
(173,12,true)
(175,12,true)
(177,12,true)
(179,12,true)
(186,12,true)
(188,12,true)
(189,12,true)
(190,12,true)
(191,12,true)
(192,12,true)
(194,12,true)
(196,12,true)
(197,12,true)
(0,13,false)
(6,13,false)
(8,13,false)
(9,13,false)
(12,13,false)
(13,13,false)
(14,13,false)
(16,13,false)
(17,13,false)
(19,13,false)
(22,13,false)
(27,13,false)
(33,13,false)
(34,13,false)
(36,13,false)
(38,13,false)
(40,13,false)
(42,13,false)
(43,13,false)
(50,13,false)
(54,13,false)
(55,13,false)
(56,13,false)
(57,13,false)
(61,13,false)
(62,13,false)
(64,13,false)
(66,13,false)
(70,13,false)
(71,13,false)
(72,13,false)
(75,13,false)
(77,13,false)
(78,13,false)
(85,13,true)
(86,13,true)
(90,13,true)
(91,13,true)
(92,13,true)
(96,13,true)
(98,13,true)
(100,13,true)
(102,13,true)
(103,13,true)
(105,13,true)
(107,13,true)
(108,13,true)
(113,13,true)
(116,13,true)
(118,13,true)
(122,13,true)
(123,13,true)
(125,13,true)
(128,13,true)
(129,13,true)
(130,13,true)
(131,13,true)
(134,13,true)
(140,13,true)
(147,13,true)
(153,13,true)
(154,13,true)
(155,13,true)
(157,13,true)
(160,13,true)
(167,13,true)
(168,13,true)
(170,13,true)
(175,13,true)
(177,13,true)
(184,13,false)
(186,13,true)
(188,13,true)
(191,13,true)
(192,13,true)
(196,13,true)
(199,13,false)
(0,14,false)
(2,14,false)
(5,14,false)
(9,14,false)
(12,14,false)
(16,14,false)
(19,14,false)
(28,14,false)
(29,14,false)
(35,14,false)
(36,14,false)
(39,14,false)
(42,14,false)
(45,14,false)
(48,14,false)
(49,14,false)
(57,14,false)
(58,14,false)
(68,14,false)
(70,14,false)
(72,14,false)
(75,14,false)
(77,14,false)
(86,14,true)
(92,14,true)
(97,14,true)
(98,14,true)
(103,14,true)
(108,14,true)
(109,14,true)
(114,14,true)
(115,14,true)
(118,14,true)
(121,14,true)
(127,14,true)
(131,14,true)
(138,14,true)
(140,14,true)
(142,14,true)
(144,14,true)
(145,14,true)
(148,14,true)
(150,14,true)
(153,14,true)
(155,14,true)
(157,14,true)
(162,14,true)
(163,14,true)
(165,14,true)
(173,14,false)
(177,14,true)
(183,14,true)
(191,14,true)
(194,14,false)
(195,14,true)
(198,14,true)
(199,14,true)
(5,15,false)
(6,15,false)
(13,15,false)
(16,15,false)
(23,15,false)
(24,15,false)
(25,15,false)
(28,15,false)
(29,15,false)
(30,15,false)
(42,15,false)
(45,15,false)
(47,15,false)
(48,15,false)
(49,15,false)
(54,15,false)
(56,15,false)
(57,15,false)
(59,15,true)
(64,15,false)
(73,15,false)
(78,15,false)
(82,15,true)
(83,15,true)
(88,15,true)
(94,15,true)
(96,15,true)
(97,15,false)
(100,15,true)
(101,15,true)
(103,15,true)
(104,15,true)
(106,15,true)
(110,15,true)
(112,15,false)
(116,15,true)
(130,15,true)
(131,15,true)
(132,15,true)
(135,15,true)
(137,15,false)
(141,15,false)
(142,15,true)
(143,15,true)
(145,15,true)
(148,15,true)
(149,15,true)
(150,15,true)
(151,15,true)
(156,15,true)
(157,15,true)
(160,15,true)
(161,15,true)
(162,15,true)
(164,15,true)
(166,15,true)
(167,15,true)
(168,15,true)
(174,15,true)
(177,15,true)
(178,15,true)
(179,15,true)
(185,15,true)
(188,15,true)
(190,15,true)
(196,15,true)
(199,15,true)
(11,16,false)
(14,16,false)
(18,16,false)
(21,16,false)
(22,16,false)
(23,16,false)
(26,16,false)
(29,16,false)
(32,16,false)
(33,16,false)
(41,16,false)
(44,16,false)
(46,16,false)
(47,16,false)
(48,16,false)
(49,16,false)
(51,16,false)
(52,16,false)
(55,16,false)
(56,16,false)
(58,16,true)
(64,16,false)
(65,16,false)
(68,16,false)
(70,16,false)
(74,16,false)
(78,16,false)
(83,16,true)
(87,16,false)
(91,16,true)
(96,16,true)
(98,16,true)
(100,16,true)
(101,16,true)
(102,16,true)
(104,16,true)
(107,16,true)
(110,16,true)
(112,16,true)
(117,16,true)
(119,16,true)
(120,16,true)
(126,16,true)
(128,16,true)
(130,16,true)
(133,16,true)
(134,16,true)
(138,16,true)
(140,16,false)
(141,16,true)
(143,16,true)
(149,16,true)
(151,16,true)
(152,16,true)
(160,16,true)
(166,16,false)
(169,16,true)
(174,16,true)
(179,16,true)
(182,16,true)
(185,16,true)
(186,16,true)
(189,16,true)
(192,16,true)
(194,16,true)
(3,17,false)
(5,17,false)
(9,17,false)
(11,17,false)
(16,17,false)
(21,17,false)
(24,17,false)
(25,17,false)
(27,17,false)
(29,17,false)
(35,17,false)
(47,17,false)
(53,17,false)
(55,17,false)
(57,17,false)
(60,17,false)
(61,17,false)
(62,17,false)
(66,17,false)
(67,17,false)
(71,17,false)
(75,17,false)
(80,17,true)
(82,17,true)
(85,17,true)
(86,17,true)
(87,17,true)
(89,17,true)
(91,17,true)
(93,17,true)
(95,17,true)
(96,17,false)
(99,17,false)
(101,17,true)
(102,17,true)
(107,17,true)
(111,17,true)
(113,17,true)
(123,17,true)
(132,17,true)
(136,17,true)
(141,17,true)
(142,17,true)
(146,17,true)
(149,17,true)
(155,17,true)
(156,17,true)
(168,17,true)
(173,17,true)
(178,17,true)
(184,17,true)
(185,17,true)
(186,17,true)
(194,17,true)
(1,18,false)
(2,18,false)
(4,18,true)
(9,18,false)
(13,18,false)
(14,18,false)
(22,18,false)
(27,18,false)
(30,18,false)
(31,18,false)
(36,18,false)
(37,18,false)
(39,18,true)
(40,18,false)
(41,18,true)
(44,18,false)
(46,18,false)
(57,18,false)
(58,18,false)
(59,18,false)
(66,18,false)
(70,18,false)
(71,18,false)
(72,18,false)
(79,18,false)
(83,18,true)
(93,18,true)
(102,18,true)
(104,18,true)
(105,18,true)
(107,18,true)
(108,18,true)
(110,18,true)
(111,18,true)
(112,18,true)
(113,18,true)
(114,18,true)
(117,18,true)
(118,18,true)
(121,18,true)
(129,18,true)
(135,18,true)
(137,18,false)
(146,18,true)
(150,18,true)
(151,18,true)
(153,18,true)
(157,18,true)
(158,18,true)
(161,18,true)
(162,18,true)
(164,18,true)
(166,18,true)
(168,18,true)
(169,18,true)
(171,18,true)
(172,18,false)
(175,18,true)
(176,18,true)
(182,18,true)
(185,18,true)
(188,18,true)
(189,18,true)
(197,18,true)
(2,19,false)
(6,19,false)
(7,19,false)
(11,19,false)
(15,19,true)
(34,19,false)
(38,19,false)
(44,19,false)
(45,19,false)
(54,19,false)
(59,19,false)
(63,19,false)
(64,19,false)
(66,19,false)
(68,19,false)
(70,19,false)
(74,19,false)
(82,19,true)
(84,19,true)
(86,19,true)
(89,19,true)
(101,19,true)
(108,19,true)
(110,19,true)
(113,19,true)
(116,19,true)
(117,19,true)
(121,19,true)
(128,19,true)
(129,19,true)
(130,19,true)
(142,19,true)
(145,19,true)
(147,19,true)
(161,19,true)
(162,19,true)
(163,19,true)
(164,19,true)
(166,19,true)
(185,19,true)
(190,19,true)
(195,19,true)
(196,19,true)
(197,19,true)
(9,20,false)
(12,20,false)
(17,20,false)
(20,20,false)
(21,20,false)
(24,20,false)
(27,20,false)
(28,20,false)
(32,20,false)
(40,20,true)
(42,20,false)
(48,20,false)
(55,20,false)
(60,20,false)
(69,20,false)
(70,20,false)
(72,20,false)
(75,20,false)
(85,20,true)
(89,20,true)
(92,20,true)
(93,20,true)
(95,20,true)
(100,20,false)
(103,20,true)
(108,20,true)
(110,20,true)
(111,20,true)
(128,20,true)
(129,20,true)
(130,20,true)
(131,20,true)
(144,20,true)
(153,20,true)
(155,20,true)
(159,20,true)
(162,20,true)
(164,20,true)
(170,20,true)
(181,20,true)
(186,20,false)
(196,20,true)
(2,21,false)
(6,21,false)
(8,21,false)
(10,21,false)
(12,21,false)
(19,21,false)
(20,21,false)
(21,21,false)
(24,21,false)
(26,21,false)
(35,21,false)
(36,21,false)
(42,21,false)
(43,21,false)
(46,21,false)
(48,21,false)
(51,21,false)
(52,21,false)
(54,21,false)
(55,21,false)
(59,21,false)
(62,21,false)
(66,21,false)
(72,21,false)
(74,21,false)
(76,21,false)
(80,21,true)
(90,21,true)
(92,21,true)
(93,21,true)
(96,21,true)
(101,21,true)
(102,21,true)
(108,21,true)
(112,21,true)
(113,21,true)
(114,21,true)
(117,21,true)
(130,21,true)
(131,21,true)
(132,21,true)
(134,21,true)
(137,21,true)
(138,21,true)
(142,21,true)
(150,21,true)
(151,21,true)
(152,21,true)
(160,21,true)
(161,21,true)
(162,21,true)
(169,21,true)
(171,21,true)
(172,21,false)
(176,21,true)
(182,21,true)
(184,21,true)
(186,21,true)
(188,21,true)
(190,21,true)
(192,21,true)
(193,21,true)
(195,21,true)
(196,21,true)
(198,21,true)
(199,21,true)
(1,22,false)
(4,22,false)
(10,22,false)
(11,22,false)
(18,22,false)
(19,22,false)
(23,22,false)
(27,22,false)
(30,22,true)
(33,22,false)
(36,22,false)
(40,22,false)
(46,22,false)
(54,22,false)
(56,22,false)
(59,22,false)
(61,22,false)
(62,22,false)
(67,22,false)
(68,22,false)
(70,22,false)
(74,22,false)
(80,22,true)
(82,22,true)
(83,22,true)
(85,22,true)
(86,22,true)
(87,22,true)
(90,22,true)
(91,22,true)
(96,22,true)
(97,22,true)
(104,22,true)
(106,22,true)
(110,22,true)
(115,22,true)
(116,22,true)
(117,22,false)
(118,22,true)
(122,22,true)
(123,22,true)
(124,22,true)
(127,22,true)
(128,22,true)
(129,22,true)
(134,22,true)
(139,22,true)
(141,22,true)
(142,22,true)
(157,22,true)
(159,22,false)
(160,22,true)
(161,22,true)
(163,22,true)
(174,22,true)
(177,22,true)
(181,22,true)
(182,22,true)
(184,22,true)
(190,22,true)
(191,22,true)
(192,22,true)
(193,22,true)
(194,22,true)
(195,22,true)
(196,22,true)
(0,23,false)
(6,23,false)
(9,23,false)
(10,23,false)
(13,23,false)
(14,23,false)
(22,23,false)
(23,23,false)
(28,23,false)
(31,23,false)
(32,23,false)
(41,23,false)
(47,23,false)
(50,23,false)
(55,23,false)
(58,23,false)
(59,23,false)
(63,23,true)
(66,23,false)
(69,23,false)
(73,23,false)
(74,23,false)
(77,23,true)
(83,23,true)
(84,23,true)
(88,23,true)
(90,23,true)
(93,23,true)
(97,23,true)
(99,23,true)
(108,23,true)
(109,23,true)
(111,23,true)
(112,23,true)
(118,23,true)
(119,23,true)
(120,23,true)
(121,23,true)
(125,23,true)
(126,23,false)
(131,23,true)
(140,23,true)
(141,23,true)
(145,23,true)
(147,23,true)
(148,23,true)
(151,23,true)
(152,23,true)
(155,23,true)
(156,23,true)
(160,23,true)
(162,23,true)
(164,23,true)
(165,23,true)
(166,23,true)
(167,23,true)
(168,23,true)
(171,23,true)
(175,23,true)
(182,23,true)
(192,23,true)
(193,23,true)
(194,23,true)
(195,23,true)
(4,24,false)
(5,24,false)
(15,24,false)
(25,24,false)
(28,24,false)
(40,24,false)
(42,24,false)
(49,24,false)
(71,24,false)
(73,24,false)
(74,24,false)
(79,24,false)
(81,24,true)
(83,24,true)
(91,24,true)
(96,24,true)
(100,24,true)
(102,24,true)
(106,24,true)
(107,24,true)
(109,24,true)
(111,24,true)
(114,24,true)
(117,24,true)
(127,24,true)
(132,24,true)
(141,24,true)
(142,24,true)
(149,24,true)
(150,24,true)
(153,24,true)
(155,24,true)
(156,24,true)
(157,24,true)
(164,24,true)
(165,24,true)
(168,24,true)
(176,24,false)
(177,24,true)
(178,24,true)
(179,24,true)
(180,24,true)
(181,24,true)
(182,24,true)
(185,24,true)
(187,24,true)
(188,24,true)
(191,24,true)
(197,24,true)
(198,24,true)
(1,25,false)
(9,25,false)
(17,25,false)
(20,25,false)
(21,25,false)
(23,25,false)
(27,25,false)
(29,25,false)
(32,25,false)
(36,25,false)
(39,25,false)
(43,25,false)
(44,25,true)
(46,25,false)
(54,25,false)
(57,25,false)
(58,25,false)
(63,25,false)
(64,25,false)
(68,25,false)
(81,25,true)
(85,25,true)
(86,25,true)
(87,25,true)
(92,25,true)
(96,25,true)
(98,25,true)
(102,25,true)
(109,25,true)
(111,25,true)
(118,25,true)
(122,25,true)
(124,25,true)
(125,25,true)
(132,25,true)
(138,25,true)
(139,25,true)
(140,25,true)
(155,25,true)
(156,25,true)
(159,25,true)
(161,25,true)
(163,25,true)
(165,25,true)
(170,25,true)
(173,25,true)
(179,25,true)
(180,25,true)
(181,25,true)
(182,25,true)
(183,25,true)
(184,25,true)
(199,25,true)
(0,26,false)
(5,26,false)
(6,26,false)
(9,26,false)
(10,26,false)
(18,26,false)
(21,26,false)
(24,26,false)
(29,26,false)
(31,26,true)
(33,26,false)
(38,26,false)
(40,26,true)
(41,26,false)
(44,26,false)
(45,26,false)
(58,26,false)
(64,26,false)
(72,26,false)
(75,26,false)
(85,26,true)
(87,26,true)
(98,26,true)
(102,26,true)
(105,26,true)
(111,26,true)
(114,26,true)
(120,26,true)
(124,26,true)
(125,26,true)
(128,26,true)
(133,26,true)
(135,26,true)
(137,26,true)
(139,26,true)
(150,26,true)
(152,26,true)
(155,26,true)
(168,26,true)
(172,26,true)
(176,26,true)
(179,26,true)
(180,26,true)
(183,26,true)
(186,26,false)

(120,20)
(193,7)
(170,1)
(131,3)
(151,22)
(176,16)
(172,15)
(124,4)
(185,9)
(172,14)
(26,14)
(182,6)
(170,16)
(63,24)
(171,25)
(85,18)
(63,11)
(139,11)
(178,13)
(4,21)
(2,2)
(88,1)
(125,12)
(114,5)
(60,5)
(149,2)
(190,20)
(170,19)
(132,16)
(114,9)
(196,17)
(140,15)
(114,25)
(3,9)
(146,3)
(198,20)
(85,14)
(133,6)
(36,16)
(73,10)
(154,9)
(196,5)
(96,9)
(81,1)
(112,8)
(90,4)
(118,4)
(10,5)
(143,13)
(176,9)
(153,26)
(167,0)
(18,23)
(111,1)
(90,19)
(118,16)
(164,10)
(123,7)
(187,20)
(82,18)
(63,13)
(198,6)
(198,11)
(104,3)
(17,15)
(176,2)
(92,16)
(156,9)
(43,20)
(9,7)
(39,24)
(184,19)
(32,19)
(155,1)
(74,13)
(46,5)
(174,5)
(52,0)
(47,22)
(101,3)
(16,19)
(151,14)
(90,5)
(99,0)
(62,25)
(77,12)
(31,5)
(62,8)
(182,13)
(16,22)
(196,23)
(120,15)
(88,11)
(90,26)
(34,25)
(18,14)
(82,20)
(110,26)
(58,3)
(164,1)
(10,17)
(134,24)
(76,15)
(9,21)
(93,1)
(198,25)
(71,8)
(146,9)
(1,9)
(42,2)
(111,14)
(161,12)
(156,3)
(67,15)
(183,17)
(52,1)
(140,10)
(75,4)
(28,11)
(10,3)
(54,14)
(132,11)
(77,5)
(63,21)
(126,17)
(149,0)
(11,23)
(1,8)
(64,14)
(7,1)
(42,19)
(76,13)
(65,26)
(49,2)
(157,21)
(14,17)
(50,4)
(143,9)
(54,9)
(181,15)
(126,15)
(187,26)
(183,4)
(165,26)
(82,21)
(178,11)
(115,9)
(130,26)
(152,6)
(62,11)
(7,5)
(30,3)
(30,20)
(14,15)
(74,18)
(129,12)
(99,2)
(5,0)
(160,24)
(154,5)
(132,22)
(86,2)
(87,19)
(157,11)
(150,13)
(154,21)
(54,5)
(83,2)
(75,7)
(125,7)
(93,9)
(112,24)
(63,17)
(38,14)
(15,21)
(10,4)
(42,4)
(187,6)
(12,6)
(30,2)
(91,0)
(96,11)
(145,8)
(8,3)
(176,1)
(50,24)
(7,8)
(173,18)
(84,5)
(74,2)
(184,1)
(87,15)
(87,21)
(168,3)
(92,22)
(87,0)
(95,9)
(155,2)
(52,23)
(30,26)
(78,9)
(135,8)
(115,13)
(145,7)
(182,19)
(67,4)
(34,2)
(125,3)
(19,15)
(36,17)
(70,21)
(91,7)
(150,12)
(84,12)
(76,9)
(106,19)
(113,5)
(57,23)
(196,7)
(109,6)
(95,26)
(95,8)
(112,5)
(76,7)
(147,24)
(90,0)
(182,12)
(187,13)
(2,3)
(18,2)
(125,9)
(40,4)
(138,26)
(181,19)
(14,25)
(61,21)
(94,21)
(83,8)
(90,6)
(168,16)
(46,26)
(123,24)
(47,6)
(192,7)
(190,18)
(155,22)
(99,11)
(22,14)
(170,21)
(85,2)
(4,12)
(154,6)
(172,25)
(41,24)
(55,24)
(97,16)
(49,19)
(122,6)
(19,17)
(130,17)
(37,15)
(78,22)
(172,23)
(25,0)
(107,4)
(99,13)
(164,17)
(30,16)
(29,0)
(86,0)
(105,6)
(104,13)
(4,9)
(181,26)
(92,24)
(172,19)
(18,25)
(90,3)
(168,8)
(150,6)
(2,8)
(14,14)
(129,0)
(164,5)
(41,8)
(104,4)
(134,17)
(2,11)
(82,9)
(100,19)
(152,18)
(4,10)
(173,26)
(17,16)
(27,14)
(36,5)
(57,3)
(146,4)
(125,21)
(149,7)
(79,11)
(3,2)
(187,5)
(102,19)
(180,3)
(113,2)
(37,13)
(0,0)
(135,23)
(73,11)
(105,14)
(105,9)
(23,5)
(31,20)
(192,4)
(157,9)
(116,25)
(111,7)
(57,20)
(88,10)
(36,26)
(55,6)
(2,17)
(139,20)
(68,24)
(91,6)
(130,10)
(9,4)
(26,24)
(33,18)
(117,2)
(131,24)
(156,10)
(28,0)
(53,7)
(103,23)
(82,11)
(11,8)
(149,22)
(1,2)
(94,25)
(197,6)
(119,25)
(116,1)
(127,20)
(20,4)
(135,9)
(0,18)
(95,3)
(34,0)
(84,11)
(52,25)
(81,21)
(74,17)
(18,5)
(34,7)
(72,12)
(135,24)
(44,5)
(182,9)
(64,20)
(170,0)
(57,5)
(41,10)
(24,10)
(89,22)
(26,10)
(62,19)
(173,19)
(81,6)
(189,7)
(98,24)
(131,16)
(55,5)
(55,4)
(141,18)
(170,9)
(19,20)
(197,13)
(197,15)
(68,12)
(154,24)
(96,26)
(67,25)
(71,4)
(123,14)
(75,15)
(45,21)
(10,10)
(71,7)
(123,12)
(180,22)
(7,2)
(57,2)
(161,9)
(162,13)
(51,15)
(143,6)
(10,15)
(64,3)
(19,19)
(60,3)
(193,8)
(178,23)
(99,4)
(68,11)
(71,15)
(60,12)
(61,5)
(128,18)
(193,10)
(168,14)
(71,9)
(143,14)
(109,12)
(60,21)
(13,20)
(68,17)
(151,0)
(96,6)
(119,20)
(178,21)
(11,25)
(193,17)
(51,23)
(136,25)
(94,6)
(103,26)
(168,10)
(45,8)
(50,25)
(82,16)
(26,17)
(58,17)
(8,10)
(109,15)
(125,22)
(168,11)
(17,14)
(131,8)
(74,5)
(29,7)
(105,11)
(177,3)
(146,24)
(5,10)
(3,16)
(49,6)
(65,14)
(192,24)
(12,19)
(44,8)
(73,0)
(27,5)
(81,2)
(31,25)
(31,14)
(85,8)
(9,11)
(49,22)
(122,17)
(35,25)
(145,16)
(72,24)
(89,6)
(167,11)
(169,8)
(161,16)
(42,18)
(155,15)
(45,9)
(181,14)
(73,6)
(79,3)
(182,14)
(96,4)
(96,5)
(86,7)
(91,15)
(56,20)
(162,12)
(174,19)
(9,22)
(184,7)
(186,24)
(76,12)
(112,1)
(69,17)
(102,20)
(5,11)
(13,9)
(193,0)
(64,11)
(96,12)
(56,8)
(138,13)
(173,22)
(182,17)
(105,24)
(169,15)
(71,3)
(177,26)
(197,4)
(148,18)
(23,9)
(108,17)
(152,12)
(96,18)
(110,6)
(65,24)
(186,5)
(10,6)
(26,9)
(65,5)
(71,12)
(182,20)
(23,14)
(180,16)
(152,11)
(131,9)
(135,4)
(1,5)
(136,26)
(20,26)
(130,7)
(70,6)
(10,9)
(12,17)
(10,24)
(129,6)
(191,1)
(96,20)
(72,25)
(104,19)
(34,22)
(50,5)
(131,18)
(135,16)
(116,18)
(190,24)
(107,10)
(159,6)
(112,26)
(28,7)
(57,26)
(109,22)
(129,3)
(151,20)
(193,16)
(137,1)
(21,0)
(138,7)
(85,15)
(39,23)
(38,15)
(61,26)
(12,5)
(11,24)
(130,5)
(87,3)
(125,20)
(199,19)
(105,22)
(181,11)
(113,12)
(67,18)
(9,9)
(48,8)
(177,23)
(194,19)
(141,0)
(196,26)
(88,16)
(150,22)
(180,12)
(122,19)
(119,24)
(45,0)
(7,16)
(103,7)
(92,23)
(96,14)
(48,26)
(152,9)
(7,25)
(60,8)
(167,9)
(32,17)
(79,6)
(94,26)
(96,19)
(4,14)
(36,19)
(24,24)
(193,19)
(19,16)
(143,24)
(39,17)
(42,26)
(172,20)
(146,25)
(176,19)
(39,21)
(138,2)
(57,16)
(24,14)
(29,2)
(58,11)
(189,14)
(78,18)
(186,18)
(32,4)
(54,7)
(29,9)
(88,14)
(94,4)
(124,12)
(181,13)
(15,5)
(50,14)
(17,8)
(43,18)
(194,2)
(2,12)
(81,17)
(117,8)
(42,9)
(16,9)
(13,10)
(198,3)
(119,18)
(107,15)
(62,14)
(31,8)
(70,4)
(138,22)
(199,20)
(186,15)
(114,19)
(2,24)
(27,21)
(12,18)
(192,6)
(91,23)
(76,24)
(115,18)
(1,15)
(73,26)
(62,24)
(140,20)
(52,5)
(121,24)
(195,10)
(8,14)
(196,8)
(21,24)
(6,11)
(69,22)
(161,24)
(142,20)
(41,22)
(75,5)
(191,21)
(137,16)
(148,0)
(116,20)
(42,10)
(63,7)
(42,16)
(150,8)
(195,15)
(113,14)
(123,15)
(45,13)
(87,20)
(45,18)
(8,18)
(28,13)
(37,2)
(22,15)
(194,20)
(142,23)
(14,9)
(117,12)
(14,1)
(190,23)
(115,1)
(84,18)
(194,15)
(103,17)
(194,18)
(109,18)
(162,10)
(115,10)
(129,7)
(41,1)
(162,9)
(106,0)
(135,6)
(74,26)
(179,10)
(22,19)
(29,21)
(183,11)
(58,15)
(89,10)
(2,7)
(29,19)
(69,11)
(169,20)
(155,11)
(171,26)
(33,6)
(51,1)
(153,21)
(195,18)
(98,7)
(144,2)
(28,25)
(103,19)
(121,3)
(31,21)
(122,7)
(179,18)
(191,6)
(55,19)
(49,21)
(196,25)
(51,17)
(70,17)
(113,8)
(1,12)
(88,22)
(55,10)
(95,5)
(147,18)
(173,5)
(40,6)
(146,6)
(80,18)
(146,12)
(165,16)
(12,11)
(87,24)
(8,19)
(137,24)
(164,14)
(119,3)
(178,0)
(3,15)
(70,11)
(63,4)
(51,26)
(157,8)
(26,6)
(72,2)
(5,1)
(159,14)
(135,12)
(1,16)
(30,14)
(132,12)
(80,2)
(49,11)
(133,4)
(196,24)
(128,15)
(36,24)
(180,23)
(13,3)
(148,17)
(172,17)
(54,23)
(87,14)
(176,4)
(36,20)
(29,18)
(43,24)
(167,22)
(177,16)
(35,8)
(53,16)
(196,16)
(104,5)
(126,24)
(192,3)
(114,22)
(2,25)
(78,7)
(130,22)
(68,23)
(8,24)
(177,21)
(37,7)
(85,6)
(14,24)
(100,21)
(143,25)
(106,6)
(23,18)
(74,11)
(51,10)
(93,7)
(66,1)
(181,16)
(36,15)
(97,11)
(102,1)
(68,21)
(80,4)
(139,12)
(83,20)
(158,13)
(88,13)
(144,3)
(38,16)
(7,18)
(108,11)
(122,8)
(99,18)
(96,23)
(122,18)
(194,11)
(85,23)
(8,26)
(106,26)
(168,20)
(14,8)
(50,12)
(107,9)
(180,21)
(20,17)
(44,20)
(178,8)
(17,17)
(174,11)
(66,9)
(78,12)
(179,11)
(146,0)
(105,16)
(147,20)
(199,16)
(168,12)
(64,12)
(53,14)
(53,15)
(110,21)
(165,17)
(99,15)
(72,22)
(92,26)
(107,19)
(35,16)
(150,23)
(128,1)
(16,3)
(183,16)
(66,25)
(172,11)
(30,11)
(68,15)
(194,25)
(54,20)
(198,19)
(78,5)
(139,9)
(55,8)
(32,26)
(2,10)
(196,14)
(48,4)
(24,4)
(168,25)
(182,15)
(19,4)
(168,19)
(137,4)
(138,23)
(101,25)
(183,2)
(146,11)
(80,14)
(42,3)
(11,26)
(191,17)
(15,14)
(25,16)
(85,24)
(189,9)
(199,18)
(181,12)
(175,10)
(78,24)
(72,17)
(23,6)
(119,26)
(135,10)
(123,4)
(90,9)
(9,12)
(177,8)
(65,4)
(110,24)
(68,26)
(53,1)
(14,4)
(175,14)
(8,12)
(108,6)
(112,0)
(15,8)
(130,0)
(157,10)
(60,2)
(34,18)
(52,9)
(199,23)
(37,22)
(105,25)
(137,11)
(66,22)
(48,13)
(65,9)
(166,20)
(187,17)
(17,19)
(138,9)
(128,4)
(47,14)
(139,3)
(38,25)
(79,12)
(162,6)
(24,2)
(17,18)
(92,6)
(4,20)
(30,23)
(21,6)
(115,6)
(79,1)
(49,9)
(45,16)
(40,7)
(151,4)
(20,1)
(148,12)
(183,3)
(197,23)
(99,19)
(1,23)
(149,13)
(136,11)
(25,23)
(147,1)
(68,18)
(15,26)
(131,6)
(104,12)
(55,0)
(65,23)
(153,23)
(117,10)
(53,8)
(122,16)
(6,22)
(54,8)
(69,16)
(67,13)
(97,19)
(93,26)
(171,22)
(144,24)
(69,7)
(108,16)
(148,13)
(27,16)
(161,4)
(154,15)
(80,19)
(24,16)
(128,8)
(6,20)
(154,1)
(171,15)
(120,4)
(4,26)
(51,14)
(59,20)
(132,1)
(166,13)
(132,19)
(90,12)
(161,14)
(43,26)
(6,14)
(186,10)
(108,22)
(123,0)
(88,19)
(68,10)
(169,14)
(51,22)
(49,4)
(120,13)
(21,10)
(120,21)
(142,4)
(58,20)
(17,7)
(25,19)
(188,3)
(158,21)
(112,19)
(63,16)
(53,19)
(143,5)
(37,19)
(49,26)
(38,18)
(189,20)
(76,14)
(25,12)
(150,0)
(3,4)
(191,10)
(84,20)
(194,4)
(166,17)
(23,24)
(130,2)
(21,11)
(125,8)
(143,12)
(64,1)
(2,15)
(36,2)
(37,1)
(160,17)
(26,13)
(142,18)
(189,17)
(171,2)
(73,18)
(172,9)
(26,4)
(122,9)
(3,24)
(2,16)
(41,15)
(76,11)
(28,17)
(168,21)
(28,18)
(185,6)
(143,7)
(160,25)
(128,25)
(148,2)
(29,1)
(22,6)
(66,3)
(116,26)
(29,20)
(113,11)
(50,15)
(24,5)
(10,25)
(138,20)
(31,4)
(1,21)
(104,21)
(149,6)
(153,11)
(35,15)
(186,6)
(56,1)
(77,15)
(124,15)
(152,20)
(66,26)
(73,2)
(134,8)
(77,9)
(188,14)
(88,18)
(167,24)
(102,4)
(102,22)
(81,13)
(108,9)
(159,23)
(194,24)
(161,2)
(14,5)
(159,16)
(151,11)
(152,15)
(99,14)
(44,11)
(184,16)
(189,21)
(36,8)
(146,23)
(197,21)
(112,20)
(105,21)
(27,26)
(174,7)
(9,3)
(191,11)
(17,10)
(189,19)
(189,13)
(81,0)
(135,13)
(24,19)
(31,15)
(41,7)
(159,3)
(60,6)
(101,4)
(100,17)
(86,16)
(72,8)
(13,19)
(100,14)
(154,20)
(195,17)
(170,26)
(77,24)
(14,19)
(43,14)
(168,6)
(184,2)
(84,24)
(139,14)
(59,24)
(62,15)
(125,16)
(19,26)
(10,18)
(99,16)
(108,15)
(164,4)
(114,11)
(105,17)
(33,7)
(150,19)
(123,3)
(54,11)
(60,19)
(78,14)
(38,1)
(53,18)
(189,25)
(168,22)
(181,18)
(169,23)
(35,3)
(109,13)
(48,9)
(183,13)
(7,21)
(89,18)
(59,0)
(166,14)
(50,3)
(10,11)
(8,6)
(49,10)
(183,6)
(5,13)
(100,2)
(199,2)
(33,0)
(113,16)
(186,22)
(127,1)
(83,26)
(150,16)
(94,14)
(174,23)
(55,14)
(33,9)
(24,3)
(148,6)
(39,20)
(83,17)
(136,14)
(31,17)
(169,13)
(133,20)
(17,4)
(38,11)
(116,5)
(150,7)
(162,8)
(105,7)
(161,20)
(65,17)
(1,24)
(167,5)
(181,6)
(42,23)
(128,10)
(178,14)
(184,9)
(183,12)
(25,7)
(53,12)
(32,3)
(14,20)
(123,23)
(22,26)
(73,5)
(106,14)
(62,5)
(62,20)
(41,13)
(123,10)
(47,12)
(91,19)
(128,21)
(132,2)
(14,12)
(107,21)
(53,25)
(141,6)
(74,20)
(197,9)
(97,7)
(31,2)
(60,4)
(21,23)
(76,8)
(136,4)
(39,22)
(171,3)
(72,10)
(194,13)
(98,20)
(130,25)
(2,20)
(196,6)
(183,1)
(160,0)
(172,10)
(100,12)
(101,20)
(65,7)
(26,18)
(129,11)
(147,5)
(74,10)
(193,2)
(45,6)
(41,11)
(134,10)
(5,25)
(57,19)
(143,17)
(66,14)
(112,14)
(122,26)
(152,25)
(161,26)
(144,5)
(40,1)
(126,5)
(132,14)
(22,10)
(75,11)
(36,10)
(189,22)
(69,13)
(57,7)
(65,20)
(23,10)
(67,26)
(76,23)
(62,12)
(41,5)
(40,19)
(173,6)
(198,16)
(199,22)
(49,7)
(112,17)
(8,20)
(21,22)
(67,10)
(108,10)
(175,17)
(118,1)
(143,22)
(117,23)
(88,21)
(31,16)
(138,19)
(26,23)
(58,13)
(17,9)
(147,14)
(13,16)
(114,23)
(28,4)
(192,18)
(167,17)
(89,16)
(199,1)
(136,24)
(173,20)
(145,3)
(22,22)
(40,17)
(175,25)
(85,9)
(145,25)
(0,22)
(80,5)
(3,5)
(174,26)
(88,25)
(166,2)
(108,2)
(175,2)
(11,14)
(47,19)
(71,14)
(28,26)
(198,18)
(194,1)
(8,0)
(138,11)
(85,16)
(162,25)
(73,22)
(31,6)
(93,6)
(36,4)
(49,20)
(80,11)
(82,23)
(190,25)
(106,3)
(97,1)
(58,12)
(154,17)
(0,1)
(21,1)
(40,16)
(132,3)
(87,5)
(114,7)
(127,6)
(99,24)
(167,3)
(24,9)
(117,15)
(58,10)
(39,4)
(37,25)
(85,7)
(158,3)
(81,19)
(161,6)
(29,4)
(179,4)
(151,12)
(154,16)
(85,21)
(18,13)
(166,26)
(97,13)
(61,25)
(8,7)
(162,26)
(175,20)
(18,19)
(124,20)
(35,13)
(44,13)
(158,15)
(60,1)
(145,6)
(58,21)
(176,17)
(146,26)
(177,18)
(74,25)
(45,3)
(185,23)
(184,20)
(114,17)
(124,24)
(80,0)
(14,2)
(4,23)
(147,25)
(109,17)
(29,24)
(151,13)
(149,18)
(15,1)
(164,26)
(118,20)
(46,1)
(145,17)
(98,4)
(178,19)
(128,12)
(157,23)
(101,6)
(130,3)
(194,8)
(88,17)
(31,19)
(132,18)
(122,15)
(81,26)
(29,11)
(111,12)
(77,22)
(148,4)
(22,24)
(136,5)
(111,21)
(10,19)
(113,20)
(123,26)
(68,4)
(17,21)
(94,16)
(88,26)
(109,19)
(172,13)
(192,5)
(62,9)
(74,8)
(162,24)
(44,24)
(110,11)
(20,3)
(63,18)
(136,20)
(59,3)
(145,20)
(122,5)
(167,25)
(14,21)
(97,18)
(67,9)
(133,21)
(110,10)
(20,15)
(64,17)
(111,6)
(120,12)
(37,11)
(102,9)
(126,14)
(106,1)
(176,23)
(2,23)
(148,21)
(40,2)
(199,3)
(90,15)
(116,12)
(154,14)
(53,6)
(184,4)
(142,1)
(140,11)
(30,10)
(15,17)
(189,15)
(57,24)
(172,22)
(80,9)
(2,22)
(53,24)
(91,18)
(143,26)
(130,23)
(105,15)
(157,20)
(162,16)
(154,25)
(165,6)
(114,13)
(134,14)
(14,22)
(151,7)
(37,10)
(192,15)
(8,16)
(107,2)
