200 Users
41 Files
3000 Transactions
2 Maximum Connections
1 Cycle Length per Upload-Download
0 Warm-up Transactions
0.400000 Zipf constant
5 Pre-Trusted Users
80 Well-Behaved (Good) Users
120 Purely Malicious Users
0 Feedback Skewing Users
0 Malignant Providing Users
0 Disguised Malicous Users
0 Sybil Attack Users
true Intelligent Trans. Generation
1561012655277 Trace Generation Seed

(0.044802,0.000000,1,false)
(0.096407,0.000000,1,false)
(0.028410,0.000000,1,false)
(0.061604,0.000000,1,false)
(0.007201,0.000000,1,false)
(0.016153,0.000000,1,false)
(0.007421,0.000000,1,false)
(0.061229,0.000000,1,false)
(0.052717,0.000000,1,false)
(0.016875,0.000000,1,false)
(0.082479,0.000000,1,false)
(0.026306,0.000000,1,false)
(0.000110,0.000000,1,false)
(0.093392,0.000000,1,false)
(0.057955,0.000000,1,false)
(0.025115,0.000000,1,false)
(0.035506,0.000000,1,false)
(0.037407,0.000000,1,false)
(0.013003,0.000000,1,false)
(0.009304,0.000000,1,false)
(0.092703,0.000000,1,false)
(0.040195,0.000000,1,false)
(0.004305,0.000000,1,false)
(0.014611,0.000000,1,false)
(0.024024,0.000000,1,false)
(0.002760,0.000000,1,false)
(0.083572,0.000000,1,false)
(0.099826,0.000000,1,false)
(0.086234,0.000000,1,false)
(0.017863,0.000000,1,false)
(0.042859,0.000000,1,false)
(0.008568,0.000000,1,false)
(0.097030,0.000000,1,false)
(0.088799,0.000000,1,false)
(0.002020,0.000000,1,false)
(0.021708,0.000000,1,false)
(0.014142,0.000000,1,false)
(0.040925,0.000000,1,false)
(0.069508,0.000000,1,false)
(0.092264,0.000000,1,false)
(0.051339,0.000000,1,false)
(0.063665,0.000000,1,false)
(0.040270,0.000000,1,false)
(0.019074,0.000000,1,false)
(0.073432,0.000000,1,false)
(0.093107,0.000000,1,false)
(0.042602,0.000000,1,false)
(0.020779,0.000000,1,false)
(0.005846,0.000000,1,false)
(0.008255,0.000000,1,false)
(0.009630,0.000000,1,false)
(0.017433,0.000000,1,false)
(0.053393,0.000000,1,false)
(0.067656,0.000000,1,false)
(0.030450,0.000000,1,false)
(0.013461,0.000000,1,false)
(0.047617,0.000000,1,false)
(0.057333,0.000000,1,false)
(0.030992,0.000000,1,false)
(0.002783,0.000000,1,false)
(0.032366,0.000000,1,false)
(0.055824,0.000000,1,false)
(0.045328,0.000000,1,false)
(0.084550,0.000000,1,false)
(0.053263,0.000000,1,false)
(0.047615,0.000000,1,false)
(0.064384,0.000000,1,false)
(0.086278,0.000000,1,false)
(0.038266,0.000000,1,false)
(0.032374,0.000000,1,false)
(0.090946,0.000000,1,false)
(0.040051,0.000000,1,false)
(0.043781,0.000000,1,false)
(0.084133,0.000000,1,false)
(0.087339,0.000000,1,false)
(0.047066,0.000000,1,false)
(0.093554,0.000000,1,false)
(0.011901,0.000000,1,false)
(0.075325,0.000000,1,false)
(0.095918,0.000000,1,false)
(0.056088,0.000000,1,false)
(0.061231,0.000000,1,false)
(0.036520,0.000000,1,false)
(0.070852,0.000000,1,false)
(0.090371,0.000000,1,false)
(0.074820,0.000000,1,false)
(0.066037,0.000000,1,false)
(0.097642,0.000000,1,false)
(0.039426,0.000000,1,false)
(0.099504,0.000000,1,false)
(0.052066,0.000000,1,false)
(0.026772,0.000000,1,false)
(0.066527,0.000000,1,false)
(0.086844,0.000000,1,false)
(0.089768,0.000000,1,false)
(0.046314,0.000000,1,false)
(0.009866,0.000000,1,false)
(0.085011,0.000000,1,false)
(0.089105,0.000000,1,false)
(0.050163,0.000000,1,false)
(0.078062,0.000000,1,false)
(0.060768,0.000000,1,false)
(0.003145,0.000000,1,false)
(0.061237,0.000000,1,false)
(0.021093,0.000000,1,false)
(0.022101,0.000000,1,false)
(0.085887,0.000000,1,false)
(0.023794,0.000000,1,false)
(0.089064,0.000000,1,false)
(0.034410,0.000000,1,false)
(0.086793,0.000000,1,false)
(0.034179,0.000000,1,false)
(0.034692,0.000000,1,false)
(0.036163,0.000000,1,false)
(0.002999,0.000000,1,false)
(0.075151,0.000000,1,false)
(0.024463,0.000000,1,false)
(0.063512,0.000000,1,false)
(0.039562,0.000000,1,false)
(0.055324,0.000000,1,false)
(0.901876,1.000000,0,true)
(0.912358,1.000000,0,true)
(0.926897,1.000000,0,true)
(0.967663,1.000000,0,true)
(0.943499,1.000000,0,true)
(0.946554,1.000000,0,false)
(0.925106,1.000000,0,false)
(0.983975,1.000000,0,false)
(0.936392,1.000000,0,false)
(0.916355,1.000000,0,false)
(0.974346,1.000000,0,false)
(0.993817,1.000000,0,false)
(0.979433,1.000000,0,false)
(0.921447,1.000000,0,false)
(0.953739,1.000000,0,false)
(0.981586,1.000000,0,false)
(0.993902,1.000000,0,false)
(0.901541,1.000000,0,false)
(0.923938,1.000000,0,false)
(0.908867,1.000000,0,false)
(0.918874,1.000000,0,false)
(0.937074,1.000000,0,false)
(0.946347,1.000000,0,false)
(0.953044,1.000000,0,false)
(0.976426,1.000000,0,false)
(0.960679,1.000000,0,false)
(0.906269,1.000000,0,false)
(0.997506,1.000000,0,false)
(0.906584,1.000000,0,false)
(0.978508,1.000000,0,false)
(0.991958,1.000000,0,false)
(0.917964,1.000000,0,false)
(0.972162,1.000000,0,false)
(0.981246,1.000000,0,false)
(0.911553,1.000000,0,false)
(0.907386,1.000000,0,false)
(0.968357,1.000000,0,false)
(0.914806,1.000000,0,false)
(0.944203,1.000000,0,false)
(0.939364,1.000000,0,false)
(0.940980,1.000000,0,false)
(0.980187,1.000000,0,false)
(0.920446,1.000000,0,false)
(0.986415,1.000000,0,false)
(0.920643,1.000000,0,false)
(0.940877,1.000000,0,false)
(0.910003,1.000000,0,false)
(0.985809,1.000000,0,false)
(0.917995,1.000000,0,false)
(0.934445,1.000000,0,false)
(0.962614,1.000000,0,false)
(0.980968,1.000000,0,false)
(0.997278,1.000000,0,false)
(0.912588,1.000000,0,false)
(0.999419,1.000000,0,false)
(0.961285,1.000000,0,false)
(0.952026,1.000000,0,false)
(0.970935,1.000000,0,false)
(0.988612,1.000000,0,false)
(0.977426,1.000000,0,false)
(0.947620,1.000000,0,false)
(0.976269,1.000000,0,false)
(0.959686,1.000000,0,false)
(0.922755,1.000000,0,false)
(0.970736,1.000000,0,false)
(0.954622,1.000000,0,false)
(0.915599,1.000000,0,false)
(0.944461,1.000000,0,false)
(0.935381,1.000000,0,false)
(0.968794,1.000000,0,false)
(0.991501,1.000000,0,false)
(0.980290,1.000000,0,false)
(0.939235,1.000000,0,false)
(0.988399,1.000000,0,false)
(0.982453,1.000000,0,false)
(0.908501,1.000000,0,false)
(0.942469,1.000000,0,false)
(0.939408,1.000000,0,false)
(0.920600,1.000000,0,false)
(0.949713,1.000000,0,false)

(0,0,false)
(1,0,true)
(2,0,false)
(3,0,false)
(4,0,false)
(5,0,true)
(7,0,true)
(8,0,true)
(10,0,false)
(12,0,false)
(13,0,true)
(14,0,false)
(15,0,false)
(17,0,false)
(18,0,false)
(19,0,false)
(20,0,false)
(21,0,false)
(22,0,false)
(24,0,false)
(26,0,true)
(27,0,false)
(28,0,true)
(29,0,false)
(30,0,false)
(31,0,false)
(32,0,false)
(33,0,false)
(34,0,false)
(35,0,false)
(37,0,false)
(39,0,false)
(41,0,false)
(42,0,false)
(43,0,false)
(45,0,false)
(47,0,false)
(48,0,false)
(49,0,true)
(50,0,false)
(51,0,false)
(52,0,false)
(54,0,false)
(55,0,false)
(57,0,false)
(58,0,false)
(59,0,false)
(60,0,false)
(61,0,false)
(62,0,false)
(63,0,false)
(64,0,false)
(65,0,false)
(66,0,true)
(67,0,false)
(68,0,false)
(69,0,false)
(70,0,false)
(72,0,false)
(73,0,false)
(75,0,false)
(76,0,false)
(77,0,false)
(79,0,false)
(80,0,false)
(81,0,false)
(82,0,false)
(83,0,false)
(84,0,false)
(85,0,true)
(86,0,false)
(87,0,false)
(89,0,false)
(91,0,false)
(92,0,false)
(93,0,false)
(94,0,false)
(96,0,false)
(97,0,false)
(98,0,false)
(99,0,false)
(101,0,false)
(102,0,false)
(103,0,false)
(105,0,false)
(106,0,false)
(108,0,true)
(109,0,false)
(112,0,false)
(113,0,false)
(115,0,false)
(116,0,false)
(117,0,true)
(119,0,false)
(120,0,false)
(121,0,true)
(122,0,true)
(123,0,true)
(124,0,true)
(125,0,true)
(126,0,true)
(127,0,true)
(128,0,true)
(129,0,true)
(130,0,true)
(131,0,true)
(132,0,true)
(133,0,true)
(134,0,false)
(136,0,true)
(137,0,false)
(139,0,true)
(140,0,true)
(141,0,true)
(142,0,true)
(143,0,true)
(144,0,true)
(145,0,true)
(146,0,true)
(148,0,true)
(149,0,true)
(150,0,true)
(151,0,true)
(152,0,false)
(153,0,true)
(154,0,true)
(156,0,true)
(157,0,true)
(158,0,true)
(159,0,true)
(160,0,true)
(161,0,true)
(162,0,true)
(163,0,true)
(164,0,true)
(165,0,true)
(166,0,true)
(167,0,true)
(168,0,true)
(170,0,true)
(171,0,true)
(172,0,true)
(173,0,true)
(174,0,true)
(175,0,true)
(176,0,true)
(178,0,true)
(179,0,true)
(180,0,true)
(181,0,true)
(182,0,true)
(183,0,false)
(184,0,true)
(186,0,false)
(187,0,true)
(189,0,true)
(190,0,true)
(192,0,true)
(193,0,true)
(194,0,true)
(195,0,true)
(198,0,true)
(199,0,true)
(1,1,false)
(2,1,false)
(3,1,false)
(4,1,false)
(6,1,false)
(8,1,false)
(10,1,false)
(13,1,false)
(15,1,false)
(16,1,false)
(17,1,false)
(18,1,false)
(20,1,false)
(23,1,false)
(24,1,false)
(25,1,false)
(27,1,false)
(29,1,false)
(30,1,false)
(31,1,false)
(33,1,false)
(34,1,false)
(35,1,false)
(36,1,false)
(37,1,false)
(39,1,false)
(40,1,true)
(41,1,false)
(43,1,false)
(44,1,false)
(45,1,false)
(46,1,false)
(47,1,false)
(48,1,false)
(49,1,false)
(52,1,false)
(53,1,false)
(56,1,false)
(58,1,false)
(59,1,false)
(62,1,false)
(63,1,true)
(65,1,false)
(66,1,false)
(67,1,false)
(68,1,false)
(70,1,false)
(71,1,false)
(72,1,false)
(74,1,false)
(77,1,false)
(78,1,false)
(79,1,false)
(80,1,false)
(84,1,false)
(86,1,false)
(87,1,false)
(88,1,false)
(89,1,false)
(90,1,false)
(92,1,false)
(94,1,false)
(99,1,false)
(100,1,false)
(101,1,false)
(102,1,false)
(103,1,false)
(105,1,false)
(106,1,false)
(107,1,false)
(108,1,false)
(110,1,true)
(112,1,false)
(116,1,false)
(117,1,false)
(118,1,false)
(119,1,true)
(121,1,true)
(122,1,true)
(125,1,true)
(126,1,true)
(127,1,true)
(128,1,true)
(129,1,true)
(130,1,true)
(131,1,true)
(134,1,true)
(135,1,true)
(136,1,true)
(137,1,false)
(138,1,true)
(140,1,true)
(141,1,true)
(143,1,true)
(146,1,false)
(147,1,true)
(149,1,true)
(150,1,true)
(151,1,true)
(153,1,true)
(157,1,true)
(160,1,true)
(161,1,true)
(163,1,true)
(165,1,true)
(166,1,true)
(167,1,true)
(168,1,true)
(169,1,false)
(171,1,true)
(172,1,true)
(173,1,true)
(176,1,true)
(177,1,true)
(178,1,true)
(179,1,true)
(181,1,true)
(182,1,true)
(183,1,true)
(185,1,true)
(186,1,true)
(188,1,true)
(189,1,true)
(190,1,true)
(191,1,true)
(192,1,true)
(193,1,true)
(195,1,false)
(196,1,true)
(197,1,true)
(198,1,true)
(199,1,true)
(0,2,false)
(3,2,true)
(6,2,false)
(8,2,false)
(10,2,false)
(11,2,false)
(12,2,false)
(14,2,false)
(17,2,false)
(18,2,false)
(19,2,false)
(20,2,false)
(21,2,false)
(22,2,false)
(25,2,false)
(29,2,false)
(31,2,false)
(32,2,false)
(33,2,false)
(34,2,false)
(35,2,false)
(39,2,false)
(41,2,false)
(42,2,false)
(43,2,false)
(46,2,false)
(48,2,false)
(49,2,false)
(50,2,false)
(51,2,false)
(52,2,false)
(54,2,false)
(56,2,false)
(57,2,false)
(60,2,false)
(61,2,true)
(62,2,false)
(63,2,false)
(67,2,false)
(68,2,false)
(70,2,false)
(72,2,false)
(73,2,false)
(74,2,false)
(76,2,false)
(79,2,false)
(80,2,false)
(81,2,false)
(82,2,false)
(83,2,false)
(85,2,false)
(86,2,false)
(87,2,false)
(89,2,false)
(90,2,false)
(93,2,false)
(94,2,false)
(96,2,false)
(98,2,false)
(99,2,false)
(101,2,false)
(103,2,false)
(105,2,false)
(106,2,false)
(107,2,false)
(108,2,false)
(109,2,false)
(110,2,true)
(111,2,false)
(113,2,false)
(116,2,false)
(117,2,false)
(119,2,false)
(120,2,true)
(126,2,true)
(130,2,true)
(131,2,true)
(132,2,true)
(134,2,true)
(135,2,true)
(138,2,true)
(139,2,true)
(140,2,true)
(141,2,true)
(142,2,true)
(146,2,true)
(148,2,true)
(150,2,true)
(151,2,true)
(152,2,true)
(153,2,true)
(155,2,true)
(156,2,true)
(157,2,true)
(158,2,true)
(161,2,true)
(162,2,true)
(163,2,true)
(164,2,true)
(166,2,true)
(167,2,true)
(168,2,true)
(170,2,true)
(173,2,true)
(174,2,true)
(175,2,true)
(176,2,true)
(178,2,true)
(179,2,true)
(180,2,true)
(182,2,true)
(184,2,true)
(187,2,true)
(188,2,true)
(189,2,true)
(190,2,true)
(192,2,true)
(193,2,true)
(194,2,true)
(197,2,true)
(198,2,true)
(199,2,true)
(1,3,true)
(3,3,false)
(4,3,false)
(5,3,false)
(6,3,false)
(7,3,false)
(8,3,false)
(9,3,false)
(11,3,false)
(13,3,false)
(14,3,false)
(15,3,false)
(16,3,false)
(17,3,false)
(20,3,false)
(21,3,true)
(22,3,false)
(24,3,false)
(25,3,false)
(29,3,false)
(31,3,false)
(34,3,false)
(35,3,false)
(36,3,false)
(37,3,false)
(41,3,false)
(44,3,false)
(45,3,true)
(46,3,false)
(50,3,false)
(58,3,false)
(59,3,false)
(63,3,false)
(68,3,false)
(71,3,false)
(72,3,false)
(73,3,false)
(75,3,false)
(76,3,false)
(81,3,false)
(83,3,false)
(84,3,false)
(85,3,false)
(87,3,false)
(91,3,false)
(92,3,false)
(93,3,false)
(94,3,false)
(95,3,false)
(97,3,false)
(98,3,false)
(99,3,false)
(100,3,false)
(105,3,false)
(107,3,false)
(108,3,false)
(110,3,false)
(113,3,false)
(114,3,false)
(116,3,false)
(117,3,false)
(118,3,false)
(119,3,false)
(120,3,true)
(121,3,true)
(123,3,true)
(124,3,false)
(126,3,true)
(127,3,true)
(128,3,true)
(130,3,true)
(131,3,true)
(132,3,true)
(133,3,true)
(134,3,true)
(138,3,true)
(139,3,true)
(140,3,true)
(141,3,true)
(146,3,true)
(148,3,true)
(150,3,true)
(151,3,true)
(155,3,false)
(157,3,true)
(158,3,true)
(159,3,true)
(163,3,true)
(166,3,true)
(168,3,false)
(169,3,true)
(171,3,true)
(172,3,true)
(173,3,true)
(175,3,true)
(177,3,true)
(178,3,true)
(179,3,true)
(180,3,true)
(182,3,true)
(183,3,true)
(184,3,true)
(186,3,true)
(188,3,true)
(189,3,true)
(193,3,true)
(195,3,true)
(198,3,true)
(0,4,false)
(2,4,false)
(3,4,false)
(4,4,false)
(7,4,false)
(12,4,false)
(16,4,false)
(21,4,false)
(22,4,false)
(23,4,false)
(24,4,false)
(25,4,false)
(27,4,false)
(29,4,false)
(34,4,false)
(35,4,false)
(37,4,false)
(38,4,false)
(39,4,false)
(40,4,false)
(41,4,false)
(42,4,false)
(43,4,false)
(44,4,false)
(46,4,false)
(49,4,false)
(51,4,false)
(52,4,true)
(56,4,false)
(59,4,false)
(64,4,false)
(65,4,false)
(69,4,true)
(71,4,false)
(73,4,false)
(75,4,true)
(76,4,true)
(77,4,false)
(79,4,false)
(82,4,false)
(87,4,false)
(88,4,false)
(91,4,false)
(94,4,false)
(97,4,false)
(103,4,false)
(105,4,false)
(106,4,false)
(107,4,false)
(110,4,false)
(114,4,false)
(117,4,false)
(119,4,false)
(120,4,false)
(124,4,true)
(125,4,true)
(126,4,true)
(127,4,true)
(129,4,true)
(130,4,true)
(134,4,true)
(135,4,true)
(136,4,true)
(137,4,true)
(138,4,true)
(139,4,true)
(140,4,true)
(142,4,true)
(143,4,true)
(146,4,true)
(147,4,true)
(148,4,true)
(149,4,true)
(150,4,true)
(153,4,true)
(155,4,false)
(157,4,true)
(158,4,true)
(159,4,true)
(163,4,true)
(164,4,true)
(168,4,true)
(171,4,true)
(173,4,true)
(175,4,false)
(176,4,true)
(177,4,true)
(180,4,true)
(181,4,true)
(182,4,true)
(184,4,true)
(185,4,true)
(190,4,true)
(191,4,true)
(192,4,true)
(193,4,true)
(195,4,true)
(196,4,true)
(197,4,true)
(199,4,true)
(0,5,false)
(2,5,false)
(3,5,false)
(4,5,false)
(5,5,true)
(7,5,false)
(9,5,false)
(12,5,false)
(13,5,false)
(15,5,false)
(16,5,false)
(17,5,false)
(19,5,false)
(20,5,false)
(21,5,false)
(23,5,false)
(26,5,false)
(31,5,false)
(33,5,false)
(36,5,false)
(37,5,false)
(38,5,false)
(39,5,false)
(41,5,false)
(43,5,false)
(44,5,false)
(45,5,false)
(47,5,false)
(48,5,false)
(50,5,false)
(57,5,false)
(59,5,false)
(61,5,false)
(62,5,false)
(66,5,false)
(67,5,false)
(70,5,true)
(78,5,false)
(81,5,false)
(82,5,false)
(84,5,false)
(85,5,false)
(88,5,false)
(89,5,false)
(90,5,false)
(91,5,false)
(92,5,true)
(93,5,false)
(99,5,false)
(100,5,false)
(101,5,false)
(104,5,false)
(105,5,false)
(106,5,false)
(108,5,false)
(112,5,false)
(113,5,false)
(114,5,false)
(115,5,false)
(116,5,false)
(117,5,false)
(118,5,false)
(119,5,false)
(121,5,true)
(124,5,true)
(126,5,true)
(127,5,true)
(133,5,true)
(136,5,true)
(138,5,true)
(140,5,true)
(142,5,true)
(144,5,true)
(145,5,true)
(150,5,true)
(152,5,true)
(154,5,true)
(157,5,true)
(160,5,true)
(161,5,false)
(162,5,true)
(163,5,true)
(164,5,true)
(168,5,true)
(172,5,true)
(173,5,true)
(175,5,true)
(176,5,false)
(177,5,true)
(181,5,true)
(182,5,false)
(185,5,true)
(186,5,true)
(190,5,true)
(196,5,true)
(198,5,true)
(199,5,true)
(8,6,false)
(13,6,false)
(15,6,false)
(16,6,false)
(17,6,false)
(18,6,false)
(21,6,false)
(23,6,false)
(27,6,false)
(28,6,false)
(29,6,false)
(30,6,false)
(32,6,false)
(33,6,false)
(35,6,false)
(36,6,false)
(37,6,false)
(40,6,false)
(43,6,true)
(45,6,false)
(47,6,false)
(48,6,false)
(50,6,false)
(53,6,false)
(54,6,false)
(55,6,false)
(60,6,false)
(62,6,false)
(63,6,false)
(65,6,false)
(66,6,false)
(67,6,true)
(68,6,false)
(69,6,false)
(71,6,false)
(73,6,false)
(74,6,false)
(76,6,false)
(79,6,false)
(83,6,false)
(84,6,false)
(93,6,false)
(98,6,false)
(104,6,false)
(108,6,true)
(110,6,false)
(113,6,false)
(114,6,false)
(115,6,false)
(116,6,false)
(121,6,true)
(123,6,true)
(124,6,true)
(125,6,true)
(127,6,true)
(129,6,true)
(130,6,true)
(132,6,true)
(139,6,true)
(141,6,true)
(143,6,true)
(148,6,true)
(153,6,true)
(155,6,true)
(157,6,true)
(160,6,true)
(161,6,true)
(162,6,true)
(165,6,true)
(169,6,true)
(170,6,true)
(178,6,true)
(180,6,false)
(181,6,true)
(184,6,true)
(186,6,true)
(187,6,true)
(189,6,true)
(192,6,true)
(195,6,true)
(196,6,true)
(197,6,true)
(198,6,true)
(1,7,false)
(7,7,false)
(8,7,false)
(9,7,false)
(12,7,false)
(17,7,false)
(21,7,false)
(22,7,false)
(24,7,false)
(26,7,false)
(28,7,false)
(30,7,false)
(32,7,false)
(37,7,false)
(44,7,false)
(45,7,true)
(46,7,false)
(47,7,true)
(48,7,false)
(49,7,false)
(50,7,false)
(51,7,false)
(54,7,false)
(55,7,false)
(57,7,false)
(58,7,false)
(59,7,false)
(61,7,false)
(62,7,false)
(64,7,false)
(66,7,false)
(67,7,true)
(73,7,false)
(77,7,false)
(79,7,false)
(85,7,false)
(88,7,false)
(92,7,true)
(93,7,false)
(97,7,false)
(98,7,false)
(104,7,false)
(106,7,false)
(107,7,false)
(108,7,false)
(109,7,false)
(112,7,false)
(113,7,false)
(114,7,false)
(118,7,false)
(119,7,false)
(120,7,true)
(123,7,true)
(135,7,true)
(136,7,true)
(140,7,true)
(142,7,true)
(146,7,true)
(148,7,true)
(149,7,true)
(151,7,true)
(156,7,true)
(157,7,true)
(166,7,true)
(167,7,true)
(170,7,true)
(172,7,true)
(175,7,true)
(180,7,true)
(182,7,true)
(183,7,true)
(185,7,true)
(189,7,true)
(190,7,true)
(192,7,true)
(193,7,true)
(194,7,true)
(198,7,true)
(199,7,true)
(3,8,false)
(8,8,false)
(9,8,false)
(10,8,false)
(11,8,false)
(13,8,false)
(15,8,false)
(19,8,false)
(20,8,false)
(22,8,false)
(24,8,false)
(26,8,false)
(27,8,true)
(28,8,false)
(29,8,false)
(30,8,false)
(31,8,false)
(37,8,false)
(41,8,false)
(42,8,false)
(48,8,false)
(50,8,false)
(51,8,false)
(52,8,false)
(53,8,false)
(54,8,false)
(57,8,false)
(59,8,false)
(63,8,false)
(64,8,false)
(67,8,false)
(68,8,false)
(71,8,false)
(73,8,false)
(75,8,false)
(76,8,false)
(77,8,false)
(79,8,false)
(80,8,false)
(84,8,false)
(85,8,false)
(86,8,false)
(92,8,false)
(93,8,false)
(94,8,false)
(99,8,false)
(101,8,false)
(102,8,false)
(106,8,false)
(107,8,false)
(110,8,false)
(111,8,false)
(113,8,false)
(114,8,false)
(115,8,false)
(116,8,false)
(122,8,true)
(127,8,true)
(130,8,true)
(131,8,true)
(132,8,false)
(136,8,true)
(137,8,true)
(139,8,true)
(142,8,true)
(143,8,true)
(145,8,true)
(147,8,true)
(149,8,true)
(151,8,true)
(153,8,true)
(154,8,true)
(157,8,false)
(158,8,true)
(159,8,false)
(160,8,true)
(161,8,true)
(163,8,true)
(164,8,true)
(169,8,true)
(170,8,true)
(174,8,true)
(175,8,true)
(176,8,true)
(181,8,true)
(184,8,true)
(188,8,true)
(190,8,true)
(193,8,true)
(194,8,true)
(195,8,true)
(196,8,true)
(1,9,false)
(2,9,false)
(4,9,false)
(5,9,false)
(6,9,false)
(7,9,false)
(14,9,false)
(15,9,false)
(18,9,false)
(20,9,true)
(21,9,false)
(29,9,false)
(38,9,false)
(41,9,true)
(43,9,false)
(45,9,false)
(47,9,false)
(48,9,false)
(49,9,false)
(50,9,false)
(51,9,false)
(52,9,false)
(54,9,false)
(60,9,false)
(62,9,false)
(69,9,false)
(70,9,false)
(71,9,false)
(74,9,false)
(75,9,false)
(76,9,false)
(77,9,false)
(78,9,false)
(82,9,false)
(91,9,false)
(97,9,false)
(100,9,false)
(103,9,false)
(106,9,false)
(107,9,false)
(108,9,false)
(109,9,false)
(111,9,false)
(115,9,true)
(118,9,false)
(121,9,true)
(122,9,true)
(125,9,true)
(126,9,false)
(129,9,true)
(133,9,true)
(136,9,true)
(138,9,false)
(141,9,true)
(142,9,true)
(146,9,true)
(147,9,true)
(150,9,true)
(152,9,true)
(154,9,true)
(155,9,true)
(157,9,true)
(158,9,true)
(159,9,false)
(160,9,true)
(162,9,true)
(163,9,true)
(164,9,true)
(175,9,true)
(176,9,true)
(180,9,true)
(183,9,true)
(186,9,true)
(187,9,false)
(188,9,true)
(191,9,true)
(194,9,true)
(195,9,true)
(196,9,true)
(197,9,true)
(198,9,true)
(199,9,true)
(0,10,false)
(1,10,false)
(4,10,false)
(5,10,false)
(10,10,false)
(14,10,false)
(16,10,false)
(17,10,false)
(18,10,false)
(20,10,false)
(21,10,false)
(23,10,false)
(24,10,false)
(27,10,false)
(29,10,false)
(34,10,false)
(36,10,false)
(38,10,false)
(43,10,false)
(50,10,false)
(51,10,false)
(53,10,false)
(54,10,false)
(62,10,true)
(63,10,false)
(65,10,false)
(66,10,false)
(68,10,false)
(70,10,false)
(73,10,false)
(74,10,false)
(75,10,true)
(81,10,false)
(84,10,false)
(88,10,false)
(90,10,false)
(92,10,false)
(95,10,false)
(96,10,false)
(98,10,false)
(101,10,false)
(103,10,false)
(106,10,false)
(110,10,false)
(113,10,false)
(114,10,false)
(122,10,true)
(128,10,true)
(129,10,true)
(130,10,true)
(132,10,true)
(133,10,true)
(135,10,true)
(142,10,true)
(144,10,true)
(145,10,true)
(147,10,true)
(156,10,true)
(158,10,true)
(159,10,true)
(160,10,true)
(162,10,true)
(163,10,true)
(165,10,true)
(166,10,true)
(173,10,true)
(179,10,true)
(180,10,true)
(185,10,true)
(187,10,true)
(188,10,true)
(190,10,true)
(191,10,true)
(194,10,true)
(199,10,false)
(0,11,false)
(3,11,false)
(4,11,false)
(7,11,false)
(8,11,true)
(12,11,false)
(18,11,false)
(20,11,false)
(22,11,false)
(24,11,false)
(26,11,false)
(31,11,false)
(32,11,false)
(36,11,false)
(37,11,false)
(40,11,false)
(45,11,false)
(46,11,false)
(48,11,false)
(55,11,false)
(56,11,false)
(60,11,false)
(65,11,false)
(66,11,false)
(67,11,false)
(68,11,false)
(69,11,false)
(73,11,true)
(75,11,false)
(81,11,false)
(82,11,false)
(83,11,false)
(84,11,false)
(87,11,true)
(88,11,false)
(90,11,false)
(93,11,false)
(95,11,false)
(97,11,false)
(103,11,false)
(113,11,false)
(117,11,false)
(122,11,true)
(130,11,true)
(133,11,false)
(134,11,true)
(136,11,true)
(138,11,true)
(140,11,true)
(141,11,true)
(147,11,true)
(150,11,true)
(152,11,true)
(153,11,true)
(157,11,true)
(158,11,true)
(159,11,true)
(160,11,true)
(161,11,true)
(167,11,true)
(168,11,false)
(171,11,true)
(172,11,true)
(173,11,true)
(175,11,true)
(177,11,true)
(178,11,true)
(180,11,true)
(182,11,true)
(184,11,true)
(186,11,true)
(187,11,true)
(191,11,true)
(193,11,true)
(197,11,true)
(198,11,true)
(1,12,false)
(2,12,false)
(4,12,false)
(6,12,false)
(8,12,false)
(12,12,false)
(15,12,false)
(17,12,false)
(19,12,false)
(23,12,false)
(26,12,false)
(27,12,false)
(29,12,false)
(35,12,false)
(36,12,false)
(41,12,false)
(49,12,false)
(51,12,false)
(54,12,false)
(57,12,false)
(62,12,false)
(65,12,false)
(67,12,false)
(68,12,false)
(73,12,false)
(74,12,false)
(75,12,false)
(79,12,false)
(87,12,false)
(88,12,false)
(93,12,false)
(94,12,false)
(105,12,false)
(106,12,false)
(115,12,false)
(118,12,false)
(135,12,true)
(136,12,true)
(140,12,true)
(143,12,true)
(144,12,true)
(147,12,true)
(148,12,true)
(152,12,true)
(155,12,true)
(156,12,true)
(158,12,true)
(159,12,true)
(162,12,true)
(163,12,true)
(165,12,true)
(166,12,true)
(168,12,true)
(171,12,true)
(172,12,true)
(173,12,true)
(175,12,true)
(178,12,true)
(185,12,true)
(186,12,false)
(188,12,true)
(189,12,true)
(190,12,true)
(191,12,true)
(192,12,true)
(0,13,false)
(2,13,false)
(3,13,false)
(8,13,false)
(13,13,false)
(26,13,false)
(33,13,false)
(34,13,false)
(41,13,false)
(44,13,false)
(49,13,false)
(56,13,false)
(57,13,false)
(58,13,false)
(62,13,false)
(66,13,false)
(68,13,false)
(76,13,false)
(77,13,false)
(78,13,false)
(81,13,false)
(85,13,false)
(89,13,false)
(90,13,false)
(91,13,false)
(93,13,false)
(94,13,false)
(96,13,false)
(101,13,false)
(102,13,false)
(103,13,false)
(104,13,false)
(105,13,false)
(109,13,false)
(116,13,false)
(121,13,true)
(124,13,true)
(125,13,true)
(126,13,true)
(127,13,true)
(128,13,true)
(130,13,true)
(131,13,true)
(132,13,false)
(141,13,true)
(144,13,true)
(146,13,true)
(149,13,true)
(152,13,true)
(158,13,true)
(162,13,false)
(163,13,true)
(165,13,true)
(168,13,true)
(170,13,true)
(171,13,true)
(172,13,true)
(174,13,true)
(179,13,true)
(189,13,false)
(193,13,true)
(197,13,true)
(0,14,false)
(3,14,false)
(4,14,false)
(6,14,false)
(10,14,false)
(23,14,false)
(24,14,false)
(28,14,false)
(29,14,false)
(31,14,false)
(32,14,false)
(33,14,true)
(35,14,false)
(37,14,false)
(41,14,false)
(45,14,false)
(46,14,false)
(47,14,false)
(57,14,false)
(59,14,false)
(65,14,false)
(71,14,true)
(76,14,false)
(77,14,false)
(80,14,true)
(83,14,false)
(84,14,false)
(86,14,true)
(88,14,false)
(96,14,false)
(98,14,false)
(101,14,false)
(102,14,false)
(105,14,false)
(106,14,false)
(107,14,false)
(109,14,false)
(110,14,false)
(111,14,false)
(114,14,false)
(117,14,false)
(122,14,false)
(124,14,true)
(125,14,true)
(129,14,true)
(130,14,true)
(135,14,true)
(138,14,false)
(139,14,true)
(140,14,true)
(149,14,true)
(159,14,false)
(170,14,true)
(171,14,true)
(179,14,true)
(180,14,true)
(183,14,true)
(188,14,true)
(189,14,true)
(193,14,true)
(195,14,false)
(198,14,true)
(2,15,false)
(9,15,false)
(10,15,true)
(12,15,false)
(13,15,false)
(17,15,false)
(20,15,true)
(21,15,false)
(22,15,false)
(26,15,false)
(30,15,false)
(31,15,false)
(32,15,false)
(34,15,false)
(36,15,false)
(37,15,false)
(39,15,false)
(42,15,false)
(48,15,false)
(51,15,false)
(52,15,false)
(56,15,false)
(57,15,false)
(58,15,false)
(60,15,false)
(64,15,false)
(65,15,false)
(66,15,false)
(72,15,true)
(74,15,false)
(75,15,false)
(78,15,false)
(85,15,false)
(93,15,true)
(95,15,false)
(98,15,false)
(99,15,false)
(102,15,false)
(111,15,false)
(113,15,false)
(118,15,false)
(119,15,false)
(123,15,true)
(129,15,true)
(130,15,true)
(133,15,false)
(134,15,true)
(140,15,false)
(144,15,true)
(146,15,true)
(147,15,true)
(148,15,true)
(151,15,true)
(153,15,true)
(155,15,true)
(160,15,true)
(164,15,true)
(165,15,true)
(170,15,true)
(171,15,true)
(175,15,true)
(179,15,true)
(182,15,true)
(183,15,true)
(185,15,true)
(189,15,true)
(191,15,true)
(194,15,true)
(197,15,true)
(198,15,true)
(4,16,false)
(7,16,false)
(11,16,true)
(17,16,false)
(19,16,false)
(22,16,false)
(25,16,false)
(27,16,false)
(28,16,true)
(33,16,false)
(34,16,false)
(35,16,false)
(39,16,false)
(43,16,true)
(44,16,false)
(45,16,false)
(46,16,false)
(50,16,false)
(51,16,false)
(52,16,false)
(53,16,true)
(55,16,false)
(63,16,false)
(64,16,false)
(65,16,false)
(67,16,false)
(71,16,false)
(73,16,false)
(81,16,false)
(82,16,false)
(83,16,false)
(86,16,false)
(87,16,false)
(88,16,false)
(90,16,false)
(91,16,false)
(93,16,false)
(94,16,true)
(107,16,false)
(110,16,false)
(111,16,false)
(112,16,false)
(113,16,false)
(125,16,true)
(126,16,true)
(129,16,true)
(132,16,true)
(134,16,false)
(136,16,true)
(137,16,true)
(144,16,true)
(148,16,true)
(150,16,true)
(151,16,true)
(162,16,true)
(164,16,true)
(166,16,true)
(168,16,true)
(171,16,true)
(174,16,true)
(175,16,true)
(182,16,true)
(183,16,true)
(187,16,true)
(190,16,true)
(191,16,true)
(192,16,true)
(193,16,true)
(199,16,true)
(6,17,false)
(9,17,false)
(17,17,false)
(20,17,false)
(26,17,false)
(31,17,false)
(33,17,false)
(41,17,false)
(43,17,false)
(46,17,false)
(48,17,false)
(49,17,false)
(51,17,false)
(57,17,false)
(58,17,false)
(61,17,false)
(63,17,false)
(66,17,false)
(71,17,false)
(72,17,false)
(78,17,false)
(79,17,true)
(84,17,false)
(85,17,false)
(88,17,false)
(91,17,false)
(92,17,false)
(95,17,false)
(108,17,false)
(109,17,false)
(115,17,false)
(116,17,false)
(117,17,false)
(119,17,false)
(124,17,true)
(125,17,true)
(127,17,true)
(130,17,true)
(134,17,true)
(135,17,true)
(144,17,true)
(151,17,true)
(154,17,true)
(158,17,true)
(159,17,true)
(161,17,true)
(162,17,true)
(163,17,true)
(166,17,true)
(169,17,true)
(174,17,true)
(177,17,true)
(178,17,true)
(180,17,true)
(181,17,true)
(182,17,true)
(194,17,true)
(196,17,true)
(197,17,true)
(198,17,true)
(1,18,true)
(2,18,false)
(3,18,false)
(4,18,false)
(10,18,false)
(11,18,false)
(19,18,false)
(22,18,false)
(28,18,false)
(35,18,false)
(42,18,false)
(43,18,false)
(47,18,false)
(48,18,false)
(51,18,false)
(59,18,false)
(60,18,false)
(64,18,false)
(66,18,false)
(67,18,false)
(71,18,false)
(72,18,false)
(74,18,false)
(76,18,false)
(85,18,false)
(90,18,false)
(91,18,false)
(110,18,false)
(111,18,false)
(114,18,false)
(121,18,true)
(137,18,true)
(138,18,true)
(140,18,true)
(145,18,false)
(147,18,true)
(153,18,true)
(154,18,true)
(159,18,true)
(163,18,true)
(164,18,true)
(167,18,true)
(169,18,true)
(179,18,true)
(180,18,true)
(188,18,true)
(193,18,true)
(195,18,true)
(196,18,true)
(11,19,false)
(13,19,false)
(17,19,false)
(21,19,false)
(22,19,false)
(25,19,false)
(26,19,false)
(40,19,false)
(49,19,false)
(50,19,false)
(51,19,false)
(62,19,false)
(66,19,false)
(68,19,false)
(76,19,false)
(78,19,false)
(80,19,false)
(84,19,false)
(89,19,false)
(92,19,false)
(93,19,false)
(94,19,false)
(97,19,true)
(98,19,false)
(102,19,false)
(104,19,false)
(105,19,false)
(108,19,false)
(112,19,false)
(114,19,false)
(119,19,false)
(122,19,true)
(123,19,true)
(126,19,false)
(128,19,true)
(130,19,true)
(132,19,true)
(133,19,false)
(134,19,true)
(135,19,false)
(136,19,true)
(137,19,true)
(140,19,true)
(141,19,false)
(146,19,true)
(149,19,true)
(150,19,true)
(153,19,true)
(154,19,true)
(155,19,true)
(162,19,false)
(171,19,true)
(178,19,true)
(180,19,true)
(188,19,true)
(189,19,true)
(196,19,true)
(199,19,true)
(1,20,false)
(3,20,false)
(6,20,false)
(8,20,false)
(12,20,false)
(16,20,false)
(20,20,false)
(29,20,false)
(30,20,false)
(33,20,false)
(36,20,false)
(38,20,false)
(40,20,false)
(47,20,false)
(53,20,false)
(55,20,false)
(58,20,false)
(62,20,false)
(65,20,false)
(67,20,true)
(68,20,false)
(78,20,false)
(82,20,false)
(83,20,false)
(87,20,false)
(92,20,false)
(93,20,false)
(99,20,false)
(100,20,false)
(102,20,false)
(110,20,false)
(134,20,true)
(136,20,true)
(143,20,true)
(147,20,true)
(151,20,false)
(153,20,true)
(162,20,true)
(164,20,false)
(166,20,true)
(170,20,true)
(173,20,true)
(174,20,true)
(175,20,true)
(178,20,true)
(180,20,true)
(190,20,true)
(194,20,true)
(197,20,true)
(199,20,true)
(0,21,false)
(1,21,false)
(7,21,false)
(9,21,false)
(11,21,false)
(16,21,false)
(21,21,false)
(23,21,false)
(25,21,false)
(26,21,false)
(29,21,false)
(32,21,false)
(34,21,false)
(38,21,false)
(39,21,false)
(40,21,false)
(44,21,false)
(45,21,false)
(53,21,false)
(58,21,false)
(59,21,false)
(65,21,false)
(66,21,false)
(69,21,false)
(71,21,false)
(80,21,false)
(82,21,false)
(84,21,false)
(88,21,false)
(89,21,false)
(95,21,false)
(104,21,false)
(108,21,false)
(114,21,false)
(116,21,false)
(119,21,false)
(120,21,true)
(125,21,true)
(136,21,true)
(141,21,true)
(143,21,false)
(147,21,true)
(148,21,true)
(154,21,false)
(155,21,true)
(159,21,true)
(161,21,true)
(167,21,true)
(168,21,true)
(170,21,true)
(171,21,true)
(175,21,true)
(176,21,true)
(178,21,true)
(179,21,true)
(180,21,true)
(182,21,true)
(184,21,true)
(187,21,true)
(188,21,true)
(190,21,true)
(191,21,true)
(192,21,true)
(0,22,false)
(7,22,false)
(19,22,false)
(24,22,false)
(25,22,false)
(27,22,false)
(29,22,false)
(32,22,false)
(33,22,false)
(34,22,false)
(38,22,false)
(39,22,false)
(47,22,false)
(50,22,false)
(52,22,false)
(54,22,false)
(60,22,false)
(61,22,false)
(63,22,false)
(73,22,false)
(77,22,false)
(79,22,false)
(81,22,false)
(83,22,false)
(84,22,false)
(88,22,false)
(91,22,false)
(94,22,false)
(101,22,false)
(108,22,false)
(109,22,false)
(110,22,false)
(121,22,true)
(128,22,true)
(130,22,true)
(131,22,true)
(136,22,true)
(140,22,true)
(148,22,false)
(155,22,false)
(161,22,true)
(162,22,true)
(164,22,true)
(165,22,true)
(166,22,true)
(175,22,true)
(181,22,true)
(183,22,true)
(184,22,true)
(186,22,false)
(188,22,true)
(189,22,true)
(192,22,true)
(195,22,true)
(196,22,true)
(198,22,true)
(5,23,false)
(6,23,false)
(8,23,false)
(9,23,false)
(12,23,false)
(14,23,false)
(16,23,false)
(22,23,false)
(26,23,false)
(30,23,false)
(31,23,false)
(34,23,false)
(36,23,true)
(37,23,true)
(41,23,false)
(44,23,false)
(50,23,false)
(52,23,false)
(58,23,false)
(65,23,false)
(68,23,false)
(70,23,false)
(73,23,false)
(74,23,false)
(78,23,false)
(82,23,false)
(83,23,false)
(88,23,false)
(91,23,false)
(93,23,false)
(94,23,false)
(102,23,false)
(105,23,false)
(112,23,false)
(114,23,false)
(115,23,false)
(116,23,false)
(124,23,true)
(126,23,true)
(129,23,true)
(132,23,true)
(134,23,true)
(144,23,true)
(146,23,true)
(149,23,true)
(150,23,true)
(157,23,true)
(166,23,true)
(169,23,true)
(177,23,true)
(184,23,false)
(190,23,true)
(194,23,true)
(196,23,true)
(199,23,true)
(6,24,true)
(14,24,false)
(24,24,false)
(25,24,false)
(27,24,true)
(29,24,false)
(31,24,false)
(32,24,false)
(39,24,false)
(52,24,false)
(57,24,true)
(60,24,false)
(69,24,false)
(72,24,false)
(76,24,false)
(82,24,false)
(85,24,false)
(86,24,false)
(91,24,false)
(92,24,false)
(95,24,false)
(98,24,false)
(102,24,false)
(105,24,false)
(107,24,false)
(109,24,false)
(117,24,false)
(120,24,false)
(123,24,false)
(128,24,false)
(131,24,true)
(132,24,true)
(134,24,true)
(137,24,true)
(138,24,true)
(150,24,true)
(163,24,true)
(166,24,true)
(167,24,true)
(172,24,true)
(180,24,false)
(187,24,true)
(192,24,true)
(195,24,true)
(196,24,true)
(1,25,true)
(2,25,false)
(3,25,false)
(5,25,false)
(20,25,false)
(41,25,false)
(44,25,false)
(52,25,false)
(56,25,false)
(58,25,false)
(63,25,false)
(66,25,false)
(68,25,false)
(73,25,false)
(79,25,false)
(87,25,false)
(91,25,false)
(100,25,false)
(104,25,false)
(111,25,false)
(112,25,false)
(115,25,true)
(118,25,false)
(121,25,true)
(122,25,true)
(126,25,true)
(127,25,true)
(132,25,true)
(133,25,true)
(134,25,true)
(137,25,true)
(138,25,true)
(139,25,true)
(140,25,true)
(143,25,true)
(146,25,true)
(159,25,true)
(167,25,true)
(171,25,true)
(172,25,true)
(183,25,true)
(188,25,true)
(189,25,true)
(192,25,true)
(194,25,true)
(197,25,true)
(0,26,false)
(6,26,false)
(7,26,false)
(9,26,false)
(19,26,false)
(25,26,false)
(26,26,false)
(27,26,false)
(29,26,false)
(30,26,false)
(33,26,false)
(35,26,false)
(41,26,false)
(52,26,false)
(54,26,false)
(57,26,false)
(61,26,false)
(73,26,false)
(88,26,false)
(90,26,false)
(92,26,false)
(94,26,false)
(97,26,false)
(102,26,false)
(103,26,false)
(104,26,false)
(115,26,false)
(117,26,false)
(125,26,true)
(129,26,true)
(133,26,true)
(134,26,true)
(139,26,true)
(144,26,true)
(145,26,true)
(148,26,true)
(149,26,true)
(152,26,true)
(160,26,true)
(163,26,true)
(164,26,true)
(166,26,true)
(169,26,true)
(171,26,true)
(176,26,true)
(181,26,true)
(185,26,true)
(189,26,true)
(191,26,true)
(194,26,true)
(196,26,true)
(2,27,false)
(10,27,false)
(22,27,false)
(23,27,false)
(26,27,false)
(31,27,false)
(33,27,true)
(42,27,false)
(43,27,false)
(44,27,false)
(45,27,false)
(46,27,false)
(51,27,false)
(53,27,false)
(55,27,false)
(59,27,false)
(65,27,false)
(70,27,false)
(75,27,false)
(76,27,false)
(87,27,false)
(92,27,false)
(96,27,false)
(98,27,false)
(109,27,false)
(129,27,true)
(135,27,true)
(136,27,true)
(143,27,true)
(146,27,true)
(152,27,true)
(154,27,true)
(169,27,true)
(170,27,true)
(184,27,true)
(186,27,true)
(191,27,true)
(0,28,false)
(2,28,false)
(3,28,false)
(10,28,false)
(12,28,false)
(15,28,false)
(17,28,false)
(19,28,false)
(20,28,false)
(22,28,false)
(24,28,false)
(30,28,false)
(47,28,false)
(48,28,false)
(49,28,false)
(55,28,false)
(63,28,true)
(67,28,false)
(77,28,false)
(80,28,false)
(83,28,false)
(84,28,false)
(89,28,false)
(90,28,false)
(91,28,false)
(93,28,false)
(101,28,false)
(102,28,false)
(103,28,false)
(105,28,false)
(108,28,false)
(116,28,false)
(138,28,true)
(140,28,true)
(143,28,true)
(145,28,true)
(146,28,true)
(150,28,true)
(154,28,true)
(155,28,true)
(167,28,true)
(168,28,true)
(169,28,true)
(171,28,true)
(175,28,true)
(178,28,true)
(180,28,true)
(184,28,true)
(188,28,true)
(190,28,true)
(191,28,true)
(197,28,true)
(198,28,true)
(6,29,false)
(18,29,false)
(22,29,false)
(26,29,false)
(29,29,false)
(30,29,false)
(33,29,false)
(36,29,false)
(38,29,false)
(40,29,false)
(45,29,false)
(51,29,false)
(58,29,false)
(59,29,false)
(60,29,false)
(68,29,false)
(69,29,false)
(80,29,false)
(81,29,false)
(89,29,false)
(93,29,false)
(95,29,false)
(96,29,false)
(105,29,false)
(106,29,false)
(110,29,false)
(112,29,false)
(114,29,false)
(120,29,true)
(121,29,true)
(123,29,true)
(124,29,true)
(128,29,true)
(134,29,true)
(137,29,true)
(141,29,true)
(142,29,true)
(154,29,true)
(158,29,true)
(160,29,false)
(171,29,true)
(172,29,true)
(173,29,true)
(174,29,true)
(175,29,true)
(179,29,true)
(186,29,false)
(190,29,true)
(192,29,true)
(198,29,true)
(199,29,true)
(2,30,false)
(9,30,false)
(12,30,false)
(14,30,false)
(20,30,false)
(23,30,false)
(27,30,false)
(33,30,false)
(36,30,false)
(46,30,false)
(47,30,false)
(51,30,false)
(62,30,false)
(67,30,false)
(68,30,false)
(70,30,false)
(85,30,false)
(89,30,false)
(92,30,false)
(94,30,false)
(101,30,false)
(102,30,false)
(105,30,false)
(108,30,false)
(109,30,false)
(114,30,false)
(116,30,false)
(117,30,false)
(121,30,true)
(122,30,true)
(124,30,true)
(126,30,true)
(127,30,true)
(128,30,true)
(129,30,true)
(136,30,true)
(137,30,true)
(139,30,true)
(143,30,true)
(146,30,true)
(149,30,true)
(150,30,true)
(154,30,true)
(155,30,false)
(160,30,true)
(162,30,true)
(167,30,true)
(175,30,true)
(185,30,true)
(188,30,true)
(193,30,true)
(196,30,true)
(198,30,true)
(1,31,true)
(14,31,false)
(16,31,false)
(19,31,false)
(20,31,false)
(24,31,false)
(26,31,false)
(27,31,true)
(30,31,false)
(31,31,false)
(33,31,true)
(34,31,false)
(37,31,false)
(39,31,false)
(47,31,false)
(49,31,false)
(51,31,false)
(55,31,false)
(61,31,false)
(63,31,false)
(74,31,false)
(77,31,false)
(81,31,false)
(86,31,false)
(88,31,false)
(91,31,false)
(93,31,false)
(95,31,false)
(97,31,false)
(114,31,false)
(121,31,true)
(122,31,true)
(127,31,true)
(130,31,true)
(132,31,true)
(134,31,true)
(137,31,true)
(141,31,true)
(142,31,true)
(143,31,true)
(154,31,true)
(161,31,true)
(166,31,true)
(169,31,true)
(176,31,true)
(179,31,true)
(181,31,true)
(186,31,true)
(187,31,true)
(188,31,true)
(196,31,true)
(5,32,false)
(9,32,false)
(13,32,false)
(23,32,false)
(25,32,false)
(28,32,false)
(34,32,false)
(35,32,false)
(37,32,false)
(38,32,false)
(41,32,false)
(46,32,false)
(47,32,false)
(52,32,false)
(53,32,false)
(58,32,false)
(62,32,false)
(63,32,false)
(64,32,true)
(65,32,false)
(75,32,false)
(83,32,false)
(96,32,false)
(97,32,false)
(101,32,false)
(107,32,false)
(111,32,false)
(112,32,false)
(113,32,false)
(117,32,false)
(120,32,true)
(126,32,true)
(147,32,true)
(152,32,true)
(161,32,true)
(163,32,true)
(173,32,true)
(176,32,true)
(184,32,true)
(185,32,true)
(192,32,true)
(198,32,true)
(2,33,false)
(10,33,false)
(14,33,false)
(17,33,false)
(24,33,false)
(30,33,false)
(32,33,false)
(39,33,false)
(40,33,false)
(41,33,false)
(45,33,false)
(47,33,false)
(49,33,false)
(56,33,false)
(62,33,false)
(63,33,false)
(67,33,false)
(75,33,false)
(79,33,false)
(80,33,false)
(81,33,false)
(83,33,false)
(88,33,false)
(91,33,false)
(98,33,false)
(99,33,false)
(110,33,false)
(112,33,false)
(115,33,false)
(117,33,false)
(119,33,false)
(122,33,true)
(124,33,true)
(128,33,true)
(130,33,true)
(139,33,true)
(154,33,false)
(155,33,true)
(159,33,true)
(160,33,true)
(167,33,true)
(172,33,true)
(177,33,true)
(180,33,true)
(186,33,true)
(187,33,true)
(199,33,true)
(0,34,false)
(3,34,false)
(6,34,false)
(9,34,false)
(19,34,false)
(31,34,false)
(33,34,false)
(37,34,false)
(47,34,false)
(53,34,false)
(58,34,false)
(63,34,false)
(64,34,false)
(66,34,true)
(71,34,false)
(72,34,false)
(77,34,false)
(78,34,false)
(81,34,false)
(95,34,false)
(100,34,true)
(102,34,false)
(105,34,false)
(110,34,false)
(115,34,false)
(116,34,false)
(119,34,false)
(122,34,true)
(130,34,true)
(135,34,true)
(141,34,true)
(145,34,false)
(161,34,true)
(164,34,true)
(174,34,true)
(185,34,true)
(186,34,true)
(187,34,true)
(189,34,true)
(1,35,false)
(10,35,false)
(21,35,false)
(34,35,false)
(39,35,true)
(41,35,false)
(42,35,false)
(54,35,false)
(57,35,false)
(60,35,false)
(62,35,false)
(67,35,false)
(83,35,false)
(88,35,false)
(91,35,false)
(95,35,false)
(96,35,false)
(98,35,false)
(100,35,false)
(101,35,false)
(108,35,false)
(110,35,false)
(112,35,false)
(118,35,false)
(126,35,true)
(131,35,true)
(132,35,false)
(133,35,true)
(139,35,true)
(140,35,true)
(144,35,true)
(152,35,true)
(156,35,true)
(158,35,true)
(162,35,true)
(163,35,true)
(173,35,true)
(174,35,true)
(176,35,false)
(178,35,true)
(179,35,true)
(181,35,true)
(183,35,true)
(187,35,true)
(188,35,true)
(191,35,true)
(195,35,true)
(197,35,true)
(199,35,true)
(7,36,false)
(11,36,false)
(17,36,false)
(18,36,false)
(19,36,false)
(21,36,false)
(24,36,false)
(29,36,false)
(42,36,false)
(57,36,false)
(65,36,false)
(67,36,false)
(69,36,false)
(70,36,false)
(72,36,false)
(74,36,false)
(77,36,false)
(78,36,true)
(82,36,false)
(86,36,false)
(92,36,false)
(94,36,false)
(96,36,false)
(109,36,false)
(115,36,false)
(125,36,true)
(130,36,true)
(131,36,true)
(135,36,true)
(145,36,true)
(146,36,true)
(173,36,true)
(182,36,true)
(184,36,true)
(5,37,false)
(16,37,false)
(17,37,false)
(27,37,false)
(31,37,false)
(34,37,false)
(37,37,false)
(38,37,false)
(41,37,false)
(51,37,false)
(54,37,false)
(58,37,false)
(67,37,true)
(69,37,false)
(73,37,false)
(87,37,false)
(91,37,false)
(92,37,false)
(93,37,false)
(107,37,false)
(109,37,false)
(112,37,false)
(113,37,false)
(114,37,false)
(117,37,false)
(118,37,false)
(119,37,false)
(134,37,true)
(140,37,true)
(148,37,true)
(149,37,true)
(150,37,true)
(152,37,true)
(154,37,false)
(175,37,true)
(180,37,true)
(181,37,true)
(182,37,true)
(188,37,true)
(190,37,true)
(191,37,true)
(197,37,true)
(0,38,false)
(6,38,false)
(20,38,false)
(24,38,false)
(27,38,false)
(30,38,false)
(34,38,false)
(40,38,false)
(45,38,false)
(57,38,false)
(77,38,false)
(80,38,false)
(84,38,true)
(85,38,false)
(95,38,false)
(104,38,false)
(113,38,false)
(122,38,true)
(124,38,true)
(131,38,true)
(132,38,true)
(134,38,true)
(141,38,true)
(145,38,true)
(148,38,true)
(149,38,true)
(152,38,true)
(154,38,true)
(157,38,true)
(161,38,true)
(165,38,true)
(173,38,true)
(176,38,true)
(178,38,true)
(179,38,true)
(180,38,true)
(181,38,true)
(183,38,true)
(187,38,true)
(188,38,true)
(190,38,true)
(198,38,true)
(5,39,false)
(13,39,false)
(14,39,false)
(16,39,false)
(17,39,false)
(20,39,true)
(23,39,false)
(26,39,false)
(30,39,false)
(36,39,false)
(38,39,false)
(40,39,false)
(51,39,false)
(54,39,false)
(56,39,false)
(58,39,false)
(61,39,false)
(62,39,false)
(63,39,false)
(65,39,false)
(67,39,false)
(71,39,false)
(72,39,false)
(73,39,false)
(80,39,false)
(83,39,false)
(85,39,false)
(86,39,false)
(92,39,false)
(106,39,false)
(110,39,false)
(111,39,false)
(112,39,false)
(114,39,false)
(121,39,true)
(124,39,true)
(127,39,true)
(134,39,true)
(136,39,true)
(140,39,true)
(143,39,true)
(145,39,true)
(155,39,true)
(162,39,false)
(170,39,true)
(171,39,true)
(176,39,true)
(178,39,true)
(179,39,true)
(180,39,true)
(182,39,true)
(194,39,true)
(198,39,true)
(0,40,false)
(3,40,false)
(4,40,false)
(14,40,true)
(17,40,false)
(18,40,false)
(29,40,false)
(40,40,false)
(41,40,false)
(43,40,false)
(45,40,false)
(52,40,false)
(53,40,false)
(66,40,false)
(70,40,false)
(78,40,false)
(81,40,false)
(84,40,false)
(85,40,false)
(86,40,false)
(95,40,false)
(105,40,false)
(107,40,false)
(108,40,false)
(114,40,false)
(121,40,true)
(130,40,true)
(137,40,true)
(139,40,true)
(140,40,true)
(141,40,true)
(143,40,true)
(146,40,true)
(150,40,true)
(154,40,false)
(156,40,false)
(161,40,true)
(162,40,false)
(171,40,true)
(172,40,true)
(176,40,true)
(181,40,true)
(182,40,true)
(185,40,true)
(186,40,true)
(188,40,true)
(190,40,true)
(194,40,true)
(198,40,true)

(122,2)
(131,20)
(182,20)
(45,8)
(87,10)
(178,15)
(91,14)
(0,31)
(114,2)
(40,32)
(197,3)
(60,14)
(116,14)
(199,18)
(28,2)
(191,5)
(187,4)
(25,0)
(74,35)
(117,6)
(156,25)
(50,26)
(153,3)
(0,29)
(164,40)
(192,28)
(36,2)
(45,26)
(175,25)
(86,26)
(10,21)
(176,13)
(150,15)
(186,35)
(60,40)
(112,6)
(33,23)
(54,23)
(166,9)
(167,10)
(198,27)
(185,37)
(120,13)
(52,31)
(96,5)
(191,3)
(54,11)
(180,31)
(118,40)
(143,14)
(97,6)
(95,9)
(99,11)
(23,3)
(128,7)
(8,26)
(177,0)
(32,16)
(17,29)
(126,27)
(18,12)
(179,30)
(182,38)
(26,25)
(176,16)
(20,4)
(197,0)
(131,40)
(25,34)
(194,31)
(70,3)
(182,12)
(29,18)
(100,15)
(39,28)
(75,2)
(51,23)
(190,25)
(25,27)
(99,39)
(112,28)
(12,37)
(154,6)
(130,29)
(176,33)
(185,22)
(118,33)
(2,2)
(177,8)
(171,23)
(56,29)
(80,3)
(8,40)
(169,15)
(37,9)
(172,18)
(136,26)
(79,3)
(75,34)
(28,11)
(4,23)
(7,34)
(52,3)
(49,5)
(81,24)
(78,0)
(99,36)
(79,35)
(199,12)
(123,30)
(183,31)
(43,7)
(115,2)
(57,4)
(101,34)
(63,23)
(95,2)
(71,25)
(75,29)
(88,25)
(63,4)
(190,30)
(13,11)
(88,9)
(188,0)
(60,5)
(34,6)
(5,7)
(25,9)
(45,30)
(164,33)
(38,3)
(151,5)
(46,8)
(78,7)
(44,6)
(154,23)
(194,11)
(98,12)
(25,10)
(78,14)
(106,11)
(76,26)
(29,15)
(182,28)
(120,8)
(89,37)
(24,13)
(5,4)
(184,18)
(75,20)
(186,25)
(3,32)
(92,22)
(83,8)
(1,22)
(135,32)
(172,31)
(53,15)
(128,36)
(192,13)
(21,16)
(155,37)
(103,20)
(93,1)
(92,11)
(77,2)
(5,1)
(112,2)
(195,2)
(15,26)
(152,3)
(68,21)
(195,7)
(4,19)
(114,16)
(59,22)
(101,15)
(4,39)
(194,24)
(71,36)
(9,1)
(184,12)
(194,37)
(109,6)
(26,28)
(87,22)
(79,31)
(148,29)
(95,22)
(66,31)
(26,33)
(142,6)
(177,9)
(55,5)
(109,1)
(106,27)
(118,29)
(28,4)
(77,3)
(65,7)
(14,8)
(13,25)
(42,14)
(28,21)
(91,32)
(7,38)
(13,29)
(127,20)
(156,20)
(107,28)
(48,33)
(45,13)
(73,14)
(90,34)
(3,27)
(140,21)
(21,30)
(111,1)
(184,7)
(191,18)
(157,39)
(195,21)
(19,6)
(118,2)
(182,30)
(32,31)
(44,0)
(153,32)
(131,7)
(102,17)
(54,17)
(192,10)
(61,32)
(114,20)
(179,27)
(33,40)
(113,23)
(62,25)
(27,29)
(115,28)
(137,20)
(77,29)
(108,39)
(159,37)
(120,25)
(177,32)
(104,29)
(168,30)
(53,4)
(111,3)
(85,10)
(35,8)
(48,39)
(158,20)
(180,40)
(140,16)
(123,27)
(108,15)
(171,9)
(107,5)
(186,2)
(159,26)
(134,5)
(153,26)
(196,0)
(159,2)
(31,19)
(161,19)
(116,32)
(32,20)
(45,22)
(172,30)
(43,34)
(44,30)
(15,32)
(120,22)
(114,0)
(183,33)
(13,24)
(27,14)
(16,18)
(76,21)
(197,18)
(71,0)
(161,14)
(148,13)
(10,22)
(193,17)
(154,39)
(89,31)
(12,1)
(128,27)
(181,33)
(54,33)
(5,26)
(183,18)
(92,14)
(83,40)
(171,31)
(41,20)
(137,9)
(26,30)
(121,20)
(81,21)
(161,25)
(195,28)
(9,14)
(78,30)
(57,40)
(143,26)
(51,22)
(153,13)
(128,20)
(140,29)
(198,13)
(164,7)
(70,25)
(130,20)
(29,16)
(85,21)
(13,7)
(71,32)
(197,12)
(42,9)
(96,21)
(26,3)
(189,4)
(102,5)
(2,26)
(158,1)
(116,16)
(192,26)
(179,4)
(44,17)
(13,23)
(75,28)
(155,17)
(25,25)
(121,2)
(118,20)
(7,1)
(135,22)
(20,23)
(84,36)
(14,5)
(155,1)
(113,27)
(58,6)
(91,11)
(145,17)
(118,4)
(4,32)
(179,19)
(18,32)
(90,4)
(101,17)
(151,39)
(46,19)
(190,35)
(70,21)
(157,33)
(85,29)
(49,11)
(72,27)
(119,10)
(187,25)
(90,20)
(14,38)
(148,10)
(100,24)
(190,11)
(23,33)
(140,23)
(187,18)
(29,25)
(131,33)
(37,2)
(141,28)
(94,25)
(182,13)
(64,9)
(42,19)
(175,1)
(187,32)
(95,7)
(175,38)
(155,25)
(133,27)
(74,32)
(27,27)
(13,37)
(195,16)
(92,38)
(90,0)
(29,33)
(7,29)
(65,9)
(47,27)
(122,4)
(82,18)
(30,5)
(12,18)
(146,10)
(113,34)
(159,15)
(195,15)
(126,36)
(36,13)
(188,24)
(40,12)
(3,6)
(67,29)
(3,10)
(65,18)
(164,17)
(97,23)
(198,23)
(106,13)
(96,9)
(91,1)
(32,13)
(10,6)
(40,22)
(86,3)
(90,7)
(93,14)
(102,29)
(147,22)
(142,24)
(65,37)
(197,27)
(181,36)
(6,22)
(125,39)
(11,22)
(6,19)
(130,26)
(73,32)
(63,13)
(34,40)
(194,28)
(27,17)
(55,9)
(199,3)
(5,12)
(105,20)
(168,26)
(9,20)
(166,35)
(2,19)
(131,10)
(45,12)
(89,3)
(45,20)
(136,36)
(20,16)
(184,33)
(129,33)
(62,17)
(184,9)
(12,6)
(194,19)
(145,13)
(59,36)
(119,14)
(51,11)
(171,24)
(171,7)
(76,16)
(47,40)
(160,12)
(29,7)
(15,10)
(121,14)
(127,19)
(42,16)
(159,36)
(169,22)
(19,9)
(113,1)
(106,20)
(145,6)
(8,25)
(28,35)
(128,15)
(17,31)
(100,14)
(2,16)
(16,27)
(48,19)
(80,37)
(150,34)
(164,13)
(186,20)
(134,34)
(172,36)
(151,13)
(149,15)
(29,27)
(100,32)
(4,25)
(79,26)
(92,32)
(7,30)
(45,36)
(60,36)
(59,30)
(69,12)
(84,15)
(64,11)
(142,11)
(69,18)
(161,3)
(59,38)
(8,33)
(8,5)
(182,8)
(79,39)
(93,40)
(100,22)
(106,30)
(130,7)
(148,11)
(10,11)
(173,37)
(148,8)
(193,20)
(90,30)
(72,32)
(132,20)
(72,29)
(20,29)
(139,17)
(194,12)
(11,11)
(48,36)
(64,24)
(87,19)
(76,30)
(67,15)
(196,16)
(103,17)
(109,40)
(108,23)
(74,29)
(189,31)
(125,3)
(53,13)
(109,25)
(50,4)
(110,11)
(13,10)
(174,21)
(189,20)
(75,19)
(132,32)
(73,40)
(82,13)
(94,9)
(142,1)
(2,21)
(184,19)
(51,1)
(62,8)
(119,30)
(153,9)
(13,4)
(58,19)
(132,30)
(162,28)
(53,0)
(109,38)
(90,15)
(163,7)
(147,13)
(51,5)
(42,10)
(87,8)
(23,9)
(22,17)
(102,6)
(33,11)
(60,21)
(196,11)
(47,8)
(13,14)
(147,6)
(122,39)
(42,29)
(25,5)
(170,23)
(60,20)
(186,18)
(77,11)
(73,30)
(196,40)
(176,17)
(6,37)
(80,17)
(43,11)
(8,14)
(19,20)
(94,5)
(131,29)
(172,9)
(80,6)
(185,2)
(26,34)
(114,13)
(137,15)
(47,2)
(142,36)
(71,13)
(7,37)
(8,24)
(172,4)
(75,38)
(31,38)
(66,14)
(14,7)
(177,2)
(163,15)
(127,15)
(72,9)
(21,11)
(38,12)
(3,35)
(67,3)
(150,31)
(147,40)
(9,13)
(62,15)
(174,23)
(59,35)
(175,17)
(69,22)
(155,0)
(189,29)
(147,39)
(62,27)
(60,4)
(10,32)
(103,18)
(167,9)
(104,22)
(33,32)
(114,38)
(64,38)
(136,18)
(96,7)
(15,20)
(78,3)
(129,22)
(124,11)
(191,25)
(48,26)
(60,25)
(24,29)
(13,2)
(179,7)
(192,40)
(63,30)
(70,38)
(38,16)
(104,12)
(103,6)
(57,6)
(144,1)
(138,0)
(194,18)
(0,9)
(90,6)
(151,37)
(11,27)
(196,39)
(180,29)
(43,29)
(190,24)
(160,3)
(42,38)
(122,18)
(114,33)
(19,30)
(147,24)
(7,13)
(194,29)
(144,25)
(58,22)
(9,37)
(104,23)
(63,7)
(25,11)
(95,6)
(8,18)
(137,12)
(119,18)
(51,6)
(133,29)
(183,37)
(96,24)
(181,9)
(169,37)
(176,12)
(188,36)
(26,18)
(109,31)
(39,10)
(35,28)
(193,29)
(163,19)
(108,11)
(105,17)
(26,16)
(0,3)
(162,26)
(179,11)
(139,39)
(78,11)
(68,22)
(97,2)
(171,8)
(89,7)
(115,19)
(117,19)
(113,14)
(93,21)
(29,35)
(162,36)
(152,8)
(140,26)
(153,35)
(124,2)
(92,9)
(35,10)
(48,31)
(45,2)
(127,35)
(192,3)
(96,26)
(100,10)
(34,11)
(124,28)
(115,29)
(141,4)
(43,13)
(62,37)
(50,1)
(103,30)
(70,14)
(134,10)
(34,19)
(63,40)
(142,17)
(13,16)
(73,9)
(63,11)
(33,25)
(80,4)
(144,31)
(64,27)
(96,34)
(159,34)
(27,25)
(179,24)
(161,12)
(192,33)
(158,37)
(110,5)
(50,13)
(124,25)
(121,26)
(183,11)
(191,2)
(11,31)
(60,28)
(5,8)
(45,19)
(116,39)
(75,14)
(90,35)
(138,22)
(101,6)
(149,24)
(121,34)
(8,28)
(22,14)
(152,22)
(191,24)
(36,26)
(85,1)
(169,5)
(74,17)
(196,33)
(31,33)
(34,39)
(156,30)
(99,38)
(146,29)
(43,23)
(167,3)
(83,13)
(162,1)
(31,30)
(118,8)
(128,17)
(84,2)
(81,35)
(88,6)
(104,17)
(107,23)
(153,25)
(135,6)
(155,16)
(181,21)
(94,29)
(16,26)
(2,17)
(115,16)
(13,30)
(172,6)
(106,23)
(2,3)
(66,12)
(75,22)
(116,22)
(116,7)
(33,8)
(142,19)
(110,24)
(21,1)
(65,5)
(7,27)
(172,27)
(3,12)
(63,21)
(116,33)
(131,34)
(10,19)
(55,10)
(73,18)
(112,17)
(48,25)
(65,30)
(79,23)
(141,5)
(2,35)
(167,26)
(40,34)
(34,7)
(144,28)
(57,21)
(127,16)
(51,21)
(50,36)
(188,32)
(169,11)
(84,18)
(196,34)
(42,21)
(172,26)
(152,20)
(116,25)
(93,34)
(73,13)
(35,24)
(36,19)
(64,37)
(181,14)
(61,14)
(159,13)
(106,33)
(199,21)
(130,18)
(199,14)
(10,24)
(129,21)
(140,24)
(159,16)
(40,23)
(180,26)
(20,19)
(123,5)
(41,6)
(96,1)
(68,14)
(78,21)
(106,38)
(174,19)
(152,29)
(50,40)
(159,40)
(82,6)
(183,32)
(190,13)
(83,7)
(78,12)
(67,10)
(156,9)
(41,10)
(80,12)
(54,38)
(127,34)
(127,23)
(165,3)
(125,18)
(105,22)
(187,1)
(40,0)
(59,39)
(92,16)
(3,21)
(67,22)
(12,14)
(51,40)
(109,23)
(39,3)
(192,15)
(5,34)
(182,31)
(186,14)
(75,17)
(49,39)
(95,26)
(130,23)
(105,32)
(129,34)
(39,23)
(14,34)
(143,24)
(50,29)
(112,15)
(83,15)
(156,33)
(40,27)
(55,19)
(6,16)
(57,3)
(125,7)
(175,14)
(100,2)
(123,17)
(26,9)
(18,20)
(14,12)
(159,30)
(70,34)
(170,30)
(20,12)
(182,9)
(73,5)
(43,14)
(103,29)
(181,23)
(125,10)
(36,0)
(151,31)
(27,5)
(41,28)
(74,20)
(6,10)
(36,8)
(89,36)
(196,12)
(12,19)
(41,24)
(102,11)
(86,11)
(70,26)
(168,25)
(149,2)
(80,35)
(5,19)
(76,31)
(67,14)
(51,34)
(86,17)
(5,31)
(1,11)
(168,32)
(65,38)
(84,23)
(26,22)
(109,19)
(167,36)
(44,18)
(39,25)
(165,2)
(122,3)
(99,32)
(87,9)
(119,24)
(161,7)
(172,15)
(57,18)
(2,10)
(77,39)
(50,28)
(166,19)
(53,35)
(76,35)
(32,9)
(126,10)
(52,10)
(199,8)
(88,0)
(170,18)
(68,15)
(101,37)
(139,15)
(172,20)
(53,17)
(68,34)
(144,18)
(102,9)
(154,16)
(141,16)
(155,20)
(148,24)
(109,8)
(111,13)
(122,7)
(82,37)
(192,35)
(54,4)
(133,16)
(17,18)
(101,7)
(104,3)
(138,17)
(128,11)
(164,24)
(157,29)
(155,7)
(123,32)
(187,3)
(178,30)
(167,34)
(13,21)
(33,35)
(80,10)
(26,4)
(25,12)
(136,40)
(107,25)
(102,2)
(104,40)
(140,13)
(192,11)
(137,2)
(150,35)
(45,34)
(14,18)
(122,16)
(72,35)
(60,26)
(64,28)
(119,6)
(166,34)
(154,20)
(58,10)
(97,15)
(110,36)
(128,38)
(83,5)
(137,11)
(68,31)
(125,12)
(26,36)
(66,22)
(177,35)
(79,36)
(172,2)
(188,27)
(80,5)
(180,12)
(159,1)
(95,18)
(91,34)
(77,37)
(174,18)
(176,15)
(52,7)
(177,21)
(37,12)
(18,15)
(72,11)
(73,1)
(108,20)
(15,21)
(118,27)
(197,36)
(81,17)
(95,0)
(73,27)
(97,8)
(16,15)
(110,30)
(87,40)
(163,20)
(19,25)
(115,14)
(7,31)
(79,34)
(28,1)
(190,31)
(34,24)
(9,19)
(33,39)
(28,15)
(194,4)
(29,5)
(184,1)
(152,1)
(31,21)
(62,14)
(44,2)
(69,34)
(130,12)
(43,36)
(69,27)
(78,6)
(43,30)
(16,29)
(152,14)
(123,31)
(21,33)
(175,6)
(123,4)
(176,3)
(189,28)
(14,11)
(4,2)
(166,40)
(191,38)
(60,10)
(155,27)
(166,5)
(51,3)
(115,1)
(195,37)
(32,4)
(199,24)
(32,25)
(185,9)
(17,4)
(82,3)
(19,38)
(166,36)
(16,24)
(198,4)
(102,3)
(69,35)
(187,20)
(32,28)
(190,33)
(52,37)
(103,40)
(140,17)
(198,18)
(91,10)
(95,28)
(124,12)
(178,8)
(124,7)
(89,39)
(118,16)
(45,24)
(162,21)
(120,20)
(82,1)
(144,9)
(6,25)
(29,19)
(197,30)
(166,27)
(69,25)
(51,28)
(80,7)
(189,11)
(76,15)
(126,31)
(33,21)
(186,16)
(172,16)
(195,25)
(78,29)
(112,10)
(46,10)
(14,26)
(105,37)
(154,2)
(53,12)
(52,29)
(92,34)
(55,4)
(196,7)
(35,19)
(44,37)
(134,9)
(69,1)
(197,14)
(71,27)
(50,34)
(39,40)
(54,28)
(182,24)
(160,31)
(168,24)
(162,32)
(45,15)
(31,16)
(104,0)
(85,6)
(100,12)
(70,15)
(152,4)
(133,23)
(161,26)
(18,4)
(32,19)
(187,36)
(99,34)
(23,7)
(68,33)
(12,33)
(48,10)
(33,3)
(79,9)
(100,19)
(170,9)
(107,11)
(25,39)
(173,39)
(66,16)
(68,7)
(196,2)
(20,35)
(48,16)
(49,22)
(199,27)
(87,34)
(105,16)
(164,11)
(175,32)
(160,16)
(90,24)
(71,11)
(158,19)
(60,34)
(170,28)
(93,27)
(196,21)
(97,13)
(130,35)
(135,37)
(131,37)
(67,4)
(38,8)
(77,6)
(51,35)
(70,8)
(6,6)
(12,36)
(140,33)
(73,21)
(158,30)
(6,0)
(81,8)
(51,25)
(128,28)
(105,18)
(17,14)
(49,6)
(98,28)
(26,6)
(123,37)
(58,12)
(41,15)
(195,36)
(189,24)
(190,18)
(54,16)
(82,34)
(18,22)
(0,12)
(162,25)
(176,14)
(96,4)
(47,29)
(129,5)
(91,21)
(137,10)
(110,13)
(51,14)
(187,23)
(94,14)
(156,29)
(6,7)
(34,14)
(195,27)
(187,19)
(12,17)
(4,20)
(180,15)
(158,33)
(181,7)
(107,31)
(57,19)
(42,28)
(120,33)
(14,1)
(184,39)
(50,27)
(161,24)
(181,2)
(131,30)
(142,35)
(155,23)
(182,23)
(82,31)
(75,31)
(98,26)
(53,33)
(65,3)
(87,39)
(108,37)
(160,32)
(35,31)
(126,20)
(178,5)
(159,20)
(147,36)
(31,39)
(17,30)
(195,23)
(151,23)
(108,29)
(40,3)
(116,4)
(121,11)
(177,22)
(181,18)
(105,35)
(95,8)
(141,25)
(175,40)
(82,26)
(13,12)
(73,36)
(10,36)
(166,14)
(124,31)
(95,13)
(65,13)
(132,1)
(110,12)
(106,32)
(112,22)
(19,3)
(135,11)
(105,7)
(153,34)
(162,7)
(176,36)
(157,16)
(11,25)
(105,39)
(187,40)
(107,18)
(119,38)
(129,39)
(197,7)
(188,4)
(77,23)
(129,37)
(13,28)
(5,14)
(138,27)
(153,23)
(147,0)
(192,37)
(50,20)
(23,40)
(171,10)
(29,30)
(162,4)
(18,34)
(6,27)
(36,22)
(47,21)
(61,28)
(2,37)
(169,25)
(10,29)
(35,7)
(165,5)
(69,16)
(83,25)
(6,39)
(113,31)
(103,37)
(117,9)
(190,27)
(39,6)
(54,20)
(181,29)
(163,21)
(38,27)
(88,20)
(33,38)
(113,33)
(55,33)
(188,23)
(1,28)
(52,18)
(129,25)
(177,24)
(98,16)
(69,3)
(143,15)
(92,18)
(58,8)
(170,36)
(75,40)
(120,10)
(141,32)
(59,23)
(110,37)
(174,33)
(128,39)
(144,8)
(132,11)
(127,32)
(60,8)
(15,22)
(86,9)
(90,8)
(135,23)
(91,29)
(192,9)
(29,13)
(28,10)
(193,10)
(197,38)
(117,12)
(42,23)
(118,6)
(18,7)
(31,12)
(41,21)
(182,26)
(121,8)
(174,6)
(123,38)
(18,17)
(168,17)
(181,11)
(103,19)
(183,4)
(50,17)
(90,14)
(152,21)
(58,18)
(112,24)
(165,11)
(71,15)
(114,32)
(34,17)
(108,27)
(47,23)
(107,20)
(112,27)
(87,7)
(79,19)
(4,30)
(197,8)
(158,5)
(166,21)
(167,14)
(7,6)
(192,8)
(16,8)
(25,29)
(156,16)
(34,25)
(182,34)
(121,36)
(171,27)
(4,7)
(101,36)
(145,7)
(24,26)
(198,24)
(28,29)
(160,28)
(127,24)
(82,17)
(17,34)
(72,33)
(100,27)
(133,4)
(56,7)
(145,32)
(144,33)
(72,13)
(106,22)
(93,18)
(69,23)
(157,19)
(76,37)
(161,28)
(117,16)
(195,10)
(136,2)
(147,16)
(104,30)
(71,22)
(93,22)
(175,13)
(124,8)
(118,28)
(197,39)
(29,32)
(60,3)
(103,25)
(97,30)
(35,40)
(134,40)
(30,37)
(43,39)
(175,10)
(20,26)
(188,20)
(133,37)
(90,29)
(76,28)
(1,27)
(32,29)
(88,30)
(193,21)
(9,35)
(77,21)
(132,29)
(40,15)
(124,9)
(7,14)
(48,13)
(129,7)
(10,16)
(0,6)
(41,22)
(130,21)
(113,24)
(72,19)
(24,2)
(161,18)
(66,4)
(132,28)
(18,5)
(83,21)
(73,20)
(34,18)
(88,8)
(122,15)
(37,33)
(91,2)
(130,37)
(59,25)
(189,39)
(59,13)
(154,35)
(185,0)
(171,6)
(29,31)
(34,30)
(54,1)
(81,6)
(178,7)
(75,21)
(54,24)
(33,9)
(130,38)
(46,37)
(17,23)
(120,5)
(12,16)
(13,36)
(146,16)
(75,35)
(176,29)
(78,31)
(171,30)
(35,17)
(103,38)
(182,27)
(77,5)
(90,9)
(114,36)
(106,25)
(79,11)
(118,30)
(22,40)
(97,5)
(193,34)
(157,34)
(158,16)
(120,23)
(180,16)
(33,12)
(152,10)
(111,5)
(182,18)
(41,38)
(171,17)
(115,20)
(191,36)
(48,12)
(13,20)
(133,28)
(142,23)
(108,4)
(119,25)
(49,26)
(131,21)
(110,19)
(53,11)
(72,12)
(180,22)
(112,20)
(189,5)
(73,35)
(95,20)
(165,39)
(192,14)
(194,34)
(92,12)
(93,30)
(37,10)
(144,2)
(174,38)
(1,13)
(50,32)
(133,38)
(109,5)
(24,5)
(195,13)
(66,33)
(93,9)
(190,14)
(11,9)
(65,8)
(0,1)
(36,4)
(7,8)
(45,32)
(53,3)
(93,4)
(131,32)
(171,22)
(40,2)
(151,28)
(21,40)
(55,3)
(143,10)
(97,18)
(22,38)
(70,6)
(12,9)
(153,7)
(2,6)
(133,18)
(26,32)
(0,36)
(94,35)
(6,15)
(97,33)
(51,20)
(114,11)
(122,12)
(188,33)
(166,29)
(53,29)
(23,2)
(196,37)
(35,11)
(150,12)
(66,2)
(29,17)
(192,19)
(66,30)
(197,5)
(26,24)
(124,19)
(72,37)
(157,21)
(25,37)
(73,28)
(47,4)
(172,14)
(26,37)
(78,4)
(183,12)
(17,27)
(83,26)
(195,12)
(177,37)
(151,11)
(7,39)
(132,9)
(54,13)
(199,15)
(101,4)
(160,19)
(5,16)
(49,37)
(98,18)
(92,23)
(168,19)
(195,38)
(167,22)
(165,31)
(101,23)
(34,12)
(147,5)
(35,30)
(69,38)
(152,7)
(22,37)
(111,30)
(193,38)
(2,8)
(45,17)
(160,24)
(31,9)
(63,18)
(4,37)
(47,15)
(162,3)
(117,7)
(32,38)
(146,31)
(57,37)
(146,38)
(131,4)
(30,2)
(0,33)
(92,29)
(98,25)
(155,11)
(181,13)
(178,33)
(24,18)
(152,28)
(50,25)
(178,10)
(11,1)
(29,38)
(82,19)
(107,33)
(10,34)
(125,29)
(114,25)
(13,22)
(141,14)
(90,36)
(117,20)
(50,30)
(7,15)
(149,3)
(6,18)
(179,22)
(54,25)
(74,16)
(72,16)
(36,21)
(80,11)
(45,4)
(188,39)
(98,32)
(176,30)
(83,31)
(37,28)
(193,6)
(15,39)
(113,4)
(193,25)
(47,35)
(64,3)
(104,20)
(75,1)
(78,16)
(150,32)
(79,10)
(8,29)
(48,14)
(143,3)
(131,23)
(132,18)
(55,2)
(48,3)
(92,13)
(107,39)
(187,8)
(120,34)
(52,5)
(21,8)
(135,15)
(162,34)
(13,26)
(143,33)
(87,26)
(121,27)
(11,13)
(155,14)
(44,26)
(161,4)
(185,8)
(111,22)
(123,2)
(152,34)
(116,11)
(91,6)
(8,19)
(70,28)
(46,0)
(58,2)
(157,10)
(136,6)
(52,39)
(134,36)
(137,3)
(53,9)
(124,1)
(22,39)
(166,38)
(31,4)
(44,10)
(19,33)
(51,13)
(34,5)
(92,35)
(121,4)
(166,11)
(122,23)
(21,37)
(188,17)
(130,5)
(104,2)
(148,32)
(26,20)
(13,31)
(30,10)
(58,31)
(142,39)
(125,22)
(145,35)
(114,1)
(173,33)
(131,26)
(160,14)
(78,10)
(84,29)
(192,30)
(183,40)
(109,16)
(191,7)
(102,27)
(179,5)
(183,5)
(156,6)
(178,18)
(89,34)
(166,4)
(105,6)
(166,32)
(29,28)
(45,10)
(87,31)
(117,28)
(196,20)
(133,2)
(87,6)
(141,27)
(94,20)
(148,25)
(154,24)
(184,10)
(173,22)
(62,16)
(11,20)
(178,37)
(104,1)
(132,4)
(174,14)
(195,39)
(172,17)
(122,35)
(197,16)
(165,28)
(180,27)
(84,34)
(167,37)
(16,22)
(87,18)
(87,13)
(33,4)
(60,37)
(174,27)
(154,7)
(95,39)
(38,25)
(104,4)
(49,14)
(104,8)
(138,36)
(178,16)
(91,27)
(197,10)
(97,22)
(126,28)
(152,23)
(21,18)
(23,19)
(132,21)
(156,17)
(26,2)
(97,39)
(105,15)
(174,3)
(116,10)
(72,28)
(108,18)
(94,24)
(0,18)
(16,34)
(86,35)
(58,9)
(182,29)
(199,22)
(64,35)
(39,13)
(74,22)
(111,20)
(182,14)
(146,26)
(101,20)
(105,25)
(97,36)
(33,28)
(115,38)
(30,12)
(74,8)
(147,3)
(39,12)
(168,7)
(124,26)
(97,37)
(35,21)
(169,29)
(102,22)
(137,17)
(128,4)
(174,9)
(12,10)
(193,19)
(127,22)
(185,38)
(146,12)
(47,10)
(121,7)
(135,20)
(198,8)
(57,29)
(58,30)
(66,29)
(8,34)
(65,31)
(62,3)
(164,19)
(35,25)
(72,4)
(178,13)
(143,5)
(79,5)
(110,7)
(197,26)
(81,14)
(160,7)
(104,27)
(146,22)
(176,6)
(42,39)
(111,27)
(35,33)
(189,40)
(190,26)
(86,23)
(161,23)
(99,31)
(18,26)
(171,5)
(47,3)
(16,11)
(68,4)
(32,32)
(34,26)
(142,3)
(88,28)
(57,34)
(30,36)
(29,34)
(153,14)
(161,20)
(44,15)
(159,19)
(61,9)
(199,25)
(142,34)
(171,34)
(41,29)
(129,29)
(31,40)
(155,5)
(167,23)
(25,14)
(104,37)
(156,1)
(83,1)
(75,18)
(77,15)
(128,6)
(65,2)
(147,30)
(85,37)
(67,24)
(123,26)
(113,9)
(157,31)
(175,26)
(7,35)
(29,23)
(98,34)
(11,34)
(75,13)
(4,6)
(40,30)
(144,30)
(85,34)
(198,12)
(7,2)
(191,23)
(40,18)
(133,1)
(102,21)
(98,1)
(33,10)
(88,32)
(145,15)
(84,26)
(123,22)
(34,28)
(112,4)
(131,18)
(39,18)
(128,16)
(100,4)
(27,13)
(1,15)
(120,6)
(132,14)
(89,25)
(194,22)
(138,21)
(126,8)
(67,34)
(184,15)
(50,18)
(60,38)
(117,13)
(98,4)
(177,34)
(162,29)
(118,19)
(106,31)
(91,15)
(60,12)
(154,3)
(119,29)
(35,36)
(139,36)
(163,36)
(22,30)
(1,38)
(132,5)
(199,36)
(88,19)
(48,35)
(172,28)
(130,39)
(160,2)
(167,8)
(17,38)
(83,29)
(23,0)
(156,28)
(65,25)
(92,2)
(193,23)
(67,38)
(179,9)
(136,33)
(7,19)
(68,24)
(66,24)
(21,38)
(97,21)
(71,7)
(94,31)
(87,32)
(15,31)
(66,35)
(149,39)
(150,20)
(68,38)
(24,23)
(168,15)
(110,0)
(177,25)
(89,6)
(31,18)
(186,15)
(99,4)
(184,26)
(195,30)
(130,16)
(77,35)
(69,31)
(124,35)
(150,7)
(20,37)
(181,27)
(193,15)
(103,36)
(55,34)
(103,7)
(72,8)
(56,9)
(114,15)
(74,0)
(182,10)
(60,19)
(131,31)
(101,21)
(11,33)
(140,9)
(189,8)
(64,17)
(193,12)
(55,37)
(136,23)
(183,8)
(29,11)
(145,16)
(131,17)
(119,36)
(85,4)
(129,19)
(53,24)
(122,29)
(13,34)
(6,28)
(34,34)
(199,38)
(110,15)
(16,0)
(163,38)
(31,28)
(62,21)
(147,7)
(101,3)
(104,15)
(180,36)
(11,6)
(84,35)
(61,1)
(127,21)
(67,40)
(132,40)
(14,22)
(17,11)
(37,21)
(115,21)
(73,19)
(127,7)
(158,25)
(132,36)
(57,16)
(128,5)
(108,13)
(48,22)
(118,0)
(172,39)
(128,2)
(195,34)
(20,40)
(144,40)
(22,20)
(76,23)
(24,32)
(101,9)
(121,35)
(97,1)
(99,7)
(19,10)
(0,39)
(39,14)
(40,13)
(5,36)
(2,38)
(48,27)
(189,17)
(8,17)
(86,5)
(82,15)
(97,27)
(117,31)
(142,20)
(35,23)
(123,18)
(163,27)
(17,8)
(47,25)
(182,25)
(53,5)
(59,20)
(42,26)
(19,13)
(26,1)
(5,18)
(97,35)
(15,14)
(141,10)
(193,35)
(154,22)
(129,17)
(88,2)
(8,27)
(101,31)
(156,27)
(91,8)
(20,24)
(183,27)
(67,27)
(134,35)
(5,17)
(159,6)
(100,30)
(195,29)
(64,39)
(182,22)
(133,39)
(196,10)
(115,31)
(133,8)
(188,6)
(49,38)
(32,37)
(70,20)
(89,32)
(73,38)
(92,4)
(112,38)
(38,26)
(56,19)
(20,21)
(106,18)
(192,31)
(25,35)
(46,9)
(23,26)
(151,12)
(41,11)
(185,16)
(145,20)
(190,34)
(22,5)
(96,40)
(65,19)
(183,2)
(152,30)
(61,6)
(0,8)
(138,12)
(60,1)
(146,5)
(44,32)
(114,26)
(7,20)
(166,18)
(69,28)
(153,27)
(43,25)
(185,24)
(133,31)
(26,10)
(8,10)
(69,14)
(183,24)
(35,15)
(9,24)
(97,38)
(129,36)
(184,31)
(58,4)
(101,18)
(1,4)
(75,26)
(184,38)
(190,36)
(197,33)
(140,38)
(134,8)
(85,12)
(44,14)
(135,24)
(52,19)
(118,31)
(113,20)
(67,13)
(87,17)
(57,30)
(109,11)
(111,7)
(35,35)
(13,17)
(46,15)
(162,33)
(55,8)
(83,37)
(51,24)
(191,33)
(160,4)
(186,37)
(133,7)
(37,38)
(12,32)
(137,23)
(36,7)
(182,6)
(94,18)
(94,40)
(135,0)
(86,33)
(58,11)
(60,17)
(55,38)
(156,15)
(70,7)
(22,21)
(83,19)
(169,10)
(9,0)
(142,16)
(106,3)
(16,13)
(114,35)
(91,39)
(110,23)
(9,6)
(8,4)
(10,12)
(32,18)
(7,28)
(115,30)
(109,28)
(133,13)
(182,32)
(165,18)
(26,14)
(151,30)
(17,22)
(92,6)
(95,12)
(70,24)
(99,25)
(174,7)
(50,37)
(160,40)
(92,40)
(123,33)
(90,25)
(154,34)
(40,8)
(185,29)
(182,35)
(36,31)
(122,32)
(95,32)
(119,11)
(99,13)
(39,17)
(128,14)
(72,10)
(159,38)
(16,17)
(161,37)
(28,38)
(91,7)
(28,34)
(199,37)
(150,10)
(16,2)
(52,36)
(178,25)
(129,32)
(185,33)
(25,13)
(24,37)
(164,36)
(164,31)
(30,24)
(34,8)
(169,35)
(137,38)
(178,4)
(117,27)
(66,9)
(171,18)
(40,28)
(181,20)
(4,21)
(104,32)
(89,18)
(129,31)
(187,30)
(111,37)
(112,12)
(83,9)
(155,32)
(93,10)
(107,13)
(194,6)
(16,16)
(52,28)
(87,24)
(180,5)
(54,31)
(32,36)
(1,17)
(12,31)
(148,9)
(63,12)
(147,23)
(130,24)
(71,2)
(195,26)
(5,27)
(130,25)
(136,34)
(8,39)
(110,31)
(83,27)
(110,26)
(9,33)
(86,10)
(109,32)
(41,27)
(174,4)
(83,34)
(134,6)
(36,34)
(170,19)
(114,12)
(168,38)
(162,31)
(82,28)
(188,5)
(185,28)
(48,4)
(3,37)
(151,6)
(69,8)
(61,8)
(96,15)
(157,20)
(101,12)
(128,21)
(119,22)
(47,36)
(133,21)
(198,34)
(195,33)
(152,24)
(139,29)
(74,11)
(53,2)
(37,29)
(128,25)
(16,25)
(142,18)
(10,13)
(102,32)
(92,25)
(13,18)
(111,38)
(70,11)
(179,16)
(107,38)
(68,27)
(159,27)
(19,1)
(151,9)
(190,19)
(174,10)
(170,5)
(194,21)
(101,11)
(198,21)
(85,11)
(127,26)
(154,1)
(56,28)
(132,12)
(151,10)
(120,12)
(40,5)
(67,26)
(163,25)
(13,40)
(57,1)
(53,36)
(89,8)
(91,26)
(58,16)
(46,25)
(36,17)
(123,9)
(167,12)
(152,31)
(41,7)
(67,9)
(50,39)
(87,23)
(193,26)
(109,10)
(49,40)
(75,39)
(179,17)
(164,38)
(192,36)
(70,29)
(69,33)
(99,24)
(65,17)
(54,30)
(170,12)
(183,17)
(115,3)
(10,3)
(116,9)
(178,40)
(120,11)
(180,34)
(37,17)
(169,12)
(45,23)
(52,12)
(43,31)
(168,10)
(185,3)
(139,1)
(102,38)
(6,31)
(154,11)
(84,16)
(21,39)
(191,19)
(61,16)
(80,26)
(4,29)
(119,39)
(73,15)
(141,17)
(146,20)
(15,7)
(20,6)
(174,39)
(79,14)
(91,12)
(67,25)
(119,9)
(158,18)
(38,31)
(184,24)
(45,37)
(12,39)
(114,34)
(2,29)
(131,6)
(125,8)
(33,15)
(13,9)
(125,40)
(159,24)
(99,12)
(152,25)
(121,24)
(68,35)
(117,15)
(98,17)
(162,14)
(31,32)
(199,13)
(147,2)
(89,14)
(176,27)
(51,26)
(5,11)
(158,28)
(26,40)
(144,6)
(95,5)
(85,35)
(74,30)
(104,24)
(57,10)
(26,38)
(103,24)
(122,5)
(80,22)
(180,35)
(12,34)
(129,3)
(61,13)
(183,13)
(91,40)
(82,27)
(13,33)
(55,17)
(31,29)
(199,32)
(29,39)
(43,15)
(164,14)
(9,18)
(16,9)
(129,12)
(9,2)
(28,26)
(91,19)
(45,18)
(6,11)
(160,36)
(177,7)
(97,10)
(187,13)
(109,21)
(95,19)
(189,35)
(157,22)
(90,19)
(38,0)
(98,8)
(142,21)
(168,18)
(87,30)
(4,13)
(132,22)
(122,17)
(52,30)
(33,24)
(3,39)
(59,17)
(173,26)
(167,13)
(103,33)
(196,3)
(148,36)
(37,16)
(26,35)
(195,17)
(67,21)
(126,21)
(14,6)
(145,21)
(100,8)
(101,19)
(130,30)
(100,16)
(56,14)
(25,20)
(37,40)
(138,33)
(120,14)
(110,9)
(97,12)
(144,14)
(155,36)
(178,22)
(95,4)
(100,0)
(184,13)
(91,30)
(122,26)
(186,30)
(59,15)
(11,15)
(82,22)
(149,5)
(125,5)
(39,30)
(32,27)
(24,6)
(60,27)
(173,16)
(18,18)
(87,14)
(156,3)
(45,28)
(165,40)
(82,32)
(141,30)
(138,39)
(108,14)
(1,6)
(130,28)
(156,11)
(129,2)
(32,23)
(106,36)
(184,37)
(121,38)
(60,31)
(137,14)
(24,17)
(86,34)
(108,32)
(140,32)
(45,25)
(6,21)
(170,29)
(78,26)
(125,11)
(64,13)
(33,37)
(108,24)
(141,8)
(56,12)
(55,14)
(77,33)
(171,37)
(178,32)
(162,8)
(19,24)
(161,16)
(117,34)
(97,16)
(6,8)
(24,9)
(178,24)
(88,29)
(140,10)
(25,38)
(79,28)
(78,33)
(137,39)
(102,16)
(48,23)
(176,22)
(63,9)
(189,27)
(151,40)
(185,21)
(50,15)
(72,5)
(37,13)
(88,24)
(80,9)
(25,6)
(104,9)
(44,12)
(132,15)
(17,26)
(41,31)
(171,32)
(53,38)
(189,9)
(27,21)
(160,27)
(144,32)
(75,30)
(0,7)
(70,4)
(34,9)
(168,36)
(131,11)
(171,2)
(87,36)
(20,14)
(157,32)
(176,19)
(195,32)
(178,34)
(184,14)
(190,9)
(34,33)
(70,33)
(100,36)
(5,29)
(150,38)
(51,36)
(18,31)
(70,32)
(45,35)
(190,32)
(140,20)
(50,12)
(38,7)
(147,19)
(153,31)
(51,33)
(19,15)
(191,0)
(137,5)
(117,22)
(86,25)
(139,21)
(39,9)
(131,16)
(24,30)
(72,40)
(171,38)
(40,16)
(184,5)
(82,12)
(77,24)
(100,37)
(165,36)
(97,34)
(68,5)
(166,25)
(180,8)
(45,31)
(184,35)
(37,36)
(12,27)
(32,12)
(145,2)
(189,32)
(47,24)
(105,26)
(56,36)
(186,39)
(14,37)
(34,27)
(82,40)
(95,1)
(139,27)
(175,23)
(81,37)
(89,17)
(136,3)
(176,7)
(114,28)
(24,20)
(104,35)
(180,1)
(195,11)
(41,30)
(81,15)
(58,28)
(57,31)
(92,28)
(65,34)
(107,10)
(40,7)
(72,21)
(28,22)
(104,10)
(77,27)
(84,27)
(111,0)
(98,21)
(175,36)
(141,7)
(13,38)
(36,18)
(43,26)
(189,18)
(91,20)
(68,18)
(48,20)
(53,37)
(8,32)
(44,9)
(161,39)
(135,13)
(80,23)
(5,2)
(148,14)
(61,10)
(84,7)
(111,19)
(97,24)
(52,14)
(133,17)
(159,31)
(122,6)
(65,26)
(16,7)
(190,3)
(95,16)
(176,18)
(46,22)
(161,33)
(107,0)
(134,28)
(138,13)
(121,10)
(96,31)
(66,38)
(8,16)
(59,6)
(138,31)
(174,30)
(84,4)
(175,24)
(199,31)
(12,26)
(123,16)
(51,32)
(95,36)
(7,10)
(149,29)
(127,12)
(196,32)
(75,7)
(23,28)
(51,38)
(10,23)
(133,6)
(94,6)
(149,31)
(73,31)
(138,32)
(106,34)
(133,34)
(64,5)
(121,32)
(9,4)
(1,26)
(127,2)
(128,26)
(67,17)
(145,4)
(106,40)
(167,31)
(94,37)
(176,11)
(11,29)
(151,36)
(66,27)
(144,20)
(67,19)
(78,32)
(108,33)
(91,36)
(81,28)
(149,27)
(33,36)
(58,14)
(168,20)
(169,0)
(86,6)
(162,27)
(136,13)
(9,16)
(179,20)
(123,35)
(157,13)
(29,37)
(98,29)
(96,25)
(71,33)
(146,6)
(23,17)
(35,37)
(129,18)
(36,27)
(92,31)
(178,23)
(96,6)
(147,29)
(197,34)
(159,5)
(98,38)
(108,10)
(106,17)
(192,38)
