100 Users
62 Files
4000 Transactions
2 Maximum Connections
1 Cycle Length per Upload-Download
0 Warm-up Transactions
0.400000 Zipf constant
5 Pre-Trusted Users
60 Well-Behaved (Good) Users
40 Purely Malicious Users
0 Feedback Skewing Users
0 Malignant Providing Users
0 Disguised Malicous Users
0 Sybil Attack Users
true Intelligent Trans. Generation
1561008983354 Trace Generation Seed

(0.017734,0.000000,1,false)
(0.031248,0.000000,1,false)
(0.085477,0.000000,1,false)
(0.049076,0.000000,1,false)
(0.039979,0.000000,1,false)
(0.037445,0.000000,1,false)
(0.011918,0.000000,1,false)
(0.064998,0.000000,1,false)
(0.029743,0.000000,1,false)
(0.044700,0.000000,1,false)
(0.066643,0.000000,1,false)
(0.005928,0.000000,1,false)
(0.046185,0.000000,1,false)
(0.021130,0.000000,1,false)
(0.022110,0.000000,1,false)
(0.082774,0.000000,1,false)
(0.010466,0.000000,1,false)
(0.051028,0.000000,1,false)
(0.048724,0.000000,1,false)
(0.051247,0.000000,1,false)
(0.037615,0.000000,1,false)
(0.085352,0.000000,1,false)
(0.027046,0.000000,1,false)
(0.076209,0.000000,1,false)
(0.091710,0.000000,1,false)
(0.009781,0.000000,1,false)
(0.097832,0.000000,1,false)
(0.097897,0.000000,1,false)
(0.047128,0.000000,1,false)
(0.003673,0.000000,1,false)
(0.043643,0.000000,1,false)
(0.051913,0.000000,1,false)
(0.023896,0.000000,1,false)
(0.064890,0.000000,1,false)
(0.020113,0.000000,1,false)
(0.098077,0.000000,1,false)
(0.053535,0.000000,1,false)
(0.005260,0.000000,1,false)
(0.032360,0.000000,1,false)
(0.094604,0.000000,1,false)
(0.976692,1.000000,0,true)
(0.920651,1.000000,0,true)
(0.917355,1.000000,0,true)
(0.986481,1.000000,0,true)
(0.958612,1.000000,0,true)
(0.904743,1.000000,0,false)
(0.900974,1.000000,0,false)
(0.969144,1.000000,0,false)
(0.936743,1.000000,0,false)
(0.929709,1.000000,0,false)
(0.908394,1.000000,0,false)
(0.959144,1.000000,0,false)
(0.979521,1.000000,0,false)
(0.963306,1.000000,0,false)
(0.927109,1.000000,0,false)
(0.962710,1.000000,0,false)
(0.902972,1.000000,0,false)
(0.927026,1.000000,0,false)
(0.978137,1.000000,0,false)
(0.923055,1.000000,0,false)
(0.994535,1.000000,0,false)
(0.965061,1.000000,0,false)
(0.932458,1.000000,0,false)
(0.909536,1.000000,0,false)
(0.974484,1.000000,0,false)
(0.912797,1.000000,0,false)
(0.982863,1.000000,0,false)
(0.966100,1.000000,0,false)
(0.919013,1.000000,0,false)
(0.909296,1.000000,0,false)
(0.943663,1.000000,0,false)
(0.919257,1.000000,0,false)
(0.952564,1.000000,0,false)
(0.915314,1.000000,0,false)
(0.995149,1.000000,0,false)
(0.961395,1.000000,0,false)
(0.997310,1.000000,0,false)
(0.987361,1.000000,0,false)
(0.981025,1.000000,0,false)
(0.962606,1.000000,0,false)
(0.945005,1.000000,0,false)
(0.919147,1.000000,0,false)
(0.905159,1.000000,0,false)
(0.923529,1.000000,0,false)
(0.990476,1.000000,0,false)
(0.994493,1.000000,0,false)
(0.959136,1.000000,0,false)
(0.962802,1.000000,0,false)
(0.937077,1.000000,0,false)
(0.900347,1.000000,0,false)
(0.943958,1.000000,0,false)
(0.935798,1.000000,0,false)
(0.952272,1.000000,0,false)
(0.925027,1.000000,0,false)
(0.928086,1.000000,0,false)
(0.906187,1.000000,0,false)
(0.916250,1.000000,0,false)
(0.915161,1.000000,0,false)
(0.909700,1.000000,0,false)
(0.938661,1.000000,0,false)

(0,0,false)
(2,0,false)
(3,0,false)
(5,0,false)
(7,0,true)
(8,0,false)
(9,0,false)
(10,0,false)
(11,0,false)
(12,0,false)
(13,0,false)
(14,0,false)
(15,0,false)
(17,0,false)
(18,0,false)
(19,0,false)
(20,0,false)
(21,0,false)
(23,0,false)
(24,0,false)
(25,0,true)
(27,0,true)
(28,0,false)
(29,0,false)
(31,0,false)
(33,0,false)
(34,0,false)
(35,0,false)
(36,0,false)
(38,0,false)
(39,0,false)
(40,0,true)
(42,0,true)
(43,0,true)
(46,0,true)
(49,0,true)
(50,0,false)
(52,0,false)
(53,0,true)
(54,0,true)
(55,0,true)
(56,0,true)
(57,0,true)
(60,0,true)
(61,0,true)
(62,0,true)
(63,0,true)
(64,0,true)
(65,0,true)
(67,0,true)
(68,0,true)
(69,0,true)
(72,0,true)
(75,0,true)
(76,0,true)
(78,0,true)
(79,0,true)
(80,0,true)
(81,0,false)
(82,0,true)
(83,0,true)
(84,0,true)
(85,0,true)
(86,0,true)
(89,0,true)
(90,0,true)
(91,0,false)
(92,0,true)
(94,0,true)
(95,0,true)
(96,0,true)
(97,0,true)
(99,0,true)
(2,1,false)
(4,1,false)
(5,1,false)
(6,1,false)
(7,1,false)
(9,1,false)
(10,1,false)
(11,1,false)
(12,1,false)
(13,1,false)
(18,1,false)
(19,1,false)
(20,1,false)
(21,1,false)
(22,1,false)
(23,1,false)
(24,1,false)
(25,1,false)
(28,1,false)
(29,1,false)
(32,1,false)
(34,1,false)
(35,1,false)
(39,1,false)
(41,1,true)
(43,1,true)
(45,1,true)
(46,1,true)
(49,1,true)
(50,1,false)
(52,1,true)
(54,1,true)
(55,1,true)
(59,1,true)
(60,1,true)
(61,1,true)
(62,1,true)
(66,1,true)
(67,1,true)
(68,1,true)
(69,1,true)
(70,1,true)
(71,1,true)
(74,1,true)
(76,1,true)
(77,1,true)
(78,1,true)
(79,1,true)
(82,1,false)
(84,1,true)
(85,1,true)
(86,1,true)
(87,1,false)
(88,1,true)
(90,1,true)
(91,1,true)
(92,1,true)
(94,1,true)
(97,1,true)
(98,1,true)
(99,1,true)
(0,2,false)
(1,2,false)
(2,2,false)
(6,2,false)
(8,2,false)
(10,2,false)
(11,2,false)
(12,2,false)
(13,2,false)
(15,2,false)
(17,2,false)
(19,2,false)
(23,2,false)
(25,2,false)
(28,2,false)
(31,2,false)
(33,2,false)
(34,2,false)
(35,2,false)
(36,2,false)
(37,2,false)
(38,2,false)
(40,2,true)
(41,2,true)
(44,2,true)
(45,2,true)
(47,2,true)
(48,2,true)
(49,2,true)
(50,2,true)
(52,2,true)
(53,2,true)
(56,2,true)
(59,2,true)
(60,2,true)
(62,2,true)
(63,2,true)
(64,2,true)
(68,2,true)
(72,2,true)
(76,2,true)
(80,2,true)
(84,2,true)
(85,2,true)
(86,2,true)
(87,2,true)
(90,2,true)
(92,2,true)
(93,2,true)
(94,2,true)
(95,2,false)
(96,2,true)
(97,2,true)
(98,2,true)
(99,2,true)
(0,3,false)
(1,3,false)
(4,3,false)
(5,3,false)
(6,3,false)
(9,3,false)
(12,3,false)
(14,3,false)
(15,3,false)
(18,3,false)
(19,3,false)
(20,3,false)
(21,3,false)
(25,3,false)
(26,3,false)
(27,3,false)
(28,3,false)
(29,3,false)
(31,3,false)
(35,3,false)
(36,3,false)
(41,3,true)
(42,3,true)
(43,3,true)
(45,3,true)
(46,3,true)
(47,3,true)
(54,3,true)
(56,3,true)
(57,3,true)
(58,3,false)
(59,3,true)
(61,3,true)
(62,3,true)
(67,3,true)
(69,3,true)
(70,3,true)
(71,3,true)
(72,3,true)
(75,3,true)
(76,3,true)
(77,3,true)
(78,3,true)
(79,3,true)
(82,3,true)
(86,3,true)
(87,3,true)
(89,3,true)
(90,3,true)
(91,3,true)
(94,3,true)
(96,3,true)
(98,3,true)
(99,3,true)
(1,4,false)
(2,4,false)
(3,4,true)
(4,4,false)
(7,4,false)
(8,4,false)
(11,4,false)
(12,4,false)
(15,4,false)
(18,4,false)
(19,4,false)
(24,4,false)
(25,4,false)
(27,4,true)
(31,4,false)
(33,4,false)
(35,4,false)
(39,4,false)
(41,4,true)
(44,4,true)
(45,4,true)
(46,4,true)
(50,4,true)
(51,4,true)
(55,4,true)
(56,4,true)
(58,4,true)
(59,4,true)
(60,4,true)
(61,4,true)
(62,4,true)
(63,4,false)
(64,4,true)
(65,4,false)
(66,4,true)
(67,4,true)
(69,4,true)
(73,4,true)
(75,4,true)
(76,4,true)
(77,4,true)
(80,4,true)
(86,4,false)
(88,4,true)
(91,4,true)
(92,4,true)
(93,4,true)
(94,4,true)
(96,4,true)
(97,4,true)
(1,5,false)
(4,5,false)
(6,5,false)
(7,5,false)
(9,5,false)
(10,5,false)
(12,5,false)
(14,5,false)
(18,5,false)
(19,5,false)
(20,5,false)
(24,5,false)
(25,5,false)
(26,5,false)
(29,5,false)
(31,5,false)
(33,5,false)
(37,5,false)
(40,5,true)
(44,5,true)
(47,5,true)
(49,5,false)
(50,5,true)
(52,5,true)
(54,5,true)
(56,5,true)
(57,5,true)
(60,5,true)
(61,5,true)
(64,5,true)
(65,5,true)
(66,5,true)
(68,5,true)
(69,5,true)
(73,5,true)
(75,5,true)
(79,5,true)
(81,5,true)
(82,5,true)
(88,5,true)
(92,5,true)
(93,5,true)
(94,5,false)
(96,5,true)
(99,5,true)
(2,6,false)
(4,6,false)
(5,6,false)
(7,6,false)
(9,6,false)
(12,6,false)
(14,6,false)
(15,6,false)
(16,6,false)
(21,6,false)
(22,6,false)
(25,6,false)
(27,6,false)
(29,6,false)
(32,6,false)
(33,6,false)
(35,6,false)
(37,6,false)
(39,6,false)
(42,6,true)
(47,6,true)
(50,6,true)
(53,6,true)
(54,6,true)
(55,6,true)
(61,6,true)
(63,6,false)
(67,6,true)
(69,6,true)
(73,6,true)
(76,6,true)
(79,6,true)
(80,6,true)
(81,6,true)
(82,6,true)
(85,6,true)
(86,6,true)
(88,6,true)
(89,6,true)
(94,6,true)
(97,6,true)
(99,6,true)
(0,7,false)
(3,7,false)
(5,7,false)
(6,7,false)
(8,7,false)
(9,7,false)
(11,7,false)
(15,7,false)
(20,7,false)
(21,7,false)
(24,7,false)
(25,7,false)
(26,7,false)
(28,7,false)
(29,7,false)
(32,7,false)
(34,7,false)
(43,7,true)
(45,7,true)
(48,7,true)
(50,7,true)
(51,7,true)
(53,7,true)
(55,7,true)
(56,7,true)
(58,7,true)
(60,7,true)
(62,7,true)
(64,7,true)
(68,7,false)
(70,7,true)
(71,7,true)
(72,7,true)
(73,7,true)
(75,7,true)
(80,7,true)
(81,7,true)
(84,7,true)
(87,7,true)
(90,7,true)
(91,7,true)
(93,7,true)
(95,7,true)
(96,7,true)
(0,8,false)
(1,8,false)
(6,8,false)
(8,8,false)
(9,8,false)
(12,8,false)
(15,8,false)
(16,8,false)
(20,8,false)
(23,8,false)
(24,8,false)
(25,8,false)
(27,8,false)
(29,8,false)
(33,8,false)
(34,8,false)
(38,8,false)
(41,8,true)
(42,8,true)
(44,8,true)
(45,8,false)
(50,8,true)
(56,8,true)
(58,8,true)
(59,8,true)
(60,8,true)
(62,8,true)
(65,8,true)
(67,8,true)
(68,8,true)
(69,8,true)
(76,8,true)
(82,8,true)
(83,8,true)
(85,8,true)
(87,8,true)
(89,8,true)
(90,8,true)
(95,8,true)
(96,8,true)
(99,8,true)
(4,9,false)
(9,9,false)
(14,9,false)
(17,9,false)
(18,9,true)
(21,9,false)
(28,9,false)
(29,9,false)
(30,9,false)
(34,9,false)
(36,9,false)
(39,9,false)
(43,9,true)
(47,9,false)
(53,9,true)
(55,9,true)
(56,9,true)
(59,9,true)
(60,9,true)
(67,9,true)
(68,9,false)
(70,9,true)
(72,9,true)
(73,9,false)
(74,9,true)
(79,9,true)
(81,9,true)
(86,9,true)
(89,9,true)
(91,9,true)
(93,9,true)
(97,9,true)
(99,9,true)
(5,10,false)
(8,10,false)
(9,10,false)
(10,10,false)
(12,10,false)
(14,10,false)
(17,10,false)
(19,10,false)
(21,10,false)
(23,10,false)
(24,10,false)
(27,10,false)
(30,10,false)
(33,10,false)
(34,10,false)
(35,10,false)
(38,10,false)
(39,10,false)
(40,10,true)
(46,10,false)
(57,10,true)
(61,10,true)
(70,10,true)
(71,10,true)
(74,10,true)
(77,10,true)
(84,10,true)
(87,10,true)
(88,10,true)
(89,10,false)
(90,10,true)
(92,10,true)
(94,10,false)
(97,10,true)
(98,10,true)
(1,11,false)
(10,11,false)
(12,11,false)
(13,11,false)
(14,11,false)
(17,11,false)
(18,11,false)
(20,11,false)
(22,11,false)
(24,11,false)
(25,11,false)
(26,11,false)
(28,11,false)
(31,11,false)
(33,11,false)
(36,11,false)
(38,11,false)
(40,11,true)
(47,11,true)
(49,11,true)
(50,11,true)
(53,11,true)
(55,11,true)
(58,11,true)
(62,11,true)
(64,11,true)
(69,11,true)
(70,11,true)
(75,11,true)
(82,11,true)
(84,11,true)
(85,11,true)
(86,11,true)
(90,11,true)
(94,11,true)
(97,11,true)
(1,12,false)
(3,12,false)
(4,12,false)
(5,12,false)
(6,12,false)
(17,12,false)
(18,12,false)
(25,12,false)
(32,12,false)
(34,12,false)
(35,12,false)
(38,12,false)
(39,12,false)
(43,12,true)
(46,12,true)
(53,12,true)
(54,12,true)
(60,12,true)
(65,12,true)
(67,12,true)
(68,12,true)
(70,12,true)
(71,12,true)
(72,12,true)
(81,12,true)
(82,12,true)
(84,12,true)
(85,12,true)
(88,12,true)
(90,12,true)
(95,12,false)
(97,12,true)
(98,12,false)
(11,13,false)
(14,13,false)
(16,13,false)
(19,13,false)
(20,13,false)
(23,13,false)
(24,13,false)
(25,13,false)
(28,13,false)
(30,13,false)
(31,13,false)
(34,13,false)
(35,13,false)
(37,13,false)
(41,13,true)
(44,13,true)
(52,13,true)
(55,13,true)
(56,13,true)
(57,13,true)
(60,13,true)
(62,13,false)
(63,13,true)
(66,13,true)
(69,13,true)
(71,13,true)
(78,13,true)
(82,13,true)
(87,13,false)
(88,13,true)
(89,13,true)
(90,13,true)
(91,13,true)
(95,13,true)
(96,13,true)
(98,13,true)
(2,14,false)
(3,14,false)
(5,14,false)
(7,14,false)
(11,14,false)
(13,14,false)
(14,14,false)
(16,14,false)
(18,14,true)
(19,14,false)
(26,14,false)
(27,14,false)
(29,14,false)
(33,14,false)
(35,14,true)
(36,14,false)
(38,14,false)
(39,14,false)
(41,14,true)
(42,14,true)
(50,14,true)
(62,14,true)
(68,14,true)
(70,14,true)
(74,14,true)
(80,14,true)
(83,14,true)
(85,14,true)
(89,14,true)
(93,14,true)
(94,14,true)
(5,15,false)
(7,15,false)
(12,15,false)
(16,15,false)
(19,15,false)
(26,15,false)
(32,15,false)
(34,15,false)
(39,15,false)
(40,15,true)
(45,15,true)
(49,15,true)
(50,15,true)
(53,15,true)
(54,15,true)
(56,15,true)
(59,15,true)
(63,15,true)
(66,15,true)
(70,15,true)
(71,15,true)
(74,15,true)
(82,15,true)
(83,15,true)
(84,15,true)
(88,15,true)
(92,15,true)
(94,15,true)
(97,15,true)
(6,16,false)
(13,16,false)
(17,16,false)
(18,16,false)
(19,16,true)
(20,16,false)
(22,16,true)
(36,16,false)
(38,16,false)
(43,16,true)
(44,16,true)
(52,16,true)
(57,16,true)
(59,16,true)
(60,16,true)
(64,16,true)
(68,16,true)
(72,16,true)
(74,16,true)
(79,16,true)
(81,16,true)
(84,16,true)
(86,16,true)
(87,16,true)
(88,16,true)
(95,16,true)
(96,16,true)
(97,16,true)
(0,17,false)
(1,17,false)
(2,17,true)
(3,17,false)
(4,17,false)
(11,17,false)
(19,17,false)
(22,17,false)
(25,17,false)
(26,17,false)
(28,17,false)
(29,17,false)
(35,17,false)
(36,17,true)
(37,17,false)
(38,17,false)
(39,17,true)
(40,17,true)
(41,17,true)
(43,17,true)
(47,17,true)
(48,17,true)
(55,17,true)
(59,17,true)
(61,17,true)
(63,17,true)
(67,17,true)
(68,17,true)
(71,17,true)
(72,17,true)
(73,17,true)
(76,17,true)
(78,17,true)
(79,17,true)
(80,17,true)
(90,17,true)
(92,17,true)
(93,17,true)
(94,17,true)
(96,17,true)
(99,17,true)
(5,18,false)
(10,18,true)
(13,18,false)
(16,18,false)
(18,18,false)
(21,18,false)
(28,18,false)
(40,18,true)
(43,18,true)
(44,18,true)
(46,18,true)
(47,18,true)
(51,18,true)
(52,18,true)
(62,18,true)
(63,18,true)
(65,18,true)
(71,18,true)
(74,18,true)
(81,18,true)
(84,18,true)
(87,18,true)
(91,18,false)
(92,18,true)
(93,18,true)
(98,18,true)
(1,19,false)
(6,19,false)
(7,19,false)
(10,19,false)
(15,19,false)
(17,19,false)
(19,19,false)
(23,19,false)
(24,19,false)
(25,19,false)
(27,19,false)
(29,19,false)
(32,19,false)
(38,19,false)
(39,19,false)
(46,19,true)
(47,19,true)
(52,19,true)
(53,19,true)
(55,19,true)
(57,19,true)
(60,19,true)
(63,19,true)
(68,19,true)
(71,19,true)
(77,19,true)
(78,19,true)
(79,19,true)
(82,19,true)
(87,19,true)
(92,19,true)
(8,20,false)
(11,20,false)
(14,20,false)
(22,20,false)
(24,20,false)
(29,20,false)
(31,20,false)
(35,20,false)
(38,20,false)
(41,20,true)
(42,20,false)
(43,20,true)
(45,20,true)
(48,20,true)
(49,20,false)
(55,20,true)
(58,20,true)
(62,20,true)
(68,20,true)
(74,20,true)
(75,20,true)
(79,20,true)
(81,20,true)
(83,20,true)
(85,20,true)
(88,20,true)
(89,20,true)
(93,20,true)
(97,20,true)
(98,20,true)
(99,20,true)
(1,21,false)
(2,21,false)
(6,21,false)
(9,21,false)
(11,21,false)
(12,21,false)
(13,21,false)
(18,21,false)
(22,21,false)
(25,21,false)
(27,21,false)
(43,21,true)
(44,21,true)
(46,21,true)
(48,21,true)
(54,21,true)
(57,21,true)
(60,21,true)
(63,21,true)
(66,21,true)
(67,21,true)
(69,21,true)
(75,21,true)
(76,21,true)
(80,21,true)
(84,21,true)
(85,21,true)
(86,21,true)
(89,21,true)
(94,21,true)
(97,21,true)
(2,22,false)
(3,22,true)
(10,22,false)
(27,22,true)
(36,22,false)
(37,22,false)
(47,22,true)
(48,22,true)
(49,22,true)
(56,22,true)
(58,22,true)
(63,22,true)
(69,22,true)
(84,22,true)
(85,22,true)
(91,22,true)
(95,22,true)
(97,22,true)
(2,23,false)
(7,23,false)
(12,23,false)
(16,23,false)
(32,23,false)
(34,23,true)
(37,23,false)
(39,23,false)
(41,23,true)
(45,23,true)
(47,23,true)
(48,23,true)
(51,23,true)
(54,23,true)
(56,23,true)
(58,23,true)
(59,23,true)
(61,23,true)
(66,23,true)
(68,23,true)
(72,23,true)
(75,23,true)
(82,23,true)
(83,23,true)
(84,23,true)
(87,23,true)
(89,23,true)
(92,23,true)
(1,24,false)
(7,24,false)
(10,24,false)
(19,24,false)
(20,24,false)
(22,24,false)
(27,24,false)
(34,24,false)
(40,24,true)
(45,24,true)
(51,24,true)
(56,24,true)
(58,24,true)
(61,24,true)
(62,24,true)
(65,24,true)
(66,24,true)
(68,24,true)
(69,24,true)
(71,24,true)
(73,24,true)
(80,24,true)
(82,24,true)
(83,24,true)
(92,24,true)
(13,25,false)
(14,25,false)
(17,25,false)
(19,25,false)
(22,25,false)
(27,25,false)
(30,25,false)
(34,25,false)
(36,25,false)
(40,25,true)
(44,25,false)
(46,25,true)
(49,25,true)
(51,25,true)
(54,25,true)
(59,25,false)
(60,25,true)
(61,25,true)
(65,25,true)
(76,25,true)
(79,25,true)
(83,25,true)
(84,25,true)
(88,25,true)
(89,25,false)
(91,25,true)
(96,25,true)
(97,25,true)
(0,26,false)
(5,26,false)
(9,26,false)
(13,26,false)
(16,26,false)
(17,26,false)
(20,26,false)
(21,26,false)
(26,26,false)
(28,26,false)
(31,26,false)
(32,26,false)
(38,26,false)
(44,26,true)
(54,26,true)
(55,26,true)
(58,26,true)
(59,26,true)
(60,26,true)
(64,26,true)
(66,26,true)
(71,26,true)
(73,26,true)
(76,26,true)
(78,26,true)
(79,26,true)
(94,26,true)
(2,27,false)
(5,27,false)
(6,27,false)
(7,27,false)
(15,27,false)
(16,27,false)
(19,27,false)
(20,27,false)
(21,27,false)
(31,27,false)
(32,27,false)
(37,27,false)
(45,27,false)
(55,27,true)
(62,27,true)
(68,27,true)
(79,27,true)
(82,27,true)
(92,27,true)
(93,27,true)
(94,27,true)
(96,27,true)
(97,27,true)
(98,27,false)
(14,28,false)
(16,28,false)
(19,28,false)
(22,28,false)
(23,28,false)
(24,28,false)
(30,28,false)
(33,28,false)
(35,28,false)
(40,28,true)
(45,28,true)
(49,28,true)
(51,28,true)
(53,28,true)
(61,28,true)
(63,28,true)
(68,28,true)
(72,28,true)
(73,28,true)
(74,28,true)
(87,28,true)
(89,28,true)
(93,28,true)
(96,28,false)
(99,28,true)
(5,29,false)
(9,29,false)
(16,29,false)
(17,29,false)
(19,29,false)
(21,29,true)
(28,29,false)
(29,29,false)
(32,29,false)
(33,29,false)
(34,29,false)
(38,29,false)
(39,29,false)
(48,29,true)
(53,29,true)
(56,29,true)
(59,29,true)
(66,29,true)
(71,29,true)
(79,29,true)
(80,29,true)
(86,29,true)
(88,29,true)
(95,29,true)
(1,30,false)
(3,30,false)
(5,30,false)
(10,30,false)
(11,30,false)
(12,30,false)
(14,30,false)
(22,30,false)
(27,30,false)
(34,30,false)
(35,30,false)
(38,30,false)
(43,30,true)
(46,30,true)
(52,30,true)
(59,30,true)
(62,30,true)
(63,30,true)
(67,30,true)
(71,30,true)
(73,30,true)
(75,30,true)
(79,30,true)
(80,30,true)
(82,30,true)
(83,30,true)
(87,30,true)
(90,30,true)
(95,30,true)
(97,30,true)
(0,31,false)
(6,31,false)
(10,31,false)
(12,31,false)
(14,31,false)
(18,31,false)
(31,31,false)
(40,31,true)
(53,31,true)
(54,31,true)
(59,31,true)
(62,31,true)
(71,31,true)
(78,31,true)
(83,31,true)
(85,31,true)
(90,31,true)
(93,31,true)
(95,31,false)
(96,31,true)
(2,32,false)
(3,32,false)
(11,32,false)
(13,32,false)
(14,32,false)
(15,32,false)
(19,32,false)
(20,32,false)
(32,32,false)
(36,32,false)
(42,32,false)
(61,32,true)
(62,32,true)
(67,32,true)
(71,32,true)
(77,32,true)
(78,32,true)
(81,32,true)
(85,32,true)
(91,32,true)
(93,32,true)
(95,32,true)
(99,32,false)
(4,33,false)
(5,33,false)
(9,33,false)
(18,33,false)
(25,33,false)
(29,33,false)
(35,33,false)
(37,33,false)
(38,33,false)
(43,33,true)
(48,33,true)
(50,33,true)
(58,33,true)
(62,33,true)
(63,33,true)
(67,33,true)
(70,33,true)
(72,33,true)
(75,33,true)
(76,33,true)
(94,33,true)
(4,34,false)
(10,34,false)
(12,34,false)
(19,34,false)
(23,34,false)
(24,34,false)
(26,34,false)
(29,34,false)
(30,34,false)
(35,34,false)
(38,34,false)
(39,34,false)
(51,34,true)
(52,34,true)
(60,34,true)
(65,34,true)
(69,34,true)
(71,34,true)
(76,34,true)
(77,34,true)
(79,34,true)
(83,34,true)
(84,34,true)
(90,34,true)
(5,35,false)
(8,35,false)
(11,35,false)
(12,35,false)
(18,35,false)
(24,35,false)
(26,35,false)
(30,35,false)
(31,35,false)
(33,35,false)
(38,35,false)
(40,35,true)
(42,35,true)
(44,35,true)
(46,35,true)
(51,35,true)
(53,35,true)
(61,35,true)
(67,35,true)
(68,35,true)
(69,35,true)
(72,35,true)
(73,35,true)
(74,35,true)
(80,35,true)
(81,35,true)
(91,35,true)
(97,35,false)
(98,35,true)
(2,36,false)
(4,36,false)
(5,36,false)
(8,36,false)
(9,36,false)
(10,36,false)
(16,36,false)
(20,36,false)
(35,36,false)
(40,36,true)
(43,36,true)
(61,36,false)
(69,36,true)
(76,36,true)
(82,36,false)
(84,36,true)
(88,36,true)
(89,36,true)
(90,36,true)
(93,36,false)
(0,37,false)
(2,37,false)
(3,37,false)
(5,37,false)
(10,37,false)
(20,37,false)
(23,37,false)
(26,37,false)
(36,37,false)
(46,37,true)
(54,37,true)
(57,37,true)
(58,37,true)
(62,37,true)
(63,37,true)
(64,37,true)
(67,37,true)
(70,37,true)
(71,37,true)
(78,37,true)
(87,37,true)
(89,37,true)
(91,37,true)
(95,37,true)
(99,37,true)
(0,38,false)
(4,38,false)
(33,38,false)
(37,38,false)
(46,38,true)
(47,38,true)
(52,38,true)
(54,38,true)
(57,38,true)
(66,38,true)
(74,38,true)
(79,38,true)
(81,38,true)
(86,38,true)
(89,38,true)
(90,38,true)
(97,38,true)
(99,38,false)
(1,39,false)
(15,39,false)
(19,39,false)
(21,39,false)
(22,39,false)
(23,39,false)
(28,39,false)
(31,39,false)
(34,39,false)
(35,39,false)
(46,39,true)
(47,39,true)
(50,39,true)
(51,39,true)
(52,39,true)
(54,39,true)
(59,39,true)
(60,39,true)
(64,39,true)
(71,39,true)
(82,39,true)
(83,39,true)
(88,39,true)
(94,39,true)
(5,40,false)
(7,40,false)
(9,40,false)
(14,40,false)
(20,40,false)
(21,40,false)
(24,40,false)
(33,40,false)
(40,40,true)
(42,40,false)
(43,40,true)
(46,40,true)
(47,40,true)
(48,40,true)
(52,40,true)
(57,40,true)
(59,40,true)
(60,40,true)
(62,40,true)
(69,40,true)
(73,40,true)
(74,40,true)
(85,40,true)
(87,40,true)
(4,41,false)
(6,41,false)
(7,41,false)
(8,41,false)
(12,41,false)
(13,41,false)
(14,41,false)
(19,41,false)
(20,41,false)
(23,41,false)
(29,41,false)
(49,41,true)
(51,41,false)
(52,41,true)
(53,41,true)
(58,41,true)
(59,41,true)
(62,41,true)
(70,41,true)
(71,41,true)
(74,41,true)
(78,41,true)
(81,41,true)
(96,41,true)
(3,42,false)
(5,42,false)
(6,42,false)
(9,42,false)
(10,42,false)
(11,42,false)
(17,42,false)
(25,42,false)
(32,42,false)
(33,42,false)
(41,42,true)
(42,42,true)
(49,42,true)
(50,42,true)
(58,42,true)
(62,42,true)
(64,42,true)
(65,42,true)
(66,42,true)
(70,42,true)
(71,42,true)
(72,42,true)
(77,42,true)
(85,42,true)
(88,42,true)
(95,42,true)
(96,42,false)
(99,42,true)
(4,43,false)
(5,43,false)
(11,43,false)
(12,43,false)
(16,43,false)
(21,43,false)
(23,43,false)
(30,43,false)
(33,43,false)
(34,43,false)
(39,43,true)
(50,43,true)
(64,43,true)
(66,43,true)
(68,43,true)
(73,43,true)
(76,43,true)
(86,43,true)
(92,43,true)
(96,43,true)
(99,43,true)
(0,44,false)
(3,44,false)
(4,44,false)
(11,44,false)
(18,44,false)
(24,44,false)
(26,44,false)
(39,44,false)
(45,44,true)
(49,44,true)
(53,44,true)
(60,44,true)
(61,44,true)
(62,44,true)
(68,44,true)
(69,44,true)
(72,44,true)
(83,44,true)
(85,44,true)
(86,44,true)
(88,44,true)
(92,44,true)
(7,45,false)
(10,45,false)
(13,45,false)
(15,45,false)
(28,45,false)
(29,45,false)
(31,45,false)
(47,45,true)
(59,45,true)
(80,45,true)
(82,45,true)
(83,45,true)
(88,45,false)
(90,45,true)
(95,45,false)
(98,45,true)
(7,46,true)
(9,46,false)
(10,46,true)
(14,46,false)
(15,46,false)
(18,46,false)
(22,46,false)
(31,46,false)
(37,46,false)
(40,46,true)
(41,46,false)
(42,46,true)
(46,46,true)
(48,46,true)
(50,46,true)
(56,46,true)
(58,46,true)
(61,46,true)
(62,46,true)
(65,46,true)
(66,46,true)
(68,46,false)
(79,46,true)
(80,46,true)
(81,46,true)
(86,46,true)
(93,46,true)
(94,46,true)
(4,47,false)
(5,47,false)
(9,47,true)
(18,47,false)
(24,47,true)
(35,47,false)
(38,47,false)
(43,47,true)
(52,47,true)
(58,47,true)
(61,47,true)
(67,47,true)
(79,47,true)
(83,47,true)
(84,47,true)
(87,47,true)
(89,47,false)
(93,47,true)
(94,47,false)
(98,47,true)
(1,48,true)
(8,48,false)
(9,48,false)
(13,48,false)
(15,48,false)
(16,48,false)
(18,48,false)
(21,48,false)
(31,48,false)
(34,48,false)
(46,48,true)
(53,48,true)
(56,48,true)
(70,48,true)
(72,48,true)
(77,48,true)
(81,48,true)
(82,48,true)
(83,48,true)
(89,48,false)
(90,48,true)
(92,48,true)
(93,48,true)
(99,48,true)
(3,49,false)
(17,49,false)
(24,49,false)
(27,49,false)
(31,49,false)
(40,49,true)
(47,49,true)
(59,49,true)
(61,49,true)
(66,49,true)
(69,49,true)
(73,49,true)
(87,49,true)
(90,49,true)
(91,49,true)
(92,49,true)
(95,49,true)
(1,50,false)
(4,50,false)
(6,50,false)
(13,50,false)
(16,50,false)
(22,50,false)
(26,50,false)
(29,50,false)
(34,50,false)
(46,50,true)
(48,50,true)
(53,50,true)
(57,50,true)
(61,50,true)
(62,50,true)
(70,50,true)
(71,50,true)
(75,50,true)
(76,50,true)
(77,50,true)
(82,50,true)
(89,50,true)
(91,50,true)
(95,50,true)
(4,51,false)
(12,51,false)
(16,51,false)
(21,51,false)
(24,51,false)
(29,51,false)
(30,51,false)
(36,51,false)
(39,51,false)
(49,51,true)
(51,51,true)
(56,51,false)
(64,51,true)
(67,51,true)
(68,51,true)
(70,51,true)
(72,51,true)
(80,51,true)
(85,51,true)
(88,51,true)
(96,51,true)
(3,52,false)
(6,52,false)
(10,52,false)
(14,52,false)
(16,52,false)
(18,52,false)
(25,52,false)
(34,52,false)
(35,52,false)
(39,52,true)
(41,52,true)
(44,52,true)
(46,52,true)
(63,52,true)
(65,52,true)
(71,52,true)
(75,52,true)
(79,52,true)
(82,52,true)
(84,52,true)
(87,52,true)
(91,52,true)
(1,53,false)
(19,53,false)
(23,53,false)
(26,53,false)
(29,53,false)
(34,53,false)
(37,53,false)
(39,53,true)
(44,53,true)
(45,53,true)
(46,53,true)
(51,53,true)
(52,53,true)
(54,53,true)
(62,53,true)
(75,53,true)
(77,53,true)
(78,53,true)
(94,53,true)
(96,53,true)
(5,54,false)
(21,54,false)
(28,54,false)
(33,54,false)
(34,54,false)
(37,54,false)
(40,54,true)
(43,54,true)
(51,54,true)
(54,54,true)
(59,54,true)
(61,54,true)
(74,54,true)
(77,54,true)
(78,54,true)
(81,54,false)
(82,54,true)
(85,54,true)
(86,54,true)
(89,54,false)
(98,54,true)
(6,55,false)
(7,55,true)
(8,55,false)
(9,55,false)
(19,55,false)
(21,55,false)
(25,55,false)
(26,55,false)
(28,55,false)
(30,55,false)
(32,55,false)
(40,55,true)
(44,55,true)
(45,55,true)
(50,55,true)
(52,55,true)
(53,55,true)
(60,55,true)
(64,55,true)
(65,55,true)
(67,55,true)
(84,55,true)
(88,55,true)
(89,55,true)
(97,55,true)
(3,56,false)
(4,56,false)
(15,56,false)
(17,56,false)
(19,56,true)
(21,56,true)
(25,56,false)
(28,56,false)
(38,56,false)
(41,56,true)
(47,56,true)
(52,56,true)
(60,56,true)
(62,56,true)
(64,56,true)
(70,56,true)
(71,56,true)
(76,56,true)
(77,56,true)
(84,56,true)
(87,56,true)
(89,56,false)
(99,56,true)
(7,57,false)
(13,57,false)
(15,57,false)
(23,57,false)
(28,57,false)
(32,57,false)
(35,57,false)
(36,57,false)
(40,57,true)
(41,57,true)
(42,57,true)
(43,57,true)
(55,57,true)
(57,57,true)
(62,57,true)
(64,57,true)
(65,57,true)
(67,57,true)
(71,57,true)
(86,57,true)
(88,57,false)
(90,57,true)
(97,57,true)
(0,58,false)
(4,58,false)
(6,58,false)
(18,58,false)
(24,58,false)
(30,58,false)
(34,58,false)
(39,58,false)
(46,58,true)
(48,58,true)
(52,58,true)
(59,58,true)
(61,58,true)
(67,58,true)
(73,58,true)
(77,58,true)
(82,58,true)
(97,58,true)
(7,59,false)
(19,59,false)
(20,59,false)
(29,59,false)
(38,59,true)
(46,59,true)
(47,59,true)
(51,59,true)
(58,59,true)
(70,59,true)
(79,59,true)
(84,59,true)
(88,59,true)
(89,59,true)
(90,59,true)
(0,60,false)
(2,60,false)
(7,60,false)
(8,60,false)
(12,60,false)
(20,60,false)
(21,60,false)
(22,60,false)
(50,60,true)
(62,60,true)
(66,60,true)
(69,60,true)
(70,60,true)
(72,60,true)
(74,60,true)
(76,60,true)
(85,60,true)
(88,60,true)
(6,61,true)
(7,61,false)
(15,61,false)
(18,61,false)
(19,61,false)
(26,61,false)
(38,61,false)
(46,61,true)
(52,61,true)
(62,61,true)
(66,61,false)
(71,61,true)
(72,61,true)
(85,61,true)
(87,61,true)

(88,27)
(89,26)
(63,24)
(71,11)
(82,59)
(45,6)
(23,25)
(94,20)
(53,21)
(24,27)
(23,27)
(29,43)
(17,38)
(92,34)
(87,54)
(7,38)
(68,11)
(42,38)
(65,44)
(24,9)
(73,25)
(21,16)
(7,16)
(83,53)
(71,35)
(9,22)
(78,36)
(89,5)
(66,51)
(91,40)
(89,7)
(77,2)
(49,27)
(51,47)
(88,53)
(11,40)
(57,7)
(74,3)
(68,47)
(85,46)
(30,29)
(2,56)
(70,52)
(48,36)
(66,17)
(94,35)
(68,26)
(30,45)
(10,53)
(92,13)
(10,33)
(68,25)
(26,42)
(44,3)
(35,44)
(79,39)
(92,57)
(5,9)
(66,12)
(96,35)
(40,4)
(26,51)
(61,53)
(64,19)
(43,10)
(82,43)
(21,31)
(62,36)
(39,55)
(50,61)
(52,15)
(17,54)
(83,12)
(79,2)
(25,16)
(7,43)
(45,58)
(79,33)
(61,31)
(53,39)
(10,12)
(22,29)
(42,2)
(17,45)
(48,16)
(21,13)
(67,41)
(91,42)
(66,53)
(6,26)
(1,40)
(8,1)
(39,45)
(46,5)
(51,48)
(61,16)
(82,17)
(42,4)
(5,21)
(38,32)
(81,57)
(69,38)
(16,44)
(19,6)
(57,14)
(34,22)
(93,29)
(90,26)
(59,12)
(38,1)
(46,41)
(51,60)
(62,49)
(21,52)
(17,30)
(47,58)
(93,22)
(23,50)
(63,59)
(52,37)
(28,5)
(29,23)
(52,31)
(36,59)
(1,29)
(40,30)
(58,6)
(72,31)
(77,37)
(54,46)
(80,28)
(26,2)
(8,3)
(77,5)
(66,50)
(63,61)
(55,34)
(89,27)
(47,48)
(19,44)
(86,23)
(80,27)
(67,52)
(63,43)
(72,50)
(36,58)
(78,9)
(26,45)
(42,59)
(89,12)
(90,47)
(73,47)
(86,39)
(57,18)
(88,0)
(18,54)
(42,16)
(35,26)
(82,56)
(37,18)
(13,13)
(62,59)
(88,47)
(97,3)
(16,34)
(36,31)
(30,48)
(2,8)
(68,4)
(61,29)
(79,61)
(12,32)
(72,13)
(59,32)
(21,21)
(77,0)
(31,32)
(63,49)
(9,38)
(78,18)
(87,24)
(86,7)
(40,14)
(44,58)
(84,58)
(86,5)
(53,27)
(65,26)
(43,4)
(40,50)
(46,24)
(7,33)
(25,31)
(65,1)
(40,19)
(12,28)
(51,30)
(62,39)
(46,56)
(25,43)
(68,30)
(31,50)
(80,5)
(17,53)
(24,3)
(21,23)
(11,5)
(64,34)
(20,6)
(69,26)
(9,2)
(66,6)
(13,49)
(30,22)
(13,52)
(49,48)
(36,38)
(57,6)
(85,25)
(11,31)
(94,29)
(61,41)
(96,59)
(54,61)
(11,12)
(55,8)
(8,12)
(88,7)
(8,11)
(14,57)
(61,7)
(89,58)
(63,1)
(73,21)
(30,52)
(66,8)
(23,23)
(54,52)
(67,10)
(92,3)
(0,18)
(69,29)
(69,39)
(35,9)
(75,40)
(80,1)
(45,52)
(22,8)
(12,59)
(32,35)
(78,56)
(77,45)
(38,28)
(14,8)
(28,44)
(58,57)
(65,22)
(77,9)
(10,6)
(90,9)
(10,20)
(59,22)
(45,0)
(88,23)
(43,19)
(21,37)
(74,46)
(2,3)
(86,35)
(20,2)
(1,9)
(50,52)
(43,27)
(3,50)
(41,7)
(86,32)
(65,23)
(47,46)
(61,61)
(62,23)
(66,30)
(28,6)
(77,25)
(6,49)
(90,21)
(36,44)
(68,50)
(97,28)
(56,44)
(63,41)
(12,61)
(19,30)
(49,23)
(80,61)
(45,61)
(68,41)
(85,7)
(41,22)
(82,18)
(99,47)
(63,27)
(92,26)
(86,10)
(6,6)
(59,36)
(73,36)
(38,5)
(71,27)
(0,30)
(69,47)
(60,14)
(87,27)
(57,9)
(19,36)
(65,35)
(87,22)
(83,2)
(97,40)
(77,16)
(77,23)
(92,6)
(94,9)
(54,13)
(83,55)
(56,50)
(85,16)
(45,11)
(28,60)
(20,57)
(44,15)
(24,37)
(36,55)
(63,57)
(92,8)
(20,14)
(56,40)
(63,16)
(99,26)
(87,45)
(96,6)
(18,22)
(91,2)
(80,23)
(44,0)
(86,18)
(24,29)
(96,39)
(77,57)
(8,24)
(47,12)
(36,26)
(23,4)
(27,7)
(62,54)
(98,50)
(58,16)
(70,31)
(17,4)
(77,12)
(94,30)
(69,17)
(5,22)
(15,26)
(97,61)
(54,45)
(31,59)
(37,29)
(77,21)
(46,2)
(21,25)
(0,9)
(43,37)
(19,49)
(48,51)
(39,59)
(74,43)
(18,23)
(5,8)
(31,7)
(93,58)
(91,11)
(86,12)
(54,18)
(17,20)
(77,7)
(81,44)
(98,0)
(53,37)
(15,55)
(77,59)
(49,36)
(94,12)
(97,19)
(46,34)
(47,37)
(82,55)
(17,34)
(84,40)
(3,2)
(23,21)
(9,41)
(49,10)
(14,37)
(72,18)
(42,21)
(5,20)
(45,9)
(68,3)
(75,36)
(54,60)
(10,25)
(61,42)
(32,38)
(52,59)
(16,20)
(46,20)
(14,39)
(39,24)
(60,18)
(94,18)
(76,20)
(45,14)
(59,0)
(78,4)
(4,60)
(37,15)
(55,2)
(98,15)
(56,18)
(74,7)
(46,16)
(26,41)
(89,2)
(66,11)
(46,8)
(3,15)
(2,25)
(87,4)
(44,54)
(43,35)
(26,24)
(16,9)
(14,49)
(24,6)
(88,48)
(25,9)
(9,44)
(95,20)
(30,60)
(38,38)
(33,36)
(26,57)
(38,27)
(56,30)
(4,28)
(19,37)
(93,1)
(26,29)
(52,49)
(12,16)
(95,35)
(81,24)
(56,31)
(82,38)
(54,44)
(51,3)
(48,35)
(78,49)
(78,46)
(78,25)
(83,54)
(19,45)
(98,39)
(82,57)
(99,54)
(5,25)
(14,38)
(50,9)
(2,24)
(14,45)
(92,60)
(43,58)
(35,29)
(46,9)
(68,39)
(27,20)
(19,11)
(11,19)
(57,30)
(94,48)
(45,42)
(79,48)
(89,34)
(57,59)
(93,11)
(8,26)
(53,17)
(15,9)
(70,39)
(92,52)
(60,36)
(88,21)
(80,47)
(77,22)
(73,0)
(0,27)
(64,60)
(54,7)
(15,47)
(68,34)
(32,54)
(36,24)
(19,47)
(48,1)
(50,35)
(41,10)
(78,10)
(1,14)
(52,8)
(79,21)
(29,55)
(98,57)
(85,4)
(50,36)
(88,18)
(73,15)
(44,60)
(29,46)
(82,16)
(57,4)
(17,55)
(24,61)
(55,43)
(37,0)
(90,56)
(83,7)
(59,59)
(95,4)
(76,13)
(65,7)
(8,53)
(8,42)
(67,18)
(62,26)
(3,24)
(83,3)
(80,41)
(85,41)
(33,22)
(54,8)
(11,33)
(68,10)
(46,49)
(8,33)
(73,61)
(70,0)
(11,26)
(85,35)
(97,33)
(64,3)
(14,12)
(84,13)
(5,49)
(82,34)
(55,38)
(31,19)
(73,27)
(54,11)
(12,17)
(48,30)
(57,55)
(91,45)
(79,35)
(57,35)
(99,23)
(81,2)
(67,36)
(37,8)
(2,54)
(62,47)
(57,2)
(71,2)
(60,17)
(27,38)
(28,24)
(69,53)
(14,58)
(35,50)
(40,7)
(28,61)
(14,1)
(49,39)
(78,11)
(7,3)
(67,56)
(19,12)
(88,30)
(36,56)
(94,31)
(16,49)
(34,57)
(83,57)
(58,18)
(13,4)
(57,54)
(51,55)
(77,18)
(80,15)
(11,61)
(71,0)
(78,22)
(16,0)
(71,59)
(74,23)
(15,1)
(13,22)
(28,35)
(49,57)
(77,14)
(8,9)
(61,14)
(20,15)
(23,31)
(66,7)
(98,53)
(7,31)
(45,18)
(33,53)
(24,24)
(78,14)
(40,61)
(98,6)
(49,8)
(22,0)
(94,61)
(66,3)
(0,40)
(82,28)
(34,28)
(51,6)
(24,42)
(57,56)
(98,29)
(30,8)
(70,8)
(35,37)
(37,43)
(97,51)
(59,61)
(46,13)
(74,6)
(5,11)
(99,60)
(14,2)
(36,43)
(4,7)
(9,51)
(45,34)
(8,6)
(92,59)
(36,29)
(68,22)
(11,24)
(64,1)
(87,35)
(37,48)
(89,57)
(5,16)
(0,39)
(51,9)
(19,9)
(62,19)
(88,34)
(50,12)
(71,46)
(53,18)
(97,23)
(37,45)
(92,47)
(51,10)
(1,6)
(55,41)
(52,28)
(93,23)
(67,24)
(75,29)
(46,17)
(72,5)
(61,12)
(90,5)
(96,15)
(95,33)
(31,6)
(5,23)
(21,22)
(85,34)
(42,7)
(90,19)
(82,53)
(74,29)
(30,20)
(80,11)
(23,42)
(76,31)
(76,57)
(77,26)
(61,8)
(12,54)
(72,34)
(45,22)
(0,1)
(86,26)
(91,53)
(52,20)
(27,56)
(85,26)
(9,53)
(78,21)
(24,26)
(98,40)
(69,56)
(7,7)
(58,5)
(50,10)
(45,13)
(29,58)
(10,4)
(49,19)
(1,1)
(22,34)
(86,30)
(1,44)
(2,7)
(65,2)
(59,7)
(16,12)
(20,42)
(87,32)
(37,9)
(95,1)
(53,14)
(69,51)
(15,30)
(13,8)
(3,13)
(96,20)
(77,40)
(8,38)
(43,6)
(23,54)
(1,35)
(41,31)
(19,7)
(83,10)
(13,7)
(18,53)
(8,5)
(28,23)
(34,4)
(55,61)
(48,19)
(0,36)
(81,30)
(26,10)
(12,27)
(6,20)
(50,38)
(90,40)
(61,34)
(41,45)
(13,39)
(21,47)
(80,3)
(12,56)
(43,34)
(80,60)
(78,47)
(29,24)
(54,29)
(90,33)
(22,18)
(97,42)
(13,55)
(81,17)
(44,17)
(60,27)
(71,8)
(89,31)
(36,46)
(16,11)
(76,47)
(41,37)
(86,49)
(48,26)
(95,21)
(77,20)
(39,37)
(82,10)
(99,13)
(10,50)
(39,36)
(52,17)
(72,24)
(66,14)
(38,53)
(10,44)
(86,50)
(39,21)
(65,28)
(51,52)
(5,4)
(54,10)
(79,7)
(3,9)
(80,34)
(60,51)
(51,46)
(69,15)
(39,48)
(76,28)
(84,46)
(82,22)
(7,20)
(76,5)
(86,24)
(35,27)
(7,10)
(37,19)
(14,17)
(13,30)
(7,50)
(26,1)
(32,30)
(60,59)
(9,16)
(23,7)
(9,35)
(68,33)
(76,15)
(52,45)
(73,48)
(88,50)
(81,49)
(8,43)
(91,39)
(95,59)
(52,24)
(90,23)
(30,59)
(60,41)
(72,14)
(22,13)
(89,40)
(72,1)
(2,59)
(22,7)
(99,22)
(48,42)
(84,8)
(33,48)
(9,37)
(47,0)
(54,22)
(31,37)
(34,34)
(18,10)
(49,37)
(54,57)
(17,18)
(46,11)
(44,1)
(12,46)
(54,48)
(44,36)
(57,43)
(14,23)
(60,42)
(9,20)
(1,54)
(33,25)
(65,19)
(84,17)
(79,60)
(73,54)
(18,56)
(30,26)
(7,52)
(39,18)
(72,27)
(78,40)
(38,49)
(85,17)
(20,29)
(98,7)
(21,5)
(26,18)
(54,58)
(3,47)
(58,2)
(0,23)
(99,33)
(25,36)
(99,24)
(42,17)
(71,16)
(64,8)
(9,4)
(39,8)
(22,2)
(20,22)
(9,17)
(34,17)
(94,38)
(93,16)
(84,3)
(68,59)
(6,22)
(62,29)
(45,31)
(2,13)
(18,6)
(13,23)
(4,2)
(81,4)
(84,6)
(9,19)
(87,29)
(31,36)
(24,53)
(98,43)
(57,1)
(45,57)
(6,24)
(40,21)
(39,16)
(16,35)
(31,1)
(62,52)
(61,20)
(92,20)
(40,29)
(82,2)
(38,13)
(62,15)
(52,12)
(3,54)
(97,48)
(9,28)
(78,2)
(44,22)
(4,25)
(47,33)
(69,10)
(33,24)
(16,32)
(3,48)
(90,53)
(98,11)
(39,11)
(55,55)
(9,15)
(15,25)
(97,17)
(56,37)
(25,23)
(8,61)
(30,15)
(68,37)
(68,42)
(89,61)
(15,59)
(15,23)
(91,34)
(1,23)
(27,12)
(62,58)
(0,20)
(66,27)
(56,43)
(99,11)
(77,47)
(28,16)
(15,29)
(42,1)
(81,25)
(12,29)
(64,20)
(38,3)
(66,34)
(57,25)
(7,28)
(78,55)
(53,43)
(7,18)
(9,24)
(69,19)
(45,16)
(30,53)
(69,12)
(21,14)
(68,15)
(62,34)
(62,6)
(35,16)
(44,6)
(55,28)
(71,48)
(0,4)
(66,9)
(71,44)
(41,38)
(4,24)
(42,45)
(57,17)
(66,0)
(47,57)
(80,53)
(95,5)
(68,53)
(98,34)
(39,5)
(15,10)
(19,18)
(44,48)
(55,50)
(29,54)
(13,3)
(25,41)
(61,52)
(35,45)
(69,43)
(33,1)
(55,56)
(26,46)
(38,4)
(31,30)
(7,21)
(33,7)
(45,51)
(62,21)
(13,15)
(12,58)
(76,10)
(46,23)
(3,20)
(99,4)
(45,40)
(87,5)
(70,54)
(60,30)
(70,43)
(5,48)
(57,26)
(94,56)
(49,30)
(69,54)
(53,8)
(50,47)
(10,57)
(74,21)
(51,13)
(53,34)
(10,15)
(21,8)
(79,50)
(57,27)
(45,33)
(45,47)
(74,2)
(94,16)
(23,12)
(95,25)
(26,49)
(83,29)
(55,14)
(83,59)
(66,37)
(95,24)
(97,45)
(67,2)
(79,18)
(41,21)
(26,6)
(19,46)
(25,60)
(33,58)
(40,48)
(71,23)
(33,12)
(27,53)
(44,23)
(73,22)
(39,35)
(72,4)
(94,22)
(6,60)
(4,39)
(96,21)
(9,57)
(55,30)
(92,42)
(73,16)
(25,10)
(13,37)
(45,12)
(75,38)
(72,30)
(68,21)
(26,22)
(11,23)
(0,46)
(49,29)
(36,35)
(9,18)
(20,35)
(29,4)
(65,11)
(7,13)
(5,55)
(63,42)
(14,34)
(96,46)
(10,26)
(15,51)
(48,5)
(77,15)
(39,7)
(36,53)
(61,45)
(45,17)
(9,59)
(87,17)
(82,14)
(91,6)
(63,3)
(62,51)
(56,26)
(22,12)
(5,51)
(91,27)
(10,58)
(26,16)
(69,41)
(65,21)
(33,60)
(42,47)
(1,22)
(80,33)
(59,37)
(90,54)
(25,18)
(20,38)
(56,61)
(10,17)
(22,35)
(35,59)
(55,59)
(15,28)
(79,57)
(14,22)
(9,30)
(10,27)
(28,34)
(44,43)
(8,58)
(44,27)
(30,24)
(28,51)
(87,15)
(96,44)
(35,46)
(30,4)
(20,48)
(83,58)
(15,24)
(16,2)
(14,24)
(15,34)
(25,24)
(21,38)
(71,22)
(57,29)
(44,14)
(72,58)
(94,7)
(62,10)
(28,46)
(77,36)
(42,56)
(11,56)
(8,19)
(69,30)
(75,15)
(52,7)
(8,13)
(5,5)
(48,14)
(4,18)
(51,42)
(89,53)
(24,39)
(55,42)
(55,23)
(87,58)
(50,32)
(78,7)
(46,27)
(48,34)
(85,29)
(4,57)
(82,47)
(81,10)
(90,15)
(66,44)
(15,40)
(50,26)
(26,21)
(40,3)
(39,42)
(9,61)
(11,27)
(95,57)
(73,2)
(11,54)
(50,20)
(30,11)
(23,22)
(65,58)
(23,48)
(41,58)
(9,13)
(41,0)
(74,45)
(30,61)
(15,52)
(79,12)
(50,24)
(61,27)
(27,37)
(89,29)
(11,25)
(85,30)
(77,55)
(2,42)
(66,18)
(98,8)
(74,5)
(55,37)
(17,27)
(25,25)
(66,52)
(56,42)
(11,16)
(85,47)
(43,39)
(17,28)
(28,53)
(36,4)
(11,6)
(36,10)
(6,25)
(92,53)
(57,47)
(58,17)
(90,4)
(89,18)
(94,52)
(8,17)
(53,20)
(70,24)
(0,6)
(26,28)
(15,18)
(59,10)
(24,23)
(3,39)
(31,43)
(6,0)
(47,42)
(90,44)
(33,31)
(31,34)
(28,52)
(85,3)
(19,38)
(19,21)
(13,34)
(21,17)
(64,14)
(41,27)
(87,46)
(69,48)
(13,9)
(23,44)
(96,56)
(40,12)
(97,56)
(13,31)
(94,24)
(78,44)
(52,26)
(68,13)
(37,20)
(50,16)
(90,14)
(60,33)
(6,47)
(32,0)
(75,18)
(51,2)
(34,5)
(3,31)
(4,19)
(13,35)
(65,17)
(65,43)
(13,29)
(66,55)
(49,55)
(79,24)
(65,10)
(77,33)
(12,47)
(54,35)
(19,26)
(92,56)
(42,22)
(24,36)
(69,28)
(63,50)
(64,29)
(12,22)
(51,56)
(13,33)
(63,11)
(2,9)
(42,36)
(14,4)
(75,43)
(97,36)
(24,17)
(74,26)
(42,19)
(67,19)
(12,20)
(4,61)
(7,17)
(43,45)
(70,27)
(41,53)
(13,36)
(82,61)
(10,21)
(98,14)
(13,28)
(80,39)
(54,14)
(27,31)
(85,13)
(98,26)
(85,5)
(24,2)
(98,32)
(65,27)
(43,2)
(66,22)
(50,29)
(85,18)
(67,15)
(89,22)
(81,15)
(73,33)
(31,54)
(17,59)
(31,15)
(33,50)
(63,5)
(60,29)
(15,20)
(87,57)
(20,25)
(54,17)
(95,44)
(11,10)
(93,6)
(73,34)
(35,19)
(10,56)
(8,15)
(75,14)
(86,14)
(46,31)
(67,31)
(94,60)
(98,48)
(13,12)
(9,54)
(29,15)
(37,24)
(76,51)
(11,57)
(49,12)
(62,9)
(32,5)
(52,48)
(46,33)
(48,6)
(96,32)
(70,58)
(4,53)
(99,58)
(64,22)
(83,9)
(23,14)
(75,48)
(55,60)
(68,55)
(95,9)
(93,37)
(60,43)
(37,47)
(74,50)
(98,56)
(82,49)
(38,21)
(95,61)
(25,14)
(11,3)
(37,42)
(56,53)
(5,57)
(27,17)
(32,9)
(91,38)
(58,34)
(9,11)
(61,26)
(49,35)
(94,23)
(77,17)
(98,38)
(86,41)
(33,52)
(4,0)
(87,39)
(35,54)
(1,7)
(17,60)
(88,14)
(71,51)
(64,47)
(3,57)
(44,30)
(89,1)
(35,49)
(7,34)
(40,43)
(17,15)
(1,16)
(75,17)
(87,14)
(38,24)
(90,55)
(40,6)
(5,17)
(79,45)
(82,46)
(79,51)
(72,49)
(17,13)
(8,23)
(82,7)
(67,11)
(70,49)
(69,33)
(53,22)
(4,20)
(80,38)
(25,61)
(26,0)
(38,7)
(44,56)
(44,40)
(96,52)
(55,18)
(28,31)
(88,3)
(67,26)
(27,57)
(8,25)
(6,57)
(85,28)
(63,14)
(11,48)
(28,40)
(24,59)
(3,18)
(14,26)
(54,40)
(22,41)
(46,43)
(50,56)
(96,9)
(27,1)
(19,50)
(86,27)
(60,6)
(70,16)
(8,28)
(56,10)
(8,21)
(91,31)
(4,31)
(41,24)
(49,33)
(79,28)
(90,52)
(63,9)
(15,13)
(30,46)
(64,46)
(88,35)
(17,22)
(8,59)
(87,20)
(43,24)
(44,45)
(99,10)
(93,55)
(84,32)
(86,45)
(94,49)
(69,2)
(2,40)
(89,32)
(90,25)
(77,13)
(50,3)
(14,27)
(85,9)
(36,30)
(21,19)
(75,42)
(67,34)
(81,1)
(56,35)
(51,57)
(51,15)
(6,23)
(40,9)
(85,49)
(23,33)
(58,51)
(63,45)
(73,3)
(2,35)
(26,25)
(42,23)
(25,57)
(56,33)
(79,23)
(48,27)
(28,4)
(52,6)
(67,43)
(48,0)
(26,19)
(28,33)
(88,58)
(48,9)
(86,56)
(51,16)
(98,30)
(68,31)
(82,4)
(15,22)
(43,53)
(72,19)
(88,24)
(51,21)
(15,54)
(47,21)
(98,9)
(42,13)
(55,31)
(29,2)
(36,5)
(20,55)
(31,23)
(8,56)
(25,20)
(21,30)
(76,12)
(69,18)
(35,18)
(93,60)
(82,26)
(48,53)
(71,53)
(43,41)
(66,35)
(16,3)
(90,50)
(13,17)
(94,51)
(37,40)
(90,16)
(81,8)
(9,45)
(49,21)
(82,32)
(40,1)
(74,39)
(28,21)
(21,2)
(86,22)
(77,46)
(43,43)
(37,35)
(65,40)
(41,44)
(82,42)
(24,25)
(96,55)
(9,43)
(80,55)
(17,1)
(36,27)
(33,13)
(87,0)
(4,35)
(27,2)
(86,55)
(47,36)
(31,9)
(21,33)
(82,51)
(35,7)
(58,0)
(31,47)
(96,34)
(51,40)
(11,18)
(79,42)
(19,22)
(0,35)
(65,49)
(69,14)
(25,32)
(85,59)
(96,37)
(49,31)
(43,25)
(78,27)
(64,17)
(83,33)
(71,4)
(98,33)
(86,33)
(24,31)
(82,37)
(14,33)
(92,14)
(70,32)
(3,28)
(93,19)
(52,9)
(76,32)
(72,26)
(88,52)
(86,51)
(15,33)
(38,58)
(18,7)
(30,14)
(35,22)
(6,33)
(19,23)
(81,14)
(80,13)
(94,42)
(2,57)
(83,43)
(58,15)
(52,50)
(71,47)
(65,48)
(9,12)
(62,12)
(6,11)
(93,59)
(89,43)
(65,51)
(24,22)
(60,38)
(28,15)
(91,43)
(42,50)
(88,43)
(50,19)
(2,20)
(89,17)
(89,60)
(84,26)
(3,1)
(52,32)
(42,9)
(76,35)
(92,46)
(50,50)
(58,1)
(85,15)
(67,28)
(31,57)
(9,14)
(96,49)
(39,56)
(44,20)
(26,4)
(33,37)
(44,38)
(57,41)
(22,32)
(75,31)
(89,39)
(94,43)
(93,42)
(85,58)
(76,41)
(78,59)
(2,10)
(24,14)
(15,44)
(10,54)
(73,39)
(50,49)
(39,61)
(38,44)
(57,28)
(98,17)
(43,50)
(50,25)
(23,58)
(47,16)
(33,18)
(89,44)
(92,31)
(24,38)
(19,20)
(12,45)
(76,27)
(98,51)
(19,58)
(94,44)
(1,56)
(24,16)
(18,17)
(8,47)
(96,45)
(19,60)
(36,54)
(26,33)
(97,37)
(21,44)
(2,61)
(14,18)
(20,44)
(46,15)
(65,13)
(80,9)
(58,39)
(81,43)
(20,61)
(42,37)
(45,30)
(98,58)
(59,19)
(28,28)
(2,51)
(95,51)
(45,36)
(36,52)
(20,4)
(83,21)
(90,24)
(71,40)
(95,11)
(77,49)
(1,26)
(32,21)
(83,49)
(79,44)
(46,47)
(96,58)
(19,52)
(46,28)
(31,42)
(96,18)
(41,18)
(6,37)
(45,26)
(92,41)
(87,50)
(89,51)
(24,32)
(53,5)
(74,42)
(72,57)
(47,25)
(84,5)
(75,24)
(66,31)
(25,29)
(13,5)
(93,0)
(53,32)
(23,49)
(90,27)
(26,13)
(91,33)
(3,58)
(0,49)
(41,43)
(22,4)
(71,6)
(20,34)
(90,18)
(88,49)
(92,37)
(45,21)
(50,18)
(27,23)
(50,53)
(84,9)
(74,0)
(80,44)
(91,26)
(78,6)
(74,32)
(21,12)
(96,30)
(36,6)
(29,12)
(53,25)
(53,45)
(21,35)
(79,22)
(32,3)
(86,17)
(18,8)
(86,13)
(65,3)
(62,16)
(82,9)
(13,19)
(26,36)
(64,52)
(24,18)
(69,61)
(89,45)
(33,32)
(99,45)
(41,15)
(26,38)
(38,45)
(22,58)
(94,58)
(3,38)
(49,3)
(9,31)
(0,25)
(88,22)
(3,3)
(47,27)
(22,14)
(75,26)
(45,5)
(28,25)
(72,22)
(75,59)
(43,13)
(83,4)
(3,19)
(49,4)
(7,2)
(45,43)
(72,59)
(67,22)
(16,57)
(93,41)
(6,30)
(34,31)
(38,54)
(13,59)
(84,38)
(91,55)
(67,13)
(54,20)
(25,27)
(93,10)
(36,28)
(8,57)
(72,6)
(23,20)
(32,8)
(51,44)
(93,3)
(81,42)
(65,61)
(6,39)
(2,55)
(16,38)
(5,2)
(78,29)
(56,6)
(1,10)
(17,32)
(81,56)
(56,52)
(57,20)
(88,17)
(12,7)
(40,8)
(27,18)
(86,8)
(39,3)
(51,17)
(8,51)
(77,61)
(16,53)
(6,15)
(93,12)
(10,7)
(98,4)
(95,60)
(45,29)
(29,21)
(35,35)
(86,15)
(93,35)
(2,15)
(72,10)
(24,48)
(0,41)
(52,60)
(98,55)
(47,35)
(77,6)
(48,13)
(36,13)
(55,21)
(13,40)
(80,43)
(44,32)
(37,1)
(99,49)
(69,9)
(20,45)
(67,7)
(95,54)
(11,37)
(47,34)
(45,19)
(0,21)
(32,14)
(85,23)
(55,24)
(92,61)
(41,6)
(53,30)
(47,55)
(33,61)
(30,19)
(4,22)
(20,28)
(48,60)
(26,8)
(68,52)
(22,61)
(93,54)
(2,11)
(52,29)
(15,11)
(74,11)
(6,51)
(94,13)
(96,19)
(73,42)
(77,11)
(89,16)
(43,32)
(97,29)
(26,27)
(93,52)
(97,7)
(19,35)
(68,29)
(33,16)
(72,55)
(77,51)
(24,15)
(39,57)
(98,42)
(91,28)
(39,39)
(92,51)
(8,14)
(54,9)
(60,22)
(69,45)
(38,48)
(32,60)
(60,48)
(43,31)
(49,7)
(37,14)
(40,23)
(94,50)
(49,6)
(65,32)
(77,60)
(64,32)
(17,31)
(45,39)
(78,20)
(33,49)
(15,5)
(20,58)
(27,32)
(98,25)
(47,14)
(6,29)
(89,19)
(73,32)
(10,13)
(18,36)
(47,47)
(54,16)
(93,8)
(21,28)
(23,45)
(41,26)
(40,47)
(60,31)
(8,18)
(89,49)
(45,38)
(71,60)
(63,12)
(76,14)
(93,40)
(81,50)
(69,42)
(44,11)
(9,27)
(48,49)
(79,43)
(47,32)
(71,33)
(55,53)
(12,55)
(35,8)
(57,8)
(41,9)
(46,45)
(28,41)
(30,50)
(1,15)
(75,13)
(57,15)
(80,37)
(11,50)
(33,44)
(38,60)
(16,21)
(30,2)
(36,1)
(39,41)
(41,11)
(43,23)
(76,58)
(31,18)
(80,22)
(44,37)
(45,25)
(93,25)
(56,19)
(20,10)
(60,46)
(91,30)
(70,40)
(72,8)
(80,32)
(70,6)
(11,49)
(23,18)
(59,6)
(5,19)
(17,43)
(49,17)
(98,60)
(91,17)
(41,30)
(63,10)
(95,3)
(21,59)
(9,52)
(10,41)
(9,58)
(8,44)
(58,55)
(94,41)
(68,32)
(75,9)
(70,2)
(94,8)
(4,8)
(75,25)
(8,27)
(32,4)
(64,35)
(7,8)
(58,29)
(68,38)
(48,3)
(39,27)
(50,17)
(84,43)
(68,40)
(62,17)
(53,33)
(23,51)
(80,8)
(50,40)
(62,22)
(9,25)
(76,44)
(3,45)
(9,60)
(19,42)
(33,41)
(75,22)
(21,49)
(19,8)
(87,11)
(91,24)
(64,12)
(83,35)
(33,55)
(86,61)
(94,54)
(87,6)
(56,55)
(26,23)
(62,35)
(92,7)
(74,19)
(99,29)
(57,32)
(52,11)
(87,42)
(19,40)
(64,9)
(51,37)
(76,7)
(2,18)
(57,12)
(98,41)
(50,51)
(4,49)
(41,12)
(3,21)
(77,28)
(9,49)
(94,19)
(86,59)
(82,25)
(79,10)
(76,11)
(18,34)
(20,20)
(93,15)
(40,51)
(8,40)
(82,33)
(9,34)
(95,46)
(86,28)
(15,12)
(55,49)
(6,44)
(90,6)
(80,42)
(25,48)
(68,54)
(29,47)
(15,21)
(55,5)
(40,41)
(89,11)
(42,49)
(2,53)
(61,55)
(24,52)
(97,8)
(82,21)
(9,32)
(13,61)
(44,39)
(44,59)
(30,16)
(13,10)
(22,47)
(42,58)
(42,43)
(3,40)
(77,8)
(35,5)
(95,41)
(6,18)
(30,0)
(5,56)
(16,1)
(20,9)
(80,54)
(59,43)
(3,27)
(82,44)
(63,34)
(98,44)
(84,37)
(26,20)
(16,22)
(66,40)
(21,20)
(52,35)
(53,46)
(62,55)
(2,49)
(2,50)
(57,48)
(90,35)
(69,23)
(54,19)
(37,36)
(45,35)
(94,32)
(35,15)
(4,26)
(40,45)
(73,8)
(95,26)
(95,18)
(4,11)
(51,5)
(98,16)
(90,43)
(47,1)
(51,22)
(36,39)
(97,49)
(83,1)
(76,46)
(63,53)
(71,43)
(28,27)
(17,6)
(17,57)
(41,33)
(77,31)
(36,15)
(14,21)
(70,20)
(19,33)
(30,27)
(51,27)
(27,52)
(69,55)
(31,16)
(51,45)
(89,4)
(96,11)
(95,14)
(53,3)
(55,47)
(81,28)
(40,32)
(69,32)
(51,29)
(98,22)
(4,37)
(26,9)
(29,27)
(57,60)
(0,56)
(35,24)
(88,11)
(10,3)
(8,32)
(30,38)
(77,44)
(39,54)
(55,44)
(65,38)
(62,28)
(92,40)
(89,24)
(39,2)
(29,57)
(6,43)
(13,51)
(19,51)
(11,47)
(14,19)
(32,13)
(42,5)
(48,54)
(43,15)
(46,26)
(82,20)
(46,7)
(34,60)
(54,28)
(93,33)
(5,31)
(67,20)
(84,30)
(79,55)
(82,35)
(76,49)
(69,16)
(49,34)
(71,25)
(76,59)
(83,6)
(16,47)
(18,30)
(27,59)
(89,33)
(93,56)
(89,42)
(2,34)
(40,13)
(47,20)
(59,13)
(47,31)
(20,23)
(55,39)
(62,43)
(93,39)
(10,60)
(64,6)
(11,29)
(68,57)
(6,46)
(97,24)
(93,24)
(59,47)
(63,7)
(10,49)
(82,41)
(79,41)
(23,17)
(33,33)
(51,26)
(29,10)
(19,48)
(30,3)
(81,55)
(0,52)
(13,20)
(93,45)
(37,16)
(61,37)
(76,9)
(63,54)
(27,55)
(20,33)
(2,12)
(41,40)
(24,50)
(42,26)
(96,12)
(93,44)
(62,45)
(27,46)
(36,12)
(54,24)
(43,48)
(17,14)
(89,30)
(78,52)
(59,52)
(81,26)
(42,39)
(84,44)
(10,51)
(87,26)
(44,24)
(84,48)
(39,28)
(62,48)
(47,52)
(18,19)
(98,36)
(55,46)
(81,61)
(41,36)
(73,57)
(82,29)
(22,43)
(57,24)
(19,57)
(40,39)
(65,60)
(65,15)
(39,47)
(74,8)
(59,55)
(62,5)
(31,8)
(20,52)
(62,25)
(77,41)
(98,49)
(88,56)
(11,22)
(31,60)
(47,51)
(45,10)
(78,24)
(16,4)
(5,50)
(39,38)
(12,49)
(92,22)
(64,30)
(8,34)
(83,46)
(99,51)
(74,57)
(40,34)
(64,18)
(98,19)
(35,11)
(10,43)
(82,60)
(1,13)
(49,14)
(7,54)
(91,15)
(57,36)
(43,51)
(79,13)
(17,3)
(27,13)
(52,42)
(14,42)
(92,28)
(78,45)
(44,28)
(63,8)
(51,33)
(14,43)
(32,56)
(75,37)
(8,45)
(11,36)
(14,16)
(66,19)
(79,8)
(39,25)
(22,22)
(13,56)
(71,9)
(60,61)
(98,24)
(82,40)
(44,50)
(71,21)
(65,6)
(63,26)
(7,36)
(70,5)
(57,61)
(48,47)
(18,51)
(83,16)
(14,56)
(14,44)
(37,25)
(83,52)
(75,1)
(28,36)
(11,34)
(81,51)
(9,23)
(8,30)
(80,18)
(37,50)
(17,21)
(63,47)
(95,6)
(25,34)
(18,38)
(61,9)
(16,19)
(34,47)
(32,17)
(38,42)
(77,24)
(51,32)
(65,47)
(75,27)
(48,24)
(42,41)
(15,60)
(25,22)
(70,18)
(22,36)
(36,47)
(78,39)
(2,16)
(68,6)
(81,3)
(9,56)
(29,26)
(77,52)
(66,2)
(39,20)
(68,61)
(69,31)
(7,56)
(7,35)
(80,59)
(81,21)
(62,38)
(48,48)
(81,36)
(33,3)
(22,38)
(64,53)
(63,31)
(99,44)
(45,41)
(86,52)
(94,45)
(28,48)
(44,7)
(3,53)
(13,60)
(40,58)
(21,45)
(78,15)
(24,45)
(58,14)
(27,29)
(30,30)
(76,19)
(79,4)
(91,58)
(27,35)
(53,61)
(67,23)
(7,12)
(81,11)
(83,41)
(45,54)
(11,39)
(81,19)
(48,11)
(38,57)
(66,28)
(52,57)
(88,9)
(39,50)
(97,46)
(92,38)
(5,34)
(59,48)
(52,25)
(78,30)
(24,41)
(98,61)
(47,26)
(26,31)
(19,54)
(88,40)
(46,44)
(73,12)
(34,33)
(75,54)
(52,3)
(65,30)
(85,39)
(3,5)
(46,22)
(36,19)
(25,50)
(76,30)
(63,36)
(68,18)
(28,20)
(67,53)
(80,12)
(51,50)
(32,40)
(81,27)
(30,1)
(77,43)
(13,54)
(36,7)
(64,27)
(57,39)
(39,13)
(89,52)
(3,34)
(23,55)
(70,23)
(57,33)
(47,7)
(89,41)
(41,41)
(80,52)
(92,16)
(35,48)
(70,36)
(90,41)
(72,36)
(30,41)
(75,8)
(98,31)
(52,27)
(70,17)
(39,46)
(68,36)
(68,48)
(91,61)
(97,5)
(33,20)
(89,46)
(3,10)
(9,39)
(45,46)
(49,26)
(21,4)
(20,51)
(16,16)
(19,31)
(87,9)
(63,25)
(84,42)
(76,48)
(47,30)
(72,32)
(22,15)
(34,56)
(88,61)
(88,2)
(79,15)
(65,14)
(78,61)
(60,49)
(68,56)
(6,59)
(46,32)
(2,41)
(79,49)
(11,38)
(93,57)
(51,1)
(11,52)
(82,31)
(48,8)
(95,52)
(29,31)
(13,46)
(95,48)
(22,59)
(61,30)
(48,44)
(87,38)
(86,31)
(50,45)
(35,51)
(78,57)
(73,14)
(63,60)
(25,59)
(5,61)
(71,55)
(41,54)
(31,29)
(84,45)
(12,33)
(14,59)
(53,47)
(80,26)
(33,39)
(36,45)
(49,61)
(55,12)
(26,12)
(40,38)
(97,53)
(34,40)
(19,43)
(94,59)
(89,15)
(9,50)
(67,60)
(7,29)
(32,11)
(38,52)
(30,23)
(86,40)
(91,8)
(60,32)
(63,20)
(55,58)
(41,5)
(30,39)
(38,22)
(66,56)
(22,40)
(17,7)
(63,44)
(15,50)
(71,38)
(99,59)
(32,10)
(71,45)
(49,13)
(48,45)
(26,47)
(59,35)
(45,45)
(37,59)
(15,38)
(67,46)
(31,51)
(81,22)
(91,12)
(11,58)
(61,2)
(26,39)
(30,6)
(73,59)
(81,58)
(52,4)
(54,43)
(66,33)
(29,52)
(74,37)
(16,5)
(41,32)
(86,36)
(42,55)
(47,61)
(53,4)
(8,46)
(39,60)
(91,51)
(66,59)
(94,37)
(96,24)
(22,37)
(54,55)
(86,20)
(91,57)
(33,15)
(85,10)
(63,23)
(84,61)
(33,46)
(73,1)
(15,17)
(14,15)
(61,51)
(6,10)
(15,36)
(50,13)
(37,10)
(14,54)
(8,52)
(90,22)
(47,41)
(2,46)
(55,48)
(84,60)
(57,51)
(60,37)
(97,41)
(26,54)
(46,29)
(11,9)
(18,27)
(28,37)
(41,34)
(12,36)
(73,41)
(1,18)
(96,57)
(86,25)
(68,45)
(55,3)
(53,56)
(79,31)
(97,44)
(98,23)
(37,11)
(96,29)
(6,13)
(78,33)
(88,54)
(85,27)
(0,12)
(22,53)
(42,15)
(41,29)
(43,61)
(45,32)
(93,21)
(28,50)
(72,52)
(40,27)
(32,50)
(42,24)
(44,33)
(31,55)
(49,59)
(60,53)
(64,33)
(14,50)
(32,33)
(89,35)
(43,29)
(68,58)
(34,3)
(41,28)
(87,12)
(83,28)
(93,34)
(42,27)
(85,38)
(97,50)
(1,45)
(78,58)
(5,52)
(34,21)
(91,20)
(18,2)
(30,56)
(87,55)
(33,19)
(67,59)
(2,48)
(95,17)
(75,10)
(25,47)
(93,51)
(41,49)
(55,10)
(26,30)
(76,39)
(68,60)
(46,54)
(53,16)
(76,54)
(48,39)
(85,52)
(35,61)
(16,59)
(45,50)
(29,11)
(1,58)
(71,5)
(50,37)
(45,56)
(71,36)
(16,46)
(15,37)
(90,29)
(3,25)
(38,23)
(29,39)
(56,27)
(40,59)
(57,31)
(94,34)
(12,40)
(68,49)
(26,48)
(73,50)
(71,28)
(7,26)
(56,34)
(23,3)
(60,11)
(6,36)
(14,60)
(31,33)
(25,46)
(56,57)
(57,11)
(73,10)
(23,16)
(94,40)
(57,46)
(2,28)
(50,23)
(99,39)
(74,58)
(41,47)
(60,45)
(12,52)
(71,49)
(0,22)
(49,54)
(79,58)
(58,10)
(4,27)
(56,32)
(32,37)
(51,19)
(85,19)
(98,5)
(92,30)
(39,31)
(79,32)
(3,26)
(53,60)
(94,36)
(43,22)
(31,14)
(80,10)
(8,16)
(4,21)
(76,45)
(24,46)
(74,52)
(97,18)
(74,22)
(39,49)
(40,20)
(83,51)
(36,20)
(30,31)
(57,44)
(95,40)
(35,58)
(54,47)
(15,16)
(72,40)
(44,61)
(75,56)
(1,47)
(37,4)
(10,23)
(78,12)
(67,39)
(48,52)
(17,5)
(98,46)
(20,43)
(98,37)
(23,9)
(70,57)
(64,15)
(21,24)
(36,36)
(47,24)
(40,37)
(23,59)
(77,39)
(49,43)
(3,55)
(20,49)
(70,13)
(64,50)
(50,30)
(35,21)
(24,60)
(56,1)
(20,56)
(22,26)
(73,13)
(69,20)
(87,60)
(55,54)
(2,45)
(14,35)
(85,45)
(3,51)
(12,18)
(79,11)
(12,42)
(40,33)
(54,56)
(2,29)
(87,59)
(91,47)
(24,54)
(27,11)
(34,42)
(67,49)
(35,43)
(8,39)
(12,48)
(12,25)
(65,36)
(76,52)
(0,54)
(14,51)
(70,53)
(59,20)
(94,28)
(20,18)
(97,39)
(55,32)
(98,52)
(90,58)
(79,54)
(98,59)
(64,23)
(65,31)
(57,49)
(74,31)
(55,51)
(44,51)
(15,14)
(0,45)
(83,18)
(56,41)
(83,40)
(72,39)
(44,19)
(23,60)
(73,31)
(93,43)
(70,25)
(13,42)
(42,29)
(76,40)
(93,38)
(95,47)
(36,8)
(22,51)
(76,16)
(39,32)
(24,21)
(6,56)
(77,35)
(34,38)
(97,13)
(58,9)
(42,48)
(45,59)
(26,43)
(98,28)
(87,34)
(58,54)
(85,43)
(39,33)
(0,50)
(17,8)
(48,25)
(76,24)
(50,28)
(7,48)
(79,37)
(14,55)
(26,59)
(66,39)
(97,14)
(59,38)
(80,40)
(93,61)
(91,23)
(21,53)
(35,40)
(37,52)
(50,48)
(66,41)
(37,3)
(44,9)
(31,38)
(46,6)
(67,27)
(94,55)
(47,15)
(37,32)
(80,20)
(27,48)
(98,21)
(39,40)
(18,45)
(7,53)
(34,18)
(65,29)
(95,56)
(91,36)
(30,5)
(22,45)
(52,22)
(99,18)
(85,37)
(14,61)
(20,17)
(24,12)
(79,14)
(54,4)
(31,28)
(72,29)
(25,35)
(97,52)
(30,7)
(85,48)
(6,53)
(97,47)
(60,50)
(94,25)
(70,55)
(83,50)
(58,49)
(66,36)
(36,50)
(99,40)
(47,54)
(34,41)
(72,41)
(45,49)
(5,45)
(8,54)
(18,29)
(91,54)
(50,27)
(87,48)
(73,18)
(75,46)
(49,58)
(44,41)
(15,49)
(94,57)
(69,37)
(20,39)
(42,30)
(12,50)
(14,48)
(43,46)
(40,52)
(32,2)
(75,28)
(87,43)
(38,9)
(31,22)
(5,24)
(6,45)
(40,16)
(88,46)
(21,32)
(75,32)
(26,52)
(47,4)
(55,35)
(72,15)
(57,23)
(60,23)
(71,54)
(18,26)
(43,5)
(67,5)
(37,49)
(47,10)
(35,53)
(69,50)
(3,41)
(42,51)
(30,12)
(75,51)
(24,55)
(88,33)
(43,8)
(56,60)
(76,22)
(60,24)
(93,49)
(91,19)
(4,32)
(56,21)
(69,7)
(78,16)
(30,21)
(41,35)
(38,39)
(2,5)
(52,14)
(74,30)
(27,36)
(20,12)
(35,31)
(60,47)
(70,26)
(66,10)
(83,26)
(18,24)
(96,48)
(78,5)
(43,26)
(61,60)
(77,27)
(74,53)
(83,5)
(83,60)
(59,33)
(77,38)
(76,37)
(65,9)
(80,16)
(1,34)
(45,60)
(22,10)
(57,34)
(25,37)
(49,18)
(33,47)
(36,40)
(96,10)
(77,29)
(79,36)
(74,13)
(6,38)
(74,33)
(35,32)
(63,58)
(47,13)
(92,12)
(39,30)
(55,22)
(74,27)
(75,2)
(29,13)
(50,54)
(55,25)
(99,55)
(83,19)
(84,33)
(31,10)
(73,52)
(2,19)
(16,10)
(63,38)
(72,43)
(39,22)
(11,51)
(92,9)
(40,60)
(15,31)
(80,57)
(80,56)
(15,15)
(56,11)
(46,51)
(55,52)
(27,26)
(93,53)
(1,41)
(87,31)
(30,47)
(66,48)
(69,59)
(96,33)
(70,44)
(84,19)
(42,12)
(58,61)
(8,22)
(85,53)
(81,13)
(41,25)
(53,54)
(58,44)
(27,41)
(65,53)
(38,50)
(90,32)
(28,49)
(41,19)
(23,5)
(45,37)
(71,58)
(91,46)
(72,47)
(12,37)
(31,12)
(99,46)
(74,34)
(32,25)
(76,53)
(80,36)
(76,29)
(49,50)
(44,57)
(17,40)
(46,42)
(16,42)
(53,23)
(97,59)
(27,16)
(90,20)
(90,60)
(66,45)
(16,61)
(48,31)
(32,24)
(50,41)
(80,19)
(48,56)
(64,25)
(10,29)
(44,31)
(40,44)
(75,41)
(29,36)
(31,21)
(17,24)
(24,43)
(66,58)
(12,38)
(34,46)
(61,11)
(18,20)
(88,37)
(6,14)
(46,55)
(80,25)
(13,24)
(85,57)
(52,46)
(72,37)
(96,1)
(36,41)
(46,60)
(23,32)
(12,24)
(2,58)
(73,20)
(52,52)
(42,11)
(6,17)
(21,50)
(80,48)
(97,32)
(30,17)
(3,46)
(56,25)
(12,57)
(75,39)
(40,56)
(64,10)
(31,52)
(99,31)
(81,33)
(66,25)
(24,57)
(48,43)
(97,43)
(91,56)
(5,32)
(3,8)
(53,40)
(81,23)
(37,39)
(65,41)
(83,17)
(80,58)
(83,38)
(31,17)
(92,35)
(52,43)
(3,29)
(74,61)
(53,24)
(20,30)
(78,38)
(2,31)
(46,36)
(81,34)
(37,12)
(63,55)
(25,44)
(43,11)
(7,58)
(18,13)
(6,32)
(1,43)
(80,31)
(88,8)
(81,31)
(8,29)
(55,16)
(77,30)
(40,53)
(56,28)
(66,20)
(30,32)
(20,31)
(80,50)
(38,55)
(56,47)
(0,55)
(83,32)
(7,11)
(69,25)
(5,28)
(18,59)
(2,26)
(65,45)
(64,45)
(28,43)
(66,32)
(24,56)
(99,19)
(0,14)
(45,48)
(11,46)
(25,39)
(5,44)
(33,9)
(90,28)
(3,33)
(52,33)
(38,40)
(21,57)
(71,14)
(30,37)
(11,28)
(76,18)
(85,33)
(34,14)
(51,12)
(39,26)
(29,38)
(18,41)
(24,30)
(99,61)
(83,11)
(58,28)
(37,37)
(2,33)
(3,35)
(91,5)
(13,43)
(51,49)
(65,37)
(97,34)
(74,4)
(40,22)
(83,22)
(43,59)
(85,36)
(86,47)
(47,43)
(56,14)
(30,18)
(64,40)
(34,26)
(5,59)
(5,13)
(86,53)
(33,30)
(59,21)
(41,61)
(88,26)
(47,44)
(21,36)
(24,33)
(75,61)
(46,14)
(52,54)
(3,6)
(55,15)
(72,54)
(29,30)
(8,50)
(23,40)
(96,26)
(88,31)
(28,14)
(11,8)
(90,42)
(35,23)
(28,8)
(75,34)
(11,55)
(17,41)
(52,51)
(53,42)
(0,16)
(3,16)
(4,23)
(34,59)
(69,27)
(70,22)
(52,36)
(44,44)
(69,52)
(38,46)
(55,36)
(73,19)
(84,27)
(63,51)
(54,2)
(33,23)
(99,52)
(0,11)
(32,59)
(52,10)
(12,19)
(95,39)
(23,11)
(93,13)
(54,33)
(46,57)
(66,54)
(59,53)
(58,21)
(85,50)
(58,40)
(31,56)
(73,38)
(60,10)
(75,6)
(91,41)
(81,53)
(20,19)
(4,10)
(65,16)
(25,51)
(21,34)
(92,11)
(33,59)
(31,44)
(86,34)
(4,16)
(53,13)
(55,40)
(48,55)
(81,59)
(17,58)
(67,16)
(33,17)
(52,23)
(41,55)
(17,61)
(8,31)
(95,28)
(40,26)
(43,55)
(44,34)
(53,10)
(54,34)
(15,53)
(96,40)
(80,49)
(73,44)
(6,54)
(35,55)
(8,37)
(37,28)
(70,47)
(21,46)
(78,35)
(69,58)
(53,53)
(44,46)
(61,38)
(57,22)
(49,47)
(87,33)
(17,37)
(58,53)
(49,60)
(50,44)
(53,1)
(64,28)
(63,48)
(7,37)
(27,40)
(35,25)
(69,57)
(49,38)
(96,14)
(78,48)
(36,21)
(60,35)
(49,46)
(83,56)
(60,52)
(99,21)
(5,53)
(65,54)
(90,61)
(97,54)
(54,32)
(35,38)
(14,36)
(50,57)
(23,30)
(59,51)
(99,15)
(54,27)
(16,39)
(26,58)
(41,59)
(10,28)
(38,18)
(34,32)
(99,16)
(59,57)
(52,44)
(34,36)
(95,19)
(95,55)
(50,21)
(66,47)
(99,36)
(32,49)
(76,38)
(74,12)
(34,51)
(93,30)
(51,31)
(93,50)
(53,49)
(95,15)
(59,11)
(11,15)
(30,44)
(32,41)
(63,39)
(13,6)
(53,58)
(43,42)
(43,14)
(52,21)
(54,41)
(22,19)
(25,28)
(71,20)
(58,36)
(40,42)
(78,34)
(47,50)
(95,34)
(90,46)
(32,36)
(93,26)
(38,41)
(20,50)
(8,49)
(65,20)
(67,42)
(32,53)
(58,58)
(88,28)
(43,38)
(79,53)
(1,0)
(86,60)
(17,44)
(14,29)
(20,53)
(7,30)
(31,58)
(5,46)
(97,31)
(85,24)
(73,29)
(44,12)
(75,19)
(75,45)
(90,37)
(55,29)
(6,48)
(58,19)
(91,14)
(73,60)
(42,10)
(3,43)
(54,30)
(16,30)
(27,39)
(10,48)
(78,51)
(11,45)
(7,44)
(4,40)
(59,28)
(28,42)
(91,10)
(95,38)
(26,32)
(36,42)
(90,39)
(43,52)
(97,60)
(26,60)
(29,35)
(22,9)
(13,38)
(53,51)
(84,31)
(36,60)
(31,53)
(97,26)
(90,51)
(51,11)
(22,54)
(28,59)
(74,49)
(87,25)
(31,41)
(56,39)
(48,15)
(14,53)
(0,43)
(49,52)
(7,51)
(78,42)
(18,37)
(84,41)
(60,3)
(50,31)
(28,30)
(57,42)
(76,61)
(66,16)
(95,36)
(27,47)
(57,53)
(29,48)
(72,25)
(38,36)
(85,56)
(61,33)
(32,22)
(75,16)
(13,53)
(20,54)
(51,14)
(22,3)
(11,41)
(13,27)
(25,15)
(78,50)
(56,36)
(11,53)
(13,47)
(95,58)
(99,14)
(61,21)
(44,10)
(25,49)
(11,59)
(79,56)
(72,53)
(49,49)
(73,11)
(72,21)
(37,58)
(57,58)
(47,53)
(20,21)
(96,36)
(16,31)
(4,42)
(53,36)
(5,60)
(58,60)
(30,54)
(23,15)
(6,34)
(92,21)
(88,41)
(16,17)
(0,28)
(74,51)
(15,42)
(25,26)
(7,22)
(67,38)
(27,58)
(84,4)
(16,55)
(50,58)
(84,14)
(26,40)
(79,40)
(49,24)
(32,52)
(86,37)
(60,54)
(73,56)
(66,57)
(95,23)
(3,61)
(38,43)
(67,50)
(61,56)
(74,17)
(84,20)
(75,44)
(30,33)
(59,42)
(76,23)
(87,53)
(23,52)
(63,40)
(96,54)
(81,47)
(58,35)
(60,57)
(57,52)
(81,29)
(36,34)
(33,21)
(60,20)
(44,47)
(78,23)
(83,36)
(99,50)
(33,26)
(50,34)
(17,17)
(84,57)
(86,48)
(34,35)
(1,31)
(58,31)
(11,60)
(43,56)
(95,43)
(27,51)
(61,43)
(25,54)
(32,43)
(56,54)
(30,40)
(78,28)
(72,56)
(64,44)
(21,11)
(36,23)
(65,56)
(65,39)
(44,42)
(44,49)
(27,5)
(29,16)
(70,45)
(51,58)
(31,25)
(18,43)
(44,29)
(4,29)
(72,11)
(54,50)
(14,47)
(16,40)
(63,56)
(96,60)
(85,55)
(61,19)
(34,45)
(47,28)
(63,46)
(12,9)
(13,44)
(13,58)
(30,42)
(58,52)
(87,36)
(54,42)
(4,30)
(81,52)
(10,39)
(16,24)
(92,36)
(20,46)
(35,41)
(67,61)
(99,12)
(35,56)
(36,48)
(23,29)
(58,12)
(99,27)
(7,32)
(51,0)
(43,44)
(41,51)
(88,19)
(78,8)
(42,33)
(43,28)
(6,4)
(51,61)
(54,36)
(28,32)
(21,41)
(60,60)
(2,39)
(1,28)
(26,56)
(41,48)
(67,48)
(36,18)
(49,16)
(55,45)
(60,58)
(42,25)
(28,19)
(32,44)
(17,46)
(57,45)
(2,47)
(92,58)
(43,60)
(65,33)
(63,29)
(83,37)
(4,54)
(18,40)
(60,28)
(36,33)
(83,42)
(23,46)
(65,59)
(65,50)
(30,36)
(20,47)
(88,38)
(35,42)
(35,60)
(22,52)
(73,55)
(58,43)
(1,36)
(92,25)
(32,61)
(31,61)
(55,33)
(12,12)
(87,21)
(23,6)
(41,39)
(81,39)
(51,43)
(14,7)
(99,34)
(91,16)
(63,32)
(83,13)
(53,57)
(12,14)
(15,43)
(88,32)
(33,45)
(59,5)
(37,30)
(6,9)
(91,60)
(99,30)
(21,61)
(11,11)
(99,7)
(30,57)
(75,57)
(58,32)
(6,40)
(28,38)
(60,15)
(47,60)
(10,14)
(22,55)
(32,45)
(23,24)
(86,42)
(31,24)
(81,45)
(96,23)
(63,35)
(96,38)
(31,40)
(23,56)
(18,60)
(69,46)
(27,15)
(58,48)
