100 Users
27 Files
1500 Transactions
2 Maximum Connections
1 Cycle Length per Upload-Download
0 Warm-up Transactions
0.400000 Zipf constant
5 Pre-Trusted Users
80 Well-Behaved (Good) Users
20 Purely Malicious Users
0 Feedback Skewing Users
0 Malignant Providing Users
0 Disguised Malicous Users
0 Sybil Attack Users
true Intelligent Trans. Generation
1561006360906 Trace Generation Seed

(0.096254,0.000000,1,false)
(0.000523,0.000000,1,false)
(0.039387,0.000000,1,false)
(0.065391,0.000000,1,false)
(0.018893,0.000000,1,false)
(0.079698,0.000000,1,false)
(0.029042,0.000000,1,false)
(0.061901,0.000000,1,false)
(0.016955,0.000000,1,false)
(0.006337,0.000000,1,false)
(0.034817,0.000000,1,false)
(0.090248,0.000000,1,false)
(0.075907,0.000000,1,false)
(0.024573,0.000000,1,false)
(0.010713,0.000000,1,false)
(0.062865,0.000000,1,false)
(0.048817,0.000000,1,false)
(0.073829,0.000000,1,false)
(0.086418,0.000000,1,false)
(0.064697,0.000000,1,false)
(0.934590,1.000000,0,true)
(0.986400,1.000000,0,true)
(0.935874,1.000000,0,true)
(0.920730,1.000000,0,true)
(0.927719,1.000000,0,true)
(0.967498,1.000000,0,false)
(0.977145,1.000000,0,false)
(0.975935,1.000000,0,false)
(0.925240,1.000000,0,false)
(0.977060,1.000000,0,false)
(0.935150,1.000000,0,false)
(0.966786,1.000000,0,false)
(0.907627,1.000000,0,false)
(0.989385,1.000000,0,false)
(0.980791,1.000000,0,false)
(0.964994,1.000000,0,false)
(0.915496,1.000000,0,false)
(0.935860,1.000000,0,false)
(0.948442,1.000000,0,false)
(0.940703,1.000000,0,false)
(0.949390,1.000000,0,false)
(0.925785,1.000000,0,false)
(0.984569,1.000000,0,false)
(0.924389,1.000000,0,false)
(0.939801,1.000000,0,false)
(0.915946,1.000000,0,false)
(0.979070,1.000000,0,false)
(0.993384,1.000000,0,false)
(0.978170,1.000000,0,false)
(0.926793,1.000000,0,false)
(0.910659,1.000000,0,false)
(0.916414,1.000000,0,false)
(0.942531,1.000000,0,false)
(0.954561,1.000000,0,false)
(0.991465,1.000000,0,false)
(0.989424,1.000000,0,false)
(0.991169,1.000000,0,false)
(0.952026,1.000000,0,false)
(0.996679,1.000000,0,false)
(0.917725,1.000000,0,false)
(0.934304,1.000000,0,false)
(0.945766,1.000000,0,false)
(0.912637,1.000000,0,false)
(0.943191,1.000000,0,false)
(0.927299,1.000000,0,false)
(0.924932,1.000000,0,false)
(0.931173,1.000000,0,false)
(0.980714,1.000000,0,false)
(0.959277,1.000000,0,false)
(0.975460,1.000000,0,false)
(0.959384,1.000000,0,false)
(0.915556,1.000000,0,false)
(0.938251,1.000000,0,false)
(0.944517,1.000000,0,false)
(0.902119,1.000000,0,false)
(0.922521,1.000000,0,false)
(0.998025,1.000000,0,false)
(0.902685,1.000000,0,false)
(0.909579,1.000000,0,false)
(0.998985,1.000000,0,false)
(0.973089,1.000000,0,false)
(0.925968,1.000000,0,false)
(0.964338,1.000000,0,false)
(0.956900,1.000000,0,false)
(0.905626,1.000000,0,false)
(0.946191,1.000000,0,false)
(0.910905,1.000000,0,false)
(0.993745,1.000000,0,false)
(0.963475,1.000000,0,false)
(0.916666,1.000000,0,false)
(0.906644,1.000000,0,false)
(0.959197,1.000000,0,false)
(0.959544,1.000000,0,false)
(0.910262,1.000000,0,false)
(0.995394,1.000000,0,false)
(0.952954,1.000000,0,false)
(0.971622,1.000000,0,false)
(0.909061,1.000000,0,false)
(0.974611,1.000000,0,false)
(0.929646,1.000000,0,false)

(0,0,false)
(1,0,false)
(2,0,false)
(3,0,false)
(4,0,false)
(6,0,false)
(7,0,false)
(10,0,true)
(11,0,false)
(13,0,false)
(14,0,false)
(15,0,false)
(16,0,false)
(17,0,false)
(18,0,false)
(21,0,true)
(22,0,true)
(23,0,true)
(25,0,true)
(27,0,true)
(29,0,true)
(30,0,true)
(31,0,true)
(32,0,true)
(33,0,true)
(34,0,true)
(35,0,true)
(38,0,true)
(39,0,true)
(41,0,true)
(42,0,true)
(44,0,true)
(46,0,true)
(50,0,true)
(51,0,true)
(52,0,true)
(55,0,true)
(56,0,true)
(57,0,true)
(60,0,true)
(61,0,true)
(62,0,true)
(64,0,true)
(66,0,true)
(67,0,true)
(69,0,true)
(70,0,true)
(71,0,true)
(74,0,true)
(75,0,true)
(76,0,true)
(77,0,true)
(78,0,true)
(79,0,true)
(82,0,true)
(83,0,true)
(84,0,true)
(85,0,true)
(86,0,false)
(87,0,true)
(88,0,true)
(89,0,false)
(90,0,true)
(91,0,true)
(92,0,true)
(93,0,true)
(94,0,true)
(95,0,true)
(97,0,true)
(98,0,true)
(99,0,true)
(0,1,false)
(2,1,false)
(3,1,false)
(4,1,false)
(5,1,false)
(6,1,false)
(7,1,false)
(8,1,false)
(9,1,false)
(10,1,false)
(11,1,false)
(12,1,false)
(13,1,false)
(14,1,false)
(15,1,false)
(16,1,false)
(17,1,false)
(18,1,false)
(20,1,true)
(23,1,false)
(25,1,true)
(26,1,true)
(27,1,true)
(28,1,true)
(29,1,true)
(31,1,true)
(32,1,true)
(33,1,true)
(34,1,true)
(35,1,true)
(38,1,true)
(41,1,true)
(42,1,true)
(43,1,true)
(45,1,true)
(46,1,true)
(48,1,true)
(49,1,true)
(52,1,true)
(53,1,true)
(55,1,true)
(56,1,true)
(57,1,true)
(59,1,true)
(60,1,true)
(61,1,true)
(62,1,false)
(63,1,true)
(65,1,true)
(66,1,true)
(67,1,true)
(68,1,true)
(70,1,true)
(71,1,true)
(72,1,true)
(74,1,true)
(76,1,true)
(77,1,true)
(78,1,true)
(79,1,true)
(81,1,true)
(84,1,true)
(85,1,true)
(87,1,true)
(89,1,true)
(90,1,true)
(91,1,true)
(93,1,true)
(96,1,true)
(97,1,true)
(98,1,true)
(1,2,false)
(2,2,false)
(3,2,false)
(4,2,false)
(5,2,false)
(7,2,false)
(8,2,false)
(9,2,false)
(10,2,false)
(11,2,false)
(14,2,false)
(15,2,false)
(17,2,false)
(18,2,false)
(20,2,true)
(21,2,true)
(23,2,true)
(24,2,true)
(26,2,true)
(27,2,true)
(31,2,true)
(32,2,false)
(33,2,true)
(34,2,true)
(35,2,true)
(36,2,true)
(40,2,true)
(43,2,true)
(44,2,true)
(46,2,true)
(48,2,true)
(49,2,true)
(52,2,true)
(53,2,true)
(54,2,true)
(55,2,true)
(58,2,true)
(59,2,true)
(60,2,true)
(61,2,true)
(62,2,true)
(63,2,true)
(64,2,true)
(67,2,true)
(69,2,true)
(70,2,true)
(71,2,false)
(75,2,true)
(76,2,true)
(77,2,true)
(79,2,true)
(81,2,true)
(82,2,true)
(86,2,true)
(87,2,true)
(90,2,true)
(92,2,true)
(94,2,true)
(97,2,true)
(98,2,true)
(4,3,false)
(6,3,false)
(8,3,false)
(10,3,true)
(15,3,false)
(18,3,false)
(19,3,false)
(20,3,true)
(22,3,true)
(24,3,true)
(25,3,true)
(27,3,true)
(29,3,true)
(31,3,true)
(32,3,true)
(35,3,true)
(36,3,true)
(37,3,true)
(38,3,true)
(39,3,true)
(42,3,true)
(48,3,true)
(53,3,true)
(56,3,true)
(57,3,true)
(58,3,true)
(60,3,true)
(62,3,false)
(64,3,true)
(65,3,true)
(67,3,true)
(70,3,true)
(72,3,true)
(73,3,true)
(75,3,true)
(76,3,true)
(77,3,true)
(78,3,true)
(79,3,true)
(80,3,true)
(83,3,true)
(84,3,true)
(85,3,true)
(86,3,true)
(88,3,true)
(89,3,false)
(90,3,true)
(91,3,true)
(92,3,true)
(94,3,true)
(98,3,true)
(99,3,true)
(0,4,true)
(1,4,false)
(2,4,false)
(6,4,false)
(7,4,false)
(8,4,false)
(9,4,false)
(10,4,false)
(13,4,false)
(14,4,false)
(16,4,false)
(17,4,false)
(19,4,true)
(20,4,true)
(24,4,true)
(27,4,true)
(28,4,true)
(32,4,true)
(33,4,true)
(35,4,true)
(36,4,true)
(37,4,true)
(39,4,true)
(40,4,true)
(42,4,true)
(43,4,true)
(49,4,true)
(50,4,true)
(51,4,true)
(52,4,true)
(53,4,true)
(55,4,true)
(61,4,true)
(67,4,true)
(68,4,true)
(71,4,true)
(72,4,true)
(73,4,true)
(74,4,true)
(75,4,true)
(78,4,true)
(79,4,true)
(80,4,true)
(81,4,true)
(88,4,true)
(91,4,true)
(93,4,true)
(94,4,true)
(95,4,true)
(97,4,true)
(99,4,true)
(0,5,false)
(3,5,false)
(5,5,false)
(6,5,false)
(8,5,false)
(10,5,false)
(11,5,false)
(14,5,false)
(17,5,false)
(19,5,true)
(20,5,true)
(21,5,true)
(24,5,true)
(25,5,true)
(26,5,true)
(27,5,true)
(29,5,true)
(33,5,true)
(37,5,true)
(38,5,true)
(41,5,true)
(42,5,true)
(43,5,false)
(44,5,true)
(45,5,true)
(48,5,true)
(50,5,true)
(51,5,true)
(52,5,true)
(55,5,true)
(56,5,true)
(57,5,true)
(58,5,true)
(59,5,true)
(62,5,true)
(63,5,true)
(64,5,true)
(65,5,true)
(67,5,true)
(68,5,true)
(71,5,false)
(72,5,true)
(80,5,true)
(81,5,true)
(84,5,true)
(90,5,true)
(91,5,true)
(92,5,true)
(93,5,true)
(94,5,true)
(96,5,true)
(97,5,true)
(1,6,false)
(2,6,false)
(7,6,false)
(8,6,false)
(9,6,false)
(10,6,false)
(11,6,false)
(13,6,false)
(17,6,false)
(20,6,true)
(22,6,true)
(23,6,true)
(25,6,true)
(26,6,true)
(28,6,true)
(29,6,true)
(32,6,true)
(34,6,true)
(35,6,true)
(37,6,true)
(42,6,true)
(44,6,true)
(45,6,true)
(46,6,true)
(48,6,true)
(49,6,true)
(51,6,true)
(53,6,true)
(54,6,true)
(55,6,true)
(56,6,true)
(59,6,false)
(60,6,true)
(64,6,false)
(65,6,true)
(69,6,true)
(71,6,true)
(72,6,true)
(78,6,true)
(81,6,true)
(86,6,true)
(90,6,true)
(92,6,true)
(93,6,true)
(94,6,true)
(96,6,true)
(0,7,false)
(5,7,false)
(10,7,false)
(11,7,false)
(18,7,true)
(19,7,false)
(23,7,true)
(27,7,true)
(32,7,false)
(33,7,true)
(34,7,true)
(35,7,true)
(36,7,false)
(38,7,true)
(43,7,true)
(46,7,true)
(47,7,true)
(49,7,false)
(53,7,true)
(55,7,true)
(57,7,true)
(58,7,true)
(62,7,true)
(66,7,true)
(67,7,true)
(69,7,true)
(73,7,true)
(75,7,true)
(76,7,true)
(81,7,true)
(82,7,true)
(86,7,false)
(87,7,true)
(91,7,true)
(95,7,true)
(96,7,true)
(97,7,true)
(99,7,true)
(0,8,false)
(1,8,false)
(6,8,false)
(7,8,false)
(10,8,false)
(13,8,false)
(18,8,false)
(19,8,false)
(20,8,true)
(23,8,true)
(27,8,true)
(31,8,true)
(32,8,true)
(37,8,true)
(40,8,true)
(41,8,false)
(42,8,true)
(43,8,false)
(44,8,true)
(47,8,true)
(50,8,true)
(53,8,true)
(56,8,true)
(57,8,true)
(60,8,true)
(63,8,true)
(65,8,true)
(76,8,true)
(77,8,true)
(81,8,true)
(87,8,true)
(88,8,true)
(89,8,true)
(96,8,true)
(98,8,true)
(0,9,false)
(1,9,false)
(2,9,false)
(5,9,false)
(10,9,false)
(14,9,false)
(16,9,false)
(18,9,false)
(28,9,false)
(32,9,true)
(33,9,true)
(36,9,true)
(38,9,true)
(39,9,true)
(47,9,true)
(50,9,false)
(51,9,true)
(55,9,true)
(56,9,true)
(57,9,true)
(59,9,true)
(60,9,true)
(61,9,true)
(62,9,true)
(63,9,true)
(65,9,true)
(70,9,true)
(71,9,true)
(72,9,true)
(73,9,true)
(74,9,true)
(76,9,true)
(78,9,true)
(80,9,true)
(82,9,true)
(87,9,true)
(88,9,true)
(92,9,true)
(93,9,true)
(96,9,true)
(0,10,false)
(2,10,false)
(4,10,false)
(9,10,false)
(10,10,false)
(11,10,false)
(15,10,false)
(16,10,false)
(18,10,false)
(19,10,false)
(20,10,true)
(23,10,true)
(25,10,true)
(26,10,true)
(33,10,true)
(34,10,true)
(36,10,true)
(38,10,true)
(40,10,true)
(41,10,true)
(43,10,true)
(44,10,true)
(50,10,true)
(51,10,false)
(54,10,true)
(56,10,true)
(61,10,true)
(67,10,true)
(72,10,false)
(74,10,true)
(76,10,true)
(79,10,true)
(80,10,true)
(84,10,true)
(88,10,true)
(0,11,false)
(1,11,false)
(7,11,false)
(11,11,false)
(14,11,false)
(18,11,false)
(23,11,true)
(25,11,true)
(26,11,true)
(32,11,false)
(34,11,true)
(36,11,true)
(38,11,true)
(46,11,true)
(48,11,true)
(49,11,true)
(51,11,true)
(52,11,true)
(54,11,true)
(56,11,true)
(61,11,true)
(63,11,true)
(66,11,true)
(67,11,true)
(70,11,true)
(80,11,true)
(84,11,true)
(85,11,true)
(92,11,true)
(93,11,true)
(94,11,true)
(96,11,true)
(3,12,false)
(5,12,false)
(6,12,false)
(7,12,false)
(8,12,false)
(10,12,true)
(13,12,false)
(19,12,false)
(20,12,true)
(21,12,true)
(26,12,true)
(27,12,true)
(30,12,true)
(31,12,true)
(32,12,true)
(34,12,true)
(37,12,true)
(40,12,true)
(41,12,true)
(45,12,true)
(46,12,true)
(47,12,true)
(48,12,true)
(52,12,true)
(54,12,true)
(58,12,true)
(62,12,true)
(63,12,true)
(68,12,true)
(71,12,true)
(72,12,true)
(74,12,true)
(76,12,true)
(78,12,true)
(80,12,true)
(81,12,true)
(83,12,true)
(86,12,true)
(88,12,true)
(90,12,true)
(92,12,true)
(95,12,true)
(96,12,true)
(97,12,true)
(98,12,false)
(1,13,false)
(3,13,false)
(5,13,false)
(9,13,false)
(10,13,false)
(12,13,false)
(13,13,false)
(14,13,false)
(17,13,false)
(18,13,false)
(22,13,true)
(23,13,true)
(25,13,true)
(28,13,true)
(31,13,true)
(35,13,true)
(36,13,true)
(38,13,true)
(40,13,true)
(41,13,true)
(43,13,true)
(44,13,true)
(45,13,true)
(48,13,true)
(55,13,true)
(60,13,true)
(61,13,true)
(64,13,true)
(65,13,true)
(69,13,true)
(70,13,true)
(71,13,true)
(73,13,false)
(83,13,true)
(87,13,true)
(89,13,true)
(91,13,true)
(92,13,true)
(98,13,true)
(99,13,true)
(7,14,false)
(9,14,false)
(11,14,false)
(19,14,false)
(20,14,true)
(22,14,true)
(24,14,false)
(33,14,true)
(35,14,true)
(36,14,true)
(49,14,true)
(57,14,true)
(60,14,true)
(67,14,true)
(73,14,true)
(82,14,true)
(84,14,true)
(90,14,true)
(97,14,true)
(2,15,false)
(5,15,false)
(9,15,false)
(10,15,false)
(13,15,false)
(17,15,false)
(21,15,true)
(33,15,true)
(34,15,true)
(36,15,false)
(37,15,true)
(38,15,true)
(41,15,true)
(42,15,true)
(43,15,true)
(44,15,true)
(47,15,true)
(48,15,true)
(49,15,false)
(51,15,true)
(54,15,true)
(58,15,true)
(60,15,true)
(66,15,true)
(68,15,true)
(73,15,true)
(74,15,true)
(78,15,false)
(81,15,true)
(82,15,true)
(85,15,true)
(86,15,true)
(87,15,true)
(88,15,true)
(94,15,true)
(95,15,true)
(96,15,true)
(99,15,true)
(1,16,false)
(4,16,false)
(6,16,false)
(10,16,false)
(17,16,false)
(21,16,true)
(32,16,true)
(34,16,true)
(36,16,false)
(38,16,true)
(42,16,true)
(45,16,true)
(48,16,true)
(51,16,true)
(52,16,true)
(58,16,true)
(64,16,true)
(66,16,true)
(69,16,true)
(72,16,false)
(74,16,false)
(76,16,true)
(77,16,true)
(82,16,true)
(83,16,true)
(85,16,true)
(94,16,true)
(95,16,true)
(98,16,true)
(99,16,true)
(6,17,false)
(7,17,false)
(14,17,false)
(16,17,false)
(22,17,true)
(25,17,true)
(26,17,true)
(28,17,true)
(29,17,true)
(31,17,true)
(33,17,true)
(37,17,true)
(43,17,true)
(45,17,true)
(50,17,false)
(53,17,false)
(56,17,true)
(59,17,true)
(61,17,true)
(62,17,true)
(64,17,true)
(69,17,false)
(70,17,true)
(71,17,true)
(73,17,true)
(74,17,true)
(75,17,true)
(76,17,true)
(78,17,true)
(80,17,true)
(83,17,true)
(87,17,true)
(89,17,true)
(90,17,true)
(93,17,true)
(95,17,true)
(6,18,false)
(7,18,false)
(9,18,false)
(11,18,true)
(16,18,false)
(17,18,false)
(18,18,false)
(26,18,true)
(29,18,true)
(31,18,true)
(36,18,true)
(37,18,true)
(44,18,true)
(45,18,true)
(48,18,true)
(49,18,true)
(54,18,true)
(62,18,true)
(70,18,true)
(76,18,true)
(77,18,true)
(78,18,true)
(81,18,true)
(82,18,true)
(85,18,true)
(86,18,true)
(87,18,true)
(88,18,true)
(90,18,true)
(99,18,true)
(0,19,false)
(1,19,false)
(5,19,false)
(6,19,false)
(8,19,false)
(16,19,false)
(17,19,false)
(18,19,false)
(21,19,true)
(22,19,true)
(25,19,true)
(27,19,true)
(33,19,true)
(38,19,true)
(41,19,true)
(47,19,true)
(52,19,true)
(59,19,true)
(61,19,true)
(68,19,true)
(71,19,true)
(74,19,true)
(75,19,true)
(76,19,true)
(78,19,false)
(82,19,true)
(83,19,true)
(89,19,true)
(93,19,true)
(99,19,true)
(7,20,false)
(8,20,false)
(10,20,false)
(19,20,false)
(21,20,true)
(22,20,true)
(23,20,true)
(24,20,true)
(25,20,true)
(26,20,true)
(27,20,true)
(28,20,true)
(29,20,true)
(30,20,false)
(31,20,true)
(38,20,true)
(41,20,true)
(44,20,true)
(48,20,true)
(49,20,true)
(52,20,true)
(53,20,true)
(59,20,true)
(64,20,true)
(67,20,true)
(70,20,true)
(80,20,true)
(82,20,true)
(85,20,true)
(91,20,true)
(94,20,true)
(97,20,true)
(0,21,false)
(3,21,false)
(8,21,false)
(9,21,false)
(18,21,false)
(29,21,true)
(33,21,true)
(38,21,true)
(48,21,true)
(49,21,true)
(56,21,false)
(57,21,true)
(61,21,true)
(65,21,true)
(69,21,true)
(70,21,false)
(74,21,true)
(76,21,true)
(77,21,true)
(78,21,true)
(79,21,true)
(81,21,true)
(85,21,true)
(93,21,true)
(94,21,true)
(98,21,true)
(99,21,true)
(1,22,false)
(5,22,false)
(8,22,false)
(10,22,false)
(12,22,false)
(17,22,false)
(19,22,false)
(20,22,true)
(21,22,true)
(26,22,true)
(28,22,true)
(29,22,true)
(30,22,true)
(36,22,true)
(47,22,true)
(52,22,false)
(57,22,false)
(58,22,true)
(59,22,true)
(60,22,true)
(62,22,true)
(67,22,true)
(75,22,true)
(77,22,true)
(82,22,true)
(86,22,true)
(92,22,true)
(94,22,true)
(95,22,true)
(98,22,true)
(8,23,false)
(12,23,false)
(13,23,false)
(16,23,false)
(18,23,false)
(19,23,true)
(20,23,true)
(22,23,true)
(26,23,true)
(32,23,true)
(34,23,true)
(39,23,true)
(44,23,true)
(48,23,true)
(56,23,true)
(61,23,true)
(62,23,true)
(66,23,true)
(76,23,true)
(78,23,true)
(79,23,true)
(84,23,true)
(95,23,true)
(97,23,true)
(99,23,false)
(0,24,false)
(7,24,false)
(9,24,false)
(14,24,false)
(23,24,true)
(30,24,true)
(40,24,true)
(43,24,true)
(46,24,true)
(54,24,true)
(60,24,true)
(63,24,true)
(64,24,true)
(71,24,true)
(73,24,true)
(81,24,true)
(83,24,true)
(90,24,true)
(95,24,true)
(4,25,false)
(7,25,false)
(9,25,false)
(13,25,false)
(19,25,false)
(25,25,true)
(50,25,true)
(54,25,true)
(57,25,true)
(64,25,true)
(67,25,true)
(69,25,true)
(70,25,true)
(76,25,true)
(79,25,true)
(84,25,true)
(85,25,true)
(89,25,true)
(91,25,true)
(93,25,true)
(96,25,true)
(99,25,true)
(10,26,false)
(12,26,false)
(15,26,false)
(16,26,false)
(19,26,false)
(22,26,true)
(23,26,true)
(25,26,true)
(27,26,true)
(31,26,true)
(35,26,true)
(45,26,true)
(48,26,true)
(49,26,true)
(53,26,true)
(57,26,true)
(62,26,false)
(69,26,true)
(73,26,true)
(75,26,true)
(82,26,true)
(89,26,true)
(91,26,true)
(95,26,true)
(97,26,true)
(99,26,true)

(8,26)
(17,8)
(53,0)
(10,18)
(43,25)
(12,0)
(2,18)
(56,4)
(4,15)
(28,18)
(14,18)
(25,9)
(77,6)
(30,17)
(9,19)
(60,5)
(79,16)
(93,2)
(51,19)
(99,6)
(63,20)
(9,8)
(42,19)
(26,0)
(59,8)
(20,16)
(62,11)
(6,13)
(68,18)
(91,16)
(43,0)
(48,0)
(49,0)
(42,12)
(2,23)
(78,22)
(15,8)
(58,13)
(20,0)
(28,0)
(68,14)
(82,1)
(67,9)
(13,26)
(4,7)
(19,21)
(54,23)
(37,19)
(1,1)
(37,1)
(18,6)
(80,19)
(0,20)
(49,12)
(24,7)
(63,25)
(42,23)
(59,13)
(10,14)
(57,20)
(53,11)
(41,22)
(22,22)
(5,20)
(23,9)
(75,1)
(91,9)
(29,12)
(77,9)
(99,5)
(40,23)
(87,25)
(73,11)
(20,26)
(2,24)
(1,23)
(87,10)
(56,14)
(18,20)
(35,9)
(17,9)
(59,0)
(78,14)
(24,19)
(65,12)
(68,8)
(68,25)
(38,12)
(41,6)
(37,16)
(30,5)
(89,9)
(99,17)
(91,11)
(15,9)
(8,9)
(43,20)
(73,5)
(35,21)
(36,19)
(14,23)
(97,24)
(86,16)
(1,10)
(79,5)
(82,4)
(12,20)
(21,1)
(50,26)
(97,21)
(24,1)
(71,11)
(28,23)
(66,10)
(24,0)
(34,14)
(31,16)
(32,19)
(9,12)
(29,23)
(23,25)
(99,10)
(70,5)
(98,26)
(1,18)
(12,21)
(37,9)
(31,9)
(41,21)
(48,17)
(28,11)
(80,21)
(54,3)
(2,26)
(1,17)
(51,8)
(26,9)
(46,26)
(95,25)
(65,2)
(10,17)
(99,2)
(64,23)
(82,10)
(28,8)
(85,2)
(87,5)
(27,11)
(95,3)
(36,0)
(77,15)
(18,15)
(83,25)
(78,2)
(92,4)
(43,21)
(48,10)
(56,13)
(63,15)
(19,0)
(63,10)
(28,12)
(39,6)
(96,18)
(16,13)
(20,21)
(10,19)
(35,15)
(15,18)
(18,22)
(33,13)
(32,25)
(86,13)
(48,9)
(24,13)
(77,19)
(90,22)
(92,1)
(29,4)
(73,0)
(25,16)
(73,20)
(50,20)
(51,22)
(30,2)
(15,21)
(41,4)
(65,26)
(68,17)
(83,15)
(87,20)
(62,4)
(67,8)
(56,15)
(55,25)
(17,14)
(15,13)
(30,4)
(69,4)
(45,20)
(75,11)
(97,3)
(98,15)
(20,18)
(58,23)
(70,19)
(19,15)
(10,25)
(92,20)
(58,6)
(33,3)
(17,7)
(58,0)
(8,7)
(11,3)
(63,13)
(38,6)
(26,13)
(98,24)
(31,7)
(10,24)
(50,1)
(87,24)
(51,7)
(3,18)
(53,21)
(67,6)
(93,13)
(20,25)
(25,18)
(38,2)
(44,4)
(2,21)
(73,8)
(15,20)
(54,22)
(90,15)
(5,0)
(12,4)
(62,24)
(96,4)
(12,2)
(85,5)
(38,26)
(56,2)
(12,6)
(82,6)
(26,8)
(78,10)
(54,4)
(63,4)
(92,23)
(88,16)
(88,6)
(48,14)
(28,16)
(91,21)
(35,5)
(31,21)
(69,10)
(21,10)
(87,3)
(60,12)
(85,7)
(74,5)
(48,8)
(26,7)
(44,1)
(96,2)
(36,8)
(39,10)
(24,11)
(20,15)
(29,2)
(96,13)
(44,12)
(48,22)
(50,3)
(37,10)
(89,21)
(95,2)
(90,10)
(77,26)
(41,18)
(57,23)
(75,25)
(91,19)
(50,24)
(22,12)
(23,3)
(8,11)
(52,18)
(12,8)
(12,17)
(72,13)
(10,21)
(21,18)
(35,11)
(65,23)
(89,4)
(17,20)
(74,26)
(48,4)
(23,21)
(68,13)
(10,23)
(9,11)
(52,24)
(84,26)
(24,23)
(47,0)
(58,25)
(15,5)
(12,10)
(24,6)
(17,10)
(69,19)
(2,11)
(94,1)
(74,23)
(72,20)
(91,17)
(21,3)
(72,2)
(2,8)
(12,14)
(3,16)
(2,13)
(19,1)
(79,8)
(44,26)
(68,20)
(18,17)
(13,3)
(9,3)
(80,1)
(61,3)
(89,10)
(93,20)
(35,24)
(45,14)
(62,21)
(43,3)
(55,26)
(40,15)
(49,3)
(12,5)
(58,20)
(51,25)
(64,11)
(94,18)
(89,16)
(46,20)
(99,14)
(93,7)
(92,24)
(44,16)
(29,8)
(5,14)
(12,9)
(75,23)
(73,2)
(38,4)
(70,10)
(37,13)
(15,19)
(42,24)
(56,25)
(4,24)
(77,20)
(56,20)
(43,9)
(81,11)
(2,5)
(17,3)
(50,18)
(59,18)
(46,21)
(93,23)
(82,12)
(98,9)
(71,18)
(56,7)
(82,23)
(2,14)
(64,1)
(8,10)
(88,11)
(81,10)
(87,22)
(22,7)
(99,1)
(70,24)
(41,16)
(9,0)
(63,14)
(63,7)
(37,14)
(36,12)
(23,12)
(1,5)
(17,17)
(44,9)
(62,6)
(80,26)
(34,24)
(10,11)
(49,9)
(48,19)
(78,8)
(61,20)
(1,3)
(57,6)
(32,13)
(21,26)
(39,11)
(13,14)
(33,26)
(2,12)
(1,26)
(80,16)
(57,2)
(81,9)
(42,9)
(51,12)
(88,13)
(96,0)
(2,3)
(96,3)
(70,6)
(7,21)
(96,17)
(9,7)
(44,7)
(98,6)
(17,12)
(8,14)
(8,13)
(90,9)
(83,10)
(92,15)
(88,14)
(14,21)
(41,25)
(66,9)
(30,19)
(37,7)
(52,14)
(64,15)
(21,7)
(99,8)
(36,6)
(99,22)
(6,21)
(88,21)
(21,23)
(98,23)
(7,15)
(4,19)
(59,11)
(57,13)
(38,25)
(70,14)
(26,26)
(9,16)
(45,3)
(57,11)
(13,18)
(1,21)
(70,15)
(23,15)
(72,11)
(66,6)
(95,14)
(57,12)
(1,12)
(69,1)
(84,15)
(89,7)
(95,13)
(98,4)
(42,13)
(39,2)
(3,4)
(61,7)
(60,23)
(58,21)
(2,25)
(61,15)
(46,5)
(90,16)
(65,11)
(36,23)
(67,16)
(3,20)
(44,17)
(11,8)
(34,9)
(51,1)
(74,20)
(91,15)
(95,1)
(85,4)
(33,23)
(75,14)
(99,20)
(70,7)
(74,2)
(52,25)
(69,5)
(34,5)
(47,3)
(86,5)
(92,18)
(16,3)
(60,19)
(65,20)
(90,4)
(60,26)
(27,13)
(70,8)
(88,17)
(15,17)
(44,19)
(75,13)
(27,15)
(33,20)
(0,22)
(3,10)
(16,8)
(56,24)
(67,15)
(78,7)
(43,12)
(22,2)
(66,19)
(67,19)
(73,19)
(66,5)
(73,25)
(9,9)
(52,21)
(93,3)
(49,5)
(31,10)
(31,14)
(59,26)
(90,11)
(60,4)
(77,17)
(53,24)
(29,24)
(11,25)
(67,12)
(18,16)
(91,14)
(26,3)
(19,13)
(61,26)
(18,12)
(59,4)
(8,0)
(74,8)
(33,8)
(97,13)
(93,18)
(34,13)
(56,18)
(46,8)
(97,17)
(97,15)
(70,4)
(54,16)
(57,17)
(65,14)
(61,16)
(87,16)
(37,26)
(29,19)
(15,11)
(48,25)
(67,26)
(96,23)
(70,23)
(84,2)
(50,13)
(76,11)
(51,3)
(56,12)
(2,22)
(83,8)
(59,7)
(3,14)
(0,12)
(58,17)
(2,7)
(40,1)
(61,18)
(59,15)
(80,0)
(84,9)
(17,26)
(22,10)
(16,6)
(67,18)
(0,13)
(23,23)
(59,23)
(44,25)
(41,7)
(28,2)
(32,26)
(80,23)
(63,6)
(18,24)
(56,16)
(84,6)
(92,16)
(62,19)
(91,10)
(58,19)
(49,25)
(39,26)
(47,18)
(26,15)
(39,1)
(77,12)
(77,24)
(60,20)
(87,11)
(62,25)
(62,8)
(81,17)
(49,23)
(15,6)
(5,11)
(40,20)
(67,13)
(22,4)
(82,3)
(70,16)
(86,4)
(29,9)
(22,9)
(74,14)
(86,1)
(71,25)
(5,3)
(53,9)
(77,5)
(79,18)
(8,16)
(81,22)
(2,19)
(17,24)
(83,1)
(47,14)
(5,6)
(29,10)
(95,21)
(19,16)
(64,4)
(55,8)
(66,4)
(67,23)
(35,12)
(85,8)
(25,4)
(17,21)
(70,12)
(77,10)
(60,16)
(59,16)
(33,24)
(60,10)
(18,5)
(97,6)
(28,25)
(23,19)
(25,21)
(62,10)
(62,14)
(62,15)
(50,12)
(54,21)
(66,20)
(1,20)
(4,18)
(94,24)
(64,18)
(64,7)
(34,25)
(74,25)
(34,18)
(27,18)
(79,11)
(34,8)
(92,19)
(26,4)
(76,4)
(62,16)
(72,25)
(2,20)
(1,7)
(47,11)
(16,16)
(40,0)
(30,23)
(62,20)
(6,24)
(94,8)
(33,22)
(7,22)
(90,13)
(68,9)
(39,21)
(24,21)
(45,2)
(74,7)
(44,21)
(49,8)
(77,4)
(61,22)
(56,22)
(52,7)
(76,5)
(22,21)
(99,24)
(67,17)
(3,6)
(21,24)
(73,23)
(33,11)
(98,10)
(55,22)
(66,17)
(37,11)
(37,0)
(58,24)
(74,22)
(88,1)
(49,10)
(47,10)
(51,2)
(53,14)
(87,6)
(52,26)
(46,17)
(88,26)
(46,10)
(93,26)
(98,7)
(84,19)
(62,13)
(82,11)
(86,11)
(9,23)
(34,26)
(76,13)
(13,11)
(95,6)
(0,2)
(14,7)
(65,10)
(61,5)
(82,5)
(40,6)
(26,19)
(75,15)
(28,19)
(16,2)
(65,19)
(75,21)
(84,13)
(92,8)
(35,25)
(65,18)
(31,11)
(28,5)
(7,9)
(52,3)
(27,6)
(20,13)
(16,12)
(52,8)
(40,26)
(91,22)
(6,26)
(60,18)
(67,21)
(7,13)
(3,3)
(76,20)
(20,20)
(55,3)
(23,5)
(36,20)
(58,18)
(58,11)
(37,24)
(67,24)
(57,24)
(81,14)
(21,25)
(90,20)
(77,7)
(75,5)
(53,5)
(58,4)
(96,19)
(88,5)
(68,0)
(68,3)
(9,22)
(66,14)
(90,21)
(34,3)
(31,15)
(50,7)
(8,18)
(16,7)
(15,24)
(88,2)
(15,22)
(94,9)
(60,11)
(22,5)
(94,12)
(5,8)
(83,6)
(81,0)
(80,13)
(80,8)
(13,24)
(77,11)
(92,7)
(49,17)
(77,14)
(18,14)
(77,25)
(52,6)
(97,10)
(58,10)
(42,14)
(63,0)
(12,11)
(2,17)
(86,17)
(80,18)
(86,20)
(73,18)
(60,7)
(69,11)
(90,23)
(43,6)
(87,12)
(53,10)
(63,18)
(70,22)
(20,19)
(94,26)
(66,2)
(55,16)
(69,3)
(26,25)
(22,1)
(77,13)
(16,21)
(5,16)
(38,24)
(96,16)
(70,26)
(76,6)
(89,14)
(46,25)
(14,3)
(63,21)
(6,7)
(78,25)
(71,16)
(35,18)
(25,24)
(89,2)
(35,23)
(24,24)
(45,11)
(61,6)
(87,21)
(51,21)
(83,11)
(90,8)
(96,20)
(51,13)
(86,14)
(38,18)
(73,12)
(80,7)
(12,24)
(6,2)
(93,22)
(71,10)
(60,17)
(61,24)
(1,15)
(90,26)
(95,8)
(56,19)
(25,2)
(96,22)
(6,10)
(78,20)
(7,26)
(96,26)
(60,21)
(73,21)
(85,14)
(4,4)
(87,23)
(77,23)
(46,15)
(75,16)
(80,15)
(48,7)
(74,6)
(40,7)
(80,22)
(88,19)
(74,11)
(44,22)
(28,15)
(74,3)
(6,14)
(40,5)
(3,11)
(69,24)
(81,3)
(79,14)
(49,16)
(39,22)
(18,26)
(20,17)
(92,17)
(97,8)
(97,18)
(33,12)
(2,16)
(29,11)
(26,14)
(16,11)
(16,14)
(90,7)
(8,25)
(82,17)
(64,14)
(12,25)
(24,15)
(35,17)
(97,9)
(29,25)
(99,11)
(28,10)
(44,24)
(92,14)
(72,7)
(66,3)
(41,9)
(88,23)
(91,8)
(24,8)
(61,14)
(0,18)
(31,5)
(26,24)
(76,15)
(6,23)
(17,23)
(7,3)
(17,11)
(91,12)
(96,24)
(14,25)
(54,17)
(71,22)
(94,13)
(23,18)
(53,22)
(33,25)
(11,20)
(57,4)
(35,8)
(45,7)
(22,18)
(82,21)
(14,16)
(95,9)
(74,24)
(41,14)
(44,3)
(95,18)
(78,16)
(99,9)
(11,13)
(85,13)
(22,16)
(14,8)
(33,16)
(89,22)
(14,19)
(9,5)
(33,6)
(32,20)
(53,15)
(61,25)
(24,12)
(96,10)
(57,19)
(21,17)
(32,10)
(45,21)
(64,12)
(9,17)
(94,25)
(0,16)
(64,8)
(37,20)
(97,16)
(80,6)
(3,9)
(8,15)
(18,25)
(4,11)
(55,21)
(41,26)
(53,19)
(66,18)
(4,13)
(17,25)
(61,12)
(12,3)
(73,1)
(69,14)
(79,15)
(21,4)
(25,8)
(79,24)
(87,14)
(12,15)
(9,26)
(93,24)
(45,0)
(72,24)
(91,23)
(89,23)
(91,6)
(54,0)
(27,22)
(11,15)
(51,20)
(92,25)
(36,1)
(69,12)
(12,19)
(8,8)
(41,3)
(48,24)
(6,25)
(38,17)
(44,14)
(26,16)
(32,22)
(72,0)
(91,2)
(25,14)
(78,24)
(37,22)
(59,25)
(9,20)
(50,19)
(96,21)
(94,19)
(8,17)
(5,4)
(42,7)
(45,23)
(74,13)
(22,11)
(5,17)
(95,5)
(68,2)
(54,19)
(13,19)
(15,4)
(40,9)
(24,22)
(79,6)
(12,18)
(53,25)
(23,16)
(21,6)
(94,10)
(68,22)
(35,16)
(59,14)
(96,14)
(0,17)
(29,26)
(87,4)
(45,24)
(64,19)
(98,11)
(11,9)
(81,23)
(18,4)
(19,2)
(76,14)
(32,17)
(3,23)
(87,19)
(53,16)
(79,22)
(3,25)
(22,15)
(47,23)
(69,9)
(50,14)
(64,22)
(30,9)
(55,20)
(34,19)
(55,17)
(44,11)
(15,7)
(40,25)
(8,24)
(93,15)
(54,1)
(74,18)
(79,26)
(73,6)
(46,23)
(30,7)
(12,16)
(52,10)
(64,10)
(85,12)
(22,24)
(26,21)
(85,19)
(63,16)
(16,5)
(68,11)
(42,21)
(43,16)
(13,5)
(15,14)
(53,23)
(33,18)
(53,12)
(37,2)
(86,10)
(61,8)
(57,15)
(90,25)
(57,10)
(14,6)
(32,5)
(93,8)
(99,12)
(73,10)
(16,22)
(86,24)
(65,15)
(64,9)
(12,7)
(6,11)
(59,3)
(25,7)
(89,6)
(41,17)
(87,26)
(35,10)
(86,19)
(65,7)
(43,19)
(86,9)
(92,26)
(89,15)
(3,24)
(30,10)
(76,24)
(94,14)
(63,23)
(75,9)
(0,23)
(1,14)
(31,24)
(22,8)
(63,22)
(46,19)
(21,9)
(98,17)
(53,18)
(92,10)
(97,11)
(20,24)
(16,24)
(91,24)
(80,25)
(41,23)
(63,17)
(30,14)
(95,11)
(88,24)
(82,13)
(36,21)
(93,10)
(84,16)
(60,25)
(14,15)
(30,11)
(37,21)
(6,15)
(59,10)
(83,20)
(55,23)
(89,24)
(95,20)
(66,25)
(29,14)
(0,14)
(50,2)
(25,23)
(52,23)
(4,17)
(36,24)
(30,16)
(35,19)
(82,8)
(21,11)
(52,13)
(58,1)
(55,12)
(11,23)
(12,12)
(13,17)
(94,17)
(47,24)
(90,19)
(45,9)
(50,16)
(34,22)
(66,21)
(94,23)
(52,9)
(15,15)
(88,20)
(88,22)
(65,25)
(82,25)
(22,25)
(92,21)
(6,20)
(36,17)
(55,24)
(11,26)
(24,25)
(50,11)
(52,15)
(7,10)
(35,22)
(78,26)
(5,18)
(25,15)
(68,10)
(39,24)
(93,12)
(21,13)
(27,17)
(50,15)
(31,6)
(89,5)
(93,16)
(94,7)
(3,19)
(72,19)
(5,24)
(50,23)
(0,15)
(81,19)
(76,22)
(68,24)
(53,13)
(16,15)
(41,2)
(78,11)
(34,17)
(21,14)
(49,13)
(75,8)
(86,25)
(98,18)
(84,21)
(31,19)
(88,25)
(75,24)
(13,16)
(72,17)
(97,19)
(19,11)
(56,26)
(25,22)
(25,12)
(83,2)
(59,24)
(98,5)
(41,24)
(49,19)
(3,8)
(78,13)
(29,13)
(85,22)
(78,5)
(97,22)
(35,20)
(52,17)
(86,21)
(13,20)
(65,22)
(84,17)
(37,25)
(41,11)
(42,22)
(40,21)
(93,14)
(82,24)
(1,24)
(51,24)
(89,18)
(50,22)
(16,25)
(47,4)
(72,22)
(42,11)
(14,26)
(76,26)
(11,12)
(7,7)
(59,21)
(34,20)
(37,23)
(28,21)
(91,18)
(54,7)
(23,4)
(43,14)
(11,21)
(86,23)
(64,26)
(4,12)
(83,14)
(7,23)
(81,26)
(38,8)
(23,17)
(88,7)
(7,19)
(0,3)
(72,23)
(51,23)
(34,4)
(3,15)
(16,20)
(72,8)
(27,16)
(58,8)
(75,6)
(97,25)
(63,3)
(30,21)
(80,2)
(27,10)
(95,19)
(95,10)
(98,14)
(20,7)
(72,21)
(43,23)
(49,22)
(69,20)
(68,16)
(19,9)
(43,26)
(46,9)
(24,16)
(39,16)
(15,25)
(13,21)
(34,21)
(11,16)
(11,17)
(21,21)
(4,8)
(75,18)
(57,16)
(38,22)
(89,12)
(21,8)
(64,21)
(24,26)
(31,4)
(24,9)
(39,5)
(72,14)
(0,26)
(85,17)
(42,2)
(24,10)
(65,16)
(58,14)
(29,7)
(7,16)
(6,22)
(51,17)
(4,14)
(59,12)
(38,14)
(79,9)
(81,25)
(68,23)
(79,7)
(54,5)
(65,4)
(42,10)
(6,9)
(29,16)
(28,7)
(49,24)
(29,15)
(98,25)
(5,21)
(81,13)
(32,24)
(28,26)
(6,6)
(36,26)
(32,15)
(86,26)
(54,13)
(80,14)
(66,12)
(42,25)
(58,9)
(72,18)
(54,14)
(65,0)
(98,19)
(19,6)
(57,18)
(5,26)
(19,24)
(32,14)
(36,5)
(85,24)
(38,23)
(14,20)
(20,11)
(31,23)
(50,6)
(79,12)
(0,25)
(75,12)
(73,22)
(19,18)
(7,5)
(73,16)
(69,22)
(98,20)
(69,8)
(75,20)
(24,17)
(30,13)
(47,1)
(47,17)
(24,18)
(80,24)
(28,3)
(11,4)
(72,26)
(36,25)
(15,12)
(11,24)
(71,15)
(79,17)
(45,4)
(15,16)
(63,19)
(75,10)
(15,23)
(85,6)
(31,22)
