100 Users
55 Files
3500 Transactions
2 Maximum Connections
1 Cycle Length per Upload-Download
0 Warm-up Transactions
0.400000 Zipf constant
5 Pre-Trusted Users
80 Well-Behaved (Good) Users
20 Purely Malicious Users
0 Feedback Skewing Users
0 Malignant Providing Users
0 Disguised Malicous Users
0 Sybil Attack Users
true Intelligent Trans. Generation
1561007022463 Trace Generation Seed

(0.098644,0.000000,1,false)
(0.073179,0.000000,1,false)
(0.075916,0.000000,1,false)
(0.084120,0.000000,1,false)
(0.059685,0.000000,1,false)
(0.077392,0.000000,1,false)
(0.003765,0.000000,1,false)
(0.051704,0.000000,1,false)
(0.002250,0.000000,1,false)
(0.012110,0.000000,1,false)
(0.080458,0.000000,1,false)
(0.094934,0.000000,1,false)
(0.005112,0.000000,1,false)
(0.075310,0.000000,1,false)
(0.054898,0.000000,1,false)
(0.003635,0.000000,1,false)
(0.051041,0.000000,1,false)
(0.016859,0.000000,1,false)
(0.022113,0.000000,1,false)
(0.093295,0.000000,1,false)
(0.956445,1.000000,0,true)
(0.958040,1.000000,0,true)
(0.991470,1.000000,0,true)
(0.989193,1.000000,0,true)
(0.981029,1.000000,0,true)
(0.945444,1.000000,0,false)
(0.967131,1.000000,0,false)
(0.940652,1.000000,0,false)
(0.977281,1.000000,0,false)
(0.914330,1.000000,0,false)
(0.969755,1.000000,0,false)
(0.934278,1.000000,0,false)
(0.908724,1.000000,0,false)
(0.900179,1.000000,0,false)
(0.967767,1.000000,0,false)
(0.992995,1.000000,0,false)
(0.955931,1.000000,0,false)
(0.963602,1.000000,0,false)
(0.958529,1.000000,0,false)
(0.927630,1.000000,0,false)
(0.956735,1.000000,0,false)
(0.977690,1.000000,0,false)
(0.974207,1.000000,0,false)
(0.939300,1.000000,0,false)
(0.976326,1.000000,0,false)
(0.912789,1.000000,0,false)
(0.916077,1.000000,0,false)
(0.995084,1.000000,0,false)
(0.970211,1.000000,0,false)
(0.976743,1.000000,0,false)
(0.997546,1.000000,0,false)
(0.930078,1.000000,0,false)
(0.977488,1.000000,0,false)
(0.942363,1.000000,0,false)
(0.967864,1.000000,0,false)
(0.907373,1.000000,0,false)
(0.965780,1.000000,0,false)
(0.952016,1.000000,0,false)
(0.939599,1.000000,0,false)
(0.980273,1.000000,0,false)
(0.942437,1.000000,0,false)
(0.931683,1.000000,0,false)
(0.953358,1.000000,0,false)
(0.948234,1.000000,0,false)
(0.949254,1.000000,0,false)
(0.973689,1.000000,0,false)
(0.983109,1.000000,0,false)
(0.979572,1.000000,0,false)
(0.969966,1.000000,0,false)
(0.958580,1.000000,0,false)
(0.914608,1.000000,0,false)
(0.989866,1.000000,0,false)
(0.901156,1.000000,0,false)
(0.982156,1.000000,0,false)
(0.918057,1.000000,0,false)
(0.915327,1.000000,0,false)
(0.967982,1.000000,0,false)
(0.933724,1.000000,0,false)
(0.984020,1.000000,0,false)
(0.905018,1.000000,0,false)
(0.906277,1.000000,0,false)
(0.935931,1.000000,0,false)
(0.999001,1.000000,0,false)
(0.974895,1.000000,0,false)
(0.982057,1.000000,0,false)
(0.905317,1.000000,0,false)
(0.903736,1.000000,0,false)
(0.920028,1.000000,0,false)
(0.978403,1.000000,0,false)
(0.925778,1.000000,0,false)
(0.903361,1.000000,0,false)
(0.969183,1.000000,0,false)
(0.947886,1.000000,0,false)
(0.944675,1.000000,0,false)
(0.984052,1.000000,0,false)
(0.988077,1.000000,0,false)
(0.906410,1.000000,0,false)
(0.903116,1.000000,0,false)
(0.935563,1.000000,0,false)
(0.994201,1.000000,0,false)

(0,0,true)
(4,0,false)
(5,0,false)
(6,0,false)
(7,0,false)
(9,0,false)
(10,0,false)
(11,0,false)
(12,0,false)
(13,0,false)
(14,0,false)
(15,0,false)
(16,0,false)
(19,0,true)
(20,0,true)
(22,0,true)
(23,0,true)
(25,0,true)
(28,0,true)
(29,0,true)
(31,0,true)
(32,0,true)
(35,0,true)
(36,0,true)
(37,0,true)
(40,0,true)
(41,0,true)
(42,0,true)
(43,0,true)
(44,0,true)
(46,0,true)
(48,0,true)
(49,0,true)
(50,0,true)
(51,0,false)
(52,0,true)
(53,0,true)
(54,0,true)
(55,0,true)
(56,0,true)
(57,0,true)
(58,0,true)
(60,0,true)
(63,0,true)
(64,0,true)
(65,0,true)
(66,0,true)
(67,0,true)
(68,0,true)
(69,0,true)
(70,0,true)
(71,0,true)
(72,0,true)
(73,0,true)
(76,0,true)
(77,0,true)
(78,0,true)
(79,0,true)
(80,0,true)
(82,0,true)
(83,0,true)
(84,0,true)
(86,0,true)
(87,0,true)
(88,0,true)
(90,0,true)
(92,0,true)
(93,0,true)
(94,0,true)
(95,0,true)
(96,0,true)
(99,0,true)
(0,1,false)
(1,1,false)
(2,1,false)
(3,1,false)
(4,1,false)
(9,1,false)
(10,1,false)
(11,1,false)
(12,1,false)
(13,1,false)
(17,1,false)
(19,1,false)
(21,1,true)
(22,1,true)
(23,1,true)
(24,1,true)
(25,1,true)
(26,1,true)
(29,1,true)
(30,1,true)
(31,1,true)
(32,1,false)
(33,1,true)
(34,1,true)
(35,1,true)
(36,1,true)
(37,1,true)
(38,1,true)
(39,1,false)
(42,1,true)
(43,1,true)
(44,1,true)
(45,1,true)
(46,1,true)
(47,1,true)
(48,1,true)
(49,1,true)
(50,1,true)
(53,1,true)
(54,1,true)
(55,1,true)
(57,1,true)
(60,1,true)
(61,1,true)
(63,1,true)
(64,1,true)
(65,1,true)
(67,1,true)
(70,1,true)
(71,1,true)
(73,1,true)
(74,1,true)
(76,1,true)
(77,1,true)
(78,1,true)
(80,1,true)
(81,1,true)
(82,1,true)
(83,1,true)
(84,1,true)
(86,1,true)
(88,1,false)
(89,1,true)
(90,1,true)
(91,1,true)
(94,1,true)
(95,1,true)
(97,1,true)
(98,1,true)
(2,2,false)
(3,2,false)
(6,2,false)
(7,2,false)
(10,2,false)
(14,2,false)
(15,2,false)
(17,2,false)
(18,2,false)
(20,2,true)
(22,2,true)
(23,2,true)
(25,2,true)
(26,2,true)
(27,2,false)
(28,2,true)
(29,2,true)
(30,2,true)
(33,2,true)
(34,2,true)
(35,2,true)
(36,2,true)
(37,2,true)
(39,2,true)
(40,2,true)
(41,2,false)
(42,2,true)
(43,2,true)
(44,2,true)
(45,2,true)
(46,2,true)
(47,2,true)
(48,2,true)
(50,2,true)
(51,2,true)
(55,2,true)
(56,2,false)
(58,2,true)
(65,2,true)
(66,2,true)
(67,2,true)
(68,2,true)
(69,2,true)
(71,2,true)
(73,2,true)
(75,2,false)
(78,2,true)
(79,2,true)
(80,2,true)
(82,2,true)
(84,2,true)
(86,2,true)
(88,2,true)
(89,2,true)
(90,2,true)
(94,2,true)
(95,2,true)
(97,2,true)
(99,2,true)
(2,3,false)
(3,3,true)
(4,3,false)
(5,3,false)
(6,3,false)
(8,3,false)
(10,3,false)
(11,3,true)
(12,3,false)
(13,3,false)
(14,3,false)
(16,3,true)
(18,3,false)
(19,3,false)
(20,3,true)
(29,3,true)
(30,3,true)
(31,3,true)
(34,3,true)
(35,3,true)
(36,3,true)
(37,3,true)
(38,3,true)
(39,3,true)
(40,3,true)
(43,3,true)
(47,3,false)
(48,3,true)
(50,3,true)
(51,3,true)
(52,3,true)
(53,3,true)
(54,3,true)
(59,3,true)
(68,3,true)
(73,3,true)
(74,3,false)
(75,3,true)
(80,3,true)
(82,3,true)
(83,3,true)
(87,3,true)
(90,3,true)
(93,3,true)
(96,3,true)
(99,3,true)
(0,4,false)
(1,4,false)
(2,4,false)
(3,4,false)
(4,4,false)
(5,4,false)
(9,4,false)
(10,4,false)
(14,4,false)
(18,4,false)
(20,4,true)
(23,4,true)
(24,4,true)
(26,4,true)
(28,4,true)
(31,4,true)
(33,4,true)
(35,4,true)
(37,4,true)
(38,4,true)
(41,4,true)
(46,4,true)
(49,4,true)
(51,4,true)
(54,4,true)
(55,4,true)
(59,4,true)
(60,4,true)
(64,4,true)
(65,4,true)
(66,4,true)
(71,4,true)
(72,4,true)
(73,4,true)
(74,4,true)
(76,4,true)
(81,4,true)
(82,4,true)
(85,4,true)
(86,4,true)
(89,4,false)
(91,4,true)
(92,4,true)
(94,4,true)
(98,4,true)
(0,5,false)
(1,5,false)
(2,5,false)
(4,5,false)
(6,5,false)
(7,5,false)
(9,5,false)
(12,5,false)
(13,5,false)
(14,5,false)
(20,5,true)
(21,5,true)
(22,5,true)
(23,5,true)
(24,5,true)
(29,5,true)
(30,5,true)
(33,5,true)
(35,5,true)
(37,5,true)
(39,5,false)
(43,5,true)
(47,5,true)
(48,5,true)
(49,5,true)
(51,5,true)
(52,5,true)
(53,5,true)
(58,5,true)
(59,5,true)
(60,5,true)
(61,5,true)
(62,5,true)
(66,5,true)
(73,5,true)
(75,5,true)
(76,5,true)
(77,5,true)
(80,5,true)
(85,5,true)
(86,5,true)
(88,5,true)
(90,5,true)
(96,5,true)
(97,5,true)
(98,5,false)
(0,6,false)
(1,6,false)
(3,6,false)
(5,6,false)
(8,6,false)
(9,6,false)
(10,6,true)
(13,6,false)
(15,6,false)
(16,6,false)
(17,6,false)
(22,6,true)
(24,6,true)
(29,6,true)
(32,6,true)
(36,6,true)
(37,6,true)
(38,6,true)
(40,6,true)
(42,6,true)
(46,6,true)
(47,6,true)
(50,6,true)
(55,6,true)
(58,6,true)
(63,6,true)
(64,6,true)
(69,6,true)
(71,6,true)
(72,6,true)
(73,6,true)
(76,6,true)
(78,6,true)
(81,6,true)
(82,6,true)
(83,6,true)
(85,6,true)
(86,6,true)
(90,6,true)
(91,6,true)
(92,6,true)
(93,6,true)
(96,6,true)
(0,7,false)
(1,7,false)
(2,7,false)
(3,7,false)
(4,7,false)
(6,7,false)
(7,7,true)
(10,7,false)
(11,7,false)
(12,7,false)
(13,7,false)
(15,7,false)
(17,7,true)
(18,7,false)
(20,7,true)
(21,7,true)
(22,7,true)
(23,7,true)
(25,7,true)
(35,7,true)
(36,7,true)
(38,7,true)
(40,7,true)
(47,7,true)
(53,7,true)
(54,7,true)
(55,7,true)
(57,7,true)
(58,7,true)
(61,7,false)
(63,7,true)
(65,7,true)
(66,7,true)
(69,7,true)
(70,7,true)
(72,7,true)
(73,7,true)
(74,7,true)
(75,7,true)
(77,7,true)
(78,7,true)
(79,7,true)
(82,7,true)
(84,7,true)
(85,7,false)
(86,7,true)
(88,7,true)
(90,7,true)
(92,7,true)
(93,7,true)
(94,7,true)
(98,7,true)
(99,7,true)
(9,8,false)
(11,8,true)
(13,8,false)
(14,8,false)
(19,8,false)
(22,8,true)
(24,8,true)
(28,8,false)
(29,8,true)
(30,8,true)
(33,8,true)
(36,8,true)
(37,8,true)
(42,8,true)
(45,8,true)
(46,8,false)
(48,8,true)
(50,8,true)
(51,8,true)
(52,8,true)
(53,8,true)
(58,8,true)
(59,8,true)
(69,8,true)
(70,8,true)
(71,8,true)
(72,8,true)
(75,8,true)
(77,8,true)
(85,8,true)
(92,8,true)
(94,8,true)
(0,9,false)
(1,9,false)
(2,9,false)
(3,9,false)
(5,9,false)
(7,9,false)
(10,9,false)
(11,9,false)
(13,9,false)
(18,9,false)
(21,9,true)
(22,9,true)
(23,9,true)
(25,9,false)
(27,9,true)
(28,9,true)
(34,9,true)
(39,9,true)
(41,9,true)
(43,9,true)
(44,9,true)
(46,9,true)
(50,9,true)
(55,9,false)
(58,9,true)
(61,9,true)
(70,9,true)
(72,9,true)
(74,9,true)
(76,9,true)
(77,9,true)
(79,9,false)
(80,9,true)
(83,9,true)
(88,9,true)
(89,9,true)
(91,9,true)
(95,9,true)
(98,9,true)
(1,10,false)
(2,10,false)
(6,10,false)
(12,10,false)
(15,10,false)
(16,10,false)
(18,10,false)
(19,10,false)
(21,10,true)
(24,10,true)
(27,10,true)
(29,10,true)
(31,10,true)
(35,10,true)
(36,10,true)
(37,10,true)
(38,10,true)
(49,10,true)
(51,10,false)
(53,10,true)
(54,10,true)
(55,10,true)
(58,10,true)
(62,10,true)
(63,10,true)
(64,10,true)
(65,10,true)
(66,10,true)
(67,10,true)
(69,10,true)
(78,10,true)
(79,10,true)
(81,10,true)
(82,10,true)
(83,10,true)
(85,10,true)
(89,10,true)
(91,10,true)
(98,10,true)
(99,10,true)
(0,11,false)
(4,11,false)
(5,11,false)
(8,11,false)
(10,11,false)
(14,11,false)
(15,11,false)
(17,11,false)
(20,11,true)
(21,11,true)
(22,11,true)
(26,11,true)
(28,11,true)
(29,11,true)
(33,11,true)
(38,11,true)
(41,11,true)
(48,11,true)
(50,11,true)
(52,11,true)
(53,11,true)
(54,11,true)
(55,11,true)
(57,11,false)
(58,11,true)
(61,11,true)
(63,11,true)
(66,11,true)
(67,11,true)
(69,11,true)
(70,11,true)
(76,11,true)
(77,11,true)
(79,11,true)
(89,11,true)
(92,11,true)
(94,11,true)
(4,12,false)
(7,12,false)
(8,12,false)
(9,12,false)
(10,12,false)
(11,12,false)
(12,12,false)
(16,12,false)
(18,12,false)
(20,12,false)
(22,12,true)
(25,12,true)
(26,12,true)
(28,12,true)
(31,12,true)
(32,12,true)
(40,12,true)
(41,12,true)
(45,12,true)
(48,12,true)
(50,12,true)
(52,12,true)
(53,12,true)
(56,12,true)
(58,12,true)
(59,12,true)
(61,12,true)
(62,12,true)
(64,12,true)
(70,12,true)
(71,12,true)
(72,12,true)
(73,12,true)
(75,12,true)
(77,12,true)
(78,12,true)
(84,12,true)
(87,12,true)
(88,12,true)
(94,12,true)
(95,12,true)
(97,12,true)
(99,12,true)
(0,13,false)
(6,13,false)
(8,13,false)
(10,13,false)
(15,13,false)
(18,13,false)
(30,13,true)
(32,13,true)
(36,13,true)
(48,13,true)
(49,13,true)
(53,13,true)
(59,13,true)
(60,13,true)
(63,13,false)
(64,13,true)
(65,13,true)
(66,13,true)
(68,13,true)
(73,13,true)
(74,13,true)
(75,13,true)
(77,13,true)
(78,13,true)
(81,13,true)
(86,13,true)
(87,13,true)
(89,13,true)
(96,13,true)
(97,13,true)
(98,13,true)
(99,13,true)
(9,14,false)
(10,14,false)
(11,14,true)
(13,14,false)
(14,14,false)
(17,14,false)
(20,14,true)
(22,14,true)
(25,14,true)
(31,14,true)
(36,14,true)
(40,14,true)
(41,14,true)
(49,14,true)
(51,14,true)
(54,14,true)
(56,14,true)
(59,14,true)
(64,14,true)
(67,14,true)
(68,14,true)
(69,14,true)
(70,14,true)
(73,14,true)
(75,14,true)
(81,14,false)
(82,14,true)
(83,14,true)
(95,14,true)
(6,15,false)
(8,15,false)
(9,15,false)
(11,15,false)
(13,15,false)
(15,15,false)
(20,15,true)
(21,15,true)
(26,15,true)
(36,15,true)
(41,15,true)
(46,15,true)
(48,15,true)
(52,15,true)
(56,15,true)
(60,15,true)
(65,15,true)
(67,15,true)
(68,15,true)
(76,15,true)
(81,15,true)
(89,15,true)
(93,15,true)
(95,15,true)
(96,15,true)
(2,16,false)
(4,16,false)
(6,16,false)
(7,16,false)
(11,16,false)
(13,16,true)
(14,16,false)
(24,16,true)
(25,16,true)
(26,16,true)
(29,16,true)
(33,16,true)
(34,16,true)
(36,16,true)
(46,16,true)
(49,16,true)
(50,16,true)
(51,16,true)
(53,16,true)
(59,16,true)
(62,16,true)
(65,16,true)
(67,16,true)
(72,16,true)
(78,16,true)
(84,16,true)
(88,16,true)
(89,16,true)
(92,16,true)
(93,16,false)
(95,16,false)
(96,16,true)
(99,16,true)
(1,17,false)
(5,17,false)
(16,17,false)
(18,17,false)
(20,17,true)
(23,17,true)
(26,17,true)
(28,17,true)
(32,17,false)
(39,17,true)
(40,17,true)
(43,17,true)
(45,17,true)
(49,17,true)
(53,17,true)
(56,17,true)
(57,17,true)
(59,17,true)
(60,17,true)
(66,17,true)
(68,17,true)
(69,17,true)
(70,17,true)
(71,17,true)
(72,17,true)
(76,17,true)
(77,17,true)
(79,17,true)
(84,17,true)
(91,17,true)
(95,17,true)
(98,17,true)
(0,18,false)
(3,18,true)
(7,18,false)
(13,18,false)
(14,18,false)
(17,18,false)
(22,18,true)
(36,18,true)
(38,18,true)
(40,18,true)
(42,18,true)
(45,18,true)
(48,18,true)
(51,18,true)
(52,18,true)
(54,18,true)
(55,18,true)
(58,18,true)
(59,18,true)
(60,18,true)
(61,18,true)
(64,18,true)
(65,18,true)
(67,18,true)
(69,18,true)
(71,18,true)
(79,18,true)
(81,18,true)
(82,18,true)
(84,18,true)
(91,18,true)
(92,18,true)
(94,18,true)
(95,18,true)
(98,18,true)
(1,19,false)
(2,19,true)
(5,19,false)
(8,19,false)
(15,19,false)
(19,19,false)
(20,19,true)
(23,19,true)
(28,19,true)
(30,19,true)
(36,19,true)
(38,19,true)
(41,19,true)
(46,19,true)
(49,19,true)
(53,19,true)
(59,19,true)
(70,19,true)
(77,19,false)
(78,19,true)
(85,19,true)
(86,19,true)
(89,19,true)
(94,19,true)
(95,19,true)
(96,19,true)
(1,20,false)
(2,20,false)
(6,20,false)
(7,20,false)
(8,20,false)
(10,20,true)
(12,20,false)
(13,20,false)
(14,20,false)
(16,20,false)
(19,20,false)
(20,20,true)
(21,20,true)
(24,20,true)
(27,20,true)
(28,20,true)
(37,20,true)
(42,20,true)
(43,20,true)
(44,20,true)
(49,20,true)
(51,20,true)
(57,20,true)
(61,20,true)
(63,20,true)
(64,20,true)
(70,20,true)
(78,20,true)
(80,20,true)
(85,20,true)
(92,20,true)
(97,20,true)
(7,21,false)
(8,21,false)
(32,21,true)
(43,21,true)
(44,21,true)
(51,21,true)
(53,21,true)
(54,21,true)
(56,21,true)
(58,21,true)
(60,21,true)
(65,21,true)
(66,21,true)
(72,21,true)
(75,21,true)
(76,21,true)
(77,21,false)
(80,21,true)
(81,21,true)
(83,21,true)
(85,21,true)
(86,21,true)
(90,21,true)
(6,22,false)
(7,22,false)
(10,22,false)
(12,22,false)
(15,22,false)
(17,22,false)
(21,22,true)
(22,22,true)
(26,22,false)
(32,22,true)
(46,22,true)
(56,22,true)
(64,22,true)
(71,22,true)
(72,22,true)
(76,22,true)
(78,22,true)
(79,22,true)
(80,22,true)
(82,22,true)
(83,22,true)
(86,22,true)
(89,22,true)
(90,22,true)
(93,22,true)
(96,22,true)
(1,23,false)
(2,23,false)
(12,23,false)
(14,23,false)
(16,23,false)
(23,23,true)
(24,23,true)
(27,23,true)
(34,23,true)
(38,23,false)
(40,23,true)
(46,23,true)
(50,23,true)
(54,23,true)
(58,23,true)
(64,23,true)
(70,23,true)
(75,23,false)
(78,23,true)
(82,23,true)
(83,23,true)
(87,23,true)
(88,23,true)
(90,23,true)
(97,23,true)
(98,23,true)
(7,24,false)
(8,24,false)
(9,24,false)
(11,24,false)
(17,24,false)
(20,24,true)
(26,24,false)
(40,24,true)
(42,24,true)
(43,24,false)
(46,24,true)
(49,24,true)
(54,24,true)
(59,24,true)
(67,24,true)
(72,24,true)
(80,24,true)
(82,24,true)
(83,24,true)
(84,24,true)
(95,24,true)
(96,24,true)
(3,25,false)
(11,25,false)
(16,25,false)
(17,25,false)
(22,25,true)
(23,25,true)
(25,25,true)
(27,25,true)
(32,25,false)
(33,25,true)
(34,25,true)
(35,25,true)
(40,25,true)
(43,25,true)
(45,25,true)
(46,25,true)
(50,25,true)
(51,25,true)
(52,25,true)
(55,25,true)
(57,25,true)
(59,25,true)
(67,25,true)
(72,25,true)
(74,25,true)
(78,25,true)
(79,25,true)
(82,25,true)
(85,25,true)
(86,25,true)
(87,25,true)
(88,25,true)
(93,25,true)
(94,25,true)
(95,25,true)
(2,26,false)
(7,26,false)
(11,26,true)
(18,26,false)
(30,26,true)
(36,26,true)
(42,26,true)
(59,26,true)
(61,26,true)
(65,26,true)
(66,26,true)
(71,26,true)
(74,26,false)
(81,26,true)
(82,26,true)
(84,26,true)
(86,26,true)
(92,26,true)
(95,26,true)
(2,27,false)
(5,27,false)
(7,27,false)
(13,27,false)
(19,27,false)
(21,27,true)
(22,27,true)
(27,27,true)
(35,27,true)
(36,27,true)
(40,27,true)
(42,27,true)
(47,27,true)
(50,27,true)
(52,27,true)
(57,27,true)
(65,27,true)
(66,27,true)
(71,27,true)
(72,27,true)
(76,27,true)
(78,27,true)
(81,27,true)
(84,27,true)
(91,27,true)
(93,27,true)
(96,27,true)
(98,27,true)
(7,28,false)
(9,28,false)
(11,28,false)
(13,28,false)
(16,28,false)
(17,28,false)
(22,28,true)
(23,28,true)
(24,28,true)
(32,28,true)
(35,28,true)
(36,28,true)
(37,28,true)
(42,28,true)
(44,28,true)
(47,28,true)
(48,28,true)
(51,28,false)
(55,28,true)
(56,28,true)
(62,28,true)
(64,28,true)
(65,28,true)
(66,28,true)
(78,28,true)
(80,28,true)
(81,28,true)
(84,28,true)
(87,28,true)
(88,28,true)
(89,28,true)
(90,28,true)
(97,28,true)
(99,28,true)
(1,29,false)
(4,29,false)
(6,29,false)
(11,29,false)
(14,29,false)
(17,29,false)
(20,29,true)
(21,29,true)
(23,29,true)
(25,29,false)
(27,29,true)
(28,29,true)
(29,29,true)
(36,29,true)
(37,29,true)
(40,29,false)
(56,29,true)
(61,29,true)
(69,29,true)
(70,29,true)
(72,29,true)
(73,29,true)
(75,29,true)
(78,29,true)
(79,29,true)
(80,29,true)
(91,29,true)
(97,29,true)
(0,30,false)
(1,30,false)
(2,30,false)
(3,30,false)
(14,30,false)
(33,30,true)
(38,30,true)
(43,30,true)
(45,30,true)
(46,30,true)
(50,30,true)
(51,30,true)
(53,30,true)
(56,30,true)
(58,30,true)
(62,30,true)
(67,30,true)
(69,30,true)
(70,30,true)
(72,30,true)
(73,30,true)
(77,30,false)
(87,30,true)
(88,30,true)
(90,30,true)
(95,30,true)
(11,31,true)
(12,31,false)
(14,31,false)
(16,31,false)
(17,31,false)
(19,31,false)
(32,31,true)
(36,31,true)
(37,31,true)
(39,31,true)
(41,31,true)
(44,31,true)
(45,31,true)
(48,31,true)
(52,31,true)
(56,31,true)
(65,31,true)
(69,31,true)
(70,31,true)
(71,31,true)
(74,31,true)
(75,31,true)
(76,31,true)
(80,31,true)
(86,31,true)
(89,31,true)
(4,32,false)
(5,32,false)
(8,32,false)
(12,32,false)
(17,32,false)
(18,32,false)
(22,32,true)
(24,32,true)
(26,32,true)
(32,32,true)
(33,32,true)
(37,32,true)
(39,32,false)
(42,32,true)
(44,32,true)
(45,32,true)
(46,32,true)
(51,32,true)
(57,32,true)
(76,32,true)
(82,32,true)
(83,32,true)
(85,32,true)
(86,32,true)
(92,32,true)
(94,32,true)
(95,32,true)
(1,33,false)
(2,33,false)
(6,33,false)
(8,33,false)
(12,33,false)
(24,33,true)
(25,33,true)
(32,33,true)
(33,33,true)
(36,33,true)
(39,33,true)
(42,33,true)
(43,33,true)
(50,33,true)
(51,33,true)
(52,33,true)
(55,33,false)
(62,33,true)
(64,33,true)
(68,33,true)
(73,33,true)
(75,33,true)
(77,33,true)
(78,33,true)
(79,33,true)
(80,33,true)
(85,33,false)
(89,33,true)
(90,33,true)
(96,33,true)
(3,34,false)
(7,34,false)
(9,34,false)
(11,34,false)
(12,34,false)
(16,34,false)
(23,34,true)
(25,34,true)
(31,34,true)
(34,34,true)
(38,34,true)
(39,34,false)
(40,34,true)
(50,34,true)
(55,34,true)
(56,34,true)
(67,34,true)
(68,34,true)
(73,34,true)
(74,34,true)
(81,34,true)
(83,34,true)
(88,34,true)
(92,34,true)
(97,34,true)
(98,34,true)
(99,34,true)
(2,35,false)
(3,35,false)
(11,35,false)
(13,35,false)
(14,35,false)
(22,35,true)
(23,35,true)
(26,35,true)
(29,35,true)
(35,35,true)
(39,35,true)
(40,35,true)
(42,35,true)
(43,35,true)
(53,35,true)
(56,35,true)
(60,35,true)
(64,35,true)
(71,35,true)
(81,35,true)
(84,35,true)
(88,35,true)
(91,35,true)
(93,35,true)
(96,35,true)
(98,35,false)
(0,36,false)
(15,36,false)
(16,36,false)
(27,36,true)
(28,36,true)
(31,36,true)
(32,36,true)
(35,36,false)
(37,36,true)
(42,36,true)
(44,36,true)
(45,36,false)
(47,36,true)
(52,36,true)
(59,36,true)
(61,36,false)
(63,36,true)
(71,36,true)
(73,36,true)
(74,36,true)
(83,36,true)
(90,36,true)
(93,36,true)
(97,36,true)
(5,37,false)
(12,37,false)
(13,37,false)
(16,37,false)
(19,37,false)
(21,37,true)
(24,37,true)
(27,37,true)
(28,37,true)
(29,37,true)
(34,37,true)
(35,37,true)
(41,37,true)
(43,37,true)
(44,37,true)
(45,37,true)
(51,37,true)
(54,37,true)
(55,37,true)
(61,37,true)
(62,37,true)
(63,37,true)
(66,37,true)
(74,37,true)
(92,37,true)
(15,38,false)
(30,38,true)
(39,38,true)
(41,38,true)
(42,38,true)
(55,38,true)
(61,38,true)
(67,38,true)
(69,38,true)
(72,38,true)
(75,38,true)
(94,38,true)
(95,38,true)
(0,39,false)
(6,39,false)
(8,39,false)
(17,39,false)
(20,39,true)
(23,39,true)
(25,39,true)
(28,39,true)
(31,39,true)
(32,39,true)
(36,39,true)
(39,39,true)
(41,39,true)
(53,39,true)
(75,39,true)
(81,39,true)
(82,39,true)
(84,39,true)
(86,39,true)
(93,39,true)
(98,39,true)
(11,40,false)
(12,40,false)
(13,40,false)
(16,40,true)
(18,40,false)
(19,40,false)
(20,40,true)
(21,40,true)
(32,40,true)
(36,40,true)
(38,40,true)
(41,40,true)
(44,40,true)
(56,40,true)
(59,40,true)
(63,40,true)
(72,40,true)
(75,40,true)
(76,40,true)
(77,40,true)
(82,40,true)
(0,41,false)
(7,41,false)
(8,41,false)
(13,41,false)
(17,41,false)
(19,41,true)
(21,41,true)
(32,41,true)
(37,41,true)
(42,41,true)
(43,41,true)
(44,41,true)
(54,41,true)
(72,41,true)
(75,41,true)
(81,41,true)
(86,41,true)
(93,41,true)
(95,41,true)
(96,41,true)
(6,42,false)
(15,42,false)
(16,42,false)
(24,42,true)
(28,42,true)
(35,42,true)
(38,42,true)
(44,42,true)
(64,42,true)
(72,42,true)
(76,42,true)
(82,42,true)
(15,43,false)
(17,43,false)
(19,43,false)
(25,43,true)
(29,43,true)
(34,43,true)
(39,43,true)
(40,43,true)
(41,43,true)
(43,43,true)
(57,43,true)
(58,43,false)
(61,43,true)
(62,43,true)
(79,43,false)
(80,43,true)
(81,43,true)
(84,43,true)
(90,43,true)
(91,43,true)
(95,43,true)
(1,44,false)
(10,44,false)
(11,44,false)
(13,44,false)
(17,44,false)
(24,44,true)
(32,44,true)
(48,44,true)
(53,44,true)
(62,44,true)
(72,44,true)
(79,44,true)
(84,44,true)
(88,44,true)
(89,44,true)
(95,44,true)
(0,45,false)
(17,45,false)
(22,45,true)
(23,45,true)
(25,45,true)
(28,45,true)
(38,45,true)
(44,45,true)
(45,45,true)
(48,45,true)
(49,45,true)
(61,45,true)
(65,45,true)
(72,45,true)
(81,45,true)
(92,45,true)
(97,45,true)
(1,46,false)
(2,46,false)
(19,46,false)
(24,46,true)
(29,46,true)
(32,46,true)
(34,46,true)
(39,46,true)
(51,46,true)
(64,46,true)
(65,46,true)
(67,46,true)
(72,46,true)
(76,46,true)
(83,46,true)
(84,46,true)
(87,46,true)
(90,46,true)
(92,46,true)
(93,46,true)
(96,46,true)
(98,46,true)
(6,47,false)
(11,47,false)
(15,47,false)
(19,47,true)
(20,47,true)
(22,47,true)
(24,47,true)
(26,47,false)
(30,47,true)
(32,47,true)
(34,47,true)
(36,47,true)
(37,47,true)
(38,47,true)
(41,47,true)
(42,47,true)
(45,47,true)
(51,47,true)
(52,47,true)
(53,47,true)
(56,47,true)
(63,47,false)
(64,47,true)
(66,47,true)
(67,47,true)
(68,47,true)
(73,47,true)
(75,47,true)
(81,47,true)
(82,47,true)
(87,47,true)
(89,47,true)
(90,47,true)
(91,47,true)
(92,47,true)
(93,47,true)
(98,47,true)
(99,47,true)
(1,48,true)
(8,48,false)
(9,48,false)
(14,48,false)
(39,48,true)
(41,48,true)
(44,48,true)
(45,48,true)
(48,48,true)
(50,48,true)
(57,48,true)
(63,48,true)
(71,48,true)
(88,48,true)
(0,49,false)
(3,49,false)
(8,49,false)
(11,49,false)
(14,49,false)
(20,49,true)
(21,49,true)
(25,49,true)
(26,49,true)
(33,49,true)
(35,49,true)
(38,49,true)
(41,49,true)
(42,49,true)
(47,49,true)
(49,49,true)
(56,49,true)
(62,49,true)
(63,49,true)
(83,49,true)
(87,49,true)
(96,49,true)
(6,50,false)
(11,50,false)
(21,50,true)
(26,50,true)
(27,50,true)
(28,50,true)
(32,50,true)
(41,50,true)
(42,50,true)
(44,50,true)
(48,50,true)
(51,50,true)
(53,50,true)
(55,50,true)
(62,50,true)
(64,50,true)
(65,50,true)
(72,50,true)
(74,50,true)
(77,50,true)
(79,50,true)
(80,50,true)
(81,50,true)
(84,50,true)
(85,50,true)
(92,50,true)
(95,50,true)
(97,50,true)
(98,50,true)
(10,51,false)
(14,51,false)
(16,51,false)
(25,51,true)
(26,51,true)
(28,51,true)
(35,51,true)
(36,51,true)
(42,51,true)
(49,51,true)
(52,51,true)
(53,51,true)
(55,51,true)
(59,51,true)
(78,51,true)
(79,51,true)
(84,51,true)
(94,51,true)
(95,51,true)
(7,52,false)
(15,52,false)
(16,52,false)
(23,52,true)
(32,52,true)
(33,52,true)
(42,52,true)
(48,52,true)
(50,52,true)
(60,52,true)
(61,52,true)
(73,52,true)
(77,52,false)
(88,52,true)
(94,52,true)
(99,52,true)
(3,53,true)
(21,53,true)
(23,53,true)
(26,53,true)
(27,53,false)
(37,53,true)
(39,53,true)
(48,53,true)
(52,53,true)
(56,53,true)
(61,53,true)
(63,53,false)
(65,53,true)
(68,53,true)
(69,53,true)
(72,53,true)
(74,53,true)
(84,53,true)
(86,53,true)
(87,53,true)
(91,53,true)
(96,53,true)
(97,53,true)
(0,54,false)
(1,54,false)
(6,54,false)
(8,54,false)
(10,54,false)
(13,54,false)
(16,54,false)
(18,54,false)
(20,54,true)
(25,54,true)
(28,54,true)
(37,54,true)
(39,54,true)
(40,54,true)
(41,54,true)
(43,54,true)
(44,54,true)
(45,54,true)
(52,54,true)
(62,54,true)
(63,54,true)
(69,54,true)
(81,54,true)
(88,54,true)
(92,54,true)

(62,40)
(32,11)
(19,35)
(50,53)
(78,48)
(6,27)
(99,39)
(16,41)
(98,25)
(78,5)
(43,14)
(21,13)
(73,39)
(53,52)
(60,53)
(32,14)
(94,39)
(99,17)
(50,24)
(1,42)
(24,3)
(72,5)
(63,29)
(36,43)
(18,1)
(36,50)
(72,10)
(43,16)
(24,9)
(36,20)
(58,1)
(40,41)
(21,0)
(96,10)
(26,0)
(42,11)
(30,6)
(56,24)
(92,44)
(56,20)
(80,10)
(65,40)
(98,32)
(92,38)
(8,26)
(16,50)
(94,15)
(3,14)
(30,7)
(10,16)
(89,54)
(37,26)
(50,13)
(35,16)
(51,12)
(85,34)
(17,20)
(8,35)
(74,17)
(0,44)
(7,17)
(28,52)
(30,17)
(1,3)
(31,15)
(92,52)
(89,48)
(23,50)
(85,9)
(34,30)
(40,20)
(24,43)
(49,36)
(93,1)
(59,7)
(29,21)
(33,34)
(60,33)
(68,27)
(0,16)
(73,31)
(92,31)
(82,52)
(81,49)
(50,4)
(65,36)
(15,31)
(83,12)
(20,8)
(11,23)
(34,24)
(88,11)
(1,34)
(82,12)
(68,18)
(23,6)
(19,44)
(32,5)
(28,14)
(97,30)
(25,40)
(90,24)
(3,24)
(39,20)
(26,8)
(81,31)
(77,35)
(20,33)
(5,28)
(60,50)
(72,2)
(65,32)
(58,51)
(97,11)
(31,5)
(1,32)
(14,38)
(31,26)
(37,11)
(25,18)
(61,46)
(9,43)
(84,6)
(74,30)
(25,20)
(61,25)
(65,35)
(93,18)
(37,15)
(17,3)
(98,42)
(16,32)
(96,28)
(28,30)
(54,31)
(10,37)
(25,13)
(45,4)
(17,9)
(39,16)
(79,28)
(22,53)
(8,22)
(78,50)
(57,53)
(41,7)
(5,20)
(81,12)
(25,36)
(52,26)
(42,16)
(37,30)
(40,39)
(75,0)
(22,49)
(80,12)
(61,3)
(9,23)
(3,10)
(37,21)
(1,27)
(96,25)
(28,13)
(76,7)
(42,21)
(50,5)
(84,30)
(92,1)
(74,23)
(55,14)
(39,30)
(76,28)
(70,43)
(91,32)
(59,48)
(16,33)
(0,32)
(29,23)
(88,24)
(77,43)
(82,31)
(40,50)
(40,5)
(31,25)
(29,22)
(35,13)
(23,31)
(15,30)
(40,16)
(73,45)
(54,29)
(28,48)
(79,36)
(38,48)
(83,7)
(75,25)
(65,43)
(95,47)
(76,13)
(46,51)
(67,13)
(94,31)
(22,52)
(17,26)
(99,53)
(98,26)
(58,4)
(86,12)
(13,50)
(4,13)
(18,52)
(48,23)
(79,41)
(43,39)
(77,23)
(63,15)
(26,3)
(65,38)
(0,43)
(75,43)
(74,8)
(0,21)
(49,30)
(52,48)
(6,28)
(34,5)
(37,45)
(32,4)
(90,10)
(58,15)
(71,5)
(27,22)
(52,43)
(47,8)
(3,11)
(96,44)
(91,34)
(72,14)
(51,17)
(27,7)
(57,47)
(39,13)
(83,30)
(18,18)
(63,9)
(59,10)
(63,51)
(31,45)
(5,2)
(28,40)
(17,13)
(40,28)
(89,49)
(83,26)
(20,13)
(72,13)
(65,25)
(59,23)
(14,17)
(84,25)
(65,39)
(0,52)
(15,18)
(35,20)
(70,2)
(17,10)
(82,11)
(73,21)
(83,25)
(47,0)
(88,38)
(2,40)
(69,1)
(28,34)
(33,23)
(47,9)
(64,39)
(41,18)
(37,46)
(49,21)
(14,28)
(98,6)
(1,28)
(74,15)
(51,24)
(21,6)
(30,52)
(25,41)
(8,9)
(19,5)
(64,5)
(2,41)
(89,5)
(49,42)
(37,25)
(23,30)
(53,34)
(92,14)
(96,17)
(54,20)
(46,5)
(0,37)
(93,54)
(41,10)
(72,28)
(41,6)
(95,37)
(7,3)
(94,10)
(71,40)
(61,16)
(97,32)
(27,0)
(83,35)
(40,15)
(36,46)
(4,48)
(2,43)
(41,29)
(93,24)
(73,41)
(15,51)
(44,34)
(42,53)
(33,38)
(15,29)
(88,8)
(69,33)
(68,8)
(77,25)
(4,24)
(70,32)
(2,22)
(66,31)
(44,51)
(66,29)
(14,42)
(20,6)
(59,20)
(3,8)
(9,2)
(43,15)
(61,35)
(40,47)
(16,18)
(26,19)
(5,8)
(6,26)
(71,39)
(24,25)
(23,33)
(13,4)
(32,29)
(63,42)
(11,36)
(23,44)
(59,39)
(2,17)
(81,44)
(7,23)
(95,28)
(68,54)
(3,52)
(64,15)
(59,53)
(1,11)
(89,3)
(87,40)
(33,10)
(54,17)
(1,12)
(8,4)
(1,18)
(65,44)
(40,40)
(26,39)
(96,52)
(24,13)
(75,28)
(13,52)
(79,5)
(42,31)
(96,14)
(56,33)
(32,18)
(99,15)
(22,48)
(73,51)
(96,2)
(65,5)
(9,9)
(87,4)
(44,10)
(66,50)
(68,25)
(59,33)
(88,3)
(61,15)
(16,35)
(50,15)
(19,22)
(99,42)
(66,39)
(25,24)
(79,35)
(7,1)
(88,14)
(60,6)
(95,45)
(46,10)
(16,47)
(53,28)
(82,30)
(91,11)
(25,6)
(16,2)
(5,54)
(89,43)
(65,34)
(31,50)
(53,27)
(62,15)
(34,11)
(25,23)
(55,16)
(22,20)
(48,25)
(47,42)
(83,4)
(0,24)
(71,32)
(62,24)
(25,37)
(44,25)
(43,49)
(27,38)
(28,5)
(94,40)
(84,9)
(96,48)
(55,5)
(1,16)
(50,26)
(39,36)
(3,40)
(71,7)
(10,25)
(57,36)
(53,38)
(82,41)
(14,40)
(55,30)
(96,4)
(59,6)
(27,15)
(33,41)
(57,38)
(83,41)
(72,54)
(61,24)
(74,42)
(76,44)
(75,11)
(60,27)
(37,43)
(50,42)
(24,11)
(28,35)
(37,18)
(37,48)
(88,26)
(87,7)
(3,22)
(2,54)
(36,42)
(24,53)
(0,26)
(7,43)
(11,4)
(94,44)
(89,18)
(44,11)
(57,19)
(62,21)
(50,39)
(77,15)
(44,39)
(50,18)
(63,16)
(64,26)
(26,14)
(8,14)
(95,36)
(53,48)
(27,45)
(57,23)
(42,5)
(40,13)
(62,29)
(77,51)
(55,31)
(33,42)
(18,6)
(61,30)
(98,19)
(24,0)
(8,0)
(20,42)
(95,40)
(0,10)
(3,0)
(54,5)
(12,6)
(24,14)
(42,29)
(46,34)
(47,25)
(78,15)
(78,45)
(34,6)
(21,2)
(46,53)
(83,19)
(39,14)
(85,45)
(58,52)
(77,4)
(9,33)
(13,12)
(41,8)
(92,29)
(95,4)
(98,12)
(82,51)
(85,16)
(82,44)
(93,26)
(19,54)
(53,25)
(14,1)
(63,3)
(3,19)
(74,11)
(61,17)
(90,12)
(61,51)
(38,2)
(15,32)
(18,19)
(75,6)
(73,44)
(20,1)
(98,2)
(55,35)
(50,31)
(62,1)
(31,42)
(83,37)
(9,21)
(79,39)
(2,6)
(34,4)
(44,15)
(6,11)
(13,2)
(53,14)
(31,41)
(99,30)
(92,30)
(10,30)
(55,32)
(80,53)
(87,2)
(86,24)
(54,15)
(41,35)
(6,6)
(57,49)
(97,6)
(97,18)
(61,23)
(51,7)
(74,5)
(41,46)
(46,36)
(20,43)
(75,45)
(84,8)
(24,45)
(15,1)
(10,28)
(22,33)
(18,0)
(48,42)
(76,25)
(56,13)
(64,41)
(41,17)
(25,26)
(4,30)
(56,39)
(71,10)
(47,11)
(91,8)
(14,22)
(3,36)
(49,52)
(58,45)
(76,12)
(99,1)
(36,44)
(58,33)
(54,28)
(78,49)
(38,21)
(72,20)
(28,24)
(91,50)
(90,35)
(21,28)
(12,52)
(57,21)
(25,19)
(7,15)
(5,25)
(52,42)
(19,51)
(74,29)
(52,29)
(49,28)
(63,19)
(45,0)
(7,37)
(39,25)
(70,28)
(59,54)
(46,50)
(31,16)
(38,17)
(89,14)
(18,30)
(32,7)
(66,12)
(22,16)
(13,22)
(30,24)
(34,15)
(77,37)
(2,14)
(81,7)
(88,20)
(50,7)
(95,54)
(34,41)
(14,34)
(49,29)
(78,37)
(83,52)
(28,18)
(32,34)
(56,32)
(40,36)
(21,23)
(15,12)
(49,22)
(53,31)
(1,2)
(60,10)
(64,7)
(79,24)
(92,28)
(30,33)
(32,26)
(90,29)
(60,7)
(17,21)
(89,12)
(78,34)
(54,54)
(93,4)
(66,24)
(98,3)
(2,8)
(29,24)
(42,10)
(93,49)
(77,29)
(59,52)
(26,9)
(24,35)
(21,51)
(29,31)
(8,17)
(85,17)
(13,32)
(65,48)
(93,53)
(60,12)
(22,43)
(41,34)
(51,31)
(15,17)
(25,32)
(49,26)
(14,46)
(54,8)
(4,28)
(66,49)
(65,30)
(44,23)
(79,1)
(6,18)
(45,7)
(9,13)
(35,17)
(75,1)
(55,54)
(22,3)
(15,54)
(71,16)
(39,44)
(83,11)
(68,23)
(34,40)
(1,26)
(4,35)
(22,38)
(89,45)
(94,53)
(94,41)
(1,52)
(69,24)
(73,9)
(93,23)
(0,23)
(53,42)
(21,30)
(6,14)
(16,9)
(98,24)
(64,31)
(77,32)
(2,12)
(6,12)
(69,3)
(37,24)
(65,37)
(44,33)
(95,48)
(94,27)
(64,51)
(27,51)
(62,9)
(63,39)
(43,6)
(13,11)
(46,29)
(28,16)
(59,21)
(95,3)
(25,5)
(38,9)
(39,52)
(62,53)
(59,34)
(20,50)
(19,28)
(17,46)
(64,44)
(19,34)
(25,15)
(72,11)
(19,38)
(16,53)
(61,39)
(87,18)
(81,40)
(93,13)
(48,26)
(92,5)
(19,48)
(24,54)
(51,9)
(33,28)
(94,35)
(1,51)
(59,38)
(23,3)
(93,19)
(64,49)
(27,16)
(69,13)
(51,6)
(90,16)
(70,16)
(35,21)
(62,13)
(12,39)
(41,1)
(55,17)
(78,3)
(32,3)
(1,8)
(46,7)
(6,35)
(34,19)
(30,22)
(20,30)
(9,31)
(43,12)
(63,27)
(51,36)
(5,44)
(64,43)
(15,48)
(15,20)
(85,52)
(98,37)
(29,53)
(37,7)
(83,13)
(15,23)
(18,31)
(30,50)
(20,27)
(3,13)
(25,4)
(6,4)
(79,6)
(6,9)
(20,10)
(12,51)
(24,50)
(16,21)
(61,47)
(37,27)
(38,16)
(86,37)
(45,10)
(65,3)
(5,24)
(4,18)
(4,50)
(13,49)
(34,35)
(66,48)
(65,9)
(28,1)
(80,8)
(72,15)
(80,26)
(77,46)
(39,0)
(20,41)
(3,39)
(68,48)
(54,51)
(18,21)
(20,31)
(5,1)
(42,34)
(10,34)
(56,1)
(63,18)
(84,48)
(93,31)
(25,21)
(43,18)
(67,39)
(77,2)
(72,33)
(74,45)
(12,26)
(77,49)
(46,21)
(26,38)
(65,11)
(3,54)
(46,41)
(53,23)
(66,14)
(96,1)
(73,26)
(17,36)
(11,52)
(73,53)
(65,47)
(47,23)
(47,32)
(98,16)
(94,22)
(36,24)
(89,24)
(68,46)
(7,31)
(16,7)
(57,12)
(7,39)
(49,33)
(65,52)
(44,30)
(63,17)
(42,54)
(10,24)
(40,10)
(67,31)
(25,52)
(43,45)
(97,7)
(35,11)
(5,52)
(25,48)
(40,22)
(5,43)
(88,43)
(68,26)
(83,31)
(74,40)
(89,42)
(8,5)
(39,51)
(37,39)
(85,53)
(11,30)
(25,30)
(31,27)
(82,16)
(79,20)
(20,22)
(95,52)
(31,32)
(97,9)
(88,13)
(83,5)
(37,16)
(49,18)
(25,27)
(74,47)
(4,54)
(43,4)
(70,38)
(96,40)
(52,44)
(57,52)
(57,51)
(64,16)
(39,6)
(30,0)
(4,21)
(67,32)
(69,28)
(7,50)
(83,53)
(97,14)
(67,9)
(84,22)
(21,3)
(60,51)
(68,11)
(71,15)
(13,31)
(55,15)
(7,47)
(91,33)
(44,5)
(17,52)
(1,53)
(60,46)
(1,0)
(63,5)
(87,42)
(81,19)
(72,32)
(47,45)
(64,40)
(41,45)
(98,29)
(78,9)
(91,42)
(89,6)
(52,14)
(48,38)
(8,25)
(5,13)
(84,13)
(70,53)
(8,29)
(9,22)
(92,48)
(19,21)
(8,40)
(87,5)
(44,44)
(87,1)
(32,35)
(75,54)
(6,25)
(21,12)
(13,23)
(19,2)
(83,47)
(37,17)
(41,53)
(94,16)
(20,18)
(84,34)
(54,2)
(95,21)
(77,41)
(78,14)
(55,3)
(11,41)
(55,47)
(62,6)
(87,9)
(19,42)
(61,0)
(71,9)
(13,25)
(78,36)
(71,34)
(2,24)
(12,47)
(96,45)
(45,9)
(13,47)
(33,21)
(14,15)
(81,16)
(35,29)
(32,48)
(27,18)
(56,27)
(59,0)
(39,23)
(58,3)
(15,34)
(10,8)
(89,35)
(26,46)
(3,26)
(19,26)
(39,15)
(18,5)
(42,14)
(91,31)
(8,1)
(27,5)
(11,46)
(32,43)
(41,26)
(64,27)
(48,6)
(77,26)
(16,30)
(7,30)
(86,18)
(86,23)
(28,21)
(73,48)
(23,43)
(93,17)
(98,21)
(29,42)
(0,27)
(8,38)
(23,49)
(64,19)
(86,30)
(9,20)
(4,9)
(22,21)
(62,2)
(75,18)
(50,32)
(57,9)
(27,3)
(56,3)
(34,26)
(27,39)
(89,41)
(1,49)
(39,22)
(10,49)
(89,25)
(46,46)
(27,34)
(53,15)
(59,1)
(9,17)
(0,20)
(50,37)
(83,2)
(20,32)
(68,1)
(64,2)
(23,11)
(37,33)
(49,11)
(42,7)
(42,45)
(33,0)
(16,39)
(7,42)
(44,17)
(10,38)
(83,42)
(34,21)
(39,29)
(73,25)
(31,13)
(37,42)
(93,32)
(43,40)
(88,50)
(3,43)
(28,38)
(2,53)
(74,49)
(51,11)
(19,24)
(11,6)
(23,22)
(74,0)
(14,26)
(29,33)
(23,38)
(60,14)
(97,0)
(63,30)
(87,16)
(56,8)
(89,30)
(58,44)
(32,23)
(93,12)
(74,51)
(34,13)
(52,10)
(95,6)
(81,24)
(96,43)
(52,9)
(8,8)
(34,10)
(83,54)
(31,2)
(23,16)
(78,11)
(35,44)
(18,14)
(6,34)
(5,29)
(7,51)
(41,36)
(60,38)
(34,8)
(48,36)
(5,35)
(62,17)
(53,2)
(25,3)
(70,40)
(54,50)
(11,19)
(84,36)
(87,52)
(94,26)
(96,31)
(35,32)
(66,53)
(20,48)
(78,43)
(36,11)
(16,27)
(29,36)
(89,17)
(33,45)
(77,18)
(4,39)
(33,44)
(45,22)
(12,24)
(59,2)
(61,10)
(6,8)
(41,30)
(96,29)
(61,42)
(48,43)
(2,29)
(95,49)
(18,47)
(78,4)
(42,9)
(98,14)
(16,8)
(33,46)
(71,38)
(17,17)
(12,41)
(72,52)
(81,3)
(2,21)
(29,39)
(17,0)
(11,43)
(29,17)
(28,22)
(49,3)
(79,47)
(49,35)
(10,5)
(40,46)
(41,28)
(46,13)
(3,12)
(92,2)
(9,29)
(39,21)
(99,21)
(92,23)
(78,8)
(95,27)
(43,26)
(92,10)
(83,39)
(11,22)
(62,0)
(39,24)
(46,12)
(37,9)
(62,32)
(79,40)
(95,20)
(33,47)
(52,1)
(31,20)
(1,45)
(45,28)
(39,28)
(20,35)
(13,42)
(18,43)
(66,23)
(7,14)
(26,21)
(26,43)
(38,8)
(83,16)
(41,42)
(36,22)
(10,40)
(62,18)
(3,27)
(24,15)
(11,5)
(26,33)
(2,47)
(57,5)
(56,25)
(48,35)
(55,26)
(93,8)
(15,14)
(37,23)
(31,43)
(13,24)
(70,15)
(97,4)
(83,17)
(65,33)
(8,16)
(63,32)
(18,11)
(24,40)
(67,23)
(34,14)
(36,25)
(51,13)
(4,17)
(25,22)
(50,41)
(36,34)
(78,41)
(37,35)
(90,13)
(92,40)
(45,27)
(62,26)
(93,43)
(64,8)
(31,9)
(35,43)
(39,18)
(13,26)
(14,39)
(53,32)
(68,30)
(92,17)
(25,46)
(46,40)
(20,46)
(93,10)
(68,9)
(66,22)
(25,17)
(27,42)
(59,32)
(58,53)
(48,17)
(60,42)
(53,4)
(15,50)
(5,14)
(28,15)
(24,22)
(93,2)
(35,9)
(78,17)
(45,35)
(40,1)
(15,41)
(84,54)
(70,27)
(41,21)
(37,52)
(1,39)
(45,14)
(45,3)
(31,35)
(20,52)
(39,7)
(57,6)
(96,7)
(48,32)
(72,39)
(27,32)
(10,19)
(27,13)
(49,38)
(89,0)
(75,27)
(55,39)
(73,22)
(85,1)
(18,51)
(14,21)
(19,23)
(94,49)
(13,19)
(19,15)
(72,43)
(69,35)
(36,5)
(79,16)
(48,19)
(32,30)
(64,54)
(4,33)
(26,29)
(81,22)
(58,26)
(54,26)
(94,42)
(95,33)
(31,38)
(6,21)
(70,26)
(78,18)
(38,13)
(55,41)
(46,54)
(67,3)
(16,43)
(91,12)
(92,27)
(55,20)
(14,41)
(95,22)
(63,52)
(44,12)
(14,50)
(53,22)
(33,24)
(55,24)
(95,31)
(9,47)
(0,3)
(52,16)
(93,9)
(44,3)
(39,26)
(48,47)
(4,22)
(82,50)
(27,1)
(29,12)
(33,7)
(71,44)
(91,15)
(46,3)
(46,14)
(63,24)
(4,2)
(54,16)
(83,20)
(29,54)
(80,7)
(32,19)
(93,45)
(55,29)
(72,37)
(92,42)
(15,45)
(54,19)
(69,9)
(11,27)
(51,15)
(56,43)
(94,34)
(12,14)
(44,35)
(99,19)
(17,47)
(60,23)
(23,54)
(25,44)
(87,21)
(58,14)
(95,5)
(33,53)
(31,47)
(47,43)
(30,39)
(28,46)
(53,33)
(1,14)
(32,42)
(64,25)
(79,23)
(86,27)
(85,3)
(86,8)
(19,36)
(0,29)
(61,21)
(68,38)
(4,51)
(97,16)
(69,47)
(3,16)
(47,29)
(10,17)
(66,6)
(66,40)
(75,19)
(14,37)
(45,26)
(12,43)
(61,31)
(3,29)
(14,9)
(50,49)
(52,38)
(6,32)
(46,31)
(42,37)
(2,34)
(89,53)
(10,43)
(81,2)
(54,12)
(78,44)
(36,23)
(27,44)
(49,6)
(75,34)
(23,14)
(41,25)
(28,32)
(89,34)
(97,48)
(8,44)
(33,31)
(99,14)
(13,45)
(38,20)
(69,15)
(59,11)
(61,6)
(58,24)
(53,9)
(67,7)
(64,21)
(91,3)
(65,20)
(22,50)
(41,23)
(90,14)
(28,6)
(8,18)
(92,33)
(75,35)
(33,48)
(2,37)
(53,37)
(77,10)
(67,45)
(74,28)
(94,13)
(28,3)
(55,19)
(27,12)
(33,22)
(12,28)
(11,39)
(53,29)
(95,53)
(44,13)
(29,27)
(84,32)
(26,44)
(23,21)
(54,32)
(2,49)
(48,20)
(50,43)
(82,15)
(25,53)
(36,45)
(20,21)
(38,37)
(47,21)
(24,31)
(99,45)
(9,16)
(66,34)
(19,7)
(90,49)
(99,37)
(8,52)
(72,1)
(47,24)
(46,44)
(85,23)
(70,24)
(94,20)
(79,3)
(34,49)
(64,53)
(65,49)
(32,38)
(78,24)
(96,34)
(68,49)
(56,5)
(64,34)
(63,4)
(58,35)
(13,13)
(58,54)
(93,38)
(56,19)
(5,10)
(29,51)
(4,46)
(94,5)
(97,38)
(88,53)
(31,46)
(43,48)
(24,29)
(64,32)
(50,47)
(27,24)
(45,41)
(92,39)
(74,16)
(28,33)
(22,13)
(56,52)
(28,43)
(4,15)
(93,20)
(86,3)
(38,15)
(23,41)
(89,46)
(39,10)
(70,10)
(61,27)
(20,9)
(69,12)
(42,23)
(53,45)
(52,7)
(77,45)
(54,35)
(75,48)
(65,41)
(88,46)
(46,26)
(16,5)
(23,15)
(75,36)
(66,3)
(20,34)
(8,2)
(92,13)
(24,49)
(55,44)
(72,18)
(56,26)
(72,47)
(57,42)
(54,6)
(85,14)
(1,24)
(81,23)
(13,17)
(24,2)
(68,6)
(87,41)
(66,1)
(44,52)
(35,6)
(8,28)
(94,21)
(92,12)
(47,26)
(45,15)
(72,23)
(87,29)
(6,19)
(28,47)
(28,7)
(83,8)
(39,8)
(52,2)
(13,39)
(66,54)
(6,24)
(24,30)
(82,28)
(4,25)
(84,20)
(70,39)
(19,9)
(46,48)
(95,10)
(25,31)
(51,23)
(84,14)
(14,24)
(8,34)
(30,4)
(67,21)
(19,13)
(71,19)
(93,34)
(46,38)
(33,27)
(32,9)
(0,48)
(69,48)
(47,47)
(10,32)
(1,41)
(15,21)
(12,4)
(7,25)
(39,19)
(15,25)
(20,44)
(20,36)
(27,48)
(52,35)
(62,38)
(31,53)
(12,53)
(19,11)
(32,37)
(71,11)
(63,38)
(94,17)
(7,49)
(87,24)
(53,41)
(90,9)
(88,15)
(7,38)
(57,39)
(61,49)
(81,9)
(36,9)
(96,18)
(90,45)
(23,42)
(58,36)
(67,49)
(48,41)
(43,46)
(52,21)
(2,48)
(61,14)
(53,20)
(30,16)
(97,37)
(51,35)
(23,12)
(67,53)
(71,43)
(7,10)
(90,15)
(99,20)
(36,4)
(43,11)
(36,49)
(57,34)
(90,17)
(11,32)
(97,43)
(35,26)
(81,5)
(69,39)
(5,40)
(1,43)
(37,14)
(73,27)
(1,40)
(72,31)
(48,21)
(54,40)
(67,12)
(19,49)
(54,39)
(51,45)
(96,11)
(51,1)
(87,6)
(2,0)
(74,6)
(13,34)
(49,48)
(84,42)
(98,53)
(89,38)
(93,14)
(75,10)
(70,6)
(4,36)
(79,21)
(4,42)
(44,19)
(23,13)
(6,43)
(13,43)
(19,14)
(72,35)
(24,48)
(91,23)
(85,24)
(55,22)
(66,30)
(61,33)
(85,13)
(31,17)
(62,45)
(39,45)
(93,29)
(10,10)
(92,19)
(7,11)
(6,40)
(18,27)
(99,35)
(14,33)
(7,13)
(7,33)
(74,22)
(34,36)
(57,35)
(11,37)
(40,9)
(86,20)
(18,36)
(66,52)
(57,4)
(42,19)
(37,50)
(38,5)
(68,22)
(90,25)
(68,16)
(76,3)
(98,28)
(88,27)
(14,25)
(39,11)
(4,23)
(40,53)
(75,26)
(81,8)
(63,23)
(6,1)
(0,8)
(83,15)
(22,41)
(22,4)
(80,18)
(72,34)
(33,12)
(48,27)
(29,40)
(64,30)
(34,12)
(14,19)
(98,22)
(50,21)
(16,11)
(38,54)
(84,31)
(44,7)
(77,14)
(78,21)
(93,5)
(92,43)
(41,20)
(17,42)
(78,47)
(25,35)
(40,45)
(8,47)
(86,47)
(33,9)
(1,36)
(28,31)
(67,44)
(13,30)
(55,52)
(53,18)
(32,10)
(19,45)
(88,36)
(77,47)
(26,54)
(97,26)
(30,34)
(27,31)
(55,43)
(33,18)
(85,31)
(84,45)
(35,24)
(63,12)
(46,17)
(52,34)
(14,53)
(85,43)
(36,32)
(90,32)
(62,34)
(59,27)
(42,4)
(60,34)
(0,31)
(98,36)
(89,21)
(80,4)
(62,42)
(85,27)
(51,52)
(12,2)
(60,41)
(56,9)
(36,38)
(86,35)
(21,25)
(85,47)
(54,22)
(34,27)
(91,16)
(72,49)
(52,22)
(84,15)
(15,5)
(86,14)
(49,12)
(96,36)
(35,31)
(0,15)
(44,18)
(68,28)
(38,31)
(66,33)
(19,16)
(35,34)
(65,54)
(53,54)
(91,20)
(97,54)
(11,51)
(12,46)
(1,25)
(57,54)
(36,17)
(29,47)
(90,40)
(39,12)
(94,30)
(55,21)
(34,54)
(10,46)
(59,15)
(85,37)
(89,27)
(99,26)
(71,14)
(64,17)
(6,31)
(71,20)
(34,28)
(97,25)
(15,53)
(64,3)
(70,22)
(80,13)
(35,47)
(84,47)
(46,39)
(88,18)
(82,17)
(80,42)
(70,3)
(61,19)
(43,47)
(7,4)
(86,9)
(49,47)
(43,23)
(50,20)
(79,46)
(23,8)
(85,29)
(77,34)
(40,42)
(48,34)
(64,37)
(43,7)
(97,3)
(69,21)
(57,26)
(8,45)
(17,37)
(60,2)
(48,22)
(14,7)
(1,47)
(83,29)
(96,47)
(80,32)
(39,42)
(14,47)
(53,36)
(84,5)
(81,0)
(25,50)
(5,34)
(68,52)
(32,8)
(52,39)
(79,8)
(61,13)
(34,0)
(63,8)
(0,40)
(74,41)
(35,46)
(99,44)
(30,10)
(0,22)
(18,39)
(54,27)
(55,8)
(8,51)
(7,36)
(25,42)
(76,2)
(24,26)
(17,40)
(89,40)
(4,37)
(88,4)
(30,35)
(69,42)
(70,4)
(80,39)
(48,7)
(54,47)
(69,49)
(23,18)
(94,37)
(29,14)
(9,10)
(77,28)
(85,51)
(87,22)
(33,13)
(22,44)
(43,19)
(90,31)
(74,10)
(47,50)
(96,38)
(63,14)
(18,41)
(54,48)
(48,51)
(26,5)
(11,2)
(59,35)
(78,52)
(22,26)
(72,36)
(62,47)
(43,32)
(63,2)
(15,39)
(89,26)
(21,14)
(92,3)
(13,51)
(0,2)
(33,26)
(86,54)
(81,37)
(9,52)
(97,40)
(90,44)
(47,44)
(79,48)
(29,49)
(16,1)
(16,29)
(46,47)
(16,16)
(50,54)
(5,49)
(39,49)
(38,26)
(47,4)
(2,39)
(36,48)
(32,20)
(55,13)
(18,20)
(65,6)
(88,22)
(7,32)
(23,37)
(58,49)
(44,8)
(60,3)
(76,16)
(2,42)
(85,46)
(81,38)
(12,36)
(49,25)
(93,11)
(17,8)
(76,54)
(12,49)
(63,21)
(62,25)
(57,46)
(84,19)
(53,40)
(40,26)
(17,48)
(32,53)
(24,38)
(21,38)
(29,28)
(22,24)
(36,12)
(0,34)
(99,43)
(27,14)
(1,35)
(92,36)
(41,16)
(76,47)
(92,9)
(84,10)
(50,46)
(9,11)
(82,13)
(22,51)
(14,6)
(64,38)
(55,46)
(98,52)
(96,32)
(53,6)
(83,43)
(83,27)
(50,10)
(16,46)
(71,51)
(64,9)
(28,10)
(30,32)
(3,23)
(69,16)
(89,20)
(98,20)
(5,30)
(72,3)
(62,8)
(17,35)
(15,49)
(2,13)
(86,15)
(71,45)
(7,48)
(42,22)
(25,47)
(20,26)
(15,3)
(6,41)
(59,41)
(32,16)
(96,30)
(58,48)
(19,17)
(12,18)
(77,54)
(59,37)
(55,36)
(63,44)
(76,10)
(13,29)
(70,52)
(79,27)
(2,50)
(68,37)
(95,46)
(40,4)
(38,36)
(69,45)
(94,6)
(2,36)
(51,26)
(31,37)
(45,51)
(63,31)
(51,48)
(74,35)
(9,35)
(66,35)
(77,31)
(36,41)
(0,38)
(86,29)
(45,44)
(6,36)
(67,17)
(82,27)
(16,14)
(38,44)
(68,39)
(53,49)
(64,29)
(21,16)
(19,12)
(45,52)
(12,8)
(78,35)
(66,38)
(87,34)
(27,19)
(58,29)
(16,49)
(52,50)
(8,53)
(2,38)
(33,3)
(88,32)
(93,44)
(47,33)
(21,18)
(20,45)
(77,22)
(13,10)
(3,46)
(45,5)
(41,13)
(94,24)
(84,40)
(85,44)
(27,49)
(63,35)
(84,23)
(33,6)
(40,8)
(65,22)
(9,41)
(33,14)
(60,29)
(50,38)
(26,6)
(39,50)
(86,44)
(35,45)
(32,2)
(5,15)
(86,38)
(80,15)
(62,4)
(6,23)
(17,4)
(64,52)
(34,42)
(67,28)
(92,51)
(49,8)
(52,30)
(39,40)
(53,24)
(30,12)
(3,15)
(45,6)
(72,51)
(92,24)
(80,14)
(33,36)
(58,41)
(99,8)
(26,37)
(68,51)
(48,10)
(24,12)
(19,4)
(44,4)
(17,50)
(91,13)
(88,51)
(1,22)
(81,17)
(7,46)
(82,45)
(68,7)
(73,16)
(10,27)
(9,18)
(75,30)
(87,45)
(15,28)
(61,22)
(28,27)
(26,23)
(88,17)
(23,27)
(52,46)
(93,28)
(74,46)
(95,8)
(91,25)
(4,44)
(52,13)
(41,22)
(81,52)
(70,50)
(92,41)
(40,31)
(42,48)
(36,36)
(88,19)
(22,40)
(82,35)
(80,19)
(74,12)
(0,46)
(52,4)
(69,36)
(78,30)
(50,19)
(51,38)
(3,44)
(89,7)
(72,26)
(76,18)
(88,10)
(97,49)
(94,3)
(5,31)
(16,15)
(75,42)
(36,53)
(26,10)
(15,40)
(51,22)
(46,33)
(98,48)
(4,53)
(37,44)
(10,31)
(63,43)
(41,3)
(37,13)
(26,40)
(51,42)
(74,52)
(92,25)
(2,15)
(14,43)
(66,9)
(70,36)
(87,8)
(71,3)
(46,28)
(79,42)
(25,28)
(49,53)
(83,38)
(84,4)
(50,28)
(34,22)
(73,23)
(98,0)
(59,44)
(88,6)
(55,49)
(60,37)
(18,38)
(57,14)
(54,44)
(69,50)
(59,9)
(33,20)
(90,19)
(91,21)
(50,36)
(27,26)
(28,41)
(39,37)
(53,43)
(99,33)
(56,37)
(62,51)
(74,54)
(3,28)
(22,10)
(45,33)
(92,15)
(84,37)
(51,53)
(2,51)
(81,48)
(92,49)
(42,25)
(79,4)
(34,20)
(90,20)
(93,52)
(88,33)
(26,7)
(33,19)
(70,5)
(79,37)
(33,43)
(24,27)
(15,35)
(15,27)
(63,28)
(88,42)
(71,25)
(30,9)
(95,34)
(35,41)
(47,52)
(25,8)
(2,31)
(17,33)
(10,29)
(9,45)
(60,40)
(77,27)
(15,16)
(42,40)
(46,37)
(33,17)
(16,13)
(21,8)
(95,42)
(10,45)
(59,47)
(24,34)
(47,22)
(25,38)
(8,31)
(1,37)
(15,4)
(71,29)
(8,42)
(96,50)
(27,6)
(13,53)
(70,21)
(12,25)
(58,16)
(46,52)
(41,41)
(67,8)
(92,35)
(11,42)
(29,32)
(60,48)
(62,23)
(60,8)
(49,39)
(33,51)
(28,23)
(32,45)
(17,34)
(32,49)
(94,45)
(24,24)
(12,27)
(99,6)
(85,11)
(50,44)
(24,19)
(70,41)
(56,4)
(9,3)
(46,45)
(18,49)
(45,43)
(61,40)
(75,9)
(10,39)
(53,26)
(90,41)
(22,46)
(17,15)
(5,16)
(13,21)
(17,5)
(72,19)
(49,41)
(30,18)
(89,39)
(75,49)
(3,20)
(40,11)
(99,46)
(52,6)
(6,51)
(69,20)
(44,47)
(93,48)
(57,18)
(91,49)
(61,34)
(93,33)
(74,2)
(90,26)
(10,36)
(91,51)
(46,27)
(64,45)
(24,21)
(73,11)
(51,40)
(52,23)
(92,21)
(55,45)
(93,30)
(84,21)
(29,15)
(5,36)
(32,51)
(74,38)
(22,39)
(78,39)
(18,25)
(88,49)
(55,40)
(37,22)
(17,38)
(39,4)
(33,50)
(46,18)
(40,19)
(88,31)
(23,36)
(80,46)
(39,41)
(37,38)
(44,49)
(53,46)
(2,52)
(72,48)
(90,48)
(98,41)
(97,33)
(83,40)
(73,28)
(56,50)
(85,48)
(75,17)
(38,0)
(88,39)
(95,11)
(83,50)
(35,40)
(17,51)
(3,17)
(65,8)
(56,38)
(63,26)
(87,14)
(81,32)
(46,20)
(14,12)
(15,44)
(40,30)
(48,30)
(77,38)
(43,22)
(55,12)
(43,13)
(12,11)
(22,54)
(7,45)
(5,21)
(31,7)
(1,31)
(14,13)
(54,13)
(42,13)
(46,49)
(23,46)
(99,4)
(27,43)
(58,31)
(77,24)
(41,27)
(45,16)
(0,51)
(74,44)
(35,52)
(65,51)
(49,23)
(70,51)
(86,17)
(53,53)
(77,36)
(78,53)
(95,39)
(29,20)
(71,54)
(94,9)
(45,24)
(14,36)
(91,5)
(59,46)
(45,34)
(79,13)
(95,35)
(40,32)
(30,37)
(9,38)
(48,49)
(30,29)
(95,13)
(1,15)
(78,40)
(43,42)
(20,23)
(79,26)
(24,17)
(44,16)
(20,51)
(78,46)
(46,11)
(36,37)
(13,38)
(47,18)
(85,26)
(79,32)
(59,29)
(93,21)
(92,22)
(10,41)
(37,12)
(18,53)
(68,41)
(5,7)
(6,17)
(23,26)
(21,33)
(75,53)
(9,32)
(66,32)
(14,27)
(15,9)
(39,47)
(64,11)
(25,10)
(18,33)
(6,52)
(70,44)
(55,42)
(81,25)
(20,28)
(9,37)
(64,48)
(98,43)
(91,2)
(93,37)
(92,53)
(41,51)
(81,11)
(52,37)
(29,9)
(2,28)
(48,39)
(14,10)
(75,37)
(58,50)
(84,3)
(35,19)
(16,45)
(20,53)
(49,2)
(26,20)
(78,32)
(51,44)
(87,19)
(97,44)
(69,44)
(38,22)
(62,20)
(96,42)
(46,35)
(55,23)
(68,35)
(21,19)
(96,39)
(98,45)
(89,52)
(25,11)
(27,8)
(97,8)
(54,49)
(16,38)
(34,17)
(62,3)
(78,38)
(60,20)
(5,33)
(2,18)
(70,34)
(85,0)
(49,40)
(17,16)
(59,42)
(56,51)
(42,17)
(32,15)
(47,10)
(21,24)
(50,51)
(4,52)
(81,46)
(98,30)
(4,40)
(80,27)
(2,45)
(31,19)
(91,7)
(78,42)
(75,44)
(35,53)
(8,36)
(12,9)
(97,24)
(69,25)
(47,20)
(33,54)
(9,26)
(0,28)
(44,22)
(22,17)
(26,28)
(51,34)
(36,21)
(88,21)
(97,17)
(37,51)
(57,15)
(81,20)
(82,34)
(15,8)
(91,28)
(88,41)
(93,51)
(97,41)
(57,16)
(78,26)
(67,20)
(58,39)
(21,48)
(20,38)
(10,26)
(54,33)
(79,14)
(99,32)
(0,53)
(10,15)
(52,52)
(64,36)
(14,32)
(71,21)
(97,42)
(46,43)
(73,20)
(79,54)
(71,33)
(54,9)
(79,38)
(32,24)
(39,27)
(29,7)
(32,54)
(6,37)
(42,15)
(64,24)
(48,54)
(88,40)
(42,3)
(18,29)
(10,18)
(2,11)
(74,14)
(59,43)
(80,16)
(7,35)
(41,24)
(41,32)
(23,10)
(67,4)
(10,35)
(12,30)
(56,46)
(27,28)
(40,48)
(45,11)
(71,53)
(79,12)
(98,8)
(82,5)
(69,23)
(91,54)
(82,8)
(9,51)
(57,37)
(9,7)
(73,46)
(0,42)
(75,50)
(49,37)
(33,15)
(94,23)
(40,33)
(50,17)
(41,33)
(52,20)
(91,44)
(27,41)
(6,53)
(80,17)
(12,21)
(13,36)
(44,26)
(2,44)
(1,13)
(31,6)
(98,38)
(96,9)
(17,27)
(76,41)
(82,21)
(33,37)
(34,18)
(23,40)
(75,20)
(69,19)
(44,29)
(10,47)
(5,41)
(3,42)
(35,22)
(40,49)
(22,19)
(86,46)
(74,21)
(15,24)
(55,48)
(75,24)
(94,14)
(70,47)
(42,46)
(70,37)
(18,48)
(14,54)
(70,13)
(59,30)
(37,40)
(99,5)
(79,49)
(33,40)
(32,27)
(56,10)
(20,25)
(46,42)
(43,31)
(82,53)
(1,50)
(63,41)
(49,50)
(87,35)
(90,4)
(42,44)
(20,37)
(12,50)
(27,35)
(22,37)
(4,26)
(30,43)
(4,10)
(61,32)
(63,33)
(23,20)
(82,36)
(6,49)
(12,16)
(63,22)
(73,42)
(35,33)
(7,40)
(60,11)
(77,16)
(76,34)
(47,31)
(65,17)
(34,53)
(99,23)
(56,54)
(26,30)
(24,18)
(89,8)
(44,24)
(79,19)
(61,44)
(1,21)
(62,7)
(94,43)
(61,50)
(34,38)
(83,48)
(43,28)
(87,20)
(4,41)
(89,51)
(7,8)
(56,6)
(1,38)
(37,49)
(49,34)
(50,29)
(17,12)
(29,26)
(17,30)
(26,18)
(62,31)
(30,28)
(89,32)
(65,29)
(71,42)
(84,52)
(61,28)
(95,23)
(35,30)
(22,31)
(2,25)
(13,33)
(27,46)
(43,8)
(4,43)
(17,19)
(16,19)
(37,37)
(79,31)
(11,11)
(38,12)
(26,25)
(42,12)
(9,49)
(99,22)
(81,42)
(0,14)
(18,34)
(69,4)
(50,14)
(59,31)
(9,19)
(14,44)
(97,35)
(43,36)
(57,44)
(76,43)
(74,48)
(88,37)
(48,9)
(86,40)
(17,53)
(71,28)
(37,34)
(18,8)
(27,52)
(19,53)
(54,36)
(29,44)
(67,35)
(89,29)
(44,14)
(48,40)
(65,23)
(35,12)
(34,29)
(18,35)
(81,33)
(40,38)
(68,31)
(99,54)
(11,48)
(66,45)
(2,32)
(19,29)
(78,31)
(73,50)
(42,43)
(67,33)
(38,53)
(99,48)
(70,35)
(78,54)
(50,45)
(7,44)
(67,40)
(69,40)
(86,16)
(75,4)
(7,54)
(35,50)
(54,46)
(82,9)
(70,54)
(21,4)
(27,17)
(77,48)
(73,35)
(40,37)
(63,45)
(84,33)
(65,14)
(0,12)
(31,31)
(55,53)
(51,19)
(4,49)
(48,46)
(65,12)
(73,37)
(63,46)
(12,17)
(29,48)
(68,10)
(57,50)
(11,53)
(59,22)
(63,34)
(83,44)
(77,3)
(42,39)
(7,6)
(30,46)
(52,32)
(75,16)
(44,6)
(73,54)
(74,19)
(86,10)
(9,44)
(34,7)
(43,50)
(63,25)
(4,8)
(90,34)
(43,38)
(77,6)
(71,13)
(0,25)
(84,49)
(14,52)
(18,45)
(48,4)
(80,52)
(61,2)
(37,19)
(96,26)
(76,8)
(18,15)
(13,48)
(35,39)
(62,22)
(35,15)
(40,21)
(60,28)
(12,29)
(87,32)
(74,39)
(58,27)
(40,44)
(18,50)
(13,46)
(27,4)
(61,8)
(12,42)
(10,52)
(41,5)
(89,23)
(51,49)
(76,23)
(8,23)
(5,5)
(40,52)
(93,40)
(21,52)
(56,41)
(9,40)
(76,39)
(47,13)
(55,27)
(47,51)
(84,38)
(71,23)
(70,33)
(90,37)
(95,29)
(8,10)
(51,39)
(21,26)
(26,26)
(51,51)
(44,43)
(9,42)
(29,34)
(42,42)
(10,53)
(27,40)
(11,10)
(93,50)
(51,54)
(57,40)
(11,18)
(7,29)
(57,29)
(73,40)
(62,27)
(51,29)
(26,13)
(5,22)
(94,33)
(63,50)
(21,34)
(84,41)
(33,29)
(31,48)
(91,39)
(24,7)
(66,19)
(87,11)
(23,48)
(94,47)
(47,48)
(16,4)
(51,41)
(22,42)
(59,28)
(88,47)
(84,11)
(88,29)
(27,11)
(5,18)
(66,42)
(23,24)
(52,17)
(20,16)
(86,43)
(0,47)
(66,25)
(42,30)
(67,22)
(15,33)
(82,20)
(30,36)
(22,23)
(27,54)
(76,29)
(18,46)
(57,33)
(50,50)
(14,45)
(48,29)
(85,42)
(66,16)
(31,11)
(65,19)
(36,54)
(66,8)
(17,23)
(93,42)
(9,54)
(34,52)
(19,6)
(44,46)
(45,13)
(44,38)
(57,8)
(61,4)
(36,35)
(18,22)
(82,43)
(49,46)
(23,51)
(59,45)
(86,50)
(12,48)
(50,40)
(80,45)
(60,30)
(3,38)
(11,13)
(54,25)
(95,7)
(56,11)
(57,22)
(83,51)
(62,19)
(84,29)
(97,19)
(62,39)
(3,5)
(49,15)
(31,33)
(18,23)
(35,54)
(77,39)
(60,43)
(44,53)
(82,37)
(30,11)
(28,28)
(26,48)
(9,46)
(3,33)
(9,53)
(49,44)
(40,51)
(76,49)
(50,35)
(82,38)
(67,42)
(16,26)
(41,44)
(44,27)
(83,18)
(24,36)
(27,21)
(18,42)
(52,19)
(26,27)
(17,49)
(41,52)
(11,20)
(35,18)
(52,45)
(68,40)
(98,54)
(28,26)
(18,37)
(12,54)
(69,5)
(96,12)
(8,37)
(81,29)
(62,46)
(73,43)
(73,32)
(81,30)
(24,52)
(51,43)
(96,8)
(52,24)
(33,35)
(18,24)
(87,27)
(38,38)
(86,33)
(29,18)
(0,35)
(47,40)
(91,48)
(19,30)
(43,10)
(18,28)
(66,36)
(86,48)
(89,36)
(0,50)
(5,23)
(98,33)
(17,54)
(16,48)
(49,31)
(83,45)
(58,22)
(10,50)
(70,25)
(54,43)
(70,48)
(8,27)
(26,34)
(99,51)
(60,9)
(6,46)
(57,2)
(16,22)
(61,41)
(85,15)
(96,37)
(51,27)
(30,25)
(88,45)
(68,24)
(68,32)
(23,32)
(7,53)
(68,43)
(11,38)
(12,15)
(10,33)
(12,44)
(6,44)
(89,37)
(9,25)
(3,48)
(26,41)
(77,42)
(87,10)
(66,51)
(70,46)
(75,22)
(36,30)
(86,51)
(22,36)
(67,26)
(98,11)
(15,26)
(76,50)
(9,39)
(77,44)
(97,27)
(16,44)
(22,30)
(81,36)
(58,47)
(31,44)
(3,50)
(21,32)
(90,50)
(18,16)
(76,33)
(45,29)
(5,48)
(19,18)
(68,20)
(87,51)
(61,54)
(0,19)
(66,41)
(23,47)
(73,24)
(24,39)
(73,8)
(82,54)
(82,19)
(58,28)
(68,50)
(31,18)
(83,33)
(4,14)
(62,11)
(11,45)
(8,46)
(5,45)
(38,25)
(47,34)
(31,24)
(15,46)
(45,39)
(24,41)
(59,50)
(94,28)
(34,31)
(36,52)
(12,35)
(65,24)
(0,33)
(38,43)
(98,49)
(52,40)
(90,38)
(27,33)
(77,20)
(16,24)
(28,49)
(65,42)
(11,33)
(10,21)
(28,53)
(82,48)
(68,42)
(56,45)
(45,40)
(34,50)
(43,51)
(0,17)
(49,27)
(19,33)
(29,50)
(4,31)
(97,10)
(10,42)
(75,52)
(19,25)
(9,27)
(28,25)
(62,14)
(85,40)
(24,51)
(59,49)
(15,37)
(52,41)
(94,36)
(81,51)
(97,39)
(31,22)
(76,45)
(98,44)
(43,27)
(4,19)
(29,52)
(43,34)
(27,30)
(27,47)
(70,45)
(6,30)
(3,32)
(30,23)
(83,28)
(45,21)
(98,15)
(58,46)
(76,19)
(90,8)
(69,41)
(79,52)
(89,50)
(60,44)
(9,36)
(96,51)
(47,14)
(58,42)
(48,14)
(6,45)
(11,21)
(94,46)
(62,41)
(79,45)
(90,39)
(29,38)
(11,54)
(60,22)
(71,52)
(82,49)
(62,35)
(22,15)
(87,26)
(79,34)
(5,47)
(94,50)
(96,21)
(6,48)
(5,39)
(76,48)
(22,29)
(31,28)
(22,34)
(7,19)
(75,51)
(31,8)
(38,39)
(96,23)
(18,44)
(8,7)
(79,53)
(96,54)
(68,45)
(31,40)
(47,30)
(62,48)
(30,27)
(67,5)
(6,38)
(85,38)
(10,48)
(56,16)
(33,39)
(54,38)
(8,43)
(3,45)
(12,45)
(97,15)
(69,27)
(96,20)
(75,46)
(94,29)
(69,32)
(56,23)
(69,22)
(9,30)
(30,40)
(62,36)
(81,53)
(94,48)
(62,52)
(35,8)
(52,28)
(97,22)
(11,17)
(67,27)
(30,42)
(71,41)
(8,30)
(68,44)
(57,45)
(50,22)
(94,54)
(8,50)
(54,42)
(70,18)
(74,33)
(86,45)
(9,50)
(85,2)
(54,34)
(12,19)
(35,14)
(49,7)
(82,46)
(5,50)
(91,40)
(48,24)
(71,37)
(99,24)
(68,12)
(70,49)
(10,23)
(73,10)
(90,42)
(98,51)
(29,25)
(66,15)
